C:\ProgramData\Anaconda3\python.exe C:/Users/Lenovo/PycharmProjects/uTracer/example/base_md5.py

 _Z3MD5PKhjPh[MD5(unsigned char const*, unsigned int, unsigned char*)](...) @ 0x21f0
T    21F0  80B5      push   {r7, lr}            ;  [0x0dfffff8] <- 0    [0x0dfffffc] <- 0   sp = 0dfffff8
T    21F2  6F46      mov    r7, sp              ; r7 = 0dfffff8
T    21F4  A0B0      sub    sp, #0x80           ; sp = 0dffff78
T    21F6  1E4B      ldr    r3, [pc, #0x78]     ;      3d74 <- [0x00002270]  r3 = 00003d74
T    21F8  7B44      add    r3, pc              ; r3 = 00005f70
T    21FA  1B68      ldr    r3, [r3]            ;         0 <- [0x00005f70]  r3 = 00000000
T    21FC  1B68      ldr    r3, [r3]            ;  464c457f <- [0x00000000]  r3 = 464c457f
T    21FE  1F93      str    r3, [sp, #0x7c]     ;  [0x0dfffff4] <- 464c457f
T    2200  0690      str    r0, [sp, #0x18]     ;  [0x0dffff90] <- b000100
T    2202  0591      str    r1, [sp, #0x14]     ;  [0x0dffff8c] <- 6
T    2204  0492      str    r2, [sp, #0x10]     ;  [0x0dffff88] <- b000200
T    2206  0498      ldr    r0, [sp, #0x10]     ;   b000200 <- [0x0dffff88]  r0 = 0b000200
T    2208  0028      cmp    r0, #0              ; cpsr = 200001f3
T    220A  04D1      bne    #0x2216             ; pc = 00002216
T    2216  08A8      add    r0, sp, #0x20       ; r0 = 0dffff98
T    2218  FEF748EC  blx    #0xaac              ; lr = 0000221d  pc = 00000aac
A     AAC  00C68FE2  add    ip, pc, #0, #12     ; ip = 00000ab4
A     AB0  05CA8CE2  add    ip, ip, #0x5000     ; ip = 00005ab4
A     AB4  04F5BCE5  ldr    pc, [ip, #0x504]!   ;       bc9 <- [0x00005fb8]
 _Z8MD5_InitP12MD5state_st1[MD5_Init(MD5state_st1*)](...) @ 0xbc8  pc = 00000bc8  ip = 00005fb8
T     BC8  80B5      push   {r7, lr}            ;  [0x0dffff70] <- dfffff8    [0x0dffff74] <- 221d   sp = 0dffff70
T     BCA  6F46      mov    r7, sp              ; r7 = 0dffff70
T     BCC  88B0      sub    sp, #0x20           ; sp = 0dffff50
T     BCE  0190      str    r0, [sp, #4]        ;  [0x0dffff54] <- dffff98
T     BD0  0198      ldr    r0, [sp, #4]        ;   dffff98 <- [0x0dffff54]  r0 = 0dffff98
T     BD2  0690      str    r0, [sp, #0x18]     ;  [0x0dffff68] <- dffff98
T     BD4  4FF0FF30  mov.w  r0, #-1             ; r0 = ffffffff
T     BD8  0590      str    r0, [sp, #0x14]     ;  [0x0dffff64] <- ffffffff
T     BDA  0020      movs   r0, #0              ; r0 = 00000000
T     BDC  0490      str    r0, [sp, #0x10]     ;  [0x0dffff60] <- 0
T     BDE  5C20      movs   r0, #0x5c           ; r0 = 0000005c
T     BE0  0390      str    r0, [sp, #0xc]      ;  [0x0dffff5c] <- 5c
T     BE2  0598      ldr    r0, [sp, #0x14]     ;  ffffffff <- [0x0dffff64]  r0 = ffffffff
T     BE4  0290      str    r0, [sp, #8]        ;  [0x0dffff58] <- ffffffff
T     BE6  0298      ldr    r0, [sp, #8]        ;  ffffffff <- [0x0dffff58]  r0 = ffffffff
T     BE8  0130      adds   r0, #1              ; r0 = 00000000
T     BEA  0028      cmp    r0, #0              ; cpsr = 600001f3
T     BEC  08D0      beq    #0xc00              ; pc = 00000c00
T     C00  0698      ldr    r0, [sp, #0x18]     ;   dffff98 <- [0x0dffff68]  r0 = 0dffff98
T     C02  9DF81020  ldrb.w r2, [sp, #0x10]     ;         0 <- [0x0dffff60]  r2 = 00000000
T     C06  0399      ldr    r1, [sp, #0xc]      ;        5c <- [0x0dffff5c]  r1 = 0000005c
T     C08  0090      str    r0, [sp]            ;  [0x0dffff50] <- dffff98
T     C0A  FFF72CEF  blx    #0xa64              ; lr = 00000c0f  pc = 00000a64
A     A64  00C68FE2  add    ip, pc, #0, #12     ; ip = 00000a6c
A     A68  05CA8CE2  add    ip, ip, #0x5000     ; ip = 00005a6c
A     A6C  34F5BCE5  ldr    pc, [ip, #0x534]!   ;      5fa0 <- [0x00005fa0]
 __aeabi_memset(...) @ 0x5fa0  pc = 00000c0e  ip = 00005fa0
T     C0E  0098      ldr    r0, [sp]            ;   dffff98 <- [0x0dffff50]  r0 = 0dffff98
T     C10  0790      str    r0, [sp, #0x1c]     ;  [0x0dffff6c] <- dffff98
T     C12  FFE7      b      #0xc14              ;
T     C14  0198      ldr    r0, [sp, #4]        ;   dffff98 <- [0x0dffff54]  r0 = 0dffff98
T     C16  42F20131  movw   r1, #0x2301         ; r1 = 00002301
T     C1A  C6F24571  movt   r1, #0x6745         ; r1 = 67452301
T     C1E  0160      str    r1, [r0]            ;  [0x0dffff98] <- 67452301
T     C20  0198      ldr    r0, [sp, #4]        ;   dffff98 <- [0x0dffff54]  r0 = 0dffff98
T     C22  4AF68931  movw   r1, #0xab89         ; r1 = 0000ab89
T     C26  CEF6CD71  movt   r1, #0xefcd         ; r1 = efcdab89
T     C2A  4160      str    r1, [r0, #4]        ;  [0x0dffff9c] <- efcdab89
T     C2C  0198      ldr    r0, [sp, #4]        ;   dffff98 <- [0x0dffff54]  r0 = 0dffff98
T     C2E  4DF6FE41  movw   r1, #0xdcfe         ; r1 = 0000dcfe
T     C32  C9F6BA01  movt   r1, #0x98ba         ; r1 = 98badcfe
T     C36  8160      str    r1, [r0, #8]        ;  [0x0dffffa0] <- 98badcfe
T     C38  0198      ldr    r0, [sp, #4]        ;   dffff98 <- [0x0dffff54]  r0 = 0dffff98
T     C3A  45F27641  movw   r1, #0x5476         ; r1 = 00005476
T     C3E  C1F23201  movt   r1, #0x1032         ; r1 = 10325476
T     C42  C160      str    r1, [r0, #0xc]      ;  [0x0dffffa4] <- 10325476
T     C44  0120      movs   r0, #1              ; r0 = 00000001
T     C46  08B0      add    sp, #0x20           ; sp = 0dffff70
T     C48  80BD      pop    {r7, pc}            ;   dfffff8 <- [0x0dffff70]       221d <- [0x0dffff74]  sp = 0dffff78  r7 = 0dfffff8  pc = 0000221c
T    221C  0028      cmp    r0, #0              ; cpsr = 200001f3
T    221E  03D1      bne    #0x2228             ; pc = 00002228
T    2228  0699      ldr    r1, [sp, #0x18]     ;   b000100 <- [0x0dffff90]  r1 = 0b000100
T    222A  059A      ldr    r2, [sp, #0x14]     ;         6 <- [0x0dffff8c]  r2 = 00000006
T    222C  08A8      add    r0, sp, #0x20       ; r0 = 0dffff98
T    222E  0390      str    r0, [sp, #0xc]      ;  [0x0dffff84] <- dffff98
T    2230  FEF742EC  blx    #0xab8              ; lr = 00002235  pc = 00000ab8
A     AB8  00C68FE2  add    ip, pc, #0, #12     ; ip = 00000ac0
A     ABC  05CA8CE2  add    ip, ip, #0x5000     ; ip = 00005ac0
A     AC0  FCF4BCE5  ldr    pc, [ip, #0x4fc]!   ;      1ca1 <- [0x00005fbc]
 _Z10MD5_UpdateP12MD5state_st1PKvj[MD5_Update(MD5state_st1*, void const*, unsigned int)](...) @ 0x1ca0  pc = 00001ca0  ip = 00005fbc
T    1CA0  80B5      push   {r7, lr}            ;  [0x0dffff70] <- dfffff8    [0x0dffff74] <- 2235   sp = 0dffff70
T    1CA2  6F46      mov    r7, sp              ; r7 = 0dffff70
T    1CA4  A4B0      sub    sp, #0x90           ; sp = 0dfffee0
T    1CA6  0A90      str    r0, [sp, #0x28]     ;  [0x0dffff08] <- dffff98
T    1CA8  0991      str    r1, [sp, #0x24]     ;  [0x0dffff04] <- b000100
T    1CAA  0892      str    r2, [sp, #0x20]     ;  [0x0dffff00] <- 6
T    1CAC  0998      ldr    r0, [sp, #0x24]     ;   b000100 <- [0x0dffff04]  r0 = 0b000100
T    1CAE  0790      str    r0, [sp, #0x1c]     ;  [0x0dfffefc] <- b000100
T    1CB0  0898      ldr    r0, [sp, #0x20]     ;         6 <- [0x0dffff00]  r0 = 00000006
T    1CB2  0028      cmp    r0, #0              ; cpsr = 200001f3
T    1CB4  03D1      bne    #0x1cbe             ; pc = 00001cbe
T    1CBE  0A98      ldr    r0, [sp, #0x28]     ;   dffff98 <- [0x0dffff08]  r0 = 0dffff98
T    1CC0  0069      ldr    r0, [r0, #0x10]     ;         0 <- [0x0dffffa8]  r0 = 00000000
T    1CC2  0899      ldr    r1, [sp, #0x20]     ;         6 <- [0x0dffff00]  r1 = 00000006
T    1CC4  00EBC100  add.w  r0, r0, r1, lsl #3  ; r0 = 00000030
T    1CC8  0590      str    r0, [sp, #0x14]     ;  [0x0dfffef4] <- 30
T    1CCA  0598      ldr    r0, [sp, #0x14]     ;        30 <- [0x0dfffef4]  r0 = 00000030
T    1CCC  0A99      ldr    r1, [sp, #0x28]     ;   dffff98 <- [0x0dffff08]  r1 = 0dffff98
T    1CCE  0969      ldr    r1, [r1, #0x10]     ;         0 <- [0x0dffffa8]  r1 = 00000000
T    1CD0  8842      cmp    r0, r1              ; cpsr = 200001f3
T    1CD2  05D2      bhs    #0x1ce0             ; pc = 00001ce0
T    1CE0  0898      ldr    r0, [sp, #0x20]     ;         6 <- [0x0dffff00]  r0 = 00000006
T    1CE2  0A99      ldr    r1, [sp, #0x28]     ;   dffff98 <- [0x0dffff08]  r1 = 0dffff98
T    1CE4  4A69      ldr    r2, [r1, #0x14]     ;         0 <- [0x0dffffac]  r2 = 00000000
T    1CE6  02EB5070  add.w  r0, r2, r0, lsr #29 ; r0 = 00000000
T    1CEA  4861      str    r0, [r1, #0x14]     ;  [0x0dffffac] <- 0
T    1CEC  0598      ldr    r0, [sp, #0x14]     ;        30 <- [0x0dfffef4]  r0 = 00000030
T    1CEE  0A99      ldr    r1, [sp, #0x28]     ;   dffff98 <- [0x0dffff08]  r1 = 0dffff98
T    1CF0  0861      str    r0, [r1, #0x10]     ;  [0x0dffffa8] <- 30
T    1CF2  0A98      ldr    r0, [sp, #0x28]     ;   dffff98 <- [0x0dffff08]  r0 = 0dffff98
T    1CF4  806D      ldr    r0, [r0, #0x58]     ;         0 <- [0x0dfffff0]  r0 = 00000000
T    1CF6  0490      str    r0, [sp, #0x10]     ;  [0x0dfffef0] <- 0
T    1CF8  0498      ldr    r0, [sp, #0x10]     ;         0 <- [0x0dfffef0]  r0 = 00000000
T    1CFA  0028      cmp    r0, #0              ; cpsr = 600001f3
T    1CFC  00F09480  beq.w  #0x1e28             ;
T    1E28  0898      ldr    r0, [sp, #0x20]     ;         6 <- [0x0dffff00]  r0 = 00000006
T    1E2A  8009      lsrs   r0, r0, #6          ; r0 = 00000000
T    1E2C  0490      str    r0, [sp, #0x10]     ;  [0x0dfffef0] <- 0
T    1E2E  0498      ldr    r0, [sp, #0x10]     ;         0 <- [0x0dfffef0]  r0 = 00000000
T    1E30  0028      cmp    r0, #0              ; cpsr = 600001f3
T    1E32  11D0      beq    #0x1e58             ; pc = 00001e58
T    1E58  0898      ldr    r0, [sp, #0x20]     ;         6 <- [0x0dffff00]  r0 = 00000006
T    1E5A  0028      cmp    r0, #0              ; cpsr = 200001f3
T    1E5C  28D0      beq    #0x1eb0             ; pc = 00001e5e
T    1E5E  FFE7      b      #0x1e60             ;
T    1E60  0A98      ldr    r0, [sp, #0x28]     ;   dffff98 <- [0x0dffff08]  r0 = 0dffff98
T    1E62  1830      adds   r0, #0x18           ; r0 = 0dffffb0
T    1E64  0690      str    r0, [sp, #0x18]     ;  [0x0dfffef8] <- dffffb0
T    1E66  0898      ldr    r0, [sp, #0x20]     ;         6 <- [0x0dffff00]  r0 = 00000006
T    1E68  0A99      ldr    r1, [sp, #0x28]     ;   dffff98 <- [0x0dffff08]  r1 = 0dffff98
T    1E6A  8865      str    r0, [r1, #0x58]     ;  [0x0dfffff0] <- 6
T    1E6C  0698      ldr    r0, [sp, #0x18]     ;   dffffb0 <- [0x0dfffef8]  r0 = 0dffffb0
T    1E6E  0799      ldr    r1, [sp, #0x1c]     ;   b000100 <- [0x0dfffefc]  r1 = 0b000100
T    1E70  089A      ldr    r2, [sp, #0x20]     ;         6 <- [0x0dffff00]  r2 = 00000006
T    1E72  2290      str    r0, [sp, #0x88]     ;  [0x0dffff68] <- dffffb0
T    1E74  4FF0FF30  mov.w  r0, #-1             ; r0 = ffffffff
T    1E78  2190      str    r0, [sp, #0x84]     ;  [0x0dffff64] <- ffffffff
T    1E7A  2091      str    r1, [sp, #0x80]     ;  [0x0dffff60] <- b000100
T    1E7C  1F92      str    r2, [sp, #0x7c]     ;  [0x0dffff5c] <- 6
T    1E7E  2198      ldr    r0, [sp, #0x84]     ;  ffffffff <- [0x0dffff64]  r0 = ffffffff
T    1E80  1E90      str    r0, [sp, #0x78]     ;  [0x0dffff58] <- ffffffff
T    1E82  1E98      ldr    r0, [sp, #0x78]     ;  ffffffff <- [0x0dffff58]  r0 = ffffffff
T    1E84  0130      adds   r0, #1              ; r0 = 00000000
T    1E86  0028      cmp    r0, #0              ; cpsr = 600001f3
T    1E88  08D0      beq    #0x1e9c             ; pc = 00001e9c
T    1E9C  2298      ldr    r0, [sp, #0x88]     ;   dffffb0 <- [0x0dffff68]  r0 = 0dffffb0
T    1E9E  2099      ldr    r1, [sp, #0x80]     ;   b000100 <- [0x0dffff60]  r1 = 0b000100
T    1EA0  1F9A      ldr    r2, [sp, #0x7c]     ;         6 <- [0x0dffff5c]  r2 = 00000006
T    1EA2  0090      str    r0, [sp]            ;  [0x0dfffee0] <- dffffb0
T    1EA4  FEF7F0ED  blx    #0xa88              ; lr = 00001ea9  pc = 00000a88
A     A88  00C68FE2  add    ip, pc, #0, #12     ; ip = 00000a90
A     A8C  05CA8CE2  add    ip, ip, #0x5000     ; ip = 00005a90
A     A90  1CF5BCE5  ldr    pc, [ip, #0x51c]!   ;      5fac <- [0x00005fac]
 __aeabi_memcpy(...) @ 0x5fac 0xdffffb0
0xb000100
0x6
 pc = 00001ea8  ip = 00005fac
T    1EA8  0099      ldr    r1, [sp]            ;   dffffb0 <- [0x0dfffee0]  r1 = 0dffffb0
T    1EAA  2391      str    r1, [sp, #0x8c]     ;  [0x0dffff6c] <- dffffb0
T    1EAC  FFE7      b      #0x1eae             ;
T    1EAE  FFE7      b      #0x1eb0             ;
T    1EB0  0120      movs   r0, #1              ; r0 = 00000001
T    1EB2  0B90      str    r0, [sp, #0x2c]     ;  [0x0dffff0c] <- 1
T    1EB4  FFE7      b      #0x1eb6             ;
T    1EB6  0B98      ldr    r0, [sp, #0x2c]     ;         1 <- [0x0dffff0c]  r0 = 00000001
T    1EB8  24B0      add    sp, #0x90           ; sp = 0dffff70
T    1EBA  80BD      pop    {r7, pc}            ;   dfffff8 <- [0x0dffff70]       2235 <- [0x0dffff74]  sp = 0dffff78  r7 = 0dfffff8  pc = 00002234
T    2234  0499      ldr    r1, [sp, #0x10]     ;   b000200 <- [0x0dffff88]  r1 = 0b000200
T    2236  0290      str    r0, [sp, #8]        ;  [0x0dffff80] <- 1
T    2238  0846      mov    r0, r1              ; r0 = 0b000200
T    223A  0399      ldr    r1, [sp, #0xc]      ;   dffff98 <- [0x0dffff84]  r1 = 0dffff98
T    223C  FEF742EC  blx    #0xac4              ; lr = 00002241  pc = 00000ac4
A     AC4  00C68FE2  add    ip, pc, #0, #12     ; ip = 00000acc
A     AC8  05CA8CE2  add    ip, ip, #0x5000     ; ip = 00005acc
A     ACC  F4F4BCE5  ldr    pc, [ip, #0x4f4]!   ;      1ebd <- [0x00005fc0]
 _Z9MD5_FinalPhP12MD5state_st1[MD5_Final(unsigned char*, MD5state_st1*)](...) @ 0x1ebc  pc = 00001ebc  ip = 00005fc0
T    1EBC  80B5      push   {r7, lr}            ;  [0x0dffff70] <- dfffff8    [0x0dffff74] <- 2241   sp = 0dffff70
T    1EBE  6F46      mov    r7, sp              ; r7 = 0dffff70
T    1EC0  9CB0      sub    sp, #0x70           ; sp = 0dffff00
T    1EC2  A14A      ldr    r2, [pc, #0x284]    ;      40a8 <- [0x00002148]  r2 = 000040a8
T    1EC4  7A44      add    r2, pc              ; r2 = 00005f70
T    1EC6  1268      ldr    r2, [r2]            ;         0 <- [0x00005f70]  r2 = 00000000
T    1EC8  1268      ldr    r2, [r2]            ;  464c457f <- [0x00000000]  r2 = 464c457f
T    1ECA  1B92      str    r2, [sp, #0x6c]     ;  [0x0dffff6c] <- 464c457f
T    1ECC  1A90      str    r0, [sp, #0x68]     ;  [0x0dffff68] <- b000200
T    1ECE  0691      str    r1, [sp, #0x18]     ;  [0x0dffff18] <- dffff98
T    1ED0  0698      ldr    r0, [sp, #0x18]     ;   dffff98 <- [0x0dffff18]  r0 = 0dffff98
T    1ED2  1830      adds   r0, #0x18           ; r0 = 0dffffb0
T    1ED4  1990      str    r0, [sp, #0x64]     ;  [0x0dffff64] <- dffffb0
T    1ED6  0698      ldr    r0, [sp, #0x18]     ;   dffff98 <- [0x0dffff18]  r0 = 0dffff98
T    1ED8  806D      ldr    r0, [r0, #0x58]     ;         6 <- [0x0dfffff0]  r0 = 00000006
T    1EDA  0590      str    r0, [sp, #0x14]     ;  [0x0dffff14] <- 6
T    1EDC  1998      ldr    r0, [sp, #0x64]     ;   dffffb0 <- [0x0dffff64]  r0 = 0dffffb0
T    1EDE  0599      ldr    r1, [sp, #0x14]     ;         6 <- [0x0dffff14]  r1 = 00000006
T    1EE0  8022      movs   r2, #0x80           ; r2 = 00000080
T    1EE2  4254      strb   r2, [r0, r1]        ;  [0x0dffffb6] <- 80
T    1EE4  0598      ldr    r0, [sp, #0x14]     ;         6 <- [0x0dffff14]  r0 = 00000006
T    1EE6  0130      adds   r0, #1              ; r0 = 00000007
T    1EE8  0590      str    r0, [sp, #0x14]     ;  [0x0dffff14] <- 7
T    1EEA  0598      ldr    r0, [sp, #0x14]     ;         7 <- [0x0dffff14]  r0 = 00000007
T    1EEC  3928      cmp    r0, #0x39           ; cpsr = 800001f3
T    1EEE  2DD3      blo    #0x1f4c             ; pc = 00001f4c
T    1F4C  1998      ldr    r0, [sp, #0x64]     ;   dffffb0 <- [0x0dffff64]  r0 = 0dffffb0
T    1F4E  0599      ldr    r1, [sp, #0x14]     ;         7 <- [0x0dffff14]  r1 = 00000007
T    1F50  0844      add    r0, r1              ; r0 = 0dffffb7
T    1F52  C1F13801  rsb.w  r1, r1, #0x38       ; r1 = 00000031
T    1F56  1190      str    r0, [sp, #0x44]     ;  [0x0dffff44] <- dffffb7
T    1F58  4FF0FF30  mov.w  r0, #-1             ; r0 = ffffffff
T    1F5C  1090      str    r0, [sp, #0x40]     ;  [0x0dffff40] <- ffffffff
T    1F5E  0020      movs   r0, #0              ; r0 = 00000000
T    1F60  0F90      str    r0, [sp, #0x3c]     ;  [0x0dffff3c] <- 0
T    1F62  0E91      str    r1, [sp, #0x38]     ;  [0x0dffff38] <- 31
T    1F64  1098      ldr    r0, [sp, #0x40]     ;  ffffffff <- [0x0dffff40]  r0 = ffffffff
T    1F66  0D90      str    r0, [sp, #0x34]     ;  [0x0dffff34] <- ffffffff
T    1F68  0D98      ldr    r0, [sp, #0x34]     ;  ffffffff <- [0x0dffff34]  r0 = ffffffff
T    1F6A  0130      adds   r0, #1              ; r0 = 00000000
T    1F6C  0028      cmp    r0, #0              ; cpsr = 600001f3
T    1F6E  08D0      beq    #0x1f82             ; pc = 00001f82
T    1F82  1198      ldr    r0, [sp, #0x44]     ;   dffffb7 <- [0x0dffff44]  r0 = 0dffffb7
T    1F84  9DF83C20  ldrb.w r2, [sp, #0x3c]     ;         0 <- [0x0dffff3c]  r2 = 00000000
T    1F88  0E99      ldr    r1, [sp, #0x38]     ;        31 <- [0x0dffff38]  r1 = 00000031
T    1F8A  0290      str    r0, [sp, #8]        ;  [0x0dffff08] <- dffffb7
T    1F8C  FEF76AED  blx    #0xa64              ; lr = 00001f91  pc = 00000a64
A     A64  00C68FE2  add    ip, pc, #0, #12     ; ip = 00000a6c
A     A68  05CA8CE2  add    ip, ip, #0x5000     ; ip = 00005a6c
A     A6C  34F5BCE5  ldr    pc, [ip, #0x534]!   ;      5fa0 <- [0x00005fa0]
 __aeabi_memset(...) @ 0x5fa0  pc = 00001f90  ip = 00005fa0
T    1F90  0298      ldr    r0, [sp, #8]        ;   dffffb7 <- [0x0dffff08]  r0 = 0dffffb7
T    1F92  1290      str    r0, [sp, #0x48]     ;  [0x0dffff48] <- dffffb7
T    1F94  FFE7      b      #0x1f96             ;
T    1F96  1998      ldr    r0, [sp, #0x64]     ;   dffffb0 <- [0x0dffff64]  r0 = 0dffffb0
T    1F98  3830      adds   r0, #0x38           ; r0 = 0dffffe8
T    1F9A  1990      str    r0, [sp, #0x64]     ;  [0x0dffff64] <- dffffe8
T    1F9C  0698      ldr    r0, [sp, #0x18]     ;   dffff98 <- [0x0dffff18]  r0 = 0dffff98
T    1F9E  0069      ldr    r0, [r0, #0x10]     ;        30 <- [0x0dffffa8]  r0 = 00000030
T    1FA0  1999      ldr    r1, [sp, #0x64]     ;   dffffe8 <- [0x0dffff64]  r1 = 0dffffe8
T    1FA2  4A1C      adds   r2, r1, #1          ; r2 = 0dffffe9
T    1FA4  1992      str    r2, [sp, #0x64]     ;  [0x0dffff64] <- dffffe9
T    1FA6  0870      strb   r0, [r1]            ;  [0x0dffffe8] <- 30
T    1FA8  0698      ldr    r0, [sp, #0x18]     ;   dffff98 <- [0x0dffff18]  r0 = 0dffff98
T    1FAA  0069      ldr    r0, [r0, #0x10]     ;        30 <- [0x0dffffa8]  r0 = 00000030
T    1FAC  000A      lsrs   r0, r0, #8          ; r0 = 00000000
T    1FAE  1999      ldr    r1, [sp, #0x64]     ;   dffffe9 <- [0x0dffff64]  r1 = 0dffffe9
T    1FB0  4A1C      adds   r2, r1, #1          ; r2 = 0dffffea
T    1FB2  1992      str    r2, [sp, #0x64]     ;  [0x0dffff64] <- dffffea
T    1FB4  0870      strb   r0, [r1]            ;  [0x0dffffe9] <- 0
T    1FB6  0698      ldr    r0, [sp, #0x18]     ;   dffff98 <- [0x0dffff18]  r0 = 0dffff98
T    1FB8  408A      ldrh   r0, [r0, #0x12]     ;         0 <- [0x0dffffaa]  r0 = 00000000
T    1FBA  1999      ldr    r1, [sp, #0x64]     ;   dffffea <- [0x0dffff64]  r1 = 0dffffea
T    1FBC  4A1C      adds   r2, r1, #1          ; r2 = 0dffffeb
T    1FBE  1992      str    r2, [sp, #0x64]     ;  [0x0dffff64] <- dffffeb
T    1FC0  0870      strb   r0, [r1]            ;  [0x0dffffea] <- 0
T    1FC2  0698      ldr    r0, [sp, #0x18]     ;   dffff98 <- [0x0dffff18]  r0 = 0dffff98
T    1FC4  C07C      ldrb   r0, [r0, #0x13]     ;         0 <- [0x0dffffab]  r0 = 00000000
T    1FC6  1999      ldr    r1, [sp, #0x64]     ;   dffffeb <- [0x0dffff64]  r1 = 0dffffeb
T    1FC8  4A1C      adds   r2, r1, #1          ; r2 = 0dffffec
T    1FCA  1992      str    r2, [sp, #0x64]     ;  [0x0dffff64] <- dffffec
T    1FCC  0870      strb   r0, [r1]            ;  [0x0dffffeb] <- 0
T    1FCE  0698      ldr    r0, [sp, #0x18]     ;   dffff98 <- [0x0dffff18]  r0 = 0dffff98
T    1FD0  4069      ldr    r0, [r0, #0x14]     ;         0 <- [0x0dffffac]  r0 = 00000000
T    1FD2  1999      ldr    r1, [sp, #0x64]     ;   dffffec <- [0x0dffff64]  r1 = 0dffffec
T    1FD4  4A1C      adds   r2, r1, #1          ; r2 = 0dffffed
T    1FD6  1992      str    r2, [sp, #0x64]     ;  [0x0dffff64] <- dffffed
T    1FD8  0870      strb   r0, [r1]            ;  [0x0dffffec] <- 0
T    1FDA  0698      ldr    r0, [sp, #0x18]     ;   dffff98 <- [0x0dffff18]  r0 = 0dffff98
T    1FDC  4069      ldr    r0, [r0, #0x14]     ;         0 <- [0x0dffffac]  r0 = 00000000
T    1FDE  000A      lsrs   r0, r0, #8          ; r0 = 00000000
T    1FE0  1999      ldr    r1, [sp, #0x64]     ;   dffffed <- [0x0dffff64]  r1 = 0dffffed
T    1FE2  4A1C      adds   r2, r1, #1          ; r2 = 0dffffee
T    1FE4  1992      str    r2, [sp, #0x64]     ;  [0x0dffff64] <- dffffee
T    1FE6  0870      strb   r0, [r1]            ;  [0x0dffffed] <- 0
T    1FE8  0698      ldr    r0, [sp, #0x18]     ;   dffff98 <- [0x0dffff18]  r0 = 0dffff98
T    1FEA  C08A      ldrh   r0, [r0, #0x16]     ;         0 <- [0x0dffffae]  r0 = 00000000
T    1FEC  1999      ldr    r1, [sp, #0x64]     ;   dffffee <- [0x0dffff64]  r1 = 0dffffee
T    1FEE  4A1C      adds   r2, r1, #1          ; r2 = 0dffffef
T    1FF0  1992      str    r2, [sp, #0x64]     ;  [0x0dffff64] <- dffffef
T    1FF2  0870      strb   r0, [r1]            ;  [0x0dffffee] <- 0
T    1FF4  0698      ldr    r0, [sp, #0x18]     ;   dffff98 <- [0x0dffff18]  r0 = 0dffff98
T    1FF6  C07D      ldrb   r0, [r0, #0x17]     ;         0 <- [0x0dffffaf]  r0 = 00000000
T    1FF8  1999      ldr    r1, [sp, #0x64]     ;   dffffef <- [0x0dffff64]  r1 = 0dffffef
T    1FFA  4A1C      adds   r2, r1, #1          ; r2 = 0dfffff0
T    1FFC  1992      str    r2, [sp, #0x64]     ;  [0x0dffff64] <- dfffff0
T    1FFE  0870      strb   r0, [r1]            ;  [0x0dffffef] <- 0
T    2000  1998      ldr    r0, [sp, #0x64]     ;   dfffff0 <- [0x0dffff64]  r0 = 0dfffff0
T    2002  4038      subs   r0, #0x40           ; r0 = 0dffffb0
T    2004  1990      str    r0, [sp, #0x64]     ;  [0x0dffff64] <- dffffb0
T    2006  0698      ldr    r0, [sp, #0x18]     ;   dffff98 <- [0x0dffff18]  r0 = 0dffff98
T    2008  1999      ldr    r1, [sp, #0x64]     ;   dffffb0 <- [0x0dffff64]  r1 = 0dffffb0
T    200A  0122      movs   r2, #1              ; r2 = 00000001
T    200C  FEF742ED  blx    #0xa94              ; lr = 00002011  pc = 00000a94
A     A94  00C68FE2  add    ip, pc, #0, #12     ; ip = 00000a9c
A     A98  05CA8CE2  add    ip, ip, #0x5000     ; ip = 00005a9c
A     A9C  14F5BCE5  ldr    pc, [ip, #0x514]!   ;       c4d <- [0x00005fb0]
 _Z20md5_block_data_orderP12MD5state_st1PKvj[md5_block_data_order(MD5state_st1*, void const*, unsigned int)](...) @ 0xc4c  pc = 00000c4c  ip = 00005fb0
T     C4C  80B5      push   {r7, lr}            ;  [0x0dfffef8] <- dffff70    [0x0dfffefc] <- 2011   sp = 0dfffef8
T     C4E  6F46      mov    r7, sp              ; r7 = 0dfffef8
T     C50  9AB0      sub    sp, #0x68           ; sp = 0dfffe90
T     C52  0F4B      ldr    r3, [pc, #0x3c]     ;      5318 <- [0x00000c90]  r3 = 00005318
T     C54  7B44      add    r3, pc              ; r3 = 00005f70
T     C56  1B68      ldr    r3, [r3]            ;         0 <- [0x00005f70]  r3 = 00000000
T     C58  1B68      ldr    r3, [r3]            ;  464c457f <- [0x00000000]  r3 = 464c457f
T     C5A  1993      str    r3, [sp, #0x64]     ;  [0x0dfffef4] <- 464c457f
T     C5C  1290      str    r0, [sp, #0x48]     ;  [0x0dfffed8] <- dffff98
T     C5E  1191      str    r1, [sp, #0x44]     ;  [0x0dfffed4] <- dffffb0
T     C60  1092      str    r2, [sp, #0x40]     ;  [0x0dfffed0] <- 1
T     C62  1198      ldr    r0, [sp, #0x44]     ;   dffffb0 <- [0x0dfffed4]  r0 = 0dffffb0
T     C64  1890      str    r0, [sp, #0x60]     ;  [0x0dfffef0] <- dffffb0
T     C66  1298      ldr    r0, [sp, #0x48]     ;   dffff98 <- [0x0dfffed8]  r0 = 0dffff98
T     C68  0068      ldr    r0, [r0]            ;  67452301 <- [0x0dffff98]  r0 = 67452301
T     C6A  1790      str    r0, [sp, #0x5c]     ;  [0x0dfffeec] <- 67452301
T     C6C  1298      ldr    r0, [sp, #0x48]     ;   dffff98 <- [0x0dfffed8]  r0 = 0dffff98
T     C6E  4068      ldr    r0, [r0, #4]        ;  efcdab89 <- [0x0dffff9c]  r0 = efcdab89
T     C70  1690      str    r0, [sp, #0x58]     ;  [0x0dfffee8] <- efcdab89
T     C72  1298      ldr    r0, [sp, #0x48]     ;   dffff98 <- [0x0dfffed8]  r0 = 0dffff98
T     C74  8068      ldr    r0, [r0, #8]        ;  98badcfe <- [0x0dffffa0]  r0 = 98badcfe
T     C76  1590      str    r0, [sp, #0x54]     ;  [0x0dfffee4] <- 98badcfe
T     C78  1298      ldr    r0, [sp, #0x48]     ;   dffff98 <- [0x0dfffed8]  r0 = 0dffff98
T     C7A  C068      ldr    r0, [r0, #0xc]      ;  10325476 <- [0x0dffffa4]  r0 = 10325476
T     C7C  1490      str    r0, [sp, #0x50]     ;  [0x0dfffee0] <- 10325476
T     C7E  FFE7      b      #0xc80              ;
T     C80  1098      ldr    r0, [sp, #0x40]     ;         1 <- [0x0dfffed0]  r0 = 00000001
T     C82  411E      subs   r1, r0, #1          ; r1 = 00000000
T     C84  1091      str    r1, [sp, #0x40]     ;  [0x0dfffed0] <- 0
T     C86  0028      cmp    r0, #0              ; cpsr = 200001f3
T     C88  00F0FC87  beq.w  #0x1c84             ;
T     C8C  02E0      b      #0xc94              ;
T     C94  1898      ldr    r0, [sp, #0x60]     ;   dffffb0 <- [0x0dfffef0]  r0 = 0dffffb0
T     C96  411C      adds   r1, r0, #1          ; r1 = 0dffffb1
T     C98  1891      str    r1, [sp, #0x60]     ;  [0x0dfffef0] <- dffffb1
T     C9A  0078      ldrb   r0, [r0]            ;        37 <- [0x0dffffb0]  r0 = 00000037
T     C9C  1390      str    r0, [sp, #0x4c]     ;  [0x0dfffedc] <- 37
T     C9E  1898      ldr    r0, [sp, #0x60]     ;   dffffb1 <- [0x0dfffef0]  r0 = 0dffffb1
T     CA0  411C      adds   r1, r0, #1          ; r1 = 0dffffb2
T     CA2  1891      str    r1, [sp, #0x60]     ;  [0x0dfffef0] <- dffffb2
T     CA4  0078      ldrb   r0, [r0]            ;        38 <- [0x0dffffb1]  r0 = 00000038
T     CA6  1399      ldr    r1, [sp, #0x4c]     ;        37 <- [0x0dfffedc]  r1 = 00000037
T     CA8  41EA0020  orr.w  r0, r1, r0, lsl #8  ; r0 = 00003837
T     CAC  1390      str    r0, [sp, #0x4c]     ;  [0x0dfffedc] <- 3837
T     CAE  1898      ldr    r0, [sp, #0x60]     ;   dffffb2 <- [0x0dfffef0]  r0 = 0dffffb2
T     CB0  411C      adds   r1, r0, #1          ; r1 = 0dffffb3
T     CB2  1891      str    r1, [sp, #0x60]     ;  [0x0dfffef0] <- dffffb3
T     CB4  0078      ldrb   r0, [r0]            ;        39 <- [0x0dffffb2]  r0 = 00000039
T     CB6  1399      ldr    r1, [sp, #0x4c]     ;      3837 <- [0x0dfffedc]  r1 = 00003837
T     CB8  41EA0040  orr.w  r0, r1, r0, lsl #16 ; r0 = 00393837
T     CBC  1390      str    r0, [sp, #0x4c]     ;  [0x0dfffedc] <- 393837
T     CBE  1898      ldr    r0, [sp, #0x60]     ;   dffffb3 <- [0x0dfffef0]  r0 = 0dffffb3
T     CC0  411C      adds   r1, r0, #1          ; r1 = 0dffffb4
T     CC2  1891      str    r1, [sp, #0x60]     ;  [0x0dfffef0] <- dffffb4
T     CC4  0078      ldrb   r0, [r0]            ;        30 <- [0x0dffffb3]  r0 = 00000030
T     CC6  1399      ldr    r1, [sp, #0x4c]     ;    393837 <- [0x0dfffedc]  r1 = 00393837
T     CC8  41EA0060  orr.w  r0, r1, r0, lsl #24 ; r0 = 30393837
T     CCC  1390      str    r0, [sp, #0x4c]     ;  [0x0dfffedc] <- 30393837
T     CCE  1398      ldr    r0, [sp, #0x4c]     ;  30393837 <- [0x0dfffedc]  r0 = 30393837
T     CD0  0F90      str    r0, [sp, #0x3c]     ;  [0x0dfffecc] <- 30393837
T     CD2  1898      ldr    r0, [sp, #0x60]     ;   dffffb4 <- [0x0dfffef0]  r0 = 0dffffb4
T     CD4  411C      adds   r1, r0, #1          ; r1 = 0dffffb5
T     CD6  1891      str    r1, [sp, #0x60]     ;  [0x0dfffef0] <- dffffb5
T     CD8  0078      ldrb   r0, [r0]            ;        31 <- [0x0dffffb4]  r0 = 00000031
T     CDA  1390      str    r0, [sp, #0x4c]     ;  [0x0dfffedc] <- 31
T     CDC  1898      ldr    r0, [sp, #0x60]     ;   dffffb5 <- [0x0dfffef0]  r0 = 0dffffb5
T     CDE  411C      adds   r1, r0, #1          ; r1 = 0dffffb6
T     CE0  1891      str    r1, [sp, #0x60]     ;  [0x0dfffef0] <- dffffb6
T     CE2  0078      ldrb   r0, [r0]            ;        32 <- [0x0dffffb5]  r0 = 00000032
T     CE4  1399      ldr    r1, [sp, #0x4c]     ;        31 <- [0x0dfffedc]  r1 = 00000031
T     CE6  41EA0020  orr.w  r0, r1, r0, lsl #8  ; r0 = 00003231
T     CEA  1390      str    r0, [sp, #0x4c]     ;  [0x0dfffedc] <- 3231
T     CEC  1898      ldr    r0, [sp, #0x60]     ;   dffffb6 <- [0x0dfffef0]  r0 = 0dffffb6
T     CEE  411C      adds   r1, r0, #1          ; r1 = 0dffffb7
T     CF0  1891      str    r1, [sp, #0x60]     ;  [0x0dfffef0] <- dffffb7
T     CF2  0078      ldrb   r0, [r0]            ;        80 <- [0x0dffffb6]  r0 = 00000080
T     CF4  1399      ldr    r1, [sp, #0x4c]     ;      3231 <- [0x0dfffedc]  r1 = 00003231
T     CF6  41EA0040  orr.w  r0, r1, r0, lsl #16 ; r0 = 00803231
T     CFA  1390      str    r0, [sp, #0x4c]     ;  [0x0dfffedc] <- 803231
T     CFC  1898      ldr    r0, [sp, #0x60]     ;   dffffb7 <- [0x0dfffef0]  r0 = 0dffffb7
T     CFE  411C      adds   r1, r0, #1          ; r1 = 0dffffb8
T     D00  1891      str    r1, [sp, #0x60]     ;  [0x0dfffef0] <- dffffb8
T     D02  0078      ldrb   r0, [r0]            ;         0 <- [0x0dffffb7]  r0 = 00000000
T     D04  1399      ldr    r1, [sp, #0x4c]     ;    803231 <- [0x0dfffedc]  r1 = 00803231
T     D06  41EA0060  orr.w  r0, r1, r0, lsl #24 ; r0 = 00803231
T     D0A  1390      str    r0, [sp, #0x4c]     ;  [0x0dfffedc] <- 803231
T     D0C  1398      ldr    r0, [sp, #0x4c]     ;    803231 <- [0x0dfffedc]  r0 = 00803231
T     D0E  0E90      str    r0, [sp, #0x38]     ;  [0x0dfffec8] <- 803231
T     D10  0F98      ldr    r0, [sp, #0x3c]     ;  30393837 <- [0x0dfffecc]  r0 = 30393837
T     D12  1599      ldr    r1, [sp, #0x54]     ;  98badcfe <- [0x0dfffee4]  r1 = 98badcfe
T     D14  149A      ldr    r2, [sp, #0x50]     ;  10325476 <- [0x0dfffee0]  r2 = 10325476
T     D16  5140      eors   r1, r2              ; r1 = 88888888
T     D18  169B      ldr    r3, [sp, #0x58]     ;  efcdab89 <- [0x0dfffee8]  r3 = efcdab89
T     D1A  1940      ands   r1, r3              ; r1 = 88888888
T     D1C  5140      eors   r1, r2              ; r1 = 98badcfe
T     D1E  0844      add    r0, r1              ; r0 = c8f41535
T     D20  1799      ldr    r1, [sp, #0x5c]     ;  67452301 <- [0x0dfffeec]  r1 = 67452301
T     D22  0844      add    r0, r1              ; r0 = 30393836
T     D24  4AF27841  movw   r1, #0xa478         ; r1 = 0000a478
T     D28  CDF26A71  movt   r1, #0xd76a         ; r1 = d76aa478
T     D2C  0844      add    r0, r1              ; r0 = 07a3dcae
T     D2E  1790      str    r0, [sp, #0x5c]     ;  [0x0dfffeec] <- 7a3dcae
T     D30  1798      ldr    r0, [sp, #0x5c]     ;   7a3dcae <- [0x0dfffeec]  r0 = 07a3dcae
T     D32  4FEA7060  ror.w  r0, r0, #0x19       ; r0 = d1ee5703
T     D36  1790      str    r0, [sp, #0x5c]     ;  [0x0dfffeec] <- d1ee5703
T     D38  1698      ldr    r0, [sp, #0x58]     ;  efcdab89 <- [0x0dfffee8]  r0 = efcdab89
T     D3A  1799      ldr    r1, [sp, #0x5c]     ;  d1ee5703 <- [0x0dfffeec]  r1 = d1ee5703
T     D3C  0844      add    r0, r1              ; r0 = c1bc028c
T     D3E  1790      str    r0, [sp, #0x5c]     ;  [0x0dfffeec] <- c1bc028c
T     D40  1898      ldr    r0, [sp, #0x60]     ;   dffffb8 <- [0x0dfffef0]  r0 = 0dffffb8
T     D42  411C      adds   r1, r0, #1          ; r1 = 0dffffb9
T     D44  1891      str    r1, [sp, #0x60]     ;  [0x0dfffef0] <- dffffb9
T     D46  0078      ldrb   r0, [r0]            ;         0 <- [0x0dffffb8]  r0 = 00000000
T     D48  1390      str    r0, [sp, #0x4c]     ;  [0x0dfffedc] <- 0
T     D4A  1898      ldr    r0, [sp, #0x60]     ;   dffffb9 <- [0x0dfffef0]  r0 = 0dffffb9
T     D4C  411C      adds   r1, r0, #1          ; r1 = 0dffffba
T     D4E  1891      str    r1, [sp, #0x60]     ;  [0x0dfffef0] <- dffffba
T     D50  0078      ldrb   r0, [r0]            ;         0 <- [0x0dffffb9]  r0 = 00000000
T     D52  1399      ldr    r1, [sp, #0x4c]     ;         0 <- [0x0dfffedc]  r1 = 00000000
T     D54  41EA0020  orr.w  r0, r1, r0, lsl #8  ; r0 = 00000000
T     D58  1390      str    r0, [sp, #0x4c]     ;  [0x0dfffedc] <- 0
T     D5A  1898      ldr    r0, [sp, #0x60]     ;   dffffba <- [0x0dfffef0]  r0 = 0dffffba
T     D5C  411C      adds   r1, r0, #1          ; r1 = 0dffffbb
T     D5E  1891      str    r1, [sp, #0x60]     ;  [0x0dfffef0] <- dffffbb
T     D60  0078      ldrb   r0, [r0]            ;         0 <- [0x0dffffba]  r0 = 00000000
T     D62  1399      ldr    r1, [sp, #0x4c]     ;         0 <- [0x0dfffedc]  r1 = 00000000
T     D64  41EA0040  orr.w  r0, r1, r0, lsl #16 ; r0 = 00000000
T     D68  1390      str    r0, [sp, #0x4c]     ;  [0x0dfffedc] <- 0
T     D6A  1898      ldr    r0, [sp, #0x60]     ;   dffffbb <- [0x0dfffef0]  r0 = 0dffffbb
T     D6C  411C      adds   r1, r0, #1          ; r1 = 0dffffbc
T     D6E  1891      str    r1, [sp, #0x60]     ;  [0x0dfffef0] <- dffffbc
T     D70  0078      ldrb   r0, [r0]            ;         0 <- [0x0dffffbb]  r0 = 00000000
T     D72  1399      ldr    r1, [sp, #0x4c]     ;         0 <- [0x0dfffedc]  r1 = 00000000
T     D74  41EA0060  orr.w  r0, r1, r0, lsl #24 ; r0 = 00000000
T     D78  1390      str    r0, [sp, #0x4c]     ;  [0x0dfffedc] <- 0
T     D7A  1398      ldr    r0, [sp, #0x4c]     ;         0 <- [0x0dfffedc]  r0 = 00000000
T     D7C  0D90      str    r0, [sp, #0x34]     ;  [0x0dfffec4] <- 0
T     D7E  0E98      ldr    r0, [sp, #0x38]     ;    803231 <- [0x0dfffec8]  r0 = 00803231
T     D80  1699      ldr    r1, [sp, #0x58]     ;  efcdab89 <- [0x0dfffee8]  r1 = efcdab89
T     D82  159A      ldr    r2, [sp, #0x54]     ;  98badcfe <- [0x0dfffee4]  r2 = 98badcfe
T     D84  5140      eors   r1, r2              ; r1 = 77777777
T     D86  179B      ldr    r3, [sp, #0x5c]     ;  c1bc028c <- [0x0dfffeec]  r3 = c1bc028c
T     D88  1940      ands   r1, r3              ; r1 = 41340204
T     D8A  5140      eors   r1, r2              ; r1 = d98edefa
T     D8C  0844      add    r0, r1              ; r0 = da0f112b
T     D8E  1499      ldr    r1, [sp, #0x50]     ;  10325476 <- [0x0dfffee0]  r1 = 10325476
T     D90  0844      add    r0, r1              ; r0 = ea4165a1
T     D92  4BF25671  movw   r1, #0xb756         ; r1 = 0000b756
T     D96  CEF6C701  movt   r1, #0xe8c7         ; r1 = e8c7b756
T     D9A  0844      add    r0, r1              ; r0 = d3091cf7
T     D9C  1490      str    r0, [sp, #0x50]     ;  [0x0dfffee0] <- d3091cf7
T     D9E  1498      ldr    r0, [sp, #0x50]     ;  d3091cf7 <- [0x0dfffee0]  r0 = d3091cf7
T     DA0  4FEA3050  ror.w  r0, r0, #0x14       ; r0 = 91cf7d30
T     DA4  1490      str    r0, [sp, #0x50]     ;  [0x0dfffee0] <- 91cf7d30
T     DA6  1798      ldr    r0, [sp, #0x5c]     ;  c1bc028c <- [0x0dfffeec]  r0 = c1bc028c
T     DA8  1499      ldr    r1, [sp, #0x50]     ;  91cf7d30 <- [0x0dfffee0]  r1 = 91cf7d30
T     DAA  0844      add    r0, r1              ; r0 = 538b7fbc
T     DAC  1490      str    r0, [sp, #0x50]     ;  [0x0dfffee0] <- 538b7fbc
T     DAE  1898      ldr    r0, [sp, #0x60]     ;   dffffbc <- [0x0dfffef0]  r0 = 0dffffbc
T     DB0  411C      adds   r1, r0, #1          ; r1 = 0dffffbd
T     DB2  1891      str    r1, [sp, #0x60]     ;  [0x0dfffef0] <- dffffbd
T     DB4  0078      ldrb   r0, [r0]            ;         0 <- [0x0dffffbc]  r0 = 00000000
T     DB6  1390      str    r0, [sp, #0x4c]     ;  [0x0dfffedc] <- 0
T     DB8  1898      ldr    r0, [sp, #0x60]     ;   dffffbd <- [0x0dfffef0]  r0 = 0dffffbd
T     DBA  411C      adds   r1, r0, #1          ; r1 = 0dffffbe
T     DBC  1891      str    r1, [sp, #0x60]     ;  [0x0dfffef0] <- dffffbe
T     DBE  0078      ldrb   r0, [r0]            ;         0 <- [0x0dffffbd]  r0 = 00000000
T     DC0  1399      ldr    r1, [sp, #0x4c]     ;         0 <- [0x0dfffedc]  r1 = 00000000
T     DC2  41EA0020  orr.w  r0, r1, r0, lsl #8  ; r0 = 00000000
T     DC6  1390      str    r0, [sp, #0x4c]     ;  [0x0dfffedc] <- 0
T     DC8  1898      ldr    r0, [sp, #0x60]     ;   dffffbe <- [0x0dfffef0]  r0 = 0dffffbe
T     DCA  411C      adds   r1, r0, #1          ; r1 = 0dffffbf
T     DCC  1891      str    r1, [sp, #0x60]     ;  [0x0dfffef0] <- dffffbf
T     DCE  0078      ldrb   r0, [r0]            ;         0 <- [0x0dffffbe]  r0 = 00000000
T     DD0  1399      ldr    r1, [sp, #0x4c]     ;         0 <- [0x0dfffedc]  r1 = 00000000
T     DD2  41EA0040  orr.w  r0, r1, r0, lsl #16 ; r0 = 00000000
T     DD6  1390      str    r0, [sp, #0x4c]     ;  [0x0dfffedc] <- 0
T     DD8  1898      ldr    r0, [sp, #0x60]     ;   dffffbf <- [0x0dfffef0]  r0 = 0dffffbf
T     DDA  411C      adds   r1, r0, #1          ; r1 = 0dffffc0
T     DDC  1891      str    r1, [sp, #0x60]     ;  [0x0dfffef0] <- dffffc0
T     DDE  0078      ldrb   r0, [r0]            ;         0 <- [0x0dffffbf]  r0 = 00000000
T     DE0  1399      ldr    r1, [sp, #0x4c]     ;         0 <- [0x0dfffedc]  r1 = 00000000
T     DE2  41EA0060  orr.w  r0, r1, r0, lsl #24 ; r0 = 00000000
T     DE6  1390      str    r0, [sp, #0x4c]     ;  [0x0dfffedc] <- 0
T     DE8  1398      ldr    r0, [sp, #0x4c]     ;         0 <- [0x0dfffedc]  r0 = 00000000
T     DEA  0C90      str    r0, [sp, #0x30]     ;  [0x0dfffec0] <- 0
T     DEC  0D98      ldr    r0, [sp, #0x34]     ;         0 <- [0x0dfffec4]  r0 = 00000000
T     DEE  1799      ldr    r1, [sp, #0x5c]     ;  c1bc028c <- [0x0dfffeec]  r1 = c1bc028c
T     DF0  169A      ldr    r2, [sp, #0x58]     ;  efcdab89 <- [0x0dfffee8]  r2 = efcdab89
T     DF2  5140      eors   r1, r2              ; r1 = 2e71a905
T     DF4  149B      ldr    r3, [sp, #0x50]     ;  538b7fbc <- [0x0dfffee0]  r3 = 538b7fbc
T     DF6  1940      ands   r1, r3              ; r1 = 02012904
T     DF8  5140      eors   r1, r2              ; r1 = edcc828d
T     DFA  0844      add    r0, r1              ; r0 = edcc828d
T     DFC  1599      ldr    r1, [sp, #0x54]     ;  98badcfe <- [0x0dfffee4]  r1 = 98badcfe
T     DFE  0844      add    r0, r1              ; r0 = 86875f8b
T     E00  47F2DB01  movw   r1, #0x70db         ; r1 = 000070db
T     E04  C2F22041  movt   r1, #0x2420         ; r1 = 242070db
T     E08  0844      add    r0, r1              ; r0 = aaa7d066
T     E0A  1590      str    r0, [sp, #0x54]     ;  [0x0dfffee4] <- aaa7d066
T     E0C  1598      ldr    r0, [sp, #0x54]     ;  aaa7d066 <- [0x0dfffee4]  r0 = aaa7d066
T     E0E  4FEAF030  ror.w  r0, r0, #0xf        ; r0 = a0cd554f
T     E12  1590      str    r0, [sp, #0x54]     ;  [0x0dfffee4] <- a0cd554f
T     E14  1498      ldr    r0, [sp, #0x50]     ;  538b7fbc <- [0x0dfffee0]  r0 = 538b7fbc
T     E16  1599      ldr    r1, [sp, #0x54]     ;  a0cd554f <- [0x0dfffee4]  r1 = a0cd554f
T     E18  0844      add    r0, r1              ; r0 = f458d50b
T     E1A  1590      str    r0, [sp, #0x54]     ;  [0x0dfffee4] <- f458d50b
T     E1C  1898      ldr    r0, [sp, #0x60]     ;   dffffc0 <- [0x0dfffef0]  r0 = 0dffffc0
T     E1E  411C      adds   r1, r0, #1          ; r1 = 0dffffc1
T     E20  1891      str    r1, [sp, #0x60]     ;  [0x0dfffef0] <- dffffc1
T     E22  0078      ldrb   r0, [r0]            ;         0 <- [0x0dffffc0]  r0 = 00000000
T     E24  1390      str    r0, [sp, #0x4c]     ;  [0x0dfffedc] <- 0
T     E26  1898      ldr    r0, [sp, #0x60]     ;   dffffc1 <- [0x0dfffef0]  r0 = 0dffffc1
T     E28  411C      adds   r1, r0, #1          ; r1 = 0dffffc2
T     E2A  1891      str    r1, [sp, #0x60]     ;  [0x0dfffef0] <- dffffc2
T     E2C  0078      ldrb   r0, [r0]            ;         0 <- [0x0dffffc1]  r0 = 00000000
T     E2E  1399      ldr    r1, [sp, #0x4c]     ;         0 <- [0x0dfffedc]  r1 = 00000000
T     E30  41EA0020  orr.w  r0, r1, r0, lsl #8  ; r0 = 00000000
T     E34  1390      str    r0, [sp, #0x4c]     ;  [0x0dfffedc] <- 0
T     E36  1898      ldr    r0, [sp, #0x60]     ;   dffffc2 <- [0x0dfffef0]  r0 = 0dffffc2
T     E38  411C      adds   r1, r0, #1          ; r1 = 0dffffc3
T     E3A  1891      str    r1, [sp, #0x60]     ;  [0x0dfffef0] <- dffffc3
T     E3C  0078      ldrb   r0, [r0]            ;         0 <- [0x0dffffc2]  r0 = 00000000
T     E3E  1399      ldr    r1, [sp, #0x4c]     ;         0 <- [0x0dfffedc]  r1 = 00000000
T     E40  41EA0040  orr.w  r0, r1, r0, lsl #16 ; r0 = 00000000
T     E44  1390      str    r0, [sp, #0x4c]     ;  [0x0dfffedc] <- 0
T     E46  1898      ldr    r0, [sp, #0x60]     ;   dffffc3 <- [0x0dfffef0]  r0 = 0dffffc3
T     E48  411C      adds   r1, r0, #1          ; r1 = 0dffffc4
T     E4A  1891      str    r1, [sp, #0x60]     ;  [0x0dfffef0] <- dffffc4
T     E4C  0078      ldrb   r0, [r0]            ;         0 <- [0x0dffffc3]  r0 = 00000000
T     E4E  1399      ldr    r1, [sp, #0x4c]     ;         0 <- [0x0dfffedc]  r1 = 00000000
T     E50  41EA0060  orr.w  r0, r1, r0, lsl #24 ; r0 = 00000000
T     E54  1390      str    r0, [sp, #0x4c]     ;  [0x0dfffedc] <- 0
T     E56  1398      ldr    r0, [sp, #0x4c]     ;         0 <- [0x0dfffedc]  r0 = 00000000
T     E58  0B90      str    r0, [sp, #0x2c]     ;  [0x0dfffebc] <- 0
T     E5A  0C98      ldr    r0, [sp, #0x30]     ;         0 <- [0x0dfffec0]  r0 = 00000000
T     E5C  1499      ldr    r1, [sp, #0x50]     ;  538b7fbc <- [0x0dfffee0]  r1 = 538b7fbc
T     E5E  179A      ldr    r2, [sp, #0x5c]     ;  c1bc028c <- [0x0dfffeec]  r2 = c1bc028c
T     E60  5140      eors   r1, r2              ; r1 = 92377d30
T     E62  159B      ldr    r3, [sp, #0x54]     ;  f458d50b <- [0x0dfffee4]  r3 = f458d50b
T     E64  1940      ands   r1, r3              ; r1 = 90105500
T     E66  5140      eors   r1, r2              ; r1 = 51ac578c
T     E68  0844      add    r0, r1              ; r0 = 51ac578c
T     E6A  1699      ldr    r1, [sp, #0x58]     ;  efcdab89 <- [0x0dfffee8]  r1 = efcdab89
T     E6C  0844      add    r0, r1              ; r0 = 417a0315
T     E6E  4CF6EE61  movw   r1, #0xceee         ; r1 = 0000ceee
T     E72  CCF2BD11  movt   r1, #0xc1bd         ; r1 = c1bdceee
T     E76  0844      add    r0, r1              ; r0 = 0337d203
T     E78  1690      str    r0, [sp, #0x58]     ;  [0x0dfffee8] <- 337d203
T     E7A  1698      ldr    r0, [sp, #0x58]     ;   337d203 <- [0x0dfffee8]  r0 = 0337d203
T     E7C  4FEAB020  ror.w  r0, r0, #0xa        ; r0 = 80c0cdf4
T     E80  1690      str    r0, [sp, #0x58]     ;  [0x0dfffee8] <- 80c0cdf4
T     E82  1598      ldr    r0, [sp, #0x54]     ;  f458d50b <- [0x0dfffee4]  r0 = f458d50b
T     E84  1699      ldr    r1, [sp, #0x58]     ;  80c0cdf4 <- [0x0dfffee8]  r1 = 80c0cdf4
T     E86  0844      add    r0, r1              ; r0 = 7519a2ff
T     E88  1690      str    r0, [sp, #0x58]     ;  [0x0dfffee8] <- 7519a2ff
T     E8A  1898      ldr    r0, [sp, #0x60]     ;   dffffc4 <- [0x0dfffef0]  r0 = 0dffffc4
T     E8C  411C      adds   r1, r0, #1          ; r1 = 0dffffc5
T     E8E  1891      str    r1, [sp, #0x60]     ;  [0x0dfffef0] <- dffffc5
T     E90  0078      ldrb   r0, [r0]            ;         0 <- [0x0dffffc4]  r0 = 00000000
T     E92  1390      str    r0, [sp, #0x4c]     ;  [0x0dfffedc] <- 0
T     E94  1898      ldr    r0, [sp, #0x60]     ;   dffffc5 <- [0x0dfffef0]  r0 = 0dffffc5
T     E96  411C      adds   r1, r0, #1          ; r1 = 0dffffc6
T     E98  1891      str    r1, [sp, #0x60]     ;  [0x0dfffef0] <- dffffc6
T     E9A  0078      ldrb   r0, [r0]            ;         0 <- [0x0dffffc5]  r0 = 00000000
T     E9C  1399      ldr    r1, [sp, #0x4c]     ;         0 <- [0x0dfffedc]  r1 = 00000000
T     E9E  41EA0020  orr.w  r0, r1, r0, lsl #8  ; r0 = 00000000
T     EA2  1390      str    r0, [sp, #0x4c]     ;  [0x0dfffedc] <- 0
T     EA4  1898      ldr    r0, [sp, #0x60]     ;   dffffc6 <- [0x0dfffef0]  r0 = 0dffffc6
T     EA6  411C      adds   r1, r0, #1          ; r1 = 0dffffc7
T     EA8  1891      str    r1, [sp, #0x60]     ;  [0x0dfffef0] <- dffffc7
T     EAA  0078      ldrb   r0, [r0]            ;         0 <- [0x0dffffc6]  r0 = 00000000
T     EAC  1399      ldr    r1, [sp, #0x4c]     ;         0 <- [0x0dfffedc]  r1 = 00000000
T     EAE  41EA0040  orr.w  r0, r1, r0, lsl #16 ; r0 = 00000000
T     EB2  1390      str    r0, [sp, #0x4c]     ;  [0x0dfffedc] <- 0
T     EB4  1898      ldr    r0, [sp, #0x60]     ;   dffffc7 <- [0x0dfffef0]  r0 = 0dffffc7
T     EB6  411C      adds   r1, r0, #1          ; r1 = 0dffffc8
T     EB8  1891      str    r1, [sp, #0x60]     ;  [0x0dfffef0] <- dffffc8
T     EBA  0078      ldrb   r0, [r0]            ;         0 <- [0x0dffffc7]  r0 = 00000000
T     EBC  1399      ldr    r1, [sp, #0x4c]     ;         0 <- [0x0dfffedc]  r1 = 00000000
T     EBE  41EA0060  orr.w  r0, r1, r0, lsl #24 ; r0 = 00000000
T     EC2  1390      str    r0, [sp, #0x4c]     ;  [0x0dfffedc] <- 0
T     EC4  1398      ldr    r0, [sp, #0x4c]     ;         0 <- [0x0dfffedc]  r0 = 00000000
T     EC6  0A90      str    r0, [sp, #0x28]     ;  [0x0dfffeb8] <- 0
T     EC8  0B98      ldr    r0, [sp, #0x2c]     ;         0 <- [0x0dfffebc]  r0 = 00000000
T     ECA  1599      ldr    r1, [sp, #0x54]     ;  f458d50b <- [0x0dfffee4]  r1 = f458d50b
T     ECC  149A      ldr    r2, [sp, #0x50]     ;  538b7fbc <- [0x0dfffee0]  r2 = 538b7fbc
T     ECE  5140      eors   r1, r2              ; r1 = a7d3aab7
T     ED0  169B      ldr    r3, [sp, #0x58]     ;  7519a2ff <- [0x0dfffee8]  r3 = 7519a2ff
T     ED2  1940      ands   r1, r3              ; r1 = 2511a2b7
T     ED4  5140      eors   r1, r2              ; r1 = 769add0b
T     ED6  0844      add    r0, r1              ; r0 = 769add0b
T     ED8  1799      ldr    r1, [sp, #0x5c]     ;  c1bc028c <- [0x0dfffeec]  r1 = c1bc028c
T     EDA  0844      add    r0, r1              ; r0 = 3856df97
T     EDC  40F6AF71  movw   r1, #0xfaf          ; r1 = 00000faf
T     EE0  CFF27C51  movt   r1, #0xf57c         ; r1 = f57c0faf
T     EE4  0844      add    r0, r1              ; r0 = 2dd2ef46
T     EE6  1790      str    r0, [sp, #0x5c]     ;  [0x0dfffeec] <- 2dd2ef46
T     EE8  1798      ldr    r0, [sp, #0x5c]     ;  2dd2ef46 <- [0x0dfffeec]  r0 = 2dd2ef46
T     EEA  4FEA7060  ror.w  r0, r0, #0x19       ; r0 = e977a316
T     EEE  1790      str    r0, [sp, #0x5c]     ;  [0x0dfffeec] <- e977a316
T     EF0  1698      ldr    r0, [sp, #0x58]     ;  7519a2ff <- [0x0dfffee8]  r0 = 7519a2ff
T     EF2  1799      ldr    r1, [sp, #0x5c]     ;  e977a316 <- [0x0dfffeec]  r1 = e977a316
T     EF4  0844      add    r0, r1              ; r0 = 5e914615
T     EF6  1790      str    r0, [sp, #0x5c]     ;  [0x0dfffeec] <- 5e914615
T     EF8  1898      ldr    r0, [sp, #0x60]     ;   dffffc8 <- [0x0dfffef0]  r0 = 0dffffc8
T     EFA  411C      adds   r1, r0, #1          ; r1 = 0dffffc9
T     EFC  1891      str    r1, [sp, #0x60]     ;  [0x0dfffef0] <- dffffc9
T     EFE  0078      ldrb   r0, [r0]            ;         0 <- [0x0dffffc8]  r0 = 00000000
T     F00  1390      str    r0, [sp, #0x4c]     ;  [0x0dfffedc] <- 0
T     F02  1898      ldr    r0, [sp, #0x60]     ;   dffffc9 <- [0x0dfffef0]  r0 = 0dffffc9
T     F04  411C      adds   r1, r0, #1          ; r1 = 0dffffca
T     F06  1891      str    r1, [sp, #0x60]     ;  [0x0dfffef0] <- dffffca
T     F08  0078      ldrb   r0, [r0]            ;         0 <- [0x0dffffc9]  r0 = 00000000
T     F0A  1399      ldr    r1, [sp, #0x4c]     ;         0 <- [0x0dfffedc]  r1 = 00000000
T     F0C  41EA0020  orr.w  r0, r1, r0, lsl #8  ; r0 = 00000000
T     F10  1390      str    r0, [sp, #0x4c]     ;  [0x0dfffedc] <- 0
T     F12  1898      ldr    r0, [sp, #0x60]     ;   dffffca <- [0x0dfffef0]  r0 = 0dffffca
T     F14  411C      adds   r1, r0, #1          ; r1 = 0dffffcb
T     F16  1891      str    r1, [sp, #0x60]     ;  [0x0dfffef0] <- dffffcb
T     F18  0078      ldrb   r0, [r0]            ;         0 <- [0x0dffffca]  r0 = 00000000
T     F1A  1399      ldr    r1, [sp, #0x4c]     ;         0 <- [0x0dfffedc]  r1 = 00000000
T     F1C  41EA0040  orr.w  r0, r1, r0, lsl #16 ; r0 = 00000000
T     F20  1390      str    r0, [sp, #0x4c]     ;  [0x0dfffedc] <- 0
T     F22  1898      ldr    r0, [sp, #0x60]     ;   dffffcb <- [0x0dfffef0]  r0 = 0dffffcb
T     F24  411C      adds   r1, r0, #1          ; r1 = 0dffffcc
T     F26  1891      str    r1, [sp, #0x60]     ;  [0x0dfffef0] <- dffffcc
T     F28  0078      ldrb   r0, [r0]            ;         0 <- [0x0dffffcb]  r0 = 00000000
T     F2A  1399      ldr    r1, [sp, #0x4c]     ;         0 <- [0x0dfffedc]  r1 = 00000000
T     F2C  41EA0060  orr.w  r0, r1, r0, lsl #24 ; r0 = 00000000
T     F30  1390      str    r0, [sp, #0x4c]     ;  [0x0dfffedc] <- 0
T     F32  1398      ldr    r0, [sp, #0x4c]     ;         0 <- [0x0dfffedc]  r0 = 00000000
T     F34  0990      str    r0, [sp, #0x24]     ;  [0x0dfffeb4] <- 0
T     F36  0A98      ldr    r0, [sp, #0x28]     ;         0 <- [0x0dfffeb8]  r0 = 00000000
T     F38  1699      ldr    r1, [sp, #0x58]     ;  7519a2ff <- [0x0dfffee8]  r1 = 7519a2ff
T     F3A  159A      ldr    r2, [sp, #0x54]     ;  f458d50b <- [0x0dfffee4]  r2 = f458d50b
T     F3C  5140      eors   r1, r2              ; r1 = 814177f4
T     F3E  179B      ldr    r3, [sp, #0x5c]     ;  5e914615 <- [0x0dfffeec]  r3 = 5e914615
T     F40  1940      ands   r1, r3              ; r1 = 00014614
T     F42  5140      eors   r1, r2              ; r1 = f459931f
T     F44  0844      add    r0, r1              ; r0 = f459931f
T     F46  1499      ldr    r1, [sp, #0x50]     ;  538b7fbc <- [0x0dfffee0]  r1 = 538b7fbc
T     F48  0844      add    r0, r1              ; r0 = 47e512db
T     F4A  4CF22A61  movw   r1, #0xc62a         ; r1 = 0000c62a
T     F4E  C4F28771  movt   r1, #0x4787         ; r1 = 4787c62a
T     F52  0844      add    r0, r1              ; r0 = 8f6cd905
T     F54  1490      str    r0, [sp, #0x50]     ;  [0x0dfffee0] <- 8f6cd905
T     F56  1498      ldr    r0, [sp, #0x50]     ;  8f6cd905 <- [0x0dfffee0]  r0 = 8f6cd905
T     F58  4FEA3050  ror.w  r0, r0, #0x14       ; r0 = cd9058f6
T     F5C  1490      str    r0, [sp, #0x50]     ;  [0x0dfffee0] <- cd9058f6
T     F5E  1798      ldr    r0, [sp, #0x5c]     ;  5e914615 <- [0x0dfffeec]  r0 = 5e914615
T     F60  1499      ldr    r1, [sp, #0x50]     ;  cd9058f6 <- [0x0dfffee0]  r1 = cd9058f6
T     F62  0844      add    r0, r1              ; r0 = 2c219f0b
T     F64  1490      str    r0, [sp, #0x50]     ;  [0x0dfffee0] <- 2c219f0b
T     F66  1898      ldr    r0, [sp, #0x60]     ;   dffffcc <- [0x0dfffef0]  r0 = 0dffffcc
T     F68  411C      adds   r1, r0, #1          ; r1 = 0dffffcd
T     F6A  1891      str    r1, [sp, #0x60]     ;  [0x0dfffef0] <- dffffcd
T     F6C  0078      ldrb   r0, [r0]            ;         0 <- [0x0dffffcc]  r0 = 00000000
T     F6E  1390      str    r0, [sp, #0x4c]     ;  [0x0dfffedc] <- 0
T     F70  1898      ldr    r0, [sp, #0x60]     ;   dffffcd <- [0x0dfffef0]  r0 = 0dffffcd
T     F72  411C      adds   r1, r0, #1          ; r1 = 0dffffce
T     F74  1891      str    r1, [sp, #0x60]     ;  [0x0dfffef0] <- dffffce
T     F76  0078      ldrb   r0, [r0]            ;         0 <- [0x0dffffcd]  r0 = 00000000
T     F78  1399      ldr    r1, [sp, #0x4c]     ;         0 <- [0x0dfffedc]  r1 = 00000000
T     F7A  41EA0020  orr.w  r0, r1, r0, lsl #8  ; r0 = 00000000
T     F7E  1390      str    r0, [sp, #0x4c]     ;  [0x0dfffedc] <- 0
T     F80  1898      ldr    r0, [sp, #0x60]     ;   dffffce <- [0x0dfffef0]  r0 = 0dffffce
T     F82  411C      adds   r1, r0, #1          ; r1 = 0dffffcf
T     F84  1891      str    r1, [sp, #0x60]     ;  [0x0dfffef0] <- dffffcf
T     F86  0078      ldrb   r0, [r0]            ;         0 <- [0x0dffffce]  r0 = 00000000
T     F88  1399      ldr    r1, [sp, #0x4c]     ;         0 <- [0x0dfffedc]  r1 = 00000000
T     F8A  41EA0040  orr.w  r0, r1, r0, lsl #16 ; r0 = 00000000
T     F8E  1390      str    r0, [sp, #0x4c]     ;  [0x0dfffedc] <- 0
T     F90  1898      ldr    r0, [sp, #0x60]     ;   dffffcf <- [0x0dfffef0]  r0 = 0dffffcf
T     F92  411C      adds   r1, r0, #1          ; r1 = 0dffffd0
T     F94  1891      str    r1, [sp, #0x60]     ;  [0x0dfffef0] <- dffffd0
T     F96  0078      ldrb   r0, [r0]            ;         0 <- [0x0dffffcf]  r0 = 00000000
T     F98  1399      ldr    r1, [sp, #0x4c]     ;         0 <- [0x0dfffedc]  r1 = 00000000
T     F9A  41EA0060  orr.w  r0, r1, r0, lsl #24 ; r0 = 00000000
T     F9E  1390      str    r0, [sp, #0x4c]     ;  [0x0dfffedc] <- 0
T     FA0  1398      ldr    r0, [sp, #0x4c]     ;         0 <- [0x0dfffedc]  r0 = 00000000
T     FA2  0890      str    r0, [sp, #0x20]     ;  [0x0dfffeb0] <- 0
T     FA4  0998      ldr    r0, [sp, #0x24]     ;         0 <- [0x0dfffeb4]  r0 = 00000000
T     FA6  1799      ldr    r1, [sp, #0x5c]     ;  5e914615 <- [0x0dfffeec]  r1 = 5e914615
T     FA8  169A      ldr    r2, [sp, #0x58]     ;  7519a2ff <- [0x0dfffee8]  r2 = 7519a2ff
T     FAA  5140      eors   r1, r2              ; r1 = 2b88e4ea
T     FAC  149B      ldr    r3, [sp, #0x50]     ;  2c219f0b <- [0x0dfffee0]  r3 = 2c219f0b
T     FAE  1940      ands   r1, r3              ; r1 = 2800840a
T     FB0  5140      eors   r1, r2              ; r1 = 5d1926f5
T     FB2  0844      add    r0, r1              ; r0 = 5d1926f5
T     FB4  1599      ldr    r1, [sp, #0x54]     ;  f458d50b <- [0x0dfffee4]  r1 = f458d50b
T     FB6  0844      add    r0, r1              ; r0 = 5171fc00
T     FB8  44F21361  movw   r1, #0x4613         ; r1 = 00004613
T     FBC  CAF63001  movt   r1, #0xa830         ; r1 = a8304613
T     FC0  0844      add    r0, r1              ; r0 = f9a24213
T     FC2  1590      str    r0, [sp, #0x54]     ;  [0x0dfffee4] <- f9a24213
T     FC4  1598      ldr    r0, [sp, #0x54]     ;  f9a24213 <- [0x0dfffee4]  r0 = f9a24213
T     FC6  4FEAF030  ror.w  r0, r0, #0xf        ; r0 = 8427f344
T     FCA  1590      str    r0, [sp, #0x54]     ;  [0x0dfffee4] <- 8427f344
T     FCC  1498      ldr    r0, [sp, #0x50]     ;  2c219f0b <- [0x0dfffee0]  r0 = 2c219f0b
T     FCE  1599      ldr    r1, [sp, #0x54]     ;  8427f344 <- [0x0dfffee4]  r1 = 8427f344
T     FD0  0844      add    r0, r1              ; r0 = b049924f
T     FD2  1590      str    r0, [sp, #0x54]     ;  [0x0dfffee4] <- b049924f
T     FD4  1898      ldr    r0, [sp, #0x60]     ;   dffffd0 <- [0x0dfffef0]  r0 = 0dffffd0
T     FD6  411C      adds   r1, r0, #1          ; r1 = 0dffffd1
T     FD8  1891      str    r1, [sp, #0x60]     ;  [0x0dfffef0] <- dffffd1
T     FDA  0078      ldrb   r0, [r0]            ;         0 <- [0x0dffffd0]  r0 = 00000000
T     FDC  1390      str    r0, [sp, #0x4c]     ;  [0x0dfffedc] <- 0
T     FDE  1898      ldr    r0, [sp, #0x60]     ;   dffffd1 <- [0x0dfffef0]  r0 = 0dffffd1
T     FE0  411C      adds   r1, r0, #1          ; r1 = 0dffffd2
T     FE2  1891      str    r1, [sp, #0x60]     ;  [0x0dfffef0] <- dffffd2
T     FE4  0078      ldrb   r0, [r0]            ;         0 <- [0x0dffffd1]  r0 = 00000000
T     FE6  1399      ldr    r1, [sp, #0x4c]     ;         0 <- [0x0dfffedc]  r1 = 00000000
T     FE8  41EA0020  orr.w  r0, r1, r0, lsl #8  ; r0 = 00000000
T     FEC  1390      str    r0, [sp, #0x4c]     ;  [0x0dfffedc] <- 0
T     FEE  1898      ldr    r0, [sp, #0x60]     ;   dffffd2 <- [0x0dfffef0]  r0 = 0dffffd2
T     FF0  411C      adds   r1, r0, #1          ; r1 = 0dffffd3
T     FF2  1891      str    r1, [sp, #0x60]     ;  [0x0dfffef0] <- dffffd3
T     FF4  0078      ldrb   r0, [r0]            ;         0 <- [0x0dffffd2]  r0 = 00000000
T     FF6  1399      ldr    r1, [sp, #0x4c]     ;         0 <- [0x0dfffedc]  r1 = 00000000
T     FF8  41EA0040  orr.w  r0, r1, r0, lsl #16 ; r0 = 00000000
T     FFC  1390      str    r0, [sp, #0x4c]     ;  [0x0dfffedc] <- 0
T     FFE  1898      ldr    r0, [sp, #0x60]     ;   dffffd3 <- [0x0dfffef0]  r0 = 0dffffd3
T    1000  411C      adds   r1, r0, #1          ; r1 = 0dffffd4
T    1002  1891      str    r1, [sp, #0x60]     ;  [0x0dfffef0] <- dffffd4
T    1004  0078      ldrb   r0, [r0]            ;         0 <- [0x0dffffd3]  r0 = 00000000
T    1006  1399      ldr    r1, [sp, #0x4c]     ;         0 <- [0x0dfffedc]  r1 = 00000000
T    1008  41EA0060  orr.w  r0, r1, r0, lsl #24 ; r0 = 00000000
T    100C  1390      str    r0, [sp, #0x4c]     ;  [0x0dfffedc] <- 0
T    100E  1398      ldr    r0, [sp, #0x4c]     ;         0 <- [0x0dfffedc]  r0 = 00000000
T    1010  0790      str    r0, [sp, #0x1c]     ;  [0x0dfffeac] <- 0
T    1012  0898      ldr    r0, [sp, #0x20]     ;         0 <- [0x0dfffeb0]  r0 = 00000000
T    1014  1499      ldr    r1, [sp, #0x50]     ;  2c219f0b <- [0x0dfffee0]  r1 = 2c219f0b
T    1016  179A      ldr    r2, [sp, #0x5c]     ;  5e914615 <- [0x0dfffeec]  r2 = 5e914615
T    1018  5140      eors   r1, r2              ; r1 = 72b0d91e
T    101A  159B      ldr    r3, [sp, #0x54]     ;  b049924f <- [0x0dfffee4]  r3 = b049924f
T    101C  1940      ands   r1, r3              ; r1 = 3000900e
T    101E  5140      eors   r1, r2              ; r1 = 6e91d61b
T    1020  0844      add    r0, r1              ; r0 = 6e91d61b
T    1022  1699      ldr    r1, [sp, #0x58]     ;  7519a2ff <- [0x0dfffee8]  r1 = 7519a2ff
T    1024  0844      add    r0, r1              ; r0 = e3ab791a
T    1026  49F20151  movw   r1, #0x9501         ; r1 = 00009501
T    102A  CFF64651  movt   r1, #0xfd46         ; r1 = fd469501
T    102E  0844      add    r0, r1              ; r0 = e0f20e1b
T    1030  1690      str    r0, [sp, #0x58]     ;  [0x0dfffee8] <- e0f20e1b
T    1032  1698      ldr    r0, [sp, #0x58]     ;  e0f20e1b <- [0x0dfffee8]  r0 = e0f20e1b
T    1034  4FEAB020  ror.w  r0, r0, #0xa        ; r0 = 86f83c83
T    1038  1690      str    r0, [sp, #0x58]     ;  [0x0dfffee8] <- 86f83c83
T    103A  1598      ldr    r0, [sp, #0x54]     ;  b049924f <- [0x0dfffee4]  r0 = b049924f
T    103C  1699      ldr    r1, [sp, #0x58]     ;  86f83c83 <- [0x0dfffee8]  r1 = 86f83c83
T    103E  0844      add    r0, r1              ; r0 = 3741ced2
T    1040  1690      str    r0, [sp, #0x58]     ;  [0x0dfffee8] <- 3741ced2
T    1042  1898      ldr    r0, [sp, #0x60]     ;   dffffd4 <- [0x0dfffef0]  r0 = 0dffffd4
T    1044  411C      adds   r1, r0, #1          ; r1 = 0dffffd5
T    1046  1891      str    r1, [sp, #0x60]     ;  [0x0dfffef0] <- dffffd5
T    1048  0078      ldrb   r0, [r0]            ;         0 <- [0x0dffffd4]  r0 = 00000000
T    104A  1390      str    r0, [sp, #0x4c]     ;  [0x0dfffedc] <- 0
T    104C  1898      ldr    r0, [sp, #0x60]     ;   dffffd5 <- [0x0dfffef0]  r0 = 0dffffd5
T    104E  411C      adds   r1, r0, #1          ; r1 = 0dffffd6
T    1050  1891      str    r1, [sp, #0x60]     ;  [0x0dfffef0] <- dffffd6
T    1052  0078      ldrb   r0, [r0]            ;         0 <- [0x0dffffd5]  r0 = 00000000
T    1054  1399      ldr    r1, [sp, #0x4c]     ;         0 <- [0x0dfffedc]  r1 = 00000000
T    1056  41EA0020  orr.w  r0, r1, r0, lsl #8  ; r0 = 00000000
T    105A  1390      str    r0, [sp, #0x4c]     ;  [0x0dfffedc] <- 0
T    105C  1898      ldr    r0, [sp, #0x60]     ;   dffffd6 <- [0x0dfffef0]  r0 = 0dffffd6
T    105E  411C      adds   r1, r0, #1          ; r1 = 0dffffd7
T    1060  1891      str    r1, [sp, #0x60]     ;  [0x0dfffef0] <- dffffd7
T    1062  0078      ldrb   r0, [r0]            ;         0 <- [0x0dffffd6]  r0 = 00000000
T    1064  1399      ldr    r1, [sp, #0x4c]     ;         0 <- [0x0dfffedc]  r1 = 00000000
T    1066  41EA0040  orr.w  r0, r1, r0, lsl #16 ; r0 = 00000000
T    106A  1390      str    r0, [sp, #0x4c]     ;  [0x0dfffedc] <- 0
T    106C  1898      ldr    r0, [sp, #0x60]     ;   dffffd7 <- [0x0dfffef0]  r0 = 0dffffd7
T    106E  411C      adds   r1, r0, #1          ; r1 = 0dffffd8
T    1070  1891      str    r1, [sp, #0x60]     ;  [0x0dfffef0] <- dffffd8
T    1072  0078      ldrb   r0, [r0]            ;         0 <- [0x0dffffd7]  r0 = 00000000
T    1074  1399      ldr    r1, [sp, #0x4c]     ;         0 <- [0x0dfffedc]  r1 = 00000000
T    1076  41EA0060  orr.w  r0, r1, r0, lsl #24 ; r0 = 00000000
T    107A  1390      str    r0, [sp, #0x4c]     ;  [0x0dfffedc] <- 0
T    107C  1398      ldr    r0, [sp, #0x4c]     ;         0 <- [0x0dfffedc]  r0 = 00000000
T    107E  0690      str    r0, [sp, #0x18]     ;  [0x0dfffea8] <- 0
T    1080  0798      ldr    r0, [sp, #0x1c]     ;         0 <- [0x0dfffeac]  r0 = 00000000
T    1082  1599      ldr    r1, [sp, #0x54]     ;  b049924f <- [0x0dfffee4]  r1 = b049924f
T    1084  149A      ldr    r2, [sp, #0x50]     ;  2c219f0b <- [0x0dfffee0]  r2 = 2c219f0b
T    1086  5140      eors   r1, r2              ; r1 = 9c680d44
T    1088  169B      ldr    r3, [sp, #0x58]     ;  3741ced2 <- [0x0dfffee8]  r3 = 3741ced2
T    108A  1940      ands   r1, r3              ; r1 = 14400c40
T    108C  5140      eors   r1, r2              ; r1 = 3861934b
T    108E  0844      add    r0, r1              ; r0 = 3861934b
T    1090  1799      ldr    r1, [sp, #0x5c]     ;  5e914615 <- [0x0dfffeec]  r1 = 5e914615
T    1092  0844      add    r0, r1              ; r0 = 96f2d960
T    1094  49F6D801  movw   r1, #0x98d8         ; r1 = 000098d8
T    1098  C6F68011  movt   r1, #0x6980         ; r1 = 698098d8
T    109C  0844      add    r0, r1              ; r0 = 00737238
T    109E  1790      str    r0, [sp, #0x5c]     ;  [0x0dfffeec] <- 737238
T    10A0  1798      ldr    r0, [sp, #0x5c]     ;    737238 <- [0x0dfffeec]  r0 = 00737238
T    10A2  4FEA7060  ror.w  r0, r0, #0x19       ; r0 = 39b91c00
T    10A6  1790      str    r0, [sp, #0x5c]     ;  [0x0dfffeec] <- 39b91c00
T    10A8  1698      ldr    r0, [sp, #0x58]     ;  3741ced2 <- [0x0dfffee8]  r0 = 3741ced2
T    10AA  1799      ldr    r1, [sp, #0x5c]     ;  39b91c00 <- [0x0dfffeec]  r1 = 39b91c00
T    10AC  0844      add    r0, r1              ; r0 = 70faead2
T    10AE  1790      str    r0, [sp, #0x5c]     ;  [0x0dfffeec] <- 70faead2
T    10B0  1898      ldr    r0, [sp, #0x60]     ;   dffffd8 <- [0x0dfffef0]  r0 = 0dffffd8
T    10B2  411C      adds   r1, r0, #1          ; r1 = 0dffffd9
T    10B4  1891      str    r1, [sp, #0x60]     ;  [0x0dfffef0] <- dffffd9
T    10B6  0078      ldrb   r0, [r0]            ;         0 <- [0x0dffffd8]  r0 = 00000000
T    10B8  1390      str    r0, [sp, #0x4c]     ;  [0x0dfffedc] <- 0
T    10BA  1898      ldr    r0, [sp, #0x60]     ;   dffffd9 <- [0x0dfffef0]  r0 = 0dffffd9
T    10BC  411C      adds   r1, r0, #1          ; r1 = 0dffffda
T    10BE  1891      str    r1, [sp, #0x60]     ;  [0x0dfffef0] <- dffffda
T    10C0  0078      ldrb   r0, [r0]            ;         0 <- [0x0dffffd9]  r0 = 00000000
T    10C2  1399      ldr    r1, [sp, #0x4c]     ;         0 <- [0x0dfffedc]  r1 = 00000000
T    10C4  41EA0020  orr.w  r0, r1, r0, lsl #8  ; r0 = 00000000
T    10C8  1390      str    r0, [sp, #0x4c]     ;  [0x0dfffedc] <- 0
T    10CA  1898      ldr    r0, [sp, #0x60]     ;   dffffda <- [0x0dfffef0]  r0 = 0dffffda
T    10CC  411C      adds   r1, r0, #1          ; r1 = 0dffffdb
T    10CE  1891      str    r1, [sp, #0x60]     ;  [0x0dfffef0] <- dffffdb
T    10D0  0078      ldrb   r0, [r0]            ;         0 <- [0x0dffffda]  r0 = 00000000
T    10D2  1399      ldr    r1, [sp, #0x4c]     ;         0 <- [0x0dfffedc]  r1 = 00000000
T    10D4  41EA0040  orr.w  r0, r1, r0, lsl #16 ; r0 = 00000000
T    10D8  1390      str    r0, [sp, #0x4c]     ;  [0x0dfffedc] <- 0
T    10DA  1898      ldr    r0, [sp, #0x60]     ;   dffffdb <- [0x0dfffef0]  r0 = 0dffffdb
T    10DC  411C      adds   r1, r0, #1          ; r1 = 0dffffdc
T    10DE  1891      str    r1, [sp, #0x60]     ;  [0x0dfffef0] <- dffffdc
T    10E0  0078      ldrb   r0, [r0]            ;         0 <- [0x0dffffdb]  r0 = 00000000
T    10E2  1399      ldr    r1, [sp, #0x4c]     ;         0 <- [0x0dfffedc]  r1 = 00000000
T    10E4  41EA0060  orr.w  r0, r1, r0, lsl #24 ; r0 = 00000000
T    10E8  1390      str    r0, [sp, #0x4c]     ;  [0x0dfffedc] <- 0
T    10EA  1398      ldr    r0, [sp, #0x4c]     ;         0 <- [0x0dfffedc]  r0 = 00000000
T    10EC  0590      str    r0, [sp, #0x14]     ;  [0x0dfffea4] <- 0
T    10EE  0698      ldr    r0, [sp, #0x18]     ;         0 <- [0x0dfffea8]  r0 = 00000000
T    10F0  1699      ldr    r1, [sp, #0x58]     ;  3741ced2 <- [0x0dfffee8]  r1 = 3741ced2
T    10F2  159A      ldr    r2, [sp, #0x54]     ;  b049924f <- [0x0dfffee4]  r2 = b049924f
T    10F4  5140      eors   r1, r2              ; r1 = 87085c9d
T    10F6  179B      ldr    r3, [sp, #0x5c]     ;  70faead2 <- [0x0dfffeec]  r3 = 70faead2
T    10F8  1940      ands   r1, r3              ; r1 = 00084890
T    10FA  5140      eors   r1, r2              ; r1 = b041dadf
T    10FC  0844      add    r0, r1              ; r0 = b041dadf
T    10FE  1499      ldr    r1, [sp, #0x50]     ;  2c219f0b <- [0x0dfffee0]  r1 = 2c219f0b
T    1100  0844      add    r0, r1              ; r0 = dc6379ea
T    1102  4FF2AF71  movw   r1, #0xf7af         ; r1 = 0000f7af
T    1106  C8F64431  movt   r1, #0x8b44         ; r1 = 8b44f7af
T    110A  0844      add    r0, r1              ; r0 = 67a87199
T    110C  1490      str    r0, [sp, #0x50]     ;  [0x0dfffee0] <- 67a87199
T    110E  1498      ldr    r0, [sp, #0x50]     ;  67a87199 <- [0x0dfffee0]  r0 = 67a87199
T    1110  4FEA3050  ror.w  r0, r0, #0x14       ; r0 = 8719967a
T    1114  1490      str    r0, [sp, #0x50]     ;  [0x0dfffee0] <- 8719967a
T    1116  1798      ldr    r0, [sp, #0x5c]     ;  70faead2 <- [0x0dfffeec]  r0 = 70faead2
T    1118  1499      ldr    r1, [sp, #0x50]     ;  8719967a <- [0x0dfffee0]  r1 = 8719967a
T    111A  0844      add    r0, r1              ; r0 = f814814c
T    111C  1490      str    r0, [sp, #0x50]     ;  [0x0dfffee0] <- f814814c
T    111E  1898      ldr    r0, [sp, #0x60]     ;   dffffdc <- [0x0dfffef0]  r0 = 0dffffdc
T    1120  411C      adds   r1, r0, #1          ; r1 = 0dffffdd
T    1122  1891      str    r1, [sp, #0x60]     ;  [0x0dfffef0] <- dffffdd
T    1124  0078      ldrb   r0, [r0]            ;         0 <- [0x0dffffdc]  r0 = 00000000
T    1126  1390      str    r0, [sp, #0x4c]     ;  [0x0dfffedc] <- 0
T    1128  1898      ldr    r0, [sp, #0x60]     ;   dffffdd <- [0x0dfffef0]  r0 = 0dffffdd
T    112A  411C      adds   r1, r0, #1          ; r1 = 0dffffde
T    112C  1891      str    r1, [sp, #0x60]     ;  [0x0dfffef0] <- dffffde
T    112E  0078      ldrb   r0, [r0]            ;         0 <- [0x0dffffdd]  r0 = 00000000
T    1130  1399      ldr    r1, [sp, #0x4c]     ;         0 <- [0x0dfffedc]  r1 = 00000000
T    1132  41EA0020  orr.w  r0, r1, r0, lsl #8  ; r0 = 00000000
T    1136  1390      str    r0, [sp, #0x4c]     ;  [0x0dfffedc] <- 0
T    1138  1898      ldr    r0, [sp, #0x60]     ;   dffffde <- [0x0dfffef0]  r0 = 0dffffde
T    113A  411C      adds   r1, r0, #1          ; r1 = 0dffffdf
T    113C  1891      str    r1, [sp, #0x60]     ;  [0x0dfffef0] <- dffffdf
T    113E  0078      ldrb   r0, [r0]            ;         0 <- [0x0dffffde]  r0 = 00000000
T    1140  1399      ldr    r1, [sp, #0x4c]     ;         0 <- [0x0dfffedc]  r1 = 00000000
T    1142  41EA0040  orr.w  r0, r1, r0, lsl #16 ; r0 = 00000000
T    1146  1390      str    r0, [sp, #0x4c]     ;  [0x0dfffedc] <- 0
T    1148  1898      ldr    r0, [sp, #0x60]     ;   dffffdf <- [0x0dfffef0]  r0 = 0dffffdf
T    114A  411C      adds   r1, r0, #1          ; r1 = 0dffffe0
T    114C  1891      str    r1, [sp, #0x60]     ;  [0x0dfffef0] <- dffffe0
T    114E  0078      ldrb   r0, [r0]            ;         0 <- [0x0dffffdf]  r0 = 00000000
T    1150  1399      ldr    r1, [sp, #0x4c]     ;         0 <- [0x0dfffedc]  r1 = 00000000
T    1152  41EA0060  orr.w  r0, r1, r0, lsl #24 ; r0 = 00000000
T    1156  1390      str    r0, [sp, #0x4c]     ;  [0x0dfffedc] <- 0
T    1158  1398      ldr    r0, [sp, #0x4c]     ;         0 <- [0x0dfffedc]  r0 = 00000000
T    115A  0490      str    r0, [sp, #0x10]     ;  [0x0dfffea0] <- 0
T    115C  0598      ldr    r0, [sp, #0x14]     ;         0 <- [0x0dfffea4]  r0 = 00000000
T    115E  1799      ldr    r1, [sp, #0x5c]     ;  70faead2 <- [0x0dfffeec]  r1 = 70faead2
T    1160  169A      ldr    r2, [sp, #0x58]     ;  3741ced2 <- [0x0dfffee8]  r2 = 3741ced2
T    1162  5140      eors   r1, r2              ; r1 = 47bb2400
T    1164  149B      ldr    r3, [sp, #0x50]     ;  f814814c <- [0x0dfffee0]  r3 = f814814c
T    1166  1940      ands   r1, r3              ; r1 = 40100000
T    1168  5140      eors   r1, r2              ; r1 = 7751ced2
T    116A  0844      add    r0, r1              ; r0 = 7751ced2
T    116C  1599      ldr    r1, [sp, #0x54]     ;  b049924f <- [0x0dfffee4]  r1 = b049924f
T    116E  0844      add    r0, r1              ; r0 = 279b6121
T    1170  4AF24F41  movw   r1, #0xa44f         ; r1 = 0000a44f
T    1174  401A      subs   r0, r0, r1          ; r0 = 279abcd2
T    1176  1590      str    r0, [sp, #0x54]     ;  [0x0dfffee4] <- 279abcd2
T    1178  1598      ldr    r0, [sp, #0x54]     ;  279abcd2 <- [0x0dfffee4]  r0 = 279abcd2
T    117A  4FEAF030  ror.w  r0, r0, #0xf        ; r0 = 79a44f35
T    117E  1590      str    r0, [sp, #0x54]     ;  [0x0dfffee4] <- 79a44f35
T    1180  1498      ldr    r0, [sp, #0x50]     ;  f814814c <- [0x0dfffee0]  r0 = f814814c
T    1182  1599      ldr    r1, [sp, #0x54]     ;  79a44f35 <- [0x0dfffee4]  r1 = 79a44f35
T    1184  0844      add    r0, r1              ; r0 = 71b8d081
T    1186  1590      str    r0, [sp, #0x54]     ;  [0x0dfffee4] <- 71b8d081
T    1188  1898      ldr    r0, [sp, #0x60]     ;   dffffe0 <- [0x0dfffef0]  r0 = 0dffffe0
T    118A  411C      adds   r1, r0, #1          ; r1 = 0dffffe1
T    118C  1891      str    r1, [sp, #0x60]     ;  [0x0dfffef0] <- dffffe1
T    118E  0078      ldrb   r0, [r0]            ;         0 <- [0x0dffffe0]  r0 = 00000000
T    1190  1390      str    r0, [sp, #0x4c]     ;  [0x0dfffedc] <- 0
T    1192  1898      ldr    r0, [sp, #0x60]     ;   dffffe1 <- [0x0dfffef0]  r0 = 0dffffe1
T    1194  411C      adds   r1, r0, #1          ; r1 = 0dffffe2
T    1196  1891      str    r1, [sp, #0x60]     ;  [0x0dfffef0] <- dffffe2
T    1198  0078      ldrb   r0, [r0]            ;         0 <- [0x0dffffe1]  r0 = 00000000
T    119A  1399      ldr    r1, [sp, #0x4c]     ;         0 <- [0x0dfffedc]  r1 = 00000000
T    119C  41EA0020  orr.w  r0, r1, r0, lsl #8  ; r0 = 00000000
T    11A0  1390      str    r0, [sp, #0x4c]     ;  [0x0dfffedc] <- 0
T    11A2  1898      ldr    r0, [sp, #0x60]     ;   dffffe2 <- [0x0dfffef0]  r0 = 0dffffe2
T    11A4  411C      adds   r1, r0, #1          ; r1 = 0dffffe3
T    11A6  1891      str    r1, [sp, #0x60]     ;  [0x0dfffef0] <- dffffe3
T    11A8  0078      ldrb   r0, [r0]            ;         0 <- [0x0dffffe2]  r0 = 00000000
T    11AA  1399      ldr    r1, [sp, #0x4c]     ;         0 <- [0x0dfffedc]  r1 = 00000000
T    11AC  41EA0040  orr.w  r0, r1, r0, lsl #16 ; r0 = 00000000
T    11B0  1390      str    r0, [sp, #0x4c]     ;  [0x0dfffedc] <- 0
T    11B2  1898      ldr    r0, [sp, #0x60]     ;   dffffe3 <- [0x0dfffef0]  r0 = 0dffffe3
T    11B4  411C      adds   r1, r0, #1          ; r1 = 0dffffe4
T    11B6  1891      str    r1, [sp, #0x60]     ;  [0x0dfffef0] <- dffffe4
T    11B8  0078      ldrb   r0, [r0]            ;         0 <- [0x0dffffe3]  r0 = 00000000
T    11BA  1399      ldr    r1, [sp, #0x4c]     ;         0 <- [0x0dfffedc]  r1 = 00000000
T    11BC  41EA0060  orr.w  r0, r1, r0, lsl #24 ; r0 = 00000000
T    11C0  1390      str    r0, [sp, #0x4c]     ;  [0x0dfffedc] <- 0
T    11C2  1398      ldr    r0, [sp, #0x4c]     ;         0 <- [0x0dfffedc]  r0 = 00000000
T    11C4  0390      str    r0, [sp, #0xc]      ;  [0x0dfffe9c] <- 0
T    11C6  0498      ldr    r0, [sp, #0x10]     ;         0 <- [0x0dfffea0]  r0 = 00000000
T    11C8  1499      ldr    r1, [sp, #0x50]     ;  f814814c <- [0x0dfffee0]  r1 = f814814c
T    11CA  179A      ldr    r2, [sp, #0x5c]     ;  70faead2 <- [0x0dfffeec]  r2 = 70faead2
T    11CC  5140      eors   r1, r2              ; r1 = 88ee6b9e
T    11CE  159B      ldr    r3, [sp, #0x54]     ;  71b8d081 <- [0x0dfffee4]  r3 = 71b8d081
T    11D0  1940      ands   r1, r3              ; r1 = 00a84080
T    11D2  5140      eors   r1, r2              ; r1 = 7052aa52
T    11D4  0844      add    r0, r1              ; r0 = 7052aa52
T    11D6  1699      ldr    r1, [sp, #0x58]     ;  3741ced2 <- [0x0dfffee8]  r1 = 3741ced2
T    11D8  0844      add    r0, r1              ; r0 = a7947924
T    11DA  4DF2BE71  movw   r1, #0xd7be         ; r1 = 0000d7be
T    11DE  C8F65C11  movt   r1, #0x895c         ; r1 = 895cd7be
T    11E2  0844      add    r0, r1              ; r0 = 30f150e2
T    11E4  1690      str    r0, [sp, #0x58]     ;  [0x0dfffee8] <- 30f150e2
T    11E6  1698      ldr    r0, [sp, #0x58]     ;  30f150e2 <- [0x0dfffee8]  r0 = 30f150e2
T    11E8  4FEAB020  ror.w  r0, r0, #0xa        ; r0 = 388c3c54
T    11EC  1690      str    r0, [sp, #0x58]     ;  [0x0dfffee8] <- 388c3c54
T    11EE  1598      ldr    r0, [sp, #0x54]     ;  71b8d081 <- [0x0dfffee4]  r0 = 71b8d081
T    11F0  1699      ldr    r1, [sp, #0x58]     ;  388c3c54 <- [0x0dfffee8]  r1 = 388c3c54
T    11F2  0844      add    r0, r1              ; r0 = aa450cd5
T    11F4  1690      str    r0, [sp, #0x58]     ;  [0x0dfffee8] <- aa450cd5
T    11F6  1898      ldr    r0, [sp, #0x60]     ;   dffffe4 <- [0x0dfffef0]  r0 = 0dffffe4
T    11F8  411C      adds   r1, r0, #1          ; r1 = 0dffffe5
T    11FA  1891      str    r1, [sp, #0x60]     ;  [0x0dfffef0] <- dffffe5
T    11FC  0078      ldrb   r0, [r0]            ;         0 <- [0x0dffffe4]  r0 = 00000000
T    11FE  1390      str    r0, [sp, #0x4c]     ;  [0x0dfffedc] <- 0
T    1200  1898      ldr    r0, [sp, #0x60]     ;   dffffe5 <- [0x0dfffef0]  r0 = 0dffffe5
T    1202  411C      adds   r1, r0, #1          ; r1 = 0dffffe6
T    1204  1891      str    r1, [sp, #0x60]     ;  [0x0dfffef0] <- dffffe6
T    1206  0078      ldrb   r0, [r0]            ;         0 <- [0x0dffffe5]  r0 = 00000000
T    1208  1399      ldr    r1, [sp, #0x4c]     ;         0 <- [0x0dfffedc]  r1 = 00000000
T    120A  41EA0020  orr.w  r0, r1, r0, lsl #8  ; r0 = 00000000
T    120E  1390      str    r0, [sp, #0x4c]     ;  [0x0dfffedc] <- 0
T    1210  1898      ldr    r0, [sp, #0x60]     ;   dffffe6 <- [0x0dfffef0]  r0 = 0dffffe6
T    1212  411C      adds   r1, r0, #1          ; r1 = 0dffffe7
T    1214  1891      str    r1, [sp, #0x60]     ;  [0x0dfffef0] <- dffffe7
T    1216  0078      ldrb   r0, [r0]            ;         0 <- [0x0dffffe6]  r0 = 00000000
T    1218  1399      ldr    r1, [sp, #0x4c]     ;         0 <- [0x0dfffedc]  r1 = 00000000
T    121A  41EA0040  orr.w  r0, r1, r0, lsl #16 ; r0 = 00000000
T    121E  1390      str    r0, [sp, #0x4c]     ;  [0x0dfffedc] <- 0
T    1220  1898      ldr    r0, [sp, #0x60]     ;   dffffe7 <- [0x0dfffef0]  r0 = 0dffffe7
T    1222  411C      adds   r1, r0, #1          ; r1 = 0dffffe8
T    1224  1891      str    r1, [sp, #0x60]     ;  [0x0dfffef0] <- dffffe8
T    1226  0078      ldrb   r0, [r0]            ;         0 <- [0x0dffffe7]  r0 = 00000000
T    1228  1399      ldr    r1, [sp, #0x4c]     ;         0 <- [0x0dfffedc]  r1 = 00000000
T    122A  41EA0060  orr.w  r0, r1, r0, lsl #24 ; r0 = 00000000
T    122E  1390      str    r0, [sp, #0x4c]     ;  [0x0dfffedc] <- 0
T    1230  1398      ldr    r0, [sp, #0x4c]     ;         0 <- [0x0dfffedc]  r0 = 00000000
T    1232  0290      str    r0, [sp, #8]        ;  [0x0dfffe98] <- 0
T    1234  0398      ldr    r0, [sp, #0xc]      ;         0 <- [0x0dfffe9c]  r0 = 00000000
T    1236  1599      ldr    r1, [sp, #0x54]     ;  71b8d081 <- [0x0dfffee4]  r1 = 71b8d081
T    1238  149A      ldr    r2, [sp, #0x50]     ;  f814814c <- [0x0dfffee0]  r2 = f814814c
T    123A  5140      eors   r1, r2              ; r1 = 89ac51cd
T    123C  169B      ldr    r3, [sp, #0x58]     ;  aa450cd5 <- [0x0dfffee8]  r3 = aa450cd5
T    123E  1940      ands   r1, r3              ; r1 = 880400c5
T    1240  5140      eors   r1, r2              ; r1 = 70108189
T    1242  0844      add    r0, r1              ; r0 = 70108189
T    1244  1799      ldr    r1, [sp, #0x5c]     ;  70faead2 <- [0x0dfffeec]  r1 = 70faead2
T    1246  0844      add    r0, r1              ; r0 = e10b6c5b
T    1248  41F22211  movw   r1, #0x1122         ; r1 = 00001122
T    124C  C6F69031  movt   r1, #0x6b90         ; r1 = 6b901122
T    1250  0844      add    r0, r1              ; r0 = 4c9b7d7d
T    1252  1790      str    r0, [sp, #0x5c]     ;  [0x0dfffeec] <- 4c9b7d7d
T    1254  1798      ldr    r0, [sp, #0x5c]     ;  4c9b7d7d <- [0x0dfffeec]  r0 = 4c9b7d7d
T    1256  4FEA7060  ror.w  r0, r0, #0x19       ; r0 = 4dbebea6
T    125A  1790      str    r0, [sp, #0x5c]     ;  [0x0dfffeec] <- 4dbebea6
T    125C  1698      ldr    r0, [sp, #0x58]     ;  aa450cd5 <- [0x0dfffee8]  r0 = aa450cd5
T    125E  1799      ldr    r1, [sp, #0x5c]     ;  4dbebea6 <- [0x0dfffeec]  r1 = 4dbebea6
T    1260  0844      add    r0, r1              ; r0 = f803cb7b
T    1262  1790      str    r0, [sp, #0x5c]     ;  [0x0dfffeec] <- f803cb7b
T    1264  1898      ldr    r0, [sp, #0x60]     ;   dffffe8 <- [0x0dfffef0]  r0 = 0dffffe8
T    1266  411C      adds   r1, r0, #1          ; r1 = 0dffffe9
T    1268  1891      str    r1, [sp, #0x60]     ;  [0x0dfffef0] <- dffffe9
T    126A  0078      ldrb   r0, [r0]            ;        30 <- [0x0dffffe8]  r0 = 00000030
T    126C  1390      str    r0, [sp, #0x4c]     ;  [0x0dfffedc] <- 30
T    126E  1898      ldr    r0, [sp, #0x60]     ;   dffffe9 <- [0x0dfffef0]  r0 = 0dffffe9
T    1270  411C      adds   r1, r0, #1          ; r1 = 0dffffea
T    1272  1891      str    r1, [sp, #0x60]     ;  [0x0dfffef0] <- dffffea
T    1274  0078      ldrb   r0, [r0]            ;         0 <- [0x0dffffe9]  r0 = 00000000
T    1276  1399      ldr    r1, [sp, #0x4c]     ;        30 <- [0x0dfffedc]  r1 = 00000030
T    1278  41EA0020  orr.w  r0, r1, r0, lsl #8  ; r0 = 00000030
T    127C  1390      str    r0, [sp, #0x4c]     ;  [0x0dfffedc] <- 30
T    127E  1898      ldr    r0, [sp, #0x60]     ;   dffffea <- [0x0dfffef0]  r0 = 0dffffea
T    1280  411C      adds   r1, r0, #1          ; r1 = 0dffffeb
T    1282  1891      str    r1, [sp, #0x60]     ;  [0x0dfffef0] <- dffffeb
T    1284  0078      ldrb   r0, [r0]            ;         0 <- [0x0dffffea]  r0 = 00000000
T    1286  1399      ldr    r1, [sp, #0x4c]     ;        30 <- [0x0dfffedc]  r1 = 00000030
T    1288  41EA0040  orr.w  r0, r1, r0, lsl #16 ; r0 = 00000030
T    128C  1390      str    r0, [sp, #0x4c]     ;  [0x0dfffedc] <- 30
T    128E  1898      ldr    r0, [sp, #0x60]     ;   dffffeb <- [0x0dfffef0]  r0 = 0dffffeb
T    1290  411C      adds   r1, r0, #1          ; r1 = 0dffffec
T    1292  1891      str    r1, [sp, #0x60]     ;  [0x0dfffef0] <- dffffec
T    1294  0078      ldrb   r0, [r0]            ;         0 <- [0x0dffffeb]  r0 = 00000000
T    1296  1399      ldr    r1, [sp, #0x4c]     ;        30 <- [0x0dfffedc]  r1 = 00000030
T    1298  41EA0060  orr.w  r0, r1, r0, lsl #24 ; r0 = 00000030
T    129C  1390      str    r0, [sp, #0x4c]     ;  [0x0dfffedc] <- 30
T    129E  1398      ldr    r0, [sp, #0x4c]     ;        30 <- [0x0dfffedc]  r0 = 00000030
T    12A0  0190      str    r0, [sp, #4]        ;  [0x0dfffe94] <- 30
T    12A2  0298      ldr    r0, [sp, #8]        ;         0 <- [0x0dfffe98]  r0 = 00000000
T    12A4  1699      ldr    r1, [sp, #0x58]     ;  aa450cd5 <- [0x0dfffee8]  r1 = aa450cd5
T    12A6  159A      ldr    r2, [sp, #0x54]     ;  71b8d081 <- [0x0dfffee4]  r2 = 71b8d081
T    12A8  5140      eors   r1, r2              ; r1 = dbfddc54
T    12AA  179B      ldr    r3, [sp, #0x5c]     ;  f803cb7b <- [0x0dfffeec]  r3 = f803cb7b
T    12AC  1940      ands   r1, r3              ; r1 = d801c850
T    12AE  5140      eors   r1, r2              ; r1 = a9b918d1
T    12B0  0844      add    r0, r1              ; r0 = a9b918d1
T    12B2  1499      ldr    r1, [sp, #0x50]     ;  f814814c <- [0x0dfffee0]  r1 = f814814c
T    12B4  0844      add    r0, r1              ; r0 = a1cd9a1d
T    12B6  47F29311  movw   r1, #0x7193         ; r1 = 00007193
T    12BA  CFF69851  movt   r1, #0xfd98         ; r1 = fd987193
T    12BE  0844      add    r0, r1              ; r0 = 9f660bb0
T    12C0  1490      str    r0, [sp, #0x50]     ;  [0x0dfffee0] <- 9f660bb0
T    12C2  1498      ldr    r0, [sp, #0x50]     ;  9f660bb0 <- [0x0dfffee0]  r0 = 9f660bb0
T    12C4  4FEA3050  ror.w  r0, r0, #0x14       ; r0 = 60bb09f6
T    12C8  1490      str    r0, [sp, #0x50]     ;  [0x0dfffee0] <- 60bb09f6
T    12CA  1798      ldr    r0, [sp, #0x5c]     ;  f803cb7b <- [0x0dfffeec]  r0 = f803cb7b
T    12CC  1499      ldr    r1, [sp, #0x50]     ;  60bb09f6 <- [0x0dfffee0]  r1 = 60bb09f6
T    12CE  0844      add    r0, r1              ; r0 = 58bed571
T    12D0  1490      str    r0, [sp, #0x50]     ;  [0x0dfffee0] <- 58bed571
T    12D2  1898      ldr    r0, [sp, #0x60]     ;   dffffec <- [0x0dfffef0]  r0 = 0dffffec
T    12D4  411C      adds   r1, r0, #1          ; r1 = 0dffffed
T    12D6  1891      str    r1, [sp, #0x60]     ;  [0x0dfffef0] <- dffffed
T    12D8  0078      ldrb   r0, [r0]            ;         0 <- [0x0dffffec]  r0 = 00000000
T    12DA  1390      str    r0, [sp, #0x4c]     ;  [0x0dfffedc] <- 0
T    12DC  1898      ldr    r0, [sp, #0x60]     ;   dffffed <- [0x0dfffef0]  r0 = 0dffffed
T    12DE  411C      adds   r1, r0, #1          ; r1 = 0dffffee
T    12E0  1891      str    r1, [sp, #0x60]     ;  [0x0dfffef0] <- dffffee
T    12E2  0078      ldrb   r0, [r0]            ;         0 <- [0x0dffffed]  r0 = 00000000
T    12E4  1399      ldr    r1, [sp, #0x4c]     ;         0 <- [0x0dfffedc]  r1 = 00000000
T    12E6  41EA0020  orr.w  r0, r1, r0, lsl #8  ; r0 = 00000000
T    12EA  1390      str    r0, [sp, #0x4c]     ;  [0x0dfffedc] <- 0
T    12EC  1898      ldr    r0, [sp, #0x60]     ;   dffffee <- [0x0dfffef0]  r0 = 0dffffee
T    12EE  411C      adds   r1, r0, #1          ; r1 = 0dffffef
T    12F0  1891      str    r1, [sp, #0x60]     ;  [0x0dfffef0] <- dffffef
T    12F2  0078      ldrb   r0, [r0]            ;         0 <- [0x0dffffee]  r0 = 00000000
T    12F4  1399      ldr    r1, [sp, #0x4c]     ;         0 <- [0x0dfffedc]  r1 = 00000000
T    12F6  41EA0040  orr.w  r0, r1, r0, lsl #16 ; r0 = 00000000
T    12FA  1390      str    r0, [sp, #0x4c]     ;  [0x0dfffedc] <- 0
T    12FC  1898      ldr    r0, [sp, #0x60]     ;   dffffef <- [0x0dfffef0]  r0 = 0dffffef
T    12FE  411C      adds   r1, r0, #1          ; r1 = 0dfffff0
T    1300  1891      str    r1, [sp, #0x60]     ;  [0x0dfffef0] <- dfffff0
T    1302  0078      ldrb   r0, [r0]            ;         0 <- [0x0dffffef]  r0 = 00000000
T    1304  1399      ldr    r1, [sp, #0x4c]     ;         0 <- [0x0dfffedc]  r1 = 00000000
T    1306  41EA0060  orr.w  r0, r1, r0, lsl #24 ; r0 = 00000000
T    130A  1390      str    r0, [sp, #0x4c]     ;  [0x0dfffedc] <- 0
T    130C  1398      ldr    r0, [sp, #0x4c]     ;         0 <- [0x0dfffedc]  r0 = 00000000
T    130E  0090      str    r0, [sp]            ;  [0x0dfffe90] <- 0
T    1310  0198      ldr    r0, [sp, #4]        ;        30 <- [0x0dfffe94]  r0 = 00000030
T    1312  1799      ldr    r1, [sp, #0x5c]     ;  f803cb7b <- [0x0dfffeec]  r1 = f803cb7b
T    1314  169A      ldr    r2, [sp, #0x58]     ;  aa450cd5 <- [0x0dfffee8]  r2 = aa450cd5
T    1316  5140      eors   r1, r2              ; r1 = 5246c7ae
T    1318  149B      ldr    r3, [sp, #0x50]     ;  58bed571 <- [0x0dfffee0]  r3 = 58bed571
T    131A  1940      ands   r1, r3              ; r1 = 5006c520
T    131C  5140      eors   r1, r2              ; r1 = fa43c9f5
T    131E  0844      add    r0, r1              ; r0 = fa43ca25
T    1320  1599      ldr    r1, [sp, #0x54]     ;  71b8d081 <- [0x0dfffee4]  r1 = 71b8d081
T    1322  0844      add    r0, r1              ; r0 = 6bfc9aa6
T    1324  44F28E31  movw   r1, #0x438e         ; r1 = 0000438e
T    1328  CAF27961  movt   r1, #0xa679         ; r1 = a679438e
T    132C  0844      add    r0, r1              ; r0 = 1275de34
T    132E  1590      str    r0, [sp, #0x54]     ;  [0x0dfffee4] <- 1275de34
T    1330  1598      ldr    r0, [sp, #0x54]     ;  1275de34 <- [0x0dfffee4]  r0 = 1275de34
T    1332  4FEAF030  ror.w  r0, r0, #0xf        ; r0 = bc6824eb
T    1336  1590      str    r0, [sp, #0x54]     ;  [0x0dfffee4] <- bc6824eb
T    1338  1498      ldr    r0, [sp, #0x50]     ;  58bed571 <- [0x0dfffee0]  r0 = 58bed571
T    133A  1599      ldr    r1, [sp, #0x54]     ;  bc6824eb <- [0x0dfffee4]  r1 = bc6824eb
T    133C  0844      add    r0, r1              ; r0 = 1526fa5c
T    133E  1590      str    r0, [sp, #0x54]     ;  [0x0dfffee4] <- 1526fa5c
T    1340  0098      ldr    r0, [sp]            ;         0 <- [0x0dfffe90]  r0 = 00000000
T    1342  1499      ldr    r1, [sp, #0x50]     ;  58bed571 <- [0x0dfffee0]  r1 = 58bed571
T    1344  179A      ldr    r2, [sp, #0x5c]     ;  f803cb7b <- [0x0dfffeec]  r2 = f803cb7b
T    1346  5140      eors   r1, r2              ; r1 = a0bd1e0a
T    1348  159B      ldr    r3, [sp, #0x54]     ;  1526fa5c <- [0x0dfffee4]  r3 = 1526fa5c
T    134A  1940      ands   r1, r3              ; r1 = 00241a08
T    134C  5140      eors   r1, r2              ; r1 = f827d173
T    134E  0844      add    r0, r1              ; r0 = f827d173
T    1350  1699      ldr    r1, [sp, #0x58]     ;  aa450cd5 <- [0x0dfffee8]  r1 = aa450cd5
T    1352  0844      add    r0, r1              ; r0 = a26cde48
T    1354  40F62101  movw   r1, #0x821          ; r1 = 00000821
T    1358  C4F6B411  movt   r1, #0x49b4         ; r1 = 49b40821
T    135C  0844      add    r0, r1              ; r0 = ec20e669
T    135E  1690      str    r0, [sp, #0x58]     ;  [0x0dfffee8] <- ec20e669
T    1360  1698      ldr    r0, [sp, #0x58]     ;  ec20e669 <- [0x0dfffee8]  r0 = ec20e669
T    1362  4FEAB020  ror.w  r0, r0, #0xa        ; r0 = 9a7b0839
T    1366  1690      str    r0, [sp, #0x58]     ;  [0x0dfffee8] <- 9a7b0839
T    1368  1598      ldr    r0, [sp, #0x54]     ;  1526fa5c <- [0x0dfffee4]  r0 = 1526fa5c
T    136A  1699      ldr    r1, [sp, #0x58]     ;  9a7b0839 <- [0x0dfffee8]  r1 = 9a7b0839
T    136C  0844      add    r0, r1              ; r0 = afa20295
T    136E  1690      str    r0, [sp, #0x58]     ;  [0x0dfffee8] <- afa20295
T    1370  0E98      ldr    r0, [sp, #0x38]     ;    803231 <- [0x0dfffec8]  r0 = 00803231
T    1372  1699      ldr    r1, [sp, #0x58]     ;  afa20295 <- [0x0dfffee8]  r1 = afa20295
T    1374  159A      ldr    r2, [sp, #0x54]     ;  1526fa5c <- [0x0dfffee4]  r2 = 1526fa5c
T    1376  5140      eors   r1, r2              ; r1 = ba84f8c9
T    1378  149B      ldr    r3, [sp, #0x50]     ;  58bed571 <- [0x0dfffee0]  r3 = 58bed571
T    137A  1940      ands   r1, r3              ; r1 = 1884d041
T    137C  5140      eors   r1, r2              ; r1 = 0da22a1d
T    137E  0844      add    r0, r1              ; r0 = 0e225c4e
T    1380  1799      ldr    r1, [sp, #0x5c]     ;  f803cb7b <- [0x0dfffeec]  r1 = f803cb7b
T    1382  0844      add    r0, r1              ; r0 = 062627c9
T    1384  42F26251  movw   r1, #0x2562         ; r1 = 00002562
T    1388  CFF21E61  movt   r1, #0xf61e         ; r1 = f61e2562
T    138C  0844      add    r0, r1              ; r0 = fc444d2b
T    138E  1790      str    r0, [sp, #0x5c]     ;  [0x0dfffeec] <- fc444d2b
T    1390  1798      ldr    r0, [sp, #0x5c]     ;  fc444d2b <- [0x0dfffeec]  r0 = fc444d2b
T    1392  4FEAF060  ror.w  r0, r0, #0x1b       ; r0 = 8889a57f
T    1396  1790      str    r0, [sp, #0x5c]     ;  [0x0dfffeec] <- 8889a57f
T    1398  1698      ldr    r0, [sp, #0x58]     ;  afa20295 <- [0x0dfffee8]  r0 = afa20295
T    139A  1799      ldr    r1, [sp, #0x5c]     ;  8889a57f <- [0x0dfffeec]  r1 = 8889a57f
T    139C  0844      add    r0, r1              ; r0 = 382ba814
T    139E  1790      str    r0, [sp, #0x5c]     ;  [0x0dfffeec] <- 382ba814
T    13A0  0998      ldr    r0, [sp, #0x24]     ;         0 <- [0x0dfffeb4]  r0 = 00000000
T    13A2  1799      ldr    r1, [sp, #0x5c]     ;  382ba814 <- [0x0dfffeec]  r1 = 382ba814
T    13A4  169A      ldr    r2, [sp, #0x58]     ;  afa20295 <- [0x0dfffee8]  r2 = afa20295
T    13A6  5140      eors   r1, r2              ; r1 = 9789aa81
T    13A8  159B      ldr    r3, [sp, #0x54]     ;  1526fa5c <- [0x0dfffee4]  r3 = 1526fa5c
T    13AA  1940      ands   r1, r3              ; r1 = 1500aa00
T    13AC  5140      eors   r1, r2              ; r1 = baa2a895
T    13AE  0844      add    r0, r1              ; r0 = baa2a895
T    13B0  1499      ldr    r1, [sp, #0x50]     ;  58bed571 <- [0x0dfffee0]  r1 = 58bed571
T    13B2  0844      add    r0, r1              ; r0 = 13617e06
T    13B4  4BF24031  movw   r1, #0xb340         ; r1 = 0000b340
T    13B8  CCF24001  movt   r1, #0xc040         ; r1 = c040b340
T    13BC  0844      add    r0, r1              ; r0 = d3a23146
T    13BE  1490      str    r0, [sp, #0x50]     ;  [0x0dfffee0] <- d3a23146
T    13C0  1498      ldr    r0, [sp, #0x50]     ;  d3a23146 <- [0x0dfffee0]  r0 = d3a23146
T    13C2  4FEAF050  ror.w  r0, r0, #0x17       ; r0 = 44628da7
T    13C6  1490      str    r0, [sp, #0x50]     ;  [0x0dfffee0] <- 44628da7
T    13C8  1798      ldr    r0, [sp, #0x5c]     ;  382ba814 <- [0x0dfffeec]  r0 = 382ba814
T    13CA  1499      ldr    r1, [sp, #0x50]     ;  44628da7 <- [0x0dfffee0]  r1 = 44628da7
T    13CC  0844      add    r0, r1              ; r0 = 7c8e35bb
T    13CE  1490      str    r0, [sp, #0x50]     ;  [0x0dfffee0] <- 7c8e35bb
T    13D0  0498      ldr    r0, [sp, #0x10]     ;         0 <- [0x0dfffea0]  r0 = 00000000
T    13D2  1499      ldr    r1, [sp, #0x50]     ;  7c8e35bb <- [0x0dfffee0]  r1 = 7c8e35bb
T    13D4  179A      ldr    r2, [sp, #0x5c]     ;  382ba814 <- [0x0dfffeec]  r2 = 382ba814
T    13D6  5140      eors   r1, r2              ; r1 = 44a59daf
T    13D8  169B      ldr    r3, [sp, #0x58]     ;  afa20295 <- [0x0dfffee8]  r3 = afa20295
T    13DA  1940      ands   r1, r3              ; r1 = 04a00085
T    13DC  5140      eors   r1, r2              ; r1 = 3c8ba891
T    13DE  0844      add    r0, r1              ; r0 = 3c8ba891
T    13E0  1599      ldr    r1, [sp, #0x54]     ;  1526fa5c <- [0x0dfffee4]  r1 = 1526fa5c
T    13E2  0844      add    r0, r1              ; r0 = 51b2a2ed
T    13E4  45F65121  movw   r1, #0x5a51         ; r1 = 00005a51
T    13E8  C2F25E61  movt   r1, #0x265e         ; r1 = 265e5a51
T    13EC  0844      add    r0, r1              ; r0 = 7810fd3e
T    13EE  1590      str    r0, [sp, #0x54]     ;  [0x0dfffee4] <- 7810fd3e
T    13F0  1598      ldr    r0, [sp, #0x54]     ;  7810fd3e <- [0x0dfffee4]  r0 = 7810fd3e
T    13F2  4FEAB040  ror.w  r0, r0, #0x12       ; r0 = 3f4f9e04
T    13F6  1590      str    r0, [sp, #0x54]     ;  [0x0dfffee4] <- 3f4f9e04
T    13F8  1498      ldr    r0, [sp, #0x50]     ;  7c8e35bb <- [0x0dfffee0]  r0 = 7c8e35bb
T    13FA  1599      ldr    r1, [sp, #0x54]     ;  3f4f9e04 <- [0x0dfffee4]  r1 = 3f4f9e04
T    13FC  0844      add    r0, r1              ; r0 = bbddd3bf
T    13FE  1590      str    r0, [sp, #0x54]     ;  [0x0dfffee4] <- bbddd3bf
T    1400  0F98      ldr    r0, [sp, #0x3c]     ;  30393837 <- [0x0dfffecc]  r0 = 30393837
T    1402  1599      ldr    r1, [sp, #0x54]     ;  bbddd3bf <- [0x0dfffee4]  r1 = bbddd3bf
T    1404  149A      ldr    r2, [sp, #0x50]     ;  7c8e35bb <- [0x0dfffee0]  r2 = 7c8e35bb
T    1406  5140      eors   r1, r2              ; r1 = c753e604
T    1408  179B      ldr    r3, [sp, #0x5c]     ;  382ba814 <- [0x0dfffeec]  r3 = 382ba814
T    140A  1940      ands   r1, r3              ; r1 = 0003a004
T    140C  5140      eors   r1, r2              ; r1 = 7c8d95bf
T    140E  0844      add    r0, r1              ; r0 = acc6cdf6
T    1410  1699      ldr    r1, [sp, #0x58]     ;  afa20295 <- [0x0dfffee8]  r1 = afa20295
T    1412  0844      add    r0, r1              ; r0 = 5c68d08b
T    1414  4CF2AA71  movw   r1, #0xc7aa         ; r1 = 0000c7aa
T    1418  CEF6B611  movt   r1, #0xe9b6         ; r1 = e9b6c7aa
T    141C  0844      add    r0, r1              ; r0 = 461f9835
T    141E  1690      str    r0, [sp, #0x58]     ;  [0x0dfffee8] <- 461f9835
T    1420  1698      ldr    r0, [sp, #0x58]     ;  461f9835 <- [0x0dfffee8]  r0 = 461f9835
T    1422  4FEA3030  ror.w  r0, r0, #0xc        ; r0 = 835461f9
T    1426  1690      str    r0, [sp, #0x58]     ;  [0x0dfffee8] <- 835461f9
T    1428  1598      ldr    r0, [sp, #0x54]     ;  bbddd3bf <- [0x0dfffee4]  r0 = bbddd3bf
T    142A  1699      ldr    r1, [sp, #0x58]     ;  835461f9 <- [0x0dfffee8]  r1 = 835461f9
T    142C  0844      add    r0, r1              ; r0 = 3f3235b8
T    142E  1690      str    r0, [sp, #0x58]     ;  [0x0dfffee8] <- 3f3235b8
T    1430  0A98      ldr    r0, [sp, #0x28]     ;         0 <- [0x0dfffeb8]  r0 = 00000000
T    1432  1699      ldr    r1, [sp, #0x58]     ;  3f3235b8 <- [0x0dfffee8]  r1 = 3f3235b8
T    1434  159A      ldr    r2, [sp, #0x54]     ;  bbddd3bf <- [0x0dfffee4]  r2 = bbddd3bf
T    1436  5140      eors   r1, r2              ; r1 = 84efe607
T    1438  149B      ldr    r3, [sp, #0x50]     ;  7c8e35bb <- [0x0dfffee0]  r3 = 7c8e35bb
T    143A  1940      ands   r1, r3              ; r1 = 048e2403
T    143C  5140      eors   r1, r2              ; r1 = bf53f7bc
T    143E  0844      add    r0, r1              ; r0 = bf53f7bc
T    1440  1799      ldr    r1, [sp, #0x5c]     ;  382ba814 <- [0x0dfffeec]  r1 = 382ba814
T    1442  0844      add    r0, r1              ; r0 = f77f9fd0
T    1444  41F25D01  movw   r1, #0x105d         ; r1 = 0000105d
T    1448  CDF22F61  movt   r1, #0xd62f         ; r1 = d62f105d
T    144C  0844      add    r0, r1              ; r0 = cdaeb02d
T    144E  1790      str    r0, [sp, #0x5c]     ;  [0x0dfffeec] <- cdaeb02d
T    1450  1798      ldr    r0, [sp, #0x5c]     ;  cdaeb02d <- [0x0dfffeec]  r0 = cdaeb02d
T    1452  4FEAF060  ror.w  r0, r0, #0x1b       ; r0 = b5d605b9
T    1456  1790      str    r0, [sp, #0x5c]     ;  [0x0dfffeec] <- b5d605b9
T    1458  1698      ldr    r0, [sp, #0x58]     ;  3f3235b8 <- [0x0dfffee8]  r0 = 3f3235b8
T    145A  1799      ldr    r1, [sp, #0x5c]     ;  b5d605b9 <- [0x0dfffeec]  r1 = b5d605b9
T    145C  0844      add    r0, r1              ; r0 = f5083b71
T    145E  1790      str    r0, [sp, #0x5c]     ;  [0x0dfffeec] <- f5083b71
T    1460  0598      ldr    r0, [sp, #0x14]     ;         0 <- [0x0dfffea4]  r0 = 00000000
T    1462  1799      ldr    r1, [sp, #0x5c]     ;  f5083b71 <- [0x0dfffeec]  r1 = f5083b71
T    1464  169A      ldr    r2, [sp, #0x58]     ;  3f3235b8 <- [0x0dfffee8]  r2 = 3f3235b8
T    1466  5140      eors   r1, r2              ; r1 = ca3a0ec9
T    1468  159B      ldr    r3, [sp, #0x54]     ;  bbddd3bf <- [0x0dfffee4]  r3 = bbddd3bf
T    146A  1940      ands   r1, r3              ; r1 = 8a180289
T    146C  5140      eors   r1, r2              ; r1 = b52a3731
T    146E  0844      add    r0, r1              ; r0 = b52a3731
T    1470  1499      ldr    r1, [sp, #0x50]     ;  7c8e35bb <- [0x0dfffee0]  r1 = 7c8e35bb
T    1472  0844      add    r0, r1              ; r0 = 31b86cec
T    1474  41F25341  movw   r1, #0x1453         ; r1 = 00001453
T    1478  C0F24421  movt   r1, #0x244          ; r1 = 02441453
T    147C  0844      add    r0, r1              ; r0 = 33fc813f
T    147E  1490      str    r0, [sp, #0x50]     ;  [0x0dfffee0] <- 33fc813f
T    1480  1498      ldr    r0, [sp, #0x50]     ;  33fc813f <- [0x0dfffee0]  r0 = 33fc813f
T    1482  4FEAF050  ror.w  r0, r0, #0x17       ; r0 = f9027e67
T    1486  1490      str    r0, [sp, #0x50]     ;  [0x0dfffee0] <- f9027e67
T    1488  1798      ldr    r0, [sp, #0x5c]     ;  f5083b71 <- [0x0dfffeec]  r0 = f5083b71
T    148A  1499      ldr    r1, [sp, #0x50]     ;  f9027e67 <- [0x0dfffee0]  r1 = f9027e67
T    148C  0844      add    r0, r1              ; r0 = ee0ab9d8
T    148E  1490      str    r0, [sp, #0x50]     ;  [0x0dfffee0] <- ee0ab9d8
T    1490  0098      ldr    r0, [sp]            ;         0 <- [0x0dfffe90]  r0 = 00000000
T    1492  1499      ldr    r1, [sp, #0x50]     ;  ee0ab9d8 <- [0x0dfffee0]  r1 = ee0ab9d8
T    1494  179A      ldr    r2, [sp, #0x5c]     ;  f5083b71 <- [0x0dfffeec]  r2 = f5083b71
T    1496  5140      eors   r1, r2              ; r1 = 1b0282a9
T    1498  169B      ldr    r3, [sp, #0x58]     ;  3f3235b8 <- [0x0dfffee8]  r3 = 3f3235b8
T    149A  1940      ands   r1, r3              ; r1 = 1b0200a8
T    149C  5140      eors   r1, r2              ; r1 = ee0a3bd9
T    149E  0844      add    r0, r1              ; r0 = ee0a3bd9
T    14A0  1599      ldr    r1, [sp, #0x54]     ;  bbddd3bf <- [0x0dfffee4]  r1 = bbddd3bf
T    14A2  0844      add    r0, r1              ; r0 = a9e80f98
T    14A4  4EF28161  movw   r1, #0xe681         ; r1 = 0000e681
T    14A8  CDF6A101  movt   r1, #0xd8a1         ; r1 = d8a1e681
T    14AC  0844      add    r0, r1              ; r0 = 8289f619
T    14AE  1590      str    r0, [sp, #0x54]     ;  [0x0dfffee4] <- 8289f619
T    14B0  1598      ldr    r0, [sp, #0x54]     ;  8289f619 <- [0x0dfffee4]  r0 = 8289f619
T    14B2  4FEAB040  ror.w  r0, r0, #0x12       ; r0 = 7d8660a2
T    14B6  1590      str    r0, [sp, #0x54]     ;  [0x0dfffee4] <- 7d8660a2
T    14B8  1498      ldr    r0, [sp, #0x50]     ;  ee0ab9d8 <- [0x0dfffee0]  r0 = ee0ab9d8
T    14BA  1599      ldr    r1, [sp, #0x54]     ;  7d8660a2 <- [0x0dfffee4]  r1 = 7d8660a2
T    14BC  0844      add    r0, r1              ; r0 = 6b911a7a
T    14BE  1590      str    r0, [sp, #0x54]     ;  [0x0dfffee4] <- 6b911a7a
T    14C0  0B98      ldr    r0, [sp, #0x2c]     ;         0 <- [0x0dfffebc]  r0 = 00000000
T    14C2  1599      ldr    r1, [sp, #0x54]     ;  6b911a7a <- [0x0dfffee4]  r1 = 6b911a7a
T    14C4  149A      ldr    r2, [sp, #0x50]     ;  ee0ab9d8 <- [0x0dfffee0]  r2 = ee0ab9d8
T    14C6  5140      eors   r1, r2              ; r1 = 859ba3a2
T    14C8  179B      ldr    r3, [sp, #0x5c]     ;  f5083b71 <- [0x0dfffeec]  r3 = f5083b71
T    14CA  1940      ands   r1, r3              ; r1 = 85082320
T    14CC  5140      eors   r1, r2              ; r1 = 6b029af8
T    14CE  0844      add    r0, r1              ; r0 = 6b029af8
T    14D0  1699      ldr    r1, [sp, #0x58]     ;  3f3235b8 <- [0x0dfffee8]  r1 = 3f3235b8
T    14D2  0844      add    r0, r1              ; r0 = aa34d0b0
T    14D4  4FF6C831  movw   r1, #0xfbc8         ; r1 = 0000fbc8
T    14D8  CEF2D371  movt   r1, #0xe7d3         ; r1 = e7d3fbc8
T    14DC  0844      add    r0, r1              ; r0 = 9208cc78
T    14DE  1690      str    r0, [sp, #0x58]     ;  [0x0dfffee8] <- 9208cc78
T    14E0  1698      ldr    r0, [sp, #0x58]     ;  9208cc78 <- [0x0dfffee8]  r0 = 9208cc78
T    14E2  4FEA3030  ror.w  r0, r0, #0xc        ; r0 = c789208c
T    14E6  1690      str    r0, [sp, #0x58]     ;  [0x0dfffee8] <- c789208c
T    14E8  1598      ldr    r0, [sp, #0x54]     ;  6b911a7a <- [0x0dfffee4]  r0 = 6b911a7a
T    14EA  1699      ldr    r1, [sp, #0x58]     ;  c789208c <- [0x0dfffee8]  r1 = c789208c
T    14EC  0844      add    r0, r1              ; r0 = 331a3b06
T    14EE  1690      str    r0, [sp, #0x58]     ;  [0x0dfffee8] <- 331a3b06
T    14F0  0698      ldr    r0, [sp, #0x18]     ;         0 <- [0x0dfffea8]  r0 = 00000000
T    14F2  1699      ldr    r1, [sp, #0x58]     ;  331a3b06 <- [0x0dfffee8]  r1 = 331a3b06
T    14F4  159A      ldr    r2, [sp, #0x54]     ;  6b911a7a <- [0x0dfffee4]  r2 = 6b911a7a
T    14F6  5140      eors   r1, r2              ; r1 = 588b217c
T    14F8  149B      ldr    r3, [sp, #0x50]     ;  ee0ab9d8 <- [0x0dfffee0]  r3 = ee0ab9d8
T    14FA  1940      ands   r1, r3              ; r1 = 480a2158
T    14FC  5140      eors   r1, r2              ; r1 = 239b3b22
T    14FE  0844      add    r0, r1              ; r0 = 239b3b22
T    1500  1799      ldr    r1, [sp, #0x5c]     ;  f5083b71 <- [0x0dfffeec]  r1 = f5083b71
T    1502  0844      add    r0, r1              ; r0 = 18a37693
T    1504  4CF6E651  movw   r1, #0xcde6         ; r1 = 0000cde6
T    1508  C2F2E111  movt   r1, #0x21e1         ; r1 = 21e1cde6
T    150C  0844      add    r0, r1              ; r0 = 3a854479
T    150E  1790      str    r0, [sp, #0x5c]     ;  [0x0dfffeec] <- 3a854479
T    1510  1798      ldr    r0, [sp, #0x5c]     ;  3a854479 <- [0x0dfffeec]  r0 = 3a854479
T    1512  4FEAF060  ror.w  r0, r0, #0x1b       ; r0 = 50a88f27
T    1516  1790      str    r0, [sp, #0x5c]     ;  [0x0dfffeec] <- 50a88f27
T    1518  1698      ldr    r0, [sp, #0x58]     ;  331a3b06 <- [0x0dfffee8]  r0 = 331a3b06
T    151A  1799      ldr    r1, [sp, #0x5c]     ;  50a88f27 <- [0x0dfffeec]  r1 = 50a88f27
T    151C  0844      add    r0, r1              ; r0 = 83c2ca2d
T    151E  1790      str    r0, [sp, #0x5c]     ;  [0x0dfffeec] <- 83c2ca2d
T    1520  0198      ldr    r0, [sp, #4]        ;        30 <- [0x0dfffe94]  r0 = 00000030
T    1522  1799      ldr    r1, [sp, #0x5c]     ;  83c2ca2d <- [0x0dfffeec]  r1 = 83c2ca2d
T    1524  169A      ldr    r2, [sp, #0x58]     ;  331a3b06 <- [0x0dfffee8]  r2 = 331a3b06
T    1526  5140      eors   r1, r2              ; r1 = b0d8f12b
T    1528  159B      ldr    r3, [sp, #0x54]     ;  6b911a7a <- [0x0dfffee4]  r3 = 6b911a7a
T    152A  1940      ands   r1, r3              ; r1 = 2090102a
T    152C  5140      eors   r1, r2              ; r1 = 138a2b2c
T    152E  0844      add    r0, r1              ; r0 = 138a2b5c
T    1530  1499      ldr    r1, [sp, #0x50]     ;  ee0ab9d8 <- [0x0dfffee0]  r1 = ee0ab9d8
T    1532  0844      add    r0, r1              ; r0 = 0194e534
T    1534  40F2D671  movw   r1, #0x7d6          ; r1 = 000007d6
T    1538  CCF23731  movt   r1, #0xc337         ; r1 = c33707d6
T    153C  0844      add    r0, r1              ; r0 = c4cbed0a
T    153E  1490      str    r0, [sp, #0x50]     ;  [0x0dfffee0] <- c4cbed0a
T    1540  1498      ldr    r0, [sp, #0x50]     ;  c4cbed0a <- [0x0dfffee0]  r0 = c4cbed0a
T    1542  4FEAF050  ror.w  r0, r0, #0x17       ; r0 = 97da1589
T    1546  1490      str    r0, [sp, #0x50]     ;  [0x0dfffee0] <- 97da1589
T    1548  1798      ldr    r0, [sp, #0x5c]     ;  83c2ca2d <- [0x0dfffeec]  r0 = 83c2ca2d
T    154A  1499      ldr    r1, [sp, #0x50]     ;  97da1589 <- [0x0dfffee0]  r1 = 97da1589
T    154C  0844      add    r0, r1              ; r0 = 1b9cdfb6
T    154E  1490      str    r0, [sp, #0x50]     ;  [0x0dfffee0] <- 1b9cdfb6
T    1550  0C98      ldr    r0, [sp, #0x30]     ;         0 <- [0x0dfffec0]  r0 = 00000000
T    1552  1499      ldr    r1, [sp, #0x50]     ;  1b9cdfb6 <- [0x0dfffee0]  r1 = 1b9cdfb6
T    1554  179A      ldr    r2, [sp, #0x5c]     ;  83c2ca2d <- [0x0dfffeec]  r2 = 83c2ca2d
T    1556  5140      eors   r1, r2              ; r1 = 985e159b
T    1558  169B      ldr    r3, [sp, #0x58]     ;  331a3b06 <- [0x0dfffee8]  r3 = 331a3b06
T    155A  1940      ands   r1, r3              ; r1 = 101a1102
T    155C  5140      eors   r1, r2              ; r1 = 93d8db2f
T    155E  0844      add    r0, r1              ; r0 = 93d8db2f
T    1560  1599      ldr    r1, [sp, #0x54]     ;  6b911a7a <- [0x0dfffee4]  r1 = 6b911a7a
T    1562  0844      add    r0, r1              ; r0 = ff69f5a9
T    1564  40F68751  movw   r1, #0xd87          ; r1 = 00000d87
T    1568  CFF2D541  movt   r1, #0xf4d5         ; r1 = f4d50d87
T    156C  0844      add    r0, r1              ; r0 = f43f0330
T    156E  1590      str    r0, [sp, #0x54]     ;  [0x0dfffee4] <- f43f0330
T    1570  1598      ldr    r0, [sp, #0x54]     ;  f43f0330 <- [0x0dfffee4]  r0 = f43f0330
T    1572  4FEAB040  ror.w  r0, r0, #0x12       ; r0 = c0cc3d0f
T    1576  1590      str    r0, [sp, #0x54]     ;  [0x0dfffee4] <- c0cc3d0f
T    1578  1498      ldr    r0, [sp, #0x50]     ;  1b9cdfb6 <- [0x0dfffee0]  r0 = 1b9cdfb6
T    157A  1599      ldr    r1, [sp, #0x54]     ;  c0cc3d0f <- [0x0dfffee4]  r1 = c0cc3d0f
T    157C  0844      add    r0, r1              ; r0 = dc691cc5
T    157E  1590      str    r0, [sp, #0x54]     ;  [0x0dfffee4] <- dc691cc5
T    1580  0798      ldr    r0, [sp, #0x1c]     ;         0 <- [0x0dfffeac]  r0 = 00000000
T    1582  1599      ldr    r1, [sp, #0x54]     ;  dc691cc5 <- [0x0dfffee4]  r1 = dc691cc5
T    1584  149A      ldr    r2, [sp, #0x50]     ;  1b9cdfb6 <- [0x0dfffee0]  r2 = 1b9cdfb6
T    1586  5140      eors   r1, r2              ; r1 = c7f5c373
T    1588  179B      ldr    r3, [sp, #0x5c]     ;  83c2ca2d <- [0x0dfffeec]  r3 = 83c2ca2d
T    158A  1940      ands   r1, r3              ; r1 = 83c0c221
T    158C  5140      eors   r1, r2              ; r1 = 985c1d97
T    158E  0844      add    r0, r1              ; r0 = 985c1d97
T    1590  1699      ldr    r1, [sp, #0x58]     ;  331a3b06 <- [0x0dfffee8]  r1 = 331a3b06
T    1592  0844      add    r0, r1              ; r0 = cb76589d
T    1594  41F2ED41  movw   r1, #0x14ed         ; r1 = 000014ed
T    1598  C4F25A51  movt   r1, #0x455a         ; r1 = 455a14ed
T    159C  0844      add    r0, r1              ; r0 = 10d06d8a
T    159E  1690      str    r0, [sp, #0x58]     ;  [0x0dfffee8] <- 10d06d8a
T    15A0  1698      ldr    r0, [sp, #0x58]     ;  10d06d8a <- [0x0dfffee8]  r0 = 10d06d8a
T    15A2  4FEA3030  ror.w  r0, r0, #0xc        ; r0 = d8a10d06
T    15A6  1690      str    r0, [sp, #0x58]     ;  [0x0dfffee8] <- d8a10d06
T    15A8  1598      ldr    r0, [sp, #0x54]     ;  dc691cc5 <- [0x0dfffee4]  r0 = dc691cc5
T    15AA  1699      ldr    r1, [sp, #0x58]     ;  d8a10d06 <- [0x0dfffee8]  r1 = d8a10d06
T    15AC  0844      add    r0, r1              ; r0 = b50a29cb
T    15AE  1690      str    r0, [sp, #0x58]     ;  [0x0dfffee8] <- b50a29cb
T    15B0  0298      ldr    r0, [sp, #8]        ;         0 <- [0x0dfffe98]  r0 = 00000000
T    15B2  1699      ldr    r1, [sp, #0x58]     ;  b50a29cb <- [0x0dfffee8]  r1 = b50a29cb
T    15B4  159A      ldr    r2, [sp, #0x54]     ;  dc691cc5 <- [0x0dfffee4]  r2 = dc691cc5
T    15B6  5140      eors   r1, r2              ; r1 = 6963350e
T    15B8  149B      ldr    r3, [sp, #0x50]     ;  1b9cdfb6 <- [0x0dfffee0]  r3 = 1b9cdfb6
T    15BA  1940      ands   r1, r3              ; r1 = 09001506
T    15BC  5140      eors   r1, r2              ; r1 = d56909c3
T    15BE  0844      add    r0, r1              ; r0 = d56909c3
T    15C0  1799      ldr    r1, [sp, #0x5c]     ;  83c2ca2d <- [0x0dfffeec]  r1 = 83c2ca2d
T    15C2  0844      add    r0, r1              ; r0 = 592bd3f0
T    15C4  4EF60511  movw   r1, #0xe905         ; r1 = 0000e905
T    15C8  CAF6E311  movt   r1, #0xa9e3         ; r1 = a9e3e905
T    15CC  0844      add    r0, r1              ; r0 = 030fbcf5
T    15CE  1790      str    r0, [sp, #0x5c]     ;  [0x0dfffeec] <- 30fbcf5
T    15D0  1798      ldr    r0, [sp, #0x5c]     ;   30fbcf5 <- [0x0dfffeec]  r0 = 030fbcf5
T    15D2  4FEAF060  ror.w  r0, r0, #0x1b       ; r0 = 61f79ea0
T    15D6  1790      str    r0, [sp, #0x5c]     ;  [0x0dfffeec] <- 61f79ea0
T    15D8  1698      ldr    r0, [sp, #0x58]     ;  b50a29cb <- [0x0dfffee8]  r0 = b50a29cb
T    15DA  1799      ldr    r1, [sp, #0x5c]     ;  61f79ea0 <- [0x0dfffeec]  r1 = 61f79ea0
T    15DC  0844      add    r0, r1              ; r0 = 1701c86b
T    15DE  1790      str    r0, [sp, #0x5c]     ;  [0x0dfffeec] <- 1701c86b
T    15E0  0D98      ldr    r0, [sp, #0x34]     ;         0 <- [0x0dfffec4]  r0 = 00000000
T    15E2  1799      ldr    r1, [sp, #0x5c]     ;  1701c86b <- [0x0dfffeec]  r1 = 1701c86b
T    15E4  169A      ldr    r2, [sp, #0x58]     ;  b50a29cb <- [0x0dfffee8]  r2 = b50a29cb
T    15E6  5140      eors   r1, r2              ; r1 = a20be1a0
T    15E8  159B      ldr    r3, [sp, #0x54]     ;  dc691cc5 <- [0x0dfffee4]  r3 = dc691cc5
T    15EA  1940      ands   r1, r3              ; r1 = 80090080
T    15EC  5140      eors   r1, r2              ; r1 = 3503294b
T    15EE  0844      add    r0, r1              ; r0 = 3503294b
T    15F0  1499      ldr    r1, [sp, #0x50]     ;  1b9cdfb6 <- [0x0dfffee0]  r1 = 1b9cdfb6
T    15F2  0844      add    r0, r1              ; r0 = 50a00901
T    15F4  4AF2F831  movw   r1, #0xa3f8         ; r1 = 0000a3f8
T    15F8  CFF6EF41  movt   r1, #0xfcef         ; r1 = fcefa3f8
T    15FC  0844      add    r0, r1              ; r0 = 4d8facf9
T    15FE  1490      str    r0, [sp, #0x50]     ;  [0x0dfffee0] <- 4d8facf9
T    1600  1498      ldr    r0, [sp, #0x50]     ;  4d8facf9 <- [0x0dfffee0]  r0 = 4d8facf9
T    1602  4FEAF050  ror.w  r0, r0, #0x17       ; r0 = 1f59f29b
T    1606  1490      str    r0, [sp, #0x50]     ;  [0x0dfffee0] <- 1f59f29b
T    1608  1798      ldr    r0, [sp, #0x5c]     ;  1701c86b <- [0x0dfffeec]  r0 = 1701c86b
T    160A  1499      ldr    r1, [sp, #0x50]     ;  1f59f29b <- [0x0dfffee0]  r1 = 1f59f29b
T    160C  0844      add    r0, r1              ; r0 = 365bbb06
T    160E  1490      str    r0, [sp, #0x50]     ;  [0x0dfffee0] <- 365bbb06
T    1610  0898      ldr    r0, [sp, #0x20]     ;         0 <- [0x0dfffeb0]  r0 = 00000000
T    1612  1499      ldr    r1, [sp, #0x50]     ;  365bbb06 <- [0x0dfffee0]  r1 = 365bbb06
T    1614  179A      ldr    r2, [sp, #0x5c]     ;  1701c86b <- [0x0dfffeec]  r2 = 1701c86b
T    1616  5140      eors   r1, r2              ; r1 = 215a736d
T    1618  169B      ldr    r3, [sp, #0x58]     ;  b50a29cb <- [0x0dfffee8]  r3 = b50a29cb
T    161A  1940      ands   r1, r3              ; r1 = 210a2149
T    161C  5140      eors   r1, r2              ; r1 = 360be922
T    161E  0844      add    r0, r1              ; r0 = 360be922
T    1620  1599      ldr    r1, [sp, #0x54]     ;  dc691cc5 <- [0x0dfffee4]  r1 = dc691cc5
T    1622  0844      add    r0, r1              ; r0 = 127505e7
T    1624  40F2D921  movw   r1, #0x2d9          ; r1 = 000002d9
T    1628  C6F26F71  movt   r1, #0x676f         ; r1 = 676f02d9
T    162C  0844      add    r0, r1              ; r0 = 79e408c0
T    162E  1590      str    r0, [sp, #0x54]     ;  [0x0dfffee4] <- 79e408c0
T    1630  1598      ldr    r0, [sp, #0x54]     ;  79e408c0 <- [0x0dfffee4]  r0 = 79e408c0
T    1632  4FEAB040  ror.w  r0, r0, #0x12       ; r0 = 02301e79
T    1636  1590      str    r0, [sp, #0x54]     ;  [0x0dfffee4] <- 2301e79
T    1638  1498      ldr    r0, [sp, #0x50]     ;  365bbb06 <- [0x0dfffee0]  r0 = 365bbb06
T    163A  1599      ldr    r1, [sp, #0x54]     ;   2301e79 <- [0x0dfffee4]  r1 = 02301e79
T    163C  0844      add    r0, r1              ; r0 = 388bd97f
T    163E  1590      str    r0, [sp, #0x54]     ;  [0x0dfffee4] <- 388bd97f
T    1640  0398      ldr    r0, [sp, #0xc]      ;         0 <- [0x0dfffe9c]  r0 = 00000000
T    1642  1599      ldr    r1, [sp, #0x54]     ;  388bd97f <- [0x0dfffee4]  r1 = 388bd97f
T    1644  149A      ldr    r2, [sp, #0x50]     ;  365bbb06 <- [0x0dfffee0]  r2 = 365bbb06
T    1646  5140      eors   r1, r2              ; r1 = 0ed06279
T    1648  179B      ldr    r3, [sp, #0x5c]     ;  1701c86b <- [0x0dfffeec]  r3 = 1701c86b
T    164A  1940      ands   r1, r3              ; r1 = 06004069
T    164C  5140      eors   r1, r2              ; r1 = 305bfb6f
T    164E  0844      add    r0, r1              ; r0 = 305bfb6f
T    1650  1699      ldr    r1, [sp, #0x58]     ;  b50a29cb <- [0x0dfffee8]  r1 = b50a29cb
T    1652  0844      add    r0, r1              ; r0 = e566253a
T    1654  44F68A41  movw   r1, #0x4c8a         ; r1 = 00004c8a
T    1658  C8F62A51  movt   r1, #0x8d2a         ; r1 = 8d2a4c8a
T    165C  0844      add    r0, r1              ; r0 = 729071c4
T    165E  1690      str    r0, [sp, #0x58]     ;  [0x0dfffee8] <- 729071c4
T    1660  1698      ldr    r0, [sp, #0x58]     ;  729071c4 <- [0x0dfffee8]  r0 = 729071c4
T    1662  4FEA3030  ror.w  r0, r0, #0xc        ; r0 = 1c472907
T    1666  1690      str    r0, [sp, #0x58]     ;  [0x0dfffee8] <- 1c472907
T    1668  1598      ldr    r0, [sp, #0x54]     ;  388bd97f <- [0x0dfffee4]  r0 = 388bd97f
T    166A  1699      ldr    r1, [sp, #0x58]     ;  1c472907 <- [0x0dfffee8]  r1 = 1c472907
T    166C  0844      add    r0, r1              ; r0 = 54d30286
T    166E  1690      str    r0, [sp, #0x58]     ;  [0x0dfffee8] <- 54d30286
T    1670  0A98      ldr    r0, [sp, #0x28]     ;         0 <- [0x0dfffeb8]  r0 = 00000000
T    1672  1699      ldr    r1, [sp, #0x58]     ;  54d30286 <- [0x0dfffee8]  r1 = 54d30286
T    1674  159A      ldr    r2, [sp, #0x54]     ;  388bd97f <- [0x0dfffee4]  r2 = 388bd97f
T    1676  5140      eors   r1, r2              ; r1 = 6c58dbf9
T    1678  149A      ldr    r2, [sp, #0x50]     ;  365bbb06 <- [0x0dfffee0]  r2 = 365bbb06
T    167A  5140      eors   r1, r2              ; r1 = 5a0360ff
T    167C  0844      add    r0, r1              ; r0 = 5a0360ff
T    167E  1799      ldr    r1, [sp, #0x5c]     ;  1701c86b <- [0x0dfffeec]  r1 = 1701c86b
T    1680  0844      add    r0, r1              ; r0 = 7105296a
T    1682  43F64211  movw   r1, #0x3942         ; r1 = 00003942
T    1686  CFF6FA71  movt   r1, #0xfffa         ; r1 = fffa3942
T    168A  0844      add    r0, r1              ; r0 = 70ff62ac
T    168C  1790      str    r0, [sp, #0x5c]     ;  [0x0dfffeec] <- 70ff62ac
T    168E  1798      ldr    r0, [sp, #0x5c]     ;  70ff62ac <- [0x0dfffeec]  r0 = 70ff62ac
T    1690  4FEA3070  ror.w  r0, r0, #0x1c       ; r0 = 0ff62ac7
T    1694  1790      str    r0, [sp, #0x5c]     ;  [0x0dfffeec] <- ff62ac7
T    1696  1698      ldr    r0, [sp, #0x58]     ;  54d30286 <- [0x0dfffee8]  r0 = 54d30286
T    1698  1799      ldr    r1, [sp, #0x5c]     ;   ff62ac7 <- [0x0dfffeec]  r1 = 0ff62ac7
T    169A  0844      add    r0, r1              ; r0 = 64c92d4d
T    169C  1790      str    r0, [sp, #0x5c]     ;  [0x0dfffeec] <- 64c92d4d
T    169E  0798      ldr    r0, [sp, #0x1c]     ;         0 <- [0x0dfffeac]  r0 = 00000000
T    16A0  1799      ldr    r1, [sp, #0x5c]     ;  64c92d4d <- [0x0dfffeec]  r1 = 64c92d4d
T    16A2  169A      ldr    r2, [sp, #0x58]     ;  54d30286 <- [0x0dfffee8]  r2 = 54d30286
T    16A4  5140      eors   r1, r2              ; r1 = 301a2fcb
T    16A6  159A      ldr    r2, [sp, #0x54]     ;  388bd97f <- [0x0dfffee4]  r2 = 388bd97f
T    16A8  5140      eors   r1, r2              ; r1 = 0891f6b4
T    16AA  0844      add    r0, r1              ; r0 = 0891f6b4
T    16AC  1499      ldr    r1, [sp, #0x50]     ;  365bbb06 <- [0x0dfffee0]  r1 = 365bbb06
T    16AE  0844      add    r0, r1              ; r0 = 3eedb1ba
T    16B0  4FF28161  movw   r1, #0xf681         ; r1 = 0000f681
T    16B4  C8F27171  movt   r1, #0x8771         ; r1 = 8771f681
T    16B8  0844      add    r0, r1              ; r0 = c65fa83b
T    16BA  1490      str    r0, [sp, #0x50]     ;  [0x0dfffee0] <- c65fa83b
T    16BC  1498      ldr    r0, [sp, #0x50]     ;  c65fa83b <- [0x0dfffee0]  r0 = c65fa83b
T    16BE  4FEA7050  ror.w  r0, r0, #0x15       ; r0 = fd41de32
T    16C2  1490      str    r0, [sp, #0x50]     ;  [0x0dfffee0] <- fd41de32
T    16C4  1798      ldr    r0, [sp, #0x5c]     ;  64c92d4d <- [0x0dfffeec]  r0 = 64c92d4d
T    16C6  1499      ldr    r1, [sp, #0x50]     ;  fd41de32 <- [0x0dfffee0]  r1 = fd41de32
T    16C8  0844      add    r0, r1              ; r0 = 620b0b7f
T    16CA  1490      str    r0, [sp, #0x50]     ;  [0x0dfffee0] <- 620b0b7f
T    16CC  0498      ldr    r0, [sp, #0x10]     ;         0 <- [0x0dfffea0]  r0 = 00000000
T    16CE  1499      ldr    r1, [sp, #0x50]     ;  620b0b7f <- [0x0dfffee0]  r1 = 620b0b7f
T    16D0  179A      ldr    r2, [sp, #0x5c]     ;  64c92d4d <- [0x0dfffeec]  r2 = 64c92d4d
T    16D2  5140      eors   r1, r2              ; r1 = 06c22632
T    16D4  169A      ldr    r2, [sp, #0x58]     ;  54d30286 <- [0x0dfffee8]  r2 = 54d30286
T    16D6  5140      eors   r1, r2              ; r1 = 521124b4
T    16D8  0844      add    r0, r1              ; r0 = 521124b4
T    16DA  1599      ldr    r1, [sp, #0x54]     ;  388bd97f <- [0x0dfffee4]  r1 = 388bd97f
T    16DC  0844      add    r0, r1              ; r0 = 8a9cfe33
T    16DE  46F22211  movw   r1, #0x6122         ; r1 = 00006122
T    16E2  C6F69D51  movt   r1, #0x6d9d         ; r1 = 6d9d6122
T    16E6  0844      add    r0, r1              ; r0 = f83a5f55
T    16E8  1590      str    r0, [sp, #0x54]     ;  [0x0dfffee4] <- f83a5f55
T    16EA  1598      ldr    r0, [sp, #0x54]     ;  f83a5f55 <- [0x0dfffee4]  r0 = f83a5f55
T    16EC  4FEA3040  ror.w  r0, r0, #0x10       ; r0 = 5f55f83a
T    16F0  1590      str    r0, [sp, #0x54]     ;  [0x0dfffee4] <- 5f55f83a
T    16F2  1498      ldr    r0, [sp, #0x50]     ;  620b0b7f <- [0x0dfffee0]  r0 = 620b0b7f
T    16F4  1599      ldr    r1, [sp, #0x54]     ;  5f55f83a <- [0x0dfffee4]  r1 = 5f55f83a
T    16F6  0844      add    r0, r1              ; r0 = c16103b9
T    16F8  1590      str    r0, [sp, #0x54]     ;  [0x0dfffee4] <- c16103b9
T    16FA  0198      ldr    r0, [sp, #4]        ;        30 <- [0x0dfffe94]  r0 = 00000030
T    16FC  1599      ldr    r1, [sp, #0x54]     ;  c16103b9 <- [0x0dfffee4]  r1 = c16103b9
T    16FE  149A      ldr    r2, [sp, #0x50]     ;  620b0b7f <- [0x0dfffee0]  r2 = 620b0b7f
T    1700  5140      eors   r1, r2              ; r1 = a36a08c6
T    1702  179A      ldr    r2, [sp, #0x5c]     ;  64c92d4d <- [0x0dfffeec]  r2 = 64c92d4d
T    1704  5140      eors   r1, r2              ; r1 = c7a3258b
T    1706  0844      add    r0, r1              ; r0 = c7a325bb
T    1708  1699      ldr    r1, [sp, #0x58]     ;  54d30286 <- [0x0dfffee8]  r1 = 54d30286
T    170A  0844      add    r0, r1              ; r0 = 1c762841
T    170C  43F60C01  movw   r1, #0x380c         ; r1 = 0000380c
T    1710  CFF6E551  movt   r1, #0xfde5         ; r1 = fde5380c
T    1714  0844      add    r0, r1              ; r0 = 1a5b604d
T    1716  1690      str    r0, [sp, #0x58]     ;  [0x0dfffee8] <- 1a5b604d
T    1718  1698      ldr    r0, [sp, #0x58]     ;  1a5b604d <- [0x0dfffee8]  r0 = 1a5b604d
T    171A  4FEA7020  ror.w  r0, r0, #9          ; r0 = 268d2db0
T    171E  1690      str    r0, [sp, #0x58]     ;  [0x0dfffee8] <- 268d2db0
T    1720  1598      ldr    r0, [sp, #0x54]     ;  c16103b9 <- [0x0dfffee4]  r0 = c16103b9
T    1722  1699      ldr    r1, [sp, #0x58]     ;  268d2db0 <- [0x0dfffee8]  r1 = 268d2db0
T    1724  0844      add    r0, r1              ; r0 = e7ee3169
T    1726  1690      str    r0, [sp, #0x58]     ;  [0x0dfffee8] <- e7ee3169
T    1728  0E98      ldr    r0, [sp, #0x38]     ;    803231 <- [0x0dfffec8]  r0 = 00803231
T    172A  1699      ldr    r1, [sp, #0x58]     ;  e7ee3169 <- [0x0dfffee8]  r1 = e7ee3169
T    172C  159A      ldr    r2, [sp, #0x54]     ;  c16103b9 <- [0x0dfffee4]  r2 = c16103b9
T    172E  5140      eors   r1, r2              ; r1 = 268f32d0
T    1730  149A      ldr    r2, [sp, #0x50]     ;  620b0b7f <- [0x0dfffee0]  r2 = 620b0b7f
T    1732  5140      eors   r1, r2              ; r1 = 448439af
T    1734  0844      add    r0, r1              ; r0 = 45046be0
T    1736  1799      ldr    r1, [sp, #0x5c]     ;  64c92d4d <- [0x0dfffeec]  r1 = 64c92d4d
T    1738  0844      add    r0, r1              ; r0 = a9cd992d
T    173A  4EF64421  movw   r1, #0xea44         ; r1 = 0000ea44
T    173E  CAF2BE41  movt   r1, #0xa4be         ; r1 = a4beea44
T    1742  0844      add    r0, r1              ; r0 = 4e8c8371
T    1744  1790      str    r0, [sp, #0x5c]     ;  [0x0dfffeec] <- 4e8c8371
T    1746  1798      ldr    r0, [sp, #0x5c]     ;  4e8c8371 <- [0x0dfffeec]  r0 = 4e8c8371
T    1748  4FEA3070  ror.w  r0, r0, #0x1c       ; r0 = e8c83714
T    174C  1790      str    r0, [sp, #0x5c]     ;  [0x0dfffeec] <- e8c83714
T    174E  1698      ldr    r0, [sp, #0x58]     ;  e7ee3169 <- [0x0dfffee8]  r0 = e7ee3169
T    1750  1799      ldr    r1, [sp, #0x5c]     ;  e8c83714 <- [0x0dfffeec]  r1 = e8c83714
T    1752  0844      add    r0, r1              ; r0 = d0b6687d
T    1754  1790      str    r0, [sp, #0x5c]     ;  [0x0dfffeec] <- d0b6687d
T    1756  0B98      ldr    r0, [sp, #0x2c]     ;         0 <- [0x0dfffebc]  r0 = 00000000
T    1758  1799      ldr    r1, [sp, #0x5c]     ;  d0b6687d <- [0x0dfffeec]  r1 = d0b6687d
T    175A  169A      ldr    r2, [sp, #0x58]     ;  e7ee3169 <- [0x0dfffee8]  r2 = e7ee3169
T    175C  5140      eors   r1, r2              ; r1 = 37585914
T    175E  159A      ldr    r2, [sp, #0x54]     ;  c16103b9 <- [0x0dfffee4]  r2 = c16103b9
T    1760  5140      eors   r1, r2              ; r1 = f6395aad
T    1762  0844      add    r0, r1              ; r0 = f6395aad
T    1764  1499      ldr    r1, [sp, #0x50]     ;  620b0b7f <- [0x0dfffee0]  r1 = 620b0b7f
T    1766  0844      add    r0, r1              ; r0 = 5844662c
T    1768  4CF6A971  movw   r1, #0xcfa9         ; r1 = 0000cfa9
T    176C  C4F6DE31  movt   r1, #0x4bde         ; r1 = 4bdecfa9
T    1770  0844      add    r0, r1              ; r0 = a42335d5
T    1772  1490      str    r0, [sp, #0x50]     ;  [0x0dfffee0] <- a42335d5
T    1774  1498      ldr    r0, [sp, #0x50]     ;  a42335d5 <- [0x0dfffee0]  r0 = a42335d5
T    1776  4FEA7050  ror.w  r0, r0, #0x15       ; r0 = 19aead21
T    177A  1490      str    r0, [sp, #0x50]     ;  [0x0dfffee0] <- 19aead21
T    177C  1798      ldr    r0, [sp, #0x5c]     ;  d0b6687d <- [0x0dfffeec]  r0 = d0b6687d
T    177E  1499      ldr    r1, [sp, #0x50]     ;  19aead21 <- [0x0dfffee0]  r1 = 19aead21
T    1780  0844      add    r0, r1              ; r0 = ea65159e
T    1782  1490      str    r0, [sp, #0x50]     ;  [0x0dfffee0] <- ea65159e
T    1784  0898      ldr    r0, [sp, #0x20]     ;         0 <- [0x0dfffeb0]  r0 = 00000000
T    1786  1499      ldr    r1, [sp, #0x50]     ;  ea65159e <- [0x0dfffee0]  r1 = ea65159e
T    1788  179A      ldr    r2, [sp, #0x5c]     ;  d0b6687d <- [0x0dfffeec]  r2 = d0b6687d
T    178A  5140      eors   r1, r2              ; r1 = 3ad37de3
T    178C  169A      ldr    r2, [sp, #0x58]     ;  e7ee3169 <- [0x0dfffee8]  r2 = e7ee3169
T    178E  5140      eors   r1, r2              ; r1 = dd3d4c8a
T    1790  0844      add    r0, r1              ; r0 = dd3d4c8a
T    1792  1599      ldr    r1, [sp, #0x54]     ;  c16103b9 <- [0x0dfffee4]  r1 = c16103b9
T    1794  0844      add    r0, r1              ; r0 = 9e9e5043
T    1796  44F66031  movw   r1, #0x4b60         ; r1 = 00004b60
T    179A  CFF2BB61  movt   r1, #0xf6bb         ; r1 = f6bb4b60
T    179E  0844      add    r0, r1              ; r0 = 95599ba3
T    17A0  1590      str    r0, [sp, #0x54]     ;  [0x0dfffee4] <- 95599ba3
T    17A2  1598      ldr    r0, [sp, #0x54]     ;  95599ba3 <- [0x0dfffee4]  r0 = 95599ba3
T    17A4  4FEA3040  ror.w  r0, r0, #0x10       ; r0 = 9ba39559
T    17A8  1590      str    r0, [sp, #0x54]     ;  [0x0dfffee4] <- 9ba39559
T    17AA  1498      ldr    r0, [sp, #0x50]     ;  ea65159e <- [0x0dfffee0]  r0 = ea65159e
T    17AC  1599      ldr    r1, [sp, #0x54]     ;  9ba39559 <- [0x0dfffee4]  r1 = 9ba39559
T    17AE  0844      add    r0, r1              ; r0 = 8608aaf7
T    17B0  1590      str    r0, [sp, #0x54]     ;  [0x0dfffee4] <- 8608aaf7
T    17B2  0598      ldr    r0, [sp, #0x14]     ;         0 <- [0x0dfffea4]  r0 = 00000000
T    17B4  1599      ldr    r1, [sp, #0x54]     ;  8608aaf7 <- [0x0dfffee4]  r1 = 8608aaf7
T    17B6  149A      ldr    r2, [sp, #0x50]     ;  ea65159e <- [0x0dfffee0]  r2 = ea65159e
T    17B8  5140      eors   r1, r2              ; r1 = 6c6dbf69
T    17BA  179A      ldr    r2, [sp, #0x5c]     ;  d0b6687d <- [0x0dfffeec]  r2 = d0b6687d
T    17BC  5140      eors   r1, r2              ; r1 = bcdbd714
T    17BE  0844      add    r0, r1              ; r0 = bcdbd714
T    17C0  1699      ldr    r1, [sp, #0x58]     ;  e7ee3169 <- [0x0dfffee8]  r1 = e7ee3169
T    17C2  0844      add    r0, r1              ; r0 = a4ca087d
T    17C4  4BF67041  movw   r1, #0xbc70         ; r1 = 0000bc70
T    17C8  CBF6BF61  movt   r1, #0xbebf         ; r1 = bebfbc70
T    17CC  0844      add    r0, r1              ; r0 = 6389c4ed
T    17CE  1690      str    r0, [sp, #0x58]     ;  [0x0dfffee8] <- 6389c4ed
T    17D0  1698      ldr    r0, [sp, #0x58]     ;  6389c4ed <- [0x0dfffee8]  r0 = 6389c4ed
T    17D2  4FEA7020  ror.w  r0, r0, #9          ; r0 = 76b1c4e2
T    17D6  1690      str    r0, [sp, #0x58]     ;  [0x0dfffee8] <- 76b1c4e2
T    17D8  1598      ldr    r0, [sp, #0x54]     ;  8608aaf7 <- [0x0dfffee4]  r0 = 8608aaf7
T    17DA  1699      ldr    r1, [sp, #0x58]     ;  76b1c4e2 <- [0x0dfffee8]  r1 = 76b1c4e2
T    17DC  0844      add    r0, r1              ; r0 = fcba6fd9
T    17DE  1690      str    r0, [sp, #0x58]     ;  [0x0dfffee8] <- fcba6fd9
T    17E0  0298      ldr    r0, [sp, #8]        ;         0 <- [0x0dfffe98]  r0 = 00000000
T    17E2  1699      ldr    r1, [sp, #0x58]     ;  fcba6fd9 <- [0x0dfffee8]  r1 = fcba6fd9
T    17E4  159A      ldr    r2, [sp, #0x54]     ;  8608aaf7 <- [0x0dfffee4]  r2 = 8608aaf7
T    17E6  5140      eors   r1, r2              ; r1 = 7ab2c52e
T    17E8  149A      ldr    r2, [sp, #0x50]     ;  ea65159e <- [0x0dfffee0]  r2 = ea65159e
T    17EA  5140      eors   r1, r2              ; r1 = 90d7d0b0
T    17EC  0844      add    r0, r1              ; r0 = 90d7d0b0
T    17EE  1799      ldr    r1, [sp, #0x5c]     ;  d0b6687d <- [0x0dfffeec]  r1 = d0b6687d
T    17F0  0844      add    r0, r1              ; r0 = 618e392d
T    17F2  47F6C661  movw   r1, #0x7ec6         ; r1 = 00007ec6
T    17F6  C2F69B01  movt   r1, #0x289b         ; r1 = 289b7ec6
T    17FA  0844      add    r0, r1              ; r0 = 8a29b7f3
T    17FC  1790      str    r0, [sp, #0x5c]     ;  [0x0dfffeec] <- 8a29b7f3
T    17FE  1798      ldr    r0, [sp, #0x5c]     ;  8a29b7f3 <- [0x0dfffeec]  r0 = 8a29b7f3
T    1800  4FEA3070  ror.w  r0, r0, #0x1c       ; r0 = a29b7f38
T    1804  1790      str    r0, [sp, #0x5c]     ;  [0x0dfffeec] <- a29b7f38
T    1806  1698      ldr    r0, [sp, #0x58]     ;  fcba6fd9 <- [0x0dfffee8]  r0 = fcba6fd9
T    1808  1799      ldr    r1, [sp, #0x5c]     ;  a29b7f38 <- [0x0dfffeec]  r1 = a29b7f38
T    180A  0844      add    r0, r1              ; r0 = 9f55ef11
T    180C  1790      str    r0, [sp, #0x5c]     ;  [0x0dfffeec] <- 9f55ef11
T    180E  0F98      ldr    r0, [sp, #0x3c]     ;  30393837 <- [0x0dfffecc]  r0 = 30393837
T    1810  1799      ldr    r1, [sp, #0x5c]     ;  9f55ef11 <- [0x0dfffeec]  r1 = 9f55ef11
T    1812  169A      ldr    r2, [sp, #0x58]     ;  fcba6fd9 <- [0x0dfffee8]  r2 = fcba6fd9
T    1814  5140      eors   r1, r2              ; r1 = 63ef80c8
T    1816  159A      ldr    r2, [sp, #0x54]     ;  8608aaf7 <- [0x0dfffee4]  r2 = 8608aaf7
T    1818  5140      eors   r1, r2              ; r1 = e5e72a3f
T    181A  0844      add    r0, r1              ; r0 = 16206276
T    181C  1499      ldr    r1, [sp, #0x50]     ;  ea65159e <- [0x0dfffee0]  r1 = ea65159e
T    181E  0844      add    r0, r1              ; r0 = 00857814
T    1820  42F2FA71  movw   r1, #0x27fa         ; r1 = 000027fa
T    1824  CEF6A121  movt   r1, #0xeaa1         ; r1 = eaa127fa
T    1828  0844      add    r0, r1              ; r0 = eb26a00e
T    182A  1490      str    r0, [sp, #0x50]     ;  [0x0dfffee0] <- eb26a00e
T    182C  1498      ldr    r0, [sp, #0x50]     ;  eb26a00e <- [0x0dfffee0]  r0 = eb26a00e
T    182E  4FEA7050  ror.w  r0, r0, #0x15       ; r0 = 35007759
T    1832  1490      str    r0, [sp, #0x50]     ;  [0x0dfffee0] <- 35007759
T    1834  1798      ldr    r0, [sp, #0x5c]     ;  9f55ef11 <- [0x0dfffeec]  r0 = 9f55ef11
T    1836  1499      ldr    r1, [sp, #0x50]     ;  35007759 <- [0x0dfffee0]  r1 = 35007759
T    1838  0844      add    r0, r1              ; r0 = d456666a
T    183A  1490      str    r0, [sp, #0x50]     ;  [0x0dfffee0] <- d456666a
T    183C  0C98      ldr    r0, [sp, #0x30]     ;         0 <- [0x0dfffec0]  r0 = 00000000
T    183E  1499      ldr    r1, [sp, #0x50]     ;  d456666a <- [0x0dfffee0]  r1 = d456666a
T    1840  179A      ldr    r2, [sp, #0x5c]     ;  9f55ef11 <- [0x0dfffeec]  r2 = 9f55ef11
T    1842  5140      eors   r1, r2              ; r1 = 4b03897b
T    1844  169A      ldr    r2, [sp, #0x58]     ;  fcba6fd9 <- [0x0dfffee8]  r2 = fcba6fd9
T    1846  5140      eors   r1, r2              ; r1 = b7b9e6a2
T    1848  0844      add    r0, r1              ; r0 = b7b9e6a2
T    184A  1599      ldr    r1, [sp, #0x54]     ;  8608aaf7 <- [0x0dfffee4]  r1 = 8608aaf7
T    184C  0844      add    r0, r1              ; r0 = 3dc29199
T    184E  43F28501  movw   r1, #0x3085         ; r1 = 00003085
T    1852  CDF2EF41  movt   r1, #0xd4ef         ; r1 = d4ef3085
T    1856  0844      add    r0, r1              ; r0 = 12b1c21e
T    1858  1590      str    r0, [sp, #0x54]     ;  [0x0dfffee4] <- 12b1c21e
T    185A  1598      ldr    r0, [sp, #0x54]     ;  12b1c21e <- [0x0dfffee4]  r0 = 12b1c21e
T    185C  4FEA3040  ror.w  r0, r0, #0x10       ; r0 = c21e12b1
T    1860  1590      str    r0, [sp, #0x54]     ;  [0x0dfffee4] <- c21e12b1
T    1862  1498      ldr    r0, [sp, #0x50]     ;  d456666a <- [0x0dfffee0]  r0 = d456666a
T    1864  1599      ldr    r1, [sp, #0x54]     ;  c21e12b1 <- [0x0dfffee4]  r1 = c21e12b1
T    1866  0844      add    r0, r1              ; r0 = 9674791b
T    1868  1590      str    r0, [sp, #0x54]     ;  [0x0dfffee4] <- 9674791b
T    186A  0998      ldr    r0, [sp, #0x24]     ;         0 <- [0x0dfffeb4]  r0 = 00000000
T    186C  1599      ldr    r1, [sp, #0x54]     ;  9674791b <- [0x0dfffee4]  r1 = 9674791b
T    186E  149A      ldr    r2, [sp, #0x50]     ;  d456666a <- [0x0dfffee0]  r2 = d456666a
T    1870  5140      eors   r1, r2              ; r1 = 42221f71
T    1872  179A      ldr    r2, [sp, #0x5c]     ;  9f55ef11 <- [0x0dfffeec]  r2 = 9f55ef11
T    1874  5140      eors   r1, r2              ; r1 = dd77f060
T    1876  0844      add    r0, r1              ; r0 = dd77f060
T    1878  1699      ldr    r1, [sp, #0x58]     ;  fcba6fd9 <- [0x0dfffee8]  r1 = fcba6fd9
T    187A  0844      add    r0, r1              ; r0 = da326039
T    187C  41F60551  movw   r1, #0x1d05         ; r1 = 00001d05
T    1880  C0F28841  movt   r1, #0x488          ; r1 = 04881d05
T    1884  0844      add    r0, r1              ; r0 = deba7d3e
T    1886  1690      str    r0, [sp, #0x58]     ;  [0x0dfffee8] <- deba7d3e
T    1888  1698      ldr    r0, [sp, #0x58]     ;  deba7d3e <- [0x0dfffee8]  r0 = deba7d3e
T    188A  4FEA7020  ror.w  r0, r0, #9          ; r0 = 9f6f5d3e
T    188E  1690      str    r0, [sp, #0x58]     ;  [0x0dfffee8] <- 9f6f5d3e
T    1890  1598      ldr    r0, [sp, #0x54]     ;  9674791b <- [0x0dfffee4]  r0 = 9674791b
T    1892  1699      ldr    r1, [sp, #0x58]     ;  9f6f5d3e <- [0x0dfffee8]  r1 = 9f6f5d3e
T    1894  0844      add    r0, r1              ; r0 = 35e3d659
T    1896  1690      str    r0, [sp, #0x58]     ;  [0x0dfffee8] <- 35e3d659
T    1898  0698      ldr    r0, [sp, #0x18]     ;         0 <- [0x0dfffea8]  r0 = 00000000
T    189A  1699      ldr    r1, [sp, #0x58]     ;  35e3d659 <- [0x0dfffee8]  r1 = 35e3d659
T    189C  159A      ldr    r2, [sp, #0x54]     ;  9674791b <- [0x0dfffee4]  r2 = 9674791b
T    189E  5140      eors   r1, r2              ; r1 = a397af42
T    18A0  149A      ldr    r2, [sp, #0x50]     ;  d456666a <- [0x0dfffee0]  r2 = d456666a
T    18A2  5140      eors   r1, r2              ; r1 = 77c1c928
T    18A4  0844      add    r0, r1              ; r0 = 77c1c928
T    18A6  1799      ldr    r1, [sp, #0x5c]     ;  9f55ef11 <- [0x0dfffeec]  r1 = 9f55ef11
T    18A8  0844      add    r0, r1              ; r0 = 1717b839
T    18AA  4DF23901  movw   r1, #0xd039         ; r1 = 0000d039
T    18AE  CDF6D411  movt   r1, #0xd9d4         ; r1 = d9d4d039
T    18B2  0844      add    r0, r1              ; r0 = f0ec8872
T    18B4  1790      str    r0, [sp, #0x5c]     ;  [0x0dfffeec] <- f0ec8872
T    18B6  1798      ldr    r0, [sp, #0x5c]     ;  f0ec8872 <- [0x0dfffeec]  r0 = f0ec8872
T    18B8  4FEA3070  ror.w  r0, r0, #0x1c       ; r0 = 0ec8872f
T    18BC  1790      str    r0, [sp, #0x5c]     ;  [0x0dfffeec] <- ec8872f
T    18BE  1698      ldr    r0, [sp, #0x58]     ;  35e3d659 <- [0x0dfffee8]  r0 = 35e3d659
T    18C0  1799      ldr    r1, [sp, #0x5c]     ;   ec8872f <- [0x0dfffeec]  r1 = 0ec8872f
T    18C2  0844      add    r0, r1              ; r0 = 44ac5d88
T    18C4  1790      str    r0, [sp, #0x5c]     ;  [0x0dfffeec] <- 44ac5d88
T    18C6  0398      ldr    r0, [sp, #0xc]      ;         0 <- [0x0dfffe9c]  r0 = 00000000
T    18C8  1799      ldr    r1, [sp, #0x5c]     ;  44ac5d88 <- [0x0dfffeec]  r1 = 44ac5d88
T    18CA  169A      ldr    r2, [sp, #0x58]     ;  35e3d659 <- [0x0dfffee8]  r2 = 35e3d659
T    18CC  5140      eors   r1, r2              ; r1 = 714f8bd1
T    18CE  159A      ldr    r2, [sp, #0x54]     ;  9674791b <- [0x0dfffee4]  r2 = 9674791b
T    18D0  5140      eors   r1, r2              ; r1 = e73bf2ca
T    18D2  0844      add    r0, r1              ; r0 = e73bf2ca
T    18D4  1499      ldr    r1, [sp, #0x50]     ;  d456666a <- [0x0dfffee0]  r1 = d456666a
T    18D6  0844      add    r0, r1              ; r0 = bb925934
T    18D8  49F6E511  movw   r1, #0x99e5         ; r1 = 000099e5
T    18DC  CEF2DB61  movt   r1, #0xe6db         ; r1 = e6db99e5
T    18E0  0844      add    r0, r1              ; r0 = a26df319
T    18E2  1490      str    r0, [sp, #0x50]     ;  [0x0dfffee0] <- a26df319
T    18E4  1498      ldr    r0, [sp, #0x50]     ;  a26df319 <- [0x0dfffee0]  r0 = a26df319
T    18E6  4FEA7050  ror.w  r0, r0, #0x15       ; r0 = 6f98cd13
T    18EA  1490      str    r0, [sp, #0x50]     ;  [0x0dfffee0] <- 6f98cd13
T    18EC  1798      ldr    r0, [sp, #0x5c]     ;  44ac5d88 <- [0x0dfffeec]  r0 = 44ac5d88
T    18EE  1499      ldr    r1, [sp, #0x50]     ;  6f98cd13 <- [0x0dfffee0]  r1 = 6f98cd13
T    18F0  0844      add    r0, r1              ; r0 = b4452a9b
T    18F2  1490      str    r0, [sp, #0x50]     ;  [0x0dfffee0] <- b4452a9b
T    18F4  0098      ldr    r0, [sp]            ;         0 <- [0x0dfffe90]  r0 = 00000000
T    18F6  1499      ldr    r1, [sp, #0x50]     ;  b4452a9b <- [0x0dfffee0]  r1 = b4452a9b
T    18F8  179A      ldr    r2, [sp, #0x5c]     ;  44ac5d88 <- [0x0dfffeec]  r2 = 44ac5d88
T    18FA  5140      eors   r1, r2              ; r1 = f0e97713
T    18FC  169A      ldr    r2, [sp, #0x58]     ;  35e3d659 <- [0x0dfffee8]  r2 = 35e3d659
T    18FE  5140      eors   r1, r2              ; r1 = c50aa14a
T    1900  0844      add    r0, r1              ; r0 = c50aa14a
T    1902  1599      ldr    r1, [sp, #0x54]     ;  9674791b <- [0x0dfffee4]  r1 = 9674791b
T    1904  0844      add    r0, r1              ; r0 = 5b7f1a65
T    1906  47F6F841  movw   r1, #0x7cf8         ; r1 = 00007cf8
T    190A  C1F6A271  movt   r1, #0x1fa2         ; r1 = 1fa27cf8
T    190E  0844      add    r0, r1              ; r0 = 7b21975d
T    1910  1590      str    r0, [sp, #0x54]     ;  [0x0dfffee4] <- 7b21975d
T    1912  1598      ldr    r0, [sp, #0x54]     ;  7b21975d <- [0x0dfffee4]  r0 = 7b21975d
T    1914  4FEA3040  ror.w  r0, r0, #0x10       ; r0 = 975d7b21
T    1918  1590      str    r0, [sp, #0x54]     ;  [0x0dfffee4] <- 975d7b21
T    191A  1498      ldr    r0, [sp, #0x50]     ;  b4452a9b <- [0x0dfffee0]  r0 = b4452a9b
T    191C  1599      ldr    r1, [sp, #0x54]     ;  975d7b21 <- [0x0dfffee4]  r1 = 975d7b21
T    191E  0844      add    r0, r1              ; r0 = 4ba2a5bc
T    1920  1590      str    r0, [sp, #0x54]     ;  [0x0dfffee4] <- 4ba2a5bc
T    1922  0D98      ldr    r0, [sp, #0x34]     ;         0 <- [0x0dfffec4]  r0 = 00000000
T    1924  1599      ldr    r1, [sp, #0x54]     ;  4ba2a5bc <- [0x0dfffee4]  r1 = 4ba2a5bc
T    1926  149A      ldr    r2, [sp, #0x50]     ;  b4452a9b <- [0x0dfffee0]  r2 = b4452a9b
T    1928  5140      eors   r1, r2              ; r1 = ffe78f27
T    192A  179A      ldr    r2, [sp, #0x5c]     ;  44ac5d88 <- [0x0dfffeec]  r2 = 44ac5d88
T    192C  5140      eors   r1, r2              ; r1 = bb4bd2af
T    192E  0844      add    r0, r1              ; r0 = bb4bd2af
T    1930  1699      ldr    r1, [sp, #0x58]     ;  35e3d659 <- [0x0dfffee8]  r1 = 35e3d659
T    1932  0844      add    r0, r1              ; r0 = f12fa908
T    1934  45F26561  movw   r1, #0x5665         ; r1 = 00005665
T    1938  CCF2AC41  movt   r1, #0xc4ac         ; r1 = c4ac5665
T    193C  0844      add    r0, r1              ; r0 = b5dbff6d
T    193E  1690      str    r0, [sp, #0x58]     ;  [0x0dfffee8] <- b5dbff6d
T    1940  1698      ldr    r0, [sp, #0x58]     ;  b5dbff6d <- [0x0dfffee8]  r0 = b5dbff6d
T    1942  4FEA7020  ror.w  r0, r0, #9          ; r0 = b6daedff
T    1946  1690      str    r0, [sp, #0x58]     ;  [0x0dfffee8] <- b6daedff
T    1948  1598      ldr    r0, [sp, #0x54]     ;  4ba2a5bc <- [0x0dfffee4]  r0 = 4ba2a5bc
T    194A  1699      ldr    r1, [sp, #0x58]     ;  b6daedff <- [0x0dfffee8]  r1 = b6daedff
T    194C  0844      add    r0, r1              ; r0 = 027d93bb
T    194E  1690      str    r0, [sp, #0x58]     ;  [0x0dfffee8] <- 27d93bb
T    1950  0F98      ldr    r0, [sp, #0x3c]     ;  30393837 <- [0x0dfffecc]  r0 = 30393837
T    1952  1499      ldr    r1, [sp, #0x50]     ;  b4452a9b <- [0x0dfffee0]  r1 = b4452a9b
T    1954  169A      ldr    r2, [sp, #0x58]     ;   27d93bb <- [0x0dfffee8]  r2 = 027d93bb
T    1956  62EA0101  orn    r1, r2, r1          ; r1 = 4bffd7ff
T    195A  159A      ldr    r2, [sp, #0x54]     ;  4ba2a5bc <- [0x0dfffee4]  r2 = 4ba2a5bc
T    195C  5140      eors   r1, r2              ; r1 = 005d7243
T    195E  0844      add    r0, r1              ; r0 = 3096aa7a
T    1960  1799      ldr    r1, [sp, #0x5c]     ;  44ac5d88 <- [0x0dfffeec]  r1 = 44ac5d88
T    1962  0844      add    r0, r1              ; r0 = 75430802
T    1964  42F24421  movw   r1, #0x2244         ; r1 = 00002244
T    1968  CFF22941  movt   r1, #0xf429         ; r1 = f4292244
T    196C  0844      add    r0, r1              ; r0 = 696c2a46
T    196E  1790      str    r0, [sp, #0x5c]     ;  [0x0dfffeec] <- 696c2a46
T    1970  1798      ldr    r0, [sp, #0x5c]     ;  696c2a46 <- [0x0dfffeec]  r0 = 696c2a46
T    1972  4FEAB060  ror.w  r0, r0, #0x1a       ; r0 = 5b0a919a
T    1976  1790      str    r0, [sp, #0x5c]     ;  [0x0dfffeec] <- 5b0a919a
T    1978  1698      ldr    r0, [sp, #0x58]     ;   27d93bb <- [0x0dfffee8]  r0 = 027d93bb
T    197A  1799      ldr    r1, [sp, #0x5c]     ;  5b0a919a <- [0x0dfffeec]  r1 = 5b0a919a
T    197C  0844      add    r0, r1              ; r0 = 5d882555
T    197E  1790      str    r0, [sp, #0x5c]     ;  [0x0dfffeec] <- 5d882555
T    1980  0898      ldr    r0, [sp, #0x20]     ;         0 <- [0x0dfffeb0]  r0 = 00000000
T    1982  1599      ldr    r1, [sp, #0x54]     ;  4ba2a5bc <- [0x0dfffee4]  r1 = 4ba2a5bc
T    1984  179A      ldr    r2, [sp, #0x5c]     ;  5d882555 <- [0x0dfffeec]  r2 = 5d882555
T    1986  62EA0101  orn    r1, r2, r1          ; r1 = fddd7f57
T    198A  169A      ldr    r2, [sp, #0x58]     ;   27d93bb <- [0x0dfffee8]  r2 = 027d93bb
T    198C  5140      eors   r1, r2              ; r1 = ffa0ecec
T    198E  0844      add    r0, r1              ; r0 = ffa0ecec
T    1990  1499      ldr    r1, [sp, #0x50]     ;  b4452a9b <- [0x0dfffee0]  r1 = b4452a9b
T    1992  0844      add    r0, r1              ; r0 = b3e61787
T    1994  4FF69771  movw   r1, #0xff97         ; r1 = 0000ff97
T    1998  C4F22A31  movt   r1, #0x432a         ; r1 = 432aff97
T    199C  0844      add    r0, r1              ; r0 = f711171e
T    199E  1490      str    r0, [sp, #0x50]     ;  [0x0dfffee0] <- f711171e
T    19A0  1498      ldr    r0, [sp, #0x50]     ;  f711171e <- [0x0dfffee0]  r0 = f711171e
T    19A2  4FEAB050  ror.w  r0, r0, #0x16       ; r0 = 445c7bdc
T    19A6  1490      str    r0, [sp, #0x50]     ;  [0x0dfffee0] <- 445c7bdc
T    19A8  1798      ldr    r0, [sp, #0x5c]     ;  5d882555 <- [0x0dfffeec]  r0 = 5d882555
T    19AA  1499      ldr    r1, [sp, #0x50]     ;  445c7bdc <- [0x0dfffee0]  r1 = 445c7bdc
T    19AC  0844      add    r0, r1              ; r0 = a1e4a131
T    19AE  1490      str    r0, [sp, #0x50]     ;  [0x0dfffee0] <- a1e4a131
T    19B0  0198      ldr    r0, [sp, #4]        ;        30 <- [0x0dfffe94]  r0 = 00000030
T    19B2  1699      ldr    r1, [sp, #0x58]     ;   27d93bb <- [0x0dfffee8]  r1 = 027d93bb
T    19B4  149A      ldr    r2, [sp, #0x50]     ;  a1e4a131 <- [0x0dfffee0]  r2 = a1e4a131
T    19B6  62EA0101  orn    r1, r2, r1          ; r1 = fde6ed75
T    19BA  179A      ldr    r2, [sp, #0x5c]     ;  5d882555 <- [0x0dfffeec]  r2 = 5d882555
T    19BC  5140      eors   r1, r2              ; r1 = a06ec820
T    19BE  0844      add    r0, r1              ; r0 = a06ec850
T    19C0  1599      ldr    r1, [sp, #0x54]     ;  4ba2a5bc <- [0x0dfffee4]  r1 = 4ba2a5bc
T    19C2  0844      add    r0, r1              ; r0 = ec116e0c
T    19C4  42F2A731  movw   r1, #0x23a7         ; r1 = 000023a7
T    19C8  CAF69431  movt   r1, #0xab94         ; r1 = ab9423a7
T    19CC  0844      add    r0, r1              ; r0 = 97a591b3
T    19CE  1590      str    r0, [sp, #0x54]     ;  [0x0dfffee4] <- 97a591b3
T    19D0  1598      ldr    r0, [sp, #0x54]     ;  97a591b3 <- [0x0dfffee4]  r0 = 97a591b3
T    19D2  4FEA7040  ror.w  r0, r0, #0x11       ; r0 = c8d9cbd2
T    19D6  1590      str    r0, [sp, #0x54]     ;  [0x0dfffee4] <- c8d9cbd2
T    19D8  1498      ldr    r0, [sp, #0x50]     ;  a1e4a131 <- [0x0dfffee0]  r0 = a1e4a131
T    19DA  1599      ldr    r1, [sp, #0x54]     ;  c8d9cbd2 <- [0x0dfffee4]  r1 = c8d9cbd2
T    19DC  0844      add    r0, r1              ; r0 = 6abe6d03
T    19DE  1590      str    r0, [sp, #0x54]     ;  [0x0dfffee4] <- 6abe6d03
T    19E0  0A98      ldr    r0, [sp, #0x28]     ;         0 <- [0x0dfffeb8]  r0 = 00000000
T    19E2  1799      ldr    r1, [sp, #0x5c]     ;  5d882555 <- [0x0dfffeec]  r1 = 5d882555
T    19E4  159A      ldr    r2, [sp, #0x54]     ;  6abe6d03 <- [0x0dfffee4]  r2 = 6abe6d03
T    19E6  62EA0101  orn    r1, r2, r1          ; r1 = eaffffab
T    19EA  149A      ldr    r2, [sp, #0x50]     ;  a1e4a131 <- [0x0dfffee0]  r2 = a1e4a131
T    19EC  5140      eors   r1, r2              ; r1 = 4b1b5e9a
T    19EE  0844      add    r0, r1              ; r0 = 4b1b5e9a
T    19F0  1699      ldr    r1, [sp, #0x58]     ;   27d93bb <- [0x0dfffee8]  r1 = 027d93bb
T    19F2  0844      add    r0, r1              ; r0 = 4d98f255
T    19F4  4AF23901  movw   r1, #0xa039         ; r1 = 0000a039
T    19F8  CFF69341  movt   r1, #0xfc93         ; r1 = fc93a039
T    19FC  0844      add    r0, r1              ; r0 = 4a2c928e
T    19FE  1690      str    r0, [sp, #0x58]     ;  [0x0dfffee8] <- 4a2c928e
T    1A00  1698      ldr    r0, [sp, #0x58]     ;  4a2c928e <- [0x0dfffee8]  r0 = 4a2c928e
T    1A02  4FEAF020  ror.w  r0, r0, #0xb        ; r0 = 51c94592
T    1A06  1690      str    r0, [sp, #0x58]     ;  [0x0dfffee8] <- 51c94592
T    1A08  1598      ldr    r0, [sp, #0x54]     ;  6abe6d03 <- [0x0dfffee4]  r0 = 6abe6d03
T    1A0A  1699      ldr    r1, [sp, #0x58]     ;  51c94592 <- [0x0dfffee8]  r1 = 51c94592
T    1A0C  0844      add    r0, r1              ; r0 = bc87b295
T    1A0E  1690      str    r0, [sp, #0x58]     ;  [0x0dfffee8] <- bc87b295
T    1A10  0398      ldr    r0, [sp, #0xc]      ;         0 <- [0x0dfffe9c]  r0 = 00000000
T    1A12  1499      ldr    r1, [sp, #0x50]     ;  a1e4a131 <- [0x0dfffee0]  r1 = a1e4a131
T    1A14  169A      ldr    r2, [sp, #0x58]     ;  bc87b295 <- [0x0dfffee8]  r2 = bc87b295
T    1A16  62EA0101  orn    r1, r2, r1          ; r1 = fe9ffedf
T    1A1A  159A      ldr    r2, [sp, #0x54]     ;  6abe6d03 <- [0x0dfffee4]  r2 = 6abe6d03
T    1A1C  5140      eors   r1, r2              ; r1 = 942193dc
T    1A1E  0844      add    r0, r1              ; r0 = 942193dc
T    1A20  1799      ldr    r1, [sp, #0x5c]     ;  5d882555 <- [0x0dfffeec]  r1 = 5d882555
T    1A22  0844      add    r0, r1              ; r0 = f1a9b931
T    1A24  45F6C311  movw   r1, #0x59c3         ; r1 = 000059c3
T    1A28  C6F25B51  movt   r1, #0x655b         ; r1 = 655b59c3
T    1A2C  0844      add    r0, r1              ; r0 = 570512f4
T    1A2E  1790      str    r0, [sp, #0x5c]     ;  [0x0dfffeec] <- 570512f4
T    1A30  1798      ldr    r0, [sp, #0x5c]     ;  570512f4 <- [0x0dfffeec]  r0 = 570512f4
T    1A32  4FEAB060  ror.w  r0, r0, #0x1a       ; r0 = c144bd15
T    1A36  1790      str    r0, [sp, #0x5c]     ;  [0x0dfffeec] <- c144bd15
T    1A38  1698      ldr    r0, [sp, #0x58]     ;  bc87b295 <- [0x0dfffee8]  r0 = bc87b295
T    1A3A  1799      ldr    r1, [sp, #0x5c]     ;  c144bd15 <- [0x0dfffeec]  r1 = c144bd15
T    1A3C  0844      add    r0, r1              ; r0 = 7dcc6faa
T    1A3E  1790      str    r0, [sp, #0x5c]     ;  [0x0dfffeec] <- 7dcc6faa
T    1A40  0C98      ldr    r0, [sp, #0x30]     ;         0 <- [0x0dfffec0]  r0 = 00000000
T    1A42  1599      ldr    r1, [sp, #0x54]     ;  6abe6d03 <- [0x0dfffee4]  r1 = 6abe6d03
T    1A44  179A      ldr    r2, [sp, #0x5c]     ;  7dcc6faa <- [0x0dfffeec]  r2 = 7dcc6faa
T    1A46  62EA0101  orn    r1, r2, r1          ; r1 = fdcdfffe
T    1A4A  169A      ldr    r2, [sp, #0x58]     ;  bc87b295 <- [0x0dfffee8]  r2 = bc87b295
T    1A4C  5140      eors   r1, r2              ; r1 = 414a4d6b
T    1A4E  0844      add    r0, r1              ; r0 = 414a4d6b
T    1A50  1499      ldr    r1, [sp, #0x50]     ;  a1e4a131 <- [0x0dfffee0]  r1 = a1e4a131
T    1A52  0844      add    r0, r1              ; r0 = e32eee9c
T    1A54  4CF69241  movw   r1, #0xcc92         ; r1 = 0000cc92
T    1A58  C8F60C71  movt   r1, #0x8f0c         ; r1 = 8f0ccc92
T    1A5C  0844      add    r0, r1              ; r0 = 723bbb2e
T    1A5E  1490      str    r0, [sp, #0x50]     ;  [0x0dfffee0] <- 723bbb2e
T    1A60  1498      ldr    r0, [sp, #0x50]     ;  723bbb2e <- [0x0dfffee0]  r0 = 723bbb2e
T    1A62  4FEAB050  ror.w  r0, r0, #0x16       ; r0 = eeecb9c8
T    1A66  1490      str    r0, [sp, #0x50]     ;  [0x0dfffee0] <- eeecb9c8
T    1A68  1798      ldr    r0, [sp, #0x5c]     ;  7dcc6faa <- [0x0dfffeec]  r0 = 7dcc6faa
T    1A6A  1499      ldr    r1, [sp, #0x50]     ;  eeecb9c8 <- [0x0dfffee0]  r1 = eeecb9c8
T    1A6C  0844      add    r0, r1              ; r0 = 6cb92972
T    1A6E  1490      str    r0, [sp, #0x50]     ;  [0x0dfffee0] <- 6cb92972
T    1A70  0598      ldr    r0, [sp, #0x14]     ;         0 <- [0x0dfffea4]  r0 = 00000000
T    1A72  1699      ldr    r1, [sp, #0x58]     ;  bc87b295 <- [0x0dfffee8]  r1 = bc87b295
T    1A74  149A      ldr    r2, [sp, #0x50]     ;  6cb92972 <- [0x0dfffee0]  r2 = 6cb92972
T    1A76  62EA0101  orn    r1, r2, r1          ; r1 = 6ff96d7a
T    1A7A  179A      ldr    r2, [sp, #0x5c]     ;  7dcc6faa <- [0x0dfffeec]  r2 = 7dcc6faa
T    1A7C  5140      eors   r1, r2              ; r1 = 123502d0
T    1A7E  0844      add    r0, r1              ; r0 = 123502d0
T    1A80  1599      ldr    r1, [sp, #0x54]     ;  6abe6d03 <- [0x0dfffee4]  r1 = 6abe6d03
T    1A82  0844      add    r0, r1              ; r0 = 7cf36fd3
T    1A84  4FF27D41  movw   r1, #0xf47d         ; r1 = 0000f47d
T    1A88  CFF6EF71  movt   r1, #0xffef         ; r1 = ffeff47d
T    1A8C  0844      add    r0, r1              ; r0 = 7ce36450
T    1A8E  1590      str    r0, [sp, #0x54]     ;  [0x0dfffee4] <- 7ce36450
T    1A90  1598      ldr    r0, [sp, #0x54]     ;  7ce36450 <- [0x0dfffee4]  r0 = 7ce36450
T    1A92  4FEA7040  ror.w  r0, r0, #0x11       ; r0 = b2283e71
T    1A96  1590      str    r0, [sp, #0x54]     ;  [0x0dfffee4] <- b2283e71
T    1A98  1498      ldr    r0, [sp, #0x50]     ;  6cb92972 <- [0x0dfffee0]  r0 = 6cb92972
T    1A9A  1599      ldr    r1, [sp, #0x54]     ;  b2283e71 <- [0x0dfffee4]  r1 = b2283e71
T    1A9C  0844      add    r0, r1              ; r0 = 1ee167e3
T    1A9E  1590      str    r0, [sp, #0x54]     ;  [0x0dfffee4] <- 1ee167e3
T    1AA0  0E98      ldr    r0, [sp, #0x38]     ;    803231 <- [0x0dfffec8]  r0 = 00803231
T    1AA2  1799      ldr    r1, [sp, #0x5c]     ;  7dcc6faa <- [0x0dfffeec]  r1 = 7dcc6faa
T    1AA4  159A      ldr    r2, [sp, #0x54]     ;  1ee167e3 <- [0x0dfffee4]  r2 = 1ee167e3
T    1AA6  62EA0101  orn    r1, r2, r1          ; r1 = 9ef3f7f7
T    1AAA  149A      ldr    r2, [sp, #0x50]     ;  6cb92972 <- [0x0dfffee0]  r2 = 6cb92972
T    1AAC  5140      eors   r1, r2              ; r1 = f24ade85
T    1AAE  0844      add    r0, r1              ; r0 = f2cb10b6
T    1AB0  1699      ldr    r1, [sp, #0x58]     ;  bc87b295 <- [0x0dfffee8]  r1 = bc87b295
T    1AB2  0844      add    r0, r1              ; r0 = af52c34b
T    1AB4  45F6D151  movw   r1, #0x5dd1         ; r1 = 00005dd1
T    1AB8  C8F28451  movt   r1, #0x8584         ; r1 = 85845dd1
T    1ABC  0844      add    r0, r1              ; r0 = 34d7211c
T    1ABE  1690      str    r0, [sp, #0x58]     ;  [0x0dfffee8] <- 34d7211c
T    1AC0  1698      ldr    r0, [sp, #0x58]     ;  34d7211c <- [0x0dfffee8]  r0 = 34d7211c
T    1AC2  4FEAF020  ror.w  r0, r0, #0xb        ; r0 = 23869ae4
T    1AC6  1690      str    r0, [sp, #0x58]     ;  [0x0dfffee8] <- 23869ae4
T    1AC8  1598      ldr    r0, [sp, #0x54]     ;  1ee167e3 <- [0x0dfffee4]  r0 = 1ee167e3
T    1ACA  1699      ldr    r1, [sp, #0x58]     ;  23869ae4 <- [0x0dfffee8]  r1 = 23869ae4
T    1ACC  0844      add    r0, r1              ; r0 = 426802c7
T    1ACE  1690      str    r0, [sp, #0x58]     ;  [0x0dfffee8] <- 426802c7
T    1AD0  0798      ldr    r0, [sp, #0x1c]     ;         0 <- [0x0dfffeac]  r0 = 00000000
T    1AD2  1499      ldr    r1, [sp, #0x50]     ;  6cb92972 <- [0x0dfffee0]  r1 = 6cb92972
T    1AD4  169A      ldr    r2, [sp, #0x58]     ;  426802c7 <- [0x0dfffee8]  r2 = 426802c7
T    1AD6  62EA0101  orn    r1, r2, r1          ; r1 = d36ed6cf
T    1ADA  159A      ldr    r2, [sp, #0x54]     ;  1ee167e3 <- [0x0dfffee4]  r2 = 1ee167e3
T    1ADC  5140      eors   r1, r2              ; r1 = cd8fb12c
T    1ADE  0844      add    r0, r1              ; r0 = cd8fb12c
T    1AE0  1799      ldr    r1, [sp, #0x5c]     ;  7dcc6faa <- [0x0dfffeec]  r1 = 7dcc6faa
T    1AE2  0844      add    r0, r1              ; r0 = 4b5c20d6
T    1AE4  47F64F61  movw   r1, #0x7e4f         ; r1 = 00007e4f
T    1AE8  C6F6A871  movt   r1, #0x6fa8         ; r1 = 6fa87e4f
T    1AEC  0844      add    r0, r1              ; r0 = bb049f25
T    1AEE  1790      str    r0, [sp, #0x5c]     ;  [0x0dfffeec] <- bb049f25
T    1AF0  1798      ldr    r0, [sp, #0x5c]     ;  bb049f25 <- [0x0dfffeec]  r0 = bb049f25
T    1AF2  4FEAB060  ror.w  r0, r0, #0x1a       ; r0 = c127c96e
T    1AF6  1790      str    r0, [sp, #0x5c]     ;  [0x0dfffeec] <- c127c96e
T    1AF8  1698      ldr    r0, [sp, #0x58]     ;  426802c7 <- [0x0dfffee8]  r0 = 426802c7
T    1AFA  1799      ldr    r1, [sp, #0x5c]     ;  c127c96e <- [0x0dfffeec]  r1 = c127c96e
T    1AFC  0844      add    r0, r1              ; r0 = 038fcc35
T    1AFE  1790      str    r0, [sp, #0x5c]     ;  [0x0dfffeec] <- 38fcc35
T    1B00  0098      ldr    r0, [sp]            ;         0 <- [0x0dfffe90]  r0 = 00000000
T    1B02  1599      ldr    r1, [sp, #0x54]     ;  1ee167e3 <- [0x0dfffee4]  r1 = 1ee167e3
T    1B04  179A      ldr    r2, [sp, #0x5c]     ;   38fcc35 <- [0x0dfffeec]  r2 = 038fcc35
T    1B06  62EA0101  orn    r1, r2, r1          ; r1 = e39fdc3d
T    1B0A  169A      ldr    r2, [sp, #0x58]     ;  426802c7 <- [0x0dfffee8]  r2 = 426802c7
T    1B0C  5140      eors   r1, r2              ; r1 = a1f7defa
T    1B0E  0844      add    r0, r1              ; r0 = a1f7defa
T    1B10  1499      ldr    r1, [sp, #0x50]     ;  6cb92972 <- [0x0dfffee0]  r1 = 6cb92972
T    1B12  0844      add    r0, r1              ; r0 = 0eb1086c
T    1B14  4EF2E061  movw   r1, #0xe6e0         ; r1 = 0000e6e0
T    1B18  CFF62C61  movt   r1, #0xfe2c         ; r1 = fe2ce6e0
T    1B1C  0844      add    r0, r1              ; r0 = 0cddef4c
T    1B1E  1490      str    r0, [sp, #0x50]     ;  [0x0dfffee0] <- cddef4c
T    1B20  1498      ldr    r0, [sp, #0x50]     ;   cddef4c <- [0x0dfffee0]  r0 = 0cddef4c
T    1B22  4FEAB050  ror.w  r0, r0, #0x16       ; r0 = 77bd3033
T    1B26  1490      str    r0, [sp, #0x50]     ;  [0x0dfffee0] <- 77bd3033
T    1B28  1798      ldr    r0, [sp, #0x5c]     ;   38fcc35 <- [0x0dfffeec]  r0 = 038fcc35
T    1B2A  1499      ldr    r1, [sp, #0x50]     ;  77bd3033 <- [0x0dfffee0]  r1 = 77bd3033
T    1B2C  0844      add    r0, r1              ; r0 = 7b4cfc68
T    1B2E  1490      str    r0, [sp, #0x50]     ;  [0x0dfffee0] <- 7b4cfc68
T    1B30  0998      ldr    r0, [sp, #0x24]     ;         0 <- [0x0dfffeb4]  r0 = 00000000
T    1B32  1699      ldr    r1, [sp, #0x58]     ;  426802c7 <- [0x0dfffee8]  r1 = 426802c7
T    1B34  149A      ldr    r2, [sp, #0x50]     ;  7b4cfc68 <- [0x0dfffee0]  r2 = 7b4cfc68
T    1B36  62EA0101  orn    r1, r2, r1          ; r1 = ffdffd78
T    1B3A  179A      ldr    r2, [sp, #0x5c]     ;   38fcc35 <- [0x0dfffeec]  r2 = 038fcc35
T    1B3C  5140      eors   r1, r2              ; r1 = fc50314d
T    1B3E  0844      add    r0, r1              ; r0 = fc50314d
T    1B40  1599      ldr    r1, [sp, #0x54]     ;  1ee167e3 <- [0x0dfffee4]  r1 = 1ee167e3
T    1B42  0844      add    r0, r1              ; r0 = 1b319930
T    1B44  44F21431  movw   r1, #0x4314         ; r1 = 00004314
T    1B48  CAF20131  movt   r1, #0xa301         ; r1 = a3014314
T    1B4C  0844      add    r0, r1              ; r0 = be32dc44
T    1B4E  1590      str    r0, [sp, #0x54]     ;  [0x0dfffee4] <- be32dc44
T    1B50  1598      ldr    r0, [sp, #0x54]     ;  be32dc44 <- [0x0dfffee4]  r0 = be32dc44
T    1B52  4FEA7040  ror.w  r0, r0, #0x11       ; r0 = 6e225f19
T    1B56  1590      str    r0, [sp, #0x54]     ;  [0x0dfffee4] <- 6e225f19
T    1B58  1498      ldr    r0, [sp, #0x50]     ;  7b4cfc68 <- [0x0dfffee0]  r0 = 7b4cfc68
T    1B5A  1599      ldr    r1, [sp, #0x54]     ;  6e225f19 <- [0x0dfffee4]  r1 = 6e225f19
T    1B5C  0844      add    r0, r1              ; r0 = e96f5b81
T    1B5E  1590      str    r0, [sp, #0x54]     ;  [0x0dfffee4] <- e96f5b81
T    1B60  0298      ldr    r0, [sp, #8]        ;         0 <- [0x0dfffe98]  r0 = 00000000
T    1B62  1799      ldr    r1, [sp, #0x5c]     ;   38fcc35 <- [0x0dfffeec]  r1 = 038fcc35
T    1B64  159A      ldr    r2, [sp, #0x54]     ;  e96f5b81 <- [0x0dfffee4]  r2 = e96f5b81
T    1B66  62EA0101  orn    r1, r2, r1          ; r1 = fd7f7bcb
T    1B6A  149A      ldr    r2, [sp, #0x50]     ;  7b4cfc68 <- [0x0dfffee0]  r2 = 7b4cfc68
T    1B6C  5140      eors   r1, r2              ; r1 = 863387a3
T    1B6E  0844      add    r0, r1              ; r0 = 863387a3
T    1B70  1699      ldr    r1, [sp, #0x58]     ;  426802c7 <- [0x0dfffee8]  r1 = 426802c7
T    1B72  0844      add    r0, r1              ; r0 = c89b8a6a
T    1B74  41F2A111  movw   r1, #0x11a1         ; r1 = 000011a1
T    1B78  C4F60861  movt   r1, #0x4e08         ; r1 = 4e0811a1
T    1B7C  0844      add    r0, r1              ; r0 = 16a39c0b
T    1B7E  1690      str    r0, [sp, #0x58]     ;  [0x0dfffee8] <- 16a39c0b
T    1B80  1698      ldr    r0, [sp, #0x58]     ;  16a39c0b <- [0x0dfffee8]  r0 = 16a39c0b
T    1B82  4FEAF020  ror.w  r0, r0, #0xb        ; r0 = 8162d473
T    1B86  1690      str    r0, [sp, #0x58]     ;  [0x0dfffee8] <- 8162d473
T    1B88  1598      ldr    r0, [sp, #0x54]     ;  e96f5b81 <- [0x0dfffee4]  r0 = e96f5b81
T    1B8A  1699      ldr    r1, [sp, #0x58]     ;  8162d473 <- [0x0dfffee8]  r1 = 8162d473
T    1B8C  0844      add    r0, r1              ; r0 = 6ad22ff4
T    1B8E  1690      str    r0, [sp, #0x58]     ;  [0x0dfffee8] <- 6ad22ff4
T    1B90  0B98      ldr    r0, [sp, #0x2c]     ;         0 <- [0x0dfffebc]  r0 = 00000000
T    1B92  1499      ldr    r1, [sp, #0x50]     ;  7b4cfc68 <- [0x0dfffee0]  r1 = 7b4cfc68
T    1B94  169A      ldr    r2, [sp, #0x58]     ;  6ad22ff4 <- [0x0dfffee8]  r2 = 6ad22ff4
T    1B96  62EA0101  orn    r1, r2, r1          ; r1 = eef32ff7
T    1B9A  159A      ldr    r2, [sp, #0x54]     ;  e96f5b81 <- [0x0dfffee4]  r2 = e96f5b81
T    1B9C  5140      eors   r1, r2              ; r1 = 079c7476
T    1B9E  0844      add    r0, r1              ; r0 = 079c7476
T    1BA0  1799      ldr    r1, [sp, #0x5c]     ;   38fcc35 <- [0x0dfffeec]  r1 = 038fcc35
T    1BA2  0844      add    r0, r1              ; r0 = 0b2c40ab
T    1BA4  47F68261  movw   r1, #0x7e82         ; r1 = 00007e82
T    1BA8  CFF25371  movt   r1, #0xf753         ; r1 = f7537e82
T    1BAC  0844      add    r0, r1              ; r0 = 027fbf2d
T    1BAE  1790      str    r0, [sp, #0x5c]     ;  [0x0dfffeec] <- 27fbf2d
T    1BB0  1798      ldr    r0, [sp, #0x5c]     ;   27fbf2d <- [0x0dfffeec]  r0 = 027fbf2d
T    1BB2  4FEAB060  ror.w  r0, r0, #0x1a       ; r0 = 9fefcb40
T    1BB6  1790      str    r0, [sp, #0x5c]     ;  [0x0dfffeec] <- 9fefcb40
T    1BB8  1698      ldr    r0, [sp, #0x58]     ;  6ad22ff4 <- [0x0dfffee8]  r0 = 6ad22ff4
T    1BBA  1799      ldr    r1, [sp, #0x5c]     ;  9fefcb40 <- [0x0dfffeec]  r1 = 9fefcb40
T    1BBC  0844      add    r0, r1              ; r0 = 0ac1fb34
T    1BBE  1790      str    r0, [sp, #0x5c]     ;  [0x0dfffeec] <- ac1fb34
T    1BC0  0498      ldr    r0, [sp, #0x10]     ;         0 <- [0x0dfffea0]  r0 = 00000000
T    1BC2  1599      ldr    r1, [sp, #0x54]     ;  e96f5b81 <- [0x0dfffee4]  r1 = e96f5b81
T    1BC4  179A      ldr    r2, [sp, #0x5c]     ;   ac1fb34 <- [0x0dfffeec]  r2 = 0ac1fb34
T    1BC6  62EA0101  orn    r1, r2, r1          ; r1 = 1ed1ff7e
T    1BCA  169A      ldr    r2, [sp, #0x58]     ;  6ad22ff4 <- [0x0dfffee8]  r2 = 6ad22ff4
T    1BCC  5140      eors   r1, r2              ; r1 = 7403d08a
T    1BCE  0844      add    r0, r1              ; r0 = 7403d08a
T    1BD0  1499      ldr    r1, [sp, #0x50]     ;  7b4cfc68 <- [0x0dfffee0]  r1 = 7b4cfc68
T    1BD2  0844      add    r0, r1              ; r0 = ef50ccf2
T    1BD4  4FF23521  movw   r1, #0xf235         ; r1 = 0000f235
T    1BD8  CBF63A51  movt   r1, #0xbd3a         ; r1 = bd3af235
T    1BDC  0844      add    r0, r1              ; r0 = ac8bbf27
T    1BDE  1490      str    r0, [sp, #0x50]     ;  [0x0dfffee0] <- ac8bbf27
T    1BE0  1498      ldr    r0, [sp, #0x50]     ;  ac8bbf27 <- [0x0dfffee0]  r0 = ac8bbf27
T    1BE2  4FEAB050  ror.w  r0, r0, #0x16       ; r0 = 2efc9eb2
T    1BE6  1490      str    r0, [sp, #0x50]     ;  [0x0dfffee0] <- 2efc9eb2
T    1BE8  1798      ldr    r0, [sp, #0x5c]     ;   ac1fb34 <- [0x0dfffeec]  r0 = 0ac1fb34
T    1BEA  1499      ldr    r1, [sp, #0x50]     ;  2efc9eb2 <- [0x0dfffee0]  r1 = 2efc9eb2
T    1BEC  0844      add    r0, r1              ; r0 = 39be99e6
T    1BEE  1490      str    r0, [sp, #0x50]     ;  [0x0dfffee0] <- 39be99e6
T    1BF0  0D98      ldr    r0, [sp, #0x34]     ;         0 <- [0x0dfffec4]  r0 = 00000000
T    1BF2  1699      ldr    r1, [sp, #0x58]     ;  6ad22ff4 <- [0x0dfffee8]  r1 = 6ad22ff4
T    1BF4  149A      ldr    r2, [sp, #0x50]     ;  39be99e6 <- [0x0dfffee0]  r2 = 39be99e6
T    1BF6  62EA0101  orn    r1, r2, r1          ; r1 = bdbfd9ef
T    1BFA  179A      ldr    r2, [sp, #0x5c]     ;   ac1fb34 <- [0x0dfffeec]  r2 = 0ac1fb34
T    1BFC  5140      eors   r1, r2              ; r1 = b77e22db
T    1BFE  0844      add    r0, r1              ; r0 = b77e22db
T    1C00  1599      ldr    r1, [sp, #0x54]     ;  e96f5b81 <- [0x0dfffee4]  r1 = e96f5b81
T    1C02  0844      add    r0, r1              ; r0 = a0ed7e5c
T    1C04  4DF2BB21  movw   r1, #0xd2bb         ; r1 = 0000d2bb
T    1C08  C2F6D721  movt   r1, #0x2ad7         ; r1 = 2ad7d2bb
T    1C0C  0844      add    r0, r1              ; r0 = cbc55117
T    1C0E  1590      str    r0, [sp, #0x54]     ;  [0x0dfffee4] <- cbc55117
T    1C10  1598      ldr    r0, [sp, #0x54]     ;  cbc55117 <- [0x0dfffee4]  r0 = cbc55117
T    1C12  4FEA7040  ror.w  r0, r0, #0x11       ; r0 = a88be5e2
T    1C16  1590      str    r0, [sp, #0x54]     ;  [0x0dfffee4] <- a88be5e2
T    1C18  1498      ldr    r0, [sp, #0x50]     ;  39be99e6 <- [0x0dfffee0]  r0 = 39be99e6
T    1C1A  1599      ldr    r1, [sp, #0x54]     ;  a88be5e2 <- [0x0dfffee4]  r1 = a88be5e2
T    1C1C  0844      add    r0, r1              ; r0 = e24a7fc8
T    1C1E  1590      str    r0, [sp, #0x54]     ;  [0x0dfffee4] <- e24a7fc8
T    1C20  0698      ldr    r0, [sp, #0x18]     ;         0 <- [0x0dfffea8]  r0 = 00000000
T    1C22  1799      ldr    r1, [sp, #0x5c]     ;   ac1fb34 <- [0x0dfffeec]  r1 = 0ac1fb34
T    1C24  159A      ldr    r2, [sp, #0x54]     ;  e24a7fc8 <- [0x0dfffee4]  r2 = e24a7fc8
T    1C26  62EA0101  orn    r1, r2, r1          ; r1 = f77e7fcb
T    1C2A  149A      ldr    r2, [sp, #0x50]     ;  39be99e6 <- [0x0dfffee0]  r2 = 39be99e6
T    1C2C  5140      eors   r1, r2              ; r1 = cec0e62d
T    1C2E  0844      add    r0, r1              ; r0 = cec0e62d
T    1C30  1699      ldr    r1, [sp, #0x58]     ;  6ad22ff4 <- [0x0dfffee8]  r1 = 6ad22ff4
T    1C32  0844      add    r0, r1              ; r0 = 39931621
T    1C34  4DF29131  movw   r1, #0xd391         ; r1 = 0000d391
T    1C38  CEF68631  movt   r1, #0xeb86         ; r1 = eb86d391
T    1C3C  0844      add    r0, r1              ; r0 = 2519e9b2
T    1C3E  1690      str    r0, [sp, #0x58]     ;  [0x0dfffee8] <- 2519e9b2
T    1C40  1698      ldr    r0, [sp, #0x58]     ;  2519e9b2 <- [0x0dfffee8]  r0 = 2519e9b2
T    1C42  4FEAF020  ror.w  r0, r0, #0xb        ; r0 = 3644a33d
T    1C46  1690      str    r0, [sp, #0x58]     ;  [0x0dfffee8] <- 3644a33d
T    1C48  1598      ldr    r0, [sp, #0x54]     ;  e24a7fc8 <- [0x0dfffee4]  r0 = e24a7fc8
T    1C4A  1699      ldr    r1, [sp, #0x58]     ;  3644a33d <- [0x0dfffee8]  r1 = 3644a33d
T    1C4C  0844      add    r0, r1              ; r0 = 188f2305
T    1C4E  1690      str    r0, [sp, #0x58]     ;  [0x0dfffee8] <- 188f2305
T    1C50  1798      ldr    r0, [sp, #0x5c]     ;   ac1fb34 <- [0x0dfffeec]  r0 = 0ac1fb34
T    1C52  1299      ldr    r1, [sp, #0x48]     ;   dffff98 <- [0x0dfffed8]  r1 = 0dffff98
T    1C54  0A68      ldr    r2, [r1]            ;  67452301 <- [0x0dffff98]  r2 = 67452301
T    1C56  1044      add    r0, r2              ; r0 = 72071e35
T    1C58  0860      str    r0, [r1]            ;  [0x0dffff98] <- 72071e35
T    1C5A  1790      str    r0, [sp, #0x5c]     ;  [0x0dfffeec] <- 72071e35
T    1C5C  1698      ldr    r0, [sp, #0x58]     ;  188f2305 <- [0x0dfffee8]  r0 = 188f2305
T    1C5E  1299      ldr    r1, [sp, #0x48]     ;   dffff98 <- [0x0dfffed8]  r1 = 0dffff98
T    1C60  4A68      ldr    r2, [r1, #4]        ;  efcdab89 <- [0x0dffff9c]  r2 = efcdab89
T    1C62  1044      add    r0, r2              ; r0 = 085cce8e
T    1C64  4860      str    r0, [r1, #4]        ;  [0x0dffff9c] <- 85cce8e
T    1C66  1690      str    r0, [sp, #0x58]     ;  [0x0dfffee8] <- 85cce8e
T    1C68  1598      ldr    r0, [sp, #0x54]     ;  e24a7fc8 <- [0x0dfffee4]  r0 = e24a7fc8
T    1C6A  1299      ldr    r1, [sp, #0x48]     ;   dffff98 <- [0x0dfffed8]  r1 = 0dffff98
T    1C6C  8A68      ldr    r2, [r1, #8]        ;  98badcfe <- [0x0dffffa0]  r2 = 98badcfe
T    1C6E  1044      add    r0, r2              ; r0 = 7b055cc6
T    1C70  8860      str    r0, [r1, #8]        ;  [0x0dffffa0] <- 7b055cc6
T    1C72  1590      str    r0, [sp, #0x54]     ;  [0x0dfffee4] <- 7b055cc6
T    1C74  1498      ldr    r0, [sp, #0x50]     ;  39be99e6 <- [0x0dfffee0]  r0 = 39be99e6
T    1C76  1299      ldr    r1, [sp, #0x48]     ;   dffff98 <- [0x0dfffed8]  r1 = 0dffff98
T    1C78  CA68      ldr    r2, [r1, #0xc]      ;  10325476 <- [0x0dffffa4]  r2 = 10325476
T    1C7A  1044      add    r0, r2              ; r0 = 49f0ee5c
T    1C7C  C860      str    r0, [r1, #0xc]      ;  [0x0dffffa4] <- 49f0ee5c
T    1C7E  1490      str    r0, [sp, #0x50]     ;  [0x0dfffee0] <- 49f0ee5c
T    1C80  FEF7FEBF  b.w    #0xc80              ;
T     C80  1098      ldr    r0, [sp, #0x40]     ;         0 <- [0x0dfffed0]  r0 = 00000000
T     C82  411E      subs   r1, r0, #1          ; r1 = ffffffff
T     C84  1091      str    r1, [sp, #0x40]     ;  [0x0dfffed0] <- ffffffff
T     C86  0028      cmp    r0, #0              ; cpsr = 600001f3
T     C88  00F0FC87  beq.w  #0x1c84             ;
T    1C84  0548      ldr    r0, [pc, #0x14]     ;      42e6 <- [0x00001c9c]  r0 = 000042e6
T    1C86  7844      add    r0, pc              ; r0 = 00005f70
T    1C88  0068      ldr    r0, [r0]            ;         0 <- [0x00005f70]  r0 = 00000000
T    1C8A  0068      ldr    r0, [r0]            ;  464c457f <- [0x00000000]  r0 = 464c457f
T    1C8C  1999      ldr    r1, [sp, #0x64]     ;  464c457f <- [0x0dfffef4]  r1 = 464c457f
T    1C8E  8842      cmp    r0, r1              ; cpsr = 600001f3
T    1C90  02D1      bne    #0x1c98             ; pc = 00001c92
T    1C92  FFE7      b      #0x1c94             ;
T    1C94  1AB0      add    sp, #0x68           ; sp = 0dfffef8
T    1C96  80BD      pop    {r7, pc}            ;   dffff70 <- [0x0dfffef8]       2011 <- [0x0dfffefc]  sp = 0dffff00  r7 = 0dffff70  pc = 00002010
T    2010  0698      ldr    r0, [sp, #0x18]     ;   dffff98 <- [0x0dffff18]  r0 = 0dffff98
T    2012  0021      movs   r1, #0              ; r1 = 00000000
T    2014  8165      str    r1, [r0, #0x58]     ;  [0x0dfffff0] <- 0
T    2016  1998      ldr    r0, [sp, #0x64]     ;   dffffb0 <- [0x0dffff64]  r0 = 0dffffb0
T    2018  1790      str    r0, [sp, #0x5c]     ;  [0x0dffff5c] <- dffffb0
T    201A  4FF0FF30  mov.w  r0, #-1             ; r0 = ffffffff
T    201E  1690      str    r0, [sp, #0x58]     ;  [0x0dffff58] <- ffffffff
T    2020  1591      str    r1, [sp, #0x54]     ;  [0x0dffff54] <- 0
T    2022  4020      movs   r0, #0x40           ; r0 = 00000040
T    2024  1490      str    r0, [sp, #0x50]     ;  [0x0dffff50] <- 40
T    2026  1698      ldr    r0, [sp, #0x58]     ;  ffffffff <- [0x0dffff58]  r0 = ffffffff
T    2028  1390      str    r0, [sp, #0x4c]     ;  [0x0dffff4c] <- ffffffff
T    202A  1398      ldr    r0, [sp, #0x4c]     ;  ffffffff <- [0x0dffff4c]  r0 = ffffffff
T    202C  0130      adds   r0, #1              ; r0 = 00000000
T    202E  0028      cmp    r0, #0              ; cpsr = 600001f3
T    2030  08D0      beq    #0x2044             ; pc = 00002044
T    2044  1798      ldr    r0, [sp, #0x5c]     ;   dffffb0 <- [0x0dffff5c]  r0 = 0dffffb0
T    2046  9DF85420  ldrb.w r2, [sp, #0x54]     ;         0 <- [0x0dffff54]  r2 = 00000000
T    204A  1499      ldr    r1, [sp, #0x50]     ;        40 <- [0x0dffff50]  r1 = 00000040
T    204C  0190      str    r0, [sp, #4]        ;  [0x0dffff04] <- dffffb0
T    204E  FEF70AED  blx    #0xa64              ; lr = 00002053  pc = 00000a64
A     A64  00C68FE2  add    ip, pc, #0, #12     ; ip = 00000a6c
A     A68  05CA8CE2  add    ip, ip, #0x5000     ; ip = 00005a6c
A     A6C  34F5BCE5  ldr    pc, [ip, #0x534]!   ;      5fa0 <- [0x00005fa0]
 __aeabi_memset(...) @ 0x5fa0  pc = 00002052  ip = 00005fa0
T    2052  0198      ldr    r0, [sp, #4]        ;   dffffb0 <- [0x0dffff04]  r0 = 0dffffb0
T    2054  1890      str    r0, [sp, #0x60]     ;  [0x0dffff60] <- dffffb0
T    2056  FFE7      b      #0x2058             ;
T    2058  FFE7      b      #0x205a             ;
T    205A  0698      ldr    r0, [sp, #0x18]     ;   dffff98 <- [0x0dffff18]  r0 = 0dffff98
T    205C  0068      ldr    r0, [r0]            ;  72071e35 <- [0x0dffff98]  r0 = 72071e35
T    205E  0490      str    r0, [sp, #0x10]     ;  [0x0dffff10] <- 72071e35
T    2060  0498      ldr    r0, [sp, #0x10]     ;  72071e35 <- [0x0dffff10]  r0 = 72071e35
T    2062  1A99      ldr    r1, [sp, #0x68]     ;   b000200 <- [0x0dffff68]  r1 = 0b000200
T    2064  4A1C      adds   r2, r1, #1          ; r2 = 0b000201
T    2066  1A92      str    r2, [sp, #0x68]     ;  [0x0dffff68] <- b000201
T    2068  0870      strb   r0, [r1]            ;  [0x0b000200] <- 35
T    206A  0498      ldr    r0, [sp, #0x10]     ;  72071e35 <- [0x0dffff10]  r0 = 72071e35
T    206C  000A      lsrs   r0, r0, #8          ; r0 = 0072071e
T    206E  1A99      ldr    r1, [sp, #0x68]     ;   b000201 <- [0x0dffff68]  r1 = 0b000201
T    2070  4A1C      adds   r2, r1, #1          ; r2 = 0b000202
T    2072  1A92      str    r2, [sp, #0x68]     ;  [0x0dffff68] <- b000202
T    2074  0870      strb   r0, [r1]            ;  [0x0b000201] <- 1e
T    2076  BDF81200  ldrh.w r0, [sp, #0x12]     ;      7207 <- [0x0dffff12]  r0 = 00007207
T    207A  1A99      ldr    r1, [sp, #0x68]     ;   b000202 <- [0x0dffff68]  r1 = 0b000202
T    207C  4A1C      adds   r2, r1, #1          ; r2 = 0b000203
T    207E  1A92      str    r2, [sp, #0x68]     ;  [0x0dffff68] <- b000203
T    2080  0870      strb   r0, [r1]            ;  [0x0b000202] <- 7
T    2082  9DF81300  ldrb.w r0, [sp, #0x13]     ;        72 <- [0x0dffff13]  r0 = 00000072
T    2086  1A99      ldr    r1, [sp, #0x68]     ;   b000203 <- [0x0dffff68]  r1 = 0b000203
T    2088  4A1C      adds   r2, r1, #1          ; r2 = 0b000204
T    208A  1A92      str    r2, [sp, #0x68]     ;  [0x0dffff68] <- b000204
T    208C  0870      strb   r0, [r1]            ;  [0x0b000203] <- 72
T    208E  0698      ldr    r0, [sp, #0x18]     ;   dffff98 <- [0x0dffff18]  r0 = 0dffff98
T    2090  4068      ldr    r0, [r0, #4]        ;   85cce8e <- [0x0dffff9c]  r0 = 085cce8e
T    2092  0490      str    r0, [sp, #0x10]     ;  [0x0dffff10] <- 85cce8e
T    2094  0498      ldr    r0, [sp, #0x10]     ;   85cce8e <- [0x0dffff10]  r0 = 085cce8e
T    2096  1A99      ldr    r1, [sp, #0x68]     ;   b000204 <- [0x0dffff68]  r1 = 0b000204
T    2098  4A1C      adds   r2, r1, #1          ; r2 = 0b000205
T    209A  1A92      str    r2, [sp, #0x68]     ;  [0x0dffff68] <- b000205
T    209C  0870      strb   r0, [r1]            ;  [0x0b000204] <- 8e
T    209E  0498      ldr    r0, [sp, #0x10]     ;   85cce8e <- [0x0dffff10]  r0 = 085cce8e
T    20A0  000A      lsrs   r0, r0, #8          ; r0 = 00085cce
T    20A2  1A99      ldr    r1, [sp, #0x68]     ;   b000205 <- [0x0dffff68]  r1 = 0b000205
T    20A4  4A1C      adds   r2, r1, #1          ; r2 = 0b000206
T    20A6  1A92      str    r2, [sp, #0x68]     ;  [0x0dffff68] <- b000206
T    20A8  0870      strb   r0, [r1]            ;  [0x0b000205] <- ce
T    20AA  BDF81200  ldrh.w r0, [sp, #0x12]     ;       85c <- [0x0dffff12]  r0 = 0000085c
T    20AE  1A99      ldr    r1, [sp, #0x68]     ;   b000206 <- [0x0dffff68]  r1 = 0b000206
T    20B0  4A1C      adds   r2, r1, #1          ; r2 = 0b000207
T    20B2  1A92      str    r2, [sp, #0x68]     ;  [0x0dffff68] <- b000207
T    20B4  0870      strb   r0, [r1]            ;  [0x0b000206] <- 5c
T    20B6  9DF81300  ldrb.w r0, [sp, #0x13]     ;         8 <- [0x0dffff13]  r0 = 00000008
T    20BA  1A99      ldr    r1, [sp, #0x68]     ;   b000207 <- [0x0dffff68]  r1 = 0b000207
T    20BC  4A1C      adds   r2, r1, #1          ; r2 = 0b000208
T    20BE  1A92      str    r2, [sp, #0x68]     ;  [0x0dffff68] <- b000208
T    20C0  0870      strb   r0, [r1]            ;  [0x0b000207] <- 8
T    20C2  0698      ldr    r0, [sp, #0x18]     ;   dffff98 <- [0x0dffff18]  r0 = 0dffff98
T    20C4  8068      ldr    r0, [r0, #8]        ;  7b055cc6 <- [0x0dffffa0]  r0 = 7b055cc6
T    20C6  0490      str    r0, [sp, #0x10]     ;  [0x0dffff10] <- 7b055cc6
T    20C8  0498      ldr    r0, [sp, #0x10]     ;  7b055cc6 <- [0x0dffff10]  r0 = 7b055cc6
T    20CA  1A99      ldr    r1, [sp, #0x68]     ;   b000208 <- [0x0dffff68]  r1 = 0b000208
T    20CC  4A1C      adds   r2, r1, #1          ; r2 = 0b000209
T    20CE  1A92      str    r2, [sp, #0x68]     ;  [0x0dffff68] <- b000209
T    20D0  0870      strb   r0, [r1]            ;  [0x0b000208] <- c6
T    20D2  0498      ldr    r0, [sp, #0x10]     ;  7b055cc6 <- [0x0dffff10]  r0 = 7b055cc6
T    20D4  000A      lsrs   r0, r0, #8          ; r0 = 007b055c
T    20D6  1A99      ldr    r1, [sp, #0x68]     ;   b000209 <- [0x0dffff68]  r1 = 0b000209
T    20D8  4A1C      adds   r2, r1, #1          ; r2 = 0b00020a
T    20DA  1A92      str    r2, [sp, #0x68]     ;  [0x0dffff68] <- b00020a
T    20DC  0870      strb   r0, [r1]            ;  [0x0b000209] <- 5c
T    20DE  BDF81200  ldrh.w r0, [sp, #0x12]     ;      7b05 <- [0x0dffff12]  r0 = 00007b05
T    20E2  1A99      ldr    r1, [sp, #0x68]     ;   b00020a <- [0x0dffff68]  r1 = 0b00020a
T    20E4  4A1C      adds   r2, r1, #1          ; r2 = 0b00020b
T    20E6  1A92      str    r2, [sp, #0x68]     ;  [0x0dffff68] <- b00020b
T    20E8  0870      strb   r0, [r1]            ;  [0x0b00020a] <- 5
T    20EA  9DF81300  ldrb.w r0, [sp, #0x13]     ;        7b <- [0x0dffff13]  r0 = 0000007b
T    20EE  1A99      ldr    r1, [sp, #0x68]     ;   b00020b <- [0x0dffff68]  r1 = 0b00020b
T    20F0  4A1C      adds   r2, r1, #1          ; r2 = 0b00020c
T    20F2  1A92      str    r2, [sp, #0x68]     ;  [0x0dffff68] <- b00020c
T    20F4  0870      strb   r0, [r1]            ;  [0x0b00020b] <- 7b
T    20F6  0698      ldr    r0, [sp, #0x18]     ;   dffff98 <- [0x0dffff18]  r0 = 0dffff98
T    20F8  C068      ldr    r0, [r0, #0xc]      ;  49f0ee5c <- [0x0dffffa4]  r0 = 49f0ee5c
T    20FA  0490      str    r0, [sp, #0x10]     ;  [0x0dffff10] <- 49f0ee5c
T    20FC  0498      ldr    r0, [sp, #0x10]     ;  49f0ee5c <- [0x0dffff10]  r0 = 49f0ee5c
T    20FE  1A99      ldr    r1, [sp, #0x68]     ;   b00020c <- [0x0dffff68]  r1 = 0b00020c
T    2100  4A1C      adds   r2, r1, #1          ; r2 = 0b00020d
T    2102  1A92      str    r2, [sp, #0x68]     ;  [0x0dffff68] <- b00020d
T    2104  0870      strb   r0, [r1]            ;  [0x0b00020c] <- 5c
T    2106  0498      ldr    r0, [sp, #0x10]     ;  49f0ee5c <- [0x0dffff10]  r0 = 49f0ee5c
T    2108  000A      lsrs   r0, r0, #8          ; r0 = 0049f0ee
T    210A  1A99      ldr    r1, [sp, #0x68]     ;   b00020d <- [0x0dffff68]  r1 = 0b00020d
T    210C  4A1C      adds   r2, r1, #1          ; r2 = 0b00020e
T    210E  1A92      str    r2, [sp, #0x68]     ;  [0x0dffff68] <- b00020e
T    2110  0870      strb   r0, [r1]            ;  [0x0b00020d] <- ee
T    2112  BDF81200  ldrh.w r0, [sp, #0x12]     ;      49f0 <- [0x0dffff12]  r0 = 000049f0
T    2116  1A99      ldr    r1, [sp, #0x68]     ;   b00020e <- [0x0dffff68]  r1 = 0b00020e
T    2118  4A1C      adds   r2, r1, #1          ; r2 = 0b00020f
T    211A  1A92      str    r2, [sp, #0x68]     ;  [0x0dffff68] <- b00020f
T    211C  0870      strb   r0, [r1]            ;  [0x0b00020e] <- f0
T    211E  9DF81300  ldrb.w r0, [sp, #0x13]     ;        49 <- [0x0dffff13]  r0 = 00000049
T    2122  1A99      ldr    r1, [sp, #0x68]     ;   b00020f <- [0x0dffff68]  r1 = 0b00020f
T    2124  4A1C      adds   r2, r1, #1          ; r2 = 0b000210
T    2126  1A92      str    r2, [sp, #0x68]     ;  [0x0dffff68] <- b000210
T    2128  0870      strb   r0, [r1]            ;  [0x0b00020f] <- 49
T    212A  FFE7      b      #0x212c             ;
T    212C  0748      ldr    r0, [pc, #0x1c]     ;      3e3e <- [0x0000214c]  r0 = 00003e3e
T    212E  7844      add    r0, pc              ; r0 = 00005f70
T    2130  0068      ldr    r0, [r0]            ;         0 <- [0x00005f70]  r0 = 00000000
T    2132  0068      ldr    r0, [r0]            ;  464c457f <- [0x00000000]  r0 = 464c457f
T    2134  1B99      ldr    r1, [sp, #0x6c]     ;  464c457f <- [0x0dffff6c]  r1 = 464c457f
T    2136  8842      cmp    r0, r1              ; cpsr = 600001f3
T    2138  03D1      bne    #0x2142             ; pc = 0000213a
T    213A  FFE7      b      #0x213c             ;
T    213C  0120      movs   r0, #1              ; r0 = 00000001
T    213E  1CB0      add    sp, #0x70           ; sp = 0dffff70
T    2140  80BD      pop    {r7, pc}            ;   dfffff8 <- [0x0dffff70]       2241 <- [0x0dffff74]  sp = 0dffff78  r7 = 0dfffff8  pc = 00002240
T    2240  5C21      movs   r1, #0x5c           ; r1 = 0000005c
T    2242  039A      ldr    r2, [sp, #0xc]      ;   dffff98 <- [0x0dffff84]  r2 = 0dffff98
T    2244  0190      str    r0, [sp, #4]        ;  [0x0dffff7c] <- 1
T    2246  1046      mov    r0, r2              ; r0 = 0dffff98
T    2248  FEF742EC  blx    #0xad0              ; lr = 0000224d  pc = 00000ad0
A     AD0  00C68FE2  add    ip, pc, #0, #12     ; ip = 00000ad8
A     AD4  05CA8CE2  add    ip, ip, #0x5000     ; ip = 00005ad8
A     AD8  ECF4BCE5  ldr    pc, [ip, #0x4ec]!   ;      2151 <- [0x00005fc4]
 _Z15OPENSSL_cleansePvj[OPENSSL_cleanse(void*, unsigned int)](...) @ 0x2150  pc = 00002150  ip = 00005fc4
T    2150  80B5      push   {r7, lr}            ;  [0x0dffff70] <- dfffff8    [0x0dffff74] <- 224d   sp = 0dffff70
T    2152  6F46      mov    r7, sp              ; r7 = 0dffff70
T    2154  8EB0      sub    sp, #0x38           ; sp = 0dffff38
T    2156  0590      str    r0, [sp, #0x14]     ;  [0x0dffff4c] <- dffff98
T    2158  0491      str    r1, [sp, #0x10]     ;  [0x0dffff48] <- 5c
T    215A  0598      ldr    r0, [sp, #0x14]     ;   dffff98 <- [0x0dffff4c]  r0 = 0dffff98
T    215C  0390      str    r0, [sp, #0xc]      ;  [0x0dffff44] <- dffff98
T    215E  0498      ldr    r0, [sp, #0x10]     ;        5c <- [0x0dffff48]  r0 = 0000005c
T    2160  0290      str    r0, [sp, #8]        ;  [0x0dffff40] <- 5c
T    2162  2148      ldr    r0, [pc, #0x84]     ;      3e0c <- [0x000021e8]  r0 = 00003e0c
T    2164  7844      add    r0, pc              ; r0 = 00005f74
T    2166  0068      ldr    r0, [r0]            ;         0 <- [0x00005f74]  r0 = 00000000
T    2168  0078      ldrb   r0, [r0]            ;        7f <- [0x00000000]  r0 = 0000007f
T    216A  0190      str    r0, [sp, #4]        ;  [0x0dffff3c] <- 7f
T    216C  FFE7      b      #0x216e             ;
T    216E  0298      ldr    r0, [sp, #8]        ;        5c <- [0x0dffff40]  r0 = 0000005c
T    2170  411E      subs   r1, r0, #1          ; r1 = 0000005b
T    2172  0291      str    r1, [sp, #8]        ;  [0x0dffff40] <- 5b
T    2174  0028      cmp    r0, #0              ; cpsr = 200001f3
T    2176  0DD0      beq    #0x2194             ; pc = 00002178
T    2178  FFE7      b      #0x217a             ;
T    217A  0198      ldr    r0, [sp, #4]        ;        7f <- [0x0dffff3c]  r0 = 0000007f
T    217C  0399      ldr    r1, [sp, #0xc]      ;   dffff98 <- [0x0dffff44]  r1 = 0dffff98
T    217E  4A1C      adds   r2, r1, #1          ; r2 = 0dffff99
T    2180  0392      str    r2, [sp, #0xc]      ;  [0x0dffff44] <- dffff99
T    2182  0870      strb   r0, [r1]            ;  [0x0dffff98] <- 7f
T    2184  0398      ldr    r0, [sp, #0xc]      ;   dffff99 <- [0x0dffff44]  r0 = 0dffff99
T    2186  00F00F00  and    r0, r0, #0xf        ; r0 = 00000009
T    218A  0199      ldr    r1, [sp, #4]        ;        7f <- [0x0dffff3c]  r1 = 0000007f
T    218C  0844      add    r0, r1              ; r0 = 00000088
T    218E  1130      adds   r0, #0x11           ; r0 = 00000099
T    2190  0190      str    r0, [sp, #4]        ;  [0x0dffff3c] <- 99
T    2192  ECE7      b      #0x216e             ;
T    216E  0298      ldr    r0, [sp, #8]        ;        5b <- [0x0dffff40]  r0 = 0000005b
T    2170  411E      subs   r1, r0, #1          ; r1 = 0000005a
T    2172  0291      str    r1, [sp, #8]        ;  [0x0dffff40] <- 5a
T    2174  0028      cmp    r0, #0              ; cpsr = 200001f3
T    2176  0DD0      beq    #0x2194             ; pc = 00002178
T    2178  FFE7      b      #0x217a             ;
T    217A  0198      ldr    r0, [sp, #4]        ;        99 <- [0x0dffff3c]  r0 = 00000099
T    217C  0399      ldr    r1, [sp, #0xc]      ;   dffff99 <- [0x0dffff44]  r1 = 0dffff99
T    217E  4A1C      adds   r2, r1, #1          ; r2 = 0dffff9a
T    2180  0392      str    r2, [sp, #0xc]      ;  [0x0dffff44] <- dffff9a
T    2182  0870      strb   r0, [r1]            ;  [0x0dffff99] <- 99
T    2184  0398      ldr    r0, [sp, #0xc]      ;   dffff9a <- [0x0dffff44]  r0 = 0dffff9a
T    2186  00F00F00  and    r0, r0, #0xf        ; r0 = 0000000a
T    218A  0199      ldr    r1, [sp, #4]        ;        99 <- [0x0dffff3c]  r1 = 00000099
T    218C  0844      add    r0, r1              ; r0 = 000000a3
T    218E  1130      adds   r0, #0x11           ; r0 = 000000b4
T    2190  0190      str    r0, [sp, #4]        ;  [0x0dffff3c] <- b4
T    2192  ECE7      b      #0x216e             ;
T    216E  0298      ldr    r0, [sp, #8]        ;        5a <- [0x0dffff40]  r0 = 0000005a
T    2170  411E      subs   r1, r0, #1          ; r1 = 00000059
T    2172  0291      str    r1, [sp, #8]        ;  [0x0dffff40] <- 59
T    2174  0028      cmp    r0, #0              ; cpsr = 200001f3
T    2176  0DD0      beq    #0x2194             ; pc = 00002178
T    2178  FFE7      b      #0x217a             ;
T    217A  0198      ldr    r0, [sp, #4]        ;        b4 <- [0x0dffff3c]  r0 = 000000b4
T    217C  0399      ldr    r1, [sp, #0xc]      ;   dffff9a <- [0x0dffff44]  r1 = 0dffff9a
T    217E  4A1C      adds   r2, r1, #1          ; r2 = 0dffff9b
T    2180  0392      str    r2, [sp, #0xc]      ;  [0x0dffff44] <- dffff9b
T    2182  0870      strb   r0, [r1]            ;  [0x0dffff9a] <- b4
T    2184  0398      ldr    r0, [sp, #0xc]      ;   dffff9b <- [0x0dffff44]  r0 = 0dffff9b
T    2186  00F00F00  and    r0, r0, #0xf        ; r0 = 0000000b
T    218A  0199      ldr    r1, [sp, #4]        ;        b4 <- [0x0dffff3c]  r1 = 000000b4
T    218C  0844      add    r0, r1              ; r0 = 000000bf
T    218E  1130      adds   r0, #0x11           ; r0 = 000000d0
T    2190  0190      str    r0, [sp, #4]        ;  [0x0dffff3c] <- d0
T    2192  ECE7      b      #0x216e             ;
T    216E  0298      ldr    r0, [sp, #8]        ;        59 <- [0x0dffff40]  r0 = 00000059
T    2170  411E      subs   r1, r0, #1          ; r1 = 00000058
T    2172  0291      str    r1, [sp, #8]        ;  [0x0dffff40] <- 58
T    2174  0028      cmp    r0, #0              ; cpsr = 200001f3
T    2176  0DD0      beq    #0x2194             ; pc = 00002178
T    2178  FFE7      b      #0x217a             ;
T    217A  0198      ldr    r0, [sp, #4]        ;        d0 <- [0x0dffff3c]  r0 = 000000d0
T    217C  0399      ldr    r1, [sp, #0xc]      ;   dffff9b <- [0x0dffff44]  r1 = 0dffff9b
T    217E  4A1C      adds   r2, r1, #1          ; r2 = 0dffff9c
T    2180  0392      str    r2, [sp, #0xc]      ;  [0x0dffff44] <- dffff9c
T    2182  0870      strb   r0, [r1]            ;  [0x0dffff9b] <- d0
T    2184  0398      ldr    r0, [sp, #0xc]      ;   dffff9c <- [0x0dffff44]  r0 = 0dffff9c
T    2186  00F00F00  and    r0, r0, #0xf        ; r0 = 0000000c
T    218A  0199      ldr    r1, [sp, #4]        ;        d0 <- [0x0dffff3c]  r1 = 000000d0
T    218C  0844      add    r0, r1              ; r0 = 000000dc
T    218E  1130      adds   r0, #0x11           ; r0 = 000000ed
T    2190  0190      str    r0, [sp, #4]        ;  [0x0dffff3c] <- ed
T    2192  ECE7      b      #0x216e             ;
T    216E  0298      ldr    r0, [sp, #8]        ;        58 <- [0x0dffff40]  r0 = 00000058
T    2170  411E      subs   r1, r0, #1          ; r1 = 00000057
T    2172  0291      str    r1, [sp, #8]        ;  [0x0dffff40] <- 57
T    2174  0028      cmp    r0, #0              ; cpsr = 200001f3
T    2176  0DD0      beq    #0x2194             ; pc = 00002178
T    2178  FFE7      b      #0x217a             ;
T    217A  0198      ldr    r0, [sp, #4]        ;        ed <- [0x0dffff3c]  r0 = 000000ed
T    217C  0399      ldr    r1, [sp, #0xc]      ;   dffff9c <- [0x0dffff44]  r1 = 0dffff9c
T    217E  4A1C      adds   r2, r1, #1          ; r2 = 0dffff9d
T    2180  0392      str    r2, [sp, #0xc]      ;  [0x0dffff44] <- dffff9d
T    2182  0870      strb   r0, [r1]            ;  [0x0dffff9c] <- ed
T    2184  0398      ldr    r0, [sp, #0xc]      ;   dffff9d <- [0x0dffff44]  r0 = 0dffff9d
T    2186  00F00F00  and    r0, r0, #0xf        ; r0 = 0000000d
T    218A  0199      ldr    r1, [sp, #4]        ;        ed <- [0x0dffff3c]  r1 = 000000ed
T    218C  0844      add    r0, r1              ; r0 = 000000fa
T    218E  1130      adds   r0, #0x11           ; r0 = 0000010b
T    2190  0190      str    r0, [sp, #4]        ;  [0x0dffff3c] <- 10b
T    2192  ECE7      b      #0x216e             ;
T    216E  0298      ldr    r0, [sp, #8]        ;        57 <- [0x0dffff40]  r0 = 00000057
T    2170  411E      subs   r1, r0, #1          ; r1 = 00000056
T    2172  0291      str    r1, [sp, #8]        ;  [0x0dffff40] <- 56
T    2174  0028      cmp    r0, #0              ; cpsr = 200001f3
T    2176  0DD0      beq    #0x2194             ; pc = 00002178
T    2178  FFE7      b      #0x217a             ;
T    217A  0198      ldr    r0, [sp, #4]        ;       10b <- [0x0dffff3c]  r0 = 0000010b
T    217C  0399      ldr    r1, [sp, #0xc]      ;   dffff9d <- [0x0dffff44]  r1 = 0dffff9d
T    217E  4A1C      adds   r2, r1, #1          ; r2 = 0dffff9e
T    2180  0392      str    r2, [sp, #0xc]      ;  [0x0dffff44] <- dffff9e
T    2182  0870      strb   r0, [r1]            ;  [0x0dffff9d] <- b
T    2184  0398      ldr    r0, [sp, #0xc]      ;   dffff9e <- [0x0dffff44]  r0 = 0dffff9e
T    2186  00F00F00  and    r0, r0, #0xf        ; r0 = 0000000e
T    218A  0199      ldr    r1, [sp, #4]        ;       10b <- [0x0dffff3c]  r1 = 0000010b
T    218C  0844      add    r0, r1              ; r0 = 00000119
T    218E  1130      adds   r0, #0x11           ; r0 = 0000012a
T    2190  0190      str    r0, [sp, #4]        ;  [0x0dffff3c] <- 12a
T    2192  ECE7      b      #0x216e             ;
T    216E  0298      ldr    r0, [sp, #8]        ;        56 <- [0x0dffff40]  r0 = 00000056
T    2170  411E      subs   r1, r0, #1          ; r1 = 00000055
T    2172  0291      str    r1, [sp, #8]        ;  [0x0dffff40] <- 55
T    2174  0028      cmp    r0, #0              ; cpsr = 200001f3
T    2176  0DD0      beq    #0x2194             ; pc = 00002178
T    2178  FFE7      b      #0x217a             ;
T    217A  0198      ldr    r0, [sp, #4]        ;       12a <- [0x0dffff3c]  r0 = 0000012a
T    217C  0399      ldr    r1, [sp, #0xc]      ;   dffff9e <- [0x0dffff44]  r1 = 0dffff9e
T    217E  4A1C      adds   r2, r1, #1          ; r2 = 0dffff9f
T    2180  0392      str    r2, [sp, #0xc]      ;  [0x0dffff44] <- dffff9f
T    2182  0870      strb   r0, [r1]            ;  [0x0dffff9e] <- 2a
T    2184  0398      ldr    r0, [sp, #0xc]      ;   dffff9f <- [0x0dffff44]  r0 = 0dffff9f
T    2186  00F00F00  and    r0, r0, #0xf        ; r0 = 0000000f
T    218A  0199      ldr    r1, [sp, #4]        ;       12a <- [0x0dffff3c]  r1 = 0000012a
T    218C  0844      add    r0, r1              ; r0 = 00000139
T    218E  1130      adds   r0, #0x11           ; r0 = 0000014a
T    2190  0190      str    r0, [sp, #4]        ;  [0x0dffff3c] <- 14a
T    2192  ECE7      b      #0x216e             ;
T    216E  0298      ldr    r0, [sp, #8]        ;        55 <- [0x0dffff40]  r0 = 00000055
T    2170  411E      subs   r1, r0, #1          ; r1 = 00000054
T    2172  0291      str    r1, [sp, #8]        ;  [0x0dffff40] <- 54
T    2174  0028      cmp    r0, #0              ; cpsr = 200001f3
T    2176  0DD0      beq    #0x2194             ; pc = 00002178
T    2178  FFE7      b      #0x217a             ;
T    217A  0198      ldr    r0, [sp, #4]        ;       14a <- [0x0dffff3c]  r0 = 0000014a
T    217C  0399      ldr    r1, [sp, #0xc]      ;   dffff9f <- [0x0dffff44]  r1 = 0dffff9f
T    217E  4A1C      adds   r2, r1, #1          ; r2 = 0dffffa0
T    2180  0392      str    r2, [sp, #0xc]      ;  [0x0dffff44] <- dffffa0
T    2182  0870      strb   r0, [r1]            ;  [0x0dffff9f] <- 4a
T    2184  0398      ldr    r0, [sp, #0xc]      ;   dffffa0 <- [0x0dffff44]  r0 = 0dffffa0
T    2186  00F00F00  and    r0, r0, #0xf        ; r0 = 00000000
T    218A  0199      ldr    r1, [sp, #4]        ;       14a <- [0x0dffff3c]  r1 = 0000014a
T    218C  0844      add    r0, r1              ; r0 = 0000014a
T    218E  1130      adds   r0, #0x11           ; r0 = 0000015b
T    2190  0190      str    r0, [sp, #4]        ;  [0x0dffff3c] <- 15b
T    2192  ECE7      b      #0x216e             ;
T    216E  0298      ldr    r0, [sp, #8]        ;        54 <- [0x0dffff40]  r0 = 00000054
T    2170  411E      subs   r1, r0, #1          ; r1 = 00000053
T    2172  0291      str    r1, [sp, #8]        ;  [0x0dffff40] <- 53
T    2174  0028      cmp    r0, #0              ; cpsr = 200001f3
T    2176  0DD0      beq    #0x2194             ; pc = 00002178
T    2178  FFE7      b      #0x217a             ;
T    217A  0198      ldr    r0, [sp, #4]        ;       15b <- [0x0dffff3c]  r0 = 0000015b
T    217C  0399      ldr    r1, [sp, #0xc]      ;   dffffa0 <- [0x0dffff44]  r1 = 0dffffa0
T    217E  4A1C      adds   r2, r1, #1          ; r2 = 0dffffa1
T    2180  0392      str    r2, [sp, #0xc]      ;  [0x0dffff44] <- dffffa1
T    2182  0870      strb   r0, [r1]            ;  [0x0dffffa0] <- 5b
T    2184  0398      ldr    r0, [sp, #0xc]      ;   dffffa1 <- [0x0dffff44]  r0 = 0dffffa1
T    2186  00F00F00  and    r0, r0, #0xf        ; r0 = 00000001
T    218A  0199      ldr    r1, [sp, #4]        ;       15b <- [0x0dffff3c]  r1 = 0000015b
T    218C  0844      add    r0, r1              ; r0 = 0000015c
T    218E  1130      adds   r0, #0x11           ; r0 = 0000016d
T    2190  0190      str    r0, [sp, #4]        ;  [0x0dffff3c] <- 16d
T    2192  ECE7      b      #0x216e             ;
T    216E  0298      ldr    r0, [sp, #8]        ;        53 <- [0x0dffff40]  r0 = 00000053
T    2170  411E      subs   r1, r0, #1          ; r1 = 00000052
T    2172  0291      str    r1, [sp, #8]        ;  [0x0dffff40] <- 52
T    2174  0028      cmp    r0, #0              ; cpsr = 200001f3
T    2176  0DD0      beq    #0x2194             ; pc = 00002178
T    2178  FFE7      b      #0x217a             ;
T    217A  0198      ldr    r0, [sp, #4]        ;       16d <- [0x0dffff3c]  r0 = 0000016d
T    217C  0399      ldr    r1, [sp, #0xc]      ;   dffffa1 <- [0x0dffff44]  r1 = 0dffffa1
T    217E  4A1C      adds   r2, r1, #1          ; r2 = 0dffffa2
T    2180  0392      str    r2, [sp, #0xc]      ;  [0x0dffff44] <- dffffa2
T    2182  0870      strb   r0, [r1]            ;  [0x0dffffa1] <- 6d
T    2184  0398      ldr    r0, [sp, #0xc]      ;   dffffa2 <- [0x0dffff44]  r0 = 0dffffa2
T    2186  00F00F00  and    r0, r0, #0xf        ; r0 = 00000002
T    218A  0199      ldr    r1, [sp, #4]        ;       16d <- [0x0dffff3c]  r1 = 0000016d
T    218C  0844      add    r0, r1              ; r0 = 0000016f
T    218E  1130      adds   r0, #0x11           ; r0 = 00000180
T    2190  0190      str    r0, [sp, #4]        ;  [0x0dffff3c] <- 180
T    2192  ECE7      b      #0x216e             ;
T    216E  0298      ldr    r0, [sp, #8]        ;        52 <- [0x0dffff40]  r0 = 00000052
T    2170  411E      subs   r1, r0, #1          ; r1 = 00000051
T    2172  0291      str    r1, [sp, #8]        ;  [0x0dffff40] <- 51
T    2174  0028      cmp    r0, #0              ; cpsr = 200001f3
T    2176  0DD0      beq    #0x2194             ; pc = 00002178
T    2178  FFE7      b      #0x217a             ;
T    217A  0198      ldr    r0, [sp, #4]        ;       180 <- [0x0dffff3c]  r0 = 00000180
T    217C  0399      ldr    r1, [sp, #0xc]      ;   dffffa2 <- [0x0dffff44]  r1 = 0dffffa2
T    217E  4A1C      adds   r2, r1, #1          ; r2 = 0dffffa3
T    2180  0392      str    r2, [sp, #0xc]      ;  [0x0dffff44] <- dffffa3
T    2182  0870      strb   r0, [r1]            ;  [0x0dffffa2] <- 80
T    2184  0398      ldr    r0, [sp, #0xc]      ;   dffffa3 <- [0x0dffff44]  r0 = 0dffffa3
T    2186  00F00F00  and    r0, r0, #0xf        ; r0 = 00000003
T    218A  0199      ldr    r1, [sp, #4]        ;       180 <- [0x0dffff3c]  r1 = 00000180
T    218C  0844      add    r0, r1              ; r0 = 00000183
T    218E  1130      adds   r0, #0x11           ; r0 = 00000194
T    2190  0190      str    r0, [sp, #4]        ;  [0x0dffff3c] <- 194
T    2192  ECE7      b      #0x216e             ;
T    216E  0298      ldr    r0, [sp, #8]        ;        51 <- [0x0dffff40]  r0 = 00000051
T    2170  411E      subs   r1, r0, #1          ; r1 = 00000050
T    2172  0291      str    r1, [sp, #8]        ;  [0x0dffff40] <- 50
T    2174  0028      cmp    r0, #0              ; cpsr = 200001f3
T    2176  0DD0      beq    #0x2194             ; pc = 00002178
T    2178  FFE7      b      #0x217a             ;
T    217A  0198      ldr    r0, [sp, #4]        ;       194 <- [0x0dffff3c]  r0 = 00000194
T    217C  0399      ldr    r1, [sp, #0xc]      ;   dffffa3 <- [0x0dffff44]  r1 = 0dffffa3
T    217E  4A1C      adds   r2, r1, #1          ; r2 = 0dffffa4
T    2180  0392      str    r2, [sp, #0xc]      ;  [0x0dffff44] <- dffffa4
T    2182  0870      strb   r0, [r1]            ;  [0x0dffffa3] <- 94
T    2184  0398      ldr    r0, [sp, #0xc]      ;   dffffa4 <- [0x0dffff44]  r0 = 0dffffa4
T    2186  00F00F00  and    r0, r0, #0xf        ; r0 = 00000004
T    218A  0199      ldr    r1, [sp, #4]        ;       194 <- [0x0dffff3c]  r1 = 00000194
T    218C  0844      add    r0, r1              ; r0 = 00000198
T    218E  1130      adds   r0, #0x11           ; r0 = 000001a9
T    2190  0190      str    r0, [sp, #4]        ;  [0x0dffff3c] <- 1a9
T    2192  ECE7      b      #0x216e             ;
T    216E  0298      ldr    r0, [sp, #8]        ;        50 <- [0x0dffff40]  r0 = 00000050
T    2170  411E      subs   r1, r0, #1          ; r1 = 0000004f
T    2172  0291      str    r1, [sp, #8]        ;  [0x0dffff40] <- 4f
T    2174  0028      cmp    r0, #0              ; cpsr = 200001f3
T    2176  0DD0      beq    #0x2194             ; pc = 00002178
T    2178  FFE7      b      #0x217a             ;
T    217A  0198      ldr    r0, [sp, #4]        ;       1a9 <- [0x0dffff3c]  r0 = 000001a9
T    217C  0399      ldr    r1, [sp, #0xc]      ;   dffffa4 <- [0x0dffff44]  r1 = 0dffffa4
T    217E  4A1C      adds   r2, r1, #1          ; r2 = 0dffffa5
T    2180  0392      str    r2, [sp, #0xc]      ;  [0x0dffff44] <- dffffa5
T    2182  0870      strb   r0, [r1]            ;  [0x0dffffa4] <- a9
T    2184  0398      ldr    r0, [sp, #0xc]      ;   dffffa5 <- [0x0dffff44]  r0 = 0dffffa5
T    2186  00F00F00  and    r0, r0, #0xf        ; r0 = 00000005
T    218A  0199      ldr    r1, [sp, #4]        ;       1a9 <- [0x0dffff3c]  r1 = 000001a9
T    218C  0844      add    r0, r1              ; r0 = 000001ae
T    218E  1130      adds   r0, #0x11           ; r0 = 000001bf
T    2190  0190      str    r0, [sp, #4]        ;  [0x0dffff3c] <- 1bf
T    2192  ECE7      b      #0x216e             ;
T    216E  0298      ldr    r0, [sp, #8]        ;        4f <- [0x0dffff40]  r0 = 0000004f
T    2170  411E      subs   r1, r0, #1          ; r1 = 0000004e
T    2172  0291      str    r1, [sp, #8]        ;  [0x0dffff40] <- 4e
T    2174  0028      cmp    r0, #0              ; cpsr = 200001f3
T    2176  0DD0      beq    #0x2194             ; pc = 00002178
T    2178  FFE7      b      #0x217a             ;
T    217A  0198      ldr    r0, [sp, #4]        ;       1bf <- [0x0dffff3c]  r0 = 000001bf
T    217C  0399      ldr    r1, [sp, #0xc]      ;   dffffa5 <- [0x0dffff44]  r1 = 0dffffa5
T    217E  4A1C      adds   r2, r1, #1          ; r2 = 0dffffa6
T    2180  0392      str    r2, [sp, #0xc]      ;  [0x0dffff44] <- dffffa6
T    2182  0870      strb   r0, [r1]            ;  [0x0dffffa5] <- bf
T    2184  0398      ldr    r0, [sp, #0xc]      ;   dffffa6 <- [0x0dffff44]  r0 = 0dffffa6
T    2186  00F00F00  and    r0, r0, #0xf        ; r0 = 00000006
T    218A  0199      ldr    r1, [sp, #4]        ;       1bf <- [0x0dffff3c]  r1 = 000001bf
T    218C  0844      add    r0, r1              ; r0 = 000001c5
T    218E  1130      adds   r0, #0x11           ; r0 = 000001d6
T    2190  0190      str    r0, [sp, #4]        ;  [0x0dffff3c] <- 1d6
T    2192  ECE7      b      #0x216e             ;
T    216E  0298      ldr    r0, [sp, #8]        ;        4e <- [0x0dffff40]  r0 = 0000004e
T    2170  411E      subs   r1, r0, #1          ; r1 = 0000004d
T    2172  0291      str    r1, [sp, #8]        ;  [0x0dffff40] <- 4d
T    2174  0028      cmp    r0, #0              ; cpsr = 200001f3
T    2176  0DD0      beq    #0x2194             ; pc = 00002178
T    2178  FFE7      b      #0x217a             ;
T    217A  0198      ldr    r0, [sp, #4]        ;       1d6 <- [0x0dffff3c]  r0 = 000001d6
T    217C  0399      ldr    r1, [sp, #0xc]      ;   dffffa6 <- [0x0dffff44]  r1 = 0dffffa6
T    217E  4A1C      adds   r2, r1, #1          ; r2 = 0dffffa7
T    2180  0392      str    r2, [sp, #0xc]      ;  [0x0dffff44] <- dffffa7
T    2182  0870      strb   r0, [r1]            ;  [0x0dffffa6] <- d6
T    2184  0398      ldr    r0, [sp, #0xc]      ;   dffffa7 <- [0x0dffff44]  r0 = 0dffffa7
T    2186  00F00F00  and    r0, r0, #0xf        ; r0 = 00000007
T    218A  0199      ldr    r1, [sp, #4]        ;       1d6 <- [0x0dffff3c]  r1 = 000001d6
T    218C  0844      add    r0, r1              ; r0 = 000001dd
T    218E  1130      adds   r0, #0x11           ; r0 = 000001ee
T    2190  0190      str    r0, [sp, #4]        ;  [0x0dffff3c] <- 1ee
T    2192  ECE7      b      #0x216e             ;
T    216E  0298      ldr    r0, [sp, #8]        ;        4d <- [0x0dffff40]  r0 = 0000004d
T    2170  411E      subs   r1, r0, #1          ; r1 = 0000004c
T    2172  0291      str    r1, [sp, #8]        ;  [0x0dffff40] <- 4c
T    2174  0028      cmp    r0, #0              ; cpsr = 200001f3
T    2176  0DD0      beq    #0x2194             ; pc = 00002178
T    2178  FFE7      b      #0x217a             ;
T    217A  0198      ldr    r0, [sp, #4]        ;       1ee <- [0x0dffff3c]  r0 = 000001ee
T    217C  0399      ldr    r1, [sp, #0xc]      ;   dffffa7 <- [0x0dffff44]  r1 = 0dffffa7
T    217E  4A1C      adds   r2, r1, #1          ; r2 = 0dffffa8
T    2180  0392      str    r2, [sp, #0xc]      ;  [0x0dffff44] <- dffffa8
T    2182  0870      strb   r0, [r1]            ;  [0x0dffffa7] <- ee
T    2184  0398      ldr    r0, [sp, #0xc]      ;   dffffa8 <- [0x0dffff44]  r0 = 0dffffa8
T    2186  00F00F00  and    r0, r0, #0xf        ; r0 = 00000008
T    218A  0199      ldr    r1, [sp, #4]        ;       1ee <- [0x0dffff3c]  r1 = 000001ee
T    218C  0844      add    r0, r1              ; r0 = 000001f6
T    218E  1130      adds   r0, #0x11           ; r0 = 00000207
T    2190  0190      str    r0, [sp, #4]        ;  [0x0dffff3c] <- 207
T    2192  ECE7      b      #0x216e             ;
T    216E  0298      ldr    r0, [sp, #8]        ;        4c <- [0x0dffff40]  r0 = 0000004c
T    2170  411E      subs   r1, r0, #1          ; r1 = 0000004b
T    2172  0291      str    r1, [sp, #8]        ;  [0x0dffff40] <- 4b
T    2174  0028      cmp    r0, #0              ; cpsr = 200001f3
T    2176  0DD0      beq    #0x2194             ; pc = 00002178
T    2178  FFE7      b      #0x217a             ;
T    217A  0198      ldr    r0, [sp, #4]        ;       207 <- [0x0dffff3c]  r0 = 00000207
T    217C  0399      ldr    r1, [sp, #0xc]      ;   dffffa8 <- [0x0dffff44]  r1 = 0dffffa8
T    217E  4A1C      adds   r2, r1, #1          ; r2 = 0dffffa9
T    2180  0392      str    r2, [sp, #0xc]      ;  [0x0dffff44] <- dffffa9
T    2182  0870      strb   r0, [r1]            ;  [0x0dffffa8] <- 7
T    2184  0398      ldr    r0, [sp, #0xc]      ;   dffffa9 <- [0x0dffff44]  r0 = 0dffffa9
T    2186  00F00F00  and    r0, r0, #0xf        ; r0 = 00000009
T    218A  0199      ldr    r1, [sp, #4]        ;       207 <- [0x0dffff3c]  r1 = 00000207
T    218C  0844      add    r0, r1              ; r0 = 00000210
T    218E  1130      adds   r0, #0x11           ; r0 = 00000221
T    2190  0190      str    r0, [sp, #4]        ;  [0x0dffff3c] <- 221
T    2192  ECE7      b      #0x216e             ;
T    216E  0298      ldr    r0, [sp, #8]        ;        4b <- [0x0dffff40]  r0 = 0000004b
T    2170  411E      subs   r1, r0, #1          ; r1 = 0000004a
T    2172  0291      str    r1, [sp, #8]        ;  [0x0dffff40] <- 4a
T    2174  0028      cmp    r0, #0              ; cpsr = 200001f3
T    2176  0DD0      beq    #0x2194             ; pc = 00002178
T    2178  FFE7      b      #0x217a             ;
T    217A  0198      ldr    r0, [sp, #4]        ;       221 <- [0x0dffff3c]  r0 = 00000221
T    217C  0399      ldr    r1, [sp, #0xc]      ;   dffffa9 <- [0x0dffff44]  r1 = 0dffffa9
T    217E  4A1C      adds   r2, r1, #1          ; r2 = 0dffffaa
T    2180  0392      str    r2, [sp, #0xc]      ;  [0x0dffff44] <- dffffaa
T    2182  0870      strb   r0, [r1]            ;  [0x0dffffa9] <- 21
T    2184  0398      ldr    r0, [sp, #0xc]      ;   dffffaa <- [0x0dffff44]  r0 = 0dffffaa
T    2186  00F00F00  and    r0, r0, #0xf        ; r0 = 0000000a
T    218A  0199      ldr    r1, [sp, #4]        ;       221 <- [0x0dffff3c]  r1 = 00000221
T    218C  0844      add    r0, r1              ; r0 = 0000022b
T    218E  1130      adds   r0, #0x11           ; r0 = 0000023c
T    2190  0190      str    r0, [sp, #4]        ;  [0x0dffff3c] <- 23c
T    2192  ECE7      b      #0x216e             ;
T    216E  0298      ldr    r0, [sp, #8]        ;        4a <- [0x0dffff40]  r0 = 0000004a
T    2170  411E      subs   r1, r0, #1          ; r1 = 00000049
T    2172  0291      str    r1, [sp, #8]        ;  [0x0dffff40] <- 49
T    2174  0028      cmp    r0, #0              ; cpsr = 200001f3
T    2176  0DD0      beq    #0x2194             ; pc = 00002178
T    2178  FFE7      b      #0x217a             ;
T    217A  0198      ldr    r0, [sp, #4]        ;       23c <- [0x0dffff3c]  r0 = 0000023c
T    217C  0399      ldr    r1, [sp, #0xc]      ;   dffffaa <- [0x0dffff44]  r1 = 0dffffaa
T    217E  4A1C      adds   r2, r1, #1          ; r2 = 0dffffab
T    2180  0392      str    r2, [sp, #0xc]      ;  [0x0dffff44] <- dffffab
T    2182  0870      strb   r0, [r1]            ;  [0x0dffffaa] <- 3c
T    2184  0398      ldr    r0, [sp, #0xc]      ;   dffffab <- [0x0dffff44]  r0 = 0dffffab
T    2186  00F00F00  and    r0, r0, #0xf        ; r0 = 0000000b
T    218A  0199      ldr    r1, [sp, #4]        ;       23c <- [0x0dffff3c]  r1 = 0000023c
T    218C  0844      add    r0, r1              ; r0 = 00000247
T    218E  1130      adds   r0, #0x11           ; r0 = 00000258
T    2190  0190      str    r0, [sp, #4]        ;  [0x0dffff3c] <- 258
T    2192  ECE7      b      #0x216e             ;
T    216E  0298      ldr    r0, [sp, #8]        ;        49 <- [0x0dffff40]  r0 = 00000049
T    2170  411E      subs   r1, r0, #1          ; r1 = 00000048
T    2172  0291      str    r1, [sp, #8]        ;  [0x0dffff40] <- 48
T    2174  0028      cmp    r0, #0              ; cpsr = 200001f3
T    2176  0DD0      beq    #0x2194             ; pc = 00002178
T    2178  FFE7      b      #0x217a             ;
T    217A  0198      ldr    r0, [sp, #4]        ;       258 <- [0x0dffff3c]  r0 = 00000258
T    217C  0399      ldr    r1, [sp, #0xc]      ;   dffffab <- [0x0dffff44]  r1 = 0dffffab
T    217E  4A1C      adds   r2, r1, #1          ; r2 = 0dffffac
T    2180  0392      str    r2, [sp, #0xc]      ;  [0x0dffff44] <- dffffac
T    2182  0870      strb   r0, [r1]            ;  [0x0dffffab] <- 58
T    2184  0398      ldr    r0, [sp, #0xc]      ;   dffffac <- [0x0dffff44]  r0 = 0dffffac
T    2186  00F00F00  and    r0, r0, #0xf        ; r0 = 0000000c
T    218A  0199      ldr    r1, [sp, #4]        ;       258 <- [0x0dffff3c]  r1 = 00000258
T    218C  0844      add    r0, r1              ; r0 = 00000264
T    218E  1130      adds   r0, #0x11           ; r0 = 00000275
T    2190  0190      str    r0, [sp, #4]        ;  [0x0dffff3c] <- 275
T    2192  ECE7      b      #0x216e             ;
T    216E  0298      ldr    r0, [sp, #8]        ;        48 <- [0x0dffff40]  r0 = 00000048
T    2170  411E      subs   r1, r0, #1          ; r1 = 00000047
T    2172  0291      str    r1, [sp, #8]        ;  [0x0dffff40] <- 47
T    2174  0028      cmp    r0, #0              ; cpsr = 200001f3
T    2176  0DD0      beq    #0x2194             ; pc = 00002178
T    2178  FFE7      b      #0x217a             ;
T    217A  0198      ldr    r0, [sp, #4]        ;       275 <- [0x0dffff3c]  r0 = 00000275
T    217C  0399      ldr    r1, [sp, #0xc]      ;   dffffac <- [0x0dffff44]  r1 = 0dffffac
T    217E  4A1C      adds   r2, r1, #1          ; r2 = 0dffffad
T    2180  0392      str    r2, [sp, #0xc]      ;  [0x0dffff44] <- dffffad
T    2182  0870      strb   r0, [r1]            ;  [0x0dffffac] <- 75
T    2184  0398      ldr    r0, [sp, #0xc]      ;   dffffad <- [0x0dffff44]  r0 = 0dffffad
T    2186  00F00F00  and    r0, r0, #0xf        ; r0 = 0000000d
T    218A  0199      ldr    r1, [sp, #4]        ;       275 <- [0x0dffff3c]  r1 = 00000275
T    218C  0844      add    r0, r1              ; r0 = 00000282
T    218E  1130      adds   r0, #0x11           ; r0 = 00000293
T    2190  0190      str    r0, [sp, #4]        ;  [0x0dffff3c] <- 293
T    2192  ECE7      b      #0x216e             ;
T    216E  0298      ldr    r0, [sp, #8]        ;        47 <- [0x0dffff40]  r0 = 00000047
T    2170  411E      subs   r1, r0, #1          ; r1 = 00000046
T    2172  0291      str    r1, [sp, #8]        ;  [0x0dffff40] <- 46
T    2174  0028      cmp    r0, #0              ; cpsr = 200001f3
T    2176  0DD0      beq    #0x2194             ; pc = 00002178
T    2178  FFE7      b      #0x217a             ;
T    217A  0198      ldr    r0, [sp, #4]        ;       293 <- [0x0dffff3c]  r0 = 00000293
T    217C  0399      ldr    r1, [sp, #0xc]      ;   dffffad <- [0x0dffff44]  r1 = 0dffffad
T    217E  4A1C      adds   r2, r1, #1          ; r2 = 0dffffae
T    2180  0392      str    r2, [sp, #0xc]      ;  [0x0dffff44] <- dffffae
T    2182  0870      strb   r0, [r1]            ;  [0x0dffffad] <- 93
T    2184  0398      ldr    r0, [sp, #0xc]      ;   dffffae <- [0x0dffff44]  r0 = 0dffffae
T    2186  00F00F00  and    r0, r0, #0xf        ; r0 = 0000000e
T    218A  0199      ldr    r1, [sp, #4]        ;       293 <- [0x0dffff3c]  r1 = 00000293
T    218C  0844      add    r0, r1              ; r0 = 000002a1
T    218E  1130      adds   r0, #0x11           ; r0 = 000002b2
T    2190  0190      str    r0, [sp, #4]        ;  [0x0dffff3c] <- 2b2
T    2192  ECE7      b      #0x216e             ;
T    216E  0298      ldr    r0, [sp, #8]        ;        46 <- [0x0dffff40]  r0 = 00000046
T    2170  411E      subs   r1, r0, #1          ; r1 = 00000045
T    2172  0291      str    r1, [sp, #8]        ;  [0x0dffff40] <- 45
T    2174  0028      cmp    r0, #0              ; cpsr = 200001f3
T    2176  0DD0      beq    #0x2194             ; pc = 00002178
T    2178  FFE7      b      #0x217a             ;
T    217A  0198      ldr    r0, [sp, #4]        ;       2b2 <- [0x0dffff3c]  r0 = 000002b2
T    217C  0399      ldr    r1, [sp, #0xc]      ;   dffffae <- [0x0dffff44]  r1 = 0dffffae
T    217E  4A1C      adds   r2, r1, #1          ; r2 = 0dffffaf
T    2180  0392      str    r2, [sp, #0xc]      ;  [0x0dffff44] <- dffffaf
T    2182  0870      strb   r0, [r1]            ;  [0x0dffffae] <- b2
T    2184  0398      ldr    r0, [sp, #0xc]      ;   dffffaf <- [0x0dffff44]  r0 = 0dffffaf
T    2186  00F00F00  and    r0, r0, #0xf        ; r0 = 0000000f
T    218A  0199      ldr    r1, [sp, #4]        ;       2b2 <- [0x0dffff3c]  r1 = 000002b2
T    218C  0844      add    r0, r1              ; r0 = 000002c1
T    218E  1130      adds   r0, #0x11           ; r0 = 000002d2
T    2190  0190      str    r0, [sp, #4]        ;  [0x0dffff3c] <- 2d2
T    2192  ECE7      b      #0x216e             ;
T    216E  0298      ldr    r0, [sp, #8]        ;        45 <- [0x0dffff40]  r0 = 00000045
T    2170  411E      subs   r1, r0, #1          ; r1 = 00000044
T    2172  0291      str    r1, [sp, #8]        ;  [0x0dffff40] <- 44
T    2174  0028      cmp    r0, #0              ; cpsr = 200001f3
T    2176  0DD0      beq    #0x2194             ; pc = 00002178
T    2178  FFE7      b      #0x217a             ;
T    217A  0198      ldr    r0, [sp, #4]        ;       2d2 <- [0x0dffff3c]  r0 = 000002d2
T    217C  0399      ldr    r1, [sp, #0xc]      ;   dffffaf <- [0x0dffff44]  r1 = 0dffffaf
T    217E  4A1C      adds   r2, r1, #1          ; r2 = 0dffffb0
T    2180  0392      str    r2, [sp, #0xc]      ;  [0x0dffff44] <- dffffb0
T    2182  0870      strb   r0, [r1]            ;  [0x0dffffaf] <- d2
T    2184  0398      ldr    r0, [sp, #0xc]      ;   dffffb0 <- [0x0dffff44]  r0 = 0dffffb0
T    2186  00F00F00  and    r0, r0, #0xf        ; r0 = 00000000
T    218A  0199      ldr    r1, [sp, #4]        ;       2d2 <- [0x0dffff3c]  r1 = 000002d2
T    218C  0844      add    r0, r1              ; r0 = 000002d2
T    218E  1130      adds   r0, #0x11           ; r0 = 000002e3
T    2190  0190      str    r0, [sp, #4]        ;  [0x0dffff3c] <- 2e3
T    2192  ECE7      b      #0x216e             ;
T    216E  0298      ldr    r0, [sp, #8]        ;        44 <- [0x0dffff40]  r0 = 00000044
T    2170  411E      subs   r1, r0, #1          ; r1 = 00000043
T    2172  0291      str    r1, [sp, #8]        ;  [0x0dffff40] <- 43
T    2174  0028      cmp    r0, #0              ; cpsr = 200001f3
T    2176  0DD0      beq    #0x2194             ; pc = 00002178
T    2178  FFE7      b      #0x217a             ;
T    217A  0198      ldr    r0, [sp, #4]        ;       2e3 <- [0x0dffff3c]  r0 = 000002e3
T    217C  0399      ldr    r1, [sp, #0xc]      ;   dffffb0 <- [0x0dffff44]  r1 = 0dffffb0
T    217E  4A1C      adds   r2, r1, #1          ; r2 = 0dffffb1
T    2180  0392      str    r2, [sp, #0xc]      ;  [0x0dffff44] <- dffffb1
T    2182  0870      strb   r0, [r1]            ;  [0x0dffffb0] <- e3
T    2184  0398      ldr    r0, [sp, #0xc]      ;   dffffb1 <- [0x0dffff44]  r0 = 0dffffb1
T    2186  00F00F00  and    r0, r0, #0xf        ; r0 = 00000001
T    218A  0199      ldr    r1, [sp, #4]        ;       2e3 <- [0x0dffff3c]  r1 = 000002e3
T    218C  0844      add    r0, r1              ; r0 = 000002e4
T    218E  1130      adds   r0, #0x11           ; r0 = 000002f5
T    2190  0190      str    r0, [sp, #4]        ;  [0x0dffff3c] <- 2f5
T    2192  ECE7      b      #0x216e             ;
T    216E  0298      ldr    r0, [sp, #8]        ;        43 <- [0x0dffff40]  r0 = 00000043
T    2170  411E      subs   r1, r0, #1          ; r1 = 00000042
T    2172  0291      str    r1, [sp, #8]        ;  [0x0dffff40] <- 42
T    2174  0028      cmp    r0, #0              ; cpsr = 200001f3
T    2176  0DD0      beq    #0x2194             ; pc = 00002178
T    2178  FFE7      b      #0x217a             ;
T    217A  0198      ldr    r0, [sp, #4]        ;       2f5 <- [0x0dffff3c]  r0 = 000002f5
T    217C  0399      ldr    r1, [sp, #0xc]      ;   dffffb1 <- [0x0dffff44]  r1 = 0dffffb1
T    217E  4A1C      adds   r2, r1, #1          ; r2 = 0dffffb2
T    2180  0392      str    r2, [sp, #0xc]      ;  [0x0dffff44] <- dffffb2
T    2182  0870      strb   r0, [r1]            ;  [0x0dffffb1] <- f5
T    2184  0398      ldr    r0, [sp, #0xc]      ;   dffffb2 <- [0x0dffff44]  r0 = 0dffffb2
T    2186  00F00F00  and    r0, r0, #0xf        ; r0 = 00000002
T    218A  0199      ldr    r1, [sp, #4]        ;       2f5 <- [0x0dffff3c]  r1 = 000002f5
T    218C  0844      add    r0, r1              ; r0 = 000002f7
T    218E  1130      adds   r0, #0x11           ; r0 = 00000308
T    2190  0190      str    r0, [sp, #4]        ;  [0x0dffff3c] <- 308
T    2192  ECE7      b      #0x216e             ;
T    216E  0298      ldr    r0, [sp, #8]        ;        42 <- [0x0dffff40]  r0 = 00000042
T    2170  411E      subs   r1, r0, #1          ; r1 = 00000041
T    2172  0291      str    r1, [sp, #8]        ;  [0x0dffff40] <- 41
T    2174  0028      cmp    r0, #0              ; cpsr = 200001f3
T    2176  0DD0      beq    #0x2194             ; pc = 00002178
T    2178  FFE7      b      #0x217a             ;
T    217A  0198      ldr    r0, [sp, #4]        ;       308 <- [0x0dffff3c]  r0 = 00000308
T    217C  0399      ldr    r1, [sp, #0xc]      ;   dffffb2 <- [0x0dffff44]  r1 = 0dffffb2
T    217E  4A1C      adds   r2, r1, #1          ; r2 = 0dffffb3
T    2180  0392      str    r2, [sp, #0xc]      ;  [0x0dffff44] <- dffffb3
T    2182  0870      strb   r0, [r1]            ;  [0x0dffffb2] <- 8
T    2184  0398      ldr    r0, [sp, #0xc]      ;   dffffb3 <- [0x0dffff44]  r0 = 0dffffb3
T    2186  00F00F00  and    r0, r0, #0xf        ; r0 = 00000003
T    218A  0199      ldr    r1, [sp, #4]        ;       308 <- [0x0dffff3c]  r1 = 00000308
T    218C  0844      add    r0, r1              ; r0 = 0000030b
T    218E  1130      adds   r0, #0x11           ; r0 = 0000031c
T    2190  0190      str    r0, [sp, #4]        ;  [0x0dffff3c] <- 31c
T    2192  ECE7      b      #0x216e             ;
T    216E  0298      ldr    r0, [sp, #8]        ;        41 <- [0x0dffff40]  r0 = 00000041
T    2170  411E      subs   r1, r0, #1          ; r1 = 00000040
T    2172  0291      str    r1, [sp, #8]        ;  [0x0dffff40] <- 40
T    2174  0028      cmp    r0, #0              ; cpsr = 200001f3
T    2176  0DD0      beq    #0x2194             ; pc = 00002178
T    2178  FFE7      b      #0x217a             ;
T    217A  0198      ldr    r0, [sp, #4]        ;       31c <- [0x0dffff3c]  r0 = 0000031c
T    217C  0399      ldr    r1, [sp, #0xc]      ;   dffffb3 <- [0x0dffff44]  r1 = 0dffffb3
T    217E  4A1C      adds   r2, r1, #1          ; r2 = 0dffffb4
T    2180  0392      str    r2, [sp, #0xc]      ;  [0x0dffff44] <- dffffb4
T    2182  0870      strb   r0, [r1]            ;  [0x0dffffb3] <- 1c
T    2184  0398      ldr    r0, [sp, #0xc]      ;   dffffb4 <- [0x0dffff44]  r0 = 0dffffb4
T    2186  00F00F00  and    r0, r0, #0xf        ; r0 = 00000004
T    218A  0199      ldr    r1, [sp, #4]        ;       31c <- [0x0dffff3c]  r1 = 0000031c
T    218C  0844      add    r0, r1              ; r0 = 00000320
T    218E  1130      adds   r0, #0x11           ; r0 = 00000331
T    2190  0190      str    r0, [sp, #4]        ;  [0x0dffff3c] <- 331
T    2192  ECE7      b      #0x216e             ;
T    216E  0298      ldr    r0, [sp, #8]        ;        40 <- [0x0dffff40]  r0 = 00000040
T    2170  411E      subs   r1, r0, #1          ; r1 = 0000003f
T    2172  0291      str    r1, [sp, #8]        ;  [0x0dffff40] <- 3f
T    2174  0028      cmp    r0, #0              ; cpsr = 200001f3
T    2176  0DD0      beq    #0x2194             ; pc = 00002178
T    2178  FFE7      b      #0x217a             ;
T    217A  0198      ldr    r0, [sp, #4]        ;       331 <- [0x0dffff3c]  r0 = 00000331
T    217C  0399      ldr    r1, [sp, #0xc]      ;   dffffb4 <- [0x0dffff44]  r1 = 0dffffb4
T    217E  4A1C      adds   r2, r1, #1          ; r2 = 0dffffb5
T    2180  0392      str    r2, [sp, #0xc]      ;  [0x0dffff44] <- dffffb5
T    2182  0870      strb   r0, [r1]            ;  [0x0dffffb4] <- 31
T    2184  0398      ldr    r0, [sp, #0xc]      ;   dffffb5 <- [0x0dffff44]  r0 = 0dffffb5
T    2186  00F00F00  and    r0, r0, #0xf        ; r0 = 00000005
T    218A  0199      ldr    r1, [sp, #4]        ;       331 <- [0x0dffff3c]  r1 = 00000331
T    218C  0844      add    r0, r1              ; r0 = 00000336
T    218E  1130      adds   r0, #0x11           ; r0 = 00000347
T    2190  0190      str    r0, [sp, #4]        ;  [0x0dffff3c] <- 347
T    2192  ECE7      b      #0x216e             ;
T    216E  0298      ldr    r0, [sp, #8]        ;        3f <- [0x0dffff40]  r0 = 0000003f
T    2170  411E      subs   r1, r0, #1          ; r1 = 0000003e
T    2172  0291      str    r1, [sp, #8]        ;  [0x0dffff40] <- 3e
T    2174  0028      cmp    r0, #0              ; cpsr = 200001f3
T    2176  0DD0      beq    #0x2194             ; pc = 00002178
T    2178  FFE7      b      #0x217a             ;
T    217A  0198      ldr    r0, [sp, #4]        ;       347 <- [0x0dffff3c]  r0 = 00000347
T    217C  0399      ldr    r1, [sp, #0xc]      ;   dffffb5 <- [0x0dffff44]  r1 = 0dffffb5
T    217E  4A1C      adds   r2, r1, #1          ; r2 = 0dffffb6
T    2180  0392      str    r2, [sp, #0xc]      ;  [0x0dffff44] <- dffffb6
T    2182  0870      strb   r0, [r1]            ;  [0x0dffffb5] <- 47
T    2184  0398      ldr    r0, [sp, #0xc]      ;   dffffb6 <- [0x0dffff44]  r0 = 0dffffb6
T    2186  00F00F00  and    r0, r0, #0xf        ; r0 = 00000006
T    218A  0199      ldr    r1, [sp, #4]        ;       347 <- [0x0dffff3c]  r1 = 00000347
T    218C  0844      add    r0, r1              ; r0 = 0000034d
T    218E  1130      adds   r0, #0x11           ; r0 = 0000035e
T    2190  0190      str    r0, [sp, #4]        ;  [0x0dffff3c] <- 35e
T    2192  ECE7      b      #0x216e             ;
T    216E  0298      ldr    r0, [sp, #8]        ;        3e <- [0x0dffff40]  r0 = 0000003e
T    2170  411E      subs   r1, r0, #1          ; r1 = 0000003d
T    2172  0291      str    r1, [sp, #8]        ;  [0x0dffff40] <- 3d
T    2174  0028      cmp    r0, #0              ; cpsr = 200001f3
T    2176  0DD0      beq    #0x2194             ; pc = 00002178
T    2178  FFE7      b      #0x217a             ;
T    217A  0198      ldr    r0, [sp, #4]        ;       35e <- [0x0dffff3c]  r0 = 0000035e
T    217C  0399      ldr    r1, [sp, #0xc]      ;   dffffb6 <- [0x0dffff44]  r1 = 0dffffb6
T    217E  4A1C      adds   r2, r1, #1          ; r2 = 0dffffb7
T    2180  0392      str    r2, [sp, #0xc]      ;  [0x0dffff44] <- dffffb7
T    2182  0870      strb   r0, [r1]            ;  [0x0dffffb6] <- 5e
T    2184  0398      ldr    r0, [sp, #0xc]      ;   dffffb7 <- [0x0dffff44]  r0 = 0dffffb7
T    2186  00F00F00  and    r0, r0, #0xf        ; r0 = 00000007
T    218A  0199      ldr    r1, [sp, #4]        ;       35e <- [0x0dffff3c]  r1 = 0000035e
T    218C  0844      add    r0, r1              ; r0 = 00000365
T    218E  1130      adds   r0, #0x11           ; r0 = 00000376
T    2190  0190      str    r0, [sp, #4]        ;  [0x0dffff3c] <- 376
T    2192  ECE7      b      #0x216e             ;
T    216E  0298      ldr    r0, [sp, #8]        ;        3d <- [0x0dffff40]  r0 = 0000003d
T    2170  411E      subs   r1, r0, #1          ; r1 = 0000003c
T    2172  0291      str    r1, [sp, #8]        ;  [0x0dffff40] <- 3c
T    2174  0028      cmp    r0, #0              ; cpsr = 200001f3
T    2176  0DD0      beq    #0x2194             ; pc = 00002178
T    2178  FFE7      b      #0x217a             ;
T    217A  0198      ldr    r0, [sp, #4]        ;       376 <- [0x0dffff3c]  r0 = 00000376
T    217C  0399      ldr    r1, [sp, #0xc]      ;   dffffb7 <- [0x0dffff44]  r1 = 0dffffb7
T    217E  4A1C      adds   r2, r1, #1          ; r2 = 0dffffb8
T    2180  0392      str    r2, [sp, #0xc]      ;  [0x0dffff44] <- dffffb8
T    2182  0870      strb   r0, [r1]            ;  [0x0dffffb7] <- 76
T    2184  0398      ldr    r0, [sp, #0xc]      ;   dffffb8 <- [0x0dffff44]  r0 = 0dffffb8
T    2186  00F00F00  and    r0, r0, #0xf        ; r0 = 00000008
T    218A  0199      ldr    r1, [sp, #4]        ;       376 <- [0x0dffff3c]  r1 = 00000376
T    218C  0844      add    r0, r1              ; r0 = 0000037e
T    218E  1130      adds   r0, #0x11           ; r0 = 0000038f
T    2190  0190      str    r0, [sp, #4]        ;  [0x0dffff3c] <- 38f
T    2192  ECE7      b      #0x216e             ;
T    216E  0298      ldr    r0, [sp, #8]        ;        3c <- [0x0dffff40]  r0 = 0000003c
T    2170  411E      subs   r1, r0, #1          ; r1 = 0000003b
T    2172  0291      str    r1, [sp, #8]        ;  [0x0dffff40] <- 3b
T    2174  0028      cmp    r0, #0              ; cpsr = 200001f3
T    2176  0DD0      beq    #0x2194             ; pc = 00002178
T    2178  FFE7      b      #0x217a             ;
T    217A  0198      ldr    r0, [sp, #4]        ;       38f <- [0x0dffff3c]  r0 = 0000038f
T    217C  0399      ldr    r1, [sp, #0xc]      ;   dffffb8 <- [0x0dffff44]  r1 = 0dffffb8
T    217E  4A1C      adds   r2, r1, #1          ; r2 = 0dffffb9
T    2180  0392      str    r2, [sp, #0xc]      ;  [0x0dffff44] <- dffffb9
T    2182  0870      strb   r0, [r1]            ;  [0x0dffffb8] <- 8f
T    2184  0398      ldr    r0, [sp, #0xc]      ;   dffffb9 <- [0x0dffff44]  r0 = 0dffffb9
T    2186  00F00F00  and    r0, r0, #0xf        ; r0 = 00000009
T    218A  0199      ldr    r1, [sp, #4]        ;       38f <- [0x0dffff3c]  r1 = 0000038f
T    218C  0844      add    r0, r1              ; r0 = 00000398
T    218E  1130      adds   r0, #0x11           ; r0 = 000003a9
T    2190  0190      str    r0, [sp, #4]        ;  [0x0dffff3c] <- 3a9
T    2192  ECE7      b      #0x216e             ;
T    216E  0298      ldr    r0, [sp, #8]        ;        3b <- [0x0dffff40]  r0 = 0000003b
T    2170  411E      subs   r1, r0, #1          ; r1 = 0000003a
T    2172  0291      str    r1, [sp, #8]        ;  [0x0dffff40] <- 3a
T    2174  0028      cmp    r0, #0              ; cpsr = 200001f3
T    2176  0DD0      beq    #0x2194             ; pc = 00002178
T    2178  FFE7      b      #0x217a             ;
T    217A  0198      ldr    r0, [sp, #4]        ;       3a9 <- [0x0dffff3c]  r0 = 000003a9
T    217C  0399      ldr    r1, [sp, #0xc]      ;   dffffb9 <- [0x0dffff44]  r1 = 0dffffb9
T    217E  4A1C      adds   r2, r1, #1          ; r2 = 0dffffba
T    2180  0392      str    r2, [sp, #0xc]      ;  [0x0dffff44] <- dffffba
T    2182  0870      strb   r0, [r1]            ;  [0x0dffffb9] <- a9
T    2184  0398      ldr    r0, [sp, #0xc]      ;   dffffba <- [0x0dffff44]  r0 = 0dffffba
T    2186  00F00F00  and    r0, r0, #0xf        ; r0 = 0000000a
T    218A  0199      ldr    r1, [sp, #4]        ;       3a9 <- [0x0dffff3c]  r1 = 000003a9
T    218C  0844      add    r0, r1              ; r0 = 000003b3
T    218E  1130      adds   r0, #0x11           ; r0 = 000003c4
T    2190  0190      str    r0, [sp, #4]        ;  [0x0dffff3c] <- 3c4
T    2192  ECE7      b      #0x216e             ;
T    216E  0298      ldr    r0, [sp, #8]        ;        3a <- [0x0dffff40]  r0 = 0000003a
T    2170  411E      subs   r1, r0, #1          ; r1 = 00000039
T    2172  0291      str    r1, [sp, #8]        ;  [0x0dffff40] <- 39
T    2174  0028      cmp    r0, #0              ; cpsr = 200001f3
T    2176  0DD0      beq    #0x2194             ; pc = 00002178
T    2178  FFE7      b      #0x217a             ;
T    217A  0198      ldr    r0, [sp, #4]        ;       3c4 <- [0x0dffff3c]  r0 = 000003c4
T    217C  0399      ldr    r1, [sp, #0xc]      ;   dffffba <- [0x0dffff44]  r1 = 0dffffba
T    217E  4A1C      adds   r2, r1, #1          ; r2 = 0dffffbb
T    2180  0392      str    r2, [sp, #0xc]      ;  [0x0dffff44] <- dffffbb
T    2182  0870      strb   r0, [r1]            ;  [0x0dffffba] <- c4
T    2184  0398      ldr    r0, [sp, #0xc]      ;   dffffbb <- [0x0dffff44]  r0 = 0dffffbb
T    2186  00F00F00  and    r0, r0, #0xf        ; r0 = 0000000b
T    218A  0199      ldr    r1, [sp, #4]        ;       3c4 <- [0x0dffff3c]  r1 = 000003c4
T    218C  0844      add    r0, r1              ; r0 = 000003cf
T    218E  1130      adds   r0, #0x11           ; r0 = 000003e0
T    2190  0190      str    r0, [sp, #4]        ;  [0x0dffff3c] <- 3e0
T    2192  ECE7      b      #0x216e             ;
T    216E  0298      ldr    r0, [sp, #8]        ;        39 <- [0x0dffff40]  r0 = 00000039
T    2170  411E      subs   r1, r0, #1          ; r1 = 00000038
T    2172  0291      str    r1, [sp, #8]        ;  [0x0dffff40] <- 38
T    2174  0028      cmp    r0, #0              ; cpsr = 200001f3
T    2176  0DD0      beq    #0x2194             ; pc = 00002178
T    2178  FFE7      b      #0x217a             ;
T    217A  0198      ldr    r0, [sp, #4]        ;       3e0 <- [0x0dffff3c]  r0 = 000003e0
T    217C  0399      ldr    r1, [sp, #0xc]      ;   dffffbb <- [0x0dffff44]  r1 = 0dffffbb
T    217E  4A1C      adds   r2, r1, #1          ; r2 = 0dffffbc
T    2180  0392      str    r2, [sp, #0xc]      ;  [0x0dffff44] <- dffffbc
T    2182  0870      strb   r0, [r1]            ;  [0x0dffffbb] <- e0
T    2184  0398      ldr    r0, [sp, #0xc]      ;   dffffbc <- [0x0dffff44]  r0 = 0dffffbc
T    2186  00F00F00  and    r0, r0, #0xf        ; r0 = 0000000c
T    218A  0199      ldr    r1, [sp, #4]        ;       3e0 <- [0x0dffff3c]  r1 = 000003e0
T    218C  0844      add    r0, r1              ; r0 = 000003ec
T    218E  1130      adds   r0, #0x11           ; r0 = 000003fd
T    2190  0190      str    r0, [sp, #4]        ;  [0x0dffff3c] <- 3fd
T    2192  ECE7      b      #0x216e             ;
T    216E  0298      ldr    r0, [sp, #8]        ;        38 <- [0x0dffff40]  r0 = 00000038
T    2170  411E      subs   r1, r0, #1          ; r1 = 00000037
T    2172  0291      str    r1, [sp, #8]        ;  [0x0dffff40] <- 37
T    2174  0028      cmp    r0, #0              ; cpsr = 200001f3
T    2176  0DD0      beq    #0x2194             ; pc = 00002178
T    2178  FFE7      b      #0x217a             ;
T    217A  0198      ldr    r0, [sp, #4]        ;       3fd <- [0x0dffff3c]  r0 = 000003fd
T    217C  0399      ldr    r1, [sp, #0xc]      ;   dffffbc <- [0x0dffff44]  r1 = 0dffffbc
T    217E  4A1C      adds   r2, r1, #1          ; r2 = 0dffffbd
T    2180  0392      str    r2, [sp, #0xc]      ;  [0x0dffff44] <- dffffbd
T    2182  0870      strb   r0, [r1]            ;  [0x0dffffbc] <- fd
T    2184  0398      ldr    r0, [sp, #0xc]      ;   dffffbd <- [0x0dffff44]  r0 = 0dffffbd
T    2186  00F00F00  and    r0, r0, #0xf        ; r0 = 0000000d
T    218A  0199      ldr    r1, [sp, #4]        ;       3fd <- [0x0dffff3c]  r1 = 000003fd
T    218C  0844      add    r0, r1              ; r0 = 0000040a
T    218E  1130      adds   r0, #0x11           ; r0 = 0000041b
T    2190  0190      str    r0, [sp, #4]        ;  [0x0dffff3c] <- 41b
T    2192  ECE7      b      #0x216e             ;
T    216E  0298      ldr    r0, [sp, #8]        ;        37 <- [0x0dffff40]  r0 = 00000037
T    2170  411E      subs   r1, r0, #1          ; r1 = 00000036
T    2172  0291      str    r1, [sp, #8]        ;  [0x0dffff40] <- 36
T    2174  0028      cmp    r0, #0              ; cpsr = 200001f3
T    2176  0DD0      beq    #0x2194             ; pc = 00002178
T    2178  FFE7      b      #0x217a             ;
T    217A  0198      ldr    r0, [sp, #4]        ;       41b <- [0x0dffff3c]  r0 = 0000041b
T    217C  0399      ldr    r1, [sp, #0xc]      ;   dffffbd <- [0x0dffff44]  r1 = 0dffffbd
T    217E  4A1C      adds   r2, r1, #1          ; r2 = 0dffffbe
T    2180  0392      str    r2, [sp, #0xc]      ;  [0x0dffff44] <- dffffbe
T    2182  0870      strb   r0, [r1]            ;  [0x0dffffbd] <- 1b
T    2184  0398      ldr    r0, [sp, #0xc]      ;   dffffbe <- [0x0dffff44]  r0 = 0dffffbe
T    2186  00F00F00  and    r0, r0, #0xf        ; r0 = 0000000e
T    218A  0199      ldr    r1, [sp, #4]        ;       41b <- [0x0dffff3c]  r1 = 0000041b
T    218C  0844      add    r0, r1              ; r0 = 00000429
T    218E  1130      adds   r0, #0x11           ; r0 = 0000043a
T    2190  0190      str    r0, [sp, #4]        ;  [0x0dffff3c] <- 43a
T    2192  ECE7      b      #0x216e             ;
T    216E  0298      ldr    r0, [sp, #8]        ;        36 <- [0x0dffff40]  r0 = 00000036
T    2170  411E      subs   r1, r0, #1          ; r1 = 00000035
T    2172  0291      str    r1, [sp, #8]        ;  [0x0dffff40] <- 35
T    2174  0028      cmp    r0, #0              ; cpsr = 200001f3
T    2176  0DD0      beq    #0x2194             ; pc = 00002178
T    2178  FFE7      b      #0x217a             ;
T    217A  0198      ldr    r0, [sp, #4]        ;       43a <- [0x0dffff3c]  r0 = 0000043a
T    217C  0399      ldr    r1, [sp, #0xc]      ;   dffffbe <- [0x0dffff44]  r1 = 0dffffbe
T    217E  4A1C      adds   r2, r1, #1          ; r2 = 0dffffbf
T    2180  0392      str    r2, [sp, #0xc]      ;  [0x0dffff44] <- dffffbf
T    2182  0870      strb   r0, [r1]            ;  [0x0dffffbe] <- 3a
T    2184  0398      ldr    r0, [sp, #0xc]      ;   dffffbf <- [0x0dffff44]  r0 = 0dffffbf
T    2186  00F00F00  and    r0, r0, #0xf        ; r0 = 0000000f
T    218A  0199      ldr    r1, [sp, #4]        ;       43a <- [0x0dffff3c]  r1 = 0000043a
T    218C  0844      add    r0, r1              ; r0 = 00000449
T    218E  1130      adds   r0, #0x11           ; r0 = 0000045a
T    2190  0190      str    r0, [sp, #4]        ;  [0x0dffff3c] <- 45a
T    2192  ECE7      b      #0x216e             ;
T    216E  0298      ldr    r0, [sp, #8]        ;        35 <- [0x0dffff40]  r0 = 00000035
T    2170  411E      subs   r1, r0, #1          ; r1 = 00000034
T    2172  0291      str    r1, [sp, #8]        ;  [0x0dffff40] <- 34
T    2174  0028      cmp    r0, #0              ; cpsr = 200001f3
T    2176  0DD0      beq    #0x2194             ; pc = 00002178
T    2178  FFE7      b      #0x217a             ;
T    217A  0198      ldr    r0, [sp, #4]        ;       45a <- [0x0dffff3c]  r0 = 0000045a
T    217C  0399      ldr    r1, [sp, #0xc]      ;   dffffbf <- [0x0dffff44]  r1 = 0dffffbf
T    217E  4A1C      adds   r2, r1, #1          ; r2 = 0dffffc0
T    2180  0392      str    r2, [sp, #0xc]      ;  [0x0dffff44] <- dffffc0
T    2182  0870      strb   r0, [r1]            ;  [0x0dffffbf] <- 5a
T    2184  0398      ldr    r0, [sp, #0xc]      ;   dffffc0 <- [0x0dffff44]  r0 = 0dffffc0
T    2186  00F00F00  and    r0, r0, #0xf        ; r0 = 00000000
T    218A  0199      ldr    r1, [sp, #4]        ;       45a <- [0x0dffff3c]  r1 = 0000045a
T    218C  0844      add    r0, r1              ; r0 = 0000045a
T    218E  1130      adds   r0, #0x11           ; r0 = 0000046b
T    2190  0190      str    r0, [sp, #4]        ;  [0x0dffff3c] <- 46b
T    2192  ECE7      b      #0x216e             ;
T    216E  0298      ldr    r0, [sp, #8]        ;        34 <- [0x0dffff40]  r0 = 00000034
T    2170  411E      subs   r1, r0, #1          ; r1 = 00000033
T    2172  0291      str    r1, [sp, #8]        ;  [0x0dffff40] <- 33
T    2174  0028      cmp    r0, #0              ; cpsr = 200001f3
T    2176  0DD0      beq    #0x2194             ; pc = 00002178
T    2178  FFE7      b      #0x217a             ;
T    217A  0198      ldr    r0, [sp, #4]        ;       46b <- [0x0dffff3c]  r0 = 0000046b
T    217C  0399      ldr    r1, [sp, #0xc]      ;   dffffc0 <- [0x0dffff44]  r1 = 0dffffc0
T    217E  4A1C      adds   r2, r1, #1          ; r2 = 0dffffc1
T    2180  0392      str    r2, [sp, #0xc]      ;  [0x0dffff44] <- dffffc1
T    2182  0870      strb   r0, [r1]            ;  [0x0dffffc0] <- 6b
T    2184  0398      ldr    r0, [sp, #0xc]      ;   dffffc1 <- [0x0dffff44]  r0 = 0dffffc1
T    2186  00F00F00  and    r0, r0, #0xf        ; r0 = 00000001
T    218A  0199      ldr    r1, [sp, #4]        ;       46b <- [0x0dffff3c]  r1 = 0000046b
T    218C  0844      add    r0, r1              ; r0 = 0000046c
T    218E  1130      adds   r0, #0x11           ; r0 = 0000047d
T    2190  0190      str    r0, [sp, #4]        ;  [0x0dffff3c] <- 47d
T    2192  ECE7      b      #0x216e             ;
T    216E  0298      ldr    r0, [sp, #8]        ;        33 <- [0x0dffff40]  r0 = 00000033
T    2170  411E      subs   r1, r0, #1          ; r1 = 00000032
T    2172  0291      str    r1, [sp, #8]        ;  [0x0dffff40] <- 32
T    2174  0028      cmp    r0, #0              ; cpsr = 200001f3
T    2176  0DD0      beq    #0x2194             ; pc = 00002178
T    2178  FFE7      b      #0x217a             ;
T    217A  0198      ldr    r0, [sp, #4]        ;       47d <- [0x0dffff3c]  r0 = 0000047d
T    217C  0399      ldr    r1, [sp, #0xc]      ;   dffffc1 <- [0x0dffff44]  r1 = 0dffffc1
T    217E  4A1C      adds   r2, r1, #1          ; r2 = 0dffffc2
T    2180  0392      str    r2, [sp, #0xc]      ;  [0x0dffff44] <- dffffc2
T    2182  0870      strb   r0, [r1]            ;  [0x0dffffc1] <- 7d
T    2184  0398      ldr    r0, [sp, #0xc]      ;   dffffc2 <- [0x0dffff44]  r0 = 0dffffc2
T    2186  00F00F00  and    r0, r0, #0xf        ; r0 = 00000002
T    218A  0199      ldr    r1, [sp, #4]        ;       47d <- [0x0dffff3c]  r1 = 0000047d
T    218C  0844      add    r0, r1              ; r0 = 0000047f
T    218E  1130      adds   r0, #0x11           ; r0 = 00000490
T    2190  0190      str    r0, [sp, #4]        ;  [0x0dffff3c] <- 490
T    2192  ECE7      b      #0x216e             ;
T    216E  0298      ldr    r0, [sp, #8]        ;        32 <- [0x0dffff40]  r0 = 00000032
T    2170  411E      subs   r1, r0, #1          ; r1 = 00000031
T    2172  0291      str    r1, [sp, #8]        ;  [0x0dffff40] <- 31
T    2174  0028      cmp    r0, #0              ; cpsr = 200001f3
T    2176  0DD0      beq    #0x2194             ; pc = 00002178
T    2178  FFE7      b      #0x217a             ;
T    217A  0198      ldr    r0, [sp, #4]        ;       490 <- [0x0dffff3c]  r0 = 00000490
T    217C  0399      ldr    r1, [sp, #0xc]      ;   dffffc2 <- [0x0dffff44]  r1 = 0dffffc2
T    217E  4A1C      adds   r2, r1, #1          ; r2 = 0dffffc3
T    2180  0392      str    r2, [sp, #0xc]      ;  [0x0dffff44] <- dffffc3
T    2182  0870      strb   r0, [r1]            ;  [0x0dffffc2] <- 90
T    2184  0398      ldr    r0, [sp, #0xc]      ;   dffffc3 <- [0x0dffff44]  r0 = 0dffffc3
T    2186  00F00F00  and    r0, r0, #0xf        ; r0 = 00000003
T    218A  0199      ldr    r1, [sp, #4]        ;       490 <- [0x0dffff3c]  r1 = 00000490
T    218C  0844      add    r0, r1              ; r0 = 00000493
T    218E  1130      adds   r0, #0x11           ; r0 = 000004a4
T    2190  0190      str    r0, [sp, #4]        ;  [0x0dffff3c] <- 4a4
T    2192  ECE7      b      #0x216e             ;
T    216E  0298      ldr    r0, [sp, #8]        ;        31 <- [0x0dffff40]  r0 = 00000031
T    2170  411E      subs   r1, r0, #1          ; r1 = 00000030
T    2172  0291      str    r1, [sp, #8]        ;  [0x0dffff40] <- 30
T    2174  0028      cmp    r0, #0              ; cpsr = 200001f3
T    2176  0DD0      beq    #0x2194             ; pc = 00002178
T    2178  FFE7      b      #0x217a             ;
T    217A  0198      ldr    r0, [sp, #4]        ;       4a4 <- [0x0dffff3c]  r0 = 000004a4
T    217C  0399      ldr    r1, [sp, #0xc]      ;   dffffc3 <- [0x0dffff44]  r1 = 0dffffc3
T    217E  4A1C      adds   r2, r1, #1          ; r2 = 0dffffc4
T    2180  0392      str    r2, [sp, #0xc]      ;  [0x0dffff44] <- dffffc4
T    2182  0870      strb   r0, [r1]            ;  [0x0dffffc3] <- a4
T    2184  0398      ldr    r0, [sp, #0xc]      ;   dffffc4 <- [0x0dffff44]  r0 = 0dffffc4
T    2186  00F00F00  and    r0, r0, #0xf        ; r0 = 00000004
T    218A  0199      ldr    r1, [sp, #4]        ;       4a4 <- [0x0dffff3c]  r1 = 000004a4
T    218C  0844      add    r0, r1              ; r0 = 000004a8
T    218E  1130      adds   r0, #0x11           ; r0 = 000004b9
T    2190  0190      str    r0, [sp, #4]        ;  [0x0dffff3c] <- 4b9
T    2192  ECE7      b      #0x216e             ;
T    216E  0298      ldr    r0, [sp, #8]        ;        30 <- [0x0dffff40]  r0 = 00000030
T    2170  411E      subs   r1, r0, #1          ; r1 = 0000002f
T    2172  0291      str    r1, [sp, #8]        ;  [0x0dffff40] <- 2f
T    2174  0028      cmp    r0, #0              ; cpsr = 200001f3
T    2176  0DD0      beq    #0x2194             ; pc = 00002178
T    2178  FFE7      b      #0x217a             ;
T    217A  0198      ldr    r0, [sp, #4]        ;       4b9 <- [0x0dffff3c]  r0 = 000004b9
T    217C  0399      ldr    r1, [sp, #0xc]      ;   dffffc4 <- [0x0dffff44]  r1 = 0dffffc4
T    217E  4A1C      adds   r2, r1, #1          ; r2 = 0dffffc5
T    2180  0392      str    r2, [sp, #0xc]      ;  [0x0dffff44] <- dffffc5
T    2182  0870      strb   r0, [r1]            ;  [0x0dffffc4] <- b9
T    2184  0398      ldr    r0, [sp, #0xc]      ;   dffffc5 <- [0x0dffff44]  r0 = 0dffffc5
T    2186  00F00F00  and    r0, r0, #0xf        ; r0 = 00000005
T    218A  0199      ldr    r1, [sp, #4]        ;       4b9 <- [0x0dffff3c]  r1 = 000004b9
T    218C  0844      add    r0, r1              ; r0 = 000004be
T    218E  1130      adds   r0, #0x11           ; r0 = 000004cf
T    2190  0190      str    r0, [sp, #4]        ;  [0x0dffff3c] <- 4cf
T    2192  ECE7      b      #0x216e             ;
T    216E  0298      ldr    r0, [sp, #8]        ;        2f <- [0x0dffff40]  r0 = 0000002f
T    2170  411E      subs   r1, r0, #1          ; r1 = 0000002e
T    2172  0291      str    r1, [sp, #8]        ;  [0x0dffff40] <- 2e
T    2174  0028      cmp    r0, #0              ; cpsr = 200001f3
T    2176  0DD0      beq    #0x2194             ; pc = 00002178
T    2178  FFE7      b      #0x217a             ;
T    217A  0198      ldr    r0, [sp, #4]        ;       4cf <- [0x0dffff3c]  r0 = 000004cf
T    217C  0399      ldr    r1, [sp, #0xc]      ;   dffffc5 <- [0x0dffff44]  r1 = 0dffffc5
T    217E  4A1C      adds   r2, r1, #1          ; r2 = 0dffffc6
T    2180  0392      str    r2, [sp, #0xc]      ;  [0x0dffff44] <- dffffc6
T    2182  0870      strb   r0, [r1]            ;  [0x0dffffc5] <- cf
T    2184  0398      ldr    r0, [sp, #0xc]      ;   dffffc6 <- [0x0dffff44]  r0 = 0dffffc6
T    2186  00F00F00  and    r0, r0, #0xf        ; r0 = 00000006
T    218A  0199      ldr    r1, [sp, #4]        ;       4cf <- [0x0dffff3c]  r1 = 000004cf
T    218C  0844      add    r0, r1              ; r0 = 000004d5
T    218E  1130      adds   r0, #0x11           ; r0 = 000004e6
T    2190  0190      str    r0, [sp, #4]        ;  [0x0dffff3c] <- 4e6
T    2192  ECE7      b      #0x216e             ;
T    216E  0298      ldr    r0, [sp, #8]        ;        2e <- [0x0dffff40]  r0 = 0000002e
T    2170  411E      subs   r1, r0, #1          ; r1 = 0000002d
T    2172  0291      str    r1, [sp, #8]        ;  [0x0dffff40] <- 2d
T    2174  0028      cmp    r0, #0              ; cpsr = 200001f3
T    2176  0DD0      beq    #0x2194             ; pc = 00002178
T    2178  FFE7      b      #0x217a             ;
T    217A  0198      ldr    r0, [sp, #4]        ;       4e6 <- [0x0dffff3c]  r0 = 000004e6
T    217C  0399      ldr    r1, [sp, #0xc]      ;   dffffc6 <- [0x0dffff44]  r1 = 0dffffc6
T    217E  4A1C      adds   r2, r1, #1          ; r2 = 0dffffc7
T    2180  0392      str    r2, [sp, #0xc]      ;  [0x0dffff44] <- dffffc7
T    2182  0870      strb   r0, [r1]            ;  [0x0dffffc6] <- e6
T    2184  0398      ldr    r0, [sp, #0xc]      ;   dffffc7 <- [0x0dffff44]  r0 = 0dffffc7
T    2186  00F00F00  and    r0, r0, #0xf        ; r0 = 00000007
T    218A  0199      ldr    r1, [sp, #4]        ;       4e6 <- [0x0dffff3c]  r1 = 000004e6
T    218C  0844      add    r0, r1              ; r0 = 000004ed
T    218E  1130      adds   r0, #0x11           ; r0 = 000004fe
T    2190  0190      str    r0, [sp, #4]        ;  [0x0dffff3c] <- 4fe
T    2192  ECE7      b      #0x216e             ;
T    216E  0298      ldr    r0, [sp, #8]        ;        2d <- [0x0dffff40]  r0 = 0000002d
T    2170  411E      subs   r1, r0, #1          ; r1 = 0000002c
T    2172  0291      str    r1, [sp, #8]        ;  [0x0dffff40] <- 2c
T    2174  0028      cmp    r0, #0              ; cpsr = 200001f3
T    2176  0DD0      beq    #0x2194             ; pc = 00002178
T    2178  FFE7      b      #0x217a             ;
T    217A  0198      ldr    r0, [sp, #4]        ;       4fe <- [0x0dffff3c]  r0 = 000004fe
T    217C  0399      ldr    r1, [sp, #0xc]      ;   dffffc7 <- [0x0dffff44]  r1 = 0dffffc7
T    217E  4A1C      adds   r2, r1, #1          ; r2 = 0dffffc8
T    2180  0392      str    r2, [sp, #0xc]      ;  [0x0dffff44] <- dffffc8
T    2182  0870      strb   r0, [r1]            ;  [0x0dffffc7] <- fe
T    2184  0398      ldr    r0, [sp, #0xc]      ;   dffffc8 <- [0x0dffff44]  r0 = 0dffffc8
T    2186  00F00F00  and    r0, r0, #0xf        ; r0 = 00000008
T    218A  0199      ldr    r1, [sp, #4]        ;       4fe <- [0x0dffff3c]  r1 = 000004fe
T    218C  0844      add    r0, r1              ; r0 = 00000506
T    218E  1130      adds   r0, #0x11           ; r0 = 00000517
T    2190  0190      str    r0, [sp, #4]        ;  [0x0dffff3c] <- 517
T    2192  ECE7      b      #0x216e             ;
T    216E  0298      ldr    r0, [sp, #8]        ;        2c <- [0x0dffff40]  r0 = 0000002c
T    2170  411E      subs   r1, r0, #1          ; r1 = 0000002b
T    2172  0291      str    r1, [sp, #8]        ;  [0x0dffff40] <- 2b
T    2174  0028      cmp    r0, #0              ; cpsr = 200001f3
T    2176  0DD0      beq    #0x2194             ; pc = 00002178
T    2178  FFE7      b      #0x217a             ;
T    217A  0198      ldr    r0, [sp, #4]        ;       517 <- [0x0dffff3c]  r0 = 00000517
T    217C  0399      ldr    r1, [sp, #0xc]      ;   dffffc8 <- [0x0dffff44]  r1 = 0dffffc8
T    217E  4A1C      adds   r2, r1, #1          ; r2 = 0dffffc9
T    2180  0392      str    r2, [sp, #0xc]      ;  [0x0dffff44] <- dffffc9
T    2182  0870      strb   r0, [r1]            ;  [0x0dffffc8] <- 17
T    2184  0398      ldr    r0, [sp, #0xc]      ;   dffffc9 <- [0x0dffff44]  r0 = 0dffffc9
T    2186  00F00F00  and    r0, r0, #0xf        ; r0 = 00000009
T    218A  0199      ldr    r1, [sp, #4]        ;       517 <- [0x0dffff3c]  r1 = 00000517
T    218C  0844      add    r0, r1              ; r0 = 00000520
T    218E  1130      adds   r0, #0x11           ; r0 = 00000531
T    2190  0190      str    r0, [sp, #4]        ;  [0x0dffff3c] <- 531
T    2192  ECE7      b      #0x216e             ;
T    216E  0298      ldr    r0, [sp, #8]        ;        2b <- [0x0dffff40]  r0 = 0000002b
T    2170  411E      subs   r1, r0, #1          ; r1 = 0000002a
T    2172  0291      str    r1, [sp, #8]        ;  [0x0dffff40] <- 2a
T    2174  0028      cmp    r0, #0              ; cpsr = 200001f3
T    2176  0DD0      beq    #0x2194             ; pc = 00002178
T    2178  FFE7      b      #0x217a             ;
T    217A  0198      ldr    r0, [sp, #4]        ;       531 <- [0x0dffff3c]  r0 = 00000531
T    217C  0399      ldr    r1, [sp, #0xc]      ;   dffffc9 <- [0x0dffff44]  r1 = 0dffffc9
T    217E  4A1C      adds   r2, r1, #1          ; r2 = 0dffffca
T    2180  0392      str    r2, [sp, #0xc]      ;  [0x0dffff44] <- dffffca
T    2182  0870      strb   r0, [r1]            ;  [0x0dffffc9] <- 31
T    2184  0398      ldr    r0, [sp, #0xc]      ;   dffffca <- [0x0dffff44]  r0 = 0dffffca
T    2186  00F00F00  and    r0, r0, #0xf        ; r0 = 0000000a
T    218A  0199      ldr    r1, [sp, #4]        ;       531 <- [0x0dffff3c]  r1 = 00000531
T    218C  0844      add    r0, r1              ; r0 = 0000053b
T    218E  1130      adds   r0, #0x11           ; r0 = 0000054c
T    2190  0190      str    r0, [sp, #4]        ;  [0x0dffff3c] <- 54c
T    2192  ECE7      b      #0x216e             ;
T    216E  0298      ldr    r0, [sp, #8]        ;        2a <- [0x0dffff40]  r0 = 0000002a
T    2170  411E      subs   r1, r0, #1          ; r1 = 00000029
T    2172  0291      str    r1, [sp, #8]        ;  [0x0dffff40] <- 29
T    2174  0028      cmp    r0, #0              ; cpsr = 200001f3
T    2176  0DD0      beq    #0x2194             ; pc = 00002178
T    2178  FFE7      b      #0x217a             ;
T    217A  0198      ldr    r0, [sp, #4]        ;       54c <- [0x0dffff3c]  r0 = 0000054c
T    217C  0399      ldr    r1, [sp, #0xc]      ;   dffffca <- [0x0dffff44]  r1 = 0dffffca
T    217E  4A1C      adds   r2, r1, #1          ; r2 = 0dffffcb
T    2180  0392      str    r2, [sp, #0xc]      ;  [0x0dffff44] <- dffffcb
T    2182  0870      strb   r0, [r1]            ;  [0x0dffffca] <- 4c
T    2184  0398      ldr    r0, [sp, #0xc]      ;   dffffcb <- [0x0dffff44]  r0 = 0dffffcb
T    2186  00F00F00  and    r0, r0, #0xf        ; r0 = 0000000b
T    218A  0199      ldr    r1, [sp, #4]        ;       54c <- [0x0dffff3c]  r1 = 0000054c
T    218C  0844      add    r0, r1              ; r0 = 00000557
T    218E  1130      adds   r0, #0x11           ; r0 = 00000568
T    2190  0190      str    r0, [sp, #4]        ;  [0x0dffff3c] <- 568
T    2192  ECE7      b      #0x216e             ;
T    216E  0298      ldr    r0, [sp, #8]        ;        29 <- [0x0dffff40]  r0 = 00000029
T    2170  411E      subs   r1, r0, #1          ; r1 = 00000028
T    2172  0291      str    r1, [sp, #8]        ;  [0x0dffff40] <- 28
T    2174  0028      cmp    r0, #0              ; cpsr = 200001f3
T    2176  0DD0      beq    #0x2194             ; pc = 00002178
T    2178  FFE7      b      #0x217a             ;
T    217A  0198      ldr    r0, [sp, #4]        ;       568 <- [0x0dffff3c]  r0 = 00000568
T    217C  0399      ldr    r1, [sp, #0xc]      ;   dffffcb <- [0x0dffff44]  r1 = 0dffffcb
T    217E  4A1C      adds   r2, r1, #1          ; r2 = 0dffffcc
T    2180  0392      str    r2, [sp, #0xc]      ;  [0x0dffff44] <- dffffcc
T    2182  0870      strb   r0, [r1]            ;  [0x0dffffcb] <- 68
T    2184  0398      ldr    r0, [sp, #0xc]      ;   dffffcc <- [0x0dffff44]  r0 = 0dffffcc
T    2186  00F00F00  and    r0, r0, #0xf        ; r0 = 0000000c
T    218A  0199      ldr    r1, [sp, #4]        ;       568 <- [0x0dffff3c]  r1 = 00000568
T    218C  0844      add    r0, r1              ; r0 = 00000574
T    218E  1130      adds   r0, #0x11           ; r0 = 00000585
T    2190  0190      str    r0, [sp, #4]        ;  [0x0dffff3c] <- 585
T    2192  ECE7      b      #0x216e             ;
T    216E  0298      ldr    r0, [sp, #8]        ;        28 <- [0x0dffff40]  r0 = 00000028
T    2170  411E      subs   r1, r0, #1          ; r1 = 00000027
T    2172  0291      str    r1, [sp, #8]        ;  [0x0dffff40] <- 27
T    2174  0028      cmp    r0, #0              ; cpsr = 200001f3
T    2176  0DD0      beq    #0x2194             ; pc = 00002178
T    2178  FFE7      b      #0x217a             ;
T    217A  0198      ldr    r0, [sp, #4]        ;       585 <- [0x0dffff3c]  r0 = 00000585
T    217C  0399      ldr    r1, [sp, #0xc]      ;   dffffcc <- [0x0dffff44]  r1 = 0dffffcc
T    217E  4A1C      adds   r2, r1, #1          ; r2 = 0dffffcd
T    2180  0392      str    r2, [sp, #0xc]      ;  [0x0dffff44] <- dffffcd
T    2182  0870      strb   r0, [r1]            ;  [0x0dffffcc] <- 85
T    2184  0398      ldr    r0, [sp, #0xc]      ;   dffffcd <- [0x0dffff44]  r0 = 0dffffcd
T    2186  00F00F00  and    r0, r0, #0xf        ; r0 = 0000000d
T    218A  0199      ldr    r1, [sp, #4]        ;       585 <- [0x0dffff3c]  r1 = 00000585
T    218C  0844      add    r0, r1              ; r0 = 00000592
T    218E  1130      adds   r0, #0x11           ; r0 = 000005a3
T    2190  0190      str    r0, [sp, #4]        ;  [0x0dffff3c] <- 5a3
T    2192  ECE7      b      #0x216e             ;
T    216E  0298      ldr    r0, [sp, #8]        ;        27 <- [0x0dffff40]  r0 = 00000027
T    2170  411E      subs   r1, r0, #1          ; r1 = 00000026
T    2172  0291      str    r1, [sp, #8]        ;  [0x0dffff40] <- 26
T    2174  0028      cmp    r0, #0              ; cpsr = 200001f3
T    2176  0DD0      beq    #0x2194             ; pc = 00002178
T    2178  FFE7      b      #0x217a             ;
T    217A  0198      ldr    r0, [sp, #4]        ;       5a3 <- [0x0dffff3c]  r0 = 000005a3
T    217C  0399      ldr    r1, [sp, #0xc]      ;   dffffcd <- [0x0dffff44]  r1 = 0dffffcd
T    217E  4A1C      adds   r2, r1, #1          ; r2 = 0dffffce
T    2180  0392      str    r2, [sp, #0xc]      ;  [0x0dffff44] <- dffffce
T    2182  0870      strb   r0, [r1]            ;  [0x0dffffcd] <- a3
T    2184  0398      ldr    r0, [sp, #0xc]      ;   dffffce <- [0x0dffff44]  r0 = 0dffffce
T    2186  00F00F00  and    r0, r0, #0xf        ; r0 = 0000000e
T    218A  0199      ldr    r1, [sp, #4]        ;       5a3 <- [0x0dffff3c]  r1 = 000005a3
T    218C  0844      add    r0, r1              ; r0 = 000005b1
T    218E  1130      adds   r0, #0x11           ; r0 = 000005c2
T    2190  0190      str    r0, [sp, #4]        ;  [0x0dffff3c] <- 5c2
T    2192  ECE7      b      #0x216e             ;
T    216E  0298      ldr    r0, [sp, #8]        ;        26 <- [0x0dffff40]  r0 = 00000026
T    2170  411E      subs   r1, r0, #1          ; r1 = 00000025
T    2172  0291      str    r1, [sp, #8]        ;  [0x0dffff40] <- 25
T    2174  0028      cmp    r0, #0              ; cpsr = 200001f3
T    2176  0DD0      beq    #0x2194             ; pc = 00002178
T    2178  FFE7      b      #0x217a             ;
T    217A  0198      ldr    r0, [sp, #4]        ;       5c2 <- [0x0dffff3c]  r0 = 000005c2
T    217C  0399      ldr    r1, [sp, #0xc]      ;   dffffce <- [0x0dffff44]  r1 = 0dffffce
T    217E  4A1C      adds   r2, r1, #1          ; r2 = 0dffffcf
T    2180  0392      str    r2, [sp, #0xc]      ;  [0x0dffff44] <- dffffcf
T    2182  0870      strb   r0, [r1]            ;  [0x0dffffce] <- c2
T    2184  0398      ldr    r0, [sp, #0xc]      ;   dffffcf <- [0x0dffff44]  r0 = 0dffffcf
T    2186  00F00F00  and    r0, r0, #0xf        ; r0 = 0000000f
T    218A  0199      ldr    r1, [sp, #4]        ;       5c2 <- [0x0dffff3c]  r1 = 000005c2
T    218C  0844      add    r0, r1              ; r0 = 000005d1
T    218E  1130      adds   r0, #0x11           ; r0 = 000005e2
T    2190  0190      str    r0, [sp, #4]        ;  [0x0dffff3c] <- 5e2
T    2192  ECE7      b      #0x216e             ;
T    216E  0298      ldr    r0, [sp, #8]        ;        25 <- [0x0dffff40]  r0 = 00000025
T    2170  411E      subs   r1, r0, #1          ; r1 = 00000024
T    2172  0291      str    r1, [sp, #8]        ;  [0x0dffff40] <- 24
T    2174  0028      cmp    r0, #0              ; cpsr = 200001f3
T    2176  0DD0      beq    #0x2194             ; pc = 00002178
T    2178  FFE7      b      #0x217a             ;
T    217A  0198      ldr    r0, [sp, #4]        ;       5e2 <- [0x0dffff3c]  r0 = 000005e2
T    217C  0399      ldr    r1, [sp, #0xc]      ;   dffffcf <- [0x0dffff44]  r1 = 0dffffcf
T    217E  4A1C      adds   r2, r1, #1          ; r2 = 0dffffd0
T    2180  0392      str    r2, [sp, #0xc]      ;  [0x0dffff44] <- dffffd0
T    2182  0870      strb   r0, [r1]            ;  [0x0dffffcf] <- e2
T    2184  0398      ldr    r0, [sp, #0xc]      ;   dffffd0 <- [0x0dffff44]  r0 = 0dffffd0
T    2186  00F00F00  and    r0, r0, #0xf        ; r0 = 00000000
T    218A  0199      ldr    r1, [sp, #4]        ;       5e2 <- [0x0dffff3c]  r1 = 000005e2
T    218C  0844      add    r0, r1              ; r0 = 000005e2
T    218E  1130      adds   r0, #0x11           ; r0 = 000005f3
T    2190  0190      str    r0, [sp, #4]        ;  [0x0dffff3c] <- 5f3
T    2192  ECE7      b      #0x216e             ;
T    216E  0298      ldr    r0, [sp, #8]        ;        24 <- [0x0dffff40]  r0 = 00000024
T    2170  411E      subs   r1, r0, #1          ; r1 = 00000023
T    2172  0291      str    r1, [sp, #8]        ;  [0x0dffff40] <- 23
T    2174  0028      cmp    r0, #0              ; cpsr = 200001f3
T    2176  0DD0      beq    #0x2194             ; pc = 00002178
T    2178  FFE7      b      #0x217a             ;
T    217A  0198      ldr    r0, [sp, #4]        ;       5f3 <- [0x0dffff3c]  r0 = 000005f3
T    217C  0399      ldr    r1, [sp, #0xc]      ;   dffffd0 <- [0x0dffff44]  r1 = 0dffffd0
T    217E  4A1C      adds   r2, r1, #1          ; r2 = 0dffffd1
T    2180  0392      str    r2, [sp, #0xc]      ;  [0x0dffff44] <- dffffd1
T    2182  0870      strb   r0, [r1]            ;  [0x0dffffd0] <- f3
T    2184  0398      ldr    r0, [sp, #0xc]      ;   dffffd1 <- [0x0dffff44]  r0 = 0dffffd1
T    2186  00F00F00  and    r0, r0, #0xf        ; r0 = 00000001
T    218A  0199      ldr    r1, [sp, #4]        ;       5f3 <- [0x0dffff3c]  r1 = 000005f3
T    218C  0844      add    r0, r1              ; r0 = 000005f4
T    218E  1130      adds   r0, #0x11           ; r0 = 00000605
T    2190  0190      str    r0, [sp, #4]        ;  [0x0dffff3c] <- 605
T    2192  ECE7      b      #0x216e             ;
T    216E  0298      ldr    r0, [sp, #8]        ;        23 <- [0x0dffff40]  r0 = 00000023
T    2170  411E      subs   r1, r0, #1          ; r1 = 00000022
T    2172  0291      str    r1, [sp, #8]        ;  [0x0dffff40] <- 22
T    2174  0028      cmp    r0, #0              ; cpsr = 200001f3
T    2176  0DD0      beq    #0x2194             ; pc = 00002178
T    2178  FFE7      b      #0x217a             ;
T    217A  0198      ldr    r0, [sp, #4]        ;       605 <- [0x0dffff3c]  r0 = 00000605
T    217C  0399      ldr    r1, [sp, #0xc]      ;   dffffd1 <- [0x0dffff44]  r1 = 0dffffd1
T    217E  4A1C      adds   r2, r1, #1          ; r2 = 0dffffd2
T    2180  0392      str    r2, [sp, #0xc]      ;  [0x0dffff44] <- dffffd2
T    2182  0870      strb   r0, [r1]            ;  [0x0dffffd1] <- 5
T    2184  0398      ldr    r0, [sp, #0xc]      ;   dffffd2 <- [0x0dffff44]  r0 = 0dffffd2
T    2186  00F00F00  and    r0, r0, #0xf        ; r0 = 00000002
T    218A  0199      ldr    r1, [sp, #4]        ;       605 <- [0x0dffff3c]  r1 = 00000605
T    218C  0844      add    r0, r1              ; r0 = 00000607
T    218E  1130      adds   r0, #0x11           ; r0 = 00000618
T    2190  0190      str    r0, [sp, #4]        ;  [0x0dffff3c] <- 618
T    2192  ECE7      b      #0x216e             ;
T    216E  0298      ldr    r0, [sp, #8]        ;        22 <- [0x0dffff40]  r0 = 00000022
T    2170  411E      subs   r1, r0, #1          ; r1 = 00000021
T    2172  0291      str    r1, [sp, #8]        ;  [0x0dffff40] <- 21
T    2174  0028      cmp    r0, #0              ; cpsr = 200001f3
T    2176  0DD0      beq    #0x2194             ; pc = 00002178
T    2178  FFE7      b      #0x217a             ;
T    217A  0198      ldr    r0, [sp, #4]        ;       618 <- [0x0dffff3c]  r0 = 00000618
T    217C  0399      ldr    r1, [sp, #0xc]      ;   dffffd2 <- [0x0dffff44]  r1 = 0dffffd2
T    217E  4A1C      adds   r2, r1, #1          ; r2 = 0dffffd3
T    2180  0392      str    r2, [sp, #0xc]      ;  [0x0dffff44] <- dffffd3
T    2182  0870      strb   r0, [r1]            ;  [0x0dffffd2] <- 18
T    2184  0398      ldr    r0, [sp, #0xc]      ;   dffffd3 <- [0x0dffff44]  r0 = 0dffffd3
T    2186  00F00F00  and    r0, r0, #0xf        ; r0 = 00000003
T    218A  0199      ldr    r1, [sp, #4]        ;       618 <- [0x0dffff3c]  r1 = 00000618
T    218C  0844      add    r0, r1              ; r0 = 0000061b
T    218E  1130      adds   r0, #0x11           ; r0 = 0000062c
T    2190  0190      str    r0, [sp, #4]        ;  [0x0dffff3c] <- 62c
T    2192  ECE7      b      #0x216e             ;
T    216E  0298      ldr    r0, [sp, #8]        ;        21 <- [0x0dffff40]  r0 = 00000021
T    2170  411E      subs   r1, r0, #1          ; r1 = 00000020
T    2172  0291      str    r1, [sp, #8]        ;  [0x0dffff40] <- 20
T    2174  0028      cmp    r0, #0              ; cpsr = 200001f3
T    2176  0DD0      beq    #0x2194             ; pc = 00002178
T    2178  FFE7      b      #0x217a             ;
T    217A  0198      ldr    r0, [sp, #4]        ;       62c <- [0x0dffff3c]  r0 = 0000062c
T    217C  0399      ldr    r1, [sp, #0xc]      ;   dffffd3 <- [0x0dffff44]  r1 = 0dffffd3
T    217E  4A1C      adds   r2, r1, #1          ; r2 = 0dffffd4
T    2180  0392      str    r2, [sp, #0xc]      ;  [0x0dffff44] <- dffffd4
T    2182  0870      strb   r0, [r1]            ;  [0x0dffffd3] <- 2c
T    2184  0398      ldr    r0, [sp, #0xc]      ;   dffffd4 <- [0x0dffff44]  r0 = 0dffffd4
T    2186  00F00F00  and    r0, r0, #0xf        ; r0 = 00000004
T    218A  0199      ldr    r1, [sp, #4]        ;       62c <- [0x0dffff3c]  r1 = 0000062c
T    218C  0844      add    r0, r1              ; r0 = 00000630
T    218E  1130      adds   r0, #0x11           ; r0 = 00000641
T    2190  0190      str    r0, [sp, #4]        ;  [0x0dffff3c] <- 641
T    2192  ECE7      b      #0x216e             ;
T    216E  0298      ldr    r0, [sp, #8]        ;        20 <- [0x0dffff40]  r0 = 00000020
T    2170  411E      subs   r1, r0, #1          ; r1 = 0000001f
T    2172  0291      str    r1, [sp, #8]        ;  [0x0dffff40] <- 1f
T    2174  0028      cmp    r0, #0              ; cpsr = 200001f3
T    2176  0DD0      beq    #0x2194             ; pc = 00002178
T    2178  FFE7      b      #0x217a             ;
T    217A  0198      ldr    r0, [sp, #4]        ;       641 <- [0x0dffff3c]  r0 = 00000641
T    217C  0399      ldr    r1, [sp, #0xc]      ;   dffffd4 <- [0x0dffff44]  r1 = 0dffffd4
T    217E  4A1C      adds   r2, r1, #1          ; r2 = 0dffffd5
T    2180  0392      str    r2, [sp, #0xc]      ;  [0x0dffff44] <- dffffd5
T    2182  0870      strb   r0, [r1]            ;  [0x0dffffd4] <- 41
T    2184  0398      ldr    r0, [sp, #0xc]      ;   dffffd5 <- [0x0dffff44]  r0 = 0dffffd5
T    2186  00F00F00  and    r0, r0, #0xf        ; r0 = 00000005
T    218A  0199      ldr    r1, [sp, #4]        ;       641 <- [0x0dffff3c]  r1 = 00000641
T    218C  0844      add    r0, r1              ; r0 = 00000646
T    218E  1130      adds   r0, #0x11           ; r0 = 00000657
T    2190  0190      str    r0, [sp, #4]        ;  [0x0dffff3c] <- 657
T    2192  ECE7      b      #0x216e             ;
T    216E  0298      ldr    r0, [sp, #8]        ;        1f <- [0x0dffff40]  r0 = 0000001f
T    2170  411E      subs   r1, r0, #1          ; r1 = 0000001e
T    2172  0291      str    r1, [sp, #8]        ;  [0x0dffff40] <- 1e
T    2174  0028      cmp    r0, #0              ; cpsr = 200001f3
T    2176  0DD0      beq    #0x2194             ; pc = 00002178
T    2178  FFE7      b      #0x217a             ;
T    217A  0198      ldr    r0, [sp, #4]        ;       657 <- [0x0dffff3c]  r0 = 00000657
T    217C  0399      ldr    r1, [sp, #0xc]      ;   dffffd5 <- [0x0dffff44]  r1 = 0dffffd5
T    217E  4A1C      adds   r2, r1, #1          ; r2 = 0dffffd6
T    2180  0392      str    r2, [sp, #0xc]      ;  [0x0dffff44] <- dffffd6
T    2182  0870      strb   r0, [r1]            ;  [0x0dffffd5] <- 57
T    2184  0398      ldr    r0, [sp, #0xc]      ;   dffffd6 <- [0x0dffff44]  r0 = 0dffffd6
T    2186  00F00F00  and    r0, r0, #0xf        ; r0 = 00000006
T    218A  0199      ldr    r1, [sp, #4]        ;       657 <- [0x0dffff3c]  r1 = 00000657
T    218C  0844      add    r0, r1              ; r0 = 0000065d
T    218E  1130      adds   r0, #0x11           ; r0 = 0000066e
T    2190  0190      str    r0, [sp, #4]        ;  [0x0dffff3c] <- 66e
T    2192  ECE7      b      #0x216e             ;
T    216E  0298      ldr    r0, [sp, #8]        ;        1e <- [0x0dffff40]  r0 = 0000001e
T    2170  411E      subs   r1, r0, #1          ; r1 = 0000001d
T    2172  0291      str    r1, [sp, #8]        ;  [0x0dffff40] <- 1d
T    2174  0028      cmp    r0, #0              ; cpsr = 200001f3
T    2176  0DD0      beq    #0x2194             ; pc = 00002178
T    2178  FFE7      b      #0x217a             ;
T    217A  0198      ldr    r0, [sp, #4]        ;       66e <- [0x0dffff3c]  r0 = 0000066e
T    217C  0399      ldr    r1, [sp, #0xc]      ;   dffffd6 <- [0x0dffff44]  r1 = 0dffffd6
T    217E  4A1C      adds   r2, r1, #1          ; r2 = 0dffffd7
T    2180  0392      str    r2, [sp, #0xc]      ;  [0x0dffff44] <- dffffd7
T    2182  0870      strb   r0, [r1]            ;  [0x0dffffd6] <- 6e
T    2184  0398      ldr    r0, [sp, #0xc]      ;   dffffd7 <- [0x0dffff44]  r0 = 0dffffd7
T    2186  00F00F00  and    r0, r0, #0xf        ; r0 = 00000007
T    218A  0199      ldr    r1, [sp, #4]        ;       66e <- [0x0dffff3c]  r1 = 0000066e
T    218C  0844      add    r0, r1              ; r0 = 00000675
T    218E  1130      adds   r0, #0x11           ; r0 = 00000686
T    2190  0190      str    r0, [sp, #4]        ;  [0x0dffff3c] <- 686
T    2192  ECE7      b      #0x216e             ;
T    216E  0298      ldr    r0, [sp, #8]        ;        1d <- [0x0dffff40]  r0 = 0000001d
T    2170  411E      subs   r1, r0, #1          ; r1 = 0000001c
T    2172  0291      str    r1, [sp, #8]        ;  [0x0dffff40] <- 1c
T    2174  0028      cmp    r0, #0              ; cpsr = 200001f3
T    2176  0DD0      beq    #0x2194             ; pc = 00002178
T    2178  FFE7      b      #0x217a             ;
T    217A  0198      ldr    r0, [sp, #4]        ;       686 <- [0x0dffff3c]  r0 = 00000686
T    217C  0399      ldr    r1, [sp, #0xc]      ;   dffffd7 <- [0x0dffff44]  r1 = 0dffffd7
T    217E  4A1C      adds   r2, r1, #1          ; r2 = 0dffffd8
T    2180  0392      str    r2, [sp, #0xc]      ;  [0x0dffff44] <- dffffd8
T    2182  0870      strb   r0, [r1]            ;  [0x0dffffd7] <- 86
T    2184  0398      ldr    r0, [sp, #0xc]      ;   dffffd8 <- [0x0dffff44]  r0 = 0dffffd8
T    2186  00F00F00  and    r0, r0, #0xf        ; r0 = 00000008
T    218A  0199      ldr    r1, [sp, #4]        ;       686 <- [0x0dffff3c]  r1 = 00000686
T    218C  0844      add    r0, r1              ; r0 = 0000068e
T    218E  1130      adds   r0, #0x11           ; r0 = 0000069f
T    2190  0190      str    r0, [sp, #4]        ;  [0x0dffff3c] <- 69f
T    2192  ECE7      b      #0x216e             ;
T    216E  0298      ldr    r0, [sp, #8]        ;        1c <- [0x0dffff40]  r0 = 0000001c
T    2170  411E      subs   r1, r0, #1          ; r1 = 0000001b
T    2172  0291      str    r1, [sp, #8]        ;  [0x0dffff40] <- 1b
T    2174  0028      cmp    r0, #0              ; cpsr = 200001f3
T    2176  0DD0      beq    #0x2194             ; pc = 00002178
T    2178  FFE7      b      #0x217a             ;
T    217A  0198      ldr    r0, [sp, #4]        ;       69f <- [0x0dffff3c]  r0 = 0000069f
T    217C  0399      ldr    r1, [sp, #0xc]      ;   dffffd8 <- [0x0dffff44]  r1 = 0dffffd8
T    217E  4A1C      adds   r2, r1, #1          ; r2 = 0dffffd9
T    2180  0392      str    r2, [sp, #0xc]      ;  [0x0dffff44] <- dffffd9
T    2182  0870      strb   r0, [r1]            ;  [0x0dffffd8] <- 9f
T    2184  0398      ldr    r0, [sp, #0xc]      ;   dffffd9 <- [0x0dffff44]  r0 = 0dffffd9
T    2186  00F00F00  and    r0, r0, #0xf        ; r0 = 00000009
T    218A  0199      ldr    r1, [sp, #4]        ;       69f <- [0x0dffff3c]  r1 = 0000069f
T    218C  0844      add    r0, r1              ; r0 = 000006a8
T    218E  1130      adds   r0, #0x11           ; r0 = 000006b9
T    2190  0190      str    r0, [sp, #4]        ;  [0x0dffff3c] <- 6b9
T    2192  ECE7      b      #0x216e             ;
T    216E  0298      ldr    r0, [sp, #8]        ;        1b <- [0x0dffff40]  r0 = 0000001b
T    2170  411E      subs   r1, r0, #1          ; r1 = 0000001a
T    2172  0291      str    r1, [sp, #8]        ;  [0x0dffff40] <- 1a
T    2174  0028      cmp    r0, #0              ; cpsr = 200001f3
T    2176  0DD0      beq    #0x2194             ; pc = 00002178
T    2178  FFE7      b      #0x217a             ;
T    217A  0198      ldr    r0, [sp, #4]        ;       6b9 <- [0x0dffff3c]  r0 = 000006b9
T    217C  0399      ldr    r1, [sp, #0xc]      ;   dffffd9 <- [0x0dffff44]  r1 = 0dffffd9
T    217E  4A1C      adds   r2, r1, #1          ; r2 = 0dffffda
T    2180  0392      str    r2, [sp, #0xc]      ;  [0x0dffff44] <- dffffda
T    2182  0870      strb   r0, [r1]            ;  [0x0dffffd9] <- b9
T    2184  0398      ldr    r0, [sp, #0xc]      ;   dffffda <- [0x0dffff44]  r0 = 0dffffda
T    2186  00F00F00  and    r0, r0, #0xf        ; r0 = 0000000a
T    218A  0199      ldr    r1, [sp, #4]        ;       6b9 <- [0x0dffff3c]  r1 = 000006b9
T    218C  0844      add    r0, r1              ; r0 = 000006c3
T    218E  1130      adds   r0, #0x11           ; r0 = 000006d4
T    2190  0190      str    r0, [sp, #4]        ;  [0x0dffff3c] <- 6d4
T    2192  ECE7      b      #0x216e             ;
T    216E  0298      ldr    r0, [sp, #8]        ;        1a <- [0x0dffff40]  r0 = 0000001a
T    2170  411E      subs   r1, r0, #1          ; r1 = 00000019
T    2172  0291      str    r1, [sp, #8]        ;  [0x0dffff40] <- 19
T    2174  0028      cmp    r0, #0              ; cpsr = 200001f3
T    2176  0DD0      beq    #0x2194             ; pc = 00002178
T    2178  FFE7      b      #0x217a             ;
T    217A  0198      ldr    r0, [sp, #4]        ;       6d4 <- [0x0dffff3c]  r0 = 000006d4
T    217C  0399      ldr    r1, [sp, #0xc]      ;   dffffda <- [0x0dffff44]  r1 = 0dffffda
T    217E  4A1C      adds   r2, r1, #1          ; r2 = 0dffffdb
T    2180  0392      str    r2, [sp, #0xc]      ;  [0x0dffff44] <- dffffdb
T    2182  0870      strb   r0, [r1]            ;  [0x0dffffda] <- d4
T    2184  0398      ldr    r0, [sp, #0xc]      ;   dffffdb <- [0x0dffff44]  r0 = 0dffffdb
T    2186  00F00F00  and    r0, r0, #0xf        ; r0 = 0000000b
T    218A  0199      ldr    r1, [sp, #4]        ;       6d4 <- [0x0dffff3c]  r1 = 000006d4
T    218C  0844      add    r0, r1              ; r0 = 000006df
T    218E  1130      adds   r0, #0x11           ; r0 = 000006f0
T    2190  0190      str    r0, [sp, #4]        ;  [0x0dffff3c] <- 6f0
T    2192  ECE7      b      #0x216e             ;
T    216E  0298      ldr    r0, [sp, #8]        ;        19 <- [0x0dffff40]  r0 = 00000019
T    2170  411E      subs   r1, r0, #1          ; r1 = 00000018
T    2172  0291      str    r1, [sp, #8]        ;  [0x0dffff40] <- 18
T    2174  0028      cmp    r0, #0              ; cpsr = 200001f3
T    2176  0DD0      beq    #0x2194             ; pc = 00002178
T    2178  FFE7      b      #0x217a             ;
T    217A  0198      ldr    r0, [sp, #4]        ;       6f0 <- [0x0dffff3c]  r0 = 000006f0
T    217C  0399      ldr    r1, [sp, #0xc]      ;   dffffdb <- [0x0dffff44]  r1 = 0dffffdb
T    217E  4A1C      adds   r2, r1, #1          ; r2 = 0dffffdc
T    2180  0392      str    r2, [sp, #0xc]      ;  [0x0dffff44] <- dffffdc
T    2182  0870      strb   r0, [r1]            ;  [0x0dffffdb] <- f0
T    2184  0398      ldr    r0, [sp, #0xc]      ;   dffffdc <- [0x0dffff44]  r0 = 0dffffdc
T    2186  00F00F00  and    r0, r0, #0xf        ; r0 = 0000000c
T    218A  0199      ldr    r1, [sp, #4]        ;       6f0 <- [0x0dffff3c]  r1 = 000006f0
T    218C  0844      add    r0, r1              ; r0 = 000006fc
T    218E  1130      adds   r0, #0x11           ; r0 = 0000070d
T    2190  0190      str    r0, [sp, #4]        ;  [0x0dffff3c] <- 70d
T    2192  ECE7      b      #0x216e             ;
T    216E  0298      ldr    r0, [sp, #8]        ;        18 <- [0x0dffff40]  r0 = 00000018
T    2170  411E      subs   r1, r0, #1          ; r1 = 00000017
T    2172  0291      str    r1, [sp, #8]        ;  [0x0dffff40] <- 17
T    2174  0028      cmp    r0, #0              ; cpsr = 200001f3
T    2176  0DD0      beq    #0x2194             ; pc = 00002178
T    2178  FFE7      b      #0x217a             ;
T    217A  0198      ldr    r0, [sp, #4]        ;       70d <- [0x0dffff3c]  r0 = 0000070d
T    217C  0399      ldr    r1, [sp, #0xc]      ;   dffffdc <- [0x0dffff44]  r1 = 0dffffdc
T    217E  4A1C      adds   r2, r1, #1          ; r2 = 0dffffdd
T    2180  0392      str    r2, [sp, #0xc]      ;  [0x0dffff44] <- dffffdd
T    2182  0870      strb   r0, [r1]            ;  [0x0dffffdc] <- d
T    2184  0398      ldr    r0, [sp, #0xc]      ;   dffffdd <- [0x0dffff44]  r0 = 0dffffdd
T    2186  00F00F00  and    r0, r0, #0xf        ; r0 = 0000000d
T    218A  0199      ldr    r1, [sp, #4]        ;       70d <- [0x0dffff3c]  r1 = 0000070d
T    218C  0844      add    r0, r1              ; r0 = 0000071a
T    218E  1130      adds   r0, #0x11           ; r0 = 0000072b
T    2190  0190      str    r0, [sp, #4]        ;  [0x0dffff3c] <- 72b
T    2192  ECE7      b      #0x216e             ;
T    216E  0298      ldr    r0, [sp, #8]        ;        17 <- [0x0dffff40]  r0 = 00000017
T    2170  411E      subs   r1, r0, #1          ; r1 = 00000016
T    2172  0291      str    r1, [sp, #8]        ;  [0x0dffff40] <- 16
T    2174  0028      cmp    r0, #0              ; cpsr = 200001f3
T    2176  0DD0      beq    #0x2194             ; pc = 00002178
T    2178  FFE7      b      #0x217a             ;
T    217A  0198      ldr    r0, [sp, #4]        ;       72b <- [0x0dffff3c]  r0 = 0000072b
T    217C  0399      ldr    r1, [sp, #0xc]      ;   dffffdd <- [0x0dffff44]  r1 = 0dffffdd
T    217E  4A1C      adds   r2, r1, #1          ; r2 = 0dffffde
T    2180  0392      str    r2, [sp, #0xc]      ;  [0x0dffff44] <- dffffde
T    2182  0870      strb   r0, [r1]            ;  [0x0dffffdd] <- 2b
T    2184  0398      ldr    r0, [sp, #0xc]      ;   dffffde <- [0x0dffff44]  r0 = 0dffffde
T    2186  00F00F00  and    r0, r0, #0xf        ; r0 = 0000000e
T    218A  0199      ldr    r1, [sp, #4]        ;       72b <- [0x0dffff3c]  r1 = 0000072b
T    218C  0844      add    r0, r1              ; r0 = 00000739
T    218E  1130      adds   r0, #0x11           ; r0 = 0000074a
T    2190  0190      str    r0, [sp, #4]        ;  [0x0dffff3c] <- 74a
T    2192  ECE7      b      #0x216e             ;
T    216E  0298      ldr    r0, [sp, #8]        ;        16 <- [0x0dffff40]  r0 = 00000016
T    2170  411E      subs   r1, r0, #1          ; r1 = 00000015
T    2172  0291      str    r1, [sp, #8]        ;  [0x0dffff40] <- 15
T    2174  0028      cmp    r0, #0              ; cpsr = 200001f3
T    2176  0DD0      beq    #0x2194             ; pc = 00002178
T    2178  FFE7      b      #0x217a             ;
T    217A  0198      ldr    r0, [sp, #4]        ;       74a <- [0x0dffff3c]  r0 = 0000074a
T    217C  0399      ldr    r1, [sp, #0xc]      ;   dffffde <- [0x0dffff44]  r1 = 0dffffde
T    217E  4A1C      adds   r2, r1, #1          ; r2 = 0dffffdf
T    2180  0392      str    r2, [sp, #0xc]      ;  [0x0dffff44] <- dffffdf
T    2182  0870      strb   r0, [r1]            ;  [0x0dffffde] <- 4a
T    2184  0398      ldr    r0, [sp, #0xc]      ;   dffffdf <- [0x0dffff44]  r0 = 0dffffdf
T    2186  00F00F00  and    r0, r0, #0xf        ; r0 = 0000000f
T    218A  0199      ldr    r1, [sp, #4]        ;       74a <- [0x0dffff3c]  r1 = 0000074a
T    218C  0844      add    r0, r1              ; r0 = 00000759
T    218E  1130      adds   r0, #0x11           ; r0 = 0000076a
T    2190  0190      str    r0, [sp, #4]        ;  [0x0dffff3c] <- 76a
T    2192  ECE7      b      #0x216e             ;
T    216E  0298      ldr    r0, [sp, #8]        ;        15 <- [0x0dffff40]  r0 = 00000015
T    2170  411E      subs   r1, r0, #1          ; r1 = 00000014
T    2172  0291      str    r1, [sp, #8]        ;  [0x0dffff40] <- 14
T    2174  0028      cmp    r0, #0              ; cpsr = 200001f3
T    2176  0DD0      beq    #0x2194             ; pc = 00002178
T    2178  FFE7      b      #0x217a             ;
T    217A  0198      ldr    r0, [sp, #4]        ;       76a <- [0x0dffff3c]  r0 = 0000076a
T    217C  0399      ldr    r1, [sp, #0xc]      ;   dffffdf <- [0x0dffff44]  r1 = 0dffffdf
T    217E  4A1C      adds   r2, r1, #1          ; r2 = 0dffffe0
T    2180  0392      str    r2, [sp, #0xc]      ;  [0x0dffff44] <- dffffe0
T    2182  0870      strb   r0, [r1]            ;  [0x0dffffdf] <- 6a
T    2184  0398      ldr    r0, [sp, #0xc]      ;   dffffe0 <- [0x0dffff44]  r0 = 0dffffe0
T    2186  00F00F00  and    r0, r0, #0xf        ; r0 = 00000000
T    218A  0199      ldr    r1, [sp, #4]        ;       76a <- [0x0dffff3c]  r1 = 0000076a
T    218C  0844      add    r0, r1              ; r0 = 0000076a
T    218E  1130      adds   r0, #0x11           ; r0 = 0000077b
T    2190  0190      str    r0, [sp, #4]        ;  [0x0dffff3c] <- 77b
T    2192  ECE7      b      #0x216e             ;
T    216E  0298      ldr    r0, [sp, #8]        ;        14 <- [0x0dffff40]  r0 = 00000014
T    2170  411E      subs   r1, r0, #1          ; r1 = 00000013
T    2172  0291      str    r1, [sp, #8]        ;  [0x0dffff40] <- 13
T    2174  0028      cmp    r0, #0              ; cpsr = 200001f3
T    2176  0DD0      beq    #0x2194             ; pc = 00002178
T    2178  FFE7      b      #0x217a             ;
T    217A  0198      ldr    r0, [sp, #4]        ;       77b <- [0x0dffff3c]  r0 = 0000077b
T    217C  0399      ldr    r1, [sp, #0xc]      ;   dffffe0 <- [0x0dffff44]  r1 = 0dffffe0
T    217E  4A1C      adds   r2, r1, #1          ; r2 = 0dffffe1
T    2180  0392      str    r2, [sp, #0xc]      ;  [0x0dffff44] <- dffffe1
T    2182  0870      strb   r0, [r1]            ;  [0x0dffffe0] <- 7b
T    2184  0398      ldr    r0, [sp, #0xc]      ;   dffffe1 <- [0x0dffff44]  r0 = 0dffffe1
T    2186  00F00F00  and    r0, r0, #0xf        ; r0 = 00000001
T    218A  0199      ldr    r1, [sp, #4]        ;       77b <- [0x0dffff3c]  r1 = 0000077b
T    218C  0844      add    r0, r1              ; r0 = 0000077c
T    218E  1130      adds   r0, #0x11           ; r0 = 0000078d
T    2190  0190      str    r0, [sp, #4]        ;  [0x0dffff3c] <- 78d
T    2192  ECE7      b      #0x216e             ;
T    216E  0298      ldr    r0, [sp, #8]        ;        13 <- [0x0dffff40]  r0 = 00000013
T    2170  411E      subs   r1, r0, #1          ; r1 = 00000012
T    2172  0291      str    r1, [sp, #8]        ;  [0x0dffff40] <- 12
T    2174  0028      cmp    r0, #0              ; cpsr = 200001f3
T    2176  0DD0      beq    #0x2194             ; pc = 00002178
T    2178  FFE7      b      #0x217a             ;
T    217A  0198      ldr    r0, [sp, #4]        ;       78d <- [0x0dffff3c]  r0 = 0000078d
T    217C  0399      ldr    r1, [sp, #0xc]      ;   dffffe1 <- [0x0dffff44]  r1 = 0dffffe1
T    217E  4A1C      adds   r2, r1, #1          ; r2 = 0dffffe2
T    2180  0392      str    r2, [sp, #0xc]      ;  [0x0dffff44] <- dffffe2
T    2182  0870      strb   r0, [r1]            ;  [0x0dffffe1] <- 8d
T    2184  0398      ldr    r0, [sp, #0xc]      ;   dffffe2 <- [0x0dffff44]  r0 = 0dffffe2
T    2186  00F00F00  and    r0, r0, #0xf        ; r0 = 00000002
T    218A  0199      ldr    r1, [sp, #4]        ;       78d <- [0x0dffff3c]  r1 = 0000078d
T    218C  0844      add    r0, r1              ; r0 = 0000078f
T    218E  1130      adds   r0, #0x11           ; r0 = 000007a0
T    2190  0190      str    r0, [sp, #4]        ;  [0x0dffff3c] <- 7a0
T    2192  ECE7      b      #0x216e             ;
T    216E  0298      ldr    r0, [sp, #8]        ;        12 <- [0x0dffff40]  r0 = 00000012
T    2170  411E      subs   r1, r0, #1          ; r1 = 00000011
T    2172  0291      str    r1, [sp, #8]        ;  [0x0dffff40] <- 11
T    2174  0028      cmp    r0, #0              ; cpsr = 200001f3
T    2176  0DD0      beq    #0x2194             ; pc = 00002178
T    2178  FFE7      b      #0x217a             ;
T    217A  0198      ldr    r0, [sp, #4]        ;       7a0 <- [0x0dffff3c]  r0 = 000007a0
T    217C  0399      ldr    r1, [sp, #0xc]      ;   dffffe2 <- [0x0dffff44]  r1 = 0dffffe2
T    217E  4A1C      adds   r2, r1, #1          ; r2 = 0dffffe3
T    2180  0392      str    r2, [sp, #0xc]      ;  [0x0dffff44] <- dffffe3
T    2182  0870      strb   r0, [r1]            ;  [0x0dffffe2] <- a0
T    2184  0398      ldr    r0, [sp, #0xc]      ;   dffffe3 <- [0x0dffff44]  r0 = 0dffffe3
T    2186  00F00F00  and    r0, r0, #0xf        ; r0 = 00000003
T    218A  0199      ldr    r1, [sp, #4]        ;       7a0 <- [0x0dffff3c]  r1 = 000007a0
T    218C  0844      add    r0, r1              ; r0 = 000007a3
T    218E  1130      adds   r0, #0x11           ; r0 = 000007b4
T    2190  0190      str    r0, [sp, #4]        ;  [0x0dffff3c] <- 7b4
T    2192  ECE7      b      #0x216e             ;
T    216E  0298      ldr    r0, [sp, #8]        ;        11 <- [0x0dffff40]  r0 = 00000011
T    2170  411E      subs   r1, r0, #1          ; r1 = 00000010
T    2172  0291      str    r1, [sp, #8]        ;  [0x0dffff40] <- 10
T    2174  0028      cmp    r0, #0              ; cpsr = 200001f3
T    2176  0DD0      beq    #0x2194             ; pc = 00002178
T    2178  FFE7      b      #0x217a             ;
T    217A  0198      ldr    r0, [sp, #4]        ;       7b4 <- [0x0dffff3c]  r0 = 000007b4
T    217C  0399      ldr    r1, [sp, #0xc]      ;   dffffe3 <- [0x0dffff44]  r1 = 0dffffe3
T    217E  4A1C      adds   r2, r1, #1          ; r2 = 0dffffe4
T    2180  0392      str    r2, [sp, #0xc]      ;  [0x0dffff44] <- dffffe4
T    2182  0870      strb   r0, [r1]            ;  [0x0dffffe3] <- b4
T    2184  0398      ldr    r0, [sp, #0xc]      ;   dffffe4 <- [0x0dffff44]  r0 = 0dffffe4
T    2186  00F00F00  and    r0, r0, #0xf        ; r0 = 00000004
T    218A  0199      ldr    r1, [sp, #4]        ;       7b4 <- [0x0dffff3c]  r1 = 000007b4
T    218C  0844      add    r0, r1              ; r0 = 000007b8
T    218E  1130      adds   r0, #0x11           ; r0 = 000007c9
T    2190  0190      str    r0, [sp, #4]        ;  [0x0dffff3c] <- 7c9
T    2192  ECE7      b      #0x216e             ;
T    216E  0298      ldr    r0, [sp, #8]        ;        10 <- [0x0dffff40]  r0 = 00000010
T    2170  411E      subs   r1, r0, #1          ; r1 = 0000000f
T    2172  0291      str    r1, [sp, #8]        ;  [0x0dffff40] <- f
T    2174  0028      cmp    r0, #0              ; cpsr = 200001f3
T    2176  0DD0      beq    #0x2194             ; pc = 00002178
T    2178  FFE7      b      #0x217a             ;
T    217A  0198      ldr    r0, [sp, #4]        ;       7c9 <- [0x0dffff3c]  r0 = 000007c9
T    217C  0399      ldr    r1, [sp, #0xc]      ;   dffffe4 <- [0x0dffff44]  r1 = 0dffffe4
T    217E  4A1C      adds   r2, r1, #1          ; r2 = 0dffffe5
T    2180  0392      str    r2, [sp, #0xc]      ;  [0x0dffff44] <- dffffe5
T    2182  0870      strb   r0, [r1]            ;  [0x0dffffe4] <- c9
T    2184  0398      ldr    r0, [sp, #0xc]      ;   dffffe5 <- [0x0dffff44]  r0 = 0dffffe5
T    2186  00F00F00  and    r0, r0, #0xf        ; r0 = 00000005
T    218A  0199      ldr    r1, [sp, #4]        ;       7c9 <- [0x0dffff3c]  r1 = 000007c9
T    218C  0844      add    r0, r1              ; r0 = 000007ce
T    218E  1130      adds   r0, #0x11           ; r0 = 000007df
T    2190  0190      str    r0, [sp, #4]        ;  [0x0dffff3c] <- 7df
T    2192  ECE7      b      #0x216e             ;
T    216E  0298      ldr    r0, [sp, #8]        ;         f <- [0x0dffff40]  r0 = 0000000f
T    2170  411E      subs   r1, r0, #1          ; r1 = 0000000e
T    2172  0291      str    r1, [sp, #8]        ;  [0x0dffff40] <- e
T    2174  0028      cmp    r0, #0              ; cpsr = 200001f3
T    2176  0DD0      beq    #0x2194             ; pc = 00002178
T    2178  FFE7      b      #0x217a             ;
T    217A  0198      ldr    r0, [sp, #4]        ;       7df <- [0x0dffff3c]  r0 = 000007df
T    217C  0399      ldr    r1, [sp, #0xc]      ;   dffffe5 <- [0x0dffff44]  r1 = 0dffffe5
T    217E  4A1C      adds   r2, r1, #1          ; r2 = 0dffffe6
T    2180  0392      str    r2, [sp, #0xc]      ;  [0x0dffff44] <- dffffe6
T    2182  0870      strb   r0, [r1]            ;  [0x0dffffe5] <- df
T    2184  0398      ldr    r0, [sp, #0xc]      ;   dffffe6 <- [0x0dffff44]  r0 = 0dffffe6
T    2186  00F00F00  and    r0, r0, #0xf        ; r0 = 00000006
T    218A  0199      ldr    r1, [sp, #4]        ;       7df <- [0x0dffff3c]  r1 = 000007df
T    218C  0844      add    r0, r1              ; r0 = 000007e5
T    218E  1130      adds   r0, #0x11           ; r0 = 000007f6
T    2190  0190      str    r0, [sp, #4]        ;  [0x0dffff3c] <- 7f6
T    2192  ECE7      b      #0x216e             ;
T    216E  0298      ldr    r0, [sp, #8]        ;         e <- [0x0dffff40]  r0 = 0000000e
T    2170  411E      subs   r1, r0, #1          ; r1 = 0000000d
T    2172  0291      str    r1, [sp, #8]        ;  [0x0dffff40] <- d
T    2174  0028      cmp    r0, #0              ; cpsr = 200001f3
T    2176  0DD0      beq    #0x2194             ; pc = 00002178
T    2178  FFE7      b      #0x217a             ;
T    217A  0198      ldr    r0, [sp, #4]        ;       7f6 <- [0x0dffff3c]  r0 = 000007f6
T    217C  0399      ldr    r1, [sp, #0xc]      ;   dffffe6 <- [0x0dffff44]  r1 = 0dffffe6
T    217E  4A1C      adds   r2, r1, #1          ; r2 = 0dffffe7
T    2180  0392      str    r2, [sp, #0xc]      ;  [0x0dffff44] <- dffffe7
T    2182  0870      strb   r0, [r1]            ;  [0x0dffffe6] <- f6
T    2184  0398      ldr    r0, [sp, #0xc]      ;   dffffe7 <- [0x0dffff44]  r0 = 0dffffe7
T    2186  00F00F00  and    r0, r0, #0xf        ; r0 = 00000007
T    218A  0199      ldr    r1, [sp, #4]        ;       7f6 <- [0x0dffff3c]  r1 = 000007f6
T    218C  0844      add    r0, r1              ; r0 = 000007fd
T    218E  1130      adds   r0, #0x11           ; r0 = 0000080e
T    2190  0190      str    r0, [sp, #4]        ;  [0x0dffff3c] <- 80e
T    2192  ECE7      b      #0x216e             ;
T    216E  0298      ldr    r0, [sp, #8]        ;         d <- [0x0dffff40]  r0 = 0000000d
T    2170  411E      subs   r1, r0, #1          ; r1 = 0000000c
T    2172  0291      str    r1, [sp, #8]        ;  [0x0dffff40] <- c
T    2174  0028      cmp    r0, #0              ; cpsr = 200001f3
T    2176  0DD0      beq    #0x2194             ; pc = 00002178
T    2178  FFE7      b      #0x217a             ;
T    217A  0198      ldr    r0, [sp, #4]        ;       80e <- [0x0dffff3c]  r0 = 0000080e
T    217C  0399      ldr    r1, [sp, #0xc]      ;   dffffe7 <- [0x0dffff44]  r1 = 0dffffe7
T    217E  4A1C      adds   r2, r1, #1          ; r2 = 0dffffe8
T    2180  0392      str    r2, [sp, #0xc]      ;  [0x0dffff44] <- dffffe8
T    2182  0870      strb   r0, [r1]            ;  [0x0dffffe7] <- e
T    2184  0398      ldr    r0, [sp, #0xc]      ;   dffffe8 <- [0x0dffff44]  r0 = 0dffffe8
T    2186  00F00F00  and    r0, r0, #0xf        ; r0 = 00000008
T    218A  0199      ldr    r1, [sp, #4]        ;       80e <- [0x0dffff3c]  r1 = 0000080e
T    218C  0844      add    r0, r1              ; r0 = 00000816
T    218E  1130      adds   r0, #0x11           ; r0 = 00000827
T    2190  0190      str    r0, [sp, #4]        ;  [0x0dffff3c] <- 827
T    2192  ECE7      b      #0x216e             ;
T    216E  0298      ldr    r0, [sp, #8]        ;         c <- [0x0dffff40]  r0 = 0000000c
T    2170  411E      subs   r1, r0, #1          ; r1 = 0000000b
T    2172  0291      str    r1, [sp, #8]        ;  [0x0dffff40] <- b
T    2174  0028      cmp    r0, #0              ; cpsr = 200001f3
T    2176  0DD0      beq    #0x2194             ; pc = 00002178
T    2178  FFE7      b      #0x217a             ;
T    217A  0198      ldr    r0, [sp, #4]        ;       827 <- [0x0dffff3c]  r0 = 00000827
T    217C  0399      ldr    r1, [sp, #0xc]      ;   dffffe8 <- [0x0dffff44]  r1 = 0dffffe8
T    217E  4A1C      adds   r2, r1, #1          ; r2 = 0dffffe9
T    2180  0392      str    r2, [sp, #0xc]      ;  [0x0dffff44] <- dffffe9
T    2182  0870      strb   r0, [r1]            ;  [0x0dffffe8] <- 27
T    2184  0398      ldr    r0, [sp, #0xc]      ;   dffffe9 <- [0x0dffff44]  r0 = 0dffffe9
T    2186  00F00F00  and    r0, r0, #0xf        ; r0 = 00000009
T    218A  0199      ldr    r1, [sp, #4]        ;       827 <- [0x0dffff3c]  r1 = 00000827
T    218C  0844      add    r0, r1              ; r0 = 00000830
T    218E  1130      adds   r0, #0x11           ; r0 = 00000841
T    2190  0190      str    r0, [sp, #4]        ;  [0x0dffff3c] <- 841
T    2192  ECE7      b      #0x216e             ;
T    216E  0298      ldr    r0, [sp, #8]        ;         b <- [0x0dffff40]  r0 = 0000000b
T    2170  411E      subs   r1, r0, #1          ; r1 = 0000000a
T    2172  0291      str    r1, [sp, #8]        ;  [0x0dffff40] <- a
T    2174  0028      cmp    r0, #0              ; cpsr = 200001f3
T    2176  0DD0      beq    #0x2194             ; pc = 00002178
T    2178  FFE7      b      #0x217a             ;
T    217A  0198      ldr    r0, [sp, #4]        ;       841 <- [0x0dffff3c]  r0 = 00000841
T    217C  0399      ldr    r1, [sp, #0xc]      ;   dffffe9 <- [0x0dffff44]  r1 = 0dffffe9
T    217E  4A1C      adds   r2, r1, #1          ; r2 = 0dffffea
T    2180  0392      str    r2, [sp, #0xc]      ;  [0x0dffff44] <- dffffea
T    2182  0870      strb   r0, [r1]            ;  [0x0dffffe9] <- 41
T    2184  0398      ldr    r0, [sp, #0xc]      ;   dffffea <- [0x0dffff44]  r0 = 0dffffea
T    2186  00F00F00  and    r0, r0, #0xf        ; r0 = 0000000a
T    218A  0199      ldr    r1, [sp, #4]        ;       841 <- [0x0dffff3c]  r1 = 00000841
T    218C  0844      add    r0, r1              ; r0 = 0000084b
T    218E  1130      adds   r0, #0x11           ; r0 = 0000085c
T    2190  0190      str    r0, [sp, #4]        ;  [0x0dffff3c] <- 85c
T    2192  ECE7      b      #0x216e             ;
T    216E  0298      ldr    r0, [sp, #8]        ;         a <- [0x0dffff40]  r0 = 0000000a
T    2170  411E      subs   r1, r0, #1          ; r1 = 00000009
T    2172  0291      str    r1, [sp, #8]        ;  [0x0dffff40] <- 9
T    2174  0028      cmp    r0, #0              ; cpsr = 200001f3
T    2176  0DD0      beq    #0x2194             ; pc = 00002178
T    2178  FFE7      b      #0x217a             ;
T    217A  0198      ldr    r0, [sp, #4]        ;       85c <- [0x0dffff3c]  r0 = 0000085c
T    217C  0399      ldr    r1, [sp, #0xc]      ;   dffffea <- [0x0dffff44]  r1 = 0dffffea
T    217E  4A1C      adds   r2, r1, #1          ; r2 = 0dffffeb
T    2180  0392      str    r2, [sp, #0xc]      ;  [0x0dffff44] <- dffffeb
T    2182  0870      strb   r0, [r1]            ;  [0x0dffffea] <- 5c
T    2184  0398      ldr    r0, [sp, #0xc]      ;   dffffeb <- [0x0dffff44]  r0 = 0dffffeb
T    2186  00F00F00  and    r0, r0, #0xf        ; r0 = 0000000b
T    218A  0199      ldr    r1, [sp, #4]        ;       85c <- [0x0dffff3c]  r1 = 0000085c
T    218C  0844      add    r0, r1              ; r0 = 00000867
T    218E  1130      adds   r0, #0x11           ; r0 = 00000878
T    2190  0190      str    r0, [sp, #4]        ;  [0x0dffff3c] <- 878
T    2192  ECE7      b      #0x216e             ;
T    216E  0298      ldr    r0, [sp, #8]        ;         9 <- [0x0dffff40]  r0 = 00000009
T    2170  411E      subs   r1, r0, #1          ; r1 = 00000008
T    2172  0291      str    r1, [sp, #8]        ;  [0x0dffff40] <- 8
T    2174  0028      cmp    r0, #0              ; cpsr = 200001f3
T    2176  0DD0      beq    #0x2194             ; pc = 00002178
T    2178  FFE7      b      #0x217a             ;
T    217A  0198      ldr    r0, [sp, #4]        ;       878 <- [0x0dffff3c]  r0 = 00000878
T    217C  0399      ldr    r1, [sp, #0xc]      ;   dffffeb <- [0x0dffff44]  r1 = 0dffffeb
T    217E  4A1C      adds   r2, r1, #1          ; r2 = 0dffffec
T    2180  0392      str    r2, [sp, #0xc]      ;  [0x0dffff44] <- dffffec
T    2182  0870      strb   r0, [r1]            ;  [0x0dffffeb] <- 78
T    2184  0398      ldr    r0, [sp, #0xc]      ;   dffffec <- [0x0dffff44]  r0 = 0dffffec
T    2186  00F00F00  and    r0, r0, #0xf        ; r0 = 0000000c
T    218A  0199      ldr    r1, [sp, #4]        ;       878 <- [0x0dffff3c]  r1 = 00000878
T    218C  0844      add    r0, r1              ; r0 = 00000884
T    218E  1130      adds   r0, #0x11           ; r0 = 00000895
T    2190  0190      str    r0, [sp, #4]        ;  [0x0dffff3c] <- 895
T    2192  ECE7      b      #0x216e             ;
T    216E  0298      ldr    r0, [sp, #8]        ;         8 <- [0x0dffff40]  r0 = 00000008
T    2170  411E      subs   r1, r0, #1          ; r1 = 00000007
T    2172  0291      str    r1, [sp, #8]        ;  [0x0dffff40] <- 7
T    2174  0028      cmp    r0, #0              ; cpsr = 200001f3
T    2176  0DD0      beq    #0x2194             ; pc = 00002178
T    2178  FFE7      b      #0x217a             ;
T    217A  0198      ldr    r0, [sp, #4]        ;       895 <- [0x0dffff3c]  r0 = 00000895
T    217C  0399      ldr    r1, [sp, #0xc]      ;   dffffec <- [0x0dffff44]  r1 = 0dffffec
T    217E  4A1C      adds   r2, r1, #1          ; r2 = 0dffffed
T    2180  0392      str    r2, [sp, #0xc]      ;  [0x0dffff44] <- dffffed
T    2182  0870      strb   r0, [r1]            ;  [0x0dffffec] <- 95
T    2184  0398      ldr    r0, [sp, #0xc]      ;   dffffed <- [0x0dffff44]  r0 = 0dffffed
T    2186  00F00F00  and    r0, r0, #0xf        ; r0 = 0000000d
T    218A  0199      ldr    r1, [sp, #4]        ;       895 <- [0x0dffff3c]  r1 = 00000895
T    218C  0844      add    r0, r1              ; r0 = 000008a2
T    218E  1130      adds   r0, #0x11           ; r0 = 000008b3
T    2190  0190      str    r0, [sp, #4]        ;  [0x0dffff3c] <- 8b3
T    2192  ECE7      b      #0x216e             ;
T    216E  0298      ldr    r0, [sp, #8]        ;         7 <- [0x0dffff40]  r0 = 00000007
T    2170  411E      subs   r1, r0, #1          ; r1 = 00000006
T    2172  0291      str    r1, [sp, #8]        ;  [0x0dffff40] <- 6
T    2174  0028      cmp    r0, #0              ; cpsr = 200001f3
T    2176  0DD0      beq    #0x2194             ; pc = 00002178
T    2178  FFE7      b      #0x217a             ;
T    217A  0198      ldr    r0, [sp, #4]        ;       8b3 <- [0x0dffff3c]  r0 = 000008b3
T    217C  0399      ldr    r1, [sp, #0xc]      ;   dffffed <- [0x0dffff44]  r1 = 0dffffed
T    217E  4A1C      adds   r2, r1, #1          ; r2 = 0dffffee
T    2180  0392      str    r2, [sp, #0xc]      ;  [0x0dffff44] <- dffffee
T    2182  0870      strb   r0, [r1]            ;  [0x0dffffed] <- b3
T    2184  0398      ldr    r0, [sp, #0xc]      ;   dffffee <- [0x0dffff44]  r0 = 0dffffee
T    2186  00F00F00  and    r0, r0, #0xf        ; r0 = 0000000e
T    218A  0199      ldr    r1, [sp, #4]        ;       8b3 <- [0x0dffff3c]  r1 = 000008b3
T    218C  0844      add    r0, r1              ; r0 = 000008c1
T    218E  1130      adds   r0, #0x11           ; r0 = 000008d2
T    2190  0190      str    r0, [sp, #4]        ;  [0x0dffff3c] <- 8d2
T    2192  ECE7      b      #0x216e             ;
T    216E  0298      ldr    r0, [sp, #8]        ;         6 <- [0x0dffff40]  r0 = 00000006
T    2170  411E      subs   r1, r0, #1          ; r1 = 00000005
T    2172  0291      str    r1, [sp, #8]        ;  [0x0dffff40] <- 5
T    2174  0028      cmp    r0, #0              ; cpsr = 200001f3
T    2176  0DD0      beq    #0x2194             ; pc = 00002178
T    2178  FFE7      b      #0x217a             ;
T    217A  0198      ldr    r0, [sp, #4]        ;       8d2 <- [0x0dffff3c]  r0 = 000008d2
T    217C  0399      ldr    r1, [sp, #0xc]      ;   dffffee <- [0x0dffff44]  r1 = 0dffffee
T    217E  4A1C      adds   r2, r1, #1          ; r2 = 0dffffef
T    2180  0392      str    r2, [sp, #0xc]      ;  [0x0dffff44] <- dffffef
T    2182  0870      strb   r0, [r1]            ;  [0x0dffffee] <- d2
T    2184  0398      ldr    r0, [sp, #0xc]      ;   dffffef <- [0x0dffff44]  r0 = 0dffffef
T    2186  00F00F00  and    r0, r0, #0xf        ; r0 = 0000000f
T    218A  0199      ldr    r1, [sp, #4]        ;       8d2 <- [0x0dffff3c]  r1 = 000008d2
T    218C  0844      add    r0, r1              ; r0 = 000008e1
T    218E  1130      adds   r0, #0x11           ; r0 = 000008f2
T    2190  0190      str    r0, [sp, #4]        ;  [0x0dffff3c] <- 8f2
T    2192  ECE7      b      #0x216e             ;
T    216E  0298      ldr    r0, [sp, #8]        ;         5 <- [0x0dffff40]  r0 = 00000005
T    2170  411E      subs   r1, r0, #1          ; r1 = 00000004
T    2172  0291      str    r1, [sp, #8]        ;  [0x0dffff40] <- 4
T    2174  0028      cmp    r0, #0              ; cpsr = 200001f3
T    2176  0DD0      beq    #0x2194             ; pc = 00002178
T    2178  FFE7      b      #0x217a             ;
T    217A  0198      ldr    r0, [sp, #4]        ;       8f2 <- [0x0dffff3c]  r0 = 000008f2
T    217C  0399      ldr    r1, [sp, #0xc]      ;   dffffef <- [0x0dffff44]  r1 = 0dffffef
T    217E  4A1C      adds   r2, r1, #1          ; r2 = 0dfffff0
T    2180  0392      str    r2, [sp, #0xc]      ;  [0x0dffff44] <- dfffff0
T    2182  0870      strb   r0, [r1]            ;  [0x0dffffef] <- f2
T    2184  0398      ldr    r0, [sp, #0xc]      ;   dfffff0 <- [0x0dffff44]  r0 = 0dfffff0
T    2186  00F00F00  and    r0, r0, #0xf        ; r0 = 00000000
T    218A  0199      ldr    r1, [sp, #4]        ;       8f2 <- [0x0dffff3c]  r1 = 000008f2
T    218C  0844      add    r0, r1              ; r0 = 000008f2
T    218E  1130      adds   r0, #0x11           ; r0 = 00000903
T    2190  0190      str    r0, [sp, #4]        ;  [0x0dffff3c] <- 903
T    2192  ECE7      b      #0x216e             ;
T    216E  0298      ldr    r0, [sp, #8]        ;         4 <- [0x0dffff40]  r0 = 00000004
T    2170  411E      subs   r1, r0, #1          ; r1 = 00000003
T    2172  0291      str    r1, [sp, #8]        ;  [0x0dffff40] <- 3
T    2174  0028      cmp    r0, #0              ; cpsr = 200001f3
T    2176  0DD0      beq    #0x2194             ; pc = 00002178
T    2178  FFE7      b      #0x217a             ;
T    217A  0198      ldr    r0, [sp, #4]        ;       903 <- [0x0dffff3c]  r0 = 00000903
T    217C  0399      ldr    r1, [sp, #0xc]      ;   dfffff0 <- [0x0dffff44]  r1 = 0dfffff0
T    217E  4A1C      adds   r2, r1, #1          ; r2 = 0dfffff1
T    2180  0392      str    r2, [sp, #0xc]      ;  [0x0dffff44] <- dfffff1
T    2182  0870      strb   r0, [r1]            ;  [0x0dfffff0] <- 3
T    2184  0398      ldr    r0, [sp, #0xc]      ;   dfffff1 <- [0x0dffff44]  r0 = 0dfffff1
T    2186  00F00F00  and    r0, r0, #0xf        ; r0 = 00000001
T    218A  0199      ldr    r1, [sp, #4]        ;       903 <- [0x0dffff3c]  r1 = 00000903
T    218C  0844      add    r0, r1              ; r0 = 00000904
T    218E  1130      adds   r0, #0x11           ; r0 = 00000915
T    2190  0190      str    r0, [sp, #4]        ;  [0x0dffff3c] <- 915
T    2192  ECE7      b      #0x216e             ;
T    216E  0298      ldr    r0, [sp, #8]        ;         3 <- [0x0dffff40]  r0 = 00000003
T    2170  411E      subs   r1, r0, #1          ; r1 = 00000002
T    2172  0291      str    r1, [sp, #8]        ;  [0x0dffff40] <- 2
T    2174  0028      cmp    r0, #0              ; cpsr = 200001f3
T    2176  0DD0      beq    #0x2194             ; pc = 00002178
T    2178  FFE7      b      #0x217a             ;
T    217A  0198      ldr    r0, [sp, #4]        ;       915 <- [0x0dffff3c]  r0 = 00000915
T    217C  0399      ldr    r1, [sp, #0xc]      ;   dfffff1 <- [0x0dffff44]  r1 = 0dfffff1
T    217E  4A1C      adds   r2, r1, #1          ; r2 = 0dfffff2
T    2180  0392      str    r2, [sp, #0xc]      ;  [0x0dffff44] <- dfffff2
T    2182  0870      strb   r0, [r1]            ;  [0x0dfffff1] <- 15
T    2184  0398      ldr    r0, [sp, #0xc]      ;   dfffff2 <- [0x0dffff44]  r0 = 0dfffff2
T    2186  00F00F00  and    r0, r0, #0xf        ; r0 = 00000002
T    218A  0199      ldr    r1, [sp, #4]        ;       915 <- [0x0dffff3c]  r1 = 00000915
T    218C  0844      add    r0, r1              ; r0 = 00000917
T    218E  1130      adds   r0, #0x11           ; r0 = 00000928
T    2190  0190      str    r0, [sp, #4]        ;  [0x0dffff3c] <- 928
T    2192  ECE7      b      #0x216e             ;
T    216E  0298      ldr    r0, [sp, #8]        ;         2 <- [0x0dffff40]  r0 = 00000002
T    2170  411E      subs   r1, r0, #1          ; r1 = 00000001
T    2172  0291      str    r1, [sp, #8]        ;  [0x0dffff40] <- 1
T    2174  0028      cmp    r0, #0              ; cpsr = 200001f3
T    2176  0DD0      beq    #0x2194             ; pc = 00002178
T    2178  FFE7      b      #0x217a             ;
T    217A  0198      ldr    r0, [sp, #4]        ;       928 <- [0x0dffff3c]  r0 = 00000928
T    217C  0399      ldr    r1, [sp, #0xc]      ;   dfffff2 <- [0x0dffff44]  r1 = 0dfffff2
T    217E  4A1C      adds   r2, r1, #1          ; r2 = 0dfffff3
T    2180  0392      str    r2, [sp, #0xc]      ;  [0x0dffff44] <- dfffff3
T    2182  0870      strb   r0, [r1]            ;  [0x0dfffff2] <- 28
T    2184  0398      ldr    r0, [sp, #0xc]      ;   dfffff3 <- [0x0dffff44]  r0 = 0dfffff3
T    2186  00F00F00  and    r0, r0, #0xf        ; r0 = 00000003
T    218A  0199      ldr    r1, [sp, #4]        ;       928 <- [0x0dffff3c]  r1 = 00000928
T    218C  0844      add    r0, r1              ; r0 = 0000092b
T    218E  1130      adds   r0, #0x11           ; r0 = 0000093c
T    2190  0190      str    r0, [sp, #4]        ;  [0x0dffff3c] <- 93c
T    2192  ECE7      b      #0x216e             ;
T    216E  0298      ldr    r0, [sp, #8]        ;         1 <- [0x0dffff40]  r0 = 00000001
T    2170  411E      subs   r1, r0, #1          ; r1 = 00000000
T    2172  0291      str    r1, [sp, #8]        ;  [0x0dffff40] <- 0
T    2174  0028      cmp    r0, #0              ; cpsr = 200001f3
T    2176  0DD0      beq    #0x2194             ; pc = 00002178
T    2178  FFE7      b      #0x217a             ;
T    217A  0198      ldr    r0, [sp, #4]        ;       93c <- [0x0dffff3c]  r0 = 0000093c
T    217C  0399      ldr    r1, [sp, #0xc]      ;   dfffff3 <- [0x0dffff44]  r1 = 0dfffff3
T    217E  4A1C      adds   r2, r1, #1          ; r2 = 0dfffff4
T    2180  0392      str    r2, [sp, #0xc]      ;  [0x0dffff44] <- dfffff4
T    2182  0870      strb   r0, [r1]            ;  [0x0dfffff3] <- 3c
T    2184  0398      ldr    r0, [sp, #0xc]      ;   dfffff4 <- [0x0dffff44]  r0 = 0dfffff4
T    2186  00F00F00  and    r0, r0, #0xf        ; r0 = 00000004
T    218A  0199      ldr    r1, [sp, #4]        ;       93c <- [0x0dffff3c]  r1 = 0000093c
T    218C  0844      add    r0, r1              ; r0 = 00000940
T    218E  1130      adds   r0, #0x11           ; r0 = 00000951
T    2190  0190      str    r0, [sp, #4]        ;  [0x0dffff3c] <- 951
T    2192  ECE7      b      #0x216e             ;
T    216E  0298      ldr    r0, [sp, #8]        ;         0 <- [0x0dffff40]  r0 = 00000000
T    2170  411E      subs   r1, r0, #1          ; r1 = ffffffff
T    2172  0291      str    r1, [sp, #8]        ;  [0x0dffff40] <- ffffffff
T    2174  0028      cmp    r0, #0              ; cpsr = 600001f3
T    2176  0DD0      beq    #0x2194             ; pc = 00002194
T    2194  0598      ldr    r0, [sp, #0x14]     ;   dffff98 <- [0x0dffff4c]  r0 = 0dffff98
T    2196  9DF80410  ldrb.w r1, [sp, #4]        ;        51 <- [0x0dffff3c]  r1 = 00000051
T    219A  049A      ldr    r2, [sp, #0x10]     ;        5c <- [0x0dffff48]  r2 = 0000005c
T    219C  0990      str    r0, [sp, #0x24]     ;  [0x0dffff5c] <- dffff98
T    219E  4FF0FF30  mov.w  r0, #-1             ; r0 = ffffffff
T    21A2  0890      str    r0, [sp, #0x20]     ;  [0x0dffff58] <- ffffffff
T    21A4  0791      str    r1, [sp, #0x1c]     ;  [0x0dffff54] <- 51
T    21A6  0692      str    r2, [sp, #0x18]     ;  [0x0dffff50] <- 5c
T    21A8  0998      ldr    r0, [sp, #0x24]     ;   dffff98 <- [0x0dffff5c]  r0 = 0dffff98
T    21AA  0899      ldr    r1, [sp, #0x20]     ;  ffffffff <- [0x0dffff58]  r1 = ffffffff
T    21AC  079A      ldr    r2, [sp, #0x1c]     ;        51 <- [0x0dffff54]  r2 = 00000051
T    21AE  069B      ldr    r3, [sp, #0x18]     ;        5c <- [0x0dffff50]  r3 = 0000005c
T    21B0  0D90      str    r0, [sp, #0x34]     ;  [0x0dffff6c] <- dffff98
T    21B2  0C91      str    r1, [sp, #0x30]     ;  [0x0dffff68] <- ffffffff
T    21B4  0B92      str    r2, [sp, #0x2c]     ;  [0x0dffff64] <- 51
T    21B6  0A93      str    r3, [sp, #0x28]     ;  [0x0dffff60] <- 5c
T    21B8  0D98      ldr    r0, [sp, #0x34]     ;   dffff98 <- [0x0dffff6c]  r0 = 0dffff98
T    21BA  0B99      ldr    r1, [sp, #0x2c]     ;        51 <- [0x0dffff64]  r1 = 00000051
T    21BC  0A9A      ldr    r2, [sp, #0x28]     ;        5c <- [0x0dffff60]  r2 = 0000005c
T    21BE  FEF770EC  blx    #0xaa0              ; lr = 000021c3  pc = 00000aa0
A     AA0  00C68FE2  add    ip, pc, #0, #12     ; ip = 00000aa8
A     AA4  05CA8CE2  add    ip, ip, #0x5000     ; ip = 00005aa8
A     AA8  0CF5BCE5  ldr    pc, [ip, #0x50c]!   ;      5fb4 <- [0x00005fb4]
 memchr(...) @ 0x5fb4  pc = 000021c2  ip = 00005fb4
T    21C2  0390      str    r0, [sp, #0xc]      ;  [0x0dffff44] <- dffff98
T    21C4  0398      ldr    r0, [sp, #0xc]      ;   dffff98 <- [0x0dffff44]  r0 = 0dffff98
T    21C6  0028      cmp    r0, #0              ; cpsr = 200001f3
T    21C8  06D0      beq    #0x21d8             ; pc = 000021ca
T    21CA  FFE7      b      #0x21cc             ;
T    21CC  0398      ldr    r0, [sp, #0xc]      ;   dffff98 <- [0x0dffff44]  r0 = 0dffff98
T    21CE  0199      ldr    r1, [sp, #4]        ;       951 <- [0x0dffff3c]  r1 = 00000951
T    21D0  0844      add    r0, r1              ; r0 = 0e0008e9
T    21D2  3F30      adds   r0, #0x3f           ; r0 = 0e000928
T    21D4  0190      str    r0, [sp, #4]        ;  [0x0dffff3c] <- e000928
T    21D6  FFE7      b      #0x21d8             ;
T    21D8  0198      ldr    r0, [sp, #4]        ;   e000928 <- [0x0dffff3c]  r0 = 0e000928
T    21DA  0449      ldr    r1, [pc, #0x10]     ;      3d94 <- [0x000021ec]  r1 = 00003d94
T    21DC  7944      add    r1, pc              ; r1 = 00005f74
T    21DE  0968      ldr    r1, [r1]            ;         0 <- [0x00005f74]  r1 = 00000000
T    21E0  0870      strb   r0, [r1]            ;  [0x00000000] <- 28
T    21E2  0EB0      add    sp, #0x38           ; sp = 0dffff70
T    21E4  80BD      pop    {r7, pc}            ;   dfffff8 <- [0x0dffff70]       224d <- [0x0dffff74]  sp = 0dffff78  r7 = 0dfffff8  pc = 0000224c
T    224C  0498      ldr    r0, [sp, #0x10]     ;   b000200 <- [0x0dffff88]  r0 = 0b000200
T    224E  0790      str    r0, [sp, #0x1c]     ;  [0x0dffff94] <- b000200
T    2250  FFE7      b      #0x2252             ;
T    2252  0798      ldr    r0, [sp, #0x1c]     ;   b000200 <- [0x0dffff94]  r0 = 0b000200
T    2254  0849      ldr    r1, [pc, #0x20]     ;      3d16 <- [0x00002278]  r1 = 00003d16
T    2256  7944      add    r1, pc              ; r1 = 00005f70
T    2258  0968      ldr    r1, [r1]            ;         0 <- [0x00005f70]  r1 = 00000000
T    225A  0968      ldr    r1, [r1]            ;  464c4528 <- [0x00000000]  r1 = 464c4528
T    225C  1F9A      ldr    r2, [sp, #0x7c]     ;  464c457f <- [0x0dfffff4]  r2 = 464c457f
T    225E  9142      cmp    r1, r2              ; cpsr = 800001f3
T    2260  0090      str    r0, [sp]            ;  [0x0dffff78] <- b000200
T    2262  03D1      bne    #0x226c             ;b'351e07728ece5c08c65c057b5ceef049'

Process finished with exit code 0
