C:\ProgramData\Anaconda3\python.exe C:/Users/Lenovo/PycharmProjects/uTracer/example/base_aes.py

 _Z4testPcS_S_[test(char*, char*, char*)](...) @ 0x8f28
T    8F28  80B5      push   {r7, lr}            ;  [0x0dfffff8] <- 0    [0x0dfffffc] <- 0   sp = 0dfffff8
T    8F2A  6F46      mov    r7, sp              ; r7 = 0dfffff8
T    8F2C  92B0      sub    sp, #0x48           ; sp = 0dffffb0
T    8F2E  0790      str    r0, [sp, #0x1c]     ;  [0x0dffffcc] <- b000100
T    8F30  0691      str    r1, [sp, #0x18]     ;  [0x0dffffc8] <- b000200
T    8F32  0592      str    r2, [sp, #0x14]     ;  [0x0dffffc4] <- b000300
T    8F34  0798      ldr    r0, [sp, #0x1c]     ;   b000100 <- [0x0dffffcc]  r0 = 0b000100
T    8F36  0A90      str    r0, [sp, #0x28]     ;  [0x0dffffd8] <- b000100
T    8F38  4FF0FF30  mov.w  r0, #-1             ; r0 = ffffffff
T    8F3C  0990      str    r0, [sp, #0x24]     ;  [0x0dffffd4] <- ffffffff
T    8F3E  0998      ldr    r0, [sp, #0x24]     ;  ffffffff <- [0x0dffffd4]  r0 = ffffffff
T    8F40  0890      str    r0, [sp, #0x20]     ;  [0x0dffffd0] <- ffffffff
T    8F42  0898      ldr    r0, [sp, #0x20]     ;  ffffffff <- [0x0dffffd0]  r0 = ffffffff
T    8F44  0130      adds   r0, #1              ; r0 = 00000000
T    8F46  0028      cmp    r0, #0              ; cpsr = 600001f3
T    8F48  06D0      beq    #0x8f58             ; pc = 00008f58
T    8F58  0A98      ldr    r0, [sp, #0x28]     ;   b000100 <- [0x0dffffd8]  r0 = 0b000100
T    8F5A  FFF706ED  blx    #0x8968             ; lr = 00008f5f  pc = 00008968
A    8968  00C68FE2  add    ip, pc, #0, #12     ; ip = 00008970
A    896C  16CA8CE2  add    ip, ip, #0x16000    ; ip = 0001e970
A    8970  BCF4BCE5  ldr    pc, [ip, #0x4bc]!   ;     1ee2c <- [0x0001ee2c]
 strlen(...) @ 0x1ee2c 0xb000100
5
 pc = 00008f5e  ip = 0001ee2c
T    8F5E  0B90      str    r0, [sp, #0x2c]     ;  [0x0dffffdc] <- 5
T    8F60  FFE7      b      #0x8f62             ;
T    8F62  0B98      ldr    r0, [sp, #0x2c]     ;         5 <- [0x0dffffdc]  r0 = 00000005
T    8F64  0490      str    r0, [sp, #0x10]     ;  [0x0dffffc0] <- 5
T    8F66  0498      ldr    r0, [sp, #0x10]     ;         5 <- [0x0dffffc0]  r0 = 00000005
T    8F68  FFF704ED  blx    #0x8974             ; lr = 00008f6d  pc = 00008974
A    8974  00C68FE2  add    ip, pc, #0, #12     ; ip = 0000897c
A    8978  16CA8CE2  add    ip, ip, #0x16000    ; ip = 0001e97c
A    897C  B4F4BCE5  ldr    pc, [ip, #0x4b4]!   ;     1ee30 <- [0x0001ee30]
 malloc(...) @ 0x1ee30 0xc100000
 pc = 00008f6c  ip = 0001ee30
T    8F6C  0390      str    r0, [sp, #0xc]      ;  [0x0dffffbc] <- c100000
T    8F6E  0398      ldr    r0, [sp, #0xc]      ;   c100000 <- [0x0dffffbc]  r0 = 0c100000  debug r0 = malloc 的地址
T    8F70  0499      ldr    r1, [sp, #0x10]     ;         5 <- [0x0dffffc0]  r1 = 00000005  debug r1 = 5
T    8F72  1090      str    r0, [sp, #0x40]     ;  [0x0dfffff0] <- c100000 debug 把这个地址存放到栈里
T    8F74  4FF0FF30  mov.w  r0, #-1             ; r0 = ffffffff
T    8F78  0F90      str    r0, [sp, #0x3c]     ;  [0x0dffffec] <- ffffffff
T    8F7A  0020      movs   r0, #0              ; r0 = 00000000
T    8F7C  0E90      str    r0, [sp, #0x38]     ;  [0x0dffffe8] <- 0
T    8F7E  0D91      str    r1, [sp, #0x34]     ;  [0x0dffffe4] <- 5
T    8F80  0F98      ldr    r0, [sp, #0x3c]     ;  ffffffff <- [0x0dffffec]  r0 = ffffffff
T    8F82  0C90      str    r0, [sp, #0x30]     ;  [0x0dffffe0] <- ffffffff
T    8F84  0C98      ldr    r0, [sp, #0x30]     ;  ffffffff <- [0x0dffffe0]  r0 = ffffffff
T    8F86  0130      adds   r0, #1              ; r0 = 00000000
T    8F88  0028      cmp    r0, #0              ; cpsr = 600001f3
T    8F8A  08D0      beq    #0x8f9e             ; pc = 00008f9e
T    8F9E  1098      ldr    r0, [sp, #0x40]     ;   c100000 <- [0x0dfffff0]  r0 = 0c100000
T    8FA0  9DF83820  ldrb.w r2, [sp, #0x38]     ;         0 <- [0x0dffffe8]  r2 = 00000000
T    8FA4  0D99      ldr    r1, [sp, #0x34]     ;         5 <- [0x0dffffe4]  r1 = 00000005
T    8FA6  0290      str    r0, [sp, #8]        ;  [0x0dffffb8] <- c100000
T    8FA8  FFF7F0EC  blx    #0x898c             ; lr = 00008fad  pc = 0000898c
A    898C  00C68FE2  add    ip, pc, #0, #12     ; ip = 00008994
A    8990  16CA8CE2  add    ip, ip, #0x16000    ; ip = 0001e994
A    8994  A4F4BCE5  ldr    pc, [ip, #0x4a4]!   ;     1ee38 <- [0x0001ee38]
 __aeabi_memset(...) @ 0x1ee38  pc = 00008fac  ip = 0001ee38
T    8FAC  0298      ldr    r0, [sp, #8]        ;   c100000 <- [0x0dffffb8]  r0 = 0c100000
T    8FAE  1190      str    r0, [sp, #0x44]     ;  [0x0dfffff4] <- c100000
T    8FB0  FFE7      b      #0x8fb2             ;
T    8FB2  0698      ldr    r0, [sp, #0x18]     ;   b000200 <- [0x0dffffc8]  r0 = 0b000200
T    8FB4  0599      ldr    r1, [sp, #0x14]     ;   b000300 <- [0x0dffffc4]  r1 = 0b000300
T    8FB6  079A      ldr    r2, [sp, #0x1c]     ;   b000100 <- [0x0dffffcc]  r2 = 0b000100
T    8FB8  039B      ldr    r3, [sp, #0xc]      ;   c100000 <- [0x0dffffbc]  r3 = 0c100000
T    8FBA  DDF810C0  ldr.w  ip, [sp, #0x10]     ;         5 <- [0x0dffffc0]  ip = 00000005
T    8FBE  EE46      mov    lr, sp              ; lr = 0dffffb0
T    8FC0  CEF800C0  str.w  ip, [lr]            ;  [0x0dffffb0] <- 5
T    8FC4  FFF7E8EC  blx    #0x8998             ; lr = 00008fc9  pc = 00008998
A    8998  00C68FE2  add    ip, pc, #0, #12     ; ip = 000089a0
A    899C  16CA8CE2  add    ip, ip, #0x16000    ; ip = 0001e9a0
A    89A0  9CF4BCE5  ldr    pc, [ip, #0x49c]!   ;      8fd1 <- [0x0001ee3c]
 _Z14aes_256_cryptoPKcPcPKhPhi[aes_256_crypto(char const*, char*, unsigned char const*, unsigned char*, int)](...) @ 0x8fd0  pc = 00008fd0  ip = 0001ee3c
T    8FD0  D0B5      push   {r4, r6, r7, lr}    ;  [0x0dffffa0] <- 0    [0x0dffffa4] <- 0    [0x0dffffa8] <- dfffff8    [0x0dffffac] <- 8fc9   sp = 0dffffa0
T    8FD2  02AF      add    r7, sp, #8          ; r7 = 0dffffa8
T    8FD4  DEB0      sub    sp, #0x178          ; sp = 0dfffe28
T    8FD6  D7F808C0  ldr.w  ip, [r7, #8]        ;         5 <- [0x0dffffb0]  ip = 00000005
T    8FDA  484C      ldr    r4, [pc, #0x120]    ;     15db4 <- [0x000090fc]  r4 = 00015db4
T    8FDC  7C44      add    r4, pc              ; r4 = 0001ed94
T    8FDE  D4F800E0  ldr.w  lr, [r4]            ;         0 <- [0x0001ed94]  lr = 00000000
T    8FE2  DEF800E0  ldr.w  lr, [lr]            ;  464c457f <- [0x00000000]  lr = 464c457f
T    8FE6  CDF874E1  str.w  lr, [sp, #0x174]    ;  [0x0dffff9c] <- 464c457f
T    8FEA  1090      str    r0, [sp, #0x40]     ;  [0x0dfffe68] <- b000200
T    8FEC  0F91      str    r1, [sp, #0x3c]     ;  [0x0dfffe64] <- b000300
T    8FEE  0E92      str    r2, [sp, #0x38]     ;  [0x0dfffe60] <- b000100
T    8FF0  0D93      str    r3, [sp, #0x34]     ;  [0x0dfffe5c] <- c100000
T    8FF2  0020      movs   r0, #0              ; r0 = 00000000
T    8FF4  8DF83300  strb.w r0, [sp, #0x33]     ;  [0x0dfffe5b] <- 0
T    8FF8  1F90      str    r0, [sp, #0x7c]     ;  [0x0dfffea4] <- 0
T    8FFA  0F98      ldr    r0, [sp, #0x3c]     ;   b000300 <- [0x0dfffe64]  r0 = 0b000300
T    8FFC  1390      str    r0, [sp, #0x4c]     ;  [0x0dfffe74] <- b000300
T    8FFE  4FF0FF30  mov.w  r0, #-1             ; r0 = ffffffff
T    9002  1290      str    r0, [sp, #0x48]     ;  [0x0dfffe70] <- ffffffff
T    9004  1298      ldr    r0, [sp, #0x48]     ;  ffffffff <- [0x0dfffe70]  r0 = ffffffff
T    9006  1190      str    r0, [sp, #0x44]     ;  [0x0dfffe6c] <- ffffffff
T    9008  1198      ldr    r0, [sp, #0x44]     ;  ffffffff <- [0x0dfffe6c]  r0 = ffffffff
T    900A  0130      adds   r0, #1              ; r0 = 00000000
T    900C  0028      cmp    r0, #0              ; cpsr = 600001f3
T    900E  06D0      beq    #0x901e             ; pc = 0000901e
T    901E  1398      ldr    r0, [sp, #0x4c]     ;   b000300 <- [0x0dfffe74]  r0 = 0b000300
T    9020  FFF7A2EC  blx    #0x8968             ; lr = 00009025  pc = 00008968
A    8968  00C68FE2  add    ip, pc, #0, #12     ; ip = 00008970
A    896C  16CA8CE2  add    ip, ip, #0x16000    ; ip = 0001e970
A    8970  BCF4BCE5  ldr    pc, [ip, #0x4bc]!   ;     1ee2c <- [0x0001ee2c]
 strlen(...) @ 0x1ee2c 0xb000300
16
 pc = 00009024  ip = 0001ee2c
T    9024  1490      str    r0, [sp, #0x50]     ;  [0x0dfffe78] <- 10
T    9026  FFE7      b      #0x9028             ;
T    9028  1498      ldr    r0, [sp, #0x50]     ;        10 <- [0x0dfffe78]  r0 = 00000010
T    902A  FFF7A4EC  blx    #0x8974             ; lr = 0000902f  pc = 00008974
A    8974  00C68FE2  add    ip, pc, #0, #12     ; ip = 0000897c
A    8978  16CA8CE2  add    ip, ip, #0x16000    ; ip = 0001e97c
A    897C  B4F4BCE5  ldr    pc, [ip, #0x4b4]!   ;     1ee30 <- [0x0001ee30]
 malloc(...) @ 0x1ee30 0xc100100
 pc = 0000902e  ip = 0001ee30
T    902E  0B90      str    r0, [sp, #0x2c]     ;  [0x0dfffe54] <- c100100
T    9030  0B98      ldr    r0, [sp, #0x2c]     ;   c100100 <- [0x0dfffe54]  r0 = 0c100100
T    9032  4FF0FF31  mov.w  r1, #-1             ; r1 = ffffffff
T    9036  0A46      mov    r2, r1              ; r2 = ffffffff
T    9038  0F9B      ldr    r3, [sp, #0x3c]     ;   b000300 <- [0x0dfffe64]  r3 = 0b000300
T    903A  1793      str    r3, [sp, #0x5c]     ;  [0x0dfffe84] <- b000300
T    903C  1691      str    r1, [sp, #0x58]     ;  [0x0dfffe80] <- ffffffff
T    903E  1699      ldr    r1, [sp, #0x58]     ;  ffffffff <- [0x0dfffe80]  r1 = ffffffff
T    9040  1591      str    r1, [sp, #0x54]     ;  [0x0dfffe7c] <- ffffffff
T    9042  1599      ldr    r1, [sp, #0x54]     ;  ffffffff <- [0x0dfffe7c]  r1 = ffffffff
T    9044  0131      adds   r1, #1              ; r1 = 00000000
T    9046  0029      cmp    r1, #0              ; cpsr = 600001f3
T    9048  0990      str    r0, [sp, #0x24]     ;  [0x0dfffe4c] <- c100100
T    904A  0892      str    r2, [sp, #0x20]     ;  [0x0dfffe48] <- ffffffff
T    904C  0793      str    r3, [sp, #0x1c]     ;  [0x0dfffe44] <- b000300
T    904E  06D0      beq    #0x905e             ; pc = 0000905e
T    905E  1798      ldr    r0, [sp, #0x5c]     ;   b000300 <- [0x0dfffe84]  r0 = 0b000300
T    9060  FFF782EC  blx    #0x8968             ; lr = 00009065  pc = 00008968
A    8968  00C68FE2  add    ip, pc, #0, #12     ; ip = 00008970
A    896C  16CA8CE2  add    ip, ip, #0x16000    ; ip = 0001e970
A    8970  BCF4BCE5  ldr    pc, [ip, #0x4bc]!   ;     1ee2c <- [0x0001ee2c]
 strlen(...) @ 0x1ee2c 0xb000300
16
 pc = 00009064  ip = 0001ee2c
T    9064  1890      str    r0, [sp, #0x60]     ;  [0x0dfffe88] <- 10
T    9066  FFE7      b      #0x9068             ;
T    9068  1898      ldr    r0, [sp, #0x60]     ;        10 <- [0x0dfffe88]  r0 = 00000010
T    906A  0999      ldr    r1, [sp, #0x24]     ;   c100100 <- [0x0dfffe4c]  r1 = 0c100100
T    906C  1D91      str    r1, [sp, #0x74]     ;  [0x0dfffe9c] <- c100100
T    906E  089A      ldr    r2, [sp, #0x20]     ;  ffffffff <- [0x0dfffe48]  r2 = ffffffff
T    9070  1C92      str    r2, [sp, #0x70]     ;  [0x0dfffe98] <- ffffffff
T    9072  079B      ldr    r3, [sp, #0x1c]     ;   b000300 <- [0x0dfffe44]  r3 = 0b000300
T    9074  1B93      str    r3, [sp, #0x6c]     ;  [0x0dfffe94] <- b000300
T    9076  1A90      str    r0, [sp, #0x68]     ;  [0x0dfffe90] <- 10
T    9078  1C98      ldr    r0, [sp, #0x70]     ;  ffffffff <- [0x0dfffe98]  r0 = ffffffff
T    907A  1990      str    r0, [sp, #0x64]     ;  [0x0dfffe8c] <- ffffffff
T    907C  1998      ldr    r0, [sp, #0x64]     ;  ffffffff <- [0x0dfffe8c]  r0 = ffffffff
T    907E  0130      adds   r0, #1              ; r0 = 00000000
T    9080  0028      cmp    r0, #0              ; cpsr = 600001f3
T    9082  08D0      beq    #0x9096             ; pc = 00009096
T    9096  1D98      ldr    r0, [sp, #0x74]     ;   c100100 <- [0x0dfffe9c]  r0 = 0c100100
T    9098  1B99      ldr    r1, [sp, #0x6c]     ;   b000300 <- [0x0dfffe94]  r1 = 0b000300
T    909A  1A9A      ldr    r2, [sp, #0x68]     ;        10 <- [0x0dfffe90]  r2 = 00000010
T    909C  0690      str    r0, [sp, #0x18]     ;  [0x0dfffe40] <- c100100
T    909E  FFF788EC  blx    #0x89b0             ; lr = 000090a3  pc = 000089b0
A    89B0  00C68FE2  add    ip, pc, #0, #12     ; ip = 000089b8
A    89B4  16CA8CE2  add    ip, ip, #0x16000    ; ip = 0001e9b8
A    89B8  8CF4BCE5  ldr    pc, [ip, #0x48c]!   ;     1ee44 <- [0x0001ee44]
 __aeabi_memcpy(...) @ 0x1ee44  pc = 000090a2  ip = 0001ee44
T    90A2  0699      ldr    r1, [sp, #0x18]     ;   c100100 <- [0x0dfffe40]  r1 = 0c100100
T    90A4  1E91      str    r1, [sp, #0x78]     ;  [0x0dfffea0] <- c100100
T    90A6  FFE7      b      #0x90a8             ;
T    90A8  1098      ldr    r0, [sp, #0x40]     ;   b000200 <- [0x0dfffe68]  r0 = 0b000200
T    90AA  4FF48071  mov.w  r1, #0x100          ; r1 = 00000100
T    90AE  20AA      add    r2, sp, #0x80       ; r2 = 0dfffea8
T    90B0  0592      str    r2, [sp, #0x14]     ;  [0x0dfffe3c] <- dfffea8
T    90B2  FFF784EC  blx    #0x89bc             ; lr = 000090b7  pc = 000089bc
A    89BC  00C68FE2  add    ip, pc, #0, #12     ; ip = 000089c4
A    89C0  16CA8CE2  add    ip, ip, #0x16000    ; ip = 0001e9c4
A    89C4  84F4BCE5  ldr    pc, [ip, #0x484]!   ;      9945 <- [0x0001ee48]
 AES_set_encrypt_key(...) @ 0x9944  pc = 00009944  ip = 0001ee48
T    9944  D0B5      push   {r4, r6, r7, lr}    ;  [0x0dfffe18] <- 1ed94    [0x0dfffe1c] <- 0    [0x0dfffe20] <- dffffa8    [0x0dfffe24] <- 90b7   sp = 0dfffe18
T    9946  02AF      add    r7, sp, #8          ; r7 = 0dfffe20
T    9948  8AB0      sub    sp, #0x28           ; sp = 0dfffdf0
T    994A  D34B      ldr    r3, [pc, #0x34c]    ;     15444 <- [0x00009c98]  r3 = 00015444
T    994C  7B44      add    r3, pc              ; r3 = 0001ed94
T    994E  1B68      ldr    r3, [r3]            ;         0 <- [0x0001ed94]  r3 = 00000000
T    9950  1B68      ldr    r3, [r3]            ;  464c457f <- [0x00000000]  r3 = 464c457f
T    9952  0993      str    r3, [sp, #0x24]     ;  [0x0dfffe14] <- 464c457f
T    9954  0890      str    r0, [sp, #0x20]     ;  [0x0dfffe10] <- b000200
T    9956  0591      str    r1, [sp, #0x14]     ;  [0x0dfffe04] <- 100
T    9958  0492      str    r2, [sp, #0x10]     ;  [0x0dfffe00] <- dfffea8
T    995A  0020      movs   r0, #0              ; r0 = 00000000
T    995C  0390      str    r0, [sp, #0xc]      ;  [0x0dfffdfc] <- 0
T    995E  0898      ldr    r0, [sp, #0x20]     ;   b000200 <- [0x0dfffe10]  r0 = 0b000200
T    9960  0028      cmp    r0, #0              ; cpsr = 200001f3
T    9962  04D0      beq    #0x996e             ; pc = 00009964
T    9964  FFE7      b      #0x9966             ;
T    9966  0498      ldr    r0, [sp, #0x10]     ;   dfffea8 <- [0x0dfffe00]  r0 = 0dfffea8
T    9968  0028      cmp    r0, #0              ; cpsr = 200001f3
T    996A  04D1      bne    #0x9976             ; pc = 00009976
T    9976  0598      ldr    r0, [sp, #0x14]     ;       100 <- [0x0dfffe04]  r0 = 00000100
T    9978  8028      cmp    r0, #0x80           ; cpsr = 200001f3
T    997A  0DD0      beq    #0x9998             ; pc = 0000997c
T    997C  FFE7      b      #0x997e             ;
T    997E  0598      ldr    r0, [sp, #0x14]     ;       100 <- [0x0dfffe04]  r0 = 00000100
T    9980  C028      cmp    r0, #0xc0           ; cpsr = 200001f3
T    9982  09D0      beq    #0x9998             ; pc = 00009984
T    9984  FFE7      b      #0x9986             ;
T    9986  0598      ldr    r0, [sp, #0x14]     ;       100 <- [0x0dfffe04]  r0 = 00000100
T    9988  B0F5807F  cmp.w  r0, #0x100          ; cpsr = 600001f3
T    998C  04D0      beq    #0x9998             ; pc = 00009998
T    9998  0498      ldr    r0, [sp, #0x10]     ;   dfffea8 <- [0x0dfffe00]  r0 = 0dfffea8
T    999A  0790      str    r0, [sp, #0x1c]     ;  [0x0dfffe0c] <- dfffea8
T    999C  0598      ldr    r0, [sp, #0x14]     ;       100 <- [0x0dfffe04]  r0 = 00000100
T    999E  8028      cmp    r0, #0x80           ; cpsr = 200001f3
T    99A0  05D1      bne    #0x99ae             ; pc = 000099ae
T    99AE  0598      ldr    r0, [sp, #0x14]     ;       100 <- [0x0dfffe04]  r0 = 00000100
T    99B0  C028      cmp    r0, #0xc0           ; cpsr = 200001f3
T    99B2  05D1      bne    #0x99c0             ; pc = 000099c0
T    99C0  0498      ldr    r0, [sp, #0x10]     ;   dfffea8 <- [0x0dfffe00]  r0 = 0dfffea8
T    99C2  0E21      movs   r1, #0xe            ; r1 = 0000000e
T    99C4  C0F8F010  str.w  r1, [r0, #0xf0]     ;  [0x0dffff98] <- e
T    99C8  FFE7      b      #0x99ca             ;
T    99CA  FFE7      b      #0x99cc             ;
T    99CC  0898      ldr    r0, [sp, #0x20]     ;   b000200 <- [0x0dfffe10]  r0 = 0b000200
T    99CE  0068      ldr    r0, [r0]            ;  646e6177 <- [0x0b000200]  r0 = 646e6177
T    99D0  00BA      rev    r0, r0              ; r0 = 77616e64
T    99D2  0799      ldr    r1, [sp, #0x1c]     ;   dfffea8 <- [0x0dfffe0c]  r1 = 0dfffea8
T    99D4  0860      str    r0, [r1]            ;  [0x0dfffea8] <- 77616e64
T    99D6  0898      ldr    r0, [sp, #0x20]     ;   b000200 <- [0x0dfffe10]  r0 = 0b000200
T    99D8  4068      ldr    r0, [r0, #4]        ;  2e72656f <- [0x0b000204]  r0 = 2e72656f
T    99DA  00BA      rev    r0, r0              ; r0 = 6f65722e
T    99DC  0799      ldr    r1, [sp, #0x1c]     ;   dfffea8 <- [0x0dfffe0c]  r1 = 0dfffea8
T    99DE  4860      str    r0, [r1, #4]        ;  [0x0dfffeac] <- 6f65722e
T    99E0  0898      ldr    r0, [sp, #0x20]     ;   b000200 <- [0x0dfffe10]  r0 = 0b000200
T    99E2  8068      ldr    r0, [r0, #8]        ;  5f6d6f63 <- [0x0b000208]  r0 = 5f6d6f63
T    99E4  00BA      rev    r0, r0              ; r0 = 636f6d5f
T    99E6  0799      ldr    r1, [sp, #0x1c]     ;   dfffea8 <- [0x0dfffe0c]  r1 = 0dfffea8
T    99E8  8860      str    r0, [r1, #8]        ;  [0x0dfffeb0] <- 636f6d5f
T    99EA  0898      ldr    r0, [sp, #0x20]     ;   b000200 <- [0x0dfffe10]  r0 = 0b000200
T    99EC  C068      ldr    r0, [r0, #0xc]      ;  646e6177 <- [0x0b00020c]  r0 = 646e6177
T    99EE  00BA      rev    r0, r0              ; r0 = 77616e64
T    99F0  0799      ldr    r1, [sp, #0x1c]     ;   dfffea8 <- [0x0dfffe0c]  r1 = 0dfffea8
T    99F2  C860      str    r0, [r1, #0xc]      ;  [0x0dfffeb4] <- 77616e64
T    99F4  0598      ldr    r0, [sp, #0x14]     ;       100 <- [0x0dfffe04]  r0 = 00000100
T    99F6  8028      cmp    r0, #0x80           ; cpsr = 200001f3
T    99F8  4AD1      bne    #0x9a90             ; pc = 00009a90
T    9A90  0898      ldr    r0, [sp, #0x20]     ;   b000200 <- [0x0dfffe10]  r0 = 0b000200
T    9A92  0069      ldr    r0, [r0, #0x10]     ;  2e72656f <- [0x0b000210]  r0 = 2e72656f
T    9A94  00BA      rev    r0, r0              ; r0 = 6f65722e
T    9A96  0799      ldr    r1, [sp, #0x1c]     ;   dfffea8 <- [0x0dfffe0c]  r1 = 0dfffea8
T    9A98  0861      str    r0, [r1, #0x10]     ;  [0x0dfffeb8] <- 6f65722e
T    9A9A  0898      ldr    r0, [sp, #0x20]     ;   b000200 <- [0x0dfffe10]  r0 = 0b000200
T    9A9C  4069      ldr    r0, [r0, #0x14]     ;  5f6d6f63 <- [0x0b000214]  r0 = 5f6d6f63
T    9A9E  00BA      rev    r0, r0              ; r0 = 636f6d5f
T    9AA0  0799      ldr    r1, [sp, #0x1c]     ;   dfffea8 <- [0x0dfffe0c]  r1 = 0dfffea8
T    9AA2  4861      str    r0, [r1, #0x14]     ;  [0x0dfffebc] <- 636f6d5f
T    9AA4  0598      ldr    r0, [sp, #0x14]     ;       100 <- [0x0dfffe04]  r0 = 00000100
T    9AA6  C028      cmp    r0, #0xc0           ; cpsr = 200001f3
T    9AA8  54D1      bne    #0x9b54             ; pc = 00009b54
T    9B54  0898      ldr    r0, [sp, #0x20]     ;   b000200 <- [0x0dfffe10]  r0 = 0b000200
T    9B56  8069      ldr    r0, [r0, #0x18]     ;  646e6177 <- [0x0b000218]  r0 = 646e6177
T    9B58  00BA      rev    r0, r0              ; r0 = 77616e64
T    9B5A  0799      ldr    r1, [sp, #0x1c]     ;   dfffea8 <- [0x0dfffe0c]  r1 = 0dfffea8
T    9B5C  8861      str    r0, [r1, #0x18]     ;  [0x0dfffec0] <- 77616e64
T    9B5E  0898      ldr    r0, [sp, #0x20]     ;   b000200 <- [0x0dfffe10]  r0 = 0b000200
T    9B60  C069      ldr    r0, [r0, #0x1c]     ;  2e72656f <- [0x0b00021c]  r0 = 2e72656f
T    9B62  00BA      rev    r0, r0              ; r0 = 6f65722e
T    9B64  0799      ldr    r1, [sp, #0x1c]     ;   dfffea8 <- [0x0dfffe0c]  r1 = 0dfffea8
T    9B66  C861      str    r0, [r1, #0x1c]     ;  [0x0dfffec4] <- 6f65722e
T    9B68  0598      ldr    r0, [sp, #0x14]     ;       100 <- [0x0dfffe04]  r0 = 00000100
T    9B6A  B0F5807F  cmp.w  r0, #0x100          ; cpsr = 600001f3
T    9B6E  40F08180  bne.w  #0x9c74             ;
T    9B72  FFE7      b      #0x9b74             ;
T    9B74  FFE7      b      #0x9b76             ;
T    9B76  0798      ldr    r0, [sp, #0x1c]     ;   dfffea8 <- [0x0dfffe0c]  r0 = 0dfffea8
T    9B78  C069      ldr    r0, [r0, #0x1c]     ;  6f65722e <- [0x0dfffec4]  r0 = 6f65722e
T    9B7A  0290      str    r0, [sp, #8]        ;  [0x0dfffdf8] <- 6f65722e
T    9B7C  0798      ldr    r0, [sp, #0x1c]     ;   dfffea8 <- [0x0dfffe0c]  r0 = 0dfffea8
T    9B7E  0168      ldr    r1, [r0]            ;  77616e64 <- [0x0dfffea8]  r1 = 77616e64
T    9B80  029A      ldr    r2, [sp, #8]        ;  6f65722e <- [0x0dfffdf8]  r2 = 6f65722e
T    9B82  C2F30743  ubfx   r3, r2, #0x10, #8   ; r3 = 00000065
T    9B86  4F4C      ldr    r4, [pc, #0x13c]    ;      eb90 <- [0x00009cc4]  r4 = 0000eb90
T    9B88  7C44      add    r4, pc              ; r4 = 0001871c
T    9B8A  04EB8303  add.w  r3, r4, r3, lsl #2  ; r3 = 000188b0
T    9B8E  DB78      ldrb   r3, [r3, #3]        ;        4d <- [0x000188b3]  r3 = 0000004d
T    9B90  81EA0361  eor.w  r1, r1, r3, lsl #24 ; r1 = 3a616e64
T    9B94  C2F30723  ubfx   r3, r2, #8, #8      ; r3 = 00000072
T    9B98  4B4C      ldr    r4, [pc, #0x12c]    ;      ef7e <- [0x00009cc8]  r4 = 0000ef7e
T    9B9A  7C44      add    r4, pc              ; r4 = 00018b1c
T    9B9C  04EB8303  add.w  r3, r4, r3, lsl #2  ; r3 = 00018ce4
T    9BA0  9B78      ldrb   r3, [r3, #2]        ;        40 <- [0x00018ce6]  r3 = 00000040
T    9BA2  81EA0341  eor.w  r1, r1, r3, lsl #16 ; r1 = 3a216e64
T    9BA6  D3B2      uxtb   r3, r2              ; r3 = 0000002e
T    9BA8  484C      ldr    r4, [pc, #0x120]    ;      f36e <- [0x00009ccc]  r4 = 0000f36e
T    9BAA  7C44      add    r4, pc              ; r4 = 00018f1c
T    9BAC  04EB8303  add.w  r3, r4, r3, lsl #2  ; r3 = 00018fd4
T    9BB0  5B78      ldrb   r3, [r3, #1]        ;        31 <- [0x00018fd5]  r3 = 00000031
T    9BB2  81EA0321  eor.w  r1, r1, r3, lsl #8  ; r1 = 3a215f64
T    9BB6  120E      lsrs   r2, r2, #0x18       ; r2 = 0000006f
T    9BB8  454B      ldr    r3, [pc, #0x114]    ;      f75e <- [0x00009cd0]  r3 = 0000f75e
T    9BBA  7B44      add    r3, pc              ; r3 = 0001931c
T    9BBC  13F82220  ldrb.w r2, [r3, r2, lsl #2];        a8 <- [0x000194d8]  r2 = 000000a8
T    9BC0  5140      eors   r1, r2              ; r1 = 3a215fcc
T    9BC2  039A      ldr    r2, [sp, #0xc]      ;         0 <- [0x0dfffdfc]  r2 = 00000000
T    9BC4  434B      ldr    r3, [pc, #0x10c]    ;      fb52 <- [0x00009cd4]  r3 = 0000fb52
T    9BC6  7B44      add    r3, pc              ; r3 = 0001971c
T    9BC8  53F82220  ldr.w  r2, [r3, r2, lsl #2];   1000000 <- [0x0001971c]  r2 = 01000000
T    9BCC  5140      eors   r1, r2              ; r1 = 3b215fcc
T    9BCE  0162      str    r1, [r0, #0x20]     ;  [0x0dfffec8] <- 3b215fcc
T    9BD0  0798      ldr    r0, [sp, #0x1c]     ;   dfffea8 <- [0x0dfffe0c]  r0 = 0dfffea8
T    9BD2  4168      ldr    r1, [r0, #4]        ;  6f65722e <- [0x0dfffeac]  r1 = 6f65722e
T    9BD4  026A      ldr    r2, [r0, #0x20]     ;  3b215fcc <- [0x0dfffec8]  r2 = 3b215fcc
T    9BD6  5140      eors   r1, r2              ; r1 = 54442de2
T    9BD8  4162      str    r1, [r0, #0x24]     ;  [0x0dfffecc] <- 54442de2
T    9BDA  0798      ldr    r0, [sp, #0x1c]     ;   dfffea8 <- [0x0dfffe0c]  r0 = 0dfffea8
T    9BDC  8168      ldr    r1, [r0, #8]        ;  636f6d5f <- [0x0dfffeb0]  r1 = 636f6d5f
T    9BDE  426A      ldr    r2, [r0, #0x24]     ;  54442de2 <- [0x0dfffecc]  r2 = 54442de2
T    9BE0  5140      eors   r1, r2              ; r1 = 372b40bd
T    9BE2  8162      str    r1, [r0, #0x28]     ;  [0x0dfffed0] <- 372b40bd
T    9BE4  0798      ldr    r0, [sp, #0x1c]     ;   dfffea8 <- [0x0dfffe0c]  r0 = 0dfffea8
T    9BE6  C168      ldr    r1, [r0, #0xc]      ;  77616e64 <- [0x0dfffeb4]  r1 = 77616e64
T    9BE8  826A      ldr    r2, [r0, #0x28]     ;  372b40bd <- [0x0dfffed0]  r2 = 372b40bd
T    9BEA  5140      eors   r1, r2              ; r1 = 404a2ed9
T    9BEC  C162      str    r1, [r0, #0x2c]     ;  [0x0dfffed4] <- 404a2ed9
T    9BEE  0398      ldr    r0, [sp, #0xc]      ;         0 <- [0x0dfffdfc]  r0 = 00000000
T    9BF0  0130      adds   r0, #1              ; r0 = 00000001
T    9BF2  0390      str    r0, [sp, #0xc]      ;  [0x0dfffdfc] <- 1
T    9BF4  0728      cmp    r0, #7              ; cpsr = 800001f3
T    9BF6  03D1      bne    #0x9c00             ; pc = 00009c00
T    9C00  0798      ldr    r0, [sp, #0x1c]     ;   dfffea8 <- [0x0dfffe0c]  r0 = 0dfffea8
T    9C02  C06A      ldr    r0, [r0, #0x2c]     ;  404a2ed9 <- [0x0dfffed4]  r0 = 404a2ed9
T    9C04  0290      str    r0, [sp, #8]        ;  [0x0dfffdf8] <- 404a2ed9
T    9C06  0798      ldr    r0, [sp, #0x1c]     ;   dfffea8 <- [0x0dfffe0c]  r0 = 0dfffea8
T    9C08  0169      ldr    r1, [r0, #0x10]     ;  6f65722e <- [0x0dfffeb8]  r1 = 6f65722e
T    9C0A  029A      ldr    r2, [sp, #8]        ;  404a2ed9 <- [0x0dfffdf8]  r2 = 404a2ed9
T    9C0C  130E      lsrs   r3, r2, #0x18       ; r3 = 00000040
T    9C0E  324C      ldr    r4, [pc, #0xc8]     ;      eb08 <- [0x00009cd8]  r4 = 0000eb08
T    9C10  7C44      add    r4, pc              ; r4 = 0001871c
T    9C12  04EB8303  add.w  r3, r4, r3, lsl #2  ; r3 = 0001881c
T    9C16  DB78      ldrb   r3, [r3, #3]        ;         9 <- [0x0001881f]  r3 = 00000009
T    9C18  81EA0361  eor.w  r1, r1, r3, lsl #24 ; r1 = 6665722e
T    9C1C  C2F30743  ubfx   r3, r2, #0x10, #8   ; r3 = 0000004a
T    9C20  2E4C      ldr    r4, [pc, #0xb8]     ;      eef6 <- [0x00009cdc]  r4 = 0000eef6
T    9C22  7C44      add    r4, pc              ; r4 = 00018b1c
T    9C24  04EB8303  add.w  r3, r4, r3, lsl #2  ; r3 = 00018c44
T    9C28  9B78      ldrb   r3, [r3, #2]        ;        d6 <- [0x00018c46]  r3 = 000000d6
T    9C2A  81EA0341  eor.w  r1, r1, r3, lsl #16 ; r1 = 66b3722e
T    9C2E  C2F30723  ubfx   r3, r2, #8, #8      ; r3 = 0000002e
T    9C32  2B4C      ldr    r4, [pc, #0xac]     ;      f2e4 <- [0x00009ce0]  r4 = 0000f2e4
T    9C34  7C44      add    r4, pc              ; r4 = 00018f1c
T    9C36  04EB8303  add.w  r3, r4, r3, lsl #2  ; r3 = 00018fd4
T    9C3A  5B78      ldrb   r3, [r3, #1]        ;        31 <- [0x00018fd5]  r3 = 00000031
T    9C3C  81EA0321  eor.w  r1, r1, r3, lsl #8  ; r1 = 66b3432e
T    9C40  D2B2      uxtb   r2, r2              ; r2 = 000000d9
T    9C42  284B      ldr    r3, [pc, #0xa0]     ;      f6d4 <- [0x00009ce4]  r3 = 0000f6d4
T    9C44  7B44      add    r3, pc              ; r3 = 0001931c
T    9C46  13F82220  ldrb.w r2, [r3, r2, lsl #2];        35 <- [0x00019680]  r2 = 00000035
T    9C4A  5140      eors   r1, r2              ; r1 = 66b3431b
T    9C4C  0163      str    r1, [r0, #0x30]     ;  [0x0dfffed8] <- 66b3431b
T    9C4E  0798      ldr    r0, [sp, #0x1c]     ;   dfffea8 <- [0x0dfffe0c]  r0 = 0dfffea8
T    9C50  4169      ldr    r1, [r0, #0x14]     ;  636f6d5f <- [0x0dfffebc]  r1 = 636f6d5f
T    9C52  026B      ldr    r2, [r0, #0x30]     ;  66b3431b <- [0x0dfffed8]  r2 = 66b3431b
T    9C54  5140      eors   r1, r2              ; r1 = 05dc2e44
T    9C56  4163      str    r1, [r0, #0x34]     ;  [0x0dfffedc] <- 5dc2e44
T    9C58  0798      ldr    r0, [sp, #0x1c]     ;   dfffea8 <- [0x0dfffe0c]  r0 = 0dfffea8
T    9C5A  8169      ldr    r1, [r0, #0x18]     ;  77616e64 <- [0x0dfffec0]  r1 = 77616e64
T    9C5C  426B      ldr    r2, [r0, #0x34]     ;   5dc2e44 <- [0x0dfffedc]  r2 = 05dc2e44
T    9C5E  5140      eors   r1, r2              ; r1 = 72bd4020
T    9C60  8163      str    r1, [r0, #0x38]     ;  [0x0dfffee0] <- 72bd4020
T    9C62  0798      ldr    r0, [sp, #0x1c]     ;   dfffea8 <- [0x0dfffe0c]  r0 = 0dfffea8
T    9C64  C169      ldr    r1, [r0, #0x1c]     ;  6f65722e <- [0x0dfffec4]  r1 = 6f65722e
T    9C66  826B      ldr    r2, [r0, #0x38]     ;  72bd4020 <- [0x0dfffee0]  r2 = 72bd4020
T    9C68  5140      eors   r1, r2              ; r1 = 1dd8320e
T    9C6A  C163      str    r1, [r0, #0x3c]     ;  [0x0dfffee4] <- 1dd8320e
T    9C6C  0798      ldr    r0, [sp, #0x1c]     ;   dfffea8 <- [0x0dfffe0c]  r0 = 0dfffea8
T    9C6E  2030      adds   r0, #0x20           ; r0 = 0dfffec8
T    9C70  0790      str    r0, [sp, #0x1c]     ;  [0x0dfffe0c] <- dfffec8
T    9C72  80E7      b      #0x9b76             ;
T    9B76  0798      ldr    r0, [sp, #0x1c]     ;   dfffec8 <- [0x0dfffe0c]  r0 = 0dfffec8
T    9B78  C069      ldr    r0, [r0, #0x1c]     ;  1dd8320e <- [0x0dfffee4]  r0 = 1dd8320e
T    9B7A  0290      str    r0, [sp, #8]        ;  [0x0dfffdf8] <- 1dd8320e
T    9B7C  0798      ldr    r0, [sp, #0x1c]     ;   dfffec8 <- [0x0dfffe0c]  r0 = 0dfffec8
T    9B7E  0168      ldr    r1, [r0]            ;  3b215fcc <- [0x0dfffec8]  r1 = 3b215fcc
T    9B80  029A      ldr    r2, [sp, #8]        ;  1dd8320e <- [0x0dfffdf8]  r2 = 1dd8320e
T    9B82  C2F30743  ubfx   r3, r2, #0x10, #8   ; r3 = 000000d8
T    9B86  4F4C      ldr    r4, [pc, #0x13c]    ;      eb90 <- [0x00009cc4]  r4 = 0000eb90
T    9B88  7C44      add    r4, pc              ; r4 = 0001871c
T    9B8A  04EB8303  add.w  r3, r4, r3, lsl #2  ; r3 = 00018a7c
T    9B8E  DB78      ldrb   r3, [r3, #3]        ;        61 <- [0x00018a7f]  r3 = 00000061
T    9B90  81EA0361  eor.w  r1, r1, r3, lsl #24 ; r1 = 5a215fcc
T    9B94  C2F30723  ubfx   r3, r2, #8, #8      ; r3 = 00000032
T    9B98  4B4C      ldr    r4, [pc, #0x12c]    ;      ef7e <- [0x00009cc8]  r4 = 0000ef7e
T    9B9A  7C44      add    r4, pc              ; r4 = 00018b1c
T    9B9C  04EB8303  add.w  r3, r4, r3, lsl #2  ; r3 = 00018be4
T    9BA0  9B78      ldrb   r3, [r3, #2]        ;        23 <- [0x00018be6]  r3 = 00000023
T    9BA2  81EA0341  eor.w  r1, r1, r3, lsl #16 ; r1 = 5a025fcc
T    9BA6  D3B2      uxtb   r3, r2              ; r3 = 0000000e
T    9BA8  484C      ldr    r4, [pc, #0x120]    ;      f36e <- [0x00009ccc]  r4 = 0000f36e
T    9BAA  7C44      add    r4, pc              ; r4 = 00018f1c
T    9BAC  04EB8303  add.w  r3, r4, r3, lsl #2  ; r3 = 00018f54
T    9BB0  5B78      ldrb   r3, [r3, #1]        ;        ab <- [0x00018f55]  r3 = 000000ab
T    9BB2  81EA0321  eor.w  r1, r1, r3, lsl #8  ; r1 = 5a02f4cc
T    9BB6  120E      lsrs   r2, r2, #0x18       ; r2 = 0000001d
T    9BB8  454B      ldr    r3, [pc, #0x114]    ;      f75e <- [0x00009cd0]  r3 = 0000f75e
T    9BBA  7B44      add    r3, pc              ; r3 = 0001931c
T    9BBC  13F82220  ldrb.w r2, [r3, r2, lsl #2];        a4 <- [0x00019390]  r2 = 000000a4
T    9BC0  5140      eors   r1, r2              ; r1 = 5a02f468
T    9BC2  039A      ldr    r2, [sp, #0xc]      ;         1 <- [0x0dfffdfc]  r2 = 00000001
T    9BC4  434B      ldr    r3, [pc, #0x10c]    ;      fb52 <- [0x00009cd4]  r3 = 0000fb52
T    9BC6  7B44      add    r3, pc              ; r3 = 0001971c
T    9BC8  53F82220  ldr.w  r2, [r3, r2, lsl #2];   2000000 <- [0x00019720]  r2 = 02000000
T    9BCC  5140      eors   r1, r2              ; r1 = 5802f468
T    9BCE  0162      str    r1, [r0, #0x20]     ;  [0x0dfffee8] <- 5802f468
T    9BD0  0798      ldr    r0, [sp, #0x1c]     ;   dfffec8 <- [0x0dfffe0c]  r0 = 0dfffec8
T    9BD2  4168      ldr    r1, [r0, #4]        ;  54442de2 <- [0x0dfffecc]  r1 = 54442de2
T    9BD4  026A      ldr    r2, [r0, #0x20]     ;  5802f468 <- [0x0dfffee8]  r2 = 5802f468
T    9BD6  5140      eors   r1, r2              ; r1 = 0c46d98a
T    9BD8  4162      str    r1, [r0, #0x24]     ;  [0x0dfffeec] <- c46d98a
T    9BDA  0798      ldr    r0, [sp, #0x1c]     ;   dfffec8 <- [0x0dfffe0c]  r0 = 0dfffec8
T    9BDC  8168      ldr    r1, [r0, #8]        ;  372b40bd <- [0x0dfffed0]  r1 = 372b40bd
T    9BDE  426A      ldr    r2, [r0, #0x24]     ;   c46d98a <- [0x0dfffeec]  r2 = 0c46d98a
T    9BE0  5140      eors   r1, r2              ; r1 = 3b6d9937
T    9BE2  8162      str    r1, [r0, #0x28]     ;  [0x0dfffef0] <- 3b6d9937
T    9BE4  0798      ldr    r0, [sp, #0x1c]     ;   dfffec8 <- [0x0dfffe0c]  r0 = 0dfffec8
T    9BE6  C168      ldr    r1, [r0, #0xc]      ;  404a2ed9 <- [0x0dfffed4]  r1 = 404a2ed9
T    9BE8  826A      ldr    r2, [r0, #0x28]     ;  3b6d9937 <- [0x0dfffef0]  r2 = 3b6d9937
T    9BEA  5140      eors   r1, r2              ; r1 = 7b27b7ee
T    9BEC  C162      str    r1, [r0, #0x2c]     ;  [0x0dfffef4] <- 7b27b7ee
T    9BEE  0398      ldr    r0, [sp, #0xc]      ;         1 <- [0x0dfffdfc]  r0 = 00000001
T    9BF0  0130      adds   r0, #1              ; r0 = 00000002
T    9BF2  0390      str    r0, [sp, #0xc]      ;  [0x0dfffdfc] <- 2
T    9BF4  0728      cmp    r0, #7              ; cpsr = 800001f3
T    9BF6  03D1      bne    #0x9c00             ; pc = 00009c00
T    9C00  0798      ldr    r0, [sp, #0x1c]     ;   dfffec8 <- [0x0dfffe0c]  r0 = 0dfffec8
T    9C02  C06A      ldr    r0, [r0, #0x2c]     ;  7b27b7ee <- [0x0dfffef4]  r0 = 7b27b7ee
T    9C04  0290      str    r0, [sp, #8]        ;  [0x0dfffdf8] <- 7b27b7ee
T    9C06  0798      ldr    r0, [sp, #0x1c]     ;   dfffec8 <- [0x0dfffe0c]  r0 = 0dfffec8
T    9C08  0169      ldr    r1, [r0, #0x10]     ;  66b3431b <- [0x0dfffed8]  r1 = 66b3431b
T    9C0A  029A      ldr    r2, [sp, #8]        ;  7b27b7ee <- [0x0dfffdf8]  r2 = 7b27b7ee
T    9C0C  130E      lsrs   r3, r2, #0x18       ; r3 = 0000007b
T    9C0E  324C      ldr    r4, [pc, #0xc8]     ;      eb08 <- [0x00009cd8]  r4 = 0000eb08
T    9C10  7C44      add    r4, pc              ; r4 = 0001871c
T    9C12  04EB8303  add.w  r3, r4, r3, lsl #2  ; r3 = 00018908
T    9C16  DB78      ldrb   r3, [r3, #3]        ;        21 <- [0x0001890b]  r3 = 00000021
T    9C18  81EA0361  eor.w  r1, r1, r3, lsl #24 ; r1 = 47b3431b
T    9C1C  C2F30743  ubfx   r3, r2, #0x10, #8   ; r3 = 00000027
T    9C20  2E4C      ldr    r4, [pc, #0xb8]     ;      eef6 <- [0x00009cdc]  r4 = 0000eef6
T    9C22  7C44      add    r4, pc              ; r4 = 00018b1c
T    9C24  04EB8303  add.w  r3, r4, r3, lsl #2  ; r3 = 00018bb8
T    9C28  9B78      ldrb   r3, [r3, #2]        ;        cc <- [0x00018bba]  r3 = 000000cc
T    9C2A  81EA0341  eor.w  r1, r1, r3, lsl #16 ; r1 = 477f431b
T    9C2E  C2F30723  ubfx   r3, r2, #8, #8      ; r3 = 000000b7
T    9C32  2B4C      ldr    r4, [pc, #0xac]     ;      f2e4 <- [0x00009ce0]  r4 = 0000f2e4
T    9C34  7C44      add    r4, pc              ; r4 = 00018f1c
T    9C36  04EB8303  add.w  r3, r4, r3, lsl #2  ; r3 = 000191f8
T    9C3A  5B78      ldrb   r3, [r3, #1]        ;        a9 <- [0x000191f9]  r3 = 000000a9
T    9C3C  81EA0321  eor.w  r1, r1, r3, lsl #8  ; r1 = 477fea1b
T    9C40  D2B2      uxtb   r2, r2              ; r2 = 000000ee
T    9C42  284B      ldr    r3, [pc, #0xa0]     ;      f6d4 <- [0x00009ce4]  r3 = 0000f6d4
T    9C44  7B44      add    r3, pc              ; r3 = 0001931c
T    9C46  13F82220  ldrb.w r2, [r3, r2, lsl #2];        28 <- [0x000196d4]  r2 = 00000028
T    9C4A  5140      eors   r1, r2              ; r1 = 477fea33
T    9C4C  0163      str    r1, [r0, #0x30]     ;  [0x0dfffef8] <- 477fea33
T    9C4E  0798      ldr    r0, [sp, #0x1c]     ;   dfffec8 <- [0x0dfffe0c]  r0 = 0dfffec8
T    9C50  4169      ldr    r1, [r0, #0x14]     ;   5dc2e44 <- [0x0dfffedc]  r1 = 05dc2e44
T    9C52  026B      ldr    r2, [r0, #0x30]     ;  477fea33 <- [0x0dfffef8]  r2 = 477fea33
T    9C54  5140      eors   r1, r2              ; r1 = 42a3c477
T    9C56  4163      str    r1, [r0, #0x34]     ;  [0x0dfffefc] <- 42a3c477
T    9C58  0798      ldr    r0, [sp, #0x1c]     ;   dfffec8 <- [0x0dfffe0c]  r0 = 0dfffec8
T    9C5A  8169      ldr    r1, [r0, #0x18]     ;  72bd4020 <- [0x0dfffee0]  r1 = 72bd4020
T    9C5C  426B      ldr    r2, [r0, #0x34]     ;  42a3c477 <- [0x0dfffefc]  r2 = 42a3c477
T    9C5E  5140      eors   r1, r2              ; r1 = 301e8457
T    9C60  8163      str    r1, [r0, #0x38]     ;  [0x0dffff00] <- 301e8457
T    9C62  0798      ldr    r0, [sp, #0x1c]     ;   dfffec8 <- [0x0dfffe0c]  r0 = 0dfffec8
T    9C64  C169      ldr    r1, [r0, #0x1c]     ;  1dd8320e <- [0x0dfffee4]  r1 = 1dd8320e
T    9C66  826B      ldr    r2, [r0, #0x38]     ;  301e8457 <- [0x0dffff00]  r2 = 301e8457
T    9C68  5140      eors   r1, r2              ; r1 = 2dc6b659
T    9C6A  C163      str    r1, [r0, #0x3c]     ;  [0x0dffff04] <- 2dc6b659
T    9C6C  0798      ldr    r0, [sp, #0x1c]     ;   dfffec8 <- [0x0dfffe0c]  r0 = 0dfffec8
T    9C6E  2030      adds   r0, #0x20           ; r0 = 0dfffee8
T    9C70  0790      str    r0, [sp, #0x1c]     ;  [0x0dfffe0c] <- dfffee8
T    9C72  80E7      b      #0x9b76             ;
T    9B76  0798      ldr    r0, [sp, #0x1c]     ;   dfffee8 <- [0x0dfffe0c]  r0 = 0dfffee8
T    9B78  C069      ldr    r0, [r0, #0x1c]     ;  2dc6b659 <- [0x0dffff04]  r0 = 2dc6b659
T    9B7A  0290      str    r0, [sp, #8]        ;  [0x0dfffdf8] <- 2dc6b659
T    9B7C  0798      ldr    r0, [sp, #0x1c]     ;   dfffee8 <- [0x0dfffe0c]  r0 = 0dfffee8
T    9B7E  0168      ldr    r1, [r0]            ;  5802f468 <- [0x0dfffee8]  r1 = 5802f468
T    9B80  029A      ldr    r2, [sp, #8]        ;  2dc6b659 <- [0x0dfffdf8]  r2 = 2dc6b659
T    9B82  C2F30743  ubfx   r3, r2, #0x10, #8   ; r3 = 000000c6
T    9B86  4F4C      ldr    r4, [pc, #0x13c]    ;      eb90 <- [0x00009cc4]  r4 = 0000eb90
T    9B88  7C44      add    r4, pc              ; r4 = 0001871c
T    9B8A  04EB8303  add.w  r3, r4, r3, lsl #2  ; r3 = 00018a34
T    9B8E  DB78      ldrb   r3, [r3, #3]        ;        b4 <- [0x00018a37]  r3 = 000000b4
T    9B90  81EA0361  eor.w  r1, r1, r3, lsl #24 ; r1 = ec02f468
T    9B94  C2F30723  ubfx   r3, r2, #8, #8      ; r3 = 000000b6
T    9B98  4B4C      ldr    r4, [pc, #0x12c]    ;      ef7e <- [0x00009cc8]  r4 = 0000ef7e
T    9B9A  7C44      add    r4, pc              ; r4 = 00018b1c
T    9B9C  04EB8303  add.w  r3, r4, r3, lsl #2  ; r3 = 00018df4
T    9BA0  9B78      ldrb   r3, [r3, #2]        ;        4e <- [0x00018df6]  r3 = 0000004e
T    9BA2  81EA0341  eor.w  r1, r1, r3, lsl #16 ; r1 = ec4cf468
T    9BA6  D3B2      uxtb   r3, r2              ; r3 = 00000059
T    9BA8  484C      ldr    r4, [pc, #0x120]    ;      f36e <- [0x00009ccc]  r4 = 0000f36e
T    9BAA  7C44      add    r4, pc              ; r4 = 00018f1c
T    9BAC  04EB8303  add.w  r3, r4, r3, lsl #2  ; r3 = 00019080
T    9BB0  5B78      ldrb   r3, [r3, #1]        ;        cb <- [0x00019081]  r3 = 000000cb
T    9BB2  81EA0321  eor.w  r1, r1, r3, lsl #8  ; r1 = ec4c3f68
T    9BB6  120E      lsrs   r2, r2, #0x18       ; r2 = 0000002d
T    9BB8  454B      ldr    r3, [pc, #0x114]    ;      f75e <- [0x00009cd0]  r3 = 0000f75e
T    9BBA  7B44      add    r3, pc              ; r3 = 0001931c
T    9BBC  13F82220  ldrb.w r2, [r3, r2, lsl #2];        d8 <- [0x000193d0]  r2 = 000000d8
T    9BC0  5140      eors   r1, r2              ; r1 = ec4c3fb0
T    9BC2  039A      ldr    r2, [sp, #0xc]      ;         2 <- [0x0dfffdfc]  r2 = 00000002
T    9BC4  434B      ldr    r3, [pc, #0x10c]    ;      fb52 <- [0x00009cd4]  r3 = 0000fb52
T    9BC6  7B44      add    r3, pc              ; r3 = 0001971c
T    9BC8  53F82220  ldr.w  r2, [r3, r2, lsl #2];   4000000 <- [0x00019724]  r2 = 04000000
T    9BCC  5140      eors   r1, r2              ; r1 = e84c3fb0
T    9BCE  0162      str    r1, [r0, #0x20]     ;  [0x0dffff08] <- e84c3fb0
T    9BD0  0798      ldr    r0, [sp, #0x1c]     ;   dfffee8 <- [0x0dfffe0c]  r0 = 0dfffee8
T    9BD2  4168      ldr    r1, [r0, #4]        ;   c46d98a <- [0x0dfffeec]  r1 = 0c46d98a
T    9BD4  026A      ldr    r2, [r0, #0x20]     ;  e84c3fb0 <- [0x0dffff08]  r2 = e84c3fb0
T    9BD6  5140      eors   r1, r2              ; r1 = e40ae63a
T    9BD8  4162      str    r1, [r0, #0x24]     ;  [0x0dffff0c] <- e40ae63a
T    9BDA  0798      ldr    r0, [sp, #0x1c]     ;   dfffee8 <- [0x0dfffe0c]  r0 = 0dfffee8
T    9BDC  8168      ldr    r1, [r0, #8]        ;  3b6d9937 <- [0x0dfffef0]  r1 = 3b6d9937
T    9BDE  426A      ldr    r2, [r0, #0x24]     ;  e40ae63a <- [0x0dffff0c]  r2 = e40ae63a
T    9BE0  5140      eors   r1, r2              ; r1 = df677f0d
T    9BE2  8162      str    r1, [r0, #0x28]     ;  [0x0dffff10] <- df677f0d
T    9BE4  0798      ldr    r0, [sp, #0x1c]     ;   dfffee8 <- [0x0dfffe0c]  r0 = 0dfffee8
T    9BE6  C168      ldr    r1, [r0, #0xc]      ;  7b27b7ee <- [0x0dfffef4]  r1 = 7b27b7ee
T    9BE8  826A      ldr    r2, [r0, #0x28]     ;  df677f0d <- [0x0dffff10]  r2 = df677f0d
T    9BEA  5140      eors   r1, r2              ; r1 = a440c8e3
T    9BEC  C162      str    r1, [r0, #0x2c]     ;  [0x0dffff14] <- a440c8e3
T    9BEE  0398      ldr    r0, [sp, #0xc]      ;         2 <- [0x0dfffdfc]  r0 = 00000002
T    9BF0  0130      adds   r0, #1              ; r0 = 00000003
T    9BF2  0390      str    r0, [sp, #0xc]      ;  [0x0dfffdfc] <- 3
T    9BF4  0728      cmp    r0, #7              ; cpsr = 800001f3
T    9BF6  03D1      bne    #0x9c00             ; pc = 00009c00
T    9C00  0798      ldr    r0, [sp, #0x1c]     ;   dfffee8 <- [0x0dfffe0c]  r0 = 0dfffee8
T    9C02  C06A      ldr    r0, [r0, #0x2c]     ;  a440c8e3 <- [0x0dffff14]  r0 = a440c8e3
T    9C04  0290      str    r0, [sp, #8]        ;  [0x0dfffdf8] <- a440c8e3
T    9C06  0798      ldr    r0, [sp, #0x1c]     ;   dfffee8 <- [0x0dfffe0c]  r0 = 0dfffee8
T    9C08  0169      ldr    r1, [r0, #0x10]     ;  477fea33 <- [0x0dfffef8]  r1 = 477fea33
T    9C0A  029A      ldr    r2, [sp, #8]        ;  a440c8e3 <- [0x0dfffdf8]  r2 = a440c8e3
T    9C0C  130E      lsrs   r3, r2, #0x18       ; r3 = 000000a4
T    9C0E  324C      ldr    r4, [pc, #0xc8]     ;      eb08 <- [0x00009cd8]  r4 = 0000eb08
T    9C10  7C44      add    r4, pc              ; r4 = 0001871c
T    9C12  04EB8303  add.w  r3, r4, r3, lsl #2  ; r3 = 000189ac
T    9C16  DB78      ldrb   r3, [r3, #3]        ;        49 <- [0x000189af]  r3 = 00000049
T    9C18  81EA0361  eor.w  r1, r1, r3, lsl #24 ; r1 = 0e7fea33
T    9C1C  C2F30743  ubfx   r3, r2, #0x10, #8   ; r3 = 00000040
T    9C20  2E4C      ldr    r4, [pc, #0xb8]     ;      eef6 <- [0x00009cdc]  r4 = 0000eef6
T    9C22  7C44      add    r4, pc              ; r4 = 00018b1c
T    9C24  04EB8303  add.w  r3, r4, r3, lsl #2  ; r3 = 00018c1c
T    9C28  9B78      ldrb   r3, [r3, #2]        ;         9 <- [0x00018c1e]  r3 = 00000009
T    9C2A  81EA0341  eor.w  r1, r1, r3, lsl #16 ; r1 = 0e76ea33
T    9C2E  C2F30723  ubfx   r3, r2, #8, #8      ; r3 = 000000c8
T    9C32  2B4C      ldr    r4, [pc, #0xac]     ;      f2e4 <- [0x00009ce0]  r4 = 0000f2e4
T    9C34  7C44      add    r4, pc              ; r4 = 00018f1c
T    9C36  04EB8303  add.w  r3, r4, r3, lsl #2  ; r3 = 0001923c
T    9C3A  5B78      ldrb   r3, [r3, #1]        ;        e8 <- [0x0001923d]  r3 = 000000e8
T    9C3C  81EA0321  eor.w  r1, r1, r3, lsl #8  ; r1 = 0e760233
T    9C40  D2B2      uxtb   r2, r2              ; r2 = 000000e3
T    9C42  284B      ldr    r3, [pc, #0xa0]     ;      f6d4 <- [0x00009ce4]  r3 = 0000f6d4
T    9C44  7B44      add    r3, pc              ; r3 = 0001931c
T    9C46  13F82220  ldrb.w r2, [r3, r2, lsl #2];        11 <- [0x000196a8]  r2 = 00000011
T    9C4A  5140      eors   r1, r2              ; r1 = 0e760222
T    9C4C  0163      str    r1, [r0, #0x30]     ;  [0x0dffff18] <- e760222
T    9C4E  0798      ldr    r0, [sp, #0x1c]     ;   dfffee8 <- [0x0dfffe0c]  r0 = 0dfffee8
T    9C50  4169      ldr    r1, [r0, #0x14]     ;  42a3c477 <- [0x0dfffefc]  r1 = 42a3c477
T    9C52  026B      ldr    r2, [r0, #0x30]     ;   e760222 <- [0x0dffff18]  r2 = 0e760222
T    9C54  5140      eors   r1, r2              ; r1 = 4cd5c655
T    9C56  4163      str    r1, [r0, #0x34]     ;  [0x0dffff1c] <- 4cd5c655
T    9C58  0798      ldr    r0, [sp, #0x1c]     ;   dfffee8 <- [0x0dfffe0c]  r0 = 0dfffee8
T    9C5A  8169      ldr    r1, [r0, #0x18]     ;  301e8457 <- [0x0dffff00]  r1 = 301e8457
T    9C5C  426B      ldr    r2, [r0, #0x34]     ;  4cd5c655 <- [0x0dffff1c]  r2 = 4cd5c655
T    9C5E  5140      eors   r1, r2              ; r1 = 7ccb4202
T    9C60  8163      str    r1, [r0, #0x38]     ;  [0x0dffff20] <- 7ccb4202
T    9C62  0798      ldr    r0, [sp, #0x1c]     ;   dfffee8 <- [0x0dfffe0c]  r0 = 0dfffee8
T    9C64  C169      ldr    r1, [r0, #0x1c]     ;  2dc6b659 <- [0x0dffff04]  r1 = 2dc6b659
T    9C66  826B      ldr    r2, [r0, #0x38]     ;  7ccb4202 <- [0x0dffff20]  r2 = 7ccb4202
T    9C68  5140      eors   r1, r2              ; r1 = 510df45b
T    9C6A  C163      str    r1, [r0, #0x3c]     ;  [0x0dffff24] <- 510df45b
T    9C6C  0798      ldr    r0, [sp, #0x1c]     ;   dfffee8 <- [0x0dfffe0c]  r0 = 0dfffee8
T    9C6E  2030      adds   r0, #0x20           ; r0 = 0dffff08
T    9C70  0790      str    r0, [sp, #0x1c]     ;  [0x0dfffe0c] <- dffff08
T    9C72  80E7      b      #0x9b76             ;
T    9B76  0798      ldr    r0, [sp, #0x1c]     ;   dffff08 <- [0x0dfffe0c]  r0 = 0dffff08
T    9B78  C069      ldr    r0, [r0, #0x1c]     ;  510df45b <- [0x0dffff24]  r0 = 510df45b
T    9B7A  0290      str    r0, [sp, #8]        ;  [0x0dfffdf8] <- 510df45b
T    9B7C  0798      ldr    r0, [sp, #0x1c]     ;   dffff08 <- [0x0dfffe0c]  r0 = 0dffff08
T    9B7E  0168      ldr    r1, [r0]            ;  e84c3fb0 <- [0x0dffff08]  r1 = e84c3fb0
T    9B80  029A      ldr    r2, [sp, #8]        ;  510df45b <- [0x0dfffdf8]  r2 = 510df45b
T    9B82  C2F30743  ubfx   r3, r2, #0x10, #8   ; r3 = 0000000d
T    9B86  4F4C      ldr    r4, [pc, #0x13c]    ;      eb90 <- [0x00009cc4]  r4 = 0000eb90
T    9B88  7C44      add    r4, pc              ; r4 = 0001871c
T    9B8A  04EB8303  add.w  r3, r4, r3, lsl #2  ; r3 = 00018750
T    9B8E  DB78      ldrb   r3, [r3, #3]        ;        d7 <- [0x00018753]  r3 = 000000d7
T    9B90  81EA0361  eor.w  r1, r1, r3, lsl #24 ; r1 = 3f4c3fb0
T    9B94  C2F30723  ubfx   r3, r2, #8, #8      ; r3 = 000000f4
T    9B98  4B4C      ldr    r4, [pc, #0x12c]    ;      ef7e <- [0x00009cc8]  r4 = 0000ef7e
T    9B9A  7C44      add    r4, pc              ; r4 = 00018b1c
T    9B9C  04EB8303  add.w  r3, r4, r3, lsl #2  ; r3 = 00018eec
T    9BA0  9B78      ldrb   r3, [r3, #2]        ;        bf <- [0x00018eee]  r3 = 000000bf
T    9BA2  81EA0341  eor.w  r1, r1, r3, lsl #16 ; r1 = 3ff33fb0
T    9BA6  D3B2      uxtb   r3, r2              ; r3 = 0000005b
T    9BA8  484C      ldr    r4, [pc, #0x120]    ;      f36e <- [0x00009ccc]  r4 = 0000f36e
T    9BAA  7C44      add    r4, pc              ; r4 = 00018f1c
T    9BAC  04EB8303  add.w  r3, r4, r3, lsl #2  ; r3 = 00019088
T    9BB0  5B78      ldrb   r3, [r3, #1]        ;        39 <- [0x00019089]  r3 = 00000039
T    9BB2  81EA0321  eor.w  r1, r1, r3, lsl #8  ; r1 = 3ff306b0
T    9BB6  120E      lsrs   r2, r2, #0x18       ; r2 = 00000051
T    9BB8  454B      ldr    r3, [pc, #0x114]    ;      f75e <- [0x00009cd0]  r3 = 0000f75e
T    9BBA  7B44      add    r3, pc              ; r3 = 0001931c
T    9BBC  13F82220  ldrb.w r2, [r3, r2, lsl #2];        d1 <- [0x00019460]  r2 = 000000d1
T    9BC0  5140      eors   r1, r2              ; r1 = 3ff30661
T    9BC2  039A      ldr    r2, [sp, #0xc]      ;         3 <- [0x0dfffdfc]  r2 = 00000003
T    9BC4  434B      ldr    r3, [pc, #0x10c]    ;      fb52 <- [0x00009cd4]  r3 = 0000fb52
T    9BC6  7B44      add    r3, pc              ; r3 = 0001971c
T    9BC8  53F82220  ldr.w  r2, [r3, r2, lsl #2];   8000000 <- [0x00019728]  r2 = 08000000
T    9BCC  5140      eors   r1, r2              ; r1 = 37f30661
T    9BCE  0162      str    r1, [r0, #0x20]     ;  [0x0dffff28] <- 37f30661
T    9BD0  0798      ldr    r0, [sp, #0x1c]     ;   dffff08 <- [0x0dfffe0c]  r0 = 0dffff08
T    9BD2  4168      ldr    r1, [r0, #4]        ;  e40ae63a <- [0x0dffff0c]  r1 = e40ae63a
T    9BD4  026A      ldr    r2, [r0, #0x20]     ;  37f30661 <- [0x0dffff28]  r2 = 37f30661
T    9BD6  5140      eors   r1, r2              ; r1 = d3f9e05b
T    9BD8  4162      str    r1, [r0, #0x24]     ;  [0x0dffff2c] <- d3f9e05b
T    9BDA  0798      ldr    r0, [sp, #0x1c]     ;   dffff08 <- [0x0dfffe0c]  r0 = 0dffff08
T    9BDC  8168      ldr    r1, [r0, #8]        ;  df677f0d <- [0x0dffff10]  r1 = df677f0d
T    9BDE  426A      ldr    r2, [r0, #0x24]     ;  d3f9e05b <- [0x0dffff2c]  r2 = d3f9e05b
T    9BE0  5140      eors   r1, r2              ; r1 = 0c9e9f56
T    9BE2  8162      str    r1, [r0, #0x28]     ;  [0x0dffff30] <- c9e9f56
T    9BE4  0798      ldr    r0, [sp, #0x1c]     ;   dffff08 <- [0x0dfffe0c]  r0 = 0dffff08
T    9BE6  C168      ldr    r1, [r0, #0xc]      ;  a440c8e3 <- [0x0dffff14]  r1 = a440c8e3
T    9BE8  826A      ldr    r2, [r0, #0x28]     ;   c9e9f56 <- [0x0dffff30]  r2 = 0c9e9f56
T    9BEA  5140      eors   r1, r2              ; r1 = a8de57b5
T    9BEC  C162      str    r1, [r0, #0x2c]     ;  [0x0dffff34] <- a8de57b5
T    9BEE  0398      ldr    r0, [sp, #0xc]      ;         3 <- [0x0dfffdfc]  r0 = 00000003
T    9BF0  0130      adds   r0, #1              ; r0 = 00000004
T    9BF2  0390      str    r0, [sp, #0xc]      ;  [0x0dfffdfc] <- 4
T    9BF4  0728      cmp    r0, #7              ; cpsr = 800001f3
T    9BF6  03D1      bne    #0x9c00             ; pc = 00009c00
T    9C00  0798      ldr    r0, [sp, #0x1c]     ;   dffff08 <- [0x0dfffe0c]  r0 = 0dffff08
T    9C02  C06A      ldr    r0, [r0, #0x2c]     ;  a8de57b5 <- [0x0dffff34]  r0 = a8de57b5
T    9C04  0290      str    r0, [sp, #8]        ;  [0x0dfffdf8] <- a8de57b5
T    9C06  0798      ldr    r0, [sp, #0x1c]     ;   dffff08 <- [0x0dfffe0c]  r0 = 0dffff08
T    9C08  0169      ldr    r1, [r0, #0x10]     ;   e760222 <- [0x0dffff18]  r1 = 0e760222
T    9C0A  029A      ldr    r2, [sp, #8]        ;  a8de57b5 <- [0x0dfffdf8]  r2 = a8de57b5
T    9C0C  130E      lsrs   r3, r2, #0x18       ; r3 = 000000a8
T    9C0E  324C      ldr    r4, [pc, #0xc8]     ;      eb08 <- [0x00009cd8]  r4 = 0000eb08
T    9C10  7C44      add    r4, pc              ; r4 = 0001871c
T    9C12  04EB8303  add.w  r3, r4, r3, lsl #2  ; r3 = 000189bc
T    9C16  DB78      ldrb   r3, [r3, #3]        ;        c2 <- [0x000189bf]  r3 = 000000c2
T    9C18  81EA0361  eor.w  r1, r1, r3, lsl #24 ; r1 = cc760222
T    9C1C  C2F30743  ubfx   r3, r2, #0x10, #8   ; r3 = 000000de
T    9C20  2E4C      ldr    r4, [pc, #0xb8]     ;      eef6 <- [0x00009cdc]  r4 = 0000eef6
T    9C22  7C44      add    r4, pc              ; r4 = 00018b1c
T    9C24  04EB8303  add.w  r3, r4, r3, lsl #2  ; r3 = 00018e94
T    9C28  9B78      ldrb   r3, [r3, #2]        ;        1d <- [0x00018e96]  r3 = 0000001d
T    9C2A  81EA0341  eor.w  r1, r1, r3, lsl #16 ; r1 = cc6b0222
T    9C2E  C2F30723  ubfx   r3, r2, #8, #8      ; r3 = 00000057
T    9C32  2B4C      ldr    r4, [pc, #0xac]     ;      f2e4 <- [0x00009ce0]  r4 = 0000f2e4
T    9C34  7C44      add    r4, pc              ; r4 = 00018f1c
T    9C36  04EB8303  add.w  r3, r4, r3, lsl #2  ; r3 = 00019078
T    9C3A  5B78      ldrb   r3, [r3, #1]        ;        5b <- [0x00019079]  r3 = 0000005b
T    9C3C  81EA0321  eor.w  r1, r1, r3, lsl #8  ; r1 = cc6b5922
T    9C40  D2B2      uxtb   r2, r2              ; r2 = 000000b5
T    9C42  284B      ldr    r3, [pc, #0xa0]     ;      f6d4 <- [0x00009ce4]  r3 = 0000f6d4
T    9C44  7B44      add    r3, pc              ; r3 = 0001931c
T    9C46  13F82220  ldrb.w r2, [r3, r2, lsl #2];        d5 <- [0x000195f0]  r2 = 000000d5
T    9C4A  5140      eors   r1, r2              ; r1 = cc6b59f7
T    9C4C  0163      str    r1, [r0, #0x30]     ;  [0x0dffff38] <- cc6b59f7
T    9C4E  0798      ldr    r0, [sp, #0x1c]     ;   dffff08 <- [0x0dfffe0c]  r0 = 0dffff08
T    9C50  4169      ldr    r1, [r0, #0x14]     ;  4cd5c655 <- [0x0dffff1c]  r1 = 4cd5c655
T    9C52  026B      ldr    r2, [r0, #0x30]     ;  cc6b59f7 <- [0x0dffff38]  r2 = cc6b59f7
T    9C54  5140      eors   r1, r2              ; r1 = 80be9fa2
T    9C56  4163      str    r1, [r0, #0x34]     ;  [0x0dffff3c] <- 80be9fa2
T    9C58  0798      ldr    r0, [sp, #0x1c]     ;   dffff08 <- [0x0dfffe0c]  r0 = 0dffff08
T    9C5A  8169      ldr    r1, [r0, #0x18]     ;  7ccb4202 <- [0x0dffff20]  r1 = 7ccb4202
T    9C5C  426B      ldr    r2, [r0, #0x34]     ;  80be9fa2 <- [0x0dffff3c]  r2 = 80be9fa2
T    9C5E  5140      eors   r1, r2              ; r1 = fc75dda0
T    9C60  8163      str    r1, [r0, #0x38]     ;  [0x0dffff40] <- fc75dda0
T    9C62  0798      ldr    r0, [sp, #0x1c]     ;   dffff08 <- [0x0dfffe0c]  r0 = 0dffff08
T    9C64  C169      ldr    r1, [r0, #0x1c]     ;  510df45b <- [0x0dffff24]  r1 = 510df45b
T    9C66  826B      ldr    r2, [r0, #0x38]     ;  fc75dda0 <- [0x0dffff40]  r2 = fc75dda0
T    9C68  5140      eors   r1, r2              ; r1 = ad7829fb
T    9C6A  C163      str    r1, [r0, #0x3c]     ;  [0x0dffff44] <- ad7829fb
T    9C6C  0798      ldr    r0, [sp, #0x1c]     ;   dffff08 <- [0x0dfffe0c]  r0 = 0dffff08
T    9C6E  2030      adds   r0, #0x20           ; r0 = 0dffff28
T    9C70  0790      str    r0, [sp, #0x1c]     ;  [0x0dfffe0c] <- dffff28
T    9C72  80E7      b      #0x9b76             ;
T    9B76  0798      ldr    r0, [sp, #0x1c]     ;   dffff28 <- [0x0dfffe0c]  r0 = 0dffff28
T    9B78  C069      ldr    r0, [r0, #0x1c]     ;  ad7829fb <- [0x0dffff44]  r0 = ad7829fb
T    9B7A  0290      str    r0, [sp, #8]        ;  [0x0dfffdf8] <- ad7829fb
T    9B7C  0798      ldr    r0, [sp, #0x1c]     ;   dffff28 <- [0x0dfffe0c]  r0 = 0dffff28
T    9B7E  0168      ldr    r1, [r0]            ;  37f30661 <- [0x0dffff28]  r1 = 37f30661
T    9B80  029A      ldr    r2, [sp, #8]        ;  ad7829fb <- [0x0dfffdf8]  r2 = ad7829fb
T    9B82  C2F30743  ubfx   r3, r2, #0x10, #8   ; r3 = 00000078
T    9B86  4F4C      ldr    r4, [pc, #0x13c]    ;      eb90 <- [0x00009cc4]  r4 = 0000eb90
T    9B88  7C44      add    r4, pc              ; r4 = 0001871c
T    9B8A  04EB8303  add.w  r3, r4, r3, lsl #2  ; r3 = 000188fc
T    9B8E  DB78      ldrb   r3, [r3, #3]        ;        bc <- [0x000188ff]  r3 = 000000bc
T    9B90  81EA0361  eor.w  r1, r1, r3, lsl #24 ; r1 = 8bf30661
T    9B94  C2F30723  ubfx   r3, r2, #8, #8      ; r3 = 00000029
T    9B98  4B4C      ldr    r4, [pc, #0x12c]    ;      ef7e <- [0x00009cc8]  r4 = 0000ef7e
T    9B9A  7C44      add    r4, pc              ; r4 = 00018b1c
T    9B9C  04EB8303  add.w  r3, r4, r3, lsl #2  ; r3 = 00018bc0
T    9BA0  9B78      ldrb   r3, [r3, #2]        ;        a5 <- [0x00018bc2]  r3 = 000000a5
T    9BA2  81EA0341  eor.w  r1, r1, r3, lsl #16 ; r1 = 8b560661
T    9BA6  D3B2      uxtb   r3, r2              ; r3 = 000000fb
T    9BA8  484C      ldr    r4, [pc, #0x120]    ;      f36e <- [0x00009ccc]  r4 = 0000f36e
T    9BAA  7C44      add    r4, pc              ; r4 = 00018f1c
T    9BAC  04EB8303  add.w  r3, r4, r3, lsl #2  ; r3 = 00019308
T    9BB0  5B78      ldrb   r3, [r3, #1]        ;         f <- [0x00019309]  r3 = 0000000f
T    9BB2  81EA0321  eor.w  r1, r1, r3, lsl #8  ; r1 = 8b560961
T    9BB6  120E      lsrs   r2, r2, #0x18       ; r2 = 000000ad
T    9BB8  454B      ldr    r3, [pc, #0x114]    ;      f75e <- [0x00009cd0]  r3 = 0000f75e
T    9BBA  7B44      add    r3, pc              ; r3 = 0001931c
T    9BBC  13F82220  ldrb.w r2, [r3, r2, lsl #2];        95 <- [0x000195d0]  r2 = 00000095
T    9BC0  5140      eors   r1, r2              ; r1 = 8b5609f4
T    9BC2  039A      ldr    r2, [sp, #0xc]      ;         4 <- [0x0dfffdfc]  r2 = 00000004
T    9BC4  434B      ldr    r3, [pc, #0x10c]    ;      fb52 <- [0x00009cd4]  r3 = 0000fb52
T    9BC6  7B44      add    r3, pc              ; r3 = 0001971c
T    9BC8  53F82220  ldr.w  r2, [r3, r2, lsl #2];  10000000 <- [0x0001972c]  r2 = 10000000
T    9BCC  5140      eors   r1, r2              ; r1 = 9b5609f4
T    9BCE  0162      str    r1, [r0, #0x20]     ;  [0x0dffff48] <- 9b5609f4
T    9BD0  0798      ldr    r0, [sp, #0x1c]     ;   dffff28 <- [0x0dfffe0c]  r0 = 0dffff28
T    9BD2  4168      ldr    r1, [r0, #4]        ;  d3f9e05b <- [0x0dffff2c]  r1 = d3f9e05b
T    9BD4  026A      ldr    r2, [r0, #0x20]     ;  9b5609f4 <- [0x0dffff48]  r2 = 9b5609f4
T    9BD6  5140      eors   r1, r2              ; r1 = 48afe9af
T    9BD8  4162      str    r1, [r0, #0x24]     ;  [0x0dffff4c] <- 48afe9af
T    9BDA  0798      ldr    r0, [sp, #0x1c]     ;   dffff28 <- [0x0dfffe0c]  r0 = 0dffff28
T    9BDC  8168      ldr    r1, [r0, #8]        ;   c9e9f56 <- [0x0dffff30]  r1 = 0c9e9f56
T    9BDE  426A      ldr    r2, [r0, #0x24]     ;  48afe9af <- [0x0dffff4c]  r2 = 48afe9af
T    9BE0  5140      eors   r1, r2              ; r1 = 443176f9
T    9BE2  8162      str    r1, [r0, #0x28]     ;  [0x0dffff50] <- 443176f9
T    9BE4  0798      ldr    r0, [sp, #0x1c]     ;   dffff28 <- [0x0dfffe0c]  r0 = 0dffff28
T    9BE6  C168      ldr    r1, [r0, #0xc]      ;  a8de57b5 <- [0x0dffff34]  r1 = a8de57b5
T    9BE8  826A      ldr    r2, [r0, #0x28]     ;  443176f9 <- [0x0dffff50]  r2 = 443176f9
T    9BEA  5140      eors   r1, r2              ; r1 = ecef214c
T    9BEC  C162      str    r1, [r0, #0x2c]     ;  [0x0dffff54] <- ecef214c
T    9BEE  0398      ldr    r0, [sp, #0xc]      ;         4 <- [0x0dfffdfc]  r0 = 00000004
T    9BF0  0130      adds   r0, #1              ; r0 = 00000005
T    9BF2  0390      str    r0, [sp, #0xc]      ;  [0x0dfffdfc] <- 5
T    9BF4  0728      cmp    r0, #7              ; cpsr = 800001f3
T    9BF6  03D1      bne    #0x9c00             ; pc = 00009c00
T    9C00  0798      ldr    r0, [sp, #0x1c]     ;   dffff28 <- [0x0dfffe0c]  r0 = 0dffff28
T    9C02  C06A      ldr    r0, [r0, #0x2c]     ;  ecef214c <- [0x0dffff54]  r0 = ecef214c
T    9C04  0290      str    r0, [sp, #8]        ;  [0x0dfffdf8] <- ecef214c
T    9C06  0798      ldr    r0, [sp, #0x1c]     ;   dffff28 <- [0x0dfffe0c]  r0 = 0dffff28
T    9C08  0169      ldr    r1, [r0, #0x10]     ;  cc6b59f7 <- [0x0dffff38]  r1 = cc6b59f7
T    9C0A  029A      ldr    r2, [sp, #8]        ;  ecef214c <- [0x0dfffdf8]  r2 = ecef214c
T    9C0C  130E      lsrs   r3, r2, #0x18       ; r3 = 000000ec
T    9C0E  324C      ldr    r4, [pc, #0xc8]     ;      eb08 <- [0x00009cd8]  r4 = 0000eb08
T    9C10  7C44      add    r4, pc              ; r4 = 0001871c
T    9C12  04EB8303  add.w  r3, r4, r3, lsl #2  ; r3 = 00018acc
T    9C16  DB78      ldrb   r3, [r3, #3]        ;        ce <- [0x00018acf]  r3 = 000000ce
T    9C18  81EA0361  eor.w  r1, r1, r3, lsl #24 ; r1 = 026b59f7
T    9C1C  C2F30743  ubfx   r3, r2, #0x10, #8   ; r3 = 000000ef
T    9C20  2E4C      ldr    r4, [pc, #0xb8]     ;      eef6 <- [0x00009cdc]  r4 = 0000eef6
T    9C22  7C44      add    r4, pc              ; r4 = 00018b1c
T    9C24  04EB8303  add.w  r3, r4, r3, lsl #2  ; r3 = 00018ed8
T    9C28  9B78      ldrb   r3, [r3, #2]        ;        df <- [0x00018eda]  r3 = 000000df
T    9C2A  81EA0341  eor.w  r1, r1, r3, lsl #16 ; r1 = 02b459f7
T    9C2E  C2F30723  ubfx   r3, r2, #8, #8      ; r3 = 00000021
T    9C32  2B4C      ldr    r4, [pc, #0xac]     ;      f2e4 <- [0x00009ce0]  r4 = 0000f2e4
T    9C34  7C44      add    r4, pc              ; r4 = 00018f1c
T    9C36  04EB8303  add.w  r3, r4, r3, lsl #2  ; r3 = 00018fa0
T    9C3A  5B78      ldrb   r3, [r3, #1]        ;        fd <- [0x00018fa1]  r3 = 000000fd
T    9C3C  81EA0321  eor.w  r1, r1, r3, lsl #8  ; r1 = 02b4a4f7
T    9C40  D2B2      uxtb   r2, r2              ; r2 = 0000004c
T    9C42  284B      ldr    r3, [pc, #0xa0]     ;      f6d4 <- [0x00009ce4]  r3 = 0000f6d4
T    9C44  7B44      add    r3, pc              ; r3 = 0001931c
T    9C46  13F82220  ldrb.w r2, [r3, r2, lsl #2];        29 <- [0x0001944c]  r2 = 00000029
T    9C4A  5140      eors   r1, r2              ; r1 = 02b4a4de
T    9C4C  0163      str    r1, [r0, #0x30]     ;  [0x0dffff58] <- 2b4a4de
T    9C4E  0798      ldr    r0, [sp, #0x1c]     ;   dffff28 <- [0x0dfffe0c]  r0 = 0dffff28
T    9C50  4169      ldr    r1, [r0, #0x14]     ;  80be9fa2 <- [0x0dffff3c]  r1 = 80be9fa2
T    9C52  026B      ldr    r2, [r0, #0x30]     ;   2b4a4de <- [0x0dffff58]  r2 = 02b4a4de
T    9C54  5140      eors   r1, r2              ; r1 = 820a3b7c
T    9C56  4163      str    r1, [r0, #0x34]     ;  [0x0dffff5c] <- 820a3b7c
T    9C58  0798      ldr    r0, [sp, #0x1c]     ;   dffff28 <- [0x0dfffe0c]  r0 = 0dffff28
T    9C5A  8169      ldr    r1, [r0, #0x18]     ;  fc75dda0 <- [0x0dffff40]  r1 = fc75dda0
T    9C5C  426B      ldr    r2, [r0, #0x34]     ;  820a3b7c <- [0x0dffff5c]  r2 = 820a3b7c
T    9C5E  5140      eors   r1, r2              ; r1 = 7e7fe6dc
T    9C60  8163      str    r1, [r0, #0x38]     ;  [0x0dffff60] <- 7e7fe6dc
T    9C62  0798      ldr    r0, [sp, #0x1c]     ;   dffff28 <- [0x0dfffe0c]  r0 = 0dffff28
T    9C64  C169      ldr    r1, [r0, #0x1c]     ;  ad7829fb <- [0x0dffff44]  r1 = ad7829fb
T    9C66  826B      ldr    r2, [r0, #0x38]     ;  7e7fe6dc <- [0x0dffff60]  r2 = 7e7fe6dc
T    9C68  5140      eors   r1, r2              ; r1 = d307cf27
T    9C6A  C163      str    r1, [r0, #0x3c]     ;  [0x0dffff64] <- d307cf27
T    9C6C  0798      ldr    r0, [sp, #0x1c]     ;   dffff28 <- [0x0dfffe0c]  r0 = 0dffff28
T    9C6E  2030      adds   r0, #0x20           ; r0 = 0dffff48
T    9C70  0790      str    r0, [sp, #0x1c]     ;  [0x0dfffe0c] <- dffff48
T    9C72  80E7      b      #0x9b76             ;
T    9B76  0798      ldr    r0, [sp, #0x1c]     ;   dffff48 <- [0x0dfffe0c]  r0 = 0dffff48
T    9B78  C069      ldr    r0, [r0, #0x1c]     ;  d307cf27 <- [0x0dffff64]  r0 = d307cf27
T    9B7A  0290      str    r0, [sp, #8]        ;  [0x0dfffdf8] <- d307cf27
T    9B7C  0798      ldr    r0, [sp, #0x1c]     ;   dffff48 <- [0x0dfffe0c]  r0 = 0dffff48
T    9B7E  0168      ldr    r1, [r0]            ;  9b5609f4 <- [0x0dffff48]  r1 = 9b5609f4
T    9B80  029A      ldr    r2, [sp, #8]        ;  d307cf27 <- [0x0dfffdf8]  r2 = d307cf27
T    9B82  C2F30743  ubfx   r3, r2, #0x10, #8   ; r3 = 00000007
T    9B86  4F4C      ldr    r4, [pc, #0x13c]    ;      eb90 <- [0x00009cc4]  r4 = 0000eb90
T    9B88  7C44      add    r4, pc              ; r4 = 0001871c
T    9B8A  04EB8303  add.w  r3, r4, r3, lsl #2  ; r3 = 00018738
T    9B8E  DB78      ldrb   r3, [r3, #3]        ;        c5 <- [0x0001873b]  r3 = 000000c5
T    9B90  81EA0361  eor.w  r1, r1, r3, lsl #24 ; r1 = 5e5609f4
T    9B94  C2F30723  ubfx   r3, r2, #8, #8      ; r3 = 000000cf
T    9B98  4B4C      ldr    r4, [pc, #0x12c]    ;      ef7e <- [0x00009cc8]  r4 = 0000ef7e
T    9B9A  7C44      add    r4, pc              ; r4 = 00018b1c
T    9B9C  04EB8303  add.w  r3, r4, r3, lsl #2  ; r3 = 00018e58
T    9BA0  9B78      ldrb   r3, [r3, #2]        ;        8a <- [0x00018e5a]  r3 = 0000008a
T    9BA2  81EA0341  eor.w  r1, r1, r3, lsl #16 ; r1 = 5edc09f4
T    9BA6  D3B2      uxtb   r3, r2              ; r3 = 00000027
T    9BA8  484C      ldr    r4, [pc, #0x120]    ;      f36e <- [0x00009ccc]  r4 = 0000f36e
T    9BAA  7C44      add    r4, pc              ; r4 = 00018f1c
T    9BAC  04EB8303  add.w  r3, r4, r3, lsl #2  ; r3 = 00018fb8
T    9BB0  5B78      ldrb   r3, [r3, #1]        ;        cc <- [0x00018fb9]  r3 = 000000cc
T    9BB2  81EA0321  eor.w  r1, r1, r3, lsl #8  ; r1 = 5edcc5f4
T    9BB6  120E      lsrs   r2, r2, #0x18       ; r2 = 000000d3
T    9BB8  454B      ldr    r3, [pc, #0x114]    ;      f75e <- [0x00009cd0]  r3 = 0000f75e
T    9BBA  7B44      add    r3, pc              ; r3 = 0001931c
T    9BBC  13F82220  ldrb.w r2, [r3, r2, lsl #2];        66 <- [0x00019668]  r2 = 00000066
T    9BC0  5140      eors   r1, r2              ; r1 = 5edcc592
T    9BC2  039A      ldr    r2, [sp, #0xc]      ;         5 <- [0x0dfffdfc]  r2 = 00000005
T    9BC4  434B      ldr    r3, [pc, #0x10c]    ;      fb52 <- [0x00009cd4]  r3 = 0000fb52
T    9BC6  7B44      add    r3, pc              ; r3 = 0001971c
T    9BC8  53F82220  ldr.w  r2, [r3, r2, lsl #2];  20000000 <- [0x00019730]  r2 = 20000000
T    9BCC  5140      eors   r1, r2              ; r1 = 7edcc592
T    9BCE  0162      str    r1, [r0, #0x20]     ;  [0x0dffff68] <- 7edcc592
T    9BD0  0798      ldr    r0, [sp, #0x1c]     ;   dffff48 <- [0x0dfffe0c]  r0 = 0dffff48
T    9BD2  4168      ldr    r1, [r0, #4]        ;  48afe9af <- [0x0dffff4c]  r1 = 48afe9af
T    9BD4  026A      ldr    r2, [r0, #0x20]     ;  7edcc592 <- [0x0dffff68]  r2 = 7edcc592
T    9BD6  5140      eors   r1, r2              ; r1 = 36732c3d
T    9BD8  4162      str    r1, [r0, #0x24]     ;  [0x0dffff6c] <- 36732c3d
T    9BDA  0798      ldr    r0, [sp, #0x1c]     ;   dffff48 <- [0x0dfffe0c]  r0 = 0dffff48
T    9BDC  8168      ldr    r1, [r0, #8]        ;  443176f9 <- [0x0dffff50]  r1 = 443176f9
T    9BDE  426A      ldr    r2, [r0, #0x24]     ;  36732c3d <- [0x0dffff6c]  r2 = 36732c3d
T    9BE0  5140      eors   r1, r2              ; r1 = 72425ac4
T    9BE2  8162      str    r1, [r0, #0x28]     ;  [0x0dffff70] <- 72425ac4
T    9BE4  0798      ldr    r0, [sp, #0x1c]     ;   dffff48 <- [0x0dfffe0c]  r0 = 0dffff48
T    9BE6  C168      ldr    r1, [r0, #0xc]      ;  ecef214c <- [0x0dffff54]  r1 = ecef214c
T    9BE8  826A      ldr    r2, [r0, #0x28]     ;  72425ac4 <- [0x0dffff70]  r2 = 72425ac4
T    9BEA  5140      eors   r1, r2              ; r1 = 9ead7b88
T    9BEC  C162      str    r1, [r0, #0x2c]     ;  [0x0dffff74] <- 9ead7b88
T    9BEE  0398      ldr    r0, [sp, #0xc]      ;         5 <- [0x0dfffdfc]  r0 = 00000005
T    9BF0  0130      adds   r0, #1              ; r0 = 00000006
T    9BF2  0390      str    r0, [sp, #0xc]      ;  [0x0dfffdfc] <- 6
T    9BF4  0728      cmp    r0, #7              ; cpsr = 800001f3
T    9BF6  03D1      bne    #0x9c00             ; pc = 00009c00
T    9C00  0798      ldr    r0, [sp, #0x1c]     ;   dffff48 <- [0x0dfffe0c]  r0 = 0dffff48
T    9C02  C06A      ldr    r0, [r0, #0x2c]     ;  9ead7b88 <- [0x0dffff74]  r0 = 9ead7b88
T    9C04  0290      str    r0, [sp, #8]        ;  [0x0dfffdf8] <- 9ead7b88
T    9C06  0798      ldr    r0, [sp, #0x1c]     ;   dffff48 <- [0x0dfffe0c]  r0 = 0dffff48
T    9C08  0169      ldr    r1, [r0, #0x10]     ;   2b4a4de <- [0x0dffff58]  r1 = 02b4a4de
T    9C0A  029A      ldr    r2, [sp, #8]        ;  9ead7b88 <- [0x0dfffdf8]  r2 = 9ead7b88
T    9C0C  130E      lsrs   r3, r2, #0x18       ; r3 = 0000009e
T    9C0E  324C      ldr    r4, [pc, #0xc8]     ;      eb08 <- [0x00009cd8]  r4 = 0000eb08
T    9C10  7C44      add    r4, pc              ; r4 = 0001871c
T    9C12  04EB8303  add.w  r3, r4, r3, lsl #2  ; r3 = 00018994
T    9C16  DB78      ldrb   r3, [r3, #3]        ;         b <- [0x00018997]  r3 = 0000000b
T    9C18  81EA0361  eor.w  r1, r1, r3, lsl #24 ; r1 = 09b4a4de
T    9C1C  C2F30743  ubfx   r3, r2, #0x10, #8   ; r3 = 000000ad
T    9C20  2E4C      ldr    r4, [pc, #0xb8]     ;      eef6 <- [0x00009cdc]  r4 = 0000eef6
T    9C22  7C44      add    r4, pc              ; r4 = 00018b1c
T    9C24  04EB8303  add.w  r3, r4, r3, lsl #2  ; r3 = 00018dd0
T    9C28  9B78      ldrb   r3, [r3, #2]        ;        95 <- [0x00018dd2]  r3 = 00000095
T    9C2A  81EA0341  eor.w  r1, r1, r3, lsl #16 ; r1 = 0921a4de
T    9C2E  C2F30723  ubfx   r3, r2, #8, #8      ; r3 = 0000007b
T    9C32  2B4C      ldr    r4, [pc, #0xac]     ;      f2e4 <- [0x00009ce0]  r4 = 0000f2e4
T    9C34  7C44      add    r4, pc              ; r4 = 00018f1c
T    9C36  04EB8303  add.w  r3, r4, r3, lsl #2  ; r3 = 00019108
T    9C3A  5B78      ldrb   r3, [r3, #1]        ;        21 <- [0x00019109]  r3 = 00000021
T    9C3C  81EA0321  eor.w  r1, r1, r3, lsl #8  ; r1 = 092185de
T    9C40  D2B2      uxtb   r2, r2              ; r2 = 00000088
T    9C42  284B      ldr    r3, [pc, #0xa0]     ;      f6d4 <- [0x00009ce4]  r3 = 0000f6d4
T    9C44  7B44      add    r3, pc              ; r3 = 0001931c
T    9C46  13F82220  ldrb.w r2, [r3, r2, lsl #2];        c4 <- [0x0001953c]  r2 = 000000c4
T    9C4A  5140      eors   r1, r2              ; r1 = 0921851a
T    9C4C  0163      str    r1, [r0, #0x30]     ;  [0x0dffff78] <- 921851a
T    9C4E  0798      ldr    r0, [sp, #0x1c]     ;   dffff48 <- [0x0dfffe0c]  r0 = 0dffff48
T    9C50  4169      ldr    r1, [r0, #0x14]     ;  820a3b7c <- [0x0dffff5c]  r1 = 820a3b7c
T    9C52  026B      ldr    r2, [r0, #0x30]     ;   921851a <- [0x0dffff78]  r2 = 0921851a
T    9C54  5140      eors   r1, r2              ; r1 = 8b2bbe66
T    9C56  4163      str    r1, [r0, #0x34]     ;  [0x0dffff7c] <- 8b2bbe66
T    9C58  0798      ldr    r0, [sp, #0x1c]     ;   dffff48 <- [0x0dfffe0c]  r0 = 0dffff48
T    9C5A  8169      ldr    r1, [r0, #0x18]     ;  7e7fe6dc <- [0x0dffff60]  r1 = 7e7fe6dc
T    9C5C  426B      ldr    r2, [r0, #0x34]     ;  8b2bbe66 <- [0x0dffff7c]  r2 = 8b2bbe66
T    9C5E  5140      eors   r1, r2              ; r1 = f55458ba
T    9C60  8163      str    r1, [r0, #0x38]     ;  [0x0dffff80] <- f55458ba
T    9C62  0798      ldr    r0, [sp, #0x1c]     ;   dffff48 <- [0x0dfffe0c]  r0 = 0dffff48
T    9C64  C169      ldr    r1, [r0, #0x1c]     ;  d307cf27 <- [0x0dffff64]  r1 = d307cf27
T    9C66  826B      ldr    r2, [r0, #0x38]     ;  f55458ba <- [0x0dffff80]  r2 = f55458ba
T    9C68  5140      eors   r1, r2              ; r1 = 2653979d
T    9C6A  C163      str    r1, [r0, #0x3c]     ;  [0x0dffff84] <- 2653979d
T    9C6C  0798      ldr    r0, [sp, #0x1c]     ;   dffff48 <- [0x0dfffe0c]  r0 = 0dffff48
T    9C6E  2030      adds   r0, #0x20           ; r0 = 0dffff68
T    9C70  0790      str    r0, [sp, #0x1c]     ;  [0x0dfffe0c] <- dffff68
T    9C72  80E7      b      #0x9b76             ;
T    9B76  0798      ldr    r0, [sp, #0x1c]     ;   dffff68 <- [0x0dfffe0c]  r0 = 0dffff68
T    9B78  C069      ldr    r0, [r0, #0x1c]     ;  2653979d <- [0x0dffff84]  r0 = 2653979d
T    9B7A  0290      str    r0, [sp, #8]        ;  [0x0dfffdf8] <- 2653979d
T    9B7C  0798      ldr    r0, [sp, #0x1c]     ;   dffff68 <- [0x0dfffe0c]  r0 = 0dffff68
T    9B7E  0168      ldr    r1, [r0]            ;  7edcc592 <- [0x0dffff68]  r1 = 7edcc592
T    9B80  029A      ldr    r2, [sp, #8]        ;  2653979d <- [0x0dfffdf8]  r2 = 2653979d
T    9B82  C2F30743  ubfx   r3, r2, #0x10, #8   ; r3 = 00000053
T    9B86  4F4C      ldr    r4, [pc, #0x13c]    ;      eb90 <- [0x00009cc4]  r4 = 0000eb90
T    9B88  7C44      add    r4, pc              ; r4 = 0001871c
T    9B8A  04EB8303  add.w  r3, r4, r3, lsl #2  ; r3 = 00018868
T    9B8E  DB78      ldrb   r3, [r3, #3]        ;        ed <- [0x0001886b]  r3 = 000000ed
T    9B90  81EA0361  eor.w  r1, r1, r3, lsl #24 ; r1 = 93dcc592
T    9B94  C2F30723  ubfx   r3, r2, #8, #8      ; r3 = 00000097
T    9B98  4B4C      ldr    r4, [pc, #0x12c]    ;      ef7e <- [0x00009cc8]  r4 = 0000ef7e
T    9B9A  7C44      add    r4, pc              ; r4 = 00018b1c
T    9B9C  04EB8303  add.w  r3, r4, r3, lsl #2  ; r3 = 00018d78
T    9BA0  9B78      ldrb   r3, [r3, #2]        ;        88 <- [0x00018d7a]  r3 = 00000088
T    9BA2  81EA0341  eor.w  r1, r1, r3, lsl #16 ; r1 = 9354c592
T    9BA6  D3B2      uxtb   r3, r2              ; r3 = 0000009d
T    9BA8  484C      ldr    r4, [pc, #0x120]    ;      f36e <- [0x00009ccc]  r4 = 0000f36e
T    9BAA  7C44      add    r4, pc              ; r4 = 00018f1c
T    9BAC  04EB8303  add.w  r3, r4, r3, lsl #2  ; r3 = 00019190
T    9BB0  5B78      ldrb   r3, [r3, #1]        ;        5e <- [0x00019191]  r3 = 0000005e
T    9BB2  81EA0321  eor.w  r1, r1, r3, lsl #8  ; r1 = 93549b92
T    9BB6  120E      lsrs   r2, r2, #0x18       ; r2 = 00000026
T    9BB8  454B      ldr    r3, [pc, #0x114]    ;      f75e <- [0x00009cd0]  r3 = 0000f75e
T    9BBA  7B44      add    r3, pc              ; r3 = 0001931c
T    9BBC  13F82220  ldrb.w r2, [r3, r2, lsl #2];        f7 <- [0x000193b4]  r2 = 000000f7
T    9BC0  5140      eors   r1, r2              ; r1 = 93549b65
T    9BC2  039A      ldr    r2, [sp, #0xc]      ;         6 <- [0x0dfffdfc]  r2 = 00000006
T    9BC4  434B      ldr    r3, [pc, #0x10c]    ;      fb52 <- [0x00009cd4]  r3 = 0000fb52
T    9BC6  7B44      add    r3, pc              ; r3 = 0001971c
T    9BC8  53F82220  ldr.w  r2, [r3, r2, lsl #2];  40000000 <- [0x00019734]  r2 = 40000000
T    9BCC  5140      eors   r1, r2              ; r1 = d3549b65
T    9BCE  0162      str    r1, [r0, #0x20]     ;  [0x0dffff88] <- d3549b65
T    9BD0  0798      ldr    r0, [sp, #0x1c]     ;   dffff68 <- [0x0dfffe0c]  r0 = 0dffff68
T    9BD2  4168      ldr    r1, [r0, #4]        ;  36732c3d <- [0x0dffff6c]  r1 = 36732c3d
T    9BD4  026A      ldr    r2, [r0, #0x20]     ;  d3549b65 <- [0x0dffff88]  r2 = d3549b65
T    9BD6  5140      eors   r1, r2              ; r1 = e527b758
T    9BD8  4162      str    r1, [r0, #0x24]     ;  [0x0dffff8c] <- e527b758
T    9BDA  0798      ldr    r0, [sp, #0x1c]     ;   dffff68 <- [0x0dfffe0c]  r0 = 0dffff68
T    9BDC  8168      ldr    r1, [r0, #8]        ;  72425ac4 <- [0x0dffff70]  r1 = 72425ac4
T    9BDE  426A      ldr    r2, [r0, #0x24]     ;  e527b758 <- [0x0dffff8c]  r2 = e527b758
T    9BE0  5140      eors   r1, r2              ; r1 = 9765ed9c
T    9BE2  8162      str    r1, [r0, #0x28]     ;  [0x0dffff90] <- 9765ed9c
T    9BE4  0798      ldr    r0, [sp, #0x1c]     ;   dffff68 <- [0x0dfffe0c]  r0 = 0dffff68
T    9BE6  C168      ldr    r1, [r0, #0xc]      ;  9ead7b88 <- [0x0dffff74]  r1 = 9ead7b88
T    9BE8  826A      ldr    r2, [r0, #0x28]     ;  9765ed9c <- [0x0dffff90]  r2 = 9765ed9c
T    9BEA  5140      eors   r1, r2              ; r1 = 09c89614
T    9BEC  C162      str    r1, [r0, #0x2c]     ;  [0x0dffff94] <- 9c89614
T    9BEE  0398      ldr    r0, [sp, #0xc]      ;         6 <- [0x0dfffdfc]  r0 = 00000006
T    9BF0  0130      adds   r0, #1              ; r0 = 00000007
T    9BF2  0390      str    r0, [sp, #0xc]      ;  [0x0dfffdfc] <- 7
T    9BF4  0728      cmp    r0, #7              ; cpsr = 600001f3
T    9BF6  03D1      bne    #0x9c00             ; pc = 00009bf8
T    9BF8  FFE7      b      #0x9bfa             ;
T    9BFA  0020      movs   r0, #0              ; r0 = 00000000
T    9BFC  0690      str    r0, [sp, #0x18]     ;  [0x0dfffe08] <- 0
T    9BFE  3CE0      b      #0x9c7a             ;
T    9C7A  0698      ldr    r0, [sp, #0x18]     ;         0 <- [0x0dfffe08]  r0 = 00000000
T    9C7C  1A49      ldr    r1, [pc, #0x68]     ;     15112 <- [0x00009ce8]  r1 = 00015112
T    9C7E  7944      add    r1, pc              ; r1 = 0001ed94
T    9C80  0968      ldr    r1, [r1]            ;         0 <- [0x0001ed94]  r1 = 00000000
T    9C82  0968      ldr    r1, [r1]            ;  464c457f <- [0x00000000]  r1 = 464c457f
T    9C84  099A      ldr    r2, [sp, #0x24]     ;  464c457f <- [0x0dfffe14]  r2 = 464c457f
T    9C86  9142      cmp    r1, r2              ; cpsr = 600001f3
T    9C88  0190      str    r0, [sp, #4]        ;  [0x0dfffdf4] <- 0
T    9C8A  03D1      bne    #0x9c94             ; pc = 00009c8c
T    9C8C  FFE7      b      #0x9c8e             ;
T    9C8E  0198      ldr    r0, [sp, #4]        ;         0 <- [0x0dfffdf4]  r0 = 00000000
T    9C90  0AB0      add    sp, #0x28           ; sp = 0dfffe18
T    9C92  D0BD      pop    {r4, r6, r7, pc}    ;     1ed94 <- [0x0dfffe18]          0 <- [0x0dfffe1c]    dffffa8 <- [0x0dfffe20]       90b7 <- [0x0dfffe24]  sp = 0dfffe28  r4 = 0001ed94  r6 = 00000000  r7 = 0dffffa8  pc = 000090b6
T    90B6  0A90      str    r0, [sp, #0x28]     ;  [0x0dfffe50] <- 0
T    90B8  0E98      ldr    r0, [sp, #0x38]     ;   b000100 <- [0x0dfffe60]  r0 = 0b000100
T    90BA  0D99      ldr    r1, [sp, #0x34]     ;   c100000 <- [0x0dfffe5c]  r1 = 0c100000
T    90BC  BA68      ldr    r2, [r7, #8]        ;         5 <- [0x0dffffb0]  r2 = 00000005
T    90BE  0B9B      ldr    r3, [sp, #0x2c]     ;   c100100 <- [0x0dfffe54]  r3 = 0c100100
T    90C0  EC46      mov    ip, sp              ; ip = 0dfffe28
T    90C2  4FF0010E  mov.w  lr, #1              ; lr = 00000001
T    90C6  CCF808E0  str.w  lr, [ip, #8]        ;  [0x0dfffe30] <- 1
T    90CA  1FAC      add    r4, sp, #0x7c       ; r4 = 0dfffea4
T    90CC  CCF80440  str.w  r4, [ip, #4]        ;  [0x0dfffe2c] <- dfffea4
T    90D0  CCF80030  str.w  r3, [ip]            ;  [0x0dfffe28] <- c100100
T    90D4  059B      ldr    r3, [sp, #0x14]     ;   dfffea8 <- [0x0dfffe3c]  r3 = 0dfffea8
T    90D6  CDF810E0  str.w  lr, [sp, #0x10]     ;  [0x0dfffe38] <- 1
T    90DA  FFF776EC  blx    #0x89c8             ; lr = 000090df  pc = 000089c8
A    89C8  00C68FE2  add    ip, pc, #0, #12     ; ip = 000089d0
A    89CC  16CA8CE2  add    ip, ip, #0x16000    ; ip = 0001e9d0
A    89D0  7CF4BCE5  ldr    pc, [ip, #0x47c]!   ;      9819 <- [0x0001ee4c]
 AES_cfb128_encrypt(...) @ 0x9818  pc = 00009818  ip = 0001ee4c
T    9818  F0B5      push   {r4, r5, r6, r7, lr};  [0x0dfffe14] <- dfffea4    [0x0dfffe18] <- 0    [0x0dfffe1c] <- 0    [0x0dfffe20] <- dffffa8    [0x0dfffe24] <- 90df   sp = 0dfffe14
T    981A  03AF      add    r7, sp, #0xc        ; r7 = 0dfffe20
T    981C  2DE9000B  push.w {r8, sb, fp}        ;  [0x0dfffe08] <- 0    [0x0dfffe0c] <- 0    [0x0dfffe10] <- 0   sp = 0dfffe08  r8 = 00000000  sb = 00000000  fp = 00000000
T    9820  8CB0      sub    sp, #0x30           ; sp = 0dfffdd8
T    9822  D7F810C0  ldr.w  ip, [r7, #0x10]     ;         1 <- [0x0dfffe30]  ip = 00000001
T    9826  D7F80CE0  ldr.w  lr, [r7, #0xc]      ;   dfffea4 <- [0x0dfffe2c]  lr = 0dfffea4
T    982A  BC68      ldr    r4, [r7, #8]        ;   c100100 <- [0x0dfffe28]  r4 = 0c100100
T    982C  0B90      str    r0, [sp, #0x2c]     ;  [0x0dfffe04] <- b000100
T    982E  0A91      str    r1, [sp, #0x28]     ;  [0x0dfffe00] <- c100000
T    9830  0992      str    r2, [sp, #0x24]     ;  [0x0dfffdfc] <- 5
T    9832  0893      str    r3, [sp, #0x20]     ;  [0x0dfffdf8] <- dfffea8
T    9834  0B98      ldr    r0, [sp, #0x2c]     ;   b000100 <- [0x0dfffe04]  r0 = 0b000100
T    9836  0A99      ldr    r1, [sp, #0x28]     ;   c100000 <- [0x0dfffe00]  r1 = 0c100000
T    9838  099A      ldr    r2, [sp, #0x24]     ;         5 <- [0x0dfffdfc]  r2 = 00000005
T    983A  089B      ldr    r3, [sp, #0x20]     ;   dfffea8 <- [0x0dfffdf8]  r3 = 0dfffea8
T    983C  BD68      ldr    r5, [r7, #8]        ;   c100100 <- [0x0dfffe28]  r5 = 0c100100
T    983E  FE68      ldr    r6, [r7, #0xc]      ;   dfffea4 <- [0x0dfffe2c]  r6 = 0dfffea4
T    9840  D7F81080  ldr.w  r8, [r7, #0x10]     ;         1 <- [0x0dfffe30]  r8 = 00000001
T    9844  0790      str    r0, [sp, #0x1c]     ;  [0x0dfffdf4] <- b000100
T    9846  0C48      ldr    r0, [pc, #0x30]     ;     15558 <- [0x00009878]  r0 = 00015558
T    9848  7844      add    r0, pc              ; r0 = 0001eda4
T    984A  0068      ldr    r0, [r0]            ;      9f81 <- [0x0001eda4]  r0 = 00009f81
T    984C  E946      mov    sb, sp              ; sb = 0dfffdd8
T    984E  C9F80C00  str.w  r0, [sb, #0xc]      ;  [0x0dfffde4] <- 9f81
T    9852  C9F80880  str.w  r8, [sb, #8]        ;  [0x0dfffde0] <- 1
T    9856  C9F80460  str.w  r6, [sb, #4]        ;  [0x0dfffddc] <- dfffea4
T    985A  C9F80050  str.w  r5, [sb]            ;  [0x0dfffdd8] <- c100100
T    985E  0798      ldr    r0, [sp, #0x1c]     ;   b000100 <- [0x0dfffdf4]  r0 = 0b000100
T    9860  CDF818C0  str.w  ip, [sp, #0x18]     ;  [0x0dfffdf0] <- 1
T    9864  CDF814E0  str.w  lr, [sp, #0x14]     ;  [0x0dfffdec] <- dfffea4
T    9868  0494      str    r4, [sp, #0x10]     ;  [0x0dfffde8] <- c100100
T    986A  FFF738E9  blx    #0x8adc             ; lr = 0000986f  pc = 00008adc
A    8ADC  00C68FE2  add    ip, pc, #0, #12     ; ip = 00008ae4
A    8AE0  16CA8CE2  add    ip, ip, #0x16000    ; ip = 0001eae4
A    8AE4  C4F3BCE5  ldr    pc, [ip, #0x3c4]!   ;      a731 <- [0x0001eea8]
 CRYPTO_cfb128_encrypt(...) @ 0xa730  pc = 0000a730  ip = 0001eea8
T    A730  F0B5      push   {r4, r5, r6, r7, lr};  [0x0dfffdc4] <- c100100    [0x0dfffdc8] <- c100100    [0x0dfffdcc] <- dfffea4    [0x0dfffdd0] <- dfffe20    [0x0dfffdd4] <- 986f   sp = 0dfffdc4
T    A732  03AF      add    r7, sp, #0xc        ; r7 = 0dfffdd0
T    A734  4DF804BD  str    fp, [sp, #-0x4]!    ;  [0x0dfffdc0] <- 0   sp = 0dfffdc0
T    A738  90B0      sub    sp, #0x40           ; sp = 0dfffd80
T    A73A  D7F814C0  ldr.w  ip, [r7, #0x14]     ;      9f81 <- [0x0dfffde4]  ip = 00009f81
T    A73E  D7F810E0  ldr.w  lr, [r7, #0x10]     ;         1 <- [0x0dfffde0]  lr = 00000001
T    A742  FC68      ldr    r4, [r7, #0xc]      ;   dfffea4 <- [0x0dfffddc]  r4 = 0dfffea4
T    A744  BD68      ldr    r5, [r7, #8]        ;   c100100 <- [0x0dfffdd8]  r5 = 0c100100
T    A746  924E      ldr    r6, [pc, #0x248]    ;     14648 <- [0x0000a990]  r6 = 00014648
T    A748  7E44      add    r6, pc              ; r6 = 0001ed94
T    A74A  3668      ldr    r6, [r6]            ;         0 <- [0x0001ed94]  r6 = 00000000
T    A74C  3668      ldr    r6, [r6]            ;  464c457f <- [0x00000000]  r6 = 464c457f
T    A74E  0F96      str    r6, [sp, #0x3c]     ;  [0x0dfffdbc] <- 464c457f
T    A750  0D90      str    r0, [sp, #0x34]     ;  [0x0dfffdb4] <- b000100
T    A752  0C91      str    r1, [sp, #0x30]     ;  [0x0dfffdb0] <- c100000
T    A754  0B92      str    r2, [sp, #0x2c]     ;  [0x0dfffdac] <- 5
T    A756  0A93      str    r3, [sp, #0x28]     ;  [0x0dfffda8] <- dfffea8
T    A758  0020      movs   r0, #0              ; r0 = 00000000
T    A75A  0990      str    r0, [sp, #0x24]     ;  [0x0dfffda4] <- 0
T    A75C  F868      ldr    r0, [r7, #0xc]      ;   dfffea4 <- [0x0dfffddc]  r0 = 0dfffea4
T    A75E  0068      ldr    r0, [r0]            ;         0 <- [0x0dfffea4]  r0 = 00000000
T    A760  0E90      str    r0, [sp, #0x38]     ;  [0x0dfffdb8] <- 0
T    A762  3869      ldr    r0, [r7, #0x10]     ;         1 <- [0x0dfffde0]  r0 = 00000001
T    A764  0028      cmp    r0, #0              ; cpsr = 200001f3
T    A766  7AD0      beq    #0xa85e             ; pc = 0000a768
T    A768  FFE7      b      #0xa76a             ;
T    A76A  FFE7      b      #0xa76c             ;
T    A76C  FFE7      b      #0xa76e             ;
T    A76E  0E98      ldr    r0, [sp, #0x38]     ;         0 <- [0x0dfffdb8]  r0 = 00000000
T    A770  0021      movs   r1, #0              ; r1 = 00000000
T    A772  0028      cmp    r0, #0              ; cpsr = 600001f3
T    A774  0591      str    r1, [sp, #0x14]     ;  [0x0dfffd94] <- 0
T    A776  06D0      beq    #0xa786             ; pc = 0000a786
T    A786  0598      ldr    r0, [sp, #0x14]     ;         0 <- [0x0dfffd94]  r0 = 00000000
T    A788  C007      lsls   r0, r0, #0x1f       ; r0 = 00000000
T    A78A  0028      cmp    r0, #0              ; cpsr = 600001f3
T    A78C  16D0      beq    #0xa7bc             ; pc = 0000a7bc
T    A7BC  FFE7      b      #0xa7be             ;
T    A7BE  0B98      ldr    r0, [sp, #0x2c]     ;         5 <- [0x0dfffdac]  r0 = 00000005
T    A7C0  1028      cmp    r0, #0x10           ; cpsr = 800001f3
T    A7C2  27D3      blo    #0xa814             ; pc = 0000a814
T    A814  0B98      ldr    r0, [sp, #0x2c]     ;         5 <- [0x0dfffdac]  r0 = 00000005
T    A816  0028      cmp    r0, #0              ; cpsr = 200001f3
T    A818  1DD0      beq    #0xa856             ; pc = 0000a81a
T    A81A  FFE7      b      #0xa81c             ;
T    A81C  7869      ldr    r0, [r7, #0x14]     ;      9f81 <- [0x0dfffde4]  r0 = 00009f81
T    A81E  B968      ldr    r1, [r7, #8]        ;   c100100 <- [0x0dfffdd8]  r1 = 0c100100
T    A820  0A9A      ldr    r2, [sp, #0x28]     ;   dfffea8 <- [0x0dfffda8]  r2 = 0dfffea8
T    A822  0390      str    r0, [sp, #0xc]      ;  [0x0dfffd8c] <- 9f81
T    A824  0846      mov    r0, r1              ; r0 = 0c100100
T    A826  039B      ldr    r3, [sp, #0xc]      ;      9f81 <- [0x0dfffd8c]  r3 = 00009f81
T    A828  9847      blx    r3                  ;
 AES_encrypt(...) @ 0x9f80  lr = 0000a82b  pc = 00009f80
T    9F80  B0B5      push   {r4, r5, r7, lr}    ;  [0x0dfffd70] <- dfffea4    [0x0dfffd74] <- c100100    [0x0dfffd78] <- dfffdd0    [0x0dfffd7c] <- a82b   sp = 0dfffd70
T    9F82  02AF      add    r7, sp, #8          ; r7 = 0dfffd78
T    9F84  8EB0      sub    sp, #0x38           ; sp = 0dfffd38
T    9F86  0D90      str    r0, [sp, #0x34]     ;  [0x0dfffd6c] <- c100100
T    9F88  0C91      str    r1, [sp, #0x30]     ;  [0x0dfffd68] <- c100100
T    9F8A  0B92      str    r2, [sp, #0x2c]     ;  [0x0dfffd64] <- dfffea8
T    9F8C  0D98      ldr    r0, [sp, #0x34]     ;   c100100 <- [0x0dfffd6c]  r0 = 0c100100
T    9F8E  0028      cmp    r0, #0              ; cpsr = 200001f3
T    9F90  09D0      beq    #0x9fa6             ; pc = 00009f92
T    9F92  FFE7      b      #0x9f94             ;
T    9F94  0C98      ldr    r0, [sp, #0x30]     ;   c100100 <- [0x0dfffd68]  r0 = 0c100100
T    9F96  0028      cmp    r0, #0              ; cpsr = 200001f3
T    9F98  05D0      beq    #0x9fa6             ; pc = 00009f9a
T    9F9A  FFE7      b      #0x9f9c             ;
T    9F9C  0B98      ldr    r0, [sp, #0x2c]     ;   dfffea8 <- [0x0dfffd64]  r0 = 0dfffea8
T    9F9E  0028      cmp    r0, #0              ; cpsr = 200001f3
T    9FA0  01D0      beq    #0x9fa6             ; pc = 00009fa2
T    9FA2  FFE7      b      #0x9fa4             ;
T    9FA4  09E0      b      #0x9fba             ;
T    9FBA  0B98      ldr    r0, [sp, #0x2c]     ;   dfffea8 <- [0x0dfffd64]  r0 = 0dfffea8
T    9FBC  0A90      str    r0, [sp, #0x28]     ;  [0x0dfffd60] <- dfffea8
T    9FBE  0D98      ldr    r0, [sp, #0x34]     ;   c100100 <- [0x0dfffd6c]  r0 = 0c100100
T    9FC0  0068      ldr    r0, [r0]            ;  5f76695f <- [0x0c100100]  r0 = 5f76695f
T    9FC2  00BA      rev    r0, r0              ; r0 = 5f69765f
T    9FC4  0A99      ldr    r1, [sp, #0x28]     ;   dfffea8 <- [0x0dfffd60]  r1 = 0dfffea8
T    9FC6  0968      ldr    r1, [r1]            ;  77616e64 <- [0x0dfffea8]  r1 = 77616e64
T    9FC8  4840      eors   r0, r1              ; r0 = 2808183b
T    9FCA  0990      str    r0, [sp, #0x24]     ;  [0x0dfffd5c] <- 2808183b
T    9FCC  0D98      ldr    r0, [sp, #0x34]     ;   c100100 <- [0x0dfffd6c]  r0 = 0c100100
T    9FCE  4068      ldr    r0, [r0, #4]        ;  7473756d <- [0x0c100104]  r0 = 7473756d
T    9FD0  00BA      rev    r0, r0              ; r0 = 6d757374
T    9FD2  0A99      ldr    r1, [sp, #0x28]     ;   dfffea8 <- [0x0dfffd60]  r1 = 0dfffea8
T    9FD4  4968      ldr    r1, [r1, #4]        ;  6f65722e <- [0x0dfffeac]  r1 = 6f65722e
T    9FD6  4840      eors   r0, r1              ; r0 = 0210015a
T    9FD8  0890      str    r0, [sp, #0x20]     ;  [0x0dfffd58] <- 210015a
T    9FDA  0D98      ldr    r0, [sp, #0x34]     ;   c100100 <- [0x0dfffd6c]  r0 = 0c100100
T    9FDC  8068      ldr    r0, [r0, #8]        ;  5f65625f <- [0x0c100108]  r0 = 5f65625f
T    9FDE  00BA      rev    r0, r0              ; r0 = 5f62655f
T    9FE0  0A99      ldr    r1, [sp, #0x28]     ;   dfffea8 <- [0x0dfffd60]  r1 = 0dfffea8
T    9FE2  8968      ldr    r1, [r1, #8]        ;  636f6d5f <- [0x0dfffeb0]  r1 = 636f6d5f
T    9FE4  4840      eors   r0, r1              ; r0 = 3c0d0800
T    9FE6  0790      str    r0, [sp, #0x1c]     ;  [0x0dfffd54] <- 3c0d0800
T    9FE8  0D98      ldr    r0, [sp, #0x34]     ;   c100100 <- [0x0dfffd6c]  r0 = 0c100100
T    9FEA  C068      ldr    r0, [r0, #0xc]      ;  5f423631 <- [0x0c10010c]  r0 = 5f423631
T    9FEC  00BA      rev    r0, r0              ; r0 = 3136425f
T    9FEE  0A99      ldr    r1, [sp, #0x28]     ;   dfffea8 <- [0x0dfffd60]  r1 = 0dfffea8
T    9FF0  C968      ldr    r1, [r1, #0xc]      ;  77616e64 <- [0x0dfffeb4]  r1 = 77616e64
T    9FF2  4840      eors   r0, r1              ; r0 = 46572c3b
T    9FF4  0690      str    r0, [sp, #0x18]     ;  [0x0dfffd50] <- 46572c3b
T    9FF6  0B98      ldr    r0, [sp, #0x2c]     ;   dfffea8 <- [0x0dfffd64]  r0 = 0dfffea8
T    9FF8  D0F8F000  ldr.w  r0, [r0, #0xf0]     ;         e <- [0x0dffff98]  r0 = 0000000e
T    9FFC  4010      asrs   r0, r0, #1          ; r0 = 00000007
T    9FFE  0190      str    r0, [sp, #4]        ;  [0x0dfffd3c] <- 7
T    A000  FFE7      b      #0xa002             ;
T    A002  0998      ldr    r0, [sp, #0x24]     ;  2808183b <- [0x0dfffd5c]  r0 = 2808183b
T    A004  000E      lsrs   r0, r0, #0x18       ; r0 = 00000028
T    A006  D449      ldr    r1, [pc, #0x350]    ;      ef10 <- [0x0000a358]  r1 = 0000ef10
T    A008  7944      add    r1, pc              ; r1 = 00018f1c
T    A00A  51F82000  ldr.w  r0, [r1, r0, lsl #2];  6834345c <- [0x00018fbc]  r0 = 6834345c
T    A00E  089A      ldr    r2, [sp, #0x20]     ;   210015a <- [0x0dfffd58]  r2 = 0210015a
T    A010  C2F30742  ubfx   r2, r2, #0x10, #8   ; r2 = 00000010
T    A014  D14B      ldr    r3, [pc, #0x344]    ;      f302 <- [0x0000a35c]  r3 = 0000f302
T    A016  7B44      add    r3, pc              ; r3 = 0001931c
T    A018  53F82220  ldr.w  r2, [r3, r2, lsl #2];  458fcaca <- [0x0001935c]  r2 = 458fcaca
T    A01C  5040      eors   r0, r2              ; r0 = 2dbbfe96
T    A01E  079A      ldr    r2, [sp, #0x1c]     ;  3c0d0800 <- [0x0dfffd54]  r2 = 3c0d0800
T    A020  C2F30722  ubfx   r2, r2, #8, #8      ; r2 = 00000008
T    A024  CE4C      ldr    r4, [pc, #0x338]    ;      e6f2 <- [0x0000a360]  r4 = 0000e6f2
T    A026  7C44      add    r4, pc              ; r4 = 0001871c
T    A028  54F82220  ldr.w  r2, [r4, r2, lsl #2];  30506030 <- [0x0001873c]  r2 = 30506030
T    A02C  5040      eors   r0, r2              ; r0 = 1deb9ea6
T    A02E  9DF81820  ldrb.w r2, [sp, #0x18]     ;        3b <- [0x0dfffd50]  r2 = 0000003b
T    A032  CC4D      ldr    r5, [pc, #0x330]    ;      eae4 <- [0x0000a364]  r5 = 0000eae4
T    A034  7D44      add    r5, pc              ; r5 = 00018b1c
T    A036  55F82220  ldr.w  r2, [r5, r2, lsl #2];  e2e23ddf <- [0x00018c08]  r2 = e2e23ddf
T    A03A  5040      eors   r0, r2              ; r0 = ff09a379
T    A03C  0A9A      ldr    r2, [sp, #0x28]     ;   dfffea8 <- [0x0dfffd60]  r2 = 0dfffea8
T    A03E  1269      ldr    r2, [r2, #0x10]     ;  6f65722e <- [0x0dfffeb8]  r2 = 6f65722e
T    A040  5040      eors   r0, r2              ; r0 = 906cd157
T    A042  0590      str    r0, [sp, #0x14]     ;  [0x0dfffd4c] <- 906cd157
T    A044  0898      ldr    r0, [sp, #0x20]     ;   210015a <- [0x0dfffd58]  r0 = 0210015a
T    A046  000E      lsrs   r0, r0, #0x18       ; r0 = 00000002
T    A048  51F82000  ldr.w  r0, [r1, r0, lsl #2];  ee777799 <- [0x00018f24]  r0 = ee777799
T    A04C  079A      ldr    r2, [sp, #0x1c]     ;  3c0d0800 <- [0x0dfffd54]  r2 = 3c0d0800
T    A04E  C2F30742  ubfx   r2, r2, #0x10, #8   ; r2 = 0000000d
T    A052  53F82220  ldr.w  r2, [r3, r2, lsl #2];  62b5d7d7 <- [0x00019350]  r2 = 62b5d7d7
T    A056  5040      eors   r0, r2              ; r0 = 8cc2a04e
T    A058  069A      ldr    r2, [sp, #0x18]     ;  46572c3b <- [0x0dfffd50]  r2 = 46572c3b
T    A05A  C2F30722  ubfx   r2, r2, #8, #8      ; r2 = 0000002c
T    A05E  54F82220  ldr.w  r2, [r4, r2, lsl #2];  7193e271 <- [0x000187cc]  r2 = 7193e271
T    A062  5040      eors   r0, r2              ; r0 = fd51423f
T    A064  9DF82420  ldrb.w r2, [sp, #0x24]     ;        3b <- [0x0dfffd5c]  r2 = 0000003b
T    A068  55F82220  ldr.w  r2, [r5, r2, lsl #2];  e2e23ddf <- [0x00018c08]  r2 = e2e23ddf
T    A06C  5040      eors   r0, r2              ; r0 = 1fb37fe0
T    A06E  0A9A      ldr    r2, [sp, #0x28]     ;   dfffea8 <- [0x0dfffd60]  r2 = 0dfffea8
T    A070  5269      ldr    r2, [r2, #0x14]     ;  636f6d5f <- [0x0dfffebc]  r2 = 636f6d5f
T    A072  5040      eors   r0, r2              ; r0 = 7cdc12bf
T    A074  0490      str    r0, [sp, #0x10]     ;  [0x0dfffd48] <- 7cdc12bf
T    A076  0798      ldr    r0, [sp, #0x1c]     ;  3c0d0800 <- [0x0dfffd54]  r0 = 3c0d0800
T    A078  000E      lsrs   r0, r0, #0x18       ; r0 = 0000003c
T    A07A  51F82000  ldr.w  r0, [r1, r0, lsl #2];  cdebeb26 <- [0x0001900c]  r0 = cdebeb26
T    A07E  069A      ldr    r2, [sp, #0x18]     ;  46572c3b <- [0x0dfffd50]  r2 = 46572c3b
T    A080  C2F30742  ubfx   r2, r2, #0x10, #8   ; r2 = 00000057
T    A084  53F82220  ldr.w  r2, [r3, r2, lsl #2];  edb65b5b <- [0x00019478]  r2 = edb65b5b
T    A088  5040      eors   r0, r2              ; r0 = 205db07d
T    A08A  099A      ldr    r2, [sp, #0x24]     ;  2808183b <- [0x0dfffd5c]  r2 = 2808183b
T    A08C  C2F30722  ubfx   r2, r2, #8, #8      ; r2 = 00000018
T    A090  54F82220  ldr.w  r2, [r4, r2, lsl #2];  adec41ad <- [0x0001877c]  r2 = adec41ad
T    A094  5040      eors   r0, r2              ; r0 = 8db1f1d0
T    A096  9DF82020  ldrb.w r2, [sp, #0x20]     ;        5a <- [0x0dfffd58]  r2 = 0000005a
T    A09A  55F82220  ldr.w  r2, [r5, r2, lsl #2];  bebed967 <- [0x00018c84]  r2 = bebed967
T    A09E  5040      eors   r0, r2              ; r0 = 330f28b7
T    A0A0  0A9A      ldr    r2, [sp, #0x28]     ;   dfffea8 <- [0x0dfffd60]  r2 = 0dfffea8
T    A0A2  9269      ldr    r2, [r2, #0x18]     ;  77616e64 <- [0x0dfffec0]  r2 = 77616e64
T    A0A4  5040      eors   r0, r2              ; r0 = 446e46d3
T    A0A6  0390      str    r0, [sp, #0xc]      ;  [0x0dfffd44] <- 446e46d3
T    A0A8  0698      ldr    r0, [sp, #0x18]     ;  46572c3b <- [0x0dfffd50]  r0 = 46572c3b
T    A0AA  000E      lsrs   r0, r0, #0x18       ; r0 = 00000046
T    A0AC  51F82000  ldr.w  r0, [r1, r0, lsl #2];  b45a5aee <- [0x00019034]  r0 = b45a5aee
T    A0B0  0999      ldr    r1, [sp, #0x24]     ;  2808183b <- [0x0dfffd5c]  r1 = 2808183b
T    A0B2  C1F30741  ubfx   r1, r1, #0x10, #8   ; r1 = 00000008
T    A0B6  53F82110  ldr.w  r1, [r3, r1, lsl #2];  50603030 <- [0x0001933c]  r1 = 50603030
T    A0BA  4840      eors   r0, r1              ; r0 = e43a6ade
T    A0BC  0899      ldr    r1, [sp, #0x20]     ;   210015a <- [0x0dfffd58]  r1 = 0210015a
T    A0BE  C1F30721  ubfx   r1, r1, #8, #8      ; r1 = 00000001
T    A0C2  54F82110  ldr.w  r1, [r4, r1, lsl #2];  7c84f87c <- [0x00018720]  r1 = 7c84f87c
T    A0C6  4840      eors   r0, r1              ; r0 = 98be92a2
T    A0C8  9DF81C10  ldrb.w r1, [sp, #0x1c]     ;         0 <- [0x0dfffd54]  r1 = 00000000
T    A0CC  55F82110  ldr.w  r1, [r5, r1, lsl #2];  6363a5c6 <- [0x00018b1c]  r1 = 6363a5c6
T    A0D0  4840      eors   r0, r1              ; r0 = fbdd3764
T    A0D2  0A99      ldr    r1, [sp, #0x28]     ;   dfffea8 <- [0x0dfffd60]  r1 = 0dfffea8
T    A0D4  C969      ldr    r1, [r1, #0x1c]     ;  6f65722e <- [0x0dfffec4]  r1 = 6f65722e
T    A0D6  4840      eors   r0, r1              ; r0 = 94b8454a
T    A0D8  0290      str    r0, [sp, #8]        ;  [0x0dfffd40] <- 94b8454a
T    A0DA  0A98      ldr    r0, [sp, #0x28]     ;   dfffea8 <- [0x0dfffd60]  r0 = 0dfffea8
T    A0DC  2030      adds   r0, #0x20           ; r0 = 0dfffec8
T    A0DE  0A90      str    r0, [sp, #0x28]     ;  [0x0dfffd60] <- dfffec8
T    A0E0  0198      ldr    r0, [sp, #4]        ;         7 <- [0x0dfffd3c]  r0 = 00000007
T    A0E2  0138      subs   r0, #1              ; r0 = 00000006
T    A0E4  0190      str    r0, [sp, #4]        ;  [0x0dfffd3c] <- 6
T    A0E6  0028      cmp    r0, #0              ; cpsr = 200001f3
T    A0E8  01D1      bne    #0xa0ee             ; pc = 0000a0ee
T    A0EE  0598      ldr    r0, [sp, #0x14]     ;  906cd157 <- [0x0dfffd4c]  r0 = 906cd157
T    A0F0  000E      lsrs   r0, r0, #0x18       ; r0 = 00000090
T    A0F2  9D49      ldr    r1, [pc, #0x274]    ;      ee24 <- [0x0000a368]  r1 = 0000ee24
T    A0F4  7944      add    r1, pc              ; r1 = 00018f1c
T    A0F6  51F82000  ldr.w  r0, [r1, r0, lsl #2];  c06060a0 <- [0x0001915c]  r0 = c06060a0
T    A0FA  049A      ldr    r2, [sp, #0x10]     ;  7cdc12bf <- [0x0dfffd48]  r2 = 7cdc12bf
T    A0FC  C2F30742  ubfx   r2, r2, #0x10, #8   ; r2 = 000000dc
T    A100  9A4B      ldr    r3, [pc, #0x268]    ;      f216 <- [0x0000a36c]  r3 = 0000f216
T    A102  7B44      add    r3, pc              ; r3 = 0001931c
T    A104  53F82220  ldr.w  r2, [r3, r2, lsl #2];  91178686 <- [0x0001968c]  r2 = 91178686
T    A108  5040      eors   r0, r2              ; r0 = 5177e626
T    A10A  039A      ldr    r2, [sp, #0xc]      ;  446e46d3 <- [0x0dfffd44]  r2 = 446e46d3
T    A10C  C2F30722  ubfx   r2, r2, #8, #8      ; r2 = 00000046
T    A110  974C      ldr    r4, [pc, #0x25c]    ;      e606 <- [0x0000a370]  r4 = 0000e606
T    A112  7C44      add    r4, pc              ; r4 = 0001871c
T    A114  54F82220  ldr.w  r2, [r4, r2, lsl #2];  5aeeb45a <- [0x00018834]  r2 = 5aeeb45a
T    A118  5040      eors   r0, r2              ; r0 = 0b99527c
T    A11A  9DF80820  ldrb.w r2, [sp, #8]        ;        4a <- [0x0dfffd40]  r2 = 0000004a
T    A11E  954D      ldr    r5, [pc, #0x254]    ;      e9f8 <- [0x0000a374]  r5 = 0000e9f8
T    A120  7D44      add    r5, pc              ; r5 = 00018b1c
T    A122  55F82220  ldr.w  r2, [r5, r2, lsl #2];  d6d661b7 <- [0x00018c44]  r2 = d6d661b7
T    A126  5040      eors   r0, r2              ; r0 = dd4f33cb
T    A128  0A9A      ldr    r2, [sp, #0x28]     ;   dfffec8 <- [0x0dfffd60]  r2 = 0dfffec8
T    A12A  1268      ldr    r2, [r2]            ;  3b215fcc <- [0x0dfffec8]  r2 = 3b215fcc
T    A12C  5040      eors   r0, r2              ; r0 = e66e6c07
T    A12E  0990      str    r0, [sp, #0x24]     ;  [0x0dfffd5c] <- e66e6c07
T    A130  0498      ldr    r0, [sp, #0x10]     ;  7cdc12bf <- [0x0dfffd48]  r0 = 7cdc12bf
T    A132  000E      lsrs   r0, r0, #0x18       ; r0 = 0000007c
T    A134  51F82000  ldr.w  r0, [r1, r0, lsl #2];  20101030 <- [0x0001910c]  r0 = 20101030
T    A138  039A      ldr    r2, [sp, #0xc]      ;  446e46d3 <- [0x0dfffd44]  r2 = 446e46d3
T    A13A  C2F30742  ubfx   r2, r2, #0x10, #8   ; r2 = 0000006e
T    A13E  53F82220  ldr.w  r2, [r3, r2, lsl #2];  ba259f9f <- [0x000194d4]  r2 = ba259f9f
T    A142  5040      eors   r0, r2              ; r0 = 9a358faf
T    A144  029A      ldr    r2, [sp, #8]        ;  94b8454a <- [0x0dfffd40]  r2 = 94b8454a
T    A146  C2F30722  ubfx   r2, r2, #8, #8      ; r2 = 00000045
T    A14A  54F82220  ldr.w  r2, [r4, r2, lsl #2];  6eb2dc6e <- [0x00018830]  r2 = 6eb2dc6e
T    A14E  5040      eors   r0, r2              ; r0 = f48753c1
T    A150  9DF81420  ldrb.w r2, [sp, #0x14]     ;        57 <- [0x0dfffd4c]  r2 = 00000057
T    A154  55F82220  ldr.w  r2, [r5, r2, lsl #2];  5b5bedb6 <- [0x00018c78]  r2 = 5b5bedb6
T    A158  5040      eors   r0, r2              ; r0 = afdcbe77
T    A15A  0A9A      ldr    r2, [sp, #0x28]     ;   dfffec8 <- [0x0dfffd60]  r2 = 0dfffec8
T    A15C  5268      ldr    r2, [r2, #4]        ;  54442de2 <- [0x0dfffecc]  r2 = 54442de2
T    A15E  5040      eors   r0, r2              ; r0 = fb989395
T    A160  0890      str    r0, [sp, #0x20]     ;  [0x0dfffd58] <- fb989395
T    A162  0398      ldr    r0, [sp, #0xc]      ;  446e46d3 <- [0x0dfffd44]  r0 = 446e46d3
T    A164  000E      lsrs   r0, r0, #0x18       ; r0 = 00000044
T    A166  51F82000  ldr.w  r0, [r1, r0, lsl #2];  361b1b2d <- [0x0001902c]  r0 = 361b1b2d
T    A16A  029A      ldr    r2, [sp, #8]        ;  94b8454a <- [0x0dfffd40]  r2 = 94b8454a
T    A16C  C2F30742  ubfx   r2, r2, #0x10, #8   ; r2 = 000000b8
T    A170  53F82220  ldr.w  r2, [r3, r2, lsl #2];  b4d86c6c <- [0x000195fc]  r2 = b4d86c6c
T    A174  5040      eors   r0, r2              ; r0 = 82c37741
T    A176  059A      ldr    r2, [sp, #0x14]     ;  906cd157 <- [0x0dfffd4c]  r2 = 906cd157
T    A178  C2F30722  ubfx   r2, r2, #8, #8      ; r2 = 000000d1
T    A17C  54F82220  ldr.w  r2, [r4, r2, lsl #2];  3e427c3e <- [0x00018a60]  r2 = 3e427c3e
T    A180  5040      eors   r0, r2              ; r0 = bc810b7f
T    A182  9DF81020  ldrb.w r2, [sp, #0x10]     ;        bf <- [0x0dfffd48]  r2 = 000000bf
T    A186  55F82220  ldr.w  r2, [r5, r2, lsl #2];   8081810 <- [0x00018e18]  r2 = 08081810
T    A18A  5040      eors   r0, r2              ; r0 = b489136f
T    A18C  0A9A      ldr    r2, [sp, #0x28]     ;   dfffec8 <- [0x0dfffd60]  r2 = 0dfffec8
T    A18E  9268      ldr    r2, [r2, #8]        ;  372b40bd <- [0x0dfffed0]  r2 = 372b40bd
T    A190  5040      eors   r0, r2              ; r0 = 83a253d2
T    A192  0790      str    r0, [sp, #0x1c]     ;  [0x0dfffd54] <- 83a253d2
T    A194  0298      ldr    r0, [sp, #8]        ;  94b8454a <- [0x0dfffd40]  r0 = 94b8454a
T    A196  000E      lsrs   r0, r0, #0x18       ; r0 = 00000094
T    A198  51F82000  ldr.w  r0, [r1, r0, lsl #2];  44222266 <- [0x0001916c]  r0 = 44222266
T    A19C  0599      ldr    r1, [sp, #0x14]     ;  906cd157 <- [0x0dfffd4c]  r1 = 906cd157
T    A19E  C1F30741  ubfx   r1, r1, #0x10, #8   ; r1 = 0000006c
T    A1A2  53F82110  ldr.w  r1, [r3, r1, lsl #2];  f0a05050 <- [0x000194cc]  r1 = f0a05050
T    A1A6  4840      eors   r0, r1              ; r0 = b4827236
T    A1A8  0499      ldr    r1, [sp, #0x10]     ;  7cdc12bf <- [0x0dfffd48]  r1 = 7cdc12bf
T    A1AA  C1F30721  ubfx   r1, r1, #8, #8      ; r1 = 00000012
T    A1AE  54F82110  ldr.w  r1, [r4, r1, lsl #2];  c94089c9 <- [0x00018764]  r1 = c94089c9
T    A1B2  4840      eors   r0, r1              ; r0 = 7dc2fbff
T    A1B4  9DF80C10  ldrb.w r1, [sp, #0xc]      ;        d3 <- [0x0dfffd44]  r1 = 000000d3
T    A1B8  55F82110  ldr.w  r1, [r5, r1, lsl #2];  6666aacc <- [0x00018e68]  r1 = 6666aacc
T    A1BC  4840      eors   r0, r1              ; r0 = 1ba45133
T    A1BE  0A99      ldr    r1, [sp, #0x28]     ;   dfffec8 <- [0x0dfffd60]  r1 = 0dfffec8
T    A1C0  C968      ldr    r1, [r1, #0xc]      ;  404a2ed9 <- [0x0dfffed4]  r1 = 404a2ed9
T    A1C2  4840      eors   r0, r1              ; r0 = 5bee7fea
T    A1C4  0690      str    r0, [sp, #0x18]     ;  [0x0dfffd50] <- 5bee7fea
T    A1C6  1CE7      b      #0xa002             ;
T    A002  0998      ldr    r0, [sp, #0x24]     ;  e66e6c07 <- [0x0dfffd5c]  r0 = e66e6c07
T    A004  000E      lsrs   r0, r0, #0x18       ; r0 = 000000e6
T    A006  D449      ldr    r1, [pc, #0x350]    ;      ef10 <- [0x0000a358]  r1 = 0000ef10
T    A008  7944      add    r1, pc              ; r1 = 00018f1c
T    A00A  51F82000  ldr.w  r0, [r1, r0, lsl #2];   78e8e89 <- [0x000192b4]  r0 = 078e8e89
T    A00E  089A      ldr    r2, [sp, #0x20]     ;  fb989395 <- [0x0dfffd58]  r2 = fb989395
T    A010  C2F30742  ubfx   r2, r2, #0x10, #8   ; r2 = 00000098
T    A014  D14B      ldr    r3, [pc, #0x344]    ;      f302 <- [0x0000a35c]  r3 = 0000f302
T    A016  7B44      add    r3, pc              ; r3 = 0001931c
T    A018  53F82220  ldr.w  r2, [r3, r2, lsl #2];  ca8c4646 <- [0x0001957c]  r2 = ca8c4646
T    A01C  5040      eors   r0, r2              ; r0 = cd02c8cf
T    A01E  079A      ldr    r2, [sp, #0x1c]     ;  83a253d2 <- [0x0dfffd54]  r2 = 83a253d2
T    A020  C2F30722  ubfx   r2, r2, #8, #8      ; r2 = 00000053
T    A024  CE4C      ldr    r4, [pc, #0x338]    ;      e6f2 <- [0x0000a360]  r4 = 0000e6f2
T    A026  7C44      add    r4, pc              ; r4 = 0001871c
T    A028  54F82220  ldr.w  r2, [r4, r2, lsl #2];  ed2cc1ed <- [0x00018868]  r2 = ed2cc1ed
T    A02C  5040      eors   r0, r2              ; r0 = 202e0922
T    A02E  9DF81820  ldrb.w r2, [sp, #0x18]     ;        ea <- [0x0dfffd50]  r2 = 000000ea
T    A032  CC4D      ldr    r5, [pc, #0x330]    ;      eae4 <- [0x0000a364]  r5 = 0000eae4
T    A034  7D44      add    r5, pc              ; r5 = 00018b1c
T    A036  55F82220  ldr.w  r2, [r5, r2, lsl #2];  87879215 <- [0x00018ec4]  r2 = 87879215
T    A03A  5040      eors   r0, r2              ; r0 = a7a99b37
T    A03C  0A9A      ldr    r2, [sp, #0x28]     ;   dfffec8 <- [0x0dfffd60]  r2 = 0dfffec8
T    A03E  1269      ldr    r2, [r2, #0x10]     ;  66b3431b <- [0x0dfffed8]  r2 = 66b3431b
T    A040  5040      eors   r0, r2              ; r0 = c11ad82c
T    A042  0590      str    r0, [sp, #0x14]     ;  [0x0dfffd4c] <- c11ad82c
T    A044  0898      ldr    r0, [sp, #0x20]     ;  fb989395 <- [0x0dfffd58]  r0 = fb989395
T    A046  000E      lsrs   r0, r0, #0x18       ; r0 = 000000fb
T    A048  51F82000  ldr.w  r0, [r1, r0, lsl #2];  1e0f0f11 <- [0x00019308]  r0 = 1e0f0f11
T    A04C  079A      ldr    r2, [sp, #0x1c]     ;  83a253d2 <- [0x0dfffd54]  r2 = 83a253d2
T    A04E  C2F30742  ubfx   r2, r2, #0x10, #8   ; r2 = 000000a2
T    A052  53F82220  ldr.w  r2, [r3, r2, lsl #2];  4e743a3a <- [0x000195a4]  r2 = 4e743a3a
T    A056  5040      eors   r0, r2              ; r0 = 507b352b
T    A058  069A      ldr    r2, [sp, #0x18]     ;  5bee7fea <- [0x0dfffd50]  r2 = 5bee7fea
T    A05A  C2F30722  ubfx   r2, r2, #8, #8      ; r2 = 0000007f
T    A05E  54F82220  ldr.w  r2, [r4, r2, lsl #2];  d26dbfd2 <- [0x00018918]  r2 = d26dbfd2
T    A062  5040      eors   r0, r2              ; r0 = 82168af9
T    A064  9DF82420  ldrb.w r2, [sp, #0x24]     ;         7 <- [0x0dfffd5c]  r2 = 00000007
T    A068  55F82220  ldr.w  r2, [r5, r2, lsl #2];  c5c55491 <- [0x00018b38]  r2 = c5c55491
T    A06C  5040      eors   r0, r2              ; r0 = 47d3de68
T    A06E  0A9A      ldr    r2, [sp, #0x28]     ;   dfffec8 <- [0x0dfffd60]  r2 = 0dfffec8
T    A070  5269      ldr    r2, [r2, #0x14]     ;   5dc2e44 <- [0x0dfffedc]  r2 = 05dc2e44
T    A072  5040      eors   r0, r2              ; r0 = 420ff02c
T    A074  0490      str    r0, [sp, #0x10]     ;  [0x0dfffd48] <- 420ff02c
T    A076  0798      ldr    r0, [sp, #0x1c]     ;  83a253d2 <- [0x0dfffd54]  r0 = 83a253d2
T    A078  000E      lsrs   r0, r0, #0x18       ; r0 = 00000083
T    A07A  51F82000  ldr.w  r0, [r1, r0, lsl #2];  c3ecec2f <- [0x00019128]  r0 = c3ecec2f
T    A07E  069A      ldr    r2, [sp, #0x18]     ;  5bee7fea <- [0x0dfffd50]  r2 = 5bee7fea
T    A080  C2F30742  ubfx   r2, r2, #0x10, #8   ; r2 = 000000ee
T    A084  53F82220  ldr.w  r2, [r3, r2, lsl #2];  78502828 <- [0x000196d4]  r2 = 78502828
T    A088  5040      eors   r0, r2              ; r0 = bbbcc407
T    A08A  099A      ldr    r2, [sp, #0x24]     ;  e66e6c07 <- [0x0dfffd5c]  r2 = e66e6c07
T    A08C  C2F30722  ubfx   r2, r2, #8, #8      ; r2 = 0000006c
T    A090  54F82220  ldr.w  r2, [r4, r2, lsl #2];  50f0a050 <- [0x000188cc]  r2 = 50f0a050
T    A094  5040      eors   r0, r2              ; r0 = eb4c6457
T    A096  9DF82020  ldrb.w r2, [sp, #0x20]     ;        95 <- [0x0dfffd58]  r2 = 00000095
T    A09A  55F82220  ldr.w  r2, [r5, r2, lsl #2];  2a2a7e54 <- [0x00018d70]  r2 = 2a2a7e54
T    A09E  5040      eors   r0, r2              ; r0 = c1661a03
T    A0A0  0A9A      ldr    r2, [sp, #0x28]     ;   dfffec8 <- [0x0dfffd60]  r2 = 0dfffec8
T    A0A2  9269      ldr    r2, [r2, #0x18]     ;  72bd4020 <- [0x0dfffee0]  r2 = 72bd4020
T    A0A4  5040      eors   r0, r2              ; r0 = b3db5a23
T    A0A6  0390      str    r0, [sp, #0xc]      ;  [0x0dfffd44] <- b3db5a23
T    A0A8  0698      ldr    r0, [sp, #0x18]     ;  5bee7fea <- [0x0dfffd50]  r0 = 5bee7fea
T    A0AA  000E      lsrs   r0, r0, #0x18       ; r0 = 0000005b
T    A0AC  51F82000  ldr.w  r0, [r1, r0, lsl #2];  7239394b <- [0x00019088]  r0 = 7239394b
T    A0B0  0999      ldr    r1, [sp, #0x24]     ;  e66e6c07 <- [0x0dfffd5c]  r1 = e66e6c07
T    A0B2  C1F30741  ubfx   r1, r1, #0x10, #8   ; r1 = 0000006e
T    A0B6  53F82110  ldr.w  r1, [r3, r1, lsl #2];  ba259f9f <- [0x000194d4]  r1 = ba259f9f
T    A0BA  4840      eors   r0, r1              ; r0 = c81ca6d4
T    A0BC  0899      ldr    r1, [sp, #0x20]     ;  fb989395 <- [0x0dfffd58]  r1 = fb989395
T    A0BE  C1F30721  ubfx   r1, r1, #8, #8      ; r1 = 00000093
T    A0C2  54F82110  ldr.w  r1, [r4, r1, lsl #2];  dc7fa3dc <- [0x00018968]  r1 = dc7fa3dc
T    A0C6  4840      eors   r0, r1              ; r0 = 14630508
T    A0C8  9DF81C10  ldrb.w r1, [sp, #0x1c]     ;        d2 <- [0x0dfffd54]  r1 = 000000d2
T    A0CC  55F82110  ldr.w  r1, [r5, r1, lsl #2];  b5b5c471 <- [0x00018e64]  r1 = b5b5c471
T    A0D0  4840      eors   r0, r1              ; r0 = a1d6c179
T    A0D2  0A99      ldr    r1, [sp, #0x28]     ;   dfffec8 <- [0x0dfffd60]  r1 = 0dfffec8
T    A0D4  C969      ldr    r1, [r1, #0x1c]     ;  1dd8320e <- [0x0dfffee4]  r1 = 1dd8320e
T    A0D6  4840      eors   r0, r1              ; r0 = bc0ef377
T    A0D8  0290      str    r0, [sp, #8]        ;  [0x0dfffd40] <- bc0ef377
T    A0DA  0A98      ldr    r0, [sp, #0x28]     ;   dfffec8 <- [0x0dfffd60]  r0 = 0dfffec8
T    A0DC  2030      adds   r0, #0x20           ; r0 = 0dfffee8
T    A0DE  0A90      str    r0, [sp, #0x28]     ;  [0x0dfffd60] <- dfffee8
T    A0E0  0198      ldr    r0, [sp, #4]        ;         6 <- [0x0dfffd3c]  r0 = 00000006
T    A0E2  0138      subs   r0, #1              ; r0 = 00000005
T    A0E4  0190      str    r0, [sp, #4]        ;  [0x0dfffd3c] <- 5
T    A0E6  0028      cmp    r0, #0              ; cpsr = 200001f3
T    A0E8  01D1      bne    #0xa0ee             ; pc = 0000a0ee
T    A0EE  0598      ldr    r0, [sp, #0x14]     ;  c11ad82c <- [0x0dfffd4c]  r0 = c11ad82c
T    A0F0  000E      lsrs   r0, r0, #0x18       ; r0 = 000000c1
T    A0F2  9D49      ldr    r1, [pc, #0x274]    ;      ee24 <- [0x0000a368]  r1 = 0000ee24
T    A0F4  7944      add    r1, pc              ; r1 = 00018f1c
T    A0F6  51F82000  ldr.w  r0, [r1, r0, lsl #2];  f0787888 <- [0x00019220]  r0 = f0787888
T    A0FA  049A      ldr    r2, [sp, #0x10]     ;  420ff02c <- [0x0dfffd48]  r2 = 420ff02c
T    A0FC  C2F30742  ubfx   r2, r2, #0x10, #8   ; r2 = 0000000f
T    A100  9A4B      ldr    r3, [pc, #0x268]    ;      f216 <- [0x0000a36c]  r3 = 0000f216
T    A102  7B44      add    r3, pc              ; r3 = 0001931c
T    A104  53F82220  ldr.w  r2, [r3, r2, lsl #2];  9aec7676 <- [0x00019358]  r2 = 9aec7676
T    A108  5040      eors   r0, r2              ; r0 = 6a940efe
T    A10A  039A      ldr    r2, [sp, #0xc]      ;  b3db5a23 <- [0x0dfffd44]  r2 = b3db5a23
T    A10C  C2F30722  ubfx   r2, r2, #8, #8      ; r2 = 0000005a
T    A110  974C      ldr    r4, [pc, #0x25c]    ;      e606 <- [0x0000a370]  r4 = 0000e606
T    A112  7C44      add    r4, pc              ; r4 = 0001871c
T    A114  54F82220  ldr.w  r2, [r4, r2, lsl #2];  bed967be <- [0x00018884]  r2 = bed967be
T    A118  5040      eors   r0, r2              ; r0 = d44d6940
T    A11A  9DF80820  ldrb.w r2, [sp, #8]        ;        77 <- [0x0dfffd40]  r2 = 00000077
T    A11E  954D      ldr    r5, [pc, #0x254]    ;      e9f8 <- [0x0000a374]  r5 = 0000e9f8
T    A120  7D44      add    r5, pc              ; r5 = 00018b1c
T    A122  55F82220  ldr.w  r2, [r5, r2, lsl #2];  f5f504f1 <- [0x00018cf8]  r2 = f5f504f1
T    A126  5040      eors   r0, r2              ; r0 = 21b86db1
T    A128  0A9A      ldr    r2, [sp, #0x28]     ;   dfffee8 <- [0x0dfffd60]  r2 = 0dfffee8
T    A12A  1268      ldr    r2, [r2]            ;  5802f468 <- [0x0dfffee8]  r2 = 5802f468
T    A12C  5040      eors   r0, r2              ; r0 = 79ba99d9
T    A12E  0990      str    r0, [sp, #0x24]     ;  [0x0dfffd5c] <- 79ba99d9
T    A130  0498      ldr    r0, [sp, #0x10]     ;  420ff02c <- [0x0dfffd48]  r0 = 420ff02c
T    A132  000E      lsrs   r0, r0, #0x18       ; r0 = 00000042
T    A134  51F82000  ldr.w  r0, [r1, r0, lsl #2];  582c2c74 <- [0x00019024]  r0 = 582c2c74
T    A138  039A      ldr    r2, [sp, #0xc]      ;  b3db5a23 <- [0x0dfffd44]  r2 = b3db5a23
T    A13A  C2F30742  ubfx   r2, r2, #0x10, #8   ; r2 = 000000db
T    A13E  53F82220  ldr.w  r2, [r3, r2, lsl #2];  d069b9b9 <- [0x00019688]  r2 = d069b9b9
T    A142  5040      eors   r0, r2              ; r0 = 884595cd
T    A144  029A      ldr    r2, [sp, #8]        ;  bc0ef377 <- [0x0dfffd40]  r2 = bc0ef377
T    A146  C2F30722  ubfx   r2, r2, #8, #8      ; r2 = 000000f3
T    A14A  54F82220  ldr.w  r2, [r4, r2, lsl #2];   d171a0d <- [0x00018ae8]  r2 = 0d171a0d
T    A14E  5040      eors   r0, r2              ; r0 = 85528fc0
T    A150  9DF81420  ldrb.w r2, [sp, #0x14]     ;        2c <- [0x0dfffd4c]  r2 = 0000002c
T    A154  55F82220  ldr.w  r2, [r5, r2, lsl #2];  717193e2 <- [0x00018bcc]  r2 = 717193e2
T    A158  5040      eors   r0, r2              ; r0 = f4231c22
T    A15A  0A9A      ldr    r2, [sp, #0x28]     ;   dfffee8 <- [0x0dfffd60]  r2 = 0dfffee8
T    A15C  5268      ldr    r2, [r2, #4]        ;   c46d98a <- [0x0dfffeec]  r2 = 0c46d98a
T    A15E  5040      eors   r0, r2              ; r0 = f865c5a8
T    A160  0890      str    r0, [sp, #0x20]     ;  [0x0dfffd58] <- f865c5a8
T    A162  0398      ldr    r0, [sp, #0xc]      ;  b3db5a23 <- [0x0dfffd44]  r0 = b3db5a23
T    A164  000E      lsrs   r0, r0, #0x18       ; r0 = 000000b3
T    A166  51F82000  ldr.w  r0, [r1, r0, lsl #2];  da6d6db7 <- [0x000191e8]  r0 = da6d6db7
T    A16A  029A      ldr    r2, [sp, #8]        ;  bc0ef377 <- [0x0dfffd40]  r2 = bc0ef377
T    A16C  C2F30742  ubfx   r2, r2, #0x10, #8   ; r2 = 0000000e
T    A170  53F82220  ldr.w  r2, [r3, r2, lsl #2];  e64dabab <- [0x00019354]  r2 = e64dabab
T    A174  5040      eors   r0, r2              ; r0 = 3c20c61c
T    A176  059A      ldr    r2, [sp, #0x14]     ;  c11ad82c <- [0x0dfffd4c]  r2 = c11ad82c
T    A178  C2F30722  ubfx   r2, r2, #8, #8      ; r2 = 000000d8
T    A17C  54F82220  ldr.w  r2, [r4, r2, lsl #2];  61a3c261 <- [0x00018a7c]  r2 = 61a3c261
T    A180  5040      eors   r0, r2              ; r0 = 5d83047d
T    A182  9DF81020  ldrb.w r2, [sp, #0x10]     ;        2c <- [0x0dfffd48]  r2 = 0000002c
T    A186  55F82220  ldr.w  r2, [r5, r2, lsl #2];  717193e2 <- [0x00018bcc]  r2 = 717193e2
T    A18A  5040      eors   r0, r2              ; r0 = 2cf2979f
T    A18C  0A9A      ldr    r2, [sp, #0x28]     ;   dfffee8 <- [0x0dfffd60]  r2 = 0dfffee8
T    A18E  9268      ldr    r2, [r2, #8]        ;  3b6d9937 <- [0x0dfffef0]  r2 = 3b6d9937
T    A190  5040      eors   r0, r2              ; r0 = 179f0ea8
T    A192  0790      str    r0, [sp, #0x1c]     ;  [0x0dfffd54] <- 179f0ea8
T    A194  0298      ldr    r0, [sp, #8]        ;  bc0ef377 <- [0x0dfffd40]  r0 = bc0ef377
T    A196  000E      lsrs   r0, r0, #0x18       ; r0 = 000000bc
T    A198  51F82000  ldr.w  r0, [r1, r0, lsl #2];  ca6565af <- [0x0001920c]  r0 = ca6565af
T    A19C  0599      ldr    r1, [sp, #0x14]     ;  c11ad82c <- [0x0dfffd4c]  r1 = c11ad82c
T    A19E  C1F30741  ubfx   r1, r1, #0x10, #8   ; r1 = 0000001a
T    A1A2  53F82110  ldr.w  r1, [r3, r1, lsl #2];  fd5fa2a2 <- [0x00019384]  r1 = fd5fa2a2
T    A1A6  4840      eors   r0, r1              ; r0 = 373ac70d
T    A1A8  0499      ldr    r1, [sp, #0x10]     ;  420ff02c <- [0x0dfffd48]  r1 = 420ff02c
T    A1AA  C1F30721  ubfx   r1, r1, #8, #8      ; r1 = 000000f0
T    A1AE  54F82110  ldr.w  r1, [r4, r1, lsl #2];  8c8f038c <- [0x00018adc]  r1 = 8c8f038c
T    A1B2  4840      eors   r0, r1              ; r0 = bbb5c481
T    A1B4  9DF80C10  ldrb.w r1, [sp, #0xc]      ;        23 <- [0x0dfffd44]  r1 = 00000023
T    A1B8  55F82110  ldr.w  r1, [r5, r1, lsl #2];  26266a4c <- [0x00018ba8]  r1 = 26266a4c
T    A1BC  4840      eors   r0, r1              ; r0 = 9d93aecd
T    A1BE  0A99      ldr    r1, [sp, #0x28]     ;   dfffee8 <- [0x0dfffd60]  r1 = 0dfffee8
T    A1C0  C968      ldr    r1, [r1, #0xc]      ;  7b27b7ee <- [0x0dfffef4]  r1 = 7b27b7ee
T    A1C2  4840      eors   r0, r1              ; r0 = e6b41923
T    A1C4  0690      str    r0, [sp, #0x18]     ;  [0x0dfffd50] <- e6b41923
T    A1C6  1CE7      b      #0xa002             ;
T    A002  0998      ldr    r0, [sp, #0x24]     ;  79ba99d9 <- [0x0dfffd5c]  r0 = 79ba99d9
T    A004  000E      lsrs   r0, r0, #0x18       ; r0 = 00000079
T    A006  D449      ldr    r1, [pc, #0x350]    ;      ef10 <- [0x0000a358]  r1 = 0000ef10
T    A008  7944      add    r1, pc              ; r1 = 00018f1c
T    A00A  51F82000  ldr.w  r0, [r1, r0, lsl #2];  77b6b6c1 <- [0x00019100]  r0 = 77b6b6c1
T    A00E  089A      ldr    r2, [sp, #0x20]     ;  f865c5a8 <- [0x0dfffd58]  r2 = f865c5a8
T    A010  C2F30742  ubfx   r2, r2, #0x10, #8   ; r2 = 00000065
T    A014  D14B      ldr    r3, [pc, #0x344]    ;      f302 <- [0x0000a35c]  r3 = 0000f302
T    A016  7B44      add    r3, pc              ; r3 = 0001931c
T    A018  53F82220  ldr.w  r2, [r3, r2, lsl #2];  d79a4d4d <- [0x000194b0]  r2 = d79a4d4d
T    A01C  5040      eors   r0, r2              ; r0 = a02cfb8c
T    A01E  079A      ldr    r2, [sp, #0x1c]     ;  179f0ea8 <- [0x0dfffd54]  r2 = 179f0ea8
T    A020  C2F30722  ubfx   r2, r2, #8, #8      ; r2 = 0000000e
T    A024  CE4C      ldr    r4, [pc, #0x338]    ;      e6f2 <- [0x0000a360]  r4 = 0000e6f2
T    A026  7C44      add    r4, pc              ; r4 = 0001871c
T    A028  54F82220  ldr.w  r2, [r4, r2, lsl #2];  abe64dab <- [0x00018754]  r2 = abe64dab
T    A02C  5040      eors   r0, r2              ; r0 = 0bcab627
T    A02E  9DF81820  ldrb.w r2, [sp, #0x18]     ;        23 <- [0x0dfffd50]  r2 = 00000023
T    A032  CC4D      ldr    r5, [pc, #0x330]    ;      eae4 <- [0x0000a364]  r5 = 0000eae4
T    A034  7D44      add    r5, pc              ; r5 = 00018b1c
T    A036  55F82220  ldr.w  r2, [r5, r2, lsl #2];  26266a4c <- [0x00018ba8]  r2 = 26266a4c
T    A03A  5040      eors   r0, r2              ; r0 = 2decdc6b
T    A03C  0A9A      ldr    r2, [sp, #0x28]     ;   dfffee8 <- [0x0dfffd60]  r2 = 0dfffee8
T    A03E  1269      ldr    r2, [r2, #0x10]     ;  477fea33 <- [0x0dfffef8]  r2 = 477fea33
T    A040  5040      eors   r0, r2              ; r0 = 6a933658
T    A042  0590      str    r0, [sp, #0x14]     ;  [0x0dfffd4c] <- 6a933658
T    A044  0898      ldr    r0, [sp, #0x20]     ;  f865c5a8 <- [0x0dfffd58]  r0 = f865c5a8
T    A046  000E      lsrs   r0, r0, #0x18       ; r0 = 000000f8
T    A048  51F82000  ldr.w  r0, [r1, r0, lsl #2];  824141c3 <- [0x000192fc]  r0 = 824141c3
T    A04C  079A      ldr    r2, [sp, #0x1c]     ;  179f0ea8 <- [0x0dfffd54]  r2 = 179f0ea8
T    A04E  C2F30742  ubfx   r2, r2, #0x10, #8   ; r2 = 0000009f
T    A052  53F82220  ldr.w  r2, [r3, r2, lsl #2];  76addbdb <- [0x00019598]  r2 = 76addbdb
T    A056  5040      eors   r0, r2              ; r0 = f4ec9a18
T    A058  069A      ldr    r2, [sp, #0x18]     ;  e6b41923 <- [0x0dfffd50]  r2 = e6b41923
T    A05A  C2F30722  ubfx   r2, r2, #8, #8      ; r2 = 00000019
T    A05E  54F82220  ldr.w  r2, [r4, r2, lsl #2];  d467b3d4 <- [0x00018780]  r2 = d467b3d4
T    A062  5040      eors   r0, r2              ; r0 = 208b29cc
T    A064  9DF82420  ldrb.w r2, [sp, #0x24]     ;        d9 <- [0x0dfffd5c]  r2 = 000000d9
T    A068  55F82220  ldr.w  r2, [r5, r2, lsl #2];  35355f6a <- [0x00018e80]  r2 = 35355f6a
T    A06C  5040      eors   r0, r2              ; r0 = 15be76a6
T    A06E  0A9A      ldr    r2, [sp, #0x28]     ;   dfffee8 <- [0x0dfffd60]  r2 = 0dfffee8
T    A070  5269      ldr    r2, [r2, #0x14]     ;  42a3c477 <- [0x0dfffefc]  r2 = 42a3c477
T    A072  5040      eors   r0, r2              ; r0 = 571db2d1
T    A074  0490      str    r0, [sp, #0x10]     ;  [0x0dfffd48] <- 571db2d1
T    A076  0798      ldr    r0, [sp, #0x1c]     ;  179f0ea8 <- [0x0dfffd54]  r0 = 179f0ea8
T    A078  000E      lsrs   r0, r0, #0x18       ; r0 = 00000017
T    A07A  51F82000  ldr.w  r0, [r1, r0, lsl #2];  fbf0f00b <- [0x00018f78]  r0 = fbf0f00b
T    A07E  069A      ldr    r2, [sp, #0x18]     ;  e6b41923 <- [0x0dfffd50]  r2 = e6b41923
T    A080  C2F30742  ubfx   r2, r2, #0x10, #8   ; r2 = 000000b4
T    A084  53F82220  ldr.w  r2, [r3, r2, lsl #2];  8c018d8d <- [0x000195ec]  r2 = 8c018d8d
T    A088  5040      eors   r0, r2              ; r0 = 77f17d86
T    A08A  099A      ldr    r2, [sp, #0x24]     ;  79ba99d9 <- [0x0dfffd5c]  r2 = 79ba99d9
T    A08C  C2F30722  ubfx   r2, r2, #8, #8      ; r2 = 00000099
T    A090  54F82220  ldr.w  r2, [r4, r2, lsl #2];  ee29c7ee <- [0x00018980]  r2 = ee29c7ee
T    A094  5040      eors   r0, r2              ; r0 = 99d8ba68
T    A096  9DF82020  ldrb.w r2, [sp, #0x20]     ;        a8 <- [0x0dfffd58]  r2 = 000000a8
T    A09A  55F82220  ldr.w  r2, [r5, r2, lsl #2];  c2c25d9f <- [0x00018dbc]  r2 = c2c25d9f
T    A09E  5040      eors   r0, r2              ; r0 = 5b1ae7f7
T    A0A0  0A9A      ldr    r2, [sp, #0x28]     ;   dfffee8 <- [0x0dfffd60]  r2 = 0dfffee8
T    A0A2  9269      ldr    r2, [r2, #0x18]     ;  301e8457 <- [0x0dffff00]  r2 = 301e8457
T    A0A4  5040      eors   r0, r2              ; r0 = 6b0463a0
T    A0A6  0390      str    r0, [sp, #0xc]      ;  [0x0dfffd44] <- 6b0463a0
T    A0A8  0698      ldr    r0, [sp, #0x18]     ;  e6b41923 <- [0x0dfffd50]  r0 = e6b41923
T    A0AA  000E      lsrs   r0, r0, #0x18       ; r0 = 000000e6
T    A0AC  51F82000  ldr.w  r0, [r1, r0, lsl #2];   78e8e89 <- [0x000192b4]  r0 = 078e8e89
T    A0B0  0999      ldr    r1, [sp, #0x24]     ;  79ba99d9 <- [0x0dfffd5c]  r1 = 79ba99d9
T    A0B2  C1F30741  ubfx   r1, r1, #0x10, #8   ; r1 = 000000ba
T    A0B6  53F82110  ldr.w  r1, [r3, r1, lsl #2];   7f3f4f4 <- [0x00019604]  r1 = 07f3f4f4
T    A0BA  4840      eors   r0, r1              ; r0 = 007d7a7d
T    A0BC  0899      ldr    r1, [sp, #0x20]     ;  f865c5a8 <- [0x0dfffd58]  r1 = f865c5a8
T    A0BE  C1F30721  ubfx   r1, r1, #8, #8      ; r1 = 000000c5
T    A0C2  54F82110  ldr.w  r1, [r4, r1, lsl #2];  a6f157a6 <- [0x00018a30]  r1 = a6f157a6
T    A0C6  4840      eors   r0, r1              ; r0 = a68c2ddb
T    A0C8  9DF81C10  ldrb.w r1, [sp, #0x1c]     ;        a8 <- [0x0dfffd54]  r1 = 000000a8
T    A0CC  55F82110  ldr.w  r1, [r5, r1, lsl #2];  c2c25d9f <- [0x00018dbc]  r1 = c2c25d9f
T    A0D0  4840      eors   r0, r1              ; r0 = 644e7044
T    A0D2  0A99      ldr    r1, [sp, #0x28]     ;   dfffee8 <- [0x0dfffd60]  r1 = 0dfffee8
T    A0D4  C969      ldr    r1, [r1, #0x1c]     ;  2dc6b659 <- [0x0dffff04]  r1 = 2dc6b659
T    A0D6  4840      eors   r0, r1              ; r0 = 4988c61d
T    A0D8  0290      str    r0, [sp, #8]        ;  [0x0dfffd40] <- 4988c61d
T    A0DA  0A98      ldr    r0, [sp, #0x28]     ;   dfffee8 <- [0x0dfffd60]  r0 = 0dfffee8
T    A0DC  2030      adds   r0, #0x20           ; r0 = 0dffff08
T    A0DE  0A90      str    r0, [sp, #0x28]     ;  [0x0dfffd60] <- dffff08
T    A0E0  0198      ldr    r0, [sp, #4]        ;         5 <- [0x0dfffd3c]  r0 = 00000005
T    A0E2  0138      subs   r0, #1              ; r0 = 00000004
T    A0E4  0190      str    r0, [sp, #4]        ;  [0x0dfffd3c] <- 4
T    A0E6  0028      cmp    r0, #0              ; cpsr = 200001f3
T    A0E8  01D1      bne    #0xa0ee             ; pc = 0000a0ee
T    A0EE  0598      ldr    r0, [sp, #0x14]     ;  6a933658 <- [0x0dfffd4c]  r0 = 6a933658
T    A0F0  000E      lsrs   r0, r0, #0x18       ; r0 = 0000006a
T    A0F2  9D49      ldr    r1, [pc, #0x274]    ;      ee24 <- [0x0000a368]  r1 = 0000ee24
T    A0F4  7944      add    r1, pc              ; r1 = 00018f1c
T    A0F6  51F82000  ldr.w  r0, [r1, r0, lsl #2];   4020206 <- [0x000190c4]  r0 = 04020206
T    A0FA  049A      ldr    r2, [sp, #0x10]     ;  571db2d1 <- [0x0dfffd48]  r2 = 571db2d1
T    A0FC  C2F30742  ubfx   r2, r2, #0x10, #8   ; r2 = 0000001d
T    A100  9A4B      ldr    r3, [pc, #0x268]    ;      f216 <- [0x0000a36c]  r3 = 0000f216
T    A102  7B44      add    r3, pc              ; r3 = 0001931c
T    A104  53F82220  ldr.w  r2, [r3, r2, lsl #2];  f753a4a4 <- [0x00019390]  r2 = f753a4a4
T    A108  5040      eors   r0, r2              ; r0 = f351a6a2
T    A10A  039A      ldr    r2, [sp, #0xc]      ;  6b0463a0 <- [0x0dfffd44]  r2 = 6b0463a0
T    A10C  C2F30722  ubfx   r2, r2, #8, #8      ; r2 = 00000063
T    A110  974C      ldr    r4, [pc, #0x25c]    ;      e606 <- [0x0000a370]  r4 = 0000e606
T    A112  7C44      add    r4, pc              ; r4 = 0001871c
T    A114  54F82220  ldr.w  r2, [r4, r2, lsl #2];  fb16edfb <- [0x000188a8]  r2 = fb16edfb
T    A118  5040      eors   r0, r2              ; r0 = 08474b59
T    A11A  9DF80820  ldrb.w r2, [sp, #8]        ;        1d <- [0x0dfffd40]  r2 = 0000001d
T    A11E  954D      ldr    r5, [pc, #0x254]    ;      e9f8 <- [0x0000a374]  r5 = 0000e9f8
T    A120  7D44      add    r5, pc              ; r5 = 00018b1c
T    A122  55F82220  ldr.w  r2, [r5, r2, lsl #2];  a4a4f753 <- [0x00018b90]  r2 = a4a4f753
T    A126  5040      eors   r0, r2              ; r0 = ace3bc0a
T    A128  0A9A      ldr    r2, [sp, #0x28]     ;   dffff08 <- [0x0dfffd60]  r2 = 0dffff08
T    A12A  1268      ldr    r2, [r2]            ;  e84c3fb0 <- [0x0dffff08]  r2 = e84c3fb0
T    A12C  5040      eors   r0, r2              ; r0 = 44af83ba
T    A12E  0990      str    r0, [sp, #0x24]     ;  [0x0dfffd5c] <- 44af83ba
T    A130  0498      ldr    r0, [sp, #0x10]     ;  571db2d1 <- [0x0dfffd48]  r0 = 571db2d1
T    A132  000E      lsrs   r0, r0, #0x18       ; r0 = 00000057
T    A134  51F82000  ldr.w  r0, [r1, r0, lsl #2];  b65b5bed <- [0x00019078]  r0 = b65b5bed
T    A138  039A      ldr    r2, [sp, #0xc]      ;  6b0463a0 <- [0x0dfffd44]  r2 = 6b0463a0
T    A13A  C2F30742  ubfx   r2, r2, #0x10, #8   ; r2 = 00000004
T    A13E  53F82220  ldr.w  r2, [r3, r2, lsl #2];   dfff2f2 <- [0x0001932c]  r2 = 0dfff2f2
T    A142  5040      eors   r0, r2              ; r0 = bba4a91f
T    A144  029A      ldr    r2, [sp, #8]        ;  4988c61d <- [0x0dfffd40]  r2 = 4988c61d
T    A146  C2F30722  ubfx   r2, r2, #8, #8      ; r2 = 000000c6
T    A14A  54F82220  ldr.w  r2, [r4, r2, lsl #2];  b4c773b4 <- [0x00018a34]  r2 = b4c773b4
T    A14E  5040      eors   r0, r2              ; r0 = 0f63daab
T    A150  9DF81420  ldrb.w r2, [sp, #0x14]     ;        58 <- [0x0dfffd4c]  r2 = 00000058
T    A154  55F82220  ldr.w  r2, [r5, r2, lsl #2];  6a6abed4 <- [0x00018c7c]  r2 = 6a6abed4
T    A158  5040      eors   r0, r2              ; r0 = 6509647f
T    A15A  0A9A      ldr    r2, [sp, #0x28]     ;   dffff08 <- [0x0dfffd60]  r2 = 0dffff08
T    A15C  5268      ldr    r2, [r2, #4]        ;  e40ae63a <- [0x0dffff0c]  r2 = e40ae63a
T    A15E  5040      eors   r0, r2              ; r0 = 81038245
T    A160  0890      str    r0, [sp, #0x20]     ;  [0x0dfffd58] <- 81038245
T    A162  0398      ldr    r0, [sp, #0xc]      ;  6b0463a0 <- [0x0dfffd44]  r0 = 6b0463a0
T    A164  000E      lsrs   r0, r0, #0x18       ; r0 = 0000006b
T    A166  51F82000  ldr.w  r0, [r1, r0, lsl #2];  fe7f7f81 <- [0x000190c8]  r0 = fe7f7f81
T    A16A  029A      ldr    r2, [sp, #8]        ;  4988c61d <- [0x0dfffd40]  r2 = 4988c61d
T    A16C  C2F30742  ubfx   r2, r2, #0x10, #8   ; r2 = 00000088
T    A170  53F82220  ldr.w  r2, [r3, r2, lsl #2];  5793c4c4 <- [0x0001953c]  r2 = 5793c4c4
T    A174  5040      eors   r0, r2              ; r0 = a9ecbb45
T    A176  059A      ldr    r2, [sp, #0x14]     ;  6a933658 <- [0x0dfffd4c]  r2 = 6a933658
T    A178  C2F30722  ubfx   r2, r2, #8, #8      ; r2 = 00000036
T    A17C  54F82220  ldr.w  r2, [r4, r2, lsl #2];   50f0a05 <- [0x000187f4]  r2 = 050f0a05
T    A180  5040      eors   r0, r2              ; r0 = ace3b140
T    A182  9DF81020  ldrb.w r2, [sp, #0x10]     ;        d1 <- [0x0dfffd48]  r2 = 000000d1
T    A186  55F82220  ldr.w  r2, [r5, r2, lsl #2];  3e3e427c <- [0x00018e60]  r2 = 3e3e427c
T    A18A  5040      eors   r0, r2              ; r0 = 92ddf33c
T    A18C  0A9A      ldr    r2, [sp, #0x28]     ;   dffff08 <- [0x0dfffd60]  r2 = 0dffff08
T    A18E  9268      ldr    r2, [r2, #8]        ;  df677f0d <- [0x0dffff10]  r2 = df677f0d
T    A190  5040      eors   r0, r2              ; r0 = 4dba8c31
T    A192  0790      str    r0, [sp, #0x1c]     ;  [0x0dfffd54] <- 4dba8c31
T    A194  0298      ldr    r0, [sp, #8]        ;  4988c61d <- [0x0dfffd40]  r0 = 4988c61d
T    A196  000E      lsrs   r0, r0, #0x18       ; r0 = 00000049
T    A198  51F82000  ldr.w  r0, [r1, r0, lsl #2];  763b3b4d <- [0x00019040]  r0 = 763b3b4d
T    A19C  0599      ldr    r1, [sp, #0x14]     ;  6a933658 <- [0x0dfffd4c]  r1 = 6a933658
T    A19E  C1F30741  ubfx   r1, r1, #0x10, #8   ; r1 = 00000093
T    A1A2  53F82110  ldr.w  r1, [r3, r1, lsl #2];  7fa3dcdc <- [0x00019568]  r1 = 7fa3dcdc
T    A1A6  4840      eors   r0, r1              ; r0 = 0998e791
T    A1A8  0499      ldr    r1, [sp, #0x10]     ;  571db2d1 <- [0x0dfffd48]  r1 = 571db2d1
T    A1AA  C1F30721  ubfx   r1, r1, #8, #8      ; r1 = 000000b2
T    A1AE  54F82110  ldr.w  r1, [r4, r1, lsl #2];  37596e37 <- [0x000189e4]  r1 = 37596e37
T    A1B2  4840      eors   r0, r1              ; r0 = 3ec189a6
T    A1B4  9DF80C10  ldrb.w r1, [sp, #0xc]      ;        a0 <- [0x0dfffd44]  r1 = 000000a0
T    A1B8  55F82110  ldr.w  r1, [r5, r1, lsl #2];  e0e03bdb <- [0x00018d9c]  r1 = e0e03bdb
T    A1BC  4840      eors   r0, r1              ; r0 = de21b27d
T    A1BE  0A99      ldr    r1, [sp, #0x28]     ;   dffff08 <- [0x0dfffd60]  r1 = 0dffff08
T    A1C0  C968      ldr    r1, [r1, #0xc]      ;  a440c8e3 <- [0x0dffff14]  r1 = a440c8e3
T    A1C2  4840      eors   r0, r1              ; r0 = 7a617a9e
T    A1C4  0690      str    r0, [sp, #0x18]     ;  [0x0dfffd50] <- 7a617a9e
T    A1C6  1CE7      b      #0xa002             ;
T    A002  0998      ldr    r0, [sp, #0x24]     ;  44af83ba <- [0x0dfffd5c]  r0 = 44af83ba
T    A004  000E      lsrs   r0, r0, #0x18       ; r0 = 00000044
T    A006  D449      ldr    r1, [pc, #0x350]    ;      ef10 <- [0x0000a358]  r1 = 0000ef10
T    A008  7944      add    r1, pc              ; r1 = 00018f1c
T    A00A  51F82000  ldr.w  r0, [r1, r0, lsl #2];  361b1b2d <- [0x0001902c]  r0 = 361b1b2d
T    A00E  089A      ldr    r2, [sp, #0x20]     ;  81038245 <- [0x0dfffd58]  r2 = 81038245
T    A010  C2F30742  ubfx   r2, r2, #0x10, #8   ; r2 = 00000003
T    A014  D14B      ldr    r3, [pc, #0x344]    ;      f302 <- [0x0000a35c]  r3 = 0000f302
T    A016  7B44      add    r3, pc              ; r3 = 0001931c
T    A018  53F82220  ldr.w  r2, [r3, r2, lsl #2];  8df67b7b <- [0x00019328]  r2 = 8df67b7b
T    A01C  5040      eors   r0, r2              ; r0 = bbed6056
T    A01E  079A      ldr    r2, [sp, #0x1c]     ;  4dba8c31 <- [0x0dfffd54]  r2 = 4dba8c31
T    A020  C2F30722  ubfx   r2, r2, #8, #8      ; r2 = 0000008c
T    A024  CE4C      ldr    r4, [pc, #0x338]    ;      e6f2 <- [0x0000a360]  r4 = 0000e6f2
T    A026  7C44      add    r4, pc              ; r4 = 0001871c
T    A028  54F82220  ldr.w  r2, [r4, r2, lsl #2];  64acc864 <- [0x0001894c]  r2 = 64acc864
T    A02C  5040      eors   r0, r2              ; r0 = df41a832
T    A02E  9DF81820  ldrb.w r2, [sp, #0x18]     ;        9e <- [0x0dfffd50]  r2 = 0000009e
T    A032  CC4D      ldr    r5, [pc, #0x330]    ;      eae4 <- [0x0000a364]  r5 = 0000eae4
T    A034  7D44      add    r5, pc              ; r5 = 00018b1c
T    A036  55F82220  ldr.w  r2, [r5, r2, lsl #2];   b0b1d16 <- [0x00018d94]  r2 = 0b0b1d16
T    A03A  5040      eors   r0, r2              ; r0 = d44ab524
T    A03C  0A9A      ldr    r2, [sp, #0x28]     ;   dffff08 <- [0x0dfffd60]  r2 = 0dffff08
T    A03E  1269      ldr    r2, [r2, #0x10]     ;   e760222 <- [0x0dffff18]  r2 = 0e760222
T    A040  5040      eors   r0, r2              ; r0 = da3cb706
T    A042  0590      str    r0, [sp, #0x14]     ;  [0x0dfffd4c] <- da3cb706
T    A044  0898      ldr    r0, [sp, #0x20]     ;  81038245 <- [0x0dfffd58]  r0 = 81038245
T    A046  000E      lsrs   r0, r0, #0x18       ; r0 = 00000081
T    A048  51F82000  ldr.w  r0, [r1, r0, lsl #2];  180c0c14 <- [0x00019120]  r0 = 180c0c14
T    A04C  079A      ldr    r2, [sp, #0x1c]     ;  4dba8c31 <- [0x0dfffd54]  r2 = 4dba8c31
T    A04E  C2F30742  ubfx   r2, r2, #0x10, #8   ; r2 = 000000ba
T    A052  53F82220  ldr.w  r2, [r3, r2, lsl #2];   7f3f4f4 <- [0x00019604]  r2 = 07f3f4f4
T    A056  5040      eors   r0, r2              ; r0 = 1ffff8e0
T    A058  069A      ldr    r2, [sp, #0x18]     ;  7a617a9e <- [0x0dfffd50]  r2 = 7a617a9e
T    A05A  C2F30722  ubfx   r2, r2, #8, #8      ; r2 = 0000007a
T    A05E  54F82220  ldr.w  r2, [r4, r2, lsl #2];  da75afda <- [0x00018904]  r2 = da75afda
T    A062  5040      eors   r0, r2              ; r0 = c58a573a
T    A064  9DF82420  ldrb.w r2, [sp, #0x24]     ;        ba <- [0x0dfffd5c]  r2 = 000000ba
T    A068  55F82220  ldr.w  r2, [r5, r2, lsl #2];  f4f407f3 <- [0x00018e04]  r2 = f4f407f3
T    A06C  5040      eors   r0, r2              ; r0 = 317e50c9
T    A06E  0A9A      ldr    r2, [sp, #0x28]     ;   dffff08 <- [0x0dfffd60]  r2 = 0dffff08
T    A070  5269      ldr    r2, [r2, #0x14]     ;  4cd5c655 <- [0x0dffff1c]  r2 = 4cd5c655
T    A072  5040      eors   r0, r2              ; r0 = 7dab969c
T    A074  0490      str    r0, [sp, #0x10]     ;  [0x0dfffd48] <- 7dab969c
T    A076  0798      ldr    r0, [sp, #0x1c]     ;  4dba8c31 <- [0x0dfffd54]  r0 = 4dba8c31
T    A078  000E      lsrs   r0, r0, #0x18       ; r0 = 0000004d
T    A07A  51F82000  ldr.w  r0, [r1, r0, lsl #2];  dde3e33e <- [0x00019050]  r0 = dde3e33e
T    A07E  069A      ldr    r2, [sp, #0x18]     ;  7a617a9e <- [0x0dfffd50]  r2 = 7a617a9e
T    A080  C2F30742  ubfx   r2, r2, #0x10, #8   ; r2 = 00000061
T    A084  53F82220  ldr.w  r2, [r3, r2, lsl #2];  2ac5efef <- [0x000194a0]  r2 = 2ac5efef
T    A088  5040      eors   r0, r2              ; r0 = f7260cd1
T    A08A  099A      ldr    r2, [sp, #0x24]     ;  44af83ba <- [0x0dfffd5c]  r2 = 44af83ba
T    A08C  C2F30722  ubfx   r2, r2, #8, #8      ; r2 = 00000083
T    A090  54F82220  ldr.w  r2, [r4, r2, lsl #2];  ec2fc3ec <- [0x00018928]  r2 = ec2fc3ec
T    A094  5040      eors   r0, r2              ; r0 = 1b09cf3d
T    A096  9DF82020  ldrb.w r2, [sp, #0x20]     ;        45 <- [0x0dfffd58]  r2 = 00000045
T    A09A  55F82220  ldr.w  r2, [r5, r2, lsl #2];  6e6eb2dc <- [0x00018c30]  r2 = 6e6eb2dc
T    A09E  5040      eors   r0, r2              ; r0 = 75677de1
T    A0A0  0A9A      ldr    r2, [sp, #0x28]     ;   dffff08 <- [0x0dfffd60]  r2 = 0dffff08
T    A0A2  9269      ldr    r2, [r2, #0x18]     ;  7ccb4202 <- [0x0dffff20]  r2 = 7ccb4202
T    A0A4  5040      eors   r0, r2              ; r0 = 09ac3fe3
T    A0A6  0390      str    r0, [sp, #0xc]      ;  [0x0dfffd44] <- 9ac3fe3
T    A0A8  0698      ldr    r0, [sp, #0x18]     ;  7a617a9e <- [0x0dfffd50]  r0 = 7a617a9e
T    A0AA  000E      lsrs   r0, r0, #0x18       ; r0 = 0000007a
T    A0AC  51F82000  ldr.w  r0, [r1, r0, lsl #2];  afdada75 <- [0x00019104]  r0 = afdada75
T    A0B0  0999      ldr    r1, [sp, #0x24]     ;  44af83ba <- [0x0dfffd5c]  r1 = 44af83ba
T    A0B2  C1F30741  ubfx   r1, r1, #0x10, #8   ; r1 = 000000af
T    A0B6  53F82110  ldr.w  r1, [r3, r1, lsl #2];  8bf27979 <- [0x000195d8]  r1 = 8bf27979
T    A0BA  4840      eors   r0, r1              ; r0 = 2428a30c
T    A0BC  0899      ldr    r1, [sp, #0x20]     ;  81038245 <- [0x0dfffd58]  r1 = 81038245
T    A0BE  C1F30721  ubfx   r1, r1, #8, #8      ; r1 = 00000082
T    A0C2  54F82110  ldr.w  r1, [r4, r1, lsl #2];  13352613 <- [0x00018924]  r1 = 13352613
T    A0C6  4840      eors   r0, r1              ; r0 = 371d851f
T    A0C8  9DF81C10  ldrb.w r1, [sp, #0x1c]     ;        31 <- [0x0dfffd54]  r1 = 00000031
T    A0CC  55F82110  ldr.w  r1, [r5, r1, lsl #2];  c7c75295 <- [0x00018be0]  r1 = c7c75295
T    A0D0  4840      eors   r0, r1              ; r0 = f0dad78a
T    A0D2  0A99      ldr    r1, [sp, #0x28]     ;   dffff08 <- [0x0dfffd60]  r1 = 0dffff08
T    A0D4  C969      ldr    r1, [r1, #0x1c]     ;  510df45b <- [0x0dffff24]  r1 = 510df45b
T    A0D6  4840      eors   r0, r1              ; r0 = a1d723d1
T    A0D8  0290      str    r0, [sp, #8]        ;  [0x0dfffd40] <- a1d723d1
T    A0DA  0A98      ldr    r0, [sp, #0x28]     ;   dffff08 <- [0x0dfffd60]  r0 = 0dffff08
T    A0DC  2030      adds   r0, #0x20           ; r0 = 0dffff28
T    A0DE  0A90      str    r0, [sp, #0x28]     ;  [0x0dfffd60] <- dffff28
T    A0E0  0198      ldr    r0, [sp, #4]        ;         4 <- [0x0dfffd3c]  r0 = 00000004
T    A0E2  0138      subs   r0, #1              ; r0 = 00000003
T    A0E4  0190      str    r0, [sp, #4]        ;  [0x0dfffd3c] <- 3
T    A0E6  0028      cmp    r0, #0              ; cpsr = 200001f3
T    A0E8  01D1      bne    #0xa0ee             ; pc = 0000a0ee
T    A0EE  0598      ldr    r0, [sp, #0x14]     ;  da3cb706 <- [0x0dfffd4c]  r0 = da3cb706
T    A0F0  000E      lsrs   r0, r0, #0x18       ; r0 = 000000da
T    A0F2  9D49      ldr    r1, [pc, #0x274]    ;      ee24 <- [0x0000a368]  r1 = 0000ee24
T    A0F4  7944      add    r1, pc              ; r1 = 00018f1c
T    A0F6  51F82000  ldr.w  r0, [r1, r0, lsl #2];  ae5757f9 <- [0x00019284]  r0 = ae5757f9
T    A0FA  049A      ldr    r2, [sp, #0x10]     ;  7dab969c <- [0x0dfffd48]  r2 = 7dab969c
T    A0FC  C2F30742  ubfx   r2, r2, #0x10, #8   ; r2 = 000000ab
T    A100  9A4B      ldr    r3, [pc, #0x268]    ;      f216 <- [0x0000a36c]  r3 = 0000f216
T    A102  7B44      add    r3, pc              ; r3 = 0001931c
T    A104  53F82220  ldr.w  r2, [r3, r2, lsl #2];  a6c46262 <- [0x000195c8]  r2 = a6c46262
T    A108  5040      eors   r0, r2              ; r0 = 0893359b
T    A10A  039A      ldr    r2, [sp, #0xc]      ;   9ac3fe3 <- [0x0dfffd44]  r2 = 09ac3fe3
T    A10C  C2F30722  ubfx   r2, r2, #8, #8      ; r2 = 0000003f
T    A110  974C      ldr    r4, [pc, #0x25c]    ;      e606 <- [0x0000a370]  r4 = 0000e606
T    A112  7C44      add    r4, pc              ; r4 = 0001871c
T    A114  54F82220  ldr.w  r2, [r4, r2, lsl #2];  759fea75 <- [0x00018818]  r2 = 759fea75
T    A118  5040      eors   r0, r2              ; r0 = 7d0cdfee
T    A11A  9DF80820  ldrb.w r2, [sp, #8]        ;        d1 <- [0x0dfffd40]  r2 = 000000d1
T    A11E  954D      ldr    r5, [pc, #0x254]    ;      e9f8 <- [0x0000a374]  r5 = 0000e9f8
T    A120  7D44      add    r5, pc              ; r5 = 00018b1c
T    A122  55F82220  ldr.w  r2, [r5, r2, lsl #2];  3e3e427c <- [0x00018e60]  r2 = 3e3e427c
T    A126  5040      eors   r0, r2              ; r0 = 43329d92
T    A128  0A9A      ldr    r2, [sp, #0x28]     ;   dffff28 <- [0x0dfffd60]  r2 = 0dffff28
T    A12A  1268      ldr    r2, [r2]            ;  37f30661 <- [0x0dffff28]  r2 = 37f30661
T    A12C  5040      eors   r0, r2              ; r0 = 74c19bf3
T    A12E  0990      str    r0, [sp, #0x24]     ;  [0x0dfffd5c] <- 74c19bf3
T    A130  0498      ldr    r0, [sp, #0x10]     ;  7dab969c <- [0x0dfffd48]  r0 = 7dab969c
T    A132  000E      lsrs   r0, r0, #0x18       ; r0 = 0000007d
T    A134  51F82000  ldr.w  r0, [r1, r0, lsl #2];  e5ffff1a <- [0x00019110]  r0 = e5ffff1a
T    A138  039A      ldr    r2, [sp, #0xc]      ;   9ac3fe3 <- [0x0dfffd44]  r2 = 09ac3fe3
T    A13A  C2F30742  ubfx   r2, r2, #0x10, #8   ; r2 = 000000ac
T    A13E  53F82220  ldr.w  r2, [r3, r2, lsl #2];  a8399191 <- [0x000195cc]  r2 = a8399191
T    A142  5040      eors   r0, r2              ; r0 = 4dc66e8b
T    A144  029A      ldr    r2, [sp, #8]        ;  a1d723d1 <- [0x0dfffd40]  r2 = a1d723d1
T    A146  C2F30722  ubfx   r2, r2, #8, #8      ; r2 = 00000023
T    A14A  54F82220  ldr.w  r2, [r4, r2, lsl #2];  266a4c26 <- [0x000187a8]  r2 = 266a4c26
T    A14E  5040      eors   r0, r2              ; r0 = 6bac22ad
T    A150  9DF81420  ldrb.w r2, [sp, #0x14]     ;         6 <- [0x0dfffd4c]  r2 = 00000006
T    A154  55F82220  ldr.w  r2, [r5, r2, lsl #2];  6f6fb1de <- [0x00018b34]  r2 = 6f6fb1de
T    A158  5040      eors   r0, r2              ; r0 = 04c39373
T    A15A  0A9A      ldr    r2, [sp, #0x28]     ;   dffff28 <- [0x0dfffd60]  r2 = 0dffff28
T    A15C  5268      ldr    r2, [r2, #4]        ;  d3f9e05b <- [0x0dffff2c]  r2 = d3f9e05b
T    A15E  5040      eors   r0, r2              ; r0 = d73a7328
T    A160  0890      str    r0, [sp, #0x20]     ;  [0x0dfffd58] <- d73a7328
T    A162  0398      ldr    r0, [sp, #0xc]      ;   9ac3fe3 <- [0x0dfffd44]  r0 = 09ac3fe3
T    A164  000E      lsrs   r0, r0, #0x18       ; r0 = 00000009
T    A166  51F82000  ldr.w  r0, [r1, r0, lsl #2];   2010103 <- [0x00018f40]  r0 = 02010103
T    A16A  029A      ldr    r2, [sp, #8]        ;  a1d723d1 <- [0x0dfffd40]  r2 = a1d723d1
T    A16C  C2F30742  ubfx   r2, r2, #0x10, #8   ; r2 = 000000d7
T    A170  53F82220  ldr.w  r2, [r3, r2, lsl #2];  121c0e0e <- [0x00019678]  r2 = 121c0e0e
T    A174  5040      eors   r0, r2              ; r0 = 101d0f0d
T    A176  059A      ldr    r2, [sp, #0x14]     ;  da3cb706 <- [0x0dfffd4c]  r2 = da3cb706
T    A178  C2F30722  ubfx   r2, r2, #8, #8      ; r2 = 000000b7
T    A17C  54F82220  ldr.w  r2, [r4, r2, lsl #2];  a9e049a9 <- [0x000189f8]  r2 = a9e049a9
T    A180  5040      eors   r0, r2              ; r0 = b9fd46a4
T    A182  9DF81020  ldrb.w r2, [sp, #0x10]     ;        9c <- [0x0dfffd48]  r2 = 0000009c
T    A186  55F82220  ldr.w  r2, [r5, r2, lsl #2];  dede79a7 <- [0x00018d8c]  r2 = dede79a7
T    A18A  5040      eors   r0, r2              ; r0 = 67233f03
T    A18C  0A9A      ldr    r2, [sp, #0x28]     ;   dffff28 <- [0x0dfffd60]  r2 = 0dffff28
T    A18E  9268      ldr    r2, [r2, #8]        ;   c9e9f56 <- [0x0dffff30]  r2 = 0c9e9f56
T    A190  5040      eors   r0, r2              ; r0 = 6bbda055
T    A192  0790      str    r0, [sp, #0x1c]     ;  [0x0dfffd54] <- 6bbda055
T    A194  0298      ldr    r0, [sp, #8]        ;  a1d723d1 <- [0x0dfffd40]  r0 = a1d723d1
T    A196  000E      lsrs   r0, r0, #0x18       ; r0 = 000000a1
T    A198  51F82000  ldr.w  r0, [r1, r0, lsl #2];  64323256 <- [0x000191a0]  r0 = 64323256
T    A19C  0599      ldr    r1, [sp, #0x14]     ;  da3cb706 <- [0x0dfffd4c]  r1 = da3cb706
T    A19E  C1F30741  ubfx   r1, r1, #0x10, #8   ; r1 = 0000003c
T    A1A2  53F82110  ldr.w  r1, [r3, r1, lsl #2];  26cdebeb <- [0x0001940c]  r1 = 26cdebeb
T    A1A6  4840      eors   r0, r1              ; r0 = 42ffd9bd
T    A1A8  0499      ldr    r1, [sp, #0x10]     ;  7dab969c <- [0x0dfffd48]  r1 = 7dab969c
T    A1AA  C1F30721  ubfx   r1, r1, #8, #8      ; r1 = 00000096
T    A1AE  54F82110  ldr.w  r1, [r4, r1, lsl #2];  90ab3b90 <- [0x00018974]  r1 = 90ab3b90
T    A1B2  4840      eors   r0, r1              ; r0 = d254e22d
T    A1B4  9DF80C10  ldrb.w r1, [sp, #0xc]      ;        e3 <- [0x0dfffd44]  r1 = 000000e3
T    A1B8  55F82110  ldr.w  r1, [r5, r1, lsl #2];  11113322 <- [0x00018ea8]  r1 = 11113322
T    A1BC  4840      eors   r0, r1              ; r0 = c345d10f
T    A1BE  0A99      ldr    r1, [sp, #0x28]     ;   dffff28 <- [0x0dfffd60]  r1 = 0dffff28
T    A1C0  C968      ldr    r1, [r1, #0xc]      ;  a8de57b5 <- [0x0dffff34]  r1 = a8de57b5
T    A1C2  4840      eors   r0, r1              ; r0 = 6b9b86ba
T    A1C4  0690      str    r0, [sp, #0x18]     ;  [0x0dfffd50] <- 6b9b86ba
T    A1C6  1CE7      b      #0xa002             ;
T    A002  0998      ldr    r0, [sp, #0x24]     ;  74c19bf3 <- [0x0dfffd5c]  r0 = 74c19bf3
T    A004  000E      lsrs   r0, r0, #0x18       ; r0 = 00000074
T    A006  D449      ldr    r1, [pc, #0x350]    ;      ef10 <- [0x0000a358]  r1 = 0000ef10
T    A008  7944      add    r1, pc              ; r1 = 00018f1c
T    A00A  51F82000  ldr.w  r0, [r1, r0, lsl #2];  3f9292ad <- [0x000190ec]  r0 = 3f9292ad
T    A00E  089A      ldr    r2, [sp, #0x20]     ;  d73a7328 <- [0x0dfffd58]  r2 = d73a7328
T    A010  C2F30742  ubfx   r2, r2, #0x10, #8   ; r2 = 0000003a
T    A014  D14B      ldr    r3, [pc, #0x344]    ;      f302 <- [0x0000a35c]  r3 = 0000f302
T    A016  7B44      add    r3, pc              ; r3 = 0001931c
T    A018  53F82220  ldr.w  r2, [r3, r2, lsl #2];  9b1b8080 <- [0x00019404]  r2 = 9b1b8080
T    A01C  5040      eors   r0, r2              ; r0 = a489122d
T    A01E  079A      ldr    r2, [sp, #0x1c]     ;  6bbda055 <- [0x0dfffd54]  r2 = 6bbda055
T    A020  C2F30722  ubfx   r2, r2, #8, #8      ; r2 = 000000a0
T    A024  CE4C      ldr    r4, [pc, #0x338]    ;      e6f2 <- [0x0000a360]  r4 = 0000e6f2
T    A026  7C44      add    r4, pc              ; r4 = 0001871c
T    A028  54F82220  ldr.w  r2, [r4, r2, lsl #2];  e03bdbe0 <- [0x0001899c]  r2 = e03bdbe0
T    A02C  5040      eors   r0, r2              ; r0 = 44b2c9cd
T    A02E  9DF81820  ldrb.w r2, [sp, #0x18]     ;        ba <- [0x0dfffd50]  r2 = 000000ba
T    A032  CC4D      ldr    r5, [pc, #0x330]    ;      eae4 <- [0x0000a364]  r5 = 0000eae4
T    A034  7D44      add    r5, pc              ; r5 = 00018b1c
T    A036  55F82220  ldr.w  r2, [r5, r2, lsl #2];  f4f407f3 <- [0x00018e04]  r2 = f4f407f3
T    A03A  5040      eors   r0, r2              ; r0 = b046ce3e
T    A03C  0A9A      ldr    r2, [sp, #0x28]     ;   dffff28 <- [0x0dfffd60]  r2 = 0dffff28
T    A03E  1269      ldr    r2, [r2, #0x10]     ;  cc6b59f7 <- [0x0dffff38]  r2 = cc6b59f7
T    A040  5040      eors   r0, r2              ; r0 = 7c2d97c9
T    A042  0590      str    r0, [sp, #0x14]     ;  [0x0dfffd4c] <- 7c2d97c9
T    A044  0898      ldr    r0, [sp, #0x20]     ;  d73a7328 <- [0x0dfffd58]  r0 = d73a7328
T    A046  000E      lsrs   r0, r0, #0x18       ; r0 = 000000d7
T    A048  51F82000  ldr.w  r0, [r1, r0, lsl #2];  1c0e0e12 <- [0x00019278]  r0 = 1c0e0e12
T    A04C  079A      ldr    r2, [sp, #0x1c]     ;  6bbda055 <- [0x0dfffd54]  r2 = 6bbda055
T    A04E  C2F30742  ubfx   r2, r2, #0x10, #8   ; r2 = 000000bd
T    A052  53F82220  ldr.w  r2, [r3, r2, lsl #2];  8ef47a7a <- [0x00019610]  r2 = 8ef47a7a
T    A056  5040      eors   r0, r2              ; r0 = 92fa7468
T    A058  069A      ldr    r2, [sp, #0x18]     ;  6b9b86ba <- [0x0dfffd50]  r2 = 6b9b86ba
T    A05A  C2F30722  ubfx   r2, r2, #8, #8      ; r2 = 00000086
T    A05E  54F82220  ldr.w  r2, [r4, r2, lsl #2];  44cc8844 <- [0x00018934]  r2 = 44cc8844
T    A062  5040      eors   r0, r2              ; r0 = d636fc2c
T    A064  9DF82420  ldrb.w r2, [sp, #0x24]     ;        f3 <- [0x0dfffd5c]  r2 = 000000f3
T    A068  55F82220  ldr.w  r2, [r5, r2, lsl #2];   d0d171a <- [0x00018ee8]  r2 = 0d0d171a
T    A06C  5040      eors   r0, r2              ; r0 = db3beb36
T    A06E  0A9A      ldr    r2, [sp, #0x28]     ;   dffff28 <- [0x0dfffd60]  r2 = 0dffff28
T    A070  5269      ldr    r2, [r2, #0x14]     ;  80be9fa2 <- [0x0dffff3c]  r2 = 80be9fa2
T    A072  5040      eors   r0, r2              ; r0 = 5b857494
T    A074  0490      str    r0, [sp, #0x10]     ;  [0x0dfffd48] <- 5b857494
T    A076  0798      ldr    r0, [sp, #0x1c]     ;  6bbda055 <- [0x0dfffd54]  r0 = 6bbda055
T    A078  000E      lsrs   r0, r0, #0x18       ; r0 = 0000006b
T    A07A  51F82000  ldr.w  r0, [r1, r0, lsl #2];  fe7f7f81 <- [0x000190c8]  r0 = fe7f7f81
T    A07E  069A      ldr    r2, [sp, #0x18]     ;  6b9b86ba <- [0x0dfffd50]  r2 = 6b9b86ba
T    A080  C2F30742  ubfx   r2, r2, #0x10, #8   ; r2 = 0000009b
T    A084  53F82220  ldr.w  r2, [r3, r2, lsl #2];  3c281414 <- [0x00019588]  r2 = 3c281414
T    A088  5040      eors   r0, r2              ; r0 = c2576b95
T    A08A  099A      ldr    r2, [sp, #0x24]     ;  74c19bf3 <- [0x0dfffd5c]  r2 = 74c19bf3
T    A08C  C2F30722  ubfx   r2, r2, #8, #8      ; r2 = 0000009b
T    A090  54F82220  ldr.w  r2, [r4, r2, lsl #2];  143c2814 <- [0x00018988]  r2 = 143c2814
T    A094  5040      eors   r0, r2              ; r0 = d66b4381
T    A096  9DF82020  ldrb.w r2, [sp, #0x20]     ;        28 <- [0x0dfffd58]  r2 = 00000028
T    A09A  55F82220  ldr.w  r2, [r5, r2, lsl #2];  34345c68 <- [0x00018bbc]  r2 = 34345c68
T    A09E  5040      eors   r0, r2              ; r0 = e25f1fe9
T    A0A0  0A9A      ldr    r2, [sp, #0x28]     ;   dffff28 <- [0x0dfffd60]  r2 = 0dffff28
T    A0A2  9269      ldr    r2, [r2, #0x18]     ;  fc75dda0 <- [0x0dffff40]  r2 = fc75dda0
T    A0A4  5040      eors   r0, r2              ; r0 = 1e2ac249
T    A0A6  0390      str    r0, [sp, #0xc]      ;  [0x0dfffd44] <- 1e2ac249
T    A0A8  0698      ldr    r0, [sp, #0x18]     ;  6b9b86ba <- [0x0dfffd50]  r0 = 6b9b86ba
T    A0AA  000E      lsrs   r0, r0, #0x18       ; r0 = 0000006b
T    A0AC  51F82000  ldr.w  r0, [r1, r0, lsl #2];  fe7f7f81 <- [0x000190c8]  r0 = fe7f7f81
T    A0B0  0999      ldr    r1, [sp, #0x24]     ;  74c19bf3 <- [0x0dfffd5c]  r1 = 74c19bf3
T    A0B2  C1F30741  ubfx   r1, r1, #0x10, #8   ; r1 = 000000c1
T    A0B6  53F82110  ldr.w  r1, [r3, r1, lsl #2];  88f07878 <- [0x00019620]  r1 = 88f07878
T    A0BA  4840      eors   r0, r1              ; r0 = 768f07f9
T    A0BC  0899      ldr    r1, [sp, #0x20]     ;  d73a7328 <- [0x0dfffd58]  r1 = d73a7328
T    A0BE  C1F30721  ubfx   r1, r1, #8, #8      ; r1 = 00000073
T    A0C2  54F82110  ldr.w  r1, [r4, r1, lsl #2];  8f8a058f <- [0x000188e8]  r1 = 8f8a058f
T    A0C6  4840      eors   r0, r1              ; r0 = f9050276
T    A0C8  9DF81C10  ldrb.w r1, [sp, #0x1c]     ;        55 <- [0x0dfffd54]  r1 = 00000055
T    A0CC  55F82110  ldr.w  r1, [r5, r1, lsl #2];  fcfc1fe3 <- [0x00018c70]  r1 = fcfc1fe3
T    A0D0  4840      eors   r0, r1              ; r0 = 05f91d95
T    A0D2  0A99      ldr    r1, [sp, #0x28]     ;   dffff28 <- [0x0dfffd60]  r1 = 0dffff28
T    A0D4  C969      ldr    r1, [r1, #0x1c]     ;  ad7829fb <- [0x0dffff44]  r1 = ad7829fb
T    A0D6  4840      eors   r0, r1              ; r0 = a881346e
T    A0D8  0290      str    r0, [sp, #8]        ;  [0x0dfffd40] <- a881346e
T    A0DA  0A98      ldr    r0, [sp, #0x28]     ;   dffff28 <- [0x0dfffd60]  r0 = 0dffff28
T    A0DC  2030      adds   r0, #0x20           ; r0 = 0dffff48
T    A0DE  0A90      str    r0, [sp, #0x28]     ;  [0x0dfffd60] <- dffff48
T    A0E0  0198      ldr    r0, [sp, #4]        ;         3 <- [0x0dfffd3c]  r0 = 00000003
T    A0E2  0138      subs   r0, #1              ; r0 = 00000002
T    A0E4  0190      str    r0, [sp, #4]        ;  [0x0dfffd3c] <- 2
T    A0E6  0028      cmp    r0, #0              ; cpsr = 200001f3
T    A0E8  01D1      bne    #0xa0ee             ; pc = 0000a0ee
T    A0EE  0598      ldr    r0, [sp, #0x14]     ;  7c2d97c9 <- [0x0dfffd4c]  r0 = 7c2d97c9
T    A0F0  000E      lsrs   r0, r0, #0x18       ; r0 = 0000007c
T    A0F2  9D49      ldr    r1, [pc, #0x274]    ;      ee24 <- [0x0000a368]  r1 = 0000ee24
T    A0F4  7944      add    r1, pc              ; r1 = 00018f1c
T    A0F6  51F82000  ldr.w  r0, [r1, r0, lsl #2];  20101030 <- [0x0001910c]  r0 = 20101030
T    A0FA  049A      ldr    r2, [sp, #0x10]     ;  5b857494 <- [0x0dfffd48]  r2 = 5b857494
T    A0FC  C2F30742  ubfx   r2, r2, #0x10, #8   ; r2 = 00000085
T    A100  9A4B      ldr    r3, [pc, #0x268]    ;      f216 <- [0x0000a36c]  r3 = 0000f216
T    A102  7B44      add    r3, pc              ; r3 = 0001931c
T    A104  53F82220  ldr.w  r2, [r3, r2, lsl #2];  a2359797 <- [0x00019530]  r2 = a2359797
T    A108  5040      eors   r0, r2              ; r0 = 822587a7
T    A10A  039A      ldr    r2, [sp, #0xc]      ;  1e2ac249 <- [0x0dfffd44]  r2 = 1e2ac249
T    A10C  C2F30722  ubfx   r2, r2, #8, #8      ; r2 = 000000c2
T    A110  974C      ldr    r4, [pc, #0x25c]    ;      e606 <- [0x0000a370]  r4 = 0000e606
T    A112  7C44      add    r4, pc              ; r4 = 0001871c
T    A114  54F82220  ldr.w  r2, [r4, r2, lsl #2];  256f4a25 <- [0x00018a24]  r2 = 256f4a25
T    A118  5040      eors   r0, r2              ; r0 = a74acd82
T    A11A  9DF80820  ldrb.w r2, [sp, #8]        ;        6e <- [0x0dfffd40]  r2 = 0000006e
T    A11E  954D      ldr    r5, [pc, #0x254]    ;      e9f8 <- [0x0000a374]  r5 = 0000e9f8
T    A120  7D44      add    r5, pc              ; r5 = 00018b1c
T    A122  55F82220  ldr.w  r2, [r5, r2, lsl #2];  9f9fba25 <- [0x00018cd4]  r2 = 9f9fba25
T    A126  5040      eors   r0, r2              ; r0 = 38d577a7
T    A128  0A9A      ldr    r2, [sp, #0x28]     ;   dffff48 <- [0x0dfffd60]  r2 = 0dffff48
T    A12A  1268      ldr    r2, [r2]            ;  9b5609f4 <- [0x0dffff48]  r2 = 9b5609f4
T    A12C  5040      eors   r0, r2              ; r0 = a3837e53
T    A12E  0990      str    r0, [sp, #0x24]     ;  [0x0dfffd5c] <- a3837e53
T    A130  0498      ldr    r0, [sp, #0x10]     ;  5b857494 <- [0x0dfffd48]  r0 = 5b857494
T    A132  000E      lsrs   r0, r0, #0x18       ; r0 = 0000005b
T    A134  51F82000  ldr.w  r0, [r1, r0, lsl #2];  7239394b <- [0x00019088]  r0 = 7239394b
T    A138  039A      ldr    r2, [sp, #0xc]      ;  1e2ac249 <- [0x0dfffd44]  r2 = 1e2ac249
T    A13A  C2F30742  ubfx   r2, r2, #0x10, #8   ; r2 = 0000002a
T    A13E  53F82220  ldr.w  r2, [r3, r2, lsl #2];  34d1e5e5 <- [0x000193c4]  r2 = 34d1e5e5
T    A142  5040      eors   r0, r2              ; r0 = 46e8dcae
T    A144  029A      ldr    r2, [sp, #8]        ;  a881346e <- [0x0dfffd40]  r2 = a881346e
T    A146  C2F30722  ubfx   r2, r2, #8, #8      ; r2 = 00000034
T    A14A  54F82220  ldr.w  r2, [r4, r2, lsl #2];  18283018 <- [0x000187ec]  r2 = 18283018
T    A14E  5040      eors   r0, r2              ; r0 = 5ec0ecb6
T    A150  9DF81420  ldrb.w r2, [sp, #0x14]     ;        c9 <- [0x0dfffd4c]  r2 = 000000c9
T    A154  55F82220  ldr.w  r2, [r5, r2, lsl #2];  dddd7ca1 <- [0x00018e40]  r2 = dddd7ca1
T    A158  5040      eors   r0, r2              ; r0 = 831d9017
T    A15A  0A9A      ldr    r2, [sp, #0x28]     ;   dffff48 <- [0x0dfffd60]  r2 = 0dffff48
T    A15C  5268      ldr    r2, [r2, #4]        ;  48afe9af <- [0x0dffff4c]  r2 = 48afe9af
T    A15E  5040      eors   r0, r2              ; r0 = cbb279b8
T    A160  0890      str    r0, [sp, #0x20]     ;  [0x0dfffd58] <- cbb279b8
T    A162  0398      ldr    r0, [sp, #0xc]      ;  1e2ac249 <- [0x0dfffd44]  r0 = 1e2ac249
T    A164  000E      lsrs   r0, r0, #0x18       ; r0 = 0000001e
T    A166  51F82000  ldr.w  r0, [r1, r0, lsl #2];  e4727296 <- [0x00018f94]  r0 = e4727296
T    A16A  029A      ldr    r2, [sp, #8]        ;  a881346e <- [0x0dfffd40]  r2 = a881346e
T    A16C  C2F30742  ubfx   r2, r2, #0x10, #8   ; r2 = 00000081
T    A170  53F82220  ldr.w  r2, [r3, r2, lsl #2];  14180c0c <- [0x00019520]  r2 = 14180c0c
T    A174  5040      eors   r0, r2              ; r0 = f06a7e9a
T    A176  059A      ldr    r2, [sp, #0x14]     ;  7c2d97c9 <- [0x0dfffd4c]  r2 = 7c2d97c9
T    A178  C2F30722  ubfx   r2, r2, #8, #8      ; r2 = 00000097
T    A17C  54F82220  ldr.w  r2, [r4, r2, lsl #2];  88830b88 <- [0x00018978]  r2 = 88830b88
T    A180  5040      eors   r0, r2              ; r0 = 78e97512
T    A182  9DF81020  ldrb.w r2, [sp, #0x10]     ;        94 <- [0x0dfffd48]  r2 = 00000094
T    A186  55F82220  ldr.w  r2, [r5, r2, lsl #2];  22226644 <- [0x00018d6c]  r2 = 22226644
T    A18A  5040      eors   r0, r2              ; r0 = 5acb1356
T    A18C  0A9A      ldr    r2, [sp, #0x28]     ;   dffff48 <- [0x0dfffd60]  r2 = 0dffff48
T    A18E  9268      ldr    r2, [r2, #8]        ;  443176f9 <- [0x0dffff50]  r2 = 443176f9
T    A190  5040      eors   r0, r2              ; r0 = 1efa65af
T    A192  0790      str    r0, [sp, #0x1c]     ;  [0x0dfffd54] <- 1efa65af
T    A194  0298      ldr    r0, [sp, #8]        ;  a881346e <- [0x0dfffd40]  r0 = a881346e
T    A196  000E      lsrs   r0, r0, #0x18       ; r0 = 000000a8
T    A198  51F82000  ldr.w  r0, [r1, r0, lsl #2];  9fc2c25d <- [0x000191bc]  r0 = 9fc2c25d
T    A19C  0599      ldr    r1, [sp, #0x14]     ;  7c2d97c9 <- [0x0dfffd4c]  r1 = 7c2d97c9
T    A19E  C1F30741  ubfx   r1, r1, #0x10, #8   ; r1 = 0000002d
T    A1A2  53F82110  ldr.w  r1, [r3, r1, lsl #2];  73abd8d8 <- [0x000193d0]  r1 = 73abd8d8
T    A1A6  4840      eors   r0, r1              ; r0 = ec691a85
T    A1A8  0499      ldr    r1, [sp, #0x10]     ;  5b857494 <- [0x0dfffd48]  r1 = 5b857494
T    A1AA  C1F30721  ubfx   r1, r1, #8, #8      ; r1 = 00000074
T    A1AE  54F82110  ldr.w  r1, [r4, r1, lsl #2];  92ad3f92 <- [0x000188ec]  r1 = 92ad3f92
T    A1B2  4840      eors   r0, r1              ; r0 = 7ec42517
T    A1B4  9DF80C10  ldrb.w r1, [sp, #0xc]      ;        49 <- [0x0dfffd44]  r1 = 00000049
T    A1B8  55F82110  ldr.w  r1, [r5, r1, lsl #2];  3b3b4d76 <- [0x00018c40]  r1 = 3b3b4d76
T    A1BC  4840      eors   r0, r1              ; r0 = 45ff6861
T    A1BE  0A99      ldr    r1, [sp, #0x28]     ;   dffff48 <- [0x0dfffd60]  r1 = 0dffff48
T    A1C0  C968      ldr    r1, [r1, #0xc]      ;  ecef214c <- [0x0dffff54]  r1 = ecef214c
T    A1C2  4840      eors   r0, r1              ; r0 = a910492d
T    A1C4  0690      str    r0, [sp, #0x18]     ;  [0x0dfffd50] <- a910492d
T    A1C6  1CE7      b      #0xa002             ;
T    A002  0998      ldr    r0, [sp, #0x24]     ;  a3837e53 <- [0x0dfffd5c]  r0 = a3837e53
T    A004  000E      lsrs   r0, r0, #0x18       ; r0 = 000000a3
T    A006  D449      ldr    r1, [pc, #0x350]    ;      ef10 <- [0x0000a358]  r1 = 0000ef10
T    A008  7944      add    r1, pc              ; r1 = 00018f1c
T    A00A  51F82000  ldr.w  r0, [r1, r0, lsl #2];  140a0a1e <- [0x000191a8]  r0 = 140a0a1e
T    A00E  089A      ldr    r2, [sp, #0x20]     ;  cbb279b8 <- [0x0dfffd58]  r2 = cbb279b8
T    A010  C2F30742  ubfx   r2, r2, #0x10, #8   ; r2 = 000000b2
T    A014  D14B      ldr    r3, [pc, #0x344]    ;      f302 <- [0x0000a35c]  r3 = 0000f302
T    A016  7B44      add    r3, pc              ; r3 = 0001931c
T    A018  53F82220  ldr.w  r2, [r3, r2, lsl #2];  596e3737 <- [0x000195e4]  r2 = 596e3737
T    A01C  5040      eors   r0, r2              ; r0 = 4d643d29
T    A01E  079A      ldr    r2, [sp, #0x1c]     ;  1efa65af <- [0x0dfffd54]  r2 = 1efa65af
T    A020  C2F30722  ubfx   r2, r2, #8, #8      ; r2 = 00000065
T    A024  CE4C      ldr    r4, [pc, #0x338]    ;      e6f2 <- [0x0000a360]  r4 = 0000e6f2
T    A026  7C44      add    r4, pc              ; r4 = 0001871c
T    A028  54F82220  ldr.w  r2, [r4, r2, lsl #2];  4dd79a4d <- [0x000188b0]  r2 = 4dd79a4d
T    A02C  5040      eors   r0, r2              ; r0 = 00b3a764
T    A02E  9DF81820  ldrb.w r2, [sp, #0x18]     ;        2d <- [0x0dfffd50]  r2 = 0000002d
T    A032  CC4D      ldr    r5, [pc, #0x330]    ;      eae4 <- [0x0000a364]  r5 = 0000eae4
T    A034  7D44      add    r5, pc              ; r5 = 00018b1c
T    A036  55F82220  ldr.w  r2, [r5, r2, lsl #2];  d8d873ab <- [0x00018bd0]  r2 = d8d873ab
T    A03A  5040      eors   r0, r2              ; r0 = d86bd4cf
T    A03C  0A9A      ldr    r2, [sp, #0x28]     ;   dffff48 <- [0x0dfffd60]  r2 = 0dffff48
T    A03E  1269      ldr    r2, [r2, #0x10]     ;   2b4a4de <- [0x0dffff58]  r2 = 02b4a4de
T    A040  5040      eors   r0, r2              ; r0 = dadf7011
T    A042  0590      str    r0, [sp, #0x14]     ;  [0x0dfffd4c] <- dadf7011
T    A044  0898      ldr    r0, [sp, #0x20]     ;  cbb279b8 <- [0x0dfffd58]  r0 = cbb279b8
T    A046  000E      lsrs   r0, r0, #0x18       ; r0 = 000000cb
T    A048  51F82000  ldr.w  r0, [r1, r0, lsl #2];  3e1f1f21 <- [0x00019248]  r0 = 3e1f1f21
T    A04C  079A      ldr    r2, [sp, #0x1c]     ;  1efa65af <- [0x0dfffd54]  r2 = 1efa65af
T    A04E  C2F30742  ubfx   r2, r2, #0x10, #8   ; r2 = 000000fa
T    A052  53F82220  ldr.w  r2, [r3, r2, lsl #2];  775a2d2d <- [0x00019704]  r2 = 775a2d2d
T    A056  5040      eors   r0, r2              ; r0 = 4945320c
T    A058  069A      ldr    r2, [sp, #0x18]     ;  a910492d <- [0x0dfffd50]  r2 = a910492d
T    A05A  C2F30722  ubfx   r2, r2, #8, #8      ; r2 = 00000049
T    A05E  54F82220  ldr.w  r2, [r4, r2, lsl #2];  3b4d763b <- [0x00018840]  r2 = 3b4d763b
T    A062  5040      eors   r0, r2              ; r0 = 72084437
T    A064  9DF82420  ldrb.w r2, [sp, #0x24]     ;        53 <- [0x0dfffd5c]  r2 = 00000053
T    A068  55F82220  ldr.w  r2, [r5, r2, lsl #2];  eded2cc1 <- [0x00018c68]  r2 = eded2cc1
T    A06C  5040      eors   r0, r2              ; r0 = 9fe568f6
T    A06E  0A9A      ldr    r2, [sp, #0x28]     ;   dffff48 <- [0x0dfffd60]  r2 = 0dffff48
T    A070  5269      ldr    r2, [r2, #0x14]     ;  820a3b7c <- [0x0dffff5c]  r2 = 820a3b7c
T    A072  5040      eors   r0, r2              ; r0 = 1def538a
T    A074  0490      str    r0, [sp, #0x10]     ;  [0x0dfffd48] <- 1def538a
T    A076  0798      ldr    r0, [sp, #0x1c]     ;  1efa65af <- [0x0dfffd54]  r0 = 1efa65af
T    A078  000E      lsrs   r0, r0, #0x18       ; r0 = 0000001e
T    A07A  51F82000  ldr.w  r0, [r1, r0, lsl #2];  e4727296 <- [0x00018f94]  r0 = e4727296
T    A07E  069A      ldr    r2, [sp, #0x18]     ;  a910492d <- [0x0dfffd50]  r2 = a910492d
T    A080  C2F30742  ubfx   r2, r2, #0x10, #8   ; r2 = 00000010
T    A084  53F82220  ldr.w  r2, [r3, r2, lsl #2];  458fcaca <- [0x0001935c]  r2 = 458fcaca
T    A088  5040      eors   r0, r2              ; r0 = a1fdb85c
T    A08A  099A      ldr    r2, [sp, #0x24]     ;  a3837e53 <- [0x0dfffd5c]  r2 = a3837e53
T    A08C  C2F30722  ubfx   r2, r2, #8, #8      ; r2 = 0000007e
T    A090  54F82220  ldr.w  r2, [r4, r2, lsl #2];  f30efdf3 <- [0x00018914]  r2 = f30efdf3
T    A094  5040      eors   r0, r2              ; r0 = 52f345af
T    A096  9DF82020  ldrb.w r2, [sp, #0x20]     ;        b8 <- [0x0dfffd58]  r2 = 000000b8
T    A09A  55F82220  ldr.w  r2, [r5, r2, lsl #2];  6c6cb4d8 <- [0x00018dfc]  r2 = 6c6cb4d8
T    A09E  5040      eors   r0, r2              ; r0 = 3e9ff177
T    A0A0  0A9A      ldr    r2, [sp, #0x28]     ;   dffff48 <- [0x0dfffd60]  r2 = 0dffff48
T    A0A2  9269      ldr    r2, [r2, #0x18]     ;  7e7fe6dc <- [0x0dffff60]  r2 = 7e7fe6dc
T    A0A4  5040      eors   r0, r2              ; r0 = 40e017ab
T    A0A6  0390      str    r0, [sp, #0xc]      ;  [0x0dfffd44] <- 40e017ab
T    A0A8  0698      ldr    r0, [sp, #0x18]     ;  a910492d <- [0x0dfffd50]  r0 = a910492d
T    A0AA  000E      lsrs   r0, r0, #0x18       ; r0 = 000000a9
T    A0AC  51F82000  ldr.w  r0, [r1, r0, lsl #2];  bdd3d36e <- [0x000191c0]  r0 = bdd3d36e
T    A0B0  0999      ldr    r1, [sp, #0x24]     ;  a3837e53 <- [0x0dfffd5c]  r1 = a3837e53
T    A0B2  C1F30741  ubfx   r1, r1, #0x10, #8   ; r1 = 00000083
T    A0B6  53F82110  ldr.w  r1, [r3, r1, lsl #2];  2fc3ecec <- [0x00019528]  r1 = 2fc3ecec
T    A0BA  4840      eors   r0, r1              ; r0 = 92103f82
T    A0BC  0899      ldr    r1, [sp, #0x20]     ;  cbb279b8 <- [0x0dfffd58]  r1 = cbb279b8
T    A0BE  C1F30721  ubfx   r1, r1, #8, #8      ; r1 = 00000079
T    A0C2  54F82110  ldr.w  r1, [r4, r1, lsl #2];  b6c177b6 <- [0x00018900]  r1 = b6c177b6
T    A0C6  4840      eors   r0, r1              ; r0 = 24d14834
T    A0C8  9DF81C10  ldrb.w r1, [sp, #0x1c]     ;        af <- [0x0dfffd54]  r1 = 000000af
T    A0CC  55F82110  ldr.w  r1, [r5, r1, lsl #2];  79798bf2 <- [0x00018dd8]  r1 = 79798bf2
T    A0D0  4840      eors   r0, r1              ; r0 = 5da8c3c6
T    A0D2  0A99      ldr    r1, [sp, #0x28]     ;   dffff48 <- [0x0dfffd60]  r1 = 0dffff48
T    A0D4  C969      ldr    r1, [r1, #0x1c]     ;  d307cf27 <- [0x0dffff64]  r1 = d307cf27
T    A0D6  4840      eors   r0, r1              ; r0 = 8eaf0ce1
T    A0D8  0290      str    r0, [sp, #8]        ;  [0x0dfffd40] <- 8eaf0ce1
T    A0DA  0A98      ldr    r0, [sp, #0x28]     ;   dffff48 <- [0x0dfffd60]  r0 = 0dffff48
T    A0DC  2030      adds   r0, #0x20           ; r0 = 0dffff68
T    A0DE  0A90      str    r0, [sp, #0x28]     ;  [0x0dfffd60] <- dffff68
T    A0E0  0198      ldr    r0, [sp, #4]        ;         2 <- [0x0dfffd3c]  r0 = 00000002
T    A0E2  0138      subs   r0, #1              ; r0 = 00000001
T    A0E4  0190      str    r0, [sp, #4]        ;  [0x0dfffd3c] <- 1
T    A0E6  0028      cmp    r0, #0              ; cpsr = 200001f3
T    A0E8  01D1      bne    #0xa0ee             ; pc = 0000a0ee
T    A0EE  0598      ldr    r0, [sp, #0x14]     ;  dadf7011 <- [0x0dfffd4c]  r0 = dadf7011
T    A0F0  000E      lsrs   r0, r0, #0x18       ; r0 = 000000da
T    A0F2  9D49      ldr    r1, [pc, #0x274]    ;      ee24 <- [0x0000a368]  r1 = 0000ee24
T    A0F4  7944      add    r1, pc              ; r1 = 00018f1c
T    A0F6  51F82000  ldr.w  r0, [r1, r0, lsl #2];  ae5757f9 <- [0x00019284]  r0 = ae5757f9
T    A0FA  049A      ldr    r2, [sp, #0x10]     ;  1def538a <- [0x0dfffd48]  r2 = 1def538a
T    A0FC  C2F30742  ubfx   r2, r2, #0x10, #8   ; r2 = 000000ef
T    A100  9A4B      ldr    r3, [pc, #0x268]    ;      f216 <- [0x0000a36c]  r3 = 0000f216
T    A102  7B44      add    r3, pc              ; r3 = 0001931c
T    A104  53F82220  ldr.w  r2, [r3, r2, lsl #2];  7aa5dfdf <- [0x000196d8]  r2 = 7aa5dfdf
T    A108  5040      eors   r0, r2              ; r0 = d4f28826
T    A10A  039A      ldr    r2, [sp, #0xc]      ;  40e017ab <- [0x0dfffd44]  r2 = 40e017ab
T    A10C  C2F30722  ubfx   r2, r2, #8, #8      ; r2 = 00000017
T    A110  974C      ldr    r4, [pc, #0x25c]    ;      e606 <- [0x0000a370]  r4 = 0000e606
T    A112  7C44      add    r4, pc              ; r4 = 0001871c
T    A114  54F82220  ldr.w  r2, [r4, r2, lsl #2];  f00bfbf0 <- [0x00018778]  r2 = f00bfbf0
T    A118  5040      eors   r0, r2              ; r0 = 24f973d6
T    A11A  9DF80820  ldrb.w r2, [sp, #8]        ;        e1 <- [0x0dfffd40]  r2 = 000000e1
T    A11E  954D      ldr    r5, [pc, #0x254]    ;      e9f8 <- [0x0000a374]  r5 = 0000e9f8
T    A120  7D44      add    r5, pc              ; r5 = 00018b1c
T    A122  55F82220  ldr.w  r2, [r5, r2, lsl #2];  f8f813eb <- [0x00018ea0]  r2 = f8f813eb
T    A126  5040      eors   r0, r2              ; r0 = dc01603d
T    A128  0A9A      ldr    r2, [sp, #0x28]     ;   dffff68 <- [0x0dfffd60]  r2 = 0dffff68
T    A12A  1268      ldr    r2, [r2]            ;  7edcc592 <- [0x0dffff68]  r2 = 7edcc592
T    A12C  5040      eors   r0, r2              ; r0 = a2dda5af
T    A12E  0990      str    r0, [sp, #0x24]     ;  [0x0dfffd5c] <- a2dda5af
T    A130  0498      ldr    r0, [sp, #0x10]     ;  1def538a <- [0x0dfffd48]  r0 = 1def538a
T    A132  000E      lsrs   r0, r0, #0x18       ; r0 = 0000001d
T    A134  51F82000  ldr.w  r0, [r1, r0, lsl #2];  53a4a4f7 <- [0x00018f90]  r0 = 53a4a4f7
T    A138  039A      ldr    r2, [sp, #0xc]      ;  40e017ab <- [0x0dfffd44]  r2 = 40e017ab
T    A13A  C2F30742  ubfx   r2, r2, #0x10, #8   ; r2 = 000000e0
T    A13E  53F82220  ldr.w  r2, [r3, r2, lsl #2];  38d9e1e1 <- [0x0001969c]  r2 = 38d9e1e1
T    A142  5040      eors   r0, r2              ; r0 = 6b7d4516
T    A144  029A      ldr    r2, [sp, #8]        ;  8eaf0ce1 <- [0x0dfffd40]  r2 = 8eaf0ce1
T    A146  C2F30722  ubfx   r2, r2, #8, #8      ; r2 = 0000000c
T    A14A  54F82220  ldr.w  r2, [r4, r2, lsl #2];  fe19e7fe <- [0x0001874c]  r2 = fe19e7fe
T    A14E  5040      eors   r0, r2              ; r0 = 9564a2e8
T    A150  9DF81420  ldrb.w r2, [sp, #0x14]     ;        11 <- [0x0dfffd4c]  r2 = 00000011
T    A154  55F82220  ldr.w  r2, [r5, r2, lsl #2];  82829d1f <- [0x00018b60]  r2 = 82829d1f
T    A158  5040      eors   r0, r2              ; r0 = 17e63ff7
T    A15A  0A9A      ldr    r2, [sp, #0x28]     ;   dffff68 <- [0x0dfffd60]  r2 = 0dffff68
T    A15C  5268      ldr    r2, [r2, #4]        ;  36732c3d <- [0x0dffff6c]  r2 = 36732c3d
T    A15E  5040      eors   r0, r2              ; r0 = 219513ca
T    A160  0890      str    r0, [sp, #0x20]     ;  [0x0dfffd58] <- 219513ca
T    A162  0398      ldr    r0, [sp, #0xc]      ;  40e017ab <- [0x0dfffd44]  r0 = 40e017ab
T    A164  000E      lsrs   r0, r0, #0x18       ; r0 = 00000040
T    A166  51F82000  ldr.w  r0, [r1, r0, lsl #2];  1209091b <- [0x0001901c]  r0 = 1209091b
T    A16A  029A      ldr    r2, [sp, #8]        ;  8eaf0ce1 <- [0x0dfffd40]  r2 = 8eaf0ce1
T    A16C  C2F30742  ubfx   r2, r2, #0x10, #8   ; r2 = 000000af
T    A170  53F82220  ldr.w  r2, [r3, r2, lsl #2];  8bf27979 <- [0x000195d8]  r2 = 8bf27979
T    A174  5040      eors   r0, r2              ; r0 = 99fb7062
T    A176  059A      ldr    r2, [sp, #0x14]     ;  dadf7011 <- [0x0dfffd4c]  r2 = dadf7011
T    A178  C2F30722  ubfx   r2, r2, #8, #8      ; r2 = 00000070
T    A17C  54F82220  ldr.w  r2, [r4, r2, lsl #2];  51f3a251 <- [0x000188dc]  r2 = 51f3a251
T    A180  5040      eors   r0, r2              ; r0 = c808d233
T    A182  9DF81020  ldrb.w r2, [sp, #0x10]     ;        8a <- [0x0dfffd48]  r2 = 0000008a
T    A186  55F82220  ldr.w  r2, [r5, r2, lsl #2];  7e7e82fc <- [0x00018d44]  r2 = 7e7e82fc
T    A18A  5040      eors   r0, r2              ; r0 = b67650cf
T    A18C  0A9A      ldr    r2, [sp, #0x28]     ;   dffff68 <- [0x0dfffd60]  r2 = 0dffff68
T    A18E  9268      ldr    r2, [r2, #8]        ;  72425ac4 <- [0x0dffff70]  r2 = 72425ac4
T    A190  5040      eors   r0, r2              ; r0 = c4340a0b
T    A192  0790      str    r0, [sp, #0x1c]     ;  [0x0dfffd54] <- c4340a0b
T    A194  0298      ldr    r0, [sp, #8]        ;  8eaf0ce1 <- [0x0dfffd40]  r0 = 8eaf0ce1
T    A196  000E      lsrs   r0, r0, #0x18       ; r0 = 0000008e
T    A198  51F82000  ldr.w  r0, [r1, r0, lsl #2];  3219192b <- [0x00019154]  r0 = 3219192b
T    A19C  0599      ldr    r1, [sp, #0x14]     ;  dadf7011 <- [0x0dfffd4c]  r1 = dadf7011
T    A19E  C1F30741  ubfx   r1, r1, #0x10, #8   ; r1 = 000000df
T    A1A2  53F82110  ldr.w  r1, [r3, r1, lsl #2];  b9279e9e <- [0x00019698]  r1 = b9279e9e
T    A1A6  4840      eors   r0, r1              ; r0 = 8b3e87b5
T    A1A8  0499      ldr    r1, [sp, #0x10]     ;  1def538a <- [0x0dfffd48]  r1 = 1def538a
T    A1AA  C1F30721  ubfx   r1, r1, #8, #8      ; r1 = 00000053
T    A1AE  54F82110  ldr.w  r1, [r4, r1, lsl #2];  ed2cc1ed <- [0x00018868]  r1 = ed2cc1ed
T    A1B2  4840      eors   r0, r1              ; r0 = 66124658
T    A1B4  9DF80C10  ldrb.w r1, [sp, #0xc]      ;        ab <- [0x0dfffd44]  r1 = 000000ab
T    A1B8  55F82110  ldr.w  r1, [r5, r1, lsl #2];  6262a6c4 <- [0x00018dc8]  r1 = 6262a6c4
T    A1BC  4840      eors   r0, r1              ; r0 = 0470e09c
T    A1BE  0A99      ldr    r1, [sp, #0x28]     ;   dffff68 <- [0x0dfffd60]  r1 = 0dffff68
T    A1C0  C968      ldr    r1, [r1, #0xc]      ;  9ead7b88 <- [0x0dffff74]  r1 = 9ead7b88
T    A1C2  4840      eors   r0, r1              ; r0 = 9add9b14
T    A1C4  0690      str    r0, [sp, #0x18]     ;  [0x0dfffd50] <- 9add9b14
T    A1C6  1CE7      b      #0xa002             ;
T    A002  0998      ldr    r0, [sp, #0x24]     ;  a2dda5af <- [0x0dfffd5c]  r0 = a2dda5af
T    A004  000E      lsrs   r0, r0, #0x18       ; r0 = 000000a2
T    A006  D449      ldr    r1, [pc, #0x350]    ;      ef10 <- [0x0000a358]  r1 = 0000ef10
T    A008  7944      add    r1, pc              ; r1 = 00018f1c
T    A00A  51F82000  ldr.w  r0, [r1, r0, lsl #2];  743a3a4e <- [0x000191a4]  r0 = 743a3a4e
T    A00E  089A      ldr    r2, [sp, #0x20]     ;  219513ca <- [0x0dfffd58]  r2 = 219513ca
T    A010  C2F30742  ubfx   r2, r2, #0x10, #8   ; r2 = 00000095
T    A014  D14B      ldr    r3, [pc, #0x344]    ;      f302 <- [0x0000a35c]  r3 = 0000f302
T    A016  7B44      add    r3, pc              ; r3 = 0001931c
T    A018  53F82220  ldr.w  r2, [r3, r2, lsl #2];  7e542a2a <- [0x00019570]  r2 = 7e542a2a
T    A01C  5040      eors   r0, r2              ; r0 = 0a6e1064
T    A01E  079A      ldr    r2, [sp, #0x1c]     ;  c4340a0b <- [0x0dfffd54]  r2 = c4340a0b
T    A020  C2F30722  ubfx   r2, r2, #8, #8      ; r2 = 0000000a
T    A024  CE4C      ldr    r4, [pc, #0x338]    ;      e6f2 <- [0x0000a360]  r4 = 0000e6f2
T    A026  7C44      add    r4, pc              ; r4 = 0001871c
T    A028  54F82220  ldr.w  r2, [r4, r2, lsl #2];  67a9ce67 <- [0x00018744]  r2 = 67a9ce67
T    A02C  5040      eors   r0, r2              ; r0 = 6dc7de03
T    A02E  9DF81820  ldrb.w r2, [sp, #0x18]     ;        14 <- [0x0dfffd50]  r2 = 00000014
T    A032  CC4D      ldr    r5, [pc, #0x330]    ;      eae4 <- [0x0000a364]  r5 = 0000eae4
T    A034  7D44      add    r5, pc              ; r5 = 00018b1c
T    A036  55F82220  ldr.w  r2, [r5, r2, lsl #2];  fafa15ef <- [0x00018b6c]  r2 = fafa15ef
T    A03A  5040      eors   r0, r2              ; r0 = 973dcbec
T    A03C  0A9A      ldr    r2, [sp, #0x28]     ;   dffff68 <- [0x0dfffd60]  r2 = 0dffff68
T    A03E  1269      ldr    r2, [r2, #0x10]     ;   921851a <- [0x0dffff78]  r2 = 0921851a
T    A040  5040      eors   r0, r2              ; r0 = 9e1c4ef6
T    A042  0590      str    r0, [sp, #0x14]     ;  [0x0dfffd4c] <- 9e1c4ef6
T    A044  0898      ldr    r0, [sp, #0x20]     ;  219513ca <- [0x0dfffd58]  r0 = 219513ca
T    A046  000E      lsrs   r0, r0, #0x18       ; r0 = 00000021
T    A048  51F82000  ldr.w  r0, [r1, r0, lsl #2];  e1fdfd1c <- [0x00018fa0]  r0 = e1fdfd1c
T    A04C  079A      ldr    r2, [sp, #0x1c]     ;  c4340a0b <- [0x0dfffd54]  r2 = c4340a0b
T    A04E  C2F30742  ubfx   r2, r2, #0x10, #8   ; r2 = 00000034
T    A052  53F82220  ldr.w  r2, [r3, r2, lsl #2];  28301818 <- [0x000193ec]  r2 = 28301818
T    A056  5040      eors   r0, r2              ; r0 = c9cde504
T    A058  069A      ldr    r2, [sp, #0x18]     ;  9add9b14 <- [0x0dfffd50]  r2 = 9add9b14
T    A05A  C2F30722  ubfx   r2, r2, #8, #8      ; r2 = 0000009b
T    A05E  54F82220  ldr.w  r2, [r4, r2, lsl #2];  143c2814 <- [0x00018988]  r2 = 143c2814
T    A062  5040      eors   r0, r2              ; r0 = ddf1cd10
T    A064  9DF82420  ldrb.w r2, [sp, #0x24]     ;        af <- [0x0dfffd5c]  r2 = 000000af
T    A068  55F82220  ldr.w  r2, [r5, r2, lsl #2];  79798bf2 <- [0x00018dd8]  r2 = 79798bf2
T    A06C  5040      eors   r0, r2              ; r0 = a48846e2
T    A06E  0A9A      ldr    r2, [sp, #0x28]     ;   dffff68 <- [0x0dfffd60]  r2 = 0dffff68
T    A070  5269      ldr    r2, [r2, #0x14]     ;  8b2bbe66 <- [0x0dffff7c]  r2 = 8b2bbe66
T    A072  5040      eors   r0, r2              ; r0 = 2fa3f884
T    A074  0490      str    r0, [sp, #0x10]     ;  [0x0dfffd48] <- 2fa3f884
T    A076  0798      ldr    r0, [sp, #0x1c]     ;  c4340a0b <- [0x0dfffd54]  r0 = c4340a0b
T    A078  000E      lsrs   r0, r0, #0x18       ; r0 = 000000c4
T    A07A  51F82000  ldr.w  r0, [r1, r0, lsl #2];  381c1c24 <- [0x0001922c]  r0 = 381c1c24
T    A07E  069A      ldr    r2, [sp, #0x18]     ;  9add9b14 <- [0x0dfffd50]  r2 = 9add9b14
T    A080  C2F30742  ubfx   r2, r2, #0x10, #8   ; r2 = 000000dd
T    A084  53F82220  ldr.w  r2, [r3, r2, lsl #2];  5899c1c1 <- [0x00019690]  r2 = 5899c1c1
T    A088  5040      eors   r0, r2              ; r0 = 6085dde5
T    A08A  099A      ldr    r2, [sp, #0x24]     ;  a2dda5af <- [0x0dfffd5c]  r2 = a2dda5af
T    A08C  C2F30722  ubfx   r2, r2, #8, #8      ; r2 = 000000a5
T    A090  54F82220  ldr.w  r2, [r4, r2, lsl #2];   60a0c06 <- [0x000189b0]  r2 = 060a0c06
T    A094  5040      eors   r0, r2              ; r0 = 668fd1e3
T    A096  9DF82020  ldrb.w r2, [sp, #0x20]     ;        ca <- [0x0dfffd58]  r2 = 000000ca
T    A09A  55F82220  ldr.w  r2, [r5, r2, lsl #2];  74749ce8 <- [0x00018e44]  r2 = 74749ce8
T    A09E  5040      eors   r0, r2              ; r0 = 12fb4d0b
T    A0A0  0A9A      ldr    r2, [sp, #0x28]     ;   dffff68 <- [0x0dfffd60]  r2 = 0dffff68
T    A0A2  9269      ldr    r2, [r2, #0x18]     ;  f55458ba <- [0x0dffff80]  r2 = f55458ba
T    A0A4  5040      eors   r0, r2              ; r0 = e7af15b1
T    A0A6  0390      str    r0, [sp, #0xc]      ;  [0x0dfffd44] <- e7af15b1
T    A0A8  0698      ldr    r0, [sp, #0x18]     ;  9add9b14 <- [0x0dfffd50]  r0 = 9add9b14
T    A0AA  000E      lsrs   r0, r0, #0x18       ; r0 = 0000009a
T    A0AC  51F82000  ldr.w  r0, [r1, r0, lsl #2];  6bb8b8d3 <- [0x00019184]  r0 = 6bb8b8d3
T    A0B0  0999      ldr    r1, [sp, #0x24]     ;  a2dda5af <- [0x0dfffd5c]  r1 = a2dda5af
T    A0B2  C1F30741  ubfx   r1, r1, #0x10, #8   ; r1 = 000000dd
T    A0B6  53F82110  ldr.w  r1, [r3, r1, lsl #2];  5899c1c1 <- [0x00019690]  r1 = 5899c1c1
T    A0BA  4840      eors   r0, r1              ; r0 = 33217912
T    A0BC  0899      ldr    r1, [sp, #0x20]     ;  219513ca <- [0x0dfffd58]  r1 = 219513ca
T    A0BE  C1F30721  ubfx   r1, r1, #8, #8      ; r1 = 00000013
T    A0C2  54F82110  ldr.w  r1, [r4, r1, lsl #2];  7d87fa7d <- [0x00018768]  r1 = 7d87fa7d
T    A0C6  4840      eors   r0, r1              ; r0 = 4ea6836f
T    A0C8  9DF81C10  ldrb.w r1, [sp, #0x1c]     ;         b <- [0x0dfffd54]  r1 = 0000000b
T    A0CC  55F82110  ldr.w  r1, [r5, r1, lsl #2];  2b2b7d56 <- [0x00018b48]  r1 = 2b2b7d56
T    A0D0  4840      eors   r0, r1              ; r0 = 658dfe39
T    A0D2  0A99      ldr    r1, [sp, #0x28]     ;   dffff68 <- [0x0dfffd60]  r1 = 0dffff68
T    A0D4  C969      ldr    r1, [r1, #0x1c]     ;  2653979d <- [0x0dffff84]  r1 = 2653979d
T    A0D6  4840      eors   r0, r1              ; r0 = 43de69a4
T    A0D8  0290      str    r0, [sp, #8]        ;  [0x0dfffd40] <- 43de69a4
T    A0DA  0A98      ldr    r0, [sp, #0x28]     ;   dffff68 <- [0x0dfffd60]  r0 = 0dffff68
T    A0DC  2030      adds   r0, #0x20           ; r0 = 0dffff88
T    A0DE  0A90      str    r0, [sp, #0x28]     ;  [0x0dfffd60] <- dffff88
T    A0E0  0198      ldr    r0, [sp, #4]        ;         1 <- [0x0dfffd3c]  r0 = 00000001
T    A0E2  0138      subs   r0, #1              ; r0 = 00000000
T    A0E4  0190      str    r0, [sp, #4]        ;  [0x0dfffd3c] <- 0
T    A0E6  0028      cmp    r0, #0              ; cpsr = 600001f3
T    A0E8  01D1      bne    #0xa0ee             ; pc = 0000a0ea
T    A0EA  FFE7      b      #0xa0ec             ;
T    A0EC  6CE0      b      #0xa1c8             ;
T    A1C8  0598      ldr    r0, [sp, #0x14]     ;  9e1c4ef6 <- [0x0dfffd4c]  r0 = 9e1c4ef6
T    A1CA  000E      lsrs   r0, r0, #0x18       ; r0 = 0000009e
T    A1CC  6A49      ldr    r1, [pc, #0x1a8]    ;      e54a <- [0x0000a378]  r1 = 0000e54a
T    A1CE  7944      add    r1, pc              ; r1 = 0001871c
T    A1D0  01EB8000  add.w  r0, r1, r0, lsl #2  ; r0 = 00018994
T    A1D4  C078      ldrb   r0, [r0, #3]        ;         b <- [0x00018997]  r0 = 0000000b
T    A1D6  0006      lsls   r0, r0, #0x18       ; r0 = 0b000000
T    A1D8  049A      ldr    r2, [sp, #0x10]     ;  2fa3f884 <- [0x0dfffd48]  r2 = 2fa3f884
T    A1DA  C2F30742  ubfx   r2, r2, #0x10, #8   ; r2 = 000000a3
T    A1DE  674B      ldr    r3, [pc, #0x19c]    ;      e938 <- [0x0000a37c]  r3 = 0000e938
T    A1E0  7B44      add    r3, pc              ; r3 = 00018b1c
T    A1E2  03EB8202  add.w  r2, r3, r2, lsl #2  ; r2 = 00018da8
T    A1E6  9278      ldrb   r2, [r2, #2]        ;         a <- [0x00018daa]  r2 = 0000000a
T    A1E8  40EA0240  orr.w  r0, r0, r2, lsl #16 ; r0 = 0b0a0000
T    A1EC  039A      ldr    r2, [sp, #0xc]      ;  e7af15b1 <- [0x0dfffd44]  r2 = e7af15b1
T    A1EE  C2F30722  ubfx   r2, r2, #8, #8      ; r2 = 00000015
T    A1F2  634C      ldr    r4, [pc, #0x18c]    ;      ed24 <- [0x0000a380]  r4 = 0000ed24
T    A1F4  7C44      add    r4, pc              ; r4 = 00018f1c
T    A1F6  04EB8202  add.w  r2, r4, r2, lsl #2  ; r2 = 00018f70
T    A1FA  5278      ldrb   r2, [r2, #1]        ;        59 <- [0x00018f71]  r2 = 00000059
T    A1FC  40EA0220  orr.w  r0, r0, r2, lsl #8  ; r0 = 0b0a5900
T    A200  9DF80820  ldrb.w r2, [sp, #8]        ;        a4 <- [0x0dfffd40]  r2 = 000000a4
T    A204  5F4D      ldr    r5, [pc, #0x17c]    ;      f112 <- [0x0000a384]  r5 = 0000f112
T    A206  7D44      add    r5, pc              ; r5 = 0001931c
T    A208  15F82220  ldrb.w r2, [r5, r2, lsl #2];        49 <- [0x000195ac]  r2 = 00000049
T    A20C  1044      add    r0, r2              ; r0 = 0b0a5949
T    A20E  0A9A      ldr    r2, [sp, #0x28]     ;   dffff88 <- [0x0dfffd60]  r2 = 0dffff88
T    A210  1268      ldr    r2, [r2]            ;  d3549b65 <- [0x0dffff88]  r2 = d3549b65
T    A212  5040      eors   r0, r2              ; r0 = d85ec22c
T    A214  0990      str    r0, [sp, #0x24]     ;  [0x0dfffd5c] <- d85ec22c
T    A216  9DF82700  ldrb.w r0, [sp, #0x27]     ;        d8 <- [0x0dfffd5f]  r0 = 000000d8
T    A21A  0C9A      ldr    r2, [sp, #0x30]     ;   c100100 <- [0x0dfffd68]  r2 = 0c100100
T    A21C  1070      strb   r0, [r2]            ;  [0x0c100100] <- d8
T    A21E  BDF82600  ldrh.w r0, [sp, #0x26]     ;      d85e <- [0x0dfffd5e]  r0 = 0000d85e
T    A222  0C9A      ldr    r2, [sp, #0x30]     ;   c100100 <- [0x0dfffd68]  r2 = 0c100100
T    A224  5070      strb   r0, [r2, #1]        ;  [0x0c100101] <- 5e
T    A226  0998      ldr    r0, [sp, #0x24]     ;  d85ec22c <- [0x0dfffd5c]  r0 = d85ec22c
T    A228  000A      lsrs   r0, r0, #8          ; r0 = 00d85ec2
T    A22A  0C9A      ldr    r2, [sp, #0x30]     ;   c100100 <- [0x0dfffd68]  r2 = 0c100100
T    A22C  9070      strb   r0, [r2, #2]        ;  [0x0c100102] <- c2
T    A22E  0998      ldr    r0, [sp, #0x24]     ;  d85ec22c <- [0x0dfffd5c]  r0 = d85ec22c
T    A230  0C9A      ldr    r2, [sp, #0x30]     ;   c100100 <- [0x0dfffd68]  r2 = 0c100100
T    A232  D070      strb   r0, [r2, #3]        ;  [0x0c100103] <- 2c
T    A234  0498      ldr    r0, [sp, #0x10]     ;  2fa3f884 <- [0x0dfffd48]  r0 = 2fa3f884
T    A236  000E      lsrs   r0, r0, #0x18       ; r0 = 0000002f
T    A238  01EB8000  add.w  r0, r1, r0, lsl #2  ; r0 = 000187d8
T    A23C  C078      ldrb   r0, [r0, #3]        ;        15 <- [0x000187db]  r0 = 00000015
T    A23E  0006      lsls   r0, r0, #0x18       ; r0 = 15000000
T    A240  039A      ldr    r2, [sp, #0xc]      ;  e7af15b1 <- [0x0dfffd44]  r2 = e7af15b1
T    A242  C2F30742  ubfx   r2, r2, #0x10, #8   ; r2 = 000000af
T    A246  03EB8202  add.w  r2, r3, r2, lsl #2  ; r2 = 00018dd8
T    A24A  9278      ldrb   r2, [r2, #2]        ;        79 <- [0x00018dda]  r2 = 00000079
T    A24C  40EA0240  orr.w  r0, r0, r2, lsl #16 ; r0 = 15790000
T    A250  029A      ldr    r2, [sp, #8]        ;  43de69a4 <- [0x0dfffd40]  r2 = 43de69a4
T    A252  C2F30722  ubfx   r2, r2, #8, #8      ; r2 = 00000069
T    A256  04EB8202  add.w  r2, r4, r2, lsl #2  ; r2 = 000190c0
T    A25A  5278      ldrb   r2, [r2, #1]        ;        f9 <- [0x000190c1]  r2 = 000000f9
T    A25C  40EA0220  orr.w  r0, r0, r2, lsl #8  ; r0 = 1579f900
T    A260  9DF81420  ldrb.w r2, [sp, #0x14]     ;        f6 <- [0x0dfffd4c]  r2 = 000000f6
T    A264  15F82220  ldrb.w r2, [r5, r2, lsl #2];        42 <- [0x000196f4]  r2 = 00000042
T    A268  1044      add    r0, r2              ; r0 = 1579f942
T    A26A  0A9A      ldr    r2, [sp, #0x28]     ;   dffff88 <- [0x0dfffd60]  r2 = 0dffff88
T    A26C  5268      ldr    r2, [r2, #4]        ;  e527b758 <- [0x0dffff8c]  r2 = e527b758
T    A26E  5040      eors   r0, r2              ; r0 = f05e4e1a
T    A270  0890      str    r0, [sp, #0x20]     ;  [0x0dfffd58] <- f05e4e1a
T    A272  9DF82300  ldrb.w r0, [sp, #0x23]     ;        f0 <- [0x0dfffd5b]  r0 = 000000f0
T    A276  0C9A      ldr    r2, [sp, #0x30]     ;   c100100 <- [0x0dfffd68]  r2 = 0c100100
T    A278  1071      strb   r0, [r2, #4]        ;  [0x0c100104] <- f0
T    A27A  BDF82200  ldrh.w r0, [sp, #0x22]     ;      f05e <- [0x0dfffd5a]  r0 = 0000f05e
T    A27E  0C9A      ldr    r2, [sp, #0x30]     ;   c100100 <- [0x0dfffd68]  r2 = 0c100100
T    A280  5071      strb   r0, [r2, #5]        ;  [0x0c100105] <- 5e
T    A282  0898      ldr    r0, [sp, #0x20]     ;  f05e4e1a <- [0x0dfffd58]  r0 = f05e4e1a
T    A284  000A      lsrs   r0, r0, #8          ; r0 = 00f05e4e
T    A286  0C9A      ldr    r2, [sp, #0x30]     ;   c100100 <- [0x0dfffd68]  r2 = 0c100100
T    A288  9071      strb   r0, [r2, #6]        ;  [0x0c100106] <- 4e
T    A28A  0898      ldr    r0, [sp, #0x20]     ;  f05e4e1a <- [0x0dfffd58]  r0 = f05e4e1a
T    A28C  0C9A      ldr    r2, [sp, #0x30]     ;   c100100 <- [0x0dfffd68]  r2 = 0c100100
T    A28E  D071      strb   r0, [r2, #7]        ;  [0x0c100107] <- 1a
T    A290  0398      ldr    r0, [sp, #0xc]      ;  e7af15b1 <- [0x0dfffd44]  r0 = e7af15b1
T    A292  000E      lsrs   r0, r0, #0x18       ; r0 = 000000e7
T    A294  01EB8000  add.w  r0, r1, r0, lsl #2  ; r0 = 00018ab8
T    A298  C078      ldrb   r0, [r0, #3]        ;        94 <- [0x00018abb]  r0 = 00000094
T    A29A  0006      lsls   r0, r0, #0x18       ; r0 = 94000000
T    A29C  029A      ldr    r2, [sp, #8]        ;  43de69a4 <- [0x0dfffd40]  r2 = 43de69a4
T    A29E  C2F30742  ubfx   r2, r2, #0x10, #8   ; r2 = 000000de
T    A2A2  03EB8202  add.w  r2, r3, r2, lsl #2  ; r2 = 00018e94
T    A2A6  9278      ldrb   r2, [r2, #2]        ;        1d <- [0x00018e96]  r2 = 0000001d
T    A2A8  40EA0240  orr.w  r0, r0, r2, lsl #16 ; r0 = 941d0000
T    A2AC  059A      ldr    r2, [sp, #0x14]     ;  9e1c4ef6 <- [0x0dfffd4c]  r2 = 9e1c4ef6
T    A2AE  C2F30722  ubfx   r2, r2, #8, #8      ; r2 = 0000004e
T    A2B2  04EB8202  add.w  r2, r4, r2, lsl #2  ; r2 = 00019054
T    A2B6  5278      ldrb   r2, [r2, #1]        ;        2f <- [0x00019055]  r2 = 0000002f
T    A2B8  40EA0220  orr.w  r0, r0, r2, lsl #8  ; r0 = 941d2f00
T    A2BC  9DF81020  ldrb.w r2, [sp, #0x10]     ;        84 <- [0x0dfffd48]  r2 = 00000084
T    A2C0  15F82220  ldrb.w r2, [r5, r2, lsl #2];        5f <- [0x0001952c]  r2 = 0000005f
T    A2C4  1044      add    r0, r2              ; r0 = 941d2f5f
T    A2C6  0A9A      ldr    r2, [sp, #0x28]     ;   dffff88 <- [0x0dfffd60]  r2 = 0dffff88
T    A2C8  9268      ldr    r2, [r2, #8]        ;  9765ed9c <- [0x0dffff90]  r2 = 9765ed9c
T    A2CA  5040      eors   r0, r2              ; r0 = 0378c2c3
T    A2CC  0790      str    r0, [sp, #0x1c]     ;  [0x0dfffd54] <- 378c2c3
T    A2CE  9DF81F00  ldrb.w r0, [sp, #0x1f]     ;         3 <- [0x0dfffd57]  r0 = 00000003
T    A2D2  0C9A      ldr    r2, [sp, #0x30]     ;   c100100 <- [0x0dfffd68]  r2 = 0c100100
T    A2D4  1072      strb   r0, [r2, #8]        ;  [0x0c100108] <- 3
T    A2D6  BDF81E00  ldrh.w r0, [sp, #0x1e]     ;       378 <- [0x0dfffd56]  r0 = 00000378
T    A2DA  0C9A      ldr    r2, [sp, #0x30]     ;   c100100 <- [0x0dfffd68]  r2 = 0c100100
T    A2DC  5072      strb   r0, [r2, #9]        ;  [0x0c100109] <- 78
T    A2DE  0798      ldr    r0, [sp, #0x1c]     ;   378c2c3 <- [0x0dfffd54]  r0 = 0378c2c3
T    A2E0  000A      lsrs   r0, r0, #8          ; r0 = 000378c2
T    A2E2  0C9A      ldr    r2, [sp, #0x30]     ;   c100100 <- [0x0dfffd68]  r2 = 0c100100
T    A2E4  9072      strb   r0, [r2, #0xa]      ;  [0x0c10010a] <- c2
T    A2E6  0798      ldr    r0, [sp, #0x1c]     ;   378c2c3 <- [0x0dfffd54]  r0 = 0378c2c3
T    A2E8  0C9A      ldr    r2, [sp, #0x30]     ;   c100100 <- [0x0dfffd68]  r2 = 0c100100
T    A2EA  D072      strb   r0, [r2, #0xb]      ;  [0x0c10010b] <- c3
T    A2EC  0298      ldr    r0, [sp, #8]        ;  43de69a4 <- [0x0dfffd40]  r0 = 43de69a4
T    A2EE  000E      lsrs   r0, r0, #0x18       ; r0 = 00000043
T    A2F0  01EB8000  add.w  r0, r1, r0, lsl #2  ; r0 = 00018828
T    A2F4  C078      ldrb   r0, [r0, #3]        ;        1a <- [0x0001882b]  r0 = 0000001a
T    A2F6  0006      lsls   r0, r0, #0x18       ; r0 = 1a000000
T    A2F8  0599      ldr    r1, [sp, #0x14]     ;  9e1c4ef6 <- [0x0dfffd4c]  r1 = 9e1c4ef6
T    A2FA  C1F30741  ubfx   r1, r1, #0x10, #8   ; r1 = 0000001c
T    A2FE  03EB8101  add.w  r1, r3, r1, lsl #2  ; r1 = 00018b8c
T    A302  8978      ldrb   r1, [r1, #2]        ;        9c <- [0x00018b8e]  r1 = 0000009c
T    A304  40EA0140  orr.w  r0, r0, r1, lsl #16 ; r0 = 1a9c0000
T    A308  0499      ldr    r1, [sp, #0x10]     ;  2fa3f884 <- [0x0dfffd48]  r1 = 2fa3f884
T    A30A  C1F30721  ubfx   r1, r1, #8, #8      ; r1 = 000000f8
T    A30E  04EB8101  add.w  r1, r4, r1, lsl #2  ; r1 = 000192fc
T    A312  4978      ldrb   r1, [r1, #1]        ;        41 <- [0x000192fd]  r1 = 00000041
T    A314  40EA0120  orr.w  r0, r0, r1, lsl #8  ; r0 = 1a9c4100
T    A318  9DF80C10  ldrb.w r1, [sp, #0xc]      ;        b1 <- [0x0dfffd44]  r1 = 000000b1
T    A31C  15F82110  ldrb.w r1, [r5, r1, lsl #2];        c8 <- [0x000195e0]  r1 = 000000c8
T    A320  0844      add    r0, r1              ; r0 = 1a9c41c8
T    A322  0A99      ldr    r1, [sp, #0x28]     ;   dffff88 <- [0x0dfffd60]  r1 = 0dffff88
T    A324  C968      ldr    r1, [r1, #0xc]      ;   9c89614 <- [0x0dffff94]  r1 = 09c89614
T    A326  4840      eors   r0, r1              ; r0 = 1354d7dc
T    A328  0690      str    r0, [sp, #0x18]     ;  [0x0dfffd50] <- 1354d7dc
T    A32A  9DF81B00  ldrb.w r0, [sp, #0x1b]     ;        13 <- [0x0dfffd53]  r0 = 00000013
T    A32E  0C99      ldr    r1, [sp, #0x30]     ;   c100100 <- [0x0dfffd68]  r1 = 0c100100
T    A330  0873      strb   r0, [r1, #0xc]      ;  [0x0c10010c] <- 13
T    A332  BDF81A00  ldrh.w r0, [sp, #0x1a]     ;      1354 <- [0x0dfffd52]  r0 = 00001354
T    A336  0C99      ldr    r1, [sp, #0x30]     ;   c100100 <- [0x0dfffd68]  r1 = 0c100100
T    A338  4873      strb   r0, [r1, #0xd]      ;  [0x0c10010d] <- 54
T    A33A  0698      ldr    r0, [sp, #0x18]     ;  1354d7dc <- [0x0dfffd50]  r0 = 1354d7dc
T    A33C  000A      lsrs   r0, r0, #8          ; r0 = 001354d7
T    A33E  0C99      ldr    r1, [sp, #0x30]     ;   c100100 <- [0x0dfffd68]  r1 = 0c100100
T    A340  8873      strb   r0, [r1, #0xe]      ;  [0x0c10010e] <- d7
T    A342  0698      ldr    r0, [sp, #0x18]     ;  1354d7dc <- [0x0dfffd50]  r0 = 1354d7dc
T    A344  0C99      ldr    r1, [sp, #0x30]     ;   c100100 <- [0x0dfffd68]  r1 = 0c100100
T    A346  C873      strb   r0, [r1, #0xf]      ;  [0x0c10010f] <- dc
T    A348  0EB0      add    sp, #0x38           ; sp = 0dfffd70
T    A34A  B0BD      pop    {r4, r5, r7, pc}    ;   dfffea4 <- [0x0dfffd70]    c100100 <- [0x0dfffd74]    dfffdd0 <- [0x0dfffd78]       a82b <- [0x0dfffd7c]  sp = 0dfffd80  r4 = 0dfffea4  r5 = 0c100100  r7 = 0dfffdd0  pc = 0000a82a
T    A82A  FFE7      b      #0xa82c             ;
T    A82C  0B98      ldr    r0, [sp, #0x2c]     ;         5 <- [0x0dfffdac]  r0 = 00000005
T    A82E  411E      subs   r1, r0, #1          ; r1 = 00000004
T    A830  0B91      str    r1, [sp, #0x2c]     ;  [0x0dfffdac] <- 4
T    A832  0028      cmp    r0, #0              ; cpsr = 200001f3
T    A834  0ED0      beq    #0xa854             ; pc = 0000a836
T    A836  FFE7      b      #0xa838             ;
T    A838  0D98      ldr    r0, [sp, #0x34]     ;   b000100 <- [0x0dfffdb4]  r0 = 0b000100
T    A83A  0E99      ldr    r1, [sp, #0x38]     ;         0 <- [0x0dfffdb8]  r1 = 00000000
T    A83C  405C      ldrb   r0, [r0, r1]        ;        6c <- [0x0b000100]  r0 = 0000006c
T    A83E  BA68      ldr    r2, [r7, #8]        ;   c100100 <- [0x0dfffdd8]  r2 = 0c100100
T    A840  535C      ldrb   r3, [r2, r1]        ;        d8 <- [0x0c100100]  r3 = 000000d8
T    A842  5840      eors   r0, r3              ; r0 = 000000b4
T    A844  5054      strb   r0, [r2, r1]        ;  [0x0c100100] <- b4
T    A846  0C99      ldr    r1, [sp, #0x30]     ;   c100000 <- [0x0dfffdb0]  r1 = 0c100000
T    A848  0E9A      ldr    r2, [sp, #0x38]     ;         0 <- [0x0dfffdb8]  r2 = 00000000
T    A84A  8854      strb   r0, [r1, r2]        ;  [0x0c100000] <- b4
T    A84C  0E98      ldr    r0, [sp, #0x38]     ;         0 <- [0x0dfffdb8]  r0 = 00000000
T    A84E  0130      adds   r0, #1              ; r0 = 00000001
T    A850  0E90      str    r0, [sp, #0x38]     ;  [0x0dfffdb8] <- 1
T    A852  EBE7      b      #0xa82c             ;
T    A82C  0B98      ldr    r0, [sp, #0x2c]     ;         4 <- [0x0dfffdac]  r0 = 00000004
T    A82E  411E      subs   r1, r0, #1          ; r1 = 00000003
T    A830  0B91      str    r1, [sp, #0x2c]     ;  [0x0dfffdac] <- 3
T    A832  0028      cmp    r0, #0              ; cpsr = 200001f3
T    A834  0ED0      beq    #0xa854             ; pc = 0000a836
T    A836  FFE7      b      #0xa838             ;
T    A838  0D98      ldr    r0, [sp, #0x34]     ;   b000100 <- [0x0dfffdb4]  r0 = 0b000100
T    A83A  0E99      ldr    r1, [sp, #0x38]     ;         1 <- [0x0dfffdb8]  r1 = 00000001
T    A83C  405C      ldrb   r0, [r0, r1]        ;        69 <- [0x0b000101]  r0 = 00000069
T    A83E  BA68      ldr    r2, [r7, #8]        ;   c100100 <- [0x0dfffdd8]  r2 = 0c100100
T    A840  535C      ldrb   r3, [r2, r1]        ;        5e <- [0x0c100101]  r3 = 0000005e
T    A842  5840      eors   r0, r3              ; r0 = 00000037
T    A844  5054      strb   r0, [r2, r1]        ;  [0x0c100101] <- 37
T    A846  0C99      ldr    r1, [sp, #0x30]     ;   c100000 <- [0x0dfffdb0]  r1 = 0c100000
T    A848  0E9A      ldr    r2, [sp, #0x38]     ;         1 <- [0x0dfffdb8]  r2 = 00000001
T    A84A  8854      strb   r0, [r1, r2]        ;  [0x0c100001] <- 37
T    A84C  0E98      ldr    r0, [sp, #0x38]     ;         1 <- [0x0dfffdb8]  r0 = 00000001
T    A84E  0130      adds   r0, #1              ; r0 = 00000002
T    A850  0E90      str    r0, [sp, #0x38]     ;  [0x0dfffdb8] <- 2
T    A852  EBE7      b      #0xa82c             ;
T    A82C  0B98      ldr    r0, [sp, #0x2c]     ;         3 <- [0x0dfffdac]  r0 = 00000003
T    A82E  411E      subs   r1, r0, #1          ; r1 = 00000002
T    A830  0B91      str    r1, [sp, #0x2c]     ;  [0x0dfffdac] <- 2
T    A832  0028      cmp    r0, #0              ; cpsr = 200001f3
T    A834  0ED0      beq    #0xa854             ; pc = 0000a836
T    A836  FFE7      b      #0xa838             ;
T    A838  0D98      ldr    r0, [sp, #0x34]     ;   b000100 <- [0x0dfffdb4]  r0 = 0b000100
T    A83A  0E99      ldr    r1, [sp, #0x38]     ;         2 <- [0x0dfffdb8]  r1 = 00000002
T    A83C  405C      ldrb   r0, [r0, r1]        ;        6c <- [0x0b000102]  r0 = 0000006c
T    A83E  BA68      ldr    r2, [r7, #8]        ;   c100100 <- [0x0dfffdd8]  r2 = 0c100100
T    A840  535C      ldrb   r3, [r2, r1]        ;        c2 <- [0x0c100102]  r3 = 000000c2
T    A842  5840      eors   r0, r3              ; r0 = 000000ae
T    A844  5054      strb   r0, [r2, r1]        ;  [0x0c100102] <- ae
T    A846  0C99      ldr    r1, [sp, #0x30]     ;   c100000 <- [0x0dfffdb0]  r1 = 0c100000
T    A848  0E9A      ldr    r2, [sp, #0x38]     ;         2 <- [0x0dfffdb8]  r2 = 00000002
T    A84A  8854      strb   r0, [r1, r2]        ;  [0x0c100002] <- ae
T    A84C  0E98      ldr    r0, [sp, #0x38]     ;         2 <- [0x0dfffdb8]  r0 = 00000002
T    A84E  0130      adds   r0, #1              ; r0 = 00000003
T    A850  0E90      str    r0, [sp, #0x38]     ;  [0x0dfffdb8] <- 3
T    A852  EBE7      b      #0xa82c             ;
T    A82C  0B98      ldr    r0, [sp, #0x2c]     ;         2 <- [0x0dfffdac]  r0 = 00000002
T    A82E  411E      subs   r1, r0, #1          ; r1 = 00000001
T    A830  0B91      str    r1, [sp, #0x2c]     ;  [0x0dfffdac] <- 1
T    A832  0028      cmp    r0, #0              ; cpsr = 200001f3
T    A834  0ED0      beq    #0xa854             ; pc = 0000a836
T    A836  FFE7      b      #0xa838             ;
T    A838  0D98      ldr    r0, [sp, #0x34]     ;   b000100 <- [0x0dfffdb4]  r0 = 0b000100
T    A83A  0E99      ldr    r1, [sp, #0x38]     ;         3 <- [0x0dfffdb8]  r1 = 00000003
T    A83C  405C      ldrb   r0, [r0, r1]        ;        61 <- [0x0b000103]  r0 = 00000061
T    A83E  BA68      ldr    r2, [r7, #8]        ;   c100100 <- [0x0dfffdd8]  r2 = 0c100100
T    A840  535C      ldrb   r3, [r2, r1]        ;        2c <- [0x0c100103]  r3 = 0000002c
T    A842  5840      eors   r0, r3              ; r0 = 0000004d
T    A844  5054      strb   r0, [r2, r1]        ;  [0x0c100103] <- 4d
T    A846  0C99      ldr    r1, [sp, #0x30]     ;   c100000 <- [0x0dfffdb0]  r1 = 0c100000
T    A848  0E9A      ldr    r2, [sp, #0x38]     ;         3 <- [0x0dfffdb8]  r2 = 00000003
T    A84A  8854      strb   r0, [r1, r2]        ;  [0x0c100003] <- 4d
T    A84C  0E98      ldr    r0, [sp, #0x38]     ;         3 <- [0x0dfffdb8]  r0 = 00000003
T    A84E  0130      adds   r0, #1              ; r0 = 00000004
T    A850  0E90      str    r0, [sp, #0x38]     ;  [0x0dfffdb8] <- 4
T    A852  EBE7      b      #0xa82c             ;
T    A82C  0B98      ldr    r0, [sp, #0x2c]     ;         1 <- [0x0dfffdac]  r0 = 00000001
T    A82E  411E      subs   r1, r0, #1          ; r1 = 00000000
T    A830  0B91      str    r1, [sp, #0x2c]     ;  [0x0dfffdac] <- 0
T    A832  0028      cmp    r0, #0              ; cpsr = 200001f3
T    A834  0ED0      beq    #0xa854             ; pc = 0000a836
T    A836  FFE7      b      #0xa838             ;
T    A838  0D98      ldr    r0, [sp, #0x34]     ;   b000100 <- [0x0dfffdb4]  r0 = 0b000100
T    A83A  0E99      ldr    r1, [sp, #0x38]     ;         4 <- [0x0dfffdb8]  r1 = 00000004
T    A83C  405C      ldrb   r0, [r0, r1]        ;        63 <- [0x0b000104]  r0 = 00000063
T    A83E  BA68      ldr    r2, [r7, #8]        ;   c100100 <- [0x0dfffdd8]  r2 = 0c100100
T    A840  535C      ldrb   r3, [r2, r1]        ;        f0 <- [0x0c100104]  r3 = 000000f0
T    A842  5840      eors   r0, r3              ; r0 = 00000093
T    A844  5054      strb   r0, [r2, r1]        ;  [0x0c100104] <- 93
T    A846  0C99      ldr    r1, [sp, #0x30]     ;   c100000 <- [0x0dfffdb0]  r1 = 0c100000
T    A848  0E9A      ldr    r2, [sp, #0x38]     ;         4 <- [0x0dfffdb8]  r2 = 00000004
T    A84A  8854      strb   r0, [r1, r2]        ;  [0x0c100004] <- 93
T    A84C  0E98      ldr    r0, [sp, #0x38]     ;         4 <- [0x0dfffdb8]  r0 = 00000004
T    A84E  0130      adds   r0, #1              ; r0 = 00000005
T    A850  0E90      str    r0, [sp, #0x38]     ;  [0x0dfffdb8] <- 5
T    A852  EBE7      b      #0xa82c             ;
T    A82C  0B98      ldr    r0, [sp, #0x2c]     ;         0 <- [0x0dfffdac]  r0 = 00000000
T    A82E  411E      subs   r1, r0, #1          ; r1 = ffffffff
T    A830  0B91      str    r1, [sp, #0x2c]     ;  [0x0dfffdac] <- ffffffff
T    A832  0028      cmp    r0, #0              ; cpsr = 600001f3
T    A834  0ED0      beq    #0xa854             ; pc = 0000a854
T    A854  FFE7      b      #0xa856             ;
T    A856  0E98      ldr    r0, [sp, #0x38]     ;         5 <- [0x0dfffdb8]  r0 = 00000005
T    A858  F968      ldr    r1, [r7, #0xc]      ;   dfffea4 <- [0x0dfffddc]  r1 = 0dfffea4
T    A85A  0860      str    r0, [r1]            ;  [0x0dfffea4] <- 5
T    A85C  8AE0      b      #0xa974             ;
T    A974  0748      ldr    r0, [pc, #0x1c]     ;     1441a <- [0x0000a994]  r0 = 0001441a
T    A976  7844      add    r0, pc              ; r0 = 0001ed94
T    A978  0068      ldr    r0, [r0]            ;         0 <- [0x0001ed94]  r0 = 00000000
T    A97A  0068      ldr    r0, [r0]            ;  464c457f <- [0x00000000]  r0 = 464c457f
T    A97C  0F99      ldr    r1, [sp, #0x3c]     ;  464c457f <- [0x0dfffdbc]  r1 = 464c457f
T    A97E  8842      cmp    r0, r1              ; cpsr = 600001f3
T    A980  04D1      bne    #0xa98c             ; pc = 0000a982
T    A982  FFE7      b      #0xa984             ;
T    A984  10B0      add    sp, #0x40           ; sp = 0dfffdc0
T    A986  5DF804BB  ldr    fp, [sp], #4        ;         0 <- [0x0dfffdc0]  fp = 00000000  sp = 0dfffdc4
T    A98A  F0BD      pop    {r4, r5, r6, r7, pc};   c100100 <- [0x0dfffdc4]    c100100 <- [0x0dfffdc8]    dfffea4 <- [0x0dfffdcc]    dfffe20 <- [0x0dfffdd0]       986f <- [0x0dfffdd4]  sp = 0dfffdd8  r4 = 0c100100  r5 = 0c100100  r6 = 0dfffea4  r7 = 0dfffe20  pc = 0000986e
T    986E  0CB0      add    sp, #0x30           ; sp = 0dfffe08
T    9870  BDE8000B  pop.w  {r8, sb, fp}        ;         0 <- [0x0dfffe08]          0 <- [0x0dfffe0c]          0 <- [0x0dfffe10]  sp = 0dfffe14  r8 = 00000000  sb = 00000000  fp = 00000000
T    9874  F0BD      pop    {r4, r5, r6, r7, pc};   dfffea4 <- [0x0dfffe14]          0 <- [0x0dfffe18]          0 <- [0x0dfffe1c]    dffffa8 <- [0x0dfffe20]       90df <- [0x0dfffe24]  sp = 0dfffe28  r4 = 0dfffea4  r5 = 00000000  r6 = 00000000  r7 = 0dffffa8  pc = 000090de
T    90DE  0498      ldr    r0, [sp, #0x10]     ;         1 <- [0x0dfffe38]  r0 = 00000001
T    90E0  8DF83300  strb.w r0, [sp, #0x33]     ;  [0x0dfffe5b] <- 1
T    90E4  0649      ldr    r1, [pc, #0x18]     ;     15caa <- [0x00009100]  r1 = 00015caa
T    90E6  7944      add    r1, pc              ; r1 = 0001ed94
T    90E8  0968      ldr    r1, [r1]            ;         0 <- [0x0001ed94]  r1 = 00000000
T    90EA  0968      ldr    r1, [r1]            ;  464c457f <- [0x00000000]  r1 = 464c457f
T    90EC  5D9A      ldr    r2, [sp, #0x174]    ;  464c457f <- [0x0dffff9c]  r2 = 464c457f
T    90EE  9142      cmp    r1, r2              ; cpsr = 600001f3
T    90F0  02D1      bne    #0x90f8             ; pc = 000090f2
T    90F2  FFE7      b      #0x90f4             ;
T    90F4  5EB0      add    sp, #0x178          ; sp = 0dffffa0
T    90F6  D0BD      pop    {r4, r6, r7, pc}    ;         0 <- [0x0dffffa0]          0 <- [0x0dffffa4]    dfffff8 <- [0x0dffffa8]       8fc9 <- [0x0dffffac]  sp = 0dffffb0  r4 = 00000000  r6 = 00000000  r7 = 0dfffff8  pc = 00008fc8
T    8FC8  0020      movs   r0, #0              ;1179403647
Traceback (most recent call last):
  File "C:/Users/Lenovo/PycharmProjects/uTracer/example/base_aes.py", line 35, in <module>
    emulator.hexdump(out_buf, 0x10)
  File "C:\Users\Lenovo\PycharmProjects\uTracer\uTracer.py", line 416, in hexdump
    data = bytes(self[addr:addr + size])
  File "C:\Users\Lenovo\PycharmProjects\uTracer\uTracer.py", line 546, in __getitem__
    return self.emu.mem_read(start, s.stop - start)
  File "c:\programdata\anaconda3\lib\site-packages\unicorn\unicorn.py", line 436, in mem_read
    raise UcError(status)
unicorn.unicorn.UcError: Invalid memory read (UC_ERR_READ_UNMAPPED)

Process finished with exit code 1
