(    libInnoSecure.so[0xCBBCB000])[B0 B5       ]0x00002424:	PUSH	{R4, R5, R7, LR} ; JNI_OnLoad	;(SP=0x10100000 R4=0x00000000 R5=0x00000000 R7=0x00000000 LR=0x0107EF73 )
(    libInnoSecure.so[0xCBBCB000])[02 AF       ]0x00002426:	ADD	R7, SP, #8	;(SP=0x100FFFF0 )
(    libInnoSecure.so[0xCBBCB000])[82 B0       ]0x00002428:	SUB	SP, #8	;(SP=0x100FFFF0 )
(    libInnoSecure.so[0xCBBCB000])[18 49       ]0x0000242A:	LDR	R1, [PC, #0X60]	;(PC=0xCBBCD42A )
(    libInnoSecure.so[0xCBBCB000])[06 24       ]0x0000242C:	MOVS	R4, #6
(    libInnoSecure.so[0xCBBCB000])[C0 F2 01 04 ]0x0000242E:	MOVT	R4, #1	;(R4=0x00000006 )
(    libInnoSecure.so[0xCBBCB000])[79 44       ]0x00002432:	ADD	R1, PC	;(R1=0x00007A6A PC=0xCBBCD432 )
(    libInnoSecure.so[0xCBBCB000])[22 46       ]0x00002434:	MOV	R2, R4	;(R4=0x00010006 )
(    libInnoSecure.so[0xCBBCB000])[09 68       ]0x00002436:	LDR	R1, [R1]	;(R1=0xCBBD4EA0 )
(    libInnoSecure.so[0xCBBCB000])[09 68       ]0x00002438:	LDR	R1, [R1]	;(R1=0xCBC29384 )
(    libInnoSecure.so[0xCBBCB000])[01 91       ]0x0000243A:	STR	R1, [SP, #4]	;(R1=0x00000000 SP=0x100FFFE8 )
(    libInnoSecure.so[0xCBBCB000])[00 21       ]0x0000243C:	MOVS	R1, #0
(    libInnoSecure.so[0xCBBCB000])[00 91       ]0x0000243E:	STR	R1, [SP]	;(R1=0x00000000 SP=0x100FFFE8 )
(    libInnoSecure.so[0xCBBCB000])[01 68       ]0x00002440:	LDR	R1, [R0]	;(R0=0x01000056 )
(    libInnoSecure.so[0xCBBCB000])[8B 69       ]0x00002442:	LDR	R3, [R1, #0X18]	;(R1=0x01000036 )
(    libInnoSecure.so[0xCBBCB000])[69 46       ]0x00002444:	MOV	R1, SP	;(SP=0x100FFFE8 )
(    libInnoSecure.so[0xCBBCB000])[98 47       ]0x00002446:	BLX	R3	;(PC=0xCBBCD446 R3=0x01000023 )
(    libInnoSecure.so[0xCBBCB000])[10 B1       ]0x00002448:	CBZ	R0, #0XCBBCD450	;(R0=0x00000000 )
(    libInnoSecure.so[0xCBBCB000])[00 9D       ]0x00002450:	LDR	R5, [SP]	;(SP=0x100FFFE8 )
(    libInnoSecure.so[0xCBBCB000])[0F A1       ]0x00002452:	ADR	R1, #0X3C
(    libInnoSecure.so[0xCBBCB000])[28 68       ]0x00002454:	LDR	R0, [R5]	;(R5=0x01000CF0 )
(    libInnoSecure.so[0xCBBCB000])[82 69       ]0x00002456:	LDR	R2, [R0, #0X18]	;(R0=0x0100094C )
(    libInnoSecure.so[0xCBBCB000])[28 46       ]0x00002458:	MOV	R0, R5	;(R5=0x01000CF0 )
(    libInnoSecure.so[0xCBBCB000])[90 47       ]0x0000245A:	BLX	R2	;(PC=0xCBBCD45A R2=0x0100006F )
(    libInnoSecure.so[0xCBBCB000])[01 46       ]0x0000245C:	MOV	R1, R0	;(R0=0x00000001 )
(    libInnoSecure.so[0xCBBCB000])[00 29       ]0x0000245E:	CMP	R1, #0	;(R1=0x00000001 )
(    libInnoSecure.so[0xCBBCB000])[F3 D0       ]0x00002460:	BEQ	#0XCBBCD44A
(    libInnoSecure.so[0xCBBCB000])[28 68       ]0x00002462:	LDR	R0, [R5]	;(R5=0x01000CF0 )
(    libInnoSecure.so[0xCBBCB000])[04 23       ]0x00002464:	MOVS	R3, #4
(    libInnoSecure.so[0xCBBCB000])[13 4A       ]0x00002466:	LDR	R2, [PC, #0X4C]	;(PC=0xCBBCD466 )
(    libInnoSecure.so[0xCBBCB000])[D0 F8 5C C3 ]0x00002468:	LDR.W	IP, [R0, #0X35C]	;(R0=0x0100094C )
(    libInnoSecure.so[0xCBBCB000])[7A 44       ]0x0000246C:	ADD	R2, PC	;(R2=0x00007B94 PC=0xCBBCD46C )
(    libInnoSecure.so[0xCBBCB000])[28 46       ]0x0000246E:	MOV	R0, R5	;(R5=0x01000CF0 )
(    libInnoSecure.so[0xCBBCB000])[E0 47       ]0x00002470:	BLX	IP	;(PC=0xCBBCD470 IP=0x01000899 )
(    libInnoSecure.so[0xCBBCB000])[44 EA E0 70 ]0x00002472:	ORR.W	R0, R4, R0, ASR #31	;(R4=0x00010006 R0=0x00000000 )
(    libInnoSecure.so[0xCBBCB000])[10 49       ]0x00002476:	LDR	R1, [PC, #0X40]	;(PC=0xCBBCD476 )
(    libInnoSecure.so[0xCBBCB000])[01 9A       ]0x00002478:	LDR	R2, [SP, #4]	;(SP=0x100FFFE8 )
(    libInnoSecure.so[0xCBBCB000])[79 44       ]0x0000247A:	ADD	R1, PC	;(R1=0x00007A22 PC=0xCBBCD47A )
(    libInnoSecure.so[0xCBBCB000])[09 68       ]0x0000247C:	LDR	R1, [R1]	;(R1=0xCBBD4EA0 )
(    libInnoSecure.so[0xCBBCB000])[09 68       ]0x0000247E:	LDR	R1, [R1]	;(R1=0xCBC29384 )
(    libInnoSecure.so[0xCBBCB000])[89 1A       ]0x00002480:	SUBS	R1, R1, R2	;(R1=0x00000000 R2=0x00000000 )
(    libInnoSecure.so[0xCBBCB000])[04 BF       ]0x00002482:	ITT	EQ
(    libInnoSecure.so[0xCBBCB000])[02 B0       ]0x00002484:	ADD	SP, #8	;(SP=0x100FFFE8 )
(    libInnoSecure.so[0xCBBCB000])[B0 BD       ]0x00002486:	POP	{R4, R5, R7, PC}	;(SP=0x100FFFF0 )
(    libInnoSecure.so[0xCBBCB000])[F0 B5       ]0x00005D74:	PUSH	{R4, R5, R6, R7, LR} ; secure	;(SP=0x100FFFF0 R4=0x00000000 R5=0x00000000 R6=0x00000000 R7=0x00000000 LR=0x01133A09 )
(    libInnoSecure.so[0xCBBCB000])[03 AF       ]0x00005D76:	ADD	R7, SP, #0XC	;(SP=0x100FFFDC )
(    libInnoSecure.so[0xCBBCB000])[2D E9 00 0F ]0x00005D78:	PUSH.W	{R8, SB, SL, FP}	;(SP=0x100FFFDC R8=0x00000000 SB=0x00000000 SL=0x00000000 FP=0x00000000 )
(    libInnoSecure.so[0xCBBCB000])[87 B0       ]0x00005D7C:	SUB	SP, #0X1C	;(SP=0x100FFFCC )
(    libInnoSecure.so[0xCBBCB000])[04 46       ]0x00005D7E:	MOV	R4, R0	;(R0=0x01000CF0 )
(    libInnoSecure.so[0xCBBCB000])[50 48       ]0x00005D80:	LDR	R0, [PC, #0X140]	;(PC=0xCBBD0D80 )
(    libInnoSecure.so[0xCBBCB000])[D7 F8 0C 80 ]0x00005D82:	LDR.W	R8, [R7, #0XC]	;(R7=0x100FFFE8 )
(    libInnoSecure.so[0xCBBCB000])[99 46       ]0x00005D86:	MOV	SB, R3	;(R3=0x00000002 )
(    libInnoSecure.so[0xCBBCB000])[78 44       ]0x00005D88:	ADD	R0, PC	;(R0=0x00004114 PC=0xCBBD0D88 )
(    libInnoSecure.so[0xCBBCB000])[93 46       ]0x00005D8A:	MOV	FP, R2	;(R2=0x00000001 )
(    libInnoSecure.so[0xCBBCB000])[00 22       ]0x00005D8C:	MOVS	R2, #0
(    libInnoSecure.so[0xCBBCB000])[00 25       ]0x00005D8E:	MOVS	R5, #0
(    libInnoSecure.so[0xCBBCB000])[00 68       ]0x00005D90:	LDR	R0, [R0]	;(R0=0xCBBD4EA0 )
(    libInnoSecure.so[0xCBBCB000])[41 46       ]0x00005D92:	MOV	R1, R8	;(R8=0x00000004 )
(    libInnoSecure.so[0xCBBCB000])[00 68       ]0x00005D94:	LDR	R0, [R0]	;(R0=0xCBC29384 )
(    libInnoSecure.so[0xCBBCB000])[06 90       ]0x00005D96:	STR	R0, [SP, #0X18]	;(R0=0x00000000 SP=0x100FFFB0 )
(    libInnoSecure.so[0xCBBCB000])[20 68       ]0x00005D98:	LDR	R0, [R4]	;(R4=0x01000CF0 )
(    libInnoSecure.so[0xCBBCB000])[D0 F8 E0 32 ]0x00005D9A:	LDR.W	R3, [R0, #0X2E0]	;(R0=0x0100094C )
(    libInnoSecure.so[0xCBBCB000])[20 46       ]0x00005D9E:	MOV	R0, R4	;(R4=0x01000CF0 )
(    libInnoSecure.so[0xCBBCB000])[98 47       ]0x00005DA0:	BLX	R3	;(PC=0xCBBD0DA0 R3=0x01000763 )
(    libInnoSecure.so[0xCBBCB000])[82 46       ]0x00005DA2:	MOV	SL, R0	;(R0=0x30041004 )
(    libInnoSecure.so[0xCBBCB000])[BA F1 00 0F ]0x00005DA4:	CMP.W	SL, #0	;(SL=0x30041004 )
(    libInnoSecure.so[0xCBBCB000])[7E D0       ]0x00005DA8:	BEQ	#0XCBBD0EA8
(    libInnoSecure.so[0xCBBCB000])[20 68       ]0x00005DAA:	LDR	R0, [R4]	;(R4=0x01000CF0 )
(    libInnoSecure.so[0xCBBCB000])[41 46       ]0x00005DAC:	MOV	R1, R8	;(R8=0x00000004 )
(    libInnoSecure.so[0xCBBCB000])[D0 F8 AC 22 ]0x00005DAE:	LDR.W	R2, [R0, #0X2AC]	;(R0=0x0100094C )
(    libInnoSecure.so[0xCBBCB000])[20 46       ]0x00005DB2:	MOV	R0, R4	;(R4=0x01000CF0 )
(    libInnoSecure.so[0xCBBCB000])[90 47       ]0x00005DB4:	BLX	R2	;(PC=0xCBBD0DB4 R2=0x010006E1 )
(    libInnoSecure.so[0xCBBCB000])[03 90       ]0x00005DB6:	STR	R0, [SP, #0XC]	;(R0=0x000001A7 SP=0x100FFFB0 )
(    libInnoSecure.so[0xCBBCB000])[43 48       ]0x00005DB8:	LDR	R0, [PC, #0X10C]	;(PC=0xCBBD0DB8 )
(    libInnoSecure.so[0xCBBCB000])[78 44       ]0x00005DBA:	ADD	R0, PC	;(R0=0x000042FA PC=0xCBBD0DBA )
(    libInnoSecure.so[0xCBBCB000])[00 68       ]0x00005DBC:	LDR	R0, [R0]	;(R0=0xCBBD50B8 )
(    libInnoSecure.so[0xCBBCB000])[08 B1       ]0x00005DBE:	CBZ	R0, #0XCBBD0DC4	;(R0=0x00000000 )
(    libInnoSecure.so[0xCBBCB000])[20 46       ]0x00005DC4:	MOV	R0, R4	;(R4=0x01000CF0 )
(    libInnoSecure.so[0xCBBCB000])[FB F7 B3 FF ]0x00005DC6:	BL	#0XCBBCCD30	;(PC=0xCBBD0DC6 )
(    libInnoSecure.so[0xCBBCB000])[F0 B5       ]0x00001D30:	PUSH	{R4, R5, R6, R7, LR}	;(SP=0x100FFFB0 R4=0x01000CF0 R5=0x00000000 R6=0x00000000 R7=0x100FFFE8 LR=0xCBBD0DCB )
(    libInnoSecure.so[0xCBBCB000])[03 AF       ]0x00001D32:	ADD	R7, SP, #0XC	;(SP=0x100FFF9C )
(    libInnoSecure.so[0xCBBCB000])[2D E9 00 0F ]0x00001D34:	PUSH.W	{R8, SB, SL, FP}	;(SP=0x100FFF9C R8=0x00000004 SB=0x00000002 SL=0x30041004 FP=0x00000001 )
(    libInnoSecure.so[0xCBBCB000])[81 B0       ]0x00001D38:	SUB	SP, #4	;(SP=0x100FFF8C )
(    libInnoSecure.so[0xCBBCB000])[04 46       ]0x00001D3A:	MOV	R4, R0	;(R0=0x01000CF0 )
(    libInnoSecure.so[0xCBBCB000])[A2 A1       ]0x00001D3C:	ADR	R1, #0X288
(    libInnoSecure.so[0xCBBCB000])[20 68       ]0x00001D3E:	LDR	R0, [R4]	;(R4=0x01000CF0 )
(    libInnoSecure.so[0xCBBCB000])[82 69       ]0x00001D40:	LDR	R2, [R0, #0X18]	;(R0=0x0100094C )
(    libInnoSecure.so[0xCBBCB000])[20 46       ]0x00001D42:	MOV	R0, R4	;(R4=0x01000CF0 )
(    libInnoSecure.so[0xCBBCB000])[90 47       ]0x00001D44:	BLX	R2	;(PC=0xCBBCCD44 R2=0x0100006F )
(    libInnoSecure.so[0xCBBCB000])[05 46       ]0x00001D46:	MOV	R5, R0	;(R0=0x00000005 )
(    libInnoSecure.so[0xCBBCB000])[00 2D       ]0x00001D48:	CMP	R5, #0	;(R5=0x00000005 )
(    libInnoSecure.so[0xCBBCB000])[00 F0 38 81 ]0x00001D4A:	BEQ.W	#0XCBBCCFBE
(    libInnoSecure.so[0xCBBCB000])[20 68       ]0x00001D4E:	LDR	R0, [R4]	;(R4=0x01000CF0 )
(    libInnoSecure.so[0xCBBCB000])[A4 A2       ]0x00001D50:	ADR	R2, #0X290
(    libInnoSecure.so[0xCBBCB000])[A9 A3       ]0x00001D52:	ADR	R3, #0X2A4
(    libInnoSecure.so[0xCBBCB000])[29 46       ]0x00001D54:	MOV	R1, R5	;(R5=0x00000005 )
(    libInnoSecure.so[0xCBBCB000])[D0 F8 C4 61 ]0x00001D56:	LDR.W	R6, [R0, #0X1C4]	;(R0=0x0100094C )
(    libInnoSecure.so[0xCBBCB000])[20 46       ]0x00001D5A:	MOV	R0, R4	;(R4=0x01000CF0 )
(    libInnoSecure.so[0xCBBCB000])[B0 47       ]0x00001D5C:	BLX	R6	;(PC=0xCBBCCD5C R6=0x0100049D )
(    libInnoSecure.so[0xCBBCB000])[02 46       ]0x00001D5E:	MOV	R2, R0	;(R0=0xD20000E8 )
(    libInnoSecure.so[0xCBBCB000])[20 68       ]0x00001D60:	LDR	R0, [R4]	;(R4=0x01000CF0 )
(    libInnoSecure.so[0xCBBCB000])[00 2A       ]0x00001D62:	CMP	R2, #0	;(R2=0xD20000E8 )
(    libInnoSecure.so[0xCBBCB000])[00 F0 27 81 ]0x00001D64:	BEQ.W	#0XCBBCCFB6
(    libInnoSecure.so[0xCBBCB000])[D0 F8 C8 31 ]0x00001D68:	LDR.W	R3, [R0, #0X1C8]	;(R0=0x0100094C )
(    libInnoSecure.so[0xCBBCB000])[20 46       ]0x00001D6C:	MOV	R0, R4	;(R4=0x01000CF0 )
(    libInnoSecure.so[0xCBBCB000])[29 46       ]0x00001D6E:	MOV	R1, R5	;(R5=0x00000005 )
(    libInnoSecure.so[0xCBBCB000])[98 47       ]0x00001D70:	BLX	R3	;(PC=0xCBBCCD70 R3=0x010004A7 )
(    libInnoSecure.so[0xCBBCB000])[06 46       ]0x00001D72:	MOV	R6, R0	;(R0=0x00000006 )
(    libInnoSecure.so[0xCBBCB000])[20 68       ]0x00001D74:	LDR	R0, [R4]	;(R4=0x01000CF0 )
(    libInnoSecure.so[0xCBBCB000])[29 46       ]0x00001D76:	MOV	R1, R5	;(R5=0x00000005 )
(    libInnoSecure.so[0xCBBCB000])[C2 6D       ]0x00001D78:	LDR	R2, [R0, #0X5C]	;(R0=0x0100094C )
(    libInnoSecure.so[0xCBBCB000])[20 46       ]0x00001D7A:	MOV	R0, R4	;(R4=0x01000CF0 )
(    libInnoSecure.so[0xCBBCB000])[90 47       ]0x00001D7C:	BLX	R2	;(PC=0xCBBCCD7C R2=0x01000119 )
(    libInnoSecure.so[0xCBBCB000])[00 2E       ]0x00001D7E:	CMP	R6, #0	;(R6=0x00000006 )
(    libInnoSecure.so[0xCBBCB000])[00 F0 1D 81 ]0x00001D80:	BEQ.W	#0XCBBCCFBE
(    libInnoSecure.so[0xCBBCB000])[20 68       ]0x00001D84:	LDR	R0, [R4]	;(R4=0x01000CF0 )
(    libInnoSecure.so[0xCBBCB000])[31 46       ]0x00001D86:	MOV	R1, R6	;(R6=0x00000006 )
(    libInnoSecure.so[0xCBBCB000])[C2 6F       ]0x00001D88:	LDR	R2, [R0, #0X7C]	;(R0=0x0100094C )
(    libInnoSecure.so[0xCBBCB000])[20 46       ]0x00001D8A:	MOV	R0, R4	;(R4=0x01000CF0 )
(    libInnoSecure.so[0xCBBCB000])[90 47       ]0x00001D8C:	BLX	R2	;(PC=0xCBBCCD8C R2=0x01000169 )
(    libInnoSecure.so[0xCBBCB000])[83 46       ]0x00001D8E:	MOV	FP, R0	;(R0=0x00000007 )
(    libInnoSecure.so[0xCBBCB000])[20 68       ]0x00001D90:	LDR	R0, [R4]	;(R4=0x01000CF0 )
(    libInnoSecure.so[0xCBBCB000])[BB F1 00 0F ]0x00001D92:	CMP.W	FP, #0	;(FP=0x00000007 )
(    libInnoSecure.so[0xCBBCB000])[00 F0 E4 80 ]0x00001D96:	BEQ.W	#0XCBBCCF62
(    libInnoSecure.so[0xCBBCB000])[D0 F8 84 50 ]0x00001D9A:	LDR.W	R5, [R0, #0X84]	;(R0=0x0100094C )
(    libInnoSecure.so[0xCBBCB000])[9D A2       ]0x00001D9E:	ADR	R2, #0X274
(    libInnoSecure.so[0xCBBCB000])[A1 A3       ]0x00001DA0:	ADR	R3, #0X284
(    libInnoSecure.so[0xCBBCB000])[20 46       ]0x00001DA2:	MOV	R0, R4	;(R4=0x01000CF0 )
(    libInnoSecure.so[0xCBBCB000])[59 46       ]0x00001DA4:	MOV	R1, FP	;(FP=0x00000007 )
(    libInnoSecure.so[0xCBBCB000])[A8 47       ]0x00001DA6:	BLX	R5	;(PC=0xCBBCCDA6 R5=0x0100017D )
(    libInnoSecure.so[0xCBBCB000])[02 46       ]0x00001DA8:	MOV	R2, R0	;(R0=0xD20000A8 )
(    libInnoSecure.so[0xCBBCB000])[20 68       ]0x00001DAA:	LDR	R0, [R4]	;(R4=0x01000CF0 )
(    libInnoSecure.so[0xCBBCB000])[00 2A       ]0x00001DAC:	CMP	R2, #0	;(R2=0xD20000A8 )
(    libInnoSecure.so[0xCBBCB000])[00 F0 DC 80 ]0x00001DAE:	BEQ.W	#0XCBBCCF6A
(    libInnoSecure.so[0xCBBCB000])[D0 F8 88 30 ]0x00001DB2:	LDR.W	R3, [R0, #0X88]	;(R0=0x0100094C )
(    libInnoSecure.so[0xCBBCB000])[20 46       ]0x00001DB6:	MOV	R0, R4	;(R4=0x01000CF0 )
(    libInnoSecure.so[0xCBBCB000])[31 46       ]0x00001DB8:	MOV	R1, R6	;(R6=0x00000006 )
(    libInnoSecure.so[0xCBBCB000])[98 47       ]0x00001DBA:	BLX	R3	;(PC=0xCBBCCDBA R3=0x01000187 )
(    libInnoSecure.so[0xCBBCB000])[80 46       ]0x00001DBC:	MOV	R8, R0	;(R0=0x00000008 )
(    libInnoSecure.so[0xCBBCB000])[20 68       ]0x00001DBE:	LDR	R0, [R4]	;(R4=0x01000CF0 )
(    libInnoSecure.so[0xCBBCB000])[B8 F1 00 0F ]0x00001DC0:	CMP.W	R8, #0	;(R8=0x00000008 )
(    libInnoSecure.so[0xCBBCB000])[00 F0 D1 80 ]0x00001DC4:	BEQ.W	#0XCBBCCF6A
(    libInnoSecure.so[0xCBBCB000])[C2 6F       ]0x00001DC8:	LDR	R2, [R0, #0X7C]	;(R0=0x0100094C )
(    libInnoSecure.so[0xCBBCB000])[20 46       ]0x00001DCA:	MOV	R0, R4	;(R4=0x01000CF0 )
(    libInnoSecure.so[0xCBBCB000])[41 46       ]0x00001DCC:	MOV	R1, R8	;(R8=0x00000008 )
(    libInnoSecure.so[0xCBBCB000])[90 47       ]0x00001DCE:	BLX	R2	;(PC=0xCBBCCDCE R2=0x01000169 )
(    libInnoSecure.so[0xCBBCB000])[81 46       ]0x00001DD0:	MOV	SB, R0	;(R0=0x00000009 )
(    libInnoSecure.so[0xCBBCB000])[20 68       ]0x00001DD2:	LDR	R0, [R4]	;(R4=0x01000CF0 )
(    libInnoSecure.so[0xCBBCB000])[B9 F1 00 0F ]0x00001DD4:	CMP.W	SB, #0	;(SB=0x00000009 )
(    libInnoSecure.so[0xCBBCB000])[00 F0 D0 80 ]0x00001DD8:	BEQ.W	#0XCBBCCF7C
(    libInnoSecure.so[0xCBBCB000])[9C 4A       ]0x00001DDC:	LDR	R2, [PC, #0X270]	;(PC=0xCBBCCDDC )
(    libInnoSecure.so[0xCBBCB000])[59 46       ]0x00001DDE:	MOV	R1, FP	;(FP=0x00000007 )
(    libInnoSecure.so[0xCBBCB000])[9C 4B       ]0x00001DE0:	LDR	R3, [PC, #0X270]	;(PC=0xCBBCCDE0 )
(    libInnoSecure.so[0xCBBCB000])[D0 F8 84 50 ]0x00001DE2:	LDR.W	R5, [R0, #0X84]	;(R0=0x0100094C )
(    libInnoSecure.so[0xCBBCB000])[7A 44       ]0x00001DE6:	ADD	R2, PC	;(R2=0x00006089 PC=0xCBBCCDE6 )
(    libInnoSecure.so[0xCBBCB000])[7B 44       ]0x00001DE8:	ADD	R3, PC	;(R3=0x00006096 PC=0xCBBCCDE8 )
(    libInnoSecure.so[0xCBBCB000])[20 46       ]0x00001DEA:	MOV	R0, R4	;(R4=0x01000CF0 )
(    libInnoSecure.so[0xCBBCB000])[A8 47       ]0x00001DEC:	BLX	R5	;(PC=0xCBBCCDEC R5=0x0100017D )
(    libInnoSecure.so[0xCBBCB000])[82 46       ]0x00001DEE:	MOV	SL, R0	;(R0=0xD20000B8 )
(    libInnoSecure.so[0xCBBCB000])[20 68       ]0x00001DF0:	LDR	R0, [R4]	;(R4=0x01000CF0 )
(    libInnoSecure.so[0xCBBCB000])[59 46       ]0x00001DF2:	MOV	R1, FP	;(FP=0x00000007 )
(    libInnoSecure.so[0xCBBCB000])[C2 6D       ]0x00001DF4:	LDR	R2, [R0, #0X5C]	;(R0=0x0100094C )
(    libInnoSecure.so[0xCBBCB000])[20 46       ]0x00001DF6:	MOV	R0, R4	;(R4=0x01000CF0 )
(    libInnoSecure.so[0xCBBCB000])[90 47       ]0x00001DF8:	BLX	R2	;(PC=0xCBBCCDF8 R2=0x01000119 )
(    libInnoSecure.so[0xCBBCB000])[20 68       ]0x00001DFA:	LDR	R0, [R4]	;(R4=0x01000CF0 )
(    libInnoSecure.so[0xCBBCB000])[BA F1 00 0F ]0x00001DFC:	CMP.W	SL, #0	;(SL=0xD20000B8 )
(    libInnoSecure.so[0xCBBCB000])[00 F0 C8 80 ]0x00001E00:	BEQ.W	#0XCBBCCF94
(    libInnoSecure.so[0xCBBCB000])[D0 F8 88 30 ]0x00001E04:	LDR.W	R3, [R0, #0X88]	;(R0=0x0100094C )
(    libInnoSecure.so[0xCBBCB000])[20 46       ]0x00001E08:	MOV	R0, R4	;(R4=0x01000CF0 )
(    libInnoSecure.so[0xCBBCB000])[31 46       ]0x00001E0A:	MOV	R1, R6	;(R6=0x00000006 )
(    libInnoSecure.so[0xCBBCB000])[52 46       ]0x00001E0C:	MOV	R2, SL	;(SL=0xD20000B8 )
(    libInnoSecure.so[0xCBBCB000])[98 47       ]0x00001E0E:	BLX	R3	;(PC=0xCBBCCE0E R3=0x01000187 )
(    libInnoSecure.so[0xCBBCB000])[05 46       ]0x00001E10:	MOV	R5, R0	;(R0=0x0000000A )
(    libInnoSecure.so[0xCBBCB000])[20 68       ]0x00001E12:	LDR	R0, [R4]	;(R4=0x01000CF0 )
(    libInnoSecure.so[0xCBBCB000])[31 46       ]0x00001E14:	MOV	R1, R6	;(R6=0x00000006 )
(    libInnoSecure.so[0xCBBCB000])[C2 6D       ]0x00001E16:	LDR	R2, [R0, #0X5C]	;(R0=0x0100094C )
(    libInnoSecure.so[0xCBBCB000])[20 46       ]0x00001E18:	MOV	R0, R4	;(R4=0x01000CF0 )
(    libInnoSecure.so[0xCBBCB000])[90 47       ]0x00001E1A:	BLX	R2	;(PC=0xCBBCCE1A R2=0x01000119 )
(    libInnoSecure.so[0xCBBCB000])[20 68       ]0x00001E1C:	LDR	R0, [R4]	;(R4=0x01000CF0 )
(    libInnoSecure.so[0xCBBCB000])[00 2D       ]0x00001E1E:	CMP	R5, #0	;(R5=0x0000000A )
(    libInnoSecure.so[0xCBBCB000])[00 F0 BD 80 ]0x00001E20:	BEQ.W	#0XCBBCCF9E
(    libInnoSecure.so[0xCBBCB000])[8C 4A       ]0x00001E24:	LDR	R2, [PC, #0X230]	;(PC=0xCBBCCE24 )
(    libInnoSecure.so[0xCBBCB000])[49 46       ]0x00001E26:	MOV	R1, SB	;(SB=0x00000009 )
(    libInnoSecure.so[0xCBBCB000])[8C 4B       ]0x00001E28:	LDR	R3, [PC, #0X230]	;(PC=0xCBBCCE28 )
(    libInnoSecure.so[0xCBBCB000])[D0 F8 84 60 ]0x00001E2A:	LDR.W	R6, [R0, #0X84]	;(R0=0x0100094C )
(    libInnoSecure.so[0xCBBCB000])[7A 44       ]0x00001E2E:	ADD	R2, PC	;(R2=0x00006065 PC=0xCBBCCE2E )
(    libInnoSecure.so[0xCBBCB000])[7B 44       ]0x00001E30:	ADD	R3, PC	;(R3=0x00006072 PC=0xCBBCCE30 )
(    libInnoSecure.so[0xCBBCB000])[20 46       ]0x00001E32:	MOV	R0, R4	;(R4=0x01000CF0 )
(    libInnoSecure.so[0xCBBCB000])[B0 47       ]0x00001E34:	BLX	R6	;(PC=0xCBBCCE34 R6=0x0100017D )
(    libInnoSecure.so[0xCBBCB000])[06 46       ]0x00001E36:	MOV	R6, R0	;(R0=0xD2000048 )
(    libInnoSecure.so[0xCBBCB000])[20 68       ]0x00001E38:	LDR	R0, [R4]	;(R4=0x01000CF0 )
(    libInnoSecure.so[0xCBBCB000])[49 46       ]0x00001E3A:	MOV	R1, SB	;(SB=0x00000009 )
(    libInnoSecure.so[0xCBBCB000])[C2 6D       ]0x00001E3C:	LDR	R2, [R0, #0X5C]	;(R0=0x0100094C )
(    libInnoSecure.so[0xCBBCB000])[20 46       ]0x00001E3E:	MOV	R0, R4	;(R4=0x01000CF0 )
(    libInnoSecure.so[0xCBBCB000])[90 47       ]0x00001E40:	BLX	R2	;(PC=0xCBBCCE40 R2=0x01000119 )
(    libInnoSecure.so[0xCBBCB000])[20 68       ]0x00001E42:	LDR	R0, [R4]	;(R4=0x01000CF0 )
(    libInnoSecure.so[0xCBBCB000])[00 2E       ]0x00001E44:	CMP	R6, #0	;(R6=0xD2000048 )
(    libInnoSecure.so[0xCBBCB000])[00 F0 B1 80 ]0x00001E46:	BEQ.W	#0XCBBCCFAC
(    libInnoSecure.so[0xCBBCB000])[D0 F8 88 C0 ]0x00001E4A:	LDR.W	IP, [R0, #0X88]	;(R0=0x0100094C )
(    libInnoSecure.so[0xCBBCB000])[40 20       ]0x00001E4E:	MOVS	R0, #0X40
(    libInnoSecure.so[0xCBBCB000])[00 90       ]0x00001E50:	STR	R0, [SP]	;(R0=0x00000040 SP=0x100FFF88 )
(    libInnoSecure.so[0xCBBCB000])[20 46       ]0x00001E52:	MOV	R0, R4	;(R4=0x01000CF0 )
(    libInnoSecure.so[0xCBBCB000])[41 46       ]0x00001E54:	MOV	R1, R8	;(R8=0x00000008 )
(    libInnoSecure.so[0xCBBCB000])[32 46       ]0x00001E56:	MOV	R2, R6	;(R6=0xD2000048 )
(    libInnoSecure.so[0xCBBCB000])[2B 46       ]0x00001E58:	MOV	R3, R5	;(R5=0x0000000A )
(    libInnoSecure.so[0xCBBCB000])[E0 47       ]0x00001E5A:	BLX	IP	;(PC=0xCBBCCE5A IP=0x01000187 )
(    libInnoSecure.so[0xCBBCB000])[06 46       ]0x00001E5C:	MOV	R6, R0	;(R0=0x0000000B )
(    libInnoSecure.so[0xCBBCB000])[20 68       ]0x00001E5E:	LDR	R0, [R4]	;(R4=0x01000CF0 )
(    libInnoSecure.so[0xCBBCB000])[41 46       ]0x00001E60:	MOV	R1, R8	;(R8=0x00000008 )
(    libInnoSecure.so[0xCBBCB000])[C2 6D       ]0x00001E62:	LDR	R2, [R0, #0X5C]	;(R0=0x0100094C )
(    libInnoSecure.so[0xCBBCB000])[20 46       ]0x00001E64:	MOV	R0, R4	;(R4=0x01000CF0 )
(    libInnoSecure.so[0xCBBCB000])[90 47       ]0x00001E66:	BLX	R2	;(PC=0xCBBCCE66 R2=0x01000119 )
(    libInnoSecure.so[0xCBBCB000])[20 68       ]0x00001E68:	LDR	R0, [R4]	;(R4=0x01000CF0 )
(    libInnoSecure.so[0xCBBCB000])[29 46       ]0x00001E6A:	MOV	R1, R5	;(R5=0x0000000A )
(    libInnoSecure.so[0xCBBCB000])[C2 6D       ]0x00001E6C:	LDR	R2, [R0, #0X5C]	;(R0=0x0100094C )
(    libInnoSecure.so[0xCBBCB000])[20 46       ]0x00001E6E:	MOV	R0, R4	;(R4=0x01000CF0 )
(    libInnoSecure.so[0xCBBCB000])[90 47       ]0x00001E70:	BLX	R2	;(PC=0xCBBCCE70 R2=0x01000119 )
(    libInnoSecure.so[0xCBBCB000])[00 2E       ]0x00001E72:	CMP	R6, #0	;(R6=0x0000000B )
(    libInnoSecure.so[0xCBBCB000])[00 F0 A3 80 ]0x00001E74:	BEQ.W	#0XCBBCCFBE
(    libInnoSecure.so[0xCBBCB000])[20 68       ]0x00001E78:	LDR	R0, [R4]	;(R4=0x01000CF0 )
(    libInnoSecure.so[0xCBBCB000])[31 46       ]0x00001E7A:	MOV	R1, R6	;(R6=0x0000000B )
(    libInnoSecure.so[0xCBBCB000])[C2 6F       ]0x00001E7C:	LDR	R2, [R0, #0X7C]	;(R0=0x0100094C )
(    libInnoSecure.so[0xCBBCB000])[20 46       ]0x00001E7E:	MOV	R0, R4	;(R4=0x01000CF0 )
(    libInnoSecure.so[0xCBBCB000])[90 47       ]0x00001E80:	BLX	R2	;(PC=0xCBBCCE80 R2=0x01000169 )
(    libInnoSecure.so[0xCBBCB000])[05 46       ]0x00001E82:	MOV	R5, R0	;(R0=0x0000000C )
(    libInnoSecure.so[0xCBBCB000])[20 68       ]0x00001E84:	LDR	R0, [R4]	;(R4=0x01000CF0 )
(    libInnoSecure.so[0xCBBCB000])[00 2D       ]0x00001E86:	CMP	R5, #0	;(R5=0x0000000C )
(    libInnoSecure.so[0xCBBCB000])[6B D0       ]0x00001E88:	BEQ	#0XCBBCCF62
(    libInnoSecure.so[0xCBBCB000])[75 4B       ]0x00001E8A:	LDR	R3, [PC, #0X1D4]	;(PC=0xCBBCCE8A )
(    libInnoSecure.so[0xCBBCB000])[75 A2       ]0x00001E8C:	ADR	R2, #0X1D4
(    libInnoSecure.so[0xCBBCB000])[D0 F8 78 C1 ]0x00001E8E:	LDR.W	IP, [R0, #0X178]	;(R0=0x0100094C )
(    libInnoSecure.so[0xCBBCB000])[20 46       ]0x00001E92:	MOV	R0, R4	;(R4=0x01000CF0 )
(    libInnoSecure.so[0xCBBCB000])[7B 44       ]0x00001E94:	ADD	R3, PC	;(R3=0x00006044 PC=0xCBBCCE94 )
(    libInnoSecure.so[0xCBBCB000])[29 46       ]0x00001E96:	MOV	R1, R5	;(R5=0x0000000C )
(    libInnoSecure.so[0xCBBCB000])[E0 47       ]0x00001E98:	BLX	IP	;(PC=0xCBBCCE98 IP=0x010003DF )
(    libInnoSecure.so[0xCBBCB000])[80 46       ]0x00001E9A:	MOV	R8, R0	;(R0=0xE2000030 )
(    libInnoSecure.so[0xCBBCB000])[20 68       ]0x00001E9C:	LDR	R0, [R4]	;(R4=0x01000CF0 )
(    libInnoSecure.so[0xCBBCB000])[29 46       ]0x00001E9E:	MOV	R1, R5	;(R5=0x0000000C )
(    libInnoSecure.so[0xCBBCB000])[C2 6D       ]0x00001EA0:	LDR	R2, [R0, #0X5C]	;(R0=0x0100094C )
(    libInnoSecure.so[0xCBBCB000])[20 46       ]0x00001EA2:	MOV	R0, R4	;(R4=0x01000CF0 )
(    libInnoSecure.so[0xCBBCB000])[90 47       ]0x00001EA4:	BLX	R2	;(PC=0xCBBCCEA4 R2=0x01000119 )
(    libInnoSecure.so[0xCBBCB000])[20 68       ]0x00001EA6:	LDR	R0, [R4]	;(R4=0x01000CF0 )
(    libInnoSecure.so[0xCBBCB000])[B8 F1 00 0F ]0x00001EA8:	CMP.W	R8, #0	;(R8=0xE2000030 )
(    libInnoSecure.so[0xCBBCB000])[59 D0       ]0x00001EAC:	BEQ	#0XCBBCCF62
(    libInnoSecure.so[0xCBBCB000])[D0 F8 7C 31 ]0x00001EAE:	LDR.W	R3, [R0, #0X17C]	;(R0=0x0100094C )
(    libInnoSecure.so[0xCBBCB000])[20 46       ]0x00001EB2:	MOV	R0, R4	;(R4=0x01000CF0 )
(    libInnoSecure.so[0xCBBCB000])[31 46       ]0x00001EB4:	MOV	R1, R6	;(R6=0x0000000B )
(    libInnoSecure.so[0xCBBCB000])[42 46       ]0x00001EB6:	MOV	R2, R8	;(R8=0xE2000030 )
(    libInnoSecure.so[0xCBBCB000])[98 47       ]0x00001EB8:	BLX	R3	;(PC=0xCBBCCEB8 R3=0x010003E9 )
(    libInnoSecure.so[0xCBBCB000])[05 46       ]0x00001EBA:	MOV	R5, R0	;(R0=0x0000000D )
(    libInnoSecure.so[0xCBBCB000])[20 68       ]0x00001EBC:	LDR	R0, [R4]	;(R4=0x01000CF0 )
(    libInnoSecure.so[0xCBBCB000])[31 46       ]0x00001EBE:	MOV	R1, R6	;(R6=0x0000000B )
(    libInnoSecure.so[0xCBBCB000])[C2 6D       ]0x00001EC0:	LDR	R2, [R0, #0X5C]	;(R0=0x0100094C )
(    libInnoSecure.so[0xCBBCB000])[20 46       ]0x00001EC2:	MOV	R0, R4	;(R4=0x01000CF0 )
(    libInnoSecure.so[0xCBBCB000])[90 47       ]0x00001EC4:	BLX	R2	;(PC=0xCBBCCEC4 R2=0x01000119 )
(    libInnoSecure.so[0xCBBCB000])[00 2D       ]0x00001EC6:	CMP	R5, #0	;(R5=0x0000000D )
(    libInnoSecure.so[0xCBBCB000])[79 D0       ]0x00001EC8:	BEQ	#0XCBBCCFBE
(    libInnoSecure.so[0xCBBCB000])[20 68       ]0x00001ECA:	LDR	R0, [R4]	;(R4=0x01000CF0 )
(    libInnoSecure.so[0xCBBCB000])[29 46       ]0x00001ECC:	MOV	R1, R5	;(R5=0x0000000D )
(    libInnoSecure.so[0xCBBCB000])[00 22       ]0x00001ECE:	MOVS	R2, #0
(    libInnoSecure.so[0xCBBCB000])[D0 F8 B4 32 ]0x00001ED0:	LDR.W	R3, [R0, #0X2B4]	;(R0=0x0100094C )
(    libInnoSecure.so[0xCBBCB000])[20 46       ]0x00001ED4:	MOV	R0, R4	;(R4=0x01000CF0 )
(    libInnoSecure.so[0xCBBCB000])[98 47       ]0x00001ED6:	BLX	R3	;(PC=0xCBBCCED6 R3=0x010006F5 )
(    libInnoSecure.so[0xCBBCB000])[06 46       ]0x00001ED8:	MOV	R6, R0	;(R0=0x0000000E )
(    libInnoSecure.so[0xCBBCB000])[20 68       ]0x00001EDA:	LDR	R0, [R4]	;(R4=0x01000CF0 )
(    libInnoSecure.so[0xCBBCB000])[29 46       ]0x00001EDC:	MOV	R1, R5	;(R5=0x0000000D )
(    libInnoSecure.so[0xCBBCB000])[C2 6D       ]0x00001EDE:	LDR	R2, [R0, #0X5C]	;(R0=0x0100094C )
(    libInnoSecure.so[0xCBBCB000])[20 46       ]0x00001EE0:	MOV	R0, R4	;(R4=0x01000CF0 )
(    libInnoSecure.so[0xCBBCB000])[90 47       ]0x00001EE2:	BLX	R2	;(PC=0xCBBCCEE2 R2=0x01000119 )
(    libInnoSecure.so[0xCBBCB000])[00 2E       ]0x00001EE4:	CMP	R6, #0	;(R6=0x0000000E )
(    libInnoSecure.so[0xCBBCB000])[6A D0       ]0x00001EE6:	BEQ	#0XCBBCCFBE
(    libInnoSecure.so[0xCBBCB000])[20 68       ]0x00001EE8:	LDR	R0, [R4]	;(R4=0x01000CF0 )
(    libInnoSecure.so[0xCBBCB000])[31 46       ]0x00001EEA:	MOV	R1, R6	;(R6=0x0000000E )
(    libInnoSecure.so[0xCBBCB000])[C2 6F       ]0x00001EEC:	LDR	R2, [R0, #0X7C]	;(R0=0x0100094C )
(    libInnoSecure.so[0xCBBCB000])[20 46       ]0x00001EEE:	MOV	R0, R4	;(R4=0x01000CF0 )
(    libInnoSecure.so[0xCBBCB000])[90 47       ]0x00001EF0:	BLX	R2	;(PC=0xCBBCCEF0 R2=0x01000169 )
(    libInnoSecure.so[0xCBBCB000])[05 46       ]0x00001EF2:	MOV	R5, R0	;(R0=0x0000000F )
(    libInnoSecure.so[0xCBBCB000])[20 68       ]0x00001EF4:	LDR	R0, [R4]	;(R4=0x01000CF0 )
(    libInnoSecure.so[0xCBBCB000])[A5 B3       ]0x00001EF6:	CBZ	R5, #0XCBBCCF62	;(R5=0x0000000F )
(    libInnoSecure.so[0xCBBCB000])[5D 4A       ]0x00001EF8:	LDR	R2, [PC, #0X174]	;(PC=0xCBBCCEF8 )
(    libInnoSecure.so[0xCBBCB000])[29 46       ]0x00001EFA:	MOV	R1, R5	;(R5=0x0000000F )
(    libInnoSecure.so[0xCBBCB000])[5D 4B       ]0x00001EFC:	LDR	R3, [PC, #0X174]	;(PC=0xCBBCCEFC )
(    libInnoSecure.so[0xCBBCB000])[D0 F8 84 C0 ]0x00001EFE:	LDR.W	IP, [R0, #0X84]	;(R0=0x0100094C )
(    libInnoSecure.so[0xCBBCB000])[7A 44       ]0x00001F02:	ADD	R2, PC	;(R2=0x00005FF6 PC=0xCBBCCF02 )
(    libInnoSecure.so[0xCBBCB000])[7B 44       ]0x00001F04:	ADD	R3, PC	;(R3=0x00005F7A PC=0xCBBCCF04 )
(    libInnoSecure.so[0xCBBCB000])[20 46       ]0x00001F06:	MOV	R0, R4	;(R4=0x01000CF0 )
(    libInnoSecure.so[0xCBBCB000])[E0 47       ]0x00001F08:	BLX	IP	;(PC=0xCBBCCF08 IP=0x0100017D )
(    libInnoSecure.so[0xCBBCB000])[80 46       ]0x00001F0A:	MOV	R8, R0	;(R0=0xD2000044 )
(    libInnoSecure.so[0xCBBCB000])[20 68       ]0x00001F0C:	LDR	R0, [R4]	;(R4=0x01000CF0 )
(    libInnoSecure.so[0xCBBCB000])[29 46       ]0x00001F0E:	MOV	R1, R5	;(R5=0x0000000F )
(    libInnoSecure.so[0xCBBCB000])[C2 6D       ]0x00001F10:	LDR	R2, [R0, #0X5C]	;(R0=0x0100094C )
(    libInnoSecure.so[0xCBBCB000])[20 46       ]0x00001F12:	MOV	R0, R4	;(R4=0x01000CF0 )
(    libInnoSecure.so[0xCBBCB000])[90 47       ]0x00001F14:	BLX	R2	;(PC=0xCBBCCF14 R2=0x01000119 )
(    libInnoSecure.so[0xCBBCB000])[20 68       ]0x00001F16:	LDR	R0, [R4]	;(R4=0x01000CF0 )
(    libInnoSecure.so[0xCBBCB000])[B8 F1 00 0F ]0x00001F18:	CMP.W	R8, #0	;(R8=0xD2000044 )
(    libInnoSecure.so[0xCBBCB000])[21 D0       ]0x00001F1C:	BEQ	#0XCBBCCF62
(    libInnoSecure.so[0xCBBCB000])[D0 F8 88 30 ]0x00001F1E:	LDR.W	R3, [R0, #0X88]	;(R0=0x0100094C )
(    libInnoSecure.so[0xCBBCB000])[20 46       ]0x00001F22:	MOV	R0, R4	;(R4=0x01000CF0 )
(    libInnoSecure.so[0xCBBCB000])[31 46       ]0x00001F24:	MOV	R1, R6	;(R6=0x0000000E )
(    libInnoSecure.so[0xCBBCB000])[42 46       ]0x00001F26:	MOV	R2, R8	;(R8=0xD2000044 )
(    libInnoSecure.so[0xCBBCB000])[98 47       ]0x00001F28:	BLX	R3	;(PC=0xCBBCCF28 R3=0x01000187 )
(    libInnoSecure.so[0xCBBCB000])[05 46       ]0x00001F2A:	MOV	R5, R0	;(R0=0x00000010 )
(    libInnoSecure.so[0xCBBCB000])[20 68       ]0x00001F2C:	LDR	R0, [R4]	;(R4=0x01000CF0 )
(    libInnoSecure.so[0xCBBCB000])[31 46       ]0x00001F2E:	MOV	R1, R6	;(R6=0x0000000E )
(    libInnoSecure.so[0xCBBCB000])[C2 6D       ]0x00001F30:	LDR	R2, [R0, #0X5C]	;(R0=0x0100094C )
(    libInnoSecure.so[0xCBBCB000])[20 46       ]0x00001F32:	MOV	R0, R4	;(R4=0x01000CF0 )
(    libInnoSecure.so[0xCBBCB000])[90 47       ]0x00001F34:	BLX	R2	;(PC=0xCBBCCF34 R2=0x01000119 )
(    libInnoSecure.so[0xCBBCB000])[00 2D       ]0x00001F36:	CMP	R5, #0	;(R5=0x00000010 )
(    libInnoSecure.so[0xCBBCB000])[41 D0       ]0x00001F38:	BEQ	#0XCBBCCFBE
(    libInnoSecure.so[0xCBBCB000])[20 46       ]0x00001F3A:	MOV	R0, R4	;(R4=0x01000CF0 )
(    libInnoSecure.so[0xCBBCB000])[29 46       ]0x00001F3C:	MOV	R1, R5	;(R5=0x00000010 )
(    libInnoSecure.so[0xCBBCB000])[00 F0 9B F8 ]0x00001F3E:	BL	#0XCBBCD078	;(PC=0xCBBCCF3E )
(    libInnoSecure.so[0xCBBCB000])[F0 B5       ]0x00002078:	PUSH	{R4, R5, R6, R7, LR}	;(SP=0x100FFF88 R4=0x01000CF0 R5=0x00000010 R6=0x0000000E R7=0x100FFFA8 LR=0xCBBCCF43 )
(    libInnoSecure.so[0xCBBCB000])[03 AF       ]0x0000207A:	ADD	R7, SP, #0XC	;(SP=0x100FFF74 )
(    libInnoSecure.so[0xCBBCB000])[2D E9 00 0F ]0x0000207C:	PUSH.W	{R8, SB, SL, FP}	;(SP=0x100FFF74 R8=0xD2000044 SB=0x00000009 SL=0xD20000B8 FP=0x00000007 )
(    libInnoSecure.so[0xCBBCB000])[81 B0       ]0x00002080:	SUB	SP, #4	;(SP=0x100FFF64 )
(    libInnoSecure.so[0xCBBCB000])[04 46       ]0x00002082:	MOV	R4, R0	;(R0=0x01000CF0 )
(    libInnoSecure.so[0xCBBCB000])[89 46       ]0x00002084:	MOV	SB, R1	;(R1=0x00000010 )
(    libInnoSecure.so[0xCBBCB000])[20 68       ]0x00002086:	LDR	R0, [R4]	;(R4=0x01000CF0 )
(    libInnoSecure.so[0xCBBCB000])[34 A1       ]0x00002088:	ADR	R1, #0XD0
(    libInnoSecure.so[0xCBBCB000])[82 69       ]0x0000208A:	LDR	R2, [R0, #0X18]	;(R0=0x0100094C )
(    libInnoSecure.so[0xCBBCB000])[20 46       ]0x0000208C:	MOV	R0, R4	;(R4=0x01000CF0 )
(    libInnoSecure.so[0xCBBCB000])[90 47       ]0x0000208E:	BLX	R2	;(PC=0xCBBCD08E R2=0x0100006F )
(    libInnoSecure.so[0xCBBCB000])[05 46       ]0x00002090:	MOV	R5, R0	;(R0=0x00000011 )
(    libInnoSecure.so[0xCBBCB000])[00 2D       ]0x00002092:	CMP	R5, #0	;(R5=0x00000011 )
(    libInnoSecure.so[0xCBBCB000])[5B D0       ]0x00002094:	BEQ	#0XCBBCD14E
(    libInnoSecure.so[0xCBBCB000])[20 68       ]0x00002096:	LDR	R0, [R4]	;(R4=0x01000CF0 )
(    libInnoSecure.so[0xCBBCB000])[35 A1       ]0x00002098:	ADR	R1, #0XD4
(    libInnoSecure.so[0xCBBCB000])[D0 F8 9C 22 ]0x0000209A:	LDR.W	R2, [R0, #0X29C]	;(R0=0x0100094C )
(    libInnoSecure.so[0xCBBCB000])[20 46       ]0x0000209E:	MOV	R0, R4	;(R4=0x01000CF0 )
(    libInnoSecure.so[0xCBBCB000])[90 47       ]0x000020A0:	BLX	R2	;(PC=0xCBBCD0A0 R2=0x010006B9 )
(    libInnoSecure.so[0xCBBCB000])[80 46       ]0x000020A2:	MOV	R8, R0	;(R0=0x00000012 )
(    libInnoSecure.so[0xCBBCB000])[20 68       ]0x000020A4:	LDR	R0, [R4]	;(R4=0x01000CF0 )
(    libInnoSecure.so[0xCBBCB000])[B8 F1 00 0F ]0x000020A6:	CMP.W	R8, #0	;(R8=0x00000012 )
(    libInnoSecure.so[0xCBBCB000])[4C D0       ]0x000020AA:	BEQ	#0XCBBCD146
(    libInnoSecure.so[0xCBBCB000])[32 4B       ]0x000020AC:	LDR	R3, [PC, #0XC8]	;(PC=0xCBBCD0AC )
(    libInnoSecure.so[0xCBBCB000])[33 A2       ]0x000020AE:	ADR	R2, #0XCC
(    libInnoSecure.so[0xCBBCB000])[D0 F8 84 60 ]0x000020B0:	LDR.W	R6, [R0, #0X84]	;(R0=0x0100094C )
(    libInnoSecure.so[0xCBBCB000])[20 46       ]0x000020B4:	MOV	R0, R4	;(R4=0x01000CF0 )
(    libInnoSecure.so[0xCBBCB000])[7B 44       ]0x000020B6:	ADD	R3, PC	;(R3=0x00005DA2 PC=0xCBBCD0B6 )
(    libInnoSecure.so[0xCBBCB000])[29 46       ]0x000020B8:	MOV	R1, R5	;(R5=0x00000011 )
(    libInnoSecure.so[0xCBBCB000])[B0 47       ]0x000020BA:	BLX	R6	;(PC=0xCBBCD0BA R6=0x0100017D )
(    libInnoSecure.so[0xCBBCB000])[02 46       ]0x000020BC:	MOV	R2, R0	;(R0=0xD200000C )
(    libInnoSecure.so[0xCBBCB000])[20 68       ]0x000020BE:	LDR	R0, [R4]	;(R4=0x01000CF0 )
(    libInnoSecure.so[0xCBBCB000])[E2 B3       ]0x000020C0:	CBZ	R2, #0XCBBCD13C	;(R2=0xD200000C )
(    libInnoSecure.so[0xCBBCB000])[D0 F8 88 60 ]0x000020C2:	LDR.W	R6, [R0, #0X88]	;(R0=0x0100094C )
(    libInnoSecure.so[0xCBBCB000])[20 46       ]0x000020C6:	MOV	R0, R4	;(R4=0x01000CF0 )
(    libInnoSecure.so[0xCBBCB000])[49 46       ]0x000020C8:	MOV	R1, SB	;(SB=0x00000010 )
(    libInnoSecure.so[0xCBBCB000])[43 46       ]0x000020CA:	MOV	R3, R8	;(R8=0x00000012 )
(    libInnoSecure.so[0xCBBCB000])[B0 47       ]0x000020CC:	BLX	R6	;(PC=0xCBBCD0CC R6=0x01000187 )
(    libInnoSecure.so[0xCBBCB000])[81 46       ]0x000020CE:	MOV	SB, R0	;(R0=0x00000013 )
(    libInnoSecure.so[0xCBBCB000])[20 68       ]0x000020D0:	LDR	R0, [R4]	;(R4=0x01000CF0 )
(    libInnoSecure.so[0xCBBCB000])[B9 F1 00 0F ]0x000020D2:	CMP.W	SB, #0	;(SB=0x00000013 )
(    libInnoSecure.so[0xCBBCB000])[31 D0       ]0x000020D6:	BEQ	#0XCBBCD13C
(    libInnoSecure.so[0xCBBCB000])[D0 F8 AC 22 ]0x000020D8:	LDR.W	R2, [R0, #0X2AC]	;(R0=0x0100094C )
(    libInnoSecure.so[0xCBBCB000])[20 46       ]0x000020DC:	MOV	R0, R4	;(R4=0x01000CF0 )
(    libInnoSecure.so[0xCBBCB000])[49 46       ]0x000020DE:	MOV	R1, SB	;(SB=0x00000013 )
(    libInnoSecure.so[0xCBBCB000])[90 47       ]0x000020E0:	BLX	R2	;(PC=0xCBBCD0E0 R2=0x010006E1 )
(    libInnoSecure.so[0xCBBCB000])[83 46       ]0x000020E2:	MOV	FP, R0	;(R0=0x0000043E )
(    libInnoSecure.so[0xCBBCB000])[20 68       ]0x000020E4:	LDR	R0, [R4]	;(R4=0x01000CF0 )
(    libInnoSecure.so[0xCBBCB000])[49 46       ]0x000020E6:	MOV	R1, SB	;(SB=0x00000013 )
(    libInnoSecure.so[0xCBBCB000])[00 22       ]0x000020E8:	MOVS	R2, #0
(    libInnoSecure.so[0xCBBCB000])[00 26       ]0x000020EA:	MOVS	R6, #0
(    libInnoSecure.so[0xCBBCB000])[D0 F8 E0 32 ]0x000020EC:	LDR.W	R3, [R0, #0X2E0]	;(R0=0x0100094C )
(    libInnoSecure.so[0xCBBCB000])[20 46       ]0x000020F0:	MOV	R0, R4	;(R4=0x01000CF0 )
(    libInnoSecure.so[0xCBBCB000])[98 47       ]0x000020F2:	BLX	R3	;(PC=0xCBBCD0F2 R3=0x01000763 )
(    libInnoSecure.so[0xCBBCB000])[02 46       ]0x000020F4:	MOV	R2, R0	;(R0=0x30042004 )
(    libInnoSecure.so[0xCBBCB000])[BB F1 01 0F ]0x000020F6:	CMP.W	FP, #1	;(FP=0x0000043E )
(    libInnoSecure.so[0xCBBCB000])[0D DB       ]0x000020FA:	BLT	#0XCBBCD118
(    libInnoSecure.so[0xCBBCB000])[0B F1 01 00 ]0x000020FC:	ADD.W	R0, FP, #1	;(FP=0x0000043E )
(    libInnoSecure.so[0xCBBCB000])[00 92       ]0x00002100:	STR	R2, [SP]	;(R2=0x30042004 SP=0x100FFF60 )
(    libInnoSecure.so[0xCBBCB000])[FF F7 90 EC ]0x00002102:	BLX	#0XCBBCCA24	;(PC=0xCBBCD102 )
(    libInnoSecure.so[0xCBBCB000])[00 C6 8F E2 ]0x00001A24:	ADD	IP, PC, #0, #12	;(PC=0xCBBCCA24 )
(    libInnoSecure.so[0xCBBCB000])[08 CA 8C E2 ]0x00001A28:	ADD	IP, IP, #8, #20	;(IP=0xCBBCCA2C )
(    libInnoSecure.so[0xCBBCB000])[E4 F4 BC E5 ]0x00001A2C:	LDR	PC, [IP, #0X4E4]!	;(IP=0xCBBD4A2C )
(    libInnoSecure.so[0xCBBCB000])[00 99       ]0x00002106:	LDR	R1, [SP]	;(SP=0x100FFF60 )
(    libInnoSecure.so[0xCBBCB000])[5A 46       ]0x00002108:	MOV	R2, FP	;(FP=0x0000043E )
(    libInnoSecure.so[0xCBBCB000])[82 46       ]0x0000210A:	MOV	SL, R0	;(R0=0x30043020 )
(    libInnoSecure.so[0xCBBCB000])[FF F7 9C EC ]0x0000210C:	BLX	#0XCBBCCA48	;(PC=0xCBBCD10C )
(    libInnoSecure.so[0xCBBCB000])[00 C6 8F E2 ]0x00001A48:	ADD	IP, PC, #0, #12	;(PC=0xCBBCCA48 )
(    libInnoSecure.so[0xCBBCB000])[08 CA 8C E2 ]0x00001A4C:	ADD	IP, IP, #8, #20	;(IP=0xCBBCCA50 )
(    libInnoSecure.so[0xCBBCB000])[CC F4 BC E5 ]0x00001A50:	LDR	PC, [IP, #0X4CC]!	;(IP=0xCBBD4A50 )
(    libInnoSecure.so[0xCBBCB000])[00 9A       ]0x00002110:	LDR	R2, [SP]	;(SP=0x100FFF60 )
(    libInnoSecure.so[0xCBBCB000])[0A F8 0B 60 ]0x00002112:	STRB.W	R6, [SL, FP]	;(R6=0x00000000 SL=0x30043020 FP=0x0000043E )
(    libInnoSecure.so[0xCBBCB000])[56 46       ]0x00002116:	MOV	R6, SL	;(SL=0x30043020 )
(    libInnoSecure.so[0xCBBCB000])[20 68       ]0x00002118:	LDR	R0, [R4]	;(R4=0x01000CF0 )
(    libInnoSecure.so[0xCBBCB000])[49 46       ]0x0000211A:	MOV	R1, SB	;(SB=0x00000013 )
(    libInnoSecure.so[0xCBBCB000])[00 23       ]0x0000211C:	MOVS	R3, #0
(    libInnoSecure.so[0xCBBCB000])[D0 F8 00 C3 ]0x0000211E:	LDR.W	IP, [R0, #0X300]	;(R0=0x0100094C )
(    libInnoSecure.so[0xCBBCB000])[20 46       ]0x00002122:	MOV	R0, R4	;(R4=0x01000CF0 )
(    libInnoSecure.so[0xCBBCB000])[E0 47       ]0x00002124:	BLX	IP	;(PC=0xCBBCD124 IP=0x010007B3 )
(    libInnoSecure.so[0xCBBCB000])[20 68       ]0x00002126:	LDR	R0, [R4]	;(R4=0x01000CF0 )
(    libInnoSecure.so[0xCBBCB000])[41 46       ]0x00002128:	MOV	R1, R8	;(R8=0x00000012 )
(    libInnoSecure.so[0xCBBCB000])[C2 6D       ]0x0000212A:	LDR	R2, [R0, #0X5C]	;(R0=0x0100094C )
(    libInnoSecure.so[0xCBBCB000])[20 46       ]0x0000212C:	MOV	R0, R4	;(R4=0x01000CF0 )
(    libInnoSecure.so[0xCBBCB000])[90 47       ]0x0000212E:	BLX	R2	;(PC=0xCBBCD12E R2=0x01000119 )
(    libInnoSecure.so[0xCBBCB000])[20 68       ]0x00002130:	LDR	R0, [R4]	;(R4=0x01000CF0 )
(    libInnoSecure.so[0xCBBCB000])[29 46       ]0x00002132:	MOV	R1, R5	;(R5=0x00000011 )
(    libInnoSecure.so[0xCBBCB000])[C2 6D       ]0x00002134:	LDR	R2, [R0, #0X5C]	;(R0=0x0100094C )
(    libInnoSecure.so[0xCBBCB000])[20 46       ]0x00002136:	MOV	R0, R4	;(R4=0x01000CF0 )
(    libInnoSecure.so[0xCBBCB000])[90 47       ]0x00002138:	BLX	R2	;(PC=0xCBBCD138 R2=0x01000119 )
(    libInnoSecure.so[0xCBBCB000])[09 E0       ]0x0000213A:	B	#0XCBBCD150
(    libInnoSecure.so[0xCBBCB000])[30 46       ]0x00002150:	MOV	R0, R6	;(R6=0x30043020 )
(    libInnoSecure.so[0xCBBCB000])[01 B0       ]0x00002152:	ADD	SP, #4	;(SP=0x100FFF60 )
(    libInnoSecure.so[0xCBBCB000])[BD E8 00 0F ]0x00002154:	POP.W	{R8, SB, SL, FP}	;(SP=0x100FFF64 )
(    libInnoSecure.so[0xCBBCB000])[F0 BD       ]0x00002158:	POP	{R4, R5, R6, R7, PC}	;(SP=0x100FFF74 )
(    libInnoSecure.so[0xCBBCB000])[06 46       ]0x00001F42:	MOV	R6, R0	;(R0=0x30043020 )
(    libInnoSecure.so[0xCBBCB000])[20 68       ]0x00001F44:	LDR	R0, [R4]	;(R4=0x01000CF0 )
(    libInnoSecure.so[0xCBBCB000])[29 46       ]0x00001F46:	MOV	R1, R5	;(R5=0x00000010 )
(    libInnoSecure.so[0xCBBCB000])[C2 6D       ]0x00001F48:	LDR	R2, [R0, #0X5C]	;(R0=0x0100094C )
(    libInnoSecure.so[0xCBBCB000])[20 46       ]0x00001F4A:	MOV	R0, R4	;(R4=0x01000CF0 )
(    libInnoSecure.so[0xCBBCB000])[90 47       ]0x00001F4C:	BLX	R2	;(PC=0xCBBCCF4C R2=0x01000119 )
(    libInnoSecure.so[0xCBBCB000])[B6 B3       ]0x00001F4E:	CBZ	R6, #0XCBBCCFBE	;(R6=0x30043020 )
(    libInnoSecure.so[0xCBBCB000])[30 46       ]0x00001F50:	MOV	R0, R6	;(R6=0x30043020 )
(    libInnoSecure.so[0xCBBCB000])[FF F7 44 ED ]0x00001F52:	BLX	#0XCBBCC9DC	;(PC=0xCBBCCF52 )
(    libInnoSecure.so[0xCBBCB000])[00 C6 8F E2 ]0x000019DC:	ADD	IP, PC, #0, #12	;(PC=0xCBBCC9DC )
(    libInnoSecure.so[0xCBBCB000])[08 CA 8C E2 ]0x000019E0:	ADD	IP, IP, #8, #20	;(IP=0xCBBCC9E4 )
(    libInnoSecure.so[0xCBBCB000])[14 F5 BC E5 ]0x000019E4:	LDR	PC, [IP, #0X514]!	;(IP=0xCBBD49E4 )
(    libInnoSecure.so[0xCBBCB000])[F0 B5       ]0x00003E74:	PUSH	{R4, R5, R6, R7, LR} ; getMd5	;(SP=0x100FFF88 R4=0x01000CF0 R5=0x00000010 R6=0x30043020 R7=0x100FFFA8 LR=0xCBBCCF57 )
(    libInnoSecure.so[0xCBBCB000])[03 AF       ]0x00003E76:	ADD	R7, SP, #0XC	;(SP=0x100FFF74 )
(    libInnoSecure.so[0xCBBCB000])[2D E9 00 0F ]0x00003E78:	PUSH.W	{R8, SB, SL, FP}	;(SP=0x100FFF74 R8=0xD2000044 SB=0x00000009 SL=0xD20000B8 FP=0x00000007 )
(    libInnoSecure.so[0xCBBCB000])[AF B0       ]0x00003E7C:	SUB	SP, #0XBC	;(SP=0x100FFF64 )
(    libInnoSecure.so[0xCBBCB000])[05 46       ]0x00003E7E:	MOV	R5, R0	;(R0=0x30043020 )
(    libInnoSecure.so[0xCBBCB000])[4B 48       ]0x00003E80:	LDR	R0, [PC, #0X12C]	;(PC=0xCBBCEE80 )
(    libInnoSecure.so[0xCBBCB000])[00 2D       ]0x00003E82:	CMP	R5, #0	;(R5=0x30043020 )
(    libInnoSecure.so[0xCBBCB000])[78 44       ]0x00003E84:	ADD	R0, PC	;(R0=0x00006018 PC=0xCBBCEE84 )
(    libInnoSecure.so[0xCBBCB000])[00 68       ]0x00003E86:	LDR	R0, [R0]	;(R0=0xCBBD4EA0 )
(    libInnoSecure.so[0xCBBCB000])[00 68       ]0x00003E88:	LDR	R0, [R0]	;(R0=0xCBC29384 )
(    libInnoSecure.so[0xCBBCB000])[2E 90       ]0x00003E8A:	STR	R0, [SP, #0XB8]	;(R0=0x00000000 SP=0x100FFEA8 )
(    libInnoSecure.so[0xCBBCB000])[00 F0 81 80 ]0x00003E8C:	BEQ.W	#0XCBBCEF92
(    libInnoSecure.so[0xCBBCB000])[28 78       ]0x00003E90:	LDRB	R0, [R5]	;(R5=0x30043020 )
(    libInnoSecure.so[0xCBBCB000])[00 24       ]0x00003E92:	MOVS	R4, #0
(    libInnoSecure.so[0xCBBCB000])[00 28       ]0x00003E94:	CMP	R0, #0	;(R0=0x00000033 )
(    libInnoSecure.so[0xCBBCB000])[7D D0       ]0x00003E96:	BEQ	#0XCBBCEF94
(    libInnoSecure.so[0xCBBCB000])[42 F2 01 30 ]0x00003E98:	MOVW	R0, #0X2301
(    libInnoSecure.so[0xCBBCB000])[CD E9 12 44 ]0x00003E9C:	STRD	R4, R4, [SP, #0X48]	;(R4=0x00000000 SP=0x100FFEA8 )
(    libInnoSecure.so[0xCBBCB000])[C6 F2 45 70 ]0x00003EA0:	MOVT	R0, #0X6745	;(R0=0x00002301 )
(    libInnoSecure.so[0xCBBCB000])[14 90       ]0x00003EA4:	STR	R0, [SP, #0X50]	;(R0=0x67452301 SP=0x100FFEA8 )
(    libInnoSecure.so[0xCBBCB000])[4D F6 FE 40 ]0x00003EA6:	MOVW	R0, #0XDCFE
(    libInnoSecure.so[0xCBBCB000])[C9 F6 BA 00 ]0x00003EAA:	MOVT	R0, #0X98BA	;(R0=0x0000DCFE )
(    libInnoSecure.so[0xCBBCB000])[16 90       ]0x00003EAE:	STR	R0, [SP, #0X58]	;(R0=0x98BADCFE SP=0x100FFEA8 )
(    libInnoSecure.so[0xCBBCB000])[4A F6 89 30 ]0x00003EB0:	MOVW	R0, #0XAB89
(    libInnoSecure.so[0xCBBCB000])[CE F6 CD 70 ]0x00003EB4:	MOVT	R0, #0XEFCD	;(R0=0x0000AB89 )
(    libInnoSecure.so[0xCBBCB000])[15 90       ]0x00003EB8:	STR	R0, [SP, #0X54]	;(R0=0xEFCDAB89 SP=0x100FFEA8 )
(    libInnoSecure.so[0xCBBCB000])[45 F2 76 40 ]0x00003EBA:	MOVW	R0, #0X5476
(    libInnoSecure.so[0xCBBCB000])[C1 F2 32 00 ]0x00003EBE:	MOVT	R0, #0X1032	;(R0=0x00005476 )
(    libInnoSecure.so[0xCBBCB000])[17 90       ]0x00003EC2:	STR	R0, [SP, #0X5C]	;(R0=0x10325476 SP=0x100FFEA8 )
(    libInnoSecure.so[0xCBBCB000])[28 46       ]0x00003EC4:	MOV	R0, R5	;(R5=0x30043020 )
(    libInnoSecure.so[0xCBBCB000])[FD F7 A2 ED ]0x00003EC6:	BLX	#0XCBBCCA0C	;(PC=0xCBBCEEC6 )
(    libInnoSecure.so[0xCBBCB000])[00 C6 8F E2 ]0x00001A0C:	ADD	IP, PC, #0, #12	;(PC=0xCBBCCA0C )
(    libInnoSecure.so[0xCBBCB000])[08 CA 8C E2 ]0x00001A10:	ADD	IP, IP, #8, #20	;(IP=0xCBBCCA14 )
(    libInnoSecure.so[0xCBBCB000])[F4 F4 BC E5 ]0x00001A14:	LDR	PC, [IP, #0X4F4]!	;(IP=0xCBBD4A14 )
(    libInnoSecure.so[0xCBBCB000])[12 AC       ]0x00003ECA:	ADD	R4, SP, #0X48	;(SP=0x100FFEA8 )
(    libInnoSecure.so[0xCBBCB000])[02 46       ]0x00003ECC:	MOV	R2, R0	;(R0=0x0000043E )
(    libInnoSecure.so[0xCBBCB000])[29 46       ]0x00003ECE:	MOV	R1, R5	;(R5=0x30043020 )
(    libInnoSecure.so[0xCBBCB000])[20 46       ]0x00003ED0:	MOV	R0, R4	;(R4=0x100FFEF0 )
(    libInnoSecure.so[0xCBBCB000])[00 F0 75 F8 ]0x00003ED2:	BL	#0XCBBCEFC0	;(PC=0xCBBCEED2 )
(    libInnoSecure.so[0xCBBCB000])[F0 B5       ]0x00003FC0:	PUSH	{R4, R5, R6, R7, LR}	;(SP=0x100FFEA8 R4=0x100FFEF0 R5=0x30043020 R6=0x30043020 R7=0x100FFF80 LR=0xCBBCEED7 )
(    libInnoSecure.so[0xCBBCB000])[03 AF       ]0x00003FC2:	ADD	R7, SP, #0XC	;(SP=0x100FFE94 )
(    libInnoSecure.so[0xCBBCB000])[2D E9 00 07 ]0x00003FC4:	PUSH.W	{R8, SB, SL}	;(SP=0x100FFE94 R8=0xD2000044 SB=0x00000009 SL=0xD20000B8 )
(    libInnoSecure.so[0xCBBCB000])[80 46       ]0x00003FC8:	MOV	R8, R0	;(R0=0x100FFEF0 )
(    libInnoSecure.so[0xCBBCB000])[89 46       ]0x00003FCA:	MOV	SB, R1	;(R1=0x30043020 )
(    libInnoSecure.so[0xCBBCB000])[D8 E9 00 01 ]0x00003FCC:	LDRD	R0, R1, [R8]	;(R8=0x100FFEF0 )
(    libInnoSecure.so[0xCBBCB000])[14 46       ]0x00003FD0:	MOV	R4, R2	;(R2=0x0000043E )
(    libInnoSecure.so[0xCBBCB000])[01 23       ]0x00003FD2:	MOVS	R3, #1
(    libInnoSecure.so[0xCBBCB000])[00 EB C4 02 ]0x00003FD4:	ADD.W	R2, R0, R4, LSL #3	;(R0=0x00000000 R4=0x0000043E )
(    libInnoSecure.so[0xCBBCB000])[C8 F8 00 20 ]0x00003FD8:	STR.W	R2, [R8]	;(R2=0x000021F0 R8=0x100FFEF0 )
(    libInnoSecure.so[0xCBBCB000])[82 42       ]0x00003FDC:	CMP	R2, R0	;(R2=0x000021F0 R0=0x00000000 )
(    libInnoSecure.so[0xCBBCB000])[28 BF       ]0x00003FDE:	IT	HS
(    libInnoSecure.so[0xCBBCB000])[00 23       ]0x00003FE0:	MOVS	R3, #0
(    libInnoSecure.so[0xCBBCB000])[C0 F3 C5 00 ]0x00003FE2:	UBFX	R0, R0, #3, #6	;(R0=0x00000000 )
(    libInnoSecure.so[0xCBBCB000])[00 2B       ]0x00003FE6:	CMP	R3, #0	;(R3=0x00000000 )
(    libInnoSecure.so[0xCBBCB000])[C0 F1 40 05 ]0x00003FE8:	RSB.W	R5, R0, #0X40	;(R0=0x00000000 )
(    libInnoSecure.so[0xCBBCB000])[02 D0       ]0x00003FEC:	BEQ	#0XCBBCEFF4
(    libInnoSecure.so[0xCBBCB000])[A5 42       ]0x00003FF4:	CMP	R5, R4	;(R5=0x00000040 R4=0x0000043E )
(    libInnoSecure.so[0xCBBCB000])[01 EB 54 71 ]0x00003FF6:	ADD.W	R1, R1, R4, LSR #29	;(R1=0x00000000 R4=0x0000043E )
(    libInnoSecure.so[0xCBBCB000])[C8 F8 04 10 ]0x00003FFA:	STR.W	R1, [R8, #4]	;(R1=0x00000000 R8=0x100FFEF0 )
(    libInnoSecure.so[0xCBBCB000])[01 D9       ]0x00003FFE:	BLS	#0XCBBCF004
(    libInnoSecure.so[0xCBBCB000])[08 F1 18 0A ]0x00004004:	ADD.W	SL, R8, #0X18	;(R8=0x100FFEF0 )
(    libInnoSecure.so[0xCBBCB000])[49 46       ]0x00004008:	MOV	R1, SB	;(SB=0x30043020 )
(    libInnoSecure.so[0xCBBCB000])[50 44       ]0x0000400A:	ADD	R0, SL	;(R0=0x00000000 SL=0x100FFF08 )
(    libInnoSecure.so[0xCBBCB000])[2A 46       ]0x0000400C:	MOV	R2, R5	;(R5=0x00000040 )
(    libInnoSecure.so[0xCBBCB000])[FD F7 1C ED ]0x0000400E:	BLX	#0XCBBCCA48	;(PC=0xCBBCF00E )
(    libInnoSecure.so[0xCBBCB000])[00 C6 8F E2 ]0x00001A48:	ADD	IP, PC, #0, #12	;(PC=0xCBBCCA48 )
(    libInnoSecure.so[0xCBBCB000])[08 CA 8C E2 ]0x00001A4C:	ADD	IP, IP, #8, #20	;(IP=0xCBBCCA50 )
(    libInnoSecure.so[0xCBBCB000])[CC F4 BC E5 ]0x00001A50:	LDR	PC, [IP, #0X4CC]!	;(IP=0xCBBD4A50 )
(    libInnoSecure.so[0xCBBCB000])[08 F1 08 06 ]0x00004012:	ADD.W	R6, R8, #8	;(R8=0x100FFEF0 )
(    libInnoSecure.so[0xCBBCB000])[51 46       ]0x00004016:	MOV	R1, SL	;(SL=0x100FFF08 )
(    libInnoSecure.so[0xCBBCB000])[30 46       ]0x00004018:	MOV	R0, R6	;(R6=0x100FFEF8 )
(    libInnoSecure.so[0xCBBCB000])[00 F0 19 F8 ]0x0000401A:	BL	#0XCBBCF050	;(PC=0xCBBCF01A )
(    libInnoSecure.so[0xCBBCB000])[F0 B5       ]0x00004050:	PUSH	{R4, R5, R6, R7, LR}	;(SP=0x100FFE88 R4=0x0000043E R5=0x00000040 R6=0x100FFEF8 R7=0x100FFEA0 LR=0xCBBCF01F )
(    libInnoSecure.so[0xCBBCB000])[03 AF       ]0x00004052:	ADD	R7, SP, #0XC	;(SP=0x100FFE74 )
(    libInnoSecure.so[0xCBBCB000])[2D E9 00 0F ]0x00004054:	PUSH.W	{R8, SB, SL, FP}	;(SP=0x100FFE74 R8=0x100FFEF0 SB=0x30043020 SL=0x100FFF08 FP=0x00000007 )
(    libInnoSecure.so[0xCBBCB000])[D3 B0       ]0x00004058:	SUB	SP, #0X14C	;(SP=0x100FFE64 )
(    libInnoSecure.so[0xCBBCB000])[DF F8 98 27 ]0x0000405A:	LDR.W	R2, [PC, #0X798]	;(PC=0xCBBCF05A )
(    libInnoSecure.so[0xCBBCB000])[12 AC       ]0x0000405E:	ADD	R4, SP, #0X48	;(SP=0x100FFD18 )
(    libInnoSecure.so[0xCBBCB000])[00 25       ]0x00004060:	MOVS	R5, #0
(    libInnoSecure.so[0xCBBCB000])[7A 44       ]0x00004062:	ADD	R2, PC	;(R2=0x00005E3A PC=0xCBBCF062 )
(    libInnoSecure.so[0xCBBCB000])[12 68       ]0x00004064:	LDR	R2, [R2]	;(R2=0xCBBD4EA0 )
(    libInnoSecure.so[0xCBBCB000])[12 68       ]0x00004066:	LDR	R2, [R2]	;(R2=0xCBC29384 )
(    libInnoSecure.so[0xCBBCB000])[52 92       ]0x00004068:	STR	R2, [SP, #0X148]	;(R2=0x00000000 SP=0x100FFD18 )
(    libInnoSecure.so[0xCBBCB000])[D0 E9 00 C2 ]0x0000406A:	LDRD	IP, R2, [R0]	;(R0=0x100FFEF8 )
(    libInnoSecure.so[0xCBBCB000])[D0 F8 08 E0 ]0x0000406E:	LDR.W	LR, [R0, #8]	;(R0=0x100FFEF8 )
(    libInnoSecure.so[0xCBBCB000])[07 90       ]0x00004072:	STR	R0, [SP, #0X1C]	;(R0=0x100FFEF8 SP=0x100FFD18 )
(    libInnoSecure.so[0xCBBCB000])[C0 68       ]0x00004074:	LDR	R0, [R0, #0XC]	;(R0=0x100FFEF8 )
(    libInnoSecure.so[0xCBBCB000])[4E 59       ]0x00004076:	LDR	R6, [R1, R5]	;(R1=0x100FFF08 R5=0x00000000 )
(    libInnoSecure.so[0xCBBCB000])[66 51       ]0x00004078:	STR	R6, [R4, R5]	;(R6=0x32383033 R4=0x100FFD60 R5=0x00000000 )
(    libInnoSecure.so[0xCBBCB000])[04 35       ]0x0000407A:	ADDS	R5, #4	;(R5=0x00000000 )
(    libInnoSecure.so[0xCBBCB000])[40 2D       ]0x0000407C:	CMP	R5, #0X40	;(R5=0x00000004 )
(    libInnoSecure.so[0xCBBCB000])[FA D1       ]0x0000407E:	BNE	#0XCBBCF076
(    libInnoSecure.so[0xCBBCB000])[4E 59       ]0x00004076:	LDR	R6, [R1, R5]	;(R1=0x100FFF08 R5=0x00000004 )
(    libInnoSecure.so[0xCBBCB000])[66 51       ]0x00004078:	STR	R6, [R4, R5]	;(R6=0x62313230 R4=0x100FFD60 R5=0x00000004 )
(    libInnoSecure.so[0xCBBCB000])[04 35       ]0x0000407A:	ADDS	R5, #4	;(R5=0x00000004 )
(    libInnoSecure.so[0xCBBCB000])[40 2D       ]0x0000407C:	CMP	R5, #0X40	;(R5=0x00000008 )
(    libInnoSecure.so[0xCBBCB000])[FA D1       ]0x0000407E:	BNE	#0XCBBCF076
(    libInnoSecure.so[0xCBBCB000])[4E 59       ]0x00004076:	LDR	R6, [R1, R5]	;(R1=0x100FFF08 R5=0x00000008 )
(    libInnoSecure.so[0xCBBCB000])[66 51       ]0x00004078:	STR	R6, [R4, R5]	;(R6=0x32383033 R4=0x100FFD60 R5=0x00000008 )
(    libInnoSecure.so[0xCBBCB000])[04 35       ]0x0000407A:	ADDS	R5, #4	;(R5=0x00000008 )
(    libInnoSecure.so[0xCBBCB000])[40 2D       ]0x0000407C:	CMP	R5, #0X40	;(R5=0x0000000C )
(    libInnoSecure.so[0xCBBCB000])[FA D1       ]0x0000407E:	BNE	#0XCBBCF076
(    libInnoSecure.so[0xCBBCB000])[4E 59       ]0x00004076:	LDR	R6, [R1, R5]	;(R1=0x100FFF08 R5=0x0000000C )
(    libInnoSecure.so[0xCBBCB000])[66 51       ]0x00004078:	STR	R6, [R4, R5]	;(R6=0x34383130 R4=0x100FFD60 R5=0x0000000C )
(    libInnoSecure.so[0xCBBCB000])[04 35       ]0x0000407A:	ADDS	R5, #4	;(R5=0x0000000C )
(    libInnoSecure.so[0xCBBCB000])[40 2D       ]0x0000407C:	CMP	R5, #0X40	;(R5=0x00000010 )
(    libInnoSecure.so[0xCBBCB000])[FA D1       ]0x0000407E:	BNE	#0XCBBCF076
(    libInnoSecure.so[0xCBBCB000])[4E 59       ]0x00004076:	LDR	R6, [R1, R5]	;(R1=0x100FFF08 R5=0x00000010 )
(    libInnoSecure.so[0xCBBCB000])[66 51       ]0x00004078:	STR	R6, [R4, R5]	;(R6=0x33303061 R4=0x100FFD60 R5=0x00000010 )
(    libInnoSecure.so[0xCBBCB000])[04 35       ]0x0000407A:	ADDS	R5, #4	;(R5=0x00000010 )
(    libInnoSecure.so[0xCBBCB000])[40 2D       ]0x0000407C:	CMP	R5, #0X40	;(R5=0x00000014 )
(    libInnoSecure.so[0xCBBCB000])[FA D1       ]0x0000407E:	BNE	#0XCBBCF076
(    libInnoSecure.so[0xCBBCB000])[4E 59       ]0x00004076:	LDR	R6, [R1, R5]	;(R1=0x100FFF08 R5=0x00000014 )
(    libInnoSecure.so[0xCBBCB000])[66 51       ]0x00004078:	STR	R6, [R4, R5]	;(R6=0x31303230 R4=0x100FFD60 R5=0x00000014 )
(    libInnoSecure.so[0xCBBCB000])[04 35       ]0x0000407A:	ADDS	R5, #4	;(R5=0x00000014 )
(    libInnoSecure.so[0xCBBCB000])[40 2D       ]0x0000407C:	CMP	R5, #0X40	;(R5=0x00000018 )
(    libInnoSecure.so[0xCBBCB000])[FA D1       ]0x0000407E:	BNE	#0XCBBCF076
(    libInnoSecure.so[0xCBBCB000])[4E 59       ]0x00004076:	LDR	R6, [R1, R5]	;(R1=0x100FFF08 R5=0x00000018 )
(    libInnoSecure.so[0xCBBCB000])[66 51       ]0x00004078:	STR	R6, [R4, R5]	;(R6=0x32303230 R4=0x100FFD60 R5=0x00000018 )
(    libInnoSecure.so[0xCBBCB000])[04 35       ]0x0000407A:	ADDS	R5, #4	;(R5=0x00000018 )
(    libInnoSecure.so[0xCBBCB000])[40 2D       ]0x0000407C:	CMP	R5, #0X40	;(R5=0x0000001C )
(    libInnoSecure.so[0xCBBCB000])[FA D1       ]0x0000407E:	BNE	#0XCBBCF076
(    libInnoSecure.so[0xCBBCB000])[4E 59       ]0x00004076:	LDR	R6, [R1, R5]	;(R1=0x100FFF08 R5=0x0000001C )
(    libInnoSecure.so[0xCBBCB000])[66 51       ]0x00004078:	STR	R6, [R4, R5]	;(R6=0x37353430 R4=0x100FFD60 R5=0x0000001C )
(    libInnoSecure.so[0xCBBCB000])[04 35       ]0x0000407A:	ADDS	R5, #4	;(R5=0x0000001C )
(    libInnoSecure.so[0xCBBCB000])[40 2D       ]0x0000407C:	CMP	R5, #0X40	;(R5=0x00000020 )
(    libInnoSecure.so[0xCBBCB000])[FA D1       ]0x0000407E:	BNE	#0XCBBCF076
(    libInnoSecure.so[0xCBBCB000])[4E 59       ]0x00004076:	LDR	R6, [R1, R5]	;(R1=0x100FFF08 R5=0x00000020 )
(    libInnoSecure.so[0xCBBCB000])[66 51       ]0x00004078:	STR	R6, [R4, R5]	;(R6=0x61656234 R4=0x100FFD60 R5=0x00000020 )
(    libInnoSecure.so[0xCBBCB000])[04 35       ]0x0000407A:	ADDS	R5, #4	;(R5=0x00000020 )
(    libInnoSecure.so[0xCBBCB000])[40 2D       ]0x0000407C:	CMP	R5, #0X40	;(R5=0x00000024 )
(    libInnoSecure.so[0xCBBCB000])[FA D1       ]0x0000407E:	BNE	#0XCBBCF076
(    libInnoSecure.so[0xCBBCB000])[4E 59       ]0x00004076:	LDR	R6, [R1, R5]	;(R1=0x100FFF08 R5=0x00000024 )
(    libInnoSecure.so[0xCBBCB000])[66 51       ]0x00004078:	STR	R6, [R4, R5]	;(R6=0x30333662 R4=0x100FFD60 R5=0x00000024 )
(    libInnoSecure.so[0xCBBCB000])[04 35       ]0x0000407A:	ADDS	R5, #4	;(R5=0x00000024 )
(    libInnoSecure.so[0xCBBCB000])[40 2D       ]0x0000407C:	CMP	R5, #0X40	;(R5=0x00000028 )
(    libInnoSecure.so[0xCBBCB000])[FA D1       ]0x0000407E:	BNE	#0XCBBCF076
(    libInnoSecure.so[0xCBBCB000])[4E 59       ]0x00004076:	LDR	R6, [R1, R5]	;(R1=0x100FFF08 R5=0x00000028 )
(    libInnoSecure.so[0xCBBCB000])[66 51       ]0x00004078:	STR	R6, [R4, R5]	;(R6=0x36306430 R4=0x100FFD60 R5=0x00000028 )
(    libInnoSecure.so[0xCBBCB000])[04 35       ]0x0000407A:	ADDS	R5, #4	;(R5=0x00000028 )
(    libInnoSecure.so[0xCBBCB000])[40 2D       ]0x0000407C:	CMP	R5, #0X40	;(R5=0x0000002C )
(    libInnoSecure.so[0xCBBCB000])[FA D1       ]0x0000407E:	BNE	#0XCBBCF076
(    libInnoSecure.so[0xCBBCB000])[4E 59       ]0x00004076:	LDR	R6, [R1, R5]	;(R1=0x100FFF08 R5=0x0000002C )
(    libInnoSecure.so[0xCBBCB000])[66 51       ]0x00004078:	STR	R6, [R4, R5]	;(R6=0x61323930 R4=0x100FFD60 R5=0x0000002C )
(    libInnoSecure.so[0xCBBCB000])[04 35       ]0x0000407A:	ADDS	R5, #4	;(R5=0x0000002C )
(    libInnoSecure.so[0xCBBCB000])[40 2D       ]0x0000407C:	CMP	R5, #0X40	;(R5=0x00000030 )
(    libInnoSecure.so[0xCBBCB000])[FA D1       ]0x0000407E:	BNE	#0XCBBCF076
(    libInnoSecure.so[0xCBBCB000])[4E 59       ]0x00004076:	LDR	R6, [R1, R5]	;(R1=0x100FFF08 R5=0x00000030 )
(    libInnoSecure.so[0xCBBCB000])[66 51       ]0x00004078:	STR	R6, [R4, R5]	;(R6=0x38343638 R4=0x100FFD60 R5=0x00000030 )
(    libInnoSecure.so[0xCBBCB000])[04 35       ]0x0000407A:	ADDS	R5, #4	;(R5=0x00000030 )
(    libInnoSecure.so[0xCBBCB000])[40 2D       ]0x0000407C:	CMP	R5, #0X40	;(R5=0x00000034 )
(    libInnoSecure.so[0xCBBCB000])[FA D1       ]0x0000407E:	BNE	#0XCBBCF076
(    libInnoSecure.so[0xCBBCB000])[4E 59       ]0x00004076:	LDR	R6, [R1, R5]	;(R1=0x100FFF08 R5=0x00000034 )
(    libInnoSecure.so[0xCBBCB000])[66 51       ]0x00004078:	STR	R6, [R4, R5]	;(R6=0x37663638 R4=0x100FFD60 R5=0x00000034 )
(    libInnoSecure.so[0xCBBCB000])[04 35       ]0x0000407A:	ADDS	R5, #4	;(R5=0x00000034 )
(    libInnoSecure.so[0xCBBCB000])[40 2D       ]0x0000407C:	CMP	R5, #0X40	;(R5=0x00000038 )
(    libInnoSecure.so[0xCBBCB000])[FA D1       ]0x0000407E:	BNE	#0XCBBCF076
(    libInnoSecure.so[0xCBBCB000])[4E 59       ]0x00004076:	LDR	R6, [R1, R5]	;(R1=0x100FFF08 R5=0x00000038 )
(    libInnoSecure.so[0xCBBCB000])[66 51       ]0x00004078:	STR	R6, [R4, R5]	;(R6=0x31306430 R4=0x100FFD60 R5=0x00000038 )
(    libInnoSecure.so[0xCBBCB000])[04 35       ]0x0000407A:	ADDS	R5, #4	;(R5=0x00000038 )
(    libInnoSecure.so[0xCBBCB000])[40 2D       ]0x0000407C:	CMP	R5, #0X40	;(R5=0x0000003C )
(    libInnoSecure.so[0xCBBCB000])[FA D1       ]0x0000407E:	BNE	#0XCBBCF076
(    libInnoSecure.so[0xCBBCB000])[4E 59       ]0x00004076:	LDR	R6, [R1, R5]	;(R1=0x100FFF08 R5=0x0000003C )
(    libInnoSecure.so[0xCBBCB000])[66 51       ]0x00004078:	STR	R6, [R4, R5]	;(R6=0x35303130 R4=0x100FFD60 R5=0x0000003C )
(    libInnoSecure.so[0xCBBCB000])[04 35       ]0x0000407A:	ADDS	R5, #4	;(R5=0x0000003C )
(    libInnoSecure.so[0xCBBCB000])[40 2D       ]0x0000407C:	CMP	R5, #0X40	;(R5=0x00000040 )
(    libInnoSecure.so[0xCBBCB000])[FA D1       ]0x0000407E:	BNE	#0XCBBCF076
(    libInnoSecure.so[0xCBBCB000])[0E EA 02 01 ]0x00004080:	AND.W	R1, LR, R2	;(LR=0x98BADCFE R2=0xEFCDAB89 )
(    libInnoSecure.so[0xCBBCB000])[20 EA 02 06 ]0x00004084:	BIC.W	R6, R0, R2	;(R0=0x10325476 R2=0xEFCDAB89 )
(    libInnoSecure.so[0xCBBCB000])[31 43       ]0x00004088:	ORRS	R1, R6	;(R1=0x88888888 R6=0x10325476 )
(    libInnoSecure.so[0xCBBCB000])[12 9D       ]0x0000408A:	LDR	R5, [SP, #0X48]	;(SP=0x100FFD18 )
(    libInnoSecure.so[0xCBBCB000])[61 44       ]0x0000408C:	ADD	R1, IP	;(R1=0x98BADCFE IP=0x67452301 )
(    libInnoSecure.so[0xCBBCB000])[4A F2 78 46 ]0x0000408E:	MOVW	R6, #0XA478
(    libInnoSecure.so[0xCBBCB000])[29 44       ]0x00004092:	ADD	R1, R5	;(R1=0xFFFFFFFF R5=0x32383033 )
(    libInnoSecure.so[0xCBBCB000])[CD F2 6A 76 ]0x00004094:	MOVT	R6, #0XD76A	;(R6=0x0000A478 )
(    libInnoSecure.so[0xCBBCB000])[31 44       ]0x00004098:	ADD	R1, R6	;(R1=0x32383032 R6=0xD76AA478 )
(    libInnoSecure.so[0xCBBCB000])[13 9B       ]0x0000409A:	LDR	R3, [SP, #0X4C]	;(SP=0x100FFD18 )
(    libInnoSecure.so[0xCBBCB000])[0E 95       ]0x0000409C:	STR	R5, [SP, #0X38]	;(R5=0x32383033 SP=0x100FFD18 )
(    libInnoSecure.so[0xCBBCB000])[02 EB 71 66 ]0x0000409E:	ADD.W	R6, R2, R1, ROR #25	;(R2=0xEFCDAB89 R1=0x09A2D4AA )
(    libInnoSecure.so[0xCBBCB000])[18 44       ]0x000040A2:	ADD	R0, R3	;(R0=0x10325476 R3=0x62313230 )
(    libInnoSecure.so[0xCBBCB000])[2E EA 06 01 ]0x000040A4:	BIC.W	R1, LR, R6	;(LR=0x98BADCFE R6=0xC138008D )
(    libInnoSecure.so[0xCBBCB000])[06 EA 02 05 ]0x000040A8:	AND.W	R5, R6, R2	;(R6=0xC138008D R2=0xEFCDAB89 )
(    libInnoSecure.so[0xCBBCB000])[29 43       ]0x000040AC:	ORRS	R1, R5	;(R1=0x1882DC72 R5=0xC1080089 )
(    libInnoSecure.so[0xCBBCB000])[14 9C       ]0x000040AE:	LDR	R4, [SP, #0X50]	;(SP=0x100FFD18 )
(    libInnoSecure.so[0xCBBCB000])[08 44       ]0x000040B0:	ADD	R0, R1	;(R0=0x726386A6 R1=0xD98ADCFB )
(    libInnoSecure.so[0xCBBCB000])[4B F2 56 71 ]0x000040B2:	MOVW	R1, #0XB756
(    libInnoSecure.so[0xCBBCB000])[CE F6 C7 01 ]0x000040B6:	MOVT	R1, #0XE8C7	;(R1=0x0000B756 )
(    libInnoSecure.so[0xCBBCB000])[08 44       ]0x000040BA:	ADD	R0, R1	;(R0=0x4BEE63A1 R1=0xE8C7B756 )
(    libInnoSecure.so[0xCBBCB000])[DD F8 54 C0 ]0x000040BC:	LDR.W	IP, [SP, #0X54]	;(SP=0x100FFD18 )
(    libInnoSecure.so[0xCBBCB000])[06 EB 30 55 ]0x000040C0:	ADD.W	R5, R6, R0, ROR #20	;(R6=0xC138008D R0=0x34B61AF7 )
(    libInnoSecure.so[0xCBBCB000])[11 93       ]0x000040C4:	STR	R3, [SP, #0X44]	;(R3=0x62313230 SP=0x100FFD18 )
(    libInnoSecure.so[0xCBBCB000])[22 EA 05 00 ]0x000040C6:	BIC.W	R0, R2, R5	;(R2=0xEFCDAB89 R5=0x22E773D8 )
(    libInnoSecure.so[0xCBBCB000])[05 EA 06 01 ]0x000040CA:	AND.W	R1, R5, R6	;(R5=0x22E773D8 R6=0xC138008D )
(    libInnoSecure.so[0xCBBCB000])[08 43       ]0x000040CE:	ORRS	R0, R1	;(R0=0xCD088801 R1=0x00200088 )
(    libInnoSecure.so[0xCBBCB000])[0E EB 04 01 ]0x000040D0:	ADD.W	R1, LR, R4	;(LR=0x98BADCFE R4=0x32383033 )
(    libInnoSecure.so[0xCBBCB000])[08 44       ]0x000040D4:	ADD	R0, R1	;(R0=0xCD288889 R1=0xCAF30D31 )
(    libInnoSecure.so[0xCBBCB000])[47 F2 DB 01 ]0x000040D6:	MOVW	R1, #0X70DB
(    libInnoSecure.so[0xCBBCB000])[C2 F2 20 41 ]0x000040DA:	MOVT	R1, #0X2420	;(R1=0x000070DB )
(    libInnoSecure.so[0xCBBCB000])[08 44       ]0x000040DE:	ADD	R0, R1	;(R0=0x981B95BA R1=0x242070DB )
(    libInnoSecure.so[0xCBBCB000])[62 44       ]0x000040E0:	ADD	R2, IP	;(R2=0xEFCDAB89 IP=0x34383130 )
(    libInnoSecure.so[0xCBBCB000])[CD F8 3C C0 ]0x000040E2:	STR.W	IP, [SP, #0X3C]	;(IP=0x34383130 SP=0x100FFD18 )
(    libInnoSecure.so[0xCBBCB000])[05 EB F0 30 ]0x000040E6:	ADD.W	R0, R5, R0, ROR #15	;(R5=0x22E773D8 R0=0xBC3C0695 )
(    libInnoSecure.so[0xCBBCB000])[DD F8 60 C0 ]0x000040EA:	LDR.W	IP, [SP, #0X60]	;(SP=0x100FFD18 )
(    libInnoSecure.so[0xCBBCB000])[26 EA 00 01 ]0x000040EE:	BIC.W	R1, R6, R0	;(R6=0xC138008D R0=0x3012EC50 )
(    libInnoSecure.so[0xCBBCB000])[00 EA 05 03 ]0x000040F2:	AND.W	R3, R0, R5	;(R0=0x3012EC50 R5=0x22E773D8 )
(    libInnoSecure.so[0xCBBCB000])[19 43       ]0x000040F6:	ORRS	R1, R3	;(R1=0xC128008D R3=0x20026050 )
(    libInnoSecure.so[0xCBBCB000])[0C 94       ]0x000040F8:	STR	R4, [SP, #0X30]	;(R4=0x32383033 SP=0x100FFD18 )
(    libInnoSecure.so[0xCBBCB000])[11 44       ]0x000040FA:	ADD	R1, R2	;(R1=0xE12A60DD R2=0x2405DCB9 )
(    libInnoSecure.so[0xCBBCB000])[4C F6 EE 62 ]0x000040FC:	MOVW	R2, #0XCEEE
(    libInnoSecure.so[0xCBBCB000])[CC F2 BD 12 ]0x00004100:	MOVT	R2, #0XC1BD	;(R2=0x0000CEEE )
(    libInnoSecure.so[0xCBBCB000])[11 44       ]0x00004104:	ADD	R1, R2	;(R1=0x05303D96 R2=0xC1BDCEEE )
(    libInnoSecure.so[0xCBBCB000])[DD F8 74 90 ]0x00004106:	LDR.W	SB, [SP, #0X74]	;(SP=0x100FFD18 )
(    libInnoSecure.so[0xCBBCB000])[00 EB B1 21 ]0x0000410A:	ADD.W	R1, R0, R1, ROR #10	;(R0=0x3012EC50 R1=0xC6EE0C84 )
(    libInnoSecure.so[0xCBBCB000])[CD F8 18 C0 ]0x0000410E:	STR.W	IP, [SP, #0X18]	;(IP=0x32303230 SP=0x100FFD18 )
(    libInnoSecure.so[0xCBBCB000])[25 EA 01 02 ]0x00004112:	BIC.W	R2, R5, R1	;(R5=0x22E773D8 R1=0x5144A7D3 )
(    libInnoSecure.so[0xCBBCB000])[01 EA 00 03 ]0x00004116:	AND.W	R3, R1, R0	;(R1=0x5144A7D3 R0=0x3012EC50 )
(    libInnoSecure.so[0xCBBCB000])[1A 43       ]0x0000411A:	ORRS	R2, R3	;(R2=0x22A35008 R3=0x1000A450 )
(    libInnoSecure.so[0xCBBCB000])[16 9B       ]0x0000411C:	LDR	R3, [SP, #0X58]	;(SP=0x100FFD18 )
(    libInnoSecure.so[0xCBBCB000])[0B 93       ]0x0000411E:	STR	R3, [SP, #0X2C]	;(R3=0x33303061 SP=0x100FFD18 )
(    libInnoSecure.so[0xCBBCB000])[33 44       ]0x00004120:	ADD	R3, R6	;(R3=0x33303061 R6=0xC138008D )
(    libInnoSecure.so[0xCBBCB000])[1A 44       ]0x00004122:	ADD	R2, R3	;(R2=0x32A3F458 R3=0xF46830EE )
(    libInnoSecure.so[0xCBBCB000])[40 F6 AF 73 ]0x00004124:	MOVW	R3, #0XFAF
(    libInnoSecure.so[0xCBBCB000])[CF F2 7C 53 ]0x00004128:	MOVT	R3, #0XF57C	;(R3=0x00000FAF )
(    libInnoSecure.so[0xCBBCB000])[1A 44       ]0x0000412C:	ADD	R2, R3	;(R2=0x270C2546 R3=0xF57C0FAF )
(    libInnoSecure.so[0xCBBCB000])[01 EB 72 62 ]0x0000412E:	ADD.W	R2, R1, R2, ROR #25	;(R1=0x5144A7D3 R2=0x1C8834F5 )
(    libInnoSecure.so[0xCBBCB000])[20 EA 02 03 ]0x00004132:	BIC.W	R3, R0, R2	;(R0=0x3012EC50 R2=0x955F2261 )
(    libInnoSecure.so[0xCBBCB000])[02 EA 01 06 ]0x00004136:	AND.W	R6, R2, R1	;(R2=0x955F2261 R1=0x5144A7D3 )
(    libInnoSecure.so[0xCBBCB000])[33 43       ]0x0000413A:	ORRS	R3, R6	;(R3=0x2000CC10 R6=0x11442241 )
(    libInnoSecure.so[0xCBBCB000])[17 9E       ]0x0000413C:	LDR	R6, [SP, #0X5C]	;(SP=0x100FFD18 )
(    libInnoSecure.so[0xCBBCB000])[60 44       ]0x0000413E:	ADD	R0, IP	;(R0=0x3012EC50 IP=0x32303230 )
(    libInnoSecure.so[0xCBBCB000])[09 96       ]0x00004140:	STR	R6, [SP, #0X24]	;(R6=0x31303230 SP=0x100FFD18 )
(    libInnoSecure.so[0xCBBCB000])[35 44       ]0x00004142:	ADD	R5, R6	;(R5=0x22E773D8 R6=0x31303230 )
(    libInnoSecure.so[0xCBBCB000])[1C 9E       ]0x00004144:	LDR	R6, [SP, #0X70]	;(SP=0x100FFD18 )
(    libInnoSecure.so[0xCBBCB000])[2B 44       ]0x00004146:	ADD	R3, R5	;(R3=0x3144EE51 R5=0x5417A608 )
(    libInnoSecure.so[0xCBBCB000])[4C F2 2A 65 ]0x00004148:	MOVW	R5, #0XC62A
(    libInnoSecure.so[0xCBBCB000])[C4 F2 87 75 ]0x0000414C:	MOVT	R5, #0X4787	;(R5=0x0000C62A )
(    libInnoSecure.so[0xCBBCB000])[2B 44       ]0x00004150:	ADD	R3, R5	;(R3=0x855C9459 R5=0x4787C62A )
(    libInnoSecure.so[0xCBBCB000])[B0 46       ]0x00004152:	MOV	R8, R6	;(R6=0x36306430 )
(    libInnoSecure.so[0xCBBCB000])[02 EB 33 53 ]0x00004154:	ADD.W	R3, R2, R3, ROR #20	;(R2=0x955F2261 R3=0xCCE45A83 )
(    libInnoSecure.so[0xCBBCB000])[CD F8 08 80 ]0x00004158:	STR.W	R8, [SP, #8]	;(R8=0x36306430 SP=0x100FFD18 )
(    libInnoSecure.so[0xCBBCB000])[21 EA 03 05 ]0x0000415C:	BIC.W	R5, R1, R3	;(R1=0x5144A7D3 R3=0xDB075F2F )
(    libInnoSecure.so[0xCBBCB000])[03 EA 02 04 ]0x00004160:	AND.W	R4, R3, R2	;(R3=0xDB075F2F R2=0x955F2261 )
(    libInnoSecure.so[0xCBBCB000])[25 43       ]0x00004164:	ORRS	R5, R4	;(R5=0x0040A0D0 R4=0x91070221 )
(    libInnoSecure.so[0xCBBCB000])[19 9C       ]0x00004166:	LDR	R4, [SP, #0X64]	;(SP=0x100FFD18 )
(    libInnoSecure.so[0xCBBCB000])[28 44       ]0x00004168:	ADD	R0, R5	;(R0=0x62431E80 R5=0x9147A2F1 )
(    libInnoSecure.so[0xCBBCB000])[44 F2 13 65 ]0x0000416A:	MOVW	R5, #0X4613
(    libInnoSecure.so[0xCBBCB000])[CA F6 30 05 ]0x0000416E:	MOVT	R5, #0XA830	;(R5=0x00004613 )
(    libInnoSecure.so[0xCBBCB000])[28 44       ]0x00004172:	ADD	R0, R5	;(R0=0xF38AC171 R5=0xA8304613 )
(    libInnoSecure.so[0xCBBCB000])[21 44       ]0x00004174:	ADD	R1, R4	;(R1=0x5144A7D3 R4=0x37353430 )
(    libInnoSecure.so[0xCBBCB000])[04 94       ]0x00004176:	STR	R4, [SP, #0X10]	;(R4=0x37353430 SP=0x100FFD18 )
(    libInnoSecure.so[0xCBBCB000])[03 EB F0 3E ]0x00004178:	ADD.W	LR, R3, R0, ROR #15	;(R3=0xDB075F2F R0=0x9BBB0784 )
(    libInnoSecure.so[0xCBBCB000])[22 EA 0E 00 ]0x0000417C:	BIC.W	R0, R2, LR	;(R2=0x955F2261 LR=0xEA1096A5 )
(    libInnoSecure.so[0xCBBCB000])[0E EA 03 05 ]0x00004180:	AND.W	R5, LR, R3	;(LR=0xEA1096A5 R3=0xDB075F2F )
(    libInnoSecure.so[0xCBBCB000])[28 43       ]0x00004184:	ORRS	R0, R5	;(R0=0x154F2040 R5=0xCA001625 )
(    libInnoSecure.so[0xCBBCB000])[06 EB 0E 05 ]0x00004186:	ADD.W	R5, R6, LR	;(R6=0x36306430 LR=0xEA1096A5 )
(    libInnoSecure.so[0xCBBCB000])[08 44       ]0x0000418A:	ADD	R0, R1	;(R0=0xDF4F3665 R1=0x8879DC03 )
(    libInnoSecure.so[0xCBBCB000])[49 F2 01 51 ]0x0000418C:	MOVW	R1, #0X9501
(    libInnoSecure.so[0xCBBCB000])[CF F6 46 51 ]0x00004190:	MOVT	R1, #0XFD46	;(R1=0x00009501 )
(    libInnoSecure.so[0xCBBCB000])[08 44       ]0x00004194:	ADD	R0, R1	;(R0=0x67C91268 R1=0xFD469501 )
(    libInnoSecure.so[0xCBBCB000])[0E EB B0 21 ]0x00004196:	ADD.W	R1, LR, R0, ROR #10	;(LR=0xEA1096A5 R0=0x650FA769 )
(    libInnoSecure.so[0xCBBCB000])[23 EA 01 00 ]0x0000419A:	BIC.W	R0, R3, R1	;(R3=0xDB075F2F R1=0xC469DA8E )
(    libInnoSecure.so[0xCBBCB000])[01 EA 0E 04 ]0x0000419E:	AND.W	R4, R1, LR	;(R1=0xC469DA8E LR=0xEA1096A5 )
(    libInnoSecure.so[0xCBBCB000])[20 43       ]0x000041A2:	ORRS	R0, R4	;(R0=0x1B060521 R4=0xC0009284 )
(    libInnoSecure.so[0xCBBCB000])[1A 9C       ]0x000041A4:	LDR	R4, [SP, #0X68]	;(SP=0x100FFD18 )
(    libInnoSecure.so[0xCBBCB000])[0A 94       ]0x000041A6:	STR	R4, [SP, #0X28]	;(R4=0x61656234 SP=0x100FFD18 )
(    libInnoSecure.so[0xCBBCB000])[22 44       ]0x000041A8:	ADD	R2, R4	;(R2=0x955F2261 R4=0x61656234 )
(    libInnoSecure.so[0xCBBCB000])[10 44       ]0x000041AA:	ADD	R0, R2	;(R0=0xDB0697A5 R2=0xF6C48495 )
(    libInnoSecure.so[0xCBBCB000])[49 F6 D8 02 ]0x000041AC:	MOVW	R2, #0X98D8
(    libInnoSecure.so[0xCBBCB000])[C6 F6 80 12 ]0x000041B0:	MOVT	R2, #0X6980	;(R2=0x000098D8 )
(    libInnoSecure.so[0xCBBCB000])[10 44       ]0x000041B4:	ADD	R0, R2	;(R0=0xD1CB1C3A R2=0x698098D8 )
(    libInnoSecure.so[0xCBBCB000])[01 EB 70 60 ]0x000041B6:	ADD.W	R0, R1, R0, ROR #25	;(R1=0xC469DA8E R0=0x3B4BB512 )
(    libInnoSecure.so[0xCBBCB000])[2E EA 00 02 ]0x000041BA:	BIC.W	R2, LR, R0	;(LR=0xEA1096A5 R0=0x6A4463AB )
(    libInnoSecure.so[0xCBBCB000])[00 EA 01 04 ]0x000041BE:	AND.W	R4, R0, R1	;(R0=0x6A4463AB R1=0xC469DA8E )
(    libInnoSecure.so[0xCBBCB000])[22 43       ]0x000041C2:	ORRS	R2, R4	;(R2=0x80109404 R4=0x4040428A )
(    libInnoSecure.so[0xCBBCB000])[1B 9C       ]0x000041C4:	LDR	R4, [SP, #0X6C]	;(SP=0x100FFD18 )
(    libInnoSecure.so[0xCBBCB000])[10 94       ]0x000041C6:	STR	R4, [SP, #0X40]	;(R4=0x30333662 SP=0x100FFD18 )
(    libInnoSecure.so[0xCBBCB000])[23 44       ]0x000041C8:	ADD	R3, R4	;(R3=0xDB075F2F R4=0x30333662 )
(    libInnoSecure.so[0xCBBCB000])[1A 44       ]0x000041CA:	ADD	R2, R3	;(R2=0xC050D68E R3=0x0B3A9591 )
(    libInnoSecure.so[0xCBBCB000])[4F F2 AF 73 ]0x000041CC:	MOVW	R3, #0XF7AF
(    libInnoSecure.so[0xCBBCB000])[C8 F6 44 33 ]0x000041D0:	MOVT	R3, #0X8B44	;(R3=0x0000F7AF )
(    libInnoSecure.so[0xCBBCB000])[1A 44       ]0x000041D4:	ADD	R2, R3	;(R2=0xCB8B6C1F R3=0x8B44F7AF )
(    libInnoSecure.so[0xCBBCB000])[00 EB 32 53 ]0x000041D6:	ADD.W	R3, R0, R2, ROR #20	;(R0=0x6A4463AB R2=0x56D063CE )
(    libInnoSecure.so[0xCBBCB000])[21 EA 03 02 ]0x000041DA:	BIC.W	R2, R1, R3	;(R1=0xC469DA8E R3=0x70814918 )
(    libInnoSecure.so[0xCBBCB000])[03 EA 00 04 ]0x000041DE:	AND.W	R4, R3, R0	;(R3=0x70814918 R0=0x6A4463AB )
(    libInnoSecure.so[0xCBBCB000])[22 43       ]0x000041E2:	ORRS	R2, R4	;(R2=0x84689286 R4=0x60004108 )
(    libInnoSecure.so[0xCBBCB000])[49 44       ]0x000041E4:	ADD	R1, SB	;(R1=0xC469DA8E SB=0x61323930 )
(    libInnoSecure.so[0xCBBCB000])[2A 44       ]0x000041E6:	ADD	R2, R5	;(R2=0xE468D38E R5=0x2040FAD5 )
(    libInnoSecure.so[0xCBBCB000])[4A F2 4F 45 ]0x000041E8:	MOVW	R5, #0XA44F
(    libInnoSecure.so[0xCBBCB000])[52 1B       ]0x000041EC:	SUBS	R2, R2, R5	;(R2=0x04A9CE63 R5=0x0000A44F )
(    libInnoSecure.so[0xCBBCB000])[03 EB F2 3E ]0x000041EE:	ADD.W	LR, R3, R2, ROR #15	;(R3=0x70814918 R2=0x04A92A14 )
(    libInnoSecure.so[0xCBBCB000])[20 EA 0E 02 ]0x000041F2:	BIC.W	R2, R0, LR	;(R0=0x6A4463AB LR=0xC4A9526A )
(    libInnoSecure.so[0xCBBCB000])[0E EA 03 05 ]0x000041F6:	AND.W	R5, LR, R3	;(LR=0xC4A9526A R3=0x70814918 )
(    libInnoSecure.so[0xCBBCB000])[2A 43       ]0x000041FA:	ORRS	R2, R5	;(R2=0x2A442181 R5=0x40814008 )
(    libInnoSecure.so[0xCBBCB000])[11 44       ]0x000041FC:	ADD	R1, R2	;(R1=0x259C13BE R2=0x6AC56189 )
(    libInnoSecure.so[0xCBBCB000])[4D F2 BE 72 ]0x000041FE:	MOVW	R2, #0XD7BE
(    libInnoSecure.so[0xCBBCB000])[C8 F6 5C 12 ]0x00004202:	MOVT	R2, #0X895C	;(R2=0x0000D7BE )
(    libInnoSecure.so[0xCBBCB000])[11 44       ]0x00004206:	ADD	R1, R2	;(R1=0x90617547 R2=0x895CD7BE )
(    libInnoSecure.so[0xCBBCB000])[0E EB B1 21 ]0x00004208:	ADD.W	R1, LR, R1, ROR #10	;(LR=0xC4A9526A R1=0x19BE4D05 )
(    libInnoSecure.so[0xCBBCB000])[23 EA 01 02 ]0x0000420C:	BIC.W	R2, R3, R1	;(R3=0x70814918 R1=0x05EFC1FD )
(    libInnoSecure.so[0xCBBCB000])[01 EA 0E 05 ]0x00004210:	AND.W	R5, R1, LR	;(R1=0x05EFC1FD LR=0xC4A9526A )
(    libInnoSecure.so[0xCBBCB000])[15 43       ]0x00004214:	ORRS	R5, R2	;(R5=0x04A94068 R2=0x70000800 )
(    libInnoSecure.so[0xCBBCB000])[1E 9A       ]0x00004216:	LDR	R2, [SP, #0X78]	;(SP=0x100FFD18 )
(    libInnoSecure.so[0xCBBCB000])[0D 92       ]0x00004218:	STR	R2, [SP, #0X34]	;(R2=0x38343638 SP=0x100FFD18 )
(    libInnoSecure.so[0xCBBCB000])[10 44       ]0x0000421A:	ADD	R0, R2	;(R0=0x6A4463AB R2=0x38343638 )
(    libInnoSecure.so[0xCBBCB000])[1F 9A       ]0x0000421C:	LDR	R2, [SP, #0X7C]	;(SP=0x100FFD18 )
(    libInnoSecure.so[0xCBBCB000])[28 44       ]0x0000421E:	ADD	R0, R5	;(R0=0xA27899E3 R5=0x74A94868 )
(    libInnoSecure.so[0xCBBCB000])[41 F2 22 15 ]0x00004220:	MOVW	R5, #0X1122
(    libInnoSecure.so[0xCBBCB000])[C6 F6 90 35 ]0x00004224:	MOVT	R5, #0X6B90	;(R5=0x00001122 )
(    libInnoSecure.so[0xCBBCB000])[28 44       ]0x00004228:	ADD	R0, R5	;(R0=0x1721E24B R5=0x6B901122 )
(    libInnoSecure.so[0xCBBCB000])[13 44       ]0x0000422A:	ADD	R3, R2	;(R3=0x70814918 R2=0x37663638 )
(    libInnoSecure.so[0xCBBCB000])[08 92       ]0x0000422C:	STR	R2, [SP, #0X20]	;(R2=0x37663638 SP=0x100FFD18 )
(    libInnoSecure.so[0xCBBCB000])[01 EB 70 60 ]0x0000422E:	ADD.W	R0, R1, R0, ROR #25	;(R1=0x05EFC1FD R0=0x82B1F36D )
(    libInnoSecure.so[0xCBBCB000])[20 9A       ]0x00004232:	LDR	R2, [SP, #0X80]	;(SP=0x100FFD18 )
(    libInnoSecure.so[0xCBBCB000])[2E EA 00 05 ]0x00004234:	BIC.W	R5, LR, R0	;(LR=0xC4A9526A R0=0x5EE978BE )
(    libInnoSecure.so[0xCBBCB000])[00 EA 01 06 ]0x00004238:	AND.W	R6, R0, R1	;(R0=0x5EE978BE R1=0x05EFC1FD )
(    libInnoSecure.so[0xCBBCB000])[2E 43       ]0x0000423C:	ORRS	R6, R5	;(R6=0x04E940BC R5=0x80000240 )
(    libInnoSecure.so[0xCBBCB000])[02 EB 0E 05 ]0x0000423E:	ADD.W	R5, R2, LR	;(R2=0x31306430 LR=0xC4A9526A )
(    libInnoSecure.so[0xCBBCB000])[33 44       ]0x00004242:	ADD	R3, R6	;(R3=0xA7E77F50 R6=0x84E942FC )
(    libInnoSecure.so[0xCBBCB000])[47 F2 93 16 ]0x00004244:	MOVW	R6, #0X7193
(    libInnoSecure.so[0xCBBCB000])[CF F6 98 56 ]0x00004248:	MOVT	R6, #0XFD98	;(R6=0x00007193 )
(    libInnoSecure.so[0xCBBCB000])[33 44       ]0x0000424C:	ADD	R3, R6	;(R3=0x2CD0C24C R6=0xFD987193 )
(    libInnoSecure.so[0xCBBCB000])[96 46       ]0x0000424E:	MOV	LR, R2	;(R2=0x31306430 )
(    libInnoSecure.so[0xCBBCB000])[21 9A       ]0x00004250:	LDR	R2, [SP, #0X84]	;(SP=0x100FFD18 )
(    libInnoSecure.so[0xCBBCB000])[00 EB 33 5A ]0x00004252:	ADD.W	SL, R0, R3, ROR #20	;(R0=0x5EE978BE R3=0x2A6933DF )
(    libInnoSecure.so[0xCBBCB000])[21 EA 0A 03 ]0x00004256:	BIC.W	R3, R1, SL	;(R1=0x05EFC1FD SL=0xF2276B64 )
(    libInnoSecure.so[0xCBBCB000])[0A EA 00 06 ]0x0000425A:	AND.W	R6, SL, R0	;(SL=0xF2276B64 R0=0x5EE978BE )
(    libInnoSecure.so[0xCBBCB000])[1E 43       ]0x0000425E:	ORRS	R6, R3	;(R6=0x52216824 R3=0x05C88099 )
(    libInnoSecure.so[0xCBBCB000])[11 44       ]0x00004260:	ADD	R1, R2	;(R1=0x05EFC1FD R2=0x35303130 )
(    libInnoSecure.so[0xCBBCB000])[2E 44       ]0x00004262:	ADD	R6, R5	;(R6=0x57E9E8BD R5=0xF5D9B69A )
(    libInnoSecure.so[0xCBBCB000])[44 F2 8E 35 ]0x00004264:	MOVW	R5, #0X438E
(    libInnoSecure.so[0xCBBCB000])[CA F2 79 65 ]0x00004268:	MOVT	R5, #0XA679	;(R5=0x0000438E )
(    libInnoSecure.so[0xCBBCB000])[2E 44       ]0x0000426C:	ADD	R6, R5	;(R6=0x4DC39F57 R5=0xA679438E )
(    libInnoSecure.so[0xCBBCB000])[13 46       ]0x0000426E:	MOV	R3, R2	;(R2=0x35303130 )
(    libInnoSecure.so[0xCBBCB000])[11 9A       ]0x00004270:	LDR	R2, [SP, #0X44]	;(SP=0x100FFD18 )
(    libInnoSecure.so[0xCBBCB000])[0A EB F6 3B ]0x00004272:	ADD.W	FP, SL, R6, ROR #15	;(SL=0xF2276B64 R6=0xF43CE2E5 )
(    libInnoSecure.so[0xCBBCB000])[03 93       ]0x00004276:	STR	R3, [SP, #0XC]	;(R3=0x35303130 SP=0x100FFD18 )
(    libInnoSecure.so[0xCBBCB000])[20 EA 0B 06 ]0x00004278:	BIC.W	R6, R0, FP	;(R0=0x5EE978BE FP=0xB7F353DD )
(    libInnoSecure.so[0xCBBCB000])[0B EA 0A 05 ]0x0000427C:	AND.W	R5, FP, SL	;(FP=0xB7F353DD SL=0xF2276B64 )
(    libInnoSecure.so[0xCBBCB000])[35 43       ]0x00004280:	ORRS	R5, R6	;(R5=0xB2234344 R6=0x48082822 )
(    libInnoSecure.so[0xCBBCB000])[2B EA 0A 06 ]0x00004282:	BIC.W	R6, FP, SL	;(FP=0xB7F353DD SL=0xF2276B64 )
(    libInnoSecure.so[0xCBBCB000])[29 44       ]0x00004286:	ADD	R1, R5	;(R1=0x3B1FF32D R5=0xFA2B6B66 )
(    libInnoSecure.so[0xCBBCB000])[40 F6 21 05 ]0x00004288:	MOVW	R5, #0X821
(    libInnoSecure.so[0xCBBCB000])[C4 F6 B4 15 ]0x0000428C:	MOVT	R5, #0X49B4	;(R5=0x00000821 )
(    libInnoSecure.so[0xCBBCB000])[29 44       ]0x00004290:	ADD	R1, R5	;(R1=0x354B5E93 R5=0x49B40821 )
(    libInnoSecure.so[0xCBBCB000])[10 44       ]0x00004292:	ADD	R0, R2	;(R0=0x5EE978BE R2=0x62313230 )
(    libInnoSecure.so[0xCBBCB000])[0B EB B1 21 ]0x00004294:	ADD.W	R1, FP, R1, ROR #10	;(FP=0xB7F353DD R1=0x7EFF66B4 )
(    libInnoSecure.so[0xCBBCB000])[01 EA 0A 05 ]0x00004298:	AND.W	R5, R1, SL	;(R1=0x651313B6 SL=0xF2276B64 )
(    libInnoSecure.so[0xCBBCB000])[35 43       ]0x0000429C:	ORRS	R5, R6	;(R5=0x60030324 R6=0x05D01099 )
(    libInnoSecure.so[0xCBBCB000])[21 EA 0B 06 ]0x0000429E:	BIC.W	R6, R1, FP	;(R1=0x651313B6 FP=0xB7F353DD )
(    libInnoSecure.so[0xCBBCB000])[28 44       ]0x000042A2:	ADD	R0, R5	;(R0=0xC11AAAEE R5=0x65D313BD )
(    libInnoSecure.so[0xCBBCB000])[42 F2 62 55 ]0x000042A4:	MOVW	R5, #0X2562
(    libInnoSecure.so[0xCBBCB000])[CF F2 1E 65 ]0x000042A8:	MOVT	R5, #0XF61E	;(R5=0x00002562 )
(    libInnoSecure.so[0xCBBCB000])[28 44       ]0x000042AC:	ADD	R0, R5	;(R0=0x26EDBEAB R5=0xF61E2562 )
(    libInnoSecure.so[0xCBBCB000])[01 EB F0 60 ]0x000042AE:	ADD.W	R0, R1, R0, ROR #27	;(R1=0x651313B6 R0=0x1D0BE40D )
(    libInnoSecure.so[0xCBBCB000])[00 EA 0B 05 ]0x000042B2:	AND.W	R5, R0, FP	;(R0=0x068F9559 FP=0xB7F353DD )
(    libInnoSecure.so[0xCBBCB000])[20 EA 01 04 ]0x000042B6:	BIC.W	R4, R0, R1	;(R0=0x068F9559 R1=0x651313B6 )
(    libInnoSecure.so[0xCBBCB000])[35 43       ]0x000042BA:	ORRS	R5, R6	;(R5=0x06831159 R6=0x40000022 )
(    libInnoSecure.so[0xCBBCB000])[0C EB 0A 06 ]0x000042BC:	ADD.W	R6, IP, SL	;(IP=0x32303230 SL=0xF2276B64 )
(    libInnoSecure.so[0xCBBCB000])[35 44       ]0x000042C0:	ADD	R5, R6	;(R5=0x4683117B R6=0x24579D94 )
(    libInnoSecure.so[0xCBBCB000])[4B F2 40 36 ]0x000042C2:	MOVW	R6, #0XB340
(    libInnoSecure.so[0xCBBCB000])[CC F2 40 06 ]0x000042C6:	MOVT	R6, #0XC040	;(R6=0x0000B340 )
(    libInnoSecure.so[0xCBBCB000])[35 44       ]0x000042CA:	ADD	R5, R6	;(R5=0x6ADAAF0F R6=0xC040B340 )
(    libInnoSecure.so[0xCBBCB000])[CA 46       ]0x000042CC:	MOV	SL, SB	;(SB=0x61323930 )
(    libInnoSecure.so[0xCBBCB000])[DD F8 24 90 ]0x000042CE:	LDR.W	SB, [SP, #0X24]	;(SP=0x100FFD18 )
(    libInnoSecure.so[0xCBBCB000])[00 EB F5 55 ]0x000042D2:	ADD.W	R5, R0, R5, ROR #23	;(R0=0x068F9559 R5=0x2B1B624F )
(    libInnoSecure.so[0xCBBCB000])[F4 46       ]0x000042D6:	MOV	IP, LR	;(LR=0x31306430 )
(    libInnoSecure.so[0xCBBCB000])[05 EA 01 06 ]0x000042D8:	AND.W	R6, R5, R1	;(R5=0x3D5433AF R1=0x651313B6 )
(    libInnoSecure.so[0xCBBCB000])[25 EA 00 02 ]0x000042DC:	BIC.W	R2, R5, R0	;(R5=0x3D5433AF R0=0x068F9559 )
(    libInnoSecure.so[0xCBBCB000])[34 43       ]0x000042E0:	ORRS	R4, R6	;(R4=0x028C8449 R6=0x251013A6 )
(    libInnoSecure.so[0xCBBCB000])[0A EB 0B 06 ]0x000042E2:	ADD.W	R6, SL, FP	;(SL=0x61323930 FP=0xB7F353DD )
(    libInnoSecure.so[0xCBBCB000])[34 44       ]0x000042E6:	ADD	R4, R6	;(R4=0x279C97EF R6=0x19258D0D )
(    libInnoSecure.so[0xCBBCB000])[45 F6 51 26 ]0x000042E8:	MOVW	R6, #0X5A51
(    libInnoSecure.so[0xCBBCB000])[C2 F2 5E 66 ]0x000042EC:	MOVT	R6, #0X265E	;(R6=0x00005A51 )
(    libInnoSecure.so[0xCBBCB000])[34 44       ]0x000042F0:	ADD	R4, R6	;(R4=0x40C224FC R6=0x265E5A51 )
(    libInnoSecure.so[0xCBBCB000])[DD F8 2C B0 ]0x000042F2:	LDR.W	FP, [SP, #0X2C]	;(SP=0x100FFD18 )
(    libInnoSecure.so[0xCBBCB000])[05 EB B4 44 ]0x000042F6:	ADD.W	R4, R5, R4, ROR #18	;(R5=0x3D5433AF R4=0x67207F4D )
(    libInnoSecure.so[0xCBBCB000])[DD F8 10 E0 ]0x000042FA:	LDR.W	LR, [SP, #0X10]	;(SP=0x100FFD18 )
(    libInnoSecure.so[0xCBBCB000])[04 EA 00 06 ]0x000042FE:	AND.W	R6, R4, R0	;(R4=0x5D278D77 R0=0x068F9559 )
(    libInnoSecure.so[0xCBBCB000])[48 44       ]0x00004302:	ADD	R0, SB	;(R0=0x068F9559 SB=0x31303230 )
(    libInnoSecure.so[0xCBBCB000])[32 43       ]0x00004304:	ORRS	R2, R6	;(R2=0x395022A6 R6=0x04078551 )
(    libInnoSecure.so[0xCBBCB000])[0E 9E       ]0x00004306:	LDR	R6, [SP, #0X38]	;(SP=0x100FFD18 )
(    libInnoSecure.so[0xCBBCB000])[CD F8 04 C0 ]0x00004308:	STR.W	IP, [SP, #4]	;(IP=0x31306430 SP=0x100FFD18 )
(    libInnoSecure.so[0xCBBCB000])[31 44       ]0x0000430C:	ADD	R1, R6	;(R1=0x651313B6 R6=0x32383033 )
(    libInnoSecure.so[0xCBBCB000])[24 EA 05 06 ]0x0000430E:	BIC.W	R6, R4, R5	;(R4=0x5D278D77 R5=0x3D5433AF )
(    libInnoSecure.so[0xCBBCB000])[11 44       ]0x00004312:	ADD	R1, R2	;(R1=0x974B43E9 R2=0x3D57A7F7 )
(    libInnoSecure.so[0xCBBCB000])[4C F2 AA 72 ]0x00004314:	MOVW	R2, #0XC7AA
(    libInnoSecure.so[0xCBBCB000])[CE F6 B6 12 ]0x00004318:	MOVT	R2, #0XE9B6	;(R2=0x0000C7AA )
(    libInnoSecure.so[0xCBBCB000])[11 44       ]0x0000431C:	ADD	R1, R2	;(R1=0xD4A2EBE0 R2=0xE9B6C7AA )
(    libInnoSecure.so[0xCBBCB000])[CD F8 14 A0 ]0x0000431E:	STR.W	SL, [SP, #0X14]	;(SL=0x61323930 SP=0x100FFD18 )
(    libInnoSecure.so[0xCBBCB000])[04 EB 31 31 ]0x00004322:	ADD.W	R1, R4, R1, ROR #12	;(R4=0x5D278D77 R1=0xBE59B38A )
(    libInnoSecure.so[0xCBBCB000])[01 EA 05 02 ]0x00004326:	AND.W	R2, R1, R5	;(R1=0x95D37312 R5=0x3D5433AF )
(    libInnoSecure.so[0xCBBCB000])[45 44       ]0x0000432A:	ADD	R5, R8	;(R5=0x3D5433AF R8=0x36306430 )
(    libInnoSecure.so[0xCBBCB000])[32 43       ]0x0000432C:	ORRS	R2, R6	;(R2=0x15503302 R6=0x40238C50 )
(    libInnoSecure.so[0xCBBCB000])[21 EA 04 06 ]0x0000432E:	BIC.W	R6, R1, R4	;(R1=0x95D37312 R4=0x5D278D77 )
(    libInnoSecure.so[0xCBBCB000])[10 44       ]0x00004332:	ADD	R0, R2	;(R0=0x37BFC789 R2=0x5573BF52 )
(    libInnoSecure.so[0xCBBCB000])[41 F2 5D 02 ]0x00004334:	MOVW	R2, #0X105D
(    libInnoSecure.so[0xCBBCB000])[CD F2 2F 62 ]0x00004338:	MOVT	R2, #0XD62F	;(R2=0x0000105D )
(    libInnoSecure.so[0xCBBCB000])[10 44       ]0x0000433C:	ADD	R0, R2	;(R0=0x8D3386DB R2=0xD62F105D )
(    libInnoSecure.so[0xCBBCB000])[DD F8 20 80 ]0x0000433E:	LDR.W	R8, [SP, #0X20]	;(SP=0x100FFD18 )
(    libInnoSecure.so[0xCBBCB000])[01 EB F0 60 ]0x00004342:	ADD.W	R0, R1, R0, ROR #27	;(R1=0x95D37312 R0=0x63629738 )
(    libInnoSecure.so[0xCBBCB000])[00 EA 04 02 ]0x00004346:	AND.W	R2, R0, R4	;(R0=0x02265A1E R4=0x5D278D77 )
(    libInnoSecure.so[0xCBBCB000])[1C 44       ]0x0000434A:	ADD	R4, R3	;(R4=0x5D278D77 R3=0x35303130 )
(    libInnoSecure.so[0xCBBCB000])[32 43       ]0x0000434C:	ORRS	R2, R6	;(R2=0x00260816 R6=0x80D07200 )
(    libInnoSecure.so[0xCBBCB000])[20 EA 01 06 ]0x0000434E:	BIC.W	R6, R0, R1	;(R0=0x02265A1E R1=0x95D37312 )
(    libInnoSecure.so[0xCBBCB000])[2A 44       ]0x00004352:	ADD	R2, R5	;(R2=0x80F67A16 R5=0x738497DF )
(    libInnoSecure.so[0xCBBCB000])[41 F2 53 45 ]0x00004354:	MOVW	R5, #0X1453
(    libInnoSecure.so[0xCBBCB000])[C0 F2 44 25 ]0x00004358:	MOVT	R5, #0X244	;(R5=0x00001453 )
(    libInnoSecure.so[0xCBBCB000])[2A 44       ]0x0000435C:	ADD	R2, R5	;(R2=0xF47B11F5 R5=0x02441453 )
(    libInnoSecure.so[0xCBBCB000])[10 9B       ]0x0000435E:	LDR	R3, [SP, #0X40]	;(SP=0x100FFD18 )
(    libInnoSecure.so[0xCBBCB000])[00 EB F2 52 ]0x00004360:	ADD.W	R2, R0, R2, ROR #23	;(R0=0x02265A1E R2=0xF6BF2648 )
(    libInnoSecure.so[0xCBBCB000])[02 EA 01 05 ]0x00004364:	AND.W	R5, R2, R1	;(R2=0x8072EC0B R1=0x95D37312 )
(    libInnoSecure.so[0xCBBCB000])[59 44       ]0x00004368:	ADD	R1, FP	;(R1=0x95D37312 FP=0x33303061 )
(    libInnoSecure.so[0xCBBCB000])[35 43       ]0x0000436A:	ORRS	R5, R6	;(R5=0x80526002 R6=0x0224080C )
(    libInnoSecure.so[0xCBBCB000])[22 EA 00 06 ]0x0000436C:	BIC.W	R6, R2, R0	;(R2=0x8072EC0B R0=0x02265A1E )
(    libInnoSecure.so[0xCBBCB000])[2C 44       ]0x00004370:	ADD	R4, R5	;(R4=0x9257BEA7 R5=0x8276680E )
(    libInnoSecure.so[0xCBBCB000])[4E F2 81 65 ]0x00004372:	MOVW	R5, #0XE681
(    libInnoSecure.so[0xCBBCB000])[CD F6 A1 05 ]0x00004376:	MOVT	R5, #0XD8A1	;(R5=0x0000E681 )
(    libInnoSecure.so[0xCBBCB000])[2C 44       ]0x0000437A:	ADD	R4, R5	;(R4=0x14CE26B5 R5=0xD8A1E681 )
(    libInnoSecure.so[0xCBBCB000])[02 EB B4 44 ]0x0000437C:	ADD.W	R4, R2, R4, ROR #18	;(R2=0x8072EC0B R4=0xED700D36 )
(    libInnoSecure.so[0xCBBCB000])[04 EA 00 05 ]0x00004380:	AND.W	R5, R4, R0	;(R4=0x83C0A767 R0=0x02265A1E )
(    libInnoSecure.so[0xCBBCB000])[18 44       ]0x00004384:	ADD	R0, R3	;(R0=0x02265A1E R3=0x30333662 )
(    libInnoSecure.so[0xCBBCB000])[35 43       ]0x00004386:	ORRS	R5, R6	;(R5=0x02000206 R6=0x8050A401 )
(    libInnoSecure.so[0xCBBCB000])[24 EA 02 06 ]0x00004388:	BIC.W	R6, R4, R2	;(R4=0x83C0A767 R2=0x8072EC0B )
(    libInnoSecure.so[0xCBBCB000])[29 44       ]0x0000438C:	ADD	R1, R5	;(R1=0xC903A373 R5=0x8250A607 )
(    libInnoSecure.so[0xCBBCB000])[4F F6 C8 35 ]0x0000438E:	MOVW	R5, #0XFBC8
(    libInnoSecure.so[0xCBBCB000])[CE F2 D3 75 ]0x00004392:	MOVT	R5, #0XE7D3	;(R5=0x0000FBC8 )
(    libInnoSecure.so[0xCBBCB000])[29 44       ]0x00004396:	ADD	R1, R5	;(R1=0x4B54497A R5=0xE7D3FBC8 )
(    libInnoSecure.so[0xCBBCB000])[0F 9B       ]0x00004398:	LDR	R3, [SP, #0X3C]	;(SP=0x100FFD18 )
(    libInnoSecure.so[0xCBBCB000])[04 EB 31 31 ]0x0000439A:	ADD.W	R1, R4, R1, ROR #12	;(R4=0x83C0A767 R1=0x33284542 )
(    libInnoSecure.so[0xCBBCB000])[01 EA 02 05 ]0x0000439E:	AND.W	R5, R1, R2	;(R1=0xD7E3D9EB R2=0x8072EC0B )
(    libInnoSecure.so[0xCBBCB000])[62 44       ]0x000043A2:	ADD	R2, IP	;(R2=0x8072EC0B IP=0x31306430 )
(    libInnoSecure.so[0xCBBCB000])[35 43       ]0x000043A4:	ORRS	R5, R6	;(R5=0x8062C80B R6=0x03800364 )
(    libInnoSecure.so[0xCBBCB000])[21 EA 04 06 ]0x000043A6:	BIC.W	R6, R1, R4	;(R1=0xD7E3D9EB R4=0x83C0A767 )
(    libInnoSecure.so[0xCBBCB000])[28 44       ]0x000043AA:	ADD	R0, R5	;(R0=0x32599080 R5=0x83E2CB6F )
(    libInnoSecure.so[0xCBBCB000])[4C F6 E6 55 ]0x000043AC:	MOVW	R5, #0XCDE6
(    libInnoSecure.so[0xCBBCB000])[C2 F2 E1 15 ]0x000043B0:	MOVT	R5, #0X21E1	;(R5=0x0000CDE6 )
(    libInnoSecure.so[0xCBBCB000])[28 44       ]0x000043B4:	ADD	R0, R5	;(R0=0xB63C5BEF R5=0x21E1CDE6 )
(    libInnoSecure.so[0xCBBCB000])[01 EB F0 60 ]0x000043B6:	ADD.W	R0, R1, R0, ROR #27	;(R1=0xD7E3D9EB R0=0xD81E29D5 )
(    libInnoSecure.so[0xCBBCB000])[00 EA 04 05 ]0x000043BA:	AND.W	R5, R0, R4	;(R0=0xDBA914A6 R4=0x83C0A767 )
(    libInnoSecure.so[0xCBBCB000])[1C 44       ]0x000043BE:	ADD	R4, R3	;(R4=0x83C0A767 R3=0x34383130 )
(    libInnoSecure.so[0xCBBCB000])[35 43       ]0x000043C0:	ORRS	R5, R6	;(R5=0x83800426 R6=0x54235888 )
(    libInnoSecure.so[0xCBBCB000])[20 EA 01 06 ]0x000043C2:	BIC.W	R6, R0, R1	;(R0=0xDBA914A6 R1=0xD7E3D9EB )
(    libInnoSecure.so[0xCBBCB000])[2A 44       ]0x000043C6:	ADD	R2, R5	;(R2=0xB1A3503B R5=0xD7A35CAE )
(    libInnoSecure.so[0xCBBCB000])[40 F2 D6 75 ]0x000043C8:	MOVW	R5, #0X7D6
(    libInnoSecure.so[0xCBBCB000])[CC F2 37 35 ]0x000043CC:	MOVT	R5, #0XC337	;(R5=0x000007D6 )
(    libInnoSecure.so[0xCBBCB000])[2A 44       ]0x000043D0:	ADD	R2, R5	;(R2=0x8946ACE9 R5=0xC33707D6 )
(    libInnoSecure.so[0xCBBCB000])[0A 9B       ]0x000043D2:	LDR	R3, [SP, #0X28]	;(SP=0x100FFD18 )
(    libInnoSecure.so[0xCBBCB000])[00 EB F2 52 ]0x000043D4:	ADD.W	R2, R0, R2, ROR #23	;(R0=0xDBA914A6 R2=0x4C7DB4BF )
(    libInnoSecure.so[0xCBBCB000])[02 EA 01 05 ]0x000043D8:	AND.W	R5, R2, R1	;(R2=0xD712933E R1=0xD7E3D9EB )
(    libInnoSecure.so[0xCBBCB000])[19 44       ]0x000043DC:	ADD	R1, R3	;(R1=0xD7E3D9EB R3=0x61656234 )
(    libInnoSecure.so[0xCBBCB000])[35 43       ]0x000043DE:	ORRS	R5, R6	;(R5=0xD702912A R6=0x08080404 )
(    libInnoSecure.so[0xCBBCB000])[22 EA 00 06 ]0x000043E0:	BIC.W	R6, R2, R0	;(R2=0xD712933E R0=0xDBA914A6 )
(    libInnoSecure.so[0xCBBCB000])[2C 44       ]0x000043E4:	ADD	R4, R5	;(R4=0xB7F8D897 R5=0xDF0A952E )
(    libInnoSecure.so[0xCBBCB000])[40 F6 87 55 ]0x000043E6:	MOVW	R5, #0XD87
(    libInnoSecure.so[0xCBBCB000])[CF F2 D5 45 ]0x000043EA:	MOVT	R5, #0XF4D5	;(R5=0x00000D87 )
(    libInnoSecure.so[0xCBBCB000])[2C 44       ]0x000043EE:	ADD	R4, R5	;(R4=0x97036DC5 R5=0xF4D50D87 )
(    libInnoSecure.so[0xCBBCB000])[02 EB B4 44 ]0x000043F0:	ADD.W	R4, R2, R4, ROR #18	;(R2=0xD712933E R4=0x8BD87B4C )
(    libInnoSecure.so[0xCBBCB000])[04 EA 00 05 ]0x000043F4:	AND.W	R5, R4, R0	;(R4=0xF5E5B634 R0=0xDBA914A6 )
(    libInnoSecure.so[0xCBBCB000])[40 44       ]0x000043F8:	ADD	R0, R8	;(R0=0xDBA914A6 R8=0x37663638 )
(    libInnoSecure.so[0xCBBCB000])[35 43       ]0x000043FA:	ORRS	R5, R6	;(R5=0xD1A11424 R6=0x04128318 )
(    libInnoSecure.so[0xCBBCB000])[24 EA 02 06 ]0x000043FC:	BIC.W	R6, R4, R2	;(R4=0xF5E5B634 R2=0xD712933E )
(    libInnoSecure.so[0xCBBCB000])[29 44       ]0x00004400:	ADD	R1, R5	;(R1=0x39493C1F R5=0xD5B3973C )
(    libInnoSecure.so[0xCBBCB000])[41 F2 ED 45 ]0x00004402:	MOVW	R5, #0X14ED
(    libInnoSecure.so[0xCBBCB000])[C4 F2 5A 55 ]0x00004406:	MOVT	R5, #0X455A	;(R5=0x000014ED )
(    libInnoSecure.so[0xCBBCB000])[29 44       ]0x0000440A:	ADD	R1, R5	;(R1=0x0EFCD35B R5=0x455A14ED )
(    libInnoSecure.so[0xCBBCB000])[04 EB 31 31 ]0x0000440C:	ADD.W	R1, R4, R1, ROR #12	;(R4=0xF5E5B634 R1=0x5456E848 )
(    libInnoSecure.so[0xCBBCB000])[01 EA 02 05 ]0x00004410:	AND.W	R5, R1, R2	;(R1=0x7A6AFBA2 R2=0xD712933E )
(    libInnoSecure.so[0xCBBCB000])[35 43       ]0x00004414:	ORRS	R5, R6	;(R5=0x52029322 R6=0x20E52400 )
(    libInnoSecure.so[0xCBBCB000])[21 EA 04 06 ]0x00004416:	BIC.W	R6, R1, R4	;(R1=0x7A6AFBA2 R4=0xF5E5B634 )
(    libInnoSecure.so[0xCBBCB000])[28 44       ]0x0000441A:	ADD	R0, R5	;(R0=0x130F4ADE R5=0x72E7B722 )
(    libInnoSecure.so[0xCBBCB000])[4E F6 05 15 ]0x0000441C:	MOVW	R5, #0XE905
(    libInnoSecure.so[0xCBBCB000])[CA F6 E3 15 ]0x00004420:	MOVT	R5, #0XA9E3	;(R5=0x0000E905 )
(    libInnoSecure.so[0xCBBCB000])[28 44       ]0x00004424:	ADD	R0, R5	;(R0=0x85F70200 R5=0xA9E3E905 )
(    libInnoSecure.so[0xCBBCB000])[01 EB F0 60 ]0x00004426:	ADD.W	R0, R1, R0, ROR #27	;(R1=0x7A6AFBA2 R0=0x2FDAEB05 )
(    libInnoSecure.so[0xCBBCB000])[00 EA 04 05 ]0x0000442A:	AND.W	R5, R0, R4	;(R0=0x75C85C47 R4=0xF5E5B634 )
(    libInnoSecure.so[0xCBBCB000])[74 44       ]0x0000442E:	ADD	R4, LR	;(R4=0xF5E5B634 LR=0x37353430 )
(    libInnoSecure.so[0xCBBCB000])[35 43       ]0x00004430:	ORRS	R5, R6	;(R5=0x75C01404 R6=0x0A0A4982 )
(    libInnoSecure.so[0xCBBCB000])[0C 9E       ]0x00004432:	LDR	R6, [SP, #0X30]	;(SP=0x100FFD18 )
(    libInnoSecure.so[0xCBBCB000])[32 44       ]0x00004434:	ADD	R2, R6	;(R2=0xD712933E R6=0x32383033 )
(    libInnoSecure.so[0xCBBCB000])[20 EA 01 06 ]0x00004436:	BIC.W	R6, R0, R1	;(R0=0x75C85C47 R1=0x7A6AFBA2 )
(    libInnoSecure.so[0xCBBCB000])[2A 44       ]0x0000443A:	ADD	R2, R5	;(R2=0x094AC371 R5=0x7FCA5D86 )
(    libInnoSecure.so[0xCBBCB000])[4A F2 F8 35 ]0x0000443C:	MOVW	R5, #0XA3F8
(    libInnoSecure.so[0xCBBCB000])[CF F6 EF 45 ]0x00004440:	MOVT	R5, #0XFCEF	;(R5=0x0000A3F8 )
(    libInnoSecure.so[0xCBBCB000])[2A 44       ]0x00004444:	ADD	R2, R5	;(R2=0x891520F7 R5=0xFCEFA3F8 )
(    libInnoSecure.so[0xCBBCB000])[00 EB F2 52 ]0x00004446:	ADD.W	R2, R0, R2, ROR #23	;(R0=0x75C85C47 R2=0x8604C4EF )
(    libInnoSecure.so[0xCBBCB000])[02 EA 01 05 ]0x0000444A:	AND.W	R5, R2, R1	;(R2=0x7F523B53 R1=0x7A6AFBA2 )
(    libInnoSecure.so[0xCBBCB000])[35 43       ]0x0000444E:	ORRS	R5, R6	;(R5=0x7A423B02 R6=0x05800445 )
(    libInnoSecure.so[0xCBBCB000])[22 EA 00 06 ]0x00004450:	BIC.W	R6, R2, R0	;(R2=0x7F523B53 R0=0x75C85C47 )
(    libInnoSecure.so[0xCBBCB000])[2C 44       ]0x00004454:	ADD	R4, R5	;(R4=0x2D1AEA64 R5=0x7FC23F47 )
(    libInnoSecure.so[0xCBBCB000])[40 F2 D9 25 ]0x00004456:	MOVW	R5, #0X2D9
(    libInnoSecure.so[0xCBBCB000])[C6 F2 6F 75 ]0x0000445A:	MOVT	R5, #0X676F	;(R5=0x000002D9 )
(    libInnoSecure.so[0xCBBCB000])[2C 44       ]0x0000445E:	ADD	R4, R5	;(R4=0xACDD29AB R5=0x676F02D9 )
(    libInnoSecure.so[0xCBBCB000])[02 EB B4 44 ]0x00004460:	ADD.W	R4, R2, R4, ROR #18	;(R2=0x7F523B53 R4=0x144C2C84 )
(    libInnoSecure.so[0xCBBCB000])[04 EA 00 05 ]0x00004464:	AND.W	R5, R4, R0	;(R4=0x8A734066 R0=0x75C85C47 )
(    libInnoSecure.so[0xCBBCB000])[48 44       ]0x00004468:	ADD	R0, SB	;(R0=0x75C85C47 SB=0x31303230 )
(    libInnoSecure.so[0xCBBCB000])[35 43       ]0x0000446A:	ORRS	R5, R6	;(R5=0x00404046 R6=0x0A122310 )
(    libInnoSecure.so[0xCBBCB000])[0D 9E       ]0x0000446C:	LDR	R6, [SP, #0X34]	;(SP=0x100FFD18 )
(    libInnoSecure.so[0xCBBCB000])[DD F8 18 90 ]0x0000446E:	LDR.W	SB, [SP, #0X18]	;(SP=0x100FFD18 )
(    libInnoSecure.so[0xCBBCB000])[31 44       ]0x00004472:	ADD	R1, R6	;(R1=0x7A6AFBA2 R6=0x38343638 )
(    libInnoSecure.so[0xCBBCB000])[0E 9E       ]0x00004474:	LDR	R6, [SP, #0X38]	;(SP=0x100FFD18 )
(    libInnoSecure.so[0xCBBCB000])[29 44       ]0x00004476:	ADD	R1, R5	;(R1=0xB29F31DA R5=0x0A526356 )
(    libInnoSecure.so[0xCBBCB000])[44 F6 8A 45 ]0x00004478:	MOVW	R5, #0X4C8A
(    libInnoSecure.so[0xCBBCB000])[C8 F6 2A 55 ]0x0000447C:	MOVT	R5, #0X8D2A	;(R5=0x00004C8A )
(    libInnoSecure.so[0xCBBCB000])[29 44       ]0x00004480:	ADD	R1, R5	;(R1=0xBCF19530 R5=0x8D2A4C8A )
(    libInnoSecure.so[0xCBBCB000])[84 EA 02 05 ]0x00004482:	EOR.W	R5, R4, R2	;(R4=0x8A734066 R2=0x7F523B53 )
(    libInnoSecure.so[0xCBBCB000])[1A 44       ]0x00004486:	ADD	R2, R3	;(R2=0x7F523B53 R3=0x61656234 )
(    libInnoSecure.so[0xCBBCB000])[04 EB 31 31 ]0x00004488:	ADD.W	R1, R4, R1, ROR #12	;(R4=0x8A734066 R1=0x4A1BE1BA )
(    libInnoSecure.so[0xCBBCB000])[11 9B       ]0x0000448C:	LDR	R3, [SP, #0X44]	;(SP=0x100FFD18 )
(    libInnoSecure.so[0xCBBCB000])[4D 40       ]0x0000448E:	EORS	R5, R1	;(R5=0xF5217B35 R1=0xA617E224 )
(    libInnoSecure.so[0xCBBCB000])[28 44       ]0x00004490:	ADD	R0, R5	;(R0=0xA6F88E77 R5=0x53369911 )
(    libInnoSecure.so[0xCBBCB000])[43 F6 42 15 ]0x00004492:	MOVW	R5, #0X3942
(    libInnoSecure.so[0xCBBCB000])[CF F6 FA 75 ]0x00004496:	MOVT	R5, #0XFFFA	;(R5=0x00003942 )
(    libInnoSecure.so[0xCBBCB000])[28 44       ]0x0000449A:	ADD	R0, R5	;(R0=0xFA2F2788 R5=0xFFFA3942 )
(    libInnoSecure.so[0xCBBCB000])[81 EA 04 05 ]0x0000449C:	EOR.W	R5, R1, R4	;(R1=0xA617E224 R4=0x8A734066 )
(    libInnoSecure.so[0xCBBCB000])[54 44       ]0x000044A0:	ADD	R4, SL	;(R4=0x8A734066 SL=0x61323930 )
(    libInnoSecure.so[0xCBBCB000])[01 EB 30 70 ]0x000044A2:	ADD.W	R0, R1, R0, ROR #28	;(R1=0xA617E224 R0=0xFA2960CA )
(    libInnoSecure.so[0xCBBCB000])[DD F8 30 A0 ]0x000044A6:	LDR.W	SL, [SP, #0X30]	;(SP=0x100FFD18 )
(    libInnoSecure.so[0xCBBCB000])[45 40       ]0x000044AA:	EORS	R5, R0	;(R5=0x2C64A242 R0=0x48ADEED3 )
(    libInnoSecure.so[0xCBBCB000])[2A 44       ]0x000044AC:	ADD	R2, R5	;(R2=0xE0B79D87 R5=0x64C94C91 )
(    libInnoSecure.so[0xCBBCB000])[4F F2 81 65 ]0x000044AE:	MOVW	R5, #0XF681
(    libInnoSecure.so[0xCBBCB000])[C8 F2 71 75 ]0x000044B2:	MOVT	R5, #0X8771	;(R5=0x0000F681 )
(    libInnoSecure.so[0xCBBCB000])[2A 44       ]0x000044B6:	ADD	R2, R5	;(R2=0x4580EA18 R5=0x8771F681 )
(    libInnoSecure.so[0xCBBCB000])[80 EA 01 05 ]0x000044B8:	EOR.W	R5, R0, R1	;(R0=0x48ADEED3 R1=0xA617E224 )
(    libInnoSecure.so[0xCBBCB000])[61 44       ]0x000044BC:	ADD	R1, IP	;(R1=0xA617E224 IP=0x31306430 )
(    libInnoSecure.so[0xCBBCB000])[00 EB 72 52 ]0x000044BE:	ADD.W	R2, R0, R2, ROR #21	;(R0=0x48ADEED3 R2=0xCCF2E099 )
(    libInnoSecure.so[0xCBBCB000])[DD F8 3C C0 ]0x000044C2:	LDR.W	IP, [SP, #0X3C]	;(SP=0x100FFD18 )
(    libInnoSecure.so[0xCBBCB000])[55 40       ]0x000044C6:	EORS	R5, R2	;(R5=0xEEBA0CF7 R2=0xDFB2BD3A )
(    libInnoSecure.so[0xCBBCB000])[2C 44       ]0x000044C8:	ADD	R4, R5	;(R4=0xEBA57996 R5=0x3108B1CD )
(    libInnoSecure.so[0xCBBCB000])[46 F2 22 15 ]0x000044CA:	MOVW	R5, #0X6122
(    libInnoSecure.so[0xCBBCB000])[C6 F6 9D 55 ]0x000044CE:	MOVT	R5, #0X6D9D	;(R5=0x00006122 )
(    libInnoSecure.so[0xCBBCB000])[2C 44       ]0x000044D2:	ADD	R4, R5	;(R4=0x1CAE2B63 R5=0x6D9D6122 )
(    libInnoSecure.so[0xCBBCB000])[82 EA 00 05 ]0x000044D4:	EOR.W	R5, R2, R0	;(R2=0xDFB2BD3A R0=0x48ADEED3 )
(    libInnoSecure.so[0xCBBCB000])[18 44       ]0x000044D8:	ADD	R0, R3	;(R0=0x48ADEED3 R3=0x62313230 )
(    libInnoSecure.so[0xCBBCB000])[02 EB 34 44 ]0x000044DA:	ADD.W	R4, R2, R4, ROR #16	;(R2=0xDFB2BD3A R4=0x8A4B8C85 )
(    libInnoSecure.so[0xCBBCB000])[73 46       ]0x000044DE:	MOV	R3, LR	;(LR=0x37353430 )
(    libInnoSecure.so[0xCBBCB000])[65 40       ]0x000044E0:	EORS	R5, R4	;(R5=0x971F53E9 R4=0x6C384785 )
(    libInnoSecure.so[0xCBBCB000])[29 44       ]0x000044E2:	ADD	R1, R5	;(R1=0xD7484654 R5=0xFB27146C )
(    libInnoSecure.so[0xCBBCB000])[43 F6 0C 05 ]0x000044E4:	MOVW	R5, #0X380C
(    libInnoSecure.so[0xCBBCB000])[CF F6 E5 55 ]0x000044E8:	MOVT	R5, #0XFDE5	;(R5=0x0000380C )
(    libInnoSecure.so[0xCBBCB000])[29 44       ]0x000044EC:	ADD	R1, R5	;(R1=0xD26F5AC0 R5=0xFDE5380C )
(    libInnoSecure.so[0xCBBCB000])[84 EA 02 05 ]0x000044EE:	EOR.W	R5, R4, R2	;(R4=0x6C384785 R2=0xDFB2BD3A )
(    libInnoSecure.so[0xCBBCB000])[5A 44       ]0x000044F2:	ADD	R2, FP	;(R2=0xDFB2BD3A FP=0x33303061 )
(    libInnoSecure.so[0xCBBCB000])[04 EB 71 21 ]0x000044F4:	ADD.W	R1, R4, R1, ROR #9	;(R4=0x6C384785 R1=0xD05492CC )
(    libInnoSecure.so[0xCBBCB000])[DD F8 08 B0 ]0x000044F8:	LDR.W	FP, [SP, #8]	;(SP=0x100FFD18 )
(    libInnoSecure.so[0xCBBCB000])[4D 40       ]0x000044FC:	EORS	R5, R1	;(R5=0xB38AFABF R1=0xD2A071CE )
(    libInnoSecure.so[0xCBBCB000])[28 44       ]0x000044FE:	ADD	R0, R5	;(R0=0xAADF2103 R5=0x612A8B71 )
(    libInnoSecure.so[0xCBBCB000])[4E F6 44 25 ]0x00004500:	MOVW	R5, #0XEA44
(    libInnoSecure.so[0xCBBCB000])[CA F2 BE 45 ]0x00004504:	MOVT	R5, #0XA4BE	;(R5=0x0000EA44 )
(    libInnoSecure.so[0xCBBCB000])[28 44       ]0x00004508:	ADD	R0, R5	;(R0=0x0C09AC74 R5=0xA4BEEA44 )
(    libInnoSecure.so[0xCBBCB000])[81 EA 04 05 ]0x0000450A:	EOR.W	R5, R1, R4	;(R1=0xD2A071CE R4=0x6C384785 )
(    libInnoSecure.so[0xCBBCB000])[1C 44       ]0x0000450E:	ADD	R4, R3	;(R4=0x6C384785 R3=0x37353430 )
(    libInnoSecure.so[0xCBBCB000])[01 EB 30 70 ]0x00004510:	ADD.W	R0, R1, R0, ROR #28	;(R1=0xD2A071CE R0=0xB0C896B8 )
(    libInnoSecure.so[0xCBBCB000])[45 40       ]0x00004514:	EORS	R5, R0	;(R5=0xBE98364B R0=0xDF29DD59 )
(    libInnoSecure.so[0xCBBCB000])[2A 44       ]0x00004516:	ADD	R2, R5	;(R2=0x12E2ED9B R5=0x61B1EB12 )
(    libInnoSecure.so[0xCBBCB000])[4C F6 A9 75 ]0x00004518:	MOVW	R5, #0XCFA9
(    libInnoSecure.so[0xCBBCB000])[C4 F6 DE 35 ]0x0000451C:	MOVT	R5, #0X4BDE	;(R5=0x0000CFA9 )
(    libInnoSecure.so[0xCBBCB000])[2A 44       ]0x00004520:	ADD	R2, R5	;(R2=0x7494D8AD R5=0x4BDECFA9 )
(    libInnoSecure.so[0xCBBCB000])[80 EA 01 05 ]0x00004522:	EOR.W	R5, R0, R1	;(R0=0xDF29DD59 R1=0xD2A071CE )
(    libInnoSecure.so[0xCBBCB000])[59 44       ]0x00004526:	ADD	R1, FP	;(R1=0xD2A071CE FP=0x36306430 )
(    libInnoSecure.so[0xCBBCB000])[00 EB 72 52 ]0x00004528:	ADD.W	R2, R0, R2, ROR #21	;(R0=0xDF29DD59 R2=0xC073A856 )
(    libInnoSecure.so[0xCBBCB000])[55 40       ]0x0000452C:	EORS	R5, R2	;(R5=0x0D89AC97 R2=0x7C6C935C )
(    libInnoSecure.so[0xCBBCB000])[2C 44       ]0x0000452E:	ADD	R4, R5	;(R4=0xA36D7BB5 R5=0x71E53FCB )
(    libInnoSecure.so[0xCBBCB000])[44 F6 60 35 ]0x00004530:	MOVW	R5, #0X4B60
(    libInnoSecure.so[0xCBBCB000])[CF F2 BB 65 ]0x00004534:	MOVT	R5, #0XF6BB	;(R5=0x00004B60 )
(    libInnoSecure.so[0xCBBCB000])[2C 44       ]0x00004538:	ADD	R4, R5	;(R4=0x1552BB80 R5=0xF6BB4B60 )
(    libInnoSecure.so[0xCBBCB000])[82 EA 00 05 ]0x0000453A:	EOR.W	R5, R2, R0	;(R2=0x7C6C935C R0=0xDF29DD59 )
(    libInnoSecure.so[0xCBBCB000])[40 44       ]0x0000453E:	ADD	R0, R8	;(R0=0xDF29DD59 R8=0x37663638 )
(    libInnoSecure.so[0xCBBCB000])[02 EB 34 44 ]0x00004540:	ADD.W	R4, R2, R4, ROR #16	;(R2=0x7C6C935C R4=0x0C0E06E0 )
(    libInnoSecure.so[0xCBBCB000])[DD F8 34 80 ]0x00004544:	LDR.W	R8, [SP, #0X34]	;(SP=0x100FFD18 )
(    libInnoSecure.so[0xCBBCB000])[65 40       ]0x00004548:	EORS	R5, R4	;(R5=0xA3454E05 R4=0x834C9F6A )
(    libInnoSecure.so[0xCBBCB000])[29 44       ]0x0000454A:	ADD	R1, R5	;(R1=0x08D0D5FE R5=0x2009D16F )
(    libInnoSecure.so[0xCBBCB000])[4B F6 70 45 ]0x0000454C:	MOVW	R5, #0XBC70
(    libInnoSecure.so[0xCBBCB000])[CB F6 BF 65 ]0x00004550:	MOVT	R5, #0XBEBF	;(R5=0x0000BC70 )
(    libInnoSecure.so[0xCBBCB000])[29 44       ]0x00004554:	ADD	R1, R5	;(R1=0x28DAA76D R5=0xBEBFBC70 )
(    libInnoSecure.so[0xCBBCB000])[84 EA 02 05 ]0x00004556:	EOR.W	R5, R4, R2	;(R4=0x834C9F6A R2=0x7C6C935C )
(    libInnoSecure.so[0xCBBCB000])[32 44       ]0x0000455A:	ADD	R2, R6	;(R2=0x7C6C935C R6=0x32383033 )
(    libInnoSecure.so[0xCBBCB000])[04 EB 71 21 ]0x0000455C:	ADD.W	R1, R4, R1, ROR #9	;(R4=0x834C9F6A R1=0xE79A63DD )
(    libInnoSecure.so[0xCBBCB000])[4D 40       ]0x00004560:	EORS	R5, R1	;(R5=0xFF200C36 R1=0x72406C9B )
(    libInnoSecure.so[0xCBBCB000])[28 44       ]0x00004562:	ADD	R0, R5	;(R0=0x16901391 R5=0x8D6060AD )
(    libInnoSecure.so[0xCBBCB000])[47 F6 C6 65 ]0x00004564:	MOVW	R5, #0X7EC6
(    libInnoSecure.so[0xCBBCB000])[C2 F6 9B 05 ]0x00004568:	MOVT	R5, #0X289B	;(R5=0x00007EC6 )
(    libInnoSecure.so[0xCBBCB000])[28 44       ]0x0000456C:	ADD	R0, R5	;(R0=0xA3F0743E R5=0x289B7EC6 )
(    libInnoSecure.so[0xCBBCB000])[81 EA 04 05 ]0x0000456E:	EOR.W	R5, R1, R4	;(R1=0x72406C9B R4=0x834C9F6A )
(    libInnoSecure.so[0xCBBCB000])[64 44       ]0x00004572:	ADD	R4, IP	;(R4=0x834C9F6A IP=0x34383130 )
(    libInnoSecure.so[0xCBBCB000])[01 EB 30 70 ]0x00004574:	ADD.W	R0, R1, R0, ROR #28	;(R1=0x72406C9B R0=0xCC8BF304 )
(    libInnoSecure.so[0xCBBCB000])[45 40       ]0x00004578:	EORS	R5, R0	;(R5=0xF10CF3F1 R0=0x3AFF9CE7 )
(    libInnoSecure.so[0xCBBCB000])[2A 44       ]0x0000457A:	ADD	R2, R5	;(R2=0xAEA4C38F R5=0xCBF36F16 )
(    libInnoSecure.so[0xCBBCB000])[42 F2 FA 75 ]0x0000457C:	MOVW	R5, #0X27FA
(    libInnoSecure.so[0xCBBCB000])[CE F6 A1 25 ]0x00004580:	MOVT	R5, #0XEAA1	;(R5=0x000027FA )
(    libInnoSecure.so[0xCBBCB000])[2A 44       ]0x00004584:	ADD	R2, R5	;(R2=0x7A9832A5 R5=0xEAA127FA )
(    libInnoSecure.so[0xCBBCB000])[80 EA 01 05 ]0x00004586:	EOR.W	R5, R0, R1	;(R0=0x3AFF9CE7 R1=0x72406C9B )
(    libInnoSecure.so[0xCBBCB000])[49 44       ]0x0000458A:	ADD	R1, SB	;(R1=0x72406C9B SB=0x32303230 )
(    libInnoSecure.so[0xCBBCB000])[00 EB 72 52 ]0x0000458C:	ADD.W	R2, R0, R2, ROR #21	;(R0=0x3AFF9CE7 R2=0x65395A9F )
(    libInnoSecure.so[0xCBBCB000])[55 40       ]0x00004590:	EORS	R5, R2	;(R5=0x48BFF07C R2=0x05D49810 )
(    libInnoSecure.so[0xCBBCB000])[2C 44       ]0x00004592:	ADD	R4, R5	;(R4=0xB784D09A R5=0x4D6B686C )
(    libInnoSecure.so[0xCBBCB000])[43 F2 85 05 ]0x00004594:	MOVW	R5, #0X3085
(    libInnoSecure.so[0xCBBCB000])[CD F2 EF 45 ]0x00004598:	MOVT	R5, #0XD4EF	;(R5=0x00003085 )
(    libInnoSecure.so[0xCBBCB000])[2C 44       ]0x0000459C:	ADD	R4, R5	;(R4=0x04F03906 R5=0xD4EF3085 )
(    libInnoSecure.so[0xCBBCB000])[82 EA 00 05 ]0x0000459E:	EOR.W	R5, R2, R0	;(R2=0x05D49810 R0=0x3AFF9CE7 )
(    libInnoSecure.so[0xCBBCB000])[02 EB 34 44 ]0x000045A2:	ADD.W	R4, R2, R4, ROR #16	;(R2=0x05D49810 R4=0xD9DF698B )
(    libInnoSecure.so[0xCBBCB000])[65 40       ]0x000045A6:	EORS	R5, R4	;(R5=0x3F2B04F7 R4=0x6F6071EF )
(    libInnoSecure.so[0xCBBCB000])[29 44       ]0x000045A8:	ADD	R1, R5	;(R1=0xA4709ECB R5=0x504B7518 )
(    libInnoSecure.so[0xCBBCB000])[41 F6 05 55 ]0x000045AA:	MOVW	R5, #0X1D05
(    libInnoSecure.so[0xCBBCB000])[C0 F2 88 45 ]0x000045AE:	MOVT	R5, #0X488	;(R5=0x00001D05 )
(    libInnoSecure.so[0xCBBCB000])[29 44       ]0x000045B2:	ADD	R1, R5	;(R1=0xF4BC13E3 R5=0x04881D05 )
(    libInnoSecure.so[0xCBBCB000])[84 EA 02 05 ]0x000045B4:	EOR.W	R5, R4, R2	;(R4=0x6F6071EF R2=0x05D49810 )
(    libInnoSecure.so[0xCBBCB000])[42 44       ]0x000045B8:	ADD	R2, R8	;(R2=0x05D49810 R8=0x38343638 )
(    libInnoSecure.so[0xCBBCB000])[04 EB 71 21 ]0x000045BA:	ADD.W	R1, R4, R1, ROR #9	;(R4=0x6F6071EF R1=0xF94430E8 )
(    libInnoSecure.so[0xCBBCB000])[85 EA 01 0E ]0x000045BE:	EOR.W	LR, R5, R1	;(R5=0x6AB4E9FF R1=0xE3DD1407 )
(    libInnoSecure.so[0xCBBCB000])[10 9D       ]0x000045C2:	LDR	R5, [SP, #0X40]	;(SP=0x100FFD18 )
(    libInnoSecure.so[0xCBBCB000])[28 44       ]0x000045C4:	ADD	R0, R5	;(R0=0x3AFF9CE7 R5=0x30333662 )
(    libInnoSecure.so[0xCBBCB000])[4D F2 39 05 ]0x000045C6:	MOVW	R5, #0XD039
(    libInnoSecure.so[0xCBBCB000])[70 44       ]0x000045CA:	ADD	R0, LR	;(R0=0x6B32D349 LR=0x8969FDF8 )
(    libInnoSecure.so[0xCBBCB000])[CD F6 D4 15 ]0x000045CC:	MOVT	R5, #0XD9D4	;(R5=0x0000D039 )
(    libInnoSecure.so[0xCBBCB000])[28 44       ]0x000045D0:	ADD	R0, R5	;(R0=0xF49CD141 R5=0xD9D4D039 )
(    libInnoSecure.so[0xCBBCB000])[81 EA 04 05 ]0x000045D2:	EOR.W	R5, R1, R4	;(R1=0xE3DD1407 R4=0x6F6071EF )
(    libInnoSecure.so[0xCBBCB000])[DD F8 0C E0 ]0x000045D6:	LDR.W	LR, [SP, #0XC]	;(SP=0x100FFD18 )
(    libInnoSecure.so[0xCBBCB000])[01 EB 30 70 ]0x000045DA:	ADD.W	R0, R1, R0, ROR #28	;(R1=0xE3DD1407 R0=0xCE71A17A )
(    libInnoSecure.so[0xCBBCB000])[45 40       ]0x000045DE:	EORS	R5, R0	;(R5=0x8CBD65E8 R0=0xCAF72BB3 )
(    libInnoSecure.so[0xCBBCB000])[74 44       ]0x000045E0:	ADD	R4, LR	;(R4=0x6F6071EF LR=0x35303130 )
(    libInnoSecure.so[0xCBBCB000])[2A 44       ]0x000045E2:	ADD	R2, R5	;(R2=0x3E08CE48 R5=0x464A4E5B )
(    libInnoSecure.so[0xCBBCB000])[49 F6 E5 15 ]0x000045E4:	MOVW	R5, #0X99E5
(    libInnoSecure.so[0xCBBCB000])[CE F2 DB 65 ]0x000045E8:	MOVT	R5, #0XE6DB	;(R5=0x000099E5 )
(    libInnoSecure.so[0xCBBCB000])[2A 44       ]0x000045EC:	ADD	R2, R5	;(R2=0x84531CA3 R5=0xE6DB99E5 )
(    libInnoSecure.so[0xCBBCB000])[80 EA 01 05 ]0x000045EE:	EOR.W	R5, R0, R1	;(R0=0xCAF72BB3 R1=0xE3DD1407 )
(    libInnoSecure.so[0xCBBCB000])[51 44       ]0x000045F2:	ADD	R1, SL	;(R1=0xE3DD1407 SL=0x32383033 )
(    libInnoSecure.so[0xCBBCB000])[00 EB 72 52 ]0x000045F4:	ADD.W	R2, R0, R2, ROR #21	;(R0=0xCAF72BB3 R2=0x6B2EB688 )
(    libInnoSecure.so[0xCBBCB000])[55 40       ]0x000045F8:	EORS	R5, R2	;(R5=0x292A3FB4 R2=0x40AB6F0C )
(    libInnoSecure.so[0xCBBCB000])[2C 44       ]0x000045FA:	ADD	R4, R5	;(R4=0xA490A31F R5=0x698150B8 )
(    libInnoSecure.so[0xCBBCB000])[47 F6 F8 45 ]0x000045FC:	MOVW	R5, #0X7CF8
(    libInnoSecure.so[0xCBBCB000])[C1 F6 A2 75 ]0x00004600:	MOVT	R5, #0X1FA2	;(R5=0x00007CF8 )
(    libInnoSecure.so[0xCBBCB000])[2C 44       ]0x00004604:	ADD	R4, R5	;(R4=0x0E11F3D7 R5=0x1FA27CF8 )
(    libInnoSecure.so[0xCBBCB000])[82 EA 00 05 ]0x00004606:	EOR.W	R5, R2, R0	;(R2=0x40AB6F0C R0=0xCAF72BB3 )
(    libInnoSecure.so[0xCBBCB000])[30 44       ]0x0000460A:	ADD	R0, R6	;(R0=0xCAF72BB3 R6=0x32383033 )
(    libInnoSecure.so[0xCBBCB000])[02 EB 34 44 ]0x0000460C:	ADD.W	R4, R2, R4, ROR #16	;(R2=0x40AB6F0C R4=0x2DB470CF )
(    libInnoSecure.so[0xCBBCB000])[45 F6 C3 16 ]0x00004610:	MOVW	R6, #0X59C3
(    libInnoSecure.so[0xCBBCB000])[65 40       ]0x00004614:	EORS	R5, R4	;(R5=0x8A5C44BF R4=0xB17A9CC0 )
(    libInnoSecure.so[0xCBBCB000])[C6 F2 5B 56 ]0x00004616:	MOVT	R6, #0X655B	;(R6=0x000059C3 )
(    libInnoSecure.so[0xCBBCB000])[29 44       ]0x0000461A:	ADD	R1, R5	;(R1=0x1615443A R5=0x3B26D87F )
(    libInnoSecure.so[0xCBBCB000])[45 F2 65 65 ]0x0000461C:	MOVW	R5, #0X5665
(    libInnoSecure.so[0xCBBCB000])[CC F2 AC 45 ]0x00004620:	MOVT	R5, #0XC4AC	;(R5=0x00005665 )
(    libInnoSecure.so[0xCBBCB000])[29 44       ]0x00004624:	ADD	R1, R5	;(R1=0x513C1CB9 R5=0xC4AC5665 )
(    libInnoSecure.so[0xCBBCB000])[04 EB 71 21 ]0x00004626:	ADD.W	R1, R4, R1, ROR #9	;(R4=0xB17A9CC0 R1=0x15E8731E )
(    libInnoSecure.so[0xCBBCB000])[61 EA 02 05 ]0x0000462A:	ORN	R5, R1, R2	;(R1=0x408590F9 R2=0x40AB6F0C )
(    libInnoSecure.so[0xCBBCB000])[1A 44       ]0x0000462E:	ADD	R2, R3	;(R2=0x40AB6F0C R3=0x37353430 )
(    libInnoSecure.so[0xCBBCB000])[65 40       ]0x00004630:	EORS	R5, R4	;(R5=0xFFD590FB R4=0xB17A9CC0 )
(    libInnoSecure.so[0xCBBCB000])[01 9B       ]0x00004632:	LDR	R3, [SP, #4]	;(SP=0x100FFD18 )
(    libInnoSecure.so[0xCBBCB000])[28 44       ]0x00004634:	ADD	R0, R5	;(R0=0xFD2F5BE6 R5=0x4EAF0C3B )
(    libInnoSecure.so[0xCBBCB000])[42 F2 44 25 ]0x00004636:	MOVW	R5, #0X2244
(    libInnoSecure.so[0xCBBCB000])[CF F2 29 45 ]0x0000463A:	MOVT	R5, #0XF429	;(R5=0x00002244 )
(    libInnoSecure.so[0xCBBCB000])[28 44       ]0x0000463E:	ADD	R0, R5	;(R0=0x4BDE6821 R5=0xF4292244 )
(    libInnoSecure.so[0xCBBCB000])[23 44       ]0x00004640:	ADD	R3, R4	;(R3=0x31306430 R4=0xB17A9CC0 )
(    libInnoSecure.so[0xCBBCB000])[01 EB B0 60 ]0x00004642:	ADD.W	R0, R1, R0, ROR #26	;(R1=0x408590F9 R0=0x40078A65 )
(    libInnoSecure.so[0xCBBCB000])[60 EA 04 05 ]0x00004646:	ORN	R5, R0, R4	;(R0=0x42682A49 R4=0xB17A9CC0 )
(    libInnoSecure.so[0xCBBCB000])[42 F2 A7 34 ]0x0000464A:	MOVW	R4, #0X23A7
(    libInnoSecure.so[0xCBBCB000])[4D 40       ]0x0000464E:	EORS	R5, R1	;(R5=0x4EED6B7F R1=0x408590F9 )
(    libInnoSecure.so[0xCBBCB000])[CA F6 94 34 ]0x00004650:	MOVT	R4, #0XAB94	;(R4=0x000023A7 )
(    libInnoSecure.so[0xCBBCB000])[2A 44       ]0x00004654:	ADD	R2, R5	;(R2=0x77E0A33C R5=0x0E68FB86 )
(    libInnoSecure.so[0xCBBCB000])[4F F6 97 75 ]0x00004656:	MOVW	R5, #0XFF97
(    libInnoSecure.so[0xCBBCB000])[C4 F2 2A 35 ]0x0000465A:	MOVT	R5, #0X432A	;(R5=0x0000FF97 )
(    libInnoSecure.so[0xCBBCB000])[2A 44       ]0x0000465E:	ADD	R2, R5	;(R2=0x86499EC2 R5=0x432AFF97 )
(    libInnoSecure.so[0xCBBCB000])[00 EB B2 52 ]0x00004660:	ADD.W	R2, R0, R2, ROR #22	;(R0=0x42682A49 R2=0xC9749E59 )
(    libInnoSecure.so[0xCBBCB000])[62 EA 01 05 ]0x00004664:	ORN	R5, R2, R1	;(R2=0x14E1916E R1=0x408590F9 )
(    libInnoSecure.so[0xCBBCB000])[45 40       ]0x00004668:	EORS	R5, R0	;(R5=0xBFFBFF6E R0=0x42682A49 )
(    libInnoSecure.so[0xCBBCB000])[2B 44       ]0x0000466A:	ADD	R3, R5	;(R3=0xE2AB00F0 R5=0xFD93D527 )
(    libInnoSecure.so[0xCBBCB000])[09 9D       ]0x0000466C:	LDR	R5, [SP, #0X24]	;(SP=0x100FFD18 )
(    libInnoSecure.so[0xCBBCB000])[23 44       ]0x0000466E:	ADD	R3, R4	;(R3=0xE03ED617 R4=0xAB9423A7 )
(    libInnoSecure.so[0xCBBCB000])[29 44       ]0x00004670:	ADD	R1, R5	;(R1=0x408590F9 R5=0x31303230 )
(    libInnoSecure.so[0xCBBCB000])[11 9D       ]0x00004672:	LDR	R5, [SP, #0X44]	;(SP=0x100FFD18 )
(    libInnoSecure.so[0xCBBCB000])[02 EB 73 43 ]0x00004674:	ADD.W	R3, R2, R3, ROR #17	;(R2=0x14E1916E R3=0x8BD2F9BE )
(    libInnoSecure.so[0xCBBCB000])[63 EA 00 04 ]0x00004678:	ORN	R4, R3, R0	;(R3=0x91C0D757 R0=0x42682A49 )
(    libInnoSecure.so[0xCBBCB000])[40 44       ]0x0000467C:	ADD	R0, R8	;(R0=0x42682A49 R8=0x38343638 )
(    libInnoSecure.so[0xCBBCB000])[54 40       ]0x0000467E:	EORS	R4, R2	;(R4=0xBDD7D7F7 R2=0x14E1916E )
(    libInnoSecure.so[0xCBBCB000])[21 44       ]0x00004680:	ADD	R1, R4	;(R1=0x71B5C329 R4=0xA9364699 )
(    libInnoSecure.so[0xCBBCB000])[4A F2 39 04 ]0x00004682:	MOVW	R4, #0XA039
(    libInnoSecure.so[0xCBBCB000])[CF F6 93 44 ]0x00004686:	MOVT	R4, #0XFC93	;(R4=0x0000A039 )
(    libInnoSecure.so[0xCBBCB000])[21 44       ]0x0000468A:	ADD	R1, R4	;(R1=0x1AEC09C2 R4=0xFC93A039 )
(    libInnoSecure.so[0xCBBCB000])[03 EB F1 21 ]0x0000468C:	ADD.W	R1, R3, R1, ROR #11	;(R3=0x91C0D757 R1=0x177FA9FB )
(    libInnoSecure.so[0xCBBCB000])[61 EA 02 04 ]0x00004690:	ORN	R4, R1, R2	;(R1=0xD123C74C R2=0x14E1916E )
(    libInnoSecure.so[0xCBBCB000])[62 44       ]0x00004694:	ADD	R2, IP	;(R2=0x14E1916E IP=0x34383130 )
(    libInnoSecure.so[0xCBBCB000])[5C 40       ]0x00004696:	EORS	R4, R3	;(R4=0xFB3FEFDD R3=0x91C0D757 )
(    libInnoSecure.so[0xCBBCB000])[DD F8 1C C0 ]0x00004698:	LDR.W	IP, [SP, #0X1C]	;(SP=0x100FFD18 )
(    libInnoSecure.so[0xCBBCB000])[20 44       ]0x0000469C:	ADD	R0, R4	;(R0=0x7A9C6081 R4=0x6AFF388A )
(    libInnoSecure.so[0xCBBCB000])[30 44       ]0x0000469E:	ADD	R0, R6	;(R0=0xE59B990B R6=0x655B59C3 )
(    libInnoSecure.so[0xCBBCB000])[01 EB B0 60 ]0x000046A0:	ADD.W	R0, R1, R0, ROR #26	;(R1=0xD123C74C R0=0x4AF6F2CE )
(    libInnoSecure.so[0xCBBCB000])[60 EA 03 06 ]0x000046A4:	ORN	R6, R0, R3	;(R0=0x8EE07ADE R3=0x91C0D757 )
(    libInnoSecure.so[0xCBBCB000])[5B 44       ]0x000046A8:	ADD	R3, FP	;(R3=0x91C0D757 FP=0x36306430 )
(    libInnoSecure.so[0xCBBCB000])[4E 40       ]0x000046AA:	EORS	R6, R1	;(R6=0xEEFF7AFE R1=0xD123C74C )
(    libInnoSecure.so[0xCBBCB000])[32 44       ]0x000046AC:	ADD	R2, R6	;(R2=0x4919C29E R6=0x3FDCBDB2 )
(    libInnoSecure.so[0xCBBCB000])[4C F6 92 46 ]0x000046AE:	MOVW	R6, #0XCC92
(    libInnoSecure.so[0xCBBCB000])[C8 F6 0C 76 ]0x000046B2:	MOVT	R6, #0X8F0C	;(R6=0x0000CC92 )
(    libInnoSecure.so[0xCBBCB000])[32 44       ]0x000046B6:	ADD	R2, R6	;(R2=0x88F68050 R6=0x8F0CCC92 )
(    libInnoSecure.so[0xCBBCB000])[00 EB B2 52 ]0x000046B8:	ADD.W	R2, R0, R2, ROR #22	;(R0=0x8EE07ADE R2=0x18034CE2 )
(    libInnoSecure.so[0xCBBCB000])[62 EA 01 06 ]0x000046BC:	ORN	R6, R2, R1	;(R2=0x9C14033E R1=0xD123C74C )
(    libInnoSecure.so[0xCBBCB000])[29 44       ]0x000046C0:	ADD	R1, R5	;(R1=0xD123C74C R5=0x62313230 )
(    libInnoSecure.so[0xCBBCB000])[46 40       ]0x000046C2:	EORS	R6, R0	;(R6=0xBEDC3BBF R0=0x8EE07ADE )
(    libInnoSecure.so[0xCBBCB000])[0A 9D       ]0x000046C4:	LDR	R5, [SP, #0X28]	;(SP=0x100FFD18 )
(    libInnoSecure.so[0xCBBCB000])[33 44       ]0x000046C6:	ADD	R3, R6	;(R3=0xC7F13B87 R6=0x303C4161 )
(    libInnoSecure.so[0xCBBCB000])[4F F2 7D 46 ]0x000046C8:	MOVW	R6, #0XF47D
(    libInnoSecure.so[0xCBBCB000])[CF F6 EF 76 ]0x000046CC:	MOVT	R6, #0XFFEF	;(R6=0x0000F47D )
(    libInnoSecure.so[0xCBBCB000])[33 44       ]0x000046D0:	ADD	R3, R6	;(R3=0xF82D7CE8 R6=0xFFEFF47D )
(    libInnoSecure.so[0xCBBCB000])[02 EB 73 43 ]0x000046D2:	ADD.W	R3, R2, R3, ROR #17	;(R2=0x9C14033E R3=0xF81D7165 )
(    libInnoSecure.so[0xCBBCB000])[63 EA 00 06 ]0x000046D6:	ORN	R6, R3, R0	;(R3=0x54C6FF4C R0=0x8EE07ADE )
(    libInnoSecure.so[0xCBBCB000])[28 44       ]0x000046DA:	ADD	R0, R5	;(R0=0x8EE07ADE R5=0x61656234 )
(    libInnoSecure.so[0xCBBCB000])[56 40       ]0x000046DC:	EORS	R6, R2	;(R6=0x75DFFF6D R2=0x9C14033E )
(    libInnoSecure.so[0xCBBCB000])[08 9D       ]0x000046DE:	LDR	R5, [SP, #0X20]	;(SP=0x100FFD18 )
(    libInnoSecure.so[0xCBBCB000])[31 44       ]0x000046E0:	ADD	R1, R6	;(R1=0x3354F97C R6=0xE9CBFC53 )
(    libInnoSecure.so[0xCBBCB000])[45 F6 D1 56 ]0x000046E2:	MOVW	R6, #0X5DD1
(    libInnoSecure.so[0xCBBCB000])[C8 F2 84 56 ]0x000046E6:	MOVT	R6, #0X8584	;(R6=0x00005DD1 )
(    libInnoSecure.so[0xCBBCB000])[31 44       ]0x000046EA:	ADD	R1, R6	;(R1=0x1D20F5CF R6=0x85845DD1 )
(    libInnoSecure.so[0xCBBCB000])[03 EB F1 21 ]0x000046EC:	ADD.W	R1, R3, R1, ROR #11	;(R3=0x54C6FF4C R1=0xA2A553A0 )
(    libInnoSecure.so[0xCBBCB000])[61 EA 02 06 ]0x000046F0:	ORN	R6, R1, R2	;(R1=0xC8DB53F6 R2=0x9C14033E )
(    libInnoSecure.so[0xCBBCB000])[72 44       ]0x000046F4:	ADD	R2, LR	;(R2=0x9C14033E LR=0x35303130 )
(    libInnoSecure.so[0xCBBCB000])[5E 40       ]0x000046F6:	EORS	R6, R3	;(R6=0xEBFBFFF7 R3=0x54C6FF4C )
(    libInnoSecure.so[0xCBBCB000])[30 44       ]0x000046F8:	ADD	R0, R6	;(R0=0xF045DD12 R6=0xBF3D00BB )
(    libInnoSecure.so[0xCBBCB000])[47 F6 4F 66 ]0x000046FA:	MOVW	R6, #0X7E4F
(    libInnoSecure.so[0xCBBCB000])[C6 F6 A8 76 ]0x000046FE:	MOVT	R6, #0X6FA8	;(R6=0x00007E4F )
(    libInnoSecure.so[0xCBBCB000])[30 44       ]0x00004702:	ADD	R0, R6	;(R0=0xAF82DDCD R6=0x6FA87E4F )
(    libInnoSecure.so[0xCBBCB000])[01 EB B0 66 ]0x00004704:	ADD.W	R6, R1, R0, ROR #26	;(R1=0xC8DB53F6 R0=0x1F2B5C1C )
(    libInnoSecure.so[0xCBBCB000])[66 EA 03 00 ]0x00004708:	ORN	R0, R6, R3	;(R6=0x93B25AFD R3=0x54C6FF4C )
(    libInnoSecure.so[0xCBBCB000])[4B 44       ]0x0000470C:	ADD	R3, SB	;(R3=0x54C6FF4C SB=0x32303230 )
(    libInnoSecure.so[0xCBBCB000])[48 40       ]0x0000470E:	EORS	R0, R1	;(R0=0xBBBB5AFF R1=0xC8DB53F6 )
(    libInnoSecure.so[0xCBBCB000])[10 44       ]0x00004710:	ADD	R0, R2	;(R0=0x73600909 R2=0xD144346E )
(    libInnoSecure.so[0xCBBCB000])[4E F2 E0 62 ]0x00004712:	MOVW	R2, #0XE6E0
(    libInnoSecure.so[0xCBBCB000])[CF F6 2C 62 ]0x00004716:	MOVT	R2, #0XFE2C	;(R2=0x0000E6E0 )
(    libInnoSecure.so[0xCBBCB000])[10 44       ]0x0000471A:	ADD	R0, R2	;(R0=0x44A43D77 R2=0xFE2CE6E0 )
(    libInnoSecure.so[0xCBBCB000])[06 EB B0 52 ]0x0000471C:	ADD.W	R2, R6, R0, ROR #22	;(R6=0x93B25AFD R0=0x42D12457 )
(    libInnoSecure.so[0xCBBCB000])[62 EA 01 00 ]0x00004720:	ORN	R0, R2, R1	;(R2=0xD843B808 R1=0xC8DB53F6 )
(    libInnoSecure.so[0xCBBCB000])[29 44       ]0x00004724:	ADD	R1, R5	;(R1=0xC8DB53F6 R5=0x37663638 )
(    libInnoSecure.so[0xCBBCB000])[70 40       ]0x00004726:	EORS	R0, R6	;(R0=0xFF67BC09 R6=0x93B25AFD )
(    libInnoSecure.so[0xCBBCB000])[0B 9D       ]0x00004728:	LDR	R5, [SP, #0X2C]	;(SP=0x100FFD18 )
(    libInnoSecure.so[0xCBBCB000])[18 44       ]0x0000472A:	ADD	R0, R3	;(R0=0x6CD5E6F4 R3=0x86F7317C )
(    libInnoSecure.so[0xCBBCB000])[44 F2 14 33 ]0x0000472C:	MOVW	R3, #0X4314
(    libInnoSecure.so[0xCBBCB000])[CA F2 01 33 ]0x00004730:	MOVT	R3, #0XA301	;(R3=0x00004314 )
(    libInnoSecure.so[0xCBBCB000])[18 44       ]0x00004734:	ADD	R0, R3	;(R0=0xF3CD1870 R3=0xA3014314 )
(    libInnoSecure.so[0xCBBCB000])[02 EB 70 40 ]0x00004736:	ADD.W	R0, R2, R0, ROR #17	;(R2=0xD843B808 R0=0x96CE5B84 )
(    libInnoSecure.so[0xCBBCB000])[60 EA 06 03 ]0x0000473A:	ORN	R3, R0, R6	;(R0=0x0606036F R6=0x93B25AFD )
(    libInnoSecure.so[0xCBBCB000])[2E 44       ]0x0000473E:	ADD	R6, R5	;(R6=0x93B25AFD R5=0x33303061 )
(    libInnoSecure.so[0xCBBCB000])[53 40       ]0x00004740:	EORS	R3, R2	;(R3=0x6E4FA76F R2=0xD843B808 )
(    libInnoSecure.so[0xCBBCB000])[19 44       ]0x00004742:	ADD	R1, R3	;(R1=0x00418A2E R3=0xB60C1F67 )
(    libInnoSecure.so[0xCBBCB000])[41 F2 A1 13 ]0x00004744:	MOVW	R3, #0X11A1
(    libInnoSecure.so[0xCBBCB000])[C4 F6 08 63 ]0x00004748:	MOVT	R3, #0X4E08	;(R3=0x000011A1 )
(    libInnoSecure.so[0xCBBCB000])[19 44       ]0x0000474C:	ADD	R1, R3	;(R1=0xB64DA995 R3=0x4E0811A1 )
(    libInnoSecure.so[0xCBBCB000])[00 EB F1 21 ]0x0000474E:	ADD.W	R1, R0, R1, ROR #11	;(R0=0x0606036F R1=0x0455BB36 )
(    libInnoSecure.so[0xCBBCB000])[61 EA 02 03 ]0x00004752:	ORN	R3, R1, R2	;(R1=0x6CC68E26 R2=0xD843B808 )
(    libInnoSecure.so[0xCBBCB000])[43 40       ]0x00004756:	EORS	R3, R0	;(R3=0x6FFECFF7 R0=0x0606036F )
(    libInnoSecure.so[0xCBBCB000])[33 44       ]0x00004758:	ADD	R3, R6	;(R3=0x69F8CC98 R6=0xC6E28B5E )
(    libInnoSecure.so[0xCBBCB000])[47 F6 82 66 ]0x0000475A:	MOVW	R6, #0X7E82
(    libInnoSecure.so[0xCBBCB000])[CF F2 53 76 ]0x0000475E:	MOVT	R6, #0XF753	;(R6=0x00007E82 )
(    libInnoSecure.so[0xCBBCB000])[33 44       ]0x00004762:	ADD	R3, R6	;(R3=0x30DB57F6 R6=0xF7537E82 )
(    libInnoSecure.so[0xCBBCB000])[DC F8 00 60 ]0x00004764:	LDR.W	R6, [IP]	;(IP=0x100FFEF8 )
(    libInnoSecure.so[0xCBBCB000])[01 EB B3 63 ]0x00004768:	ADD.W	R3, R1, R3, ROR #26	;(R1=0x6CC68E26 R3=0x282ED678 )
(    libInnoSecure.so[0xCBBCB000])[1E 44       ]0x0000476C:	ADD	R6, R3	;(R6=0x67452301 R3=0x787C2C30 )
(    libInnoSecure.so[0xCBBCB000])[CC F8 00 60 ]0x0000476E:	STR.W	R6, [IP]	;(R6=0xDFC14F31 IP=0x100FFEF8 )
(    libInnoSecure.so[0xCBBCB000])[05 9D       ]0x00004772:	LDR	R5, [SP, #0X14]	;(SP=0x100FFD18 )
(    libInnoSecure.so[0xCBBCB000])[63 EA 00 06 ]0x00004774:	ORN	R6, R3, R0	;(R3=0x787C2C30 R0=0x0606036F )
(    libInnoSecure.so[0xCBBCB000])[4E 40       ]0x00004778:	EORS	R6, R1	;(R6=0xF9FDFCB0 R1=0x6CC68E26 )
(    libInnoSecure.so[0xCBBCB000])[50 44       ]0x0000477A:	ADD	R0, SL	;(R0=0x0606036F SL=0x32383033 )
(    libInnoSecure.so[0xCBBCB000])[2A 44       ]0x0000477C:	ADD	R2, R5	;(R2=0xD843B808 R5=0x61323930 )
(    libInnoSecure.so[0xCBBCB000])[32 44       ]0x0000477E:	ADD	R2, R6	;(R2=0x3975F138 R6=0x953B7296 )
(    libInnoSecure.so[0xCBBCB000])[4F F2 35 26 ]0x00004780:	MOVW	R6, #0XF235
(    libInnoSecure.so[0xCBBCB000])[CB F6 3A 56 ]0x00004784:	MOVT	R6, #0XBD3A	;(R6=0x0000F235 )
(    libInnoSecure.so[0xCBBCB000])[32 44       ]0x00004788:	ADD	R2, R6	;(R2=0xCEB163CE R6=0xBD3AF235 )
(    libInnoSecure.so[0xCBBCB000])[DC E9 01 65 ]0x0000478A:	LDRD	R6, R5, [IP, #4]	;(IP=0x100FFEF8 )
(    libInnoSecure.so[0xCBBCB000])[DC F8 0C 40 ]0x0000478E:	LDR.W	R4, [IP, #0XC]	;(IP=0x100FFEF8 )
(    libInnoSecure.so[0xCBBCB000])[03 EB B2 52 ]0x00004792:	ADD.W	R2, R3, R2, ROR #22	;(R3=0x787C2C30 R2=0x8BEC5603 )
(    libInnoSecure.so[0xCBBCB000])[14 44       ]0x00004796:	ADD	R4, R2	;(R4=0x10325476 R2=0x29D43A5F )
(    libInnoSecure.so[0xCBBCB000])[CC F8 0C 40 ]0x00004798:	STR.W	R4, [IP, #0XC]	;(R4=0x3A068ED5 IP=0x100FFEF8 )
(    libInnoSecure.so[0xCBBCB000])[62 EA 01 04 ]0x0000479C:	ORN	R4, R2, R1	;(R2=0x29D43A5F R1=0x6CC68E26 )
(    libInnoSecure.so[0xCBBCB000])[5C 40       ]0x000047A0:	EORS	R4, R3	;(R4=0xBBFD7BDF R3=0x787C2C30 )
(    libInnoSecure.so[0xCBBCB000])[20 44       ]0x000047A2:	ADD	R0, R4	;(R0=0x383E33A2 R4=0xC38157EF )
(    libInnoSecure.so[0xCBBCB000])[4D F2 BB 24 ]0x000047A4:	MOVW	R4, #0XD2BB
(    libInnoSecure.so[0xCBBCB000])[C2 F6 D7 24 ]0x000047A8:	MOVT	R4, #0X2AD7	;(R4=0x0000D2BB )
(    libInnoSecure.so[0xCBBCB000])[20 44       ]0x000047AC:	ADD	R0, R4	;(R0=0xFBBF8B91 R4=0x2AD7D2BB )
(    libInnoSecure.so[0xCBBCB000])[02 EB 70 40 ]0x000047AE:	ADD.W	R0, R2, R0, ROR #17	;(R2=0x29D43A5F R0=0x26975E4C )
(    libInnoSecure.so[0xCBBCB000])[05 44       ]0x000047B2:	ADD	R5, R0	;(R5=0x98BADCFE R0=0xD8FA4DAA )
(    libInnoSecure.so[0xCBBCB000])[60 EA 03 03 ]0x000047B4:	ORN	R3, R0, R3	;(R0=0xD8FA4DAA R3=0x787C2C30 )
(    libInnoSecure.so[0xCBBCB000])[CC F8 08 50 ]0x000047B8:	STR.W	R5, [IP, #8]	;(R5=0x71B52AA8 IP=0x100FFEF8 )
(    libInnoSecure.so[0xCBBCB000])[5A 40       ]0x000047BC:	EORS	R2, R3	;(R2=0x29D43A5F R3=0xDFFBDFEF )
(    libInnoSecure.so[0xCBBCB000])[10 9B       ]0x000047BE:	LDR	R3, [SP, #0X40]	;(SP=0x100FFD18 )
(    libInnoSecure.so[0xCBBCB000])[30 44       ]0x000047C0:	ADD	R0, R6	;(R0=0xD8FA4DAA R6=0xEFCDAB89 )
(    libInnoSecure.so[0xCBBCB000])[19 44       ]0x000047C2:	ADD	R1, R3	;(R1=0x6CC68E26 R3=0x30333662 )
(    libInnoSecure.so[0xCBBCB000])[11 44       ]0x000047C4:	ADD	R1, R2	;(R1=0x9CF9C488 R2=0xF62FE5B0 )
(    libInnoSecure.so[0xCBBCB000])[4D F2 91 32 ]0x000047C6:	MOVW	R2, #0XD391
(    libInnoSecure.so[0xCBBCB000])[CE F6 86 32 ]0x000047CA:	MOVT	R2, #0XEB86	;(R2=0x0000D391 )
(    libInnoSecure.so[0xCBBCB000])[11 44       ]0x000047CE:	ADD	R1, R2	;(R1=0x9329AA38 R2=0xEB86D391 )
(    libInnoSecure.so[0xCBBCB000])[00 EB F1 20 ]0x000047D0:	ADD.W	R0, R0, R1, ROR #11	;(R0=0xC8C7F933 R1=0x7EB07DC9 )
(    libInnoSecure.so[0xCBBCB000])[CC F8 04 00 ]0x000047D4:	STR.W	R0, [IP, #4]	;(R0=0x81F7CF42 IP=0x100FFEF8 )
(    libInnoSecure.so[0xCBBCB000])[07 48       ]0x000047D8:	LDR	R0, [PC, #0X1C]	;(PC=0xCBBCF7D8 )
(    libInnoSecure.so[0xCBBCB000])[52 99       ]0x000047DA:	LDR	R1, [SP, #0X148]	;(SP=0x100FFD18 )
(    libInnoSecure.so[0xCBBCB000])[78 44       ]0x000047DC:	ADD	R0, PC	;(R0=0x000056C0 PC=0xCBBCF7DC )
(    libInnoSecure.so[0xCBBCB000])[00 68       ]0x000047DE:	LDR	R0, [R0]	;(R0=0xCBBD4EA0 )
(    libInnoSecure.so[0xCBBCB000])[00 68       ]0x000047E0:	LDR	R0, [R0]	;(R0=0xCBC29384 )
(    libInnoSecure.so[0xCBBCB000])[40 1A       ]0x000047E2:	SUBS	R0, R0, R1	;(R0=0x00000000 R1=0x00000000 )
(    libInnoSecure.so[0xCBBCB000])[02 BF       ]0x000047E4:	ITTT	EQ
(    libInnoSecure.so[0xCBBCB000])[53 B0       ]0x000047E6:	ADD	SP, #0X14C	;(SP=0x100FFD18 )
(    libInnoSecure.so[0xCBBCB000])[BD E8 00 0F ]0x000047E8:	POP.W	{R8, SB, SL, FP}	;(SP=0x100FFE64 )
(    libInnoSecure.so[0xCBBCB000])[F0 BD       ]0x000047EC:	POP	{R4, R5, R6, R7, PC}	;(SP=0x100FFE74 )
(    libInnoSecure.so[0xCBBCB000])[05 F1 40 00 ]0x0000401E:	ADD.W	R0, R5, #0X40	;(R5=0x00000040 )
(    libInnoSecure.so[0xCBBCB000])[07 E0       ]0x00004022:	B	#0XCBBCF034
(    libInnoSecure.so[0xCBBCB000])[A0 42       ]0x00004034:	CMP	R0, R4	;(R0=0x00000080 R4=0x0000043E )
(    libInnoSecure.so[0xCBBCB000])[F5 D9       ]0x00004036:	BLS	#0XCBBCF024
(    libInnoSecure.so[0xCBBCB000])[09 EB 05 01 ]0x00004024:	ADD.W	R1, SB, R5	;(SB=0x30043020 R5=0x00000040 )
(    libInnoSecure.so[0xCBBCB000])[30 46       ]0x00004028:	MOV	R0, R6	;(R6=0x100FFEF8 )
(    libInnoSecure.so[0xCBBCB000])[00 F0 11 F8 ]0x0000402A:	BL	#0XCBBCF050	;(PC=0xCBBCF02A )
(    libInnoSecure.so[0xCBBCB000])[F0 B5       ]0x00004050:	PUSH	{R4, R5, R6, R7, LR}	;(SP=0x100FFE88 R4=0x0000043E R5=0x00000040 R6=0x100FFEF8 R7=0x100FFEA0 LR=0xCBBCF02F )
(    libInnoSecure.so[0xCBBCB000])[03 AF       ]0x00004052:	ADD	R7, SP, #0XC	;(SP=0x100FFE74 )
(    libInnoSecure.so[0xCBBCB000])[2D E9 00 0F ]0x00004054:	PUSH.W	{R8, SB, SL, FP}	;(SP=0x100FFE74 R8=0x100FFEF0 SB=0x30043020 SL=0x100FFF08 FP=0x00000007 )
(    libInnoSecure.so[0xCBBCB000])[D3 B0       ]0x00004058:	SUB	SP, #0X14C	;(SP=0x100FFE64 )
(    libInnoSecure.so[0xCBBCB000])[DF F8 98 27 ]0x0000405A:	LDR.W	R2, [PC, #0X798]	;(PC=0xCBBCF05A )
(    libInnoSecure.so[0xCBBCB000])[12 AC       ]0x0000405E:	ADD	R4, SP, #0X48	;(SP=0x100FFD18 )
(    libInnoSecure.so[0xCBBCB000])[00 25       ]0x00004060:	MOVS	R5, #0
(    libInnoSecure.so[0xCBBCB000])[7A 44       ]0x00004062:	ADD	R2, PC	;(R2=0x00005E3A PC=0xCBBCF062 )
(    libInnoSecure.so[0xCBBCB000])[12 68       ]0x00004064:	LDR	R2, [R2]	;(R2=0xCBBD4EA0 )
(    libInnoSecure.so[0xCBBCB000])[12 68       ]0x00004066:	LDR	R2, [R2]	;(R2=0xCBC29384 )
(    libInnoSecure.so[0xCBBCB000])[52 92       ]0x00004068:	STR	R2, [SP, #0X148]	;(R2=0x00000000 SP=0x100FFD18 )
(    libInnoSecure.so[0xCBBCB000])[D0 E9 00 C2 ]0x0000406A:	LDRD	IP, R2, [R0]	;(R0=0x100FFEF8 )
(    libInnoSecure.so[0xCBBCB000])[D0 F8 08 E0 ]0x0000406E:	LDR.W	LR, [R0, #8]	;(R0=0x100FFEF8 )
(    libInnoSecure.so[0xCBBCB000])[07 90       ]0x00004072:	STR	R0, [SP, #0X1C]	;(R0=0x100FFEF8 SP=0x100FFD18 )
(    libInnoSecure.so[0xCBBCB000])[C0 68       ]0x00004074:	LDR	R0, [R0, #0XC]	;(R0=0x100FFEF8 )
(    libInnoSecure.so[0xCBBCB000])[4E 59       ]0x00004076:	LDR	R6, [R1, R5]	;(R1=0x30043060 R5=0x00000000 )
(    libInnoSecure.so[0xCBBCB000])[66 51       ]0x00004078:	STR	R6, [R4, R5]	;(R6=0x30303530 R4=0x100FFD60 R5=0x00000000 )
(    libInnoSecure.so[0xCBBCB000])[04 35       ]0x0000407A:	ADDS	R5, #4	;(R5=0x00000000 )
(    libInnoSecure.so[0xCBBCB000])[40 2D       ]0x0000407C:	CMP	R5, #0X40	;(R5=0x00000004 )
(    libInnoSecure.so[0xCBBCB000])[FA D1       ]0x0000407E:	BNE	#0XCBBCF076
(    libInnoSecure.so[0xCBBCB000])[4E 59       ]0x00004076:	LDR	R6, [R1, R5]	;(R1=0x30043060 R5=0x00000004 )
(    libInnoSecure.so[0xCBBCB000])[66 51       ]0x00004078:	STR	R6, [R4, R5]	;(R6=0x32353033 R4=0x100FFD60 R5=0x00000004 )
(    libInnoSecure.so[0xCBBCB000])[04 35       ]0x0000407A:	ADDS	R5, #4	;(R5=0x00000004 )
(    libInnoSecure.so[0xCBBCB000])[40 2D       ]0x0000407C:	CMP	R5, #0X40	;(R5=0x00000008 )
(    libInnoSecure.so[0xCBBCB000])[FA D1       ]0x0000407E:	BNE	#0XCBBCF076
(    libInnoSecure.so[0xCBBCB000])[4E 59       ]0x00004076:	LDR	R6, [R1, R5]	;(R1=0x30043060 R5=0x00000008 )
(    libInnoSecure.so[0xCBBCB000])[66 51       ]0x00004078:	STR	R6, [R4, R5]	;(R6=0x63303133 R4=0x100FFD60 R5=0x00000008 )
(    libInnoSecure.so[0xCBBCB000])[04 35       ]0x0000407A:	ADDS	R5, #4	;(R5=0x00000008 )
(    libInnoSecure.so[0xCBBCB000])[40 2D       ]0x0000407C:	CMP	R5, #0X40	;(R5=0x0000000C )
(    libInnoSecure.so[0xCBBCB000])[FA D1       ]0x0000407E:	BNE	#0XCBBCF076
(    libInnoSecure.so[0xCBBCB000])[4E 59       ]0x00004076:	LDR	R6, [R1, R5]	;(R1=0x30043060 R5=0x0000000C )
(    libInnoSecure.so[0xCBBCB000])[66 51       ]0x00004078:	STR	R6, [R4, R5]	;(R6=0x61303033 R4=0x100FFD60 R5=0x0000000C )
(    libInnoSecure.so[0xCBBCB000])[04 35       ]0x0000407A:	ADDS	R5, #4	;(R5=0x0000000C )
(    libInnoSecure.so[0xCBBCB000])[40 2D       ]0x0000407C:	CMP	R5, #0X40	;(R5=0x00000010 )
(    libInnoSecure.so[0xCBBCB000])[FA D1       ]0x0000407E:	BNE	#0XCBBCF076
(    libInnoSecure.so[0xCBBCB000])[4E 59       ]0x00004076:	LDR	R6, [R1, R5]	;(R1=0x30043060 R5=0x00000010 )
(    libInnoSecure.so[0xCBBCB000])[66 51       ]0x00004078:	STR	R6, [R4, R5]	;(R6=0x33303630 R4=0x100FFD60 R5=0x00000010 )
(    libInnoSecure.so[0xCBBCB000])[04 35       ]0x0000407A:	ADDS	R5, #4	;(R5=0x00000010 )
(    libInnoSecure.so[0xCBBCB000])[40 2D       ]0x0000407C:	CMP	R5, #0X40	;(R5=0x00000014 )
(    libInnoSecure.so[0xCBBCB000])[FA D1       ]0x0000407E:	BNE	#0XCBBCF076
(    libInnoSecure.so[0xCBBCB000])[4E 59       ]0x00004076:	LDR	R6, [R1, R5]	;(R1=0x30043060 R5=0x00000014 )
(    libInnoSecure.so[0xCBBCB000])[66 51       ]0x00004078:	STR	R6, [R4, R5]	;(R6=0x34303535 R4=0x100FFD60 R5=0x00000014 )
(    libInnoSecure.so[0xCBBCB000])[04 35       ]0x0000407A:	ADDS	R5, #4	;(R5=0x00000014 )
(    libInnoSecure.so[0xCBBCB000])[40 2D       ]0x0000407C:	CMP	R5, #0X40	;(R5=0x00000018 )
(    libInnoSecure.so[0xCBBCB000])[FA D1       ]0x0000407E:	BNE	#0XCBBCF076
(    libInnoSecure.so[0xCBBCB000])[4E 59       ]0x00004076:	LDR	R6, [R1, R5]	;(R1=0x30043060 R5=0x00000018 )
(    libInnoSecure.so[0xCBBCB000])[66 51       ]0x00004078:	STR	R6, [R4, R5]	;(R6=0x33313630 R4=0x100FFD60 R5=0x00000018 )
(    libInnoSecure.so[0xCBBCB000])[04 35       ]0x0000407A:	ADDS	R5, #4	;(R5=0x00000018 )
(    libInnoSecure.so[0xCBBCB000])[40 2D       ]0x0000407C:	CMP	R5, #0X40	;(R5=0x0000001C )
(    libInnoSecure.so[0xCBBCB000])[FA D1       ]0x0000407E:	BNE	#0XCBBCF076
(    libInnoSecure.so[0xCBBCB000])[4E 59       ]0x00004076:	LDR	R6, [R1, R5]	;(R1=0x30043060 R5=0x0000001C )
(    libInnoSecure.so[0xCBBCB000])[66 51       ]0x00004078:	STR	R6, [R4, R5]	;(R6=0x30333330 R4=0x100FFD60 R5=0x0000001C )
(    libInnoSecure.so[0xCBBCB000])[04 35       ]0x0000407A:	ADDS	R5, #4	;(R5=0x0000001C )
(    libInnoSecure.so[0xCBBCB000])[40 2D       ]0x0000407C:	CMP	R5, #0X40	;(R5=0x00000020 )
(    libInnoSecure.so[0xCBBCB000])[FA D1       ]0x0000407E:	BNE	#0XCBBCF076
(    libInnoSecure.so[0xCBBCB000])[4E 59       ]0x00004076:	LDR	R6, [R1, R5]	;(R1=0x30043060 R5=0x00000020 )
(    libInnoSecure.so[0xCBBCB000])[66 51       ]0x00004078:	STR	R6, [R4, R5]	;(R6=0x31333233 R4=0x100FFD60 R5=0x00000020 )
(    libInnoSecure.so[0xCBBCB000])[04 35       ]0x0000407A:	ADDS	R5, #4	;(R5=0x00000020 )
(    libInnoSecure.so[0xCBBCB000])[40 2D       ]0x0000407C:	CMP	R5, #0X40	;(R5=0x00000024 )
(    libInnoSecure.so[0xCBBCB000])[FA D1       ]0x0000407E:	BNE	#0XCBBCF076
(    libInnoSecure.so[0xCBBCB000])[4E 59       ]0x00004076:	LDR	R6, [R1, R5]	;(R1=0x30043060 R5=0x00000024 )
(    libInnoSecure.so[0xCBBCB000])[66 51       ]0x00004078:	STR	R6, [R4, R5]	;(R6=0x62303133 R4=0x100FFD60 R5=0x00000024 )
(    libInnoSecure.so[0xCBBCB000])[04 35       ]0x0000407A:	ADDS	R5, #4	;(R5=0x00000024 )
(    libInnoSecure.so[0xCBBCB000])[40 2D       ]0x0000407C:	CMP	R5, #0X40	;(R5=0x00000028 )
(    libInnoSecure.so[0xCBBCB000])[FA D1       ]0x0000407E:	BNE	#0XCBBCF076
(    libInnoSecure.so[0xCBBCB000])[4E 59       ]0x00004076:	LDR	R6, [R1, R5]	;(R1=0x30043060 R5=0x00000028 )
(    libInnoSecure.so[0xCBBCB000])[66 51       ]0x00004078:	STR	R6, [R4, R5]	;(R6=0x39303033 R4=0x100FFD60 R5=0x00000028 )
(    libInnoSecure.so[0xCBBCB000])[04 35       ]0x0000407A:	ADDS	R5, #4	;(R5=0x00000028 )
(    libInnoSecure.so[0xCBBCB000])[40 2D       ]0x0000407C:	CMP	R5, #0X40	;(R5=0x0000002C )
(    libInnoSecure.so[0xCBBCB000])[FA D1       ]0x0000407E:	BNE	#0XCBBCF076
(    libInnoSecure.so[0xCBBCB000])[4E 59       ]0x00004076:	LDR	R6, [R1, R5]	;(R1=0x30043060 R5=0x0000002C )
(    libInnoSecure.so[0xCBBCB000])[66 51       ]0x00004078:	STR	R6, [R4, R5]	;(R6=0x33303630 R4=0x100FFD60 R5=0x0000002C )
(    libInnoSecure.so[0xCBBCB000])[04 35       ]0x0000407A:	ADDS	R5, #4	;(R5=0x0000002C )
(    libInnoSecure.so[0xCBBCB000])[40 2D       ]0x0000407C:	CMP	R5, #0X40	;(R5=0x00000030 )
(    libInnoSecure.so[0xCBBCB000])[FA D1       ]0x0000407E:	BNE	#0XCBBCF076
(    libInnoSecure.so[0xCBBCB000])[4E 59       ]0x00004076:	LDR	R6, [R1, R5]	;(R1=0x30043060 R5=0x00000030 )
(    libInnoSecure.so[0xCBBCB000])[66 51       ]0x00004078:	STR	R6, [R4, R5]	;(R6=0x34303535 R4=0x100FFD60 R5=0x00000030 )
(    libInnoSecure.so[0xCBBCB000])[04 35       ]0x0000407A:	ADDS	R5, #4	;(R5=0x00000030 )
(    libInnoSecure.so[0xCBBCB000])[40 2D       ]0x0000407C:	CMP	R5, #0X40	;(R5=0x00000034 )
(    libInnoSecure.so[0xCBBCB000])[FA D1       ]0x0000407E:	BNE	#0XCBBCF076
(    libInnoSecure.so[0xCBBCB000])[4E 59       ]0x00004076:	LDR	R6, [R1, R5]	;(R1=0x30043060 R5=0x00000034 )
(    libInnoSecure.so[0xCBBCB000])[66 51       ]0x00004078:	STR	R6, [R4, R5]	;(R6=0x33313830 R4=0x100FFD60 R5=0x00000034 )
(    libInnoSecure.so[0xCBBCB000])[04 35       ]0x0000407A:	ADDS	R5, #4	;(R5=0x00000034 )
(    libInnoSecure.so[0xCBBCB000])[40 2D       ]0x0000407C:	CMP	R5, #0X40	;(R5=0x00000038 )
(    libInnoSecure.so[0xCBBCB000])[FA D1       ]0x0000407E:	BNE	#0XCBBCF076
(    libInnoSecure.so[0xCBBCB000])[4E 59       ]0x00004076:	LDR	R6, [R1, R5]	;(R1=0x30043060 R5=0x00000038 )
(    libInnoSecure.so[0xCBBCB000])[66 51       ]0x00004078:	STR	R6, [R4, R5]	;(R6=0x33353230 R4=0x100FFD60 R5=0x00000038 )
(    libInnoSecure.so[0xCBBCB000])[04 35       ]0x0000407A:	ADDS	R5, #4	;(R5=0x00000038 )
(    libInnoSecure.so[0xCBBCB000])[40 2D       ]0x0000407C:	CMP	R5, #0X40	;(R5=0x0000003C )
(    libInnoSecure.so[0xCBBCB000])[FA D1       ]0x0000407E:	BNE	#0XCBBCF076
(    libInnoSecure.so[0xCBBCB000])[4E 59       ]0x00004076:	LDR	R6, [R1, R5]	;(R1=0x30043060 R5=0x0000003C )
(    libInnoSecure.so[0xCBBCB000])[66 51       ]0x00004078:	STR	R6, [R4, R5]	;(R6=0x31333834 R4=0x100FFD60 R5=0x0000003C )
(    libInnoSecure.so[0xCBBCB000])[04 35       ]0x0000407A:	ADDS	R5, #4	;(R5=0x0000003C )
(    libInnoSecure.so[0xCBBCB000])[40 2D       ]0x0000407C:	CMP	R5, #0X40	;(R5=0x00000040 )
(    libInnoSecure.so[0xCBBCB000])[FA D1       ]0x0000407E:	BNE	#0XCBBCF076
(    libInnoSecure.so[0xCBBCB000])[0E EA 02 01 ]0x00004080:	AND.W	R1, LR, R2	;(LR=0x71B52AA8 R2=0x81F7CF42 )
(    libInnoSecure.so[0xCBBCB000])[20 EA 02 06 ]0x00004084:	BIC.W	R6, R0, R2	;(R0=0x3A068ED5 R2=0x81F7CF42 )
(    libInnoSecure.so[0xCBBCB000])[31 43       ]0x00004088:	ORRS	R1, R6	;(R1=0x01B50A00 R6=0x3A000095 )
(    libInnoSecure.so[0xCBBCB000])[12 9D       ]0x0000408A:	LDR	R5, [SP, #0X48]	;(SP=0x100FFD18 )
(    libInnoSecure.so[0xCBBCB000])[61 44       ]0x0000408C:	ADD	R1, IP	;(R1=0x3BB50A95 IP=0xDFC14F31 )
(    libInnoSecure.so[0xCBBCB000])[4A F2 78 46 ]0x0000408E:	MOVW	R6, #0XA478
(    libInnoSecure.so[0xCBBCB000])[29 44       ]0x00004092:	ADD	R1, R5	;(R1=0x1B7659C6 R5=0x30303530 )
(    libInnoSecure.so[0xCBBCB000])[CD F2 6A 76 ]0x00004094:	MOVT	R6, #0XD76A	;(R6=0x0000A478 )
(    libInnoSecure.so[0xCBBCB000])[31 44       ]0x00004098:	ADD	R1, R6	;(R1=0x4BA68EF6 R6=0xD76AA478 )
(    libInnoSecure.so[0xCBBCB000])[13 9B       ]0x0000409A:	LDR	R3, [SP, #0X4C]	;(SP=0x100FFD18 )
(    libInnoSecure.so[0xCBBCB000])[0E 95       ]0x0000409C:	STR	R5, [SP, #0X38]	;(R5=0x30303530 SP=0x100FFD18 )
(    libInnoSecure.so[0xCBBCB000])[02 EB 71 66 ]0x0000409E:	ADD.W	R6, R2, R1, ROR #25	;(R2=0x81F7CF42 R1=0x2311336E )
(    libInnoSecure.so[0xCBBCB000])[18 44       ]0x000040A2:	ADD	R0, R3	;(R0=0x3A068ED5 R3=0x32353033 )
(    libInnoSecure.so[0xCBBCB000])[2E EA 06 01 ]0x000040A4:	BIC.W	R1, LR, R6	;(LR=0x71B52AA8 R6=0x0A918653 )
(    libInnoSecure.so[0xCBBCB000])[06 EA 02 05 ]0x000040A8:	AND.W	R5, R6, R2	;(R6=0x0A918653 R2=0x81F7CF42 )
(    libInnoSecure.so[0xCBBCB000])[29 43       ]0x000040AC:	ORRS	R1, R5	;(R1=0x712428A8 R5=0x00918642 )
(    libInnoSecure.so[0xCBBCB000])[14 9C       ]0x000040AE:	LDR	R4, [SP, #0X50]	;(SP=0x100FFD18 )
(    libInnoSecure.so[0xCBBCB000])[08 44       ]0x000040B0:	ADD	R0, R1	;(R0=0x6C3BBF08 R1=0x71B5AEEA )
(    libInnoSecure.so[0xCBBCB000])[4B F2 56 71 ]0x000040B2:	MOVW	R1, #0XB756
(    libInnoSecure.so[0xCBBCB000])[CE F6 C7 01 ]0x000040B6:	MOVT	R1, #0XE8C7	;(R1=0x0000B756 )
(    libInnoSecure.so[0xCBBCB000])[08 44       ]0x000040BA:	ADD	R0, R1	;(R0=0xDDF16DF2 R1=0xE8C7B756 )
(    libInnoSecure.so[0xCBBCB000])[DD F8 54 C0 ]0x000040BC:	LDR.W	IP, [SP, #0X54]	;(SP=0x100FFD18 )
(    libInnoSecure.so[0xCBBCB000])[06 EB 30 55 ]0x000040C0:	ADD.W	R5, R6, R0, ROR #20	;(R6=0x0A918653 R0=0xC6B92548 )
(    libInnoSecure.so[0xCBBCB000])[11 93       ]0x000040C4:	STR	R3, [SP, #0X44]	;(R3=0x32353033 SP=0x100FFD18 )
(    libInnoSecure.so[0xCBBCB000])[22 EA 05 00 ]0x000040C6:	BIC.W	R0, R2, R5	;(R2=0x81F7CF42 R5=0x9CE612BE )
(    libInnoSecure.so[0xCBBCB000])[05 EA 06 01 ]0x000040CA:	AND.W	R1, R5, R6	;(R5=0x9CE612BE R6=0x0A918653 )
(    libInnoSecure.so[0xCBBCB000])[08 43       ]0x000040CE:	ORRS	R0, R1	;(R0=0x0111CD40 R1=0x08800212 )
(    libInnoSecure.so[0xCBBCB000])[0E EB 04 01 ]0x000040D0:	ADD.W	R1, LR, R4	;(LR=0x71B52AA8 R4=0x63303133 )
(    libInnoSecure.so[0xCBBCB000])[08 44       ]0x000040D4:	ADD	R0, R1	;(R0=0x0991CF52 R1=0xD4E55BDB )
(    libInnoSecure.so[0xCBBCB000])[47 F2 DB 01 ]0x000040D6:	MOVW	R1, #0X70DB
(    libInnoSecure.so[0xCBBCB000])[C2 F2 20 41 ]0x000040DA:	MOVT	R1, #0X2420	;(R1=0x000070DB )
(    libInnoSecure.so[0xCBBCB000])[08 44       ]0x000040DE:	ADD	R0, R1	;(R0=0xDE772B2D R1=0x242070DB )
(    libInnoSecure.so[0xCBBCB000])[62 44       ]0x000040E0:	ADD	R2, IP	;(R2=0x81F7CF42 IP=0x61303033 )
(    libInnoSecure.so[0xCBBCB000])[CD F8 3C C0 ]0x000040E2:	STR.W	IP, [SP, #0X3C]	;(IP=0x61303033 SP=0x100FFD18 )
(    libInnoSecure.so[0xCBBCB000])[05 EB F0 30 ]0x000040E6:	ADD.W	R0, R5, R0, ROR #15	;(R5=0x9CE612BE R0=0x02979C08 )
(    libInnoSecure.so[0xCBBCB000])[DD F8 60 C0 ]0x000040EA:	LDR.W	IP, [SP, #0X60]	;(SP=0x100FFD18 )
(    libInnoSecure.so[0xCBBCB000])[26 EA 00 01 ]0x000040EE:	BIC.W	R1, R6, R0	;(R6=0x0A918653 R0=0xD4F617ED )
(    libInnoSecure.so[0xCBBCB000])[00 EA 05 03 ]0x000040F2:	AND.W	R3, R0, R5	;(R0=0xD4F617ED R5=0x9CE612BE )
(    libInnoSecure.so[0xCBBCB000])[19 43       ]0x000040F6:	ORRS	R1, R3	;(R1=0x0A018012 R3=0x94E612AC )
(    libInnoSecure.so[0xCBBCB000])[0C 94       ]0x000040F8:	STR	R4, [SP, #0X30]	;(R4=0x63303133 SP=0x100FFD18 )
(    libInnoSecure.so[0xCBBCB000])[11 44       ]0x000040FA:	ADD	R1, R2	;(R1=0x9EE792BE R2=0xE327FF75 )
(    libInnoSecure.so[0xCBBCB000])[4C F6 EE 62 ]0x000040FC:	MOVW	R2, #0XCEEE
(    libInnoSecure.so[0xCBBCB000])[CC F2 BD 12 ]0x00004100:	MOVT	R2, #0XC1BD	;(R2=0x0000CEEE )
(    libInnoSecure.so[0xCBBCB000])[11 44       ]0x00004104:	ADD	R1, R2	;(R1=0x820F9233 R2=0xC1BDCEEE )
(    libInnoSecure.so[0xCBBCB000])[DD F8 74 90 ]0x00004106:	LDR.W	SB, [SP, #0X74]	;(SP=0x100FFD18 )
(    libInnoSecure.so[0xCBBCB000])[00 EB B1 21 ]0x0000410A:	ADD.W	R1, R0, R1, ROR #10	;(R0=0xD4F617ED R1=0x43CD6121 )
(    libInnoSecure.so[0xCBBCB000])[CD F8 18 C0 ]0x0000410E:	STR.W	IP, [SP, #0X18]	;(IP=0x33313630 SP=0x100FFD18 )
(    libInnoSecure.so[0xCBBCB000])[25 EA 01 02 ]0x00004112:	BIC.W	R2, R5, R1	;(R5=0x9CE612BE R1=0x1D470B45 )
(    libInnoSecure.so[0xCBBCB000])[01 EA 00 03 ]0x00004116:	AND.W	R3, R1, R0	;(R1=0x1D470B45 R0=0xD4F617ED )
(    libInnoSecure.so[0xCBBCB000])[1A 43       ]0x0000411A:	ORRS	R2, R3	;(R2=0x80A010BA R3=0x14460345 )
(    libInnoSecure.so[0xCBBCB000])[16 9B       ]0x0000411C:	LDR	R3, [SP, #0X58]	;(SP=0x100FFD18 )
(    libInnoSecure.so[0xCBBCB000])[0B 93       ]0x0000411E:	STR	R3, [SP, #0X2C]	;(R3=0x33303630 SP=0x100FFD18 )
(    libInnoSecure.so[0xCBBCB000])[33 44       ]0x00004120:	ADD	R3, R6	;(R3=0x33303630 R6=0x0A918653 )
(    libInnoSecure.so[0xCBBCB000])[1A 44       ]0x00004122:	ADD	R2, R3	;(R2=0x94E613FF R3=0x3DC1BC83 )
(    libInnoSecure.so[0xCBBCB000])[40 F6 AF 73 ]0x00004124:	MOVW	R3, #0XFAF
(    libInnoSecure.so[0xCBBCB000])[CF F2 7C 53 ]0x00004128:	MOVT	R3, #0XF57C	;(R3=0x00000FAF )
(    libInnoSecure.so[0xCBBCB000])[1A 44       ]0x0000412C:	ADD	R2, R3	;(R2=0xD2A7D082 R3=0xF57C0FAF )
(    libInnoSecure.so[0xCBBCB000])[01 EB 72 62 ]0x0000412E:	ADD.W	R2, R1, R2, ROR #25	;(R1=0x1D470B45 R2=0xC823E031 )
(    libInnoSecure.so[0xCBBCB000])[20 EA 02 03 ]0x00004132:	BIC.W	R3, R0, R2	;(R0=0xD4F617ED R2=0x2F372429 )
(    libInnoSecure.so[0xCBBCB000])[02 EA 01 06 ]0x00004136:	AND.W	R6, R2, R1	;(R2=0x2F372429 R1=0x1D470B45 )
(    libInnoSecure.so[0xCBBCB000])[33 43       ]0x0000413A:	ORRS	R3, R6	;(R3=0xD0C013C4 R6=0x0D070001 )
(    libInnoSecure.so[0xCBBCB000])[17 9E       ]0x0000413C:	LDR	R6, [SP, #0X5C]	;(SP=0x100FFD18 )
(    libInnoSecure.so[0xCBBCB000])[60 44       ]0x0000413E:	ADD	R0, IP	;(R0=0xD4F617ED IP=0x33313630 )
(    libInnoSecure.so[0xCBBCB000])[09 96       ]0x00004140:	STR	R6, [SP, #0X24]	;(R6=0x34303535 SP=0x100FFD18 )
(    libInnoSecure.so[0xCBBCB000])[35 44       ]0x00004142:	ADD	R5, R6	;(R5=0x9CE612BE R6=0x34303535 )
(    libInnoSecure.so[0xCBBCB000])[1C 9E       ]0x00004144:	LDR	R6, [SP, #0X70]	;(SP=0x100FFD18 )
(    libInnoSecure.so[0xCBBCB000])[2B 44       ]0x00004146:	ADD	R3, R5	;(R3=0xDDC713C5 R5=0xD11647F3 )
(    libInnoSecure.so[0xCBBCB000])[4C F2 2A 65 ]0x00004148:	MOVW	R5, #0XC62A
(    libInnoSecure.so[0xCBBCB000])[C4 F2 87 75 ]0x0000414C:	MOVT	R5, #0X4787	;(R5=0x0000C62A )
(    libInnoSecure.so[0xCBBCB000])[2B 44       ]0x00004150:	ADD	R3, R5	;(R3=0xAEDD5BB8 R5=0x4787C62A )
(    libInnoSecure.so[0xCBBCB000])[B0 46       ]0x00004152:	MOV	R8, R6	;(R6=0x39303033 )
(    libInnoSecure.so[0xCBBCB000])[02 EB 33 53 ]0x00004154:	ADD.W	R3, R2, R3, ROR #20	;(R2=0x2F372429 R3=0xF66521E2 )
(    libInnoSecure.so[0xCBBCB000])[CD F8 08 80 ]0x00004158:	STR.W	R8, [SP, #8]	;(R8=0x39303033 SP=0x100FFD18 )
(    libInnoSecure.so[0xCBBCB000])[21 EA 03 05 ]0x0000415C:	BIC.W	R5, R1, R3	;(R1=0x1D470B45 R3=0x8155538F )
(    libInnoSecure.so[0xCBBCB000])[03 EA 02 04 ]0x00004160:	AND.W	R4, R3, R2	;(R3=0x8155538F R2=0x2F372429 )
(    libInnoSecure.so[0xCBBCB000])[25 43       ]0x00004164:	ORRS	R5, R4	;(R5=0x1C020840 R4=0x01150009 )
(    libInnoSecure.so[0xCBBCB000])[19 9C       ]0x00004166:	LDR	R4, [SP, #0X64]	;(SP=0x100FFD18 )
(    libInnoSecure.so[0xCBBCB000])[28 44       ]0x00004168:	ADD	R0, R5	;(R0=0x08274E1D R5=0x1D170849 )
(    libInnoSecure.so[0xCBBCB000])[44 F2 13 65 ]0x0000416A:	MOVW	R5, #0X4613
(    libInnoSecure.so[0xCBBCB000])[CA F6 30 05 ]0x0000416E:	MOVT	R5, #0XA830	;(R5=0x00004613 )
(    libInnoSecure.so[0xCBBCB000])[28 44       ]0x00004172:	ADD	R0, R5	;(R0=0x253E5666 R5=0xA8304613 )
(    libInnoSecure.so[0xCBBCB000])[21 44       ]0x00004174:	ADD	R1, R4	;(R1=0x1D470B45 R4=0x30333330 )
(    libInnoSecure.so[0xCBBCB000])[04 94       ]0x00004176:	STR	R4, [SP, #0X10]	;(R4=0x30333330 SP=0x100FFD18 )
(    libInnoSecure.so[0xCBBCB000])[03 EB F0 3E ]0x00004178:	ADD.W	LR, R3, R0, ROR #15	;(R3=0x8155538F R0=0xCD6E9C79 )
(    libInnoSecure.so[0xCBBCB000])[22 EA 0E 00 ]0x0000417C:	BIC.W	R0, R2, LR	;(R2=0x2F372429 LR=0xBA48EE6C )
(    libInnoSecure.so[0xCBBCB000])[0E EA 03 05 ]0x00004180:	AND.W	R5, LR, R3	;(LR=0xBA48EE6C R3=0x8155538F )
(    libInnoSecure.so[0xCBBCB000])[28 43       ]0x00004184:	ORRS	R0, R5	;(R0=0x05370001 R5=0x8040420C )
(    libInnoSecure.so[0xCBBCB000])[06 EB 0E 05 ]0x00004186:	ADD.W	R5, R6, LR	;(R6=0x39303033 LR=0xBA48EE6C )
(    libInnoSecure.so[0xCBBCB000])[08 44       ]0x0000418A:	ADD	R0, R1	;(R0=0x8577420D R1=0x4D7A3E75 )
(    libInnoSecure.so[0xCBBCB000])[49 F2 01 51 ]0x0000418C:	MOVW	R1, #0X9501
(    libInnoSecure.so[0xCBBCB000])[CF F6 46 51 ]0x00004190:	MOVT	R1, #0XFD46	;(R1=0x00009501 )
(    libInnoSecure.so[0xCBBCB000])[08 44       ]0x00004194:	ADD	R0, R1	;(R0=0xD2F18082 R1=0xFD469501 )
(    libInnoSecure.so[0xCBBCB000])[0E EB B0 21 ]0x00004196:	ADD.W	R1, LR, R0, ROR #10	;(LR=0xBA48EE6C R0=0xD0381583 )
(    libInnoSecure.so[0xCBBCB000])[23 EA 01 00 ]0x0000419A:	BIC.W	R0, R3, R1	;(R3=0x8155538F R1=0x1B3CFC71 )
(    libInnoSecure.so[0xCBBCB000])[01 EA 0E 04 ]0x0000419E:	AND.W	R4, R1, LR	;(R1=0x1B3CFC71 LR=0xBA48EE6C )
(    libInnoSecure.so[0xCBBCB000])[20 43       ]0x000041A2:	ORRS	R0, R4	;(R0=0x8041038E R4=0x1A08EC60 )
(    libInnoSecure.so[0xCBBCB000])[1A 9C       ]0x000041A4:	LDR	R4, [SP, #0X68]	;(SP=0x100FFD18 )
(    libInnoSecure.so[0xCBBCB000])[0A 94       ]0x000041A6:	STR	R4, [SP, #0X28]	;(R4=0x31333233 SP=0x100FFD18 )
(    libInnoSecure.so[0xCBBCB000])[22 44       ]0x000041A8:	ADD	R2, R4	;(R2=0x2F372429 R4=0x31333233 )
(    libInnoSecure.so[0xCBBCB000])[10 44       ]0x000041AA:	ADD	R0, R2	;(R0=0x9A49EFEE R2=0x606A565C )
(    libInnoSecure.so[0xCBBCB000])[49 F6 D8 02 ]0x000041AC:	MOVW	R2, #0X98D8
(    libInnoSecure.so[0xCBBCB000])[C6 F6 80 12 ]0x000041B0:	MOVT	R2, #0X6980	;(R2=0x000098D8 )
(    libInnoSecure.so[0xCBBCB000])[10 44       ]0x000041B4:	ADD	R0, R2	;(R0=0xFAB4464A R2=0x698098D8 )
(    libInnoSecure.so[0xCBBCB000])[01 EB 70 60 ]0x000041B6:	ADD.W	R0, R1, R0, ROR #25	;(R1=0x1B3CFC71 R0=0x6434DF22 )
(    libInnoSecure.so[0xCBBCB000])[2E EA 00 02 ]0x000041BA:	BIC.W	R2, LR, R0	;(LR=0xBA48EE6C R0=0x35AC8DA3 )
(    libInnoSecure.so[0xCBBCB000])[00 EA 01 04 ]0x000041BE:	AND.W	R4, R0, R1	;(R0=0x35AC8DA3 R1=0x1B3CFC71 )
(    libInnoSecure.so[0xCBBCB000])[22 43       ]0x000041C2:	ORRS	R2, R4	;(R2=0x8A40624C R4=0x112C8C21 )
(    libInnoSecure.so[0xCBBCB000])[1B 9C       ]0x000041C4:	LDR	R4, [SP, #0X6C]	;(SP=0x100FFD18 )
(    libInnoSecure.so[0xCBBCB000])[10 94       ]0x000041C6:	STR	R4, [SP, #0X40]	;(R4=0x62303133 SP=0x100FFD18 )
(    libInnoSecure.so[0xCBBCB000])[23 44       ]0x000041C8:	ADD	R3, R4	;(R3=0x8155538F R4=0x62303133 )
(    libInnoSecure.so[0xCBBCB000])[1A 44       ]0x000041CA:	ADD	R2, R3	;(R2=0x9B6CEE6D R3=0xE38584C2 )
(    libInnoSecure.so[0xCBBCB000])[4F F2 AF 73 ]0x000041CC:	MOVW	R3, #0XF7AF
(    libInnoSecure.so[0xCBBCB000])[C8 F6 44 33 ]0x000041D0:	MOVT	R3, #0X8B44	;(R3=0x0000F7AF )
(    libInnoSecure.so[0xCBBCB000])[1A 44       ]0x000041D4:	ADD	R2, R3	;(R2=0x7EF2732F R3=0x8B44F7AF )
(    libInnoSecure.so[0xCBBCB000])[00 EB 32 53 ]0x000041D6:	ADD.W	R3, R0, R2, ROR #20	;(R0=0x35AC8DA3 R2=0x0A376ADE )
(    libInnoSecure.so[0xCBBCB000])[21 EA 03 02 ]0x000041DA:	BIC.W	R2, R1, R3	;(R1=0x1B3CFC71 R3=0xAC5A6E46 )
(    libInnoSecure.so[0xCBBCB000])[03 EA 00 04 ]0x000041DE:	AND.W	R4, R3, R0	;(R3=0xAC5A6E46 R0=0x35AC8DA3 )
(    libInnoSecure.so[0xCBBCB000])[22 43       ]0x000041E2:	ORRS	R2, R4	;(R2=0x13249031 R4=0x24080C02 )
(    libInnoSecure.so[0xCBBCB000])[49 44       ]0x000041E4:	ADD	R1, SB	;(R1=0x1B3CFC71 SB=0x33303630 )
(    libInnoSecure.so[0xCBBCB000])[2A 44       ]0x000041E6:	ADD	R2, R5	;(R2=0x372C9C33 R5=0xF3791E9F )
(    libInnoSecure.so[0xCBBCB000])[4A F2 4F 45 ]0x000041E8:	MOVW	R5, #0XA44F
(    libInnoSecure.so[0xCBBCB000])[52 1B       ]0x000041EC:	SUBS	R2, R2, R5	;(R2=0x2AA5BAD2 R5=0x0000A44F )
(    libInnoSecure.so[0xCBBCB000])[03 EB F2 3E ]0x000041EE:	ADD.W	LR, R3, R2, ROR #15	;(R3=0xAC5A6E46 R2=0x2AA51683 )
(    libInnoSecure.so[0xCBBCB000])[20 EA 0E 02 ]0x000041F2:	BIC.W	R2, R0, LR	;(R0=0x35AC8DA3 LR=0xD960C390 )
(    libInnoSecure.so[0xCBBCB000])[0E EA 03 05 ]0x000041F6:	AND.W	R5, LR, R3	;(LR=0xD960C390 R3=0xAC5A6E46 )
(    libInnoSecure.so[0xCBBCB000])[2A 43       ]0x000041FA:	ORRS	R2, R5	;(R2=0x248C0C23 R5=0x88404200 )
(    libInnoSecure.so[0xCBBCB000])[11 44       ]0x000041FC:	ADD	R1, R2	;(R1=0x4E6D32A1 R2=0xACCC4E23 )
(    libInnoSecure.so[0xCBBCB000])[4D F2 BE 72 ]0x000041FE:	MOVW	R2, #0XD7BE
(    libInnoSecure.so[0xCBBCB000])[C8 F6 5C 12 ]0x00004202:	MOVT	R2, #0X895C	;(R2=0x0000D7BE )
(    libInnoSecure.so[0xCBBCB000])[11 44       ]0x00004206:	ADD	R1, R2	;(R1=0xFB3980C4 R2=0x895CD7BE )
(    libInnoSecure.so[0xCBBCB000])[0E EB B1 21 ]0x00004208:	ADD.W	R1, LR, R1, ROR #10	;(LR=0xD960C390 R1=0x84965882 )
(    libInnoSecure.so[0xCBBCB000])[23 EA 01 02 ]0x0000420C:	BIC.W	R2, R3, R1	;(R3=0xAC5A6E46 R1=0xFA01E926 )
(    libInnoSecure.so[0xCBBCB000])[01 EA 0E 05 ]0x00004210:	AND.W	R5, R1, LR	;(R1=0xFA01E926 LR=0xD960C390 )
(    libInnoSecure.so[0xCBBCB000])[15 43       ]0x00004214:	ORRS	R5, R2	;(R5=0xD800C100 R2=0x045A0640 )
(    libInnoSecure.so[0xCBBCB000])[1E 9A       ]0x00004216:	LDR	R2, [SP, #0X78]	;(SP=0x100FFD18 )
(    libInnoSecure.so[0xCBBCB000])[0D 92       ]0x00004218:	STR	R2, [SP, #0X34]	;(R2=0x34303535 SP=0x100FFD18 )
(    libInnoSecure.so[0xCBBCB000])[10 44       ]0x0000421A:	ADD	R0, R2	;(R0=0x35AC8DA3 R2=0x34303535 )
(    libInnoSecure.so[0xCBBCB000])[1F 9A       ]0x0000421C:	LDR	R2, [SP, #0X7C]	;(SP=0x100FFD18 )
(    libInnoSecure.so[0xCBBCB000])[28 44       ]0x0000421E:	ADD	R0, R5	;(R0=0x69DCC2D8 R5=0xDC5AC740 )
(    libInnoSecure.so[0xCBBCB000])[41 F2 22 15 ]0x00004220:	MOVW	R5, #0X1122
(    libInnoSecure.so[0xCBBCB000])[C6 F6 90 35 ]0x00004224:	MOVT	R5, #0X6B90	;(R5=0x00001122 )
(    libInnoSecure.so[0xCBBCB000])[28 44       ]0x00004228:	ADD	R0, R5	;(R0=0x46378A18 R5=0x6B901122 )
(    libInnoSecure.so[0xCBBCB000])[13 44       ]0x0000422A:	ADD	R3, R2	;(R3=0xAC5A6E46 R2=0x33313830 )
(    libInnoSecure.so[0xCBBCB000])[08 92       ]0x0000422C:	STR	R2, [SP, #0X20]	;(R2=0x33313830 SP=0x100FFD18 )
(    libInnoSecure.so[0xCBBCB000])[01 EB 70 60 ]0x0000422E:	ADD.W	R0, R1, R0, ROR #25	;(R1=0xFA01E926 R0=0xB1C79B3A )
(    libInnoSecure.so[0xCBBCB000])[20 9A       ]0x00004232:	LDR	R2, [SP, #0X80]	;(SP=0x100FFD18 )
(    libInnoSecure.so[0xCBBCB000])[2E EA 00 05 ]0x00004234:	BIC.W	R5, LR, R0	;(LR=0xD960C390 R0=0xDDCF867E )
(    libInnoSecure.so[0xCBBCB000])[00 EA 01 06 ]0x00004238:	AND.W	R6, R0, R1	;(R0=0xDDCF867E R1=0xFA01E926 )
(    libInnoSecure.so[0xCBBCB000])[2E 43       ]0x0000423C:	ORRS	R6, R5	;(R6=0xD8018026 R5=0x00204180 )
(    libInnoSecure.so[0xCBBCB000])[02 EB 0E 05 ]0x0000423E:	ADD.W	R5, R2, LR	;(R2=0x33353230 LR=0xD960C390 )
(    libInnoSecure.so[0xCBBCB000])[33 44       ]0x00004242:	ADD	R3, R6	;(R3=0xDF8BA676 R6=0xD821C1A6 )
(    libInnoSecure.so[0xCBBCB000])[47 F2 93 16 ]0x00004244:	MOVW	R6, #0X7193
(    libInnoSecure.so[0xCBBCB000])[CF F6 98 56 ]0x00004248:	MOVT	R6, #0XFD98	;(R6=0x00007193 )
(    libInnoSecure.so[0xCBBCB000])[33 44       ]0x0000424C:	ADD	R3, R6	;(R3=0xB7AD681C R6=0xFD987193 )
(    libInnoSecure.so[0xCBBCB000])[96 46       ]0x0000424E:	MOV	LR, R2	;(R2=0x33353230 )
(    libInnoSecure.so[0xCBBCB000])[21 9A       ]0x00004250:	LDR	R2, [SP, #0X84]	;(SP=0x100FFD18 )
(    libInnoSecure.so[0xCBBCB000])[00 EB 33 5A ]0x00004252:	ADD.W	SL, R0, R3, ROR #20	;(R0=0xDDCF867E R3=0xB545D9AF )
(    libInnoSecure.so[0xCBBCB000])[21 EA 0A 03 ]0x00004256:	BIC.W	R3, R1, SL	;(R1=0xFA01E926 SL=0x3B6A81D2 )
(    libInnoSecure.so[0xCBBCB000])[0A EA 00 06 ]0x0000425A:	AND.W	R6, SL, R0	;(SL=0x3B6A81D2 R0=0xDDCF867E )
(    libInnoSecure.so[0xCBBCB000])[1E 43       ]0x0000425E:	ORRS	R6, R3	;(R6=0x194A8052 R3=0xC0016824 )
(    libInnoSecure.so[0xCBBCB000])[11 44       ]0x00004260:	ADD	R1, R2	;(R1=0xFA01E926 R2=0x31333834 )
(    libInnoSecure.so[0xCBBCB000])[2E 44       ]0x00004262:	ADD	R6, R5	;(R6=0xD94BE876 R5=0x0C95F5C0 )
(    libInnoSecure.so[0xCBBCB000])[44 F2 8E 35 ]0x00004264:	MOVW	R5, #0X438E
(    libInnoSecure.so[0xCBBCB000])[CA F2 79 65 ]0x00004268:	MOVT	R5, #0XA679	;(R5=0x0000438E )
(    libInnoSecure.so[0xCBBCB000])[2E 44       ]0x0000426C:	ADD	R6, R5	;(R6=0xE5E1DE36 R5=0xA679438E )
(    libInnoSecure.so[0xCBBCB000])[13 46       ]0x0000426E:	MOV	R3, R2	;(R2=0x31333834 )
(    libInnoSecure.so[0xCBBCB000])[11 9A       ]0x00004270:	LDR	R2, [SP, #0X44]	;(SP=0x100FFD18 )
(    libInnoSecure.so[0xCBBCB000])[0A EB F6 3B ]0x00004272:	ADD.W	FP, SL, R6, ROR #15	;(SL=0x3B6A81D2 R6=0x8C5B21C4 )
(    libInnoSecure.so[0xCBBCB000])[03 93       ]0x00004276:	STR	R3, [SP, #0XC]	;(R3=0x31333834 SP=0x100FFD18 )
(    libInnoSecure.so[0xCBBCB000])[20 EA 0B 06 ]0x00004278:	BIC.W	R6, R0, FP	;(R0=0xDDCF867E FP=0x7EF39A88 )
(    libInnoSecure.so[0xCBBCB000])[0B EA 0A 05 ]0x0000427C:	AND.W	R5, FP, SL	;(FP=0x7EF39A88 SL=0x3B6A81D2 )
(    libInnoSecure.so[0xCBBCB000])[35 43       ]0x00004280:	ORRS	R5, R6	;(R5=0x3A628080 R6=0x810C0476 )
(    libInnoSecure.so[0xCBBCB000])[2B EA 0A 06 ]0x00004282:	BIC.W	R6, FP, SL	;(FP=0x7EF39A88 SL=0x3B6A81D2 )
(    libInnoSecure.so[0xCBBCB000])[29 44       ]0x00004286:	ADD	R1, R5	;(R1=0x2B35215A R5=0xBB6E84F6 )
(    libInnoSecure.so[0xCBBCB000])[40 F6 21 05 ]0x00004288:	MOVW	R5, #0X821
(    libInnoSecure.so[0xCBBCB000])[C4 F6 B4 15 ]0x0000428C:	MOVT	R5, #0X49B4	;(R5=0x00000821 )
(    libInnoSecure.so[0xCBBCB000])[29 44       ]0x00004290:	ADD	R1, R5	;(R1=0xE6A3A650 R5=0x49B40821 )
(    libInnoSecure.so[0xCBBCB000])[10 44       ]0x00004292:	ADD	R0, R2	;(R0=0xDDCF867E R2=0x32353033 )
(    libInnoSecure.so[0xCBBCB000])[0B EB B1 21 ]0x00004294:	ADD.W	R1, FP, R1, ROR #10	;(FP=0x7EF39A88 R1=0x3057AE71 )
(    libInnoSecure.so[0xCBBCB000])[01 EA 0A 05 ]0x00004298:	AND.W	R5, R1, SL	;(R1=0x1B3FB073 SL=0x3B6A81D2 )
(    libInnoSecure.so[0xCBBCB000])[35 43       ]0x0000429C:	ORRS	R5, R6	;(R5=0x1B2A8052 R6=0x44911A08 )
(    libInnoSecure.so[0xCBBCB000])[21 EA 0B 06 ]0x0000429E:	BIC.W	R6, R1, FP	;(R1=0x1B3FB073 FP=0x7EF39A88 )
(    libInnoSecure.so[0xCBBCB000])[28 44       ]0x000042A2:	ADD	R0, R5	;(R0=0x1004B6B1 R5=0x5FBB9A5A )
(    libInnoSecure.so[0xCBBCB000])[42 F2 62 55 ]0x000042A4:	MOVW	R5, #0X2562
(    libInnoSecure.so[0xCBBCB000])[CF F2 1E 65 ]0x000042A8:	MOVT	R5, #0XF61E	;(R5=0x00002562 )
(    libInnoSecure.so[0xCBBCB000])[28 44       ]0x000042AC:	ADD	R0, R5	;(R0=0x6FC0510B R5=0xF61E2562 )
(    libInnoSecure.so[0xCBBCB000])[01 EB F0 60 ]0x000042AE:	ADD.W	R0, R1, R0, ROR #27	;(R1=0x1B3FB073 R0=0x65DE766D )
(    libInnoSecure.so[0xCBBCB000])[00 EA 0B 05 ]0x000042B2:	AND.W	R5, R0, FP	;(R0=0xD70E7E1F FP=0x7EF39A88 )
(    libInnoSecure.so[0xCBBCB000])[20 EA 01 04 ]0x000042B6:	BIC.W	R4, R0, R1	;(R0=0xD70E7E1F R1=0x1B3FB073 )
(    libInnoSecure.so[0xCBBCB000])[35 43       ]0x000042BA:	ORRS	R5, R6	;(R5=0x56021A08 R6=0x010C2073 )
(    libInnoSecure.so[0xCBBCB000])[0C EB 0A 06 ]0x000042BC:	ADD.W	R6, IP, SL	;(IP=0x33313630 SL=0x3B6A81D2 )
(    libInnoSecure.so[0xCBBCB000])[35 44       ]0x000042C0:	ADD	R5, R6	;(R5=0x570E3A7B R6=0x6E9BB802 )
(    libInnoSecure.so[0xCBBCB000])[4B F2 40 36 ]0x000042C2:	MOVW	R6, #0XB340
(    libInnoSecure.so[0xCBBCB000])[CC F2 40 06 ]0x000042C6:	MOVT	R6, #0XC040	;(R6=0x0000B340 )
(    libInnoSecure.so[0xCBBCB000])[35 44       ]0x000042CA:	ADD	R5, R6	;(R5=0xC5A9F27D R6=0xC040B340 )
(    libInnoSecure.so[0xCBBCB000])[CA 46       ]0x000042CC:	MOV	SL, SB	;(SB=0x33303630 )
(    libInnoSecure.so[0xCBBCB000])[DD F8 24 90 ]0x000042CE:	LDR.W	SB, [SP, #0X24]	;(SP=0x100FFD18 )
(    libInnoSecure.so[0xCBBCB000])[00 EB F5 55 ]0x000042D2:	ADD.W	R5, R0, R5, ROR #23	;(R0=0xD70E7E1F R5=0x85EAA5BD )
(    libInnoSecure.so[0xCBBCB000])[F4 46       ]0x000042D6:	MOV	IP, LR	;(LR=0x33353230 )
(    libInnoSecure.so[0xCBBCB000])[05 EA 01 06 ]0x000042D8:	AND.W	R6, R5, R1	;(R5=0xAC59F92A R1=0x1B3FB073 )
(    libInnoSecure.so[0xCBBCB000])[25 EA 00 02 ]0x000042DC:	BIC.W	R2, R5, R0	;(R5=0xAC59F92A R0=0xD70E7E1F )
(    libInnoSecure.so[0xCBBCB000])[34 43       ]0x000042E0:	ORRS	R4, R6	;(R4=0xC4004E0C R6=0x0819B022 )
(    libInnoSecure.so[0xCBBCB000])[0A EB 0B 06 ]0x000042E2:	ADD.W	R6, SL, FP	;(SL=0x33303630 FP=0x7EF39A88 )
(    libInnoSecure.so[0xCBBCB000])[34 44       ]0x000042E6:	ADD	R4, R6	;(R4=0xCC19FE2E R6=0xB223D0B8 )
(    libInnoSecure.so[0xCBBCB000])[45 F6 51 26 ]0x000042E8:	MOVW	R6, #0X5A51
(    libInnoSecure.so[0xCBBCB000])[C2 F2 5E 66 ]0x000042EC:	MOVT	R6, #0X265E	;(R6=0x00005A51 )
(    libInnoSecure.so[0xCBBCB000])[34 44       ]0x000042F0:	ADD	R4, R6	;(R4=0x7E3DCEE6 R6=0x265E5A51 )
(    libInnoSecure.so[0xCBBCB000])[DD F8 2C B0 ]0x000042F2:	LDR.W	FP, [SP, #0X2C]	;(SP=0x100FFD18 )
(    libInnoSecure.so[0xCBBCB000])[05 EB B4 44 ]0x000042F6:	ADD.W	R4, R5, R4, ROR #18	;(R5=0xAC59F92A R4=0xA49C2937 )
(    libInnoSecure.so[0xCBBCB000])[DD F8 10 E0 ]0x000042FA:	LDR.W	LR, [SP, #0X10]	;(SP=0x100FFD18 )
(    libInnoSecure.so[0xCBBCB000])[04 EA 00 06 ]0x000042FE:	AND.W	R6, R4, R0	;(R4=0xB6A7E251 R0=0xD70E7E1F )
(    libInnoSecure.so[0xCBBCB000])[48 44       ]0x00004302:	ADD	R0, SB	;(R0=0xD70E7E1F SB=0x34303535 )
(    libInnoSecure.so[0xCBBCB000])[32 43       ]0x00004304:	ORRS	R2, R6	;(R2=0x28518120 R6=0x96066211 )
(    libInnoSecure.so[0xCBBCB000])[0E 9E       ]0x00004306:	LDR	R6, [SP, #0X38]	;(SP=0x100FFD18 )
(    libInnoSecure.so[0xCBBCB000])[CD F8 04 C0 ]0x00004308:	STR.W	IP, [SP, #4]	;(IP=0x33353230 SP=0x100FFD18 )
(    libInnoSecure.so[0xCBBCB000])[31 44       ]0x0000430C:	ADD	R1, R6	;(R1=0x1B3FB073 R6=0x30303530 )
(    libInnoSecure.so[0xCBBCB000])[24 EA 05 06 ]0x0000430E:	BIC.W	R6, R4, R5	;(R4=0xB6A7E251 R5=0xAC59F92A )
(    libInnoSecure.so[0xCBBCB000])[11 44       ]0x00004312:	ADD	R1, R2	;(R1=0x4B6FE5A3 R2=0xBE57E331 )
(    libInnoSecure.so[0xCBBCB000])[4C F2 AA 72 ]0x00004314:	MOVW	R2, #0XC7AA
(    libInnoSecure.so[0xCBBCB000])[CE F6 B6 12 ]0x00004318:	MOVT	R2, #0XE9B6	;(R2=0x0000C7AA )
(    libInnoSecure.so[0xCBBCB000])[11 44       ]0x0000431C:	ADD	R1, R2	;(R1=0x09C7C8D4 R2=0xE9B6C7AA )
(    libInnoSecure.so[0xCBBCB000])[CD F8 14 A0 ]0x0000431E:	STR.W	SL, [SP, #0X14]	;(SL=0x33303630 SP=0x100FFD18 )
(    libInnoSecure.so[0xCBBCB000])[04 EB 31 31 ]0x00004322:	ADD.W	R1, R4, R1, ROR #12	;(R4=0xB6A7E251 R1=0xF37E907E )
(    libInnoSecure.so[0xCBBCB000])[01 EA 05 02 ]0x00004326:	AND.W	R2, R1, R5	;(R1=0xBE971A3A R5=0xAC59F92A )
(    libInnoSecure.so[0xCBBCB000])[45 44       ]0x0000432A:	ADD	R5, R8	;(R5=0xAC59F92A R8=0x39303033 )
(    libInnoSecure.so[0xCBBCB000])[32 43       ]0x0000432C:	ORRS	R2, R6	;(R2=0xAC11182A R6=0x12A60251 )
(    libInnoSecure.so[0xCBBCB000])[21 EA 04 06 ]0x0000432E:	BIC.W	R6, R1, R4	;(R1=0xBE971A3A R4=0xB6A7E251 )
(    libInnoSecure.so[0xCBBCB000])[10 44       ]0x00004332:	ADD	R0, R2	;(R0=0x0B3EB354 R2=0xBEB71A7B )
(    libInnoSecure.so[0xCBBCB000])[41 F2 5D 02 ]0x00004334:	MOVW	R2, #0X105D
(    libInnoSecure.so[0xCBBCB000])[CD F2 2F 62 ]0x00004338:	MOVT	R2, #0XD62F	;(R2=0x0000105D )
(    libInnoSecure.so[0xCBBCB000])[10 44       ]0x0000433C:	ADD	R0, R2	;(R0=0xC9F5CDCF R2=0xD62F105D )
(    libInnoSecure.so[0xCBBCB000])[DD F8 20 80 ]0x0000433E:	LDR.W	R8, [SP, #0X20]	;(SP=0x100FFD18 )
(    libInnoSecure.so[0xCBBCB000])[01 EB F0 60 ]0x00004342:	ADD.W	R0, R1, R0, ROR #27	;(R1=0xBE971A3A R0=0xA024DE2C )
(    libInnoSecure.so[0xCBBCB000])[00 EA 04 02 ]0x00004346:	AND.W	R2, R0, R4	;(R0=0xC332DFCE R4=0xB6A7E251 )
(    libInnoSecure.so[0xCBBCB000])[1C 44       ]0x0000434A:	ADD	R4, R3	;(R4=0xB6A7E251 R3=0x31333834 )
(    libInnoSecure.so[0xCBBCB000])[32 43       ]0x0000434C:	ORRS	R2, R6	;(R2=0x8222C240 R6=0x0810182A )
(    libInnoSecure.so[0xCBBCB000])[20 EA 01 06 ]0x0000434E:	BIC.W	R6, R0, R1	;(R0=0xC332DFCE R1=0xBE971A3A )
(    libInnoSecure.so[0xCBBCB000])[2A 44       ]0x00004352:	ADD	R2, R5	;(R2=0x8A32DA6A R5=0xE58A295D )
(    libInnoSecure.so[0xCBBCB000])[41 F2 53 45 ]0x00004354:	MOVW	R5, #0X1453
(    libInnoSecure.so[0xCBBCB000])[C0 F2 44 25 ]0x00004358:	MOVT	R5, #0X244	;(R5=0x00001453 )
(    libInnoSecure.so[0xCBBCB000])[2A 44       ]0x0000435C:	ADD	R2, R5	;(R2=0x6FBD03C7 R5=0x02441453 )
(    libInnoSecure.so[0xCBBCB000])[10 9B       ]0x0000435E:	LDR	R3, [SP, #0X40]	;(SP=0x100FFD18 )
(    libInnoSecure.so[0xCBBCB000])[00 EB F2 52 ]0x00004360:	ADD.W	R2, R0, R2, ROR #23	;(R0=0xC332DFCE R2=0x7201181A )
(    libInnoSecure.so[0xCBBCB000])[02 EA 01 05 ]0x00004364:	AND.W	R5, R2, R1	;(R2=0xC56314B2 R1=0xBE971A3A )
(    libInnoSecure.so[0xCBBCB000])[59 44       ]0x00004368:	ADD	R1, FP	;(R1=0xBE971A3A FP=0x33303630 )
(    libInnoSecure.so[0xCBBCB000])[35 43       ]0x0000436A:	ORRS	R5, R6	;(R5=0x84031032 R6=0x4120C5C4 )
(    libInnoSecure.so[0xCBBCB000])[22 EA 00 06 ]0x0000436C:	BIC.W	R6, R2, R0	;(R2=0xC56314B2 R0=0xC332DFCE )
(    libInnoSecure.so[0xCBBCB000])[2C 44       ]0x00004370:	ADD	R4, R5	;(R4=0xE7DB1A85 R5=0xC523D5F6 )
(    libInnoSecure.so[0xCBBCB000])[4E F2 81 65 ]0x00004372:	MOVW	R5, #0XE681
(    libInnoSecure.so[0xCBBCB000])[CD F6 A1 05 ]0x00004376:	MOVT	R5, #0XD8A1	;(R5=0x0000E681 )
(    libInnoSecure.so[0xCBBCB000])[2C 44       ]0x0000437A:	ADD	R4, R5	;(R4=0xACFEF07B R5=0xD8A1E681 )
(    libInnoSecure.so[0xCBBCB000])[02 EB B4 44 ]0x0000437C:	ADD.W	R4, R2, R4, ROR #18	;(R2=0xC56314B2 R4=0x85A0D6FC )
(    libInnoSecure.so[0xCBBCB000])[04 EA 00 05 ]0x00004380:	AND.W	R5, R4, R0	;(R4=0xFB22361A R0=0xC332DFCE )
(    libInnoSecure.so[0xCBBCB000])[18 44       ]0x00004384:	ADD	R0, R3	;(R0=0xC332DFCE R3=0x62303133 )
(    libInnoSecure.so[0xCBBCB000])[35 43       ]0x00004386:	ORRS	R5, R6	;(R5=0xC322160A R6=0x04410030 )
(    libInnoSecure.so[0xCBBCB000])[24 EA 02 06 ]0x00004388:	BIC.W	R6, R4, R2	;(R4=0xFB22361A R2=0xC56314B2 )
(    libInnoSecure.so[0xCBBCB000])[29 44       ]0x0000438C:	ADD	R1, R5	;(R1=0xF1C7506A R5=0xC763163A )
(    libInnoSecure.so[0xCBBCB000])[4F F6 C8 35 ]0x0000438E:	MOVW	R5, #0XFBC8
(    libInnoSecure.so[0xCBBCB000])[CE F2 D3 75 ]0x00004392:	MOVT	R5, #0XE7D3	;(R5=0x0000FBC8 )
(    libInnoSecure.so[0xCBBCB000])[29 44       ]0x00004396:	ADD	R1, R5	;(R1=0xB92A66A4 R5=0xE7D3FBC8 )
(    libInnoSecure.so[0xCBBCB000])[0F 9B       ]0x00004398:	LDR	R3, [SP, #0X3C]	;(SP=0x100FFD18 )
(    libInnoSecure.so[0xCBBCB000])[04 EB 31 31 ]0x0000439A:	ADD.W	R1, R4, R1, ROR #12	;(R4=0xFB22361A R1=0xA0FE626C )
(    libInnoSecure.so[0xCBBCB000])[01 EA 02 05 ]0x0000439E:	AND.W	R5, R1, R2	;(R1=0x21EC4600 R2=0xC56314B2 )
(    libInnoSecure.so[0xCBBCB000])[62 44       ]0x000043A2:	ADD	R2, IP	;(R2=0xC56314B2 IP=0x33353230 )
(    libInnoSecure.so[0xCBBCB000])[35 43       ]0x000043A4:	ORRS	R5, R6	;(R5=0x01600400 R6=0x3A002208 )
(    libInnoSecure.so[0xCBBCB000])[21 EA 04 06 ]0x000043A6:	BIC.W	R6, R1, R4	;(R1=0x21EC4600 R4=0xFB22361A )
(    libInnoSecure.so[0xCBBCB000])[28 44       ]0x000043AA:	ADD	R0, R5	;(R0=0x25631101 R5=0x3B602608 )
(    libInnoSecure.so[0xCBBCB000])[4C F6 E6 55 ]0x000043AC:	MOVW	R5, #0XCDE6
(    libInnoSecure.so[0xCBBCB000])[C2 F2 E1 15 ]0x000043B0:	MOVT	R5, #0X21E1	;(R5=0x0000CDE6 )
(    libInnoSecure.so[0xCBBCB000])[28 44       ]0x000043B4:	ADD	R0, R5	;(R0=0x60C33709 R5=0x21E1CDE6 )
(    libInnoSecure.so[0xCBBCB000])[01 EB F0 60 ]0x000043B6:	ADD.W	R0, R1, R0, ROR #27	;(R1=0x21EC4600 R0=0x82A504EF )
(    libInnoSecure.so[0xCBBCB000])[00 EA 04 05 ]0x000043BA:	AND.W	R5, R0, R4	;(R0=0x768CE3F0 R4=0xFB22361A )
(    libInnoSecure.so[0xCBBCB000])[1C 44       ]0x000043BE:	ADD	R4, R3	;(R4=0xFB22361A R3=0x61303033 )
(    libInnoSecure.so[0xCBBCB000])[35 43       ]0x000043C0:	ORRS	R5, R6	;(R5=0x72002210 R6=0x00CC4000 )
(    libInnoSecure.so[0xCBBCB000])[20 EA 01 06 ]0x000043C2:	BIC.W	R6, R0, R1	;(R0=0x768CE3F0 R1=0x21EC4600 )
(    libInnoSecure.so[0xCBBCB000])[2A 44       ]0x000043C6:	ADD	R2, R5	;(R2=0xF89846E2 R5=0x72CC6210 )
(    libInnoSecure.so[0xCBBCB000])[40 F2 D6 75 ]0x000043C8:	MOVW	R5, #0X7D6
(    libInnoSecure.so[0xCBBCB000])[CC F2 37 35 ]0x000043CC:	MOVT	R5, #0XC337	;(R5=0x000007D6 )
(    libInnoSecure.so[0xCBBCB000])[2A 44       ]0x000043D0:	ADD	R2, R5	;(R2=0x6B64A8F2 R5=0xC33707D6 )
(    libInnoSecure.so[0xCBBCB000])[0A 9B       ]0x000043D2:	LDR	R3, [SP, #0X28]	;(SP=0x100FFD18 )
(    libInnoSecure.so[0xCBBCB000])[00 EB F2 52 ]0x000043D4:	ADD.W	R2, R0, R2, ROR #23	;(R0=0x768CE3F0 R2=0x2E9BB0C8 )
(    libInnoSecure.so[0xCBBCB000])[02 EA 01 05 ]0x000043D8:	AND.W	R5, R2, R1	;(R2=0xADEE744D R1=0x21EC4600 )
(    libInnoSecure.so[0xCBBCB000])[19 44       ]0x000043DC:	ADD	R1, R3	;(R1=0x21EC4600 R3=0x31333233 )
(    libInnoSecure.so[0xCBBCB000])[35 43       ]0x000043DE:	ORRS	R5, R6	;(R5=0x21EC4400 R6=0x5600A1F0 )
(    libInnoSecure.so[0xCBBCB000])[22 EA 00 06 ]0x000043E0:	BIC.W	R6, R2, R0	;(R2=0xADEE744D R0=0x768CE3F0 )
(    libInnoSecure.so[0xCBBCB000])[2C 44       ]0x000043E4:	ADD	R4, R5	;(R4=0x5C52664D R5=0x77ECE5F0 )
(    libInnoSecure.so[0xCBBCB000])[40 F6 87 55 ]0x000043E6:	MOVW	R5, #0XD87
(    libInnoSecure.so[0xCBBCB000])[CF F2 D5 45 ]0x000043EA:	MOVT	R5, #0XF4D5	;(R5=0x00000D87 )
(    libInnoSecure.so[0xCBBCB000])[2C 44       ]0x000043EE:	ADD	R4, R5	;(R4=0xD43F4C3D R5=0xF4D50D87 )
(    libInnoSecure.so[0xCBBCB000])[02 EB B4 44 ]0x000043F0:	ADD.W	R4, R2, R4, ROR #18	;(R2=0xADEE744D R4=0xC91459C4 )
(    libInnoSecure.so[0xCBBCB000])[04 EA 00 05 ]0x000043F4:	AND.W	R5, R4, R0	;(R4=0xC45FA692 R0=0x768CE3F0 )
(    libInnoSecure.so[0xCBBCB000])[40 44       ]0x000043F8:	ADD	R0, R8	;(R0=0x768CE3F0 R8=0x33313830 )
(    libInnoSecure.so[0xCBBCB000])[35 43       ]0x000043FA:	ORRS	R5, R6	;(R5=0x440CA290 R6=0x8962140D )
(    libInnoSecure.so[0xCBBCB000])[24 EA 02 06 ]0x000043FC:	BIC.W	R6, R4, R2	;(R4=0xC45FA692 R2=0xADEE744D )
(    libInnoSecure.so[0xCBBCB000])[29 44       ]0x00004400:	ADD	R1, R5	;(R1=0x531F7833 R5=0xCD6EB69D )
(    libInnoSecure.so[0xCBBCB000])[41 F2 ED 45 ]0x00004402:	MOVW	R5, #0X14ED
(    libInnoSecure.so[0xCBBCB000])[C4 F2 5A 55 ]0x00004406:	MOVT	R5, #0X455A	;(R5=0x000014ED )
(    libInnoSecure.so[0xCBBCB000])[29 44       ]0x0000440A:	ADD	R1, R5	;(R1=0x208E2ED0 R5=0x455A14ED )
(    libInnoSecure.so[0xCBBCB000])[04 EB 31 31 ]0x0000440C:	ADD.W	R1, R4, R1, ROR #12	;(R4=0xC45FA692 R1=0x65E843BD )
(    libInnoSecure.so[0xCBBCB000])[01 EA 02 05 ]0x00004410:	AND.W	R5, R1, R2	;(R1=0x00360516 R2=0xADEE744D )
(    libInnoSecure.so[0xCBBCB000])[35 43       ]0x00004414:	ORRS	R5, R6	;(R5=0x00260404 R6=0x40118292 )
(    libInnoSecure.so[0xCBBCB000])[21 EA 04 06 ]0x00004416:	BIC.W	R6, R1, R4	;(R1=0x00360516 R4=0xC45FA692 )
(    libInnoSecure.so[0xCBBCB000])[28 44       ]0x0000441A:	ADD	R0, R5	;(R0=0xA9BE1C20 R5=0x40378696 )
(    libInnoSecure.so[0xCBBCB000])[4E F6 05 15 ]0x0000441C:	MOVW	R5, #0XE905
(    libInnoSecure.so[0xCBBCB000])[CA F6 E3 15 ]0x00004420:	MOVT	R5, #0XA9E3	;(R5=0x0000E905 )
(    libInnoSecure.so[0xCBBCB000])[28 44       ]0x00004424:	ADD	R0, R5	;(R0=0xE9F5A2B6 R5=0xA9E3E905 )
(    libInnoSecure.so[0xCBBCB000])[01 EB F0 60 ]0x00004426:	ADD.W	R0, R1, R0, ROR #27	;(R1=0x00360516 R0=0x93D98BBB )
(    libInnoSecure.so[0xCBBCB000])[00 EA 04 05 ]0x0000442A:	AND.W	R5, R0, R4	;(R0=0x7B677C88 R4=0xC45FA692 )
(    libInnoSecure.so[0xCBBCB000])[74 44       ]0x0000442E:	ADD	R4, LR	;(R4=0xC45FA692 LR=0x30333330 )
(    libInnoSecure.so[0xCBBCB000])[35 43       ]0x00004430:	ORRS	R5, R6	;(R5=0x40472480 R6=0x00200104 )
(    libInnoSecure.so[0xCBBCB000])[0C 9E       ]0x00004432:	LDR	R6, [SP, #0X30]	;(SP=0x100FFD18 )
(    libInnoSecure.so[0xCBBCB000])[32 44       ]0x00004434:	ADD	R2, R6	;(R2=0xADEE744D R6=0x63303133 )
(    libInnoSecure.so[0xCBBCB000])[20 EA 01 06 ]0x00004436:	BIC.W	R6, R0, R1	;(R0=0x7B677C88 R1=0x00360516 )
(    libInnoSecure.so[0xCBBCB000])[2A 44       ]0x0000443A:	ADD	R2, R5	;(R2=0x111EA580 R5=0x40672584 )
(    libInnoSecure.so[0xCBBCB000])[4A F2 F8 35 ]0x0000443C:	MOVW	R5, #0XA3F8
(    libInnoSecure.so[0xCBBCB000])[CF F6 EF 45 ]0x00004440:	MOVT	R5, #0XFCEF	;(R5=0x0000A3F8 )
(    libInnoSecure.so[0xCBBCB000])[2A 44       ]0x00004444:	ADD	R2, R5	;(R2=0x5185CB04 R5=0xFCEFA3F8 )
(    libInnoSecure.so[0xCBBCB000])[00 EB F2 52 ]0x00004446:	ADD.W	R2, R0, R2, ROR #23	;(R0=0x7B677C88 R2=0x4E756EFC )
(    libInnoSecure.so[0xCBBCB000])[02 EA 01 05 ]0x0000444A:	AND.W	R5, R2, R1	;(R2=0x66457524 R1=0x00360516 )
(    libInnoSecure.so[0xCBBCB000])[35 43       ]0x0000444E:	ORRS	R5, R6	;(R5=0x00040504 R6=0x7B417888 )
(    libInnoSecure.so[0xCBBCB000])[22 EA 00 06 ]0x00004450:	BIC.W	R6, R2, R0	;(R2=0x66457524 R0=0x7B677C88 )
(    libInnoSecure.so[0xCBBCB000])[2C 44       ]0x00004454:	ADD	R4, R5	;(R4=0xF492D9C2 R5=0x7B457D8C )
(    libInnoSecure.so[0xCBBCB000])[40 F2 D9 25 ]0x00004456:	MOVW	R5, #0X2D9
(    libInnoSecure.so[0xCBBCB000])[C6 F2 6F 75 ]0x0000445A:	MOVT	R5, #0X676F	;(R5=0x000002D9 )
(    libInnoSecure.so[0xCBBCB000])[2C 44       ]0x0000445E:	ADD	R4, R5	;(R4=0x6FD8574E R5=0x676F02D9 )
(    libInnoSecure.so[0xCBBCB000])[02 EB B4 44 ]0x00004460:	ADD.W	R4, R2, R4, ROR #18	;(R2=0x66457524 R4=0xD7475A27 )
(    libInnoSecure.so[0xCBBCB000])[04 EA 00 05 ]0x00004464:	AND.W	R5, R4, R0	;(R4=0x3CCF6AF5 R0=0x7B677C88 )
(    libInnoSecure.so[0xCBBCB000])[48 44       ]0x00004468:	ADD	R0, SB	;(R0=0x7B677C88 SB=0x34303535 )
(    libInnoSecure.so[0xCBBCB000])[35 43       ]0x0000446A:	ORRS	R5, R6	;(R5=0x38476880 R6=0x04000124 )
(    libInnoSecure.so[0xCBBCB000])[0D 9E       ]0x0000446C:	LDR	R6, [SP, #0X34]	;(SP=0x100FFD18 )
(    libInnoSecure.so[0xCBBCB000])[DD F8 18 90 ]0x0000446E:	LDR.W	SB, [SP, #0X18]	;(SP=0x100FFD18 )
(    libInnoSecure.so[0xCBBCB000])[31 44       ]0x00004472:	ADD	R1, R6	;(R1=0x00360516 R6=0x34303535 )
(    libInnoSecure.so[0xCBBCB000])[0E 9E       ]0x00004474:	LDR	R6, [SP, #0X38]	;(SP=0x100FFD18 )
(    libInnoSecure.so[0xCBBCB000])[29 44       ]0x00004476:	ADD	R1, R5	;(R1=0x34663A4B R5=0x3C4769A4 )
(    libInnoSecure.so[0xCBBCB000])[44 F6 8A 45 ]0x00004478:	MOVW	R5, #0X4C8A
(    libInnoSecure.so[0xCBBCB000])[C8 F6 2A 55 ]0x0000447C:	MOVT	R5, #0X8D2A	;(R5=0x00004C8A )
(    libInnoSecure.so[0xCBBCB000])[29 44       ]0x00004480:	ADD	R1, R5	;(R1=0x70ADA3EF R5=0x8D2A4C8A )
(    libInnoSecure.so[0xCBBCB000])[84 EA 02 05 ]0x00004482:	EOR.W	R5, R4, R2	;(R4=0x3CCF6AF5 R2=0x66457524 )
(    libInnoSecure.so[0xCBBCB000])[1A 44       ]0x00004486:	ADD	R2, R3	;(R2=0x66457524 R3=0x31333233 )
(    libInnoSecure.so[0xCBBCB000])[04 EB 31 31 ]0x00004488:	ADD.W	R1, R4, R1, ROR #12	;(R4=0x3CCF6AF5 R1=0xFDD7F079 )
(    libInnoSecure.so[0xCBBCB000])[11 9B       ]0x0000448C:	LDR	R3, [SP, #0X44]	;(SP=0x100FFD18 )
(    libInnoSecure.so[0xCBBCB000])[4D 40       ]0x0000448E:	EORS	R5, R1	;(R5=0x5A8A1FD1 R1=0x446F4874 )
(    libInnoSecure.so[0xCBBCB000])[28 44       ]0x00004490:	ADD	R0, R5	;(R0=0xAF97B1BD R5=0x1EE557A5 )
(    libInnoSecure.so[0xCBBCB000])[43 F6 42 15 ]0x00004492:	MOVW	R5, #0X3942
(    libInnoSecure.so[0xCBBCB000])[CF F6 FA 75 ]0x00004496:	MOVT	R5, #0XFFFA	;(R5=0x00003942 )
(    libInnoSecure.so[0xCBBCB000])[28 44       ]0x0000449A:	ADD	R0, R5	;(R0=0xCE7D0962 R5=0xFFFA3942 )
(    libInnoSecure.so[0xCBBCB000])[81 EA 04 05 ]0x0000449C:	EOR.W	R5, R1, R4	;(R1=0x446F4874 R4=0x3CCF6AF5 )
(    libInnoSecure.so[0xCBBCB000])[54 44       ]0x000044A0:	ADD	R4, SL	;(R4=0x3CCF6AF5 SL=0x33303630 )
(    libInnoSecure.so[0xCBBCB000])[01 EB 30 70 ]0x000044A2:	ADD.W	R0, R1, R0, ROR #28	;(R1=0x446F4874 R0=0xCE7742A4 )
(    libInnoSecure.so[0xCBBCB000])[DD F8 30 A0 ]0x000044A6:	LDR.W	SL, [SP, #0X30]	;(SP=0x100FFD18 )
(    libInnoSecure.so[0xCBBCB000])[45 40       ]0x000044AA:	EORS	R5, R0	;(R5=0x78A02281 R0=0x2BE372C0 )
(    libInnoSecure.so[0xCBBCB000])[2A 44       ]0x000044AC:	ADD	R2, R5	;(R2=0x9778A757 R5=0x53435041 )
(    libInnoSecure.so[0xCBBCB000])[4F F2 81 65 ]0x000044AE:	MOVW	R5, #0XF681
(    libInnoSecure.so[0xCBBCB000])[C8 F2 71 75 ]0x000044B2:	MOVT	R5, #0X8771	;(R5=0x0000F681 )
(    libInnoSecure.so[0xCBBCB000])[2A 44       ]0x000044B6:	ADD	R2, R5	;(R2=0xEABBF798 R5=0x8771F681 )
(    libInnoSecure.so[0xCBBCB000])[80 EA 01 05 ]0x000044B8:	EOR.W	R5, R0, R1	;(R0=0x2BE372C0 R1=0x446F4874 )
(    libInnoSecure.so[0xCBBCB000])[61 44       ]0x000044BC:	ADD	R1, IP	;(R1=0x446F4874 IP=0x33353230 )
(    libInnoSecure.so[0xCBBCB000])[00 EB 72 52 ]0x000044BE:	ADD.W	R2, R0, R2, ROR #21	;(R0=0x2BE372C0 R2=0x722DEE19 )
(    libInnoSecure.so[0xCBBCB000])[DD F8 3C C0 ]0x000044C2:	LDR.W	IP, [SP, #0X3C]	;(SP=0x100FFD18 )
(    libInnoSecure.so[0xCBBCB000])[55 40       ]0x000044C6:	EORS	R5, R2	;(R5=0x6F8C3AB4 R2=0x9B543E51 )
(    libInnoSecure.so[0xCBBCB000])[2C 44       ]0x000044C8:	ADD	R4, R5	;(R4=0x6FFFA125 R5=0xF4D804E5 )
(    libInnoSecure.so[0xCBBCB000])[46 F2 22 15 ]0x000044CA:	MOVW	R5, #0X6122
(    libInnoSecure.so[0xCBBCB000])[C6 F6 9D 55 ]0x000044CE:	MOVT	R5, #0X6D9D	;(R5=0x00006122 )
(    libInnoSecure.so[0xCBBCB000])[2C 44       ]0x000044D2:	ADD	R4, R5	;(R4=0x64D7A60A R5=0x6D9D6122 )
(    libInnoSecure.so[0xCBBCB000])[82 EA 00 05 ]0x000044D4:	EOR.W	R5, R2, R0	;(R2=0x9B543E51 R0=0x2BE372C0 )
(    libInnoSecure.so[0xCBBCB000])[18 44       ]0x000044D8:	ADD	R0, R3	;(R0=0x2BE372C0 R3=0x32353033 )
(    libInnoSecure.so[0xCBBCB000])[02 EB 34 44 ]0x000044DA:	ADD.W	R4, R2, R4, ROR #16	;(R2=0x9B543E51 R4=0xD275072C )
(    libInnoSecure.so[0xCBBCB000])[73 46       ]0x000044DE:	MOV	R3, LR	;(LR=0x30333330 )
(    libInnoSecure.so[0xCBBCB000])[65 40       ]0x000044E0:	EORS	R5, R4	;(R5=0xB0B74C91 R4=0xA28110C6 )
(    libInnoSecure.so[0xCBBCB000])[29 44       ]0x000044E2:	ADD	R1, R5	;(R1=0x77A47AA4 R5=0x12365C57 )
(    libInnoSecure.so[0xCBBCB000])[43 F6 0C 05 ]0x000044E4:	MOVW	R5, #0X380C
(    libInnoSecure.so[0xCBBCB000])[CF F6 E5 55 ]0x000044E8:	MOVT	R5, #0XFDE5	;(R5=0x0000380C )
(    libInnoSecure.so[0xCBBCB000])[29 44       ]0x000044EC:	ADD	R1, R5	;(R1=0x89DAD6FB R5=0xFDE5380C )
(    libInnoSecure.so[0xCBBCB000])[84 EA 02 05 ]0x000044EE:	EOR.W	R5, R4, R2	;(R4=0xA28110C6 R2=0x9B543E51 )
(    libInnoSecure.so[0xCBBCB000])[5A 44       ]0x000044F2:	ADD	R2, FP	;(R2=0x9B543E51 FP=0x33303630 )
(    libInnoSecure.so[0xCBBCB000])[04 EB 71 21 ]0x000044F4:	ADD.W	R1, R4, R1, ROR #9	;(R4=0xA28110C6 R1=0x87C00F07 )
(    libInnoSecure.so[0xCBBCB000])[DD F8 08 B0 ]0x000044F8:	LDR.W	FP, [SP, #8]	;(SP=0x100FFD18 )
(    libInnoSecure.so[0xCBBCB000])[4D 40       ]0x000044FC:	EORS	R5, R1	;(R5=0x39D52E97 R1=0x2644F0CD )
(    libInnoSecure.so[0xCBBCB000])[28 44       ]0x000044FE:	ADD	R0, R5	;(R0=0x5E18A2F3 R5=0x1F91DE5A )
(    libInnoSecure.so[0xCBBCB000])[4E F6 44 25 ]0x00004500:	MOVW	R5, #0XEA44
(    libInnoSecure.so[0xCBBCB000])[CA F2 BE 45 ]0x00004504:	MOVT	R5, #0XA4BE	;(R5=0x0000EA44 )
(    libInnoSecure.so[0xCBBCB000])[28 44       ]0x00004508:	ADD	R0, R5	;(R0=0x7DAA814D R5=0xA4BEEA44 )
(    libInnoSecure.so[0xCBBCB000])[81 EA 04 05 ]0x0000450A:	EOR.W	R5, R1, R4	;(R1=0x2644F0CD R4=0xA28110C6 )
(    libInnoSecure.so[0xCBBCB000])[1C 44       ]0x0000450E:	ADD	R4, R3	;(R4=0xA28110C6 R3=0x30333330 )
(    libInnoSecure.so[0xCBBCB000])[01 EB 30 70 ]0x00004510:	ADD.W	R0, R1, R0, ROR #28	;(R1=0x2644F0CD R0=0x22696B91 )
(    libInnoSecure.so[0xCBBCB000])[45 40       ]0x00004514:	EORS	R5, R0	;(R5=0x84C5E00B R0=0x4CDBA9DF )
(    libInnoSecure.so[0xCBBCB000])[2A 44       ]0x00004516:	ADD	R2, R5	;(R2=0xCE847481 R5=0xC81E49D4 )
(    libInnoSecure.so[0xCBBCB000])[4C F6 A9 75 ]0x00004518:	MOVW	R5, #0XCFA9
(    libInnoSecure.so[0xCBBCB000])[C4 F6 DE 35 ]0x0000451C:	MOVT	R5, #0X4BDE	;(R5=0x0000CFA9 )
(    libInnoSecure.so[0xCBBCB000])[2A 44       ]0x00004520:	ADD	R2, R5	;(R2=0x96A2BE55 R5=0x4BDECFA9 )
(    libInnoSecure.so[0xCBBCB000])[80 EA 01 05 ]0x00004522:	EOR.W	R5, R0, R1	;(R0=0x4CDBA9DF R1=0x2644F0CD )
(    libInnoSecure.so[0xCBBCB000])[59 44       ]0x00004526:	ADD	R1, FP	;(R1=0x2644F0CD FP=0x39303033 )
(    libInnoSecure.so[0xCBBCB000])[00 EB 72 52 ]0x00004528:	ADD.W	R2, R0, R2, ROR #21	;(R0=0x4CDBA9DF R2=0xE2818DFE )
(    libInnoSecure.so[0xCBBCB000])[55 40       ]0x0000452C:	EORS	R5, R2	;(R5=0x6A9F5912 R2=0x594BA0F3 )
(    libInnoSecure.so[0xCBBCB000])[2C 44       ]0x0000452E:	ADD	R4, R5	;(R4=0xD2B443F6 R5=0x33D4F9E1 )
(    libInnoSecure.so[0xCBBCB000])[44 F6 60 35 ]0x00004530:	MOVW	R5, #0X4B60
(    libInnoSecure.so[0xCBBCB000])[CF F2 BB 65 ]0x00004534:	MOVT	R5, #0XF6BB	;(R5=0x00004B60 )
(    libInnoSecure.so[0xCBBCB000])[2C 44       ]0x00004538:	ADD	R4, R5	;(R4=0x06893DD7 R5=0xF6BB4B60 )
(    libInnoSecure.so[0xCBBCB000])[82 EA 00 05 ]0x0000453A:	EOR.W	R5, R2, R0	;(R2=0x594BA0F3 R0=0x4CDBA9DF )
(    libInnoSecure.so[0xCBBCB000])[40 44       ]0x0000453E:	ADD	R0, R8	;(R0=0x4CDBA9DF R8=0x33313830 )
(    libInnoSecure.so[0xCBBCB000])[02 EB 34 44 ]0x00004540:	ADD.W	R4, R2, R4, ROR #16	;(R2=0x594BA0F3 R4=0xFD448937 )
(    libInnoSecure.so[0xCBBCB000])[DD F8 34 80 ]0x00004544:	LDR.W	R8, [SP, #0X34]	;(SP=0x100FFD18 )
(    libInnoSecure.so[0xCBBCB000])[65 40       ]0x00004548:	EORS	R5, R4	;(R5=0x1590092C R4=0xE2839E37 )
(    libInnoSecure.so[0xCBBCB000])[29 44       ]0x0000454A:	ADD	R1, R5	;(R1=0x5F752100 R5=0xF713971B )
(    libInnoSecure.so[0xCBBCB000])[4B F6 70 45 ]0x0000454C:	MOVW	R5, #0XBC70
(    libInnoSecure.so[0xCBBCB000])[CB F6 BF 65 ]0x00004550:	MOVT	R5, #0XBEBF	;(R5=0x0000BC70 )
(    libInnoSecure.so[0xCBBCB000])[29 44       ]0x00004554:	ADD	R1, R5	;(R1=0x5688B81B R5=0xBEBFBC70 )
(    libInnoSecure.so[0xCBBCB000])[84 EA 02 05 ]0x00004556:	EOR.W	R5, R4, R2	;(R4=0xE2839E37 R2=0x594BA0F3 )
(    libInnoSecure.so[0xCBBCB000])[32 44       ]0x0000455A:	ADD	R2, R6	;(R2=0x594BA0F3 R6=0x30303530 )
(    libInnoSecure.so[0xCBBCB000])[04 EB 71 21 ]0x0000455C:	ADD.W	R1, R4, R1, ROR #9	;(R4=0xE2839E37 R1=0x1548748B )
(    libInnoSecure.so[0xCBBCB000])[4D 40       ]0x00004560:	EORS	R5, R1	;(R5=0xBBC83EC4 R1=0x280E4271 )
(    libInnoSecure.so[0xCBBCB000])[28 44       ]0x00004562:	ADD	R0, R5	;(R0=0x800CE20F R5=0x93C67CB5 )
(    libInnoSecure.so[0xCBBCB000])[47 F6 C6 65 ]0x00004564:	MOVW	R5, #0X7EC6
(    libInnoSecure.so[0xCBBCB000])[C2 F6 9B 05 ]0x00004568:	MOVT	R5, #0X289B	;(R5=0x00007EC6 )
(    libInnoSecure.so[0xCBBCB000])[28 44       ]0x0000456C:	ADD	R0, R5	;(R0=0x13D35EC4 R5=0x289B7EC6 )
(    libInnoSecure.so[0xCBBCB000])[81 EA 04 05 ]0x0000456E:	EOR.W	R5, R1, R4	;(R1=0x280E4271 R4=0xE2839E37 )
(    libInnoSecure.so[0xCBBCB000])[64 44       ]0x00004572:	ADD	R4, IP	;(R4=0xE2839E37 IP=0x61303033 )
(    libInnoSecure.so[0xCBBCB000])[01 EB 30 70 ]0x00004574:	ADD.W	R0, R1, R0, ROR #28	;(R1=0x280E4271 R0=0x3C6EDD8A )
(    libInnoSecure.so[0xCBBCB000])[45 40       ]0x00004578:	EORS	R5, R0	;(R5=0xCA8DDC46 R0=0xEEFC1B14 )
(    libInnoSecure.so[0xCBBCB000])[2A 44       ]0x0000457A:	ADD	R2, R5	;(R2=0x897BD623 R5=0x2471C752 )
(    libInnoSecure.so[0xCBBCB000])[42 F2 FA 75 ]0x0000457C:	MOVW	R5, #0X27FA
(    libInnoSecure.so[0xCBBCB000])[CE F6 A1 25 ]0x00004580:	MOVT	R5, #0XEAA1	;(R5=0x000027FA )
(    libInnoSecure.so[0xCBBCB000])[2A 44       ]0x00004584:	ADD	R2, R5	;(R2=0xADED9D75 R5=0xEAA127FA )
(    libInnoSecure.so[0xCBBCB000])[80 EA 01 05 ]0x00004586:	EOR.W	R5, R0, R1	;(R0=0xEEFC1B14 R1=0x280E4271 )
(    libInnoSecure.so[0xCBBCB000])[49 44       ]0x0000458A:	ADD	R1, SB	;(R1=0x280E4271 SB=0x33313630 )
(    libInnoSecure.so[0xCBBCB000])[00 EB 72 52 ]0x0000458C:	ADD.W	R2, R0, R2, ROR #21	;(R0=0xEEFC1B14 R2=0x988EC56F )
(    libInnoSecure.so[0xCBBCB000])[55 40       ]0x00004590:	EORS	R5, R2	;(R5=0xC6F25965 R2=0x652797D8 )
(    libInnoSecure.so[0xCBBCB000])[2C 44       ]0x00004592:	ADD	R4, R5	;(R4=0x43B3CE6A R5=0xA3D5CEBD )
(    libInnoSecure.so[0xCBBCB000])[43 F2 85 05 ]0x00004594:	MOVW	R5, #0X3085
(    libInnoSecure.so[0xCBBCB000])[CD F2 EF 45 ]0x00004598:	MOVT	R5, #0XD4EF	;(R5=0x00003085 )
(    libInnoSecure.so[0xCBBCB000])[2C 44       ]0x0000459C:	ADD	R4, R5	;(R4=0xE7899D27 R5=0xD4EF3085 )
(    libInnoSecure.so[0xCBBCB000])[82 EA 00 05 ]0x0000459E:	EOR.W	R5, R2, R0	;(R2=0x652797D8 R0=0xEEFC1B14 )
(    libInnoSecure.so[0xCBBCB000])[02 EB 34 44 ]0x000045A2:	ADD.W	R4, R2, R4, ROR #16	;(R2=0x652797D8 R4=0xBC78CDAC )
(    libInnoSecure.so[0xCBBCB000])[65 40       ]0x000045A6:	EORS	R5, R4	;(R5=0x8BDB8CCC R4=0x32D45450 )
(    libInnoSecure.so[0xCBBCB000])[29 44       ]0x000045A8:	ADD	R1, R5	;(R1=0x5B3F78A1 R5=0xB90FD89C )
(    libInnoSecure.so[0xCBBCB000])[41 F6 05 55 ]0x000045AA:	MOVW	R5, #0X1D05
(    libInnoSecure.so[0xCBBCB000])[C0 F2 88 45 ]0x000045AE:	MOVT	R5, #0X488	;(R5=0x00001D05 )
(    libInnoSecure.so[0xCBBCB000])[29 44       ]0x000045B2:	ADD	R1, R5	;(R1=0x144F513D R5=0x04881D05 )
(    libInnoSecure.so[0xCBBCB000])[84 EA 02 05 ]0x000045B4:	EOR.W	R5, R4, R2	;(R4=0x32D45450 R2=0x652797D8 )
(    libInnoSecure.so[0xCBBCB000])[42 44       ]0x000045B8:	ADD	R2, R8	;(R2=0x652797D8 R8=0x34303535 )
(    libInnoSecure.so[0xCBBCB000])[04 EB 71 21 ]0x000045BA:	ADD.W	R1, R4, R1, ROR #9	;(R4=0x32D45450 R1=0x18D76E42 )
(    libInnoSecure.so[0xCBBCB000])[85 EA 01 0E ]0x000045BE:	EOR.W	LR, R5, R1	;(R5=0x57F3C388 R1=0x53E0C007 )
(    libInnoSecure.so[0xCBBCB000])[10 9D       ]0x000045C2:	LDR	R5, [SP, #0X40]	;(SP=0x100FFD18 )
(    libInnoSecure.so[0xCBBCB000])[28 44       ]0x000045C4:	ADD	R0, R5	;(R0=0xEEFC1B14 R5=0x62303133 )
(    libInnoSecure.so[0xCBBCB000])[4D F2 39 05 ]0x000045C6:	MOVW	R5, #0XD039
(    libInnoSecure.so[0xCBBCB000])[70 44       ]0x000045CA:	ADD	R0, LR	;(R0=0x512C4C47 LR=0x0413038F )
(    libInnoSecure.so[0xCBBCB000])[CD F6 D4 15 ]0x000045CC:	MOVT	R5, #0XD9D4	;(R5=0x0000D039 )
(    libInnoSecure.so[0xCBBCB000])[28 44       ]0x000045D0:	ADD	R0, R5	;(R0=0x553F4FD6 R5=0xD9D4D039 )
(    libInnoSecure.so[0xCBBCB000])[81 EA 04 05 ]0x000045D2:	EOR.W	R5, R1, R4	;(R1=0x53E0C007 R4=0x32D45450 )
(    libInnoSecure.so[0xCBBCB000])[DD F8 0C E0 ]0x000045D6:	LDR.W	LR, [SP, #0XC]	;(SP=0x100FFD18 )
(    libInnoSecure.so[0xCBBCB000])[01 EB 30 70 ]0x000045DA:	ADD.W	R0, R1, R0, ROR #28	;(R1=0x53E0C007 R0=0x2F14200F )
(    libInnoSecure.so[0xCBBCB000])[45 40       ]0x000045DE:	EORS	R5, R0	;(R5=0x61349457 R0=0x4522C0F9 )
(    libInnoSecure.so[0xCBBCB000])[74 44       ]0x000045E0:	ADD	R4, LR	;(R4=0x32D45450 LR=0x31333834 )
(    libInnoSecure.so[0xCBBCB000])[2A 44       ]0x000045E2:	ADD	R2, R5	;(R2=0x9957CD0D R5=0x241654AE )
(    libInnoSecure.so[0xCBBCB000])[49 F6 E5 15 ]0x000045E4:	MOVW	R5, #0X99E5
(    libInnoSecure.so[0xCBBCB000])[CE F2 DB 65 ]0x000045E8:	MOVT	R5, #0XE6DB	;(R5=0x000099E5 )
(    libInnoSecure.so[0xCBBCB000])[2A 44       ]0x000045EC:	ADD	R2, R5	;(R2=0xBD6E21BB R5=0xE6DB99E5 )
(    libInnoSecure.so[0xCBBCB000])[80 EA 01 05 ]0x000045EE:	EOR.W	R5, R0, R1	;(R0=0x4522C0F9 R1=0x53E0C007 )
(    libInnoSecure.so[0xCBBCB000])[51 44       ]0x000045F2:	ADD	R1, SL	;(R1=0x53E0C007 SL=0x63303133 )
(    libInnoSecure.so[0xCBBCB000])[00 EB 72 52 ]0x000045F4:	ADD.W	R2, R0, R2, ROR #21	;(R0=0x4522C0F9 R2=0xA449BBA0 )
(    libInnoSecure.so[0xCBBCB000])[55 40       ]0x000045F8:	EORS	R5, R2	;(R5=0x16C200FE R2=0x92FFC61B )
(    libInnoSecure.so[0xCBBCB000])[2C 44       ]0x000045FA:	ADD	R4, R5	;(R4=0x64078C84 R5=0x843DC6E5 )
(    libInnoSecure.so[0xCBBCB000])[47 F6 F8 45 ]0x000045FC:	MOVW	R5, #0X7CF8
(    libInnoSecure.so[0xCBBCB000])[C1 F6 A2 75 ]0x00004600:	MOVT	R5, #0X1FA2	;(R5=0x00007CF8 )
(    libInnoSecure.so[0xCBBCB000])[2C 44       ]0x00004604:	ADD	R4, R5	;(R4=0xE8455369 R5=0x1FA27CF8 )
(    libInnoSecure.so[0xCBBCB000])[82 EA 00 05 ]0x00004606:	EOR.W	R5, R2, R0	;(R2=0x92FFC61B R0=0x4522C0F9 )
(    libInnoSecure.so[0xCBBCB000])[30 44       ]0x0000460A:	ADD	R0, R6	;(R0=0x4522C0F9 R6=0x30303530 )
(    libInnoSecure.so[0xCBBCB000])[02 EB 34 44 ]0x0000460C:	ADD.W	R4, R2, R4, ROR #16	;(R2=0x92FFC61B R4=0x07E7D061 )
(    libInnoSecure.so[0xCBBCB000])[45 F6 C3 16 ]0x00004610:	MOVW	R6, #0X59C3
(    libInnoSecure.so[0xCBBCB000])[65 40       ]0x00004614:	EORS	R5, R4	;(R5=0xD7DD06E2 R4=0x6360CE02 )
(    libInnoSecure.so[0xCBBCB000])[C6 F2 5B 56 ]0x00004616:	MOVT	R6, #0X655B	;(R6=0x000059C3 )
(    libInnoSecure.so[0xCBBCB000])[29 44       ]0x0000461A:	ADD	R1, R5	;(R1=0xB710F13A R5=0xB4BDC8E0 )
(    libInnoSecure.so[0xCBBCB000])[45 F2 65 65 ]0x0000461C:	MOVW	R5, #0X5665
(    libInnoSecure.so[0xCBBCB000])[CC F2 AC 45 ]0x00004620:	MOVT	R5, #0XC4AC	;(R5=0x00005665 )
(    libInnoSecure.so[0xCBBCB000])[29 44       ]0x00004624:	ADD	R1, R5	;(R1=0x6BCEBA1A R5=0xC4AC5665 )
(    libInnoSecure.so[0xCBBCB000])[04 EB 71 21 ]0x00004626:	ADD.W	R1, R4, R1, ROR #9	;(R4=0x6360CE02 R1=0x307B107F )
(    libInnoSecure.so[0xCBBCB000])[61 EA 02 05 ]0x0000462A:	ORN	R5, R1, R2	;(R1=0xA2F90B8A R2=0x92FFC61B )
(    libInnoSecure.so[0xCBBCB000])[1A 44       ]0x0000462E:	ADD	R2, R3	;(R2=0x92FFC61B R3=0x30333330 )
(    libInnoSecure.so[0xCBBCB000])[65 40       ]0x00004630:	EORS	R5, R4	;(R5=0xEFF93BEE R4=0x6360CE02 )
(    libInnoSecure.so[0xCBBCB000])[01 9B       ]0x00004632:	LDR	R3, [SP, #4]	;(SP=0x100FFD18 )
(    libInnoSecure.so[0xCBBCB000])[28 44       ]0x00004634:	ADD	R0, R5	;(R0=0x7552F629 R5=0x8C99F5EC )
(    libInnoSecure.so[0xCBBCB000])[42 F2 44 25 ]0x00004636:	MOVW	R5, #0X2244
(    libInnoSecure.so[0xCBBCB000])[CF F2 29 45 ]0x0000463A:	MOVT	R5, #0XF429	;(R5=0x00002244 )
(    libInnoSecure.so[0xCBBCB000])[28 44       ]0x0000463E:	ADD	R0, R5	;(R0=0x01ECEC15 R5=0xF4292244 )
(    libInnoSecure.so[0xCBBCB000])[23 44       ]0x00004640:	ADD	R3, R4	;(R3=0x33353230 R4=0x6360CE02 )
(    libInnoSecure.so[0xCBBCB000])[01 EB B0 60 ]0x00004642:	ADD.W	R0, R1, R0, ROR #26	;(R1=0xA2F90B8A R0=0xF6160E59 )
(    libInnoSecure.so[0xCBBCB000])[60 EA 04 05 ]0x00004646:	ORN	R5, R0, R4	;(R0=0x287CA207 R4=0x6360CE02 )
(    libInnoSecure.so[0xCBBCB000])[42 F2 A7 34 ]0x0000464A:	MOVW	R4, #0X23A7
(    libInnoSecure.so[0xCBBCB000])[4D 40       ]0x0000464E:	EORS	R5, R1	;(R5=0xBCFFB3FF R1=0xA2F90B8A )
(    libInnoSecure.so[0xCBBCB000])[CA F6 94 34 ]0x00004650:	MOVT	R4, #0XAB94	;(R4=0x000023A7 )
(    libInnoSecure.so[0xCBBCB000])[2A 44       ]0x00004654:	ADD	R2, R5	;(R2=0xC332F94B R5=0x1E06B875 )
(    libInnoSecure.so[0xCBBCB000])[4F F6 97 75 ]0x00004656:	MOVW	R5, #0XFF97
(    libInnoSecure.so[0xCBBCB000])[C4 F2 2A 35 ]0x0000465A:	MOVT	R5, #0X432A	;(R5=0x0000FF97 )
(    libInnoSecure.so[0xCBBCB000])[2A 44       ]0x0000465E:	ADD	R2, R5	;(R2=0xE139B1C0 R5=0x432AFF97 )
(    libInnoSecure.so[0xCBBCB000])[00 EB B2 52 ]0x00004660:	ADD.W	R2, R0, R2, ROR #22	;(R0=0x287CA207 R2=0x2464B157 )
(    libInnoSecure.so[0xCBBCB000])[62 EA 01 05 ]0x00004664:	ORN	R5, R2, R1	;(R2=0xBB41FE98 R1=0xA2F90B8A )
(    libInnoSecure.so[0xCBBCB000])[45 40       ]0x00004668:	EORS	R5, R0	;(R5=0xFF47FEFD R0=0x287CA207 )
(    libInnoSecure.so[0xCBBCB000])[2B 44       ]0x0000466A:	ADD	R3, R5	;(R3=0x96960032 R5=0xD73B5CFA )
(    libInnoSecure.so[0xCBBCB000])[09 9D       ]0x0000466C:	LDR	R5, [SP, #0X24]	;(SP=0x100FFD18 )
(    libInnoSecure.so[0xCBBCB000])[23 44       ]0x0000466E:	ADD	R3, R4	;(R3=0x6DD15D2C R4=0xAB9423A7 )
(    libInnoSecure.so[0xCBBCB000])[29 44       ]0x00004670:	ADD	R1, R5	;(R1=0xA2F90B8A R5=0x34303535 )
(    libInnoSecure.so[0xCBBCB000])[11 9D       ]0x00004672:	LDR	R5, [SP, #0X44]	;(SP=0x100FFD18 )
(    libInnoSecure.so[0xCBBCB000])[02 EB 73 43 ]0x00004674:	ADD.W	R3, R2, R3, ROR #17	;(R2=0xBB41FE98 R3=0x196580D3 )
(    libInnoSecure.so[0xCBBCB000])[63 EA 00 04 ]0x00004678:	ORN	R4, R3, R0	;(R3=0x7BAB8B4A R0=0x287CA207 )
(    libInnoSecure.so[0xCBBCB000])[40 44       ]0x0000467C:	ADD	R0, R8	;(R0=0x287CA207 R8=0x34303535 )
(    libInnoSecure.so[0xCBBCB000])[54 40       ]0x0000467E:	EORS	R4, R2	;(R4=0xFFABDFFA R2=0xBB41FE98 )
(    libInnoSecure.so[0xCBBCB000])[21 44       ]0x00004680:	ADD	R1, R4	;(R1=0xD72940BF R4=0x44EA2162 )
(    libInnoSecure.so[0xCBBCB000])[4A F2 39 04 ]0x00004682:	MOVW	R4, #0XA039
(    libInnoSecure.so[0xCBBCB000])[CF F6 93 44 ]0x00004686:	MOVT	R4, #0XFC93	;(R4=0x0000A039 )
(    libInnoSecure.so[0xCBBCB000])[21 44       ]0x0000468A:	ADD	R1, R4	;(R1=0x1C136221 R4=0xFC93A039 )
(    libInnoSecure.so[0xCBBCB000])[03 EB F1 21 ]0x0000468C:	ADD.W	R1, R3, R1, ROR #11	;(R3=0x7BAB8B4A R1=0x18A7025A )
(    libInnoSecure.so[0xCBBCB000])[61 EA 02 04 ]0x00004690:	ORN	R4, R1, R2	;(R1=0xC6EEA02A R2=0xBB41FE98 )
(    libInnoSecure.so[0xCBBCB000])[62 44       ]0x00004694:	ADD	R2, IP	;(R2=0xBB41FE98 IP=0x61303033 )
(    libInnoSecure.so[0xCBBCB000])[5C 40       ]0x00004696:	EORS	R4, R3	;(R4=0xC6FEA16F R3=0x7BAB8B4A )
(    libInnoSecure.so[0xCBBCB000])[DD F8 1C C0 ]0x00004698:	LDR.W	IP, [SP, #0X1C]	;(SP=0x100FFD18 )
(    libInnoSecure.so[0xCBBCB000])[20 44       ]0x0000469C:	ADD	R0, R4	;(R0=0x5CACD73C R4=0xBD552A25 )
(    libInnoSecure.so[0xCBBCB000])[30 44       ]0x0000469E:	ADD	R0, R6	;(R0=0x1A020161 R6=0x655B59C3 )
(    libInnoSecure.so[0xCBBCB000])[01 EB B0 60 ]0x000046A0:	ADD.W	R0, R1, R0, ROR #26	;(R1=0xC6EEA02A R0=0x7F5D5B24 )
(    libInnoSecure.so[0xCBBCB000])[60 EA 03 06 ]0x000046A4:	ORN	R6, R0, R3	;(R0=0x9E456949 R3=0x7BAB8B4A )
(    libInnoSecure.so[0xCBBCB000])[5B 44       ]0x000046A8:	ADD	R3, FP	;(R3=0x7BAB8B4A FP=0x39303033 )
(    libInnoSecure.so[0xCBBCB000])[4E 40       ]0x000046AA:	EORS	R6, R1	;(R6=0x9E557DFD R1=0xC6EEA02A )
(    libInnoSecure.so[0xCBBCB000])[32 44       ]0x000046AC:	ADD	R2, R6	;(R2=0x1C722ECB R6=0x58BBDDD7 )
(    libInnoSecure.so[0xCBBCB000])[4C F6 92 46 ]0x000046AE:	MOVW	R6, #0XCC92
(    libInnoSecure.so[0xCBBCB000])[C8 F6 0C 76 ]0x000046B2:	MOVT	R6, #0X8F0C	;(R6=0x0000CC92 )
(    libInnoSecure.so[0xCBBCB000])[32 44       ]0x000046B6:	ADD	R2, R6	;(R2=0x752E0CA2 R6=0x8F0CCC92 )
(    libInnoSecure.so[0xCBBCB000])[00 EB B2 52 ]0x000046B8:	ADD.W	R2, R0, R2, ROR #22	;(R0=0x9E456949 R2=0x043AD934 )
(    libInnoSecure.so[0xCBBCB000])[62 EA 01 06 ]0x000046BC:	ORN	R6, R2, R1	;(R2=0x89AA3959 R1=0xC6EEA02A )
(    libInnoSecure.so[0xCBBCB000])[29 44       ]0x000046C0:	ADD	R1, R5	;(R1=0xC6EEA02A R5=0x32353033 )
(    libInnoSecure.so[0xCBBCB000])[46 40       ]0x000046C2:	EORS	R6, R0	;(R6=0xB9BB7FDD R0=0x9E456949 )
(    libInnoSecure.so[0xCBBCB000])[0A 9D       ]0x000046C4:	LDR	R5, [SP, #0X28]	;(SP=0x100FFD18 )
(    libInnoSecure.so[0xCBBCB000])[33 44       ]0x000046C6:	ADD	R3, R6	;(R3=0xB4DBBB7D R6=0x27FE1694 )
(    libInnoSecure.so[0xCBBCB000])[4F F2 7D 46 ]0x000046C8:	MOVW	R6, #0XF47D
(    libInnoSecure.so[0xCBBCB000])[CF F6 EF 76 ]0x000046CC:	MOVT	R6, #0XFFEF	;(R6=0x0000F47D )
(    libInnoSecure.so[0xCBBCB000])[33 44       ]0x000046D0:	ADD	R3, R6	;(R3=0xDCD9D211 R6=0xFFEFF47D )
(    libInnoSecure.so[0xCBBCB000])[02 EB 73 43 ]0x000046D2:	ADD.W	R3, R2, R3, ROR #17	;(R2=0x89AA3959 R3=0xDCC9C68E )
(    libInnoSecure.so[0xCBBCB000])[63 EA 00 06 ]0x000046D6:	ORN	R6, R3, R0	;(R3=0x6CF1A7BD R0=0x9E456949 )
(    libInnoSecure.so[0xCBBCB000])[28 44       ]0x000046DA:	ADD	R0, R5	;(R0=0x9E456949 R5=0x31333233 )
(    libInnoSecure.so[0xCBBCB000])[56 40       ]0x000046DC:	EORS	R6, R2	;(R6=0x6DFBB7BF R2=0x89AA3959 )
(    libInnoSecure.so[0xCBBCB000])[08 9D       ]0x000046DE:	LDR	R5, [SP, #0X20]	;(SP=0x100FFD18 )
(    libInnoSecure.so[0xCBBCB000])[31 44       ]0x000046E0:	ADD	R1, R6	;(R1=0xF923D05D R6=0xE4518EE6 )
(    libInnoSecure.so[0xCBBCB000])[45 F6 D1 56 ]0x000046E2:	MOVW	R6, #0X5DD1
(    libInnoSecure.so[0xCBBCB000])[C8 F2 84 56 ]0x000046E6:	MOVT	R6, #0X8584	;(R6=0x00005DD1 )
(    libInnoSecure.so[0xCBBCB000])[31 44       ]0x000046EA:	ADD	R1, R6	;(R1=0xDD755F43 R6=0x85845DD1 )
(    libInnoSecure.so[0xCBBCB000])[03 EB F1 21 ]0x000046EC:	ADD.W	R1, R3, R1, ROR #11	;(R3=0x6CF1A7BD R1=0x62F9BD14 )
(    libInnoSecure.so[0xCBBCB000])[61 EA 02 06 ]0x000046F0:	ORN	R6, R1, R2	;(R1=0x0F7E06F4 R2=0x89AA3959 )
(    libInnoSecure.so[0xCBBCB000])[72 44       ]0x000046F4:	ADD	R2, LR	;(R2=0x89AA3959 LR=0x31333834 )
(    libInnoSecure.so[0xCBBCB000])[5E 40       ]0x000046F6:	EORS	R6, R3	;(R6=0x7F7FC6F6 R3=0x6CF1A7BD )
(    libInnoSecure.so[0xCBBCB000])[30 44       ]0x000046F8:	ADD	R0, R6	;(R0=0xCF789B7C R6=0x138E614B )
(    libInnoSecure.so[0xCBBCB000])[47 F6 4F 66 ]0x000046FA:	MOVW	R6, #0X7E4F
(    libInnoSecure.so[0xCBBCB000])[C6 F6 A8 76 ]0x000046FE:	MOVT	R6, #0X6FA8	;(R6=0x00007E4F )
(    libInnoSecure.so[0xCBBCB000])[30 44       ]0x00004702:	ADD	R0, R6	;(R0=0xE306FCC7 R6=0x6FA87E4F )
(    libInnoSecure.so[0xCBBCB000])[01 EB B0 66 ]0x00004704:	ADD.W	R6, R1, R0, ROR #26	;(R1=0x0F7E06F4 R0=0x52AF7B16 )
(    libInnoSecure.so[0xCBBCB000])[66 EA 03 00 ]0x00004708:	ORN	R0, R6, R3	;(R6=0xBB5CCC88 R3=0x6CF1A7BD )
(    libInnoSecure.so[0xCBBCB000])[4B 44       ]0x0000470C:	ADD	R3, SB	;(R3=0x6CF1A7BD SB=0x33313630 )
(    libInnoSecure.so[0xCBBCB000])[48 40       ]0x0000470E:	EORS	R0, R1	;(R0=0xBB5EDCCA R1=0x0F7E06F4 )
(    libInnoSecure.so[0xCBBCB000])[10 44       ]0x00004710:	ADD	R0, R2	;(R0=0xB420DA3E R2=0xBADD718D )
(    libInnoSecure.so[0xCBBCB000])[4E F2 E0 62 ]0x00004712:	MOVW	R2, #0XE6E0
(    libInnoSecure.so[0xCBBCB000])[CF F6 2C 62 ]0x00004716:	MOVT	R2, #0XFE2C	;(R2=0x0000E6E0 )
(    libInnoSecure.so[0xCBBCB000])[10 44       ]0x0000471A:	ADD	R0, R2	;(R0=0x6EFE4BCB R2=0xFE2CE6E0 )
(    libInnoSecure.so[0xCBBCB000])[06 EB B0 52 ]0x0000471C:	ADD.W	R2, R6, R0, ROR #22	;(R6=0xBB5CCC88 R0=0x6D2B32AB )
(    libInnoSecure.so[0xCBBCB000])[62 EA 01 00 ]0x00004720:	ORN	R0, R2, R1	;(R2=0x68277A3C R1=0x0F7E06F4 )
(    libInnoSecure.so[0xCBBCB000])[29 44       ]0x00004724:	ADD	R1, R5	;(R1=0x0F7E06F4 R5=0x33313830 )
(    libInnoSecure.so[0xCBBCB000])[70 40       ]0x00004726:	EORS	R0, R6	;(R0=0xF8A7FB3F R6=0xBB5CCC88 )
(    libInnoSecure.so[0xCBBCB000])[0B 9D       ]0x00004728:	LDR	R5, [SP, #0X2C]	;(SP=0x100FFD18 )
(    libInnoSecure.so[0xCBBCB000])[18 44       ]0x0000472A:	ADD	R0, R3	;(R0=0x43FB37B7 R3=0xA022DDED )
(    libInnoSecure.so[0xCBBCB000])[44 F2 14 33 ]0x0000472C:	MOVW	R3, #0X4314
(    libInnoSecure.so[0xCBBCB000])[CA F2 01 33 ]0x00004730:	MOVT	R3, #0XA301	;(R3=0x00004314 )
(    libInnoSecure.so[0xCBBCB000])[18 44       ]0x00004734:	ADD	R0, R3	;(R0=0xE41E15A4 R3=0xA3014314 )
(    libInnoSecure.so[0xCBBCB000])[02 EB 70 40 ]0x00004736:	ADD.W	R0, R2, R0, ROR #17	;(R2=0x68277A3C R0=0x871F58B8 )
(    libInnoSecure.so[0xCBBCB000])[60 EA 06 03 ]0x0000473A:	ORN	R3, R0, R6	;(R0=0x1483BDCB R6=0xBB5CCC88 )
(    libInnoSecure.so[0xCBBCB000])[2E 44       ]0x0000473E:	ADD	R6, R5	;(R6=0xBB5CCC88 R5=0x33303630 )
(    libInnoSecure.so[0xCBBCB000])[53 40       ]0x00004740:	EORS	R3, R2	;(R3=0x54A3BFFF R2=0x68277A3C )
(    libInnoSecure.so[0xCBBCB000])[19 44       ]0x00004742:	ADD	R1, R3	;(R1=0x42AF3F24 R3=0x3C84C5C3 )
(    libInnoSecure.so[0xCBBCB000])[41 F2 A1 13 ]0x00004744:	MOVW	R3, #0X11A1
(    libInnoSecure.so[0xCBBCB000])[C4 F6 08 63 ]0x00004748:	MOVT	R3, #0X4E08	;(R3=0x000011A1 )
(    libInnoSecure.so[0xCBBCB000])[19 44       ]0x0000474C:	ADD	R1, R3	;(R1=0x7F3404E7 R3=0x4E0811A1 )
(    libInnoSecure.so[0xCBBCB000])[00 EB F1 21 ]0x0000474E:	ADD.W	R1, R0, R1, ROR #11	;(R0=0x1483BDCB R1=0xCD3C1688 )
(    libInnoSecure.so[0xCBBCB000])[61 EA 02 03 ]0x00004752:	ORN	R3, R1, R2	;(R1=0xE59D654D R2=0x68277A3C )
(    libInnoSecure.so[0xCBBCB000])[43 40       ]0x00004756:	EORS	R3, R0	;(R3=0xF7DDE5CF R0=0x1483BDCB )
(    libInnoSecure.so[0xCBBCB000])[33 44       ]0x00004758:	ADD	R3, R6	;(R3=0xE35E5804 R6=0xEE8D02B8 )
(    libInnoSecure.so[0xCBBCB000])[47 F6 82 66 ]0x0000475A:	MOVW	R6, #0X7E82
(    libInnoSecure.so[0xCBBCB000])[CF F2 53 76 ]0x0000475E:	MOVT	R6, #0XF753	;(R6=0x00007E82 )
(    libInnoSecure.so[0xCBBCB000])[33 44       ]0x00004762:	ADD	R3, R6	;(R3=0xD1EB5ABC R6=0xF7537E82 )
(    libInnoSecure.so[0xCBBCB000])[DC F8 00 60 ]0x00004764:	LDR.W	R6, [IP]	;(IP=0x100FFEF8 )
(    libInnoSecure.so[0xCBBCB000])[01 EB B3 63 ]0x00004768:	ADD.W	R3, R1, R3, ROR #26	;(R1=0xE59D654D R3=0xC93ED93E )
(    libInnoSecure.so[0xCBBCB000])[1E 44       ]0x0000476C:	ADD	R6, R3	;(R6=0xDFC14F31 R3=0x3553B4FF )
(    libInnoSecure.so[0xCBBCB000])[CC F8 00 60 ]0x0000476E:	STR.W	R6, [IP]	;(R6=0x15150430 IP=0x100FFEF8 )
(    libInnoSecure.so[0xCBBCB000])[05 9D       ]0x00004772:	LDR	R5, [SP, #0X14]	;(SP=0x100FFD18 )
(    libInnoSecure.so[0xCBBCB000])[63 EA 00 06 ]0x00004774:	ORN	R6, R3, R0	;(R3=0x3553B4FF R0=0x1483BDCB )
(    libInnoSecure.so[0xCBBCB000])[4E 40       ]0x00004778:	EORS	R6, R1	;(R6=0xFF7FF6FF R1=0xE59D654D )
(    libInnoSecure.so[0xCBBCB000])[50 44       ]0x0000477A:	ADD	R0, SL	;(R0=0x1483BDCB SL=0x63303133 )
(    libInnoSecure.so[0xCBBCB000])[2A 44       ]0x0000477C:	ADD	R2, R5	;(R2=0x68277A3C R5=0x33303630 )
(    libInnoSecure.so[0xCBBCB000])[32 44       ]0x0000477E:	ADD	R2, R6	;(R2=0x9B57B06C R6=0x1AE293B2 )
(    libInnoSecure.so[0xCBBCB000])[4F F2 35 26 ]0x00004780:	MOVW	R6, #0XF235
(    libInnoSecure.so[0xCBBCB000])[CB F6 3A 56 ]0x00004784:	MOVT	R6, #0XBD3A	;(R6=0x0000F235 )
(    libInnoSecure.so[0xCBBCB000])[32 44       ]0x00004788:	ADD	R2, R6	;(R2=0xB63A441E R6=0xBD3AF235 )
(    libInnoSecure.so[0xCBBCB000])[DC E9 01 65 ]0x0000478A:	LDRD	R6, R5, [IP, #4]	;(IP=0x100FFEF8 )
(    libInnoSecure.so[0xCBBCB000])[DC F8 0C 40 ]0x0000478E:	LDR.W	R4, [IP, #0XC]	;(IP=0x100FFEF8 )
(    libInnoSecure.so[0xCBBCB000])[03 EB B2 52 ]0x00004792:	ADD.W	R2, R3, R2, ROR #22	;(R3=0x3553B4FF R2=0x73753653 )
(    libInnoSecure.so[0xCBBCB000])[14 44       ]0x00004796:	ADD	R4, R2	;(R4=0x3A068ED5 R2=0x0A2D02CC )
(    libInnoSecure.so[0xCBBCB000])[CC F8 0C 40 ]0x00004798:	STR.W	R4, [IP, #0XC]	;(R4=0x443391A1 IP=0x100FFEF8 )
(    libInnoSecure.so[0xCBBCB000])[62 EA 01 04 ]0x0000479C:	ORN	R4, R2, R1	;(R2=0x0A2D02CC R1=0xE59D654D )
(    libInnoSecure.so[0xCBBCB000])[5C 40       ]0x000047A0:	EORS	R4, R3	;(R4=0x1A6F9AFE R3=0x3553B4FF )
(    libInnoSecure.so[0xCBBCB000])[20 44       ]0x000047A2:	ADD	R0, R4	;(R0=0x77B3EEFE R4=0x2F3C2E01 )
(    libInnoSecure.so[0xCBBCB000])[4D F2 BB 24 ]0x000047A4:	MOVW	R4, #0XD2BB
(    libInnoSecure.so[0xCBBCB000])[C2 F6 D7 24 ]0x000047A8:	MOVT	R4, #0X2AD7	;(R4=0x0000D2BB )
(    libInnoSecure.so[0xCBBCB000])[20 44       ]0x000047AC:	ADD	R0, R4	;(R0=0xA6F01CFF R4=0x2AD7D2BB )
(    libInnoSecure.so[0xCBBCB000])[02 EB 70 40 ]0x000047AE:	ADD.W	R0, R2, R0, ROR #17	;(R2=0x0A2D02CC R0=0xD1C7EFBA )
(    libInnoSecure.so[0xCBBCB000])[05 44       ]0x000047B2:	ADD	R5, R0	;(R5=0x71B52AA8 R0=0x020A6BAF )
(    libInnoSecure.so[0xCBBCB000])[60 EA 03 03 ]0x000047B4:	ORN	R3, R0, R3	;(R0=0x020A6BAF R3=0x3553B4FF )
(    libInnoSecure.so[0xCBBCB000])[CC F8 08 50 ]0x000047B8:	STR.W	R5, [IP, #8]	;(R5=0x73BF9657 IP=0x100FFEF8 )
(    libInnoSecure.so[0xCBBCB000])[5A 40       ]0x000047BC:	EORS	R2, R3	;(R2=0x0A2D02CC R3=0xCAAE6BAF )
(    libInnoSecure.so[0xCBBCB000])[10 9B       ]0x000047BE:	LDR	R3, [SP, #0X40]	;(SP=0x100FFD18 )
(    libInnoSecure.so[0xCBBCB000])[30 44       ]0x000047C0:	ADD	R0, R6	;(R0=0x020A6BAF R6=0x81F7CF42 )
(    libInnoSecure.so[0xCBBCB000])[19 44       ]0x000047C2:	ADD	R1, R3	;(R1=0xE59D654D R3=0x62303133 )
(    libInnoSecure.so[0xCBBCB000])[11 44       ]0x000047C4:	ADD	R1, R2	;(R1=0x47CD9680 R2=0xC0836963 )
(    libInnoSecure.so[0xCBBCB000])[4D F2 91 32 ]0x000047C6:	MOVW	R2, #0XD391
(    libInnoSecure.so[0xCBBCB000])[CE F6 86 32 ]0x000047CA:	MOVT	R2, #0XEB86	;(R2=0x0000D391 )
(    libInnoSecure.so[0xCBBCB000])[11 44       ]0x000047CE:	ADD	R1, R2	;(R1=0x0850FFE3 R2=0xEB86D391 )
(    libInnoSecure.so[0xCBBCB000])[00 EB F1 20 ]0x000047D0:	ADD.W	R0, R0, R1, ROR #11	;(R0=0x84023AF1 R1=0xF3D7D374 )
(    libInnoSecure.so[0xCBBCB000])[CC F8 04 00 ]0x000047D4:	STR.W	R0, [IP, #4]	;(R0=0xF2A0B5EB IP=0x100FFEF8 )
(    libInnoSecure.so[0xCBBCB000])[07 48       ]0x000047D8:	LDR	R0, [PC, #0X1C]	;(PC=0xCBBCF7D8 )
(    libInnoSecure.so[0xCBBCB000])[52 99       ]0x000047DA:	LDR	R1, [SP, #0X148]	;(SP=0x100FFD18 )
(    libInnoSecure.so[0xCBBCB000])[78 44       ]0x000047DC:	ADD	R0, PC	;(R0=0x000056C0 PC=0xCBBCF7DC )
(    libInnoSecure.so[0xCBBCB000])[00 68       ]0x000047DE:	LDR	R0, [R0]	;(R0=0xCBBD4EA0 )
(    libInnoSecure.so[0xCBBCB000])[00 68       ]0x000047E0:	LDR	R0, [R0]	;(R0=0xCBC29384 )
(    libInnoSecure.so[0xCBBCB000])[40 1A       ]0x000047E2:	SUBS	R0, R0, R1	;(R0=0x00000000 R1=0x00000000 )
(    libInnoSecure.so[0xCBBCB000])[02 BF       ]0x000047E4:	ITTT	EQ
(    libInnoSecure.so[0xCBBCB000])[53 B0       ]0x000047E6:	ADD	SP, #0X14C	;(SP=0x100FFD18 )
(    libInnoSecure.so[0xCBBCB000])[BD E8 00 0F ]0x000047E8:	POP.W	{R8, SB, SL, FP}	;(SP=0x100FFE64 )
(    libInnoSecure.so[0xCBBCB000])[F0 BD       ]0x000047EC:	POP	{R4, R5, R6, R7, PC}	;(SP=0x100FFE74 )
(    libInnoSecure.so[0xCBBCB000])[05 F1 80 00 ]0x0000402E:	ADD.W	R0, R5, #0X80	;(R5=0x00000040 )
(    libInnoSecure.so[0xCBBCB000])[40 35       ]0x00004032:	ADDS	R5, #0X40	;(R5=0x00000040 )
(    libInnoSecure.so[0xCBBCB000])[A0 42       ]0x00004034:	CMP	R0, R4	;(R0=0x000000C0 R4=0x0000043E )
(    libInnoSecure.so[0xCBBCB000])[F5 D9       ]0x00004036:	BLS	#0XCBBCF024
(    libInnoSecure.so[0xCBBCB000])[09 EB 05 01 ]0x00004024:	ADD.W	R1, SB, R5	;(SB=0x30043020 R5=0x00000080 )
(    libInnoSecure.so[0xCBBCB000])[30 46       ]0x00004028:	MOV	R0, R6	;(R6=0x100FFEF8 )
(    libInnoSecure.so[0xCBBCB000])[00 F0 11 F8 ]0x0000402A:	BL	#0XCBBCF050	;(PC=0xCBBCF02A )
(    libInnoSecure.so[0xCBBCB000])[F0 B5       ]0x00004050:	PUSH	{R4, R5, R6, R7, LR}	;(SP=0x100FFE88 R4=0x0000043E R5=0x00000080 R6=0x100FFEF8 R7=0x100FFEA0 LR=0xCBBCF02F )
(    libInnoSecure.so[0xCBBCB000])[03 AF       ]0x00004052:	ADD	R7, SP, #0XC	;(SP=0x100FFE74 )
(    libInnoSecure.so[0xCBBCB000])[2D E9 00 0F ]0x00004054:	PUSH.W	{R8, SB, SL, FP}	;(SP=0x100FFE74 R8=0x100FFEF0 SB=0x30043020 SL=0x100FFF08 FP=0x00000007 )
(    libInnoSecure.so[0xCBBCB000])[D3 B0       ]0x00004058:	SUB	SP, #0X14C	;(SP=0x100FFE64 )
(    libInnoSecure.so[0xCBBCB000])[DF F8 98 27 ]0x0000405A:	LDR.W	R2, [PC, #0X798]	;(PC=0xCBBCF05A )
(    libInnoSecure.so[0xCBBCB000])[12 AC       ]0x0000405E:	ADD	R4, SP, #0X48	;(SP=0x100FFD18 )
(    libInnoSecure.so[0xCBBCB000])[00 25       ]0x00004060:	MOVS	R5, #0
(    libInnoSecure.so[0xCBBCB000])[7A 44       ]0x00004062:	ADD	R2, PC	;(R2=0x00005E3A PC=0xCBBCF062 )
(    libInnoSecure.so[0xCBBCB000])[12 68       ]0x00004064:	LDR	R2, [R2]	;(R2=0xCBBD4EA0 )
(    libInnoSecure.so[0xCBBCB000])[12 68       ]0x00004066:	LDR	R2, [R2]	;(R2=0xCBC29384 )
(    libInnoSecure.so[0xCBBCB000])[52 92       ]0x00004068:	STR	R2, [SP, #0X148]	;(R2=0x00000000 SP=0x100FFD18 )
(    libInnoSecure.so[0xCBBCB000])[D0 E9 00 C2 ]0x0000406A:	LDRD	IP, R2, [R0]	;(R0=0x100FFEF8 )
(    libInnoSecure.so[0xCBBCB000])[D0 F8 08 E0 ]0x0000406E:	LDR.W	LR, [R0, #8]	;(R0=0x100FFEF8 )
(    libInnoSecure.so[0xCBBCB000])[07 90       ]0x00004072:	STR	R0, [SP, #0X1C]	;(R0=0x100FFEF8 SP=0x100FFD18 )
(    libInnoSecure.so[0xCBBCB000])[C0 68       ]0x00004074:	LDR	R0, [R0, #0XC]	;(R0=0x100FFEF8 )
(    libInnoSecure.so[0xCBBCB000])[4E 59       ]0x00004076:	LDR	R6, [R1, R5]	;(R1=0x300430A0 R5=0x00000000 )
(    libInnoSecure.so[0xCBBCB000])[66 51       ]0x00004078:	STR	R6, [R4, R5]	;(R6=0x30336230 R4=0x100FFD60 R5=0x00000000 )
(    libInnoSecure.so[0xCBBCB000])[04 35       ]0x0000407A:	ADDS	R5, #4	;(R5=0x00000000 )
(    libInnoSecure.so[0xCBBCB000])[40 2D       ]0x0000407C:	CMP	R5, #0X40	;(R5=0x00000004 )
(    libInnoSecure.so[0xCBBCB000])[FA D1       ]0x0000407E:	BNE	#0XCBBCF076
(    libInnoSecure.so[0xCBBCB000])[4E 59       ]0x00004076:	LDR	R6, [R1, R5]	;(R1=0x300430A0 R5=0x00000004 )
(    libInnoSecure.so[0xCBBCB000])[66 51       ]0x00004078:	STR	R6, [R4, R5]	;(R6=0x36303930 R4=0x100FFD60 R5=0x00000004 )
(    libInnoSecure.so[0xCBBCB000])[04 35       ]0x0000407A:	ADDS	R5, #4	;(R5=0x00000004 )
(    libInnoSecure.so[0xCBBCB000])[40 2D       ]0x0000407C:	CMP	R5, #0X40	;(R5=0x00000008 )
(    libInnoSecure.so[0xCBBCB000])[FA D1       ]0x0000407E:	BNE	#0XCBBCF076
(    libInnoSecure.so[0xCBBCB000])[4E 59       ]0x00004076:	LDR	R6, [R1, R5]	;(R1=0x300430A0 R5=0x00000008 )
(    libInnoSecure.so[0xCBBCB000])[66 51       ]0x00004078:	STR	R6, [R4, R5]	;(R6=0x35353330 R4=0x100FFD60 R5=0x00000008 )
(    libInnoSecure.so[0xCBBCB000])[04 35       ]0x0000407A:	ADDS	R5, #4	;(R5=0x00000008 )
(    libInnoSecure.so[0xCBBCB000])[40 2D       ]0x0000407C:	CMP	R5, #0X40	;(R5=0x0000000C )
(    libInnoSecure.so[0xCBBCB000])[FA D1       ]0x0000407E:	BNE	#0XCBBCF076
(    libInnoSecure.so[0xCBBCB000])[4E 59       ]0x00004076:	LDR	R6, [R1, R5]	;(R1=0x300430A0 R5=0x0000000C )
(    libInnoSecure.so[0xCBBCB000])[66 51       ]0x00004078:	STR	R6, [R4, R5]	;(R6=0x37303430 R4=0x100FFD60 R5=0x0000000C )
(    libInnoSecure.so[0xCBBCB000])[04 35       ]0x0000407A:	ADDS	R5, #4	;(R5=0x0000000C )
(    libInnoSecure.so[0xCBBCB000])[40 2D       ]0x0000407C:	CMP	R5, #0X40	;(R5=0x00000010 )
(    libInnoSecure.so[0xCBBCB000])[FA D1       ]0x0000407E:	BNE	#0XCBBCF076
(    libInnoSecure.so[0xCBBCB000])[4E 59       ]0x00004076:	LDR	R6, [R1, R5]	;(R1=0x300430A0 R5=0x00000010 )
(    libInnoSecure.so[0xCBBCB000])[66 51       ]0x00004078:	STR	R6, [R4, R5]	;(R6=0x32303331 R4=0x100FFD60 R5=0x00000010 )
(    libInnoSecure.so[0xCBBCB000])[04 35       ]0x0000407A:	ADDS	R5, #4	;(R5=0x00000010 )
(    libInnoSecure.so[0xCBBCB000])[40 2D       ]0x0000407C:	CMP	R5, #0X40	;(R5=0x00000014 )
(    libInnoSecure.so[0xCBBCB000])[FA D1       ]0x0000407E:	BNE	#0XCBBCF076
(    libInnoSecure.so[0xCBBCB000])[4E 59       ]0x00004076:	LDR	R6, [R1, R5]	;(R1=0x300430A0 R5=0x00000014 )
(    libInnoSecure.so[0xCBBCB000])[66 51       ]0x00004078:	STR	R6, [R4, R5]	;(R6=0x38343335 R4=0x100FFD60 R5=0x00000014 )
(    libInnoSecure.so[0xCBBCB000])[04 35       ]0x0000407A:	ADDS	R5, #4	;(R5=0x00000014 )
(    libInnoSecure.so[0xCBBCB000])[40 2D       ]0x0000407C:	CMP	R5, #0X40	;(R5=0x00000018 )
(    libInnoSecure.so[0xCBBCB000])[FA D1       ]0x0000407E:	BNE	#0XCBBCF076
(    libInnoSecure.so[0xCBBCB000])[4E 59       ]0x00004076:	LDR	R6, [R1, R5]	;(R1=0x300430A0 R5=0x00000018 )
(    libInnoSecure.so[0xCBBCB000])[66 51       ]0x00004078:	STR	R6, [R4, R5]	;(R6=0x62303133 R4=0x100FFD60 R5=0x00000018 )
(    libInnoSecure.so[0xCBBCB000])[04 35       ]0x0000407A:	ADDS	R5, #4	;(R5=0x00000018 )
(    libInnoSecure.so[0xCBBCB000])[40 2D       ]0x0000407C:	CMP	R5, #0X40	;(R5=0x0000001C )
(    libInnoSecure.so[0xCBBCB000])[FA D1       ]0x0000407E:	BNE	#0XCBBCF076
(    libInnoSecure.so[0xCBBCB000])[4E 59       ]0x00004076:	LDR	R6, [R1, R5]	;(R1=0x300430A0 R5=0x0000001C )
(    libInnoSecure.so[0xCBBCB000])[66 51       ]0x00004078:	STR	R6, [R4, R5]	;(R6=0x39303033 R4=0x100FFD60 R5=0x0000001C )
(    libInnoSecure.so[0xCBBCB000])[04 35       ]0x0000407A:	ADDS	R5, #4	;(R5=0x0000001C )
(    libInnoSecure.so[0xCBBCB000])[40 2D       ]0x0000407C:	CMP	R5, #0X40	;(R5=0x00000020 )
(    libInnoSecure.so[0xCBBCB000])[FA D1       ]0x0000407E:	BNE	#0XCBBCF076
(    libInnoSecure.so[0xCBBCB000])[4E 59       ]0x00004076:	LDR	R6, [R1, R5]	;(R1=0x300430A0 R5=0x00000020 )
(    libInnoSecure.so[0xCBBCB000])[66 51       ]0x00004078:	STR	R6, [R4, R5]	;(R6=0x33303630 R4=0x100FFD60 R5=0x00000020 )
(    libInnoSecure.so[0xCBBCB000])[04 35       ]0x0000407A:	ADDS	R5, #4	;(R5=0x00000020 )
(    libInnoSecure.so[0xCBBCB000])[40 2D       ]0x0000407C:	CMP	R5, #0X40	;(R5=0x00000024 )
(    libInnoSecure.so[0xCBBCB000])[FA D1       ]0x0000407E:	BNE	#0XCBBCF076
(    libInnoSecure.so[0xCBBCB000])[4E 59       ]0x00004076:	LDR	R6, [R1, R5]	;(R1=0x300430A0 R5=0x00000024 )
(    libInnoSecure.so[0xCBBCB000])[66 51       ]0x00004078:	STR	R6, [R4, R5]	;(R6=0x34303535 R4=0x100FFD60 R5=0x00000024 )
(    libInnoSecure.so[0xCBBCB000])[04 35       ]0x0000407A:	ADDS	R5, #4	;(R5=0x00000024 )
(    libInnoSecure.so[0xCBBCB000])[40 2D       ]0x0000407C:	CMP	R5, #0X40	;(R5=0x00000028 )
(    libInnoSecure.so[0xCBBCB000])[FA D1       ]0x0000407E:	BNE	#0XCBBCF076
(    libInnoSecure.so[0xCBBCB000])[4E 59       ]0x00004076:	LDR	R6, [R1, R5]	;(R1=0x300430A0 R5=0x00000028 )
(    libInnoSecure.so[0xCBBCB000])[66 51       ]0x00004078:	STR	R6, [R4, R5]	;(R6=0x33316130 R4=0x100FFD60 R5=0x00000028 )
(    libInnoSecure.so[0xCBBCB000])[04 35       ]0x0000407A:	ADDS	R5, #4	;(R5=0x00000028 )
(    libInnoSecure.so[0xCBBCB000])[40 2D       ]0x0000407C:	CMP	R5, #0X40	;(R5=0x0000002C )
(    libInnoSecure.so[0xCBBCB000])[FA D1       ]0x0000407E:	BNE	#0XCBBCF076
(    libInnoSecure.so[0xCBBCB000])[4E 59       ]0x00004076:	LDR	R6, [R1, R5]	;(R1=0x300430A0 R5=0x0000002C )
(    libInnoSecure.so[0xCBBCB000])[66 51       ]0x00004078:	STR	R6, [R4, R5]	;(R6=0x61353230 R4=0x100FFD60 R5=0x0000002C )
(    libInnoSecure.so[0xCBBCB000])[04 35       ]0x0000407A:	ADDS	R5, #4	;(R5=0x0000002C )
(    libInnoSecure.so[0xCBBCB000])[40 2D       ]0x0000407C:	CMP	R5, #0X40	;(R5=0x00000030 )
(    libInnoSecure.so[0xCBBCB000])[FA D1       ]0x0000407E:	BNE	#0XCBBCF076
(    libInnoSecure.so[0xCBBCB000])[4E 59       ]0x00004076:	LDR	R6, [R1, R5]	;(R1=0x300430A0 R5=0x00000030 )
(    libInnoSecure.so[0xCBBCB000])[66 51       ]0x00004078:	STR	R6, [R4, R5]	;(R6=0x31333834 R4=0x100FFD60 R5=0x00000030 )
(    libInnoSecure.so[0xCBBCB000])[04 35       ]0x0000407A:	ADDS	R5, #4	;(R5=0x00000030 )
(    libInnoSecure.so[0xCBBCB000])[40 2D       ]0x0000407C:	CMP	R5, #0X40	;(R5=0x00000034 )
(    libInnoSecure.so[0xCBBCB000])[FA D1       ]0x0000407E:	BNE	#0XCBBCF076
(    libInnoSecure.so[0xCBBCB000])[4E 59       ]0x00004076:	LDR	R6, [R1, R5]	;(R1=0x300430A0 R5=0x00000034 )
(    libInnoSecure.so[0xCBBCB000])[66 51       ]0x00004078:	STR	R6, [R4, R5]	;(R6=0x30336230 R4=0x100FFD60 R5=0x00000034 )
(    libInnoSecure.so[0xCBBCB000])[04 35       ]0x0000407A:	ADDS	R5, #4	;(R5=0x00000034 )
(    libInnoSecure.so[0xCBBCB000])[40 2D       ]0x0000407C:	CMP	R5, #0X40	;(R5=0x00000038 )
(    libInnoSecure.so[0xCBBCB000])[FA D1       ]0x0000407E:	BNE	#0XCBBCF076
(    libInnoSecure.so[0xCBBCB000])[4E 59       ]0x00004076:	LDR	R6, [R1, R5]	;(R1=0x300430A0 R5=0x00000038 )
(    libInnoSecure.so[0xCBBCB000])[66 51       ]0x00004078:	STR	R6, [R4, R5]	;(R6=0x36303930 R4=0x100FFD60 R5=0x00000038 )
(    libInnoSecure.so[0xCBBCB000])[04 35       ]0x0000407A:	ADDS	R5, #4	;(R5=0x00000038 )
(    libInnoSecure.so[0xCBBCB000])[40 2D       ]0x0000407C:	CMP	R5, #0X40	;(R5=0x0000003C )
(    libInnoSecure.so[0xCBBCB000])[FA D1       ]0x0000407E:	BNE	#0XCBBCF076
(    libInnoSecure.so[0xCBBCB000])[4E 59       ]0x00004076:	LDR	R6, [R1, R5]	;(R1=0x300430A0 R5=0x0000003C )
(    libInnoSecure.so[0xCBBCB000])[66 51       ]0x00004078:	STR	R6, [R4, R5]	;(R6=0x35353330 R4=0x100FFD60 R5=0x0000003C )
(    libInnoSecure.so[0xCBBCB000])[04 35       ]0x0000407A:	ADDS	R5, #4	;(R5=0x0000003C )
(    libInnoSecure.so[0xCBBCB000])[40 2D       ]0x0000407C:	CMP	R5, #0X40	;(R5=0x00000040 )
(    libInnoSecure.so[0xCBBCB000])[FA D1       ]0x0000407E:	BNE	#0XCBBCF076
(    libInnoSecure.so[0xCBBCB000])[0E EA 02 01 ]0x00004080:	AND.W	R1, LR, R2	;(LR=0x73BF9657 R2=0xF2A0B5EB )
(    libInnoSecure.so[0xCBBCB000])[20 EA 02 06 ]0x00004084:	BIC.W	R6, R0, R2	;(R0=0x443391A1 R2=0xF2A0B5EB )
(    libInnoSecure.so[0xCBBCB000])[31 43       ]0x00004088:	ORRS	R1, R6	;(R1=0x72A09443 R6=0x04130000 )
(    libInnoSecure.so[0xCBBCB000])[12 9D       ]0x0000408A:	LDR	R5, [SP, #0X48]	;(SP=0x100FFD18 )
(    libInnoSecure.so[0xCBBCB000])[61 44       ]0x0000408C:	ADD	R1, IP	;(R1=0x76B39443 IP=0x15150430 )
(    libInnoSecure.so[0xCBBCB000])[4A F2 78 46 ]0x0000408E:	MOVW	R6, #0XA478
(    libInnoSecure.so[0xCBBCB000])[29 44       ]0x00004092:	ADD	R1, R5	;(R1=0x8BC89873 R5=0x30336230 )
(    libInnoSecure.so[0xCBBCB000])[CD F2 6A 76 ]0x00004094:	MOVT	R6, #0XD76A	;(R6=0x0000A478 )
(    libInnoSecure.so[0xCBBCB000])[31 44       ]0x00004098:	ADD	R1, R6	;(R1=0xBBFBFAA3 R6=0xD76AA478 )
(    libInnoSecure.so[0xCBBCB000])[13 9B       ]0x0000409A:	LDR	R3, [SP, #0X4C]	;(SP=0x100FFD18 )
(    libInnoSecure.so[0xCBBCB000])[0E 95       ]0x0000409C:	STR	R5, [SP, #0X38]	;(R5=0x30336230 SP=0x100FFD18 )
(    libInnoSecure.so[0xCBBCB000])[02 EB 71 66 ]0x0000409E:	ADD.W	R6, R2, R1, ROR #25	;(R2=0xF2A0B5EB R1=0x93669F1B )
(    libInnoSecure.so[0xCBBCB000])[18 44       ]0x000040A2:	ADD	R0, R3	;(R0=0x443391A1 R3=0x36303930 )
(    libInnoSecure.so[0xCBBCB000])[2E EA 06 01 ]0x000040A4:	BIC.W	R1, LR, R6	;(LR=0x73BF9657 R6=0xA5F043B4 )
(    libInnoSecure.so[0xCBBCB000])[06 EA 02 05 ]0x000040A8:	AND.W	R5, R6, R2	;(R6=0xA5F043B4 R2=0xF2A0B5EB )
(    libInnoSecure.so[0xCBBCB000])[29 43       ]0x000040AC:	ORRS	R1, R5	;(R1=0x520F9443 R5=0xA0A001A0 )
(    libInnoSecure.so[0xCBBCB000])[14 9C       ]0x000040AE:	LDR	R4, [SP, #0X50]	;(SP=0x100FFD18 )
(    libInnoSecure.so[0xCBBCB000])[08 44       ]0x000040B0:	ADD	R0, R1	;(R0=0x7A63CAD1 R1=0xF2AF95E3 )
(    libInnoSecure.so[0xCBBCB000])[4B F2 56 71 ]0x000040B2:	MOVW	R1, #0XB756
(    libInnoSecure.so[0xCBBCB000])[CE F6 C7 01 ]0x000040B6:	MOVT	R1, #0XE8C7	;(R1=0x0000B756 )
(    libInnoSecure.so[0xCBBCB000])[08 44       ]0x000040BA:	ADD	R0, R1	;(R0=0x6D1360B4 R1=0xE8C7B756 )
(    libInnoSecure.so[0xCBBCB000])[DD F8 54 C0 ]0x000040BC:	LDR.W	IP, [SP, #0X54]	;(SP=0x100FFD18 )
(    libInnoSecure.so[0xCBBCB000])[06 EB 30 55 ]0x000040C0:	ADD.W	R5, R6, R0, ROR #20	;(R6=0xA5F043B4 R0=0x55DB180A )
(    libInnoSecure.so[0xCBBCB000])[11 93       ]0x000040C4:	STR	R3, [SP, #0X44]	;(R3=0x36303930 SP=0x100FFD18 )
(    libInnoSecure.so[0xCBBCB000])[22 EA 05 00 ]0x000040C6:	BIC.W	R0, R2, R5	;(R2=0xF2A0B5EB R5=0x5770E911 )
(    libInnoSecure.so[0xCBBCB000])[05 EA 06 01 ]0x000040CA:	AND.W	R1, R5, R6	;(R5=0x5770E911 R6=0xA5F043B4 )
(    libInnoSecure.so[0xCBBCB000])[08 43       ]0x000040CE:	ORRS	R0, R1	;(R0=0xA08014EA R1=0x05704110 )
(    libInnoSecure.so[0xCBBCB000])[0E EB 04 01 ]0x000040D0:	ADD.W	R1, LR, R4	;(LR=0x73BF9657 R4=0x35353330 )
(    libInnoSecure.so[0xCBBCB000])[08 44       ]0x000040D4:	ADD	R0, R1	;(R0=0xA5F055FA R1=0xA8F4C987 )
(    libInnoSecure.so[0xCBBCB000])[47 F2 DB 01 ]0x000040D6:	MOVW	R1, #0X70DB
(    libInnoSecure.so[0xCBBCB000])[C2 F2 20 41 ]0x000040DA:	MOVT	R1, #0X2420	;(R1=0x000070DB )
(    libInnoSecure.so[0xCBBCB000])[08 44       ]0x000040DE:	ADD	R0, R1	;(R0=0x4EE51F81 R1=0x242070DB )
(    libInnoSecure.so[0xCBBCB000])[62 44       ]0x000040E0:	ADD	R2, IP	;(R2=0xF2A0B5EB IP=0x37303430 )
(    libInnoSecure.so[0xCBBCB000])[CD F8 3C C0 ]0x000040E2:	STR.W	IP, [SP, #0X3C]	;(IP=0x37303430 SP=0x100FFD18 )
(    libInnoSecure.so[0xCBBCB000])[05 EB F0 30 ]0x000040E6:	ADD.W	R0, R5, R0, ROR #15	;(R5=0x5770E911 R0=0x7305905C )
(    libInnoSecure.so[0xCBBCB000])[DD F8 60 C0 ]0x000040EA:	LDR.W	IP, [SP, #0X60]	;(SP=0x100FFD18 )
(    libInnoSecure.so[0xCBBCB000])[26 EA 00 01 ]0x000040EE:	BIC.W	R1, R6, R0	;(R6=0xA5F043B4 R0=0x7829CF1C )
(    libInnoSecure.so[0xCBBCB000])[00 EA 05 03 ]0x000040F2:	AND.W	R3, R0, R5	;(R0=0x7829CF1C R5=0x5770E911 )
(    libInnoSecure.so[0xCBBCB000])[19 43       ]0x000040F6:	ORRS	R1, R3	;(R1=0x85D000A0 R3=0x5020C910 )
(    libInnoSecure.so[0xCBBCB000])[0C 94       ]0x000040F8:	STR	R4, [SP, #0X30]	;(R4=0x35353330 SP=0x100FFD18 )
(    libInnoSecure.so[0xCBBCB000])[11 44       ]0x000040FA:	ADD	R1, R2	;(R1=0xD5F0C9B0 R2=0x29D0EA1B )
(    libInnoSecure.so[0xCBBCB000])[4C F6 EE 62 ]0x000040FC:	MOVW	R2, #0XCEEE
(    libInnoSecure.so[0xCBBCB000])[CC F2 BD 12 ]0x00004100:	MOVT	R2, #0XC1BD	;(R2=0x0000CEEE )
(    libInnoSecure.so[0xCBBCB000])[11 44       ]0x00004104:	ADD	R1, R2	;(R1=0xFFC1B3CB R2=0xC1BDCEEE )
(    libInnoSecure.so[0xCBBCB000])[DD F8 74 90 ]0x00004106:	LDR.W	SB, [SP, #0X74]	;(SP=0x100FFD18 )
(    libInnoSecure.so[0xCBBCB000])[00 EB B1 21 ]0x0000410A:	ADD.W	R1, R0, R1, ROR #10	;(R0=0x7829CF1C R1=0xC17F82B9 )
(    libInnoSecure.so[0xCBBCB000])[CD F8 18 C0 ]0x0000410E:	STR.W	IP, [SP, #0X18]	;(IP=0x62303133 SP=0x100FFD18 )
(    libInnoSecure.so[0xCBBCB000])[25 EA 01 02 ]0x00004112:	BIC.W	R2, R5, R1	;(R5=0x5770E911 R1=0x269A2EFC )
(    libInnoSecure.so[0xCBBCB000])[01 EA 00 03 ]0x00004116:	AND.W	R3, R1, R0	;(R1=0x269A2EFC R0=0x7829CF1C )
(    libInnoSecure.so[0xCBBCB000])[1A 43       ]0x0000411A:	ORRS	R2, R3	;(R2=0x5160C101 R3=0x20080E1C )
(    libInnoSecure.so[0xCBBCB000])[16 9B       ]0x0000411C:	LDR	R3, [SP, #0X58]	;(SP=0x100FFD18 )
(    libInnoSecure.so[0xCBBCB000])[0B 93       ]0x0000411E:	STR	R3, [SP, #0X2C]	;(R3=0x32303331 SP=0x100FFD18 )
(    libInnoSecure.so[0xCBBCB000])[33 44       ]0x00004120:	ADD	R3, R6	;(R3=0x32303331 R6=0xA5F043B4 )
(    libInnoSecure.so[0xCBBCB000])[1A 44       ]0x00004122:	ADD	R2, R3	;(R2=0x7168CF1D R3=0xD82076E5 )
(    libInnoSecure.so[0xCBBCB000])[40 F6 AF 73 ]0x00004124:	MOVW	R3, #0XFAF
(    libInnoSecure.so[0xCBBCB000])[CF F2 7C 53 ]0x00004128:	MOVT	R3, #0XF57C	;(R3=0x00000FAF )
(    libInnoSecure.so[0xCBBCB000])[1A 44       ]0x0000412C:	ADD	R2, R3	;(R2=0x49894602 R3=0xF57C0FAF )
(    libInnoSecure.so[0xCBBCB000])[01 EB 72 62 ]0x0000412E:	ADD.W	R2, R1, R2, ROR #25	;(R1=0x269A2EFC R2=0x3F0555B1 )
(    libInnoSecure.so[0xCBBCB000])[20 EA 02 03 ]0x00004132:	BIC.W	R3, R0, R2	;(R0=0x7829CF1C R2=0xA945079B )
(    libInnoSecure.so[0xCBBCB000])[02 EA 01 06 ]0x00004136:	AND.W	R6, R2, R1	;(R2=0xA945079B R1=0x269A2EFC )
(    libInnoSecure.so[0xCBBCB000])[33 43       ]0x0000413A:	ORRS	R3, R6	;(R3=0x5028C804 R6=0x20000698 )
(    libInnoSecure.so[0xCBBCB000])[17 9E       ]0x0000413C:	LDR	R6, [SP, #0X5C]	;(SP=0x100FFD18 )
(    libInnoSecure.so[0xCBBCB000])[60 44       ]0x0000413E:	ADD	R0, IP	;(R0=0x7829CF1C IP=0x62303133 )
(    libInnoSecure.so[0xCBBCB000])[09 96       ]0x00004140:	STR	R6, [SP, #0X24]	;(R6=0x38343335 SP=0x100FFD18 )
(    libInnoSecure.so[0xCBBCB000])[35 44       ]0x00004142:	ADD	R5, R6	;(R5=0x5770E911 R6=0x38343335 )
(    libInnoSecure.so[0xCBBCB000])[1C 9E       ]0x00004144:	LDR	R6, [SP, #0X70]	;(SP=0x100FFD18 )
(    libInnoSecure.so[0xCBBCB000])[2B 44       ]0x00004146:	ADD	R3, R5	;(R3=0x7028CE9C R5=0x8FA51C46 )
(    libInnoSecure.so[0xCBBCB000])[4C F2 2A 65 ]0x00004148:	MOVW	R5, #0XC62A
(    libInnoSecure.so[0xCBBCB000])[C4 F2 87 75 ]0x0000414C:	MOVT	R5, #0X4787	;(R5=0x0000C62A )
(    libInnoSecure.so[0xCBBCB000])[2B 44       ]0x00004150:	ADD	R3, R5	;(R3=0xFFCDEAE2 R5=0x4787C62A )
(    libInnoSecure.so[0xCBBCB000])[B0 46       ]0x00004152:	MOV	R8, R6	;(R6=0x33316130 )
(    libInnoSecure.so[0xCBBCB000])[02 EB 33 53 ]0x00004154:	ADD.W	R3, R2, R3, ROR #20	;(R2=0xA945079B R3=0x4755B10C )
(    libInnoSecure.so[0xCBBCB000])[CD F8 08 80 ]0x00004158:	STR.W	R8, [SP, #8]	;(R8=0x33316130 SP=0x100FFD18 )
(    libInnoSecure.so[0xCBBCB000])[21 EA 03 05 ]0x0000415C:	BIC.W	R5, R1, R3	;(R1=0x269A2EFC R3=0x0455CC10 )
(    libInnoSecure.so[0xCBBCB000])[03 EA 02 04 ]0x00004160:	AND.W	R4, R3, R2	;(R3=0x0455CC10 R2=0xA945079B )
(    libInnoSecure.so[0xCBBCB000])[25 43       ]0x00004164:	ORRS	R5, R4	;(R5=0x228A22EC R4=0x00450410 )
(    libInnoSecure.so[0xCBBCB000])[19 9C       ]0x00004166:	LDR	R4, [SP, #0X64]	;(SP=0x100FFD18 )
(    libInnoSecure.so[0xCBBCB000])[28 44       ]0x00004168:	ADD	R0, R5	;(R0=0xDA5A004F R5=0x22CF26FC )
(    libInnoSecure.so[0xCBBCB000])[44 F2 13 65 ]0x0000416A:	MOVW	R5, #0X4613
(    libInnoSecure.so[0xCBBCB000])[CA F6 30 05 ]0x0000416E:	MOVT	R5, #0XA830	;(R5=0x00004613 )
(    libInnoSecure.so[0xCBBCB000])[28 44       ]0x00004172:	ADD	R0, R5	;(R0=0xFD29274B R5=0xA8304613 )
(    libInnoSecure.so[0xCBBCB000])[21 44       ]0x00004174:	ADD	R1, R4	;(R1=0x269A2EFC R4=0x39303033 )
(    libInnoSecure.so[0xCBBCB000])[04 94       ]0x00004176:	STR	R4, [SP, #0X10]	;(R4=0x39303033 SP=0x100FFD18 )
(    libInnoSecure.so[0xCBBCB000])[03 EB F0 3E ]0x00004178:	ADD.W	LR, R3, R0, ROR #15	;(R3=0x0455CC10 R0=0xA5596D5E )
(    libInnoSecure.so[0xCBBCB000])[22 EA 0E 00 ]0x0000417C:	BIC.W	R0, R2, LR	;(R2=0xA945079B LR=0xDF1316C2 )
(    libInnoSecure.so[0xCBBCB000])[0E EA 03 05 ]0x00004180:	AND.W	R5, LR, R3	;(LR=0xDF1316C2 R3=0x0455CC10 )
(    libInnoSecure.so[0xCBBCB000])[28 43       ]0x00004184:	ORRS	R0, R5	;(R0=0x20440119 R5=0x04110400 )
(    libInnoSecure.so[0xCBBCB000])[06 EB 0E 05 ]0x00004186:	ADD.W	R5, R6, LR	;(R6=0x33316130 LR=0xDF1316C2 )
(    libInnoSecure.so[0xCBBCB000])[08 44       ]0x0000418A:	ADD	R0, R1	;(R0=0x24550519 R1=0x5FCA5F2F )
(    libInnoSecure.so[0xCBBCB000])[49 F2 01 51 ]0x0000418C:	MOVW	R1, #0X9501
(    libInnoSecure.so[0xCBBCB000])[CF F6 46 51 ]0x00004190:	MOVT	R1, #0XFD46	;(R1=0x00009501 )
(    libInnoSecure.so[0xCBBCB000])[08 44       ]0x00004194:	ADD	R0, R1	;(R0=0x841F6448 R1=0xFD469501 )
(    libInnoSecure.so[0xCBBCB000])[0E EB B0 21 ]0x00004196:	ADD.W	R1, LR, R0, ROR #10	;(LR=0xDF1316C2 R0=0x8165F949 )
(    libInnoSecure.so[0xCBBCB000])[23 EA 01 00 ]0x0000419A:	BIC.W	R0, R3, R1	;(R3=0x0455CC10 R1=0x31737040 )
(    libInnoSecure.so[0xCBBCB000])[01 EA 0E 04 ]0x0000419E:	AND.W	R4, R1, LR	;(R1=0x31737040 LR=0xDF1316C2 )
(    libInnoSecure.so[0xCBBCB000])[20 43       ]0x000041A2:	ORRS	R0, R4	;(R0=0x04048C10 R4=0x11131040 )
(    libInnoSecure.so[0xCBBCB000])[1A 9C       ]0x000041A4:	LDR	R4, [SP, #0X68]	;(SP=0x100FFD18 )
(    libInnoSecure.so[0xCBBCB000])[0A 94       ]0x000041A6:	STR	R4, [SP, #0X28]	;(R4=0x33303630 SP=0x100FFD18 )
(    libInnoSecure.so[0xCBBCB000])[22 44       ]0x000041A8:	ADD	R2, R4	;(R2=0xA945079B R4=0x33303630 )
(    libInnoSecure.so[0xCBBCB000])[10 44       ]0x000041AA:	ADD	R0, R2	;(R0=0x15179C50 R2=0xDC753DCB )
(    libInnoSecure.so[0xCBBCB000])[49 F6 D8 02 ]0x000041AC:	MOVW	R2, #0X98D8
(    libInnoSecure.so[0xCBBCB000])[C6 F6 80 12 ]0x000041B0:	MOVT	R2, #0X6980	;(R2=0x000098D8 )
(    libInnoSecure.so[0xCBBCB000])[10 44       ]0x000041B4:	ADD	R0, R2	;(R0=0xF18CDA1B R2=0x698098D8 )
(    libInnoSecure.so[0xCBBCB000])[01 EB 70 60 ]0x000041B6:	ADD.W	R0, R1, R0, ROR #25	;(R1=0x31737040 R0=0x5B0D72F3 )
(    libInnoSecure.so[0xCBBCB000])[2E EA 00 02 ]0x000041BA:	BIC.W	R2, LR, R0	;(LR=0xDF1316C2 R0=0xB82CE9ED )
(    libInnoSecure.so[0xCBBCB000])[00 EA 01 04 ]0x000041BE:	AND.W	R4, R0, R1	;(R0=0xB82CE9ED R1=0x31737040 )
(    libInnoSecure.so[0xCBBCB000])[22 43       ]0x000041C2:	ORRS	R2, R4	;(R2=0x47131602 R4=0x30206040 )
(    libInnoSecure.so[0xCBBCB000])[1B 9C       ]0x000041C4:	LDR	R4, [SP, #0X6C]	;(SP=0x100FFD18 )
(    libInnoSecure.so[0xCBBCB000])[10 94       ]0x000041C6:	STR	R4, [SP, #0X40]	;(R4=0x34303535 SP=0x100FFD18 )
(    libInnoSecure.so[0xCBBCB000])[23 44       ]0x000041C8:	ADD	R3, R4	;(R3=0x0455CC10 R4=0x34303535 )
(    libInnoSecure.so[0xCBBCB000])[1A 44       ]0x000041CA:	ADD	R2, R3	;(R2=0x77337642 R3=0x38860145 )
(    libInnoSecure.so[0xCBBCB000])[4F F2 AF 73 ]0x000041CC:	MOVW	R3, #0XF7AF
(    libInnoSecure.so[0xCBBCB000])[C8 F6 44 33 ]0x000041D0:	MOVT	R3, #0X8B44	;(R3=0x0000F7AF )
(    libInnoSecure.so[0xCBBCB000])[1A 44       ]0x000041D4:	ADD	R2, R3	;(R2=0xAFB97787 R3=0x8B44F7AF )
(    libInnoSecure.so[0xCBBCB000])[00 EB 32 53 ]0x000041D6:	ADD.W	R3, R0, R2, ROR #20	;(R0=0xB82CE9ED R2=0x3AFE6F36 )
(    libInnoSecure.so[0xCBBCB000])[21 EA 03 02 ]0x000041DA:	BIC.W	R2, R1, R3	;(R1=0x31737040 R3=0x9F204D9C )
(    libInnoSecure.so[0xCBBCB000])[03 EA 00 04 ]0x000041DE:	AND.W	R4, R3, R0	;(R3=0x9F204D9C R0=0xB82CE9ED )
(    libInnoSecure.so[0xCBBCB000])[22 43       ]0x000041E2:	ORRS	R2, R4	;(R2=0x20533040 R4=0x9820498C )
(    libInnoSecure.so[0xCBBCB000])[49 44       ]0x000041E4:	ADD	R1, SB	;(R1=0x31737040 SB=0x61353230 )
(    libInnoSecure.so[0xCBBCB000])[2A 44       ]0x000041E6:	ADD	R2, R5	;(R2=0xB87379CC R5=0x124477F2 )
(    libInnoSecure.so[0xCBBCB000])[4A F2 4F 45 ]0x000041E8:	MOVW	R5, #0XA44F
(    libInnoSecure.so[0xCBBCB000])[52 1B       ]0x000041EC:	SUBS	R2, R2, R5	;(R2=0xCAB7F1BE R5=0x0000A44F )
(    libInnoSecure.so[0xCBBCB000])[03 EB F2 3E ]0x000041EE:	ADD.W	LR, R3, R2, ROR #15	;(R3=0x9F204D9C R2=0xCAB74D6F )
(    libInnoSecure.so[0xCBBCB000])[20 EA 0E 02 ]0x000041F2:	BIC.W	R2, R0, LR	;(R0=0xB82CE9ED LR=0x39FFE30A )
(    libInnoSecure.so[0xCBBCB000])[0E EA 03 05 ]0x000041F6:	AND.W	R5, LR, R3	;(LR=0x39FFE30A R3=0x9F204D9C )
(    libInnoSecure.so[0xCBBCB000])[2A 43       ]0x000041FA:	ORRS	R2, R5	;(R2=0x800008E5 R5=0x19204108 )
(    libInnoSecure.so[0xCBBCB000])[11 44       ]0x000041FC:	ADD	R1, R2	;(R1=0x92A8A270 R2=0x992049ED )
(    libInnoSecure.so[0xCBBCB000])[4D F2 BE 72 ]0x000041FE:	MOVW	R2, #0XD7BE
(    libInnoSecure.so[0xCBBCB000])[C8 F6 5C 12 ]0x00004202:	MOVT	R2, #0X895C	;(R2=0x0000D7BE )
(    libInnoSecure.so[0xCBBCB000])[11 44       ]0x00004206:	ADD	R1, R2	;(R1=0x2BC8EC5D R2=0x895CD7BE )
(    libInnoSecure.so[0xCBBCB000])[0E EB B1 21 ]0x00004208:	ADD.W	R1, LR, R1, ROR #10	;(LR=0x39FFE30A R1=0xB525C41B )
(    libInnoSecure.so[0xCBBCB000])[23 EA 01 02 ]0x0000420C:	BIC.W	R2, R3, R1	;(R3=0x9F204D9C R1=0x40ED2C7B )
(    libInnoSecure.so[0xCBBCB000])[01 EA 0E 05 ]0x00004210:	AND.W	R5, R1, LR	;(R1=0x40ED2C7B LR=0x39FFE30A )
(    libInnoSecure.so[0xCBBCB000])[15 43       ]0x00004214:	ORRS	R5, R2	;(R5=0x00ED200A R2=0x9F004184 )
(    libInnoSecure.so[0xCBBCB000])[1E 9A       ]0x00004216:	LDR	R2, [SP, #0X78]	;(SP=0x100FFD18 )
(    libInnoSecure.so[0xCBBCB000])[0D 92       ]0x00004218:	STR	R2, [SP, #0X34]	;(R2=0x31333834 SP=0x100FFD18 )
(    libInnoSecure.so[0xCBBCB000])[10 44       ]0x0000421A:	ADD	R0, R2	;(R0=0xB82CE9ED R2=0x31333834 )
(    libInnoSecure.so[0xCBBCB000])[1F 9A       ]0x0000421C:	LDR	R2, [SP, #0X7C]	;(SP=0x100FFD18 )
(    libInnoSecure.so[0xCBBCB000])[28 44       ]0x0000421E:	ADD	R0, R5	;(R0=0xE9602221 R5=0x9FED618E )
(    libInnoSecure.so[0xCBBCB000])[41 F2 22 15 ]0x00004220:	MOVW	R5, #0X1122
(    libInnoSecure.so[0xCBBCB000])[C6 F6 90 35 ]0x00004224:	MOVT	R5, #0X6B90	;(R5=0x00001122 )
(    libInnoSecure.so[0xCBBCB000])[28 44       ]0x00004228:	ADD	R0, R5	;(R0=0x894D83AF R5=0x6B901122 )
(    libInnoSecure.so[0xCBBCB000])[13 44       ]0x0000422A:	ADD	R3, R2	;(R3=0x9F204D9C R2=0x30336230 )
(    libInnoSecure.so[0xCBBCB000])[08 92       ]0x0000422C:	STR	R2, [SP, #0X20]	;(R2=0x30336230 SP=0x100FFD18 )
(    libInnoSecure.so[0xCBBCB000])[01 EB 70 60 ]0x0000422E:	ADD.W	R0, R1, R0, ROR #25	;(R1=0x40ED2C7B R0=0xF4DD94D1 )
(    libInnoSecure.so[0xCBBCB000])[20 9A       ]0x00004232:	LDR	R2, [SP, #0X80]	;(SP=0x100FFD18 )
(    libInnoSecure.so[0xCBBCB000])[2E EA 00 05 ]0x00004234:	BIC.W	R5, LR, R0	;(LR=0x39FFE30A R0=0xAFB79575 )
(    libInnoSecure.so[0xCBBCB000])[00 EA 01 06 ]0x00004238:	AND.W	R6, R0, R1	;(R0=0xAFB79575 R1=0x40ED2C7B )
(    libInnoSecure.so[0xCBBCB000])[2E 43       ]0x0000423C:	ORRS	R6, R5	;(R6=0x00A50471 R5=0x1048620A )
(    libInnoSecure.so[0xCBBCB000])[02 EB 0E 05 ]0x0000423E:	ADD.W	R5, R2, LR	;(R2=0x36303930 LR=0x39FFE30A )
(    libInnoSecure.so[0xCBBCB000])[33 44       ]0x00004242:	ADD	R3, R6	;(R3=0xCF53AFCC R6=0x10ED667B )
(    libInnoSecure.so[0xCBBCB000])[47 F2 93 16 ]0x00004244:	MOVW	R6, #0X7193
(    libInnoSecure.so[0xCBBCB000])[CF F6 98 56 ]0x00004248:	MOVT	R6, #0XFD98	;(R6=0x00007193 )
(    libInnoSecure.so[0xCBBCB000])[33 44       ]0x0000424C:	ADD	R3, R6	;(R3=0xE0411647 R6=0xFD987193 )
(    libInnoSecure.so[0xCBBCB000])[96 46       ]0x0000424E:	MOV	LR, R2	;(R2=0x36303930 )
(    libInnoSecure.so[0xCBBCB000])[21 9A       ]0x00004250:	LDR	R2, [SP, #0X84]	;(SP=0x100FFD18 )
(    libInnoSecure.so[0xCBBCB000])[00 EB 33 5A ]0x00004252:	ADD.W	SL, R0, R3, ROR #20	;(R0=0xAFB79575 R3=0xDDD987DA )
(    libInnoSecure.so[0xCBBCB000])[21 EA 0A 03 ]0x00004256:	BIC.W	R3, R1, SL	;(R1=0x40ED2C7B SL=0x48354352 )
(    libInnoSecure.so[0xCBBCB000])[0A EA 00 06 ]0x0000425A:	AND.W	R6, SL, R0	;(SL=0x48354352 R0=0xAFB79575 )
(    libInnoSecure.so[0xCBBCB000])[1E 43       ]0x0000425E:	ORRS	R6, R3	;(R6=0x08350150 R3=0x00C82C29 )
(    libInnoSecure.so[0xCBBCB000])[11 44       ]0x00004260:	ADD	R1, R2	;(R1=0x40ED2C7B R2=0x35353330 )
(    libInnoSecure.so[0xCBBCB000])[2E 44       ]0x00004262:	ADD	R6, R5	;(R6=0x08FD2D79 R5=0x70301C3A )
(    libInnoSecure.so[0xCBBCB000])[44 F2 8E 35 ]0x00004264:	MOVW	R5, #0X438E
(    libInnoSecure.so[0xCBBCB000])[CA F2 79 65 ]0x00004268:	MOVT	R5, #0XA679	;(R5=0x0000438E )
(    libInnoSecure.so[0xCBBCB000])[2E 44       ]0x0000426C:	ADD	R6, R5	;(R6=0x792D49B3 R5=0xA679438E )
(    libInnoSecure.so[0xCBBCB000])[13 46       ]0x0000426E:	MOV	R3, R2	;(R2=0x35353330 )
(    libInnoSecure.so[0xCBBCB000])[11 9A       ]0x00004270:	LDR	R2, [SP, #0X44]	;(SP=0x100FFD18 )
(    libInnoSecure.so[0xCBBCB000])[0A EB F6 3B ]0x00004272:	ADD.W	FP, SL, R6, ROR #15	;(SL=0x48354352 R6=0x1FA68D41 )
(    libInnoSecure.so[0xCBBCB000])[03 93       ]0x00004276:	STR	R3, [SP, #0XC]	;(R3=0x35353330 SP=0x100FFD18 )
(    libInnoSecure.so[0xCBBCB000])[20 EA 0B 06 ]0x00004278:	BIC.W	R6, R0, FP	;(R0=0xAFB79575 FP=0x62B7829F )
(    libInnoSecure.so[0xCBBCB000])[0B EA 0A 05 ]0x0000427C:	AND.W	R5, FP, SL	;(FP=0x62B7829F SL=0x48354352 )
(    libInnoSecure.so[0xCBBCB000])[35 43       ]0x00004280:	ORRS	R5, R6	;(R5=0x40350212 R6=0x8D001560 )
(    libInnoSecure.so[0xCBBCB000])[2B EA 0A 06 ]0x00004282:	BIC.W	R6, FP, SL	;(FP=0x62B7829F SL=0x48354352 )
(    libInnoSecure.so[0xCBBCB000])[29 44       ]0x00004286:	ADD	R1, R5	;(R1=0x76225FAB R5=0xCD351772 )
(    libInnoSecure.so[0xCBBCB000])[40 F6 21 05 ]0x00004288:	MOVW	R5, #0X821
(    libInnoSecure.so[0xCBBCB000])[C4 F6 B4 15 ]0x0000428C:	MOVT	R5, #0X49B4	;(R5=0x00000821 )
(    libInnoSecure.so[0xCBBCB000])[29 44       ]0x00004290:	ADD	R1, R5	;(R1=0x4357771D R5=0x49B40821 )
(    libInnoSecure.so[0xCBBCB000])[10 44       ]0x00004292:	ADD	R0, R2	;(R0=0xAFB79575 R2=0x36303930 )
(    libInnoSecure.so[0xCBBCB000])[0B EB B1 21 ]0x00004294:	ADD.W	R1, FP, R1, ROR #10	;(FP=0x62B7829F R1=0x8D0B7F3E )
(    libInnoSecure.so[0xCBBCB000])[01 EA 0A 05 ]0x00004298:	AND.W	R5, R1, SL	;(R1=0x325AC57E SL=0x48354352 )
(    libInnoSecure.so[0xCBBCB000])[35 43       ]0x0000429C:	ORRS	R5, R6	;(R5=0x00104152 R6=0x2282808D )
(    libInnoSecure.so[0xCBBCB000])[21 EA 0B 06 ]0x0000429E:	BIC.W	R6, R1, FP	;(R1=0x325AC57E FP=0x62B7829F )
(    libInnoSecure.so[0xCBBCB000])[28 44       ]0x000042A2:	ADD	R0, R5	;(R0=0xE5E7CEA5 R5=0x2292C1DF )
(    libInnoSecure.so[0xCBBCB000])[42 F2 62 55 ]0x000042A4:	MOVW	R5, #0X2562
(    libInnoSecure.so[0xCBBCB000])[CF F2 1E 65 ]0x000042A8:	MOVT	R5, #0XF61E	;(R5=0x00002562 )
(    libInnoSecure.so[0xCBBCB000])[28 44       ]0x000042AC:	ADD	R0, R5	;(R0=0x087A9084 R5=0xF61E2562 )
(    libInnoSecure.so[0xCBBCB000])[01 EB F0 60 ]0x000042AE:	ADD.W	R0, R1, R0, ROR #27	;(R1=0x325AC57E R0=0xFE98B5E6 )
(    libInnoSecure.so[0xCBBCB000])[00 EA 0B 05 ]0x000042B2:	AND.W	R5, R0, FP	;(R0=0x0571825D FP=0x62B7829F )
(    libInnoSecure.so[0xCBBCB000])[20 EA 01 04 ]0x000042B6:	BIC.W	R4, R0, R1	;(R0=0x0571825D R1=0x325AC57E )
(    libInnoSecure.so[0xCBBCB000])[35 43       ]0x000042BA:	ORRS	R5, R6	;(R5=0x0031821D R6=0x10484560 )
(    libInnoSecure.so[0xCBBCB000])[0C EB 0A 06 ]0x000042BC:	ADD.W	R6, IP, SL	;(IP=0x62303133 SL=0x48354352 )
(    libInnoSecure.so[0xCBBCB000])[35 44       ]0x000042C0:	ADD	R5, R6	;(R5=0x1079C77D R6=0xAA657485 )
(    libInnoSecure.so[0xCBBCB000])[4B F2 40 36 ]0x000042C2:	MOVW	R6, #0XB340
(    libInnoSecure.so[0xCBBCB000])[CC F2 40 06 ]0x000042C6:	MOVT	R6, #0XC040	;(R6=0x0000B340 )
(    libInnoSecure.so[0xCBBCB000])[35 44       ]0x000042CA:	ADD	R5, R6	;(R5=0xBADF3C02 R6=0xC040B340 )
(    libInnoSecure.so[0xCBBCB000])[CA 46       ]0x000042CC:	MOV	SL, SB	;(SB=0x61353230 )
(    libInnoSecure.so[0xCBBCB000])[DD F8 24 90 ]0x000042CE:	LDR.W	SB, [SP, #0X24]	;(SP=0x100FFD18 )
(    libInnoSecure.so[0xCBBCB000])[00 EB F5 55 ]0x000042D2:	ADD.W	R5, R0, R5, ROR #23	;(R0=0x0571825D R5=0x7B1FEF42 )
(    libInnoSecure.so[0xCBBCB000])[F4 46       ]0x000042D6:	MOV	IP, LR	;(LR=0x36303930 )
(    libInnoSecure.so[0xCBBCB000])[05 EA 01 06 ]0x000042D8:	AND.W	R6, R5, R1	;(R5=0x45500753 R1=0x325AC57E )
(    libInnoSecure.so[0xCBBCB000])[25 EA 00 02 ]0x000042DC:	BIC.W	R2, R5, R0	;(R5=0x45500753 R0=0x0571825D )
(    libInnoSecure.so[0xCBBCB000])[34 43       ]0x000042E0:	ORRS	R4, R6	;(R4=0x05210201 R6=0x00500552 )
(    libInnoSecure.so[0xCBBCB000])[0A EB 0B 06 ]0x000042E2:	ADD.W	R6, SL, FP	;(SL=0x61353230 FP=0x62B7829F )
(    libInnoSecure.so[0xCBBCB000])[34 44       ]0x000042E6:	ADD	R4, R6	;(R4=0x05710753 R6=0xC3ECB4CF )
(    libInnoSecure.so[0xCBBCB000])[45 F6 51 26 ]0x000042E8:	MOVW	R6, #0X5A51
(    libInnoSecure.so[0xCBBCB000])[C2 F2 5E 66 ]0x000042EC:	MOVT	R6, #0X265E	;(R6=0x00005A51 )
(    libInnoSecure.so[0xCBBCB000])[34 44       ]0x000042F0:	ADD	R4, R6	;(R4=0xC95DBC22 R6=0x265E5A51 )
(    libInnoSecure.so[0xCBBCB000])[DD F8 2C B0 ]0x000042F2:	LDR.W	FP, [SP, #0X2C]	;(SP=0x100FFD18 )
(    libInnoSecure.so[0xCBBCB000])[05 EB B4 44 ]0x000042F6:	ADD.W	R4, R5, R4, ROR #18	;(R5=0x45500753 R4=0xEFBC1673 )
(    libInnoSecure.so[0xCBBCB000])[DD F8 10 E0 ]0x000042FA:	LDR.W	LR, [SP, #0X10]	;(SP=0x100FFD18 )
(    libInnoSecure.so[0xCBBCB000])[04 EA 00 06 ]0x000042FE:	AND.W	R6, R4, R0	;(R4=0x4AED0342 R0=0x0571825D )
(    libInnoSecure.so[0xCBBCB000])[48 44       ]0x00004302:	ADD	R0, SB	;(R0=0x0571825D SB=0x38343335 )
(    libInnoSecure.so[0xCBBCB000])[32 43       ]0x00004304:	ORRS	R2, R6	;(R2=0x40000502 R6=0x00610240 )
(    libInnoSecure.so[0xCBBCB000])[0E 9E       ]0x00004306:	LDR	R6, [SP, #0X38]	;(SP=0x100FFD18 )
(    libInnoSecure.so[0xCBBCB000])[CD F8 04 C0 ]0x00004308:	STR.W	IP, [SP, #4]	;(IP=0x36303930 SP=0x100FFD18 )
(    libInnoSecure.so[0xCBBCB000])[31 44       ]0x0000430C:	ADD	R1, R6	;(R1=0x325AC57E R6=0x30336230 )
(    libInnoSecure.so[0xCBBCB000])[24 EA 05 06 ]0x0000430E:	BIC.W	R6, R4, R5	;(R4=0x4AED0342 R5=0x45500753 )
(    libInnoSecure.so[0xCBBCB000])[11 44       ]0x00004312:	ADD	R1, R2	;(R1=0x628E27AE R2=0x40610742 )
(    libInnoSecure.so[0xCBBCB000])[4C F2 AA 72 ]0x00004314:	MOVW	R2, #0XC7AA
(    libInnoSecure.so[0xCBBCB000])[CE F6 B6 12 ]0x00004318:	MOVT	R2, #0XE9B6	;(R2=0x0000C7AA )
(    libInnoSecure.so[0xCBBCB000])[11 44       ]0x0000431C:	ADD	R1, R2	;(R1=0xA2EF2EF0 R2=0xE9B6C7AA )
(    libInnoSecure.so[0xCBBCB000])[CD F8 14 A0 ]0x0000431E:	STR.W	SL, [SP, #0X14]	;(SL=0x61353230 SP=0x100FFD18 )
(    libInnoSecure.so[0xCBBCB000])[04 EB 31 31 ]0x00004322:	ADD.W	R1, R4, R1, ROR #12	;(R4=0x4AED0342 R1=0x8CA5F69A )
(    libInnoSecure.so[0xCBBCB000])[01 EA 05 02 ]0x00004326:	AND.W	R2, R1, R5	;(R1=0xB495CDA1 R5=0x45500753 )
(    libInnoSecure.so[0xCBBCB000])[45 44       ]0x0000432A:	ADD	R5, R8	;(R5=0x45500753 R8=0x33316130 )
(    libInnoSecure.so[0xCBBCB000])[32 43       ]0x0000432C:	ORRS	R2, R6	;(R2=0x04100501 R6=0x0AAD0000 )
(    libInnoSecure.so[0xCBBCB000])[21 EA 04 06 ]0x0000432E:	BIC.W	R6, R1, R4	;(R1=0xB495CDA1 R4=0x4AED0342 )
(    libInnoSecure.so[0xCBBCB000])[10 44       ]0x00004332:	ADD	R0, R2	;(R0=0x3DA5B592 R2=0x0EBD0501 )
(    libInnoSecure.so[0xCBBCB000])[41 F2 5D 02 ]0x00004334:	MOVW	R2, #0X105D
(    libInnoSecure.so[0xCBBCB000])[CD F2 2F 62 ]0x00004338:	MOVT	R2, #0XD62F	;(R2=0x0000105D )
(    libInnoSecure.so[0xCBBCB000])[10 44       ]0x0000433C:	ADD	R0, R2	;(R0=0x4C62BA93 R2=0xD62F105D )
(    libInnoSecure.so[0xCBBCB000])[DD F8 20 80 ]0x0000433E:	LDR.W	R8, [SP, #0X20]	;(SP=0x100FFD18 )
(    libInnoSecure.so[0xCBBCB000])[01 EB F0 60 ]0x00004342:	ADD.W	R0, R1, R0, ROR #27	;(R1=0xB495CDA1 R0=0x2291CAF0 )
(    libInnoSecure.so[0xCBBCB000])[00 EA 04 02 ]0x00004346:	AND.W	R2, R0, R4	;(R0=0x06CF2BA5 R4=0x4AED0342 )
(    libInnoSecure.so[0xCBBCB000])[1C 44       ]0x0000434A:	ADD	R4, R3	;(R4=0x4AED0342 R3=0x35353330 )
(    libInnoSecure.so[0xCBBCB000])[32 43       ]0x0000434C:	ORRS	R2, R6	;(R2=0x02CD0300 R6=0xB410CCA1 )
(    libInnoSecure.so[0xCBBCB000])[20 EA 01 06 ]0x0000434E:	BIC.W	R6, R0, R1	;(R0=0x06CF2BA5 R1=0xB495CDA1 )
(    libInnoSecure.so[0xCBBCB000])[2A 44       ]0x00004352:	ADD	R2, R5	;(R2=0xB6DDCFA1 R5=0x78816883 )
(    libInnoSecure.so[0xCBBCB000])[41 F2 53 45 ]0x00004354:	MOVW	R5, #0X1453
(    libInnoSecure.so[0xCBBCB000])[C0 F2 44 25 ]0x00004358:	MOVT	R5, #0X244	;(R5=0x00001453 )
(    libInnoSecure.so[0xCBBCB000])[2A 44       ]0x0000435C:	ADD	R2, R5	;(R2=0x2F5F3824 R5=0x02441453 )
(    libInnoSecure.so[0xCBBCB000])[10 9B       ]0x0000435E:	LDR	R3, [SP, #0X40]	;(SP=0x100FFD18 )
(    libInnoSecure.so[0xCBBCB000])[00 EB F2 52 ]0x00004360:	ADD.W	R2, R0, R2, ROR #23	;(R0=0x06CF2BA5 R2=0x31A34C77 )
(    libInnoSecure.so[0xCBBCB000])[02 EA 01 05 ]0x00004364:	AND.W	R5, R2, R1	;(R2=0x4D681A08 R1=0xB495CDA1 )
(    libInnoSecure.so[0xCBBCB000])[59 44       ]0x00004368:	ADD	R1, FP	;(R1=0xB495CDA1 FP=0x32303331 )
(    libInnoSecure.so[0xCBBCB000])[35 43       ]0x0000436A:	ORRS	R5, R6	;(R5=0x04000800 R6=0x024A2204 )
(    libInnoSecure.so[0xCBBCB000])[22 EA 00 06 ]0x0000436C:	BIC.W	R6, R2, R0	;(R2=0x4D681A08 R0=0x06CF2BA5 )
(    libInnoSecure.so[0xCBBCB000])[2C 44       ]0x00004370:	ADD	R4, R5	;(R4=0x80223672 R5=0x064A2A04 )
(    libInnoSecure.so[0xCBBCB000])[4E F2 81 65 ]0x00004372:	MOVW	R5, #0XE681
(    libInnoSecure.so[0xCBBCB000])[CD F6 A1 05 ]0x00004376:	MOVT	R5, #0XD8A1	;(R5=0x0000E681 )
(    libInnoSecure.so[0xCBBCB000])[2C 44       ]0x0000437A:	ADD	R4, R5	;(R4=0x866C6076 R5=0xD8A1E681 )
(    libInnoSecure.so[0xCBBCB000])[02 EB B4 44 ]0x0000437C:	ADD.W	R4, R2, R4, ROR #18	;(R2=0x4D681A08 R4=0x5F0E46F7 )
(    libInnoSecure.so[0xCBBCB000])[04 EA 00 05 ]0x00004380:	AND.W	R5, R4, R0	;(R4=0xDF25F1CB R0=0x06CF2BA5 )
(    libInnoSecure.so[0xCBBCB000])[18 44       ]0x00004384:	ADD	R0, R3	;(R0=0x06CF2BA5 R3=0x34303535 )
(    libInnoSecure.so[0xCBBCB000])[35 43       ]0x00004386:	ORRS	R5, R6	;(R5=0x06052181 R6=0x49201008 )
(    libInnoSecure.so[0xCBBCB000])[24 EA 02 06 ]0x00004388:	BIC.W	R6, R4, R2	;(R4=0xDF25F1CB R2=0x4D681A08 )
(    libInnoSecure.so[0xCBBCB000])[29 44       ]0x0000438C:	ADD	R1, R5	;(R1=0xE6C600D2 R5=0x4F253189 )
(    libInnoSecure.so[0xCBBCB000])[4F F6 C8 35 ]0x0000438E:	MOVW	R5, #0XFBC8
(    libInnoSecure.so[0xCBBCB000])[CE F2 D3 75 ]0x00004392:	MOVT	R5, #0XE7D3	;(R5=0x0000FBC8 )
(    libInnoSecure.so[0xCBBCB000])[29 44       ]0x00004396:	ADD	R1, R5	;(R1=0x35EB325B R5=0xE7D3FBC8 )
(    libInnoSecure.so[0xCBBCB000])[0F 9B       ]0x00004398:	LDR	R3, [SP, #0X3C]	;(SP=0x100FFD18 )
(    libInnoSecure.so[0xCBBCB000])[04 EB 31 31 ]0x0000439A:	ADD.W	R1, R4, R1, ROR #12	;(R4=0xDF25F1CB R1=0x1DBF2E23 )
(    libInnoSecure.so[0xCBBCB000])[01 EA 02 05 ]0x0000439E:	AND.W	R5, R1, R2	;(R1=0xC157CDBD R2=0x4D681A08 )
(    libInnoSecure.so[0xCBBCB000])[62 44       ]0x000043A2:	ADD	R2, IP	;(R2=0x4D681A08 IP=0x36303930 )
(    libInnoSecure.so[0xCBBCB000])[35 43       ]0x000043A4:	ORRS	R5, R6	;(R5=0x41400808 R6=0x9205E1C3 )
(    libInnoSecure.so[0xCBBCB000])[21 EA 04 06 ]0x000043A6:	BIC.W	R6, R1, R4	;(R1=0xC157CDBD R4=0xDF25F1CB )
(    libInnoSecure.so[0xCBBCB000])[28 44       ]0x000043AA:	ADD	R0, R5	;(R0=0x3AFF60DA R5=0xD345E9CB )
(    libInnoSecure.so[0xCBBCB000])[4C F6 E6 55 ]0x000043AC:	MOVW	R5, #0XCDE6
(    libInnoSecure.so[0xCBBCB000])[C2 F2 E1 15 ]0x000043B0:	MOVT	R5, #0X21E1	;(R5=0x0000CDE6 )
(    libInnoSecure.so[0xCBBCB000])[28 44       ]0x000043B4:	ADD	R0, R5	;(R0=0x0E454AA5 R5=0x21E1CDE6 )
(    libInnoSecure.so[0xCBBCB000])[01 EB F0 60 ]0x000043B6:	ADD.W	R0, R1, R0, ROR #27	;(R1=0xC157CDBD R0=0x3027188B )
(    libInnoSecure.so[0xCBBCB000])[00 EA 04 05 ]0x000043BA:	AND.W	R5, R0, R4	;(R0=0xC63ADF23 R4=0xDF25F1CB )
(    libInnoSecure.so[0xCBBCB000])[1C 44       ]0x000043BE:	ADD	R4, R3	;(R4=0xDF25F1CB R3=0x37303430 )
(    libInnoSecure.so[0xCBBCB000])[35 43       ]0x000043C0:	ORRS	R5, R6	;(R5=0xC620D103 R6=0x00520C34 )
(    libInnoSecure.so[0xCBBCB000])[20 EA 01 06 ]0x000043C2:	BIC.W	R6, R0, R1	;(R0=0xC63ADF23 R1=0xC157CDBD )
(    libInnoSecure.so[0xCBBCB000])[2A 44       ]0x000043C6:	ADD	R2, R5	;(R2=0x83985338 R5=0xC672DD37 )
(    libInnoSecure.so[0xCBBCB000])[40 F2 D6 75 ]0x000043C8:	MOVW	R5, #0X7D6
(    libInnoSecure.so[0xCBBCB000])[CC F2 37 35 ]0x000043CC:	MOVT	R5, #0XC337	;(R5=0x000007D6 )
(    libInnoSecure.so[0xCBBCB000])[2A 44       ]0x000043D0:	ADD	R2, R5	;(R2=0x4A0B306F R5=0xC33707D6 )
(    libInnoSecure.so[0xCBBCB000])[0A 9B       ]0x000043D2:	LDR	R3, [SP, #0X28]	;(SP=0x100FFD18 )
(    libInnoSecure.so[0xCBBCB000])[00 EB F2 52 ]0x000043D4:	ADD.W	R2, R0, R2, ROR #23	;(R0=0xC63ADF23 R2=0x0D423845 )
(    libInnoSecure.so[0xCBBCB000])[02 EA 01 05 ]0x000043D8:	AND.W	R5, R2, R1	;(R2=0x4AAB693D R1=0xC157CDBD )
(    libInnoSecure.so[0xCBBCB000])[19 44       ]0x000043DC:	ADD	R1, R3	;(R1=0xC157CDBD R3=0x33303630 )
(    libInnoSecure.so[0xCBBCB000])[35 43       ]0x000043DE:	ORRS	R5, R6	;(R5=0x4003493D R6=0x06281202 )
(    libInnoSecure.so[0xCBBCB000])[22 EA 00 06 ]0x000043E0:	BIC.W	R6, R2, R0	;(R2=0x4AAB693D R0=0xC63ADF23 )
(    libInnoSecure.so[0xCBBCB000])[2C 44       ]0x000043E4:	ADD	R4, R5	;(R4=0x165625FB R5=0x462B5B3F )
(    libInnoSecure.so[0xCBBCB000])[40 F6 87 55 ]0x000043E6:	MOVW	R5, #0XD87
(    libInnoSecure.so[0xCBBCB000])[CF F2 D5 45 ]0x000043EA:	MOVT	R5, #0XF4D5	;(R5=0x00000D87 )
(    libInnoSecure.so[0xCBBCB000])[2C 44       ]0x000043EE:	ADD	R4, R5	;(R4=0x5C81813A R5=0xF4D50D87 )
(    libInnoSecure.so[0xCBBCB000])[02 EB B4 44 ]0x000043F0:	ADD.W	R4, R2, R4, ROR #18	;(R2=0x4AAB693D R4=0x51568EC1 )
(    libInnoSecure.so[0xCBBCB000])[04 EA 00 05 ]0x000043F4:	AND.W	R5, R4, R0	;(R4=0xEE5BBD92 R0=0xC63ADF23 )
(    libInnoSecure.so[0xCBBCB000])[40 44       ]0x000043F8:	ADD	R0, R8	;(R0=0xC63ADF23 R8=0x30336230 )
(    libInnoSecure.so[0xCBBCB000])[35 43       ]0x000043FA:	ORRS	R5, R6	;(R5=0xC61A9D02 R6=0x0881201C )
(    libInnoSecure.so[0xCBBCB000])[24 EA 02 06 ]0x000043FC:	BIC.W	R6, R4, R2	;(R4=0xEE5BBD92 R2=0x4AAB693D )
(    libInnoSecure.so[0xCBBCB000])[29 44       ]0x00004400:	ADD	R1, R5	;(R1=0xF48803ED R5=0xCE9BBD1E )
(    libInnoSecure.so[0xCBBCB000])[41 F2 ED 45 ]0x00004402:	MOVW	R5, #0X14ED
(    libInnoSecure.so[0xCBBCB000])[C4 F2 5A 55 ]0x00004406:	MOVT	R5, #0X455A	;(R5=0x000014ED )
(    libInnoSecure.so[0xCBBCB000])[29 44       ]0x0000440A:	ADD	R1, R5	;(R1=0xC323C10B R5=0x455A14ED )
(    libInnoSecure.so[0xCBBCB000])[04 EB 31 31 ]0x0000440C:	ADD.W	R1, R4, R1, ROR #12	;(R4=0xEE5BBD92 R1=0x087DD5F8 )
(    libInnoSecure.so[0xCBBCB000])[01 EA 02 05 ]0x00004410:	AND.W	R5, R1, R2	;(R1=0x4DDC456F R2=0x4AAB693D )
(    libInnoSecure.so[0xCBBCB000])[35 43       ]0x00004414:	ORRS	R5, R6	;(R5=0x4888412D R6=0xA4509482 )
(    libInnoSecure.so[0xCBBCB000])[21 EA 04 06 ]0x00004416:	BIC.W	R6, R1, R4	;(R1=0x4DDC456F R4=0xEE5BBD92 )
(    libInnoSecure.so[0xCBBCB000])[28 44       ]0x0000441A:	ADD	R0, R5	;(R0=0xF66E4153 R5=0xECD8D5AF )
(    libInnoSecure.so[0xCBBCB000])[4E F6 05 15 ]0x0000441C:	MOVW	R5, #0XE905
(    libInnoSecure.so[0xCBBCB000])[CA F6 E3 15 ]0x00004420:	MOVT	R5, #0XA9E3	;(R5=0x0000E905 )
(    libInnoSecure.so[0xCBBCB000])[28 44       ]0x00004424:	ADD	R0, R5	;(R0=0xE3471702 R5=0xA9E3E905 )
(    libInnoSecure.so[0xCBBCB000])[01 EB F0 60 ]0x00004426:	ADD.W	R0, R1, R0, ROR #27	;(R1=0x4DDC456F R0=0x8D2B0007 )
(    libInnoSecure.so[0xCBBCB000])[00 EA 04 05 ]0x0000442A:	AND.W	R5, R0, R4	;(R0=0xF33C4660 R4=0xEE5BBD92 )
(    libInnoSecure.so[0xCBBCB000])[74 44       ]0x0000442E:	ADD	R4, LR	;(R4=0xEE5BBD92 LR=0x39303033 )
(    libInnoSecure.so[0xCBBCB000])[35 43       ]0x00004430:	ORRS	R5, R6	;(R5=0xE2180400 R6=0x0184406D )
(    libInnoSecure.so[0xCBBCB000])[0C 9E       ]0x00004432:	LDR	R6, [SP, #0X30]	;(SP=0x100FFD18 )
(    libInnoSecure.so[0xCBBCB000])[32 44       ]0x00004434:	ADD	R2, R6	;(R2=0x4AAB693D R6=0x35353330 )
(    libInnoSecure.so[0xCBBCB000])[20 EA 01 06 ]0x00004436:	BIC.W	R6, R0, R1	;(R0=0xF33C4660 R1=0x4DDC456F )
(    libInnoSecure.so[0xCBBCB000])[2A 44       ]0x0000443A:	ADD	R2, R5	;(R2=0x7FE09C6D R5=0xE39C446D )
(    libInnoSecure.so[0xCBBCB000])[4A F2 F8 35 ]0x0000443C:	MOVW	R5, #0XA3F8
(    libInnoSecure.so[0xCBBCB000])[CF F6 EF 45 ]0x00004440:	MOVT	R5, #0XFCEF	;(R5=0x0000A3F8 )
(    libInnoSecure.so[0xCBBCB000])[2A 44       ]0x00004444:	ADD	R2, R5	;(R2=0x637CE0DA R5=0xFCEFA3F8 )
(    libInnoSecure.so[0xCBBCB000])[00 EB F2 52 ]0x00004446:	ADD.W	R2, R0, R2, ROR #23	;(R0=0xF33C4660 R2=0x606C84D2 )
(    libInnoSecure.so[0xCBBCB000])[02 EA 01 05 ]0x0000444A:	AND.W	R5, R2, R1	;(R2=0xCC45EB20 R1=0x4DDC456F )
(    libInnoSecure.so[0xCBBCB000])[35 43       ]0x0000444E:	ORRS	R5, R6	;(R5=0x4C444120 R6=0xB2200200 )
(    libInnoSecure.so[0xCBBCB000])[22 EA 00 06 ]0x00004450:	BIC.W	R6, R2, R0	;(R2=0xCC45EB20 R0=0xF33C4660 )
(    libInnoSecure.so[0xCBBCB000])[2C 44       ]0x00004454:	ADD	R4, R5	;(R4=0x278BEDC5 R5=0xFE644320 )
(    libInnoSecure.so[0xCBBCB000])[40 F2 D9 25 ]0x00004456:	MOVW	R5, #0X2D9
(    libInnoSecure.so[0xCBBCB000])[C6 F2 6F 75 ]0x0000445A:	MOVT	R5, #0X676F	;(R5=0x000002D9 )
(    libInnoSecure.so[0xCBBCB000])[2C 44       ]0x0000445E:	ADD	R4, R5	;(R4=0x25F030E5 R5=0x676F02D9 )
(    libInnoSecure.so[0xCBBCB000])[02 EB B4 44 ]0x00004460:	ADD.W	R4, R2, R4, ROR #18	;(R2=0xCC45EB20 R4=0x8D5F33BE )
(    libInnoSecure.so[0xCBBCB000])[04 EA 00 05 ]0x00004464:	AND.W	R5, R4, R0	;(R4=0x99358E77 R0=0xF33C4660 )
(    libInnoSecure.so[0xCBBCB000])[48 44       ]0x00004468:	ADD	R0, SB	;(R0=0xF33C4660 SB=0x38343335 )
(    libInnoSecure.so[0xCBBCB000])[35 43       ]0x0000446A:	ORRS	R5, R6	;(R5=0x91340660 R6=0x0C41A900 )
(    libInnoSecure.so[0xCBBCB000])[0D 9E       ]0x0000446C:	LDR	R6, [SP, #0X34]	;(SP=0x100FFD18 )
(    libInnoSecure.so[0xCBBCB000])[DD F8 18 90 ]0x0000446E:	LDR.W	SB, [SP, #0X18]	;(SP=0x100FFD18 )
(    libInnoSecure.so[0xCBBCB000])[31 44       ]0x00004472:	ADD	R1, R6	;(R1=0x4DDC456F R6=0x31333834 )
(    libInnoSecure.so[0xCBBCB000])[0E 9E       ]0x00004474:	LDR	R6, [SP, #0X38]	;(SP=0x100FFD18 )
(    libInnoSecure.so[0xCBBCB000])[29 44       ]0x00004476:	ADD	R1, R5	;(R1=0x7F0F7DA3 R5=0x9D75AF60 )
(    libInnoSecure.so[0xCBBCB000])[44 F6 8A 45 ]0x00004478:	MOVW	R5, #0X4C8A
(    libInnoSecure.so[0xCBBCB000])[C8 F6 2A 55 ]0x0000447C:	MOVT	R5, #0X8D2A	;(R5=0x00004C8A )
(    libInnoSecure.so[0xCBBCB000])[29 44       ]0x00004480:	ADD	R1, R5	;(R1=0x1C852D03 R5=0x8D2A4C8A )
(    libInnoSecure.so[0xCBBCB000])[84 EA 02 05 ]0x00004482:	EOR.W	R5, R4, R2	;(R4=0x99358E77 R2=0xCC45EB20 )
(    libInnoSecure.so[0xCBBCB000])[1A 44       ]0x00004486:	ADD	R2, R3	;(R2=0xCC45EB20 R3=0x33303630 )
(    libInnoSecure.so[0xCBBCB000])[04 EB 31 31 ]0x00004488:	ADD.W	R1, R4, R1, ROR #12	;(R4=0x99358E77 R1=0xA9AF798D )
(    libInnoSecure.so[0xCBBCB000])[11 9B       ]0x0000448C:	LDR	R3, [SP, #0X44]	;(SP=0x100FFD18 )
(    libInnoSecure.so[0xCBBCB000])[4D 40       ]0x0000448E:	EORS	R5, R1	;(R5=0x55706557 R1=0x3210296E )
(    libInnoSecure.so[0xCBBCB000])[28 44       ]0x00004490:	ADD	R0, R5	;(R0=0x2B707995 R5=0x67604C39 )
(    libInnoSecure.so[0xCBBCB000])[43 F6 42 15 ]0x00004492:	MOVW	R5, #0X3942
(    libInnoSecure.so[0xCBBCB000])[CF F6 FA 75 ]0x00004496:	MOVT	R5, #0XFFFA	;(R5=0x00003942 )
(    libInnoSecure.so[0xCBBCB000])[28 44       ]0x0000449A:	ADD	R0, R5	;(R0=0x92D0C5CE R5=0xFFFA3942 )
(    libInnoSecure.so[0xCBBCB000])[81 EA 04 05 ]0x0000449C:	EOR.W	R5, R1, R4	;(R1=0x3210296E R4=0x99358E77 )
(    libInnoSecure.so[0xCBBCB000])[54 44       ]0x000044A0:	ADD	R4, SL	;(R4=0x99358E77 SL=0x61353230 )
(    libInnoSecure.so[0xCBBCB000])[01 EB 30 70 ]0x000044A2:	ADD.W	R0, R1, R0, ROR #28	;(R1=0x3210296E R0=0x92CAFF10 )
(    libInnoSecure.so[0xCBBCB000])[DD F8 30 A0 ]0x000044A6:	LDR.W	SL, [SP, #0X30]	;(SP=0x100FFD18 )
(    libInnoSecure.so[0xCBBCB000])[45 40       ]0x000044AA:	EORS	R5, R0	;(R5=0xAB25A719 R0=0x5EC01A77 )
(    libInnoSecure.so[0xCBBCB000])[2A 44       ]0x000044AC:	ADD	R2, R5	;(R2=0xFF762150 R5=0xF5E5BD6E )
(    libInnoSecure.so[0xCBBCB000])[4F F2 81 65 ]0x000044AE:	MOVW	R5, #0XF681
(    libInnoSecure.so[0xCBBCB000])[C8 F2 71 75 ]0x000044B2:	MOVT	R5, #0X8771	;(R5=0x0000F681 )
(    libInnoSecure.so[0xCBBCB000])[2A 44       ]0x000044B6:	ADD	R2, R5	;(R2=0xF55BDEBE R5=0x8771F681 )
(    libInnoSecure.so[0xCBBCB000])[80 EA 01 05 ]0x000044B8:	EOR.W	R5, R0, R1	;(R0=0x5EC01A77 R1=0x3210296E )
(    libInnoSecure.so[0xCBBCB000])[61 44       ]0x000044BC:	ADD	R1, IP	;(R1=0x3210296E IP=0x36303930 )
(    libInnoSecure.so[0xCBBCB000])[00 EB 72 52 ]0x000044BE:	ADD.W	R2, R0, R2, ROR #21	;(R0=0x5EC01A77 R2=0x7CCDD53F )
(    libInnoSecure.so[0xCBBCB000])[DD F8 3C C0 ]0x000044C2:	LDR.W	IP, [SP, #0X3C]	;(SP=0x100FFD18 )
(    libInnoSecure.so[0xCBBCB000])[55 40       ]0x000044C6:	EORS	R5, R2	;(R5=0x6CD03319 R2=0xCD6A165D )
(    libInnoSecure.so[0xCBBCB000])[2C 44       ]0x000044C8:	ADD	R4, R5	;(R4=0xFA6AC0A7 R5=0xA1BA2544 )
(    libInnoSecure.so[0xCBBCB000])[46 F2 22 15 ]0x000044CA:	MOVW	R5, #0X6122
(    libInnoSecure.so[0xCBBCB000])[C6 F6 9D 55 ]0x000044CE:	MOVT	R5, #0X6D9D	;(R5=0x00006122 )
(    libInnoSecure.so[0xCBBCB000])[2C 44       ]0x000044D2:	ADD	R4, R5	;(R4=0x9C24E5EB R5=0x6D9D6122 )
(    libInnoSecure.so[0xCBBCB000])[82 EA 00 05 ]0x000044D4:	EOR.W	R5, R2, R0	;(R2=0xCD6A165D R0=0x5EC01A77 )
(    libInnoSecure.so[0xCBBCB000])[18 44       ]0x000044D8:	ADD	R0, R3	;(R0=0x5EC01A77 R3=0x36303930 )
(    libInnoSecure.so[0xCBBCB000])[02 EB 34 44 ]0x000044DA:	ADD.W	R4, R2, R4, ROR #16	;(R2=0xCD6A165D R4=0x09C2470D )
(    libInnoSecure.so[0xCBBCB000])[73 46       ]0x000044DE:	MOV	R3, LR	;(LR=0x39303033 )
(    libInnoSecure.so[0xCBBCB000])[65 40       ]0x000044E0:	EORS	R5, R4	;(R5=0x93AA0C2A R4=0x1477201F )
(    libInnoSecure.so[0xCBBCB000])[29 44       ]0x000044E2:	ADD	R1, R5	;(R1=0x6840629E R5=0x87DD2C35 )
(    libInnoSecure.so[0xCBBCB000])[43 F6 0C 05 ]0x000044E4:	MOVW	R5, #0X380C
(    libInnoSecure.so[0xCBBCB000])[CF F6 E5 55 ]0x000044E8:	MOVT	R5, #0XFDE5	;(R5=0x0000380C )
(    libInnoSecure.so[0xCBBCB000])[29 44       ]0x000044EC:	ADD	R1, R5	;(R1=0xF01D8ED3 R5=0xFDE5380C )
(    libInnoSecure.so[0xCBBCB000])[84 EA 02 05 ]0x000044EE:	EOR.W	R5, R4, R2	;(R4=0x1477201F R2=0xCD6A165D )
(    libInnoSecure.so[0xCBBCB000])[5A 44       ]0x000044F2:	ADD	R2, FP	;(R2=0xCD6A165D FP=0x32303331 )
(    libInnoSecure.so[0xCBBCB000])[04 EB 71 21 ]0x000044F4:	ADD.W	R1, R4, R1, ROR #9	;(R4=0x1477201F R1=0xEE02C6DF )
(    libInnoSecure.so[0xCBBCB000])[DD F8 08 B0 ]0x000044F8:	LDR.W	FP, [SP, #8]	;(SP=0x100FFD18 )
(    libInnoSecure.so[0xCBBCB000])[4D 40       ]0x000044FC:	EORS	R5, R1	;(R5=0xD91D3642 R1=0x846E2182 )
(    libInnoSecure.so[0xCBBCB000])[28 44       ]0x000044FE:	ADD	R0, R5	;(R0=0x94F053A7 R5=0x5D7317C0 )
(    libInnoSecure.so[0xCBBCB000])[4E F6 44 25 ]0x00004500:	MOVW	R5, #0XEA44
(    libInnoSecure.so[0xCBBCB000])[CA F2 BE 45 ]0x00004504:	MOVT	R5, #0XA4BE	;(R5=0x0000EA44 )
(    libInnoSecure.so[0xCBBCB000])[28 44       ]0x00004508:	ADD	R0, R5	;(R0=0xF2636B67 R5=0xA4BEEA44 )
(    libInnoSecure.so[0xCBBCB000])[81 EA 04 05 ]0x0000450A:	EOR.W	R5, R1, R4	;(R1=0x846E2182 R4=0x1477201F )
(    libInnoSecure.so[0xCBBCB000])[1C 44       ]0x0000450E:	ADD	R4, R3	;(R4=0x1477201F R3=0x39303033 )
(    libInnoSecure.so[0xCBBCB000])[01 EB 30 70 ]0x00004510:	ADD.W	R0, R1, R0, ROR #28	;(R1=0x846E2182 R0=0x972255AB )
(    libInnoSecure.so[0xCBBCB000])[45 40       ]0x00004514:	EORS	R5, R0	;(R5=0x9019019D R0=0xF6937C3B )
(    libInnoSecure.so[0xCBBCB000])[2A 44       ]0x00004516:	ADD	R2, R5	;(R2=0xFF9A498E R5=0x668A7DA6 )
(    libInnoSecure.so[0xCBBCB000])[4C F6 A9 75 ]0x00004518:	MOVW	R5, #0XCFA9
(    libInnoSecure.so[0xCBBCB000])[C4 F6 DE 35 ]0x0000451C:	MOVT	R5, #0X4BDE	;(R5=0x0000CFA9 )
(    libInnoSecure.so[0xCBBCB000])[2A 44       ]0x00004520:	ADD	R2, R5	;(R2=0x6624C734 R5=0x4BDECFA9 )
(    libInnoSecure.so[0xCBBCB000])[80 EA 01 05 ]0x00004522:	EOR.W	R5, R0, R1	;(R0=0xF6937C3B R1=0x846E2182 )
(    libInnoSecure.so[0xCBBCB000])[59 44       ]0x00004526:	ADD	R1, FP	;(R1=0x846E2182 FP=0x33316130 )
(    libInnoSecure.so[0xCBBCB000])[00 EB 72 52 ]0x00004528:	ADD.W	R2, R0, R2, ROR #21	;(R0=0xF6937C3B R2=0xB20396DD )
(    libInnoSecure.so[0xCBBCB000])[55 40       ]0x0000452C:	EORS	R5, R2	;(R5=0x72FD5DB9 R2=0x134A69CB )
(    libInnoSecure.so[0xCBBCB000])[2C 44       ]0x0000452E:	ADD	R4, R5	;(R4=0x4DA75052 R5=0x61B73472 )
(    libInnoSecure.so[0xCBBCB000])[44 F6 60 35 ]0x00004530:	MOVW	R5, #0X4B60
(    libInnoSecure.so[0xCBBCB000])[CF F2 BB 65 ]0x00004534:	MOVT	R5, #0XF6BB	;(R5=0x00004B60 )
(    libInnoSecure.so[0xCBBCB000])[2C 44       ]0x00004538:	ADD	R4, R5	;(R4=0xAF5E84C4 R5=0xF6BB4B60 )
(    libInnoSecure.so[0xCBBCB000])[82 EA 00 05 ]0x0000453A:	EOR.W	R5, R2, R0	;(R2=0x134A69CB R0=0xF6937C3B )
(    libInnoSecure.so[0xCBBCB000])[40 44       ]0x0000453E:	ADD	R0, R8	;(R0=0xF6937C3B R8=0x30336230 )
(    libInnoSecure.so[0xCBBCB000])[02 EB 34 44 ]0x00004540:	ADD.W	R4, R2, R4, ROR #16	;(R2=0x134A69CB R4=0xA619D024 )
(    libInnoSecure.so[0xCBBCB000])[DD F8 34 80 ]0x00004544:	LDR.W	R8, [SP, #0X34]	;(SP=0x100FFD18 )
(    libInnoSecure.so[0xCBBCB000])[65 40       ]0x00004548:	EORS	R5, R4	;(R5=0xE5D915F0 R4=0xE36F0FE4 )
(    libInnoSecure.so[0xCBBCB000])[29 44       ]0x0000454A:	ADD	R1, R5	;(R1=0xB79F82B2 R5=0x06B61A14 )
(    libInnoSecure.so[0xCBBCB000])[4B F6 70 45 ]0x0000454C:	MOVW	R5, #0XBC70
(    libInnoSecure.so[0xCBBCB000])[CB F6 BF 65 ]0x00004550:	MOVT	R5, #0XBEBF	;(R5=0x0000BC70 )
(    libInnoSecure.so[0xCBBCB000])[29 44       ]0x00004554:	ADD	R1, R5	;(R1=0xBE559CC6 R5=0xBEBFBC70 )
(    libInnoSecure.so[0xCBBCB000])[84 EA 02 05 ]0x00004556:	EOR.W	R5, R4, R2	;(R4=0xE36F0FE4 R2=0x134A69CB )
(    libInnoSecure.so[0xCBBCB000])[32 44       ]0x0000455A:	ADD	R2, R6	;(R2=0x134A69CB R6=0x30336230 )
(    libInnoSecure.so[0xCBBCB000])[04 EB 71 21 ]0x0000455C:	ADD.W	R1, R4, R1, ROR #9	;(R4=0xE36F0FE4 R1=0x7D155936 )
(    libInnoSecure.so[0xCBBCB000])[4D 40       ]0x00004560:	EORS	R5, R1	;(R5=0xF025662F R1=0x7EAD9A90 )
(    libInnoSecure.so[0xCBBCB000])[28 44       ]0x00004562:	ADD	R0, R5	;(R0=0x26C6DE6B R5=0x8E88FCBF )
(    libInnoSecure.so[0xCBBCB000])[47 F6 C6 65 ]0x00004564:	MOVW	R5, #0X7EC6
(    libInnoSecure.so[0xCBBCB000])[C2 F6 9B 05 ]0x00004568:	MOVT	R5, #0X289B	;(R5=0x00007EC6 )
(    libInnoSecure.so[0xCBBCB000])[28 44       ]0x0000456C:	ADD	R0, R5	;(R0=0xB54FDB2A R5=0x289B7EC6 )
(    libInnoSecure.so[0xCBBCB000])[81 EA 04 05 ]0x0000456E:	EOR.W	R5, R1, R4	;(R1=0x7EAD9A90 R4=0xE36F0FE4 )
(    libInnoSecure.so[0xCBBCB000])[64 44       ]0x00004572:	ADD	R4, IP	;(R4=0xE36F0FE4 IP=0x37303430 )
(    libInnoSecure.so[0xCBBCB000])[01 EB 30 70 ]0x00004574:	ADD.W	R0, R1, R0, ROR #28	;(R1=0x7EAD9A90 R0=0xDDEB59F0 )
(    libInnoSecure.so[0xCBBCB000])[45 40       ]0x00004578:	EORS	R5, R0	;(R5=0x9DC29574 R0=0x5D63399D )
(    libInnoSecure.so[0xCBBCB000])[2A 44       ]0x0000457A:	ADD	R2, R5	;(R2=0x437DCBFB R5=0xC0A1ACE9 )
(    libInnoSecure.so[0xCBBCB000])[42 F2 FA 75 ]0x0000457C:	MOVW	R5, #0X27FA
(    libInnoSecure.so[0xCBBCB000])[CE F6 A1 25 ]0x00004580:	MOVT	R5, #0XEAA1	;(R5=0x000027FA )
(    libInnoSecure.so[0xCBBCB000])[2A 44       ]0x00004584:	ADD	R2, R5	;(R2=0x041F78E4 R5=0xEAA127FA )
(    libInnoSecure.so[0xCBBCB000])[80 EA 01 05 ]0x00004586:	EOR.W	R5, R0, R1	;(R0=0x5D63399D R1=0x7EAD9A90 )
(    libInnoSecure.so[0xCBBCB000])[49 44       ]0x0000458A:	ADD	R1, SB	;(R1=0x7EAD9A90 SB=0x62303133 )
(    libInnoSecure.so[0xCBBCB000])[00 EB 72 52 ]0x0000458C:	ADD.W	R2, R0, R2, ROR #21	;(R0=0x5D63399D R2=0xEEC0A0DE )
(    libInnoSecure.so[0xCBBCB000])[55 40       ]0x00004590:	EORS	R5, R2	;(R5=0x23CEA30D R2=0x626A3113 )
(    libInnoSecure.so[0xCBBCB000])[2C 44       ]0x00004592:	ADD	R4, R5	;(R4=0x1A9F4414 R5=0x41A4921E )
(    libInnoSecure.so[0xCBBCB000])[43 F2 85 05 ]0x00004594:	MOVW	R5, #0X3085
(    libInnoSecure.so[0xCBBCB000])[CD F2 EF 45 ]0x00004598:	MOVT	R5, #0XD4EF	;(R5=0x00003085 )
(    libInnoSecure.so[0xCBBCB000])[2C 44       ]0x0000459C:	ADD	R4, R5	;(R4=0x5C43D632 R5=0xD4EF3085 )
(    libInnoSecure.so[0xCBBCB000])[82 EA 00 05 ]0x0000459E:	EOR.W	R5, R2, R0	;(R2=0x626A3113 R0=0x5D63399D )
(    libInnoSecure.so[0xCBBCB000])[02 EB 34 44 ]0x000045A2:	ADD.W	R4, R2, R4, ROR #16	;(R2=0x626A3113 R4=0x313306B7 )
(    libInnoSecure.so[0xCBBCB000])[65 40       ]0x000045A6:	EORS	R5, R4	;(R5=0x3F09088E R4=0x69216246 )
(    libInnoSecure.so[0xCBBCB000])[29 44       ]0x000045A8:	ADD	R1, R5	;(R1=0xE0DDCBC3 R5=0x56286AC8 )
(    libInnoSecure.so[0xCBBCB000])[41 F6 05 55 ]0x000045AA:	MOVW	R5, #0X1D05
(    libInnoSecure.so[0xCBBCB000])[C0 F2 88 45 ]0x000045AE:	MOVT	R5, #0X488	;(R5=0x00001D05 )
(    libInnoSecure.so[0xCBBCB000])[29 44       ]0x000045B2:	ADD	R1, R5	;(R1=0x3706368B R5=0x04881D05 )
(    libInnoSecure.so[0xCBBCB000])[84 EA 02 05 ]0x000045B4:	EOR.W	R5, R4, R2	;(R4=0x69216246 R2=0x626A3113 )
(    libInnoSecure.so[0xCBBCB000])[42 44       ]0x000045B8:	ADD	R2, R8	;(R2=0x626A3113 R8=0x31333834 )
(    libInnoSecure.so[0xCBBCB000])[04 EB 71 21 ]0x000045BA:	ADD.W	R1, R4, R1, ROR #9	;(R4=0x69216246 R1=0x3B8E5390 )
(    libInnoSecure.so[0xCBBCB000])[85 EA 01 0E ]0x000045BE:	EOR.W	LR, R5, R1	;(R5=0x0B4B5355 R1=0x313F296F )
(    libInnoSecure.so[0xCBBCB000])[10 9D       ]0x000045C2:	LDR	R5, [SP, #0X40]	;(SP=0x100FFD18 )
(    libInnoSecure.so[0xCBBCB000])[28 44       ]0x000045C4:	ADD	R0, R5	;(R0=0x5D63399D R5=0x34303535 )
(    libInnoSecure.so[0xCBBCB000])[4D F2 39 05 ]0x000045C6:	MOVW	R5, #0XD039
(    libInnoSecure.so[0xCBBCB000])[70 44       ]0x000045CA:	ADD	R0, LR	;(R0=0x91936ED2 LR=0x3A747A3A )
(    libInnoSecure.so[0xCBBCB000])[CD F6 D4 15 ]0x000045CC:	MOVT	R5, #0XD9D4	;(R5=0x0000D039 )
(    libInnoSecure.so[0xCBBCB000])[28 44       ]0x000045D0:	ADD	R0, R5	;(R0=0xCC07E90C R5=0xD9D4D039 )
(    libInnoSecure.so[0xCBBCB000])[81 EA 04 05 ]0x000045D2:	EOR.W	R5, R1, R4	;(R1=0x313F296F R4=0x69216246 )
(    libInnoSecure.so[0xCBBCB000])[DD F8 0C E0 ]0x000045D6:	LDR.W	LR, [SP, #0XC]	;(SP=0x100FFD18 )
(    libInnoSecure.so[0xCBBCB000])[01 EB 30 70 ]0x000045DA:	ADD.W	R0, R1, R0, ROR #28	;(R1=0x313F296F R0=0xA5DCB945 )
(    libInnoSecure.so[0xCBBCB000])[45 40       ]0x000045DE:	EORS	R5, R0	;(R5=0x581E4B29 R0=0x8F0ABDC9 )
(    libInnoSecure.so[0xCBBCB000])[74 44       ]0x000045E0:	ADD	R4, LR	;(R4=0x69216246 LR=0x35353330 )
(    libInnoSecure.so[0xCBBCB000])[2A 44       ]0x000045E2:	ADD	R2, R5	;(R2=0x939D6947 R5=0xD714F6E0 )
(    libInnoSecure.so[0xCBBCB000])[49 F6 E5 15 ]0x000045E4:	MOVW	R5, #0X99E5
(    libInnoSecure.so[0xCBBCB000])[CE F2 DB 65 ]0x000045E8:	MOVT	R5, #0XE6DB	;(R5=0x000099E5 )
(    libInnoSecure.so[0xCBBCB000])[2A 44       ]0x000045EC:	ADD	R2, R5	;(R2=0x6AB26027 R5=0xE6DB99E5 )
(    libInnoSecure.so[0xCBBCB000])[80 EA 01 05 ]0x000045EE:	EOR.W	R5, R0, R1	;(R0=0x8F0ABDC9 R1=0x313F296F )
(    libInnoSecure.so[0xCBBCB000])[51 44       ]0x000045F2:	ADD	R1, SL	;(R1=0x313F296F SL=0x35353330 )
(    libInnoSecure.so[0xCBBCB000])[00 EB 72 52 ]0x000045F4:	ADD.W	R2, R0, R2, ROR #21	;(R0=0x8F0ABDC9 R2=0x518DFA0C )
(    libInnoSecure.so[0xCBBCB000])[55 40       ]0x000045F8:	EORS	R5, R2	;(R5=0xBE3594A6 R2=0xFEDB2055 )
(    libInnoSecure.so[0xCBBCB000])[2C 44       ]0x000045FA:	ADD	R4, R5	;(R4=0x9E569576 R5=0x40EEB4F3 )
(    libInnoSecure.so[0xCBBCB000])[47 F6 F8 45 ]0x000045FC:	MOVW	R5, #0X7CF8
(    libInnoSecure.so[0xCBBCB000])[C1 F6 A2 75 ]0x00004600:	MOVT	R5, #0X1FA2	;(R5=0x00007CF8 )
(    libInnoSecure.so[0xCBBCB000])[2C 44       ]0x00004604:	ADD	R4, R5	;(R4=0xDF454A69 R5=0x1FA27CF8 )
(    libInnoSecure.so[0xCBBCB000])[82 EA 00 05 ]0x00004606:	EOR.W	R5, R2, R0	;(R2=0xFEDB2055 R0=0x8F0ABDC9 )
(    libInnoSecure.so[0xCBBCB000])[30 44       ]0x0000460A:	ADD	R0, R6	;(R0=0x8F0ABDC9 R6=0x30336230 )
(    libInnoSecure.so[0xCBBCB000])[02 EB 34 44 ]0x0000460C:	ADD.W	R4, R2, R4, ROR #16	;(R2=0xFEDB2055 R4=0xFEE7C761 )
(    libInnoSecure.so[0xCBBCB000])[45 F6 C3 16 ]0x00004610:	MOVW	R6, #0X59C3
(    libInnoSecure.so[0xCBBCB000])[65 40       ]0x00004614:	EORS	R5, R4	;(R5=0x71D19D9C R4=0xC63D1F3C )
(    libInnoSecure.so[0xCBBCB000])[C6 F2 5B 56 ]0x00004616:	MOVT	R6, #0X655B	;(R6=0x000059C3 )
(    libInnoSecure.so[0xCBBCB000])[29 44       ]0x0000461A:	ADD	R1, R5	;(R1=0x66745C9F R5=0xB7EC82A0 )
(    libInnoSecure.so[0xCBBCB000])[45 F2 65 65 ]0x0000461C:	MOVW	R5, #0X5665
(    libInnoSecure.so[0xCBBCB000])[CC F2 AC 45 ]0x00004620:	MOVT	R5, #0XC4AC	;(R5=0x00005665 )
(    libInnoSecure.so[0xCBBCB000])[29 44       ]0x00004624:	ADD	R1, R5	;(R1=0x1E60DF3F R5=0xC4AC5665 )
(    libInnoSecure.so[0xCBBCB000])[04 EB 71 21 ]0x00004626:	ADD.W	R1, R4, R1, ROR #9	;(R4=0xC63D1F3C R1=0xE30D35A4 )
(    libInnoSecure.so[0xCBBCB000])[61 EA 02 05 ]0x0000462A:	ORN	R5, R1, R2	;(R1=0x98AEA5D6 R2=0xFEDB2055 )
(    libInnoSecure.so[0xCBBCB000])[1A 44       ]0x0000462E:	ADD	R2, R3	;(R2=0xFEDB2055 R3=0x39303033 )
(    libInnoSecure.so[0xCBBCB000])[65 40       ]0x00004630:	EORS	R5, R4	;(R5=0x99AEFFFE R4=0xC63D1F3C )
(    libInnoSecure.so[0xCBBCB000])[01 9B       ]0x00004632:	LDR	R3, [SP, #4]	;(SP=0x100FFD18 )
(    libInnoSecure.so[0xCBBCB000])[28 44       ]0x00004634:	ADD	R0, R5	;(R0=0xBF3E1FF9 R5=0x5F93E0C2 )
(    libInnoSecure.so[0xCBBCB000])[42 F2 44 25 ]0x00004636:	MOVW	R5, #0X2244
(    libInnoSecure.so[0xCBBCB000])[CF F2 29 45 ]0x0000463A:	MOVT	R5, #0XF429	;(R5=0x00002244 )
(    libInnoSecure.so[0xCBBCB000])[28 44       ]0x0000463E:	ADD	R0, R5	;(R0=0x1ED200BB R5=0xF4292244 )
(    libInnoSecure.so[0xCBBCB000])[23 44       ]0x00004640:	ADD	R3, R4	;(R3=0x36303930 R4=0xC63D1F3C )
(    libInnoSecure.so[0xCBBCB000])[01 EB B0 60 ]0x00004642:	ADD.W	R0, R1, R0, ROR #26	;(R1=0x98AEA5D6 R0=0x12FB22FF )
(    libInnoSecure.so[0xCBBCB000])[60 EA 04 05 ]0x00004646:	ORN	R5, R0, R4	;(R0=0x5777659A R4=0xC63D1F3C )
(    libInnoSecure.so[0xCBBCB000])[42 F2 A7 34 ]0x0000464A:	MOVW	R4, #0X23A7
(    libInnoSecure.so[0xCBBCB000])[4D 40       ]0x0000464E:	EORS	R5, R1	;(R5=0x7FF7E5DB R1=0x98AEA5D6 )
(    libInnoSecure.so[0xCBBCB000])[CA F6 94 34 ]0x00004650:	MOVT	R4, #0XAB94	;(R4=0x000023A7 )
(    libInnoSecure.so[0xCBBCB000])[2A 44       ]0x00004654:	ADD	R2, R5	;(R2=0x380B5088 R5=0xE759400D )
(    libInnoSecure.so[0xCBBCB000])[4F F6 97 75 ]0x00004656:	MOVW	R5, #0XFF97
(    libInnoSecure.so[0xCBBCB000])[C4 F2 2A 35 ]0x0000465A:	MOVT	R5, #0X432A	;(R5=0x0000FF97 )
(    libInnoSecure.so[0xCBBCB000])[2A 44       ]0x0000465E:	ADD	R2, R5	;(R2=0x1F649095 R5=0x432AFF97 )
(    libInnoSecure.so[0xCBBCB000])[00 EB B2 52 ]0x00004660:	ADD.W	R2, R0, R2, ROR #22	;(R0=0x5777659A R2=0x628F902C )
(    libInnoSecure.so[0xCBBCB000])[62 EA 01 05 ]0x00004664:	ORN	R5, R2, R1	;(R2=0x95B81724 R1=0x98AEA5D6 )
(    libInnoSecure.so[0xCBBCB000])[45 40       ]0x00004668:	EORS	R5, R0	;(R5=0xF7F95F2D R0=0x5777659A )
(    libInnoSecure.so[0xCBBCB000])[2B 44       ]0x0000466A:	ADD	R3, R5	;(R3=0xFC6D586C R5=0xA08E3AB7 )
(    libInnoSecure.so[0xCBBCB000])[09 9D       ]0x0000466C:	LDR	R5, [SP, #0X24]	;(SP=0x100FFD18 )
(    libInnoSecure.so[0xCBBCB000])[23 44       ]0x0000466E:	ADD	R3, R4	;(R3=0x9CFB9323 R4=0xAB9423A7 )
(    libInnoSecure.so[0xCBBCB000])[29 44       ]0x00004670:	ADD	R1, R5	;(R1=0x98AEA5D6 R5=0x38343335 )
(    libInnoSecure.so[0xCBBCB000])[11 9D       ]0x00004672:	LDR	R5, [SP, #0X44]	;(SP=0x100FFD18 )
(    libInnoSecure.so[0xCBBCB000])[02 EB 73 43 ]0x00004674:	ADD.W	R3, R2, R3, ROR #17	;(R2=0x95B81724 R3=0x488FB6CA )
(    libInnoSecure.so[0xCBBCB000])[63 EA 00 04 ]0x00004678:	ORN	R4, R3, R0	;(R3=0x711D3B6B R0=0x5777659A )
(    libInnoSecure.so[0xCBBCB000])[40 44       ]0x0000467C:	ADD	R0, R8	;(R0=0x5777659A R8=0x31333834 )
(    libInnoSecure.so[0xCBBCB000])[54 40       ]0x0000467E:	EORS	R4, R2	;(R4=0xF99DBB6F R2=0x95B81724 )
(    libInnoSecure.so[0xCBBCB000])[21 44       ]0x00004680:	ADD	R1, R4	;(R1=0xD0E2D90B R4=0x6C25AC4B )
(    libInnoSecure.so[0xCBBCB000])[4A F2 39 04 ]0x00004682:	MOVW	R4, #0XA039
(    libInnoSecure.so[0xCBBCB000])[CF F6 93 44 ]0x00004686:	MOVT	R4, #0XFC93	;(R4=0x0000A039 )
(    libInnoSecure.so[0xCBBCB000])[21 44       ]0x0000468A:	ADD	R1, R4	;(R1=0x3D088556 R4=0xFC93A039 )
(    libInnoSecure.so[0xCBBCB000])[03 EB F1 21 ]0x0000468C:	ADD.W	R1, R3, R1, ROR #11	;(R3=0x711D3B6B R1=0x399C258F )
(    libInnoSecure.so[0xCBBCB000])[61 EA 02 04 ]0x00004690:	ORN	R4, R1, R2	;(R1=0x23046EEF R2=0x95B81724 )
(    libInnoSecure.so[0xCBBCB000])[62 44       ]0x00004694:	ADD	R2, IP	;(R2=0x95B81724 IP=0x37303430 )
(    libInnoSecure.so[0xCBBCB000])[5C 40       ]0x00004696:	EORS	R4, R3	;(R4=0x6B47EEFF R3=0x711D3B6B )
(    libInnoSecure.so[0xCBBCB000])[DD F8 1C C0 ]0x00004698:	LDR.W	IP, [SP, #0X1C]	;(SP=0x100FFD18 )
(    libInnoSecure.so[0xCBBCB000])[20 44       ]0x0000469C:	ADD	R0, R4	;(R0=0x88AA9DCE R4=0x1A5AD594 )
(    libInnoSecure.so[0xCBBCB000])[30 44       ]0x0000469E:	ADD	R0, R6	;(R0=0xA3057362 R6=0x655B59C3 )
(    libInnoSecure.so[0xCBBCB000])[01 EB B0 60 ]0x000046A0:	ADD.W	R0, R1, R0, ROR #26	;(R1=0x23046EEF R0=0x0860CD25 )
(    libInnoSecure.so[0xCBBCB000])[60 EA 03 06 ]0x000046A4:	ORN	R6, R0, R3	;(R0=0x3B37B831 R3=0x711D3B6B )
(    libInnoSecure.so[0xCBBCB000])[5B 44       ]0x000046A8:	ADD	R3, FP	;(R3=0x711D3B6B FP=0x33316130 )
(    libInnoSecure.so[0xCBBCB000])[4E 40       ]0x000046AA:	EORS	R6, R1	;(R6=0xBFF7FCB5 R1=0x23046EEF )
(    libInnoSecure.so[0xCBBCB000])[32 44       ]0x000046AC:	ADD	R2, R6	;(R2=0xCCE84B54 R6=0x9CF3925A )
(    libInnoSecure.so[0xCBBCB000])[4C F6 92 46 ]0x000046AE:	MOVW	R6, #0XCC92
(    libInnoSecure.so[0xCBBCB000])[C8 F6 0C 76 ]0x000046B2:	MOVT	R6, #0X8F0C	;(R6=0x0000CC92 )
(    libInnoSecure.so[0xCBBCB000])[32 44       ]0x000046B6:	ADD	R2, R6	;(R2=0x69DBDDAE R6=0x8F0CCC92 )
(    libInnoSecure.so[0xCBBCB000])[00 EB B2 52 ]0x000046B8:	ADD.W	R2, R0, R2, ROR #22	;(R0=0x3B37B831 R2=0xF8E8AA40 )
(    libInnoSecure.so[0xCBBCB000])[62 EA 01 06 ]0x000046BC:	ORN	R6, R2, R1	;(R2=0xDDE0BC14 R1=0x23046EEF )
(    libInnoSecure.so[0xCBBCB000])[29 44       ]0x000046C0:	ADD	R1, R5	;(R1=0x23046EEF R5=0x36303930 )
(    libInnoSecure.so[0xCBBCB000])[46 40       ]0x000046C2:	EORS	R6, R0	;(R6=0xDDFBBD14 R0=0x3B37B831 )
(    libInnoSecure.so[0xCBBCB000])[0A 9D       ]0x000046C4:	LDR	R5, [SP, #0X28]	;(SP=0x100FFD18 )
(    libInnoSecure.so[0xCBBCB000])[33 44       ]0x000046C6:	ADD	R3, R6	;(R3=0xA44E9C9B R6=0xE6CC0525 )
(    libInnoSecure.so[0xCBBCB000])[4F F2 7D 46 ]0x000046C8:	MOVW	R6, #0XF47D
(    libInnoSecure.so[0xCBBCB000])[CF F6 EF 76 ]0x000046CC:	MOVT	R6, #0XFFEF	;(R6=0x0000F47D )
(    libInnoSecure.so[0xCBBCB000])[33 44       ]0x000046D0:	ADD	R3, R6	;(R3=0x8B1AA1C0 R6=0xFFEFF47D )
(    libInnoSecure.so[0xCBBCB000])[02 EB 73 43 ]0x000046D2:	ADD.W	R3, R2, R3, ROR #17	;(R2=0xDDE0BC14 R3=0x8B0A963D )
(    libInnoSecure.so[0xCBBCB000])[63 EA 00 06 ]0x000046D6:	ORN	R6, R3, R0	;(R3=0x28FF8199 R0=0x3B37B831 )
(    libInnoSecure.so[0xCBBCB000])[28 44       ]0x000046DA:	ADD	R0, R5	;(R0=0x3B37B831 R5=0x33303630 )
(    libInnoSecure.so[0xCBBCB000])[56 40       ]0x000046DC:	EORS	R6, R2	;(R6=0xECFFC7DF R2=0xDDE0BC14 )
(    libInnoSecure.so[0xCBBCB000])[08 9D       ]0x000046DE:	LDR	R5, [SP, #0X20]	;(SP=0x100FFD18 )
(    libInnoSecure.so[0xCBBCB000])[31 44       ]0x000046E0:	ADD	R1, R6	;(R1=0x5934A81F R6=0x311F7BCB )
(    libInnoSecure.so[0xCBBCB000])[45 F6 D1 56 ]0x000046E2:	MOVW	R6, #0X5DD1
(    libInnoSecure.so[0xCBBCB000])[C8 F2 84 56 ]0x000046E6:	MOVT	R6, #0X8584	;(R6=0x00005DD1 )
(    libInnoSecure.so[0xCBBCB000])[31 44       ]0x000046EA:	ADD	R1, R6	;(R1=0x8A5423EA R6=0x85845DD1 )
(    libInnoSecure.so[0xCBBCB000])[03 EB F1 21 ]0x000046EC:	ADD.W	R1, R3, R1, ROR #11	;(R3=0x28FF8199 R1=0x0FD881BB )
(    libInnoSecure.so[0xCBBCB000])[61 EA 02 06 ]0x000046F0:	ORN	R6, R1, R2	;(R1=0x60617CA9 R2=0xDDE0BC14 )
(    libInnoSecure.so[0xCBBCB000])[72 44       ]0x000046F4:	ADD	R2, LR	;(R2=0xDDE0BC14 LR=0x35353330 )
(    libInnoSecure.so[0xCBBCB000])[5E 40       ]0x000046F6:	EORS	R6, R3	;(R6=0x627F7FEB R3=0x28FF8199 )
(    libInnoSecure.so[0xCBBCB000])[30 44       ]0x000046F8:	ADD	R0, R6	;(R0=0x6E67EE61 R6=0x4A80FE72 )
(    libInnoSecure.so[0xCBBCB000])[47 F6 4F 66 ]0x000046FA:	MOVW	R6, #0X7E4F
(    libInnoSecure.so[0xCBBCB000])[C6 F6 A8 76 ]0x000046FE:	MOVT	R6, #0X6FA8	;(R6=0x00007E4F )
(    libInnoSecure.so[0xCBBCB000])[30 44       ]0x00004702:	ADD	R0, R6	;(R0=0xB8E8ECD3 R6=0x6FA87E4F )
(    libInnoSecure.so[0xCBBCB000])[01 EB B0 66 ]0x00004704:	ADD.W	R6, R1, R0, ROR #26	;(R1=0x60617CA9 R0=0x28916B22 )
(    libInnoSecure.so[0xCBBCB000])[66 EA 03 00 ]0x00004708:	ORN	R0, R6, R3	;(R6=0x84BC4533 R3=0x28FF8199 )
(    libInnoSecure.so[0xCBBCB000])[4B 44       ]0x0000470C:	ADD	R3, SB	;(R3=0x28FF8199 SB=0x62303133 )
(    libInnoSecure.so[0xCBBCB000])[48 40       ]0x0000470E:	EORS	R0, R1	;(R0=0xD7BC7F77 R1=0x60617CA9 )
(    libInnoSecure.so[0xCBBCB000])[10 44       ]0x00004710:	ADD	R0, R2	;(R0=0xB7DD03DE R2=0x1315EF44 )
(    libInnoSecure.so[0xCBBCB000])[4E F2 E0 62 ]0x00004712:	MOVW	R2, #0XE6E0
(    libInnoSecure.so[0xCBBCB000])[CF F6 2C 62 ]0x00004716:	MOVT	R2, #0XFE2C	;(R2=0x0000E6E0 )
(    libInnoSecure.so[0xCBBCB000])[10 44       ]0x0000471A:	ADD	R0, R2	;(R0=0xCAF2F322 R2=0xFE2CE6E0 )
(    libInnoSecure.so[0xCBBCB000])[06 EB B0 52 ]0x0000471C:	ADD.W	R2, R6, R0, ROR #22	;(R6=0x84BC4533 R0=0xC91FDA02 )
(    libInnoSecure.so[0xCBBCB000])[62 EA 01 00 ]0x00004720:	ORN	R0, R2, R1	;(R2=0x04245057 R1=0x60617CA9 )
(    libInnoSecure.so[0xCBBCB000])[29 44       ]0x00004724:	ADD	R1, R5	;(R1=0x60617CA9 R5=0x30336230 )
(    libInnoSecure.so[0xCBBCB000])[70 40       ]0x00004726:	EORS	R0, R6	;(R0=0x9FBED357 R6=0x84BC4533 )
(    libInnoSecure.so[0xCBBCB000])[0B 9D       ]0x00004728:	LDR	R5, [SP, #0X2C]	;(SP=0x100FFD18 )
(    libInnoSecure.so[0xCBBCB000])[18 44       ]0x0000472A:	ADD	R0, R3	;(R0=0x1B029664 R3=0x8B2FB2CC )
(    libInnoSecure.so[0xCBBCB000])[44 F2 14 33 ]0x0000472C:	MOVW	R3, #0X4314
(    libInnoSecure.so[0xCBBCB000])[CA F2 01 33 ]0x00004730:	MOVT	R3, #0XA301	;(R3=0x00004314 )
(    libInnoSecure.so[0xCBBCB000])[18 44       ]0x00004734:	ADD	R0, R3	;(R0=0xA6324930 R3=0xA3014314 )
(    libInnoSecure.so[0xCBBCB000])[02 EB 70 40 ]0x00004736:	ADD.W	R0, R2, R0, ROR #17	;(R2=0x04245057 R0=0x49338C44 )
(    libInnoSecure.so[0xCBBCB000])[60 EA 06 03 ]0x0000473A:	ORN	R3, R0, R6	;(R0=0xCA4674F0 R6=0x84BC4533 )
(    libInnoSecure.so[0xCBBCB000])[2E 44       ]0x0000473E:	ADD	R6, R5	;(R6=0x84BC4533 R5=0x32303331 )
(    libInnoSecure.so[0xCBBCB000])[53 40       ]0x00004740:	EORS	R3, R2	;(R3=0xFB47FEFC R2=0x04245057 )
(    libInnoSecure.so[0xCBBCB000])[19 44       ]0x00004742:	ADD	R1, R3	;(R1=0x9094DED9 R3=0xFF63AEAB )
(    libInnoSecure.so[0xCBBCB000])[41 F2 A1 13 ]0x00004744:	MOVW	R3, #0X11A1
(    libInnoSecure.so[0xCBBCB000])[C4 F6 08 63 ]0x00004748:	MOVT	R3, #0X4E08	;(R3=0x000011A1 )
(    libInnoSecure.so[0xCBBCB000])[19 44       ]0x0000474C:	ADD	R1, R3	;(R1=0x8FF88D84 R3=0x4E0811A1 )
(    libInnoSecure.so[0xCBBCB000])[00 EB F1 21 ]0x0000474E:	ADD.W	R1, R0, R1, ROR #11	;(R0=0xCA4674F0 R1=0xDE009F25 )
(    libInnoSecure.so[0xCBBCB000])[61 EA 02 03 ]0x00004752:	ORN	R3, R1, R2	;(R1=0xAF023503 R2=0x04245057 )
(    libInnoSecure.so[0xCBBCB000])[43 40       ]0x00004756:	EORS	R3, R0	;(R3=0xFFDBBFAB R0=0xCA4674F0 )
(    libInnoSecure.so[0xCBBCB000])[33 44       ]0x00004758:	ADD	R3, R6	;(R3=0x359DCB5B R6=0xB6EC7864 )
(    libInnoSecure.so[0xCBBCB000])[47 F6 82 66 ]0x0000475A:	MOVW	R6, #0X7E82
(    libInnoSecure.so[0xCBBCB000])[CF F2 53 76 ]0x0000475E:	MOVT	R6, #0XF753	;(R6=0x00007E82 )
(    libInnoSecure.so[0xCBBCB000])[33 44       ]0x00004762:	ADD	R3, R6	;(R3=0xEC8A43BF R6=0xF7537E82 )
(    libInnoSecure.so[0xCBBCB000])[DC F8 00 60 ]0x00004764:	LDR.W	R6, [IP]	;(IP=0x100FFEF8 )
(    libInnoSecure.so[0xCBBCB000])[01 EB B3 63 ]0x00004768:	ADD.W	R3, R1, R3, ROR #26	;(R1=0xAF023503 R3=0xE3DDC241 )
(    libInnoSecure.so[0xCBBCB000])[1E 44       ]0x0000476C:	ADD	R6, R3	;(R6=0x15150430 R3=0xA672C57B )
(    libInnoSecure.so[0xCBBCB000])[CC F8 00 60 ]0x0000476E:	STR.W	R6, [IP]	;(R6=0xBB87C9AB IP=0x100FFEF8 )
(    libInnoSecure.so[0xCBBCB000])[05 9D       ]0x00004772:	LDR	R5, [SP, #0X14]	;(SP=0x100FFD18 )
(    libInnoSecure.so[0xCBBCB000])[63 EA 00 06 ]0x00004774:	ORN	R6, R3, R0	;(R3=0xA672C57B R0=0xCA4674F0 )
(    libInnoSecure.so[0xCBBCB000])[4E 40       ]0x00004778:	EORS	R6, R1	;(R6=0xB7FBCF7F R1=0xAF023503 )
(    libInnoSecure.so[0xCBBCB000])[50 44       ]0x0000477A:	ADD	R0, SL	;(R0=0xCA4674F0 SL=0x35353330 )
(    libInnoSecure.so[0xCBBCB000])[2A 44       ]0x0000477C:	ADD	R2, R5	;(R2=0x04245057 R5=0x61353230 )
(    libInnoSecure.so[0xCBBCB000])[32 44       ]0x0000477E:	ADD	R2, R6	;(R2=0x65598287 R6=0x18F9FA7C )
(    libInnoSecure.so[0xCBBCB000])[4F F2 35 26 ]0x00004780:	MOVW	R6, #0XF235
(    libInnoSecure.so[0xCBBCB000])[CB F6 3A 56 ]0x00004784:	MOVT	R6, #0XBD3A	;(R6=0x0000F235 )
(    libInnoSecure.so[0xCBBCB000])[32 44       ]0x00004788:	ADD	R2, R6	;(R2=0x7E537D03 R6=0xBD3AF235 )
(    libInnoSecure.so[0xCBBCB000])[DC E9 01 65 ]0x0000478A:	LDRD	R6, R5, [IP, #4]	;(IP=0x100FFEF8 )
(    libInnoSecure.so[0xCBBCB000])[DC F8 0C 40 ]0x0000478E:	LDR.W	R4, [IP, #0XC]	;(IP=0x100FFEF8 )
(    libInnoSecure.so[0xCBBCB000])[03 EB B2 52 ]0x00004792:	ADD.W	R2, R3, R2, ROR #22	;(R3=0xA672C57B R2=0x3B8E6F38 )
(    libInnoSecure.so[0xCBBCB000])[14 44       ]0x00004796:	ADD	R4, R2	;(R4=0x443391A1 R2=0xE02FA669 )
(    libInnoSecure.so[0xCBBCB000])[CC F8 0C 40 ]0x00004798:	STR.W	R4, [IP, #0XC]	;(R4=0x2463380A IP=0x100FFEF8 )
(    libInnoSecure.so[0xCBBCB000])[62 EA 01 04 ]0x0000479C:	ORN	R4, R2, R1	;(R2=0xE02FA669 R1=0xAF023503 )
(    libInnoSecure.so[0xCBBCB000])[5C 40       ]0x000047A0:	EORS	R4, R3	;(R4=0xF0FFEEFD R3=0xA672C57B )
(    libInnoSecure.so[0xCBBCB000])[20 44       ]0x000047A2:	ADD	R0, R4	;(R0=0xFF7BA820 R4=0x568D2B86 )
(    libInnoSecure.so[0xCBBCB000])[4D F2 BB 24 ]0x000047A4:	MOVW	R4, #0XD2BB
(    libInnoSecure.so[0xCBBCB000])[C2 F6 D7 24 ]0x000047A8:	MOVT	R4, #0X2AD7	;(R4=0x0000D2BB )
(    libInnoSecure.so[0xCBBCB000])[20 44       ]0x000047AC:	ADD	R0, R4	;(R0=0x5608D3A6 R4=0x2AD7D2BB )
(    libInnoSecure.so[0xCBBCB000])[02 EB 70 40 ]0x000047AE:	ADD.W	R0, R2, R0, ROR #17	;(R2=0xE02FA669 R0=0x80E0A661 )
(    libInnoSecure.so[0xCBBCB000])[05 44       ]0x000047B2:	ADD	R5, R0	;(R5=0x73BF9657 R0=0x336066D9 )
(    libInnoSecure.so[0xCBBCB000])[60 EA 03 03 ]0x000047B4:	ORN	R3, R0, R3	;(R0=0x336066D9 R3=0xA672C57B )
(    libInnoSecure.so[0xCBBCB000])[CC F8 08 50 ]0x000047B8:	STR.W	R5, [IP, #8]	;(R5=0xA71FFD30 IP=0x100FFEF8 )
(    libInnoSecure.so[0xCBBCB000])[5A 40       ]0x000047BC:	EORS	R2, R3	;(R2=0xE02FA669 R3=0x7BED7EDD )
(    libInnoSecure.so[0xCBBCB000])[10 9B       ]0x000047BE:	LDR	R3, [SP, #0X40]	;(SP=0x100FFD18 )
(    libInnoSecure.so[0xCBBCB000])[30 44       ]0x000047C0:	ADD	R0, R6	;(R0=0x336066D9 R6=0xF2A0B5EB )
(    libInnoSecure.so[0xCBBCB000])[19 44       ]0x000047C2:	ADD	R1, R3	;(R1=0xAF023503 R3=0x34303535 )
(    libInnoSecure.so[0xCBBCB000])[11 44       ]0x000047C4:	ADD	R1, R2	;(R1=0xE3326A38 R2=0x9BC2D8B4 )
(    libInnoSecure.so[0xCBBCB000])[4D F2 91 32 ]0x000047C6:	MOVW	R2, #0XD391
(    libInnoSecure.so[0xCBBCB000])[CE F6 86 32 ]0x000047CA:	MOVT	R2, #0XEB86	;(R2=0x0000D391 )
(    libInnoSecure.so[0xCBBCB000])[11 44       ]0x000047CE:	ADD	R1, R2	;(R1=0x7EF542EC R2=0xEB86D391 )
(    libInnoSecure.so[0xCBBCB000])[00 EB F1 20 ]0x000047D0:	ADD.W	R0, R0, R1, ROR #11	;(R0=0x26011CC4 R1=0x6A7C167D )
(    libInnoSecure.so[0xCBBCB000])[CC F8 04 00 ]0x000047D4:	STR.W	R0, [IP, #4]	;(R0=0xF5AE6C46 IP=0x100FFEF8 )
(    libInnoSecure.so[0xCBBCB000])[07 48       ]0x000047D8:	LDR	R0, [PC, #0X1C]	;(PC=0xCBBCF7D8 )
(    libInnoSecure.so[0xCBBCB000])[52 99       ]0x000047DA:	LDR	R1, [SP, #0X148]	;(SP=0x100FFD18 )
(    libInnoSecure.so[0xCBBCB000])[78 44       ]0x000047DC:	ADD	R0, PC	;(R0=0x000056C0 PC=0xCBBCF7DC )
(    libInnoSecure.so[0xCBBCB000])[00 68       ]0x000047DE:	LDR	R0, [R0]	;(R0=0xCBBD4EA0 )
(    libInnoSecure.so[0xCBBCB000])[00 68       ]0x000047E0:	LDR	R0, [R0]	;(R0=0xCBC29384 )
(    libInnoSecure.so[0xCBBCB000])[40 1A       ]0x000047E2:	SUBS	R0, R0, R1	;(R0=0x00000000 R1=0x00000000 )
(    libInnoSecure.so[0xCBBCB000])[02 BF       ]0x000047E4:	ITTT	EQ
(    libInnoSecure.so[0xCBBCB000])[53 B0       ]0x000047E6:	ADD	SP, #0X14C	;(SP=0x100FFD18 )
(    libInnoSecure.so[0xCBBCB000])[BD E8 00 0F ]0x000047E8:	POP.W	{R8, SB, SL, FP}	;(SP=0x100FFE64 )
(    libInnoSecure.so[0xCBBCB000])[F0 BD       ]0x000047EC:	POP	{R4, R5, R6, R7, PC}	;(SP=0x100FFE74 )
(    libInnoSecure.so[0xCBBCB000])[05 F1 80 00 ]0x0000402E:	ADD.W	R0, R5, #0X80	;(R5=0x00000080 )
(    libInnoSecure.so[0xCBBCB000])[40 35       ]0x00004032:	ADDS	R5, #0X40	;(R5=0x00000080 )
(    libInnoSecure.so[0xCBBCB000])[A0 42       ]0x00004034:	CMP	R0, R4	;(R0=0x00000100 R4=0x0000043E )
(    libInnoSecure.so[0xCBBCB000])[F5 D9       ]0x00004036:	BLS	#0XCBBCF024
(    libInnoSecure.so[0xCBBCB000])[09 EB 05 01 ]0x00004024:	ADD.W	R1, SB, R5	;(SB=0x30043020 R5=0x000000C0 )
(    libInnoSecure.so[0xCBBCB000])[30 46       ]0x00004028:	MOV	R0, R6	;(R6=0x100FFEF8 )
(    libInnoSecure.so[0xCBBCB000])[00 F0 11 F8 ]0x0000402A:	BL	#0XCBBCF050	;(PC=0xCBBCF02A )
(    libInnoSecure.so[0xCBBCB000])[F0 B5       ]0x00004050:	PUSH	{R4, R5, R6, R7, LR}	;(SP=0x100FFE88 R4=0x0000043E R5=0x000000C0 R6=0x100FFEF8 R7=0x100FFEA0 LR=0xCBBCF02F )
(    libInnoSecure.so[0xCBBCB000])[03 AF       ]0x00004052:	ADD	R7, SP, #0XC	;(SP=0x100FFE74 )
(    libInnoSecure.so[0xCBBCB000])[2D E9 00 0F ]0x00004054:	PUSH.W	{R8, SB, SL, FP}	;(SP=0x100FFE74 R8=0x100FFEF0 SB=0x30043020 SL=0x100FFF08 FP=0x00000007 )
(    libInnoSecure.so[0xCBBCB000])[D3 B0       ]0x00004058:	SUB	SP, #0X14C	;(SP=0x100FFE64 )
(    libInnoSecure.so[0xCBBCB000])[DF F8 98 27 ]0x0000405A:	LDR.W	R2, [PC, #0X798]	;(PC=0xCBBCF05A )
(    libInnoSecure.so[0xCBBCB000])[12 AC       ]0x0000405E:	ADD	R4, SP, #0X48	;(SP=0x100FFD18 )
(    libInnoSecure.so[0xCBBCB000])[00 25       ]0x00004060:	MOVS	R5, #0
(    libInnoSecure.so[0xCBBCB000])[7A 44       ]0x00004062:	ADD	R2, PC	;(R2=0x00005E3A PC=0xCBBCF062 )
(    libInnoSecure.so[0xCBBCB000])[12 68       ]0x00004064:	LDR	R2, [R2]	;(R2=0xCBBD4EA0 )
(    libInnoSecure.so[0xCBBCB000])[12 68       ]0x00004066:	LDR	R2, [R2]	;(R2=0xCBC29384 )
(    libInnoSecure.so[0xCBBCB000])[52 92       ]0x00004068:	STR	R2, [SP, #0X148]	;(R2=0x00000000 SP=0x100FFD18 )
(    libInnoSecure.so[0xCBBCB000])[D0 E9 00 C2 ]0x0000406A:	LDRD	IP, R2, [R0]	;(R0=0x100FFEF8 )
(    libInnoSecure.so[0xCBBCB000])[D0 F8 08 E0 ]0x0000406E:	LDR.W	LR, [R0, #8]	;(R0=0x100FFEF8 )
(    libInnoSecure.so[0xCBBCB000])[07 90       ]0x00004072:	STR	R0, [SP, #0X1C]	;(R0=0x100FFEF8 SP=0x100FFD18 )
(    libInnoSecure.so[0xCBBCB000])[C0 68       ]0x00004074:	LDR	R0, [R0, #0XC]	;(R0=0x100FFEF8 )
(    libInnoSecure.so[0xCBBCB000])[4E 59       ]0x00004076:	LDR	R6, [R1, R5]	;(R1=0x300430E0 R5=0x00000000 )
(    libInnoSecure.so[0xCBBCB000])[66 51       ]0x00004078:	STR	R6, [R4, R5]	;(R6=0x62303430 R4=0x100FFD60 R5=0x00000000 )
(    libInnoSecure.so[0xCBBCB000])[04 35       ]0x0000407A:	ADDS	R5, #4	;(R5=0x00000000 )
(    libInnoSecure.so[0xCBBCB000])[40 2D       ]0x0000407C:	CMP	R5, #0X40	;(R5=0x00000004 )
(    libInnoSecure.so[0xCBBCB000])[FA D1       ]0x0000407E:	BNE	#0XCBBCF076
(    libInnoSecure.so[0xCBBCB000])[4E 59       ]0x00004076:	LDR	R6, [R1, R5]	;(R1=0x300430E0 R5=0x00000004 )
(    libInnoSecure.so[0xCBBCB000])[66 51       ]0x00004078:	STR	R6, [R4, R5]	;(R6=0x32303331 R4=0x100FFD60 R5=0x00000004 )
(    libInnoSecure.so[0xCBBCB000])[04 35       ]0x0000407A:	ADDS	R5, #4	;(R5=0x00000004 )
(    libInnoSecure.so[0xCBBCB000])[40 2D       ]0x0000407C:	CMP	R5, #0X40	;(R5=0x00000008 )
(    libInnoSecure.so[0xCBBCB000])[FA D1       ]0x0000407E:	BNE	#0XCBBCF076
(    libInnoSecure.so[0xCBBCB000])[4E 59       ]0x00004076:	LDR	R6, [R1, R5]	;(R1=0x300430E0 R5=0x00000008 )
(    libInnoSecure.so[0xCBBCB000])[66 51       ]0x00004078:	STR	R6, [R4, R5]	;(R6=0x65343334 R4=0x100FFD60 R5=0x00000008 )
(    libInnoSecure.so[0xCBBCB000])[04 35       ]0x0000407A:	ADDS	R5, #4	;(R5=0x00000008 )
(    libInnoSecure.so[0xCBBCB000])[40 2D       ]0x0000407C:	CMP	R5, #0X40	;(R5=0x0000000C )
(    libInnoSecure.so[0xCBBCB000])[FA D1       ]0x0000407E:	BNE	#0XCBBCF076
(    libInnoSecure.so[0xCBBCB000])[4E 59       ]0x00004076:	LDR	R6, [R1, R5]	;(R1=0x300430E0 R5=0x0000000C )
(    libInnoSecure.so[0xCBBCB000])[66 51       ]0x00004078:	STR	R6, [R4, R5]	;(R6=0x65303133 R4=0x100FFD60 R5=0x0000000C )
(    libInnoSecure.so[0xCBBCB000])[04 35       ]0x0000407A:	ADDS	R5, #4	;(R5=0x0000000C )
(    libInnoSecure.so[0xCBBCB000])[40 2D       ]0x0000407C:	CMP	R5, #0X40	;(R5=0x00000010 )
(    libInnoSecure.so[0xCBBCB000])[FA D1       ]0x0000407E:	BNE	#0XCBBCF076
(    libInnoSecure.so[0xCBBCB000])[4E 59       ]0x00004076:	LDR	R6, [R1, R5]	;(R1=0x300430E0 R5=0x00000010 )
(    libInnoSecure.so[0xCBBCB000])[66 51       ]0x00004078:	STR	R6, [R4, R5]	;(R6=0x63303033 R4=0x100FFD60 R5=0x00000010 )
(    libInnoSecure.so[0xCBBCB000])[04 35       ]0x0000407A:	ADDS	R5, #4	;(R5=0x00000010 )
(    libInnoSecure.so[0xCBBCB000])[40 2D       ]0x0000407C:	CMP	R5, #0X40	;(R5=0x00000014 )
(    libInnoSecure.so[0xCBBCB000])[FA D1       ]0x0000407E:	BNE	#0XCBBCF076
(    libInnoSecure.so[0xCBBCB000])[4E 59       ]0x00004076:	LDR	R6, [R1, R5]	;(R1=0x300430E0 R5=0x00000014 )
(    libInnoSecure.so[0xCBBCB000])[66 51       ]0x00004078:	STR	R6, [R4, R5]	;(R6=0x33303630 R4=0x100FFD60 R5=0x00000014 )
(    libInnoSecure.so[0xCBBCB000])[04 35       ]0x0000407A:	ADDS	R5, #4	;(R5=0x00000014 )
(    libInnoSecure.so[0xCBBCB000])[40 2D       ]0x0000407C:	CMP	R5, #0X40	;(R5=0x00000018 )
(    libInnoSecure.so[0xCBBCB000])[FA D1       ]0x0000407E:	BNE	#0XCBBCF076
(    libInnoSecure.so[0xCBBCB000])[4E 59       ]0x00004076:	LDR	R6, [R1, R5]	;(R1=0x300430E0 R5=0x00000018 )
(    libInnoSecure.so[0xCBBCB000])[66 51       ]0x00004078:	STR	R6, [R4, R5]	;(R6=0x34303535 R4=0x100FFD60 R5=0x00000018 )
(    libInnoSecure.so[0xCBBCB000])[04 35       ]0x0000407A:	ADDS	R5, #4	;(R5=0x00000018 )
(    libInnoSecure.so[0xCBBCB000])[40 2D       ]0x0000407C:	CMP	R5, #0X40	;(R5=0x0000001C )
(    libInnoSecure.so[0xCBBCB000])[FA D1       ]0x0000407E:	BNE	#0XCBBCF076
(    libInnoSecure.so[0xCBBCB000])[4E 59       ]0x00004076:	LDR	R6, [R1, R5]	;(R1=0x300430E0 R5=0x0000001C )
(    libInnoSecure.so[0xCBBCB000])[66 51       ]0x00004078:	STR	R6, [R4, R5]	;(R6=0x33313330 R4=0x100FFD60 R5=0x0000001C )
(    libInnoSecure.so[0xCBBCB000])[04 35       ]0x0000407A:	ADDS	R5, #4	;(R5=0x0000001C )
(    libInnoSecure.so[0xCBBCB000])[40 2D       ]0x0000407C:	CMP	R5, #0X40	;(R5=0x00000020 )
(    libInnoSecure.so[0xCBBCB000])[FA D1       ]0x0000407E:	BNE	#0XCBBCF076
(    libInnoSecure.so[0xCBBCB000])[4E 59       ]0x00004076:	LDR	R6, [R1, R5]	;(R1=0x300430E0 R5=0x00000020 )
(    libInnoSecure.so[0xCBBCB000])[66 51       ]0x00004078:	STR	R6, [R4, R5]	;(R6=0x31353530 R4=0x100FFD60 R5=0x00000020 )
(    libInnoSecure.so[0xCBBCB000])[04 35       ]0x0000407A:	ADDS	R5, #4	;(R5=0x00000020 )
(    libInnoSecure.so[0xCBBCB000])[40 2D       ]0x0000407C:	CMP	R5, #0X40	;(R5=0x00000024 )
(    libInnoSecure.so[0xCBBCB000])[FA D1       ]0x0000407E:	BNE	#0XCBBCF076
(    libInnoSecure.so[0xCBBCB000])[4E 59       ]0x00004076:	LDR	R6, [R1, R5]	;(R1=0x300430E0 R5=0x00000024 )
(    libInnoSecure.so[0xCBBCB000])[66 51       ]0x00004078:	STR	R6, [R4, R5]	;(R6=0x62343537 R4=0x100FFD60 R5=0x00000024 )
(    libInnoSecure.so[0xCBBCB000])[04 35       ]0x0000407A:	ADDS	R5, #4	;(R5=0x00000024 )
(    libInnoSecure.so[0xCBBCB000])[40 2D       ]0x0000407C:	CMP	R5, #0X40	;(R5=0x00000028 )
(    libInnoSecure.so[0xCBBCB000])[FA D1       ]0x0000407E:	BNE	#0XCBBCF076
(    libInnoSecure.so[0xCBBCB000])[4E 59       ]0x00004076:	LDR	R6, [R1, R5]	;(R1=0x300430E0 R5=0x00000028 )
(    libInnoSecure.so[0xCBBCB000])[66 51       ]0x00004078:	STR	R6, [R4, R5]	;(R6=0x65363136 R4=0x100FFD60 R5=0x00000028 )
(    libInnoSecure.so[0xCBBCB000])[04 35       ]0x0000407A:	ADDS	R5, #4	;(R5=0x00000028 )
(    libInnoSecure.so[0xCBBCB000])[40 2D       ]0x0000407C:	CMP	R5, #0X40	;(R5=0x0000002C )
(    libInnoSecure.so[0xCBBCB000])[FA D1       ]0x0000407E:	BNE	#0XCBBCF076
(    libInnoSecure.so[0xCBBCB000])[4E 59       ]0x00004076:	LDR	R6, [R1, R5]	;(R1=0x300430E0 R5=0x0000002C )
(    libInnoSecure.so[0xCBBCB000])[66 51       ]0x00004078:	STR	R6, [R4, R5]	;(R6=0x65313033 R4=0x100FFD60 R5=0x0000002C )
(    libInnoSecure.so[0xCBBCB000])[04 35       ]0x0000407A:	ADDS	R5, #4	;(R5=0x0000002C )
(    libInnoSecure.so[0xCBBCB000])[40 2D       ]0x0000407C:	CMP	R5, #0X40	;(R5=0x00000030 )
(    libInnoSecure.so[0xCBBCB000])[FA D1       ]0x0000407E:	BNE	#0XCBBCF076
(    libInnoSecure.so[0xCBBCB000])[4E 59       ]0x00004076:	LDR	R6, [R1, R5]	;(R1=0x300430E0 R5=0x00000030 )
(    libInnoSecure.so[0xCBBCB000])[66 51       ]0x00004078:	STR	R6, [R4, R5]	;(R6=0x64303731 R4=0x100FFD60 R5=0x00000030 )
(    libInnoSecure.so[0xCBBCB000])[04 35       ]0x0000407A:	ADDS	R5, #4	;(R5=0x00000030 )
(    libInnoSecure.so[0xCBBCB000])[40 2D       ]0x0000407C:	CMP	R5, #0X40	;(R5=0x00000034 )
(    libInnoSecure.so[0xCBBCB000])[FA D1       ]0x0000407E:	BNE	#0XCBBCF076
(    libInnoSecure.so[0xCBBCB000])[4E 59       ]0x00004076:	LDR	R6, [R1, R5]	;(R1=0x300430E0 R5=0x00000034 )
(    libInnoSecure.so[0xCBBCB000])[66 51       ]0x00004078:	STR	R6, [R4, R5]	;(R6=0x36333133 R4=0x100FFD60 R5=0x00000034 )
(    libInnoSecure.so[0xCBBCB000])[04 35       ]0x0000407A:	ADDS	R5, #4	;(R5=0x00000034 )
(    libInnoSecure.so[0xCBBCB000])[40 2D       ]0x0000407C:	CMP	R5, #0X40	;(R5=0x00000038 )
(    libInnoSecure.so[0xCBBCB000])[FA D1       ]0x0000407E:	BNE	#0XCBBCF076
(    libInnoSecure.so[0xCBBCB000])[4E 59       ]0x00004076:	LDR	R6, [R1, R5]	;(R1=0x300430E0 R5=0x00000038 )
(    libInnoSecure.so[0xCBBCB000])[66 51       ]0x00004078:	STR	R6, [R4, R5]	;(R6=0x35333033 R4=0x100FFD60 R5=0x00000038 )
(    libInnoSecure.so[0xCBBCB000])[04 35       ]0x0000407A:	ADDS	R5, #4	;(R5=0x00000038 )
(    libInnoSecure.so[0xCBBCB000])[40 2D       ]0x0000407C:	CMP	R5, #0X40	;(R5=0x0000003C )
(    libInnoSecure.so[0xCBBCB000])[FA D1       ]0x0000407E:	BNE	#0XCBBCF076
(    libInnoSecure.so[0xCBBCB000])[4E 59       ]0x00004076:	LDR	R6, [R1, R5]	;(R1=0x300430E0 R5=0x0000003C )
(    libInnoSecure.so[0xCBBCB000])[66 51       ]0x00004078:	STR	R6, [R4, R5]	;(R6=0x30333333 R4=0x100FFD60 R5=0x0000003C )
(    libInnoSecure.so[0xCBBCB000])[04 35       ]0x0000407A:	ADDS	R5, #4	;(R5=0x0000003C )
(    libInnoSecure.so[0xCBBCB000])[40 2D       ]0x0000407C:	CMP	R5, #0X40	;(R5=0x00000040 )
(    libInnoSecure.so[0xCBBCB000])[FA D1       ]0x0000407E:	BNE	#0XCBBCF076
(    libInnoSecure.so[0xCBBCB000])[0E EA 02 01 ]0x00004080:	AND.W	R1, LR, R2	;(LR=0xA71FFD30 R2=0xF5AE6C46 )
(    libInnoSecure.so[0xCBBCB000])[20 EA 02 06 ]0x00004084:	BIC.W	R6, R0, R2	;(R0=0x2463380A R2=0xF5AE6C46 )
(    libInnoSecure.so[0xCBBCB000])[31 43       ]0x00004088:	ORRS	R1, R6	;(R1=0xA50E6C00 R6=0x00411008 )
(    libInnoSecure.so[0xCBBCB000])[12 9D       ]0x0000408A:	LDR	R5, [SP, #0X48]	;(SP=0x100FFD18 )
(    libInnoSecure.so[0xCBBCB000])[61 44       ]0x0000408C:	ADD	R1, IP	;(R1=0xA54F7C08 IP=0xBB87C9AB )
(    libInnoSecure.so[0xCBBCB000])[4A F2 78 46 ]0x0000408E:	MOVW	R6, #0XA478
(    libInnoSecure.so[0xCBBCB000])[29 44       ]0x00004092:	ADD	R1, R5	;(R1=0x60D745B3 R5=0x62303430 )
(    libInnoSecure.so[0xCBBCB000])[CD F2 6A 76 ]0x00004094:	MOVT	R6, #0XD76A	;(R6=0x0000A478 )
(    libInnoSecure.so[0xCBBCB000])[31 44       ]0x00004098:	ADD	R1, R6	;(R1=0xC30779E3 R6=0xD76AA478 )
(    libInnoSecure.so[0xCBBCB000])[13 9B       ]0x0000409A:	LDR	R3, [SP, #0X4C]	;(SP=0x100FFD18 )
(    libInnoSecure.so[0xCBBCB000])[0E 95       ]0x0000409C:	STR	R5, [SP, #0X38]	;(R5=0x62303430 SP=0x100FFD18 )
(    libInnoSecure.so[0xCBBCB000])[02 EB 71 66 ]0x0000409E:	ADD.W	R6, R2, R1, ROR #25	;(R2=0xF5AE6C46 R1=0x9A721E5B )
(    libInnoSecure.so[0xCBBCB000])[18 44       ]0x000040A2:	ADD	R0, R3	;(R0=0x2463380A R3=0x32303331 )
(    libInnoSecure.so[0xCBBCB000])[2E EA 06 01 ]0x000040A4:	BIC.W	R1, LR, R6	;(LR=0xA71FFD30 R6=0x2EBD9A13 )
(    libInnoSecure.so[0xCBBCB000])[06 EA 02 05 ]0x000040A8:	AND.W	R5, R6, R2	;(R6=0x2EBD9A13 R2=0xF5AE6C46 )
(    libInnoSecure.so[0xCBBCB000])[29 43       ]0x000040AC:	ORRS	R1, R5	;(R1=0x81026520 R5=0x24AC0802 )
(    libInnoSecure.so[0xCBBCB000])[14 9C       ]0x000040AE:	LDR	R4, [SP, #0X50]	;(SP=0x100FFD18 )
(    libInnoSecure.so[0xCBBCB000])[08 44       ]0x000040B0:	ADD	R0, R1	;(R0=0x56936B3B R1=0xA5AE6D22 )
(    libInnoSecure.so[0xCBBCB000])[4B F2 56 71 ]0x000040B2:	MOVW	R1, #0XB756
(    libInnoSecure.so[0xCBBCB000])[CE F6 C7 01 ]0x000040B6:	MOVT	R1, #0XE8C7	;(R1=0x0000B756 )
(    libInnoSecure.so[0xCBBCB000])[08 44       ]0x000040BA:	ADD	R0, R1	;(R0=0xFC41D85D R1=0xE8C7B756 )
(    libInnoSecure.so[0xCBBCB000])[DD F8 54 C0 ]0x000040BC:	LDR.W	IP, [SP, #0X54]	;(SP=0x100FFD18 )
(    libInnoSecure.so[0xCBBCB000])[06 EB 30 55 ]0x000040C0:	ADD.W	R5, R6, R0, ROR #20	;(R6=0x2EBD9A13 R0=0xE5098FB3 )
(    libInnoSecure.so[0xCBBCB000])[11 93       ]0x000040C4:	STR	R3, [SP, #0X44]	;(R3=0x32303331 SP=0x100FFD18 )
(    libInnoSecure.so[0xCBBCB000])[22 EA 05 00 ]0x000040C6:	BIC.W	R0, R2, R5	;(R2=0xF5AE6C46 R5=0xC7B8D863 )
(    libInnoSecure.so[0xCBBCB000])[05 EA 06 01 ]0x000040CA:	AND.W	R1, R5, R6	;(R5=0xC7B8D863 R6=0x2EBD9A13 )
(    libInnoSecure.so[0xCBBCB000])[08 43       ]0x000040CE:	ORRS	R0, R1	;(R0=0x30062404 R1=0x06B89803 )
(    libInnoSecure.so[0xCBBCB000])[0E EB 04 01 ]0x000040D0:	ADD.W	R1, LR, R4	;(LR=0xA71FFD30 R4=0x65343334 )
(    libInnoSecure.so[0xCBBCB000])[08 44       ]0x000040D4:	ADD	R0, R1	;(R0=0x36BEBC07 R1=0x0C543064 )
(    libInnoSecure.so[0xCBBCB000])[47 F2 DB 01 ]0x000040D6:	MOVW	R1, #0X70DB
(    libInnoSecure.so[0xCBBCB000])[C2 F2 20 41 ]0x000040DA:	MOVT	R1, #0X2420	;(R1=0x000070DB )
(    libInnoSecure.so[0xCBBCB000])[08 44       ]0x000040DE:	ADD	R0, R1	;(R0=0x4312EC6B R1=0x242070DB )
(    libInnoSecure.so[0xCBBCB000])[62 44       ]0x000040E0:	ADD	R2, IP	;(R2=0xF5AE6C46 IP=0x65303133 )
(    libInnoSecure.so[0xCBBCB000])[CD F8 3C C0 ]0x000040E2:	STR.W	IP, [SP, #0X3C]	;(IP=0x65303133 SP=0x100FFD18 )
(    libInnoSecure.so[0xCBBCB000])[05 EB F0 30 ]0x000040E6:	ADD.W	R0, R5, R0, ROR #15	;(R5=0xC7B8D863 R0=0x67335D46 )
(    libInnoSecure.so[0xCBBCB000])[DD F8 60 C0 ]0x000040EA:	LDR.W	IP, [SP, #0X60]	;(SP=0x100FFD18 )
(    libInnoSecure.so[0xCBBCB000])[26 EA 00 01 ]0x000040EE:	BIC.W	R1, R6, R0	;(R6=0x2EBD9A13 R0=0x8245A6C9 )
(    libInnoSecure.so[0xCBBCB000])[00 EA 05 03 ]0x000040F2:	AND.W	R3, R0, R5	;(R0=0x8245A6C9 R5=0xC7B8D863 )
(    libInnoSecure.so[0xCBBCB000])[19 43       ]0x000040F6:	ORRS	R1, R3	;(R1=0x2CB81812 R3=0x82008041 )
(    libInnoSecure.so[0xCBBCB000])[0C 94       ]0x000040F8:	STR	R4, [SP, #0X30]	;(R4=0x65343334 SP=0x100FFD18 )
(    libInnoSecure.so[0xCBBCB000])[11 44       ]0x000040FA:	ADD	R1, R2	;(R1=0xAEB89853 R2=0x5ADE9D79 )
(    libInnoSecure.so[0xCBBCB000])[4C F6 EE 62 ]0x000040FC:	MOVW	R2, #0XCEEE
(    libInnoSecure.so[0xCBBCB000])[CC F2 BD 12 ]0x00004100:	MOVT	R2, #0XC1BD	;(R2=0x0000CEEE )
(    libInnoSecure.so[0xCBBCB000])[11 44       ]0x00004104:	ADD	R1, R2	;(R1=0x099735CC R2=0xC1BDCEEE )
(    libInnoSecure.so[0xCBBCB000])[DD F8 74 90 ]0x00004106:	LDR.W	SB, [SP, #0X74]	;(SP=0x100FFD18 )
(    libInnoSecure.so[0xCBBCB000])[00 EB B1 21 ]0x0000410A:	ADD.W	R1, R0, R1, ROR #10	;(R0=0x8245A6C9 R1=0xCB5504BA )
(    libInnoSecure.so[0xCBBCB000])[CD F8 18 C0 ]0x0000410E:	STR.W	IP, [SP, #0X18]	;(IP=0x34303535 SP=0x100FFD18 )
(    libInnoSecure.so[0xCBBCB000])[25 EA 01 02 ]0x00004112:	BIC.W	R2, R5, R1	;(R5=0xC7B8D863 R1=0xB0F87C0A )
(    libInnoSecure.so[0xCBBCB000])[01 EA 00 03 ]0x00004116:	AND.W	R3, R1, R0	;(R1=0xB0F87C0A R0=0x8245A6C9 )
(    libInnoSecure.so[0xCBBCB000])[1A 43       ]0x0000411A:	ORRS	R2, R3	;(R2=0x47008061 R3=0x80402408 )
(    libInnoSecure.so[0xCBBCB000])[16 9B       ]0x0000411C:	LDR	R3, [SP, #0X58]	;(SP=0x100FFD18 )
(    libInnoSecure.so[0xCBBCB000])[0B 93       ]0x0000411E:	STR	R3, [SP, #0X2C]	;(R3=0x63303033 SP=0x100FFD18 )
(    libInnoSecure.so[0xCBBCB000])[33 44       ]0x00004120:	ADD	R3, R6	;(R3=0x63303033 R6=0x2EBD9A13 )
(    libInnoSecure.so[0xCBBCB000])[1A 44       ]0x00004122:	ADD	R2, R3	;(R2=0xC740A469 R3=0x91EDCA46 )
(    libInnoSecure.so[0xCBBCB000])[40 F6 AF 73 ]0x00004124:	MOVW	R3, #0XFAF
(    libInnoSecure.so[0xCBBCB000])[CF F2 7C 53 ]0x00004128:	MOVT	R3, #0XF57C	;(R3=0x00000FAF )
(    libInnoSecure.so[0xCBBCB000])[1A 44       ]0x0000412C:	ADD	R2, R3	;(R2=0x592E6EAF R3=0xF57C0FAF )
(    libInnoSecure.so[0xCBBCB000])[01 EB 72 62 ]0x0000412E:	ADD.W	R2, R1, R2, ROR #25	;(R1=0xB0F87C0A R2=0x4EAA7E5E )
(    libInnoSecure.so[0xCBBCB000])[20 EA 02 03 ]0x00004132:	BIC.W	R3, R0, R2	;(R0=0x8245A6C9 R2=0x0637AB31 )
(    libInnoSecure.so[0xCBBCB000])[02 EA 01 06 ]0x00004136:	AND.W	R6, R2, R1	;(R2=0x0637AB31 R1=0xB0F87C0A )
(    libInnoSecure.so[0xCBBCB000])[33 43       ]0x0000413A:	ORRS	R3, R6	;(R3=0x804004C8 R6=0x00302800 )
(    libInnoSecure.so[0xCBBCB000])[17 9E       ]0x0000413C:	LDR	R6, [SP, #0X5C]	;(SP=0x100FFD18 )
(    libInnoSecure.so[0xCBBCB000])[60 44       ]0x0000413E:	ADD	R0, IP	;(R0=0x8245A6C9 IP=0x34303535 )
(    libInnoSecure.so[0xCBBCB000])[09 96       ]0x00004140:	STR	R6, [SP, #0X24]	;(R6=0x33303630 SP=0x100FFD18 )
(    libInnoSecure.so[0xCBBCB000])[35 44       ]0x00004142:	ADD	R5, R6	;(R5=0xC7B8D863 R6=0x33303630 )
(    libInnoSecure.so[0xCBBCB000])[1C 9E       ]0x00004144:	LDR	R6, [SP, #0X70]	;(SP=0x100FFD18 )
(    libInnoSecure.so[0xCBBCB000])[2B 44       ]0x00004146:	ADD	R3, R5	;(R3=0x80702CC8 R5=0xFAE90E93 )
(    libInnoSecure.so[0xCBBCB000])[4C F2 2A 65 ]0x00004148:	MOVW	R5, #0XC62A
(    libInnoSecure.so[0xCBBCB000])[C4 F2 87 75 ]0x0000414C:	MOVT	R5, #0X4787	;(R5=0x0000C62A )
(    libInnoSecure.so[0xCBBCB000])[2B 44       ]0x00004150:	ADD	R3, R5	;(R3=0x7B593B5B R5=0x4787C62A )
(    libInnoSecure.so[0xCBBCB000])[B0 46       ]0x00004152:	MOV	R8, R6	;(R6=0x65363136 )
(    libInnoSecure.so[0xCBBCB000])[02 EB 33 53 ]0x00004154:	ADD.W	R3, R2, R3, ROR #20	;(R2=0x0637AB31 R3=0xC2E10185 )
(    libInnoSecure.so[0xCBBCB000])[CD F8 08 80 ]0x00004158:	STR.W	R8, [SP, #8]	;(R8=0x65363136 SP=0x100FFD18 )
(    libInnoSecure.so[0xCBBCB000])[21 EA 03 05 ]0x0000415C:	BIC.W	R5, R1, R3	;(R1=0xB0F87C0A R3=0x1650075F )
(    libInnoSecure.so[0xCBBCB000])[03 EA 02 04 ]0x00004160:	AND.W	R4, R3, R2	;(R3=0x1650075F R2=0x0637AB31 )
(    libInnoSecure.so[0xCBBCB000])[25 43       ]0x00004164:	ORRS	R5, R4	;(R5=0xA0A87800 R4=0x06100311 )
(    libInnoSecure.so[0xCBBCB000])[19 9C       ]0x00004166:	LDR	R4, [SP, #0X64]	;(SP=0x100FFD18 )
(    libInnoSecure.so[0xCBBCB000])[28 44       ]0x00004168:	ADD	R0, R5	;(R0=0xB675DBFE R5=0xA6B87B11 )
(    libInnoSecure.so[0xCBBCB000])[44 F2 13 65 ]0x0000416A:	MOVW	R5, #0X4613
(    libInnoSecure.so[0xCBBCB000])[CA F6 30 05 ]0x0000416E:	MOVT	R5, #0XA830	;(R5=0x00004613 )
(    libInnoSecure.so[0xCBBCB000])[28 44       ]0x00004172:	ADD	R0, R5	;(R0=0x5D2E570F R5=0xA8304613 )
(    libInnoSecure.so[0xCBBCB000])[21 44       ]0x00004174:	ADD	R1, R4	;(R1=0xB0F87C0A R4=0x33313330 )
(    libInnoSecure.so[0xCBBCB000])[04 94       ]0x00004176:	STR	R4, [SP, #0X10]	;(R4=0x33313330 SP=0x100FFD18 )
(    libInnoSecure.so[0xCBBCB000])[03 EB F0 3E ]0x00004178:	ADD.W	LR, R3, R0, ROR #15	;(R3=0x1650075F R0=0x055E9D22 )
(    libInnoSecure.so[0xCBBCB000])[22 EA 0E 00 ]0x0000417C:	BIC.W	R0, R2, LR	;(R2=0x0637AB31 LR=0x5094121C )
(    libInnoSecure.so[0xCBBCB000])[0E EA 03 05 ]0x00004180:	AND.W	R5, LR, R3	;(LR=0x5094121C R3=0x1650075F )
(    libInnoSecure.so[0xCBBCB000])[28 43       ]0x00004184:	ORRS	R0, R5	;(R0=0x0623A921 R5=0x1010021C )
(    libInnoSecure.so[0xCBBCB000])[06 EB 0E 05 ]0x00004186:	ADD.W	R5, R6, LR	;(R6=0x65363136 LR=0x5094121C )
(    libInnoSecure.so[0xCBBCB000])[08 44       ]0x0000418A:	ADD	R0, R1	;(R0=0x1633AB3D R1=0xE429AF3A )
(    libInnoSecure.so[0xCBBCB000])[49 F2 01 51 ]0x0000418C:	MOVW	R1, #0X9501
(    libInnoSecure.so[0xCBBCB000])[CF F6 46 51 ]0x00004190:	MOVT	R1, #0XFD46	;(R1=0x00009501 )
(    libInnoSecure.so[0xCBBCB000])[08 44       ]0x00004194:	ADD	R0, R1	;(R0=0xFA5D5A77 R1=0xFD469501 )
(    libInnoSecure.so[0xCBBCB000])[0E EB B0 21 ]0x00004196:	ADD.W	R1, LR, R0, ROR #10	;(LR=0x5094121C R0=0xF7A3EF78 )
(    libInnoSecure.so[0xCBBCB000])[23 EA 01 00 ]0x0000419A:	BIC.W	R0, R3, R1	;(R3=0x1650075F R1=0x2ED1FB17 )
(    libInnoSecure.so[0xCBBCB000])[01 EA 0E 04 ]0x0000419E:	AND.W	R4, R1, LR	;(R1=0x2ED1FB17 LR=0x5094121C )
(    libInnoSecure.so[0xCBBCB000])[20 43       ]0x000041A2:	ORRS	R0, R4	;(R0=0x10000448 R4=0x00901214 )
(    libInnoSecure.so[0xCBBCB000])[1A 9C       ]0x000041A4:	LDR	R4, [SP, #0X68]	;(SP=0x100FFD18 )
(    libInnoSecure.so[0xCBBCB000])[0A 94       ]0x000041A6:	STR	R4, [SP, #0X28]	;(R4=0x31353530 SP=0x100FFD18 )
(    libInnoSecure.so[0xCBBCB000])[22 44       ]0x000041A8:	ADD	R2, R4	;(R2=0x0637AB31 R4=0x31353530 )
(    libInnoSecure.so[0xCBBCB000])[10 44       ]0x000041AA:	ADD	R0, R2	;(R0=0x1090165C R2=0x376CE061 )
(    libInnoSecure.so[0xCBBCB000])[49 F6 D8 02 ]0x000041AC:	MOVW	R2, #0X98D8
(    libInnoSecure.so[0xCBBCB000])[C6 F6 80 12 ]0x000041B0:	MOVT	R2, #0X6980	;(R2=0x000098D8 )
(    libInnoSecure.so[0xCBBCB000])[10 44       ]0x000041B4:	ADD	R0, R2	;(R0=0x47FCF6BD R2=0x698098D8 )
(    libInnoSecure.so[0xCBBCB000])[01 EB 70 60 ]0x000041B6:	ADD.W	R0, R1, R0, ROR #25	;(R1=0x2ED1FB17 R0=0xB17D8F95 )
(    libInnoSecure.so[0xCBBCB000])[2E EA 00 02 ]0x000041BA:	BIC.W	R2, LR, R0	;(LR=0x5094121C R0=0xED99C5EF )
(    libInnoSecure.so[0xCBBCB000])[00 EA 01 04 ]0x000041BE:	AND.W	R4, R0, R1	;(R0=0xED99C5EF R1=0x2ED1FB17 )
(    libInnoSecure.so[0xCBBCB000])[22 43       ]0x000041C2:	ORRS	R2, R4	;(R2=0x10041210 R4=0x2C91C107 )
(    libInnoSecure.so[0xCBBCB000])[1B 9C       ]0x000041C4:	LDR	R4, [SP, #0X6C]	;(SP=0x100FFD18 )
(    libInnoSecure.so[0xCBBCB000])[10 94       ]0x000041C6:	STR	R4, [SP, #0X40]	;(R4=0x62343537 SP=0x100FFD18 )
(    libInnoSecure.so[0xCBBCB000])[23 44       ]0x000041C8:	ADD	R3, R4	;(R3=0x1650075F R4=0x62343537 )
(    libInnoSecure.so[0xCBBCB000])[1A 44       ]0x000041CA:	ADD	R2, R3	;(R2=0x3C95D317 R3=0x78843C96 )
(    libInnoSecure.so[0xCBBCB000])[4F F2 AF 73 ]0x000041CC:	MOVW	R3, #0XF7AF
(    libInnoSecure.so[0xCBBCB000])[C8 F6 44 33 ]0x000041D0:	MOVT	R3, #0X8B44	;(R3=0x0000F7AF )
(    libInnoSecure.so[0xCBBCB000])[1A 44       ]0x000041D4:	ADD	R2, R3	;(R2=0xB51A0FAD R3=0x8B44F7AF )
(    libInnoSecure.so[0xCBBCB000])[00 EB 32 53 ]0x000041D6:	ADD.W	R3, R0, R2, ROR #20	;(R0=0xED99C5EF R2=0x405F075C )
(    libInnoSecure.so[0xCBBCB000])[21 EA 03 02 ]0x000041DA:	BIC.W	R2, R1, R3	;(R1=0x2ED1FB17 R3=0xDE0F89F4 )
(    libInnoSecure.so[0xCBBCB000])[03 EA 00 04 ]0x000041DE:	AND.W	R4, R3, R0	;(R3=0xDE0F89F4 R0=0xED99C5EF )
(    libInnoSecure.so[0xCBBCB000])[22 43       ]0x000041E2:	ORRS	R2, R4	;(R2=0x20D07203 R4=0xCC0981E4 )
(    libInnoSecure.so[0xCBBCB000])[49 44       ]0x000041E4:	ADD	R1, SB	;(R1=0x2ED1FB17 SB=0x65313033 )
(    libInnoSecure.so[0xCBBCB000])[2A 44       ]0x000041E6:	ADD	R2, R5	;(R2=0xECD9F3E7 R5=0xB5CA4352 )
(    libInnoSecure.so[0xCBBCB000])[4A F2 4F 45 ]0x000041E8:	MOVW	R5, #0XA44F
(    libInnoSecure.so[0xCBBCB000])[52 1B       ]0x000041EC:	SUBS	R2, R2, R5	;(R2=0xA2A43739 R5=0x0000A44F )
(    libInnoSecure.so[0xCBBCB000])[03 EB F2 3E ]0x000041EE:	ADD.W	LR, R3, R2, ROR #15	;(R3=0xDE0F89F4 R2=0xA2A392EA )
(    libInnoSecure.so[0xCBBCB000])[20 EA 0E 02 ]0x000041F2:	BIC.W	R2, R0, LR	;(R0=0xED99C5EF LR=0x03E4CF3B )
(    libInnoSecure.so[0xCBBCB000])[0E EA 03 05 ]0x000041F6:	AND.W	R5, LR, R3	;(LR=0x03E4CF3B R3=0xDE0F89F4 )
(    libInnoSecure.so[0xCBBCB000])[2A 43       ]0x000041FA:	ORRS	R2, R5	;(R2=0xEC1900C4 R5=0x02048930 )
(    libInnoSecure.so[0xCBBCB000])[11 44       ]0x000041FC:	ADD	R1, R2	;(R1=0x94032B4A R2=0xEE1D89F4 )
(    libInnoSecure.so[0xCBBCB000])[4D F2 BE 72 ]0x000041FE:	MOVW	R2, #0XD7BE
(    libInnoSecure.so[0xCBBCB000])[C8 F6 5C 12 ]0x00004202:	MOVT	R2, #0X895C	;(R2=0x0000D7BE )
(    libInnoSecure.so[0xCBBCB000])[11 44       ]0x00004206:	ADD	R1, R2	;(R1=0x8220B53E R2=0x895CD7BE )
(    libInnoSecure.so[0xCBBCB000])[0E EB B1 21 ]0x00004208:	ADD.W	R1, LR, R1, ROR #10	;(LR=0x03E4CF3B R1=0x0B7D8CFC )
(    libInnoSecure.so[0xCBBCB000])[23 EA 01 02 ]0x0000420C:	BIC.W	R2, R3, R1	;(R3=0xDE0F89F4 R1=0x42E7AE9E )
(    libInnoSecure.so[0xCBBCB000])[01 EA 0E 05 ]0x00004210:	AND.W	R5, R1, LR	;(R1=0x42E7AE9E LR=0x03E4CF3B )
(    libInnoSecure.so[0xCBBCB000])[15 43       ]0x00004214:	ORRS	R5, R2	;(R5=0x02E48E1A R2=0x9C080160 )
(    libInnoSecure.so[0xCBBCB000])[1E 9A       ]0x00004216:	LDR	R2, [SP, #0X78]	;(SP=0x100FFD18 )
(    libInnoSecure.so[0xCBBCB000])[0D 92       ]0x00004218:	STR	R2, [SP, #0X34]	;(R2=0x64303731 SP=0x100FFD18 )
(    libInnoSecure.so[0xCBBCB000])[10 44       ]0x0000421A:	ADD	R0, R2	;(R0=0xED99C5EF R2=0x64303731 )
(    libInnoSecure.so[0xCBBCB000])[1F 9A       ]0x0000421C:	LDR	R2, [SP, #0X7C]	;(SP=0x100FFD18 )
(    libInnoSecure.so[0xCBBCB000])[28 44       ]0x0000421E:	ADD	R0, R5	;(R0=0x51C9FD20 R5=0x9EEC8F7A )
(    libInnoSecure.so[0xCBBCB000])[41 F2 22 15 ]0x00004220:	MOVW	R5, #0X1122
(    libInnoSecure.so[0xCBBCB000])[C6 F6 90 35 ]0x00004224:	MOVT	R5, #0X6B90	;(R5=0x00001122 )
(    libInnoSecure.so[0xCBBCB000])[28 44       ]0x00004228:	ADD	R0, R5	;(R0=0xF0B68C9A R5=0x6B901122 )
(    libInnoSecure.so[0xCBBCB000])[13 44       ]0x0000422A:	ADD	R3, R2	;(R3=0xDE0F89F4 R2=0x36333133 )
(    libInnoSecure.so[0xCBBCB000])[08 92       ]0x0000422C:	STR	R2, [SP, #0X20]	;(R2=0x36333133 SP=0x100FFD18 )
(    libInnoSecure.so[0xCBBCB000])[01 EB 70 60 ]0x0000422E:	ADD.W	R0, R1, R0, ROR #25	;(R1=0x42E7AE9E R0=0x5C469DBC )
(    libInnoSecure.so[0xCBBCB000])[20 9A       ]0x00004232:	LDR	R2, [SP, #0X80]	;(SP=0x100FFD18 )
(    libInnoSecure.so[0xCBBCB000])[2E EA 00 05 ]0x00004234:	BIC.W	R5, LR, R0	;(LR=0x03E4CF3B R0=0x66368CCC )
(    libInnoSecure.so[0xCBBCB000])[00 EA 01 06 ]0x00004238:	AND.W	R6, R0, R1	;(R0=0x66368CCC R1=0x42E7AE9E )
(    libInnoSecure.so[0xCBBCB000])[2E 43       ]0x0000423C:	ORRS	R6, R5	;(R6=0x42268C8C R5=0x01C04333 )
(    libInnoSecure.so[0xCBBCB000])[02 EB 0E 05 ]0x0000423E:	ADD.W	R5, R2, LR	;(R2=0x35333033 LR=0x03E4CF3B )
(    libInnoSecure.so[0xCBBCB000])[33 44       ]0x00004242:	ADD	R3, R6	;(R3=0x1442BB27 R6=0x43E6CFBF )
(    libInnoSecure.so[0xCBBCB000])[47 F2 93 16 ]0x00004244:	MOVW	R6, #0X7193
(    libInnoSecure.so[0xCBBCB000])[CF F6 98 56 ]0x00004248:	MOVT	R6, #0XFD98	;(R6=0x00007193 )
(    libInnoSecure.so[0xCBBCB000])[33 44       ]0x0000424C:	ADD	R3, R6	;(R3=0x58298AE6 R6=0xFD987193 )
(    libInnoSecure.so[0xCBBCB000])[96 46       ]0x0000424E:	MOV	LR, R2	;(R2=0x35333033 )
(    libInnoSecure.so[0xCBBCB000])[21 9A       ]0x00004250:	LDR	R2, [SP, #0X84]	;(SP=0x100FFD18 )
(    libInnoSecure.so[0xCBBCB000])[00 EB 33 5A ]0x00004252:	ADD.W	SL, R0, R3, ROR #20	;(R0=0x66368CCC R3=0x55C1FC79 )
(    libInnoSecure.so[0xCBBCB000])[21 EA 0A 03 ]0x00004256:	BIC.W	R3, R1, SL	;(R1=0x42E7AE9E SL=0x85FE2228 )
(    libInnoSecure.so[0xCBBCB000])[0A EA 00 06 ]0x0000425A:	AND.W	R6, SL, R0	;(SL=0x85FE2228 R0=0x66368CCC )
(    libInnoSecure.so[0xCBBCB000])[1E 43       ]0x0000425E:	ORRS	R6, R3	;(R6=0x04360008 R3=0x42018C96 )
(    libInnoSecure.so[0xCBBCB000])[11 44       ]0x00004260:	ADD	R1, R2	;(R1=0x42E7AE9E R2=0x30333333 )
(    libInnoSecure.so[0xCBBCB000])[2E 44       ]0x00004262:	ADD	R6, R5	;(R6=0x46378C9E R5=0x3917FF6E )
(    libInnoSecure.so[0xCBBCB000])[44 F2 8E 35 ]0x00004264:	MOVW	R5, #0X438E
(    libInnoSecure.so[0xCBBCB000])[CA F2 79 65 ]0x00004268:	MOVT	R5, #0XA679	;(R5=0x0000438E )
(    libInnoSecure.so[0xCBBCB000])[2E 44       ]0x0000426C:	ADD	R6, R5	;(R6=0x7F4F8C0C R5=0xA679438E )
(    libInnoSecure.so[0xCBBCB000])[13 46       ]0x0000426E:	MOV	R3, R2	;(R2=0x30333333 )
(    libInnoSecure.so[0xCBBCB000])[11 9A       ]0x00004270:	LDR	R2, [SP, #0X44]	;(SP=0x100FFD18 )
(    libInnoSecure.so[0xCBBCB000])[0A EB F6 3B ]0x00004272:	ADD.W	FP, SL, R6, ROR #15	;(SL=0x85FE2228 R6=0x25C8CF9A )
(    libInnoSecure.so[0xCBBCB000])[03 93       ]0x00004276:	STR	R3, [SP, #0XC]	;(R3=0x30333333 SP=0x100FFD18 )
(    libInnoSecure.so[0xCBBCB000])[20 EA 0B 06 ]0x00004278:	BIC.W	R6, R0, FP	;(R0=0x66368CCC FP=0x25326DB9 )
(    libInnoSecure.so[0xCBBCB000])[0B EA 0A 05 ]0x0000427C:	AND.W	R5, FP, SL	;(FP=0x25326DB9 SL=0x85FE2228 )
(    libInnoSecure.so[0xCBBCB000])[35 43       ]0x00004280:	ORRS	R5, R6	;(R5=0x05322028 R6=0x42048044 )
(    libInnoSecure.so[0xCBBCB000])[2B EA 0A 06 ]0x00004282:	BIC.W	R6, FP, SL	;(FP=0x25326DB9 SL=0x85FE2228 )
(    libInnoSecure.so[0xCBBCB000])[29 44       ]0x00004286:	ADD	R1, R5	;(R1=0x731AE1D1 R5=0x4736A06C )
(    libInnoSecure.so[0xCBBCB000])[40 F6 21 05 ]0x00004288:	MOVW	R5, #0X821
(    libInnoSecure.so[0xCBBCB000])[C4 F6 B4 15 ]0x0000428C:	MOVT	R5, #0X49B4	;(R5=0x00000821 )
(    libInnoSecure.so[0xCBBCB000])[29 44       ]0x00004290:	ADD	R1, R5	;(R1=0xBA51823D R5=0x49B40821 )
(    libInnoSecure.so[0xCBBCB000])[10 44       ]0x00004292:	ADD	R0, R2	;(R0=0x66368CCC R2=0x32303331 )
(    libInnoSecure.so[0xCBBCB000])[0B EB B1 21 ]0x00004294:	ADD.W	R1, FP, R1, ROR #10	;(FP=0x25326DB9 R1=0x04058A5E )
(    libInnoSecure.so[0xCBBCB000])[01 EA 0A 05 ]0x00004298:	AND.W	R5, R1, SL	;(R1=0xBCB36F1B SL=0x85FE2228 )
(    libInnoSecure.so[0xCBBCB000])[35 43       ]0x0000429C:	ORRS	R5, R6	;(R5=0x84B22208 R6=0x20004D91 )
(    libInnoSecure.so[0xCBBCB000])[21 EA 0B 06 ]0x0000429E:	BIC.W	R6, R1, FP	;(R1=0xBCB36F1B FP=0x25326DB9 )
(    libInnoSecure.so[0xCBBCB000])[28 44       ]0x000042A2:	ADD	R0, R5	;(R0=0x9866BFFD R5=0xA4B26F99 )
(    libInnoSecure.so[0xCBBCB000])[42 F2 62 55 ]0x000042A4:	MOVW	R5, #0X2562
(    libInnoSecure.so[0xCBBCB000])[CF F2 1E 65 ]0x000042A8:	MOVT	R5, #0XF61E	;(R5=0x00002562 )
(    libInnoSecure.so[0xCBBCB000])[28 44       ]0x000042AC:	ADD	R0, R5	;(R0=0x3D192F96 R5=0xF61E2562 )
(    libInnoSecure.so[0xCBBCB000])[01 EB F0 60 ]0x000042AE:	ADD.W	R0, R1, R0, ROR #27	;(R1=0xBCB36F1B R0=0x333754F8 )
(    libInnoSecure.so[0xCBBCB000])[00 EA 0B 05 ]0x000042B2:	AND.W	R5, R0, FP	;(R0=0x239E0E21 FP=0x25326DB9 )
(    libInnoSecure.so[0xCBBCB000])[20 EA 01 04 ]0x000042B6:	BIC.W	R4, R0, R1	;(R0=0x239E0E21 R1=0xBCB36F1B )
(    libInnoSecure.so[0xCBBCB000])[35 43       ]0x000042BA:	ORRS	R5, R6	;(R5=0x21120C21 R6=0x98810202 )
(    libInnoSecure.so[0xCBBCB000])[0C EB 0A 06 ]0x000042BC:	ADD.W	R6, IP, SL	;(IP=0x34303535 SL=0x85FE2228 )
(    libInnoSecure.so[0xCBBCB000])[35 44       ]0x000042C0:	ADD	R5, R6	;(R5=0xB9930E23 R6=0xBA2E575D )
(    libInnoSecure.so[0xCBBCB000])[4B F2 40 36 ]0x000042C2:	MOVW	R6, #0XB340
(    libInnoSecure.so[0xCBBCB000])[CC F2 40 06 ]0x000042C6:	MOVT	R6, #0XC040	;(R6=0x0000B340 )
(    libInnoSecure.so[0xCBBCB000])[35 44       ]0x000042CA:	ADD	R5, R6	;(R5=0x73C16580 R6=0xC040B340 )
(    libInnoSecure.so[0xCBBCB000])[CA 46       ]0x000042CC:	MOV	SL, SB	;(SB=0x65313033 )
(    libInnoSecure.so[0xCBBCB000])[DD F8 24 90 ]0x000042CE:	LDR.W	SB, [SP, #0X24]	;(SP=0x100FFD18 )
(    libInnoSecure.so[0xCBBCB000])[00 EB F5 55 ]0x000042D2:	ADD.W	R5, R0, R5, ROR #23	;(R0=0x239E0E21 R5=0x340218C0 )
(    libInnoSecure.so[0xCBBCB000])[F4 46       ]0x000042D6:	MOV	IP, LR	;(LR=0x35333033 )
(    libInnoSecure.so[0xCBBCB000])[05 EA 01 06 ]0x000042D8:	AND.W	R6, R5, R1	;(R5=0x27CF8E89 R1=0xBCB36F1B )
(    libInnoSecure.so[0xCBBCB000])[25 EA 00 02 ]0x000042DC:	BIC.W	R2, R5, R0	;(R5=0x27CF8E89 R0=0x239E0E21 )
(    libInnoSecure.so[0xCBBCB000])[34 43       ]0x000042E0:	ORRS	R4, R6	;(R4=0x030C0020 R6=0x24830E09 )
(    libInnoSecure.so[0xCBBCB000])[0A EB 0B 06 ]0x000042E2:	ADD.W	R6, SL, FP	;(SL=0x65313033 FP=0x25326DB9 )
(    libInnoSecure.so[0xCBBCB000])[34 44       ]0x000042E6:	ADD	R4, R6	;(R4=0x278F0E29 R6=0x8A639DEC )
(    libInnoSecure.so[0xCBBCB000])[45 F6 51 26 ]0x000042E8:	MOVW	R6, #0X5A51
(    libInnoSecure.so[0xCBBCB000])[C2 F2 5E 66 ]0x000042EC:	MOVT	R6, #0X265E	;(R6=0x00005A51 )
(    libInnoSecure.so[0xCBBCB000])[34 44       ]0x000042F0:	ADD	R4, R6	;(R4=0xB1F2AC15 R6=0x265E5A51 )
(    libInnoSecure.so[0xCBBCB000])[DD F8 2C B0 ]0x000042F2:	LDR.W	FP, [SP, #0X2C]	;(SP=0x100FFD18 )
(    libInnoSecure.so[0xCBBCB000])[05 EB B4 44 ]0x000042F6:	ADD.W	R4, R5, R4, ROR #18	;(R5=0x27CF8E89 R4=0xD8510666 )
(    libInnoSecure.so[0xCBBCB000])[DD F8 10 E0 ]0x000042FA:	LDR.W	LR, [SP, #0X10]	;(SP=0x100FFD18 )
(    libInnoSecure.so[0xCBBCB000])[04 EA 00 06 ]0x000042FE:	AND.W	R6, R4, R0	;(R4=0x6969449D R0=0x239E0E21 )
(    libInnoSecure.so[0xCBBCB000])[48 44       ]0x00004302:	ADD	R0, SB	;(R0=0x239E0E21 SB=0x33303630 )
(    libInnoSecure.so[0xCBBCB000])[32 43       ]0x00004304:	ORRS	R2, R6	;(R2=0x04418088 R6=0x21080401 )
(    libInnoSecure.so[0xCBBCB000])[0E 9E       ]0x00004306:	LDR	R6, [SP, #0X38]	;(SP=0x100FFD18 )
(    libInnoSecure.so[0xCBBCB000])[CD F8 04 C0 ]0x00004308:	STR.W	IP, [SP, #4]	;(IP=0x35333033 SP=0x100FFD18 )
(    libInnoSecure.so[0xCBBCB000])[31 44       ]0x0000430C:	ADD	R1, R6	;(R1=0xBCB36F1B R6=0x62303430 )
(    libInnoSecure.so[0xCBBCB000])[24 EA 05 06 ]0x0000430E:	BIC.W	R6, R4, R5	;(R4=0x6969449D R5=0x27CF8E89 )
(    libInnoSecure.so[0xCBBCB000])[11 44       ]0x00004312:	ADD	R1, R2	;(R1=0x1EE3A34B R2=0x25498489 )
(    libInnoSecure.so[0xCBBCB000])[4C F2 AA 72 ]0x00004314:	MOVW	R2, #0XC7AA
(    libInnoSecure.so[0xCBBCB000])[CE F6 B6 12 ]0x00004318:	MOVT	R2, #0XE9B6	;(R2=0x0000C7AA )
(    libInnoSecure.so[0xCBBCB000])[11 44       ]0x0000431C:	ADD	R1, R2	;(R1=0x442D27D4 R2=0xE9B6C7AA )
(    libInnoSecure.so[0xCBBCB000])[CD F8 14 A0 ]0x0000431E:	STR.W	SL, [SP, #0X14]	;(SL=0x65313033 SP=0x100FFD18 )
(    libInnoSecure.so[0xCBBCB000])[04 EB 31 31 ]0x00004322:	ADD.W	R1, R4, R1, ROR #12	;(R4=0x6969449D R1=0x2DE3EF7E )
(    libInnoSecure.so[0xCBBCB000])[01 EA 05 02 ]0x00004326:	AND.W	R2, R1, R5	;(R1=0x614C22DB R5=0x27CF8E89 )
(    libInnoSecure.so[0xCBBCB000])[45 44       ]0x0000432A:	ADD	R5, R8	;(R5=0x27CF8E89 R8=0x65363136 )
(    libInnoSecure.so[0xCBBCB000])[32 43       ]0x0000432C:	ORRS	R2, R6	;(R2=0x214C0289 R6=0x48204014 )
(    libInnoSecure.so[0xCBBCB000])[21 EA 04 06 ]0x0000432E:	BIC.W	R6, R1, R4	;(R1=0x614C22DB R4=0x6969449D )
(    libInnoSecure.so[0xCBBCB000])[10 44       ]0x00004332:	ADD	R0, R2	;(R0=0x56CE4451 R2=0x696C429D )
(    libInnoSecure.so[0xCBBCB000])[41 F2 5D 02 ]0x00004334:	MOVW	R2, #0X105D
(    libInnoSecure.so[0xCBBCB000])[CD F2 2F 62 ]0x00004338:	MOVT	R2, #0XD62F	;(R2=0x0000105D )
(    libInnoSecure.so[0xCBBCB000])[10 44       ]0x0000433C:	ADD	R0, R2	;(R0=0xC03A86EE R2=0xD62F105D )
(    libInnoSecure.so[0xCBBCB000])[DD F8 20 80 ]0x0000433E:	LDR.W	R8, [SP, #0X20]	;(SP=0x100FFD18 )
(    libInnoSecure.so[0xCBBCB000])[01 EB F0 60 ]0x00004342:	ADD.W	R0, R1, R0, ROR #27	;(R1=0x614C22DB R0=0x9669974B )
(    libInnoSecure.so[0xCBBCB000])[00 EA 04 02 ]0x00004346:	AND.W	R2, R0, R4	;(R0=0x2E7F0C4D R4=0x6969449D )
(    libInnoSecure.so[0xCBBCB000])[1C 44       ]0x0000434A:	ADD	R4, R3	;(R4=0x6969449D R3=0x30333333 )
(    libInnoSecure.so[0xCBBCB000])[32 43       ]0x0000434C:	ORRS	R2, R6	;(R2=0x2869040D R6=0x00042242 )
(    libInnoSecure.so[0xCBBCB000])[20 EA 01 06 ]0x0000434E:	BIC.W	R6, R0, R1	;(R0=0x2E7F0C4D R1=0x614C22DB )
(    libInnoSecure.so[0xCBBCB000])[2A 44       ]0x00004352:	ADD	R2, R5	;(R2=0x286D264F R5=0x8D05BFBF )
(    libInnoSecure.so[0xCBBCB000])[41 F2 53 45 ]0x00004354:	MOVW	R5, #0X1453
(    libInnoSecure.so[0xCBBCB000])[C0 F2 44 25 ]0x00004358:	MOVT	R5, #0X244	;(R5=0x00001453 )
(    libInnoSecure.so[0xCBBCB000])[2A 44       ]0x0000435C:	ADD	R2, R5	;(R2=0xB572E60E R5=0x02441453 )
(    libInnoSecure.so[0xCBBCB000])[10 9B       ]0x0000435E:	LDR	R3, [SP, #0X40]	;(SP=0x100FFD18 )
(    libInnoSecure.so[0xCBBCB000])[00 EB F2 52 ]0x00004360:	ADD.W	R2, R0, R2, ROR #23	;(R0=0x2E7F0C4D R2=0xB7B6FA61 )
(    libInnoSecure.so[0xCBBCB000])[02 EA 01 05 ]0x00004364:	AND.W	R5, R2, R1	;(R2=0x9C73CFBC R1=0x614C22DB )
(    libInnoSecure.so[0xCBBCB000])[59 44       ]0x00004368:	ADD	R1, FP	;(R1=0x614C22DB FP=0x63303033 )
(    libInnoSecure.so[0xCBBCB000])[35 43       ]0x0000436A:	ORRS	R5, R6	;(R5=0x00400298 R6=0x0E330C04 )
(    libInnoSecure.so[0xCBBCB000])[22 EA 00 06 ]0x0000436C:	BIC.W	R6, R2, R0	;(R2=0x9C73CFBC R0=0x2E7F0C4D )
(    libInnoSecure.so[0xCBBCB000])[2C 44       ]0x00004370:	ADD	R4, R5	;(R4=0x999C77D0 R5=0x0E730E9C )
(    libInnoSecure.so[0xCBBCB000])[4E F2 81 65 ]0x00004372:	MOVW	R5, #0XE681
(    libInnoSecure.so[0xCBBCB000])[CD F6 A1 05 ]0x00004376:	MOVT	R5, #0XD8A1	;(R5=0x0000E681 )
(    libInnoSecure.so[0xCBBCB000])[2C 44       ]0x0000437A:	ADD	R4, R5	;(R4=0xA80F866C R5=0xD8A1E681 )
(    libInnoSecure.so[0xCBBCB000])[02 EB B4 44 ]0x0000437C:	ADD.W	R4, R2, R4, ROR #18	;(R2=0x9C73CFBC R4=0x80B16CED )
(    libInnoSecure.so[0xCBBCB000])[04 EA 00 05 ]0x00004380:	AND.W	R5, R4, R0	;(R4=0xF7AF2FE8 R0=0x2E7F0C4D )
(    libInnoSecure.so[0xCBBCB000])[18 44       ]0x00004384:	ADD	R0, R3	;(R0=0x2E7F0C4D R3=0x62343537 )
(    libInnoSecure.so[0xCBBCB000])[35 43       ]0x00004386:	ORRS	R5, R6	;(R5=0x262F0C48 R6=0x9000C3B0 )
(    libInnoSecure.so[0xCBBCB000])[24 EA 02 06 ]0x00004388:	BIC.W	R6, R4, R2	;(R4=0xF7AF2FE8 R2=0x9C73CFBC )
(    libInnoSecure.so[0xCBBCB000])[29 44       ]0x0000438C:	ADD	R1, R5	;(R1=0xC47C530E R5=0xB62FCFF8 )
(    libInnoSecure.so[0xCBBCB000])[4F F6 C8 35 ]0x0000438E:	MOVW	R5, #0XFBC8
(    libInnoSecure.so[0xCBBCB000])[CE F2 D3 75 ]0x00004392:	MOVT	R5, #0XE7D3	;(R5=0x0000FBC8 )
(    libInnoSecure.so[0xCBBCB000])[29 44       ]0x00004396:	ADD	R1, R5	;(R1=0x7AAC2306 R5=0xE7D3FBC8 )
(    libInnoSecure.so[0xCBBCB000])[0F 9B       ]0x00004398:	LDR	R3, [SP, #0X3C]	;(SP=0x100FFD18 )
(    libInnoSecure.so[0xCBBCB000])[04 EB 31 31 ]0x0000439A:	ADD.W	R1, R4, R1, ROR #12	;(R4=0xF7AF2FE8 R1=0x62801ECE )
(    libInnoSecure.so[0xCBBCB000])[01 EA 02 05 ]0x0000439E:	AND.W	R5, R1, R2	;(R1=0xE49557E9 R2=0x9C73CFBC )
(    libInnoSecure.so[0xCBBCB000])[62 44       ]0x000043A2:	ADD	R2, IP	;(R2=0x9C73CFBC IP=0x35333033 )
(    libInnoSecure.so[0xCBBCB000])[35 43       ]0x000043A4:	ORRS	R5, R6	;(R5=0x841147A8 R6=0x638C2040 )
(    libInnoSecure.so[0xCBBCB000])[21 EA 04 06 ]0x000043A6:	BIC.W	R6, R1, R4	;(R1=0xE49557E9 R4=0xF7AF2FE8 )
(    libInnoSecure.so[0xCBBCB000])[28 44       ]0x000043AA:	ADD	R0, R5	;(R0=0x90B34184 R5=0xE79D67E8 )
(    libInnoSecure.so[0xCBBCB000])[4C F6 E6 55 ]0x000043AC:	MOVW	R5, #0XCDE6
(    libInnoSecure.so[0xCBBCB000])[C2 F2 E1 15 ]0x000043B0:	MOVT	R5, #0X21E1	;(R5=0x0000CDE6 )
(    libInnoSecure.so[0xCBBCB000])[28 44       ]0x000043B4:	ADD	R0, R5	;(R0=0x7850A96C R5=0x21E1CDE6 )
(    libInnoSecure.so[0xCBBCB000])[01 EB F0 60 ]0x000043B6:	ADD.W	R0, R1, R0, ROR #27	;(R1=0xE49557E9 R0=0x9A327752 )
(    libInnoSecure.so[0xCBBCB000])[00 EA 04 05 ]0x000043BA:	AND.W	R5, R0, R4	;(R0=0x2AE4423C R4=0xF7AF2FE8 )
(    libInnoSecure.so[0xCBBCB000])[1C 44       ]0x000043BE:	ADD	R4, R3	;(R4=0xF7AF2FE8 R3=0x65303133 )
(    libInnoSecure.so[0xCBBCB000])[35 43       ]0x000043C0:	ORRS	R5, R6	;(R5=0x22A40228 R6=0x00105001 )
(    libInnoSecure.so[0xCBBCB000])[20 EA 01 06 ]0x000043C2:	BIC.W	R6, R0, R1	;(R0=0x2AE4423C R1=0xE49557E9 )
(    libInnoSecure.so[0xCBBCB000])[2A 44       ]0x000043C6:	ADD	R2, R5	;(R2=0xD1A6FFEF R5=0x22B45229 )
(    libInnoSecure.so[0xCBBCB000])[40 F2 D6 75 ]0x000043C8:	MOVW	R5, #0X7D6
(    libInnoSecure.so[0xCBBCB000])[CC F2 37 35 ]0x000043CC:	MOVT	R5, #0XC337	;(R5=0x000007D6 )
(    libInnoSecure.so[0xCBBCB000])[2A 44       ]0x000043D0:	ADD	R2, R5	;(R2=0xF45B5218 R5=0xC33707D6 )
(    libInnoSecure.so[0xCBBCB000])[0A 9B       ]0x000043D2:	LDR	R3, [SP, #0X28]	;(SP=0x100FFD18 )
(    libInnoSecure.so[0xCBBCB000])[00 EB F2 52 ]0x000043D4:	ADD.W	R2, R0, R2, ROR #23	;(R0=0x2AE4423C R2=0xB79259EE )
(    libInnoSecure.so[0xCBBCB000])[02 EA 01 05 ]0x000043D8:	AND.W	R5, R2, R1	;(R2=0x4F981FAB R1=0xE49557E9 )
(    libInnoSecure.so[0xCBBCB000])[19 44       ]0x000043DC:	ADD	R1, R3	;(R1=0xE49557E9 R3=0x31353530 )
(    libInnoSecure.so[0xCBBCB000])[35 43       ]0x000043DE:	ORRS	R5, R6	;(R5=0x449017A9 R6=0x0A600014 )
(    libInnoSecure.so[0xCBBCB000])[22 EA 00 06 ]0x000043E0:	BIC.W	R6, R2, R0	;(R2=0x4F981FAB R0=0x2AE4423C )
(    libInnoSecure.so[0xCBBCB000])[2C 44       ]0x000043E4:	ADD	R4, R5	;(R4=0x5CDF611B R5=0x4EF017BD )
(    libInnoSecure.so[0xCBBCB000])[40 F6 87 55 ]0x000043E6:	MOVW	R5, #0XD87
(    libInnoSecure.so[0xCBBCB000])[CF F2 D5 45 ]0x000043EA:	MOVT	R5, #0XF4D5	;(R5=0x00000D87 )
(    libInnoSecure.so[0xCBBCB000])[2C 44       ]0x000043EE:	ADD	R4, R5	;(R4=0xABCF78D8 R5=0xF4D50D87 )
(    libInnoSecure.so[0xCBBCB000])[02 EB B4 44 ]0x000043F0:	ADD.W	R4, R2, R4, ROR #18	;(R2=0x4F981FAB R4=0xA0A4865F )
(    libInnoSecure.so[0xCBBCB000])[04 EA 00 05 ]0x000043F4:	AND.W	R5, R4, R0	;(R4=0x713007D4 R0=0x2AE4423C )
(    libInnoSecure.so[0xCBBCB000])[40 44       ]0x000043F8:	ADD	R0, R8	;(R0=0x2AE4423C R8=0x36333133 )
(    libInnoSecure.so[0xCBBCB000])[35 43       ]0x000043FA:	ORRS	R5, R6	;(R5=0x20200214 R6=0x45181D83 )
(    libInnoSecure.so[0xCBBCB000])[24 EA 02 06 ]0x000043FC:	BIC.W	R6, R4, R2	;(R4=0x713007D4 R2=0x4F981FAB )
(    libInnoSecure.so[0xCBBCB000])[29 44       ]0x00004400:	ADD	R1, R5	;(R1=0x15CA8D19 R5=0x65381F97 )
(    libInnoSecure.so[0xCBBCB000])[41 F2 ED 45 ]0x00004402:	MOVW	R5, #0X14ED
(    libInnoSecure.so[0xCBBCB000])[C4 F2 5A 55 ]0x00004406:	MOVT	R5, #0X455A	;(R5=0x000014ED )
(    libInnoSecure.so[0xCBBCB000])[29 44       ]0x0000440A:	ADD	R1, R5	;(R1=0x7B02ACB0 R5=0x455A14ED )
(    libInnoSecure.so[0xCBBCB000])[04 EB 31 31 ]0x0000440C:	ADD.W	R1, R4, R1, ROR #12	;(R4=0x713007D4 R1=0xC05CC19D )
(    libInnoSecure.so[0xCBBCB000])[01 EA 02 05 ]0x00004410:	AND.W	R5, R1, R2	;(R1=0x8B0C0DA0 R2=0x4F981FAB )
(    libInnoSecure.so[0xCBBCB000])[35 43       ]0x00004414:	ORRS	R5, R6	;(R5=0x0B080DA0 R6=0x30200054 )
(    libInnoSecure.so[0xCBBCB000])[21 EA 04 06 ]0x00004416:	BIC.W	R6, R1, R4	;(R1=0x8B0C0DA0 R4=0x713007D4 )
(    libInnoSecure.so[0xCBBCB000])[28 44       ]0x0000441A:	ADD	R0, R5	;(R0=0x6117736F R5=0x3B280DF4 )
(    libInnoSecure.so[0xCBBCB000])[4E F6 05 15 ]0x0000441C:	MOVW	R5, #0XE905
(    libInnoSecure.so[0xCBBCB000])[CA F6 E3 15 ]0x00004420:	MOVT	R5, #0XA9E3	;(R5=0x0000E905 )
(    libInnoSecure.so[0xCBBCB000])[28 44       ]0x00004424:	ADD	R0, R5	;(R0=0x9C3F8163 R5=0xA9E3E905 )
(    libInnoSecure.so[0xCBBCB000])[01 EB F0 60 ]0x00004426:	ADD.W	R0, R1, R0, ROR #27	;(R1=0x8B0C0DA0 R0=0x46236A68 )
(    libInnoSecure.so[0xCBBCB000])[00 EA 04 05 ]0x0000442A:	AND.W	R5, R0, R4	;(R0=0x4F795AA8 R4=0x713007D4 )
(    libInnoSecure.so[0xCBBCB000])[74 44       ]0x0000442E:	ADD	R4, LR	;(R4=0x713007D4 LR=0x33313330 )
(    libInnoSecure.so[0xCBBCB000])[35 43       ]0x00004430:	ORRS	R5, R6	;(R5=0x41300280 R6=0x8A0C0820 )
(    libInnoSecure.so[0xCBBCB000])[0C 9E       ]0x00004432:	LDR	R6, [SP, #0X30]	;(SP=0x100FFD18 )
(    libInnoSecure.so[0xCBBCB000])[32 44       ]0x00004434:	ADD	R2, R6	;(R2=0x4F981FAB R6=0x65343334 )
(    libInnoSecure.so[0xCBBCB000])[20 EA 01 06 ]0x00004436:	BIC.W	R6, R0, R1	;(R0=0x4F795AA8 R1=0x8B0C0DA0 )
(    libInnoSecure.so[0xCBBCB000])[2A 44       ]0x0000443A:	ADD	R2, R5	;(R2=0xB4CC52DF R5=0xCB3C0AA0 )
(    libInnoSecure.so[0xCBBCB000])[4A F2 F8 35 ]0x0000443C:	MOVW	R5, #0XA3F8
(    libInnoSecure.so[0xCBBCB000])[CF F6 EF 45 ]0x00004440:	MOVT	R5, #0XFCEF	;(R5=0x0000A3F8 )
(    libInnoSecure.so[0xCBBCB000])[2A 44       ]0x00004444:	ADD	R2, R5	;(R2=0x80085D7F R5=0xFCEFA3F8 )
(    libInnoSecure.so[0xCBBCB000])[00 EB F2 52 ]0x00004446:	ADD.W	R2, R0, R2, ROR #23	;(R0=0x4F795AA8 R2=0x7CF80177 )
(    libInnoSecure.so[0xCBBCB000])[02 EA 01 05 ]0x0000444A:	AND.W	R5, R2, R1	;(R2=0x3F7C49A1 R1=0x8B0C0DA0 )
(    libInnoSecure.so[0xCBBCB000])[35 43       ]0x0000444E:	ORRS	R5, R6	;(R5=0x0B0C09A0 R6=0x44715208 )
(    libInnoSecure.so[0xCBBCB000])[22 EA 00 06 ]0x00004450:	BIC.W	R6, R2, R0	;(R2=0x3F7C49A1 R0=0x4F795AA8 )
(    libInnoSecure.so[0xCBBCB000])[2C 44       ]0x00004454:	ADD	R4, R5	;(R4=0xA4613B04 R5=0x4F7D5BA8 )
(    libInnoSecure.so[0xCBBCB000])[40 F2 D9 25 ]0x00004456:	MOVW	R5, #0X2D9
(    libInnoSecure.so[0xCBBCB000])[C6 F2 6F 75 ]0x0000445A:	MOVT	R5, #0X676F	;(R5=0x000002D9 )
(    libInnoSecure.so[0xCBBCB000])[2C 44       ]0x0000445E:	ADD	R4, R5	;(R4=0xF3DE96AC R5=0x676F02D9 )
(    libInnoSecure.so[0xCBBCB000])[02 EB B4 44 ]0x00004460:	ADD.W	R4, R2, R4, ROR #18	;(R2=0x3F7C49A1 R4=0x5B4D9985 )
(    libInnoSecure.so[0xCBBCB000])[04 EA 00 05 ]0x00004464:	AND.W	R5, R4, R0	;(R4=0xA5DDA074 R0=0x4F795AA8 )
(    libInnoSecure.so[0xCBBCB000])[48 44       ]0x00004468:	ADD	R0, SB	;(R0=0x4F795AA8 SB=0x33303630 )
(    libInnoSecure.so[0xCBBCB000])[35 43       ]0x0000446A:	ORRS	R5, R6	;(R5=0x05590020 R6=0x30040101 )
(    libInnoSecure.so[0xCBBCB000])[0D 9E       ]0x0000446C:	LDR	R6, [SP, #0X34]	;(SP=0x100FFD18 )
(    libInnoSecure.so[0xCBBCB000])[DD F8 18 90 ]0x0000446E:	LDR.W	SB, [SP, #0X18]	;(SP=0x100FFD18 )
(    libInnoSecure.so[0xCBBCB000])[31 44       ]0x00004472:	ADD	R1, R6	;(R1=0x8B0C0DA0 R6=0x64303731 )
(    libInnoSecure.so[0xCBBCB000])[0E 9E       ]0x00004474:	LDR	R6, [SP, #0X38]	;(SP=0x100FFD18 )
(    libInnoSecure.so[0xCBBCB000])[29 44       ]0x00004476:	ADD	R1, R5	;(R1=0xEF3C44D1 R5=0x355D0121 )
(    libInnoSecure.so[0xCBBCB000])[44 F6 8A 45 ]0x00004478:	MOVW	R5, #0X4C8A
(    libInnoSecure.so[0xCBBCB000])[C8 F6 2A 55 ]0x0000447C:	MOVT	R5, #0X8D2A	;(R5=0x00004C8A )
(    libInnoSecure.so[0xCBBCB000])[29 44       ]0x00004480:	ADD	R1, R5	;(R1=0x249945F2 R5=0x8D2A4C8A )
(    libInnoSecure.so[0xCBBCB000])[84 EA 02 05 ]0x00004482:	EOR.W	R5, R4, R2	;(R4=0xA5DDA074 R2=0x3F7C49A1 )
(    libInnoSecure.so[0xCBBCB000])[1A 44       ]0x00004486:	ADD	R2, R3	;(R2=0x3F7C49A1 R3=0x31353530 )
(    libInnoSecure.so[0xCBBCB000])[04 EB 31 31 ]0x00004488:	ADD.W	R1, R4, R1, ROR #12	;(R4=0xA5DDA074 R1=0xB1C3927C )
(    libInnoSecure.so[0xCBBCB000])[11 9B       ]0x0000448C:	LDR	R3, [SP, #0X44]	;(SP=0x100FFD18 )
(    libInnoSecure.so[0xCBBCB000])[4D 40       ]0x0000448E:	EORS	R5, R1	;(R5=0x9AA1E9D5 R1=0xCDA8BCAD )
(    libInnoSecure.so[0xCBBCB000])[28 44       ]0x00004490:	ADD	R0, R5	;(R0=0x82A990D8 R5=0x57095578 )
(    libInnoSecure.so[0xCBBCB000])[43 F6 42 15 ]0x00004492:	MOVW	R5, #0X3942
(    libInnoSecure.so[0xCBBCB000])[CF F6 FA 75 ]0x00004496:	MOVT	R5, #0XFFFA	;(R5=0x00003942 )
(    libInnoSecure.so[0xCBBCB000])[28 44       ]0x0000449A:	ADD	R0, R5	;(R0=0xD9B2E650 R5=0xFFFA3942 )
(    libInnoSecure.so[0xCBBCB000])[81 EA 04 05 ]0x0000449C:	EOR.W	R5, R1, R4	;(R1=0xCDA8BCAD R4=0xA5DDA074 )
(    libInnoSecure.so[0xCBBCB000])[54 44       ]0x000044A0:	ADD	R4, SL	;(R4=0xA5DDA074 SL=0x65313033 )
(    libInnoSecure.so[0xCBBCB000])[01 EB 30 70 ]0x000044A2:	ADD.W	R0, R1, R0, ROR #28	;(R1=0xCDA8BCAD R0=0xD9AD1F92 )
(    libInnoSecure.so[0xCBBCB000])[DD F8 30 A0 ]0x000044A6:	LDR.W	SL, [SP, #0X30]	;(SP=0x100FFD18 )
(    libInnoSecure.so[0xCBBCB000])[45 40       ]0x000044AA:	EORS	R5, R0	;(R5=0x68751CD9 R0=0x687AB5DA )
(    libInnoSecure.so[0xCBBCB000])[2A 44       ]0x000044AC:	ADD	R2, R5	;(R2=0x70B17ED1 R5=0x000FA903 )
(    libInnoSecure.so[0xCBBCB000])[4F F2 81 65 ]0x000044AE:	MOVW	R5, #0XF681
(    libInnoSecure.so[0xCBBCB000])[C8 F2 71 75 ]0x000044B2:	MOVT	R5, #0X8771	;(R5=0x0000F681 )
(    libInnoSecure.so[0xCBBCB000])[2A 44       ]0x000044B6:	ADD	R2, R5	;(R2=0x70C127D4 R5=0x8771F681 )
(    libInnoSecure.so[0xCBBCB000])[80 EA 01 05 ]0x000044B8:	EOR.W	R5, R0, R1	;(R0=0x687AB5DA R1=0xCDA8BCAD )
(    libInnoSecure.so[0xCBBCB000])[61 44       ]0x000044BC:	ADD	R1, IP	;(R1=0xCDA8BCAD IP=0x35333033 )
(    libInnoSecure.so[0xCBBCB000])[00 EB 72 52 ]0x000044BE:	ADD.W	R2, R0, R2, ROR #21	;(R0=0x687AB5DA R2=0xF8331E55 )
(    libInnoSecure.so[0xCBBCB000])[DD F8 3C C0 ]0x000044C2:	LDR.W	IP, [SP, #0X3C]	;(SP=0x100FFD18 )
(    libInnoSecure.so[0xCBBCB000])[55 40       ]0x000044C6:	EORS	R5, R2	;(R5=0xA5D20977 R2=0x016D659B )
(    libInnoSecure.so[0xCBBCB000])[2C 44       ]0x000044C8:	ADD	R4, R5	;(R4=0x0B0ED0A7 R5=0xA4BF6CEC )
(    libInnoSecure.so[0xCBBCB000])[46 F2 22 15 ]0x000044CA:	MOVW	R5, #0X6122
(    libInnoSecure.so[0xCBBCB000])[C6 F6 9D 55 ]0x000044CE:	MOVT	R5, #0X6D9D	;(R5=0x00006122 )
(    libInnoSecure.so[0xCBBCB000])[2C 44       ]0x000044D2:	ADD	R4, R5	;(R4=0xAFCE3D93 R5=0x6D9D6122 )
(    libInnoSecure.so[0xCBBCB000])[82 EA 00 05 ]0x000044D4:	EOR.W	R5, R2, R0	;(R2=0x016D659B R0=0x687AB5DA )
(    libInnoSecure.so[0xCBBCB000])[18 44       ]0x000044D8:	ADD	R0, R3	;(R0=0x687AB5DA R3=0x32303331 )
(    libInnoSecure.so[0xCBBCB000])[02 EB 34 44 ]0x000044DA:	ADD.W	R4, R2, R4, ROR #16	;(R2=0x016D659B R4=0x1D6B9EB5 )
(    libInnoSecure.so[0xCBBCB000])[73 46       ]0x000044DE:	MOV	R3, LR	;(LR=0x33313330 )
(    libInnoSecure.so[0xCBBCB000])[65 40       ]0x000044E0:	EORS	R5, R4	;(R5=0x6917D041 R4=0xA0228306 )
(    libInnoSecure.so[0xCBBCB000])[29 44       ]0x000044E2:	ADD	R1, R5	;(R1=0x02DBECE0 R5=0xC9355347 )
(    libInnoSecure.so[0xCBBCB000])[43 F6 0C 05 ]0x000044E4:	MOVW	R5, #0X380C
(    libInnoSecure.so[0xCBBCB000])[CF F6 E5 55 ]0x000044E8:	MOVT	R5, #0XFDE5	;(R5=0x0000380C )
(    libInnoSecure.so[0xCBBCB000])[29 44       ]0x000044EC:	ADD	R1, R5	;(R1=0xCC114027 R5=0xFDE5380C )
(    libInnoSecure.so[0xCBBCB000])[84 EA 02 05 ]0x000044EE:	EOR.W	R5, R4, R2	;(R4=0xA0228306 R2=0x016D659B )
(    libInnoSecure.so[0xCBBCB000])[5A 44       ]0x000044F2:	ADD	R2, FP	;(R2=0x016D659B FP=0x63303033 )
(    libInnoSecure.so[0xCBBCB000])[04 EB 71 21 ]0x000044F4:	ADD.W	R1, R4, R1, ROR #9	;(R4=0xA0228306 R1=0xC9F67833 )
(    libInnoSecure.so[0xCBBCB000])[DD F8 08 B0 ]0x000044F8:	LDR.W	FP, [SP, #8]	;(SP=0x100FFD18 )
(    libInnoSecure.so[0xCBBCB000])[4D 40       ]0x000044FC:	EORS	R5, R1	;(R5=0xA14FE69D R1=0xBA077E42 )
(    libInnoSecure.so[0xCBBCB000])[28 44       ]0x000044FE:	ADD	R0, R5	;(R0=0x9AAAE90B R5=0x1B4898DF )
(    libInnoSecure.so[0xCBBCB000])[4E F6 44 25 ]0x00004500:	MOVW	R5, #0XEA44
(    libInnoSecure.so[0xCBBCB000])[CA F2 BE 45 ]0x00004504:	MOVT	R5, #0XA4BE	;(R5=0x0000EA44 )
(    libInnoSecure.so[0xCBBCB000])[28 44       ]0x00004508:	ADD	R0, R5	;(R0=0xB5F381EA R5=0xA4BEEA44 )
(    libInnoSecure.so[0xCBBCB000])[81 EA 04 05 ]0x0000450A:	EOR.W	R5, R1, R4	;(R1=0xBA077E42 R4=0xA0228306 )
(    libInnoSecure.so[0xCBBCB000])[1C 44       ]0x0000450E:	ADD	R4, R3	;(R4=0xA0228306 R3=0x33313330 )
(    libInnoSecure.so[0xCBBCB000])[01 EB 30 70 ]0x00004510:	ADD.W	R0, R1, R0, ROR #28	;(R1=0xBA077E42 R0=0x5AB26C2E )
(    libInnoSecure.so[0xCBBCB000])[45 40       ]0x00004514:	EORS	R5, R0	;(R5=0x1A25FD44 R0=0x652E4127 )
(    libInnoSecure.so[0xCBBCB000])[2A 44       ]0x00004516:	ADD	R2, R5	;(R2=0x649D95CE R5=0x7F0BBC63 )
(    libInnoSecure.so[0xCBBCB000])[4C F6 A9 75 ]0x00004518:	MOVW	R5, #0XCFA9
(    libInnoSecure.so[0xCBBCB000])[C4 F6 DE 35 ]0x0000451C:	MOVT	R5, #0X4BDE	;(R5=0x0000CFA9 )
(    libInnoSecure.so[0xCBBCB000])[2A 44       ]0x00004520:	ADD	R2, R5	;(R2=0xE3A95231 R5=0x4BDECFA9 )
(    libInnoSecure.so[0xCBBCB000])[80 EA 01 05 ]0x00004522:	EOR.W	R5, R0, R1	;(R0=0x652E4127 R1=0xBA077E42 )
(    libInnoSecure.so[0xCBBCB000])[59 44       ]0x00004526:	ADD	R1, FP	;(R1=0xBA077E42 FP=0x65363136 )
(    libInnoSecure.so[0xCBBCB000])[00 EB 72 52 ]0x00004528:	ADD.W	R2, R0, R2, ROR #21	;(R0=0x652E4127 R2=0x2F8821DA )
(    libInnoSecure.so[0xCBBCB000])[55 40       ]0x0000452C:	EORS	R5, R2	;(R5=0xDF293F65 R2=0xA63D12A3 )
(    libInnoSecure.so[0xCBBCB000])[2C 44       ]0x0000452E:	ADD	R4, R5	;(R4=0xD353B636 R5=0x79142DC6 )
(    libInnoSecure.so[0xCBBCB000])[44 F6 60 35 ]0x00004530:	MOVW	R5, #0X4B60
(    libInnoSecure.so[0xCBBCB000])[CF F2 BB 65 ]0x00004534:	MOVT	R5, #0XF6BB	;(R5=0x00004B60 )
(    libInnoSecure.so[0xCBBCB000])[2C 44       ]0x00004538:	ADD	R4, R5	;(R4=0x4C67E3FC R5=0xF6BB4B60 )
(    libInnoSecure.so[0xCBBCB000])[82 EA 00 05 ]0x0000453A:	EOR.W	R5, R2, R0	;(R2=0xA63D12A3 R0=0x652E4127 )
(    libInnoSecure.so[0xCBBCB000])[40 44       ]0x0000453E:	ADD	R0, R8	;(R0=0x652E4127 R8=0x36333133 )
(    libInnoSecure.so[0xCBBCB000])[02 EB 34 44 ]0x00004540:	ADD.W	R4, R2, R4, ROR #16	;(R2=0xA63D12A3 R4=0x43232F5C )
(    libInnoSecure.so[0xCBBCB000])[DD F8 34 80 ]0x00004544:	LDR.W	R8, [SP, #0X34]	;(SP=0x100FFD18 )
(    libInnoSecure.so[0xCBBCB000])[65 40       ]0x00004548:	EORS	R5, R4	;(R5=0xC3135384 R4=0xD59955C6 )
(    libInnoSecure.so[0xCBBCB000])[29 44       ]0x0000454A:	ADD	R1, R5	;(R1=0x1F3DAF78 R5=0x168A0642 )
(    libInnoSecure.so[0xCBBCB000])[4B F6 70 45 ]0x0000454C:	MOVW	R5, #0XBC70
(    libInnoSecure.so[0xCBBCB000])[CB F6 BF 65 ]0x00004550:	MOVT	R5, #0XBEBF	;(R5=0x0000BC70 )
(    libInnoSecure.so[0xCBBCB000])[29 44       ]0x00004554:	ADD	R1, R5	;(R1=0x35C7B5BA R5=0xBEBFBC70 )
(    libInnoSecure.so[0xCBBCB000])[84 EA 02 05 ]0x00004556:	EOR.W	R5, R4, R2	;(R4=0xD59955C6 R2=0xA63D12A3 )
(    libInnoSecure.so[0xCBBCB000])[32 44       ]0x0000455A:	ADD	R2, R6	;(R2=0xA63D12A3 R6=0x62303430 )
(    libInnoSecure.so[0xCBBCB000])[04 EB 71 21 ]0x0000455C:	ADD.W	R1, R4, R1, ROR #9	;(R4=0xD59955C6 R1=0xF487722A )
(    libInnoSecure.so[0xCBBCB000])[4D 40       ]0x00004560:	EORS	R5, R1	;(R5=0x73A44765 R1=0xEB13997F )
(    libInnoSecure.so[0xCBBCB000])[28 44       ]0x00004562:	ADD	R0, R5	;(R0=0x9B61725A R5=0x98B7DE1A )
(    libInnoSecure.so[0xCBBCB000])[47 F6 C6 65 ]0x00004564:	MOVW	R5, #0X7EC6
(    libInnoSecure.so[0xCBBCB000])[C2 F6 9B 05 ]0x00004568:	MOVT	R5, #0X289B	;(R5=0x00007EC6 )
(    libInnoSecure.so[0xCBBCB000])[28 44       ]0x0000456C:	ADD	R0, R5	;(R0=0x34195074 R5=0x289B7EC6 )
(    libInnoSecure.so[0xCBBCB000])[81 EA 04 05 ]0x0000456E:	EOR.W	R5, R1, R4	;(R1=0xEB13997F R4=0xD59955C6 )
(    libInnoSecure.so[0xCBBCB000])[64 44       ]0x00004572:	ADD	R4, IP	;(R4=0xD59955C6 IP=0x65303133 )
(    libInnoSecure.so[0xCBBCB000])[01 EB 30 70 ]0x00004574:	ADD.W	R0, R1, R0, ROR #28	;(R1=0xEB13997F R0=0x5CB4CF3A )
(    libInnoSecure.so[0xCBBCB000])[45 40       ]0x00004578:	EORS	R5, R0	;(R5=0x3E8ACCB9 R0=0xB6608D24 )
(    libInnoSecure.so[0xCBBCB000])[2A 44       ]0x0000457A:	ADD	R2, R5	;(R2=0x086D46D3 R5=0x88EA419D )
(    libInnoSecure.so[0xCBBCB000])[42 F2 FA 75 ]0x0000457C:	MOVW	R5, #0X27FA
(    libInnoSecure.so[0xCBBCB000])[CE F6 A1 25 ]0x00004580:	MOVT	R5, #0XEAA1	;(R5=0x000027FA )
(    libInnoSecure.so[0xCBBCB000])[2A 44       ]0x00004584:	ADD	R2, R5	;(R2=0x91578870 R5=0xEAA127FA )
(    libInnoSecure.so[0xCBBCB000])[80 EA 01 05 ]0x00004586:	EOR.W	R5, R0, R1	;(R0=0xB6608D24 R1=0xEB13997F )
(    libInnoSecure.so[0xCBBCB000])[49 44       ]0x0000458A:	ADD	R1, SB	;(R1=0xEB13997F SB=0x34303535 )
(    libInnoSecure.so[0xCBBCB000])[00 EB 72 52 ]0x0000458C:	ADD.W	R2, R0, R2, ROR #21	;(R0=0xB6608D24 R2=0x7BF8B06A )
(    libInnoSecure.so[0xCBBCB000])[55 40       ]0x00004590:	EORS	R5, R2	;(R5=0x5D73145B R2=0x7BE3E103 )
(    libInnoSecure.so[0xCBBCB000])[2C 44       ]0x00004592:	ADD	R4, R5	;(R4=0x3AC986F9 R5=0x2690F558 )
(    libInnoSecure.so[0xCBBCB000])[43 F2 85 05 ]0x00004594:	MOVW	R5, #0X3085
(    libInnoSecure.so[0xCBBCB000])[CD F2 EF 45 ]0x00004598:	MOVT	R5, #0XD4EF	;(R5=0x00003085 )
(    libInnoSecure.so[0xCBBCB000])[2C 44       ]0x0000459C:	ADD	R4, R5	;(R4=0x615A7C51 R5=0xD4EF3085 )
(    libInnoSecure.so[0xCBBCB000])[82 EA 00 05 ]0x0000459E:	EOR.W	R5, R2, R0	;(R2=0x7BE3E103 R0=0xB6608D24 )
(    libInnoSecure.so[0xCBBCB000])[02 EB 34 44 ]0x000045A2:	ADD.W	R4, R2, R4, ROR #16	;(R2=0x7BE3E103 R4=0x3649ACD6 )
(    libInnoSecure.so[0xCBBCB000])[65 40       ]0x000045A6:	EORS	R5, R4	;(R5=0xCD836C27 R4=0x28BA174C )
(    libInnoSecure.so[0xCBBCB000])[29 44       ]0x000045A8:	ADD	R1, R5	;(R1=0x1F43CEB4 R5=0xE5397B6B )
(    libInnoSecure.so[0xCBBCB000])[41 F6 05 55 ]0x000045AA:	MOVW	R5, #0X1D05
(    libInnoSecure.so[0xCBBCB000])[C0 F2 88 45 ]0x000045AE:	MOVT	R5, #0X488	;(R5=0x00001D05 )
(    libInnoSecure.so[0xCBBCB000])[29 44       ]0x000045B2:	ADD	R1, R5	;(R1=0x047D4A1F R5=0x04881D05 )
(    libInnoSecure.so[0xCBBCB000])[84 EA 02 05 ]0x000045B4:	EOR.W	R5, R4, R2	;(R4=0x28BA174C R2=0x7BE3E103 )
(    libInnoSecure.so[0xCBBCB000])[42 44       ]0x000045B8:	ADD	R2, R8	;(R2=0x7BE3E103 R8=0x64303731 )
(    libInnoSecure.so[0xCBBCB000])[04 EB 71 21 ]0x000045BA:	ADD.W	R1, R4, R1, ROR #9	;(R4=0x28BA174C R1=0x09056724 )
(    libInnoSecure.so[0xCBBCB000])[85 EA 01 0E ]0x000045BE:	EOR.W	LR, R5, R1	;(R5=0x5359F64F R1=0xBABE99FF )
(    libInnoSecure.so[0xCBBCB000])[10 9D       ]0x000045C2:	LDR	R5, [SP, #0X40]	;(SP=0x100FFD18 )
(    libInnoSecure.so[0xCBBCB000])[28 44       ]0x000045C4:	ADD	R0, R5	;(R0=0xB6608D24 R5=0x62343537 )
(    libInnoSecure.so[0xCBBCB000])[4D F2 39 05 ]0x000045C6:	MOVW	R5, #0XD039
(    libInnoSecure.so[0xCBBCB000])[70 44       ]0x000045CA:	ADD	R0, LR	;(R0=0x1894C25B LR=0xE9E76FB0 )
(    libInnoSecure.so[0xCBBCB000])[CD F6 D4 15 ]0x000045CC:	MOVT	R5, #0XD9D4	;(R5=0x0000D039 )
(    libInnoSecure.so[0xCBBCB000])[28 44       ]0x000045D0:	ADD	R0, R5	;(R0=0x027C320B R5=0xD9D4D039 )
(    libInnoSecure.so[0xCBBCB000])[81 EA 04 05 ]0x000045D2:	EOR.W	R5, R1, R4	;(R1=0xBABE99FF R4=0x28BA174C )
(    libInnoSecure.so[0xCBBCB000])[DD F8 0C E0 ]0x000045D6:	LDR.W	LR, [SP, #0XC]	;(SP=0x100FFD18 )
(    libInnoSecure.so[0xCBBCB000])[01 EB 30 70 ]0x000045DA:	ADD.W	R0, R1, R0, ROR #28	;(R1=0xBABE99FF R0=0xDC510244 )
(    libInnoSecure.so[0xCBBCB000])[45 40       ]0x000045DE:	EORS	R5, R0	;(R5=0x92048EB3 R0=0x7FCEBE4C )
(    libInnoSecure.so[0xCBBCB000])[74 44       ]0x000045E0:	ADD	R4, LR	;(R4=0x28BA174C LR=0x30333333 )
(    libInnoSecure.so[0xCBBCB000])[2A 44       ]0x000045E2:	ADD	R2, R5	;(R2=0xE0141834 R5=0xEDCA30FF )
(    libInnoSecure.so[0xCBBCB000])[49 F6 E5 15 ]0x000045E4:	MOVW	R5, #0X99E5
(    libInnoSecure.so[0xCBBCB000])[CE F2 DB 65 ]0x000045E8:	MOVT	R5, #0XE6DB	;(R5=0x000099E5 )
(    libInnoSecure.so[0xCBBCB000])[2A 44       ]0x000045EC:	ADD	R2, R5	;(R2=0xCDDE4933 R5=0xE6DB99E5 )
(    libInnoSecure.so[0xCBBCB000])[80 EA 01 05 ]0x000045EE:	EOR.W	R5, R0, R1	;(R0=0x7FCEBE4C R1=0xBABE99FF )
(    libInnoSecure.so[0xCBBCB000])[51 44       ]0x000045F2:	ADD	R1, SL	;(R1=0xBABE99FF SL=0x65343334 )
(    libInnoSecure.so[0xCBBCB000])[00 EB 72 52 ]0x000045F4:	ADD.W	R2, R0, R2, ROR #21	;(R0=0x7FCEBE4C R2=0xB4B9E318 )
(    libInnoSecure.so[0xCBBCB000])[55 40       ]0x000045F8:	EORS	R5, R2	;(R5=0xC57027B3 R2=0x4EE783F1 )
(    libInnoSecure.so[0xCBBCB000])[2C 44       ]0x000045FA:	ADD	R4, R5	;(R4=0x58ED4A7F R5=0x8B97A442 )
(    libInnoSecure.so[0xCBBCB000])[47 F6 F8 45 ]0x000045FC:	MOVW	R5, #0X7CF8
(    libInnoSecure.so[0xCBBCB000])[C1 F6 A2 75 ]0x00004600:	MOVT	R5, #0X1FA2	;(R5=0x00007CF8 )
(    libInnoSecure.so[0xCBBCB000])[2C 44       ]0x00004604:	ADD	R4, R5	;(R4=0xE484EEC1 R5=0x1FA27CF8 )
(    libInnoSecure.so[0xCBBCB000])[82 EA 00 05 ]0x00004606:	EOR.W	R5, R2, R0	;(R2=0x4EE783F1 R0=0x7FCEBE4C )
(    libInnoSecure.so[0xCBBCB000])[30 44       ]0x0000460A:	ADD	R0, R6	;(R0=0x7FCEBE4C R6=0x62303430 )
(    libInnoSecure.so[0xCBBCB000])[02 EB 34 44 ]0x0000460C:	ADD.W	R4, R2, R4, ROR #16	;(R2=0x4EE783F1 R4=0x04276BB9 )
(    libInnoSecure.so[0xCBBCB000])[45 F6 C3 16 ]0x00004610:	MOVW	R6, #0X59C3
(    libInnoSecure.so[0xCBBCB000])[65 40       ]0x00004614:	EORS	R5, R4	;(R5=0x31293DBD R4=0xBAA08818 )
(    libInnoSecure.so[0xCBBCB000])[C6 F2 5B 56 ]0x00004616:	MOVT	R6, #0X655B	;(R6=0x000059C3 )
(    libInnoSecure.so[0xCBBCB000])[29 44       ]0x0000461A:	ADD	R1, R5	;(R1=0x1FF2CD33 R5=0x8B89B5A5 )
(    libInnoSecure.so[0xCBBCB000])[45 F2 65 65 ]0x0000461C:	MOVW	R5, #0X5665
(    libInnoSecure.so[0xCBBCB000])[CC F2 AC 45 ]0x00004620:	MOVT	R5, #0XC4AC	;(R5=0x00005665 )
(    libInnoSecure.so[0xCBBCB000])[29 44       ]0x00004624:	ADD	R1, R5	;(R1=0xAB7C82D8 R5=0xC4AC5665 )
(    libInnoSecure.so[0xCBBCB000])[04 EB 71 21 ]0x00004626:	ADD.W	R1, R4, R1, ROR #9	;(R4=0xBAA08818 R1=0x7028D93D )
(    libInnoSecure.so[0xCBBCB000])[61 EA 02 05 ]0x0000462A:	ORN	R5, R1, R2	;(R1=0x59589C84 R2=0x4EE783F1 )
(    libInnoSecure.so[0xCBBCB000])[1A 44       ]0x0000462E:	ADD	R2, R3	;(R2=0x4EE783F1 R3=0x33313330 )
(    libInnoSecure.so[0xCBBCB000])[65 40       ]0x00004630:	EORS	R5, R4	;(R5=0xF958FC8E R4=0xBAA08818 )
(    libInnoSecure.so[0xCBBCB000])[01 9B       ]0x00004632:	LDR	R3, [SP, #4]	;(SP=0x100FFD18 )
(    libInnoSecure.so[0xCBBCB000])[28 44       ]0x00004634:	ADD	R0, R5	;(R0=0xE1FEF27C R5=0x43F87496 )
(    libInnoSecure.so[0xCBBCB000])[42 F2 44 25 ]0x00004636:	MOVW	R5, #0X2244
(    libInnoSecure.so[0xCBBCB000])[CF F2 29 45 ]0x0000463A:	MOVT	R5, #0XF429	;(R5=0x00002244 )
(    libInnoSecure.so[0xCBBCB000])[28 44       ]0x0000463E:	ADD	R0, R5	;(R0=0x25F76712 R5=0xF4292244 )
(    libInnoSecure.so[0xCBBCB000])[23 44       ]0x00004640:	ADD	R3, R4	;(R3=0x35333033 R4=0xBAA08818 )
(    libInnoSecure.so[0xCBBCB000])[01 EB B0 60 ]0x00004642:	ADD.W	R0, R1, R0, ROR #26	;(R1=0x59589C84 R0=0x1A208956 )
(    libInnoSecure.so[0xCBBCB000])[60 EA 04 05 ]0x00004646:	ORN	R5, R0, R4	;(R0=0xE17AF20A R4=0xBAA08818 )
(    libInnoSecure.so[0xCBBCB000])[42 F2 A7 34 ]0x0000464A:	MOVW	R4, #0X23A7
(    libInnoSecure.so[0xCBBCB000])[4D 40       ]0x0000464E:	EORS	R5, R1	;(R5=0xE57FF7EF R1=0x59589C84 )
(    libInnoSecure.so[0xCBBCB000])[CA F6 94 34 ]0x00004650:	MOVT	R4, #0XAB94	;(R4=0x000023A7 )
(    libInnoSecure.so[0xCBBCB000])[2A 44       ]0x00004654:	ADD	R2, R5	;(R2=0x8218B721 R5=0xBC276B6B )
(    libInnoSecure.so[0xCBBCB000])[4F F6 97 75 ]0x00004656:	MOVW	R5, #0XFF97
(    libInnoSecure.so[0xCBBCB000])[C4 F2 2A 35 ]0x0000465A:	MOVT	R5, #0X432A	;(R5=0x0000FF97 )
(    libInnoSecure.so[0xCBBCB000])[2A 44       ]0x0000465E:	ADD	R2, R5	;(R2=0x3E40228C R5=0x432AFF97 )
(    libInnoSecure.so[0xCBBCB000])[00 EB B2 52 ]0x00004660:	ADD.W	R2, R0, R2, ROR #22	;(R0=0xE17AF20A R2=0x816B2223 )
(    libInnoSecure.so[0xCBBCB000])[62 EA 01 05 ]0x00004664:	ORN	R5, R2, R1	;(R2=0x8E03800F R1=0x59589C84 )
(    libInnoSecure.so[0xCBBCB000])[45 40       ]0x00004668:	EORS	R5, R0	;(R5=0xAEA7E37F R0=0xE17AF20A )
(    libInnoSecure.so[0xCBBCB000])[2B 44       ]0x0000466A:	ADD	R3, R5	;(R3=0xEFD3B84B R5=0x4FDD1175 )
(    libInnoSecure.so[0xCBBCB000])[09 9D       ]0x0000466C:	LDR	R5, [SP, #0X24]	;(SP=0x100FFD18 )
(    libInnoSecure.so[0xCBBCB000])[23 44       ]0x0000466E:	ADD	R3, R4	;(R3=0x3FB0C9C0 R4=0xAB9423A7 )
(    libInnoSecure.so[0xCBBCB000])[29 44       ]0x00004670:	ADD	R1, R5	;(R1=0x59589C84 R5=0x33303630 )
(    libInnoSecure.so[0xCBBCB000])[11 9D       ]0x00004672:	LDR	R5, [SP, #0X44]	;(SP=0x100FFD18 )
(    libInnoSecure.so[0xCBBCB000])[02 EB 73 43 ]0x00004674:	ADD.W	R3, R2, R3, ROR #17	;(R2=0x8E03800F R3=0xEB44ED67 )
(    libInnoSecure.so[0xCBBCB000])[63 EA 00 04 ]0x00004678:	ORN	R4, R3, R0	;(R3=0x04B775B1 R0=0xE17AF20A )
(    libInnoSecure.so[0xCBBCB000])[40 44       ]0x0000467C:	ADD	R0, R8	;(R0=0xE17AF20A R8=0x64303731 )
(    libInnoSecure.so[0xCBBCB000])[54 40       ]0x0000467E:	EORS	R4, R2	;(R4=0x1EB77DF5 R2=0x8E03800F )
(    libInnoSecure.so[0xCBBCB000])[21 44       ]0x00004680:	ADD	R1, R4	;(R1=0x8C88D2B4 R4=0x90B4FDFA )
(    libInnoSecure.so[0xCBBCB000])[4A F2 39 04 ]0x00004682:	MOVW	R4, #0XA039
(    libInnoSecure.so[0xCBBCB000])[CF F6 93 44 ]0x00004686:	MOVT	R4, #0XFC93	;(R4=0x0000A039 )
(    libInnoSecure.so[0xCBBCB000])[21 44       ]0x0000468A:	ADD	R1, R4	;(R1=0x1D3DD0AE R4=0xFC93A039 )
(    libInnoSecure.so[0xCBBCB000])[03 EB F1 21 ]0x0000468C:	ADD.W	R1, R3, R1, ROR #11	;(R3=0x04B775B1 R1=0x19D170E7 )
(    libInnoSecure.so[0xCBBCB000])[61 EA 02 04 ]0x00004690:	ORN	R4, R1, R2	;(R1=0x219AAFDF R2=0x8E03800F )
(    libInnoSecure.so[0xCBBCB000])[62 44       ]0x00004694:	ADD	R2, IP	;(R2=0x8E03800F IP=0x65303133 )
(    libInnoSecure.so[0xCBBCB000])[5C 40       ]0x00004696:	EORS	R4, R3	;(R4=0x71FEFFFF R3=0x04B775B1 )
(    libInnoSecure.so[0xCBBCB000])[DD F8 1C C0 ]0x00004698:	LDR.W	IP, [SP, #0X1C]	;(SP=0x100FFD18 )
(    libInnoSecure.so[0xCBBCB000])[20 44       ]0x0000469C:	ADD	R0, R4	;(R0=0x45AB293B R4=0x75498A4E )
(    libInnoSecure.so[0xCBBCB000])[30 44       ]0x0000469E:	ADD	R0, R6	;(R0=0xBAF4B389 R6=0x655B59C3 )
(    libInnoSecure.so[0xCBBCB000])[01 EB B0 60 ]0x000046A0:	ADD.W	R0, R1, R0, ROR #26	;(R1=0x219AAFDF R0=0x20500D4C )
(    libInnoSecure.so[0xCBBCB000])[60 EA 03 06 ]0x000046A4:	ORN	R6, R0, R3	;(R0=0x359E02E7 R3=0x04B775B1 )
(    libInnoSecure.so[0xCBBCB000])[5B 44       ]0x000046A8:	ADD	R3, FP	;(R3=0x04B775B1 FP=0x65363136 )
(    libInnoSecure.so[0xCBBCB000])[4E 40       ]0x000046AA:	EORS	R6, R1	;(R6=0xFFDE8AEF R1=0x219AAFDF )
(    libInnoSecure.so[0xCBBCB000])[32 44       ]0x000046AC:	ADD	R2, R6	;(R2=0xF333B142 R6=0xDE442530 )
(    libInnoSecure.so[0xCBBCB000])[4C F6 92 46 ]0x000046AE:	MOVW	R6, #0XCC92
(    libInnoSecure.so[0xCBBCB000])[C8 F6 0C 76 ]0x000046B2:	MOVT	R6, #0X8F0C	;(R6=0x0000CC92 )
(    libInnoSecure.so[0xCBBCB000])[32 44       ]0x000046B6:	ADD	R2, R6	;(R2=0xD177D672 R6=0x8F0CCC92 )
(    libInnoSecure.so[0xCBBCB000])[00 EB B2 52 ]0x000046B8:	ADD.W	R2, R0, R2, ROR #22	;(R0=0x359E02E7 R2=0x6084A304 )
(    libInnoSecure.so[0xCBBCB000])[62 EA 01 06 ]0x000046BC:	ORN	R6, R2, R1	;(R2=0x482A1469 R1=0x219AAFDF )
(    libInnoSecure.so[0xCBBCB000])[29 44       ]0x000046C0:	ADD	R1, R5	;(R1=0x219AAFDF R5=0x32303331 )
(    libInnoSecure.so[0xCBBCB000])[46 40       ]0x000046C2:	EORS	R6, R0	;(R6=0xDE6F5469 R0=0x359E02E7 )
(    libInnoSecure.so[0xCBBCB000])[0A 9D       ]0x000046C4:	LDR	R5, [SP, #0X28]	;(SP=0x100FFD18 )
(    libInnoSecure.so[0xCBBCB000])[33 44       ]0x000046C6:	ADD	R3, R6	;(R3=0x69EDA6E7 R6=0xEBF1568E )
(    libInnoSecure.so[0xCBBCB000])[4F F2 7D 46 ]0x000046C8:	MOVW	R6, #0XF47D
(    libInnoSecure.so[0xCBBCB000])[CF F6 EF 76 ]0x000046CC:	MOVT	R6, #0XFFEF	;(R6=0x0000F47D )
(    libInnoSecure.so[0xCBBCB000])[33 44       ]0x000046D0:	ADD	R3, R6	;(R3=0x55DEFD75 R6=0xFFEFF47D )
(    libInnoSecure.so[0xCBBCB000])[02 EB 73 43 ]0x000046D2:	ADD.W	R3, R2, R3, ROR #17	;(R2=0x482A1469 R3=0x55CEF1F2 )
(    libInnoSecure.so[0xCBBCB000])[63 EA 00 06 ]0x000046D6:	ORN	R6, R3, R0	;(R3=0xC1233F50 R0=0x359E02E7 )
(    libInnoSecure.so[0xCBBCB000])[28 44       ]0x000046DA:	ADD	R0, R5	;(R0=0x359E02E7 R5=0x31353530 )
(    libInnoSecure.so[0xCBBCB000])[56 40       ]0x000046DC:	EORS	R6, R2	;(R6=0xCB63FF58 R2=0x482A1469 )
(    libInnoSecure.so[0xCBBCB000])[08 9D       ]0x000046DE:	LDR	R5, [SP, #0X20]	;(SP=0x100FFD18 )
(    libInnoSecure.so[0xCBBCB000])[31 44       ]0x000046E0:	ADD	R1, R6	;(R1=0x53CAE310 R6=0x8349EB31 )
(    libInnoSecure.so[0xCBBCB000])[45 F6 D1 56 ]0x000046E2:	MOVW	R6, #0X5DD1
(    libInnoSecure.so[0xCBBCB000])[C8 F2 84 56 ]0x000046E6:	MOVT	R6, #0X8584	;(R6=0x00005DD1 )
(    libInnoSecure.so[0xCBBCB000])[31 44       ]0x000046EA:	ADD	R1, R6	;(R1=0xD714CE41 R6=0x85845DD1 )
(    libInnoSecure.so[0xCBBCB000])[03 EB F1 21 ]0x000046EC:	ADD.W	R1, R3, R1, ROR #11	;(R3=0xC1233F50 R1=0x5C992C12 )
(    libInnoSecure.so[0xCBBCB000])[61 EA 02 06 ]0x000046F0:	ORN	R6, R1, R2	;(R1=0x436ED275 R2=0x482A1469 )
(    libInnoSecure.so[0xCBBCB000])[72 44       ]0x000046F4:	ADD	R2, LR	;(R2=0x482A1469 LR=0x30333333 )
(    libInnoSecure.so[0xCBBCB000])[5E 40       ]0x000046F6:	EORS	R6, R3	;(R6=0xF7FFFBF7 R3=0xC1233F50 )
(    libInnoSecure.so[0xCBBCB000])[30 44       ]0x000046F8:	ADD	R0, R6	;(R0=0x66D33817 R6=0x36DCC4A7 )
(    libInnoSecure.so[0xCBBCB000])[47 F6 4F 66 ]0x000046FA:	MOVW	R6, #0X7E4F
(    libInnoSecure.so[0xCBBCB000])[C6 F6 A8 76 ]0x000046FE:	MOVT	R6, #0X6FA8	;(R6=0x00007E4F )
(    libInnoSecure.so[0xCBBCB000])[30 44       ]0x00004702:	ADD	R0, R6	;(R0=0x9DAFFCBE R6=0x6FA87E4F )
(    libInnoSecure.so[0xCBBCB000])[01 EB B0 66 ]0x00004704:	ADD.W	R6, R1, R0, ROR #26	;(R1=0x436ED275 R0=0x0D587B0D )
(    libInnoSecure.so[0xCBBCB000])[66 EA 03 00 ]0x00004708:	ORN	R0, R6, R3	;(R6=0x998D95B8 R3=0xC1233F50 )
(    libInnoSecure.so[0xCBBCB000])[4B 44       ]0x0000470C:	ADD	R3, SB	;(R3=0xC1233F50 SB=0x34303535 )
(    libInnoSecure.so[0xCBBCB000])[48 40       ]0x0000470E:	EORS	R0, R1	;(R0=0xBFDDD5BF R1=0x436ED275 )
(    libInnoSecure.so[0xCBBCB000])[10 44       ]0x00004710:	ADD	R0, R2	;(R0=0xFCB307CA R2=0x785D479C )
(    libInnoSecure.so[0xCBBCB000])[4E F2 E0 62 ]0x00004712:	MOVW	R2, #0XE6E0
(    libInnoSecure.so[0xCBBCB000])[CF F6 2C 62 ]0x00004716:	MOVT	R2, #0XFE2C	;(R2=0x0000E6E0 )
(    libInnoSecure.so[0xCBBCB000])[10 44       ]0x0000471A:	ADD	R0, R2	;(R0=0x75104F66 R2=0xFE2CE6E0 )
(    libInnoSecure.so[0xCBBCB000])[06 EB B0 52 ]0x0000471C:	ADD.W	R2, R6, R0, ROR #22	;(R6=0x998D95B8 R0=0x733D3646 )
(    libInnoSecure.so[0xCBBCB000])[62 EA 01 00 ]0x00004720:	ORN	R0, R2, R1	;(R2=0x8E66AF84 R1=0x436ED275 )
(    libInnoSecure.so[0xCBBCB000])[29 44       ]0x00004724:	ADD	R1, R5	;(R1=0x436ED275 R5=0x36333133 )
(    libInnoSecure.so[0xCBBCB000])[70 40       ]0x00004726:	EORS	R0, R6	;(R0=0xBEF7AF8E R6=0x998D95B8 )
(    libInnoSecure.so[0xCBBCB000])[0B 9D       ]0x00004728:	LDR	R5, [SP, #0X2C]	;(SP=0x100FFD18 )
(    libInnoSecure.so[0xCBBCB000])[18 44       ]0x0000472A:	ADD	R0, R3	;(R0=0x277A3A36 R3=0xF5537485 )
(    libInnoSecure.so[0xCBBCB000])[44 F2 14 33 ]0x0000472C:	MOVW	R3, #0X4314
(    libInnoSecure.so[0xCBBCB000])[CA F2 01 33 ]0x00004730:	MOVT	R3, #0XA301	;(R3=0x00004314 )
(    libInnoSecure.so[0xCBBCB000])[18 44       ]0x00004734:	ADD	R0, R3	;(R0=0x1CCDAEBB R3=0xA3014314 )
(    libInnoSecure.so[0xCBBCB000])[02 EB 70 40 ]0x00004736:	ADD.W	R0, R2, R0, ROR #17	;(R2=0x8E66AF84 R0=0xBFCEF1CF )
(    libInnoSecure.so[0xCBBCB000])[60 EA 06 03 ]0x0000473A:	ORN	R3, R0, R6	;(R0=0x074E8F6B R6=0x998D95B8 )
(    libInnoSecure.so[0xCBBCB000])[2E 44       ]0x0000473E:	ADD	R6, R5	;(R6=0x998D95B8 R5=0x63303033 )
(    libInnoSecure.so[0xCBBCB000])[53 40       ]0x00004740:	EORS	R3, R2	;(R3=0x677EEF6F R2=0x8E66AF84 )
(    libInnoSecure.so[0xCBBCB000])[19 44       ]0x00004742:	ADD	R1, R3	;(R1=0x79A203A8 R3=0xE91840EB )
(    libInnoSecure.so[0xCBBCB000])[41 F2 A1 13 ]0x00004744:	MOVW	R3, #0X11A1
(    libInnoSecure.so[0xCBBCB000])[C4 F6 08 63 ]0x00004748:	MOVT	R3, #0X4E08	;(R3=0x000011A1 )
(    libInnoSecure.so[0xCBBCB000])[19 44       ]0x0000474C:	ADD	R1, R3	;(R1=0x62BA4493 R3=0x4E0811A1 )
(    libInnoSecure.so[0xCBBCB000])[00 EB F1 21 ]0x0000474E:	ADD.W	R1, R0, R1, ROR #11	;(R0=0x074E8F6B R1=0xB0C25634 )
(    libInnoSecure.so[0xCBBCB000])[61 EA 02 03 ]0x00004752:	ORN	R3, R1, R2	;(R1=0xCDE4A7B5 R2=0x8E66AF84 )
(    libInnoSecure.so[0xCBBCB000])[43 40       ]0x00004756:	EORS	R3, R0	;(R3=0xFDFDF7FF R0=0x074E8F6B )
(    libInnoSecure.so[0xCBBCB000])[33 44       ]0x00004758:	ADD	R3, R6	;(R3=0xFAB37894 R6=0xFCBDC5EB )
(    libInnoSecure.so[0xCBBCB000])[47 F6 82 66 ]0x0000475A:	MOVW	R6, #0X7E82
(    libInnoSecure.so[0xCBBCB000])[CF F2 53 76 ]0x0000475E:	MOVT	R6, #0XF753	;(R6=0x00007E82 )
(    libInnoSecure.so[0xCBBCB000])[33 44       ]0x00004762:	ADD	R3, R6	;(R3=0xF7713E7F R6=0xF7537E82 )
(    libInnoSecure.so[0xCBBCB000])[DC F8 00 60 ]0x00004764:	LDR.W	R6, [IP]	;(IP=0x100FFEF8 )
(    libInnoSecure.so[0xCBBCB000])[01 EB B3 63 ]0x00004768:	ADD.W	R3, R1, R3, ROR #26	;(R1=0xCDE4A7B5 R3=0xEEC4BD01 )
(    libInnoSecure.so[0xCBBCB000])[1E 44       ]0x0000476C:	ADD	R6, R3	;(R6=0xBB87C9AB R3=0x7F13E830 )
(    libInnoSecure.so[0xCBBCB000])[CC F8 00 60 ]0x0000476E:	STR.W	R6, [IP]	;(R6=0x3A9BB1DB IP=0x100FFEF8 )
(    libInnoSecure.so[0xCBBCB000])[05 9D       ]0x00004772:	LDR	R5, [SP, #0X14]	;(SP=0x100FFD18 )
(    libInnoSecure.so[0xCBBCB000])[63 EA 00 06 ]0x00004774:	ORN	R6, R3, R0	;(R3=0x7F13E830 R0=0x074E8F6B )
(    libInnoSecure.so[0xCBBCB000])[4E 40       ]0x00004778:	EORS	R6, R1	;(R6=0xFFB3F8B4 R1=0xCDE4A7B5 )
(    libInnoSecure.so[0xCBBCB000])[50 44       ]0x0000477A:	ADD	R0, SL	;(R0=0x074E8F6B SL=0x65343334 )
(    libInnoSecure.so[0xCBBCB000])[2A 44       ]0x0000477C:	ADD	R2, R5	;(R2=0x8E66AF84 R5=0x65313033 )
(    libInnoSecure.so[0xCBBCB000])[32 44       ]0x0000477E:	ADD	R2, R6	;(R2=0xF397DFB7 R6=0x32575F01 )
(    libInnoSecure.so[0xCBBCB000])[4F F2 35 26 ]0x00004780:	MOVW	R6, #0XF235
(    libInnoSecure.so[0xCBBCB000])[CB F6 3A 56 ]0x00004784:	MOVT	R6, #0XBD3A	;(R6=0x0000F235 )
(    libInnoSecure.so[0xCBBCB000])[32 44       ]0x00004788:	ADD	R2, R6	;(R2=0x25EF3EB8 R6=0xBD3AF235 )
(    libInnoSecure.so[0xCBBCB000])[DC E9 01 65 ]0x0000478A:	LDRD	R6, R5, [IP, #4]	;(IP=0x100FFEF8 )
(    libInnoSecure.so[0xCBBCB000])[DC F8 0C 40 ]0x0000478E:	LDR.W	R4, [IP, #0XC]	;(IP=0x100FFEF8 )
(    libInnoSecure.so[0xCBBCB000])[03 EB B2 52 ]0x00004792:	ADD.W	R2, R3, R2, ROR #22	;(R3=0x7F13E830 R2=0xE32A30ED )
(    libInnoSecure.so[0xCBBCB000])[14 44       ]0x00004796:	ADD	R4, R2	;(R4=0x2463380A R2=0x27D79FBC )
(    libInnoSecure.so[0xCBBCB000])[CC F8 0C 40 ]0x00004798:	STR.W	R4, [IP, #0XC]	;(R4=0x4C3AD7C6 IP=0x100FFEF8 )
(    libInnoSecure.so[0xCBBCB000])[62 EA 01 04 ]0x0000479C:	ORN	R4, R2, R1	;(R2=0x27D79FBC R1=0xCDE4A7B5 )
(    libInnoSecure.so[0xCBBCB000])[5C 40       ]0x000047A0:	EORS	R4, R3	;(R4=0x37DFDFFE R3=0x7F13E830 )
(    libInnoSecure.so[0xCBBCB000])[20 44       ]0x000047A2:	ADD	R0, R4	;(R0=0x6C82C29F R4=0x48CC37CE )
(    libInnoSecure.so[0xCBBCB000])[4D F2 BB 24 ]0x000047A4:	MOVW	R4, #0XD2BB
(    libInnoSecure.so[0xCBBCB000])[C2 F6 D7 24 ]0x000047A8:	MOVT	R4, #0X2AD7	;(R4=0x0000D2BB )
(    libInnoSecure.so[0xCBBCB000])[20 44       ]0x000047AC:	ADD	R0, R4	;(R0=0xB54EFA6D R4=0x2AD7D2BB )
(    libInnoSecure.so[0xCBBCB000])[02 EB 70 40 ]0x000047AE:	ADD.W	R0, R2, R0, ROR #17	;(R2=0x27D79FBC R0=0xE026CD28 )
(    libInnoSecure.so[0xCBBCB000])[05 44       ]0x000047B2:	ADD	R5, R0	;(R5=0xA71FFD30 R0=0x8E6C0FCF )
(    libInnoSecure.so[0xCBBCB000])[60 EA 03 03 ]0x000047B4:	ORN	R3, R0, R3	;(R0=0x8E6C0FCF R3=0x7F13E830 )
(    libInnoSecure.so[0xCBBCB000])[CC F8 08 50 ]0x000047B8:	STR.W	R5, [IP, #8]	;(R5=0x358C0CFF IP=0x100FFEF8 )
(    libInnoSecure.so[0xCBBCB000])[5A 40       ]0x000047BC:	EORS	R2, R3	;(R2=0x27D79FBC R3=0x8EEC1FCF )
(    libInnoSecure.so[0xCBBCB000])[10 9B       ]0x000047BE:	LDR	R3, [SP, #0X40]	;(SP=0x100FFD18 )
(    libInnoSecure.so[0xCBBCB000])[30 44       ]0x000047C0:	ADD	R0, R6	;(R0=0x8E6C0FCF R6=0xF5AE6C46 )
(    libInnoSecure.so[0xCBBCB000])[19 44       ]0x000047C2:	ADD	R1, R3	;(R1=0xCDE4A7B5 R3=0x62343537 )
(    libInnoSecure.so[0xCBBCB000])[11 44       ]0x000047C4:	ADD	R1, R2	;(R1=0x3018DCEC R2=0xA93B8073 )
(    libInnoSecure.so[0xCBBCB000])[4D F2 91 32 ]0x000047C6:	MOVW	R2, #0XD391
(    libInnoSecure.so[0xCBBCB000])[CE F6 86 32 ]0x000047CA:	MOVT	R2, #0XEB86	;(R2=0x0000D391 )
(    libInnoSecure.so[0xCBBCB000])[11 44       ]0x000047CE:	ADD	R1, R2	;(R1=0xD9545D5F R2=0xEB86D391 )
(    libInnoSecure.so[0xCBBCB000])[00 EB F1 20 ]0x000047D0:	ADD.W	R0, R0, R1, ROR #11	;(R0=0x841A7C15 R1=0xC4DB30F0 )
(    libInnoSecure.so[0xCBBCB000])[CC F8 04 00 ]0x000047D4:	STR.W	R0, [IP, #4]	;(R0=0xA233177B IP=0x100FFEF8 )
(    libInnoSecure.so[0xCBBCB000])[07 48       ]0x000047D8:	LDR	R0, [PC, #0X1C]	;(PC=0xCBBCF7D8 )
(    libInnoSecure.so[0xCBBCB000])[52 99       ]0x000047DA:	LDR	R1, [SP, #0X148]	;(SP=0x100FFD18 )
(    libInnoSecure.so[0xCBBCB000])[78 44       ]0x000047DC:	ADD	R0, PC	;(R0=0x000056C0 PC=0xCBBCF7DC )
(    libInnoSecure.so[0xCBBCB000])[00 68       ]0x000047DE:	LDR	R0, [R0]	;(R0=0xCBBD4EA0 )
(    libInnoSecure.so[0xCBBCB000])[00 68       ]0x000047E0:	LDR	R0, [R0]	;(R0=0xCBC29384 )
(    libInnoSecure.so[0xCBBCB000])[40 1A       ]0x000047E2:	SUBS	R0, R0, R1	;(R0=0x00000000 R1=0x00000000 )
(    libInnoSecure.so[0xCBBCB000])[02 BF       ]0x000047E4:	ITTT	EQ
(    libInnoSecure.so[0xCBBCB000])[53 B0       ]0x000047E6:	ADD	SP, #0X14C	;(SP=0x100FFD18 )
(    libInnoSecure.so[0xCBBCB000])[BD E8 00 0F ]0x000047E8:	POP.W	{R8, SB, SL, FP}	;(SP=0x100FFE64 )
(    libInnoSecure.so[0xCBBCB000])[F0 BD       ]0x000047EC:	POP	{R4, R5, R6, R7, PC}	;(SP=0x100FFE74 )
(    libInnoSecure.so[0xCBBCB000])[05 F1 80 00 ]0x0000402E:	ADD.W	R0, R5, #0X80	;(R5=0x000000C0 )
(    libInnoSecure.so[0xCBBCB000])[40 35       ]0x00004032:	ADDS	R5, #0X40	;(R5=0x000000C0 )
(    libInnoSecure.so[0xCBBCB000])[A0 42       ]0x00004034:	CMP	R0, R4	;(R0=0x00000140 R4=0x0000043E )
(    libInnoSecure.so[0xCBBCB000])[F5 D9       ]0x00004036:	BLS	#0XCBBCF024
(    libInnoSecure.so[0xCBBCB000])[09 EB 05 01 ]0x00004024:	ADD.W	R1, SB, R5	;(SB=0x30043020 R5=0x00000100 )
(    libInnoSecure.so[0xCBBCB000])[30 46       ]0x00004028:	MOV	R0, R6	;(R6=0x100FFEF8 )
(    libInnoSecure.so[0xCBBCB000])[00 F0 11 F8 ]0x0000402A:	BL	#0XCBBCF050	;(PC=0xCBBCF02A )
(    libInnoSecure.so[0xCBBCB000])[F0 B5       ]0x00004050:	PUSH	{R4, R5, R6, R7, LR}	;(SP=0x100FFE88 R4=0x0000043E R5=0x00000100 R6=0x100FFEF8 R7=0x100FFEA0 LR=0xCBBCF02F )
(    libInnoSecure.so[0xCBBCB000])[03 AF       ]0x00004052:	ADD	R7, SP, #0XC	;(SP=0x100FFE74 )
(    libInnoSecure.so[0xCBBCB000])[2D E9 00 0F ]0x00004054:	PUSH.W	{R8, SB, SL, FP}	;(SP=0x100FFE74 R8=0x100FFEF0 SB=0x30043020 SL=0x100FFF08 FP=0x00000007 )
(    libInnoSecure.so[0xCBBCB000])[D3 B0       ]0x00004058:	SUB	SP, #0X14C	;(SP=0x100FFE64 )
(    libInnoSecure.so[0xCBBCB000])[DF F8 98 27 ]0x0000405A:	LDR.W	R2, [PC, #0X798]	;(PC=0xCBBCF05A )
(    libInnoSecure.so[0xCBBCB000])[12 AC       ]0x0000405E:	ADD	R4, SP, #0X48	;(SP=0x100FFD18 )
(    libInnoSecure.so[0xCBBCB000])[00 25       ]0x00004060:	MOVS	R5, #0
(    libInnoSecure.so[0xCBBCB000])[7A 44       ]0x00004062:	ADD	R2, PC	;(R2=0x00005E3A PC=0xCBBCF062 )
(    libInnoSecure.so[0xCBBCB000])[12 68       ]0x00004064:	LDR	R2, [R2]	;(R2=0xCBBD4EA0 )
(    libInnoSecure.so[0xCBBCB000])[12 68       ]0x00004066:	LDR	R2, [R2]	;(R2=0xCBC29384 )
(    libInnoSecure.so[0xCBBCB000])[52 92       ]0x00004068:	STR	R2, [SP, #0X148]	;(R2=0x00000000 SP=0x100FFD18 )
(    libInnoSecure.so[0xCBBCB000])[D0 E9 00 C2 ]0x0000406A:	LDRD	IP, R2, [R0]	;(R0=0x100FFEF8 )
(    libInnoSecure.so[0xCBBCB000])[D0 F8 08 E0 ]0x0000406E:	LDR.W	LR, [R0, #8]	;(R0=0x100FFEF8 )
(    libInnoSecure.so[0xCBBCB000])[07 90       ]0x00004072:	STR	R0, [SP, #0X1C]	;(R0=0x100FFEF8 SP=0x100FFD18 )
(    libInnoSecure.so[0xCBBCB000])[C0 68       ]0x00004074:	LDR	R0, [R0, #0XC]	;(R0=0x100FFEF8 )
(    libInnoSecure.so[0xCBBCB000])[4E 59       ]0x00004076:	LDR	R6, [R1, R5]	;(R1=0x30043120 R5=0x00000000 )
(    libInnoSecure.so[0xCBBCB000])[66 51       ]0x00004078:	STR	R6, [R4, R5]	;(R6=0x37333033 R4=0x100FFD60 R5=0x00000000 )
(    libInnoSecure.so[0xCBBCB000])[04 35       ]0x0000407A:	ADDS	R5, #4	;(R5=0x00000000 )
(    libInnoSecure.so[0xCBBCB000])[40 2D       ]0x0000407C:	CMP	R5, #0X40	;(R5=0x00000004 )
(    libInnoSecure.so[0xCBBCB000])[FA D1       ]0x0000407E:	BNE	#0XCBBCF076
(    libInnoSecure.so[0xCBBCB000])[4E 59       ]0x00004076:	LDR	R6, [R1, R5]	;(R1=0x30043120 R5=0x00000004 )
(    libInnoSecure.so[0xCBBCB000])[66 51       ]0x00004078:	STR	R6, [R4, R5]	;(R6=0x34333233 R4=0x100FFD60 R5=0x00000004 )
(    libInnoSecure.so[0xCBBCB000])[04 35       ]0x0000407A:	ADDS	R5, #4	;(R5=0x00000004 )
(    libInnoSecure.so[0xCBBCB000])[40 2D       ]0x0000407C:	CMP	R5, #0X40	;(R5=0x00000008 )
(    libInnoSecure.so[0xCBBCB000])[FA D1       ]0x0000407E:	BNE	#0XCBBCF076
(    libInnoSecure.so[0xCBBCB000])[4E 59       ]0x00004076:	LDR	R6, [R1, R5]	;(R1=0x30043120 R5=0x00000008 )
(    libInnoSecure.so[0xCBBCB000])[66 51       ]0x00004078:	STR	R6, [R4, R5]	;(R6=0x38333333 R4=0x100FFD60 R5=0x00000008 )
(    libInnoSecure.so[0xCBBCB000])[04 35       ]0x0000407A:	ADDS	R5, #4	;(R5=0x00000008 )
(    libInnoSecure.so[0xCBBCB000])[40 2D       ]0x0000407C:	CMP	R5, #0X40	;(R5=0x0000000C )
(    libInnoSecure.so[0xCBBCB000])[FA D1       ]0x0000407E:	BNE	#0XCBBCF076
(    libInnoSecure.so[0xCBBCB000])[4E 59       ]0x00004076:	LDR	R6, [R1, R5]	;(R1=0x30043120 R5=0x0000000C )
(    libInnoSecure.so[0xCBBCB000])[66 51       ]0x00004078:	STR	R6, [R4, R5]	;(R6=0x37316135 R4=0x100FFD60 R5=0x0000000C )
(    libInnoSecure.so[0xCBBCB000])[04 35       ]0x0000407A:	ADDS	R5, #4	;(R5=0x0000000C )
(    libInnoSecure.so[0xCBBCB000])[40 2D       ]0x0000407C:	CMP	R5, #0X40	;(R5=0x00000010 )
(    libInnoSecure.so[0xCBBCB000])[FA D1       ]0x0000407E:	BNE	#0XCBBCF076
(    libInnoSecure.so[0xCBBCB000])[4E 59       ]0x00004076:	LDR	R6, [R1, R5]	;(R1=0x30043120 R5=0x00000010 )
(    libInnoSecure.so[0xCBBCB000])[66 51       ]0x00004078:	STR	R6, [R4, R5]	;(R6=0x34336430 R4=0x100FFD60 R5=0x00000010 )
(    libInnoSecure.so[0xCBBCB000])[04 35       ]0x0000407A:	ADDS	R5, #4	;(R5=0x00000010 )
(    libInnoSecure.so[0xCBBCB000])[40 2D       ]0x0000407C:	CMP	R5, #0X40	;(R5=0x00000014 )
(    libInnoSecure.so[0xCBBCB000])[FA D1       ]0x0000407E:	BNE	#0XCBBCF076
(    libInnoSecure.so[0xCBBCB000])[4E 59       ]0x00004076:	LDR	R6, [R1, R5]	;(R1=0x30043120 R5=0x00000014 )
(    libInnoSecure.so[0xCBBCB000])[66 51       ]0x00004078:	STR	R6, [R4, R5]	;(R6=0x30333133 R4=0x100FFD60 R5=0x00000014 )
(    libInnoSecure.so[0xCBBCB000])[04 35       ]0x0000407A:	ADDS	R5, #4	;(R5=0x00000014 )
(    libInnoSecure.so[0xCBBCB000])[40 2D       ]0x0000407C:	CMP	R5, #0X40	;(R5=0x00000018 )
(    libInnoSecure.so[0xCBBCB000])[FA D1       ]0x0000407E:	BNE	#0XCBBCF076
(    libInnoSecure.so[0xCBBCB000])[4E 59       ]0x00004076:	LDR	R6, [R1, R5]	;(R1=0x30043120 R5=0x00000018 )
(    libInnoSecure.so[0xCBBCB000])[66 51       ]0x00004078:	STR	R6, [R4, R5]	;(R6=0x32333533 R4=0x100FFD60 R5=0x00000018 )
(    libInnoSecure.so[0xCBBCB000])[04 35       ]0x0000407A:	ADDS	R5, #4	;(R5=0x00000018 )
(    libInnoSecure.so[0xCBBCB000])[40 2D       ]0x0000407C:	CMP	R5, #0X40	;(R5=0x0000001C )
(    libInnoSecure.so[0xCBBCB000])[FA D1       ]0x0000407E:	BNE	#0XCBBCF076
(    libInnoSecure.so[0xCBBCB000])[4E 59       ]0x00004076:	LDR	R6, [R1, R5]	;(R1=0x30043120 R5=0x0000001C )
(    libInnoSecure.so[0xCBBCB000])[66 51       ]0x00004078:	STR	R6, [R4, R5]	;(R6=0x30333433 R4=0x100FFD60 R5=0x0000001C )
(    libInnoSecure.so[0xCBBCB000])[04 35       ]0x0000407A:	ADDS	R5, #4	;(R5=0x0000001C )
(    libInnoSecure.so[0xCBBCB000])[40 2D       ]0x0000407C:	CMP	R5, #0X40	;(R5=0x00000020 )
(    libInnoSecure.so[0xCBBCB000])[FA D1       ]0x0000407E:	BNE	#0XCBBCF076
(    libInnoSecure.so[0xCBBCB000])[4E 59       ]0x00004076:	LDR	R6, [R1, R5]	;(R1=0x30043120 R5=0x00000020 )
(    libInnoSecure.so[0xCBBCB000])[66 51       ]0x00004078:	STR	R6, [R4, R5]	;(R6=0x32333733 R4=0x100FFD60 R5=0x00000020 )
(    libInnoSecure.so[0xCBBCB000])[04 35       ]0x0000407A:	ADDS	R5, #4	;(R5=0x00000020 )
(    libInnoSecure.so[0xCBBCB000])[40 2D       ]0x0000407C:	CMP	R5, #0X40	;(R5=0x00000024 )
(    libInnoSecure.so[0xCBBCB000])[FA D1       ]0x0000407E:	BNE	#0XCBBCF076
(    libInnoSecure.so[0xCBBCB000])[4E 59       ]0x00004076:	LDR	R6, [R1, R5]	;(R1=0x30043120 R5=0x00000024 )
(    libInnoSecure.so[0xCBBCB000])[66 51       ]0x00004078:	STR	R6, [R4, R5]	;(R6=0x33333433 R4=0x100FFD60 R5=0x00000024 )
(    libInnoSecure.so[0xCBBCB000])[04 35       ]0x0000407A:	ADDS	R5, #4	;(R5=0x00000024 )
(    libInnoSecure.so[0xCBBCB000])[40 2D       ]0x0000407C:	CMP	R5, #0X40	;(R5=0x00000028 )
(    libInnoSecure.so[0xCBBCB000])[FA D1       ]0x0000407E:	BNE	#0XCBBCF076
(    libInnoSecure.so[0xCBBCB000])[4E 59       ]0x00004076:	LDR	R6, [R1, R5]	;(R1=0x30043120 R5=0x00000028 )
(    libInnoSecure.so[0xCBBCB000])[66 51       ]0x00004078:	STR	R6, [R4, R5]	;(R6=0x61353833 R4=0x100FFD60 R5=0x00000028 )
(    libInnoSecure.so[0xCBBCB000])[04 35       ]0x0000407A:	ADDS	R5, #4	;(R5=0x00000028 )
(    libInnoSecure.so[0xCBBCB000])[40 2D       ]0x0000407C:	CMP	R5, #0X40	;(R5=0x0000002C )
(    libInnoSecure.so[0xCBBCB000])[FA D1       ]0x0000407E:	BNE	#0XCBBCF076
(    libInnoSecure.so[0xCBBCB000])[4E 59       ]0x00004076:	LDR	R6, [R1, R5]	;(R1=0x30043120 R5=0x0000002C )
(    libInnoSecure.so[0xCBBCB000])[66 51       ]0x00004078:	STR	R6, [R4, R5]	;(R6=0x32353033 R4=0x100FFD60 R5=0x0000002C )
(    libInnoSecure.so[0xCBBCB000])[04 35       ]0x0000407A:	ADDS	R5, #4	;(R5=0x0000002C )
(    libInnoSecure.so[0xCBBCB000])[40 2D       ]0x0000407C:	CMP	R5, #0X40	;(R5=0x00000030 )
(    libInnoSecure.so[0xCBBCB000])[FA D1       ]0x0000407E:	BNE	#0XCBBCF076
(    libInnoSecure.so[0xCBBCB000])[4E 59       ]0x00004076:	LDR	R6, [R1, R5]	;(R1=0x30043120 R5=0x00000030 )
(    libInnoSecure.so[0xCBBCB000])[66 51       ]0x00004078:	STR	R6, [R4, R5]	;(R6=0x63303133 R4=0x100FFD60 R5=0x00000030 )
(    libInnoSecure.so[0xCBBCB000])[04 35       ]0x0000407A:	ADDS	R5, #4	;(R5=0x00000030 )
(    libInnoSecure.so[0xCBBCB000])[40 2D       ]0x0000407C:	CMP	R5, #0X40	;(R5=0x00000034 )
(    libInnoSecure.so[0xCBBCB000])[FA D1       ]0x0000407E:	BNE	#0XCBBCF076
(    libInnoSecure.so[0xCBBCB000])[4E 59       ]0x00004076:	LDR	R6, [R1, R5]	;(R1=0x30043120 R5=0x00000034 )
(    libInnoSecure.so[0xCBBCB000])[66 51       ]0x00004078:	STR	R6, [R4, R5]	;(R6=0x61303033 R4=0x100FFD60 R5=0x00000034 )
(    libInnoSecure.so[0xCBBCB000])[04 35       ]0x0000407A:	ADDS	R5, #4	;(R5=0x00000034 )
(    libInnoSecure.so[0xCBBCB000])[40 2D       ]0x0000407C:	CMP	R5, #0X40	;(R5=0x00000038 )
(    libInnoSecure.so[0xCBBCB000])[FA D1       ]0x0000407E:	BNE	#0XCBBCF076
(    libInnoSecure.so[0xCBBCB000])[4E 59       ]0x00004076:	LDR	R6, [R1, R5]	;(R1=0x30043120 R5=0x00000038 )
(    libInnoSecure.so[0xCBBCB000])[66 51       ]0x00004078:	STR	R6, [R4, R5]	;(R6=0x33303630 R4=0x100FFD60 R5=0x00000038 )
(    libInnoSecure.so[0xCBBCB000])[04 35       ]0x0000407A:	ADDS	R5, #4	;(R5=0x00000038 )
(    libInnoSecure.so[0xCBBCB000])[40 2D       ]0x0000407C:	CMP	R5, #0X40	;(R5=0x0000003C )
(    libInnoSecure.so[0xCBBCB000])[FA D1       ]0x0000407E:	BNE	#0XCBBCF076
(    libInnoSecure.so[0xCBBCB000])[4E 59       ]0x00004076:	LDR	R6, [R1, R5]	;(R1=0x30043120 R5=0x0000003C )
(    libInnoSecure.so[0xCBBCB000])[66 51       ]0x00004078:	STR	R6, [R4, R5]	;(R6=0x34303535 R4=0x100FFD60 R5=0x0000003C )
(    libInnoSecure.so[0xCBBCB000])[04 35       ]0x0000407A:	ADDS	R5, #4	;(R5=0x0000003C )
(    libInnoSecure.so[0xCBBCB000])[40 2D       ]0x0000407C:	CMP	R5, #0X40	;(R5=0x00000040 )
(    libInnoSecure.so[0xCBBCB000])[FA D1       ]0x0000407E:	BNE	#0XCBBCF076
(    libInnoSecure.so[0xCBBCB000])[0E EA 02 01 ]0x00004080:	AND.W	R1, LR, R2	;(LR=0x358C0CFF R2=0xA233177B )
(    libInnoSecure.so[0xCBBCB000])[20 EA 02 06 ]0x00004084:	BIC.W	R6, R0, R2	;(R0=0x4C3AD7C6 R2=0xA233177B )
(    libInnoSecure.so[0xCBBCB000])[31 43       ]0x00004088:	ORRS	R1, R6	;(R1=0x2000047B R6=0x4C08C084 )
(    libInnoSecure.so[0xCBBCB000])[12 9D       ]0x0000408A:	LDR	R5, [SP, #0X48]	;(SP=0x100FFD18 )
(    libInnoSecure.so[0xCBBCB000])[61 44       ]0x0000408C:	ADD	R1, IP	;(R1=0x6C08C4FF IP=0x3A9BB1DB )
(    libInnoSecure.so[0xCBBCB000])[4A F2 78 46 ]0x0000408E:	MOVW	R6, #0XA478
(    libInnoSecure.so[0xCBBCB000])[29 44       ]0x00004092:	ADD	R1, R5	;(R1=0xA6A476DA R5=0x37333033 )
(    libInnoSecure.so[0xCBBCB000])[CD F2 6A 76 ]0x00004094:	MOVT	R6, #0XD76A	;(R6=0x0000A478 )
(    libInnoSecure.so[0xCBBCB000])[31 44       ]0x00004098:	ADD	R1, R6	;(R1=0xDDD7A70D R6=0xD76AA478 )
(    libInnoSecure.so[0xCBBCB000])[13 9B       ]0x0000409A:	LDR	R3, [SP, #0X4C]	;(SP=0x100FFD18 )
(    libInnoSecure.so[0xCBBCB000])[0E 95       ]0x0000409C:	STR	R5, [SP, #0X38]	;(R5=0x37333033 SP=0x100FFD18 )
(    libInnoSecure.so[0xCBBCB000])[02 EB 71 66 ]0x0000409E:	ADD.W	R6, R2, R1, ROR #25	;(R2=0xA233177B R1=0xB5424B85 )
(    libInnoSecure.so[0xCBBCB000])[18 44       ]0x000040A2:	ADD	R0, R3	;(R0=0x4C3AD7C6 R3=0x34333233 )
(    libInnoSecure.so[0xCBBCB000])[2E EA 06 01 ]0x000040A4:	BIC.W	R1, LR, R6	;(LR=0x358C0CFF R6=0x4358DA55 )
(    libInnoSecure.so[0xCBBCB000])[06 EA 02 05 ]0x000040A8:	AND.W	R5, R6, R2	;(R6=0x4358DA55 R2=0xA233177B )
(    libInnoSecure.so[0xCBBCB000])[29 43       ]0x000040AC:	ORRS	R1, R5	;(R1=0x348404AA R5=0x02101251 )
(    libInnoSecure.so[0xCBBCB000])[14 9C       ]0x000040AE:	LDR	R4, [SP, #0X50]	;(SP=0x100FFD18 )
(    libInnoSecure.so[0xCBBCB000])[08 44       ]0x000040B0:	ADD	R0, R1	;(R0=0x806E09F9 R1=0x369416FB )
(    libInnoSecure.so[0xCBBCB000])[4B F2 56 71 ]0x000040B2:	MOVW	R1, #0XB756
(    libInnoSecure.so[0xCBBCB000])[CE F6 C7 01 ]0x000040B6:	MOVT	R1, #0XE8C7	;(R1=0x0000B756 )
(    libInnoSecure.so[0xCBBCB000])[08 44       ]0x000040BA:	ADD	R0, R1	;(R0=0xB70220F4 R1=0xE8C7B756 )
(    libInnoSecure.so[0xCBBCB000])[DD F8 54 C0 ]0x000040BC:	LDR.W	IP, [SP, #0X54]	;(SP=0x100FFD18 )
(    libInnoSecure.so[0xCBBCB000])[06 EB 30 55 ]0x000040C0:	ADD.W	R5, R6, R0, ROR #20	;(R6=0x4358DA55 R0=0x9FC9D84A )
(    libInnoSecure.so[0xCBBCB000])[11 93       ]0x000040C4:	STR	R3, [SP, #0X44]	;(R3=0x34333233 SP=0x100FFD18 )
(    libInnoSecure.so[0xCBBCB000])[22 EA 05 00 ]0x000040C6:	BIC.W	R0, R2, R5	;(R2=0xA233177B R5=0xE0DD8451 )
(    libInnoSecure.so[0xCBBCB000])[05 EA 06 01 ]0x000040CA:	AND.W	R1, R5, R6	;(R5=0xE0DD8451 R6=0x4358DA55 )
(    libInnoSecure.so[0xCBBCB000])[08 43       ]0x000040CE:	ORRS	R0, R1	;(R0=0x0222132A R1=0x40588051 )
(    libInnoSecure.so[0xCBBCB000])[0E EB 04 01 ]0x000040D0:	ADD.W	R1, LR, R4	;(LR=0x358C0CFF R4=0x38333333 )
(    libInnoSecure.so[0xCBBCB000])[08 44       ]0x000040D4:	ADD	R0, R1	;(R0=0x427A937B R1=0x6DBF4032 )
(    libInnoSecure.so[0xCBBCB000])[47 F2 DB 01 ]0x000040D6:	MOVW	R1, #0X70DB
(    libInnoSecure.so[0xCBBCB000])[C2 F2 20 41 ]0x000040DA:	MOVT	R1, #0X2420	;(R1=0x000070DB )
(    libInnoSecure.so[0xCBBCB000])[08 44       ]0x000040DE:	ADD	R0, R1	;(R0=0xB039D3AD R1=0x242070DB )
(    libInnoSecure.so[0xCBBCB000])[62 44       ]0x000040E0:	ADD	R2, IP	;(R2=0xA233177B IP=0x37316135 )
(    libInnoSecure.so[0xCBBCB000])[CD F8 3C C0 ]0x000040E2:	STR.W	IP, [SP, #0X3C]	;(IP=0x37316135 SP=0x100FFD18 )
(    libInnoSecure.so[0xCBBCB000])[05 EB F0 30 ]0x000040E6:	ADD.W	R0, R5, R0, ROR #15	;(R5=0xE0DD8451 R0=0xD45A4488 )
(    libInnoSecure.so[0xCBBCB000])[DD F8 60 C0 ]0x000040EA:	LDR.W	IP, [SP, #0X60]	;(SP=0x100FFD18 )
(    libInnoSecure.so[0xCBBCB000])[26 EA 00 01 ]0x000040EE:	BIC.W	R1, R6, R0	;(R6=0x4358DA55 R0=0x69EF2D05 )
(    libInnoSecure.so[0xCBBCB000])[00 EA 05 03 ]0x000040F2:	AND.W	R3, R0, R5	;(R0=0x69EF2D05 R5=0xE0DD8451 )
(    libInnoSecure.so[0xCBBCB000])[19 43       ]0x000040F6:	ORRS	R1, R3	;(R1=0x0210D250 R3=0x60CD0401 )
(    libInnoSecure.so[0xCBBCB000])[0C 94       ]0x000040F8:	STR	R4, [SP, #0X30]	;(R4=0x38333333 SP=0x100FFD18 )
(    libInnoSecure.so[0xCBBCB000])[11 44       ]0x000040FA:	ADD	R1, R2	;(R1=0x62DDD651 R2=0xD96478B0 )
(    libInnoSecure.so[0xCBBCB000])[4C F6 EE 62 ]0x000040FC:	MOVW	R2, #0XCEEE
(    libInnoSecure.so[0xCBBCB000])[CC F2 BD 12 ]0x00004100:	MOVT	R2, #0XC1BD	;(R2=0x0000CEEE )
(    libInnoSecure.so[0xCBBCB000])[11 44       ]0x00004104:	ADD	R1, R2	;(R1=0x3C424F01 R2=0xC1BDCEEE )
(    libInnoSecure.so[0xCBBCB000])[DD F8 74 90 ]0x00004106:	LDR.W	SB, [SP, #0X74]	;(SP=0x100FFD18 )
(    libInnoSecure.so[0xCBBCB000])[00 EB B1 21 ]0x0000410A:	ADD.W	R1, R0, R1, ROR #10	;(R0=0x69EF2D05 R1=0xFE001DEF )
(    libInnoSecure.so[0xCBBCB000])[CD F8 18 C0 ]0x0000410E:	STR.W	IP, [SP, #0X18]	;(IP=0x32333533 SP=0x100FFD18 )
(    libInnoSecure.so[0xCBBCB000])[25 EA 01 02 ]0x00004112:	BIC.W	R2, R5, R1	;(R5=0xE0DD8451 R1=0xE5EEAD0C )
(    libInnoSecure.so[0xCBBCB000])[01 EA 00 03 ]0x00004116:	AND.W	R3, R1, R0	;(R1=0xE5EEAD0C R0=0x69EF2D05 )
(    libInnoSecure.so[0xCBBCB000])[1A 43       ]0x0000411A:	ORRS	R2, R3	;(R2=0x00110051 R3=0x61EE2D04 )
(    libInnoSecure.so[0xCBBCB000])[16 9B       ]0x0000411C:	LDR	R3, [SP, #0X58]	;(SP=0x100FFD18 )
(    libInnoSecure.so[0xCBBCB000])[0B 93       ]0x0000411E:	STR	R3, [SP, #0X2C]	;(R3=0x34336430 SP=0x100FFD18 )
(    libInnoSecure.so[0xCBBCB000])[33 44       ]0x00004120:	ADD	R3, R6	;(R3=0x34336430 R6=0x4358DA55 )
(    libInnoSecure.so[0xCBBCB000])[1A 44       ]0x00004122:	ADD	R2, R3	;(R2=0x61FF2D55 R3=0x778C3E85 )
(    libInnoSecure.so[0xCBBCB000])[40 F6 AF 73 ]0x00004124:	MOVW	R3, #0XFAF
(    libInnoSecure.so[0xCBBCB000])[CF F2 7C 53 ]0x00004128:	MOVT	R3, #0XF57C	;(R3=0x00000FAF )
(    libInnoSecure.so[0xCBBCB000])[1A 44       ]0x0000412C:	ADD	R2, R3	;(R2=0xD98B6BDA R3=0xF57C0FAF )
(    libInnoSecure.so[0xCBBCB000])[01 EB 72 62 ]0x0000412E:	ADD.W	R2, R1, R2, ROR #25	;(R1=0xE5EEAD0C R2=0xCF077B89 )
(    libInnoSecure.so[0xCBBCB000])[20 EA 02 03 ]0x00004132:	BIC.W	R3, R0, R2	;(R0=0x69EF2D05 R2=0x69AC71F3 )
(    libInnoSecure.so[0xCBBCB000])[02 EA 01 06 ]0x00004136:	AND.W	R6, R2, R1	;(R2=0x69AC71F3 R1=0xE5EEAD0C )
(    libInnoSecure.so[0xCBBCB000])[33 43       ]0x0000413A:	ORRS	R3, R6	;(R3=0x00430C04 R6=0x61AC2100 )
(    libInnoSecure.so[0xCBBCB000])[17 9E       ]0x0000413C:	LDR	R6, [SP, #0X5C]	;(SP=0x100FFD18 )
(    libInnoSecure.so[0xCBBCB000])[60 44       ]0x0000413E:	ADD	R0, IP	;(R0=0x69EF2D05 IP=0x32333533 )
(    libInnoSecure.so[0xCBBCB000])[09 96       ]0x00004140:	STR	R6, [SP, #0X24]	;(R6=0x30333133 SP=0x100FFD18 )
(    libInnoSecure.so[0xCBBCB000])[35 44       ]0x00004142:	ADD	R5, R6	;(R5=0xE0DD8451 R6=0x30333133 )
(    libInnoSecure.so[0xCBBCB000])[1C 9E       ]0x00004144:	LDR	R6, [SP, #0X70]	;(SP=0x100FFD18 )
(    libInnoSecure.so[0xCBBCB000])[2B 44       ]0x00004146:	ADD	R3, R5	;(R3=0x61EF2D04 R5=0x1110B584 )
(    libInnoSecure.so[0xCBBCB000])[4C F2 2A 65 ]0x00004148:	MOVW	R5, #0XC62A
(    libInnoSecure.so[0xCBBCB000])[C4 F2 87 75 ]0x0000414C:	MOVT	R5, #0X4787	;(R5=0x0000C62A )
(    libInnoSecure.so[0xCBBCB000])[2B 44       ]0x00004150:	ADD	R3, R5	;(R3=0x72FFE288 R5=0x4787C62A )
(    libInnoSecure.so[0xCBBCB000])[B0 46       ]0x00004152:	MOV	R8, R6	;(R6=0x61353833 )
(    libInnoSecure.so[0xCBBCB000])[02 EB 33 53 ]0x00004154:	ADD.W	R3, R2, R3, ROR #20	;(R2=0x69AC71F3 R3=0xBA87A8B2 )
(    libInnoSecure.so[0xCBBCB000])[CD F8 08 80 ]0x00004158:	STR.W	R8, [SP, #8]	;(R8=0x61353833 SP=0x100FFD18 )
(    libInnoSecure.so[0xCBBCB000])[21 EA 03 05 ]0x0000415C:	BIC.W	R5, R1, R3	;(R1=0xE5EEAD0C R3=0xE4379D9B )
(    libInnoSecure.so[0xCBBCB000])[03 EA 02 04 ]0x00004160:	AND.W	R4, R3, R2	;(R3=0xE4379D9B R2=0x69AC71F3 )
(    libInnoSecure.so[0xCBBCB000])[25 43       ]0x00004164:	ORRS	R5, R4	;(R5=0x01C82004 R4=0x60241193 )
(    libInnoSecure.so[0xCBBCB000])[19 9C       ]0x00004166:	LDR	R4, [SP, #0X64]	;(SP=0x100FFD18 )
(    libInnoSecure.so[0xCBBCB000])[28 44       ]0x00004168:	ADD	R0, R5	;(R0=0x9C226238 R5=0x61EC3197 )
(    libInnoSecure.so[0xCBBCB000])[44 F2 13 65 ]0x0000416A:	MOVW	R5, #0X4613
(    libInnoSecure.so[0xCBBCB000])[CA F6 30 05 ]0x0000416E:	MOVT	R5, #0XA830	;(R5=0x00004613 )
(    libInnoSecure.so[0xCBBCB000])[28 44       ]0x00004172:	ADD	R0, R5	;(R0=0xFE0E93CF R5=0xA8304613 )
(    libInnoSecure.so[0xCBBCB000])[21 44       ]0x00004174:	ADD	R1, R4	;(R1=0xE5EEAD0C R4=0x30333433 )
(    libInnoSecure.so[0xCBBCB000])[04 94       ]0x00004176:	STR	R4, [SP, #0X10]	;(R4=0x30333433 SP=0x100FFD18 )
(    libInnoSecure.so[0xCBBCB000])[03 EB F0 3E ]0x00004178:	ADD.W	LR, R3, R0, ROR #15	;(R3=0xE4379D9B R0=0xA63ED9E2 )
(    libInnoSecure.so[0xCBBCB000])[22 EA 0E 00 ]0x0000417C:	BIC.W	R0, R2, LR	;(R2=0x69AC71F3 LR=0x97FCEA18 )
(    libInnoSecure.so[0xCBBCB000])[0E EA 03 05 ]0x00004180:	AND.W	R5, LR, R3	;(LR=0x97FCEA18 R3=0xE4379D9B )
(    libInnoSecure.so[0xCBBCB000])[28 43       ]0x00004184:	ORRS	R0, R5	;(R0=0x680011E3 R5=0x84348818 )
(    libInnoSecure.so[0xCBBCB000])[06 EB 0E 05 ]0x00004186:	ADD.W	R5, R6, LR	;(R6=0x61353833 LR=0x97FCEA18 )
(    libInnoSecure.so[0xCBBCB000])[08 44       ]0x0000418A:	ADD	R0, R1	;(R0=0xEC3499FB R1=0x1621E13F )
(    libInnoSecure.so[0xCBBCB000])[49 F2 01 51 ]0x0000418C:	MOVW	R1, #0X9501
(    libInnoSecure.so[0xCBBCB000])[CF F6 46 51 ]0x00004190:	MOVT	R1, #0XFD46	;(R1=0x00009501 )
(    libInnoSecure.so[0xCBBCB000])[08 44       ]0x00004194:	ADD	R0, R1	;(R0=0x02567B3A R1=0xFD469501 )
(    libInnoSecure.so[0xCBBCB000])[0E EB B0 21 ]0x00004196:	ADD.W	R1, LR, R0, ROR #10	;(LR=0x97FCEA18 R0=0xFF9D103B )
(    libInnoSecure.so[0xCBBCB000])[23 EA 01 00 ]0x0000419A:	BIC.W	R0, R3, R1	;(R3=0xE4379D9B R1=0xA6FCD15C )
(    libInnoSecure.so[0xCBBCB000])[01 EA 0E 04 ]0x0000419E:	AND.W	R4, R1, LR	;(R1=0xA6FCD15C LR=0x97FCEA18 )
(    libInnoSecure.so[0xCBBCB000])[20 43       ]0x000041A2:	ORRS	R0, R4	;(R0=0x40030C83 R4=0x86FCC018 )
(    libInnoSecure.so[0xCBBCB000])[1A 9C       ]0x000041A4:	LDR	R4, [SP, #0X68]	;(SP=0x100FFD18 )
(    libInnoSecure.so[0xCBBCB000])[0A 94       ]0x000041A6:	STR	R4, [SP, #0X28]	;(R4=0x32333733 SP=0x100FFD18 )
(    libInnoSecure.so[0xCBBCB000])[22 44       ]0x000041A8:	ADD	R2, R4	;(R2=0x69AC71F3 R4=0x32333733 )
(    libInnoSecure.so[0xCBBCB000])[10 44       ]0x000041AA:	ADD	R0, R2	;(R0=0xC6FFCC9B R2=0x9BDFA926 )
(    libInnoSecure.so[0xCBBCB000])[49 F6 D8 02 ]0x000041AC:	MOVW	R2, #0X98D8
(    libInnoSecure.so[0xCBBCB000])[C6 F6 80 12 ]0x000041B0:	MOVT	R2, #0X6980	;(R2=0x000098D8 )
(    libInnoSecure.so[0xCBBCB000])[10 44       ]0x000041B4:	ADD	R0, R2	;(R0=0x62DF75C1 R2=0x698098D8 )
(    libInnoSecure.so[0xCBBCB000])[01 EB 70 60 ]0x000041B6:	ADD.W	R0, R1, R0, ROR #25	;(R1=0xA6FCD15C R0=0xCC600E99 )
(    libInnoSecure.so[0xCBBCB000])[2E EA 00 02 ]0x000041BA:	BIC.W	R2, LR, R0	;(LR=0x97FCEA18 R0=0xD7041E42 )
(    libInnoSecure.so[0xCBBCB000])[00 EA 01 04 ]0x000041BE:	AND.W	R4, R0, R1	;(R0=0xD7041E42 R1=0xA6FCD15C )
(    libInnoSecure.so[0xCBBCB000])[22 43       ]0x000041C2:	ORRS	R2, R4	;(R2=0x00F8E018 R4=0x86041040 )
(    libInnoSecure.so[0xCBBCB000])[1B 9C       ]0x000041C4:	LDR	R4, [SP, #0X6C]	;(SP=0x100FFD18 )
(    libInnoSecure.so[0xCBBCB000])[10 94       ]0x000041C6:	STR	R4, [SP, #0X40]	;(R4=0x33333433 SP=0x100FFD18 )
(    libInnoSecure.so[0xCBBCB000])[23 44       ]0x000041C8:	ADD	R3, R4	;(R3=0xE4379D9B R4=0x33333433 )
(    libInnoSecure.so[0xCBBCB000])[1A 44       ]0x000041CA:	ADD	R2, R3	;(R2=0x86FCF058 R3=0x176AD1CE )
(    libInnoSecure.so[0xCBBCB000])[4F F2 AF 73 ]0x000041CC:	MOVW	R3, #0XF7AF
(    libInnoSecure.so[0xCBBCB000])[C8 F6 44 33 ]0x000041D0:	MOVT	R3, #0X8B44	;(R3=0x0000F7AF )
(    libInnoSecure.so[0xCBBCB000])[1A 44       ]0x000041D4:	ADD	R2, R3	;(R2=0x9E67C226 R3=0x8B44F7AF )
(    libInnoSecure.so[0xCBBCB000])[00 EB 32 53 ]0x000041D6:	ADD.W	R3, R0, R2, ROR #20	;(R0=0xD7041E42 R2=0x29ACB9D5 )
(    libInnoSecure.so[0xCBBCB000])[21 EA 03 02 ]0x000041DA:	BIC.W	R2, R1, R3	;(R1=0xA6FCD15C R3=0xA2A170DC )
(    libInnoSecure.so[0xCBBCB000])[03 EA 00 04 ]0x000041DE:	AND.W	R4, R3, R0	;(R3=0xA2A170DC R0=0xD7041E42 )
(    libInnoSecure.so[0xCBBCB000])[22 43       ]0x000041E2:	ORRS	R2, R4	;(R2=0x045C8100 R4=0x82001040 )
(    libInnoSecure.so[0xCBBCB000])[49 44       ]0x000041E4:	ADD	R1, SB	;(R1=0xA6FCD15C SB=0x32353033 )
(    libInnoSecure.so[0xCBBCB000])[2A 44       ]0x000041E6:	ADD	R2, R5	;(R2=0x865C9140 R5=0xF932224B )
(    libInnoSecure.so[0xCBBCB000])[4A F2 4F 45 ]0x000041E8:	MOVW	R5, #0XA44F
(    libInnoSecure.so[0xCBBCB000])[52 1B       ]0x000041EC:	SUBS	R2, R2, R5	;(R2=0x7F8EB38B R5=0x0000A44F )
(    libInnoSecure.so[0xCBBCB000])[03 EB F2 3E ]0x000041EE:	ADD.W	LR, R3, R2, ROR #15	;(R3=0xA2A170DC R2=0x7F8E0F3C )
(    libInnoSecure.so[0xCBBCB000])[20 EA 0E 02 ]0x000041F2:	BIC.W	R2, R0, LR	;(R0=0xD7041E42 LR=0xC11A6FF8 )
(    libInnoSecure.so[0xCBBCB000])[0E EA 03 05 ]0x000041F6:	AND.W	R5, LR, R3	;(LR=0xC11A6FF8 R3=0xA2A170DC )
(    libInnoSecure.so[0xCBBCB000])[2A 43       ]0x000041FA:	ORRS	R2, R5	;(R2=0x16041002 R5=0x800060D8 )
(    libInnoSecure.so[0xCBBCB000])[11 44       ]0x000041FC:	ADD	R1, R2	;(R1=0xD932018F R2=0x960470DA )
(    libInnoSecure.so[0xCBBCB000])[4D F2 BE 72 ]0x000041FE:	MOVW	R2, #0XD7BE
(    libInnoSecure.so[0xCBBCB000])[C8 F6 5C 12 ]0x00004202:	MOVT	R2, #0X895C	;(R2=0x0000D7BE )
(    libInnoSecure.so[0xCBBCB000])[11 44       ]0x00004206:	ADD	R1, R2	;(R1=0x6F367269 R2=0x895CD7BE )
(    libInnoSecure.so[0xCBBCB000])[0E EB B1 21 ]0x00004208:	ADD.W	R1, LR, R1, ROR #10	;(LR=0xC11A6FF8 R1=0xF8934A27 )
(    libInnoSecure.so[0xCBBCB000])[23 EA 01 02 ]0x0000420C:	BIC.W	R2, R3, R1	;(R3=0xA2A170DC R1=0x4B1894CA )
(    libInnoSecure.so[0xCBBCB000])[01 EA 0E 05 ]0x00004210:	AND.W	R5, R1, LR	;(R1=0x4B1894CA LR=0xC11A6FF8 )
(    libInnoSecure.so[0xCBBCB000])[15 43       ]0x00004214:	ORRS	R5, R2	;(R5=0x411804C8 R2=0xA0A16014 )
(    libInnoSecure.so[0xCBBCB000])[1E 9A       ]0x00004216:	LDR	R2, [SP, #0X78]	;(SP=0x100FFD18 )
(    libInnoSecure.so[0xCBBCB000])[0D 92       ]0x00004218:	STR	R2, [SP, #0X34]	;(R2=0x63303133 SP=0x100FFD18 )
(    libInnoSecure.so[0xCBBCB000])[10 44       ]0x0000421A:	ADD	R0, R2	;(R0=0xD7041E42 R2=0x63303133 )
(    libInnoSecure.so[0xCBBCB000])[1F 9A       ]0x0000421C:	LDR	R2, [SP, #0X7C]	;(SP=0x100FFD18 )
(    libInnoSecure.so[0xCBBCB000])[28 44       ]0x0000421E:	ADD	R0, R5	;(R0=0x3A344F75 R5=0xE1B964DC )
(    libInnoSecure.so[0xCBBCB000])[41 F2 22 15 ]0x00004220:	MOVW	R5, #0X1122
(    libInnoSecure.so[0xCBBCB000])[C6 F6 90 35 ]0x00004224:	MOVT	R5, #0X6B90	;(R5=0x00001122 )
(    libInnoSecure.so[0xCBBCB000])[28 44       ]0x00004228:	ADD	R0, R5	;(R0=0x1BEDB451 R5=0x6B901122 )
(    libInnoSecure.so[0xCBBCB000])[13 44       ]0x0000422A:	ADD	R3, R2	;(R3=0xA2A170DC R2=0x61303033 )
(    libInnoSecure.so[0xCBBCB000])[08 92       ]0x0000422C:	STR	R2, [SP, #0X20]	;(R2=0x61303033 SP=0x100FFD18 )
(    libInnoSecure.so[0xCBBCB000])[01 EB 70 60 ]0x0000422E:	ADD.W	R0, R1, R0, ROR #25	;(R1=0x4B1894CA R0=0x877DC573 )
(    libInnoSecure.so[0xCBBCB000])[20 9A       ]0x00004232:	LDR	R2, [SP, #0X80]	;(SP=0x100FFD18 )
(    libInnoSecure.so[0xCBBCB000])[2E EA 00 05 ]0x00004234:	BIC.W	R5, LR, R0	;(LR=0xC11A6FF8 R0=0x09FB4E8D )
(    libInnoSecure.so[0xCBBCB000])[00 EA 01 06 ]0x00004238:	AND.W	R6, R0, R1	;(R0=0x09FB4E8D R1=0x4B1894CA )
(    libInnoSecure.so[0xCBBCB000])[2E 43       ]0x0000423C:	ORRS	R6, R5	;(R6=0x09180488 R5=0xC0002170 )
(    libInnoSecure.so[0xCBBCB000])[02 EB 0E 05 ]0x0000423E:	ADD.W	R5, R2, LR	;(R2=0x33303630 LR=0xC11A6FF8 )
(    libInnoSecure.so[0xCBBCB000])[33 44       ]0x00004242:	ADD	R3, R6	;(R3=0x03D1A10F R6=0xC91825F8 )
(    libInnoSecure.so[0xCBBCB000])[47 F2 93 16 ]0x00004244:	MOVW	R6, #0X7193
(    libInnoSecure.so[0xCBBCB000])[CF F6 98 56 ]0x00004248:	MOVT	R6, #0XFD98	;(R6=0x00007193 )
(    libInnoSecure.so[0xCBBCB000])[33 44       ]0x0000424C:	ADD	R3, R6	;(R3=0xCCE9C707 R6=0xFD987193 )
(    libInnoSecure.so[0xCBBCB000])[96 46       ]0x0000424E:	MOV	LR, R2	;(R2=0x33303630 )
(    libInnoSecure.so[0xCBBCB000])[21 9A       ]0x00004250:	LDR	R2, [SP, #0X84]	;(SP=0x100FFD18 )
(    libInnoSecure.so[0xCBBCB000])[00 EB 33 5A ]0x00004252:	ADD.W	SL, R0, R3, ROR #20	;(R0=0x09FB4E8D R3=0xCA82389A )
(    libInnoSecure.so[0xCBBCB000])[21 EA 0A 03 ]0x00004256:	BIC.W	R3, R1, SL	;(R1=0x4B1894CA SL=0x2D84FB35 )
(    libInnoSecure.so[0xCBBCB000])[0A EA 00 06 ]0x0000425A:	AND.W	R6, SL, R0	;(SL=0x2D84FB35 R0=0x09FB4E8D )
(    libInnoSecure.so[0xCBBCB000])[1E 43       ]0x0000425E:	ORRS	R6, R3	;(R6=0x09804A05 R3=0x421804CA )
(    libInnoSecure.so[0xCBBCB000])[11 44       ]0x00004260:	ADD	R1, R2	;(R1=0x4B1894CA R2=0x34303535 )
(    libInnoSecure.so[0xCBBCB000])[2E 44       ]0x00004262:	ADD	R6, R5	;(R6=0x4B984ECF R5=0xF44AA628 )
(    libInnoSecure.so[0xCBBCB000])[44 F2 8E 35 ]0x00004264:	MOVW	R5, #0X438E
(    libInnoSecure.so[0xCBBCB000])[CA F2 79 65 ]0x00004268:	MOVT	R5, #0XA679	;(R5=0x0000438E )
(    libInnoSecure.so[0xCBBCB000])[2E 44       ]0x0000426C:	ADD	R6, R5	;(R6=0x3FE2F4F7 R5=0xA679438E )
(    libInnoSecure.so[0xCBBCB000])[13 46       ]0x0000426E:	MOV	R3, R2	;(R2=0x34303535 )
(    libInnoSecure.so[0xCBBCB000])[11 9A       ]0x00004270:	LDR	R2, [SP, #0X44]	;(SP=0x100FFD18 )
(    libInnoSecure.so[0xCBBCB000])[0A EB F6 3B ]0x00004272:	ADD.W	FP, SL, R6, ROR #15	;(SL=0x2D84FB35 R6=0xE65C3885 )
(    libInnoSecure.so[0xCBBCB000])[03 93       ]0x00004276:	STR	R3, [SP, #0XC]	;(R3=0x34303535 SP=0x100FFD18 )
(    libInnoSecure.so[0xCBBCB000])[20 EA 0B 06 ]0x00004278:	BIC.W	R6, R0, FP	;(R0=0x09FB4E8D FP=0x9E90C7ED )
(    libInnoSecure.so[0xCBBCB000])[0B EA 0A 05 ]0x0000427C:	AND.W	R5, FP, SL	;(FP=0x9E90C7ED SL=0x2D84FB35 )
(    libInnoSecure.so[0xCBBCB000])[35 43       ]0x00004280:	ORRS	R5, R6	;(R5=0x0C80C325 R6=0x016B0800 )
(    libInnoSecure.so[0xCBBCB000])[2B EA 0A 06 ]0x00004282:	BIC.W	R6, FP, SL	;(FP=0x9E90C7ED SL=0x2D84FB35 )
(    libInnoSecure.so[0xCBBCB000])[29 44       ]0x00004286:	ADD	R1, R5	;(R1=0x7F48C9FF R5=0x0DEBCB25 )
(    libInnoSecure.so[0xCBBCB000])[40 F6 21 05 ]0x00004288:	MOVW	R5, #0X821
(    libInnoSecure.so[0xCBBCB000])[C4 F6 B4 15 ]0x0000428C:	MOVT	R5, #0X49B4	;(R5=0x00000821 )
(    libInnoSecure.so[0xCBBCB000])[29 44       ]0x00004290:	ADD	R1, R5	;(R1=0x8D349524 R5=0x49B40821 )
(    libInnoSecure.so[0xCBBCB000])[10 44       ]0x00004292:	ADD	R0, R2	;(R0=0x09FB4E8D R2=0x34333233 )
(    libInnoSecure.so[0xCBBCB000])[0B EB B1 21 ]0x00004294:	ADD.W	R1, FP, R1, ROR #10	;(FP=0x9E90C7ED R1=0xD6E89D45 )
(    libInnoSecure.so[0xCBBCB000])[01 EA 0A 05 ]0x00004298:	AND.W	R5, R1, SL	;(R1=0xF0068214 SL=0x2D84FB35 )
(    libInnoSecure.so[0xCBBCB000])[35 43       ]0x0000429C:	ORRS	R5, R6	;(R5=0x20048214 R6=0x921004C8 )
(    libInnoSecure.so[0xCBBCB000])[21 EA 0B 06 ]0x0000429E:	BIC.W	R6, R1, FP	;(R1=0xF0068214 FP=0x9E90C7ED )
(    libInnoSecure.so[0xCBBCB000])[28 44       ]0x000042A2:	ADD	R0, R5	;(R0=0x3E2E80C0 R5=0xB21486DC )
(    libInnoSecure.so[0xCBBCB000])[42 F2 62 55 ]0x000042A4:	MOVW	R5, #0X2562
(    libInnoSecure.so[0xCBBCB000])[CF F2 1E 65 ]0x000042A8:	MOVT	R5, #0XF61E	;(R5=0x00002562 )
(    libInnoSecure.so[0xCBBCB000])[28 44       ]0x000042AC:	ADD	R0, R5	;(R0=0xF043079C R5=0xF61E2562 )
(    libInnoSecure.so[0xCBBCB000])[01 EB F0 60 ]0x000042AE:	ADD.W	R0, R1, R0, ROR #27	;(R1=0xF0068214 R0=0xE6612CFE )
(    libInnoSecure.so[0xCBBCB000])[00 EA 0B 05 ]0x000042B2:	AND.W	R5, R0, FP	;(R0=0xBC2C21F0 FP=0x9E90C7ED )
(    libInnoSecure.so[0xCBBCB000])[20 EA 01 04 ]0x000042B6:	BIC.W	R4, R0, R1	;(R0=0xBC2C21F0 R1=0xF0068214 )
(    libInnoSecure.so[0xCBBCB000])[35 43       ]0x000042BA:	ORRS	R5, R6	;(R5=0x9C0001E0 R6=0x60060010 )
(    libInnoSecure.so[0xCBBCB000])[0C EB 0A 06 ]0x000042BC:	ADD.W	R6, IP, SL	;(IP=0x32333533 SL=0x2D84FB35 )
(    libInnoSecure.so[0xCBBCB000])[35 44       ]0x000042C0:	ADD	R5, R6	;(R5=0xFC0601F0 R6=0x5FB83068 )
(    libInnoSecure.so[0xCBBCB000])[4B F2 40 36 ]0x000042C2:	MOVW	R6, #0XB340
(    libInnoSecure.so[0xCBBCB000])[CC F2 40 06 ]0x000042C6:	MOVT	R6, #0XC040	;(R6=0x0000B340 )
(    libInnoSecure.so[0xCBBCB000])[35 44       ]0x000042CA:	ADD	R5, R6	;(R5=0x5BBE3258 R6=0xC040B340 )
(    libInnoSecure.so[0xCBBCB000])[CA 46       ]0x000042CC:	MOV	SL, SB	;(SB=0x32353033 )
(    libInnoSecure.so[0xCBBCB000])[DD F8 24 90 ]0x000042CE:	LDR.W	SB, [SP, #0X24]	;(SP=0x100FFD18 )
(    libInnoSecure.so[0xCBBCB000])[00 EB F5 55 ]0x000042D2:	ADD.W	R5, R0, R5, ROR #23	;(R0=0xBC2C21F0 R5=0x1BFEE598 )
(    libInnoSecure.so[0xCBBCB000])[F4 46       ]0x000042D6:	MOV	IP, LR	;(LR=0x33303630 )
(    libInnoSecure.so[0xCBBCB000])[05 EA 01 06 ]0x000042D8:	AND.W	R6, R5, R1	;(R5=0xB9F75227 R1=0xF0068214 )
(    libInnoSecure.so[0xCBBCB000])[25 EA 00 02 ]0x000042DC:	BIC.W	R2, R5, R0	;(R5=0xB9F75227 R0=0xBC2C21F0 )
(    libInnoSecure.so[0xCBBCB000])[34 43       ]0x000042E0:	ORRS	R4, R6	;(R4=0x0C2821E0 R6=0xB0060204 )
(    libInnoSecure.so[0xCBBCB000])[0A EB 0B 06 ]0x000042E2:	ADD.W	R6, SL, FP	;(SL=0x32353033 FP=0x9E90C7ED )
(    libInnoSecure.so[0xCBBCB000])[34 44       ]0x000042E6:	ADD	R4, R6	;(R4=0xBC2E23E4 R6=0xD0C5F820 )
(    libInnoSecure.so[0xCBBCB000])[45 F6 51 26 ]0x000042E8:	MOVW	R6, #0X5A51
(    libInnoSecure.so[0xCBBCB000])[C2 F2 5E 66 ]0x000042EC:	MOVT	R6, #0X265E	;(R6=0x00005A51 )
(    libInnoSecure.so[0xCBBCB000])[34 44       ]0x000042F0:	ADD	R4, R6	;(R4=0x8CF41C04 R6=0x265E5A51 )
(    libInnoSecure.so[0xCBBCB000])[DD F8 2C B0 ]0x000042F2:	LDR.W	FP, [SP, #0X2C]	;(SP=0x100FFD18 )
(    libInnoSecure.so[0xCBBCB000])[05 EB B4 44 ]0x000042F6:	ADD.W	R4, R5, R4, ROR #18	;(R5=0xB9F75227 R4=0xB3527655 )
(    libInnoSecure.so[0xCBBCB000])[DD F8 10 E0 ]0x000042FA:	LDR.W	LR, [SP, #0X10]	;(SP=0x100FFD18 )
(    libInnoSecure.so[0xCBBCB000])[04 EA 00 06 ]0x000042FE:	AND.W	R6, R4, R0	;(R4=0x578CBEFB R0=0xBC2C21F0 )
(    libInnoSecure.so[0xCBBCB000])[48 44       ]0x00004302:	ADD	R0, SB	;(R0=0xBC2C21F0 SB=0x30333133 )
(    libInnoSecure.so[0xCBBCB000])[32 43       ]0x00004304:	ORRS	R2, R6	;(R2=0x01D35207 R6=0x140C20F0 )
(    libInnoSecure.so[0xCBBCB000])[0E 9E       ]0x00004306:	LDR	R6, [SP, #0X38]	;(SP=0x100FFD18 )
(    libInnoSecure.so[0xCBBCB000])[CD F8 04 C0 ]0x00004308:	STR.W	IP, [SP, #4]	;(IP=0x33303630 SP=0x100FFD18 )
(    libInnoSecure.so[0xCBBCB000])[31 44       ]0x0000430C:	ADD	R1, R6	;(R1=0xF0068214 R6=0x37333033 )
(    libInnoSecure.so[0xCBBCB000])[24 EA 05 06 ]0x0000430E:	BIC.W	R6, R4, R5	;(R4=0x578CBEFB R5=0xB9F75227 )
(    libInnoSecure.so[0xCBBCB000])[11 44       ]0x00004312:	ADD	R1, R2	;(R1=0x2739B247 R2=0x15DF72F7 )
(    libInnoSecure.so[0xCBBCB000])[4C F2 AA 72 ]0x00004314:	MOVW	R2, #0XC7AA
(    libInnoSecure.so[0xCBBCB000])[CE F6 B6 12 ]0x00004318:	MOVT	R2, #0XE9B6	;(R2=0x0000C7AA )
(    libInnoSecure.so[0xCBBCB000])[11 44       ]0x0000431C:	ADD	R1, R2	;(R1=0x3D19253E R2=0xE9B6C7AA )
(    libInnoSecure.so[0xCBBCB000])[CD F8 14 A0 ]0x0000431E:	STR.W	SL, [SP, #0X14]	;(SL=0x32353033 SP=0x100FFD18 )
(    libInnoSecure.so[0xCBBCB000])[04 EB 31 31 ]0x00004322:	ADD.W	R1, R4, R1, ROR #12	;(R4=0x578CBEFB R1=0x26CFECE8 )
(    libInnoSecure.so[0xCBBCB000])[01 EA 05 02 ]0x00004326:	AND.W	R2, R1, R5	;(R1=0x260F2BF9 R5=0xB9F75227 )
(    libInnoSecure.so[0xCBBCB000])[45 44       ]0x0000432A:	ADD	R5, R8	;(R5=0xB9F75227 R8=0x61353833 )
(    libInnoSecure.so[0xCBBCB000])[32 43       ]0x0000432C:	ORRS	R2, R6	;(R2=0x20070221 R6=0x4608ACD8 )
(    libInnoSecure.so[0xCBBCB000])[21 EA 04 06 ]0x0000432E:	BIC.W	R6, R1, R4	;(R1=0x260F2BF9 R4=0x578CBEFB )
(    libInnoSecure.so[0xCBBCB000])[10 44       ]0x00004332:	ADD	R0, R2	;(R0=0xEC5F5323 R2=0x660FAEF9 )
(    libInnoSecure.so[0xCBBCB000])[41 F2 5D 02 ]0x00004334:	MOVW	R2, #0X105D
(    libInnoSecure.so[0xCBBCB000])[CD F2 2F 62 ]0x00004338:	MOVT	R2, #0XD62F	;(R2=0x0000105D )
(    libInnoSecure.so[0xCBBCB000])[10 44       ]0x0000433C:	ADD	R0, R2	;(R0=0x526F021C R2=0xD62F105D )
(    libInnoSecure.so[0xCBBCB000])[DD F8 20 80 ]0x0000433E:	LDR.W	R8, [SP, #0X20]	;(SP=0x100FFD18 )
(    libInnoSecure.so[0xCBBCB000])[01 EB F0 60 ]0x00004342:	ADD.W	R0, R1, R0, ROR #27	;(R1=0x260F2BF9 R0=0x289E1279 )
(    libInnoSecure.so[0xCBBCB000])[00 EA 04 02 ]0x00004346:	AND.W	R2, R0, R4	;(R0=0x39D17B1E R4=0x578CBEFB )
(    libInnoSecure.so[0xCBBCB000])[1C 44       ]0x0000434A:	ADD	R4, R3	;(R4=0x578CBEFB R3=0x34303535 )
(    libInnoSecure.so[0xCBBCB000])[32 43       ]0x0000434C:	ORRS	R2, R6	;(R2=0x11803A1A R6=0x20030100 )
(    libInnoSecure.so[0xCBBCB000])[20 EA 01 06 ]0x0000434E:	BIC.W	R6, R0, R1	;(R0=0x39D17B1E R1=0x260F2BF9 )
(    libInnoSecure.so[0xCBBCB000])[2A 44       ]0x00004352:	ADD	R2, R5	;(R2=0x31833B1A R5=0x1B2C8A5A )
(    libInnoSecure.so[0xCBBCB000])[41 F2 53 45 ]0x00004354:	MOVW	R5, #0X1453
(    libInnoSecure.so[0xCBBCB000])[C0 F2 44 25 ]0x00004358:	MOVT	R5, #0X244	;(R5=0x00001453 )
(    libInnoSecure.so[0xCBBCB000])[2A 44       ]0x0000435C:	ADD	R2, R5	;(R2=0x4CAFC574 R5=0x02441453 )
(    libInnoSecure.so[0xCBBCB000])[10 9B       ]0x0000435E:	LDR	R3, [SP, #0X40]	;(SP=0x100FFD18 )
(    libInnoSecure.so[0xCBBCB000])[00 EB F2 52 ]0x00004360:	ADD.W	R2, R0, R2, ROR #23	;(R0=0x39D17B1E R2=0x4EF3D9C7 )
(    libInnoSecure.so[0xCBBCB000])[02 EA 01 05 ]0x00004364:	AND.W	R5, R2, R1	;(R2=0x218509BB R1=0x260F2BF9 )
(    libInnoSecure.so[0xCBBCB000])[59 44       ]0x00004368:	ADD	R1, FP	;(R1=0x260F2BF9 FP=0x34336430 )
(    libInnoSecure.so[0xCBBCB000])[35 43       ]0x0000436A:	ORRS	R5, R6	;(R5=0x200509B9 R6=0x19D05006 )
(    libInnoSecure.so[0xCBBCB000])[22 EA 00 06 ]0x0000436C:	BIC.W	R6, R2, R0	;(R2=0x218509BB R0=0x39D17B1E )
(    libInnoSecure.so[0xCBBCB000])[2C 44       ]0x00004370:	ADD	R4, R5	;(R4=0x8BBCF430 R5=0x39D559BF )
(    libInnoSecure.so[0xCBBCB000])[4E F2 81 65 ]0x00004372:	MOVW	R5, #0XE681
(    libInnoSecure.so[0xCBBCB000])[CD F6 A1 05 ]0x00004376:	MOVT	R5, #0XD8A1	;(R5=0x0000E681 )
(    libInnoSecure.so[0xCBBCB000])[2C 44       ]0x0000437A:	ADD	R4, R5	;(R4=0xC5924DEF R5=0xD8A1E681 )
(    libInnoSecure.so[0xCBBCB000])[02 EB B4 44 ]0x0000437C:	ADD.W	R4, R2, R4, ROR #18	;(R2=0x218509BB R4=0x9E343470 )
(    libInnoSecure.so[0xCBBCB000])[04 EA 00 05 ]0x00004380:	AND.W	R5, R4, R0	;(R4=0x2EA13148 R0=0x39D17B1E )
(    libInnoSecure.so[0xCBBCB000])[18 44       ]0x00004384:	ADD	R0, R3	;(R0=0x39D17B1E R3=0x33333433 )
(    libInnoSecure.so[0xCBBCB000])[35 43       ]0x00004386:	ORRS	R5, R6	;(R5=0x28813108 R6=0x000400A1 )
(    libInnoSecure.so[0xCBBCB000])[24 EA 02 06 ]0x00004388:	BIC.W	R6, R4, R2	;(R4=0x2EA13148 R2=0x218509BB )
(    libInnoSecure.so[0xCBBCB000])[29 44       ]0x0000438C:	ADD	R1, R5	;(R1=0x5A429029 R5=0x288531A9 )
(    libInnoSecure.so[0xCBBCB000])[4F F6 C8 35 ]0x0000438E:	MOVW	R5, #0XFBC8
(    libInnoSecure.so[0xCBBCB000])[CE F2 D3 75 ]0x00004392:	MOVT	R5, #0XE7D3	;(R5=0x0000FBC8 )
(    libInnoSecure.so[0xCBBCB000])[29 44       ]0x00004396:	ADD	R1, R5	;(R1=0x82C7C1D2 R5=0xE7D3FBC8 )
(    libInnoSecure.so[0xCBBCB000])[0F 9B       ]0x00004398:	LDR	R3, [SP, #0X3C]	;(SP=0x100FFD18 )
(    libInnoSecure.so[0xCBBCB000])[04 EB 31 31 ]0x0000439A:	ADD.W	R1, R4, R1, ROR #12	;(R4=0x2EA13148 R1=0x6A9BBD9A )
(    libInnoSecure.so[0xCBBCB000])[01 EA 02 05 ]0x0000439E:	AND.W	R5, R1, R2	;(R1=0x0847DB03 R2=0x218509BB )
(    libInnoSecure.so[0xCBBCB000])[62 44       ]0x000043A2:	ADD	R2, IP	;(R2=0x218509BB IP=0x33303630 )
(    libInnoSecure.so[0xCBBCB000])[35 43       ]0x000043A4:	ORRS	R5, R6	;(R5=0x00050903 R6=0x0E203040 )
(    libInnoSecure.so[0xCBBCB000])[21 EA 04 06 ]0x000043A6:	BIC.W	R6, R1, R4	;(R1=0x0847DB03 R4=0x2EA13148 )
(    libInnoSecure.so[0xCBBCB000])[28 44       ]0x000043AA:	ADD	R0, R5	;(R0=0x6D04AF51 R5=0x0E253943 )
(    libInnoSecure.so[0xCBBCB000])[4C F6 E6 55 ]0x000043AC:	MOVW	R5, #0XCDE6
(    libInnoSecure.so[0xCBBCB000])[C2 F2 E1 15 ]0x000043B0:	MOVT	R5, #0X21E1	;(R5=0x0000CDE6 )
(    libInnoSecure.so[0xCBBCB000])[28 44       ]0x000043B4:	ADD	R0, R5	;(R0=0x7B29E894 R5=0x21E1CDE6 )
(    libInnoSecure.so[0xCBBCB000])[01 EB F0 60 ]0x000043B6:	ADD.W	R0, R1, R0, ROR #27	;(R1=0x0847DB03 R0=0x9D0BB67A )
(    libInnoSecure.so[0xCBBCB000])[00 EA 04 05 ]0x000043BA:	AND.W	R5, R0, R4	;(R0=0xA9BEAA56 R4=0x2EA13148 )
(    libInnoSecure.so[0xCBBCB000])[1C 44       ]0x000043BE:	ADD	R4, R3	;(R4=0x2EA13148 R3=0x37316135 )
(    libInnoSecure.so[0xCBBCB000])[35 43       ]0x000043C0:	ORRS	R5, R6	;(R5=0x28A02040 R6=0x0046CA03 )
(    libInnoSecure.so[0xCBBCB000])[20 EA 01 06 ]0x000043C2:	BIC.W	R6, R0, R1	;(R0=0xA9BEAA56 R1=0x0847DB03 )
(    libInnoSecure.so[0xCBBCB000])[2A 44       ]0x000043C6:	ADD	R2, R5	;(R2=0x54B53FEB R5=0x28E6EA43 )
(    libInnoSecure.so[0xCBBCB000])[40 F2 D6 75 ]0x000043C8:	MOVW	R5, #0X7D6
(    libInnoSecure.so[0xCBBCB000])[CC F2 37 35 ]0x000043CC:	MOVT	R5, #0XC337	;(R5=0x000007D6 )
(    libInnoSecure.so[0xCBBCB000])[2A 44       ]0x000043D0:	ADD	R2, R5	;(R2=0x7D9C2A2E R5=0xC33707D6 )
(    libInnoSecure.so[0xCBBCB000])[0A 9B       ]0x000043D2:	LDR	R3, [SP, #0X28]	;(SP=0x100FFD18 )
(    libInnoSecure.so[0xCBBCB000])[00 EB F2 52 ]0x000043D4:	ADD.W	R2, R0, R2, ROR #23	;(R0=0xA9BEAA56 R2=0x40D33204 )
(    libInnoSecure.so[0xCBBCB000])[02 EA 01 05 ]0x000043D8:	AND.W	R5, R2, R1	;(R2=0x5022B2D7 R1=0x0847DB03 )
(    libInnoSecure.so[0xCBBCB000])[19 44       ]0x000043DC:	ADD	R1, R3	;(R1=0x0847DB03 R3=0x32333733 )
(    libInnoSecure.so[0xCBBCB000])[35 43       ]0x000043DE:	ORRS	R5, R6	;(R5=0x00029203 R6=0xA1B82054 )
(    libInnoSecure.so[0xCBBCB000])[22 EA 00 06 ]0x000043E0:	BIC.W	R6, R2, R0	;(R2=0x5022B2D7 R0=0xA9BEAA56 )
(    libInnoSecure.so[0xCBBCB000])[2C 44       ]0x000043E4:	ADD	R4, R5	;(R4=0x65D2927D R5=0xA1BAB257 )
(    libInnoSecure.so[0xCBBCB000])[40 F6 87 55 ]0x000043E6:	MOVW	R5, #0XD87
(    libInnoSecure.so[0xCBBCB000])[CF F2 D5 45 ]0x000043EA:	MOVT	R5, #0XF4D5	;(R5=0x00000D87 )
(    libInnoSecure.so[0xCBBCB000])[2C 44       ]0x000043EE:	ADD	R4, R5	;(R4=0x078D44D4 R5=0xF4D50D87 )
(    libInnoSecure.so[0xCBBCB000])[02 EB B4 44 ]0x000043F0:	ADD.W	R4, R2, R4, ROR #18	;(R2=0x5022B2D7 R4=0xFC62525B )
(    libInnoSecure.so[0xCBBCB000])[04 EA 00 05 ]0x000043F4:	AND.W	R5, R4, R0	;(R4=0xE4B9B1EF R0=0xA9BEAA56 )
(    libInnoSecure.so[0xCBBCB000])[40 44       ]0x000043F8:	ADD	R0, R8	;(R0=0xA9BEAA56 R8=0x61303033 )
(    libInnoSecure.so[0xCBBCB000])[35 43       ]0x000043FA:	ORRS	R5, R6	;(R5=0xA0B8A046 R6=0x50001081 )
(    libInnoSecure.so[0xCBBCB000])[24 EA 02 06 ]0x000043FC:	BIC.W	R6, R4, R2	;(R4=0xE4B9B1EF R2=0x5022B2D7 )
(    libInnoSecure.so[0xCBBCB000])[29 44       ]0x00004400:	ADD	R1, R5	;(R1=0x3A7B1236 R5=0xF0B8B0C7 )
(    libInnoSecure.so[0xCBBCB000])[41 F2 ED 45 ]0x00004402:	MOVW	R5, #0X14ED
(    libInnoSecure.so[0xCBBCB000])[C4 F2 5A 55 ]0x00004406:	MOVT	R5, #0X455A	;(R5=0x000014ED )
(    libInnoSecure.so[0xCBBCB000])[29 44       ]0x0000440A:	ADD	R1, R5	;(R1=0x2B33C2FD R5=0x455A14ED )
(    libInnoSecure.so[0xCBBCB000])[04 EB 31 31 ]0x0000440C:	ADD.W	R1, R4, R1, ROR #12	;(R4=0xE4B9B1EF R1=0x708DD7EA )
(    libInnoSecure.so[0xCBBCB000])[01 EA 02 05 ]0x00004410:	AND.W	R5, R1, R2	;(R1=0x6360BACC R2=0x5022B2D7 )
(    libInnoSecure.so[0xCBBCB000])[35 43       ]0x00004414:	ORRS	R5, R6	;(R5=0x4020B2C4 R6=0xA4990128 )
(    libInnoSecure.so[0xCBBCB000])[21 EA 04 06 ]0x00004416:	BIC.W	R6, R1, R4	;(R1=0x6360BACC R4=0xE4B9B1EF )
(    libInnoSecure.so[0xCBBCB000])[28 44       ]0x0000441A:	ADD	R0, R5	;(R0=0x0AEEDA89 R5=0xE4B9B3EC )
(    libInnoSecure.so[0xCBBCB000])[4E F6 05 15 ]0x0000441C:	MOVW	R5, #0XE905
(    libInnoSecure.so[0xCBBCB000])[CA F6 E3 15 ]0x00004420:	MOVT	R5, #0XA9E3	;(R5=0x0000E905 )
(    libInnoSecure.so[0xCBBCB000])[28 44       ]0x00004424:	ADD	R0, R5	;(R0=0xEFA88E75 R5=0xA9E3E905 )
(    libInnoSecure.so[0xCBBCB000])[01 EB F0 60 ]0x00004426:	ADD.W	R0, R1, R0, ROR #27	;(R1=0x6360BACC R0=0x998C777A )
(    libInnoSecure.so[0xCBBCB000])[00 EA 04 05 ]0x0000442A:	AND.W	R5, R0, R4	;(R0=0x94EFAA1F R4=0xE4B9B1EF )
(    libInnoSecure.so[0xCBBCB000])[74 44       ]0x0000442E:	ADD	R4, LR	;(R4=0xE4B9B1EF LR=0x30333433 )
(    libInnoSecure.so[0xCBBCB000])[35 43       ]0x00004430:	ORRS	R5, R6	;(R5=0x84A9A00F R6=0x03400A00 )
(    libInnoSecure.so[0xCBBCB000])[0C 9E       ]0x00004432:	LDR	R6, [SP, #0X30]	;(SP=0x100FFD18 )
(    libInnoSecure.so[0xCBBCB000])[32 44       ]0x00004434:	ADD	R2, R6	;(R2=0x5022B2D7 R6=0x38333333 )
(    libInnoSecure.so[0xCBBCB000])[20 EA 01 06 ]0x00004436:	BIC.W	R6, R0, R1	;(R0=0x94EFAA1F R1=0x6360BACC )
(    libInnoSecure.so[0xCBBCB000])[2A 44       ]0x0000443A:	ADD	R2, R5	;(R2=0x8855E60A R5=0x87E9AA0F )
(    libInnoSecure.so[0xCBBCB000])[4A F2 F8 35 ]0x0000443C:	MOVW	R5, #0XA3F8
(    libInnoSecure.so[0xCBBCB000])[CF F6 EF 45 ]0x00004440:	MOVT	R5, #0XFCEF	;(R5=0x0000A3F8 )
(    libInnoSecure.so[0xCBBCB000])[2A 44       ]0x00004444:	ADD	R2, R5	;(R2=0x103F9019 R5=0xFCEFA3F8 )
(    libInnoSecure.so[0xCBBCB000])[00 EB F2 52 ]0x00004446:	ADD.W	R2, R0, R2, ROR #23	;(R0=0x94EFAA1F R2=0x0D2F3411 )
(    libInnoSecure.so[0xCBBCB000])[02 EA 01 05 ]0x0000444A:	AND.W	R5, R2, R1	;(R2=0xF357CC39 R1=0x6360BACC )
(    libInnoSecure.so[0xCBBCB000])[35 43       ]0x0000444E:	ORRS	R5, R6	;(R5=0x63408808 R6=0x948F0013 )
(    libInnoSecure.so[0xCBBCB000])[22 EA 00 06 ]0x00004450:	BIC.W	R6, R2, R0	;(R2=0xF357CC39 R0=0x94EFAA1F )
(    libInnoSecure.so[0xCBBCB000])[2C 44       ]0x00004454:	ADD	R4, R5	;(R4=0x14ECE622 R5=0xF7CF881B )
(    libInnoSecure.so[0xCBBCB000])[40 F2 D9 25 ]0x00004456:	MOVW	R5, #0X2D9
(    libInnoSecure.so[0xCBBCB000])[C6 F2 6F 75 ]0x0000445A:	MOVT	R5, #0X676F	;(R5=0x000002D9 )
(    libInnoSecure.so[0xCBBCB000])[2C 44       ]0x0000445E:	ADD	R4, R5	;(R4=0x0CBC6E3D R5=0x676F02D9 )
(    libInnoSecure.so[0xCBBCB000])[02 EB B4 44 ]0x00004460:	ADD.W	R4, R2, R4, ROR #18	;(R2=0xF357CC39 R4=0x742B7116 )
(    libInnoSecure.so[0xCBBCB000])[04 EA 00 05 ]0x00004464:	AND.W	R5, R4, R0	;(R4=0xCF9D6943 R0=0x94EFAA1F )
(    libInnoSecure.so[0xCBBCB000])[48 44       ]0x00004468:	ADD	R0, SB	;(R0=0x94EFAA1F SB=0x30333133 )
(    libInnoSecure.so[0xCBBCB000])[35 43       ]0x0000446A:	ORRS	R5, R6	;(R5=0x848D2803 R6=0x63104420 )
(    libInnoSecure.so[0xCBBCB000])[0D 9E       ]0x0000446C:	LDR	R6, [SP, #0X34]	;(SP=0x100FFD18 )
(    libInnoSecure.so[0xCBBCB000])[DD F8 18 90 ]0x0000446E:	LDR.W	SB, [SP, #0X18]	;(SP=0x100FFD18 )
(    libInnoSecure.so[0xCBBCB000])[31 44       ]0x00004472:	ADD	R1, R6	;(R1=0x6360BACC R6=0x63303133 )
(    libInnoSecure.so[0xCBBCB000])[0E 9E       ]0x00004474:	LDR	R6, [SP, #0X38]	;(SP=0x100FFD18 )
(    libInnoSecure.so[0xCBBCB000])[29 44       ]0x00004476:	ADD	R1, R5	;(R1=0xC690EBFF R5=0xE79D6C23 )
(    libInnoSecure.so[0xCBBCB000])[44 F6 8A 45 ]0x00004478:	MOVW	R5, #0X4C8A
(    libInnoSecure.so[0xCBBCB000])[C8 F6 2A 55 ]0x0000447C:	MOVT	R5, #0X8D2A	;(R5=0x00004C8A )
(    libInnoSecure.so[0xCBBCB000])[29 44       ]0x00004480:	ADD	R1, R5	;(R1=0xAE2E5822 R5=0x8D2A4C8A )
(    libInnoSecure.so[0xCBBCB000])[84 EA 02 05 ]0x00004482:	EOR.W	R5, R4, R2	;(R4=0xCF9D6943 R2=0xF357CC39 )
(    libInnoSecure.so[0xCBBCB000])[1A 44       ]0x00004486:	ADD	R2, R3	;(R2=0xF357CC39 R3=0x32333733 )
(    libInnoSecure.so[0xCBBCB000])[04 EB 31 31 ]0x00004488:	ADD.W	R1, R4, R1, ROR #12	;(R4=0xCF9D6943 R1=0x3B58A4AC )
(    libInnoSecure.so[0xCBBCB000])[11 9B       ]0x0000448C:	LDR	R3, [SP, #0X44]	;(SP=0x100FFD18 )
(    libInnoSecure.so[0xCBBCB000])[4D 40       ]0x0000448E:	EORS	R5, R1	;(R5=0x3CCAA57A R1=0x1A611ECD )
(    libInnoSecure.so[0xCBBCB000])[28 44       ]0x00004490:	ADD	R0, R5	;(R0=0xC522DB52 R5=0x26ABBBB7 )
(    libInnoSecure.so[0xCBBCB000])[43 F6 42 15 ]0x00004492:	MOVW	R5, #0X3942
(    libInnoSecure.so[0xCBBCB000])[CF F6 FA 75 ]0x00004496:	MOVT	R5, #0XFFFA	;(R5=0x00003942 )
(    libInnoSecure.so[0xCBBCB000])[28 44       ]0x0000449A:	ADD	R0, R5	;(R0=0xEBCE9709 R5=0xFFFA3942 )
(    libInnoSecure.so[0xCBBCB000])[81 EA 04 05 ]0x0000449C:	EOR.W	R5, R1, R4	;(R1=0x1A611ECD R4=0xCF9D6943 )
(    libInnoSecure.so[0xCBBCB000])[54 44       ]0x000044A0:	ADD	R4, SL	;(R4=0xCF9D6943 SL=0x32353033 )
(    libInnoSecure.so[0xCBBCB000])[01 EB 30 70 ]0x000044A2:	ADD.W	R0, R1, R0, ROR #28	;(R1=0x1A611ECD R0=0xEBC8D04B )
(    libInnoSecure.so[0xCBBCB000])[DD F8 30 A0 ]0x000044A6:	LDR.W	SL, [SP, #0X30]	;(SP=0x100FFD18 )
(    libInnoSecure.so[0xCBBCB000])[45 40       ]0x000044AA:	EORS	R5, R0	;(R5=0xD5FC778E R0=0xD6EE238B )
(    libInnoSecure.so[0xCBBCB000])[2A 44       ]0x000044AC:	ADD	R2, R5	;(R2=0x258B036C R5=0x03125405 )
(    libInnoSecure.so[0xCBBCB000])[4F F2 81 65 ]0x000044AE:	MOVW	R5, #0XF681
(    libInnoSecure.so[0xCBBCB000])[C8 F2 71 75 ]0x000044B2:	MOVT	R5, #0X8771	;(R5=0x0000F681 )
(    libInnoSecure.so[0xCBBCB000])[2A 44       ]0x000044B6:	ADD	R2, R5	;(R2=0x289D5771 R5=0x8771F681 )
(    libInnoSecure.so[0xCBBCB000])[80 EA 01 05 ]0x000044B8:	EOR.W	R5, R0, R1	;(R0=0xD6EE238B R1=0x1A611ECD )
(    libInnoSecure.so[0xCBBCB000])[61 44       ]0x000044BC:	ADD	R1, IP	;(R1=0x1A611ECD IP=0x33303630 )
(    libInnoSecure.so[0xCBBCB000])[00 EB 72 52 ]0x000044BE:	ADD.W	R2, R0, R2, ROR #21	;(R0=0xD6EE238B R2=0xB00F4DF2 )
(    libInnoSecure.so[0xCBBCB000])[DD F8 3C C0 ]0x000044C2:	LDR.W	IP, [SP, #0X3C]	;(SP=0x100FFD18 )
(    libInnoSecure.so[0xCBBCB000])[55 40       ]0x000044C6:	EORS	R5, R2	;(R5=0xCC8F3D46 R2=0x515DB90B )
(    libInnoSecure.so[0xCBBCB000])[2C 44       ]0x000044C8:	ADD	R4, R5	;(R4=0x01D29976 R5=0x9DD2844D )
(    libInnoSecure.so[0xCBBCB000])[46 F2 22 15 ]0x000044CA:	MOVW	R5, #0X6122
(    libInnoSecure.so[0xCBBCB000])[C6 F6 9D 55 ]0x000044CE:	MOVT	R5, #0X6D9D	;(R5=0x00006122 )
(    libInnoSecure.so[0xCBBCB000])[2C 44       ]0x000044D2:	ADD	R4, R5	;(R4=0x9FA51DC3 R5=0x6D9D6122 )
(    libInnoSecure.so[0xCBBCB000])[82 EA 00 05 ]0x000044D4:	EOR.W	R5, R2, R0	;(R2=0x515DB90B R0=0xD6EE238B )
(    libInnoSecure.so[0xCBBCB000])[18 44       ]0x000044D8:	ADD	R0, R3	;(R0=0xD6EE238B R3=0x34333233 )
(    libInnoSecure.so[0xCBBCB000])[02 EB 34 44 ]0x000044DA:	ADD.W	R4, R2, R4, ROR #16	;(R2=0x515DB90B R4=0x0D427EE5 )
(    libInnoSecure.so[0xCBBCB000])[73 46       ]0x000044DE:	MOV	R3, LR	;(LR=0x30333433 )
(    libInnoSecure.so[0xCBBCB000])[65 40       ]0x000044E0:	EORS	R5, R4	;(R5=0x87B39A80 R4=0xD042C64D )
(    libInnoSecure.so[0xCBBCB000])[29 44       ]0x000044E2:	ADD	R1, R5	;(R1=0x4D9154FD R5=0x57F15CCD )
(    libInnoSecure.so[0xCBBCB000])[43 F6 0C 05 ]0x000044E4:	MOVW	R5, #0X380C
(    libInnoSecure.so[0xCBBCB000])[CF F6 E5 55 ]0x000044E8:	MOVT	R5, #0XFDE5	;(R5=0x0000380C )
(    libInnoSecure.so[0xCBBCB000])[29 44       ]0x000044EC:	ADD	R1, R5	;(R1=0xA582B1CA R5=0xFDE5380C )
(    libInnoSecure.so[0xCBBCB000])[84 EA 02 05 ]0x000044EE:	EOR.W	R5, R4, R2	;(R4=0xD042C64D R2=0x515DB90B )
(    libInnoSecure.so[0xCBBCB000])[5A 44       ]0x000044F2:	ADD	R2, FP	;(R2=0x515DB90B FP=0x34336430 )
(    libInnoSecure.so[0xCBBCB000])[04 EB 71 21 ]0x000044F4:	ADD.W	R1, R4, R1, ROR #9	;(R4=0xD042C64D R1=0xA367E9D6 )
(    libInnoSecure.so[0xCBBCB000])[DD F8 08 B0 ]0x000044F8:	LDR.W	FP, [SP, #8]	;(SP=0x100FFD18 )
(    libInnoSecure.so[0xCBBCB000])[4D 40       ]0x000044FC:	EORS	R5, R1	;(R5=0x811F7F46 R1=0xBB947A41 )
(    libInnoSecure.so[0xCBBCB000])[28 44       ]0x000044FE:	ADD	R0, R5	;(R0=0x0B2155BE R5=0x3A8B0507 )
(    libInnoSecure.so[0xCBBCB000])[4E F6 44 25 ]0x00004500:	MOVW	R5, #0XEA44
(    libInnoSecure.so[0xCBBCB000])[CA F2 BE 45 ]0x00004504:	MOVT	R5, #0XA4BE	;(R5=0x0000EA44 )
(    libInnoSecure.so[0xCBBCB000])[28 44       ]0x00004508:	ADD	R0, R5	;(R0=0x45AC5AC5 R5=0xA4BEEA44 )
(    libInnoSecure.so[0xCBBCB000])[81 EA 04 05 ]0x0000450A:	EOR.W	R5, R1, R4	;(R1=0xBB947A41 R4=0xD042C64D )
(    libInnoSecure.so[0xCBBCB000])[1C 44       ]0x0000450E:	ADD	R4, R3	;(R4=0xD042C64D R3=0x30333433 )
(    libInnoSecure.so[0xCBBCB000])[01 EB 30 70 ]0x00004510:	ADD.W	R0, R1, R0, ROR #28	;(R1=0xBB947A41 R0=0xEA6B4509 )
(    libInnoSecure.so[0xCBBCB000])[45 40       ]0x00004514:	EORS	R5, R0	;(R5=0x6BD6BC0C R0=0x6248CADF )
(    libInnoSecure.so[0xCBBCB000])[2A 44       ]0x00004516:	ADD	R2, R5	;(R2=0x85911D3B R5=0x099E76D3 )
(    libInnoSecure.so[0xCBBCB000])[4C F6 A9 75 ]0x00004518:	MOVW	R5, #0XCFA9
(    libInnoSecure.so[0xCBBCB000])[C4 F6 DE 35 ]0x0000451C:	MOVT	R5, #0X4BDE	;(R5=0x0000CFA9 )
(    libInnoSecure.so[0xCBBCB000])[2A 44       ]0x00004520:	ADD	R2, R5	;(R2=0x8F2F940E R5=0x4BDECFA9 )
(    libInnoSecure.so[0xCBBCB000])[80 EA 01 05 ]0x00004522:	EOR.W	R5, R0, R1	;(R0=0x6248CADF R1=0xBB947A41 )
(    libInnoSecure.so[0xCBBCB000])[59 44       ]0x00004526:	ADD	R1, FP	;(R1=0xBB947A41 FP=0x61353833 )
(    libInnoSecure.so[0xCBBCB000])[00 EB 72 52 ]0x00004528:	ADD.W	R2, R0, R2, ROR #21	;(R0=0x6248CADF R2=0xDB0E63B7 )
(    libInnoSecure.so[0xCBBCB000])[55 40       ]0x0000452C:	EORS	R5, R2	;(R5=0xD9DCB09E R2=0xD56689B7 )
(    libInnoSecure.so[0xCBBCB000])[2C 44       ]0x0000452E:	ADD	R4, R5	;(R4=0x0075FA80 R5=0x0CBA3929 )
(    libInnoSecure.so[0xCBBCB000])[44 F6 60 35 ]0x00004530:	MOVW	R5, #0X4B60
(    libInnoSecure.so[0xCBBCB000])[CF F2 BB 65 ]0x00004534:	MOVT	R5, #0XF6BB	;(R5=0x00004B60 )
(    libInnoSecure.so[0xCBBCB000])[2C 44       ]0x00004538:	ADD	R4, R5	;(R4=0x0D3033A9 R5=0xF6BB4B60 )
(    libInnoSecure.so[0xCBBCB000])[82 EA 00 05 ]0x0000453A:	EOR.W	R5, R2, R0	;(R2=0xD56689B7 R0=0x6248CADF )
(    libInnoSecure.so[0xCBBCB000])[40 44       ]0x0000453E:	ADD	R0, R8	;(R0=0x6248CADF R8=0x61303033 )
(    libInnoSecure.so[0xCBBCB000])[02 EB 34 44 ]0x00004540:	ADD.W	R4, R2, R4, ROR #16	;(R2=0xD56689B7 R4=0x03EB7F09 )
(    libInnoSecure.so[0xCBBCB000])[DD F8 34 80 ]0x00004544:	LDR.W	R8, [SP, #0X34]	;(SP=0x100FFD18 )
(    libInnoSecure.so[0xCBBCB000])[65 40       ]0x00004548:	EORS	R5, R4	;(R5=0xB72E4368 R4=0x546F8DA2 )
(    libInnoSecure.so[0xCBBCB000])[29 44       ]0x0000454A:	ADD	R1, R5	;(R1=0x1CC9B274 R5=0xE341CECA )
(    libInnoSecure.so[0xCBBCB000])[4B F6 70 45 ]0x0000454C:	MOVW	R5, #0XBC70
(    libInnoSecure.so[0xCBBCB000])[CB F6 BF 65 ]0x00004550:	MOVT	R5, #0XBEBF	;(R5=0x0000BC70 )
(    libInnoSecure.so[0xCBBCB000])[29 44       ]0x00004554:	ADD	R1, R5	;(R1=0x000B813E R5=0xBEBFBC70 )
(    libInnoSecure.so[0xCBBCB000])[84 EA 02 05 ]0x00004556:	EOR.W	R5, R4, R2	;(R4=0x546F8DA2 R2=0xD56689B7 )
(    libInnoSecure.so[0xCBBCB000])[32 44       ]0x0000455A:	ADD	R2, R6	;(R2=0xD56689B7 R6=0x37333033 )
(    libInnoSecure.so[0xCBBCB000])[04 EB 71 21 ]0x0000455C:	ADD.W	R1, R4, R1, ROR #9	;(R4=0x546F8DA2 R1=0xBECB3DAE )
(    libInnoSecure.so[0xCBBCB000])[4D 40       ]0x00004560:	EORS	R5, R1	;(R5=0x81090415 R1=0x2BCEF340 )
(    libInnoSecure.so[0xCBBCB000])[28 44       ]0x00004562:	ADD	R0, R5	;(R0=0xC378FB12 R5=0xAAC7F755 )
(    libInnoSecure.so[0xCBBCB000])[47 F6 C6 65 ]0x00004564:	MOVW	R5, #0X7EC6
(    libInnoSecure.so[0xCBBCB000])[C2 F6 9B 05 ]0x00004568:	MOVT	R5, #0X289B	;(R5=0x00007EC6 )
(    libInnoSecure.so[0xCBBCB000])[28 44       ]0x0000456C:	ADD	R0, R5	;(R0=0x6E40F267 R5=0x289B7EC6 )
(    libInnoSecure.so[0xCBBCB000])[81 EA 04 05 ]0x0000456E:	EOR.W	R5, R1, R4	;(R1=0x2BCEF340 R4=0x546F8DA2 )
(    libInnoSecure.so[0xCBBCB000])[64 44       ]0x00004572:	ADD	R4, IP	;(R4=0x546F8DA2 IP=0x37316135 )
(    libInnoSecure.so[0xCBBCB000])[01 EB 30 70 ]0x00004574:	ADD.W	R0, R1, R0, ROR #28	;(R1=0x2BCEF340 R0=0x96DC712D )
(    libInnoSecure.so[0xCBBCB000])[45 40       ]0x00004578:	EORS	R5, R0	;(R5=0x7FA17EE2 R0=0x99960619 )
(    libInnoSecure.so[0xCBBCB000])[2A 44       ]0x0000457A:	ADD	R2, R5	;(R2=0x0C99B9EA R5=0xE63778FB )
(    libInnoSecure.so[0xCBBCB000])[42 F2 FA 75 ]0x0000457C:	MOVW	R5, #0X27FA
(    libInnoSecure.so[0xCBBCB000])[CE F6 A1 25 ]0x00004580:	MOVT	R5, #0XEAA1	;(R5=0x000027FA )
(    libInnoSecure.so[0xCBBCB000])[2A 44       ]0x00004584:	ADD	R2, R5	;(R2=0xF2D132E5 R5=0xEAA127FA )
(    libInnoSecure.so[0xCBBCB000])[80 EA 01 05 ]0x00004586:	EOR.W	R5, R0, R1	;(R0=0x99960619 R1=0x2BCEF340 )
(    libInnoSecure.so[0xCBBCB000])[49 44       ]0x0000458A:	ADD	R1, SB	;(R1=0x2BCEF340 SB=0x32333533 )
(    libInnoSecure.so[0xCBBCB000])[00 EB 72 52 ]0x0000458C:	ADD.W	R2, R0, R2, ROR #21	;(R0=0x99960619 R2=0xDD725ADF )
(    libInnoSecure.so[0xCBBCB000])[55 40       ]0x00004590:	EORS	R5, R2	;(R5=0xB258F559 R2=0x2C6D0504 )
(    libInnoSecure.so[0xCBBCB000])[2C 44       ]0x00004592:	ADD	R4, R5	;(R4=0x8BA0EED7 R5=0x9E35F05D )
(    libInnoSecure.so[0xCBBCB000])[43 F2 85 05 ]0x00004594:	MOVW	R5, #0X3085
(    libInnoSecure.so[0xCBBCB000])[CD F2 EF 45 ]0x00004598:	MOVT	R5, #0XD4EF	;(R5=0x00003085 )
(    libInnoSecure.so[0xCBBCB000])[2C 44       ]0x0000459C:	ADD	R4, R5	;(R4=0x29D6DF34 R5=0xD4EF3085 )
(    libInnoSecure.so[0xCBBCB000])[82 EA 00 05 ]0x0000459E:	EOR.W	R5, R2, R0	;(R2=0x2C6D0504 R0=0x99960619 )
(    libInnoSecure.so[0xCBBCB000])[02 EB 34 44 ]0x000045A2:	ADD.W	R4, R2, R4, ROR #16	;(R2=0x2C6D0504 R4=0xFEC60FB9 )
(    libInnoSecure.so[0xCBBCB000])[65 40       ]0x000045A6:	EORS	R5, R4	;(R5=0xB5FB031D R4=0x3C2703CA )
(    libInnoSecure.so[0xCBBCB000])[29 44       ]0x000045A8:	ADD	R1, R5	;(R1=0x5E022873 R5=0x89DC00D7 )
(    libInnoSecure.so[0xCBBCB000])[41 F6 05 55 ]0x000045AA:	MOVW	R5, #0X1D05
(    libInnoSecure.so[0xCBBCB000])[C0 F2 88 45 ]0x000045AE:	MOVT	R5, #0X488	;(R5=0x00001D05 )
(    libInnoSecure.so[0xCBBCB000])[29 44       ]0x000045B2:	ADD	R1, R5	;(R1=0xE7DE294A R5=0x04881D05 )
(    libInnoSecure.so[0xCBBCB000])[84 EA 02 05 ]0x000045B4:	EOR.W	R5, R4, R2	;(R4=0x3C2703CA R2=0x2C6D0504 )
(    libInnoSecure.so[0xCBBCB000])[42 44       ]0x000045B8:	ADD	R2, R8	;(R2=0x2C6D0504 R8=0x63303133 )
(    libInnoSecure.so[0xCBBCB000])[04 EB 71 21 ]0x000045BA:	ADD.W	R1, R4, R1, ROR #9	;(R4=0x3C2703CA R1=0xEC66464F )
(    libInnoSecure.so[0xCBBCB000])[85 EA 01 0E ]0x000045BE:	EOR.W	LR, R5, R1	;(R5=0x104A06CE R1=0x641D36ED )
(    libInnoSecure.so[0xCBBCB000])[10 9D       ]0x000045C2:	LDR	R5, [SP, #0X40]	;(SP=0x100FFD18 )
(    libInnoSecure.so[0xCBBCB000])[28 44       ]0x000045C4:	ADD	R0, R5	;(R0=0x99960619 R5=0x33333433 )
(    libInnoSecure.so[0xCBBCB000])[4D F2 39 05 ]0x000045C6:	MOVW	R5, #0XD039
(    libInnoSecure.so[0xCBBCB000])[70 44       ]0x000045CA:	ADD	R0, LR	;(R0=0xCCC93A4C LR=0x74573023 )
(    libInnoSecure.so[0xCBBCB000])[CD F6 D4 15 ]0x000045CC:	MOVT	R5, #0XD9D4	;(R5=0x0000D039 )
(    libInnoSecure.so[0xCBBCB000])[28 44       ]0x000045D0:	ADD	R0, R5	;(R0=0x41206A6F R5=0xD9D4D039 )
(    libInnoSecure.so[0xCBBCB000])[81 EA 04 05 ]0x000045D2:	EOR.W	R5, R1, R4	;(R1=0x641D36ED R4=0x3C2703CA )
(    libInnoSecure.so[0xCBBCB000])[DD F8 0C E0 ]0x000045D6:	LDR.W	LR, [SP, #0XC]	;(SP=0x100FFD18 )
(    libInnoSecure.so[0xCBBCB000])[01 EB 30 70 ]0x000045DA:	ADD.W	R0, R1, R0, ROR #28	;(R1=0x641D36ED R0=0x1AF53AA8 )
(    libInnoSecure.so[0xCBBCB000])[45 40       ]0x000045DE:	EORS	R5, R0	;(R5=0x583A3527 R0=0x1370E16E )
(    libInnoSecure.so[0xCBBCB000])[74 44       ]0x000045E0:	ADD	R4, LR	;(R4=0x3C2703CA LR=0x34303535 )
(    libInnoSecure.so[0xCBBCB000])[2A 44       ]0x000045E2:	ADD	R2, R5	;(R2=0x8F9D3637 R5=0x4B4AD449 )
(    libInnoSecure.so[0xCBBCB000])[49 F6 E5 15 ]0x000045E4:	MOVW	R5, #0X99E5
(    libInnoSecure.so[0xCBBCB000])[CE F2 DB 65 ]0x000045E8:	MOVT	R5, #0XE6DB	;(R5=0x000099E5 )
(    libInnoSecure.so[0xCBBCB000])[2A 44       ]0x000045EC:	ADD	R2, R5	;(R2=0xDAE80A80 R5=0xE6DB99E5 )
(    libInnoSecure.so[0xCBBCB000])[80 EA 01 05 ]0x000045EE:	EOR.W	R5, R0, R1	;(R0=0x1370E16E R1=0x641D36ED )
(    libInnoSecure.so[0xCBBCB000])[51 44       ]0x000045F2:	ADD	R1, SL	;(R1=0x641D36ED SL=0x38333333 )
(    libInnoSecure.so[0xCBBCB000])[00 EB 72 52 ]0x000045F4:	ADD.W	R2, R0, R2, ROR #21	;(R0=0x1370E16E R2=0xC1C3A465 )
(    libInnoSecure.so[0xCBBCB000])[55 40       ]0x000045F8:	EORS	R5, R2	;(R5=0x776DD783 R2=0x30940F7C )
(    libInnoSecure.so[0xCBBCB000])[2C 44       ]0x000045FA:	ADD	R4, R5	;(R4=0x705738FF R5=0x47F9D8FF )
(    libInnoSecure.so[0xCBBCB000])[47 F6 F8 45 ]0x000045FC:	MOVW	R5, #0X7CF8
(    libInnoSecure.so[0xCBBCB000])[C1 F6 A2 75 ]0x00004600:	MOVT	R5, #0X1FA2	;(R5=0x00007CF8 )
(    libInnoSecure.so[0xCBBCB000])[2C 44       ]0x00004604:	ADD	R4, R5	;(R4=0xB85111FE R5=0x1FA27CF8 )
(    libInnoSecure.so[0xCBBCB000])[82 EA 00 05 ]0x00004606:	EOR.W	R5, R2, R0	;(R2=0x30940F7C R0=0x1370E16E )
(    libInnoSecure.so[0xCBBCB000])[30 44       ]0x0000460A:	ADD	R0, R6	;(R0=0x1370E16E R6=0x37333033 )
(    libInnoSecure.so[0xCBBCB000])[02 EB 34 44 ]0x0000460C:	ADD.W	R4, R2, R4, ROR #16	;(R2=0x30940F7C R4=0xD7F38EF6 )
(    libInnoSecure.so[0xCBBCB000])[45 F6 C3 16 ]0x00004610:	MOVW	R6, #0X59C3
(    libInnoSecure.so[0xCBBCB000])[65 40       ]0x00004614:	EORS	R5, R4	;(R5=0x23E4EE12 R4=0xBF8AE76F )
(    libInnoSecure.so[0xCBBCB000])[C6 F2 5B 56 ]0x00004616:	MOVT	R6, #0X655B	;(R6=0x000059C3 )
(    libInnoSecure.so[0xCBBCB000])[29 44       ]0x0000461A:	ADD	R1, R5	;(R1=0x9C506A20 R5=0x9C6E097D )
(    libInnoSecure.so[0xCBBCB000])[45 F2 65 65 ]0x0000461C:	MOVW	R5, #0X5665
(    libInnoSecure.so[0xCBBCB000])[CC F2 AC 45 ]0x00004620:	MOVT	R5, #0XC4AC	;(R5=0x00005665 )
(    libInnoSecure.so[0xCBBCB000])[29 44       ]0x00004624:	ADD	R1, R5	;(R1=0x38BE739D R5=0xC4AC5665 )
(    libInnoSecure.so[0xCBBCB000])[04 EB 71 21 ]0x00004626:	ADD.W	R1, R4, R1, ROR #9	;(R4=0xBF8AE76F R1=0xFD6ACA02 )
(    libInnoSecure.so[0xCBBCB000])[61 EA 02 05 ]0x0000462A:	ORN	R5, R1, R2	;(R1=0xC1099CD4 R2=0x30940F7C )
(    libInnoSecure.so[0xCBBCB000])[1A 44       ]0x0000462E:	ADD	R2, R3	;(R2=0x30940F7C R3=0x30333433 )
(    libInnoSecure.so[0xCBBCB000])[65 40       ]0x00004630:	EORS	R5, R4	;(R5=0xCF6BFCD7 R4=0xBF8AE76F )
(    libInnoSecure.so[0xCBBCB000])[01 9B       ]0x00004632:	LDR	R3, [SP, #4]	;(SP=0x100FFD18 )
(    libInnoSecure.so[0xCBBCB000])[28 44       ]0x00004634:	ADD	R0, R5	;(R0=0x4AA411A1 R5=0x70E11BB8 )
(    libInnoSecure.so[0xCBBCB000])[42 F2 44 25 ]0x00004636:	MOVW	R5, #0X2244
(    libInnoSecure.so[0xCBBCB000])[CF F2 29 45 ]0x0000463A:	MOVT	R5, #0XF429	;(R5=0x00002244 )
(    libInnoSecure.so[0xCBBCB000])[28 44       ]0x0000463E:	ADD	R0, R5	;(R0=0xBB852D59 R5=0xF4292244 )
(    libInnoSecure.so[0xCBBCB000])[23 44       ]0x00004640:	ADD	R3, R4	;(R3=0x33303630 R4=0xBF8AE76F )
(    libInnoSecure.so[0xCBBCB000])[01 EB B0 60 ]0x00004642:	ADD.W	R0, R1, R0, ROR #26	;(R1=0xC1099CD4 R0=0xAFAE4F9D )
(    libInnoSecure.so[0xCBBCB000])[60 EA 04 05 ]0x00004646:	ORN	R5, R0, R4	;(R0=0xAC9D843F R4=0xBF8AE76F )
(    libInnoSecure.so[0xCBBCB000])[42 F2 A7 34 ]0x0000464A:	MOVW	R4, #0X23A7
(    libInnoSecure.so[0xCBBCB000])[4D 40       ]0x0000464E:	EORS	R5, R1	;(R5=0xECFD9CBF R1=0xC1099CD4 )
(    libInnoSecure.so[0xCBBCB000])[CA F6 94 34 ]0x00004650:	MOVT	R4, #0XAB94	;(R4=0x000023A7 )
(    libInnoSecure.so[0xCBBCB000])[2A 44       ]0x00004654:	ADD	R2, R5	;(R2=0x60C743AF R5=0x2DF4006B )
(    libInnoSecure.so[0xCBBCB000])[4F F6 97 75 ]0x00004656:	MOVW	R5, #0XFF97
(    libInnoSecure.so[0xCBBCB000])[C4 F2 2A 35 ]0x0000465A:	MOVT	R5, #0X432A	;(R5=0x0000FF97 )
(    libInnoSecure.so[0xCBBCB000])[2A 44       ]0x0000465E:	ADD	R2, R5	;(R2=0x8EBB441A R5=0x432AFF97 )
(    libInnoSecure.so[0xCBBCB000])[00 EB B2 52 ]0x00004660:	ADD.W	R2, R0, R2, ROR #22	;(R0=0xAC9D843F R2=0xD1E643B1 )
(    libInnoSecure.so[0xCBBCB000])[62 EA 01 05 ]0x00004664:	ORN	R5, R2, R1	;(R2=0x45AC4B86 R1=0xC1099CD4 )
(    libInnoSecure.so[0xCBBCB000])[45 40       ]0x00004668:	EORS	R5, R0	;(R5=0x7FFE6BAF R0=0xAC9D843F )
(    libInnoSecure.so[0xCBBCB000])[2B 44       ]0x0000466A:	ADD	R3, R5	;(R3=0xF2BB1D9F R5=0xD363EF90 )
(    libInnoSecure.so[0xCBBCB000])[09 9D       ]0x0000466C:	LDR	R5, [SP, #0X24]	;(SP=0x100FFD18 )
(    libInnoSecure.so[0xCBBCB000])[23 44       ]0x0000466E:	ADD	R3, R4	;(R3=0xC61F0D2F R4=0xAB9423A7 )
(    libInnoSecure.so[0xCBBCB000])[29 44       ]0x00004670:	ADD	R1, R5	;(R1=0xC1099CD4 R5=0x30333133 )
(    libInnoSecure.so[0xCBBCB000])[11 9D       ]0x00004672:	LDR	R5, [SP, #0X44]	;(SP=0x100FFD18 )
(    libInnoSecure.so[0xCBBCB000])[02 EB 73 43 ]0x00004674:	ADD.W	R3, R2, R3, ROR #17	;(R2=0x45AC4B86 R3=0x71B330D6 )
(    libInnoSecure.so[0xCBBCB000])[63 EA 00 04 ]0x00004678:	ORN	R4, R3, R0	;(R3=0xDE17845F R0=0xAC9D843F )
(    libInnoSecure.so[0xCBBCB000])[40 44       ]0x0000467C:	ADD	R0, R8	;(R0=0xAC9D843F R8=0x63303133 )
(    libInnoSecure.so[0xCBBCB000])[54 40       ]0x0000467E:	EORS	R4, R2	;(R4=0xDF77FFDF R2=0x45AC4B86 )
(    libInnoSecure.so[0xCBBCB000])[21 44       ]0x00004680:	ADD	R1, R4	;(R1=0xF13CCE07 R4=0x9ADBB459 )
(    libInnoSecure.so[0xCBBCB000])[4A F2 39 04 ]0x00004682:	MOVW	R4, #0XA039
(    libInnoSecure.so[0xCBBCB000])[CF F6 93 44 ]0x00004686:	MOVT	R4, #0XFC93	;(R4=0x0000A039 )
(    libInnoSecure.so[0xCBBCB000])[21 44       ]0x0000468A:	ADD	R1, R4	;(R1=0x8C188260 R4=0xFC93A039 )
(    libInnoSecure.so[0xCBBCB000])[03 EB F1 21 ]0x0000468C:	ADD.W	R1, R3, R1, ROR #11	;(R3=0xDE17845F R1=0x88AC2299 )
(    libInnoSecure.so[0xCBBCB000])[61 EA 02 04 ]0x00004690:	ORN	R4, R1, R2	;(R1=0x314899E3 R2=0x45AC4B86 )
(    libInnoSecure.so[0xCBBCB000])[62 44       ]0x00004694:	ADD	R2, IP	;(R2=0x45AC4B86 IP=0x37316135 )
(    libInnoSecure.so[0xCBBCB000])[5C 40       ]0x00004696:	EORS	R4, R3	;(R4=0xBB5BBDFB R3=0xDE17845F )
(    libInnoSecure.so[0xCBBCB000])[DD F8 1C C0 ]0x00004698:	LDR.W	IP, [SP, #0X1C]	;(SP=0x100FFD18 )
(    libInnoSecure.so[0xCBBCB000])[20 44       ]0x0000469C:	ADD	R0, R4	;(R0=0x0FCDB572 R4=0x654C39A4 )
(    libInnoSecure.so[0xCBBCB000])[30 44       ]0x0000469E:	ADD	R0, R6	;(R0=0x7519EF16 R6=0x655B59C3 )
(    libInnoSecure.so[0xCBBCB000])[01 EB B0 60 ]0x000046A0:	ADD.W	R0, R1, R0, ROR #26	;(R1=0x314899E3 R0=0xDA7548D9 )
(    libInnoSecure.so[0xCBBCB000])[60 EA 03 06 ]0x000046A4:	ORN	R6, R0, R3	;(R0=0xCE9AD059 R3=0xDE17845F )
(    libInnoSecure.so[0xCBBCB000])[5B 44       ]0x000046A8:	ADD	R3, FP	;(R3=0xDE17845F FP=0x61353833 )
(    libInnoSecure.so[0xCBBCB000])[4E 40       ]0x000046AA:	EORS	R6, R1	;(R6=0xEFFAFBF9 R1=0x314899E3 )
(    libInnoSecure.so[0xCBBCB000])[32 44       ]0x000046AC:	ADD	R2, R6	;(R2=0x7CDDACBB R6=0xDEB2621A )
(    libInnoSecure.so[0xCBBCB000])[4C F6 92 46 ]0x000046AE:	MOVW	R6, #0XCC92
(    libInnoSecure.so[0xCBBCB000])[C8 F6 0C 76 ]0x000046B2:	MOVT	R6, #0X8F0C	;(R6=0x0000CC92 )
(    libInnoSecure.so[0xCBBCB000])[32 44       ]0x000046B6:	ADD	R2, R6	;(R2=0x5B900ED5 R6=0x8F0CCC92 )
(    libInnoSecure.so[0xCBBCB000])[00 EB B2 52 ]0x000046B8:	ADD.W	R2, R0, R2, ROR #22	;(R0=0xCE9AD059 R2=0xEA9CDB67 )
(    libInnoSecure.so[0xCBBCB000])[62 EA 01 06 ]0x000046BC:	ORN	R6, R2, R1	;(R2=0x42087003 R1=0x314899E3 )
(    libInnoSecure.so[0xCBBCB000])[29 44       ]0x000046C0:	ADD	R1, R5	;(R1=0x314899E3 R5=0x34333233 )
(    libInnoSecure.so[0xCBBCB000])[46 40       ]0x000046C2:	EORS	R6, R0	;(R6=0xCEBF761F R0=0xCE9AD059 )
(    libInnoSecure.so[0xCBBCB000])[0A 9D       ]0x000046C4:	LDR	R5, [SP, #0X28]	;(SP=0x100FFD18 )
(    libInnoSecure.so[0xCBBCB000])[33 44       ]0x000046C6:	ADD	R3, R6	;(R3=0x3F4CBC92 R6=0x0025A646 )
(    libInnoSecure.so[0xCBBCB000])[4F F2 7D 46 ]0x000046C8:	MOVW	R6, #0XF47D
(    libInnoSecure.so[0xCBBCB000])[CF F6 EF 76 ]0x000046CC:	MOVT	R6, #0XFFEF	;(R6=0x0000F47D )
(    libInnoSecure.so[0xCBBCB000])[33 44       ]0x000046D0:	ADD	R3, R6	;(R3=0x3F7262D8 R6=0xFFEFF47D )
(    libInnoSecure.so[0xCBBCB000])[02 EB 73 43 ]0x000046D2:	ADD.W	R3, R2, R3, ROR #17	;(R2=0x42087003 R3=0x3F625755 )
(    libInnoSecure.so[0xCBBCB000])[63 EA 00 06 ]0x000046D6:	ORN	R6, R3, R0	;(R3=0x6DB30FB4 R0=0xCE9AD059 )
(    libInnoSecure.so[0xCBBCB000])[28 44       ]0x000046DA:	ADD	R0, R5	;(R0=0xCE9AD059 R5=0x32333733 )
(    libInnoSecure.so[0xCBBCB000])[56 40       ]0x000046DC:	EORS	R6, R2	;(R6=0x7DF72FB6 R2=0x42087003 )
(    libInnoSecure.so[0xCBBCB000])[08 9D       ]0x000046DE:	LDR	R5, [SP, #0X20]	;(SP=0x100FFD18 )
(    libInnoSecure.so[0xCBBCB000])[31 44       ]0x000046E0:	ADD	R1, R6	;(R1=0x657BCC16 R6=0x3FFF5FB5 )
(    libInnoSecure.so[0xCBBCB000])[45 F6 D1 56 ]0x000046E2:	MOVW	R6, #0X5DD1
(    libInnoSecure.so[0xCBBCB000])[C8 F2 84 56 ]0x000046E6:	MOVT	R6, #0X8584	;(R6=0x00005DD1 )
(    libInnoSecure.so[0xCBBCB000])[31 44       ]0x000046EA:	ADD	R1, R6	;(R1=0xA57B2BCB R6=0x85845DD1 )
(    libInnoSecure.so[0xCBBCB000])[03 EB F1 21 ]0x000046EC:	ADD.W	R1, R3, R1, ROR #11	;(R3=0x6DB30FB4 R1=0x2AFF899C )
(    libInnoSecure.so[0xCBBCB000])[61 EA 02 06 ]0x000046F0:	ORN	R6, R1, R2	;(R1=0xA1386FA5 R2=0x42087003 )
(    libInnoSecure.so[0xCBBCB000])[72 44       ]0x000046F4:	ADD	R2, LR	;(R2=0x42087003 LR=0x34303535 )
(    libInnoSecure.so[0xCBBCB000])[5E 40       ]0x000046F6:	EORS	R6, R3	;(R6=0xBDFFEFFD R3=0x6DB30FB4 )
(    libInnoSecure.so[0xCBBCB000])[30 44       ]0x000046F8:	ADD	R0, R6	;(R0=0x00CE078C R6=0xD04CE049 )
(    libInnoSecure.so[0xCBBCB000])[47 F6 4F 66 ]0x000046FA:	MOVW	R6, #0X7E4F
(    libInnoSecure.so[0xCBBCB000])[C6 F6 A8 76 ]0x000046FE:	MOVT	R6, #0X6FA8	;(R6=0x00007E4F )
(    libInnoSecure.so[0xCBBCB000])[30 44       ]0x00004702:	ADD	R0, R6	;(R0=0xD11AE7D5 R6=0x6FA87E4F )
(    libInnoSecure.so[0xCBBCB000])[01 EB B0 66 ]0x00004704:	ADD.W	R6, R1, R0, ROR #26	;(R1=0xA1386FA5 R0=0x40C36624 )
(    libInnoSecure.so[0xCBBCB000])[66 EA 03 00 ]0x00004708:	ORN	R0, R6, R3	;(R6=0xD211F8B5 R3=0x6DB30FB4 )
(    libInnoSecure.so[0xCBBCB000])[4B 44       ]0x0000470C:	ADD	R3, SB	;(R3=0x6DB30FB4 SB=0x32333533 )
(    libInnoSecure.so[0xCBBCB000])[48 40       ]0x0000470E:	EORS	R0, R1	;(R0=0xD25DF8FF R1=0xA1386FA5 )
(    libInnoSecure.so[0xCBBCB000])[10 44       ]0x00004710:	ADD	R0, R2	;(R0=0x7365975A R2=0x7638A538 )
(    libInnoSecure.so[0xCBBCB000])[4E F2 E0 62 ]0x00004712:	MOVW	R2, #0XE6E0
(    libInnoSecure.so[0xCBBCB000])[CF F6 2C 62 ]0x00004716:	MOVT	R2, #0XFE2C	;(R2=0x0000E6E0 )
(    libInnoSecure.so[0xCBBCB000])[10 44       ]0x0000471A:	ADD	R0, R2	;(R0=0xE99E3C92 R2=0xFE2CE6E0 )
(    libInnoSecure.so[0xCBBCB000])[06 EB B0 52 ]0x0000471C:	ADD.W	R2, R6, R0, ROR #22	;(R6=0xD211F8B5 R0=0xE7CB2372 )
(    libInnoSecure.so[0xCBBCB000])[62 EA 01 00 ]0x00004720:	ORN	R0, R2, R1	;(R2=0xFE9FC454 R1=0xA1386FA5 )
(    libInnoSecure.so[0xCBBCB000])[29 44       ]0x00004724:	ADD	R1, R5	;(R1=0xA1386FA5 R5=0x61303033 )
(    libInnoSecure.so[0xCBBCB000])[70 40       ]0x00004726:	EORS	R0, R6	;(R0=0xFEDFD45E R6=0xD211F8B5 )
(    libInnoSecure.so[0xCBBCB000])[0B 9D       ]0x00004728:	LDR	R5, [SP, #0X2C]	;(SP=0x100FFD18 )
(    libInnoSecure.so[0xCBBCB000])[18 44       ]0x0000472A:	ADD	R0, R3	;(R0=0x2CCE2CEB R3=0x9FE644E7 )
(    libInnoSecure.so[0xCBBCB000])[44 F2 14 33 ]0x0000472C:	MOVW	R3, #0X4314
(    libInnoSecure.so[0xCBBCB000])[CA F2 01 33 ]0x00004730:	MOVT	R3, #0XA301	;(R3=0x00004314 )
(    libInnoSecure.so[0xCBBCB000])[18 44       ]0x00004734:	ADD	R0, R3	;(R0=0xCCB471D2 R3=0xA3014314 )
(    libInnoSecure.so[0xCBBCB000])[02 EB 70 40 ]0x00004736:	ADD.W	R0, R2, R0, ROR #17	;(R2=0xFE9FC454 R0=0x6FB5B4E6 )
(    libInnoSecure.so[0xCBBCB000])[60 EA 06 03 ]0x0000473A:	ORN	R3, R0, R6	;(R0=0xD912FC2E R6=0xD211F8B5 )
(    libInnoSecure.so[0xCBBCB000])[2E 44       ]0x0000473E:	ADD	R6, R5	;(R6=0xD211F8B5 R5=0x34336430 )
(    libInnoSecure.so[0xCBBCB000])[53 40       ]0x00004740:	EORS	R3, R2	;(R3=0xFDFEFF6E R2=0xFE9FC454 )
(    libInnoSecure.so[0xCBBCB000])[19 44       ]0x00004742:	ADD	R1, R3	;(R1=0x02689FD8 R3=0x03613B3A )
(    libInnoSecure.so[0xCBBCB000])[41 F2 A1 13 ]0x00004744:	MOVW	R3, #0X11A1
(    libInnoSecure.so[0xCBBCB000])[C4 F6 08 63 ]0x00004748:	MOVT	R3, #0X4E08	;(R3=0x000011A1 )
(    libInnoSecure.so[0xCBBCB000])[19 44       ]0x0000474C:	ADD	R1, R3	;(R1=0x05C9DB12 R3=0x4E0811A1 )
(    libInnoSecure.so[0xCBBCB000])[00 EB F1 21 ]0x0000474E:	ADD.W	R1, R0, R1, ROR #11	;(R0=0xD912FC2E R1=0x53D1ECB3 )
(    libInnoSecure.so[0xCBBCB000])[61 EA 02 03 ]0x00004752:	ORN	R3, R1, R2	;(R1=0x6F7D766B R2=0xFE9FC454 )
(    libInnoSecure.so[0xCBBCB000])[43 40       ]0x00004756:	EORS	R3, R0	;(R3=0x6F7D7FEB R0=0xD912FC2E )
(    libInnoSecure.so[0xCBBCB000])[33 44       ]0x00004758:	ADD	R3, R6	;(R3=0xB66F83C5 R6=0x06455CE5 )
(    libInnoSecure.so[0xCBBCB000])[47 F6 82 66 ]0x0000475A:	MOVW	R6, #0X7E82
(    libInnoSecure.so[0xCBBCB000])[CF F2 53 76 ]0x0000475E:	MOVT	R6, #0XF753	;(R6=0x00007E82 )
(    libInnoSecure.so[0xCBBCB000])[33 44       ]0x00004762:	ADD	R3, R6	;(R3=0xBCB4E0AA R6=0xF7537E82 )
(    libInnoSecure.so[0xCBBCB000])[DC F8 00 60 ]0x00004764:	LDR.W	R6, [IP]	;(IP=0x100FFEF8 )
(    libInnoSecure.so[0xCBBCB000])[01 EB B3 63 ]0x00004768:	ADD.W	R3, R1, R3, ROR #26	;(R1=0x6F7D766B R3=0xB4085F2C )
(    libInnoSecure.so[0xCBBCB000])[1E 44       ]0x0000476C:	ADD	R6, R3	;(R6=0x3A9BB1DB R3=0x71954198 )
(    libInnoSecure.so[0xCBBCB000])[CC F8 00 60 ]0x0000476E:	STR.W	R6, [IP]	;(R6=0xAC30F373 IP=0x100FFEF8 )
(    libInnoSecure.so[0xCBBCB000])[05 9D       ]0x00004772:	LDR	R5, [SP, #0X14]	;(SP=0x100FFD18 )
(    libInnoSecure.so[0xCBBCB000])[63 EA 00 06 ]0x00004774:	ORN	R6, R3, R0	;(R3=0x71954198 R0=0xD912FC2E )
(    libInnoSecure.so[0xCBBCB000])[4E 40       ]0x00004778:	EORS	R6, R1	;(R6=0x77FD43D9 R1=0x6F7D766B )
(    libInnoSecure.so[0xCBBCB000])[50 44       ]0x0000477A:	ADD	R0, SL	;(R0=0xD912FC2E SL=0x38333333 )
(    libInnoSecure.so[0xCBBCB000])[2A 44       ]0x0000477C:	ADD	R2, R5	;(R2=0xFE9FC454 R5=0x32353033 )
(    libInnoSecure.so[0xCBBCB000])[32 44       ]0x0000477E:	ADD	R2, R6	;(R2=0x30D4F487 R6=0x188035B2 )
(    libInnoSecure.so[0xCBBCB000])[4F F2 35 26 ]0x00004780:	MOVW	R6, #0XF235
(    libInnoSecure.so[0xCBBCB000])[CB F6 3A 56 ]0x00004784:	MOVT	R6, #0XBD3A	;(R6=0x0000F235 )
(    libInnoSecure.so[0xCBBCB000])[32 44       ]0x00004788:	ADD	R2, R6	;(R2=0x49552A39 R6=0xBD3AF235 )
(    libInnoSecure.so[0xCBBCB000])[DC E9 01 65 ]0x0000478A:	LDRD	R6, R5, [IP, #4]	;(IP=0x100FFEF8 )
(    libInnoSecure.so[0xCBBCB000])[DC F8 0C 40 ]0x0000478E:	LDR.W	R4, [IP, #0XC]	;(IP=0x100FFEF8 )
(    libInnoSecure.so[0xCBBCB000])[03 EB B2 52 ]0x00004792:	ADD.W	R2, R3, R2, ROR #22	;(R3=0x71954198 R2=0x06901C6E )
(    libInnoSecure.so[0xCBBCB000])[14 44       ]0x00004796:	ADD	R4, R2	;(R4=0x4C3AD7C6 R2=0xB206F9B2 )
(    libInnoSecure.so[0xCBBCB000])[CC F8 0C 40 ]0x00004798:	STR.W	R4, [IP, #0XC]	;(R4=0xFE41D178 IP=0x100FFEF8 )
(    libInnoSecure.so[0xCBBCB000])[62 EA 01 04 ]0x0000479C:	ORN	R4, R2, R1	;(R2=0xB206F9B2 R1=0x6F7D766B )
(    libInnoSecure.so[0xCBBCB000])[5C 40       ]0x000047A0:	EORS	R4, R3	;(R4=0xB286F9B6 R3=0x71954198 )
(    libInnoSecure.so[0xCBBCB000])[20 44       ]0x000047A2:	ADD	R0, R4	;(R0=0x11462F61 R4=0xC313B82E )
(    libInnoSecure.so[0xCBBCB000])[4D F2 BB 24 ]0x000047A4:	MOVW	R4, #0XD2BB
(    libInnoSecure.so[0xCBBCB000])[C2 F6 D7 24 ]0x000047A8:	MOVT	R4, #0X2AD7	;(R4=0x0000D2BB )
(    libInnoSecure.so[0xCBBCB000])[20 44       ]0x000047AC:	ADD	R0, R4	;(R0=0xD459E78F R4=0x2AD7D2BB )
(    libInnoSecure.so[0xCBBCB000])[02 EB 70 40 ]0x000047AE:	ADD.W	R0, R2, R0, ROR #17	;(R2=0xB206F9B2 R0=0xFF31BA4A )
(    libInnoSecure.so[0xCBBCB000])[05 44       ]0x000047B2:	ADD	R5, R0	;(R5=0x358C0CFF R0=0x8F2C794A )
(    libInnoSecure.so[0xCBBCB000])[60 EA 03 03 ]0x000047B4:	ORN	R3, R0, R3	;(R0=0x8F2C794A R3=0x71954198 )
(    libInnoSecure.so[0xCBBCB000])[CC F8 08 50 ]0x000047B8:	STR.W	R5, [IP, #8]	;(R5=0xC4B88649 IP=0x100FFEF8 )
(    libInnoSecure.so[0xCBBCB000])[5A 40       ]0x000047BC:	EORS	R2, R3	;(R2=0xB206F9B2 R3=0x8F6EFF6F )
(    libInnoSecure.so[0xCBBCB000])[10 9B       ]0x000047BE:	LDR	R3, [SP, #0X40]	;(SP=0x100FFD18 )
(    libInnoSecure.so[0xCBBCB000])[30 44       ]0x000047C0:	ADD	R0, R6	;(R0=0x8F2C794A R6=0xA233177B )
(    libInnoSecure.so[0xCBBCB000])[19 44       ]0x000047C2:	ADD	R1, R3	;(R1=0x6F7D766B R3=0x33333433 )
(    libInnoSecure.so[0xCBBCB000])[11 44       ]0x000047C4:	ADD	R1, R2	;(R1=0xA2B0AA9E R2=0x3D6806DD )
(    libInnoSecure.so[0xCBBCB000])[4D F2 91 32 ]0x000047C6:	MOVW	R2, #0XD391
(    libInnoSecure.so[0xCBBCB000])[CE F6 86 32 ]0x000047CA:	MOVT	R2, #0XEB86	;(R2=0x0000D391 )
(    libInnoSecure.so[0xCBBCB000])[11 44       ]0x000047CE:	ADD	R1, R2	;(R1=0xE018B17B R2=0xEB86D391 )
(    libInnoSecure.so[0xCBBCB000])[00 EB F1 20 ]0x000047D0:	ADD.W	R0, R0, R1, ROR #11	;(R0=0x315F90C5 R1=0xCB9F850C )
(    libInnoSecure.so[0xCBBCB000])[CC F8 04 00 ]0x000047D4:	STR.W	R0, [IP, #4]	;(R0=0xD2F904B5 IP=0x100FFEF8 )
(    libInnoSecure.so[0xCBBCB000])[07 48       ]0x000047D8:	LDR	R0, [PC, #0X1C]	;(PC=0xCBBCF7D8 )
(    libInnoSecure.so[0xCBBCB000])[52 99       ]0x000047DA:	LDR	R1, [SP, #0X148]	;(SP=0x100FFD18 )
(    libInnoSecure.so[0xCBBCB000])[78 44       ]0x000047DC:	ADD	R0, PC	;(R0=0x000056C0 PC=0xCBBCF7DC )
(    libInnoSecure.so[0xCBBCB000])[00 68       ]0x000047DE:	LDR	R0, [R0]	;(R0=0xCBBD4EA0 )
(    libInnoSecure.so[0xCBBCB000])[00 68       ]0x000047E0:	LDR	R0, [R0]	;(R0=0xCBC29384 )
(    libInnoSecure.so[0xCBBCB000])[40 1A       ]0x000047E2:	SUBS	R0, R0, R1	;(R0=0x00000000 R1=0x00000000 )
(    libInnoSecure.so[0xCBBCB000])[02 BF       ]0x000047E4:	ITTT	EQ
(    libInnoSecure.so[0xCBBCB000])[53 B0       ]0x000047E6:	ADD	SP, #0X14C	;(SP=0x100FFD18 )
(    libInnoSecure.so[0xCBBCB000])[BD E8 00 0F ]0x000047E8:	POP.W	{R8, SB, SL, FP}	;(SP=0x100FFE64 )
(    libInnoSecure.so[0xCBBCB000])[F0 BD       ]0x000047EC:	POP	{R4, R5, R6, R7, PC}	;(SP=0x100FFE74 )
(    libInnoSecure.so[0xCBBCB000])[05 F1 80 00 ]0x0000402E:	ADD.W	R0, R5, #0X80	;(R5=0x00000100 )
(    libInnoSecure.so[0xCBBCB000])[40 35       ]0x00004032:	ADDS	R5, #0X40	;(R5=0x00000100 )
(    libInnoSecure.so[0xCBBCB000])[A0 42       ]0x00004034:	CMP	R0, R4	;(R0=0x00000180 R4=0x0000043E )
(    libInnoSecure.so[0xCBBCB000])[F5 D9       ]0x00004036:	BLS	#0XCBBCF024
(    libInnoSecure.so[0xCBBCB000])[09 EB 05 01 ]0x00004024:	ADD.W	R1, SB, R5	;(SB=0x30043020 R5=0x00000140 )
(    libInnoSecure.so[0xCBBCB000])[30 46       ]0x00004028:	MOV	R0, R6	;(R6=0x100FFEF8 )
(    libInnoSecure.so[0xCBBCB000])[00 F0 11 F8 ]0x0000402A:	BL	#0XCBBCF050	;(PC=0xCBBCF02A )
(    libInnoSecure.so[0xCBBCB000])[F0 B5       ]0x00004050:	PUSH	{R4, R5, R6, R7, LR}	;(SP=0x100FFE88 R4=0x0000043E R5=0x00000140 R6=0x100FFEF8 R7=0x100FFEA0 LR=0xCBBCF02F )
(    libInnoSecure.so[0xCBBCB000])[03 AF       ]0x00004052:	ADD	R7, SP, #0XC	;(SP=0x100FFE74 )
(    libInnoSecure.so[0xCBBCB000])[2D E9 00 0F ]0x00004054:	PUSH.W	{R8, SB, SL, FP}	;(SP=0x100FFE74 R8=0x100FFEF0 SB=0x30043020 SL=0x100FFF08 FP=0x00000007 )
(    libInnoSecure.so[0xCBBCB000])[D3 B0       ]0x00004058:	SUB	SP, #0X14C	;(SP=0x100FFE64 )
(    libInnoSecure.so[0xCBBCB000])[DF F8 98 27 ]0x0000405A:	LDR.W	R2, [PC, #0X798]	;(PC=0xCBBCF05A )
(    libInnoSecure.so[0xCBBCB000])[12 AC       ]0x0000405E:	ADD	R4, SP, #0X48	;(SP=0x100FFD18 )
(    libInnoSecure.so[0xCBBCB000])[00 25       ]0x00004060:	MOVS	R5, #0
(    libInnoSecure.so[0xCBBCB000])[7A 44       ]0x00004062:	ADD	R2, PC	;(R2=0x00005E3A PC=0xCBBCF062 )
(    libInnoSecure.so[0xCBBCB000])[12 68       ]0x00004064:	LDR	R2, [R2]	;(R2=0xCBBD4EA0 )
(    libInnoSecure.so[0xCBBCB000])[12 68       ]0x00004066:	LDR	R2, [R2]	;(R2=0xCBC29384 )
(    libInnoSecure.so[0xCBBCB000])[52 92       ]0x00004068:	STR	R2, [SP, #0X148]	;(R2=0x00000000 SP=0x100FFD18 )
(    libInnoSecure.so[0xCBBCB000])[D0 E9 00 C2 ]0x0000406A:	LDRD	IP, R2, [R0]	;(R0=0x100FFEF8 )
(    libInnoSecure.so[0xCBBCB000])[D0 F8 08 E0 ]0x0000406E:	LDR.W	LR, [R0, #8]	;(R0=0x100FFEF8 )
(    libInnoSecure.so[0xCBBCB000])[07 90       ]0x00004072:	STR	R0, [SP, #0X1C]	;(R0=0x100FFEF8 SP=0x100FFD18 )
(    libInnoSecure.so[0xCBBCB000])[C0 68       ]0x00004074:	LDR	R0, [R0, #0XC]	;(R0=0x100FFEF8 )
(    libInnoSecure.so[0xCBBCB000])[4E 59       ]0x00004076:	LDR	R6, [R1, R5]	;(R1=0x30043160 R5=0x00000000 )
(    libInnoSecure.so[0xCBBCB000])[66 51       ]0x00004078:	STR	R6, [R4, R5]	;(R6=0x33313630 R4=0x100FFD60 R5=0x00000000 )
(    libInnoSecure.so[0xCBBCB000])[04 35       ]0x0000407A:	ADDS	R5, #4	;(R5=0x00000000 )
(    libInnoSecure.so[0xCBBCB000])[40 2D       ]0x0000407C:	CMP	R5, #0X40	;(R5=0x00000004 )
(    libInnoSecure.so[0xCBBCB000])[FA D1       ]0x0000407E:	BNE	#0XCBBCF076
(    libInnoSecure.so[0xCBBCB000])[4E 59       ]0x00004076:	LDR	R6, [R1, R5]	;(R1=0x30043160 R5=0x00000004 )
(    libInnoSecure.so[0xCBBCB000])[66 51       ]0x00004078:	STR	R6, [R4, R5]	;(R6=0x30333330 R4=0x100FFD60 R5=0x00000004 )
(    libInnoSecure.so[0xCBBCB000])[04 35       ]0x0000407A:	ADDS	R5, #4	;(R5=0x00000004 )
(    libInnoSecure.so[0xCBBCB000])[40 2D       ]0x0000407C:	CMP	R5, #0X40	;(R5=0x00000008 )
(    libInnoSecure.so[0xCBBCB000])[FA D1       ]0x0000407E:	BNE	#0XCBBCF076
(    libInnoSecure.so[0xCBBCB000])[4E 59       ]0x00004076:	LDR	R6, [R1, R5]	;(R1=0x30043160 R5=0x00000008 )
(    libInnoSecure.so[0xCBBCB000])[66 51       ]0x00004078:	STR	R6, [R4, R5]	;(R6=0x31333233 R4=0x100FFD60 R5=0x00000008 )
(    libInnoSecure.so[0xCBBCB000])[04 35       ]0x0000407A:	ADDS	R5, #4	;(R5=0x00000008 )
(    libInnoSecure.so[0xCBBCB000])[40 2D       ]0x0000407C:	CMP	R5, #0X40	;(R5=0x0000000C )
(    libInnoSecure.so[0xCBBCB000])[FA D1       ]0x0000407E:	BNE	#0XCBBCF076
(    libInnoSecure.so[0xCBBCB000])[4E 59       ]0x00004076:	LDR	R6, [R1, R5]	;(R1=0x30043160 R5=0x0000000C )
(    libInnoSecure.so[0xCBBCB000])[66 51       ]0x00004078:	STR	R6, [R4, R5]	;(R6=0x62303133 R4=0x100FFD60 R5=0x0000000C )
(    libInnoSecure.so[0xCBBCB000])[04 35       ]0x0000407A:	ADDS	R5, #4	;(R5=0x0000000C )
(    libInnoSecure.so[0xCBBCB000])[40 2D       ]0x0000407C:	CMP	R5, #0X40	;(R5=0x00000010 )
(    libInnoSecure.so[0xCBBCB000])[FA D1       ]0x0000407E:	BNE	#0XCBBCF076
(    libInnoSecure.so[0xCBBCB000])[4E 59       ]0x00004076:	LDR	R6, [R1, R5]	;(R1=0x30043160 R5=0x00000010 )
(    libInnoSecure.so[0xCBBCB000])[66 51       ]0x00004078:	STR	R6, [R4, R5]	;(R6=0x39303033 R4=0x100FFD60 R5=0x00000010 )
(    libInnoSecure.so[0xCBBCB000])[04 35       ]0x0000407A:	ADDS	R5, #4	;(R5=0x00000010 )
(    libInnoSecure.so[0xCBBCB000])[40 2D       ]0x0000407C:	CMP	R5, #0X40	;(R5=0x00000014 )
(    libInnoSecure.so[0xCBBCB000])[FA D1       ]0x0000407E:	BNE	#0XCBBCF076
(    libInnoSecure.so[0xCBBCB000])[4E 59       ]0x00004076:	LDR	R6, [R1, R5]	;(R1=0x30043160 R5=0x00000014 )
(    libInnoSecure.so[0xCBBCB000])[66 51       ]0x00004078:	STR	R6, [R4, R5]	;(R6=0x33303630 R4=0x100FFD60 R5=0x00000014 )
(    libInnoSecure.so[0xCBBCB000])[04 35       ]0x0000407A:	ADDS	R5, #4	;(R5=0x00000014 )
(    libInnoSecure.so[0xCBBCB000])[40 2D       ]0x0000407C:	CMP	R5, #0X40	;(R5=0x00000018 )
(    libInnoSecure.so[0xCBBCB000])[FA D1       ]0x0000407E:	BNE	#0XCBBCF076
(    libInnoSecure.so[0xCBBCB000])[4E 59       ]0x00004076:	LDR	R6, [R1, R5]	;(R1=0x30043160 R5=0x00000018 )
(    libInnoSecure.so[0xCBBCB000])[66 51       ]0x00004078:	STR	R6, [R4, R5]	;(R6=0x34303535 R4=0x100FFD60 R5=0x00000018 )
(    libInnoSecure.so[0xCBBCB000])[04 35       ]0x0000407A:	ADDS	R5, #4	;(R5=0x00000018 )
(    libInnoSecure.so[0xCBBCB000])[40 2D       ]0x0000407C:	CMP	R5, #0X40	;(R5=0x0000001C )
(    libInnoSecure.so[0xCBBCB000])[FA D1       ]0x0000407E:	BNE	#0XCBBCF076
(    libInnoSecure.so[0xCBBCB000])[4E 59       ]0x00004076:	LDR	R6, [R1, R5]	;(R1=0x30043160 R5=0x0000001C )
(    libInnoSecure.so[0xCBBCB000])[66 51       ]0x00004078:	STR	R6, [R4, R5]	;(R6=0x33313830 R4=0x100FFD60 R5=0x0000001C )
(    libInnoSecure.so[0xCBBCB000])[04 35       ]0x0000407A:	ADDS	R5, #4	;(R5=0x0000001C )
(    libInnoSecure.so[0xCBBCB000])[40 2D       ]0x0000407C:	CMP	R5, #0X40	;(R5=0x00000020 )
(    libInnoSecure.so[0xCBBCB000])[FA D1       ]0x0000407E:	BNE	#0XCBBCF076
(    libInnoSecure.so[0xCBBCB000])[4E 59       ]0x00004076:	LDR	R6, [R1, R5]	;(R1=0x30043160 R5=0x00000020 )
(    libInnoSecure.so[0xCBBCB000])[66 51       ]0x00004078:	STR	R6, [R4, R5]	;(R6=0x33353230 R4=0x100FFD60 R5=0x00000020 )
(    libInnoSecure.so[0xCBBCB000])[04 35       ]0x0000407A:	ADDS	R5, #4	;(R5=0x00000020 )
(    libInnoSecure.so[0xCBBCB000])[40 2D       ]0x0000407C:	CMP	R5, #0X40	;(R5=0x00000024 )
(    libInnoSecure.so[0xCBBCB000])[FA D1       ]0x0000407E:	BNE	#0XCBBCF076
(    libInnoSecure.so[0xCBBCB000])[4E 59       ]0x00004076:	LDR	R6, [R1, R5]	;(R1=0x30043160 R5=0x00000024 )
(    libInnoSecure.so[0xCBBCB000])[66 51       ]0x00004078:	STR	R6, [R4, R5]	;(R6=0x31333834 R4=0x100FFD60 R5=0x00000024 )
(    libInnoSecure.so[0xCBBCB000])[04 35       ]0x0000407A:	ADDS	R5, #4	;(R5=0x00000024 )
(    libInnoSecure.so[0xCBBCB000])[40 2D       ]0x0000407C:	CMP	R5, #0X40	;(R5=0x00000028 )
(    libInnoSecure.so[0xCBBCB000])[FA D1       ]0x0000407E:	BNE	#0XCBBCF076
(    libInnoSecure.so[0xCBBCB000])[4E 59       ]0x00004076:	LDR	R6, [R1, R5]	;(R1=0x30043160 R5=0x00000028 )
(    libInnoSecure.so[0xCBBCB000])[66 51       ]0x00004078:	STR	R6, [R4, R5]	;(R6=0x30336230 R4=0x100FFD60 R5=0x00000028 )
(    libInnoSecure.so[0xCBBCB000])[04 35       ]0x0000407A:	ADDS	R5, #4	;(R5=0x00000028 )
(    libInnoSecure.so[0xCBBCB000])[40 2D       ]0x0000407C:	CMP	R5, #0X40	;(R5=0x0000002C )
(    libInnoSecure.so[0xCBBCB000])[FA D1       ]0x0000407E:	BNE	#0XCBBCF076
(    libInnoSecure.so[0xCBBCB000])[4E 59       ]0x00004076:	LDR	R6, [R1, R5]	;(R1=0x30043160 R5=0x0000002C )
(    libInnoSecure.so[0xCBBCB000])[66 51       ]0x00004078:	STR	R6, [R4, R5]	;(R6=0x36303930 R4=0x100FFD60 R5=0x0000002C )
(    libInnoSecure.so[0xCBBCB000])[04 35       ]0x0000407A:	ADDS	R5, #4	;(R5=0x0000002C )
(    libInnoSecure.so[0xCBBCB000])[40 2D       ]0x0000407C:	CMP	R5, #0X40	;(R5=0x00000030 )
(    libInnoSecure.so[0xCBBCB000])[FA D1       ]0x0000407E:	BNE	#0XCBBCF076
(    libInnoSecure.so[0xCBBCB000])[4E 59       ]0x00004076:	LDR	R6, [R1, R5]	;(R1=0x30043160 R5=0x00000030 )
(    libInnoSecure.so[0xCBBCB000])[66 51       ]0x00004078:	STR	R6, [R4, R5]	;(R6=0x35353330 R4=0x100FFD60 R5=0x00000030 )
(    libInnoSecure.so[0xCBBCB000])[04 35       ]0x0000407A:	ADDS	R5, #4	;(R5=0x00000030 )
(    libInnoSecure.so[0xCBBCB000])[40 2D       ]0x0000407C:	CMP	R5, #0X40	;(R5=0x00000034 )
(    libInnoSecure.so[0xCBBCB000])[FA D1       ]0x0000407E:	BNE	#0XCBBCF076
(    libInnoSecure.so[0xCBBCB000])[4E 59       ]0x00004076:	LDR	R6, [R1, R5]	;(R1=0x30043160 R5=0x00000034 )
(    libInnoSecure.so[0xCBBCB000])[66 51       ]0x00004078:	STR	R6, [R4, R5]	;(R6=0x37303430 R4=0x100FFD60 R5=0x00000034 )
(    libInnoSecure.so[0xCBBCB000])[04 35       ]0x0000407A:	ADDS	R5, #4	;(R5=0x00000034 )
(    libInnoSecure.so[0xCBBCB000])[40 2D       ]0x0000407C:	CMP	R5, #0X40	;(R5=0x00000038 )
(    libInnoSecure.so[0xCBBCB000])[FA D1       ]0x0000407E:	BNE	#0XCBBCF076
(    libInnoSecure.so[0xCBBCB000])[4E 59       ]0x00004076:	LDR	R6, [R1, R5]	;(R1=0x30043160 R5=0x00000038 )
(    libInnoSecure.so[0xCBBCB000])[66 51       ]0x00004078:	STR	R6, [R4, R5]	;(R6=0x32303331 R4=0x100FFD60 R5=0x00000038 )
(    libInnoSecure.so[0xCBBCB000])[04 35       ]0x0000407A:	ADDS	R5, #4	;(R5=0x00000038 )
(    libInnoSecure.so[0xCBBCB000])[40 2D       ]0x0000407C:	CMP	R5, #0X40	;(R5=0x0000003C )
(    libInnoSecure.so[0xCBBCB000])[FA D1       ]0x0000407E:	BNE	#0XCBBCF076
(    libInnoSecure.so[0xCBBCB000])[4E 59       ]0x00004076:	LDR	R6, [R1, R5]	;(R1=0x30043160 R5=0x0000003C )
(    libInnoSecure.so[0xCBBCB000])[66 51       ]0x00004078:	STR	R6, [R4, R5]	;(R6=0x38343335 R4=0x100FFD60 R5=0x0000003C )
(    libInnoSecure.so[0xCBBCB000])[04 35       ]0x0000407A:	ADDS	R5, #4	;(R5=0x0000003C )
(    libInnoSecure.so[0xCBBCB000])[40 2D       ]0x0000407C:	CMP	R5, #0X40	;(R5=0x00000040 )
(    libInnoSecure.so[0xCBBCB000])[FA D1       ]0x0000407E:	BNE	#0XCBBCF076
(    libInnoSecure.so[0xCBBCB000])[0E EA 02 01 ]0x00004080:	AND.W	R1, LR, R2	;(LR=0xC4B88649 R2=0xD2F904B5 )
(    libInnoSecure.so[0xCBBCB000])[20 EA 02 06 ]0x00004084:	BIC.W	R6, R0, R2	;(R0=0xFE41D178 R2=0xD2F904B5 )
(    libInnoSecure.so[0xCBBCB000])[31 43       ]0x00004088:	ORRS	R1, R6	;(R1=0xC0B80401 R6=0x2C00D148 )
(    libInnoSecure.so[0xCBBCB000])[12 9D       ]0x0000408A:	LDR	R5, [SP, #0X48]	;(SP=0x100FFD18 )
(    libInnoSecure.so[0xCBBCB000])[61 44       ]0x0000408C:	ADD	R1, IP	;(R1=0xECB8D549 IP=0xAC30F373 )
(    libInnoSecure.so[0xCBBCB000])[4A F2 78 46 ]0x0000408E:	MOVW	R6, #0XA478
(    libInnoSecure.so[0xCBBCB000])[29 44       ]0x00004092:	ADD	R1, R5	;(R1=0x98E9C8BC R5=0x33313630 )
(    libInnoSecure.so[0xCBBCB000])[CD F2 6A 76 ]0x00004094:	MOVT	R6, #0XD76A	;(R6=0x0000A478 )
(    libInnoSecure.so[0xCBBCB000])[31 44       ]0x00004098:	ADD	R1, R6	;(R1=0xCC1AFEEC R6=0xD76AA478 )
(    libInnoSecure.so[0xCBBCB000])[13 9B       ]0x0000409A:	LDR	R3, [SP, #0X4C]	;(SP=0x100FFD18 )
(    libInnoSecure.so[0xCBBCB000])[0E 95       ]0x0000409C:	STR	R5, [SP, #0X38]	;(R5=0x33313630 SP=0x100FFD18 )
(    libInnoSecure.so[0xCBBCB000])[02 EB 71 66 ]0x0000409E:	ADD.W	R6, R2, R1, ROR #25	;(R2=0xD2F904B5 R1=0xA385A364 )
(    libInnoSecure.so[0xCBBCB000])[18 44       ]0x000040A2:	ADD	R0, R3	;(R0=0xFE41D178 R3=0x30333330 )
(    libInnoSecure.so[0xCBBCB000])[2E EA 06 01 ]0x000040A4:	BIC.W	R1, LR, R6	;(LR=0xC4B88649 R6=0x95CAB706 )
(    libInnoSecure.so[0xCBBCB000])[06 EA 02 05 ]0x000040A8:	AND.W	R5, R6, R2	;(R6=0x95CAB706 R2=0xD2F904B5 )
(    libInnoSecure.so[0xCBBCB000])[29 43       ]0x000040AC:	ORRS	R1, R5	;(R1=0x40300049 R5=0x90C80404 )
(    libInnoSecure.so[0xCBBCB000])[14 9C       ]0x000040AE:	LDR	R4, [SP, #0X50]	;(SP=0x100FFD18 )
(    libInnoSecure.so[0xCBBCB000])[08 44       ]0x000040B0:	ADD	R0, R1	;(R0=0x2E7504A8 R1=0xD0F8044D )
(    libInnoSecure.so[0xCBBCB000])[4B F2 56 71 ]0x000040B2:	MOVW	R1, #0XB756
(    libInnoSecure.so[0xCBBCB000])[CE F6 C7 01 ]0x000040B6:	MOVT	R1, #0XE8C7	;(R1=0x0000B756 )
(    libInnoSecure.so[0xCBBCB000])[08 44       ]0x000040BA:	ADD	R0, R1	;(R0=0xFF6D08F5 R1=0xE8C7B756 )
(    libInnoSecure.so[0xCBBCB000])[DD F8 54 C0 ]0x000040BC:	LDR.W	IP, [SP, #0X54]	;(SP=0x100FFD18 )
(    libInnoSecure.so[0xCBBCB000])[06 EB 30 55 ]0x000040C0:	ADD.W	R5, R6, R0, ROR #20	;(R6=0x95CAB706 R0=0xE834C04B )
(    libInnoSecure.so[0xCBBCB000])[11 93       ]0x000040C4:	STR	R3, [SP, #0X44]	;(R3=0x30333330 SP=0x100FFD18 )
(    libInnoSecure.so[0xCBBCB000])[22 EA 05 00 ]0x000040C6:	BIC.W	R0, R2, R5	;(R2=0xD2F904B5 R5=0xE1CF7589 )
(    libInnoSecure.so[0xCBBCB000])[05 EA 06 01 ]0x000040CA:	AND.W	R1, R5, R6	;(R5=0xE1CF7589 R6=0x95CAB706 )
(    libInnoSecure.so[0xCBBCB000])[08 43       ]0x000040CE:	ORRS	R0, R1	;(R0=0x12300034 R1=0x81CA3500 )
(    libInnoSecure.so[0xCBBCB000])[0E EB 04 01 ]0x000040D0:	ADD.W	R1, LR, R4	;(LR=0xC4B88649 R4=0x31333233 )
(    libInnoSecure.so[0xCBBCB000])[08 44       ]0x000040D4:	ADD	R0, R1	;(R0=0x93FA3534 R1=0xF5EBB87C )
(    libInnoSecure.so[0xCBBCB000])[47 F2 DB 01 ]0x000040D6:	MOVW	R1, #0X70DB
(    libInnoSecure.so[0xCBBCB000])[C2 F2 20 41 ]0x000040DA:	MOVT	R1, #0X2420	;(R1=0x000070DB )
(    libInnoSecure.so[0xCBBCB000])[08 44       ]0x000040DE:	ADD	R0, R1	;(R0=0x89E5EDB0 R1=0x242070DB )
(    libInnoSecure.so[0xCBBCB000])[62 44       ]0x000040E0:	ADD	R2, IP	;(R2=0xD2F904B5 IP=0x62303133 )
(    libInnoSecure.so[0xCBBCB000])[CD F8 3C C0 ]0x000040E2:	STR.W	IP, [SP, #0X3C]	;(IP=0x62303133 SP=0x100FFD18 )
(    libInnoSecure.so[0xCBBCB000])[05 EB F0 30 ]0x000040E6:	ADD.W	R0, R5, R0, ROR #15	;(R5=0xE1CF7589 R0=0xAE065E8B )
(    libInnoSecure.so[0xCBBCB000])[DD F8 60 C0 ]0x000040EA:	LDR.W	IP, [SP, #0X60]	;(SP=0x100FFD18 )
(    libInnoSecure.so[0xCBBCB000])[26 EA 00 01 ]0x000040EE:	BIC.W	R1, R6, R0	;(R6=0x95CAB706 R0=0x9EE6D195 )
(    libInnoSecure.so[0xCBBCB000])[00 EA 05 03 ]0x000040F2:	AND.W	R3, R0, R5	;(R0=0x9EE6D195 R5=0xE1CF7589 )
(    libInnoSecure.so[0xCBBCB000])[19 43       ]0x000040F6:	ORRS	R1, R3	;(R1=0x01082602 R3=0x80C65181 )
(    libInnoSecure.so[0xCBBCB000])[0C 94       ]0x000040F8:	STR	R4, [SP, #0X30]	;(R4=0x31333233 SP=0x100FFD18 )
(    libInnoSecure.so[0xCBBCB000])[11 44       ]0x000040FA:	ADD	R1, R2	;(R1=0x81CE7783 R2=0x352935E8 )
(    libInnoSecure.so[0xCBBCB000])[4C F6 EE 62 ]0x000040FC:	MOVW	R2, #0XCEEE
(    libInnoSecure.so[0xCBBCB000])[CC F2 BD 12 ]0x00004100:	MOVT	R2, #0XC1BD	;(R2=0x0000CEEE )
(    libInnoSecure.so[0xCBBCB000])[11 44       ]0x00004104:	ADD	R1, R2	;(R1=0xB6F7AD6B R2=0xC1BDCEEE )
(    libInnoSecure.so[0xCBBCB000])[DD F8 74 90 ]0x00004106:	LDR.W	SB, [SP, #0X74]	;(SP=0x100FFD18 )
(    libInnoSecure.so[0xCBBCB000])[00 EB B1 21 ]0x0000410A:	ADD.W	R1, R0, R1, ROR #10	;(R0=0x9EE6D195 R1=0x78B57C59 )
(    libInnoSecure.so[0xCBBCB000])[CD F8 18 C0 ]0x0000410E:	STR.W	IP, [SP, #0X18]	;(IP=0x34303535 SP=0x100FFD18 )
(    libInnoSecure.so[0xCBBCB000])[25 EA 01 02 ]0x00004112:	BIC.W	R2, R5, R1	;(R5=0xE1CF7589 R1=0xB544FEF4 )
(    libInnoSecure.so[0xCBBCB000])[01 EA 00 03 ]0x00004116:	AND.W	R3, R1, R0	;(R1=0xB544FEF4 R0=0x9EE6D195 )
(    libInnoSecure.so[0xCBBCB000])[1A 43       ]0x0000411A:	ORRS	R2, R3	;(R2=0x408B0109 R3=0x9444D094 )
(    libInnoSecure.so[0xCBBCB000])[16 9B       ]0x0000411C:	LDR	R3, [SP, #0X58]	;(SP=0x100FFD18 )
(    libInnoSecure.so[0xCBBCB000])[0B 93       ]0x0000411E:	STR	R3, [SP, #0X2C]	;(R3=0x39303033 SP=0x100FFD18 )
(    libInnoSecure.so[0xCBBCB000])[33 44       ]0x00004120:	ADD	R3, R6	;(R3=0x39303033 R6=0x95CAB706 )
(    libInnoSecure.so[0xCBBCB000])[1A 44       ]0x00004122:	ADD	R2, R3	;(R2=0xD4CFD19D R3=0xCEFAE739 )
(    libInnoSecure.so[0xCBBCB000])[40 F6 AF 73 ]0x00004124:	MOVW	R3, #0XFAF
(    libInnoSecure.so[0xCBBCB000])[CF F2 7C 53 ]0x00004128:	MOVT	R3, #0XF57C	;(R3=0x00000FAF )
(    libInnoSecure.so[0xCBBCB000])[1A 44       ]0x0000412C:	ADD	R2, R3	;(R2=0xA3CAB8D6 R3=0xF57C0FAF )
(    libInnoSecure.so[0xCBBCB000])[01 EB 72 62 ]0x0000412E:	ADD.W	R2, R1, R2, ROR #25	;(R1=0xB544FEF4 R2=0x9946C885 )
(    libInnoSecure.so[0xCBBCB000])[20 EA 02 03 ]0x00004132:	BIC.W	R3, R0, R2	;(R0=0x9EE6D195 R2=0x58A941C0 )
(    libInnoSecure.so[0xCBBCB000])[02 EA 01 06 ]0x00004136:	AND.W	R6, R2, R1	;(R2=0x58A941C0 R1=0xB544FEF4 )
(    libInnoSecure.so[0xCBBCB000])[33 43       ]0x0000413A:	ORRS	R3, R6	;(R3=0x86469015 R6=0x100040C0 )
(    libInnoSecure.so[0xCBBCB000])[17 9E       ]0x0000413C:	LDR	R6, [SP, #0X5C]	;(SP=0x100FFD18 )
(    libInnoSecure.so[0xCBBCB000])[60 44       ]0x0000413E:	ADD	R0, IP	;(R0=0x9EE6D195 IP=0x34303535 )
(    libInnoSecure.so[0xCBBCB000])[09 96       ]0x00004140:	STR	R6, [SP, #0X24]	;(R6=0x33303630 SP=0x100FFD18 )
(    libInnoSecure.so[0xCBBCB000])[35 44       ]0x00004142:	ADD	R5, R6	;(R5=0xE1CF7589 R6=0x33303630 )
(    libInnoSecure.so[0xCBBCB000])[1C 9E       ]0x00004144:	LDR	R6, [SP, #0X70]	;(SP=0x100FFD18 )
(    libInnoSecure.so[0xCBBCB000])[2B 44       ]0x00004146:	ADD	R3, R5	;(R3=0x9646D0D5 R5=0x14FFABB9 )
(    libInnoSecure.so[0xCBBCB000])[4C F2 2A 65 ]0x00004148:	MOVW	R5, #0XC62A
(    libInnoSecure.so[0xCBBCB000])[C4 F2 87 75 ]0x0000414C:	MOVT	R5, #0X4787	;(R5=0x0000C62A )
(    libInnoSecure.so[0xCBBCB000])[2B 44       ]0x00004150:	ADD	R3, R5	;(R3=0xAB467C8E R5=0x4787C62A )
(    libInnoSecure.so[0xCBBCB000])[B0 46       ]0x00004152:	MOV	R8, R6	;(R6=0x30336230 )
(    libInnoSecure.so[0xCBBCB000])[02 EB 33 53 ]0x00004154:	ADD.W	R3, R2, R3, ROR #20	;(R2=0x58A941C0 R3=0xF2CE42B8 )
(    libInnoSecure.so[0xCBBCB000])[CD F8 08 80 ]0x00004158:	STR.W	R8, [SP, #8]	;(R8=0x30336230 SP=0x100FFD18 )
(    libInnoSecure.so[0xCBBCB000])[21 EA 03 05 ]0x0000415C:	BIC.W	R5, R1, R3	;(R1=0xB544FEF4 R3=0x3CD4D0EC )
(    libInnoSecure.so[0xCBBCB000])[03 EA 02 04 ]0x00004160:	AND.W	R4, R3, R2	;(R3=0x3CD4D0EC R2=0x58A941C0 )
(    libInnoSecure.so[0xCBBCB000])[25 43       ]0x00004164:	ORRS	R5, R4	;(R5=0x81002E10 R4=0x188040C0 )
(    libInnoSecure.so[0xCBBCB000])[19 9C       ]0x00004166:	LDR	R4, [SP, #0X64]	;(SP=0x100FFD18 )
(    libInnoSecure.so[0xCBBCB000])[28 44       ]0x00004168:	ADD	R0, R5	;(R0=0xD31706CA R5=0x99806ED0 )
(    libInnoSecure.so[0xCBBCB000])[44 F2 13 65 ]0x0000416A:	MOVW	R5, #0X4613
(    libInnoSecure.so[0xCBBCB000])[CA F6 30 05 ]0x0000416E:	MOVT	R5, #0XA830	;(R5=0x00004613 )
(    libInnoSecure.so[0xCBBCB000])[28 44       ]0x00004172:	ADD	R0, R5	;(R0=0x6C97759A R5=0xA8304613 )
(    libInnoSecure.so[0xCBBCB000])[21 44       ]0x00004174:	ADD	R1, R4	;(R1=0xB544FEF4 R4=0x33313830 )
(    libInnoSecure.so[0xCBBCB000])[04 94       ]0x00004176:	STR	R4, [SP, #0X10]	;(R4=0x33313830 SP=0x100FFD18 )
(    libInnoSecure.so[0xCBBCB000])[03 EB F0 3E ]0x00004178:	ADD.W	LR, R3, R0, ROR #15	;(R3=0x3CD4D0EC R0=0x14C7BBAD )
(    libInnoSecure.so[0xCBBCB000])[22 EA 0E 00 ]0x0000417C:	BIC.W	R0, R2, LR	;(R2=0x58A941C0 LR=0xB42EFA7B )
(    libInnoSecure.so[0xCBBCB000])[0E EA 03 05 ]0x00004180:	AND.W	R5, LR, R3	;(LR=0xB42EFA7B R3=0x3CD4D0EC )
(    libInnoSecure.so[0xCBBCB000])[28 43       ]0x00004184:	ORRS	R0, R5	;(R0=0x48810180 R5=0x3404D068 )
(    libInnoSecure.so[0xCBBCB000])[06 EB 0E 05 ]0x00004186:	ADD.W	R5, R6, LR	;(R6=0x30336230 LR=0xB42EFA7B )
(    libInnoSecure.so[0xCBBCB000])[08 44       ]0x0000418A:	ADD	R0, R1	;(R0=0x7C85D1E8 R1=0xE8763724 )
(    libInnoSecure.so[0xCBBCB000])[49 F2 01 51 ]0x0000418C:	MOVW	R1, #0X9501
(    libInnoSecure.so[0xCBBCB000])[CF F6 46 51 ]0x00004190:	MOVT	R1, #0XFD46	;(R1=0x00009501 )
(    libInnoSecure.so[0xCBBCB000])[08 44       ]0x00004194:	ADD	R0, R1	;(R0=0x64FC090C R1=0xFD469501 )
(    libInnoSecure.so[0xCBBCB000])[0E EB B0 21 ]0x00004196:	ADD.W	R1, LR, R0, ROR #10	;(LR=0xB42EFA7B R0=0x62429E0D )
(    libInnoSecure.so[0xCBBCB000])[23 EA 01 00 ]0x0000419A:	BIC.W	R0, R3, R1	;(R3=0x3CD4D0EC R1=0x37878B22 )
(    libInnoSecure.so[0xCBBCB000])[01 EA 0E 04 ]0x0000419E:	AND.W	R4, R1, LR	;(R1=0x37878B22 LR=0xB42EFA7B )
(    libInnoSecure.so[0xCBBCB000])[20 43       ]0x000041A2:	ORRS	R0, R4	;(R0=0x085050CC R4=0x34068A22 )
(    libInnoSecure.so[0xCBBCB000])[1A 9C       ]0x000041A4:	LDR	R4, [SP, #0X68]	;(SP=0x100FFD18 )
(    libInnoSecure.so[0xCBBCB000])[0A 94       ]0x000041A6:	STR	R4, [SP, #0X28]	;(R4=0x33353230 SP=0x100FFD18 )
(    libInnoSecure.so[0xCBBCB000])[22 44       ]0x000041A8:	ADD	R2, R4	;(R2=0x58A941C0 R4=0x33353230 )
(    libInnoSecure.so[0xCBBCB000])[10 44       ]0x000041AA:	ADD	R0, R2	;(R0=0x3C56DAEE R2=0x8BDE73F0 )
(    libInnoSecure.so[0xCBBCB000])[49 F6 D8 02 ]0x000041AC:	MOVW	R2, #0X98D8
(    libInnoSecure.so[0xCBBCB000])[C6 F6 80 12 ]0x000041B0:	MOVT	R2, #0X6980	;(R2=0x000098D8 )
(    libInnoSecure.so[0xCBBCB000])[10 44       ]0x000041B4:	ADD	R0, R2	;(R0=0xC8354EDE R2=0x698098D8 )
(    libInnoSecure.so[0xCBBCB000])[01 EB 70 60 ]0x000041B6:	ADD.W	R0, R1, R0, ROR #25	;(R1=0x37878B22 R0=0x31B5E7B6 )
(    libInnoSecure.so[0xCBBCB000])[2E EA 00 02 ]0x000041BA:	BIC.W	R2, LR, R0	;(LR=0xB42EFA7B R0=0x127B663A )
(    libInnoSecure.so[0xCBBCB000])[00 EA 01 04 ]0x000041BE:	AND.W	R4, R0, R1	;(R0=0x127B663A R1=0x37878B22 )
(    libInnoSecure.so[0xCBBCB000])[22 43       ]0x000041C2:	ORRS	R2, R4	;(R2=0xA4049841 R4=0x12030222 )
(    libInnoSecure.so[0xCBBCB000])[1B 9C       ]0x000041C4:	LDR	R4, [SP, #0X6C]	;(SP=0x100FFD18 )
(    libInnoSecure.so[0xCBBCB000])[10 94       ]0x000041C6:	STR	R4, [SP, #0X40]	;(R4=0x31333834 SP=0x100FFD18 )
(    libInnoSecure.so[0xCBBCB000])[23 44       ]0x000041C8:	ADD	R3, R4	;(R3=0x3CD4D0EC R4=0x31333834 )
(    libInnoSecure.so[0xCBBCB000])[1A 44       ]0x000041CA:	ADD	R2, R3	;(R2=0xB6079A63 R3=0x6E080920 )
(    libInnoSecure.so[0xCBBCB000])[4F F2 AF 73 ]0x000041CC:	MOVW	R3, #0XF7AF
(    libInnoSecure.so[0xCBBCB000])[C8 F6 44 33 ]0x000041D0:	MOVT	R3, #0X8B44	;(R3=0x0000F7AF )
(    libInnoSecure.so[0xCBBCB000])[1A 44       ]0x000041D4:	ADD	R2, R3	;(R2=0x240FA383 R3=0x8B44F7AF )
(    libInnoSecure.so[0xCBBCB000])[00 EB 32 53 ]0x000041D6:	ADD.W	R3, R0, R2, ROR #20	;(R0=0x127B663A R2=0xAF549B32 )
(    libInnoSecure.so[0xCBBCB000])[21 EA 03 02 ]0x000041DA:	BIC.W	R2, R1, R3	;(R1=0x37878B22 R3=0x5C2E912F )
(    libInnoSecure.so[0xCBBCB000])[03 EA 00 04 ]0x000041DE:	AND.W	R4, R3, R0	;(R3=0x5C2E912F R0=0x127B663A )
(    libInnoSecure.so[0xCBBCB000])[22 43       ]0x000041E2:	ORRS	R2, R4	;(R2=0x23810A00 R4=0x102A002A )
(    libInnoSecure.so[0xCBBCB000])[49 44       ]0x000041E4:	ADD	R1, SB	;(R1=0x37878B22 SB=0x36303930 )
(    libInnoSecure.so[0xCBBCB000])[2A 44       ]0x000041E6:	ADD	R2, R5	;(R2=0x33AB0A2A R5=0xE4625CAB )
(    libInnoSecure.so[0xCBBCB000])[4A F2 4F 45 ]0x000041E8:	MOVW	R5, #0XA44F
(    libInnoSecure.so[0xCBBCB000])[52 1B       ]0x000041EC:	SUBS	R2, R2, R5	;(R2=0x180D66D5 R5=0x0000A44F )
(    libInnoSecure.so[0xCBBCB000])[03 EB F2 3E ]0x000041EE:	ADD.W	LR, R3, R2, ROR #15	;(R3=0x5C2E912F R2=0x180CC286 )
(    libInnoSecure.so[0xCBBCB000])[20 EA 0E 02 ]0x000041F2:	BIC.W	R2, R0, LR	;(R0=0x127B663A LR=0xE13AC148 )
(    libInnoSecure.so[0xCBBCB000])[0E EA 03 05 ]0x000041F6:	AND.W	R5, LR, R3	;(LR=0xE13AC148 R3=0x5C2E912F )
(    libInnoSecure.so[0xCBBCB000])[2A 43       ]0x000041FA:	ORRS	R2, R5	;(R2=0x12412632 R5=0x402A8108 )
(    libInnoSecure.so[0xCBBCB000])[11 44       ]0x000041FC:	ADD	R1, R2	;(R1=0x6DB7C452 R2=0x526BA73A )
(    libInnoSecure.so[0xCBBCB000])[4D F2 BE 72 ]0x000041FE:	MOVW	R2, #0XD7BE
(    libInnoSecure.so[0xCBBCB000])[C8 F6 5C 12 ]0x00004202:	MOVT	R2, #0X895C	;(R2=0x0000D7BE )
(    libInnoSecure.so[0xCBBCB000])[11 44       ]0x00004206:	ADD	R1, R2	;(R1=0xC0236B8C R2=0x895CD7BE )
(    libInnoSecure.so[0xCBBCB000])[0E EB B1 21 ]0x00004208:	ADD.W	R1, LR, R1, ROR #10	;(LR=0xE13AC148 R1=0x4980434A )
(    libInnoSecure.so[0xCBBCB000])[23 EA 01 02 ]0x0000420C:	BIC.W	R2, R3, R1	;(R3=0x5C2E912F R1=0xB3CD2158 )
(    libInnoSecure.so[0xCBBCB000])[01 EA 0E 05 ]0x00004210:	AND.W	R5, R1, LR	;(R1=0xB3CD2158 LR=0xE13AC148 )
(    libInnoSecure.so[0xCBBCB000])[15 43       ]0x00004214:	ORRS	R5, R2	;(R5=0xA1080148 R2=0x4C229027 )
(    libInnoSecure.so[0xCBBCB000])[1E 9A       ]0x00004216:	LDR	R2, [SP, #0X78]	;(SP=0x100FFD18 )
(    libInnoSecure.so[0xCBBCB000])[0D 92       ]0x00004218:	STR	R2, [SP, #0X34]	;(R2=0x35353330 SP=0x100FFD18 )
(    libInnoSecure.so[0xCBBCB000])[10 44       ]0x0000421A:	ADD	R0, R2	;(R0=0x127B663A R2=0x35353330 )
(    libInnoSecure.so[0xCBBCB000])[1F 9A       ]0x0000421C:	LDR	R2, [SP, #0X7C]	;(SP=0x100FFD18 )
(    libInnoSecure.so[0xCBBCB000])[28 44       ]0x0000421E:	ADD	R0, R5	;(R0=0x47B0996A R5=0xED2A916F )
(    libInnoSecure.so[0xCBBCB000])[41 F2 22 15 ]0x00004220:	MOVW	R5, #0X1122
(    libInnoSecure.so[0xCBBCB000])[C6 F6 90 35 ]0x00004224:	MOVT	R5, #0X6B90	;(R5=0x00001122 )
(    libInnoSecure.so[0xCBBCB000])[28 44       ]0x00004228:	ADD	R0, R5	;(R0=0x34DB2AD9 R5=0x6B901122 )
(    libInnoSecure.so[0xCBBCB000])[13 44       ]0x0000422A:	ADD	R3, R2	;(R3=0x5C2E912F R2=0x37303430 )
(    libInnoSecure.so[0xCBBCB000])[08 92       ]0x0000422C:	STR	R2, [SP, #0X20]	;(R2=0x37303430 SP=0x100FFD18 )
(    libInnoSecure.so[0xCBBCB000])[01 EB 70 60 ]0x0000422E:	ADD.W	R0, R1, R0, ROR #25	;(R1=0xB3CD2158 R0=0xA06B3BFB )
(    libInnoSecure.so[0xCBBCB000])[20 9A       ]0x00004232:	LDR	R2, [SP, #0X80]	;(SP=0x100FFD18 )
(    libInnoSecure.so[0xCBBCB000])[2E EA 00 05 ]0x00004234:	BIC.W	R5, LR, R0	;(LR=0xE13AC148 R0=0xE96B1F28 )
(    libInnoSecure.so[0xCBBCB000])[00 EA 01 06 ]0x00004238:	AND.W	R6, R0, R1	;(R0=0xE96B1F28 R1=0xB3CD2158 )
(    libInnoSecure.so[0xCBBCB000])[2E 43       ]0x0000423C:	ORRS	R6, R5	;(R6=0xA1490108 R5=0x0010C040 )
(    libInnoSecure.so[0xCBBCB000])[02 EB 0E 05 ]0x0000423E:	ADD.W	R5, R2, LR	;(R2=0x32303331 LR=0xE13AC148 )
(    libInnoSecure.so[0xCBBCB000])[33 44       ]0x00004242:	ADD	R3, R6	;(R3=0x935EC55F R6=0xA159C148 )
(    libInnoSecure.so[0xCBBCB000])[47 F2 93 16 ]0x00004244:	MOVW	R6, #0X7193
(    libInnoSecure.so[0xCBBCB000])[CF F6 98 56 ]0x00004248:	MOVT	R6, #0XFD98	;(R6=0x00007193 )
(    libInnoSecure.so[0xCBBCB000])[33 44       ]0x0000424C:	ADD	R3, R6	;(R3=0x34B886A7 R6=0xFD987193 )
(    libInnoSecure.so[0xCBBCB000])[96 46       ]0x0000424E:	MOV	LR, R2	;(R2=0x32303331 )
(    libInnoSecure.so[0xCBBCB000])[21 9A       ]0x00004250:	LDR	R2, [SP, #0X84]	;(SP=0x100FFD18 )
(    libInnoSecure.so[0xCBBCB000])[00 EB 33 5A ]0x00004252:	ADD.W	SL, R0, R3, ROR #20	;(R0=0xE96B1F28 R3=0x3250F83A )
(    libInnoSecure.so[0xCBBCB000])[21 EA 0A 03 ]0x00004256:	BIC.W	R3, R1, SL	;(R1=0xB3CD2158 SL=0xF8EEC24D )
(    libInnoSecure.so[0xCBBCB000])[0A EA 00 06 ]0x0000425A:	AND.W	R6, SL, R0	;(SL=0xF8EEC24D R0=0xE96B1F28 )
(    libInnoSecure.so[0xCBBCB000])[1E 43       ]0x0000425E:	ORRS	R6, R3	;(R6=0xE86A0208 R3=0x03012110 )
(    libInnoSecure.so[0xCBBCB000])[11 44       ]0x00004260:	ADD	R1, R2	;(R1=0xB3CD2158 R2=0x38343335 )
(    libInnoSecure.so[0xCBBCB000])[2E 44       ]0x00004262:	ADD	R6, R5	;(R6=0xEB6B2318 R5=0x136AF479 )
(    libInnoSecure.so[0xCBBCB000])[44 F2 8E 35 ]0x00004264:	MOVW	R5, #0X438E
(    libInnoSecure.so[0xCBBCB000])[CA F2 79 65 ]0x00004268:	MOVT	R5, #0XA679	;(R5=0x0000438E )
(    libInnoSecure.so[0xCBBCB000])[2E 44       ]0x0000426C:	ADD	R6, R5	;(R6=0xFED61791 R5=0xA679438E )
(    libInnoSecure.so[0xCBBCB000])[13 46       ]0x0000426E:	MOV	R3, R2	;(R2=0x38343335 )
(    libInnoSecure.so[0xCBBCB000])[11 9A       ]0x00004270:	LDR	R2, [SP, #0X44]	;(SP=0x100FFD18 )
(    libInnoSecure.so[0xCBBCB000])[0A EB F6 3B ]0x00004272:	ADD.W	FP, SL, R6, ROR #15	;(SL=0xF8EEC24D R6=0xA54F5B1F )
(    libInnoSecure.so[0xCBBCB000])[03 93       ]0x00004276:	STR	R3, [SP, #0XC]	;(R3=0x38343335 SP=0x100FFD18 )
(    libInnoSecure.so[0xCBBCB000])[20 EA 0B 06 ]0x00004278:	BIC.W	R6, R0, FP	;(R0=0xE96B1F28 FP=0xAF2E0CEB )
(    libInnoSecure.so[0xCBBCB000])[0B EA 0A 05 ]0x0000427C:	AND.W	R5, FP, SL	;(FP=0xAF2E0CEB SL=0xF8EEC24D )
(    libInnoSecure.so[0xCBBCB000])[35 43       ]0x00004280:	ORRS	R5, R6	;(R5=0xA82E0049 R6=0x40411300 )
(    libInnoSecure.so[0xCBBCB000])[2B EA 0A 06 ]0x00004282:	BIC.W	R6, FP, SL	;(FP=0xAF2E0CEB SL=0xF8EEC24D )
(    libInnoSecure.so[0xCBBCB000])[29 44       ]0x00004286:	ADD	R1, R5	;(R1=0xEC01548D R5=0xE86F1349 )
(    libInnoSecure.so[0xCBBCB000])[40 F6 21 05 ]0x00004288:	MOVW	R5, #0X821
(    libInnoSecure.so[0xCBBCB000])[C4 F6 B4 15 ]0x0000428C:	MOVT	R5, #0X49B4	;(R5=0x00000821 )
(    libInnoSecure.so[0xCBBCB000])[29 44       ]0x00004290:	ADD	R1, R5	;(R1=0xD47067D6 R5=0x49B40821 )
(    libInnoSecure.so[0xCBBCB000])[10 44       ]0x00004292:	ADD	R0, R2	;(R0=0xE96B1F28 R2=0x30333330 )
(    libInnoSecure.so[0xCBBCB000])[0B EB B1 21 ]0x00004294:	ADD.W	R1, FP, R1, ROR #10	;(FP=0xAF2E0CEB R1=0x1E246FF7 )
(    libInnoSecure.so[0xCBBCB000])[01 EA 0A 05 ]0x00004298:	AND.W	R5, R1, SL	;(R1=0xACF59606 SL=0xF8EEC24D )
(    libInnoSecure.so[0xCBBCB000])[35 43       ]0x0000429C:	ORRS	R5, R6	;(R5=0xA8E48204 R6=0x07000CA2 )
(    libInnoSecure.so[0xCBBCB000])[21 EA 0B 06 ]0x0000429E:	BIC.W	R6, R1, FP	;(R1=0xACF59606 FP=0xAF2E0CEB )
(    libInnoSecure.so[0xCBBCB000])[28 44       ]0x000042A2:	ADD	R0, R5	;(R0=0x199E5258 R5=0xAFE48EA6 )
(    libInnoSecure.so[0xCBBCB000])[42 F2 62 55 ]0x000042A4:	MOVW	R5, #0X2562
(    libInnoSecure.so[0xCBBCB000])[CF F2 1E 65 ]0x000042A8:	MOVT	R5, #0XF61E	;(R5=0x00002562 )
(    libInnoSecure.so[0xCBBCB000])[28 44       ]0x000042AC:	ADD	R0, R5	;(R0=0xC982E0FE R5=0xF61E2562 )
(    libInnoSecure.so[0xCBBCB000])[01 EB F0 60 ]0x000042AE:	ADD.W	R0, R1, R0, ROR #27	;(R1=0xACF59606 R0=0xBFA10660 )
(    libInnoSecure.so[0xCBBCB000])[00 EA 0B 05 ]0x000042B2:	AND.W	R5, R0, FP	;(R0=0xA116621D FP=0xAF2E0CEB )
(    libInnoSecure.so[0xCBBCB000])[20 EA 01 04 ]0x000042B6:	BIC.W	R4, R0, R1	;(R0=0xA116621D R1=0xACF59606 )
(    libInnoSecure.so[0xCBBCB000])[35 43       ]0x000042BA:	ORRS	R5, R6	;(R5=0xA1060009 R6=0x00D19204 )
(    libInnoSecure.so[0xCBBCB000])[0C EB 0A 06 ]0x000042BC:	ADD.W	R6, IP, SL	;(IP=0x34303535 SL=0xF8EEC24D )
(    libInnoSecure.so[0xCBBCB000])[35 44       ]0x000042C0:	ADD	R5, R6	;(R5=0xA1D7920D R6=0x2D1EF782 )
(    libInnoSecure.so[0xCBBCB000])[4B F2 40 36 ]0x000042C2:	MOVW	R6, #0XB340
(    libInnoSecure.so[0xCBBCB000])[CC F2 40 06 ]0x000042C6:	MOVT	R6, #0XC040	;(R6=0x0000B340 )
(    libInnoSecure.so[0xCBBCB000])[35 44       ]0x000042CA:	ADD	R5, R6	;(R5=0xCEF6898F R6=0xC040B340 )
(    libInnoSecure.so[0xCBBCB000])[CA 46       ]0x000042CC:	MOV	SL, SB	;(SB=0x36303930 )
(    libInnoSecure.so[0xCBBCB000])[DD F8 24 90 ]0x000042CE:	LDR.W	SB, [SP, #0X24]	;(SP=0x100FFD18 )
(    libInnoSecure.so[0xCBBCB000])[00 EB F5 55 ]0x000042D2:	ADD.W	R5, R0, R5, ROR #23	;(R0=0xA116621D R5=0x8F373CCF )
(    libInnoSecure.so[0xCBBCB000])[F4 46       ]0x000042D6:	MOV	IP, LR	;(LR=0x32303331 )
(    libInnoSecure.so[0xCBBCB000])[05 EA 01 06 ]0x000042D8:	AND.W	R6, R5, R1	;(R5=0x0F90013B R1=0xACF59606 )
(    libInnoSecure.so[0xCBBCB000])[25 EA 00 02 ]0x000042DC:	BIC.W	R2, R5, R0	;(R5=0x0F90013B R0=0xA116621D )
(    libInnoSecure.so[0xCBBCB000])[34 43       ]0x000042E0:	ORRS	R4, R6	;(R4=0x01026019 R6=0x0C900002 )
(    libInnoSecure.so[0xCBBCB000])[0A EB 0B 06 ]0x000042E2:	ADD.W	R6, SL, FP	;(SL=0x36303930 FP=0xAF2E0CEB )
(    libInnoSecure.so[0xCBBCB000])[34 44       ]0x000042E6:	ADD	R4, R6	;(R4=0x0D92601B R6=0xE55E461B )
(    libInnoSecure.so[0xCBBCB000])[45 F6 51 26 ]0x000042E8:	MOVW	R6, #0X5A51
(    libInnoSecure.so[0xCBBCB000])[C2 F2 5E 66 ]0x000042EC:	MOVT	R6, #0X265E	;(R6=0x00005A51 )
(    libInnoSecure.so[0xCBBCB000])[34 44       ]0x000042F0:	ADD	R4, R6	;(R4=0xF2F0A636 R6=0x265E5A51 )
(    libInnoSecure.so[0xCBBCB000])[DD F8 2C B0 ]0x000042F2:	LDR.W	FP, [SP, #0X2C]	;(SP=0x100FFD18 )
(    libInnoSecure.so[0xCBBCB000])[05 EB B4 44 ]0x000042F6:	ADD.W	R4, R5, R4, ROR #18	;(R5=0x0F90013B R4=0x194F0087 )
(    libInnoSecure.so[0xCBBCB000])[DD F8 10 E0 ]0x000042FA:	LDR.W	LR, [SP, #0X10]	;(SP=0x100FFD18 )
(    libInnoSecure.so[0xCBBCB000])[04 EA 00 06 ]0x000042FE:	AND.W	R6, R4, R0	;(R4=0xCFB1C78E R0=0xA116621D )
(    libInnoSecure.so[0xCBBCB000])[48 44       ]0x00004302:	ADD	R0, SB	;(R0=0xA116621D SB=0x33303630 )
(    libInnoSecure.so[0xCBBCB000])[32 43       ]0x00004304:	ORRS	R2, R6	;(R2=0x0E800122 R6=0x8110420C )
(    libInnoSecure.so[0xCBBCB000])[0E 9E       ]0x00004306:	LDR	R6, [SP, #0X38]	;(SP=0x100FFD18 )
(    libInnoSecure.so[0xCBBCB000])[CD F8 04 C0 ]0x00004308:	STR.W	IP, [SP, #4]	;(IP=0x32303331 SP=0x100FFD18 )
(    libInnoSecure.so[0xCBBCB000])[31 44       ]0x0000430C:	ADD	R1, R6	;(R1=0xACF59606 R6=0x33313630 )
(    libInnoSecure.so[0xCBBCB000])[24 EA 05 06 ]0x0000430E:	BIC.W	R6, R4, R5	;(R4=0xCFB1C78E R5=0x0F90013B )
(    libInnoSecure.so[0xCBBCB000])[11 44       ]0x00004312:	ADD	R1, R2	;(R1=0xE026CC36 R2=0x8F90432E )
(    libInnoSecure.so[0xCBBCB000])[4C F2 AA 72 ]0x00004314:	MOVW	R2, #0XC7AA
(    libInnoSecure.so[0xCBBCB000])[CE F6 B6 12 ]0x00004318:	MOVT	R2, #0XE9B6	;(R2=0x0000C7AA )
(    libInnoSecure.so[0xCBBCB000])[11 44       ]0x0000431C:	ADD	R1, R2	;(R1=0x6FB70F64 R2=0xE9B6C7AA )
(    libInnoSecure.so[0xCBBCB000])[CD F8 14 A0 ]0x0000431E:	STR.W	SL, [SP, #0X14]	;(SL=0x36303930 SP=0x100FFD18 )
(    libInnoSecure.so[0xCBBCB000])[04 EB 31 31 ]0x00004322:	ADD.W	R1, R4, R1, ROR #12	;(R4=0xCFB1C78E R1=0x596DD70E )
(    libInnoSecure.so[0xCBBCB000])[01 EA 05 02 ]0x00004326:	AND.W	R2, R1, R5	;(R1=0x40975E6B R5=0x0F90013B )
(    libInnoSecure.so[0xCBBCB000])[45 44       ]0x0000432A:	ADD	R5, R8	;(R5=0x0F90013B R8=0x30336230 )
(    libInnoSecure.so[0xCBBCB000])[32 43       ]0x0000432C:	ORRS	R2, R6	;(R2=0x0090002B R6=0xC021C684 )
(    libInnoSecure.so[0xCBBCB000])[21 EA 04 06 ]0x0000432E:	BIC.W	R6, R1, R4	;(R1=0x40975E6B R4=0xCFB1C78E )
(    libInnoSecure.so[0xCBBCB000])[10 44       ]0x00004332:	ADD	R0, R2	;(R0=0xD446984D R2=0xC0B1C6AF )
(    libInnoSecure.so[0xCBBCB000])[41 F2 5D 02 ]0x00004334:	MOVW	R2, #0X105D
(    libInnoSecure.so[0xCBBCB000])[CD F2 2F 62 ]0x00004338:	MOVT	R2, #0XD62F	;(R2=0x0000105D )
(    libInnoSecure.so[0xCBBCB000])[10 44       ]0x0000433C:	ADD	R0, R2	;(R0=0x94F85EFC R2=0xD62F105D )
(    libInnoSecure.so[0xCBBCB000])[DD F8 20 80 ]0x0000433E:	LDR.W	R8, [SP, #0X20]	;(SP=0x100FFD18 )
(    libInnoSecure.so[0xCBBCB000])[01 EB F0 60 ]0x00004342:	ADD.W	R0, R1, R0, ROR #27	;(R1=0x40975E6B R0=0x6B276F59 )
(    libInnoSecure.so[0xCBBCB000])[00 EA 04 02 ]0x00004346:	AND.W	R2, R0, R4	;(R0=0xA5854998 R4=0xCFB1C78E )
(    libInnoSecure.so[0xCBBCB000])[1C 44       ]0x0000434A:	ADD	R4, R3	;(R4=0xCFB1C78E R3=0x38343335 )
(    libInnoSecure.so[0xCBBCB000])[32 43       ]0x0000434C:	ORRS	R2, R6	;(R2=0x85814188 R6=0x00061861 )
(    libInnoSecure.so[0xCBBCB000])[20 EA 01 06 ]0x0000434E:	BIC.W	R6, R0, R1	;(R0=0xA5854998 R1=0x40975E6B )
(    libInnoSecure.so[0xCBBCB000])[2A 44       ]0x00004352:	ADD	R2, R5	;(R2=0x858759E9 R5=0x3FC3636B )
(    libInnoSecure.so[0xCBBCB000])[41 F2 53 45 ]0x00004354:	MOVW	R5, #0X1453
(    libInnoSecure.so[0xCBBCB000])[C0 F2 44 25 ]0x00004358:	MOVT	R5, #0X244	;(R5=0x00001453 )
(    libInnoSecure.so[0xCBBCB000])[2A 44       ]0x0000435C:	ADD	R2, R5	;(R2=0xC54ABD54 R5=0x02441453 )
(    libInnoSecure.so[0xCBBCB000])[10 9B       ]0x0000435E:	LDR	R3, [SP, #0X40]	;(SP=0x100FFD18 )
(    libInnoSecure.so[0xCBBCB000])[00 EB F2 52 ]0x00004360:	ADD.W	R2, R0, R2, ROR #23	;(R0=0xA5854998 R2=0xC78ED1A7 )
(    libInnoSecure.so[0xCBBCB000])[02 EA 01 05 ]0x00004364:	AND.W	R5, R2, R1	;(R2=0xC3289927 R1=0x40975E6B )
(    libInnoSecure.so[0xCBBCB000])[59 44       ]0x00004368:	ADD	R1, FP	;(R1=0x40975E6B FP=0x39303033 )
(    libInnoSecure.so[0xCBBCB000])[35 43       ]0x0000436A:	ORRS	R5, R6	;(R5=0x40001823 R6=0xA5000190 )
(    libInnoSecure.so[0xCBBCB000])[22 EA 00 06 ]0x0000436C:	BIC.W	R6, R2, R0	;(R2=0xC3289927 R0=0xA5854998 )
(    libInnoSecure.so[0xCBBCB000])[2C 44       ]0x00004370:	ADD	R4, R5	;(R4=0x07E5FAC3 R5=0xE50019B3 )
(    libInnoSecure.so[0xCBBCB000])[4E F2 81 65 ]0x00004372:	MOVW	R5, #0XE681
(    libInnoSecure.so[0xCBBCB000])[CD F6 A1 05 ]0x00004376:	MOVT	R5, #0XD8A1	;(R5=0x0000E681 )
(    libInnoSecure.so[0xCBBCB000])[2C 44       ]0x0000437A:	ADD	R4, R5	;(R4=0xECE61476 R5=0xD8A1E681 )
(    libInnoSecure.so[0xCBBCB000])[02 EB B4 44 ]0x0000437C:	ADD.W	R4, R2, R4, ROR #18	;(R2=0xC3289927 R4=0xC587FAF7 )
(    libInnoSecure.so[0xCBBCB000])[04 EA 00 05 ]0x00004380:	AND.W	R5, R4, R0	;(R4=0xC1E68A88 R0=0xA5854998 )
(    libInnoSecure.so[0xCBBCB000])[18 44       ]0x00004384:	ADD	R0, R3	;(R0=0xA5854998 R3=0x31333834 )
(    libInnoSecure.so[0xCBBCB000])[35 43       ]0x00004386:	ORRS	R5, R6	;(R5=0x81840888 R6=0x42289027 )
(    libInnoSecure.so[0xCBBCB000])[24 EA 02 06 ]0x00004388:	BIC.W	R6, R4, R2	;(R4=0xC1E68A88 R2=0xC3289927 )
(    libInnoSecure.so[0xCBBCB000])[29 44       ]0x0000438C:	ADD	R1, R5	;(R1=0x79C78E9E R5=0xC3AC98AF )
(    libInnoSecure.so[0xCBBCB000])[4F F6 C8 35 ]0x0000438E:	MOVW	R5, #0XFBC8
(    libInnoSecure.so[0xCBBCB000])[CE F2 D3 75 ]0x00004392:	MOVT	R5, #0XE7D3	;(R5=0x0000FBC8 )
(    libInnoSecure.so[0xCBBCB000])[29 44       ]0x00004396:	ADD	R1, R5	;(R1=0x3D74274D R5=0xE7D3FBC8 )
(    libInnoSecure.so[0xCBBCB000])[0F 9B       ]0x00004398:	LDR	R3, [SP, #0X3C]	;(SP=0x100FFD18 )
(    libInnoSecure.so[0xCBBCB000])[04 EB 31 31 ]0x0000439A:	ADD.W	R1, R4, R1, ROR #12	;(R4=0xC1E68A88 R1=0x25482315 )
(    libInnoSecure.so[0xCBBCB000])[01 EA 02 05 ]0x0000439E:	AND.W	R5, R1, R2	;(R1=0xF338DF0A R2=0xC3289927 )
(    libInnoSecure.so[0xCBBCB000])[62 44       ]0x000043A2:	ADD	R2, IP	;(R2=0xC3289927 IP=0x32303331 )
(    libInnoSecure.so[0xCBBCB000])[35 43       ]0x000043A4:	ORRS	R5, R6	;(R5=0xC3289902 R6=0x00C60288 )
(    libInnoSecure.so[0xCBBCB000])[21 EA 04 06 ]0x000043A6:	BIC.W	R6, R1, R4	;(R1=0xF338DF0A R4=0xC1E68A88 )
(    libInnoSecure.so[0xCBBCB000])[28 44       ]0x000043AA:	ADD	R0, R5	;(R0=0xD6B881CC R5=0xC3EE9B8A )
(    libInnoSecure.so[0xCBBCB000])[4C F6 E6 55 ]0x000043AC:	MOVW	R5, #0XCDE6
(    libInnoSecure.so[0xCBBCB000])[C2 F2 E1 15 ]0x000043B0:	MOVT	R5, #0X21E1	;(R5=0x0000CDE6 )
(    libInnoSecure.so[0xCBBCB000])[28 44       ]0x000043B4:	ADD	R0, R5	;(R0=0x9AA71D56 R5=0x21E1CDE6 )
(    libInnoSecure.so[0xCBBCB000])[01 EB F0 60 ]0x000043B6:	ADD.W	R0, R1, R0, ROR #27	;(R1=0xF338DF0A R0=0xBC88EB3C )
(    libInnoSecure.so[0xCBBCB000])[00 EA 04 05 ]0x000043BA:	AND.W	R5, R0, R4	;(R0=0x845646A1 R4=0xC1E68A88 )
(    libInnoSecure.so[0xCBBCB000])[1C 44       ]0x000043BE:	ADD	R4, R3	;(R4=0xC1E68A88 R3=0x62303133 )
(    libInnoSecure.so[0xCBBCB000])[35 43       ]0x000043C0:	ORRS	R5, R6	;(R5=0x80460280 R6=0x32185502 )
(    libInnoSecure.so[0xCBBCB000])[20 EA 01 06 ]0x000043C2:	BIC.W	R6, R0, R1	;(R0=0x845646A1 R1=0xF338DF0A )
(    libInnoSecure.so[0xCBBCB000])[2A 44       ]0x000043C6:	ADD	R2, R5	;(R2=0xF558CC58 R5=0xB25E5782 )
(    libInnoSecure.so[0xCBBCB000])[40 F2 D6 75 ]0x000043C8:	MOVW	R5, #0X7D6
(    libInnoSecure.so[0xCBBCB000])[CC F2 37 35 ]0x000043CC:	MOVT	R5, #0XC337	;(R5=0x000007D6 )
(    libInnoSecure.so[0xCBBCB000])[2A 44       ]0x000043D0:	ADD	R2, R5	;(R2=0xA7B723DA R5=0xC33707D6 )
(    libInnoSecure.so[0xCBBCB000])[0A 9B       ]0x000043D2:	LDR	R3, [SP, #0X28]	;(SP=0x100FFD18 )
(    libInnoSecure.so[0xCBBCB000])[00 EB F2 52 ]0x000043D4:	ADD.W	R2, R0, R2, ROR #23	;(R0=0x845646A1 R2=0x6AEE2BB0 )
(    libInnoSecure.so[0xCBBCB000])[02 EA 01 05 ]0x000043D8:	AND.W	R5, R2, R1	;(R2=0x60ADA776 R1=0xF338DF0A )
(    libInnoSecure.so[0xCBBCB000])[19 44       ]0x000043DC:	ADD	R1, R3	;(R1=0xF338DF0A R3=0x33353230 )
(    libInnoSecure.so[0xCBBCB000])[35 43       ]0x000043DE:	ORRS	R5, R6	;(R5=0x60288702 R6=0x044600A1 )
(    libInnoSecure.so[0xCBBCB000])[22 EA 00 06 ]0x000043E0:	BIC.W	R6, R2, R0	;(R2=0x60ADA776 R0=0x845646A1 )
(    libInnoSecure.so[0xCBBCB000])[2C 44       ]0x000043E4:	ADD	R4, R5	;(R4=0x2416BBBB R5=0x646E87A3 )
(    libInnoSecure.so[0xCBBCB000])[40 F6 87 55 ]0x000043E6:	MOVW	R5, #0XD87
(    libInnoSecure.so[0xCBBCB000])[CF F2 D5 45 ]0x000043EA:	MOVT	R5, #0XF4D5	;(R5=0x00000D87 )
(    libInnoSecure.so[0xCBBCB000])[2C 44       ]0x000043EE:	ADD	R4, R5	;(R4=0x8885435E R5=0xF4D50D87 )
(    libInnoSecure.so[0xCBBCB000])[02 EB B4 44 ]0x000043F0:	ADD.W	R4, R2, R4, ROR #18	;(R2=0x60ADA776 R4=0x7D5A50E5 )
(    libInnoSecure.so[0xCBBCB000])[04 EA 00 05 ]0x000043F4:	AND.W	R5, R4, R0	;(R4=0xF4E706CC R0=0x845646A1 )
(    libInnoSecure.so[0xCBBCB000])[40 44       ]0x000043F8:	ADD	R0, R8	;(R0=0x845646A1 R8=0x37303430 )
(    libInnoSecure.so[0xCBBCB000])[35 43       ]0x000043FA:	ORRS	R5, R6	;(R5=0x84460680 R6=0x60A9A156 )
(    libInnoSecure.so[0xCBBCB000])[24 EA 02 06 ]0x000043FC:	BIC.W	R6, R4, R2	;(R4=0xF4E706CC R2=0x60ADA776 )
(    libInnoSecure.so[0xCBBCB000])[29 44       ]0x00004400:	ADD	R1, R5	;(R1=0x266E113A R5=0xE4EFA7D6 )
(    libInnoSecure.so[0xCBBCB000])[41 F2 ED 45 ]0x00004402:	MOVW	R5, #0X14ED
(    libInnoSecure.so[0xCBBCB000])[C4 F2 5A 55 ]0x00004406:	MOVT	R5, #0X455A	;(R5=0x000014ED )
(    libInnoSecure.so[0xCBBCB000])[29 44       ]0x0000440A:	ADD	R1, R5	;(R1=0x0B5DB910 R5=0x455A14ED )
(    libInnoSecure.so[0xCBBCB000])[04 EB 31 31 ]0x0000440C:	ADD.W	R1, R4, R1, ROR #12	;(R4=0xF4E706CC R1=0x50B7CDFD )
(    libInnoSecure.so[0xCBBCB000])[01 EA 02 05 ]0x00004410:	AND.W	R5, R1, R2	;(R1=0xD4BC1248 R2=0x60ADA776 )
(    libInnoSecure.so[0xCBBCB000])[35 43       ]0x00004414:	ORRS	R5, R6	;(R5=0x40AC0240 R6=0x94420088 )
(    libInnoSecure.so[0xCBBCB000])[21 EA 04 06 ]0x00004416:	BIC.W	R6, R1, R4	;(R1=0xD4BC1248 R4=0xF4E706CC )
(    libInnoSecure.so[0xCBBCB000])[28 44       ]0x0000441A:	ADD	R0, R5	;(R0=0xBB867AD1 R5=0xD4EE02C8 )
(    libInnoSecure.so[0xCBBCB000])[4E F6 05 15 ]0x0000441C:	MOVW	R5, #0XE905
(    libInnoSecure.so[0xCBBCB000])[CA F6 E3 15 ]0x00004420:	MOVT	R5, #0XA9E3	;(R5=0x0000E905 )
(    libInnoSecure.so[0xCBBCB000])[28 44       ]0x00004424:	ADD	R0, R5	;(R0=0x90747D99 R5=0xA9E3E905 )
(    libInnoSecure.so[0xCBBCB000])[01 EB F0 60 ]0x00004426:	ADD.W	R0, R1, R0, ROR #27	;(R1=0xD4BC1248 R0=0x3A58669E )
(    libInnoSecure.so[0xCBBCB000])[00 EA 04 05 ]0x0000442A:	AND.W	R5, R0, R4	;(R0=0x1FC8E60F R4=0xF4E706CC )
(    libInnoSecure.so[0xCBBCB000])[74 44       ]0x0000442E:	ADD	R4, LR	;(R4=0xF4E706CC LR=0x33313830 )
(    libInnoSecure.so[0xCBBCB000])[35 43       ]0x00004430:	ORRS	R5, R6	;(R5=0x14C0060C R6=0x00181000 )
(    libInnoSecure.so[0xCBBCB000])[0C 9E       ]0x00004432:	LDR	R6, [SP, #0X30]	;(SP=0x100FFD18 )
(    libInnoSecure.so[0xCBBCB000])[32 44       ]0x00004434:	ADD	R2, R6	;(R2=0x60ADA776 R6=0x31333233 )
(    libInnoSecure.so[0xCBBCB000])[20 EA 01 06 ]0x00004436:	BIC.W	R6, R0, R1	;(R0=0x1FC8E60F R1=0xD4BC1248 )
(    libInnoSecure.so[0xCBBCB000])[2A 44       ]0x0000443A:	ADD	R2, R5	;(R2=0x91E0D9A9 R5=0x14D8160C )
(    libInnoSecure.so[0xCBBCB000])[4A F2 F8 35 ]0x0000443C:	MOVW	R5, #0XA3F8
(    libInnoSecure.so[0xCBBCB000])[CF F6 EF 45 ]0x00004440:	MOVT	R5, #0XFCEF	;(R5=0x0000A3F8 )
(    libInnoSecure.so[0xCBBCB000])[2A 44       ]0x00004444:	ADD	R2, R5	;(R2=0xA6B8EFB5 R5=0xFCEFA3F8 )
(    libInnoSecure.so[0xCBBCB000])[00 EB F2 52 ]0x00004446:	ADD.W	R2, R0, R2, ROR #23	;(R0=0x1FC8E60F R2=0xA3A893AD )
(    libInnoSecure.so[0xCBBCB000])[02 EA 01 05 ]0x0000444A:	AND.W	R5, R2, R1	;(R2=0x70F04156 R1=0xD4BC1248 )
(    libInnoSecure.so[0xCBBCB000])[35 43       ]0x0000444E:	ORRS	R5, R6	;(R5=0x50B00040 R6=0x0B40E407 )
(    libInnoSecure.so[0xCBBCB000])[22 EA 00 06 ]0x00004450:	BIC.W	R6, R2, R0	;(R2=0x70F04156 R0=0x1FC8E60F )
(    libInnoSecure.so[0xCBBCB000])[2C 44       ]0x00004454:	ADD	R4, R5	;(R4=0x28183EFC R5=0x5BF0E447 )
(    libInnoSecure.so[0xCBBCB000])[40 F2 D9 25 ]0x00004456:	MOVW	R5, #0X2D9
(    libInnoSecure.so[0xCBBCB000])[C6 F2 6F 75 ]0x0000445A:	MOVT	R5, #0X676F	;(R5=0x000002D9 )
(    libInnoSecure.so[0xCBBCB000])[2C 44       ]0x0000445E:	ADD	R4, R5	;(R4=0x84092343 R5=0x676F02D9 )
(    libInnoSecure.so[0xCBBCB000])[02 EB B4 44 ]0x00004460:	ADD.W	R4, R2, R4, ROR #18	;(R2=0x70F04156 R4=0xEB78261C )
(    libInnoSecure.so[0xCBBCB000])[04 EA 00 05 ]0x00004464:	AND.W	R5, R4, R0	;(R4=0x7A777C34 R0=0x1FC8E60F )
(    libInnoSecure.so[0xCBBCB000])[48 44       ]0x00004468:	ADD	R0, SB	;(R0=0x1FC8E60F SB=0x33303630 )
(    libInnoSecure.so[0xCBBCB000])[35 43       ]0x0000446A:	ORRS	R5, R6	;(R5=0x1A406404 R6=0x60300150 )
(    libInnoSecure.so[0xCBBCB000])[0D 9E       ]0x0000446C:	LDR	R6, [SP, #0X34]	;(SP=0x100FFD18 )
(    libInnoSecure.so[0xCBBCB000])[DD F8 18 90 ]0x0000446E:	LDR.W	SB, [SP, #0X18]	;(SP=0x100FFD18 )
(    libInnoSecure.so[0xCBBCB000])[31 44       ]0x00004472:	ADD	R1, R6	;(R1=0xD4BC1248 R6=0x35353330 )
(    libInnoSecure.so[0xCBBCB000])[0E 9E       ]0x00004474:	LDR	R6, [SP, #0X38]	;(SP=0x100FFD18 )
(    libInnoSecure.so[0xCBBCB000])[29 44       ]0x00004476:	ADD	R1, R5	;(R1=0x09F14578 R5=0x7A706554 )
(    libInnoSecure.so[0xCBBCB000])[44 F6 8A 45 ]0x00004478:	MOVW	R5, #0X4C8A
(    libInnoSecure.so[0xCBBCB000])[C8 F6 2A 55 ]0x0000447C:	MOVT	R5, #0X8D2A	;(R5=0x00004C8A )
(    libInnoSecure.so[0xCBBCB000])[29 44       ]0x00004480:	ADD	R1, R5	;(R1=0x8461AACC R5=0x8D2A4C8A )
(    libInnoSecure.so[0xCBBCB000])[84 EA 02 05 ]0x00004482:	EOR.W	R5, R4, R2	;(R4=0x7A777C34 R2=0x70F04156 )
(    libInnoSecure.so[0xCBBCB000])[1A 44       ]0x00004486:	ADD	R2, R3	;(R2=0x70F04156 R3=0x33353230 )
(    libInnoSecure.so[0xCBBCB000])[04 EB 31 31 ]0x00004488:	ADD.W	R1, R4, R1, ROR #12	;(R4=0x7A777C34 R1=0x118BF756 )
(    libInnoSecure.so[0xCBBCB000])[11 9B       ]0x0000448C:	LDR	R3, [SP, #0X44]	;(SP=0x100FFD18 )
(    libInnoSecure.so[0xCBBCB000])[4D 40       ]0x0000448E:	EORS	R5, R1	;(R5=0x0A873D62 R1=0xEFD894F3 )
(    libInnoSecure.so[0xCBBCB000])[28 44       ]0x00004490:	ADD	R0, R5	;(R0=0x52F91C3F R5=0xE55FA991 )
(    libInnoSecure.so[0xCBBCB000])[43 F6 42 15 ]0x00004492:	MOVW	R5, #0X3942
(    libInnoSecure.so[0xCBBCB000])[CF F6 FA 75 ]0x00004496:	MOVT	R5, #0XFFFA	;(R5=0x00003942 )
(    libInnoSecure.so[0xCBBCB000])[28 44       ]0x0000449A:	ADD	R0, R5	;(R0=0x3858C5D0 R5=0xFFFA3942 )
(    libInnoSecure.so[0xCBBCB000])[81 EA 04 05 ]0x0000449C:	EOR.W	R5, R1, R4	;(R1=0xEFD894F3 R4=0x7A777C34 )
(    libInnoSecure.so[0xCBBCB000])[54 44       ]0x000044A0:	ADD	R4, SL	;(R4=0x7A777C34 SL=0x36303930 )
(    libInnoSecure.so[0xCBBCB000])[01 EB 30 70 ]0x000044A2:	ADD.W	R0, R1, R0, ROR #28	;(R1=0xEFD894F3 R0=0x3852FF12 )
(    libInnoSecure.so[0xCBBCB000])[DD F8 30 A0 ]0x000044A6:	LDR.W	SL, [SP, #0X30]	;(SP=0x100FFD18 )
(    libInnoSecure.so[0xCBBCB000])[45 40       ]0x000044AA:	EORS	R5, R0	;(R5=0x95AFE8C7 R0=0x75088616 )
(    libInnoSecure.so[0xCBBCB000])[2A 44       ]0x000044AC:	ADD	R2, R5	;(R2=0xA4257386 R5=0xE0A76ED1 )
(    libInnoSecure.so[0xCBBCB000])[4F F2 81 65 ]0x000044AE:	MOVW	R5, #0XF681
(    libInnoSecure.so[0xCBBCB000])[C8 F2 71 75 ]0x000044B2:	MOVT	R5, #0X8771	;(R5=0x0000F681 )
(    libInnoSecure.so[0xCBBCB000])[2A 44       ]0x000044B6:	ADD	R2, R5	;(R2=0x84CCE257 R5=0x8771F681 )
(    libInnoSecure.so[0xCBBCB000])[80 EA 01 05 ]0x000044B8:	EOR.W	R5, R0, R1	;(R0=0x75088616 R1=0xEFD894F3 )
(    libInnoSecure.so[0xCBBCB000])[61 44       ]0x000044BC:	ADD	R1, IP	;(R1=0xEFD894F3 IP=0x32303331 )
(    libInnoSecure.so[0xCBBCB000])[00 EB 72 52 ]0x000044BE:	ADD.W	R2, R0, R2, ROR #21	;(R0=0x75088616 R2=0x0C3ED8D8 )
(    libInnoSecure.so[0xCBBCB000])[DD F8 3C C0 ]0x000044C2:	LDR.W	IP, [SP, #0X3C]	;(SP=0x100FFD18 )
(    libInnoSecure.so[0xCBBCB000])[55 40       ]0x000044C6:	EORS	R5, R2	;(R5=0x9AD012E5 R2=0x6BCF4677 )
(    libInnoSecure.so[0xCBBCB000])[2C 44       ]0x000044C8:	ADD	R4, R5	;(R4=0xB0A7B564 R5=0xF11F5492 )
(    libInnoSecure.so[0xCBBCB000])[46 F2 22 15 ]0x000044CA:	MOVW	R5, #0X6122
(    libInnoSecure.so[0xCBBCB000])[C6 F6 9D 55 ]0x000044CE:	MOVT	R5, #0X6D9D	;(R5=0x00006122 )
(    libInnoSecure.so[0xCBBCB000])[2C 44       ]0x000044D2:	ADD	R4, R5	;(R4=0xA1C709F6 R5=0x6D9D6122 )
(    libInnoSecure.so[0xCBBCB000])[82 EA 00 05 ]0x000044D4:	EOR.W	R5, R2, R0	;(R2=0x6BCF4677 R0=0x75088616 )
(    libInnoSecure.so[0xCBBCB000])[18 44       ]0x000044D8:	ADD	R0, R3	;(R0=0x75088616 R3=0x30333330 )
(    libInnoSecure.so[0xCBBCB000])[02 EB 34 44 ]0x000044DA:	ADD.W	R4, R2, R4, ROR #16	;(R2=0x6BCF4677 R4=0x0F646B18 )
(    libInnoSecure.so[0xCBBCB000])[73 46       ]0x000044DE:	MOV	R3, LR	;(LR=0x33313830 )
(    libInnoSecure.so[0xCBBCB000])[65 40       ]0x000044E0:	EORS	R5, R4	;(R5=0x1EC7C061 R4=0xD6E755DB )
(    libInnoSecure.so[0xCBBCB000])[29 44       ]0x000044E2:	ADD	R1, R5	;(R1=0x2208C824 R5=0xC82095BA )
(    libInnoSecure.so[0xCBBCB000])[43 F6 0C 05 ]0x000044E4:	MOVW	R5, #0X380C
(    libInnoSecure.so[0xCBBCB000])[CF F6 E5 55 ]0x000044E8:	MOVT	R5, #0XFDE5	;(R5=0x0000380C )
(    libInnoSecure.so[0xCBBCB000])[29 44       ]0x000044EC:	ADD	R1, R5	;(R1=0xEA295DDE R5=0xFDE5380C )
(    libInnoSecure.so[0xCBBCB000])[84 EA 02 05 ]0x000044EE:	EOR.W	R5, R4, R2	;(R4=0xD6E755DB R2=0x6BCF4677 )
(    libInnoSecure.so[0xCBBCB000])[5A 44       ]0x000044F2:	ADD	R2, FP	;(R2=0x6BCF4677 FP=0x39303033 )
(    libInnoSecure.so[0xCBBCB000])[04 EB 71 21 ]0x000044F4:	ADD.W	R1, R4, R1, ROR #9	;(R4=0xD6E755DB R1=0xE80E95EA )
(    libInnoSecure.so[0xCBBCB000])[DD F8 08 B0 ]0x000044F8:	LDR.W	FP, [SP, #8]	;(SP=0x100FFD18 )
(    libInnoSecure.so[0xCBBCB000])[4D 40       ]0x000044FC:	EORS	R5, R1	;(R5=0xBD2813AC R1=0xCC5B5D25 )
(    libInnoSecure.so[0xCBBCB000])[28 44       ]0x000044FE:	ADD	R0, R5	;(R0=0xA53BB946 R5=0x71734E89 )
(    libInnoSecure.so[0xCBBCB000])[4E F6 44 25 ]0x00004500:	MOVW	R5, #0XEA44
(    libInnoSecure.so[0xCBBCB000])[CA F2 BE 45 ]0x00004504:	MOVT	R5, #0XA4BE	;(R5=0x0000EA44 )
(    libInnoSecure.so[0xCBBCB000])[28 44       ]0x00004508:	ADD	R0, R5	;(R0=0x16AF07CF R5=0xA4BEEA44 )
(    libInnoSecure.so[0xCBBCB000])[81 EA 04 05 ]0x0000450A:	EOR.W	R5, R1, R4	;(R1=0xCC5B5D25 R4=0xD6E755DB )
(    libInnoSecure.so[0xCBBCB000])[1C 44       ]0x0000450E:	ADD	R4, R3	;(R4=0xD6E755DB R3=0x33313830 )
(    libInnoSecure.so[0xCBBCB000])[01 EB 30 70 ]0x00004510:	ADD.W	R0, R1, R0, ROR #28	;(R1=0xCC5B5D25 R0=0xBB6DF213 )
(    libInnoSecure.so[0xCBBCB000])[45 40       ]0x00004514:	EORS	R5, R0	;(R5=0x1ABC08FE R0=0x833A7E60 )
(    libInnoSecure.so[0xCBBCB000])[2A 44       ]0x00004516:	ADD	R2, R5	;(R2=0xA4FF76AA R5=0x9986769E )
(    libInnoSecure.so[0xCBBCB000])[4C F6 A9 75 ]0x00004518:	MOVW	R5, #0XCFA9
(    libInnoSecure.so[0xCBBCB000])[C4 F6 DE 35 ]0x0000451C:	MOVT	R5, #0X4BDE	;(R5=0x0000CFA9 )
(    libInnoSecure.so[0xCBBCB000])[2A 44       ]0x00004520:	ADD	R2, R5	;(R2=0x3E85ED48 R5=0x4BDECFA9 )
(    libInnoSecure.so[0xCBBCB000])[80 EA 01 05 ]0x00004522:	EOR.W	R5, R0, R1	;(R0=0x833A7E60 R1=0xCC5B5D25 )
(    libInnoSecure.so[0xCBBCB000])[59 44       ]0x00004526:	ADD	R1, FP	;(R1=0xCC5B5D25 FP=0x30336230 )
(    libInnoSecure.so[0xCBBCB000])[00 EB 72 52 ]0x00004528:	ADD.W	R2, R0, R2, ROR #21	;(R0=0x833A7E60 R2=0x8A64BCF1 )
(    libInnoSecure.so[0xCBBCB000])[55 40       ]0x0000452C:	EORS	R5, R2	;(R5=0x4F612345 R2=0xA9220AB3 )
(    libInnoSecure.so[0xCBBCB000])[2C 44       ]0x0000452E:	ADD	R4, R5	;(R4=0x0A188E0B R5=0xE64329F6 )
(    libInnoSecure.so[0xCBBCB000])[44 F6 60 35 ]0x00004530:	MOVW	R5, #0X4B60
(    libInnoSecure.so[0xCBBCB000])[CF F2 BB 65 ]0x00004534:	MOVT	R5, #0XF6BB	;(R5=0x00004B60 )
(    libInnoSecure.so[0xCBBCB000])[2C 44       ]0x00004538:	ADD	R4, R5	;(R4=0xF05BB801 R5=0xF6BB4B60 )
(    libInnoSecure.so[0xCBBCB000])[82 EA 00 05 ]0x0000453A:	EOR.W	R5, R2, R0	;(R2=0xA9220AB3 R0=0x833A7E60 )
(    libInnoSecure.so[0xCBBCB000])[40 44       ]0x0000453E:	ADD	R0, R8	;(R0=0x833A7E60 R8=0x37303430 )
(    libInnoSecure.so[0xCBBCB000])[02 EB 34 44 ]0x00004540:	ADD.W	R4, R2, R4, ROR #16	;(R2=0xA9220AB3 R4=0xE7170361 )
(    libInnoSecure.so[0xCBBCB000])[DD F8 34 80 ]0x00004544:	LDR.W	R8, [SP, #0X34]	;(SP=0x100FFD18 )
(    libInnoSecure.so[0xCBBCB000])[65 40       ]0x00004548:	EORS	R5, R4	;(R5=0x2A1874D3 R4=0xAC83F1CA )
(    libInnoSecure.so[0xCBBCB000])[29 44       ]0x0000454A:	ADD	R1, R5	;(R1=0xFC8EBF55 R5=0x869B8519 )
(    libInnoSecure.so[0xCBBCB000])[4B F6 70 45 ]0x0000454C:	MOVW	R5, #0XBC70
(    libInnoSecure.so[0xCBBCB000])[CB F6 BF 65 ]0x00004550:	MOVT	R5, #0XBEBF	;(R5=0x0000BC70 )
(    libInnoSecure.so[0xCBBCB000])[29 44       ]0x00004554:	ADD	R1, R5	;(R1=0x832A446E R5=0xBEBFBC70 )
(    libInnoSecure.so[0xCBBCB000])[84 EA 02 05 ]0x00004556:	EOR.W	R5, R4, R2	;(R4=0xAC83F1CA R2=0xA9220AB3 )
(    libInnoSecure.so[0xCBBCB000])[32 44       ]0x0000455A:	ADD	R2, R6	;(R2=0xA9220AB3 R6=0x33313630 )
(    libInnoSecure.so[0xCBBCB000])[04 EB 71 21 ]0x0000455C:	ADD.W	R1, R4, R1, ROR #9	;(R4=0xAC83F1CA R1=0x41EA00DE )
(    libInnoSecure.so[0xCBBCB000])[4D 40       ]0x00004560:	EORS	R5, R1	;(R5=0x05A1FB79 R1=0x1BA4E6CA )
(    libInnoSecure.so[0xCBBCB000])[28 44       ]0x00004562:	ADD	R0, R5	;(R0=0xBA6AB290 R5=0x1E051DB3 )
(    libInnoSecure.so[0xCBBCB000])[47 F6 C6 65 ]0x00004564:	MOVW	R5, #0X7EC6
(    libInnoSecure.so[0xCBBCB000])[C2 F6 9B 05 ]0x00004568:	MOVT	R5, #0X289B	;(R5=0x00007EC6 )
(    libInnoSecure.so[0xCBBCB000])[28 44       ]0x0000456C:	ADD	R0, R5	;(R0=0xD86FD043 R5=0x289B7EC6 )
(    libInnoSecure.so[0xCBBCB000])[81 EA 04 05 ]0x0000456E:	EOR.W	R5, R1, R4	;(R1=0x1BA4E6CA R4=0xAC83F1CA )
(    libInnoSecure.so[0xCBBCB000])[64 44       ]0x00004572:	ADD	R4, IP	;(R4=0xAC83F1CA IP=0x62303133 )
(    libInnoSecure.so[0xCBBCB000])[01 EB 30 70 ]0x00004574:	ADD.W	R0, R1, R0, ROR #28	;(R1=0x1BA4E6CA R0=0x010B4F09 )
(    libInnoSecure.so[0xCBBCB000])[45 40       ]0x00004578:	EORS	R5, R0	;(R5=0xB7271700 R0=0x2C59D75A )
(    libInnoSecure.so[0xCBBCB000])[2A 44       ]0x0000457A:	ADD	R2, R5	;(R2=0xDC5340E3 R5=0x9B7EC05A )
(    libInnoSecure.so[0xCBBCB000])[42 F2 FA 75 ]0x0000457C:	MOVW	R5, #0X27FA
(    libInnoSecure.so[0xCBBCB000])[CE F6 A1 25 ]0x00004580:	MOVT	R5, #0XEAA1	;(R5=0x000027FA )
(    libInnoSecure.so[0xCBBCB000])[2A 44       ]0x00004584:	ADD	R2, R5	;(R2=0x77D2013D R5=0xEAA127FA )
(    libInnoSecure.so[0xCBBCB000])[80 EA 01 05 ]0x00004586:	EOR.W	R5, R0, R1	;(R0=0x2C59D75A R1=0x1BA4E6CA )
(    libInnoSecure.so[0xCBBCB000])[49 44       ]0x0000458A:	ADD	R1, SB	;(R1=0x1BA4E6CA SB=0x34303535 )
(    libInnoSecure.so[0xCBBCB000])[00 EB 72 52 ]0x0000458C:	ADD.W	R2, R0, R2, ROR #21	;(R0=0x2C59D75A R2=0x62732937 )
(    libInnoSecure.so[0xCBBCB000])[55 40       ]0x00004590:	EORS	R5, R2	;(R5=0x37FD3190 R2=0xC5A3926D )
(    libInnoSecure.so[0xCBBCB000])[2C 44       ]0x00004592:	ADD	R4, R5	;(R4=0x0EB422FD R5=0xF25EA3FD )
(    libInnoSecure.so[0xCBBCB000])[43 F2 85 05 ]0x00004594:	MOVW	R5, #0X3085
(    libInnoSecure.so[0xCBBCB000])[CD F2 EF 45 ]0x00004598:	MOVT	R5, #0XD4EF	;(R5=0x00003085 )
(    libInnoSecure.so[0xCBBCB000])[2C 44       ]0x0000459C:	ADD	R4, R5	;(R4=0x0112C6FA R5=0xD4EF3085 )
(    libInnoSecure.so[0xCBBCB000])[82 EA 00 05 ]0x0000459E:	EOR.W	R5, R2, R0	;(R2=0xC5A3926D R0=0x2C59D75A )
(    libInnoSecure.so[0xCBBCB000])[02 EB 34 44 ]0x000045A2:	ADD.W	R4, R2, R4, ROR #16	;(R2=0xC5A3926D R4=0xD601F77F )
(    libInnoSecure.so[0xCBBCB000])[65 40       ]0x000045A6:	EORS	R5, R4	;(R5=0xE9FA4537 R4=0xBD23686E )
(    libInnoSecure.so[0xCBBCB000])[29 44       ]0x000045A8:	ADD	R1, R5	;(R1=0x4FD51BFF R5=0x54D92D59 )
(    libInnoSecure.so[0xCBBCB000])[41 F6 05 55 ]0x000045AA:	MOVW	R5, #0X1D05
(    libInnoSecure.so[0xCBBCB000])[C0 F2 88 45 ]0x000045AE:	MOVT	R5, #0X488	;(R5=0x00001D05 )
(    libInnoSecure.so[0xCBBCB000])[29 44       ]0x000045B2:	ADD	R1, R5	;(R1=0xA4AE4958 R5=0x04881D05 )
(    libInnoSecure.so[0xCBBCB000])[84 EA 02 05 ]0x000045B4:	EOR.W	R5, R4, R2	;(R4=0xBD23686E R2=0xC5A3926D )
(    libInnoSecure.so[0xCBBCB000])[42 44       ]0x000045B8:	ADD	R2, R8	;(R2=0xC5A3926D R8=0x35353330 )
(    libInnoSecure.so[0xCBBCB000])[04 EB 71 21 ]0x000045BA:	ADD.W	R1, R4, R1, ROR #9	;(R4=0xBD23686E R1=0xA936665D )
(    libInnoSecure.so[0xCBBCB000])[85 EA 01 0E ]0x000045BE:	EOR.W	LR, R5, R1	;(R5=0x7880FA03 R1=0xEBF803A1 )
(    libInnoSecure.so[0xCBBCB000])[10 9D       ]0x000045C2:	LDR	R5, [SP, #0X40]	;(SP=0x100FFD18 )
(    libInnoSecure.so[0xCBBCB000])[28 44       ]0x000045C4:	ADD	R0, R5	;(R0=0x2C59D75A R5=0x31333834 )
(    libInnoSecure.so[0xCBBCB000])[4D F2 39 05 ]0x000045C6:	MOVW	R5, #0XD039
(    libInnoSecure.so[0xCBBCB000])[70 44       ]0x000045CA:	ADD	R0, LR	;(R0=0x5D8D0F8E LR=0x9378F9A2 )
(    libInnoSecure.so[0xCBBCB000])[CD F6 D4 15 ]0x000045CC:	MOVT	R5, #0XD9D4	;(R5=0x0000D039 )
(    libInnoSecure.so[0xCBBCB000])[28 44       ]0x000045D0:	ADD	R0, R5	;(R0=0xF1060930 R5=0xD9D4D039 )
(    libInnoSecure.so[0xCBBCB000])[81 EA 04 05 ]0x000045D2:	EOR.W	R5, R1, R4	;(R1=0xEBF803A1 R4=0xBD23686E )
(    libInnoSecure.so[0xCBBCB000])[DD F8 0C E0 ]0x000045D6:	LDR.W	LR, [SP, #0XC]	;(SP=0x100FFD18 )
(    libInnoSecure.so[0xCBBCB000])[01 EB 30 70 ]0x000045DA:	ADD.W	R0, R1, R0, ROR #28	;(R1=0xEBF803A1 R0=0xCADAD969 )
(    libInnoSecure.so[0xCBBCB000])[45 40       ]0x000045DE:	EORS	R5, R0	;(R5=0x56DB6BCF R0=0x99A59A3D )
(    libInnoSecure.so[0xCBBCB000])[74 44       ]0x000045E0:	ADD	R4, LR	;(R4=0xBD23686E LR=0x38343335 )
(    libInnoSecure.so[0xCBBCB000])[2A 44       ]0x000045E2:	ADD	R2, R5	;(R2=0xFAD8C59D R5=0xCF7EF1F2 )
(    libInnoSecure.so[0xCBBCB000])[49 F6 E5 15 ]0x000045E4:	MOVW	R5, #0X99E5
(    libInnoSecure.so[0xCBBCB000])[CE F2 DB 65 ]0x000045E8:	MOVT	R5, #0XE6DB	;(R5=0x000099E5 )
(    libInnoSecure.so[0xCBBCB000])[2A 44       ]0x000045EC:	ADD	R2, R5	;(R2=0xCA57B78F R5=0xE6DB99E5 )
(    libInnoSecure.so[0xCBBCB000])[80 EA 01 05 ]0x000045EE:	EOR.W	R5, R0, R1	;(R0=0x99A59A3D R1=0xEBF803A1 )
(    libInnoSecure.so[0xCBBCB000])[51 44       ]0x000045F2:	ADD	R1, SL	;(R1=0xEBF803A1 SL=0x31333233 )
(    libInnoSecure.so[0xCBBCB000])[00 EB 72 52 ]0x000045F4:	ADD.W	R2, R0, R2, ROR #21	;(R0=0x99A59A3D R2=0xB1335174 )
(    libInnoSecure.so[0xCBBCB000])[55 40       ]0x000045F8:	EORS	R5, R2	;(R5=0x725D999C R2=0x34313FC6 )
(    libInnoSecure.so[0xCBBCB000])[2C 44       ]0x000045FA:	ADD	R4, R5	;(R4=0xF5579BA3 R5=0x466CA65A )
(    libInnoSecure.so[0xCBBCB000])[47 F6 F8 45 ]0x000045FC:	MOVW	R5, #0X7CF8
(    libInnoSecure.so[0xCBBCB000])[C1 F6 A2 75 ]0x00004600:	MOVT	R5, #0X1FA2	;(R5=0x00007CF8 )
(    libInnoSecure.so[0xCBBCB000])[2C 44       ]0x00004604:	ADD	R4, R5	;(R4=0x3BC441FD R5=0x1FA27CF8 )
(    libInnoSecure.so[0xCBBCB000])[82 EA 00 05 ]0x00004606:	EOR.W	R5, R2, R0	;(R2=0x34313FC6 R0=0x99A59A3D )
(    libInnoSecure.so[0xCBBCB000])[30 44       ]0x0000460A:	ADD	R0, R6	;(R0=0x99A59A3D R6=0x33313630 )
(    libInnoSecure.so[0xCBBCB000])[02 EB 34 44 ]0x0000460C:	ADD.W	R4, R2, R4, ROR #16	;(R2=0x34313FC6 R4=0x5B66BEF5 )
(    libInnoSecure.so[0xCBBCB000])[45 F6 C3 16 ]0x00004610:	MOVW	R6, #0X59C3
(    libInnoSecure.so[0xCBBCB000])[65 40       ]0x00004614:	EORS	R5, R4	;(R5=0xAD94A5FB R4=0xF3269B2C )
(    libInnoSecure.so[0xCBBCB000])[C6 F2 5B 56 ]0x00004616:	MOVT	R6, #0X655B	;(R6=0x000059C3 )
(    libInnoSecure.so[0xCBBCB000])[29 44       ]0x0000461A:	ADD	R1, R5	;(R1=0x1D2B35D4 R5=0x5EB23ED7 )
(    libInnoSecure.so[0xCBBCB000])[45 F2 65 65 ]0x0000461C:	MOVW	R5, #0X5665
(    libInnoSecure.so[0xCBBCB000])[CC F2 AC 45 ]0x00004620:	MOVT	R5, #0XC4AC	;(R5=0x00005665 )
(    libInnoSecure.so[0xCBBCB000])[29 44       ]0x00004624:	ADD	R1, R5	;(R1=0x7BDD74AB R5=0xC4AC5665 )
(    libInnoSecure.so[0xCBBCB000])[04 EB 71 21 ]0x00004626:	ADD.W	R1, R4, R1, ROR #9	;(R4=0xF3269B2C R1=0x4089CB10 )
(    libInnoSecure.so[0xCBBCB000])[61 EA 02 05 ]0x0000462A:	ORN	R5, R1, R2	;(R1=0x7B46E011 R2=0x34313FC6 )
(    libInnoSecure.so[0xCBBCB000])[1A 44       ]0x0000462E:	ADD	R2, R3	;(R2=0x34313FC6 R3=0x33313830 )
(    libInnoSecure.so[0xCBBCB000])[65 40       ]0x00004630:	EORS	R5, R4	;(R5=0xFBCEE039 R4=0xF3269B2C )
(    libInnoSecure.so[0xCBBCB000])[01 9B       ]0x00004632:	LDR	R3, [SP, #4]	;(SP=0x100FFD18 )
(    libInnoSecure.so[0xCBBCB000])[28 44       ]0x00004634:	ADD	R0, R5	;(R0=0xCCD6D06D R5=0x08E87B15 )
(    libInnoSecure.so[0xCBBCB000])[42 F2 44 25 ]0x00004636:	MOVW	R5, #0X2244
(    libInnoSecure.so[0xCBBCB000])[CF F2 29 45 ]0x0000463A:	MOVT	R5, #0XF429	;(R5=0x00002244 )
(    libInnoSecure.so[0xCBBCB000])[28 44       ]0x0000463E:	ADD	R0, R5	;(R0=0xD5BF4B82 R5=0xF4292244 )
(    libInnoSecure.so[0xCBBCB000])[23 44       ]0x00004640:	ADD	R3, R4	;(R3=0x32303331 R4=0xF3269B2C )
(    libInnoSecure.so[0xCBBCB000])[01 EB B0 60 ]0x00004642:	ADD.W	R0, R1, R0, ROR #26	;(R1=0x7B46E011 R0=0xC9E86DC6 )
(    libInnoSecure.so[0xCBBCB000])[60 EA 04 05 ]0x00004646:	ORN	R5, R0, R4	;(R0=0xF56251C3 R4=0xF3269B2C )
(    libInnoSecure.so[0xCBBCB000])[42 F2 A7 34 ]0x0000464A:	MOVW	R4, #0X23A7
(    libInnoSecure.so[0xCBBCB000])[4D 40       ]0x0000464E:	EORS	R5, R1	;(R5=0xFDFB75D3 R1=0x7B46E011 )
(    libInnoSecure.so[0xCBBCB000])[CA F6 94 34 ]0x00004650:	MOVT	R4, #0XAB94	;(R4=0x000023A7 )
(    libInnoSecure.so[0xCBBCB000])[2A 44       ]0x00004654:	ADD	R2, R5	;(R2=0x676277F6 R5=0x86BD95C2 )
(    libInnoSecure.so[0xCBBCB000])[4F F6 97 75 ]0x00004656:	MOVW	R5, #0XFF97
(    libInnoSecure.so[0xCBBCB000])[C4 F2 2A 35 ]0x0000465A:	MOVT	R5, #0X432A	;(R5=0x0000FF97 )
(    libInnoSecure.so[0xCBBCB000])[2A 44       ]0x0000465E:	ADD	R2, R5	;(R2=0xEE200DB8 R5=0x432AFF97 )
(    libInnoSecure.so[0xCBBCB000])[00 EB B2 52 ]0x00004660:	ADD.W	R2, R0, R2, ROR #22	;(R0=0xF56251C3 R2=0x314B0D4F )
(    libInnoSecure.so[0xCBBCB000])[62 EA 01 05 ]0x00004664:	ORN	R5, R2, R1	;(R2=0x21978E88 R1=0x7B46E011 )
(    libInnoSecure.so[0xCBBCB000])[45 40       ]0x00004668:	EORS	R5, R0	;(R5=0xA5BF9FEE R0=0xF56251C3 )
(    libInnoSecure.so[0xCBBCB000])[2B 44       ]0x0000466A:	ADD	R3, R5	;(R3=0x2556CE5D R5=0x50DDCE2D )
(    libInnoSecure.so[0xCBBCB000])[09 9D       ]0x0000466C:	LDR	R5, [SP, #0X24]	;(SP=0x100FFD18 )
(    libInnoSecure.so[0xCBBCB000])[23 44       ]0x0000466E:	ADD	R3, R4	;(R3=0x76349C8A R4=0xAB9423A7 )
(    libInnoSecure.so[0xCBBCB000])[29 44       ]0x00004670:	ADD	R1, R5	;(R1=0x7B46E011 R5=0x33303630 )
(    libInnoSecure.so[0xCBBCB000])[11 9D       ]0x00004672:	LDR	R5, [SP, #0X44]	;(SP=0x100FFD18 )
(    libInnoSecure.so[0xCBBCB000])[02 EB 73 43 ]0x00004674:	ADD.W	R3, R2, R3, ROR #17	;(R2=0x21978E88 R3=0x21C8C031 )
(    libInnoSecure.so[0xCBBCB000])[63 EA 00 04 ]0x00004678:	ORN	R4, R3, R0	;(R3=0x81B01F6C R0=0xF56251C3 )
(    libInnoSecure.so[0xCBBCB000])[40 44       ]0x0000467C:	ADD	R0, R8	;(R0=0xF56251C3 R8=0x35353330 )
(    libInnoSecure.so[0xCBBCB000])[54 40       ]0x0000467E:	EORS	R4, R2	;(R4=0x8BBDBF7C R2=0x21978E88 )
(    libInnoSecure.so[0xCBBCB000])[21 44       ]0x00004680:	ADD	R1, R4	;(R1=0xAE771641 R4=0xAA2A31F4 )
(    libInnoSecure.so[0xCBBCB000])[4A F2 39 04 ]0x00004682:	MOVW	R4, #0XA039
(    libInnoSecure.so[0xCBBCB000])[CF F6 93 44 ]0x00004686:	MOVT	R4, #0XFC93	;(R4=0x0000A039 )
(    libInnoSecure.so[0xCBBCB000])[21 44       ]0x0000468A:	ADD	R1, R4	;(R1=0x58A14835 R4=0xFC93A039 )
(    libInnoSecure.so[0xCBBCB000])[03 EB F1 21 ]0x0000468C:	ADD.W	R1, R3, R1, ROR #11	;(R3=0x81B01F6C R1=0x5534E86E )
(    libInnoSecure.so[0xCBBCB000])[61 EA 02 04 ]0x00004690:	ORN	R4, R1, R2	;(R1=0x8F7AC609 R2=0x21978E88 )
(    libInnoSecure.so[0xCBBCB000])[62 44       ]0x00004694:	ADD	R2, IP	;(R2=0x21978E88 IP=0x62303133 )
(    libInnoSecure.so[0xCBBCB000])[5C 40       ]0x00004696:	EORS	R4, R3	;(R4=0xDF7AF77F R3=0x81B01F6C )
(    libInnoSecure.so[0xCBBCB000])[DD F8 1C C0 ]0x00004698:	LDR.W	IP, [SP, #0X1C]	;(SP=0x100FFD18 )
(    libInnoSecure.so[0xCBBCB000])[20 44       ]0x0000469C:	ADD	R0, R4	;(R0=0x2A9784F3 R4=0x5ECAE813 )
(    libInnoSecure.so[0xCBBCB000])[30 44       ]0x0000469E:	ADD	R0, R6	;(R0=0x89626D06 R6=0x655B59C3 )
(    libInnoSecure.so[0xCBBCB000])[01 EB B0 60 ]0x000046A0:	ADD.W	R0, R1, R0, ROR #26	;(R1=0x8F7AC609 R0=0xEEBDC6C9 )
(    libInnoSecure.so[0xCBBCB000])[60 EA 03 06 ]0x000046A4:	ORN	R6, R0, R3	;(R0=0x3EEC7884 R3=0x81B01F6C )
(    libInnoSecure.so[0xCBBCB000])[5B 44       ]0x000046A8:	ADD	R3, FP	;(R3=0x81B01F6C FP=0x30336230 )
(    libInnoSecure.so[0xCBBCB000])[4E 40       ]0x000046AA:	EORS	R6, R1	;(R6=0x7EEFF897 R1=0x8F7AC609 )
(    libInnoSecure.so[0xCBBCB000])[32 44       ]0x000046AC:	ADD	R2, R6	;(R2=0x83C7BFBB R6=0xF1953E9E )
(    libInnoSecure.so[0xCBBCB000])[4C F6 92 46 ]0x000046AE:	MOVW	R6, #0XCC92
(    libInnoSecure.so[0xCBBCB000])[C8 F6 0C 76 ]0x000046B2:	MOVT	R6, #0X8F0C	;(R6=0x0000CC92 )
(    libInnoSecure.so[0xCBBCB000])[32 44       ]0x000046B6:	ADD	R2, R6	;(R2=0x755CFE59 R6=0x8F0CCC92 )
(    libInnoSecure.so[0xCBBCB000])[00 EB B2 52 ]0x000046B8:	ADD.W	R2, R0, R2, ROR #22	;(R0=0x3EEC7884 R2=0x0469CAEB )
(    libInnoSecure.so[0xCBBCB000])[62 EA 01 06 ]0x000046BC:	ORN	R6, R2, R1	;(R2=0xE6182495 R1=0x8F7AC609 )
(    libInnoSecure.so[0xCBBCB000])[29 44       ]0x000046C0:	ADD	R1, R5	;(R1=0x8F7AC609 R5=0x30333330 )
(    libInnoSecure.so[0xCBBCB000])[46 40       ]0x000046C2:	EORS	R6, R0	;(R6=0xF69D3DF7 R0=0x3EEC7884 )
(    libInnoSecure.so[0xCBBCB000])[0A 9D       ]0x000046C4:	LDR	R5, [SP, #0X28]	;(SP=0x100FFD18 )
(    libInnoSecure.so[0xCBBCB000])[33 44       ]0x000046C6:	ADD	R3, R6	;(R3=0xB1E3819C R6=0xC8714573 )
(    libInnoSecure.so[0xCBBCB000])[4F F2 7D 46 ]0x000046C8:	MOVW	R6, #0XF47D
(    libInnoSecure.so[0xCBBCB000])[CF F6 EF 76 ]0x000046CC:	MOVT	R6, #0XFFEF	;(R6=0x0000F47D )
(    libInnoSecure.so[0xCBBCB000])[33 44       ]0x000046D0:	ADD	R3, R6	;(R3=0x7A54C70F R6=0xFFEFF47D )
(    libInnoSecure.so[0xCBBCB000])[02 EB 73 43 ]0x000046D2:	ADD.W	R3, R2, R3, ROR #17	;(R2=0xE6182495 R3=0x7A44BB8C )
(    libInnoSecure.so[0xCBBCB000])[63 EA 00 06 ]0x000046D6:	ORN	R6, R3, R0	;(R3=0x43DE61B7 R0=0x3EEC7884 )
(    libInnoSecure.so[0xCBBCB000])[28 44       ]0x000046DA:	ADD	R0, R5	;(R0=0x3EEC7884 R5=0x33353230 )
(    libInnoSecure.so[0xCBBCB000])[56 40       ]0x000046DC:	EORS	R6, R2	;(R6=0xC3DFE7FF R2=0xE6182495 )
(    libInnoSecure.so[0xCBBCB000])[08 9D       ]0x000046DE:	LDR	R5, [SP, #0X20]	;(SP=0x100FFD18 )
(    libInnoSecure.so[0xCBBCB000])[31 44       ]0x000046E0:	ADD	R1, R6	;(R1=0xBFADF939 R6=0x25C7C36A )
(    libInnoSecure.so[0xCBBCB000])[45 F6 D1 56 ]0x000046E2:	MOVW	R6, #0X5DD1
(    libInnoSecure.so[0xCBBCB000])[C8 F2 84 56 ]0x000046E6:	MOVT	R6, #0X8584	;(R6=0x00005DD1 )
(    libInnoSecure.so[0xCBBCB000])[31 44       ]0x000046EA:	ADD	R1, R6	;(R1=0xE575BCA3 R6=0x85845DD1 )
(    libInnoSecure.so[0xCBBCB000])[03 EB F1 21 ]0x000046EC:	ADD.W	R1, R3, R1, ROR #11	;(R3=0x43DE61B7 R1=0x6AFA1A74 )
(    libInnoSecure.so[0xCBBCB000])[61 EA 02 06 ]0x000046F0:	ORN	R6, R1, R2	;(R1=0x926BC0FA R2=0xE6182495 )
(    libInnoSecure.so[0xCBBCB000])[72 44       ]0x000046F4:	ADD	R2, LR	;(R2=0xE6182495 LR=0x38343335 )
(    libInnoSecure.so[0xCBBCB000])[5E 40       ]0x000046F6:	EORS	R6, R3	;(R6=0x9BEFDBFA R3=0x43DE61B7 )
(    libInnoSecure.so[0xCBBCB000])[30 44       ]0x000046F8:	ADD	R0, R6	;(R0=0x7221AAB4 R6=0xD831BA4D )
(    libInnoSecure.so[0xCBBCB000])[47 F6 4F 66 ]0x000046FA:	MOVW	R6, #0X7E4F
(    libInnoSecure.so[0xCBBCB000])[C6 F6 A8 76 ]0x000046FE:	MOVT	R6, #0X6FA8	;(R6=0x00007E4F )
(    libInnoSecure.so[0xCBBCB000])[30 44       ]0x00004702:	ADD	R0, R6	;(R0=0x4A536501 R6=0x6FA87E4F )
(    libInnoSecure.so[0xCBBCB000])[01 EB B0 66 ]0x00004704:	ADD.W	R6, R1, R0, ROR #26	;(R1=0x926BC0FA R0=0xB9FBE350 )
(    libInnoSecure.so[0xCBBCB000])[66 EA 03 00 ]0x00004708:	ORN	R0, R6, R3	;(R6=0x11649528 R3=0x43DE61B7 )
(    libInnoSecure.so[0xCBBCB000])[4B 44       ]0x0000470C:	ADD	R3, SB	;(R3=0x43DE61B7 SB=0x34303535 )
(    libInnoSecure.so[0xCBBCB000])[48 40       ]0x0000470E:	EORS	R0, R1	;(R0=0xBD659F68 R1=0x926BC0FA )
(    libInnoSecure.so[0xCBBCB000])[10 44       ]0x00004710:	ADD	R0, R2	;(R0=0x2F0E5F92 R2=0x1E4C57CA )
(    libInnoSecure.so[0xCBBCB000])[4E F2 E0 62 ]0x00004712:	MOVW	R2, #0XE6E0
(    libInnoSecure.so[0xCBBCB000])[CF F6 2C 62 ]0x00004716:	MOVT	R2, #0XFE2C	;(R2=0x0000E6E0 )
(    libInnoSecure.so[0xCBBCB000])[10 44       ]0x0000471A:	ADD	R0, R2	;(R0=0x4D5AB75C R2=0xFE2CE6E0 )
(    libInnoSecure.so[0xCBBCB000])[06 EB B0 52 ]0x0000471C:	ADD.W	R2, R6, R0, ROR #22	;(R6=0x11649528 R0=0x4B879E3C )
(    libInnoSecure.so[0xCBBCB000])[62 EA 01 00 ]0x00004720:	ORN	R0, R2, R1	;(R2=0x2FDD8656 R1=0x926BC0FA )
(    libInnoSecure.so[0xCBBCB000])[29 44       ]0x00004724:	ADD	R1, R5	;(R1=0x926BC0FA R5=0x37303430 )
(    libInnoSecure.so[0xCBBCB000])[70 40       ]0x00004726:	EORS	R0, R6	;(R0=0x6FDDBF57 R6=0x11649528 )
(    libInnoSecure.so[0xCBBCB000])[0B 9D       ]0x00004728:	LDR	R5, [SP, #0X2C]	;(SP=0x100FFD18 )
(    libInnoSecure.so[0xCBBCB000])[18 44       ]0x0000472A:	ADD	R0, R3	;(R0=0x7EB92A7F R3=0x780E96EC )
(    libInnoSecure.so[0xCBBCB000])[44 F2 14 33 ]0x0000472C:	MOVW	R3, #0X4314
(    libInnoSecure.so[0xCBBCB000])[CA F2 01 33 ]0x00004730:	MOVT	R3, #0XA301	;(R3=0x00004314 )
(    libInnoSecure.so[0xCBBCB000])[18 44       ]0x00004734:	ADD	R0, R3	;(R0=0xF6C7C16B R3=0xA3014314 )
(    libInnoSecure.so[0xCBBCB000])[02 EB 70 40 ]0x00004736:	ADD.W	R0, R2, R0, ROR #17	;(R2=0x2FDD8656 R0=0x99C9047F )
(    libInnoSecure.so[0xCBBCB000])[60 EA 06 03 ]0x0000473A:	ORN	R3, R0, R6	;(R0=0xB21D533A R6=0x11649528 )
(    libInnoSecure.so[0xCBBCB000])[2E 44       ]0x0000473E:	ADD	R6, R5	;(R6=0x11649528 R5=0x39303033 )
(    libInnoSecure.so[0xCBBCB000])[53 40       ]0x00004740:	EORS	R3, R2	;(R3=0xFE9F7BFF R2=0x2FDD8656 )
(    libInnoSecure.so[0xCBBCB000])[19 44       ]0x00004742:	ADD	R1, R3	;(R1=0xC99BF52A R3=0xD142FDA9 )
(    libInnoSecure.so[0xCBBCB000])[41 F2 A1 13 ]0x00004744:	MOVW	R3, #0X11A1
(    libInnoSecure.so[0xCBBCB000])[C4 F6 08 63 ]0x00004748:	MOVT	R3, #0X4E08	;(R3=0x000011A1 )
(    libInnoSecure.so[0xCBBCB000])[19 44       ]0x0000474C:	ADD	R1, R3	;(R1=0x9ADEF2D3 R3=0x4E0811A1 )
(    libInnoSecure.so[0xCBBCB000])[00 EB F1 21 ]0x0000474E:	ADD.W	R1, R0, R1, ROR #11	;(R0=0xB21D533A R1=0xE8E70474 )
(    libInnoSecure.so[0xCBBCB000])[61 EA 02 03 ]0x00004752:	ORN	R3, R1, R2	;(R1=0x40BA701A R2=0x2FDD8656 )
(    libInnoSecure.so[0xCBBCB000])[43 40       ]0x00004756:	EORS	R3, R0	;(R3=0xD0BA79BB R0=0xB21D533A )
(    libInnoSecure.so[0xCBBCB000])[33 44       ]0x00004758:	ADD	R3, R6	;(R3=0x62A72A81 R6=0x4A94C55B )
(    libInnoSecure.so[0xCBBCB000])[47 F6 82 66 ]0x0000475A:	MOVW	R6, #0X7E82
(    libInnoSecure.so[0xCBBCB000])[CF F2 53 76 ]0x0000475E:	MOVT	R6, #0XF753	;(R6=0x00007E82 )
(    libInnoSecure.so[0xCBBCB000])[33 44       ]0x00004762:	ADD	R3, R6	;(R3=0xAD3BEFDC R6=0xF7537E82 )
(    libInnoSecure.so[0xCBBCB000])[DC F8 00 60 ]0x00004764:	LDR.W	R6, [IP]	;(IP=0x100FFEF8 )
(    libInnoSecure.so[0xCBBCB000])[01 EB B3 63 ]0x00004768:	ADD.W	R3, R1, R3, ROR #26	;(R1=0x40BA701A R3=0xA48F6E5E )
(    libInnoSecure.so[0xCBBCB000])[1E 44       ]0x0000476C:	ADD	R6, R3	;(R6=0xAC30F373 R3=0x649607C3 )
(    libInnoSecure.so[0xCBBCB000])[CC F8 00 60 ]0x0000476E:	STR.W	R6, [IP]	;(R6=0x10C6FB36 IP=0x100FFEF8 )
(    libInnoSecure.so[0xCBBCB000])[05 9D       ]0x00004772:	LDR	R5, [SP, #0X14]	;(SP=0x100FFD18 )
(    libInnoSecure.so[0xCBBCB000])[63 EA 00 06 ]0x00004774:	ORN	R6, R3, R0	;(R3=0x649607C3 R0=0xB21D533A )
(    libInnoSecure.so[0xCBBCB000])[4E 40       ]0x00004778:	EORS	R6, R1	;(R6=0x6DF6AFC7 R1=0x40BA701A )
(    libInnoSecure.so[0xCBBCB000])[50 44       ]0x0000477A:	ADD	R0, SL	;(R0=0xB21D533A SL=0x31333233 )
(    libInnoSecure.so[0xCBBCB000])[2A 44       ]0x0000477C:	ADD	R2, R5	;(R2=0x2FDD8656 R5=0x36303930 )
(    libInnoSecure.so[0xCBBCB000])[32 44       ]0x0000477E:	ADD	R2, R6	;(R2=0x660DBF86 R6=0x2D4CDFDD )
(    libInnoSecure.so[0xCBBCB000])[4F F2 35 26 ]0x00004780:	MOVW	R6, #0XF235
(    libInnoSecure.so[0xCBBCB000])[CB F6 3A 56 ]0x00004784:	MOVT	R6, #0XBD3A	;(R6=0x0000F235 )
(    libInnoSecure.so[0xCBBCB000])[32 44       ]0x00004788:	ADD	R2, R6	;(R2=0x935A9F63 R6=0xBD3AF235 )
(    libInnoSecure.so[0xCBBCB000])[DC E9 01 65 ]0x0000478A:	LDRD	R6, R5, [IP, #4]	;(IP=0x100FFEF8 )
(    libInnoSecure.so[0xCBBCB000])[DC F8 0C 40 ]0x0000478E:	LDR.W	R4, [IP, #0XC]	;(IP=0x100FFEF8 )
(    libInnoSecure.so[0xCBBCB000])[03 EB B2 52 ]0x00004792:	ADD.W	R2, R3, R2, ROR #22	;(R3=0x649607C3 R2=0x50959198 )
(    libInnoSecure.so[0xCBBCB000])[14 44       ]0x00004796:	ADD	R4, R2	;(R4=0xFE41D178 R2=0xBADC6905 )
(    libInnoSecure.so[0xCBBCB000])[CC F8 0C 40 ]0x00004798:	STR.W	R4, [IP, #0XC]	;(R4=0xB91E3A7D IP=0x100FFEF8 )
(    libInnoSecure.so[0xCBBCB000])[62 EA 01 04 ]0x0000479C:	ORN	R4, R2, R1	;(R2=0xBADC6905 R1=0x40BA701A )
(    libInnoSecure.so[0xCBBCB000])[5C 40       ]0x000047A0:	EORS	R4, R3	;(R4=0xBFDDEFE5 R3=0x649607C3 )
(    libInnoSecure.so[0xCBBCB000])[20 44       ]0x000047A2:	ADD	R0, R4	;(R0=0xE350856D R4=0xDB4BE826 )
(    libInnoSecure.so[0xCBBCB000])[4D F2 BB 24 ]0x000047A4:	MOVW	R4, #0XD2BB
(    libInnoSecure.so[0xCBBCB000])[C2 F6 D7 24 ]0x000047A8:	MOVT	R4, #0X2AD7	;(R4=0x0000D2BB )
(    libInnoSecure.so[0xCBBCB000])[20 44       ]0x000047AC:	ADD	R0, R4	;(R0=0xBE9C6D93 R4=0x2AD7D2BB )
(    libInnoSecure.so[0xCBBCB000])[02 EB 70 40 ]0x000047AE:	ADD.W	R0, R2, R0, ROR #17	;(R2=0xBADC6905 R0=0xE974404E )
(    libInnoSecure.so[0xCBBCB000])[05 44       ]0x000047B2:	ADD	R5, R0	;(R5=0xC4B88649 R0=0xDB03DDBF )
(    libInnoSecure.so[0xCBBCB000])[60 EA 03 03 ]0x000047B4:	ORN	R3, R0, R3	;(R0=0xDB03DDBF R3=0x649607C3 )
(    libInnoSecure.so[0xCBBCB000])[CC F8 08 50 ]0x000047B8:	STR.W	R5, [IP, #8]	;(R5=0x9FBC6408 IP=0x100FFEF8 )
(    libInnoSecure.so[0xCBBCB000])[5A 40       ]0x000047BC:	EORS	R2, R3	;(R2=0xBADC6905 R3=0xDB6BFDBF )
(    libInnoSecure.so[0xCBBCB000])[10 9B       ]0x000047BE:	LDR	R3, [SP, #0X40]	;(SP=0x100FFD18 )
(    libInnoSecure.so[0xCBBCB000])[30 44       ]0x000047C0:	ADD	R0, R6	;(R0=0xDB03DDBF R6=0xD2F904B5 )
(    libInnoSecure.so[0xCBBCB000])[19 44       ]0x000047C2:	ADD	R1, R3	;(R1=0x40BA701A R3=0x31333834 )
(    libInnoSecure.so[0xCBBCB000])[11 44       ]0x000047C4:	ADD	R1, R2	;(R1=0x71EDA84E R2=0x61B794BA )
(    libInnoSecure.so[0xCBBCB000])[4D F2 91 32 ]0x000047C6:	MOVW	R2, #0XD391
(    libInnoSecure.so[0xCBBCB000])[CE F6 86 32 ]0x000047CA:	MOVT	R2, #0XEB86	;(R2=0x0000D391 )
(    libInnoSecure.so[0xCBBCB000])[11 44       ]0x000047CE:	ADD	R1, R2	;(R1=0xD3A53D08 R2=0xEB86D391 )
(    libInnoSecure.so[0xCBBCB000])[00 EB F1 20 ]0x000047D0:	ADD.W	R0, R0, R1, ROR #11	;(R0=0xADFCE274 R1=0xBF2C1099 )
(    libInnoSecure.so[0xCBBCB000])[CC F8 04 00 ]0x000047D4:	STR.W	R0, [IP, #4]	;(R0=0xC134C7F6 IP=0x100FFEF8 )
(    libInnoSecure.so[0xCBBCB000])[07 48       ]0x000047D8:	LDR	R0, [PC, #0X1C]	;(PC=0xCBBCF7D8 )
(    libInnoSecure.so[0xCBBCB000])[52 99       ]0x000047DA:	LDR	R1, [SP, #0X148]	;(SP=0x100FFD18 )
(    libInnoSecure.so[0xCBBCB000])[78 44       ]0x000047DC:	ADD	R0, PC	;(R0=0x000056C0 PC=0xCBBCF7DC )
(    libInnoSecure.so[0xCBBCB000])[00 68       ]0x000047DE:	LDR	R0, [R0]	;(R0=0xCBBD4EA0 )
(    libInnoSecure.so[0xCBBCB000])[00 68       ]0x000047E0:	LDR	R0, [R0]	;(R0=0xCBC29384 )
(    libInnoSecure.so[0xCBBCB000])[40 1A       ]0x000047E2:	SUBS	R0, R0, R1	;(R0=0x00000000 R1=0x00000000 )
(    libInnoSecure.so[0xCBBCB000])[02 BF       ]0x000047E4:	ITTT	EQ
(    libInnoSecure.so[0xCBBCB000])[53 B0       ]0x000047E6:	ADD	SP, #0X14C	;(SP=0x100FFD18 )
(    libInnoSecure.so[0xCBBCB000])[BD E8 00 0F ]0x000047E8:	POP.W	{R8, SB, SL, FP}	;(SP=0x100FFE64 )
(    libInnoSecure.so[0xCBBCB000])[F0 BD       ]0x000047EC:	POP	{R4, R5, R6, R7, PC}	;(SP=0x100FFE74 )
(    libInnoSecure.so[0xCBBCB000])[05 F1 80 00 ]0x0000402E:	ADD.W	R0, R5, #0X80	;(R5=0x00000140 )
(    libInnoSecure.so[0xCBBCB000])[40 35       ]0x00004032:	ADDS	R5, #0X40	;(R5=0x00000140 )
(    libInnoSecure.so[0xCBBCB000])[A0 42       ]0x00004034:	CMP	R0, R4	;(R0=0x000001C0 R4=0x0000043E )
(    libInnoSecure.so[0xCBBCB000])[F5 D9       ]0x00004036:	BLS	#0XCBBCF024
(    libInnoSecure.so[0xCBBCB000])[09 EB 05 01 ]0x00004024:	ADD.W	R1, SB, R5	;(SB=0x30043020 R5=0x00000180 )
(    libInnoSecure.so[0xCBBCB000])[30 46       ]0x00004028:	MOV	R0, R6	;(R6=0x100FFEF8 )
(    libInnoSecure.so[0xCBBCB000])[00 F0 11 F8 ]0x0000402A:	BL	#0XCBBCF050	;(PC=0xCBBCF02A )
(    libInnoSecure.so[0xCBBCB000])[F0 B5       ]0x00004050:	PUSH	{R4, R5, R6, R7, LR}	;(SP=0x100FFE88 R4=0x0000043E R5=0x00000180 R6=0x100FFEF8 R7=0x100FFEA0 LR=0xCBBCF02F )
(    libInnoSecure.so[0xCBBCB000])[03 AF       ]0x00004052:	ADD	R7, SP, #0XC	;(SP=0x100FFE74 )
(    libInnoSecure.so[0xCBBCB000])[2D E9 00 0F ]0x00004054:	PUSH.W	{R8, SB, SL, FP}	;(SP=0x100FFE74 R8=0x100FFEF0 SB=0x30043020 SL=0x100FFF08 FP=0x00000007 )
(    libInnoSecure.so[0xCBBCB000])[D3 B0       ]0x00004058:	SUB	SP, #0X14C	;(SP=0x100FFE64 )
(    libInnoSecure.so[0xCBBCB000])[DF F8 98 27 ]0x0000405A:	LDR.W	R2, [PC, #0X798]	;(PC=0xCBBCF05A )
(    libInnoSecure.so[0xCBBCB000])[12 AC       ]0x0000405E:	ADD	R4, SP, #0X48	;(SP=0x100FFD18 )
(    libInnoSecure.so[0xCBBCB000])[00 25       ]0x00004060:	MOVS	R5, #0
(    libInnoSecure.so[0xCBBCB000])[7A 44       ]0x00004062:	ADD	R2, PC	;(R2=0x00005E3A PC=0xCBBCF062 )
(    libInnoSecure.so[0xCBBCB000])[12 68       ]0x00004064:	LDR	R2, [R2]	;(R2=0xCBBD4EA0 )
(    libInnoSecure.so[0xCBBCB000])[12 68       ]0x00004066:	LDR	R2, [R2]	;(R2=0xCBC29384 )
(    libInnoSecure.so[0xCBBCB000])[52 92       ]0x00004068:	STR	R2, [SP, #0X148]	;(R2=0x00000000 SP=0x100FFD18 )
(    libInnoSecure.so[0xCBBCB000])[D0 E9 00 C2 ]0x0000406A:	LDRD	IP, R2, [R0]	;(R0=0x100FFEF8 )
(    libInnoSecure.so[0xCBBCB000])[D0 F8 08 E0 ]0x0000406E:	LDR.W	LR, [R0, #8]	;(R0=0x100FFEF8 )
(    libInnoSecure.so[0xCBBCB000])[07 90       ]0x00004072:	STR	R0, [SP, #0X1C]	;(R0=0x100FFEF8 SP=0x100FFD18 )
(    libInnoSecure.so[0xCBBCB000])[C0 68       ]0x00004074:	LDR	R0, [R0, #0XC]	;(R0=0x100FFEF8 )
(    libInnoSecure.so[0xCBBCB000])[4E 59       ]0x00004076:	LDR	R6, [R1, R5]	;(R1=0x300431A0 R5=0x00000000 )
(    libInnoSecure.so[0xCBBCB000])[66 51       ]0x00004078:	STR	R6, [R4, R5]	;(R6=0x62303133 R4=0x100FFD60 R5=0x00000000 )
(    libInnoSecure.so[0xCBBCB000])[04 35       ]0x0000407A:	ADDS	R5, #4	;(R5=0x00000000 )
(    libInnoSecure.so[0xCBBCB000])[40 2D       ]0x0000407C:	CMP	R5, #0X40	;(R5=0x00000004 )
(    libInnoSecure.so[0xCBBCB000])[FA D1       ]0x0000407E:	BNE	#0XCBBCF076
(    libInnoSecure.so[0xCBBCB000])[4E 59       ]0x00004076:	LDR	R6, [R1, R5]	;(R1=0x300431A0 R5=0x00000004 )
(    libInnoSecure.so[0xCBBCB000])[66 51       ]0x00004078:	STR	R6, [R4, R5]	;(R6=0x39303033 R4=0x100FFD60 R5=0x00000004 )
(    libInnoSecure.so[0xCBBCB000])[04 35       ]0x0000407A:	ADDS	R5, #4	;(R5=0x00000004 )
(    libInnoSecure.so[0xCBBCB000])[40 2D       ]0x0000407C:	CMP	R5, #0X40	;(R5=0x00000008 )
(    libInnoSecure.so[0xCBBCB000])[FA D1       ]0x0000407E:	BNE	#0XCBBCF076
(    libInnoSecure.so[0xCBBCB000])[4E 59       ]0x00004076:	LDR	R6, [R1, R5]	;(R1=0x300431A0 R5=0x00000008 )
(    libInnoSecure.so[0xCBBCB000])[66 51       ]0x00004078:	STR	R6, [R4, R5]	;(R6=0x33303630 R4=0x100FFD60 R5=0x00000008 )
(    libInnoSecure.so[0xCBBCB000])[04 35       ]0x0000407A:	ADDS	R5, #4	;(R5=0x00000008 )
(    libInnoSecure.so[0xCBBCB000])[40 2D       ]0x0000407C:	CMP	R5, #0X40	;(R5=0x0000000C )
(    libInnoSecure.so[0xCBBCB000])[FA D1       ]0x0000407E:	BNE	#0XCBBCF076
(    libInnoSecure.so[0xCBBCB000])[4E 59       ]0x00004076:	LDR	R6, [R1, R5]	;(R1=0x300431A0 R5=0x0000000C )
(    libInnoSecure.so[0xCBBCB000])[66 51       ]0x00004078:	STR	R6, [R4, R5]	;(R6=0x34303535 R4=0x100FFD60 R5=0x0000000C )
(    libInnoSecure.so[0xCBBCB000])[04 35       ]0x0000407A:	ADDS	R5, #4	;(R5=0x0000000C )
(    libInnoSecure.so[0xCBBCB000])[40 2D       ]0x0000407C:	CMP	R5, #0X40	;(R5=0x00000010 )
(    libInnoSecure.so[0xCBBCB000])[FA D1       ]0x0000407E:	BNE	#0XCBBCF076
(    libInnoSecure.so[0xCBBCB000])[4E 59       ]0x00004076:	LDR	R6, [R1, R5]	;(R1=0x300431A0 R5=0x00000010 )
(    libInnoSecure.so[0xCBBCB000])[66 51       ]0x00004078:	STR	R6, [R4, R5]	;(R6=0x33316130 R4=0x100FFD60 R5=0x00000010 )
(    libInnoSecure.so[0xCBBCB000])[04 35       ]0x0000407A:	ADDS	R5, #4	;(R5=0x00000010 )
(    libInnoSecure.so[0xCBBCB000])[40 2D       ]0x0000407C:	CMP	R5, #0X40	;(R5=0x00000014 )
(    libInnoSecure.so[0xCBBCB000])[FA D1       ]0x0000407E:	BNE	#0XCBBCF076
(    libInnoSecure.so[0xCBBCB000])[4E 59       ]0x00004076:	LDR	R6, [R1, R5]	;(R1=0x300431A0 R5=0x00000014 )
(    libInnoSecure.so[0xCBBCB000])[66 51       ]0x00004078:	STR	R6, [R4, R5]	;(R6=0x61353230 R4=0x100FFD60 R5=0x00000014 )
(    libInnoSecure.so[0xCBBCB000])[04 35       ]0x0000407A:	ADDS	R5, #4	;(R5=0x00000014 )
(    libInnoSecure.so[0xCBBCB000])[40 2D       ]0x0000407C:	CMP	R5, #0X40	;(R5=0x00000018 )
(    libInnoSecure.so[0xCBBCB000])[FA D1       ]0x0000407E:	BNE	#0XCBBCF076
(    libInnoSecure.so[0xCBBCB000])[4E 59       ]0x00004076:	LDR	R6, [R1, R5]	;(R1=0x300431A0 R5=0x00000018 )
(    libInnoSecure.so[0xCBBCB000])[66 51       ]0x00004078:	STR	R6, [R4, R5]	;(R6=0x31333834 R4=0x100FFD60 R5=0x00000018 )
(    libInnoSecure.so[0xCBBCB000])[04 35       ]0x0000407A:	ADDS	R5, #4	;(R5=0x00000018 )
(    libInnoSecure.so[0xCBBCB000])[40 2D       ]0x0000407C:	CMP	R5, #0X40	;(R5=0x0000001C )
(    libInnoSecure.so[0xCBBCB000])[FA D1       ]0x0000407E:	BNE	#0XCBBCF076
(    libInnoSecure.so[0xCBBCB000])[4E 59       ]0x00004076:	LDR	R6, [R1, R5]	;(R1=0x300431A0 R5=0x0000001C )
(    libInnoSecure.so[0xCBBCB000])[66 51       ]0x00004078:	STR	R6, [R4, R5]	;(R6=0x30336230 R4=0x100FFD60 R5=0x0000001C )
(    libInnoSecure.so[0xCBBCB000])[04 35       ]0x0000407A:	ADDS	R5, #4	;(R5=0x0000001C )
(    libInnoSecure.so[0xCBBCB000])[40 2D       ]0x0000407C:	CMP	R5, #0X40	;(R5=0x00000020 )
(    libInnoSecure.so[0xCBBCB000])[FA D1       ]0x0000407E:	BNE	#0XCBBCF076
(    libInnoSecure.so[0xCBBCB000])[4E 59       ]0x00004076:	LDR	R6, [R1, R5]	;(R1=0x300431A0 R5=0x00000020 )
(    libInnoSecure.so[0xCBBCB000])[66 51       ]0x00004078:	STR	R6, [R4, R5]	;(R6=0x36303930 R4=0x100FFD60 R5=0x00000020 )
(    libInnoSecure.so[0xCBBCB000])[04 35       ]0x0000407A:	ADDS	R5, #4	;(R5=0x00000020 )
(    libInnoSecure.so[0xCBBCB000])[40 2D       ]0x0000407C:	CMP	R5, #0X40	;(R5=0x00000024 )
(    libInnoSecure.so[0xCBBCB000])[FA D1       ]0x0000407E:	BNE	#0XCBBCF076
(    libInnoSecure.so[0xCBBCB000])[4E 59       ]0x00004076:	LDR	R6, [R1, R5]	;(R1=0x300431A0 R5=0x00000024 )
(    libInnoSecure.so[0xCBBCB000])[66 51       ]0x00004078:	STR	R6, [R4, R5]	;(R6=0x35353330 R4=0x100FFD60 R5=0x00000024 )
(    libInnoSecure.so[0xCBBCB000])[04 35       ]0x0000407A:	ADDS	R5, #4	;(R5=0x00000024 )
(    libInnoSecure.so[0xCBBCB000])[40 2D       ]0x0000407C:	CMP	R5, #0X40	;(R5=0x00000028 )
(    libInnoSecure.so[0xCBBCB000])[FA D1       ]0x0000407E:	BNE	#0XCBBCF076
(    libInnoSecure.so[0xCBBCB000])[4E 59       ]0x00004076:	LDR	R6, [R1, R5]	;(R1=0x300431A0 R5=0x00000028 )
(    libInnoSecure.so[0xCBBCB000])[66 51       ]0x00004078:	STR	R6, [R4, R5]	;(R6=0x62303430 R4=0x100FFD60 R5=0x00000028 )
(    libInnoSecure.so[0xCBBCB000])[04 35       ]0x0000407A:	ADDS	R5, #4	;(R5=0x00000028 )
(    libInnoSecure.so[0xCBBCB000])[40 2D       ]0x0000407C:	CMP	R5, #0X40	;(R5=0x0000002C )
(    libInnoSecure.so[0xCBBCB000])[FA D1       ]0x0000407E:	BNE	#0XCBBCF076
(    libInnoSecure.so[0xCBBCB000])[4E 59       ]0x00004076:	LDR	R6, [R1, R5]	;(R1=0x300431A0 R5=0x0000002C )
(    libInnoSecure.so[0xCBBCB000])[66 51       ]0x00004078:	STR	R6, [R4, R5]	;(R6=0x32303331 R4=0x100FFD60 R5=0x0000002C )
(    libInnoSecure.so[0xCBBCB000])[04 35       ]0x0000407A:	ADDS	R5, #4	;(R5=0x0000002C )
(    libInnoSecure.so[0xCBBCB000])[40 2D       ]0x0000407C:	CMP	R5, #0X40	;(R5=0x00000030 )
(    libInnoSecure.so[0xCBBCB000])[FA D1       ]0x0000407E:	BNE	#0XCBBCF076
(    libInnoSecure.so[0xCBBCB000])[4E 59       ]0x00004076:	LDR	R6, [R1, R5]	;(R1=0x300431A0 R5=0x00000030 )
(    libInnoSecure.so[0xCBBCB000])[66 51       ]0x00004078:	STR	R6, [R4, R5]	;(R6=0x65343334 R4=0x100FFD60 R5=0x00000030 )
(    libInnoSecure.so[0xCBBCB000])[04 35       ]0x0000407A:	ADDS	R5, #4	;(R5=0x00000030 )
(    libInnoSecure.so[0xCBBCB000])[40 2D       ]0x0000407C:	CMP	R5, #0X40	;(R5=0x00000034 )
(    libInnoSecure.so[0xCBBCB000])[FA D1       ]0x0000407E:	BNE	#0XCBBCF076
(    libInnoSecure.so[0xCBBCB000])[4E 59       ]0x00004076:	LDR	R6, [R1, R5]	;(R1=0x300431A0 R5=0x00000034 )
(    libInnoSecure.so[0xCBBCB000])[66 51       ]0x00004078:	STR	R6, [R4, R5]	;(R6=0x65303133 R4=0x100FFD60 R5=0x00000034 )
(    libInnoSecure.so[0xCBBCB000])[04 35       ]0x0000407A:	ADDS	R5, #4	;(R5=0x00000034 )
(    libInnoSecure.so[0xCBBCB000])[40 2D       ]0x0000407C:	CMP	R5, #0X40	;(R5=0x00000038 )
(    libInnoSecure.so[0xCBBCB000])[FA D1       ]0x0000407E:	BNE	#0XCBBCF076
(    libInnoSecure.so[0xCBBCB000])[4E 59       ]0x00004076:	LDR	R6, [R1, R5]	;(R1=0x300431A0 R5=0x00000038 )
(    libInnoSecure.so[0xCBBCB000])[66 51       ]0x00004078:	STR	R6, [R4, R5]	;(R6=0x63303033 R4=0x100FFD60 R5=0x00000038 )
(    libInnoSecure.so[0xCBBCB000])[04 35       ]0x0000407A:	ADDS	R5, #4	;(R5=0x00000038 )
(    libInnoSecure.so[0xCBBCB000])[40 2D       ]0x0000407C:	CMP	R5, #0X40	;(R5=0x0000003C )
(    libInnoSecure.so[0xCBBCB000])[FA D1       ]0x0000407E:	BNE	#0XCBBCF076
(    libInnoSecure.so[0xCBBCB000])[4E 59       ]0x00004076:	LDR	R6, [R1, R5]	;(R1=0x300431A0 R5=0x0000003C )
(    libInnoSecure.so[0xCBBCB000])[66 51       ]0x00004078:	STR	R6, [R4, R5]	;(R6=0x33303630 R4=0x100FFD60 R5=0x0000003C )
(    libInnoSecure.so[0xCBBCB000])[04 35       ]0x0000407A:	ADDS	R5, #4	;(R5=0x0000003C )
(    libInnoSecure.so[0xCBBCB000])[40 2D       ]0x0000407C:	CMP	R5, #0X40	;(R5=0x00000040 )
(    libInnoSecure.so[0xCBBCB000])[FA D1       ]0x0000407E:	BNE	#0XCBBCF076
(    libInnoSecure.so[0xCBBCB000])[0E EA 02 01 ]0x00004080:	AND.W	R1, LR, R2	;(LR=0x9FBC6408 R2=0xC134C7F6 )
(    libInnoSecure.so[0xCBBCB000])[20 EA 02 06 ]0x00004084:	BIC.W	R6, R0, R2	;(R0=0xB91E3A7D R2=0xC134C7F6 )
(    libInnoSecure.so[0xCBBCB000])[31 43       ]0x00004088:	ORRS	R1, R6	;(R1=0x81344400 R6=0x380A3809 )
(    libInnoSecure.so[0xCBBCB000])[12 9D       ]0x0000408A:	LDR	R5, [SP, #0X48]	;(SP=0x100FFD18 )
(    libInnoSecure.so[0xCBBCB000])[61 44       ]0x0000408C:	ADD	R1, IP	;(R1=0xB93E7C09 IP=0x10C6FB36 )
(    libInnoSecure.so[0xCBBCB000])[4A F2 78 46 ]0x0000408E:	MOVW	R6, #0XA478
(    libInnoSecure.so[0xCBBCB000])[29 44       ]0x00004092:	ADD	R1, R5	;(R1=0xCA05773F R5=0x62303133 )
(    libInnoSecure.so[0xCBBCB000])[CD F2 6A 76 ]0x00004094:	MOVT	R6, #0XD76A	;(R6=0x0000A478 )
(    libInnoSecure.so[0xCBBCB000])[31 44       ]0x00004098:	ADD	R1, R6	;(R1=0x2C35A872 R6=0xD76AA478 )
(    libInnoSecure.so[0xCBBCB000])[13 9B       ]0x0000409A:	LDR	R3, [SP, #0X4C]	;(SP=0x100FFD18 )
(    libInnoSecure.so[0xCBBCB000])[0E 95       ]0x0000409C:	STR	R5, [SP, #0X38]	;(R5=0x62303133 SP=0x100FFD18 )
(    libInnoSecure.so[0xCBBCB000])[02 EB 71 66 ]0x0000409E:	ADD.W	R6, R2, R1, ROR #25	;(R2=0xC134C7F6 R1=0x03A04CEA )
(    libInnoSecure.so[0xCBBCB000])[18 44       ]0x000040A2:	ADD	R0, R3	;(R0=0xB91E3A7D R3=0x39303033 )
(    libInnoSecure.so[0xCBBCB000])[2E EA 06 01 ]0x000040A4:	BIC.W	R1, LR, R6	;(LR=0x9FBC6408 R6=0x915B3CF7 )
(    libInnoSecure.so[0xCBBCB000])[06 EA 02 05 ]0x000040A8:	AND.W	R5, R6, R2	;(R6=0x915B3CF7 R2=0xC134C7F6 )
(    libInnoSecure.so[0xCBBCB000])[29 43       ]0x000040AC:	ORRS	R1, R5	;(R1=0x0EA44008 R5=0x811004F6 )
(    libInnoSecure.so[0xCBBCB000])[14 9C       ]0x000040AE:	LDR	R4, [SP, #0X50]	;(SP=0x100FFD18 )
(    libInnoSecure.so[0xCBBCB000])[08 44       ]0x000040B0:	ADD	R0, R1	;(R0=0xF24E6AB0 R1=0x8FB444FE )
(    libInnoSecure.so[0xCBBCB000])[4B F2 56 71 ]0x000040B2:	MOVW	R1, #0XB756
(    libInnoSecure.so[0xCBBCB000])[CE F6 C7 01 ]0x000040B6:	MOVT	R1, #0XE8C7	;(R1=0x0000B756 )
(    libInnoSecure.so[0xCBBCB000])[08 44       ]0x000040BA:	ADD	R0, R1	;(R0=0x8202AFAE R1=0xE8C7B756 )
(    libInnoSecure.so[0xCBBCB000])[DD F8 54 C0 ]0x000040BC:	LDR.W	IP, [SP, #0X54]	;(SP=0x100FFD18 )
(    libInnoSecure.so[0xCBBCB000])[06 EB 30 55 ]0x000040C0:	ADD.W	R5, R6, R0, ROR #20	;(R6=0x915B3CF7 R0=0x6ACA6704 )
(    libInnoSecure.so[0xCBBCB000])[11 93       ]0x000040C4:	STR	R3, [SP, #0X44]	;(R3=0x39303033 SP=0x100FFD18 )
(    libInnoSecure.so[0xCBBCB000])[22 EA 05 00 ]0x000040C6:	BIC.W	R0, R2, R5	;(R2=0xC134C7F6 R5=0x37CB83A3 )
(    libInnoSecure.so[0xCBBCB000])[05 EA 06 01 ]0x000040CA:	AND.W	R1, R5, R6	;(R5=0x37CB83A3 R6=0x915B3CF7 )
(    libInnoSecure.so[0xCBBCB000])[08 43       ]0x000040CE:	ORRS	R0, R1	;(R0=0xC0344454 R1=0x114B00A3 )
(    libInnoSecure.so[0xCBBCB000])[0E EB 04 01 ]0x000040D0:	ADD.W	R1, LR, R4	;(LR=0x9FBC6408 R4=0x33303630 )
(    libInnoSecure.so[0xCBBCB000])[08 44       ]0x000040D4:	ADD	R0, R1	;(R0=0xD17F44F7 R1=0xD2EC9A38 )
(    libInnoSecure.so[0xCBBCB000])[47 F2 DB 01 ]0x000040D6:	MOVW	R1, #0X70DB
(    libInnoSecure.so[0xCBBCB000])[C2 F2 20 41 ]0x000040DA:	MOVT	R1, #0X2420	;(R1=0x000070DB )
(    libInnoSecure.so[0xCBBCB000])[08 44       ]0x000040DE:	ADD	R0, R1	;(R0=0xA46BDF2F R1=0x242070DB )
(    libInnoSecure.so[0xCBBCB000])[62 44       ]0x000040E0:	ADD	R2, IP	;(R2=0xC134C7F6 IP=0x34303535 )
(    libInnoSecure.so[0xCBBCB000])[CD F8 3C C0 ]0x000040E2:	STR.W	IP, [SP, #0X3C]	;(IP=0x34303535 SP=0x100FFD18 )
(    libInnoSecure.so[0xCBBCB000])[05 EB F0 30 ]0x000040E6:	ADD.W	R0, R5, R0, ROR #15	;(R5=0x37CB83A3 R0=0xC88C500A )
(    libInnoSecure.so[0xCBBCB000])[DD F8 60 C0 ]0x000040EA:	LDR.W	IP, [SP, #0X60]	;(SP=0x100FFD18 )
(    libInnoSecure.so[0xCBBCB000])[26 EA 00 01 ]0x000040EE:	BIC.W	R1, R6, R0	;(R6=0x915B3CF7 R0=0xD7E114BB )
(    libInnoSecure.so[0xCBBCB000])[00 EA 05 03 ]0x000040F2:	AND.W	R3, R0, R5	;(R0=0xD7E114BB R5=0x37CB83A3 )
(    libInnoSecure.so[0xCBBCB000])[19 43       ]0x000040F6:	ORRS	R1, R3	;(R1=0x001A2844 R3=0x17C100A3 )
(    libInnoSecure.so[0xCBBCB000])[0C 94       ]0x000040F8:	STR	R4, [SP, #0X30]	;(R4=0x33303630 SP=0x100FFD18 )
(    libInnoSecure.so[0xCBBCB000])[11 44       ]0x000040FA:	ADD	R1, R2	;(R1=0x17DB28E7 R2=0xF564FD2B )
(    libInnoSecure.so[0xCBBCB000])[4C F6 EE 62 ]0x000040FC:	MOVW	R2, #0XCEEE
(    libInnoSecure.so[0xCBBCB000])[CC F2 BD 12 ]0x00004100:	MOVT	R2, #0XC1BD	;(R2=0x0000CEEE )
(    libInnoSecure.so[0xCBBCB000])[11 44       ]0x00004104:	ADD	R1, R2	;(R1=0x0D402612 R2=0xC1BDCEEE )
(    libInnoSecure.so[0xCBBCB000])[DD F8 74 90 ]0x00004106:	LDR.W	SB, [SP, #0X74]	;(SP=0x100FFD18 )
(    libInnoSecure.so[0xCBBCB000])[00 EB B1 21 ]0x0000410A:	ADD.W	R1, R0, R1, ROR #10	;(R0=0xD7E114BB R1=0xCEFDF500 )
(    libInnoSecure.so[0xCBBCB000])[CD F8 18 C0 ]0x0000410E:	STR.W	IP, [SP, #0X18]	;(IP=0x31333834 SP=0x100FFD18 )
(    libInnoSecure.so[0xCBBCB000])[25 EA 01 02 ]0x00004112:	BIC.W	R2, R5, R1	;(R5=0x37CB83A3 R1=0x1814D438 )
(    libInnoSecure.so[0xCBBCB000])[01 EA 00 03 ]0x00004116:	AND.W	R3, R1, R0	;(R1=0x1814D438 R0=0xD7E114BB )
(    libInnoSecure.so[0xCBBCB000])[1A 43       ]0x0000411A:	ORRS	R2, R3	;(R2=0x27CB0383 R3=0x10001438 )
(    libInnoSecure.so[0xCBBCB000])[16 9B       ]0x0000411C:	LDR	R3, [SP, #0X58]	;(SP=0x100FFD18 )
(    libInnoSecure.so[0xCBBCB000])[0B 93       ]0x0000411E:	STR	R3, [SP, #0X2C]	;(R3=0x33316130 SP=0x100FFD18 )
(    libInnoSecure.so[0xCBBCB000])[33 44       ]0x00004120:	ADD	R3, R6	;(R3=0x33316130 R6=0x915B3CF7 )
(    libInnoSecure.so[0xCBBCB000])[1A 44       ]0x00004122:	ADD	R2, R3	;(R2=0x37CB17BB R3=0xC48C9E27 )
(    libInnoSecure.so[0xCBBCB000])[40 F6 AF 73 ]0x00004124:	MOVW	R3, #0XFAF
(    libInnoSecure.so[0xCBBCB000])[CF F2 7C 53 ]0x00004128:	MOVT	R3, #0XF57C	;(R3=0x00000FAF )
(    libInnoSecure.so[0xCBBCB000])[1A 44       ]0x0000412C:	ADD	R2, R3	;(R2=0xFC57B5E2 R3=0xF57C0FAF )
(    libInnoSecure.so[0xCBBCB000])[01 EB 72 62 ]0x0000412E:	ADD.W	R2, R1, R2, ROR #25	;(R1=0x1814D438 R2=0xF1D3C591 )
(    libInnoSecure.so[0xCBBCB000])[20 EA 02 03 ]0x00004132:	BIC.W	R3, R0, R2	;(R0=0xD7E114BB R2=0x01F79D30 )
(    libInnoSecure.so[0xCBBCB000])[02 EA 01 06 ]0x00004136:	AND.W	R6, R2, R1	;(R2=0x01F79D30 R1=0x1814D438 )
(    libInnoSecure.so[0xCBBCB000])[33 43       ]0x0000413A:	ORRS	R3, R6	;(R3=0xD600008B R6=0x00149430 )
(    libInnoSecure.so[0xCBBCB000])[17 9E       ]0x0000413C:	LDR	R6, [SP, #0X5C]	;(SP=0x100FFD18 )
(    libInnoSecure.so[0xCBBCB000])[60 44       ]0x0000413E:	ADD	R0, IP	;(R0=0xD7E114BB IP=0x31333834 )
(    libInnoSecure.so[0xCBBCB000])[09 96       ]0x00004140:	STR	R6, [SP, #0X24]	;(R6=0x61353230 SP=0x100FFD18 )
(    libInnoSecure.so[0xCBBCB000])[35 44       ]0x00004142:	ADD	R5, R6	;(R5=0x37CB83A3 R6=0x61353230 )
(    libInnoSecure.so[0xCBBCB000])[1C 9E       ]0x00004144:	LDR	R6, [SP, #0X70]	;(SP=0x100FFD18 )
(    libInnoSecure.so[0xCBBCB000])[2B 44       ]0x00004146:	ADD	R3, R5	;(R3=0xD61494BB R5=0x9900B5D3 )
(    libInnoSecure.so[0xCBBCB000])[4C F2 2A 65 ]0x00004148:	MOVW	R5, #0XC62A
(    libInnoSecure.so[0xCBBCB000])[C4 F2 87 75 ]0x0000414C:	MOVT	R5, #0X4787	;(R5=0x0000C62A )
(    libInnoSecure.so[0xCBBCB000])[2B 44       ]0x00004150:	ADD	R3, R5	;(R3=0x6F154A8E R5=0x4787C62A )
(    libInnoSecure.so[0xCBBCB000])[B0 46       ]0x00004152:	MOV	R8, R6	;(R6=0x62303430 )
(    libInnoSecure.so[0xCBBCB000])[02 EB 33 53 ]0x00004154:	ADD.W	R3, R2, R3, ROR #20	;(R2=0x01F79D30 R3=0xB69D10B8 )
(    libInnoSecure.so[0xCBBCB000])[CD F8 08 80 ]0x00004158:	STR.W	R8, [SP, #8]	;(R8=0x62303430 SP=0x100FFD18 )
(    libInnoSecure.so[0xCBBCB000])[21 EA 03 05 ]0x0000415C:	BIC.W	R5, R1, R3	;(R1=0x1814D438 R3=0xD3032899 )
(    libInnoSecure.so[0xCBBCB000])[03 EA 02 04 ]0x00004160:	AND.W	R4, R3, R2	;(R3=0xD3032899 R2=0x01F79D30 )
(    libInnoSecure.so[0xCBBCB000])[25 43       ]0x00004164:	ORRS	R5, R4	;(R5=0x0814D420 R4=0x01030810 )
(    libInnoSecure.so[0xCBBCB000])[19 9C       ]0x00004166:	LDR	R4, [SP, #0X64]	;(SP=0x100FFD18 )
(    libInnoSecure.so[0xCBBCB000])[28 44       ]0x00004168:	ADD	R0, R5	;(R0=0x09144CEF R5=0x0917DC30 )
(    libInnoSecure.so[0xCBBCB000])[44 F2 13 65 ]0x0000416A:	MOVW	R5, #0X4613
(    libInnoSecure.so[0xCBBCB000])[CA F6 30 05 ]0x0000416E:	MOVT	R5, #0XA830	;(R5=0x00004613 )
(    libInnoSecure.so[0xCBBCB000])[28 44       ]0x00004172:	ADD	R0, R5	;(R0=0x122C291F R5=0xA8304613 )
(    libInnoSecure.so[0xCBBCB000])[21 44       ]0x00004174:	ADD	R1, R4	;(R1=0x1814D438 R4=0x30336230 )
(    libInnoSecure.so[0xCBBCB000])[04 94       ]0x00004176:	STR	R4, [SP, #0X10]	;(R4=0x30336230 SP=0x100FFD18 )
(    libInnoSecure.so[0xCBBCB000])[03 EB F0 3E ]0x00004178:	ADD.W	LR, R3, R0, ROR #15	;(R3=0xD3032899 R0=0xBA5C6F32 )
(    libInnoSecure.so[0xCBBCB000])[22 EA 0E 00 ]0x0000417C:	BIC.W	R0, R2, LR	;(R2=0x01F79D30 LR=0xB1689D51 )
(    libInnoSecure.so[0xCBBCB000])[0E EA 03 05 ]0x00004180:	AND.W	R5, LR, R3	;(LR=0xB1689D51 R3=0xD3032899 )
(    libInnoSecure.so[0xCBBCB000])[28 43       ]0x00004184:	ORRS	R0, R5	;(R0=0x00970020 R5=0x91000811 )
(    libInnoSecure.so[0xCBBCB000])[06 EB 0E 05 ]0x00004186:	ADD.W	R5, R6, LR	;(R6=0x62303430 LR=0xB1689D51 )
(    libInnoSecure.so[0xCBBCB000])[08 44       ]0x0000418A:	ADD	R0, R1	;(R0=0x91970831 R1=0x48483668 )
(    libInnoSecure.so[0xCBBCB000])[49 F2 01 51 ]0x0000418C:	MOVW	R1, #0X9501
(    libInnoSecure.so[0xCBBCB000])[CF F6 46 51 ]0x00004190:	MOVT	R1, #0XFD46	;(R1=0x00009501 )
(    libInnoSecure.so[0xCBBCB000])[08 44       ]0x00004194:	ADD	R0, R1	;(R0=0xD9DF3E99 R1=0xFD469501 )
(    libInnoSecure.so[0xCBBCB000])[0E EB B0 21 ]0x00004196:	ADD.W	R1, LR, R0, ROR #10	;(LR=0xB1689D51 R0=0xD725D39A )
(    libInnoSecure.so[0xCBBCB000])[23 EA 01 00 ]0x0000419A:	BIC.W	R0, R3, R1	;(R3=0xD3032899 R1=0x981E66C5 )
(    libInnoSecure.so[0xCBBCB000])[01 EA 0E 04 ]0x0000419E:	AND.W	R4, R1, LR	;(R1=0x981E66C5 LR=0xB1689D51 )
(    libInnoSecure.so[0xCBBCB000])[20 43       ]0x000041A2:	ORRS	R0, R4	;(R0=0x43010818 R4=0x90080441 )
(    libInnoSecure.so[0xCBBCB000])[1A 9C       ]0x000041A4:	LDR	R4, [SP, #0X68]	;(SP=0x100FFD18 )
(    libInnoSecure.so[0xCBBCB000])[0A 94       ]0x000041A6:	STR	R4, [SP, #0X28]	;(R4=0x36303930 SP=0x100FFD18 )
(    libInnoSecure.so[0xCBBCB000])[22 44       ]0x000041A8:	ADD	R2, R4	;(R2=0x01F79D30 R4=0x36303930 )
(    libInnoSecure.so[0xCBBCB000])[10 44       ]0x000041AA:	ADD	R0, R2	;(R0=0xD3090C59 R2=0x3827D660 )
(    libInnoSecure.so[0xCBBCB000])[49 F6 D8 02 ]0x000041AC:	MOVW	R2, #0X98D8
(    libInnoSecure.so[0xCBBCB000])[C6 F6 80 12 ]0x000041B0:	MOVT	R2, #0X6980	;(R2=0x000098D8 )
(    libInnoSecure.so[0xCBBCB000])[10 44       ]0x000041B4:	ADD	R0, R2	;(R0=0x0B30E2B9 R2=0x698098D8 )
(    libInnoSecure.so[0xCBBCB000])[01 EB 70 60 ]0x000041B6:	ADD.W	R0, R1, R0, ROR #25	;(R1=0x981E66C5 R0=0x74B17B91 )
(    libInnoSecure.so[0xCBBCB000])[2E EA 00 02 ]0x000041BA:	BIC.W	R2, LR, R0	;(LR=0xB1689D51 R0=0xF0DC2F7F )
(    libInnoSecure.so[0xCBBCB000])[00 EA 01 04 ]0x000041BE:	AND.W	R4, R0, R1	;(R0=0xF0DC2F7F R1=0x981E66C5 )
(    libInnoSecure.so[0xCBBCB000])[22 43       ]0x000041C2:	ORRS	R2, R4	;(R2=0x01209000 R4=0x901C2645 )
(    libInnoSecure.so[0xCBBCB000])[1B 9C       ]0x000041C4:	LDR	R4, [SP, #0X6C]	;(SP=0x100FFD18 )
(    libInnoSecure.so[0xCBBCB000])[10 94       ]0x000041C6:	STR	R4, [SP, #0X40]	;(R4=0x35353330 SP=0x100FFD18 )
(    libInnoSecure.so[0xCBBCB000])[23 44       ]0x000041C8:	ADD	R3, R4	;(R3=0xD3032899 R4=0x35353330 )
(    libInnoSecure.so[0xCBBCB000])[1A 44       ]0x000041CA:	ADD	R2, R3	;(R2=0x913CB645 R3=0x08385BC9 )
(    libInnoSecure.so[0xCBBCB000])[4F F2 AF 73 ]0x000041CC:	MOVW	R3, #0XF7AF
(    libInnoSecure.so[0xCBBCB000])[C8 F6 44 33 ]0x000041D0:	MOVT	R3, #0X8B44	;(R3=0x0000F7AF )
(    libInnoSecure.so[0xCBBCB000])[1A 44       ]0x000041D4:	ADD	R2, R3	;(R2=0x9975120E R3=0x8B44F7AF )
(    libInnoSecure.so[0xCBBCB000])[00 EB 32 53 ]0x000041D6:	ADD.W	R3, R0, R2, ROR #20	;(R0=0xF0DC2F7F R2=0x24BA09BD )
(    libInnoSecure.so[0xCBBCB000])[21 EA 03 02 ]0x000041DA:	BIC.W	R2, R1, R3	;(R1=0x981E66C5 R3=0x917801CA )
(    libInnoSecure.so[0xCBBCB000])[03 EA 00 04 ]0x000041DE:	AND.W	R4, R3, R0	;(R3=0x917801CA R0=0xF0DC2F7F )
(    libInnoSecure.so[0xCBBCB000])[22 43       ]0x000041E2:	ORRS	R2, R4	;(R2=0x08066605 R4=0x9058014A )
(    libInnoSecure.so[0xCBBCB000])[49 44       ]0x000041E4:	ADD	R1, SB	;(R1=0x981E66C5 SB=0x32303331 )
(    libInnoSecure.so[0xCBBCB000])[2A 44       ]0x000041E6:	ADD	R2, R5	;(R2=0x985E674F R5=0x1398D181 )
(    libInnoSecure.so[0xCBBCB000])[4A F2 4F 45 ]0x000041E8:	MOVW	R5, #0XA44F
(    libInnoSecure.so[0xCBBCB000])[52 1B       ]0x000041EC:	SUBS	R2, R2, R5	;(R2=0xABF738D0 R5=0x0000A44F )
(    libInnoSecure.so[0xCBBCB000])[03 EB F2 3E ]0x000041EE:	ADD.W	LR, R3, R2, ROR #15	;(R3=0x917801CA R2=0xABF69481 )
(    libInnoSecure.so[0xCBBCB000])[20 EA 0E 02 ]0x000041F2:	BIC.W	R2, R0, LR	;(R0=0xF0DC2F7F LR=0xBA7B59B7 )
(    libInnoSecure.so[0xCBBCB000])[0E EA 03 05 ]0x000041F6:	AND.W	R5, LR, R3	;(LR=0xBA7B59B7 R3=0x917801CA )
(    libInnoSecure.so[0xCBBCB000])[2A 43       ]0x000041FA:	ORRS	R2, R5	;(R2=0x40842648 R5=0x90780182 )
(    libInnoSecure.so[0xCBBCB000])[11 44       ]0x000041FC:	ADD	R1, R2	;(R1=0xCA4E99F6 R2=0xD0FC27CA )
(    libInnoSecure.so[0xCBBCB000])[4D F2 BE 72 ]0x000041FE:	MOVW	R2, #0XD7BE
(    libInnoSecure.so[0xCBBCB000])[C8 F6 5C 12 ]0x00004202:	MOVT	R2, #0X895C	;(R2=0x0000D7BE )
(    libInnoSecure.so[0xCBBCB000])[11 44       ]0x00004206:	ADD	R1, R2	;(R1=0x9B4AC1C0 R2=0x895CD7BE )
(    libInnoSecure.so[0xCBBCB000])[0E EB B1 21 ]0x00004208:	ADD.W	R1, LR, R1, ROR #10	;(LR=0xBA7B59B7 R1=0x24A7997E )
(    libInnoSecure.so[0xCBBCB000])[23 EA 01 02 ]0x0000420C:	BIC.W	R2, R3, R1	;(R3=0x917801CA R1=0x1A04839D )
(    libInnoSecure.so[0xCBBCB000])[01 EA 0E 05 ]0x00004210:	AND.W	R5, R1, LR	;(R1=0x1A04839D LR=0xBA7B59B7 )
(    libInnoSecure.so[0xCBBCB000])[15 43       ]0x00004214:	ORRS	R5, R2	;(R5=0x1A000195 R2=0x81780042 )
(    libInnoSecure.so[0xCBBCB000])[1E 9A       ]0x00004216:	LDR	R2, [SP, #0X78]	;(SP=0x100FFD18 )
(    libInnoSecure.so[0xCBBCB000])[0D 92       ]0x00004218:	STR	R2, [SP, #0X34]	;(R2=0x65343334 SP=0x100FFD18 )
(    libInnoSecure.so[0xCBBCB000])[10 44       ]0x0000421A:	ADD	R0, R2	;(R0=0xF0DC2F7F R2=0x65343334 )
(    libInnoSecure.so[0xCBBCB000])[1F 9A       ]0x0000421C:	LDR	R2, [SP, #0X7C]	;(SP=0x100FFD18 )
(    libInnoSecure.so[0xCBBCB000])[28 44       ]0x0000421E:	ADD	R0, R5	;(R0=0x561062B3 R5=0x9B7801D7 )
(    libInnoSecure.so[0xCBBCB000])[41 F2 22 15 ]0x00004220:	MOVW	R5, #0X1122
(    libInnoSecure.so[0xCBBCB000])[C6 F6 90 35 ]0x00004224:	MOVT	R5, #0X6B90	;(R5=0x00001122 )
(    libInnoSecure.so[0xCBBCB000])[28 44       ]0x00004228:	ADD	R0, R5	;(R0=0xF188648A R5=0x6B901122 )
(    libInnoSecure.so[0xCBBCB000])[13 44       ]0x0000422A:	ADD	R3, R2	;(R3=0x917801CA R2=0x65303133 )
(    libInnoSecure.so[0xCBBCB000])[08 92       ]0x0000422C:	STR	R2, [SP, #0X20]	;(R2=0x65303133 SP=0x100FFD18 )
(    libInnoSecure.so[0xCBBCB000])[01 EB 70 60 ]0x0000422E:	ADD.W	R0, R1, R0, ROR #25	;(R1=0x1A04839D R0=0x5D1875AC )
(    libInnoSecure.so[0xCBBCB000])[20 9A       ]0x00004232:	LDR	R2, [SP, #0X80]	;(SP=0x100FFD18 )
(    libInnoSecure.so[0xCBBCB000])[2E EA 00 05 ]0x00004234:	BIC.W	R5, LR, R0	;(LR=0xBA7B59B7 R0=0xA63F59CB )
(    libInnoSecure.so[0xCBBCB000])[00 EA 01 06 ]0x00004238:	AND.W	R6, R0, R1	;(R0=0xA63F59CB R1=0x1A04839D )
(    libInnoSecure.so[0xCBBCB000])[2E 43       ]0x0000423C:	ORRS	R6, R5	;(R6=0x02040189 R5=0x18400034 )
(    libInnoSecure.so[0xCBBCB000])[02 EB 0E 05 ]0x0000423E:	ADD.W	R5, R2, LR	;(R2=0x63303033 LR=0xBA7B59B7 )
(    libInnoSecure.so[0xCBBCB000])[33 44       ]0x00004242:	ADD	R3, R6	;(R3=0xF6A832FD R6=0x1A4401BD )
(    libInnoSecure.so[0xCBBCB000])[47 F2 93 16 ]0x00004244:	MOVW	R6, #0X7193
(    libInnoSecure.so[0xCBBCB000])[CF F6 98 56 ]0x00004248:	MOVT	R6, #0XFD98	;(R6=0x00007193 )
(    libInnoSecure.so[0xCBBCB000])[33 44       ]0x0000424C:	ADD	R3, R6	;(R3=0x10EC34BA R6=0xFD987193 )
(    libInnoSecure.so[0xCBBCB000])[96 46       ]0x0000424E:	MOV	LR, R2	;(R2=0x63303033 )
(    libInnoSecure.so[0xCBBCB000])[21 9A       ]0x00004250:	LDR	R2, [SP, #0X84]	;(SP=0x100FFD18 )
(    libInnoSecure.so[0xCBBCB000])[00 EB 33 5A ]0x00004252:	ADD.W	SL, R0, R3, ROR #20	;(R0=0xA63F59CB R3=0x0E84A64D )
(    libInnoSecure.so[0xCBBCB000])[21 EA 0A 03 ]0x00004256:	BIC.W	R3, R1, SL	;(R1=0x1A04839D SL=0xF0A42AB3 )
(    libInnoSecure.so[0xCBBCB000])[0A EA 00 06 ]0x0000425A:	AND.W	R6, SL, R0	;(SL=0xF0A42AB3 R0=0xA63F59CB )
(    libInnoSecure.so[0xCBBCB000])[1E 43       ]0x0000425E:	ORRS	R6, R3	;(R6=0xA0240883 R3=0x0A00810C )
(    libInnoSecure.so[0xCBBCB000])[11 44       ]0x00004260:	ADD	R1, R2	;(R1=0x1A04839D R2=0x33303630 )
(    libInnoSecure.so[0xCBBCB000])[2E 44       ]0x00004262:	ADD	R6, R5	;(R6=0xAA24898F R5=0x1DAB89EA )
(    libInnoSecure.so[0xCBBCB000])[44 F2 8E 35 ]0x00004264:	MOVW	R5, #0X438E
(    libInnoSecure.so[0xCBBCB000])[CA F2 79 65 ]0x00004268:	MOVT	R5, #0XA679	;(R5=0x0000438E )
(    libInnoSecure.so[0xCBBCB000])[2E 44       ]0x0000426C:	ADD	R6, R5	;(R6=0xC7D01379 R5=0xA679438E )
(    libInnoSecure.so[0xCBBCB000])[13 46       ]0x0000426E:	MOV	R3, R2	;(R2=0x33303630 )
(    libInnoSecure.so[0xCBBCB000])[11 9A       ]0x00004270:	LDR	R2, [SP, #0X44]	;(SP=0x100FFD18 )
(    libInnoSecure.so[0xCBBCB000])[0A EB F6 3B ]0x00004272:	ADD.W	FP, SL, R6, ROR #15	;(SL=0xF0A42AB3 R6=0x6E495707 )
(    libInnoSecure.so[0xCBBCB000])[03 93       ]0x00004276:	STR	R3, [SP, #0XC]	;(R3=0x33303630 SP=0x100FFD18 )
(    libInnoSecure.so[0xCBBCB000])[20 EA 0B 06 ]0x00004278:	BIC.W	R6, R0, FP	;(R0=0xA63F59CB FP=0x9EB30745 )
(    libInnoSecure.so[0xCBBCB000])[0B EA 0A 05 ]0x0000427C:	AND.W	R5, FP, SL	;(FP=0x9EB30745 SL=0xF0A42AB3 )
(    libInnoSecure.so[0xCBBCB000])[35 43       ]0x00004280:	ORRS	R5, R6	;(R5=0x90A00201 R6=0x200C588A )
(    libInnoSecure.so[0xCBBCB000])[2B EA 0A 06 ]0x00004282:	BIC.W	R6, FP, SL	;(FP=0x9EB30745 SL=0xF0A42AB3 )
(    libInnoSecure.so[0xCBBCB000])[29 44       ]0x00004286:	ADD	R1, R5	;(R1=0x4D34B9CD R5=0xB0AC5A8B )
(    libInnoSecure.so[0xCBBCB000])[40 F6 21 05 ]0x00004288:	MOVW	R5, #0X821
(    libInnoSecure.so[0xCBBCB000])[C4 F6 B4 15 ]0x0000428C:	MOVT	R5, #0X49B4	;(R5=0x00000821 )
(    libInnoSecure.so[0xCBBCB000])[29 44       ]0x00004290:	ADD	R1, R5	;(R1=0xFDE11458 R5=0x49B40821 )
(    libInnoSecure.so[0xCBBCB000])[10 44       ]0x00004292:	ADD	R0, R2	;(R0=0xA63F59CB R2=0x39303033 )
(    libInnoSecure.so[0xCBBCB000])[0B EB B1 21 ]0x00004294:	ADD.W	R1, FP, R1, ROR #10	;(FP=0x9EB30745 R1=0x47951C79 )
(    libInnoSecure.so[0xCBBCB000])[01 EA 0A 05 ]0x00004298:	AND.W	R5, R1, SL	;(R1=0xBD04EC8C SL=0xF0A42AB3 )
(    libInnoSecure.so[0xCBBCB000])[35 43       ]0x0000429C:	ORRS	R5, R6	;(R5=0xB0042880 R6=0x0E130544 )
(    libInnoSecure.so[0xCBBCB000])[21 EA 0B 06 ]0x0000429E:	BIC.W	R6, R1, FP	;(R1=0xBD04EC8C FP=0x9EB30745 )
(    libInnoSecure.so[0xCBBCB000])[28 44       ]0x000042A2:	ADD	R0, R5	;(R0=0xDF6F89FE R5=0xBE172DC4 )
(    libInnoSecure.so[0xCBBCB000])[42 F2 62 55 ]0x000042A4:	MOVW	R5, #0X2562
(    libInnoSecure.so[0xCBBCB000])[CF F2 1E 65 ]0x000042A8:	MOVT	R5, #0XF61E	;(R5=0x00002562 )
(    libInnoSecure.so[0xCBBCB000])[28 44       ]0x000042AC:	ADD	R0, R5	;(R0=0x9D86B7C2 R5=0xF61E2562 )
(    libInnoSecure.so[0xCBBCB000])[01 EB F0 60 ]0x000042AE:	ADD.W	R0, R1, R0, ROR #27	;(R1=0xBD04EC8C R0=0x93A4DD24 )
(    libInnoSecure.so[0xCBBCB000])[00 EA 0B 05 ]0x000042B2:	AND.W	R5, R0, FP	;(R0=0x31A0911E FP=0x9EB30745 )
(    libInnoSecure.so[0xCBBCB000])[20 EA 01 04 ]0x000042B6:	BIC.W	R4, R0, R1	;(R0=0x31A0911E R1=0xBD04EC8C )
(    libInnoSecure.so[0xCBBCB000])[35 43       ]0x000042BA:	ORRS	R5, R6	;(R5=0x10A00104 R6=0x2104E888 )
(    libInnoSecure.so[0xCBBCB000])[0C EB 0A 06 ]0x000042BC:	ADD.W	R6, IP, SL	;(IP=0x31333834 SL=0xF0A42AB3 )
(    libInnoSecure.so[0xCBBCB000])[35 44       ]0x000042C0:	ADD	R5, R6	;(R5=0x31A4E98C R6=0x21D762E7 )
(    libInnoSecure.so[0xCBBCB000])[4B F2 40 36 ]0x000042C2:	MOVW	R6, #0XB340
(    libInnoSecure.so[0xCBBCB000])[CC F2 40 06 ]0x000042C6:	MOVT	R6, #0XC040	;(R6=0x0000B340 )
(    libInnoSecure.so[0xCBBCB000])[35 44       ]0x000042CA:	ADD	R5, R6	;(R5=0x537C4C73 R6=0xC040B340 )
(    libInnoSecure.so[0xCBBCB000])[CA 46       ]0x000042CC:	MOV	SL, SB	;(SB=0x32303331 )
(    libInnoSecure.so[0xCBBCB000])[DD F8 24 90 ]0x000042CE:	LDR.W	SB, [SP, #0X24]	;(SP=0x100FFD18 )
(    libInnoSecure.so[0xCBBCB000])[00 EB F5 55 ]0x000042D2:	ADD.W	R5, R0, R5, ROR #23	;(R0=0x31A0911E R5=0x13BCFFB3 )
(    libInnoSecure.so[0xCBBCB000])[F4 46       ]0x000042D6:	MOV	IP, LR	;(LR=0x63303033 )
(    libInnoSecure.so[0xCBBCB000])[05 EA 01 06 ]0x000042D8:	AND.W	R6, R5, R1	;(R5=0xAB9FF745 R1=0xBD04EC8C )
(    libInnoSecure.so[0xCBBCB000])[25 EA 00 02 ]0x000042DC:	BIC.W	R2, R5, R0	;(R5=0xAB9FF745 R0=0x31A0911E )
(    libInnoSecure.so[0xCBBCB000])[34 43       ]0x000042E0:	ORRS	R4, R6	;(R4=0x00A01112 R6=0xA904E404 )
(    libInnoSecure.so[0xCBBCB000])[0A EB 0B 06 ]0x000042E2:	ADD.W	R6, SL, FP	;(SL=0x32303331 FP=0x9EB30745 )
(    libInnoSecure.so[0xCBBCB000])[34 44       ]0x000042E6:	ADD	R4, R6	;(R4=0xA9A4F516 R6=0xD0E33A76 )
(    libInnoSecure.so[0xCBBCB000])[45 F6 51 26 ]0x000042E8:	MOVW	R6, #0X5A51
(    libInnoSecure.so[0xCBBCB000])[C2 F2 5E 66 ]0x000042EC:	MOVT	R6, #0X265E	;(R6=0x00005A51 )
(    libInnoSecure.so[0xCBBCB000])[34 44       ]0x000042F0:	ADD	R4, R6	;(R4=0x7A882F8C R6=0x265E5A51 )
(    libInnoSecure.so[0xCBBCB000])[DD F8 2C B0 ]0x000042F2:	LDR.W	FP, [SP, #0X2C]	;(SP=0x100FFD18 )
(    libInnoSecure.so[0xCBBCB000])[05 EB B4 44 ]0x000042F6:	ADD.W	R4, R5, R4, ROR #18	;(R5=0xAB9FF745 R4=0xA0E689DD )
(    libInnoSecure.so[0xCBBCB000])[DD F8 10 E0 ]0x000042FA:	LDR.W	LR, [SP, #0X10]	;(SP=0x100FFD18 )
(    libInnoSecure.so[0xCBBCB000])[04 EA 00 06 ]0x000042FE:	AND.W	R6, R4, R0	;(R4=0x4E175F7E R0=0x31A0911E )
(    libInnoSecure.so[0xCBBCB000])[48 44       ]0x00004302:	ADD	R0, SB	;(R0=0x31A0911E SB=0x61353230 )
(    libInnoSecure.so[0xCBBCB000])[32 43       ]0x00004304:	ORRS	R2, R6	;(R2=0x8A1F6641 R6=0x0000111E )
(    libInnoSecure.so[0xCBBCB000])[0E 9E       ]0x00004306:	LDR	R6, [SP, #0X38]	;(SP=0x100FFD18 )
(    libInnoSecure.so[0xCBBCB000])[CD F8 04 C0 ]0x00004308:	STR.W	IP, [SP, #4]	;(IP=0x63303033 SP=0x100FFD18 )
(    libInnoSecure.so[0xCBBCB000])[31 44       ]0x0000430C:	ADD	R1, R6	;(R1=0xBD04EC8C R6=0x62303133 )
(    libInnoSecure.so[0xCBBCB000])[24 EA 05 06 ]0x0000430E:	BIC.W	R6, R4, R5	;(R4=0x4E175F7E R5=0xAB9FF745 )
(    libInnoSecure.so[0xCBBCB000])[11 44       ]0x00004312:	ADD	R1, R2	;(R1=0x1F351DBF R2=0x8A1F775F )
(    libInnoSecure.so[0xCBBCB000])[4C F2 AA 72 ]0x00004314:	MOVW	R2, #0XC7AA
(    libInnoSecure.so[0xCBBCB000])[CE F6 B6 12 ]0x00004318:	MOVT	R2, #0XE9B6	;(R2=0x0000C7AA )
(    libInnoSecure.so[0xCBBCB000])[11 44       ]0x0000431C:	ADD	R1, R2	;(R1=0xA954951E R2=0xE9B6C7AA )
(    libInnoSecure.so[0xCBBCB000])[CD F8 14 A0 ]0x0000431E:	STR.W	SL, [SP, #0X14]	;(SL=0x32303331 SP=0x100FFD18 )
(    libInnoSecure.so[0xCBBCB000])[04 EB 31 31 ]0x00004322:	ADD.W	R1, R4, R1, ROR #12	;(R4=0x4E175F7E R1=0x930B5CC8 )
(    libInnoSecure.so[0xCBBCB000])[01 EA 05 02 ]0x00004326:	AND.W	R2, R1, R5	;(R1=0x1AA09033 R5=0xAB9FF745 )
(    libInnoSecure.so[0xCBBCB000])[45 44       ]0x0000432A:	ADD	R5, R8	;(R5=0xAB9FF745 R8=0x62303430 )
(    libInnoSecure.so[0xCBBCB000])[32 43       ]0x0000432C:	ORRS	R2, R6	;(R2=0x0A809001 R6=0x4400083A )
(    libInnoSecure.so[0xCBBCB000])[21 EA 04 06 ]0x0000432E:	BIC.W	R6, R1, R4	;(R1=0x1AA09033 R4=0x4E175F7E )
(    libInnoSecure.so[0xCBBCB000])[10 44       ]0x00004332:	ADD	R0, R2	;(R0=0x92D5C34E R2=0x4E80983B )
(    libInnoSecure.so[0xCBBCB000])[41 F2 5D 02 ]0x00004334:	MOVW	R2, #0X105D
(    libInnoSecure.so[0xCBBCB000])[CD F2 2F 62 ]0x00004338:	MOVT	R2, #0XD62F	;(R2=0x0000105D )
(    libInnoSecure.so[0xCBBCB000])[10 44       ]0x0000433C:	ADD	R0, R2	;(R0=0xE1565B89 R2=0xD62F105D )
(    libInnoSecure.so[0xCBBCB000])[DD F8 20 80 ]0x0000433E:	LDR.W	R8, [SP, #0X20]	;(SP=0x100FFD18 )
(    libInnoSecure.so[0xCBBCB000])[01 EB F0 60 ]0x00004342:	ADD.W	R0, R1, R0, ROR #27	;(R1=0x1AA09033 R0=0xB7856BE6 )
(    libInnoSecure.so[0xCBBCB000])[00 EA 04 02 ]0x00004346:	AND.W	R2, R0, R4	;(R0=0x0B4E0D09 R4=0x4E175F7E )
(    libInnoSecure.so[0xCBBCB000])[1C 44       ]0x0000434A:	ADD	R4, R3	;(R4=0x4E175F7E R3=0x33303630 )
(    libInnoSecure.so[0xCBBCB000])[32 43       ]0x0000434C:	ORRS	R2, R6	;(R2=0x0A060D08 R6=0x10A08001 )
(    libInnoSecure.so[0xCBBCB000])[20 EA 01 06 ]0x0000434E:	BIC.W	R6, R0, R1	;(R0=0x0B4E0D09 R1=0x1AA09033 )
(    libInnoSecure.so[0xCBBCB000])[2A 44       ]0x00004352:	ADD	R2, R5	;(R2=0x1AA68D09 R5=0x0DD02B75 )
(    libInnoSecure.so[0xCBBCB000])[41 F2 53 45 ]0x00004354:	MOVW	R5, #0X1453
(    libInnoSecure.so[0xCBBCB000])[C0 F2 44 25 ]0x00004358:	MOVT	R5, #0X244	;(R5=0x00001453 )
(    libInnoSecure.so[0xCBBCB000])[2A 44       ]0x0000435C:	ADD	R2, R5	;(R2=0x2876B87E R5=0x02441453 )
(    libInnoSecure.so[0xCBBCB000])[10 9B       ]0x0000435E:	LDR	R3, [SP, #0X40]	;(SP=0x100FFD18 )
(    libInnoSecure.so[0xCBBCB000])[00 EB F2 52 ]0x00004360:	ADD.W	R2, R0, R2, ROR #23	;(R0=0x0B4E0D09 R2=0x2ABACCD1 )
(    libInnoSecure.so[0xCBBCB000])[02 EA 01 05 ]0x00004364:	AND.W	R5, R2, R1	;(R2=0x80E7AF5E R1=0x1AA09033 )
(    libInnoSecure.so[0xCBBCB000])[59 44       ]0x00004368:	ADD	R1, FP	;(R1=0x1AA09033 FP=0x33316130 )
(    libInnoSecure.so[0xCBBCB000])[35 43       ]0x0000436A:	ORRS	R5, R6	;(R5=0x00A08012 R6=0x014E0D08 )
(    libInnoSecure.so[0xCBBCB000])[22 EA 00 06 ]0x0000436C:	BIC.W	R6, R2, R0	;(R2=0x80E7AF5E R0=0x0B4E0D09 )
(    libInnoSecure.so[0xCBBCB000])[2C 44       ]0x00004370:	ADD	R4, R5	;(R4=0x814795AE R5=0x01EE8D1A )
(    libInnoSecure.so[0xCBBCB000])[4E F2 81 65 ]0x00004372:	MOVW	R5, #0XE681
(    libInnoSecure.so[0xCBBCB000])[CD F6 A1 05 ]0x00004376:	MOVT	R5, #0XD8A1	;(R5=0x0000E681 )
(    libInnoSecure.so[0xCBBCB000])[2C 44       ]0x0000437A:	ADD	R4, R5	;(R4=0x833622C8 R5=0xD8A1E681 )
(    libInnoSecure.so[0xCBBCB000])[02 EB B4 44 ]0x0000437C:	ADD.W	R4, R2, R4, ROR #18	;(R2=0x80E7AF5E R4=0x5BD80949 )
(    libInnoSecure.so[0xCBBCB000])[04 EA 00 05 ]0x00004380:	AND.W	R5, R4, R0	;(R4=0x833A0654 R0=0x0B4E0D09 )
(    libInnoSecure.so[0xCBBCB000])[18 44       ]0x00004384:	ADD	R0, R3	;(R0=0x0B4E0D09 R3=0x35353330 )
(    libInnoSecure.so[0xCBBCB000])[35 43       ]0x00004386:	ORRS	R5, R6	;(R5=0x030A0400 R6=0x80A1A256 )
(    libInnoSecure.so[0xCBBCB000])[24 EA 02 06 ]0x00004388:	BIC.W	R6, R4, R2	;(R4=0x833A0654 R2=0x80E7AF5E )
(    libInnoSecure.so[0xCBBCB000])[29 44       ]0x0000438C:	ADD	R1, R5	;(R1=0x4DD1F163 R5=0x83ABA656 )
(    libInnoSecure.so[0xCBBCB000])[4F F6 C8 35 ]0x0000438E:	MOVW	R5, #0XFBC8
(    libInnoSecure.so[0xCBBCB000])[CE F2 D3 75 ]0x00004392:	MOVT	R5, #0XE7D3	;(R5=0x0000FBC8 )
(    libInnoSecure.so[0xCBBCB000])[29 44       ]0x00004396:	ADD	R1, R5	;(R1=0xD17D97B9 R5=0xE7D3FBC8 )
(    libInnoSecure.so[0xCBBCB000])[0F 9B       ]0x00004398:	LDR	R3, [SP, #0X3C]	;(SP=0x100FFD18 )
(    libInnoSecure.so[0xCBBCB000])[04 EB 31 31 ]0x0000439A:	ADD.W	R1, R4, R1, ROR #12	;(R4=0x833A0654 R1=0xB9519381 )
(    libInnoSecure.so[0xCBBCB000])[01 EA 02 05 ]0x0000439E:	AND.W	R5, R1, R2	;(R1=0xBB559B6D R2=0x80E7AF5E )
(    libInnoSecure.so[0xCBBCB000])[62 44       ]0x000043A2:	ADD	R2, IP	;(R2=0x80E7AF5E IP=0x63303033 )
(    libInnoSecure.so[0xCBBCB000])[35 43       ]0x000043A4:	ORRS	R5, R6	;(R5=0x80458B4C R6=0x03180000 )
(    libInnoSecure.so[0xCBBCB000])[21 EA 04 06 ]0x000043A6:	BIC.W	R6, R1, R4	;(R1=0xBB559B6D R4=0x833A0654 )
(    libInnoSecure.so[0xCBBCB000])[28 44       ]0x000043AA:	ADD	R0, R5	;(R0=0x40834039 R5=0x835D8B4C )
(    libInnoSecure.so[0xCBBCB000])[4C F6 E6 55 ]0x000043AC:	MOVW	R5, #0XCDE6
(    libInnoSecure.so[0xCBBCB000])[C2 F2 E1 15 ]0x000043B0:	MOVT	R5, #0X21E1	;(R5=0x0000CDE6 )
(    libInnoSecure.so[0xCBBCB000])[28 44       ]0x000043B4:	ADD	R0, R5	;(R0=0xC3E0CB85 R5=0x21E1CDE6 )
(    libInnoSecure.so[0xCBBCB000])[01 EB F0 60 ]0x000043B6:	ADD.W	R0, R1, R0, ROR #27	;(R1=0xBB559B6D R0=0xE5C2996B )
(    libInnoSecure.so[0xCBBCB000])[00 EA 04 05 ]0x000043BA:	AND.W	R5, R0, R4	;(R0=0x73A8C8E9 R4=0x833A0654 )
(    libInnoSecure.so[0xCBBCB000])[1C 44       ]0x000043BE:	ADD	R4, R3	;(R4=0x833A0654 R3=0x34303535 )
(    libInnoSecure.so[0xCBBCB000])[35 43       ]0x000043C0:	ORRS	R5, R6	;(R5=0x03280040 R6=0x38459929 )
(    libInnoSecure.so[0xCBBCB000])[20 EA 01 06 ]0x000043C2:	BIC.W	R6, R0, R1	;(R0=0x73A8C8E9 R1=0xBB559B6D )
(    libInnoSecure.so[0xCBBCB000])[2A 44       ]0x000043C6:	ADD	R2, R5	;(R2=0xE417DF91 R5=0x3B6D9969 )
(    libInnoSecure.so[0xCBBCB000])[40 F2 D6 75 ]0x000043C8:	MOVW	R5, #0X7D6
(    libInnoSecure.so[0xCBBCB000])[CC F2 37 35 ]0x000043CC:	MOVT	R5, #0XC337	;(R5=0x000007D6 )
(    libInnoSecure.so[0xCBBCB000])[2A 44       ]0x000043D0:	ADD	R2, R5	;(R2=0x1F8578FA R5=0xC33707D6 )
(    libInnoSecure.so[0xCBBCB000])[0A 9B       ]0x000043D2:	LDR	R3, [SP, #0X28]	;(SP=0x100FFD18 )
(    libInnoSecure.so[0xCBBCB000])[00 EB F2 52 ]0x000043D4:	ADD.W	R2, R0, R2, ROR #23	;(R0=0x73A8C8E9 R2=0xE2BC80D0 )
(    libInnoSecure.so[0xCBBCB000])[02 EA 01 05 ]0x000043D8:	AND.W	R5, R2, R1	;(R2=0xECAA6AAE R1=0xBB559B6D )
(    libInnoSecure.so[0xCBBCB000])[19 44       ]0x000043DC:	ADD	R1, R3	;(R1=0xBB559B6D R3=0x36303930 )
(    libInnoSecure.so[0xCBBCB000])[35 43       ]0x000043DE:	ORRS	R5, R6	;(R5=0xA8000A2C R6=0x40A84080 )
(    libInnoSecure.so[0xCBBCB000])[22 EA 00 06 ]0x000043E0:	BIC.W	R6, R2, R0	;(R2=0xECAA6AAE R0=0x73A8C8E9 )
(    libInnoSecure.so[0xCBBCB000])[2C 44       ]0x000043E4:	ADD	R4, R5	;(R4=0xB76A3B89 R5=0xE8A84AAC )
(    libInnoSecure.so[0xCBBCB000])[40 F6 87 55 ]0x000043E6:	MOVW	R5, #0XD87
(    libInnoSecure.so[0xCBBCB000])[CF F2 D5 45 ]0x000043EA:	MOVT	R5, #0XF4D5	;(R5=0x00000D87 )
(    libInnoSecure.so[0xCBBCB000])[2C 44       ]0x000043EE:	ADD	R4, R5	;(R4=0xA0128635 R5=0xF4D50D87 )
(    libInnoSecure.so[0xCBBCB000])[02 EB B4 44 ]0x000043F0:	ADD.W	R4, R2, R4, ROR #18	;(R2=0xECAA6AAE R4=0x94E793BC )
(    libInnoSecure.so[0xCBBCB000])[04 EA 00 05 ]0x000043F4:	AND.W	R5, R4, R0	;(R4=0xD1998FE7 R0=0x73A8C8E9 )
(    libInnoSecure.so[0xCBBCB000])[40 44       ]0x000043F8:	ADD	R0, R8	;(R0=0x73A8C8E9 R8=0x65303133 )
(    libInnoSecure.so[0xCBBCB000])[35 43       ]0x000043FA:	ORRS	R5, R6	;(R5=0x518888E1 R6=0x8C022206 )
(    libInnoSecure.so[0xCBBCB000])[24 EA 02 06 ]0x000043FC:	BIC.W	R6, R4, R2	;(R4=0xD1998FE7 R2=0xECAA6AAE )
(    libInnoSecure.so[0xCBBCB000])[29 44       ]0x00004400:	ADD	R1, R5	;(R1=0xF185D49D R5=0xDD8AAAE7 )
(    libInnoSecure.so[0xCBBCB000])[41 F2 ED 45 ]0x00004402:	MOVW	R5, #0X14ED
(    libInnoSecure.so[0xCBBCB000])[C4 F2 5A 55 ]0x00004406:	MOVT	R5, #0X455A	;(R5=0x000014ED )
(    libInnoSecure.so[0xCBBCB000])[29 44       ]0x0000440A:	ADD	R1, R5	;(R1=0xCF107F84 R5=0x455A14ED )
(    libInnoSecure.so[0xCBBCB000])[04 EB 31 31 ]0x0000440C:	ADD.W	R1, R4, R1, ROR #12	;(R4=0xD1998FE7 R1=0x146A9471 )
(    libInnoSecure.so[0xCBBCB000])[01 EA 02 05 ]0x00004410:	AND.W	R5, R1, R2	;(R1=0x18AAD690 R2=0xECAA6AAE )
(    libInnoSecure.so[0xCBBCB000])[35 43       ]0x00004414:	ORRS	R5, R6	;(R5=0x08AA4280 R6=0x11118541 )
(    libInnoSecure.so[0xCBBCB000])[21 EA 04 06 ]0x00004416:	BIC.W	R6, R1, R4	;(R1=0x18AAD690 R4=0xD1998FE7 )
(    libInnoSecure.so[0xCBBCB000])[28 44       ]0x0000441A:	ADD	R0, R5	;(R0=0xD8D8FA1C R5=0x19BBC7C1 )
(    libInnoSecure.so[0xCBBCB000])[4E F6 05 15 ]0x0000441C:	MOVW	R5, #0XE905
(    libInnoSecure.so[0xCBBCB000])[CA F6 E3 15 ]0x00004420:	MOVT	R5, #0XA9E3	;(R5=0x0000E905 )
(    libInnoSecure.so[0xCBBCB000])[28 44       ]0x00004424:	ADD	R0, R5	;(R0=0xF294C1DD R5=0xA9E3E905 )
(    libInnoSecure.so[0xCBBCB000])[01 EB F0 60 ]0x00004426:	ADD.W	R0, R1, R0, ROR #27	;(R1=0x18AAD690 R0=0x9C78AAE2 )
(    libInnoSecure.so[0xCBBCB000])[00 EA 04 05 ]0x0000442A:	AND.W	R5, R0, R4	;(R0=0xA7C032E3 R4=0xD1998FE7 )
(    libInnoSecure.so[0xCBBCB000])[74 44       ]0x0000442E:	ADD	R4, LR	;(R4=0xD1998FE7 LR=0x30336230 )
(    libInnoSecure.so[0xCBBCB000])[35 43       ]0x00004430:	ORRS	R5, R6	;(R5=0x818002E3 R6=0x08225010 )
(    libInnoSecure.so[0xCBBCB000])[0C 9E       ]0x00004432:	LDR	R6, [SP, #0X30]	;(SP=0x100FFD18 )
(    libInnoSecure.so[0xCBBCB000])[32 44       ]0x00004434:	ADD	R2, R6	;(R2=0xECAA6AAE R6=0x33303630 )
(    libInnoSecure.so[0xCBBCB000])[20 EA 01 06 ]0x00004436:	BIC.W	R6, R0, R1	;(R0=0xA7C032E3 R1=0x18AAD690 )
(    libInnoSecure.so[0xCBBCB000])[2A 44       ]0x0000443A:	ADD	R2, R5	;(R2=0x1FDAA0DE R5=0x89A252F3 )
(    libInnoSecure.so[0xCBBCB000])[4A F2 F8 35 ]0x0000443C:	MOVW	R5, #0XA3F8
(    libInnoSecure.so[0xCBBCB000])[CF F6 EF 45 ]0x00004440:	MOVT	R5, #0XFCEF	;(R5=0x0000A3F8 )
(    libInnoSecure.so[0xCBBCB000])[2A 44       ]0x00004444:	ADD	R2, R5	;(R2=0xA97CF3D1 R5=0xFCEFA3F8 )
(    libInnoSecure.so[0xCBBCB000])[00 EB F2 52 ]0x00004446:	ADD.W	R2, R0, R2, ROR #23	;(R0=0xA7C032E3 R2=0xA66C97C9 )
(    libInnoSecure.so[0xCBBCB000])[02 EA 01 05 ]0x0000444A:	AND.W	R5, R2, R1	;(R2=0x80EFC62F R1=0x18AAD690 )
(    libInnoSecure.so[0xCBBCB000])[35 43       ]0x0000444E:	ORRS	R5, R6	;(R5=0x00AAC600 R6=0xA7402063 )
(    libInnoSecure.so[0xCBBCB000])[22 EA 00 06 ]0x00004450:	BIC.W	R6, R2, R0	;(R2=0x80EFC62F R0=0xA7C032E3 )
(    libInnoSecure.so[0xCBBCB000])[2C 44       ]0x00004454:	ADD	R4, R5	;(R4=0x01CCF217 R5=0xA7EAE663 )
(    libInnoSecure.so[0xCBBCB000])[40 F2 D9 25 ]0x00004456:	MOVW	R5, #0X2D9
(    libInnoSecure.so[0xCBBCB000])[C6 F2 6F 75 ]0x0000445A:	MOVT	R5, #0X676F	;(R5=0x000002D9 )
(    libInnoSecure.so[0xCBBCB000])[2C 44       ]0x0000445E:	ADD	R4, R5	;(R4=0xA9B7D87A R5=0x676F02D9 )
(    libInnoSecure.so[0xCBBCB000])[02 EB B4 44 ]0x00004460:	ADD.W	R4, R2, R4, ROR #18	;(R2=0x80EFC62F R4=0x1126DB53 )
(    libInnoSecure.so[0xCBBCB000])[04 EA 00 05 ]0x00004464:	AND.W	R5, R4, R0	;(R4=0x37C48A78 R0=0xA7C032E3 )
(    libInnoSecure.so[0xCBBCB000])[48 44       ]0x00004468:	ADD	R0, SB	;(R0=0xA7C032E3 SB=0x61353230 )
(    libInnoSecure.so[0xCBBCB000])[35 43       ]0x0000446A:	ORRS	R5, R6	;(R5=0x27C00260 R6=0x002FC40C )
(    libInnoSecure.so[0xCBBCB000])[0D 9E       ]0x0000446C:	LDR	R6, [SP, #0X34]	;(SP=0x100FFD18 )
(    libInnoSecure.so[0xCBBCB000])[DD F8 18 90 ]0x0000446E:	LDR.W	SB, [SP, #0X18]	;(SP=0x100FFD18 )
(    libInnoSecure.so[0xCBBCB000])[31 44       ]0x00004472:	ADD	R1, R6	;(R1=0x18AAD690 R6=0x65343334 )
(    libInnoSecure.so[0xCBBCB000])[0E 9E       ]0x00004474:	LDR	R6, [SP, #0X38]	;(SP=0x100FFD18 )
(    libInnoSecure.so[0xCBBCB000])[29 44       ]0x00004476:	ADD	R1, R5	;(R1=0x7DDF09C4 R5=0x27EFC66C )
(    libInnoSecure.so[0xCBBCB000])[44 F6 8A 45 ]0x00004478:	MOVW	R5, #0X4C8A
(    libInnoSecure.so[0xCBBCB000])[C8 F6 2A 55 ]0x0000447C:	MOVT	R5, #0X8D2A	;(R5=0x00004C8A )
(    libInnoSecure.so[0xCBBCB000])[29 44       ]0x00004480:	ADD	R1, R5	;(R1=0xA5CED030 R5=0x8D2A4C8A )
(    libInnoSecure.so[0xCBBCB000])[84 EA 02 05 ]0x00004482:	EOR.W	R5, R4, R2	;(R4=0x37C48A78 R2=0x80EFC62F )
(    libInnoSecure.so[0xCBBCB000])[1A 44       ]0x00004486:	ADD	R2, R3	;(R2=0x80EFC62F R3=0x36303930 )
(    libInnoSecure.so[0xCBBCB000])[04 EB 31 31 ]0x00004488:	ADD.W	R1, R4, R1, ROR #12	;(R4=0x37C48A78 R1=0x32F91CBA )
(    libInnoSecure.so[0xCBBCB000])[11 9B       ]0x0000448C:	LDR	R3, [SP, #0X44]	;(SP=0x100FFD18 )
(    libInnoSecure.so[0xCBBCB000])[4D 40       ]0x0000448E:	EORS	R5, R1	;(R5=0xB72B4C57 R1=0x0367BA09 )
(    libInnoSecure.so[0xCBBCB000])[28 44       ]0x00004490:	ADD	R0, R5	;(R0=0x08F56513 R5=0xB44CF65E )
(    libInnoSecure.so[0xCBBCB000])[43 F6 42 15 ]0x00004492:	MOVW	R5, #0X3942
(    libInnoSecure.so[0xCBBCB000])[CF F6 FA 75 ]0x00004496:	MOVT	R5, #0XFFFA	;(R5=0x00003942 )
(    libInnoSecure.so[0xCBBCB000])[28 44       ]0x0000449A:	ADD	R0, R5	;(R0=0xBD425B71 R5=0xFFFA3942 )
(    libInnoSecure.so[0xCBBCB000])[81 EA 04 05 ]0x0000449C:	EOR.W	R5, R1, R4	;(R1=0x0367BA09 R4=0x37C48A78 )
(    libInnoSecure.so[0xCBBCB000])[54 44       ]0x000044A0:	ADD	R4, SL	;(R4=0x37C48A78 SL=0x32303331 )
(    libInnoSecure.so[0xCBBCB000])[01 EB 30 70 ]0x000044A2:	ADD.W	R0, R1, R0, ROR #28	;(R1=0x0367BA09 R0=0xBD3C94B3 )
(    libInnoSecure.so[0xCBBCB000])[DD F8 30 A0 ]0x000044A6:	LDR.W	SL, [SP, #0X30]	;(SP=0x100FFD18 )
(    libInnoSecure.so[0xCBBCB000])[45 40       ]0x000044AA:	EORS	R5, R0	;(R5=0x34A33071 R0=0xD7310544 )
(    libInnoSecure.so[0xCBBCB000])[2A 44       ]0x000044AC:	ADD	R2, R5	;(R2=0xB71FFF5F R5=0xE3923535 )
(    libInnoSecure.so[0xCBBCB000])[4F F2 81 65 ]0x000044AE:	MOVW	R5, #0XF681
(    libInnoSecure.so[0xCBBCB000])[C8 F2 71 75 ]0x000044B2:	MOVT	R5, #0X8771	;(R5=0x0000F681 )
(    libInnoSecure.so[0xCBBCB000])[2A 44       ]0x000044B6:	ADD	R2, R5	;(R2=0x9AB23494 R5=0x8771F681 )
(    libInnoSecure.so[0xCBBCB000])[80 EA 01 05 ]0x000044B8:	EOR.W	R5, R0, R1	;(R0=0xD7310544 R1=0x0367BA09 )
(    libInnoSecure.so[0xCBBCB000])[61 44       ]0x000044BC:	ADD	R1, IP	;(R1=0x0367BA09 IP=0x63303033 )
(    libInnoSecure.so[0xCBBCB000])[00 EB 72 52 ]0x000044BE:	ADD.W	R2, R0, R2, ROR #21	;(R0=0xD7310544 R2=0x22242B15 )
(    libInnoSecure.so[0xCBBCB000])[DD F8 3C C0 ]0x000044C2:	LDR.W	IP, [SP, #0X3C]	;(SP=0x100FFD18 )
(    libInnoSecure.so[0xCBBCB000])[55 40       ]0x000044C6:	EORS	R5, R2	;(R5=0xD456BF4D R2=0xF889AE55 )
(    libInnoSecure.so[0xCBBCB000])[2C 44       ]0x000044C8:	ADD	R4, R5	;(R4=0x69F4BDA9 R5=0x2CDF1118 )
(    libInnoSecure.so[0xCBBCB000])[46 F2 22 15 ]0x000044CA:	MOVW	R5, #0X6122
(    libInnoSecure.so[0xCBBCB000])[C6 F6 9D 55 ]0x000044CE:	MOVT	R5, #0X6D9D	;(R5=0x00006122 )
(    libInnoSecure.so[0xCBBCB000])[2C 44       ]0x000044D2:	ADD	R4, R5	;(R4=0x96D3CEC1 R5=0x6D9D6122 )
(    libInnoSecure.so[0xCBBCB000])[82 EA 00 05 ]0x000044D4:	EOR.W	R5, R2, R0	;(R2=0xF889AE55 R0=0xD7310544 )
(    libInnoSecure.so[0xCBBCB000])[18 44       ]0x000044D8:	ADD	R0, R3	;(R0=0xD7310544 R3=0x39303033 )
(    libInnoSecure.so[0xCBBCB000])[02 EB 34 44 ]0x000044DA:	ADD.W	R4, R2, R4, ROR #16	;(R2=0xF889AE55 R4=0x04712FE3 )
(    libInnoSecure.so[0xCBBCB000])[73 46       ]0x000044DE:	MOV	R3, LR	;(LR=0x30336230 )
(    libInnoSecure.so[0xCBBCB000])[65 40       ]0x000044E0:	EORS	R5, R4	;(R5=0x2FB8AB11 R4=0x286CB2C6 )
(    libInnoSecure.so[0xCBBCB000])[29 44       ]0x000044E2:	ADD	R1, R5	;(R1=0x6697EA3C R5=0x07D419D7 )
(    libInnoSecure.so[0xCBBCB000])[43 F6 0C 05 ]0x000044E4:	MOVW	R5, #0X380C
(    libInnoSecure.so[0xCBBCB000])[CF F6 E5 55 ]0x000044E8:	MOVT	R5, #0XFDE5	;(R5=0x0000380C )
(    libInnoSecure.so[0xCBBCB000])[29 44       ]0x000044EC:	ADD	R1, R5	;(R1=0x6E6C0413 R5=0xFDE5380C )
(    libInnoSecure.so[0xCBBCB000])[84 EA 02 05 ]0x000044EE:	EOR.W	R5, R4, R2	;(R4=0x286CB2C6 R2=0xF889AE55 )
(    libInnoSecure.so[0xCBBCB000])[5A 44       ]0x000044F2:	ADD	R2, FP	;(R2=0xF889AE55 FP=0x33316130 )
(    libInnoSecure.so[0xCBBCB000])[04 EB 71 21 ]0x000044F4:	ADD.W	R1, R4, R1, ROR #9	;(R4=0x286CB2C6 R1=0x6C513C1F )
(    libInnoSecure.so[0xCBBCB000])[DD F8 08 B0 ]0x000044F8:	LDR.W	FP, [SP, #8]	;(SP=0x100FFD18 )
(    libInnoSecure.so[0xCBBCB000])[4D 40       ]0x000044FC:	EORS	R5, R1	;(R5=0xD0E51C93 R1=0x3822DB64 )
(    libInnoSecure.so[0xCBBCB000])[28 44       ]0x000044FE:	ADD	R0, R5	;(R0=0x10613577 R5=0xE8C7C7F7 )
(    libInnoSecure.so[0xCBBCB000])[4E F6 44 25 ]0x00004500:	MOVW	R5, #0XEA44
(    libInnoSecure.so[0xCBBCB000])[CA F2 BE 45 ]0x00004504:	MOVT	R5, #0XA4BE	;(R5=0x0000EA44 )
(    libInnoSecure.so[0xCBBCB000])[28 44       ]0x00004508:	ADD	R0, R5	;(R0=0xF928FD6E R5=0xA4BEEA44 )
(    libInnoSecure.so[0xCBBCB000])[81 EA 04 05 ]0x0000450A:	EOR.W	R5, R1, R4	;(R1=0x3822DB64 R4=0x286CB2C6 )
(    libInnoSecure.so[0xCBBCB000])[1C 44       ]0x0000450E:	ADD	R4, R3	;(R4=0x286CB2C6 R3=0x30336230 )
(    libInnoSecure.so[0xCBBCB000])[01 EB 30 70 ]0x00004510:	ADD.W	R0, R1, R0, ROR #28	;(R1=0x3822DB64 R0=0x9DE7E7B2 )
(    libInnoSecure.so[0xCBBCB000])[45 40       ]0x00004514:	EORS	R5, R0	;(R5=0x104E69A2 R0=0x16A1568D )
(    libInnoSecure.so[0xCBBCB000])[2A 44       ]0x00004516:	ADD	R2, R5	;(R2=0x2BBB0F85 R5=0x06EF3F2F )
(    libInnoSecure.so[0xCBBCB000])[4C F6 A9 75 ]0x00004518:	MOVW	R5, #0XCFA9
(    libInnoSecure.so[0xCBBCB000])[C4 F6 DE 35 ]0x0000451C:	MOVT	R5, #0X4BDE	;(R5=0x0000CFA9 )
(    libInnoSecure.so[0xCBBCB000])[2A 44       ]0x00004520:	ADD	R2, R5	;(R2=0x32AA4EB4 R5=0x4BDECFA9 )
(    libInnoSecure.so[0xCBBCB000])[80 EA 01 05 ]0x00004522:	EOR.W	R5, R0, R1	;(R0=0x16A1568D R1=0x3822DB64 )
(    libInnoSecure.so[0xCBBCB000])[59 44       ]0x00004526:	ADD	R1, FP	;(R1=0x3822DB64 FP=0x62303430 )
(    libInnoSecure.so[0xCBBCB000])[00 EB 72 52 ]0x00004528:	ADD.W	R2, R0, R2, ROR #21	;(R0=0x16A1568D R2=0x7E891E5D )
(    libInnoSecure.so[0xCBBCB000])[55 40       ]0x0000452C:	EORS	R5, R2	;(R5=0x2E838DE9 R2=0x5F944281 )
(    libInnoSecure.so[0xCBBCB000])[2C 44       ]0x0000452E:	ADD	R4, R5	;(R4=0x58A014F6 R5=0x7117CF68 )
(    libInnoSecure.so[0xCBBCB000])[44 F6 60 35 ]0x00004530:	MOVW	R5, #0X4B60
(    libInnoSecure.so[0xCBBCB000])[CF F2 BB 65 ]0x00004534:	MOVT	R5, #0XF6BB	;(R5=0x00004B60 )
(    libInnoSecure.so[0xCBBCB000])[2C 44       ]0x00004538:	ADD	R4, R5	;(R4=0xC9B7E45E R5=0xF6BB4B60 )
(    libInnoSecure.so[0xCBBCB000])[82 EA 00 05 ]0x0000453A:	EOR.W	R5, R2, R0	;(R2=0x5F944281 R0=0x16A1568D )
(    libInnoSecure.so[0xCBBCB000])[40 44       ]0x0000453E:	ADD	R0, R8	;(R0=0x16A1568D R8=0x65303133 )
(    libInnoSecure.so[0xCBBCB000])[02 EB 34 44 ]0x00004540:	ADD.W	R4, R2, R4, ROR #16	;(R2=0x5F944281 R4=0xC0732FBE )
(    libInnoSecure.so[0xCBBCB000])[DD F8 34 80 ]0x00004544:	LDR.W	R8, [SP, #0X34]	;(SP=0x100FFD18 )
(    libInnoSecure.so[0xCBBCB000])[65 40       ]0x00004548:	EORS	R5, R4	;(R5=0x4935140C R4=0x8F5302F4 )
(    libInnoSecure.so[0xCBBCB000])[29 44       ]0x0000454A:	ADD	R1, R5	;(R1=0x9A530F94 R5=0xC66616F8 )
(    libInnoSecure.so[0xCBBCB000])[4B F6 70 45 ]0x0000454C:	MOVW	R5, #0XBC70
(    libInnoSecure.so[0xCBBCB000])[CB F6 BF 65 ]0x00004550:	MOVT	R5, #0XBEBF	;(R5=0x0000BC70 )
(    libInnoSecure.so[0xCBBCB000])[29 44       ]0x00004554:	ADD	R1, R5	;(R1=0x60B9268C R5=0xBEBFBC70 )
(    libInnoSecure.so[0xCBBCB000])[84 EA 02 05 ]0x00004556:	EOR.W	R5, R4, R2	;(R4=0x8F5302F4 R2=0x5F944281 )
(    libInnoSecure.so[0xCBBCB000])[32 44       ]0x0000455A:	ADD	R2, R6	;(R2=0x5F944281 R6=0x62303133 )
(    libInnoSecure.so[0xCBBCB000])[04 EB 71 21 ]0x0000455C:	ADD.W	R1, R4, R1, ROR #9	;(R4=0x8F5302F4 R1=0x1F78E2FC )
(    libInnoSecure.so[0xCBBCB000])[4D 40       ]0x00004560:	EORS	R5, R1	;(R5=0xD0C74075 R1=0x0D62BF65 )
(    libInnoSecure.so[0xCBBCB000])[28 44       ]0x00004562:	ADD	R0, R5	;(R0=0x7BD187C0 R5=0xDDA5FF10 )
(    libInnoSecure.so[0xCBBCB000])[47 F6 C6 65 ]0x00004564:	MOVW	R5, #0X7EC6
(    libInnoSecure.so[0xCBBCB000])[C2 F6 9B 05 ]0x00004568:	MOVT	R5, #0X289B	;(R5=0x00007EC6 )
(    libInnoSecure.so[0xCBBCB000])[28 44       ]0x0000456C:	ADD	R0, R5	;(R0=0x597786D0 R5=0x289B7EC6 )
(    libInnoSecure.so[0xCBBCB000])[81 EA 04 05 ]0x0000456E:	EOR.W	R5, R1, R4	;(R1=0x0D62BF65 R4=0x8F5302F4 )
(    libInnoSecure.so[0xCBBCB000])[64 44       ]0x00004572:	ADD	R4, IP	;(R4=0x8F5302F4 IP=0x34303535 )
(    libInnoSecure.so[0xCBBCB000])[01 EB 30 70 ]0x00004574:	ADD.W	R0, R1, R0, ROR #28	;(R1=0x0D62BF65 R0=0x82130596 )
(    libInnoSecure.so[0xCBBCB000])[45 40       ]0x00004578:	EORS	R5, R0	;(R5=0x8231BD91 R0=0x2E9318CD )
(    libInnoSecure.so[0xCBBCB000])[2A 44       ]0x0000457A:	ADD	R2, R5	;(R2=0xC1C473B4 R5=0xACA2A55C )
(    libInnoSecure.so[0xCBBCB000])[42 F2 FA 75 ]0x0000457C:	MOVW	R5, #0X27FA
(    libInnoSecure.so[0xCBBCB000])[CE F6 A1 25 ]0x00004580:	MOVT	R5, #0XEAA1	;(R5=0x000027FA )
(    libInnoSecure.so[0xCBBCB000])[2A 44       ]0x00004584:	ADD	R2, R5	;(R2=0x6E671910 R5=0xEAA127FA )
(    libInnoSecure.so[0xCBBCB000])[80 EA 01 05 ]0x00004586:	EOR.W	R5, R0, R1	;(R0=0x2E9318CD R1=0x0D62BF65 )
(    libInnoSecure.so[0xCBBCB000])[49 44       ]0x0000458A:	ADD	R1, SB	;(R1=0x0D62BF65 SB=0x31333834 )
(    libInnoSecure.so[0xCBBCB000])[00 EB 72 52 ]0x0000458C:	ADD.W	R2, R0, R2, ROR #21	;(R0=0x2E9318CD R2=0x5908410A )
(    libInnoSecure.so[0xCBBCB000])[55 40       ]0x00004590:	EORS	R5, R2	;(R5=0x23F1A7A8 R2=0x709B6B95 )
(    libInnoSecure.so[0xCBBCB000])[2C 44       ]0x00004592:	ADD	R4, R5	;(R4=0xC3833829 R5=0x536ACC3D )
(    libInnoSecure.so[0xCBBCB000])[43 F2 85 05 ]0x00004594:	MOVW	R5, #0X3085
(    libInnoSecure.so[0xCBBCB000])[CD F2 EF 45 ]0x00004598:	MOVT	R5, #0XD4EF	;(R5=0x00003085 )
(    libInnoSecure.so[0xCBBCB000])[2C 44       ]0x0000459C:	ADD	R4, R5	;(R4=0x16EE0466 R5=0xD4EF3085 )
(    libInnoSecure.so[0xCBBCB000])[82 EA 00 05 ]0x0000459E:	EOR.W	R5, R2, R0	;(R2=0x709B6B95 R0=0x2E9318CD )
(    libInnoSecure.so[0xCBBCB000])[02 EB 34 44 ]0x000045A2:	ADD.W	R4, R2, R4, ROR #16	;(R2=0x709B6B95 R4=0xEBDD34EB )
(    libInnoSecure.so[0xCBBCB000])[65 40       ]0x000045A6:	EORS	R5, R4	;(R5=0x5E087358 R4=0xA5875772 )
(    libInnoSecure.so[0xCBBCB000])[29 44       ]0x000045A8:	ADD	R1, R5	;(R1=0x3E95F799 R5=0xFB8F242A )
(    libInnoSecure.so[0xCBBCB000])[41 F6 05 55 ]0x000045AA:	MOVW	R5, #0X1D05
(    libInnoSecure.so[0xCBBCB000])[C0 F2 88 45 ]0x000045AE:	MOVT	R5, #0X488	;(R5=0x00001D05 )
(    libInnoSecure.so[0xCBBCB000])[29 44       ]0x000045B2:	ADD	R1, R5	;(R1=0x3A251BC3 R5=0x04881D05 )
(    libInnoSecure.so[0xCBBCB000])[84 EA 02 05 ]0x000045B4:	EOR.W	R5, R4, R2	;(R4=0xA5875772 R2=0x709B6B95 )
(    libInnoSecure.so[0xCBBCB000])[42 44       ]0x000045B8:	ADD	R2, R8	;(R2=0x709B6B95 R8=0x65343334 )
(    libInnoSecure.so[0xCBBCB000])[04 EB 71 21 ]0x000045BA:	ADD.W	R1, R4, R1, ROR #9	;(R4=0xA5875772 R1=0x3EAD38C8 )
(    libInnoSecure.so[0xCBBCB000])[85 EA 01 0E ]0x000045BE:	EOR.W	LR, R5, R1	;(R5=0xD51C3CE7 R1=0x09A6AE0E )
(    libInnoSecure.so[0xCBBCB000])[10 9D       ]0x000045C2:	LDR	R5, [SP, #0X40]	;(SP=0x100FFD18 )
(    libInnoSecure.so[0xCBBCB000])[28 44       ]0x000045C4:	ADD	R0, R5	;(R0=0x2E9318CD R5=0x35353330 )
(    libInnoSecure.so[0xCBBCB000])[4D F2 39 05 ]0x000045C6:	MOVW	R5, #0XD039
(    libInnoSecure.so[0xCBBCB000])[70 44       ]0x000045CA:	ADD	R0, LR	;(R0=0x63C84BFD LR=0xDCBA92E9 )
(    libInnoSecure.so[0xCBBCB000])[CD F6 D4 15 ]0x000045CC:	MOVT	R5, #0XD9D4	;(R5=0x0000D039 )
(    libInnoSecure.so[0xCBBCB000])[28 44       ]0x000045D0:	ADD	R0, R5	;(R0=0x4082DEE6 R5=0xD9D4D039 )
(    libInnoSecure.so[0xCBBCB000])[81 EA 04 05 ]0x000045D2:	EOR.W	R5, R1, R4	;(R1=0x09A6AE0E R4=0xA5875772 )
(    libInnoSecure.so[0xCBBCB000])[DD F8 0C E0 ]0x000045D6:	LDR.W	LR, [SP, #0XC]	;(SP=0x100FFD18 )
(    libInnoSecure.so[0xCBBCB000])[01 EB 30 70 ]0x000045DA:	ADD.W	R0, R1, R0, ROR #28	;(R1=0x09A6AE0E R0=0x1A57AF1F )
(    libInnoSecure.so[0xCBBCB000])[45 40       ]0x000045DE:	EORS	R5, R0	;(R5=0xAC21F97C R0=0xAF219FFF )
(    libInnoSecure.so[0xCBBCB000])[74 44       ]0x000045E0:	ADD	R4, LR	;(R4=0xA5875772 LR=0x33303630 )
(    libInnoSecure.so[0xCBBCB000])[2A 44       ]0x000045E2:	ADD	R2, R5	;(R2=0xD5CF9EC9 R5=0x03006683 )
(    libInnoSecure.so[0xCBBCB000])[49 F6 E5 15 ]0x000045E4:	MOVW	R5, #0X99E5
(    libInnoSecure.so[0xCBBCB000])[CE F2 DB 65 ]0x000045E8:	MOVT	R5, #0XE6DB	;(R5=0x000099E5 )
(    libInnoSecure.so[0xCBBCB000])[2A 44       ]0x000045EC:	ADD	R2, R5	;(R2=0xD8D0054C R5=0xE6DB99E5 )
(    libInnoSecure.so[0xCBBCB000])[80 EA 01 05 ]0x000045EE:	EOR.W	R5, R0, R1	;(R0=0xAF219FFF R1=0x09A6AE0E )
(    libInnoSecure.so[0xCBBCB000])[51 44       ]0x000045F2:	ADD	R1, SL	;(R1=0x09A6AE0E SL=0x33303630 )
(    libInnoSecure.so[0xCBBCB000])[00 EB 72 52 ]0x000045F4:	ADD.W	R2, R0, R2, ROR #21	;(R0=0xAF219FFF R2=0xBFAB9F31 )
(    libInnoSecure.so[0xCBBCB000])[55 40       ]0x000045F8:	EORS	R5, R2	;(R5=0xA68731F1 R2=0x0C1B2DFC )
(    libInnoSecure.so[0xCBBCB000])[2C 44       ]0x000045FA:	ADD	R4, R5	;(R4=0xD8B78DA2 R5=0xAA9C1C0D )
(    libInnoSecure.so[0xCBBCB000])[47 F6 F8 45 ]0x000045FC:	MOVW	R5, #0X7CF8
(    libInnoSecure.so[0xCBBCB000])[C1 F6 A2 75 ]0x00004600:	MOVT	R5, #0X1FA2	;(R5=0x00007CF8 )
(    libInnoSecure.so[0xCBBCB000])[2C 44       ]0x00004604:	ADD	R4, R5	;(R4=0x8353A9AF R5=0x1FA27CF8 )
(    libInnoSecure.so[0xCBBCB000])[82 EA 00 05 ]0x00004606:	EOR.W	R5, R2, R0	;(R2=0x0C1B2DFC R0=0xAF219FFF )
(    libInnoSecure.so[0xCBBCB000])[30 44       ]0x0000460A:	ADD	R0, R6	;(R0=0xAF219FFF R6=0x62303133 )
(    libInnoSecure.so[0xCBBCB000])[02 EB 34 44 ]0x0000460C:	ADD.W	R4, R2, R4, ROR #16	;(R2=0x0C1B2DFC R4=0xA2F626A7 )
(    libInnoSecure.so[0xCBBCB000])[45 F6 C3 16 ]0x00004610:	MOVW	R6, #0X59C3
(    libInnoSecure.so[0xCBBCB000])[65 40       ]0x00004614:	EORS	R5, R4	;(R5=0xA33AB203 R4=0x32C2D0F2 )
(    libInnoSecure.so[0xCBBCB000])[C6 F2 5B 56 ]0x00004616:	MOVT	R6, #0X655B	;(R6=0x000059C3 )
(    libInnoSecure.so[0xCBBCB000])[29 44       ]0x0000461A:	ADD	R1, R5	;(R1=0x3CD6E43E R5=0x91F862F1 )
(    libInnoSecure.so[0xCBBCB000])[45 F2 65 65 ]0x0000461C:	MOVW	R5, #0X5665
(    libInnoSecure.so[0xCBBCB000])[CC F2 AC 45 ]0x00004620:	MOVT	R5, #0XC4AC	;(R5=0x00005665 )
(    libInnoSecure.so[0xCBBCB000])[29 44       ]0x00004624:	ADD	R1, R5	;(R1=0xCECF472F R5=0xC4AC5665 )
(    libInnoSecure.so[0xCBBCB000])[04 EB 71 21 ]0x00004626:	ADD.W	R1, R4, R1, ROR #9	;(R4=0x32C2D0F2 R1=0x937B9D94 )
(    libInnoSecure.so[0xCBBCB000])[61 EA 02 05 ]0x0000462A:	ORN	R5, R1, R2	;(R1=0xFD0C8EC0 R2=0x0C1B2DFC )
(    libInnoSecure.so[0xCBBCB000])[1A 44       ]0x0000462E:	ADD	R2, R3	;(R2=0x0C1B2DFC R3=0x30336230 )
(    libInnoSecure.so[0xCBBCB000])[65 40       ]0x00004630:	EORS	R5, R4	;(R5=0xFFECDEC3 R4=0x32C2D0F2 )
(    libInnoSecure.so[0xCBBCB000])[01 9B       ]0x00004632:	LDR	R3, [SP, #4]	;(SP=0x100FFD18 )
(    libInnoSecure.so[0xCBBCB000])[28 44       ]0x00004634:	ADD	R0, R5	;(R0=0x1151D132 R5=0xCD2E0E31 )
(    libInnoSecure.so[0xCBBCB000])[42 F2 44 25 ]0x00004636:	MOVW	R5, #0X2244
(    libInnoSecure.so[0xCBBCB000])[CF F2 29 45 ]0x0000463A:	MOVT	R5, #0XF429	;(R5=0x00002244 )
(    libInnoSecure.so[0xCBBCB000])[28 44       ]0x0000463E:	ADD	R0, R5	;(R0=0xDE7FDF63 R5=0xF4292244 )
(    libInnoSecure.so[0xCBBCB000])[23 44       ]0x00004640:	ADD	R3, R4	;(R3=0x63303033 R4=0x32C2D0F2 )
(    libInnoSecure.so[0xCBBCB000])[01 EB B0 60 ]0x00004642:	ADD.W	R0, R1, R0, ROR #26	;(R1=0xFD0C8EC0 R0=0xD2A901A7 )
(    libInnoSecure.so[0xCBBCB000])[60 EA 04 05 ]0x00004646:	ORN	R5, R0, R4	;(R0=0xA74CF8B4 R4=0x32C2D0F2 )
(    libInnoSecure.so[0xCBBCB000])[42 F2 A7 34 ]0x0000464A:	MOVW	R4, #0X23A7
(    libInnoSecure.so[0xCBBCB000])[4D 40       ]0x0000464E:	EORS	R5, R1	;(R5=0xEF7DFFBD R1=0xFD0C8EC0 )
(    libInnoSecure.so[0xCBBCB000])[CA F6 94 34 ]0x00004650:	MOVT	R4, #0XAB94	;(R4=0x000023A7 )
(    libInnoSecure.so[0xCBBCB000])[2A 44       ]0x00004654:	ADD	R2, R5	;(R2=0x3C4E902C R5=0x1271717D )
(    libInnoSecure.so[0xCBBCB000])[4F F6 97 75 ]0x00004656:	MOVW	R5, #0XFF97
(    libInnoSecure.so[0xCBBCB000])[C4 F2 2A 35 ]0x0000465A:	MOVT	R5, #0X432A	;(R5=0x0000FF97 )
(    libInnoSecure.so[0xCBBCB000])[2A 44       ]0x0000465E:	ADD	R2, R5	;(R2=0x4EC001A9 R5=0x432AFF97 )
(    libInnoSecure.so[0xCBBCB000])[00 EB B2 52 ]0x00004660:	ADD.W	R2, R0, R2, ROR #22	;(R0=0xA74CF8B4 R2=0x91EB0140 )
(    libInnoSecure.so[0xCBBCB000])[62 EA 01 05 ]0x00004664:	ORN	R5, R2, R1	;(R2=0x5351FAFB R1=0xFD0C8EC0 )
(    libInnoSecure.so[0xCBBCB000])[45 40       ]0x00004668:	EORS	R5, R0	;(R5=0x53F3FBFF R0=0xA74CF8B4 )
(    libInnoSecure.so[0xCBBCB000])[2B 44       ]0x0000466A:	ADD	R3, R5	;(R3=0x95F30125 R5=0xF4BF034B )
(    libInnoSecure.so[0xCBBCB000])[09 9D       ]0x0000466C:	LDR	R5, [SP, #0X24]	;(SP=0x100FFD18 )
(    libInnoSecure.so[0xCBBCB000])[23 44       ]0x0000466E:	ADD	R3, R4	;(R3=0x8AB20470 R4=0xAB9423A7 )
(    libInnoSecure.so[0xCBBCB000])[29 44       ]0x00004670:	ADD	R1, R5	;(R1=0xFD0C8EC0 R5=0x61353230 )
(    libInnoSecure.so[0xCBBCB000])[11 9D       ]0x00004672:	LDR	R5, [SP, #0X44]	;(SP=0x100FFD18 )
(    libInnoSecure.so[0xCBBCB000])[02 EB 73 43 ]0x00004674:	ADD.W	R3, R2, R3, ROR #17	;(R2=0x5351FAFB R3=0x36462817 )
(    libInnoSecure.so[0xCBBCB000])[63 EA 00 04 ]0x00004678:	ORN	R4, R3, R0	;(R3=0x675D961E R0=0xA74CF8B4 )
(    libInnoSecure.so[0xCBBCB000])[40 44       ]0x0000467C:	ADD	R0, R8	;(R0=0xA74CF8B4 R8=0x65343334 )
(    libInnoSecure.so[0xCBBCB000])[54 40       ]0x0000467E:	EORS	R4, R2	;(R4=0x7FFF975F R2=0x5351FAFB )
(    libInnoSecure.so[0xCBBCB000])[21 44       ]0x00004680:	ADD	R1, R4	;(R1=0x5E41C0F0 R4=0x2CAE6DA4 )
(    libInnoSecure.so[0xCBBCB000])[4A F2 39 04 ]0x00004682:	MOVW	R4, #0XA039
(    libInnoSecure.so[0xCBBCB000])[CF F6 93 44 ]0x00004686:	MOVT	R4, #0XFC93	;(R4=0x0000A039 )
(    libInnoSecure.so[0xCBBCB000])[21 44       ]0x0000468A:	ADD	R1, R4	;(R1=0x8AF02E94 R4=0xFC93A039 )
(    libInnoSecure.so[0xCBBCB000])[03 EB F1 21 ]0x0000468C:	ADD.W	R1, R3, R1, ROR #11	;(R3=0x675D961E R1=0x8783CECD )
(    libInnoSecure.so[0xCBBCB000])[61 EA 02 04 ]0x00004690:	ORN	R4, R1, R2	;(R1=0x410E8697 R2=0x5351FAFB )
(    libInnoSecure.so[0xCBBCB000])[62 44       ]0x00004694:	ADD	R2, IP	;(R2=0x5351FAFB IP=0x34303535 )
(    libInnoSecure.so[0xCBBCB000])[5C 40       ]0x00004696:	EORS	R4, R3	;(R4=0xEDAE8797 R3=0x675D961E )
(    libInnoSecure.so[0xCBBCB000])[DD F8 1C C0 ]0x00004698:	LDR.W	IP, [SP, #0X1C]	;(SP=0x100FFD18 )
(    libInnoSecure.so[0xCBBCB000])[20 44       ]0x0000469C:	ADD	R0, R4	;(R0=0x0C812BE8 R4=0x8AF31189 )
(    libInnoSecure.so[0xCBBCB000])[30 44       ]0x0000469E:	ADD	R0, R6	;(R0=0x97743D71 R6=0x655B59C3 )
(    libInnoSecure.so[0xCBBCB000])[01 EB B0 60 ]0x000046A0:	ADD.W	R0, R1, R0, ROR #26	;(R1=0x410E8697 R0=0xFCCF9734 )
(    libInnoSecure.so[0xCBBCB000])[60 EA 03 06 ]0x000046A4:	ORN	R6, R0, R3	;(R0=0x74F453D6 R3=0x675D961E )
(    libInnoSecure.so[0xCBBCB000])[5B 44       ]0x000046A8:	ADD	R3, FP	;(R3=0x675D961E FP=0x62303430 )
(    libInnoSecure.so[0xCBBCB000])[4E 40       ]0x000046AA:	EORS	R6, R1	;(R6=0xFCF67BF7 R1=0x410E8697 )
(    libInnoSecure.so[0xCBBCB000])[32 44       ]0x000046AC:	ADD	R2, R6	;(R2=0x87823030 R6=0xBDF8FD60 )
(    libInnoSecure.so[0xCBBCB000])[4C F6 92 46 ]0x000046AE:	MOVW	R6, #0XCC92
(    libInnoSecure.so[0xCBBCB000])[C8 F6 0C 76 ]0x000046B2:	MOVT	R6, #0X8F0C	;(R6=0x0000CC92 )
(    libInnoSecure.so[0xCBBCB000])[32 44       ]0x000046B6:	ADD	R2, R6	;(R2=0x457B2D90 R6=0x8F0CCC92 )
(    libInnoSecure.so[0xCBBCB000])[00 EB B2 52 ]0x000046B8:	ADD.W	R2, R0, R2, ROR #22	;(R0=0x74F453D6 R2=0xD487FA22 )
(    libInnoSecure.so[0xCBBCB000])[62 EA 01 06 ]0x000046BC:	ORN	R6, R2, R1	;(R2=0x94DCDF28 R1=0x410E8697 )
(    libInnoSecure.so[0xCBBCB000])[29 44       ]0x000046C0:	ADD	R1, R5	;(R1=0x410E8697 R5=0x39303033 )
(    libInnoSecure.so[0xCBBCB000])[46 40       ]0x000046C2:	EORS	R6, R0	;(R6=0xBEFDFF68 R0=0x74F453D6 )
(    libInnoSecure.so[0xCBBCB000])[0A 9D       ]0x000046C4:	LDR	R5, [SP, #0X28]	;(SP=0x100FFD18 )
(    libInnoSecure.so[0xCBBCB000])[33 44       ]0x000046C6:	ADD	R3, R6	;(R3=0xC98DCA4E R6=0xCA09ACBE )
(    libInnoSecure.so[0xCBBCB000])[4F F2 7D 46 ]0x000046C8:	MOVW	R6, #0XF47D
(    libInnoSecure.so[0xCBBCB000])[CF F6 EF 76 ]0x000046CC:	MOVT	R6, #0XFFEF	;(R6=0x0000F47D )
(    libInnoSecure.so[0xCBBCB000])[33 44       ]0x000046D0:	ADD	R3, R6	;(R3=0x9397770C R6=0xFFEFF47D )
(    libInnoSecure.so[0xCBBCB000])[02 EB 73 43 ]0x000046D2:	ADD.W	R3, R2, R3, ROR #17	;(R2=0x94DCDF28 R3=0x93876B89 )
(    libInnoSecure.so[0xCBBCB000])[63 EA 00 06 ]0x000046D6:	ORN	R6, R3, R0	;(R3=0x4AA1A8EB R0=0x74F453D6 )
(    libInnoSecure.so[0xCBBCB000])[28 44       ]0x000046DA:	ADD	R0, R5	;(R0=0x74F453D6 R5=0x36303930 )
(    libInnoSecure.so[0xCBBCB000])[56 40       ]0x000046DC:	EORS	R6, R2	;(R6=0xCBABACEB R2=0x94DCDF28 )
(    libInnoSecure.so[0xCBBCB000])[08 9D       ]0x000046DE:	LDR	R5, [SP, #0X20]	;(SP=0x100FFD18 )
(    libInnoSecure.so[0xCBBCB000])[31 44       ]0x000046E0:	ADD	R1, R6	;(R1=0x7A3EB6CA R6=0x5F7773C3 )
(    libInnoSecure.so[0xCBBCB000])[45 F6 D1 56 ]0x000046E2:	MOVW	R6, #0X5DD1
(    libInnoSecure.so[0xCBBCB000])[C8 F2 84 56 ]0x000046E6:	MOVT	R6, #0X8584	;(R6=0x00005DD1 )
(    libInnoSecure.so[0xCBBCB000])[31 44       ]0x000046EA:	ADD	R1, R6	;(R1=0xD9B62A8D R6=0x85845DD1 )
(    libInnoSecure.so[0xCBBCB000])[03 EB F1 21 ]0x000046EC:	ADD.W	R1, R3, R1, ROR #11	;(R3=0x4AA1A8EB R1=0x5F3A885E )
(    libInnoSecure.so[0xCBBCB000])[61 EA 02 06 ]0x000046F0:	ORN	R6, R1, R2	;(R1=0x566D903C R2=0x94DCDF28 )
(    libInnoSecure.so[0xCBBCB000])[72 44       ]0x000046F4:	ADD	R2, LR	;(R2=0x94DCDF28 LR=0x33303630 )
(    libInnoSecure.so[0xCBBCB000])[5E 40       ]0x000046F6:	EORS	R6, R3	;(R6=0x7F6FB0FF R3=0x4AA1A8EB )
(    libInnoSecure.so[0xCBBCB000])[30 44       ]0x000046F8:	ADD	R0, R6	;(R0=0xAB248D06 R6=0x35CE1814 )
(    libInnoSecure.so[0xCBBCB000])[47 F6 4F 66 ]0x000046FA:	MOVW	R6, #0X7E4F
(    libInnoSecure.so[0xCBBCB000])[C6 F6 A8 76 ]0x000046FE:	MOVT	R6, #0X6FA8	;(R6=0x00007E4F )
(    libInnoSecure.so[0xCBBCB000])[30 44       ]0x00004702:	ADD	R0, R6	;(R0=0xE0F2A51A R6=0x6FA87E4F )
(    libInnoSecure.so[0xCBBCB000])[01 EB B0 66 ]0x00004704:	ADD.W	R6, R1, R0, ROR #26	;(R1=0x566D903C R0=0x509B2369 )
(    libInnoSecure.so[0xCBBCB000])[66 EA 03 00 ]0x00004708:	ORN	R0, R6, R3	;(R6=0x7D366A90 R3=0x4AA1A8EB )
(    libInnoSecure.so[0xCBBCB000])[4B 44       ]0x0000470C:	ADD	R3, SB	;(R3=0x4AA1A8EB SB=0x31333834 )
(    libInnoSecure.so[0xCBBCB000])[48 40       ]0x0000470E:	EORS	R0, R1	;(R0=0xFD7E7F94 R1=0x566D903C )
(    libInnoSecure.so[0xCBBCB000])[10 44       ]0x00004710:	ADD	R0, R2	;(R0=0xAB13EFA8 R2=0xC80D1558 )
(    libInnoSecure.so[0xCBBCB000])[4E F2 E0 62 ]0x00004712:	MOVW	R2, #0XE6E0
(    libInnoSecure.so[0xCBBCB000])[CF F6 2C 62 ]0x00004716:	MOVT	R2, #0XFE2C	;(R2=0x0000E6E0 )
(    libInnoSecure.so[0xCBBCB000])[10 44       ]0x0000471A:	ADD	R0, R2	;(R0=0x73210500 R2=0xFE2CE6E0 )
(    libInnoSecure.so[0xCBBCB000])[06 EB B0 52 ]0x0000471C:	ADD.W	R2, R6, R0, ROR #22	;(R6=0x7D366A90 R0=0x714DEBE0 )
(    libInnoSecure.so[0xCBBCB000])[62 EA 01 00 ]0x00004720:	ORN	R0, R2, R1	;(R2=0xB4E5EC55 R1=0x566D903C )
(    libInnoSecure.so[0xCBBCB000])[29 44       ]0x00004724:	ADD	R1, R5	;(R1=0x566D903C R5=0x65303133 )
(    libInnoSecure.so[0xCBBCB000])[70 40       ]0x00004726:	EORS	R0, R6	;(R0=0xBDF7EFD7 R6=0x7D366A90 )
(    libInnoSecure.so[0xCBBCB000])[0B 9D       ]0x00004728:	LDR	R5, [SP, #0X2C]	;(SP=0x100FFD18 )
(    libInnoSecure.so[0xCBBCB000])[18 44       ]0x0000472A:	ADD	R0, R3	;(R0=0xC0C18547 R3=0x7BD4E11F )
(    libInnoSecure.so[0xCBBCB000])[44 F2 14 33 ]0x0000472C:	MOVW	R3, #0X4314
(    libInnoSecure.so[0xCBBCB000])[CA F2 01 33 ]0x00004730:	MOVT	R3, #0XA301	;(R3=0x00004314 )
(    libInnoSecure.so[0xCBBCB000])[18 44       ]0x00004734:	ADD	R0, R3	;(R0=0x3C966666 R3=0xA3014314 )
(    libInnoSecure.so[0xCBBCB000])[02 EB 70 40 ]0x00004736:	ADD.W	R0, R2, R0, ROR #17	;(R2=0xB4E5EC55 R0=0xDF97A97A )
(    libInnoSecure.so[0xCBBCB000])[60 EA 06 03 ]0x0000473A:	ORN	R3, R0, R6	;(R0=0x89A35C20 R6=0x7D366A90 )
(    libInnoSecure.so[0xCBBCB000])[2E 44       ]0x0000473E:	ADD	R6, R5	;(R6=0x7D366A90 R5=0x33316130 )
(    libInnoSecure.so[0xCBBCB000])[53 40       ]0x00004740:	EORS	R3, R2	;(R3=0x8BEBDD6F R2=0xB4E5EC55 )
(    libInnoSecure.so[0xCBBCB000])[19 44       ]0x00004742:	ADD	R1, R3	;(R1=0xBB9DC16F R3=0x3F0E313A )
(    libInnoSecure.so[0xCBBCB000])[41 F2 A1 13 ]0x00004744:	MOVW	R3, #0X11A1
(    libInnoSecure.so[0xCBBCB000])[C4 F6 08 63 ]0x00004748:	MOVT	R3, #0X4E08	;(R3=0x000011A1 )
(    libInnoSecure.so[0xCBBCB000])[19 44       ]0x0000474C:	ADD	R1, R3	;(R1=0xFAABF2A9 R3=0x4E0811A1 )
(    libInnoSecure.so[0xCBBCB000])[00 EB F1 21 ]0x0000474E:	ADD.W	R1, R0, R1, ROR #11	;(R0=0x89A35C20 R1=0x48B4044A )
(    libInnoSecure.so[0xCBBCB000])[61 EA 02 03 ]0x00004752:	ORN	R3, R1, R2	;(R1=0x12EC72A0 R2=0xB4E5EC55 )
(    libInnoSecure.so[0xCBBCB000])[43 40       ]0x00004756:	EORS	R3, R0	;(R3=0x5BFE73AA R0=0x89A35C20 )
(    libInnoSecure.so[0xCBBCB000])[33 44       ]0x00004758:	ADD	R3, R6	;(R3=0xD25D2F8A R6=0xB067CBC0 )
(    libInnoSecure.so[0xCBBCB000])[47 F6 82 66 ]0x0000475A:	MOVW	R6, #0X7E82
(    libInnoSecure.so[0xCBBCB000])[CF F2 53 76 ]0x0000475E:	MOVT	R6, #0XF753	;(R6=0x00007E82 )
(    libInnoSecure.so[0xCBBCB000])[33 44       ]0x00004762:	ADD	R3, R6	;(R3=0x82C4FB4A R6=0xF7537E82 )
(    libInnoSecure.so[0xCBBCB000])[DC F8 00 60 ]0x00004764:	LDR.W	R6, [IP]	;(IP=0x100FFEF8 )
(    libInnoSecure.so[0xCBBCB000])[01 EB B3 63 ]0x00004768:	ADD.W	R3, R1, R3, ROR #26	;(R1=0x12EC72A0 R3=0x7A1879CC )
(    libInnoSecure.so[0xCBBCB000])[1E 44       ]0x0000476C:	ADD	R6, R3	;(R6=0x10C6FB36 R3=0x990AE5BE )
(    libInnoSecure.so[0xCBBCB000])[CC F8 00 60 ]0x0000476E:	STR.W	R6, [IP]	;(R6=0xA9D1E0F4 IP=0x100FFEF8 )
(    libInnoSecure.so[0xCBBCB000])[05 9D       ]0x00004772:	LDR	R5, [SP, #0X14]	;(SP=0x100FFD18 )
(    libInnoSecure.so[0xCBBCB000])[63 EA 00 06 ]0x00004774:	ORN	R6, R3, R0	;(R3=0x990AE5BE R0=0x89A35C20 )
(    libInnoSecure.so[0xCBBCB000])[4E 40       ]0x00004778:	EORS	R6, R1	;(R6=0xFF5EE7FF R1=0x12EC72A0 )
(    libInnoSecure.so[0xCBBCB000])[50 44       ]0x0000477A:	ADD	R0, SL	;(R0=0x89A35C20 SL=0x33303630 )
(    libInnoSecure.so[0xCBBCB000])[2A 44       ]0x0000477C:	ADD	R2, R5	;(R2=0xB4E5EC55 R5=0x32303331 )
(    libInnoSecure.so[0xCBBCB000])[32 44       ]0x0000477E:	ADD	R2, R6	;(R2=0xE7161F86 R6=0xEDB2955F )
(    libInnoSecure.so[0xCBBCB000])[4F F2 35 26 ]0x00004780:	MOVW	R6, #0XF235
(    libInnoSecure.so[0xCBBCB000])[CB F6 3A 56 ]0x00004784:	MOVT	R6, #0XBD3A	;(R6=0x0000F235 )
(    libInnoSecure.so[0xCBBCB000])[32 44       ]0x00004788:	ADD	R2, R6	;(R2=0xD4C8B4E5 R6=0xBD3AF235 )
(    libInnoSecure.so[0xCBBCB000])[DC E9 01 65 ]0x0000478A:	LDRD	R6, R5, [IP, #4]	;(IP=0x100FFEF8 )
(    libInnoSecure.so[0xCBBCB000])[DC F8 0C 40 ]0x0000478E:	LDR.W	R4, [IP, #0XC]	;(IP=0x100FFEF8 )
(    libInnoSecure.so[0xCBBCB000])[03 EB B2 52 ]0x00004792:	ADD.W	R2, R3, R2, ROR #22	;(R3=0x990AE5BE R2=0x9203A71A )
(    libInnoSecure.so[0xCBBCB000])[14 44       ]0x00004796:	ADD	R4, R2	;(R4=0xB91E3A7D R2=0xA7A75006 )
(    libInnoSecure.so[0xCBBCB000])[CC F8 0C 40 ]0x00004798:	STR.W	R4, [IP, #0XC]	;(R4=0x60C58A83 IP=0x100FFEF8 )
(    libInnoSecure.so[0xCBBCB000])[62 EA 01 04 ]0x0000479C:	ORN	R4, R2, R1	;(R2=0xA7A75006 R1=0x12EC72A0 )
(    libInnoSecure.so[0xCBBCB000])[5C 40       ]0x000047A0:	EORS	R4, R3	;(R4=0xEFB7DD5F R3=0x990AE5BE )
(    libInnoSecure.so[0xCBBCB000])[20 44       ]0x000047A2:	ADD	R0, R4	;(R0=0xBCD39250 R4=0x76BD38E1 )
(    libInnoSecure.so[0xCBBCB000])[4D F2 BB 24 ]0x000047A4:	MOVW	R4, #0XD2BB
(    libInnoSecure.so[0xCBBCB000])[C2 F6 D7 24 ]0x000047A8:	MOVT	R4, #0X2AD7	;(R4=0x0000D2BB )
(    libInnoSecure.so[0xCBBCB000])[20 44       ]0x000047AC:	ADD	R0, R4	;(R0=0x3390CB31 R4=0x2AD7D2BB )
(    libInnoSecure.so[0xCBBCB000])[02 EB 70 40 ]0x000047AE:	ADD.W	R0, R2, R0, ROR #17	;(R2=0xA7A75006 R0=0x5E689DEC )
(    libInnoSecure.so[0xCBBCB000])[05 44       ]0x000047B2:	ADD	R5, R0	;(R5=0x9FBC6408 R0=0xF69D7F3A )
(    libInnoSecure.so[0xCBBCB000])[60 EA 03 03 ]0x000047B4:	ORN	R3, R0, R3	;(R0=0xF69D7F3A R3=0x990AE5BE )
(    libInnoSecure.so[0xCBBCB000])[CC F8 08 50 ]0x000047B8:	STR.W	R5, [IP, #8]	;(R5=0x9659E342 IP=0x100FFEF8 )
(    libInnoSecure.so[0xCBBCB000])[5A 40       ]0x000047BC:	EORS	R2, R3	;(R2=0xA7A75006 R3=0xF6FD7F7B )
(    libInnoSecure.so[0xCBBCB000])[10 9B       ]0x000047BE:	LDR	R3, [SP, #0X40]	;(SP=0x100FFD18 )
(    libInnoSecure.so[0xCBBCB000])[30 44       ]0x000047C0:	ADD	R0, R6	;(R0=0xF69D7F3A R6=0xC134C7F6 )
(    libInnoSecure.so[0xCBBCB000])[19 44       ]0x000047C2:	ADD	R1, R3	;(R1=0x12EC72A0 R3=0x35353330 )
(    libInnoSecure.so[0xCBBCB000])[11 44       ]0x000047C4:	ADD	R1, R2	;(R1=0x4821A5D0 R2=0x515A2F7D )
(    libInnoSecure.so[0xCBBCB000])[4D F2 91 32 ]0x000047C6:	MOVW	R2, #0XD391
(    libInnoSecure.so[0xCBBCB000])[CE F6 86 32 ]0x000047CA:	MOVT	R2, #0XEB86	;(R2=0x0000D391 )
(    libInnoSecure.so[0xCBBCB000])[11 44       ]0x000047CE:	ADD	R1, R2	;(R1=0x997BD54D R2=0xEB86D391 )
(    libInnoSecure.so[0xCBBCB000])[00 EB F1 20 ]0x000047D0:	ADD.W	R0, R0, R1, ROR #11	;(R0=0xB7D24730 R1=0x8502A8DE )
(    libInnoSecure.so[0xCBBCB000])[CC F8 04 00 ]0x000047D4:	STR.W	R0, [IP, #4]	;(R0=0xD3A2E785 IP=0x100FFEF8 )
(    libInnoSecure.so[0xCBBCB000])[07 48       ]0x000047D8:	LDR	R0, [PC, #0X1C]	;(PC=0xCBBCF7D8 )
(    libInnoSecure.so[0xCBBCB000])[52 99       ]0x000047DA:	LDR	R1, [SP, #0X148]	;(SP=0x100FFD18 )
(    libInnoSecure.so[0xCBBCB000])[78 44       ]0x000047DC:	ADD	R0, PC	;(R0=0x000056C0 PC=0xCBBCF7DC )
(    libInnoSecure.so[0xCBBCB000])[00 68       ]0x000047DE:	LDR	R0, [R0]	;(R0=0xCBBD4EA0 )
(    libInnoSecure.so[0xCBBCB000])[00 68       ]0x000047E0:	LDR	R0, [R0]	;(R0=0xCBC29384 )
(    libInnoSecure.so[0xCBBCB000])[40 1A       ]0x000047E2:	SUBS	R0, R0, R1	;(R0=0x00000000 R1=0x00000000 )
(    libInnoSecure.so[0xCBBCB000])[02 BF       ]0x000047E4:	ITTT	EQ
(    libInnoSecure.so[0xCBBCB000])[53 B0       ]0x000047E6:	ADD	SP, #0X14C	;(SP=0x100FFD18 )
(    libInnoSecure.so[0xCBBCB000])[BD E8 00 0F ]0x000047E8:	POP.W	{R8, SB, SL, FP}	;(SP=0x100FFE64 )
(    libInnoSecure.so[0xCBBCB000])[F0 BD       ]0x000047EC:	POP	{R4, R5, R6, R7, PC}	;(SP=0x100FFE74 )
(    libInnoSecure.so[0xCBBCB000])[05 F1 80 00 ]0x0000402E:	ADD.W	R0, R5, #0X80	;(R5=0x00000180 )
(    libInnoSecure.so[0xCBBCB000])[40 35       ]0x00004032:	ADDS	R5, #0X40	;(R5=0x00000180 )
(    libInnoSecure.so[0xCBBCB000])[A0 42       ]0x00004034:	CMP	R0, R4	;(R0=0x00000200 R4=0x0000043E )
(    libInnoSecure.so[0xCBBCB000])[F5 D9       ]0x00004036:	BLS	#0XCBBCF024
(    libInnoSecure.so[0xCBBCB000])[09 EB 05 01 ]0x00004024:	ADD.W	R1, SB, R5	;(SB=0x30043020 R5=0x000001C0 )
(    libInnoSecure.so[0xCBBCB000])[30 46       ]0x00004028:	MOV	R0, R6	;(R6=0x100FFEF8 )
(    libInnoSecure.so[0xCBBCB000])[00 F0 11 F8 ]0x0000402A:	BL	#0XCBBCF050	;(PC=0xCBBCF02A )
(    libInnoSecure.so[0xCBBCB000])[F0 B5       ]0x00004050:	PUSH	{R4, R5, R6, R7, LR}	;(SP=0x100FFE88 R4=0x0000043E R5=0x000001C0 R6=0x100FFEF8 R7=0x100FFEA0 LR=0xCBBCF02F )
(    libInnoSecure.so[0xCBBCB000])[03 AF       ]0x00004052:	ADD	R7, SP, #0XC	;(SP=0x100FFE74 )
(    libInnoSecure.so[0xCBBCB000])[2D E9 00 0F ]0x00004054:	PUSH.W	{R8, SB, SL, FP}	;(SP=0x100FFE74 R8=0x100FFEF0 SB=0x30043020 SL=0x100FFF08 FP=0x00000007 )
(    libInnoSecure.so[0xCBBCB000])[D3 B0       ]0x00004058:	SUB	SP, #0X14C	;(SP=0x100FFE64 )
(    libInnoSecure.so[0xCBBCB000])[DF F8 98 27 ]0x0000405A:	LDR.W	R2, [PC, #0X798]	;(PC=0xCBBCF05A )
(    libInnoSecure.so[0xCBBCB000])[12 AC       ]0x0000405E:	ADD	R4, SP, #0X48	;(SP=0x100FFD18 )
(    libInnoSecure.so[0xCBBCB000])[00 25       ]0x00004060:	MOVS	R5, #0
(    libInnoSecure.so[0xCBBCB000])[7A 44       ]0x00004062:	ADD	R2, PC	;(R2=0x00005E3A PC=0xCBBCF062 )
(    libInnoSecure.so[0xCBBCB000])[12 68       ]0x00004064:	LDR	R2, [R2]	;(R2=0xCBBD4EA0 )
(    libInnoSecure.so[0xCBBCB000])[12 68       ]0x00004066:	LDR	R2, [R2]	;(R2=0xCBC29384 )
(    libInnoSecure.so[0xCBBCB000])[52 92       ]0x00004068:	STR	R2, [SP, #0X148]	;(R2=0x00000000 SP=0x100FFD18 )
(    libInnoSecure.so[0xCBBCB000])[D0 E9 00 C2 ]0x0000406A:	LDRD	IP, R2, [R0]	;(R0=0x100FFEF8 )
(    libInnoSecure.so[0xCBBCB000])[D0 F8 08 E0 ]0x0000406E:	LDR.W	LR, [R0, #8]	;(R0=0x100FFEF8 )
(    libInnoSecure.so[0xCBBCB000])[07 90       ]0x00004072:	STR	R0, [SP, #0X1C]	;(R0=0x100FFEF8 SP=0x100FFD18 )
(    libInnoSecure.so[0xCBBCB000])[C0 68       ]0x00004074:	LDR	R0, [R0, #0XC]	;(R0=0x100FFEF8 )
(    libInnoSecure.so[0xCBBCB000])[4E 59       ]0x00004076:	LDR	R6, [R1, R5]	;(R1=0x300431E0 R5=0x00000000 )
(    libInnoSecure.so[0xCBBCB000])[66 51       ]0x00004078:	STR	R6, [R4, R5]	;(R6=0x34303535 R4=0x100FFD60 R5=0x00000000 )
(    libInnoSecure.so[0xCBBCB000])[04 35       ]0x0000407A:	ADDS	R5, #4	;(R5=0x00000000 )
(    libInnoSecure.so[0xCBBCB000])[40 2D       ]0x0000407C:	CMP	R5, #0X40	;(R5=0x00000004 )
(    libInnoSecure.so[0xCBBCB000])[FA D1       ]0x0000407E:	BNE	#0XCBBCF076
(    libInnoSecure.so[0xCBBCB000])[4E 59       ]0x00004076:	LDR	R6, [R1, R5]	;(R1=0x300431E0 R5=0x00000004 )
(    libInnoSecure.so[0xCBBCB000])[66 51       ]0x00004078:	STR	R6, [R4, R5]	;(R6=0x33313330 R4=0x100FFD60 R5=0x00000004 )
(    libInnoSecure.so[0xCBBCB000])[04 35       ]0x0000407A:	ADDS	R5, #4	;(R5=0x00000004 )
(    libInnoSecure.so[0xCBBCB000])[40 2D       ]0x0000407C:	CMP	R5, #0X40	;(R5=0x00000008 )
(    libInnoSecure.so[0xCBBCB000])[FA D1       ]0x0000407E:	BNE	#0XCBBCF076
(    libInnoSecure.so[0xCBBCB000])[4E 59       ]0x00004076:	LDR	R6, [R1, R5]	;(R1=0x300431E0 R5=0x00000008 )
(    libInnoSecure.so[0xCBBCB000])[66 51       ]0x00004078:	STR	R6, [R4, R5]	;(R6=0x31353530 R4=0x100FFD60 R5=0x00000008 )
(    libInnoSecure.so[0xCBBCB000])[04 35       ]0x0000407A:	ADDS	R5, #4	;(R5=0x00000008 )
(    libInnoSecure.so[0xCBBCB000])[40 2D       ]0x0000407C:	CMP	R5, #0X40	;(R5=0x0000000C )
(    libInnoSecure.so[0xCBBCB000])[FA D1       ]0x0000407E:	BNE	#0XCBBCF076
(    libInnoSecure.so[0xCBBCB000])[4E 59       ]0x00004076:	LDR	R6, [R1, R5]	;(R1=0x300431E0 R5=0x0000000C )
(    libInnoSecure.so[0xCBBCB000])[66 51       ]0x00004078:	STR	R6, [R4, R5]	;(R6=0x62343537 R4=0x100FFD60 R5=0x0000000C )
(    libInnoSecure.so[0xCBBCB000])[04 35       ]0x0000407A:	ADDS	R5, #4	;(R5=0x0000000C )
(    libInnoSecure.so[0xCBBCB000])[40 2D       ]0x0000407C:	CMP	R5, #0X40	;(R5=0x00000010 )
(    libInnoSecure.so[0xCBBCB000])[FA D1       ]0x0000407E:	BNE	#0XCBBCF076
(    libInnoSecure.so[0xCBBCB000])[4E 59       ]0x00004076:	LDR	R6, [R1, R5]	;(R1=0x300431E0 R5=0x00000010 )
(    libInnoSecure.so[0xCBBCB000])[66 51       ]0x00004078:	STR	R6, [R4, R5]	;(R6=0x65363136 R4=0x100FFD60 R5=0x00000010 )
(    libInnoSecure.so[0xCBBCB000])[04 35       ]0x0000407A:	ADDS	R5, #4	;(R5=0x00000010 )
(    libInnoSecure.so[0xCBBCB000])[40 2D       ]0x0000407C:	CMP	R5, #0X40	;(R5=0x00000014 )
(    libInnoSecure.so[0xCBBCB000])[FA D1       ]0x0000407E:	BNE	#0XCBBCF076
(    libInnoSecure.so[0xCBBCB000])[4E 59       ]0x00004076:	LDR	R6, [R1, R5]	;(R1=0x300431E0 R5=0x00000014 )
(    libInnoSecure.so[0xCBBCB000])[66 51       ]0x00004078:	STR	R6, [R4, R5]	;(R6=0x31383033 R4=0x100FFD60 R5=0x00000014 )
(    libInnoSecure.so[0xCBBCB000])[04 35       ]0x0000407A:	ADDS	R5, #4	;(R5=0x00000014 )
(    libInnoSecure.so[0xCBBCB000])[40 2D       ]0x0000407C:	CMP	R5, #0X40	;(R5=0x00000018 )
(    libInnoSecure.so[0xCBBCB000])[FA D1       ]0x0000407E:	BNE	#0XCBBCF076
(    libInnoSecure.so[0xCBBCB000])[4E 59       ]0x00004076:	LDR	R6, [R1, R5]	;(R1=0x300431E0 R5=0x00000018 )
(    libInnoSecure.so[0xCBBCB000])[66 51       ]0x00004078:	STR	R6, [R4, R5]	;(R6=0x30336639 R4=0x100FFD60 R5=0x00000018 )
(    libInnoSecure.so[0xCBBCB000])[04 35       ]0x0000407A:	ADDS	R5, #4	;(R5=0x00000018 )
(    libInnoSecure.so[0xCBBCB000])[40 2D       ]0x0000407C:	CMP	R5, #0X40	;(R5=0x0000001C )
(    libInnoSecure.so[0xCBBCB000])[FA D1       ]0x0000407E:	BNE	#0XCBBCF076
(    libInnoSecure.so[0xCBBCB000])[4E 59       ]0x00004076:	LDR	R6, [R1, R5]	;(R1=0x300431E0 R5=0x0000001C )
(    libInnoSecure.so[0xCBBCB000])[66 51       ]0x00004078:	STR	R6, [R4, R5]	;(R6=0x36306430 R4=0x100FFD60 R5=0x0000001C )
(    libInnoSecure.so[0xCBBCB000])[04 35       ]0x0000407A:	ADDS	R5, #4	;(R5=0x0000001C )
(    libInnoSecure.so[0xCBBCB000])[40 2D       ]0x0000407C:	CMP	R5, #0X40	;(R5=0x00000020 )
(    libInnoSecure.so[0xCBBCB000])[FA D1       ]0x0000407E:	BNE	#0XCBBCF076
(    libInnoSecure.so[0xCBBCB000])[4E 59       ]0x00004076:	LDR	R6, [R1, R5]	;(R1=0x300431E0 R5=0x00000020 )
(    libInnoSecure.so[0xCBBCB000])[66 51       ]0x00004078:	STR	R6, [R4, R5]	;(R6=0x61323930 R4=0x100FFD60 R5=0x00000020 )
(    libInnoSecure.so[0xCBBCB000])[04 35       ]0x0000407A:	ADDS	R5, #4	;(R5=0x00000020 )
(    libInnoSecure.so[0xCBBCB000])[40 2D       ]0x0000407C:	CMP	R5, #0X40	;(R5=0x00000024 )
(    libInnoSecure.so[0xCBBCB000])[FA D1       ]0x0000407E:	BNE	#0XCBBCF076
(    libInnoSecure.so[0xCBBCB000])[4E 59       ]0x00004076:	LDR	R6, [R1, R5]	;(R1=0x300431E0 R5=0x00000024 )
(    libInnoSecure.so[0xCBBCB000])[66 51       ]0x00004078:	STR	R6, [R4, R5]	;(R6=0x38343638 R4=0x100FFD60 R5=0x00000024 )
(    libInnoSecure.so[0xCBBCB000])[04 35       ]0x0000407A:	ADDS	R5, #4	;(R5=0x00000024 )
(    libInnoSecure.so[0xCBBCB000])[40 2D       ]0x0000407C:	CMP	R5, #0X40	;(R5=0x00000028 )
(    libInnoSecure.so[0xCBBCB000])[FA D1       ]0x0000407E:	BNE	#0XCBBCF076
(    libInnoSecure.so[0xCBBCB000])[4E 59       ]0x00004076:	LDR	R6, [R1, R5]	;(R1=0x300431E0 R5=0x00000028 )
(    libInnoSecure.so[0xCBBCB000])[66 51       ]0x00004078:	STR	R6, [R4, R5]	;(R6=0x37663638 R4=0x100FFD60 R5=0x00000028 )
(    libInnoSecure.so[0xCBBCB000])[04 35       ]0x0000407A:	ADDS	R5, #4	;(R5=0x00000028 )
(    libInnoSecure.so[0xCBBCB000])[40 2D       ]0x0000407C:	CMP	R5, #0X40	;(R5=0x0000002C )
(    libInnoSecure.so[0xCBBCB000])[FA D1       ]0x0000407E:	BNE	#0XCBBCF076
(    libInnoSecure.so[0xCBBCB000])[4E 59       ]0x00004076:	LDR	R6, [R1, R5]	;(R1=0x300431E0 R5=0x0000002C )
(    libInnoSecure.so[0xCBBCB000])[66 51       ]0x00004078:	STR	R6, [R4, R5]	;(R6=0x31306430 R4=0x100FFD60 R5=0x0000002C )
(    libInnoSecure.so[0xCBBCB000])[04 35       ]0x0000407A:	ADDS	R5, #4	;(R5=0x0000002C )
(    libInnoSecure.so[0xCBBCB000])[40 2D       ]0x0000407C:	CMP	R5, #0X40	;(R5=0x00000030 )
(    libInnoSecure.so[0xCBBCB000])[FA D1       ]0x0000407E:	BNE	#0XCBBCF076
(    libInnoSecure.so[0xCBBCB000])[4E 59       ]0x00004076:	LDR	R6, [R1, R5]	;(R1=0x300431E0 R5=0x00000030 )
(    libInnoSecure.so[0xCBBCB000])[66 51       ]0x00004078:	STR	R6, [R4, R5]	;(R6=0x31303130 R4=0x100FFD60 R5=0x00000030 )
(    libInnoSecure.so[0xCBBCB000])[04 35       ]0x0000407A:	ADDS	R5, #4	;(R5=0x00000030 )
(    libInnoSecure.so[0xCBBCB000])[40 2D       ]0x0000407C:	CMP	R5, #0X40	;(R5=0x00000034 )
(    libInnoSecure.so[0xCBBCB000])[FA D1       ]0x0000407E:	BNE	#0XCBBCF076
(    libInnoSecure.so[0xCBBCB000])[4E 59       ]0x00004076:	LDR	R6, [R1, R5]	;(R1=0x300431E0 R5=0x00000034 )
(    libInnoSecure.so[0xCBBCB000])[66 51       ]0x00004078:	STR	R6, [R4, R5]	;(R6=0x30303530 R4=0x100FFD60 R5=0x00000034 )
(    libInnoSecure.so[0xCBBCB000])[04 35       ]0x0000407A:	ADDS	R5, #4	;(R5=0x00000034 )
(    libInnoSecure.so[0xCBBCB000])[40 2D       ]0x0000407C:	CMP	R5, #0X40	;(R5=0x00000038 )
(    libInnoSecure.so[0xCBBCB000])[FA D1       ]0x0000407E:	BNE	#0XCBBCF076
(    libInnoSecure.so[0xCBBCB000])[4E 59       ]0x00004076:	LDR	R6, [R1, R5]	;(R1=0x300431E0 R5=0x00000038 )
(    libInnoSecure.so[0xCBBCB000])[66 51       ]0x00004078:	STR	R6, [R4, R5]	;(R6=0x31383330 R4=0x100FFD60 R5=0x00000038 )
(    libInnoSecure.so[0xCBBCB000])[04 35       ]0x0000407A:	ADDS	R5, #4	;(R5=0x00000038 )
(    libInnoSecure.so[0xCBBCB000])[40 2D       ]0x0000407C:	CMP	R5, #0X40	;(R5=0x0000003C )
(    libInnoSecure.so[0xCBBCB000])[FA D1       ]0x0000407E:	BNE	#0XCBBCF076
(    libInnoSecure.so[0xCBBCB000])[4E 59       ]0x00004076:	LDR	R6, [R1, R5]	;(R1=0x300431E0 R5=0x0000003C )
(    libInnoSecure.so[0xCBBCB000])[66 51       ]0x00004078:	STR	R6, [R4, R5]	;(R6=0x30306438 R4=0x100FFD60 R5=0x0000003C )
(    libInnoSecure.so[0xCBBCB000])[04 35       ]0x0000407A:	ADDS	R5, #4	;(R5=0x0000003C )
(    libInnoSecure.so[0xCBBCB000])[40 2D       ]0x0000407C:	CMP	R5, #0X40	;(R5=0x00000040 )
(    libInnoSecure.so[0xCBBCB000])[FA D1       ]0x0000407E:	BNE	#0XCBBCF076
(    libInnoSecure.so[0xCBBCB000])[0E EA 02 01 ]0x00004080:	AND.W	R1, LR, R2	;(LR=0x9659E342 R2=0xD3A2E785 )
(    libInnoSecure.so[0xCBBCB000])[20 EA 02 06 ]0x00004084:	BIC.W	R6, R0, R2	;(R0=0x60C58A83 R2=0xD3A2E785 )
(    libInnoSecure.so[0xCBBCB000])[31 43       ]0x00004088:	ORRS	R1, R6	;(R1=0x9200E300 R6=0x20450802 )
(    libInnoSecure.so[0xCBBCB000])[12 9D       ]0x0000408A:	LDR	R5, [SP, #0X48]	;(SP=0x100FFD18 )
(    libInnoSecure.so[0xCBBCB000])[61 44       ]0x0000408C:	ADD	R1, IP	;(R1=0xB245EB02 IP=0xA9D1E0F4 )
(    libInnoSecure.so[0xCBBCB000])[4A F2 78 46 ]0x0000408E:	MOVW	R6, #0XA478
(    libInnoSecure.so[0xCBBCB000])[29 44       ]0x00004092:	ADD	R1, R5	;(R1=0x5C17CBF6 R5=0x34303535 )
(    libInnoSecure.so[0xCBBCB000])[CD F2 6A 76 ]0x00004094:	MOVT	R6, #0XD76A	;(R6=0x0000A478 )
(    libInnoSecure.so[0xCBBCB000])[31 44       ]0x00004098:	ADD	R1, R6	;(R1=0x9048012B R6=0xD76AA478 )
(    libInnoSecure.so[0xCBBCB000])[13 9B       ]0x0000409A:	LDR	R3, [SP, #0X4C]	;(SP=0x100FFD18 )
(    libInnoSecure.so[0xCBBCB000])[0E 95       ]0x0000409C:	STR	R5, [SP, #0X38]	;(R5=0x34303535 SP=0x100FFD18 )
(    libInnoSecure.so[0xCBBCB000])[02 EB 71 66 ]0x0000409E:	ADD.W	R6, R2, R1, ROR #25	;(R2=0xD3A2E785 R1=0x67B2A5A3 )
(    libInnoSecure.so[0xCBBCB000])[18 44       ]0x000040A2:	ADD	R0, R3	;(R0=0x60C58A83 R3=0x33313330 )
(    libInnoSecure.so[0xCBBCB000])[2E EA 06 01 ]0x000040A4:	BIC.W	R1, LR, R6	;(LR=0x9659E342 R6=0xACF5B938 )
(    libInnoSecure.so[0xCBBCB000])[06 EA 02 05 ]0x000040A8:	AND.W	R5, R6, R2	;(R6=0xACF5B938 R2=0xD3A2E785 )
(    libInnoSecure.so[0xCBBCB000])[29 43       ]0x000040AC:	ORRS	R1, R5	;(R1=0x12084242 R5=0x80A0A100 )
(    libInnoSecure.so[0xCBBCB000])[14 9C       ]0x000040AE:	LDR	R4, [SP, #0X50]	;(SP=0x100FFD18 )
(    libInnoSecure.so[0xCBBCB000])[08 44       ]0x000040B0:	ADD	R0, R1	;(R0=0x93F6BDB3 R1=0x92A8E342 )
(    libInnoSecure.so[0xCBBCB000])[4B F2 56 71 ]0x000040B2:	MOVW	R1, #0XB756
(    libInnoSecure.so[0xCBBCB000])[CE F6 C7 01 ]0x000040B6:	MOVT	R1, #0XE8C7	;(R1=0x0000B756 )
(    libInnoSecure.so[0xCBBCB000])[08 44       ]0x000040BA:	ADD	R0, R1	;(R0=0x269FA0F5 R1=0xE8C7B756 )
(    libInnoSecure.so[0xCBBCB000])[DD F8 54 C0 ]0x000040BC:	LDR.W	IP, [SP, #0X54]	;(SP=0x100FFD18 )
(    libInnoSecure.so[0xCBBCB000])[06 EB 30 55 ]0x000040C0:	ADD.W	R5, R6, R0, ROR #20	;(R6=0xACF5B938 R0=0x0F67584B )
(    libInnoSecure.so[0xCBBCB000])[11 93       ]0x000040C4:	STR	R3, [SP, #0X44]	;(R3=0x33313330 SP=0x100FFD18 )
(    libInnoSecure.so[0xCBBCB000])[22 EA 05 00 ]0x000040C6:	BIC.W	R0, R2, R5	;(R2=0xD3A2E785 R5=0x227A6A2E )
(    libInnoSecure.so[0xCBBCB000])[05 EA 06 01 ]0x000040CA:	AND.W	R1, R5, R6	;(R5=0x227A6A2E R6=0xACF5B938 )
(    libInnoSecure.so[0xCBBCB000])[08 43       ]0x000040CE:	ORRS	R0, R1	;(R0=0xD1808581 R1=0x20702828 )
(    libInnoSecure.so[0xCBBCB000])[0E EB 04 01 ]0x000040D0:	ADD.W	R1, LR, R4	;(LR=0x9659E342 R4=0x31353530 )
(    libInnoSecure.so[0xCBBCB000])[08 44       ]0x000040D4:	ADD	R0, R1	;(R0=0xF1F0ADA9 R1=0xC78F1872 )
(    libInnoSecure.so[0xCBBCB000])[47 F2 DB 01 ]0x000040D6:	MOVW	R1, #0X70DB
(    libInnoSecure.so[0xCBBCB000])[C2 F2 20 41 ]0x000040DA:	MOVT	R1, #0X2420	;(R1=0x000070DB )
(    libInnoSecure.so[0xCBBCB000])[08 44       ]0x000040DE:	ADD	R0, R1	;(R0=0xB97FC61B R1=0x242070DB )
(    libInnoSecure.so[0xCBBCB000])[62 44       ]0x000040E0:	ADD	R2, IP	;(R2=0xD3A2E785 IP=0x62343537 )
(    libInnoSecure.so[0xCBBCB000])[CD F8 3C C0 ]0x000040E2:	STR.W	IP, [SP, #0X3C]	;(IP=0x62343537 SP=0x100FFD18 )
(    libInnoSecure.so[0xCBBCB000])[05 EB F0 30 ]0x000040E6:	ADD.W	R0, R5, R0, ROR #15	;(R5=0x227A6A2E R0=0xDDA036F6 )
(    libInnoSecure.so[0xCBBCB000])[DD F8 60 C0 ]0x000040EA:	LDR.W	IP, [SP, #0X60]	;(SP=0x100FFD18 )
(    libInnoSecure.so[0xCBBCB000])[26 EA 00 01 ]0x000040EE:	BIC.W	R1, R6, R0	;(R6=0xACF5B938 R0=0x9068256E )
(    libInnoSecure.so[0xCBBCB000])[00 EA 05 03 ]0x000040F2:	AND.W	R3, R0, R5	;(R0=0x9068256E R5=0x227A6A2E )
(    libInnoSecure.so[0xCBBCB000])[19 43       ]0x000040F6:	ORRS	R1, R3	;(R1=0x2C959810 R3=0x0068202E )
(    libInnoSecure.so[0xCBBCB000])[0C 94       ]0x000040F8:	STR	R4, [SP, #0X30]	;(R4=0x31353530 SP=0x100FFD18 )
(    libInnoSecure.so[0xCBBCB000])[11 44       ]0x000040FA:	ADD	R1, R2	;(R1=0x2CFDB83E R2=0x35D71CBC )
(    libInnoSecure.so[0xCBBCB000])[4C F6 EE 62 ]0x000040FC:	MOVW	R2, #0XCEEE
(    libInnoSecure.so[0xCBBCB000])[CC F2 BD 12 ]0x00004100:	MOVT	R2, #0XC1BD	;(R2=0x0000CEEE )
(    libInnoSecure.so[0xCBBCB000])[11 44       ]0x00004104:	ADD	R1, R2	;(R1=0x62D4D4FA R2=0xC1BDCEEE )
(    libInnoSecure.so[0xCBBCB000])[DD F8 74 90 ]0x00004106:	LDR.W	SB, [SP, #0X74]	;(SP=0x100FFD18 )
(    libInnoSecure.so[0xCBBCB000])[00 EB B1 21 ]0x0000410A:	ADD.W	R1, R0, R1, ROR #10	;(R0=0x9068256E R1=0x2492A3E8 )
(    libInnoSecure.so[0xCBBCB000])[CD F8 18 C0 ]0x0000410E:	STR.W	IP, [SP, #0X18]	;(IP=0x30336639 SP=0x100FFD18 )
(    libInnoSecure.so[0xCBBCB000])[25 EA 01 02 ]0x00004112:	BIC.W	R2, R5, R1	;(R5=0x227A6A2E R1=0x8A714A16 )
(    libInnoSecure.so[0xCBBCB000])[01 EA 00 03 ]0x00004116:	AND.W	R3, R1, R0	;(R1=0x8A714A16 R0=0x9068256E )
(    libInnoSecure.so[0xCBBCB000])[1A 43       ]0x0000411A:	ORRS	R2, R3	;(R2=0x200A2028 R3=0x80600006 )
(    libInnoSecure.so[0xCBBCB000])[16 9B       ]0x0000411C:	LDR	R3, [SP, #0X58]	;(SP=0x100FFD18 )
(    libInnoSecure.so[0xCBBCB000])[0B 93       ]0x0000411E:	STR	R3, [SP, #0X2C]	;(R3=0x65363136 SP=0x100FFD18 )
(    libInnoSecure.so[0xCBBCB000])[33 44       ]0x00004120:	ADD	R3, R6	;(R3=0x65363136 R6=0xACF5B938 )
(    libInnoSecure.so[0xCBBCB000])[1A 44       ]0x00004122:	ADD	R2, R3	;(R2=0xA06A202E R3=0x122BEA6E )
(    libInnoSecure.so[0xCBBCB000])[40 F6 AF 73 ]0x00004124:	MOVW	R3, #0XFAF
(    libInnoSecure.so[0xCBBCB000])[CF F2 7C 53 ]0x00004128:	MOVT	R3, #0XF57C	;(R3=0x00000FAF )
(    libInnoSecure.so[0xCBBCB000])[1A 44       ]0x0000412C:	ADD	R2, R3	;(R2=0xB2960A9C R3=0xF57C0FAF )
(    libInnoSecure.so[0xCBBCB000])[01 EB 72 62 ]0x0000412E:	ADD.W	R2, R1, R2, ROR #25	;(R1=0x8A714A16 R2=0xA8121A4B )
(    libInnoSecure.so[0xCBBCB000])[20 EA 02 03 ]0x00004132:	BIC.W	R3, R0, R2	;(R0=0x9068256E R2=0x937E6FEA )
(    libInnoSecure.so[0xCBBCB000])[02 EA 01 06 ]0x00004136:	AND.W	R6, R2, R1	;(R2=0x937E6FEA R1=0x8A714A16 )
(    libInnoSecure.so[0xCBBCB000])[33 43       ]0x0000413A:	ORRS	R3, R6	;(R3=0x00000004 R6=0x82704A02 )
(    libInnoSecure.so[0xCBBCB000])[17 9E       ]0x0000413C:	LDR	R6, [SP, #0X5C]	;(SP=0x100FFD18 )
(    libInnoSecure.so[0xCBBCB000])[60 44       ]0x0000413E:	ADD	R0, IP	;(R0=0x9068256E IP=0x30336639 )
(    libInnoSecure.so[0xCBBCB000])[09 96       ]0x00004140:	STR	R6, [SP, #0X24]	;(R6=0x31383033 SP=0x100FFD18 )
(    libInnoSecure.so[0xCBBCB000])[35 44       ]0x00004142:	ADD	R5, R6	;(R5=0x227A6A2E R6=0x31383033 )
(    libInnoSecure.so[0xCBBCB000])[1C 9E       ]0x00004144:	LDR	R6, [SP, #0X70]	;(SP=0x100FFD18 )
(    libInnoSecure.so[0xCBBCB000])[2B 44       ]0x00004146:	ADD	R3, R5	;(R3=0x82704A06 R5=0x53B29A61 )
(    libInnoSecure.so[0xCBBCB000])[4C F2 2A 65 ]0x00004148:	MOVW	R5, #0XC62A
(    libInnoSecure.so[0xCBBCB000])[C4 F2 87 75 ]0x0000414C:	MOVT	R5, #0X4787	;(R5=0x0000C62A )
(    libInnoSecure.so[0xCBBCB000])[2B 44       ]0x00004150:	ADD	R3, R5	;(R3=0xD622E467 R5=0x4787C62A )
(    libInnoSecure.so[0xCBBCB000])[B0 46       ]0x00004152:	MOV	R8, R6	;(R6=0x37663638 )
(    libInnoSecure.so[0xCBBCB000])[02 EB 33 53 ]0x00004154:	ADD.W	R3, R2, R3, ROR #20	;(R2=0x937E6FEA R3=0x1DAAAA91 )
(    libInnoSecure.so[0xCBBCB000])[CD F8 08 80 ]0x00004158:	STR.W	R8, [SP, #8]	;(R8=0x37663638 SP=0x100FFD18 )
(    libInnoSecure.so[0xCBBCB000])[21 EA 03 05 ]0x0000415C:	BIC.W	R5, R1, R3	;(R1=0x8A714A16 R3=0x3E2781C4 )
(    libInnoSecure.so[0xCBBCB000])[03 EA 02 04 ]0x00004160:	AND.W	R4, R3, R2	;(R3=0x3E2781C4 R2=0x937E6FEA )
(    libInnoSecure.so[0xCBBCB000])[25 43       ]0x00004164:	ORRS	R5, R4	;(R5=0x80504A12 R4=0x122601C0 )
(    libInnoSecure.so[0xCBBCB000])[19 9C       ]0x00004166:	LDR	R4, [SP, #0X64]	;(SP=0x100FFD18 )
(    libInnoSecure.so[0xCBBCB000])[28 44       ]0x00004168:	ADD	R0, R5	;(R0=0xC09B8BA7 R5=0x92764BD2 )
(    libInnoSecure.so[0xCBBCB000])[44 F2 13 65 ]0x0000416A:	MOVW	R5, #0X4613
(    libInnoSecure.so[0xCBBCB000])[CA F6 30 05 ]0x0000416E:	MOVT	R5, #0XA830	;(R5=0x00004613 )
(    libInnoSecure.so[0xCBBCB000])[28 44       ]0x00004172:	ADD	R0, R5	;(R0=0x5311D779 R5=0xA8304613 )
(    libInnoSecure.so[0xCBBCB000])[21 44       ]0x00004174:	ADD	R1, R4	;(R1=0x8A714A16 R4=0x36306430 )
(    libInnoSecure.so[0xCBBCB000])[04 94       ]0x00004176:	STR	R4, [SP, #0X10]	;(R4=0x36306430 SP=0x100FFD18 )
(    libInnoSecure.so[0xCBBCB000])[03 EB F0 3E ]0x00004178:	ADD.W	LR, R3, R0, ROR #15	;(R3=0x3E2781C4 R0=0xFB421D8C )
(    libInnoSecure.so[0xCBBCB000])[22 EA 0E 00 ]0x0000417C:	BIC.W	R0, R2, LR	;(R2=0x937E6FEA LR=0x79417848 )
(    libInnoSecure.so[0xCBBCB000])[0E EA 03 05 ]0x00004180:	AND.W	R5, LR, R3	;(LR=0x79417848 R3=0x3E2781C4 )
(    libInnoSecure.so[0xCBBCB000])[28 43       ]0x00004184:	ORRS	R0, R5	;(R0=0x823E07A2 R5=0x38010040 )
(    libInnoSecure.so[0xCBBCB000])[06 EB 0E 05 ]0x00004186:	ADD.W	R5, R6, LR	;(R6=0x37663638 LR=0x79417848 )
(    libInnoSecure.so[0xCBBCB000])[08 44       ]0x0000418A:	ADD	R0, R1	;(R0=0xBA3F07E2 R1=0xC0A1AE46 )
(    libInnoSecure.so[0xCBBCB000])[49 F2 01 51 ]0x0000418C:	MOVW	R1, #0X9501
(    libInnoSecure.so[0xCBBCB000])[CF F6 46 51 ]0x00004190:	MOVT	R1, #0XFD46	;(R1=0x00009501 )
(    libInnoSecure.so[0xCBBCB000])[08 44       ]0x00004194:	ADD	R0, R1	;(R0=0x7AE0B628 R1=0xFD469501 )
(    libInnoSecure.so[0xCBBCB000])[0E EB B0 21 ]0x00004196:	ADD.W	R1, LR, R0, ROR #10	;(LR=0x79417848 R0=0x78274B29 )
(    libInnoSecure.so[0xCBBCB000])[23 EA 01 00 ]0x0000419A:	BIC.W	R0, R3, R1	;(R3=0x3E2781C4 R1=0x439F821A )
(    libInnoSecure.so[0xCBBCB000])[01 EA 0E 04 ]0x0000419E:	AND.W	R4, R1, LR	;(R1=0x439F821A LR=0x79417848 )
(    libInnoSecure.so[0xCBBCB000])[20 43       ]0x000041A2:	ORRS	R0, R4	;(R0=0x3C2001C4 R4=0x41010008 )
(    libInnoSecure.so[0xCBBCB000])[1A 9C       ]0x000041A4:	LDR	R4, [SP, #0X68]	;(SP=0x100FFD18 )
(    libInnoSecure.so[0xCBBCB000])[0A 94       ]0x000041A6:	STR	R4, [SP, #0X28]	;(R4=0x61323930 SP=0x100FFD18 )
(    libInnoSecure.so[0xCBBCB000])[22 44       ]0x000041A8:	ADD	R2, R4	;(R2=0x937E6FEA R4=0x61323930 )
(    libInnoSecure.so[0xCBBCB000])[10 44       ]0x000041AA:	ADD	R0, R2	;(R0=0x7D2101CC R2=0xF4B0A91A )
(    libInnoSecure.so[0xCBBCB000])[49 F6 D8 02 ]0x000041AC:	MOVW	R2, #0X98D8
(    libInnoSecure.so[0xCBBCB000])[C6 F6 80 12 ]0x000041B0:	MOVT	R2, #0X6980	;(R2=0x000098D8 )
(    libInnoSecure.so[0xCBBCB000])[10 44       ]0x000041B4:	ADD	R0, R2	;(R0=0x71D1AAE6 R2=0x698098D8 )
(    libInnoSecure.so[0xCBBCB000])[01 EB 70 60 ]0x000041B6:	ADD.W	R0, R1, R0, ROR #25	;(R1=0x439F821A R0=0xDB5243BE )
(    libInnoSecure.so[0xCBBCB000])[2E EA 00 02 ]0x000041BA:	BIC.W	R2, LR, R0	;(LR=0x79417848 R0=0xECC16187 )
(    libInnoSecure.so[0xCBBCB000])[00 EA 01 04 ]0x000041BE:	AND.W	R4, R0, R1	;(R0=0xECC16187 R1=0x439F821A )
(    libInnoSecure.so[0xCBBCB000])[22 43       ]0x000041C2:	ORRS	R2, R4	;(R2=0x11001848 R4=0x40810002 )
(    libInnoSecure.so[0xCBBCB000])[1B 9C       ]0x000041C4:	LDR	R4, [SP, #0X6C]	;(SP=0x100FFD18 )
(    libInnoSecure.so[0xCBBCB000])[10 94       ]0x000041C6:	STR	R4, [SP, #0X40]	;(R4=0x38343638 SP=0x100FFD18 )
(    libInnoSecure.so[0xCBBCB000])[23 44       ]0x000041C8:	ADD	R3, R4	;(R3=0x3E2781C4 R4=0x38343638 )
(    libInnoSecure.so[0xCBBCB000])[1A 44       ]0x000041CA:	ADD	R2, R3	;(R2=0x5181184A R3=0x765BB7FC )
(    libInnoSecure.so[0xCBBCB000])[4F F2 AF 73 ]0x000041CC:	MOVW	R3, #0XF7AF
(    libInnoSecure.so[0xCBBCB000])[C8 F6 44 33 ]0x000041D0:	MOVT	R3, #0X8B44	;(R3=0x0000F7AF )
(    libInnoSecure.so[0xCBBCB000])[1A 44       ]0x000041D4:	ADD	R2, R3	;(R2=0xC7DCD046 R3=0x8B44F7AF )
(    libInnoSecure.so[0xCBBCB000])[00 EB 32 53 ]0x000041D6:	ADD.W	R3, R0, R2, ROR #20	;(R0=0xECC16187 R2=0x5321C7F5 )
(    libInnoSecure.so[0xCBBCB000])[21 EA 03 02 ]0x000041DA:	BIC.W	R2, R1, R3	;(R1=0x439F821A R3=0x0940B6B9 )
(    libInnoSecure.so[0xCBBCB000])[03 EA 00 04 ]0x000041DE:	AND.W	R4, R3, R0	;(R3=0x0940B6B9 R0=0xECC16187 )
(    libInnoSecure.so[0xCBBCB000])[22 43       ]0x000041E2:	ORRS	R2, R4	;(R2=0x429F0002 R4=0x08402081 )
(    libInnoSecure.so[0xCBBCB000])[49 44       ]0x000041E4:	ADD	R1, SB	;(R1=0x439F821A SB=0x31306430 )
(    libInnoSecure.so[0xCBBCB000])[2A 44       ]0x000041E6:	ADD	R2, R5	;(R2=0x4ADF2083 R5=0xB0A7AE80 )
(    libInnoSecure.so[0xCBBCB000])[4A F2 4F 45 ]0x000041E8:	MOVW	R5, #0XA44F
(    libInnoSecure.so[0xCBBCB000])[52 1B       ]0x000041EC:	SUBS	R2, R2, R5	;(R2=0xFB86CF03 R5=0x0000A44F )
(    libInnoSecure.so[0xCBBCB000])[03 EB F2 3E ]0x000041EE:	ADD.W	LR, R3, R2, ROR #15	;(R3=0x0940B6B9 R2=0xFB862AB4 )
(    libInnoSecure.so[0xCBBCB000])[20 EA 0E 02 ]0x000041F2:	BIC.W	R2, R0, LR	;(R0=0xECC16187 LR=0x5EAAADC5 )
(    libInnoSecure.so[0xCBBCB000])[0E EA 03 05 ]0x000041F6:	AND.W	R5, LR, R3	;(LR=0x5EAAADC5 R3=0x0940B6B9 )
(    libInnoSecure.so[0xCBBCB000])[2A 43       ]0x000041FA:	ORRS	R2, R5	;(R2=0xA0414002 R5=0x0800A481 )
(    libInnoSecure.so[0xCBBCB000])[11 44       ]0x000041FC:	ADD	R1, R2	;(R1=0x74CFE64A R2=0xA841E483 )
(    libInnoSecure.so[0xCBBCB000])[4D F2 BE 72 ]0x000041FE:	MOVW	R2, #0XD7BE
(    libInnoSecure.so[0xCBBCB000])[C8 F6 5C 12 ]0x00004202:	MOVT	R2, #0X895C	;(R2=0x0000D7BE )
(    libInnoSecure.so[0xCBBCB000])[11 44       ]0x00004206:	ADD	R1, R2	;(R1=0x1D11CACD R2=0x895CD7BE )
(    libInnoSecure.so[0xCBBCB000])[0E EB B1 21 ]0x00004208:	ADD.W	R1, LR, R1, ROR #10	;(LR=0x5EAAADC5 R1=0xA66EA28B )
(    libInnoSecure.so[0xCBBCB000])[23 EA 01 02 ]0x0000420C:	BIC.W	R2, R3, R1	;(R3=0x0940B6B9 R1=0x0194496D )
(    libInnoSecure.so[0xCBBCB000])[01 EA 0E 05 ]0x00004210:	AND.W	R5, R1, LR	;(R1=0x0194496D LR=0x5EAAADC5 )
(    libInnoSecure.so[0xCBBCB000])[15 43       ]0x00004214:	ORRS	R5, R2	;(R5=0x00800945 R2=0x0840B690 )
(    libInnoSecure.so[0xCBBCB000])[1E 9A       ]0x00004216:	LDR	R2, [SP, #0X78]	;(SP=0x100FFD18 )
(    libInnoSecure.so[0xCBBCB000])[0D 92       ]0x00004218:	STR	R2, [SP, #0X34]	;(R2=0x31303130 SP=0x100FFD18 )
(    libInnoSecure.so[0xCBBCB000])[10 44       ]0x0000421A:	ADD	R0, R2	;(R0=0xECC16187 R2=0x31303130 )
(    libInnoSecure.so[0xCBBCB000])[1F 9A       ]0x0000421C:	LDR	R2, [SP, #0X7C]	;(SP=0x100FFD18 )
(    libInnoSecure.so[0xCBBCB000])[28 44       ]0x0000421E:	ADD	R0, R5	;(R0=0x1DF192B7 R5=0x08C0BFD5 )
(    libInnoSecure.so[0xCBBCB000])[41 F2 22 15 ]0x00004220:	MOVW	R5, #0X1122
(    libInnoSecure.so[0xCBBCB000])[C6 F6 90 35 ]0x00004224:	MOVT	R5, #0X6B90	;(R5=0x00001122 )
(    libInnoSecure.so[0xCBBCB000])[28 44       ]0x00004228:	ADD	R0, R5	;(R0=0x26B2528C R5=0x6B901122 )
(    libInnoSecure.so[0xCBBCB000])[13 44       ]0x0000422A:	ADD	R3, R2	;(R3=0x0940B6B9 R2=0x30303530 )
(    libInnoSecure.so[0xCBBCB000])[08 92       ]0x0000422C:	STR	R2, [SP, #0X20]	;(R2=0x30303530 SP=0x100FFD18 )
(    libInnoSecure.so[0xCBBCB000])[01 EB 70 60 ]0x0000422E:	ADD.W	R0, R1, R0, ROR #25	;(R1=0x0194496D R0=0x924263AE )
(    libInnoSecure.so[0xCBBCB000])[20 9A       ]0x00004232:	LDR	R2, [SP, #0X80]	;(SP=0x100FFD18 )
(    libInnoSecure.so[0xCBBCB000])[2E EA 00 05 ]0x00004234:	BIC.W	R5, LR, R0	;(LR=0x5EAAADC5 R0=0x22C620B6 )
(    libInnoSecure.so[0xCBBCB000])[00 EA 01 06 ]0x00004238:	AND.W	R6, R0, R1	;(R0=0x22C620B6 R1=0x0194496D )
(    libInnoSecure.so[0xCBBCB000])[2E 43       ]0x0000423C:	ORRS	R6, R5	;(R6=0x00840024 R5=0x5C288D41 )
(    libInnoSecure.so[0xCBBCB000])[02 EB 0E 05 ]0x0000423E:	ADD.W	R5, R2, LR	;(R2=0x31383330 LR=0x5EAAADC5 )
(    libInnoSecure.so[0xCBBCB000])[33 44       ]0x00004242:	ADD	R3, R6	;(R3=0x3970EBE9 R6=0x5CAC8D65 )
(    libInnoSecure.so[0xCBBCB000])[47 F2 93 16 ]0x00004244:	MOVW	R6, #0X7193
(    libInnoSecure.so[0xCBBCB000])[CF F6 98 56 ]0x00004248:	MOVT	R6, #0XFD98	;(R6=0x00007193 )
(    libInnoSecure.so[0xCBBCB000])[33 44       ]0x0000424C:	ADD	R3, R6	;(R3=0x961D794E R6=0xFD987193 )
(    libInnoSecure.so[0xCBBCB000])[96 46       ]0x0000424E:	MOV	LR, R2	;(R2=0x31383330 )
(    libInnoSecure.so[0xCBBCB000])[21 9A       ]0x00004250:	LDR	R2, [SP, #0X84]	;(SP=0x100FFD18 )
(    libInnoSecure.so[0xCBBCB000])[00 EB 33 5A ]0x00004252:	ADD.W	SL, R0, R3, ROR #20	;(R0=0x22C620B6 R3=0x93B5EAE1 )
(    libInnoSecure.so[0xCBBCB000])[21 EA 0A 03 ]0x00004256:	BIC.W	R3, R1, SL	;(R1=0x0194496D SL=0x817439F1 )
(    libInnoSecure.so[0xCBBCB000])[0A EA 00 06 ]0x0000425A:	AND.W	R6, SL, R0	;(SL=0x817439F1 R0=0x22C620B6 )
(    libInnoSecure.so[0xCBBCB000])[1E 43       ]0x0000425E:	ORRS	R6, R3	;(R6=0x004420B0 R3=0x0080400C )
(    libInnoSecure.so[0xCBBCB000])[11 44       ]0x00004260:	ADD	R1, R2	;(R1=0x0194496D R2=0x30306438 )
(    libInnoSecure.so[0xCBBCB000])[2E 44       ]0x00004262:	ADD	R6, R5	;(R6=0x00C460BC R5=0x8FE2E0F5 )
(    libInnoSecure.so[0xCBBCB000])[44 F2 8E 35 ]0x00004264:	MOVW	R5, #0X438E
(    libInnoSecure.so[0xCBBCB000])[CA F2 79 65 ]0x00004268:	MOVT	R5, #0XA679	;(R5=0x0000438E )
(    libInnoSecure.so[0xCBBCB000])[2E 44       ]0x0000426C:	ADD	R6, R5	;(R6=0x90A741B1 R5=0xA679438E )
(    libInnoSecure.so[0xCBBCB000])[13 46       ]0x0000426E:	MOV	R3, R2	;(R2=0x30306438 )
(    libInnoSecure.so[0xCBBCB000])[11 9A       ]0x00004270:	LDR	R2, [SP, #0X44]	;(SP=0x100FFD18 )
(    libInnoSecure.so[0xCBBCB000])[0A EB F6 3B ]0x00004272:	ADD.W	FP, SL, R6, ROR #15	;(SL=0x817439F1 R6=0x3720853F )
(    libInnoSecure.so[0xCBBCB000])[03 93       ]0x00004276:	STR	R3, [SP, #0XC]	;(R3=0x30306438 SP=0x100FFD18 )
(    libInnoSecure.so[0xCBBCB000])[20 EA 0B 06 ]0x00004278:	BIC.W	R6, R0, FP	;(R0=0x22C620B6 FP=0x8BF2A832 )
(    libInnoSecure.so[0xCBBCB000])[0B EA 0A 05 ]0x0000427C:	AND.W	R5, FP, SL	;(FP=0x8BF2A832 SL=0x817439F1 )
(    libInnoSecure.so[0xCBBCB000])[35 43       ]0x00004280:	ORRS	R5, R6	;(R5=0x81702830 R6=0x20040084 )
(    libInnoSecure.so[0xCBBCB000])[2B EA 0A 06 ]0x00004282:	BIC.W	R6, FP, SL	;(FP=0x8BF2A832 SL=0x817439F1 )
(    libInnoSecure.so[0xCBBCB000])[29 44       ]0x00004286:	ADD	R1, R5	;(R1=0x31C4ADA5 R5=0xA17428B4 )
(    libInnoSecure.so[0xCBBCB000])[40 F6 21 05 ]0x00004288:	MOVW	R5, #0X821
(    libInnoSecure.so[0xCBBCB000])[C4 F6 B4 15 ]0x0000428C:	MOVT	R5, #0X49B4	;(R5=0x00000821 )
(    libInnoSecure.so[0xCBBCB000])[29 44       ]0x00004290:	ADD	R1, R5	;(R1=0xD338D659 R5=0x49B40821 )
(    libInnoSecure.so[0xCBBCB000])[10 44       ]0x00004292:	ADD	R0, R2	;(R0=0x22C620B6 R2=0x33313330 )
(    libInnoSecure.so[0xCBBCB000])[0B EB B1 21 ]0x00004294:	ADD.W	R1, FP, R1, ROR #10	;(FP=0x8BF2A832 R1=0x1CECDE7A )
(    libInnoSecure.so[0xCBBCB000])[01 EA 0A 05 ]0x00004298:	AND.W	R5, R1, SL	;(R1=0x2A79E369 SL=0x817439F1 )
(    libInnoSecure.so[0xCBBCB000])[35 43       ]0x0000429C:	ORRS	R5, R6	;(R5=0x00702161 R6=0x0A828002 )
(    libInnoSecure.so[0xCBBCB000])[21 EA 0B 06 ]0x0000429E:	BIC.W	R6, R1, FP	;(R1=0x2A79E369 FP=0x8BF2A832 )
(    libInnoSecure.so[0xCBBCB000])[28 44       ]0x000042A2:	ADD	R0, R5	;(R0=0x55F753E6 R5=0x0AF2A163 )
(    libInnoSecure.so[0xCBBCB000])[42 F2 62 55 ]0x000042A4:	MOVW	R5, #0X2562
(    libInnoSecure.so[0xCBBCB000])[CF F2 1E 65 ]0x000042A8:	MOVT	R5, #0XF61E	;(R5=0x00002562 )
(    libInnoSecure.so[0xCBBCB000])[28 44       ]0x000042AC:	ADD	R0, R5	;(R0=0x60E9F549 R5=0xF61E2562 )
(    libInnoSecure.so[0xCBBCB000])[01 EB F0 60 ]0x000042AE:	ADD.W	R0, R1, R0, ROR #27	;(R1=0x2A79E369 R0=0x57081AAB )
(    libInnoSecure.so[0xCBBCB000])[00 EA 0B 05 ]0x000042B2:	AND.W	R5, R0, FP	;(R0=0x0B7D38D3 FP=0x8BF2A832 )
(    libInnoSecure.so[0xCBBCB000])[20 EA 01 04 ]0x000042B6:	BIC.W	R4, R0, R1	;(R0=0x0B7D38D3 R1=0x2A79E369 )
(    libInnoSecure.so[0xCBBCB000])[35 43       ]0x000042BA:	ORRS	R5, R6	;(R5=0x0B702812 R6=0x20094349 )
(    libInnoSecure.so[0xCBBCB000])[0C EB 0A 06 ]0x000042BC:	ADD.W	R6, IP, SL	;(IP=0x30336639 SL=0x817439F1 )
(    libInnoSecure.so[0xCBBCB000])[35 44       ]0x000042C0:	ADD	R5, R6	;(R5=0x2B796B5B R6=0xB1A7A02A )
(    libInnoSecure.so[0xCBBCB000])[4B F2 40 36 ]0x000042C2:	MOVW	R6, #0XB340
(    libInnoSecure.so[0xCBBCB000])[CC F2 40 06 ]0x000042C6:	MOVT	R6, #0XC040	;(R6=0x0000B340 )
(    libInnoSecure.so[0xCBBCB000])[35 44       ]0x000042CA:	ADD	R5, R6	;(R5=0xDD210B85 R6=0xC040B340 )
(    libInnoSecure.so[0xCBBCB000])[CA 46       ]0x000042CC:	MOV	SL, SB	;(SB=0x31306430 )
(    libInnoSecure.so[0xCBBCB000])[DD F8 24 90 ]0x000042CE:	LDR.W	SB, [SP, #0X24]	;(SP=0x100FFD18 )
(    libInnoSecure.so[0xCBBCB000])[00 EB F5 55 ]0x000042D2:	ADD.W	R5, R0, R5, ROR #23	;(R0=0x0B7D38D3 R5=0x9D61BEC5 )
(    libInnoSecure.so[0xCBBCB000])[F4 46       ]0x000042D6:	MOV	IP, LR	;(LR=0x31383330 )
(    libInnoSecure.so[0xCBBCB000])[05 EA 01 06 ]0x000042D8:	AND.W	R6, R5, R1	;(R5=0xCEFAC40D R1=0x2A79E369 )
(    libInnoSecure.so[0xCBBCB000])[25 EA 00 02 ]0x000042DC:	BIC.W	R2, R5, R0	;(R5=0xCEFAC40D R0=0x0B7D38D3 )
(    libInnoSecure.so[0xCBBCB000])[34 43       ]0x000042E0:	ORRS	R4, R6	;(R4=0x01041892 R6=0x0A78C009 )
(    libInnoSecure.so[0xCBBCB000])[0A EB 0B 06 ]0x000042E2:	ADD.W	R6, SL, FP	;(SL=0x31306430 FP=0x8BF2A832 )
(    libInnoSecure.so[0xCBBCB000])[34 44       ]0x000042E6:	ADD	R4, R6	;(R4=0x0B7CD89B R6=0xBD230C62 )
(    libInnoSecure.so[0xCBBCB000])[45 F6 51 26 ]0x000042E8:	MOVW	R6, #0X5A51
(    libInnoSecure.so[0xCBBCB000])[C2 F2 5E 66 ]0x000042EC:	MOVT	R6, #0X265E	;(R6=0x00005A51 )
(    libInnoSecure.so[0xCBBCB000])[34 44       ]0x000042F0:	ADD	R4, R6	;(R4=0xC89FE4FD R6=0x265E5A51 )
(    libInnoSecure.so[0xCBBCB000])[DD F8 2C B0 ]0x000042F2:	LDR.W	FP, [SP, #0X2C]	;(SP=0x100FFD18 )
(    libInnoSecure.so[0xCBBCB000])[05 EB B4 44 ]0x000042F6:	ADD.W	R4, R5, R4, ROR #18	;(R5=0xCEFAC40D R4=0xEEFE3F4E )
(    libInnoSecure.so[0xCBBCB000])[DD F8 10 E0 ]0x000042FA:	LDR.W	LR, [SP, #0X10]	;(SP=0x100FFD18 )
(    libInnoSecure.so[0xCBBCB000])[04 EA 00 06 ]0x000042FE:	AND.W	R6, R4, R0	;(R4=0x5ECE7FCC R0=0x0B7D38D3 )
(    libInnoSecure.so[0xCBBCB000])[48 44       ]0x00004302:	ADD	R0, SB	;(R0=0x0B7D38D3 SB=0x31383033 )
(    libInnoSecure.so[0xCBBCB000])[32 43       ]0x00004304:	ORRS	R2, R6	;(R2=0xC482C40C R6=0x0A4C38C0 )
(    libInnoSecure.so[0xCBBCB000])[0E 9E       ]0x00004306:	LDR	R6, [SP, #0X38]	;(SP=0x100FFD18 )
(    libInnoSecure.so[0xCBBCB000])[CD F8 04 C0 ]0x00004308:	STR.W	IP, [SP, #4]	;(IP=0x31383330 SP=0x100FFD18 )
(    libInnoSecure.so[0xCBBCB000])[31 44       ]0x0000430C:	ADD	R1, R6	;(R1=0x2A79E369 R6=0x34303535 )
(    libInnoSecure.so[0xCBBCB000])[24 EA 05 06 ]0x0000430E:	BIC.W	R6, R4, R5	;(R4=0x5ECE7FCC R5=0xCEFAC40D )
(    libInnoSecure.so[0xCBBCB000])[11 44       ]0x00004312:	ADD	R1, R2	;(R1=0x5EAA189E R2=0xCECEFCCC )
(    libInnoSecure.so[0xCBBCB000])[4C F2 AA 72 ]0x00004314:	MOVW	R2, #0XC7AA
(    libInnoSecure.so[0xCBBCB000])[CE F6 B6 12 ]0x00004318:	MOVT	R2, #0XE9B6	;(R2=0x0000C7AA )
(    libInnoSecure.so[0xCBBCB000])[11 44       ]0x0000431C:	ADD	R1, R2	;(R1=0x2D79156A R2=0xE9B6C7AA )
(    libInnoSecure.so[0xCBBCB000])[CD F8 14 A0 ]0x0000431E:	STR.W	SL, [SP, #0X14]	;(SL=0x31306430 SP=0x100FFD18 )
(    libInnoSecure.so[0xCBBCB000])[04 EB 31 31 ]0x00004322:	ADD.W	R1, R4, R1, ROR #12	;(R4=0x5ECE7FCC R1=0x172FDD14 )
(    libInnoSecure.so[0xCBBCB000])[01 EA 05 02 ]0x00004326:	AND.W	R2, R1, R5	;(R1=0x300FF2C9 R5=0xCEFAC40D )
(    libInnoSecure.so[0xCBBCB000])[45 44       ]0x0000432A:	ADD	R5, R8	;(R5=0xCEFAC40D R8=0x37663638 )
(    libInnoSecure.so[0xCBBCB000])[32 43       ]0x0000432C:	ORRS	R2, R6	;(R2=0x000AC009 R6=0x10043BC0 )
(    libInnoSecure.so[0xCBBCB000])[21 EA 04 06 ]0x0000432E:	BIC.W	R6, R1, R4	;(R1=0x300FF2C9 R4=0x5ECE7FCC )
(    libInnoSecure.so[0xCBBCB000])[10 44       ]0x00004332:	ADD	R0, R2	;(R0=0x3CB56906 R2=0x100EFBC9 )
(    libInnoSecure.so[0xCBBCB000])[41 F2 5D 02 ]0x00004334:	MOVW	R2, #0X105D
(    libInnoSecure.so[0xCBBCB000])[CD F2 2F 62 ]0x00004338:	MOVT	R2, #0XD62F	;(R2=0x0000105D )
(    libInnoSecure.so[0xCBBCB000])[10 44       ]0x0000433C:	ADD	R0, R2	;(R0=0x4CC464CF R2=0xD62F105D )
(    libInnoSecure.so[0xCBBCB000])[DD F8 20 80 ]0x0000433E:	LDR.W	R8, [SP, #0X20]	;(SP=0x100FFD18 )
(    libInnoSecure.so[0xCBBCB000])[01 EB F0 60 ]0x00004342:	ADD.W	R0, R1, R0, ROR #27	;(R1=0x300FF2C9 R0=0x22F3752C )
(    libInnoSecure.so[0xCBBCB000])[00 EA 04 02 ]0x00004346:	AND.W	R2, R0, R4	;(R0=0x8E7E984D R4=0x5ECE7FCC )
(    libInnoSecure.so[0xCBBCB000])[1C 44       ]0x0000434A:	ADD	R4, R3	;(R4=0x5ECE7FCC R3=0x30306438 )
(    libInnoSecure.so[0xCBBCB000])[32 43       ]0x0000434C:	ORRS	R2, R6	;(R2=0x0E4E184C R6=0x20018001 )
(    libInnoSecure.so[0xCBBCB000])[20 EA 01 06 ]0x0000434E:	BIC.W	R6, R0, R1	;(R0=0x8E7E984D R1=0x300FF2C9 )
(    libInnoSecure.so[0xCBBCB000])[2A 44       ]0x00004352:	ADD	R2, R5	;(R2=0x2E4F984D R5=0x0660FA45 )
(    libInnoSecure.so[0xCBBCB000])[41 F2 53 45 ]0x00004354:	MOVW	R5, #0X1453
(    libInnoSecure.so[0xCBBCB000])[C0 F2 44 25 ]0x00004358:	MOVT	R5, #0X244	;(R5=0x00001453 )
(    libInnoSecure.so[0xCBBCB000])[2A 44       ]0x0000435C:	ADD	R2, R5	;(R2=0x34B09292 R5=0x02441453 )
(    libInnoSecure.so[0xCBBCB000])[10 9B       ]0x0000435E:	LDR	R3, [SP, #0X40]	;(SP=0x100FFD18 )
(    libInnoSecure.so[0xCBBCB000])[00 EB F2 52 ]0x00004360:	ADD.W	R2, R0, R2, ROR #23	;(R0=0x8E7E984D R2=0x36F4A6E5 )
(    libInnoSecure.so[0xCBBCB000])[02 EA 01 05 ]0x00004364:	AND.W	R5, R2, R1	;(R2=0x77CC62BA R1=0x300FF2C9 )
(    libInnoSecure.so[0xCBBCB000])[59 44       ]0x00004368:	ADD	R1, FP	;(R1=0x300FF2C9 FP=0x65363136 )
(    libInnoSecure.so[0xCBBCB000])[35 43       ]0x0000436A:	ORRS	R5, R6	;(R5=0x300C6288 R6=0x8E700804 )
(    libInnoSecure.so[0xCBBCB000])[22 EA 00 06 ]0x0000436C:	BIC.W	R6, R2, R0	;(R2=0x77CC62BA R0=0x8E7E984D )
(    libInnoSecure.so[0xCBBCB000])[2C 44       ]0x00004370:	ADD	R4, R5	;(R4=0x8EFEE404 R5=0xBE7C6A8C )
(    libInnoSecure.so[0xCBBCB000])[4E F2 81 65 ]0x00004372:	MOVW	R5, #0XE681
(    libInnoSecure.so[0xCBBCB000])[CD F6 A1 05 ]0x00004376:	MOVT	R5, #0XD8A1	;(R5=0x0000E681 )
(    libInnoSecure.so[0xCBBCB000])[2C 44       ]0x0000437A:	ADD	R4, R5	;(R4=0x4D7B4E90 R5=0xD8A1E681 )
(    libInnoSecure.so[0xCBBCB000])[02 EB B4 44 ]0x0000437C:	ADD.W	R4, R2, R4, ROR #18	;(R2=0x77CC62BA R4=0x261D3511 )
(    libInnoSecure.so[0xCBBCB000])[04 EA 00 05 ]0x00004380:	AND.W	R5, R4, R0	;(R4=0xC510AC41 R0=0x8E7E984D )
(    libInnoSecure.so[0xCBBCB000])[18 44       ]0x00004384:	ADD	R0, R3	;(R0=0x8E7E984D R3=0x38343638 )
(    libInnoSecure.so[0xCBBCB000])[35 43       ]0x00004386:	ORRS	R5, R6	;(R5=0x84108841 R6=0x718062B2 )
(    libInnoSecure.so[0xCBBCB000])[24 EA 02 06 ]0x00004388:	BIC.W	R6, R4, R2	;(R4=0xC510AC41 R2=0x77CC62BA )
(    libInnoSecure.so[0xCBBCB000])[29 44       ]0x0000438C:	ADD	R1, R5	;(R1=0x954623FF R5=0xF590EAF3 )
(    libInnoSecure.so[0xCBBCB000])[4F F6 C8 35 ]0x0000438E:	MOVW	R5, #0XFBC8
(    libInnoSecure.so[0xCBBCB000])[CE F2 D3 75 ]0x00004392:	MOVT	R5, #0XE7D3	;(R5=0x0000FBC8 )
(    libInnoSecure.so[0xCBBCB000])[29 44       ]0x00004396:	ADD	R1, R5	;(R1=0x8AD70EF2 R5=0xE7D3FBC8 )
(    libInnoSecure.so[0xCBBCB000])[0F 9B       ]0x00004398:	LDR	R3, [SP, #0X3C]	;(SP=0x100FFD18 )
(    libInnoSecure.so[0xCBBCB000])[04 EB 31 31 ]0x0000439A:	ADD.W	R1, R4, R1, ROR #12	;(R4=0xC510AC41 R1=0x72AB0ABA )
(    libInnoSecure.so[0xCBBCB000])[01 EA 02 05 ]0x0000439E:	AND.W	R5, R1, R2	;(R1=0x70B7D6F1 R2=0x77CC62BA )
(    libInnoSecure.so[0xCBBCB000])[62 44       ]0x000043A2:	ADD	R2, IP	;(R2=0x77CC62BA IP=0x31383330 )
(    libInnoSecure.so[0xCBBCB000])[35 43       ]0x000043A4:	ORRS	R5, R6	;(R5=0x708442B0 R6=0x80108C41 )
(    libInnoSecure.so[0xCBBCB000])[21 EA 04 06 ]0x000043A6:	BIC.W	R6, R1, R4	;(R1=0x70B7D6F1 R4=0xC510AC41 )
(    libInnoSecure.so[0xCBBCB000])[28 44       ]0x000043AA:	ADD	R0, R5	;(R0=0xC6B2CE85 R5=0xF094CEF1 )
(    libInnoSecure.so[0xCBBCB000])[4C F6 E6 55 ]0x000043AC:	MOVW	R5, #0XCDE6
(    libInnoSecure.so[0xCBBCB000])[C2 F2 E1 15 ]0x000043B0:	MOVT	R5, #0X21E1	;(R5=0x0000CDE6 )
(    libInnoSecure.so[0xCBBCB000])[28 44       ]0x000043B4:	ADD	R0, R5	;(R0=0xB7479D76 R5=0x21E1CDE6 )
(    libInnoSecure.so[0xCBBCB000])[01 EB F0 60 ]0x000043B6:	ADD.W	R0, R1, R0, ROR #27	;(R1=0x70B7D6F1 R0=0xD9296B5C )
(    libInnoSecure.so[0xCBBCB000])[00 EA 04 05 ]0x000043BA:	AND.W	R5, R0, R4	;(R0=0x95E5428C R4=0xC510AC41 )
(    libInnoSecure.so[0xCBBCB000])[1C 44       ]0x000043BE:	ADD	R4, R3	;(R4=0xC510AC41 R3=0x62343537 )
(    libInnoSecure.so[0xCBBCB000])[35 43       ]0x000043C0:	ORRS	R5, R6	;(R5=0x85000000 R6=0x30A752B0 )
(    libInnoSecure.so[0xCBBCB000])[20 EA 01 06 ]0x000043C2:	BIC.W	R6, R0, R1	;(R0=0x95E5428C R1=0x70B7D6F1 )
(    libInnoSecure.so[0xCBBCB000])[2A 44       ]0x000043C6:	ADD	R2, R5	;(R2=0xA90495EA R5=0xB5A752B0 )
(    libInnoSecure.so[0xCBBCB000])[40 F2 D6 75 ]0x000043C8:	MOVW	R5, #0X7D6
(    libInnoSecure.so[0xCBBCB000])[CC F2 37 35 ]0x000043CC:	MOVT	R5, #0XC337	;(R5=0x000007D6 )
(    libInnoSecure.so[0xCBBCB000])[2A 44       ]0x000043D0:	ADD	R2, R5	;(R2=0x5EABE89A R5=0xC33707D6 )
(    libInnoSecure.so[0xCBBCB000])[0A 9B       ]0x000043D2:	LDR	R3, [SP, #0X28]	;(SP=0x100FFD18 )
(    libInnoSecure.so[0xCBBCB000])[00 EB F2 52 ]0x000043D4:	ADD.W	R2, R0, R2, ROR #23	;(R0=0x95E5428C R2=0x21E2F070 )
(    libInnoSecure.so[0xCBBCB000])[02 EA 01 05 ]0x000043D8:	AND.W	R5, R2, R1	;(R2=0x5BC622CF R1=0x70B7D6F1 )
(    libInnoSecure.so[0xCBBCB000])[19 44       ]0x000043DC:	ADD	R1, R3	;(R1=0x70B7D6F1 R3=0x61323930 )
(    libInnoSecure.so[0xCBBCB000])[35 43       ]0x000043DE:	ORRS	R5, R6	;(R5=0x508602C1 R6=0x8540000C )
(    libInnoSecure.so[0xCBBCB000])[22 EA 00 06 ]0x000043E0:	BIC.W	R6, R2, R0	;(R2=0x5BC622CF R0=0x95E5428C )
(    libInnoSecure.so[0xCBBCB000])[2C 44       ]0x000043E4:	ADD	R4, R5	;(R4=0x2744E178 R5=0xD5C602CD )
(    libInnoSecure.so[0xCBBCB000])[40 F6 87 55 ]0x000043E6:	MOVW	R5, #0XD87
(    libInnoSecure.so[0xCBBCB000])[CF F2 D5 45 ]0x000043EA:	MOVT	R5, #0XF4D5	;(R5=0x00000D87 )
(    libInnoSecure.so[0xCBBCB000])[2C 44       ]0x000043EE:	ADD	R4, R5	;(R4=0xFD0AE445 R5=0xF4D50D87 )
(    libInnoSecure.so[0xCBBCB000])[02 EB B4 44 ]0x000043F0:	ADD.W	R4, R2, R4, ROR #18	;(R2=0x5BC622CF R4=0xF1DFF1CC )
(    libInnoSecure.so[0xCBBCB000])[04 EA 00 05 ]0x000043F4:	AND.W	R5, R4, R0	;(R4=0x58395F46 R0=0x95E5428C )
(    libInnoSecure.so[0xCBBCB000])[40 44       ]0x000043F8:	ADD	R0, R8	;(R0=0x95E5428C R8=0x30303530 )
(    libInnoSecure.so[0xCBBCB000])[35 43       ]0x000043FA:	ORRS	R5, R6	;(R5=0x10214204 R6=0x4A022043 )
(    libInnoSecure.so[0xCBBCB000])[24 EA 02 06 ]0x000043FC:	BIC.W	R6, R4, R2	;(R4=0x58395F46 R2=0x5BC622CF )
(    libInnoSecure.so[0xCBBCB000])[29 44       ]0x00004400:	ADD	R1, R5	;(R1=0xD1EA1021 R5=0x5A236247 )
(    libInnoSecure.so[0xCBBCB000])[41 F2 ED 45 ]0x00004402:	MOVW	R5, #0X14ED
(    libInnoSecure.so[0xCBBCB000])[C4 F2 5A 55 ]0x00004406:	MOVT	R5, #0X455A	;(R5=0x000014ED )
(    libInnoSecure.so[0xCBBCB000])[29 44       ]0x0000440A:	ADD	R1, R5	;(R1=0x2C0D7268 R5=0x455A14ED )
(    libInnoSecure.so[0xCBBCB000])[04 EB 31 31 ]0x0000440C:	ADD.W	R1, R4, R1, ROR #12	;(R4=0x58395F46 R1=0x71678755 )
(    libInnoSecure.so[0xCBBCB000])[01 EA 02 05 ]0x00004410:	AND.W	R5, R1, R2	;(R1=0xCD9075BE R2=0x5BC622CF )
(    libInnoSecure.so[0xCBBCB000])[35 43       ]0x00004414:	ORRS	R5, R6	;(R5=0x4980208E R6=0x00395D00 )
(    libInnoSecure.so[0xCBBCB000])[21 EA 04 06 ]0x00004416:	BIC.W	R6, R1, R4	;(R1=0xCD9075BE R4=0x58395F46 )
(    libInnoSecure.so[0xCBBCB000])[28 44       ]0x0000441A:	ADD	R0, R5	;(R0=0xC61577BC R5=0x49B97D8E )
(    libInnoSecure.so[0xCBBCB000])[4E F6 05 15 ]0x0000441C:	MOVW	R5, #0XE905
(    libInnoSecure.so[0xCBBCB000])[CA F6 E3 15 ]0x00004420:	MOVT	R5, #0XA9E3	;(R5=0x0000E905 )
(    libInnoSecure.so[0xCBBCB000])[28 44       ]0x00004424:	ADD	R0, R5	;(R0=0x0FCEF54A R5=0xA9E3E905 )
(    libInnoSecure.so[0xCBBCB000])[01 EB F0 60 ]0x00004426:	ADD.W	R0, R1, R0, ROR #27	;(R1=0xCD9075BE R0=0xB9B2DE4F )
(    libInnoSecure.so[0xCBBCB000])[00 EA 04 05 ]0x0000442A:	AND.W	R5, R0, R4	;(R0=0x03EC3FB5 R4=0x58395F46 )
(    libInnoSecure.so[0xCBBCB000])[74 44       ]0x0000442E:	ADD	R4, LR	;(R4=0x58395F46 LR=0x36306430 )
(    libInnoSecure.so[0xCBBCB000])[35 43       ]0x00004430:	ORRS	R5, R6	;(R5=0x00281F04 R6=0x858020B8 )
(    libInnoSecure.so[0xCBBCB000])[0C 9E       ]0x00004432:	LDR	R6, [SP, #0X30]	;(SP=0x100FFD18 )
(    libInnoSecure.so[0xCBBCB000])[32 44       ]0x00004434:	ADD	R2, R6	;(R2=0x5BC622CF R6=0x31353530 )
(    libInnoSecure.so[0xCBBCB000])[20 EA 01 06 ]0x00004436:	BIC.W	R6, R0, R1	;(R0=0x03EC3FB5 R1=0xCD9075BE )
(    libInnoSecure.so[0xCBBCB000])[2A 44       ]0x0000443A:	ADD	R2, R5	;(R2=0x8CFB57FF R5=0x85A83FBC )
(    libInnoSecure.so[0xCBBCB000])[4A F2 F8 35 ]0x0000443C:	MOVW	R5, #0XA3F8
(    libInnoSecure.so[0xCBBCB000])[CF F6 EF 45 ]0x00004440:	MOVT	R5, #0XFCEF	;(R5=0x0000A3F8 )
(    libInnoSecure.so[0xCBBCB000])[2A 44       ]0x00004444:	ADD	R2, R5	;(R2=0x12A397BB R5=0xFCEFA3F8 )
(    libInnoSecure.so[0xCBBCB000])[00 EB F2 52 ]0x00004446:	ADD.W	R2, R0, R2, ROR #23	;(R0=0x03EC3FB5 R2=0x0F933BB3 )
(    libInnoSecure.so[0xCBBCB000])[02 EA 01 05 ]0x0000444A:	AND.W	R5, R2, R1	;(R2=0x2A63A5D4 R1=0xCD9075BE )
(    libInnoSecure.so[0xCBBCB000])[35 43       ]0x0000444E:	ORRS	R5, R6	;(R5=0x08002594 R6=0x026C0A01 )
(    libInnoSecure.so[0xCBBCB000])[22 EA 00 06 ]0x00004450:	BIC.W	R6, R2, R0	;(R2=0x2A63A5D4 R0=0x03EC3FB5 )
(    libInnoSecure.so[0xCBBCB000])[2C 44       ]0x00004454:	ADD	R4, R5	;(R4=0x8E69C376 R5=0x0A6C2F95 )
(    libInnoSecure.so[0xCBBCB000])[40 F2 D9 25 ]0x00004456:	MOVW	R5, #0X2D9
(    libInnoSecure.so[0xCBBCB000])[C6 F2 6F 75 ]0x0000445A:	MOVT	R5, #0X676F	;(R5=0x000002D9 )
(    libInnoSecure.so[0xCBBCB000])[2C 44       ]0x0000445E:	ADD	R4, R5	;(R4=0x98D5F30B R5=0x676F02D9 )
(    libInnoSecure.so[0xCBBCB000])[02 EB B4 44 ]0x00004460:	ADD.W	R4, R2, R4, ROR #18	;(R2=0x2A63A5D4 R4=0x0044F5E4 )
(    libInnoSecure.so[0xCBBCB000])[04 EA 00 05 ]0x00004464:	AND.W	R5, R4, R0	;(R4=0x67DCA5E5 R0=0x03EC3FB5 )
(    libInnoSecure.so[0xCBBCB000])[48 44       ]0x00004468:	ADD	R0, SB	;(R0=0x03EC3FB5 SB=0x31383033 )
(    libInnoSecure.so[0xCBBCB000])[35 43       ]0x0000446A:	ORRS	R5, R6	;(R5=0x03CC25A5 R6=0x28038040 )
(    libInnoSecure.so[0xCBBCB000])[0D 9E       ]0x0000446C:	LDR	R6, [SP, #0X34]	;(SP=0x100FFD18 )
(    libInnoSecure.so[0xCBBCB000])[DD F8 18 90 ]0x0000446E:	LDR.W	SB, [SP, #0X18]	;(SP=0x100FFD18 )
(    libInnoSecure.so[0xCBBCB000])[31 44       ]0x00004472:	ADD	R1, R6	;(R1=0xCD9075BE R6=0x31303130 )
(    libInnoSecure.so[0xCBBCB000])[0E 9E       ]0x00004474:	LDR	R6, [SP, #0X38]	;(SP=0x100FFD18 )
(    libInnoSecure.so[0xCBBCB000])[29 44       ]0x00004476:	ADD	R1, R5	;(R1=0xFEC0A6EE R5=0x2BCFA5E5 )
(    libInnoSecure.so[0xCBBCB000])[44 F6 8A 45 ]0x00004478:	MOVW	R5, #0X4C8A
(    libInnoSecure.so[0xCBBCB000])[C8 F6 2A 55 ]0x0000447C:	MOVT	R5, #0X8D2A	;(R5=0x00004C8A )
(    libInnoSecure.so[0xCBBCB000])[29 44       ]0x00004480:	ADD	R1, R5	;(R1=0x2A904CD3 R5=0x8D2A4C8A )
(    libInnoSecure.so[0xCBBCB000])[84 EA 02 05 ]0x00004482:	EOR.W	R5, R4, R2	;(R4=0x67DCA5E5 R2=0x2A63A5D4 )
(    libInnoSecure.so[0xCBBCB000])[1A 44       ]0x00004486:	ADD	R2, R3	;(R2=0x2A63A5D4 R3=0x61323930 )
(    libInnoSecure.so[0xCBBCB000])[04 EB 31 31 ]0x00004488:	ADD.W	R1, R4, R1, ROR #12	;(R4=0x67DCA5E5 R1=0xB7BA995D )
(    libInnoSecure.so[0xCBBCB000])[11 9B       ]0x0000448C:	LDR	R3, [SP, #0X44]	;(SP=0x100FFD18 )
(    libInnoSecure.so[0xCBBCB000])[4D 40       ]0x0000448E:	EORS	R5, R1	;(R5=0x4DBF0031 R1=0xFDB8218E )
(    libInnoSecure.so[0xCBBCB000])[28 44       ]0x00004490:	ADD	R0, R5	;(R0=0x35246FE8 R5=0xB00721BF )
(    libInnoSecure.so[0xCBBCB000])[43 F6 42 15 ]0x00004492:	MOVW	R5, #0X3942
(    libInnoSecure.so[0xCBBCB000])[CF F6 FA 75 ]0x00004496:	MOVT	R5, #0XFFFA	;(R5=0x00003942 )
(    libInnoSecure.so[0xCBBCB000])[28 44       ]0x0000449A:	ADD	R0, R5	;(R0=0xE52B91A7 R5=0xFFFA3942 )
(    libInnoSecure.so[0xCBBCB000])[81 EA 04 05 ]0x0000449C:	EOR.W	R5, R1, R4	;(R1=0xFDB8218E R4=0x67DCA5E5 )
(    libInnoSecure.so[0xCBBCB000])[54 44       ]0x000044A0:	ADD	R4, SL	;(R4=0x67DCA5E5 SL=0x31306430 )
(    libInnoSecure.so[0xCBBCB000])[01 EB 30 70 ]0x000044A2:	ADD.W	R0, R1, R0, ROR #28	;(R1=0xFDB8218E R0=0xE525CAE9 )
(    libInnoSecure.so[0xCBBCB000])[DD F8 30 A0 ]0x000044A6:	LDR.W	SL, [SP, #0X30]	;(SP=0x100FFD18 )
(    libInnoSecure.so[0xCBBCB000])[45 40       ]0x000044AA:	EORS	R5, R0	;(R5=0x9A64846B R0=0x5014D02C )
(    libInnoSecure.so[0xCBBCB000])[2A 44       ]0x000044AC:	ADD	R2, R5	;(R2=0x8B95DF04 R5=0xCA705447 )
(    libInnoSecure.so[0xCBBCB000])[4F F2 81 65 ]0x000044AE:	MOVW	R5, #0XF681
(    libInnoSecure.so[0xCBBCB000])[C8 F2 71 75 ]0x000044B2:	MOVT	R5, #0X8771	;(R5=0x0000F681 )
(    libInnoSecure.so[0xCBBCB000])[2A 44       ]0x000044B6:	ADD	R2, R5	;(R2=0x5606334B R5=0x8771F681 )
(    libInnoSecure.so[0xCBBCB000])[80 EA 01 05 ]0x000044B8:	EOR.W	R5, R0, R1	;(R0=0x5014D02C R1=0xFDB8218E )
(    libInnoSecure.so[0xCBBCB000])[61 44       ]0x000044BC:	ADD	R1, IP	;(R1=0xFDB8218E IP=0x31383330 )
(    libInnoSecure.so[0xCBBCB000])[00 EB 72 52 ]0x000044BE:	ADD.W	R2, R0, R2, ROR #21	;(R0=0x5014D02C R2=0xDD7829CC )
(    libInnoSecure.so[0xCBBCB000])[DD F8 3C C0 ]0x000044C2:	LDR.W	IP, [SP, #0X3C]	;(SP=0x100FFD18 )
(    libInnoSecure.so[0xCBBCB000])[55 40       ]0x000044C6:	EORS	R5, R2	;(R5=0xADACF1A2 R2=0x11633717 )
(    libInnoSecure.so[0xCBBCB000])[2C 44       ]0x000044C8:	ADD	R4, R5	;(R4=0x990D0A15 R5=0xBCCFC6B5 )
(    libInnoSecure.so[0xCBBCB000])[46 F2 22 15 ]0x000044CA:	MOVW	R5, #0X6122
(    libInnoSecure.so[0xCBBCB000])[C6 F6 9D 55 ]0x000044CE:	MOVT	R5, #0X6D9D	;(R5=0x00006122 )
(    libInnoSecure.so[0xCBBCB000])[2C 44       ]0x000044D2:	ADD	R4, R5	;(R4=0x55DCD0CA R5=0x6D9D6122 )
(    libInnoSecure.so[0xCBBCB000])[82 EA 00 05 ]0x000044D4:	EOR.W	R5, R2, R0	;(R2=0x11633717 R0=0x5014D02C )
(    libInnoSecure.so[0xCBBCB000])[18 44       ]0x000044D8:	ADD	R0, R3	;(R0=0x5014D02C R3=0x33313330 )
(    libInnoSecure.so[0xCBBCB000])[02 EB 34 44 ]0x000044DA:	ADD.W	R4, R2, R4, ROR #16	;(R2=0x11633717 R4=0xC37A31EC )
(    libInnoSecure.so[0xCBBCB000])[73 46       ]0x000044DE:	MOV	R3, LR	;(LR=0x36306430 )
(    libInnoSecure.so[0xCBBCB000])[65 40       ]0x000044E0:	EORS	R5, R4	;(R5=0x4177E73B R4=0x434FFA91 )
(    libInnoSecure.so[0xCBBCB000])[29 44       ]0x000044E2:	ADD	R1, R5	;(R1=0x2EF054BE R5=0x02381DAA )
(    libInnoSecure.so[0xCBBCB000])[43 F6 0C 05 ]0x000044E4:	MOVW	R5, #0X380C
(    libInnoSecure.so[0xCBBCB000])[CF F6 E5 55 ]0x000044E8:	MOVT	R5, #0XFDE5	;(R5=0x0000380C )
(    libInnoSecure.so[0xCBBCB000])[29 44       ]0x000044EC:	ADD	R1, R5	;(R1=0x31287268 R5=0xFDE5380C )
(    libInnoSecure.so[0xCBBCB000])[84 EA 02 05 ]0x000044EE:	EOR.W	R5, R4, R2	;(R4=0x434FFA91 R2=0x11633717 )
(    libInnoSecure.so[0xCBBCB000])[5A 44       ]0x000044F2:	ADD	R2, FP	;(R2=0x11633717 FP=0x65363136 )
(    libInnoSecure.so[0xCBBCB000])[04 EB 71 21 ]0x000044F4:	ADD.W	R1, R4, R1, ROR #9	;(R4=0x434FFA91 R1=0x2F0DAA74 )
(    libInnoSecure.so[0xCBBCB000])[DD F8 08 B0 ]0x000044F8:	LDR.W	FP, [SP, #8]	;(SP=0x100FFD18 )
(    libInnoSecure.so[0xCBBCB000])[4D 40       ]0x000044FC:	EORS	R5, R1	;(R5=0x522CCD86 R1=0x7D678166 )
(    libInnoSecure.so[0xCBBCB000])[28 44       ]0x000044FE:	ADD	R0, R5	;(R0=0x8346035C R5=0x2F4B4CE0 )
(    libInnoSecure.so[0xCBBCB000])[4E F6 44 25 ]0x00004500:	MOVW	R5, #0XEA44
(    libInnoSecure.so[0xCBBCB000])[CA F2 BE 45 ]0x00004504:	MOVT	R5, #0XA4BE	;(R5=0x0000EA44 )
(    libInnoSecure.so[0xCBBCB000])[28 44       ]0x00004508:	ADD	R0, R5	;(R0=0xB291503C R5=0xA4BEEA44 )
(    libInnoSecure.so[0xCBBCB000])[81 EA 04 05 ]0x0000450A:	EOR.W	R5, R1, R4	;(R1=0x7D678166 R4=0x434FFA91 )
(    libInnoSecure.so[0xCBBCB000])[1C 44       ]0x0000450E:	ADD	R4, R3	;(R4=0x434FFA91 R3=0x36306430 )
(    libInnoSecure.so[0xCBBCB000])[01 EB 30 70 ]0x00004510:	ADD.W	R0, R1, R0, ROR #28	;(R1=0x7D678166 R0=0x57503A80 )
(    libInnoSecure.so[0xCBBCB000])[45 40       ]0x00004514:	EORS	R5, R0	;(R5=0x3E287BF7 R0=0xF26B296B )
(    libInnoSecure.so[0xCBBCB000])[2A 44       ]0x00004516:	ADD	R2, R5	;(R2=0x7699684D R5=0xCC43529C )
(    libInnoSecure.so[0xCBBCB000])[4C F6 A9 75 ]0x00004518:	MOVW	R5, #0XCFA9
(    libInnoSecure.so[0xCBBCB000])[C4 F6 DE 35 ]0x0000451C:	MOVT	R5, #0X4BDE	;(R5=0x0000CFA9 )
(    libInnoSecure.so[0xCBBCB000])[2A 44       ]0x00004520:	ADD	R2, R5	;(R2=0x42DCBAE9 R5=0x4BDECFA9 )
(    libInnoSecure.so[0xCBBCB000])[80 EA 01 05 ]0x00004522:	EOR.W	R5, R0, R1	;(R0=0xF26B296B R1=0x7D678166 )
(    libInnoSecure.so[0xCBBCB000])[59 44       ]0x00004526:	ADD	R1, FP	;(R1=0x7D678166 FP=0x37663638 )
(    libInnoSecure.so[0xCBBCB000])[00 EB 72 52 ]0x00004528:	ADD.W	R2, R0, R2, ROR #21	;(R0=0xF26B296B R2=0x8EBB8A92 )
(    libInnoSecure.so[0xCBBCB000])[55 40       ]0x0000452C:	EORS	R5, R2	;(R5=0x8F0CA80D R2=0xCEBFBDE0 )
(    libInnoSecure.so[0xCBBCB000])[2C 44       ]0x0000452E:	ADD	R4, R5	;(R4=0x79805EC1 R5=0x41B315ED )
(    libInnoSecure.so[0xCBBCB000])[44 F6 60 35 ]0x00004530:	MOVW	R5, #0X4B60
(    libInnoSecure.so[0xCBBCB000])[CF F2 BB 65 ]0x00004534:	MOVT	R5, #0XF6BB	;(R5=0x00004B60 )
(    libInnoSecure.so[0xCBBCB000])[2C 44       ]0x00004538:	ADD	R4, R5	;(R4=0xBB3374AE R5=0xF6BB4B60 )
(    libInnoSecure.so[0xCBBCB000])[82 EA 00 05 ]0x0000453A:	EOR.W	R5, R2, R0	;(R2=0xCEBFBDE0 R0=0xF26B296B )
(    libInnoSecure.so[0xCBBCB000])[40 44       ]0x0000453E:	ADD	R0, R8	;(R0=0xF26B296B R8=0x30303530 )
(    libInnoSecure.so[0xCBBCB000])[02 EB 34 44 ]0x00004540:	ADD.W	R4, R2, R4, ROR #16	;(R2=0xCEBFBDE0 R4=0xB1EEC00E )
(    libInnoSecure.so[0xCBBCB000])[DD F8 34 80 ]0x00004544:	LDR.W	R8, [SP, #0X34]	;(SP=0x100FFD18 )
(    libInnoSecure.so[0xCBBCB000])[65 40       ]0x00004548:	EORS	R5, R4	;(R5=0x3CD4948B R4=0x8ECE6FCE )
(    libInnoSecure.so[0xCBBCB000])[29 44       ]0x0000454A:	ADD	R1, R5	;(R1=0xB4CDB79E R5=0xB21AFB45 )
(    libInnoSecure.so[0xCBBCB000])[4B F6 70 45 ]0x0000454C:	MOVW	R5, #0XBC70
(    libInnoSecure.so[0xCBBCB000])[CB F6 BF 65 ]0x00004550:	MOVT	R5, #0XBEBF	;(R5=0x0000BC70 )
(    libInnoSecure.so[0xCBBCB000])[29 44       ]0x00004554:	ADD	R1, R5	;(R1=0x66E8B2E3 R5=0xBEBFBC70 )
(    libInnoSecure.so[0xCBBCB000])[84 EA 02 05 ]0x00004556:	EOR.W	R5, R4, R2	;(R4=0x8ECE6FCE R2=0xCEBFBDE0 )
(    libInnoSecure.so[0xCBBCB000])[32 44       ]0x0000455A:	ADD	R2, R6	;(R2=0xCEBFBDE0 R6=0x34303535 )
(    libInnoSecure.so[0xCBBCB000])[04 EB 71 21 ]0x0000455C:	ADD.W	R1, R4, R1, ROR #9	;(R4=0x8ECE6FCE R1=0x25A86F53 )
(    libInnoSecure.so[0xCBBCB000])[4D 40       ]0x00004560:	EORS	R5, R1	;(R5=0x4071D22E R1=0x38614405 )
(    libInnoSecure.so[0xCBBCB000])[28 44       ]0x00004562:	ADD	R0, R5	;(R0=0x229B5E9B R5=0x7810962B )
(    libInnoSecure.so[0xCBBCB000])[47 F6 C6 65 ]0x00004564:	MOVW	R5, #0X7EC6
(    libInnoSecure.so[0xCBBCB000])[C2 F6 9B 05 ]0x00004568:	MOVT	R5, #0X289B	;(R5=0x00007EC6 )
(    libInnoSecure.so[0xCBBCB000])[28 44       ]0x0000456C:	ADD	R0, R5	;(R0=0x9AABF4C6 R5=0x289B7EC6 )
(    libInnoSecure.so[0xCBBCB000])[81 EA 04 05 ]0x0000456E:	EOR.W	R5, R1, R4	;(R1=0x38614405 R4=0x8ECE6FCE )
(    libInnoSecure.so[0xCBBCB000])[64 44       ]0x00004572:	ADD	R4, IP	;(R4=0x8ECE6FCE IP=0x62343537 )
(    libInnoSecure.so[0xCBBCB000])[01 EB 30 70 ]0x00004574:	ADD.W	R0, R1, R0, ROR #28	;(R1=0x38614405 R0=0xC347738C )
(    libInnoSecure.so[0xCBBCB000])[45 40       ]0x00004578:	EORS	R5, R0	;(R5=0xB6AF2BCB R0=0x6CD87CD1 )
(    libInnoSecure.so[0xCBBCB000])[2A 44       ]0x0000457A:	ADD	R2, R5	;(R2=0x02EFF315 R5=0xDA77571A )
(    libInnoSecure.so[0xCBBCB000])[42 F2 FA 75 ]0x0000457C:	MOVW	R5, #0X27FA
(    libInnoSecure.so[0xCBBCB000])[CE F6 A1 25 ]0x00004580:	MOVT	R5, #0XEAA1	;(R5=0x000027FA )
(    libInnoSecure.so[0xCBBCB000])[2A 44       ]0x00004584:	ADD	R2, R5	;(R2=0xDD674A2F R5=0xEAA127FA )
(    libInnoSecure.so[0xCBBCB000])[80 EA 01 05 ]0x00004586:	EOR.W	R5, R0, R1	;(R0=0x6CD87CD1 R1=0x38614405 )
(    libInnoSecure.so[0xCBBCB000])[49 44       ]0x0000458A:	ADD	R1, SB	;(R1=0x38614405 SB=0x30336639 )
(    libInnoSecure.so[0xCBBCB000])[00 EB 72 52 ]0x0000458C:	ADD.W	R2, R0, R2, ROR #21	;(R0=0x6CD87CD1 R2=0xC8087229 )
(    libInnoSecure.so[0xCBBCB000])[55 40       ]0x00004590:	EORS	R5, R2	;(R5=0x54B938D4 R2=0xB069CB11 )
(    libInnoSecure.so[0xCBBCB000])[2C 44       ]0x00004592:	ADD	R4, R5	;(R4=0xF102A505 R5=0xE4D0F3C5 )
(    libInnoSecure.so[0xCBBCB000])[43 F2 85 05 ]0x00004594:	MOVW	R5, #0X3085
(    libInnoSecure.so[0xCBBCB000])[CD F2 EF 45 ]0x00004598:	MOVT	R5, #0XD4EF	;(R5=0x00003085 )
(    libInnoSecure.so[0xCBBCB000])[2C 44       ]0x0000459C:	ADD	R4, R5	;(R4=0xD5D398CA R5=0xD4EF3085 )
(    libInnoSecure.so[0xCBBCB000])[82 EA 00 05 ]0x0000459E:	EOR.W	R5, R2, R0	;(R2=0xB069CB11 R0=0x6CD87CD1 )
(    libInnoSecure.so[0xCBBCB000])[02 EB 34 44 ]0x000045A2:	ADD.W	R4, R2, R4, ROR #16	;(R2=0xB069CB11 R4=0xAAC2C94F )
(    libInnoSecure.so[0xCBBCB000])[65 40       ]0x000045A6:	EORS	R5, R4	;(R5=0xDCB1B7C0 R4=0x79B975D3 )
(    libInnoSecure.so[0xCBBCB000])[29 44       ]0x000045A8:	ADD	R1, R5	;(R1=0x6894AA3E R5=0xA508C213 )
(    libInnoSecure.so[0xCBBCB000])[41 F6 05 55 ]0x000045AA:	MOVW	R5, #0X1D05
(    libInnoSecure.so[0xCBBCB000])[C0 F2 88 45 ]0x000045AE:	MOVT	R5, #0X488	;(R5=0x00001D05 )
(    libInnoSecure.so[0xCBBCB000])[29 44       ]0x000045B2:	ADD	R1, R5	;(R1=0x0D9D6C51 R5=0x04881D05 )
(    libInnoSecure.so[0xCBBCB000])[84 EA 02 05 ]0x000045B4:	EOR.W	R5, R4, R2	;(R4=0x79B975D3 R2=0xB069CB11 )
(    libInnoSecure.so[0xCBBCB000])[42 44       ]0x000045B8:	ADD	R2, R8	;(R2=0xB069CB11 R8=0x31303130 )
(    libInnoSecure.so[0xCBBCB000])[04 EB 71 21 ]0x000045BA:	ADD.W	R1, R4, R1, ROR #9	;(R4=0x79B975D3 R1=0x12258956 )
(    libInnoSecure.so[0xCBBCB000])[85 EA 01 0E ]0x000045BE:	EOR.W	LR, R5, R1	;(R5=0xC9D0BEC2 R1=0x24C28897 )
(    libInnoSecure.so[0xCBBCB000])[10 9D       ]0x000045C2:	LDR	R5, [SP, #0X40]	;(SP=0x100FFD18 )
(    libInnoSecure.so[0xCBBCB000])[28 44       ]0x000045C4:	ADD	R0, R5	;(R0=0x6CD87CD1 R5=0x38343638 )
(    libInnoSecure.so[0xCBBCB000])[4D F2 39 05 ]0x000045C6:	MOVW	R5, #0XD039
(    libInnoSecure.so[0xCBBCB000])[70 44       ]0x000045CA:	ADD	R0, LR	;(R0=0xA50CB309 LR=0xED123655 )
(    libInnoSecure.so[0xCBBCB000])[CD F6 D4 15 ]0x000045CC:	MOVT	R5, #0XD9D4	;(R5=0x0000D039 )
(    libInnoSecure.so[0xCBBCB000])[28 44       ]0x000045D0:	ADD	R0, R5	;(R0=0x921EE95E R5=0xD9D4D039 )
(    libInnoSecure.so[0xCBBCB000])[81 EA 04 05 ]0x000045D2:	EOR.W	R5, R1, R4	;(R1=0x24C28897 R4=0x79B975D3 )
(    libInnoSecure.so[0xCBBCB000])[DD F8 0C E0 ]0x000045D6:	LDR.W	LR, [SP, #0XC]	;(SP=0x100FFD18 )
(    libInnoSecure.so[0xCBBCB000])[01 EB 30 70 ]0x000045DA:	ADD.W	R0, R1, R0, ROR #28	;(R1=0x24C28897 R0=0x6BF3B997 )
(    libInnoSecure.so[0xCBBCB000])[45 40       ]0x000045DE:	EORS	R5, R0	;(R5=0x5D7BFD44 R0=0xE3FE220D )
(    libInnoSecure.so[0xCBBCB000])[74 44       ]0x000045E0:	ADD	R4, LR	;(R4=0x79B975D3 LR=0x30306438 )
(    libInnoSecure.so[0xCBBCB000])[2A 44       ]0x000045E2:	ADD	R2, R5	;(R2=0xE199FC41 R5=0xBE85DF49 )
(    libInnoSecure.so[0xCBBCB000])[49 F6 E5 15 ]0x000045E4:	MOVW	R5, #0X99E5
(    libInnoSecure.so[0xCBBCB000])[CE F2 DB 65 ]0x000045E8:	MOVT	R5, #0XE6DB	;(R5=0x000099E5 )
(    libInnoSecure.so[0xCBBCB000])[2A 44       ]0x000045EC:	ADD	R2, R5	;(R2=0xA01FDB8A R5=0xE6DB99E5 )
(    libInnoSecure.so[0xCBBCB000])[80 EA 01 05 ]0x000045EE:	EOR.W	R5, R0, R1	;(R0=0xE3FE220D R1=0x24C28897 )
(    libInnoSecure.so[0xCBBCB000])[51 44       ]0x000045F2:	ADD	R1, SL	;(R1=0x24C28897 SL=0x31353530 )
(    libInnoSecure.so[0xCBBCB000])[00 EB 72 52 ]0x000045F4:	ADD.W	R2, R0, R2, ROR #21	;(R0=0xE3FE220D R2=0x86FB756F )
(    libInnoSecure.so[0xCBBCB000])[55 40       ]0x000045F8:	EORS	R5, R2	;(R5=0xC73CAA9A R2=0xBFA99E44 )
(    libInnoSecure.so[0xCBBCB000])[2C 44       ]0x000045FA:	ADD	R4, R5	;(R4=0xA9E9DA0B R5=0x789534DE )
(    libInnoSecure.so[0xCBBCB000])[47 F6 F8 45 ]0x000045FC:	MOVW	R5, #0X7CF8
(    libInnoSecure.so[0xCBBCB000])[C1 F6 A2 75 ]0x00004600:	MOVT	R5, #0X1FA2	;(R5=0x00007CF8 )
(    libInnoSecure.so[0xCBBCB000])[2C 44       ]0x00004604:	ADD	R4, R5	;(R4=0x227F0EE9 R5=0x1FA27CF8 )
(    libInnoSecure.so[0xCBBCB000])[82 EA 00 05 ]0x00004606:	EOR.W	R5, R2, R0	;(R2=0xBFA99E44 R0=0xE3FE220D )
(    libInnoSecure.so[0xCBBCB000])[30 44       ]0x0000460A:	ADD	R0, R6	;(R0=0xE3FE220D R6=0x34303535 )
(    libInnoSecure.so[0xCBBCB000])[02 EB 34 44 ]0x0000460C:	ADD.W	R4, R2, R4, ROR #16	;(R2=0xBFA99E44 R4=0x42218BE1 )
(    libInnoSecure.so[0xCBBCB000])[45 F6 C3 16 ]0x00004610:	MOVW	R6, #0X59C3
(    libInnoSecure.so[0xCBBCB000])[65 40       ]0x00004614:	EORS	R5, R4	;(R5=0x5C57BC49 R4=0x4B8AE065 )
(    libInnoSecure.so[0xCBBCB000])[C6 F2 5B 56 ]0x00004616:	MOVT	R6, #0X655B	;(R6=0x000059C3 )
(    libInnoSecure.so[0xCBBCB000])[29 44       ]0x0000461A:	ADD	R1, R5	;(R1=0x55F7BDC7 R5=0x17DD5C2C )
(    libInnoSecure.so[0xCBBCB000])[45 F2 65 65 ]0x0000461C:	MOVW	R5, #0X5665
(    libInnoSecure.so[0xCBBCB000])[CC F2 AC 45 ]0x00004620:	MOVT	R5, #0XC4AC	;(R5=0x00005665 )
(    libInnoSecure.so[0xCBBCB000])[29 44       ]0x00004624:	ADD	R1, R5	;(R1=0x6DD519F3 R5=0xC4AC5665 )
(    libInnoSecure.so[0xCBBCB000])[04 EB 71 21 ]0x00004626:	ADD.W	R1, R4, R1, ROR #9	;(R4=0x4B8AE065 R1=0x32817058 )
(    libInnoSecure.so[0xCBBCB000])[61 EA 02 05 ]0x0000462A:	ORN	R5, R1, R2	;(R1=0x77A4211D R2=0xBFA99E44 )
(    libInnoSecure.so[0xCBBCB000])[1A 44       ]0x0000462E:	ADD	R2, R3	;(R2=0xBFA99E44 R3=0x36306430 )
(    libInnoSecure.so[0xCBBCB000])[65 40       ]0x00004630:	EORS	R5, R4	;(R5=0x77F661BF R4=0x4B8AE065 )
(    libInnoSecure.so[0xCBBCB000])[01 9B       ]0x00004632:	LDR	R3, [SP, #4]	;(SP=0x100FFD18 )
(    libInnoSecure.so[0xCBBCB000])[28 44       ]0x00004634:	ADD	R0, R5	;(R0=0x182E5742 R5=0x3C7C81DA )
(    libInnoSecure.so[0xCBBCB000])[42 F2 44 25 ]0x00004636:	MOVW	R5, #0X2244
(    libInnoSecure.so[0xCBBCB000])[CF F2 29 45 ]0x0000463A:	MOVT	R5, #0XF429	;(R5=0x00002244 )
(    libInnoSecure.so[0xCBBCB000])[28 44       ]0x0000463E:	ADD	R0, R5	;(R0=0x54AAD91C R5=0xF4292244 )
(    libInnoSecure.so[0xCBBCB000])[23 44       ]0x00004640:	ADD	R3, R4	;(R3=0x31383330 R4=0x4B8AE065 )
(    libInnoSecure.so[0xCBBCB000])[01 EB B0 60 ]0x00004642:	ADD.W	R0, R1, R0, ROR #26	;(R1=0x77A4211D R0=0x48D3FB60 )
(    libInnoSecure.so[0xCBBCB000])[60 EA 04 05 ]0x00004646:	ORN	R5, R0, R4	;(R0=0xACA2F92F R4=0x4B8AE065 )
(    libInnoSecure.so[0xCBBCB000])[42 F2 A7 34 ]0x0000464A:	MOVW	R4, #0X23A7
(    libInnoSecure.so[0xCBBCB000])[4D 40       ]0x0000464E:	EORS	R5, R1	;(R5=0xBCF7FFBF R1=0x77A4211D )
(    libInnoSecure.so[0xCBBCB000])[CA F6 94 34 ]0x00004650:	MOVT	R4, #0XAB94	;(R4=0x000023A7 )
(    libInnoSecure.so[0xCBBCB000])[2A 44       ]0x00004654:	ADD	R2, R5	;(R2=0xF5DA0274 R5=0xCB53DEA2 )
(    libInnoSecure.so[0xCBBCB000])[4F F6 97 75 ]0x00004656:	MOVW	R5, #0XFF97
(    libInnoSecure.so[0xCBBCB000])[C4 F2 2A 35 ]0x0000465A:	MOVT	R5, #0X432A	;(R5=0x0000FF97 )
(    libInnoSecure.so[0xCBBCB000])[2A 44       ]0x0000465E:	ADD	R2, R5	;(R2=0xC12DE116 R5=0x432AFF97 )
(    libInnoSecure.so[0xCBBCB000])[00 EB B2 52 ]0x00004660:	ADD.W	R2, R0, R2, ROR #22	;(R0=0xACA2F92F R2=0x0458E0AD )
(    libInnoSecure.so[0xCBBCB000])[62 EA 01 05 ]0x00004664:	ORN	R5, R2, R1	;(R2=0x1025AD40 R1=0x77A4211D )
(    libInnoSecure.so[0xCBBCB000])[45 40       ]0x00004668:	EORS	R5, R0	;(R5=0x987FFFE2 R0=0xACA2F92F )
(    libInnoSecure.so[0xCBBCB000])[2B 44       ]0x0000466A:	ADD	R3, R5	;(R3=0x7CC31395 R5=0x34DD06CD )
(    libInnoSecure.so[0xCBBCB000])[09 9D       ]0x0000466C:	LDR	R5, [SP, #0X24]	;(SP=0x100FFD18 )
(    libInnoSecure.so[0xCBBCB000])[23 44       ]0x0000466E:	ADD	R3, R4	;(R3=0xB1A01A62 R4=0xAB9423A7 )
(    libInnoSecure.so[0xCBBCB000])[29 44       ]0x00004670:	ADD	R1, R5	;(R1=0x77A4211D R5=0x31383033 )
(    libInnoSecure.so[0xCBBCB000])[11 9D       ]0x00004672:	LDR	R5, [SP, #0X44]	;(SP=0x100FFD18 )
(    libInnoSecure.so[0xCBBCB000])[02 EB 73 43 ]0x00004674:	ADD.W	R3, R2, R3, ROR #17	;(R2=0x1025AD40 R3=0x5D343E09 )
(    libInnoSecure.so[0xCBBCB000])[63 EA 00 04 ]0x00004678:	ORN	R4, R3, R0	;(R3=0x2F2A5BDA R0=0xACA2F92F )
(    libInnoSecure.so[0xCBBCB000])[40 44       ]0x0000467C:	ADD	R0, R8	;(R0=0xACA2F92F R8=0x31303130 )
(    libInnoSecure.so[0xCBBCB000])[54 40       ]0x0000467E:	EORS	R4, R2	;(R4=0x7F7F5FDA R2=0x1025AD40 )
(    libInnoSecure.so[0xCBBCB000])[21 44       ]0x00004680:	ADD	R1, R4	;(R1=0xA8DC5150 R4=0x6F5AF29A )
(    libInnoSecure.so[0xCBBCB000])[4A F2 39 04 ]0x00004682:	MOVW	R4, #0XA039
(    libInnoSecure.so[0xCBBCB000])[CF F6 93 44 ]0x00004686:	MOVT	R4, #0XFC93	;(R4=0x0000A039 )
(    libInnoSecure.so[0xCBBCB000])[21 44       ]0x0000468A:	ADD	R1, R4	;(R1=0x183743EA R4=0xFC93A039 )
(    libInnoSecure.so[0xCBBCB000])[03 EB F1 21 ]0x0000468C:	ADD.W	R1, R3, R1, ROR #11	;(R3=0x2F2A5BDA R1=0x14CAE423 )
(    libInnoSecure.so[0xCBBCB000])[61 EA 02 04 ]0x00004690:	ORN	R4, R1, R2	;(R1=0xB38CF536 R2=0x1025AD40 )
(    libInnoSecure.so[0xCBBCB000])[62 44       ]0x00004694:	ADD	R2, IP	;(R2=0x1025AD40 IP=0x62343537 )
(    libInnoSecure.so[0xCBBCB000])[5C 40       ]0x00004696:	EORS	R4, R3	;(R4=0xFFDEF7BF R3=0x2F2A5BDA )
(    libInnoSecure.so[0xCBBCB000])[DD F8 1C C0 ]0x00004698:	LDR.W	IP, [SP, #0X1C]	;(SP=0x100FFD18 )
(    libInnoSecure.so[0xCBBCB000])[20 44       ]0x0000469C:	ADD	R0, R4	;(R0=0xDDD32A5F R4=0xD0F4AC65 )
(    libInnoSecure.so[0xCBBCB000])[30 44       ]0x0000469E:	ADD	R0, R6	;(R0=0xAEC7D6C4 R6=0x655B59C3 )
(    libInnoSecure.so[0xCBBCB000])[01 EB B0 60 ]0x000046A0:	ADD.W	R0, R1, R0, ROR #26	;(R1=0xB38CF536 R0=0x14233087 )
(    libInnoSecure.so[0xCBBCB000])[60 EA 03 06 ]0x000046A4:	ORN	R6, R0, R3	;(R0=0xBC5916FB R3=0x2F2A5BDA )
(    libInnoSecure.so[0xCBBCB000])[5B 44       ]0x000046A8:	ADD	R3, FP	;(R3=0x2F2A5BDA FP=0x37663638 )
(    libInnoSecure.so[0xCBBCB000])[4E 40       ]0x000046AA:	EORS	R6, R1	;(R6=0xFCDDB6FF R1=0xB38CF536 )
(    libInnoSecure.so[0xCBBCB000])[32 44       ]0x000046AC:	ADD	R2, R6	;(R2=0x7259E277 R6=0x4F5143C9 )
(    libInnoSecure.so[0xCBBCB000])[4C F6 92 46 ]0x000046AE:	MOVW	R6, #0XCC92
(    libInnoSecure.so[0xCBBCB000])[C8 F6 0C 76 ]0x000046B2:	MOVT	R6, #0X8F0C	;(R6=0x0000CC92 )
(    libInnoSecure.so[0xCBBCB000])[32 44       ]0x000046B6:	ADD	R2, R6	;(R2=0xC1AB2640 R6=0x8F0CCC92 )
(    libInnoSecure.so[0xCBBCB000])[00 EB B2 52 ]0x000046B8:	ADD.W	R2, R0, R2, ROR #22	;(R0=0xBC5916FB R2=0x50B7F2D2 )
(    libInnoSecure.so[0xCBBCB000])[62 EA 01 06 ]0x000046BC:	ORN	R6, R2, R1	;(R2=0x9C24603D R1=0xB38CF536 )
(    libInnoSecure.so[0xCBBCB000])[29 44       ]0x000046C0:	ADD	R1, R5	;(R1=0xB38CF536 R5=0x33313330 )
(    libInnoSecure.so[0xCBBCB000])[46 40       ]0x000046C2:	EORS	R6, R0	;(R6=0xDC776AFD R0=0xBC5916FB )
(    libInnoSecure.so[0xCBBCB000])[0A 9D       ]0x000046C4:	LDR	R5, [SP, #0X28]	;(SP=0x100FFD18 )
(    libInnoSecure.so[0xCBBCB000])[33 44       ]0x000046C6:	ADD	R3, R6	;(R3=0x66909212 R6=0x602E7C06 )
(    libInnoSecure.so[0xCBBCB000])[4F F2 7D 46 ]0x000046C8:	MOVW	R6, #0XF47D
(    libInnoSecure.so[0xCBBCB000])[CF F6 EF 76 ]0x000046CC:	MOVT	R6, #0XFFEF	;(R6=0x0000F47D )
(    libInnoSecure.so[0xCBBCB000])[33 44       ]0x000046D0:	ADD	R3, R6	;(R3=0xC6BF0E18 R6=0xFFEFF47D )
(    libInnoSecure.so[0xCBBCB000])[02 EB 73 43 ]0x000046D2:	ADD.W	R3, R2, R3, ROR #17	;(R2=0x9C24603D R3=0xC6AF0295 )
(    libInnoSecure.so[0xCBBCB000])[63 EA 00 06 ]0x000046D6:	ORN	R6, R3, R0	;(R3=0x1D6F4394 R0=0xBC5916FB )
(    libInnoSecure.so[0xCBBCB000])[28 44       ]0x000046DA:	ADD	R0, R5	;(R0=0xBC5916FB R5=0x61323930 )
(    libInnoSecure.so[0xCBBCB000])[56 40       ]0x000046DC:	EORS	R6, R2	;(R6=0x5FEFEB94 R2=0x9C24603D )
(    libInnoSecure.so[0xCBBCB000])[08 9D       ]0x000046DE:	LDR	R5, [SP, #0X20]	;(SP=0x100FFD18 )
(    libInnoSecure.so[0xCBBCB000])[31 44       ]0x000046E0:	ADD	R1, R6	;(R1=0xE6BE2866 R6=0xC3CB8BA9 )
(    libInnoSecure.so[0xCBBCB000])[45 F6 D1 56 ]0x000046E2:	MOVW	R6, #0X5DD1
(    libInnoSecure.so[0xCBBCB000])[C8 F2 84 56 ]0x000046E6:	MOVT	R6, #0X8584	;(R6=0x00005DD1 )
(    libInnoSecure.so[0xCBBCB000])[31 44       ]0x000046EA:	ADD	R1, R6	;(R1=0xAA89B40F R6=0x85845DD1 )
(    libInnoSecure.so[0xCBBCB000])[03 EB F1 21 ]0x000046EC:	ADD.W	R1, R3, R1, ROR #11	;(R3=0x1D6F4394 R1=0x300E11E0 )
(    libInnoSecure.so[0xCBBCB000])[61 EA 02 06 ]0x000046F0:	ORN	R6, R1, R2	;(R1=0x59754556 R2=0x9C24603D )
(    libInnoSecure.so[0xCBBCB000])[72 44       ]0x000046F4:	ADD	R2, LR	;(R2=0x9C24603D LR=0x30306438 )
(    libInnoSecure.so[0xCBBCB000])[5E 40       ]0x000046F6:	EORS	R6, R3	;(R6=0x7BFFDFD6 R3=0x1D6F4394 )
(    libInnoSecure.so[0xCBBCB000])[30 44       ]0x000046F8:	ADD	R0, R6	;(R0=0x1D8B502B R6=0x66909C42 )
(    libInnoSecure.so[0xCBBCB000])[47 F6 4F 66 ]0x000046FA:	MOVW	R6, #0X7E4F
(    libInnoSecure.so[0xCBBCB000])[C6 F6 A8 76 ]0x000046FE:	MOVT	R6, #0X6FA8	;(R6=0x00007E4F )
(    libInnoSecure.so[0xCBBCB000])[30 44       ]0x00004702:	ADD	R0, R6	;(R0=0x841BEC6D R6=0x6FA87E4F )
(    libInnoSecure.so[0xCBBCB000])[01 EB B0 66 ]0x00004704:	ADD.W	R6, R1, R0, ROR #26	;(R1=0x59754556 R0=0xF3C46ABC )
(    libInnoSecure.so[0xCBBCB000])[66 EA 03 00 ]0x00004708:	ORN	R0, R6, R3	;(R6=0x4A8FF492 R3=0x1D6F4394 )
(    libInnoSecure.so[0xCBBCB000])[4B 44       ]0x0000470C:	ADD	R3, SB	;(R3=0x1D6F4394 SB=0x30336639 )
(    libInnoSecure.so[0xCBBCB000])[48 40       ]0x0000470E:	EORS	R0, R1	;(R0=0xEA9FFCFB R1=0x59754556 )
(    libInnoSecure.so[0xCBBCB000])[10 44       ]0x00004710:	ADD	R0, R2	;(R0=0xB3EAB9AD R2=0xCC54C475 )
(    libInnoSecure.so[0xCBBCB000])[4E F2 E0 62 ]0x00004712:	MOVW	R2, #0XE6E0
(    libInnoSecure.so[0xCBBCB000])[CF F6 2C 62 ]0x00004716:	MOVT	R2, #0XFE2C	;(R2=0x0000E6E0 )
(    libInnoSecure.so[0xCBBCB000])[10 44       ]0x0000471A:	ADD	R0, R2	;(R0=0x803F7E22 R2=0xFE2CE6E0 )
(    libInnoSecure.so[0xCBBCB000])[06 EB B0 52 ]0x0000471C:	ADD.W	R2, R6, R0, ROR #22	;(R6=0x4A8FF492 R0=0x7E6C6502 )
(    libInnoSecure.so[0xCBBCB000])[62 EA 01 00 ]0x00004720:	ORN	R0, R2, R1	;(R2=0xFC23FE8B R1=0x59754556 )
(    libInnoSecure.so[0xCBBCB000])[29 44       ]0x00004724:	ADD	R1, R5	;(R1=0x59754556 R5=0x30303530 )
(    libInnoSecure.so[0xCBBCB000])[70 40       ]0x00004726:	EORS	R0, R6	;(R0=0xFEABFEAB R6=0x4A8FF492 )
(    libInnoSecure.so[0xCBBCB000])[0B 9D       ]0x00004728:	LDR	R5, [SP, #0X2C]	;(SP=0x100FFD18 )
(    libInnoSecure.so[0xCBBCB000])[18 44       ]0x0000472A:	ADD	R0, R3	;(R0=0xB4240A39 R3=0x4DA2A9CD )
(    libInnoSecure.so[0xCBBCB000])[44 F2 14 33 ]0x0000472C:	MOVW	R3, #0X4314
(    libInnoSecure.so[0xCBBCB000])[CA F2 01 33 ]0x00004730:	MOVT	R3, #0XA301	;(R3=0x00004314 )
(    libInnoSecure.so[0xCBBCB000])[18 44       ]0x00004734:	ADD	R0, R3	;(R0=0x01C6B406 R3=0xA3014314 )
(    libInnoSecure.so[0xCBBCB000])[02 EB 70 40 ]0x00004736:	ADD.W	R0, R2, R0, ROR #17	;(R2=0xFC23FE8B R0=0xA4C7F71A )
(    libInnoSecure.so[0xCBBCB000])[60 EA 06 03 ]0x0000473A:	ORN	R3, R0, R6	;(R0=0xF7B150EE R6=0x4A8FF492 )
(    libInnoSecure.so[0xCBBCB000])[2E 44       ]0x0000473E:	ADD	R6, R5	;(R6=0x4A8FF492 R5=0x65363136 )
(    libInnoSecure.so[0xCBBCB000])[53 40       ]0x00004740:	EORS	R3, R2	;(R3=0xF7F15BEF R2=0xFC23FE8B )
(    libInnoSecure.so[0xCBBCB000])[19 44       ]0x00004742:	ADD	R1, R3	;(R1=0x89A57A86 R3=0x0BD2A564 )
(    libInnoSecure.so[0xCBBCB000])[41 F2 A1 13 ]0x00004744:	MOVW	R3, #0X11A1
(    libInnoSecure.so[0xCBBCB000])[C4 F6 08 63 ]0x00004748:	MOVT	R3, #0X4E08	;(R3=0x000011A1 )
(    libInnoSecure.so[0xCBBCB000])[19 44       ]0x0000474C:	ADD	R1, R3	;(R1=0x95781FEA R3=0x4E0811A1 )
(    libInnoSecure.so[0xCBBCB000])[00 EB F1 21 ]0x0000474E:	ADD.W	R1, R0, R1, ROR #11	;(R0=0xF7B150EE R1=0xE380318B )
(    libInnoSecure.so[0xCBBCB000])[61 EA 02 03 ]0x00004752:	ORN	R3, R1, R2	;(R1=0x292DC0F4 R2=0xFC23FE8B )
(    libInnoSecure.so[0xCBBCB000])[43 40       ]0x00004756:	EORS	R3, R0	;(R3=0x2BFDC1F4 R0=0xF7B150EE )
(    libInnoSecure.so[0xCBBCB000])[33 44       ]0x00004758:	ADD	R3, R6	;(R3=0xDC4C911A R6=0xAFC625C8 )
(    libInnoSecure.so[0xCBBCB000])[47 F6 82 66 ]0x0000475A:	MOVW	R6, #0X7E82
(    libInnoSecure.so[0xCBBCB000])[CF F2 53 76 ]0x0000475E:	MOVT	R6, #0XF753	;(R6=0x00007E82 )
(    libInnoSecure.so[0xCBBCB000])[33 44       ]0x00004762:	ADD	R3, R6	;(R3=0x8C12B6E2 R6=0xF7537E82 )
(    libInnoSecure.so[0xCBBCB000])[DC F8 00 60 ]0x00004764:	LDR.W	R6, [IP]	;(IP=0x100FFEF8 )
(    libInnoSecure.so[0xCBBCB000])[01 EB B3 63 ]0x00004768:	ADD.W	R3, R1, R3, ROR #26	;(R1=0x292DC0F4 R3=0x83663564 )
(    libInnoSecure.so[0xCBBCB000])[1E 44       ]0x0000476C:	ADD	R6, R3	;(R6=0xA9D1E0F4 R3=0x02BB1A14 )
(    libInnoSecure.so[0xCBBCB000])[CC F8 00 60 ]0x0000476E:	STR.W	R6, [IP]	;(R6=0xAC8CFB08 IP=0x100FFEF8 )
(    libInnoSecure.so[0xCBBCB000])[05 9D       ]0x00004772:	LDR	R5, [SP, #0X14]	;(SP=0x100FFD18 )
(    libInnoSecure.so[0xCBBCB000])[63 EA 00 06 ]0x00004774:	ORN	R6, R3, R0	;(R3=0x02BB1A14 R0=0xF7B150EE )
(    libInnoSecure.so[0xCBBCB000])[4E 40       ]0x00004778:	EORS	R6, R1	;(R6=0x0AFFBF15 R1=0x292DC0F4 )
(    libInnoSecure.so[0xCBBCB000])[50 44       ]0x0000477A:	ADD	R0, SL	;(R0=0xF7B150EE SL=0x31353530 )
(    libInnoSecure.so[0xCBBCB000])[2A 44       ]0x0000477C:	ADD	R2, R5	;(R2=0xFC23FE8B R5=0x31306430 )
(    libInnoSecure.so[0xCBBCB000])[32 44       ]0x0000477E:	ADD	R2, R6	;(R2=0x2D5462BB R6=0x23D27FE1 )
(    libInnoSecure.so[0xCBBCB000])[4F F2 35 26 ]0x00004780:	MOVW	R6, #0XF235
(    libInnoSecure.so[0xCBBCB000])[CB F6 3A 56 ]0x00004784:	MOVT	R6, #0XBD3A	;(R6=0x0000F235 )
(    libInnoSecure.so[0xCBBCB000])[32 44       ]0x00004788:	ADD	R2, R6	;(R2=0x5126E29C R6=0xBD3AF235 )
(    libInnoSecure.so[0xCBBCB000])[DC E9 01 65 ]0x0000478A:	LDRD	R6, R5, [IP, #4]	;(IP=0x100FFEF8 )
(    libInnoSecure.so[0xCBBCB000])[DC F8 0C 40 ]0x0000478E:	LDR.W	R4, [IP, #0XC]	;(IP=0x100FFEF8 )
(    libInnoSecure.so[0xCBBCB000])[03 EB B2 52 ]0x00004792:	ADD.W	R2, R3, R2, ROR #22	;(R3=0x02BB1A14 R2=0x0E61D4D1 )
(    libInnoSecure.so[0xCBBCB000])[14 44       ]0x00004796:	ADD	R4, R2	;(R4=0x60C58A83 R2=0x8A0E5E4D )
(    libInnoSecure.so[0xCBBCB000])[CC F8 0C 40 ]0x00004798:	STR.W	R4, [IP, #0XC]	;(R4=0xEAD3E8D0 IP=0x100FFEF8 )
(    libInnoSecure.so[0xCBBCB000])[62 EA 01 04 ]0x0000479C:	ORN	R4, R2, R1	;(R2=0x8A0E5E4D R1=0x292DC0F4 )
(    libInnoSecure.so[0xCBBCB000])[5C 40       ]0x000047A0:	EORS	R4, R3	;(R4=0xDEDE7F4F R3=0x02BB1A14 )
(    libInnoSecure.so[0xCBBCB000])[20 44       ]0x000047A2:	ADD	R0, R4	;(R0=0x28E6861E R4=0xDC65655B )
(    libInnoSecure.so[0xCBBCB000])[4D F2 BB 24 ]0x000047A4:	MOVW	R4, #0XD2BB
(    libInnoSecure.so[0xCBBCB000])[C2 F6 D7 24 ]0x000047A8:	MOVT	R4, #0X2AD7	;(R4=0x0000D2BB )
(    libInnoSecure.so[0xCBBCB000])[20 44       ]0x000047AC:	ADD	R0, R4	;(R0=0x054BEB79 R4=0x2AD7D2BB )
(    libInnoSecure.so[0xCBBCB000])[02 EB 70 40 ]0x000047AE:	ADD.W	R0, R2, R0, ROR #17	;(R2=0x8A0E5E4D R0=0x3023BE34 )
(    libInnoSecure.so[0xCBBCB000])[05 44       ]0x000047B2:	ADD	R5, R0	;(R5=0x9659E342 R0=0x6928765E )
(    libInnoSecure.so[0xCBBCB000])[60 EA 03 03 ]0x000047B4:	ORN	R3, R0, R3	;(R0=0x6928765E R3=0x02BB1A14 )
(    libInnoSecure.so[0xCBBCB000])[CC F8 08 50 ]0x000047B8:	STR.W	R5, [IP, #8]	;(R5=0xFF8259A0 IP=0x100FFEF8 )
(    libInnoSecure.so[0xCBBCB000])[5A 40       ]0x000047BC:	EORS	R2, R3	;(R2=0x8A0E5E4D R3=0xFD6CF7FF )
(    libInnoSecure.so[0xCBBCB000])[10 9B       ]0x000047BE:	LDR	R3, [SP, #0X40]	;(SP=0x100FFD18 )
(    libInnoSecure.so[0xCBBCB000])[30 44       ]0x000047C0:	ADD	R0, R6	;(R0=0x6928765E R6=0xD3A2E785 )
(    libInnoSecure.so[0xCBBCB000])[19 44       ]0x000047C2:	ADD	R1, R3	;(R1=0x292DC0F4 R3=0x38343638 )
(    libInnoSecure.so[0xCBBCB000])[11 44       ]0x000047C4:	ADD	R1, R2	;(R1=0x6161F72C R2=0x7762A9B2 )
(    libInnoSecure.so[0xCBBCB000])[4D F2 91 32 ]0x000047C6:	MOVW	R2, #0XD391
(    libInnoSecure.so[0xCBBCB000])[CE F6 86 32 ]0x000047CA:	MOVT	R2, #0XEB86	;(R2=0x0000D391 )
(    libInnoSecure.so[0xCBBCB000])[11 44       ]0x000047CE:	ADD	R1, R2	;(R1=0xD8C4A0DE R2=0xEB86D391 )
(    libInnoSecure.so[0xCBBCB000])[00 EB F1 20 ]0x000047D0:	ADD.W	R0, R0, R1, ROR #11	;(R0=0x3CCB5DE3 R1=0xC44B746F )
(    libInnoSecure.so[0xCBBCB000])[CC F8 04 00 ]0x000047D4:	STR.W	R0, [IP, #4]	;(R0=0xCAC3E751 IP=0x100FFEF8 )
(    libInnoSecure.so[0xCBBCB000])[07 48       ]0x000047D8:	LDR	R0, [PC, #0X1C]	;(PC=0xCBBCF7D8 )
(    libInnoSecure.so[0xCBBCB000])[52 99       ]0x000047DA:	LDR	R1, [SP, #0X148]	;(SP=0x100FFD18 )
(    libInnoSecure.so[0xCBBCB000])[78 44       ]0x000047DC:	ADD	R0, PC	;(R0=0x000056C0 PC=0xCBBCF7DC )
(    libInnoSecure.so[0xCBBCB000])[00 68       ]0x000047DE:	LDR	R0, [R0]	;(R0=0xCBBD4EA0 )
(    libInnoSecure.so[0xCBBCB000])[00 68       ]0x000047E0:	LDR	R0, [R0]	;(R0=0xCBC29384 )
(    libInnoSecure.so[0xCBBCB000])[40 1A       ]0x000047E2:	SUBS	R0, R0, R1	;(R0=0x00000000 R1=0x00000000 )
(    libInnoSecure.so[0xCBBCB000])[02 BF       ]0x000047E4:	ITTT	EQ
(    libInnoSecure.so[0xCBBCB000])[53 B0       ]0x000047E6:	ADD	SP, #0X14C	;(SP=0x100FFD18 )
(    libInnoSecure.so[0xCBBCB000])[BD E8 00 0F ]0x000047E8:	POP.W	{R8, SB, SL, FP}	;(SP=0x100FFE64 )
(    libInnoSecure.so[0xCBBCB000])[F0 BD       ]0x000047EC:	POP	{R4, R5, R6, R7, PC}	;(SP=0x100FFE74 )
(    libInnoSecure.so[0xCBBCB000])[05 F1 80 00 ]0x0000402E:	ADD.W	R0, R5, #0X80	;(R5=0x000001C0 )
(    libInnoSecure.so[0xCBBCB000])[40 35       ]0x00004032:	ADDS	R5, #0X40	;(R5=0x000001C0 )
(    libInnoSecure.so[0xCBBCB000])[A0 42       ]0x00004034:	CMP	R0, R4	;(R0=0x00000240 R4=0x0000043E )
(    libInnoSecure.so[0xCBBCB000])[F5 D9       ]0x00004036:	BLS	#0XCBBCF024
(    libInnoSecure.so[0xCBBCB000])[09 EB 05 01 ]0x00004024:	ADD.W	R1, SB, R5	;(SB=0x30043020 R5=0x00000200 )
(    libInnoSecure.so[0xCBBCB000])[30 46       ]0x00004028:	MOV	R0, R6	;(R6=0x100FFEF8 )
(    libInnoSecure.so[0xCBBCB000])[00 F0 11 F8 ]0x0000402A:	BL	#0XCBBCF050	;(PC=0xCBBCF02A )
(    libInnoSecure.so[0xCBBCB000])[F0 B5       ]0x00004050:	PUSH	{R4, R5, R6, R7, LR}	;(SP=0x100FFE88 R4=0x0000043E R5=0x00000200 R6=0x100FFEF8 R7=0x100FFEA0 LR=0xCBBCF02F )
(    libInnoSecure.so[0xCBBCB000])[03 AF       ]0x00004052:	ADD	R7, SP, #0XC	;(SP=0x100FFE74 )
(    libInnoSecure.so[0xCBBCB000])[2D E9 00 0F ]0x00004054:	PUSH.W	{R8, SB, SL, FP}	;(SP=0x100FFE74 R8=0x100FFEF0 SB=0x30043020 SL=0x100FFF08 FP=0x00000007 )
(    libInnoSecure.so[0xCBBCB000])[D3 B0       ]0x00004058:	SUB	SP, #0X14C	;(SP=0x100FFE64 )
(    libInnoSecure.so[0xCBBCB000])[DF F8 98 27 ]0x0000405A:	LDR.W	R2, [PC, #0X798]	;(PC=0xCBBCF05A )
(    libInnoSecure.so[0xCBBCB000])[12 AC       ]0x0000405E:	ADD	R4, SP, #0X48	;(SP=0x100FFD18 )
(    libInnoSecure.so[0xCBBCB000])[00 25       ]0x00004060:	MOVS	R5, #0
(    libInnoSecure.so[0xCBBCB000])[7A 44       ]0x00004062:	ADD	R2, PC	;(R2=0x00005E3A PC=0xCBBCF062 )
(    libInnoSecure.so[0xCBBCB000])[12 68       ]0x00004064:	LDR	R2, [R2]	;(R2=0xCBBD4EA0 )
(    libInnoSecure.so[0xCBBCB000])[12 68       ]0x00004066:	LDR	R2, [R2]	;(R2=0xCBC29384 )
(    libInnoSecure.so[0xCBBCB000])[52 92       ]0x00004068:	STR	R2, [SP, #0X148]	;(R2=0x00000000 SP=0x100FFD18 )
(    libInnoSecure.so[0xCBBCB000])[D0 E9 00 C2 ]0x0000406A:	LDRD	IP, R2, [R0]	;(R0=0x100FFEF8 )
(    libInnoSecure.so[0xCBBCB000])[D0 F8 08 E0 ]0x0000406E:	LDR.W	LR, [R0, #8]	;(R0=0x100FFEF8 )
(    libInnoSecure.so[0xCBBCB000])[07 90       ]0x00004072:	STR	R0, [SP, #0X1C]	;(R0=0x100FFEF8 SP=0x100FFD18 )
(    libInnoSecure.so[0xCBBCB000])[C0 68       ]0x00004074:	LDR	R0, [R0, #0XC]	;(R0=0x100FFEF8 )
(    libInnoSecure.so[0xCBBCB000])[4E 59       ]0x00004076:	LDR	R6, [R1, R5]	;(R1=0x30043220 R5=0x00000000 )
(    libInnoSecure.so[0xCBBCB000])[66 51       ]0x00004078:	STR	R6, [R4, R5]	;(R6=0x31383033 R4=0x100FFD60 R5=0x00000000 )
(    libInnoSecure.so[0xCBBCB000])[04 35       ]0x0000407A:	ADDS	R5, #4	;(R5=0x00000000 )
(    libInnoSecure.so[0xCBBCB000])[40 2D       ]0x0000407C:	CMP	R5, #0X40	;(R5=0x00000004 )
(    libInnoSecure.so[0xCBBCB000])[FA D1       ]0x0000407E:	BNE	#0XCBBCF076
(    libInnoSecure.so[0xCBBCB000])[4E 59       ]0x00004076:	LDR	R6, [R1, R5]	;(R1=0x30043220 R5=0x00000004 )
(    libInnoSecure.so[0xCBBCB000])[66 51       ]0x00004078:	STR	R6, [R4, R5]	;(R6=0x32303938 R4=0x100FFD60 R5=0x00000004 )
(    libInnoSecure.so[0xCBBCB000])[04 35       ]0x0000407A:	ADDS	R5, #4	;(R5=0x00000004 )
(    libInnoSecure.so[0xCBBCB000])[40 2D       ]0x0000407C:	CMP	R5, #0X40	;(R5=0x00000008 )
(    libInnoSecure.so[0xCBBCB000])[FA D1       ]0x0000407E:	BNE	#0XCBBCF076
(    libInnoSecure.so[0xCBBCB000])[4E 59       ]0x00004076:	LDR	R6, [R1, R5]	;(R1=0x30043220 R5=0x00000008 )
(    libInnoSecure.so[0xCBBCB000])[66 51       ]0x00004078:	STR	R6, [R4, R5]	;(R6=0x31383138 R4=0x100FFD60 R5=0x00000008 )
(    libInnoSecure.so[0xCBBCB000])[04 35       ]0x0000407A:	ADDS	R5, #4	;(R5=0x00000008 )
(    libInnoSecure.so[0xCBBCB000])[40 2D       ]0x0000407C:	CMP	R5, #0X40	;(R5=0x0000000C )
(    libInnoSecure.so[0xCBBCB000])[FA D1       ]0x0000407E:	BNE	#0XCBBCF076
(    libInnoSecure.so[0xCBBCB000])[4E 59       ]0x00004076:	LDR	R6, [R1, R5]	;(R1=0x30043220 R5=0x0000000C )
(    libInnoSecure.so[0xCBBCB000])[66 51       ]0x00004078:	STR	R6, [R4, R5]	;(R6=0x61613030 R4=0x100FFD60 R5=0x0000000C )
(    libInnoSecure.so[0xCBBCB000])[04 35       ]0x0000407A:	ADDS	R5, #4	;(R5=0x0000000C )
(    libInnoSecure.so[0xCBBCB000])[40 2D       ]0x0000407C:	CMP	R5, #0X40	;(R5=0x00000010 )
(    libInnoSecure.so[0xCBBCB000])[FA D1       ]0x0000407E:	BNE	#0XCBBCF076
(    libInnoSecure.so[0xCBBCB000])[4E 59       ]0x00004076:	LDR	R6, [R1, R5]	;(R1=0x30043220 R5=0x00000010 )
(    libInnoSecure.so[0xCBBCB000])[66 51       ]0x00004078:	STR	R6, [R4, R5]	;(R6=0x65616235 R4=0x100FFD60 R5=0x00000010 )
(    libInnoSecure.so[0xCBBCB000])[04 35       ]0x0000407A:	ADDS	R5, #4	;(R5=0x00000010 )
(    libInnoSecure.so[0xCBBCB000])[40 2D       ]0x0000407C:	CMP	R5, #0X40	;(R5=0x00000014 )
(    libInnoSecure.so[0xCBBCB000])[FA D1       ]0x0000407E:	BNE	#0XCBBCF076
(    libInnoSecure.so[0xCBBCB000])[4E 59       ]0x00004076:	LDR	R6, [R1, R5]	;(R1=0x30043220 R5=0x00000014 )
(    libInnoSecure.so[0xCBBCB000])[66 51       ]0x00004078:	STR	R6, [R4, R5]	;(R6=0x37623934 R4=0x100FFD60 R5=0x00000014 )
(    libInnoSecure.so[0xCBBCB000])[04 35       ]0x0000407A:	ADDS	R5, #4	;(R5=0x00000014 )
(    libInnoSecure.so[0xCBBCB000])[40 2D       ]0x0000407C:	CMP	R5, #0X40	;(R5=0x00000018 )
(    libInnoSecure.so[0xCBBCB000])[FA D1       ]0x0000407E:	BNE	#0XCBBCF076
(    libInnoSecure.so[0xCBBCB000])[4E 59       ]0x00004076:	LDR	R6, [R1, R5]	;(R1=0x30043220 R5=0x00000018 )
(    libInnoSecure.so[0xCBBCB000])[66 51       ]0x00004078:	STR	R6, [R4, R5]	;(R6=0x38333137 R4=0x100FFD60 R5=0x00000018 )
(    libInnoSecure.so[0xCBBCB000])[04 35       ]0x0000407A:	ADDS	R5, #4	;(R5=0x00000018 )
(    libInnoSecure.so[0xCBBCB000])[40 2D       ]0x0000407C:	CMP	R5, #0X40	;(R5=0x0000001C )
(    libInnoSecure.so[0xCBBCB000])[FA D1       ]0x0000407E:	BNE	#0XCBBCF076
(    libInnoSecure.so[0xCBBCB000])[4E 59       ]0x00004076:	LDR	R6, [R1, R5]	;(R1=0x30043220 R5=0x0000001C )
(    libInnoSecure.so[0xCBBCB000])[66 51       ]0x00004078:	STR	R6, [R4, R5]	;(R6=0x39366530 R4=0x100FFD60 R5=0x0000001C )
(    libInnoSecure.so[0xCBBCB000])[04 35       ]0x0000407A:	ADDS	R5, #4	;(R5=0x0000001C )
(    libInnoSecure.so[0xCBBCB000])[40 2D       ]0x0000407C:	CMP	R5, #0X40	;(R5=0x00000020 )
(    libInnoSecure.so[0xCBBCB000])[FA D1       ]0x0000407E:	BNE	#0XCBBCF076
(    libInnoSecure.so[0xCBBCB000])[4E 59       ]0x00004076:	LDR	R6, [R1, R5]	;(R1=0x30043220 R5=0x00000020 )
(    libInnoSecure.so[0xCBBCB000])[66 51       ]0x00004078:	STR	R6, [R4, R5]	;(R6=0x34343432 R4=0x100FFD60 R5=0x00000020 )
(    libInnoSecure.so[0xCBBCB000])[04 35       ]0x0000407A:	ADDS	R5, #4	;(R5=0x00000020 )
(    libInnoSecure.so[0xCBBCB000])[40 2D       ]0x0000407C:	CMP	R5, #0X40	;(R5=0x00000024 )
(    libInnoSecure.so[0xCBBCB000])[FA D1       ]0x0000407E:	BNE	#0XCBBCF076
(    libInnoSecure.so[0xCBBCB000])[4E 59       ]0x00004076:	LDR	R6, [R1, R5]	;(R1=0x30043220 R5=0x00000024 )
(    libInnoSecure.so[0xCBBCB000])[66 51       ]0x00004078:	STR	R6, [R4, R5]	;(R6=0x62373334 R4=0x100FFD60 R5=0x00000024 )
(    libInnoSecure.so[0xCBBCB000])[04 35       ]0x0000407A:	ADDS	R5, #4	;(R5=0x00000024 )
(    libInnoSecure.so[0xCBBCB000])[40 2D       ]0x0000407C:	CMP	R5, #0X40	;(R5=0x00000028 )
(    libInnoSecure.so[0xCBBCB000])[FA D1       ]0x0000407E:	BNE	#0XCBBCF076
(    libInnoSecure.so[0xCBBCB000])[4E 59       ]0x00004076:	LDR	R6, [R1, R5]	;(R1=0x30043220 R5=0x00000028 )
(    libInnoSecure.so[0xCBBCB000])[66 51       ]0x00004078:	STR	R6, [R4, R5]	;(R6=0x33623238 R4=0x100FFD60 R5=0x00000028 )
(    libInnoSecure.so[0xCBBCB000])[04 35       ]0x0000407A:	ADDS	R5, #4	;(R5=0x00000028 )
(    libInnoSecure.so[0xCBBCB000])[40 2D       ]0x0000407C:	CMP	R5, #0X40	;(R5=0x0000002C )
(    libInnoSecure.so[0xCBBCB000])[FA D1       ]0x0000407E:	BNE	#0XCBBCF076
(    libInnoSecure.so[0xCBBCB000])[4E 59       ]0x00004076:	LDR	R6, [R1, R5]	;(R1=0x30043220 R5=0x0000002C )
(    libInnoSecure.so[0xCBBCB000])[66 51       ]0x00004078:	STR	R6, [R4, R5]	;(R6=0x61633537 R4=0x100FFD60 R5=0x0000002C )
(    libInnoSecure.so[0xCBBCB000])[04 35       ]0x0000407A:	ADDS	R5, #4	;(R5=0x0000002C )
(    libInnoSecure.so[0xCBBCB000])[40 2D       ]0x0000407C:	CMP	R5, #0X40	;(R5=0x00000030 )
(    libInnoSecure.so[0xCBBCB000])[FA D1       ]0x0000407E:	BNE	#0XCBBCF076
(    libInnoSecure.so[0xCBBCB000])[4E 59       ]0x00004076:	LDR	R6, [R1, R5]	;(R1=0x30043220 R5=0x00000030 )
(    libInnoSecure.so[0xCBBCB000])[66 51       ]0x00004078:	STR	R6, [R4, R5]	;(R6=0x66656462 R4=0x100FFD60 R5=0x00000030 )
(    libInnoSecure.so[0xCBBCB000])[04 35       ]0x0000407A:	ADDS	R5, #4	;(R5=0x00000030 )
(    libInnoSecure.so[0xCBBCB000])[40 2D       ]0x0000407C:	CMP	R5, #0X40	;(R5=0x00000034 )
(    libInnoSecure.so[0xCBBCB000])[FA D1       ]0x0000407E:	BNE	#0XCBBCF076
(    libInnoSecure.so[0xCBBCB000])[4E 59       ]0x00004076:	LDR	R6, [R1, R5]	;(R1=0x30043220 R5=0x00000034 )
(    libInnoSecure.so[0xCBBCB000])[66 51       ]0x00004078:	STR	R6, [R4, R5]	;(R6=0x32663362 R4=0x100FFD60 R5=0x00000034 )
(    libInnoSecure.so[0xCBBCB000])[04 35       ]0x0000407A:	ADDS	R5, #4	;(R5=0x00000034 )
(    libInnoSecure.so[0xCBBCB000])[40 2D       ]0x0000407C:	CMP	R5, #0X40	;(R5=0x00000038 )
(    libInnoSecure.so[0xCBBCB000])[FA D1       ]0x0000407E:	BNE	#0XCBBCF076
(    libInnoSecure.so[0xCBBCB000])[4E 59       ]0x00004076:	LDR	R6, [R1, R5]	;(R1=0x30043220 R5=0x00000038 )
(    libInnoSecure.so[0xCBBCB000])[66 51       ]0x00004078:	STR	R6, [R4, R5]	;(R6=0x37303333 R4=0x100FFD60 R5=0x00000038 )
(    libInnoSecure.so[0xCBBCB000])[04 35       ]0x0000407A:	ADDS	R5, #4	;(R5=0x00000038 )
(    libInnoSecure.so[0xCBBCB000])[40 2D       ]0x0000407C:	CMP	R5, #0X40	;(R5=0x0000003C )
(    libInnoSecure.so[0xCBBCB000])[FA D1       ]0x0000407E:	BNE	#0XCBBCF076
(    libInnoSecure.so[0xCBBCB000])[4E 59       ]0x00004076:	LDR	R6, [R1, R5]	;(R1=0x30043220 R5=0x0000003C )
(    libInnoSecure.so[0xCBBCB000])[66 51       ]0x00004078:	STR	R6, [R4, R5]	;(R6=0x35393263 R4=0x100FFD60 R5=0x0000003C )
(    libInnoSecure.so[0xCBBCB000])[04 35       ]0x0000407A:	ADDS	R5, #4	;(R5=0x0000003C )
(    libInnoSecure.so[0xCBBCB000])[40 2D       ]0x0000407C:	CMP	R5, #0X40	;(R5=0x00000040 )
(    libInnoSecure.so[0xCBBCB000])[FA D1       ]0x0000407E:	BNE	#0XCBBCF076
(    libInnoSecure.so[0xCBBCB000])[0E EA 02 01 ]0x00004080:	AND.W	R1, LR, R2	;(LR=0xFF8259A0 R2=0xCAC3E751 )
(    libInnoSecure.so[0xCBBCB000])[20 EA 02 06 ]0x00004084:	BIC.W	R6, R0, R2	;(R0=0xEAD3E8D0 R2=0xCAC3E751 )
(    libInnoSecure.so[0xCBBCB000])[31 43       ]0x00004088:	ORRS	R1, R6	;(R1=0xCA824100 R6=0x20100880 )
(    libInnoSecure.so[0xCBBCB000])[12 9D       ]0x0000408A:	LDR	R5, [SP, #0X48]	;(SP=0x100FFD18 )
(    libInnoSecure.so[0xCBBCB000])[61 44       ]0x0000408C:	ADD	R1, IP	;(R1=0xEA924980 IP=0xAC8CFB08 )
(    libInnoSecure.so[0xCBBCB000])[4A F2 78 46 ]0x0000408E:	MOVW	R6, #0XA478
(    libInnoSecure.so[0xCBBCB000])[29 44       ]0x00004092:	ADD	R1, R5	;(R1=0x971F4488 R5=0x31383033 )
(    libInnoSecure.so[0xCBBCB000])[CD F2 6A 76 ]0x00004094:	MOVT	R6, #0XD76A	;(R6=0x0000A478 )
(    libInnoSecure.so[0xCBBCB000])[31 44       ]0x00004098:	ADD	R1, R6	;(R1=0xC85774BB R6=0xD76AA478 )
(    libInnoSecure.so[0xCBBCB000])[13 9B       ]0x0000409A:	LDR	R3, [SP, #0X4C]	;(SP=0x100FFD18 )
(    libInnoSecure.so[0xCBBCB000])[0E 95       ]0x0000409C:	STR	R5, [SP, #0X38]	;(R5=0x31383033 SP=0x100FFD18 )
(    libInnoSecure.so[0xCBBCB000])[02 EB 71 66 ]0x0000409E:	ADD.W	R6, R2, R1, ROR #25	;(R2=0xCAC3E751 R1=0x9FC21933 )
(    libInnoSecure.so[0xCBBCB000])[18 44       ]0x000040A2:	ADD	R0, R3	;(R0=0xEAD3E8D0 R3=0x32303938 )
(    libInnoSecure.so[0xCBBCB000])[2E EA 06 01 ]0x000040A4:	BIC.W	R1, LR, R6	;(LR=0xFF8259A0 R6=0xABD08120 )
(    libInnoSecure.so[0xCBBCB000])[06 EA 02 05 ]0x000040A8:	AND.W	R5, R6, R2	;(R6=0xABD08120 R2=0xCAC3E751 )
(    libInnoSecure.so[0xCBBCB000])[29 43       ]0x000040AC:	ORRS	R1, R5	;(R1=0x54025880 R5=0x8AC08100 )
(    libInnoSecure.so[0xCBBCB000])[14 9C       ]0x000040AE:	LDR	R4, [SP, #0X50]	;(SP=0x100FFD18 )
(    libInnoSecure.so[0xCBBCB000])[08 44       ]0x000040B0:	ADD	R0, R1	;(R0=0x1D042208 R1=0xDEC2D980 )
(    libInnoSecure.so[0xCBBCB000])[4B F2 56 71 ]0x000040B2:	MOVW	R1, #0XB756
(    libInnoSecure.so[0xCBBCB000])[CE F6 C7 01 ]0x000040B6:	MOVT	R1, #0XE8C7	;(R1=0x0000B756 )
(    libInnoSecure.so[0xCBBCB000])[08 44       ]0x000040BA:	ADD	R0, R1	;(R0=0xFBC6FB88 R1=0xE8C7B756 )
(    libInnoSecure.so[0xCBBCB000])[DD F8 54 C0 ]0x000040BC:	LDR.W	IP, [SP, #0X54]	;(SP=0x100FFD18 )
(    libInnoSecure.so[0xCBBCB000])[06 EB 30 55 ]0x000040C0:	ADD.W	R5, R6, R0, ROR #20	;(R6=0xABD08120 R0=0xE48EB2DE )
(    libInnoSecure.so[0xCBBCB000])[11 93       ]0x000040C4:	STR	R3, [SP, #0X44]	;(R3=0x32303938 SP=0x100FFD18 )
(    libInnoSecure.so[0xCBBCB000])[22 EA 05 00 ]0x000040C6:	BIC.W	R0, R2, R5	;(R2=0xCAC3E751 R5=0x96FE6F68 )
(    libInnoSecure.so[0xCBBCB000])[05 EA 06 01 ]0x000040CA:	AND.W	R1, R5, R6	;(R5=0x96FE6F68 R6=0xABD08120 )
(    libInnoSecure.so[0xCBBCB000])[08 43       ]0x000040CE:	ORRS	R0, R1	;(R0=0x48018011 R1=0x82D00120 )
(    libInnoSecure.so[0xCBBCB000])[0E EB 04 01 ]0x000040D0:	ADD.W	R1, LR, R4	;(LR=0xFF8259A0 R4=0x31383138 )
(    libInnoSecure.so[0xCBBCB000])[08 44       ]0x000040D4:	ADD	R0, R1	;(R0=0xCAD18131 R1=0x30BA8AD8 )
(    libInnoSecure.so[0xCBBCB000])[47 F2 DB 01 ]0x000040D6:	MOVW	R1, #0X70DB
(    libInnoSecure.so[0xCBBCB000])[C2 F2 20 41 ]0x000040DA:	MOVT	R1, #0X2420	;(R1=0x000070DB )
(    libInnoSecure.so[0xCBBCB000])[08 44       ]0x000040DE:	ADD	R0, R1	;(R0=0xFB8C0C09 R1=0x242070DB )
(    libInnoSecure.so[0xCBBCB000])[62 44       ]0x000040E0:	ADD	R2, IP	;(R2=0xCAC3E751 IP=0x61613030 )
(    libInnoSecure.so[0xCBBCB000])[CD F8 3C C0 ]0x000040E2:	STR.W	IP, [SP, #0X3C]	;(IP=0x61613030 SP=0x100FFD18 )
(    libInnoSecure.so[0xCBBCB000])[05 EB F0 30 ]0x000040E6:	ADD.W	R0, R5, R0, ROR #15	;(R5=0x96FE6F68 R0=0x1FAC7CE4 )
(    libInnoSecure.so[0xCBBCB000])[DD F8 60 C0 ]0x000040EA:	LDR.W	IP, [SP, #0X60]	;(SP=0x100FFD18 )
(    libInnoSecure.so[0xCBBCB000])[26 EA 00 01 ]0x000040EE:	BIC.W	R1, R6, R0	;(R6=0xABD08120 R0=0x90C6AEC0 )
(    libInnoSecure.so[0xCBBCB000])[00 EA 05 03 ]0x000040F2:	AND.W	R3, R0, R5	;(R0=0x90C6AEC0 R5=0x96FE6F68 )
(    libInnoSecure.so[0xCBBCB000])[19 43       ]0x000040F6:	ORRS	R1, R3	;(R1=0x2B100120 R3=0x90C62E40 )
(    libInnoSecure.so[0xCBBCB000])[0C 94       ]0x000040F8:	STR	R4, [SP, #0X30]	;(R4=0x31383138 SP=0x100FFD18 )
(    libInnoSecure.so[0xCBBCB000])[11 44       ]0x000040FA:	ADD	R1, R2	;(R1=0xBBD62F60 R2=0x2C251781 )
(    libInnoSecure.so[0xCBBCB000])[4C F6 EE 62 ]0x000040FC:	MOVW	R2, #0XCEEE
(    libInnoSecure.so[0xCBBCB000])[CC F2 BD 12 ]0x00004100:	MOVT	R2, #0XC1BD	;(R2=0x0000CEEE )
(    libInnoSecure.so[0xCBBCB000])[11 44       ]0x00004104:	ADD	R1, R2	;(R1=0xE7FB46E1 R2=0xC1BDCEEE )
(    libInnoSecure.so[0xCBBCB000])[DD F8 74 90 ]0x00004106:	LDR.W	SB, [SP, #0X74]	;(SP=0x100FFD18 )
(    libInnoSecure.so[0xCBBCB000])[00 EB B1 21 ]0x0000410A:	ADD.W	R1, R0, R1, ROR #10	;(R0=0x90C6AEC0 R1=0xA9B915CF )
(    libInnoSecure.so[0xCBBCB000])[CD F8 18 C0 ]0x0000410E:	STR.W	IP, [SP, #0X18]	;(IP=0x38333137 SP=0x100FFD18 )
(    libInnoSecure.so[0xCBBCB000])[25 EA 01 02 ]0x00004112:	BIC.W	R2, R5, R1	;(R5=0x96FE6F68 R1=0x04B11D05 )
(    libInnoSecure.so[0xCBBCB000])[01 EA 00 03 ]0x00004116:	AND.W	R3, R1, R0	;(R1=0x04B11D05 R0=0x90C6AEC0 )
(    libInnoSecure.so[0xCBBCB000])[1A 43       ]0x0000411A:	ORRS	R2, R3	;(R2=0x924E6268 R3=0x00800C00 )
(    libInnoSecure.so[0xCBBCB000])[16 9B       ]0x0000411C:	LDR	R3, [SP, #0X58]	;(SP=0x100FFD18 )
(    libInnoSecure.so[0xCBBCB000])[0B 93       ]0x0000411E:	STR	R3, [SP, #0X2C]	;(R3=0x65616235 SP=0x100FFD18 )
(    libInnoSecure.so[0xCBBCB000])[33 44       ]0x00004120:	ADD	R3, R6	;(R3=0x65616235 R6=0xABD08120 )
(    libInnoSecure.so[0xCBBCB000])[1A 44       ]0x00004122:	ADD	R2, R3	;(R2=0x92CE6E68 R3=0x1131E355 )
(    libInnoSecure.so[0xCBBCB000])[40 F6 AF 73 ]0x00004124:	MOVW	R3, #0XFAF
(    libInnoSecure.so[0xCBBCB000])[CF F2 7C 53 ]0x00004128:	MOVT	R3, #0XF57C	;(R3=0x00000FAF )
(    libInnoSecure.so[0xCBBCB000])[1A 44       ]0x0000412C:	ADD	R2, R3	;(R2=0xA40051BD R3=0xF57C0FAF )
(    libInnoSecure.so[0xCBBCB000])[01 EB 72 62 ]0x0000412E:	ADD.W	R2, R1, R2, ROR #25	;(R1=0x04B11D05 R2=0x997C616C )
(    libInnoSecure.so[0xCBBCB000])[20 EA 02 03 ]0x00004132:	BIC.W	R3, R0, R2	;(R0=0x90C6AEC0 R2=0xC2E1D351 )
(    libInnoSecure.so[0xCBBCB000])[02 EA 01 06 ]0x00004136:	AND.W	R6, R2, R1	;(R2=0xC2E1D351 R1=0x04B11D05 )
(    libInnoSecure.so[0xCBBCB000])[33 43       ]0x0000413A:	ORRS	R3, R6	;(R3=0x10062C80 R6=0x00A11101 )
(    libInnoSecure.so[0xCBBCB000])[17 9E       ]0x0000413C:	LDR	R6, [SP, #0X5C]	;(SP=0x100FFD18 )
(    libInnoSecure.so[0xCBBCB000])[60 44       ]0x0000413E:	ADD	R0, IP	;(R0=0x90C6AEC0 IP=0x38333137 )
(    libInnoSecure.so[0xCBBCB000])[09 96       ]0x00004140:	STR	R6, [SP, #0X24]	;(R6=0x37623934 SP=0x100FFD18 )
(    libInnoSecure.so[0xCBBCB000])[35 44       ]0x00004142:	ADD	R5, R6	;(R5=0x96FE6F68 R6=0x37623934 )
(    libInnoSecure.so[0xCBBCB000])[1C 9E       ]0x00004144:	LDR	R6, [SP, #0X70]	;(SP=0x100FFD18 )
(    libInnoSecure.so[0xCBBCB000])[2B 44       ]0x00004146:	ADD	R3, R5	;(R3=0x10A73D81 R5=0xCE60A89C )
(    libInnoSecure.so[0xCBBCB000])[4C F2 2A 65 ]0x00004148:	MOVW	R5, #0XC62A
(    libInnoSecure.so[0xCBBCB000])[C4 F2 87 75 ]0x0000414C:	MOVT	R5, #0X4787	;(R5=0x0000C62A )
(    libInnoSecure.so[0xCBBCB000])[2B 44       ]0x00004150:	ADD	R3, R5	;(R3=0xDF07E61D R5=0x4787C62A )
(    libInnoSecure.so[0xCBBCB000])[B0 46       ]0x00004152:	MOV	R8, R6	;(R6=0x33623238 )
(    libInnoSecure.so[0xCBBCB000])[02 EB 33 53 ]0x00004154:	ADD.W	R3, R2, R3, ROR #20	;(R2=0xC2E1D351 R3=0x268FAC47 )
(    libInnoSecure.so[0xCBBCB000])[CD F8 08 80 ]0x00004158:	STR.W	R8, [SP, #8]	;(R8=0x33623238 SP=0x100FFD18 )
(    libInnoSecure.so[0xCBBCB000])[21 EA 03 05 ]0x0000415C:	BIC.W	R5, R1, R3	;(R1=0x04B11D05 R3=0xBDA645B9 )
(    libInnoSecure.so[0xCBBCB000])[03 EA 02 04 ]0x00004160:	AND.W	R4, R3, R2	;(R3=0xBDA645B9 R2=0xC2E1D351 )
(    libInnoSecure.so[0xCBBCB000])[25 43       ]0x00004164:	ORRS	R5, R4	;(R5=0x00111804 R4=0x80A04111 )
(    libInnoSecure.so[0xCBBCB000])[19 9C       ]0x00004166:	LDR	R4, [SP, #0X64]	;(SP=0x100FFD18 )
(    libInnoSecure.so[0xCBBCB000])[28 44       ]0x00004168:	ADD	R0, R5	;(R0=0xC8F9DFF7 R5=0x80B15915 )
(    libInnoSecure.so[0xCBBCB000])[44 F2 13 65 ]0x0000416A:	MOVW	R5, #0X4613
(    libInnoSecure.so[0xCBBCB000])[CA F6 30 05 ]0x0000416E:	MOVT	R5, #0XA830	;(R5=0x00004613 )
(    libInnoSecure.so[0xCBBCB000])[28 44       ]0x00004172:	ADD	R0, R5	;(R0=0x49AB390C R5=0xA8304613 )
(    libInnoSecure.so[0xCBBCB000])[21 44       ]0x00004174:	ADD	R1, R4	;(R1=0x04B11D05 R4=0x39366530 )
(    libInnoSecure.so[0xCBBCB000])[04 94       ]0x00004176:	STR	R4, [SP, #0X10]	;(R4=0x39366530 SP=0x100FFD18 )
(    libInnoSecure.so[0xCBBCB000])[03 EB F0 3E ]0x00004178:	ADD.W	LR, R3, R0, ROR #15	;(R3=0xBDA645B9 R0=0xF1DB7F1F )
(    libInnoSecure.so[0xCBBCB000])[22 EA 0E 00 ]0x0000417C:	BIC.W	R0, R2, LR	;(R2=0xC2E1D351 LR=0xBBE6296F )
(    libInnoSecure.so[0xCBBCB000])[0E EA 03 05 ]0x00004180:	AND.W	R5, LR, R3	;(LR=0xBBE6296F R3=0xBDA645B9 )
(    libInnoSecure.so[0xCBBCB000])[28 43       ]0x00004184:	ORRS	R0, R5	;(R0=0x4001D210 R5=0xB9A60129 )
(    libInnoSecure.so[0xCBBCB000])[06 EB 0E 05 ]0x00004186:	ADD.W	R5, R6, LR	;(R6=0x33623238 LR=0xBBE6296F )
(    libInnoSecure.so[0xCBBCB000])[08 44       ]0x0000418A:	ADD	R0, R1	;(R0=0xF9A7D339 R1=0x3DE78235 )
(    libInnoSecure.so[0xCBBCB000])[49 F2 01 51 ]0x0000418C:	MOVW	R1, #0X9501
(    libInnoSecure.so[0xCBBCB000])[CF F6 46 51 ]0x00004190:	MOVT	R1, #0XFD46	;(R1=0x00009501 )
(    libInnoSecure.so[0xCBBCB000])[08 44       ]0x00004194:	ADD	R0, R1	;(R0=0x378F556E R1=0xFD469501 )
(    libInnoSecure.so[0xCBBCB000])[0E EB B0 21 ]0x00004196:	ADD.W	R1, LR, R0, ROR #10	;(LR=0xBBE6296F R0=0x34D5EA6F )
(    libInnoSecure.so[0xCBBCB000])[23 EA 01 00 ]0x0000419A:	BIC.W	R0, R3, R1	;(R3=0xBDA645B9 R1=0x57B35EE9 )
(    libInnoSecure.so[0xCBBCB000])[01 EA 0E 04 ]0x0000419E:	AND.W	R4, R1, LR	;(R1=0x57B35EE9 LR=0xBBE6296F )
(    libInnoSecure.so[0xCBBCB000])[20 43       ]0x000041A2:	ORRS	R0, R4	;(R0=0xA8040110 R4=0x13A20869 )
(    libInnoSecure.so[0xCBBCB000])[1A 9C       ]0x000041A4:	LDR	R4, [SP, #0X68]	;(SP=0x100FFD18 )
(    libInnoSecure.so[0xCBBCB000])[0A 94       ]0x000041A6:	STR	R4, [SP, #0X28]	;(R4=0x34343432 SP=0x100FFD18 )
(    libInnoSecure.so[0xCBBCB000])[22 44       ]0x000041A8:	ADD	R2, R4	;(R2=0xC2E1D351 R4=0x34343432 )
(    libInnoSecure.so[0xCBBCB000])[10 44       ]0x000041AA:	ADD	R0, R2	;(R0=0xBBA60979 R2=0xF7160783 )
(    libInnoSecure.so[0xCBBCB000])[49 F6 D8 02 ]0x000041AC:	MOVW	R2, #0X98D8
(    libInnoSecure.so[0xCBBCB000])[C6 F6 80 12 ]0x000041B0:	MOVT	R2, #0X6980	;(R2=0x000098D8 )
(    libInnoSecure.so[0xCBBCB000])[10 44       ]0x000041B4:	ADD	R0, R2	;(R0=0xB2BC10FC R2=0x698098D8 )
(    libInnoSecure.so[0xCBBCB000])[01 EB 70 60 ]0x000041B6:	ADD.W	R0, R1, R0, ROR #25	;(R1=0x57B35EE9 R0=0x1C3CA9D4 )
(    libInnoSecure.so[0xCBBCB000])[2E EA 00 02 ]0x000041BA:	BIC.W	R2, LR, R0	;(LR=0xBBE6296F R0=0x760848F7 )
(    libInnoSecure.so[0xCBBCB000])[00 EA 01 04 ]0x000041BE:	AND.W	R4, R0, R1	;(R0=0x760848F7 R1=0x57B35EE9 )
(    libInnoSecure.so[0xCBBCB000])[22 43       ]0x000041C2:	ORRS	R2, R4	;(R2=0x89E62108 R4=0x560048E1 )
(    libInnoSecure.so[0xCBBCB000])[1B 9C       ]0x000041C4:	LDR	R4, [SP, #0X6C]	;(SP=0x100FFD18 )
(    libInnoSecure.so[0xCBBCB000])[10 94       ]0x000041C6:	STR	R4, [SP, #0X40]	;(R4=0x62373334 SP=0x100FFD18 )
(    libInnoSecure.so[0xCBBCB000])[23 44       ]0x000041C8:	ADD	R3, R4	;(R3=0xBDA645B9 R4=0x62373334 )
(    libInnoSecure.so[0xCBBCB000])[1A 44       ]0x000041CA:	ADD	R2, R3	;(R2=0xDFE669E9 R3=0x1FDD78ED )
(    libInnoSecure.so[0xCBBCB000])[4F F2 AF 73 ]0x000041CC:	MOVW	R3, #0XF7AF
(    libInnoSecure.so[0xCBBCB000])[C8 F6 44 33 ]0x000041D0:	MOVT	R3, #0X8B44	;(R3=0x0000F7AF )
(    libInnoSecure.so[0xCBBCB000])[1A 44       ]0x000041D4:	ADD	R2, R3	;(R2=0xFFC3E2D6 R3=0x8B44F7AF )
(    libInnoSecure.so[0xCBBCB000])[00 EB 32 53 ]0x000041D6:	ADD.W	R3, R0, R2, ROR #20	;(R0=0x760848F7 R2=0x8B08DA85 )
(    libInnoSecure.so[0xCBBCB000])[21 EA 03 02 ]0x000041DA:	BIC.W	R2, R1, R3	;(R1=0x57B35EE9 R3=0x03B0A1A7 )
(    libInnoSecure.so[0xCBBCB000])[03 EA 00 04 ]0x000041DE:	AND.W	R4, R3, R0	;(R3=0x03B0A1A7 R0=0x760848F7 )
(    libInnoSecure.so[0xCBBCB000])[22 43       ]0x000041E2:	ORRS	R2, R4	;(R2=0x54035E48 R4=0x020000A7 )
(    libInnoSecure.so[0xCBBCB000])[49 44       ]0x000041E4:	ADD	R1, SB	;(R1=0x57B35EE9 SB=0x61633537 )
(    libInnoSecure.so[0xCBBCB000])[2A 44       ]0x000041E6:	ADD	R2, R5	;(R2=0x56035EEF R5=0xEF485BA7 )
(    libInnoSecure.so[0xCBBCB000])[4A F2 4F 45 ]0x000041E8:	MOVW	R5, #0XA44F
(    libInnoSecure.so[0xCBBCB000])[52 1B       ]0x000041EC:	SUBS	R2, R2, R5	;(R2=0x454BBA96 R5=0x0000A44F )
(    libInnoSecure.so[0xCBBCB000])[03 EB F2 3E ]0x000041EE:	ADD.W	LR, R3, R2, ROR #15	;(R3=0x03B0A1A7 R2=0x454B1647 )
(    libInnoSecure.so[0xCBBCB000])[20 EA 0E 02 ]0x000041F2:	BIC.W	R2, R0, LR	;(R0=0x760848F7 LR=0x303F2C3D )
(    libInnoSecure.so[0xCBBCB000])[0E EA 03 05 ]0x000041F6:	AND.W	R5, LR, R3	;(LR=0x303F2C3D R3=0x03B0A1A7 )
(    libInnoSecure.so[0xCBBCB000])[2A 43       ]0x000041FA:	ORRS	R2, R5	;(R2=0x460040C2 R5=0x00302025 )
(    libInnoSecure.so[0xCBBCB000])[11 44       ]0x000041FC:	ADD	R1, R2	;(R1=0xB9169420 R2=0x463060E7 )
(    libInnoSecure.so[0xCBBCB000])[4D F2 BE 72 ]0x000041FE:	MOVW	R2, #0XD7BE
(    libInnoSecure.so[0xCBBCB000])[C8 F6 5C 12 ]0x00004202:	MOVT	R2, #0X895C	;(R2=0x0000D7BE )
(    libInnoSecure.so[0xCBBCB000])[11 44       ]0x00004206:	ADD	R1, R2	;(R1=0xFF46F507 R2=0x895CD7BE )
(    libInnoSecure.so[0xCBBCB000])[0E EB B1 21 ]0x00004208:	ADD.W	R1, LR, R1, ROR #10	;(LR=0x303F2C3D R1=0x88A3CCC5 )
(    libInnoSecure.so[0xCBBCB000])[23 EA 01 02 ]0x0000420C:	BIC.W	R2, R3, R1	;(R3=0x03B0A1A7 R1=0x61A15530 )
(    libInnoSecure.so[0xCBBCB000])[01 EA 0E 05 ]0x00004210:	AND.W	R5, R1, LR	;(R1=0x61A15530 LR=0x303F2C3D )
(    libInnoSecure.so[0xCBBCB000])[15 43       ]0x00004214:	ORRS	R5, R2	;(R5=0x20210430 R2=0x0210A087 )
(    libInnoSecure.so[0xCBBCB000])[1E 9A       ]0x00004216:	LDR	R2, [SP, #0X78]	;(SP=0x100FFD18 )
(    libInnoSecure.so[0xCBBCB000])[0D 92       ]0x00004218:	STR	R2, [SP, #0X34]	;(R2=0x66656462 SP=0x100FFD18 )
(    libInnoSecure.so[0xCBBCB000])[10 44       ]0x0000421A:	ADD	R0, R2	;(R0=0x760848F7 R2=0x66656462 )
(    libInnoSecure.so[0xCBBCB000])[1F 9A       ]0x0000421C:	LDR	R2, [SP, #0X7C]	;(SP=0x100FFD18 )
(    libInnoSecure.so[0xCBBCB000])[28 44       ]0x0000421E:	ADD	R0, R5	;(R0=0xDC6DAD59 R5=0x2231A4B7 )
(    libInnoSecure.so[0xCBBCB000])[41 F2 22 15 ]0x00004220:	MOVW	R5, #0X1122
(    libInnoSecure.so[0xCBBCB000])[C6 F6 90 35 ]0x00004224:	MOVT	R5, #0X6B90	;(R5=0x00001122 )
(    libInnoSecure.so[0xCBBCB000])[28 44       ]0x00004228:	ADD	R0, R5	;(R0=0xFE9F5210 R5=0x6B901122 )
(    libInnoSecure.so[0xCBBCB000])[13 44       ]0x0000422A:	ADD	R3, R2	;(R3=0x03B0A1A7 R2=0x32663362 )
(    libInnoSecure.so[0xCBBCB000])[08 92       ]0x0000422C:	STR	R2, [SP, #0X20]	;(R2=0x32663362 SP=0x100FFD18 )
(    libInnoSecure.so[0xCBBCB000])[01 EB 70 60 ]0x0000422E:	ADD.W	R0, R1, R0, ROR #25	;(R1=0x61A15530 R0=0x6A2F6332 )
(    libInnoSecure.so[0xCBBCB000])[20 9A       ]0x00004232:	LDR	R2, [SP, #0X80]	;(SP=0x100FFD18 )
(    libInnoSecure.so[0xCBBCB000])[2E EA 00 05 ]0x00004234:	BIC.W	R5, LR, R0	;(LR=0x303F2C3D R0=0x7952EE65 )
(    libInnoSecure.so[0xCBBCB000])[00 EA 01 06 ]0x00004238:	AND.W	R6, R0, R1	;(R0=0x7952EE65 R1=0x61A15530 )
(    libInnoSecure.so[0xCBBCB000])[2E 43       ]0x0000423C:	ORRS	R6, R5	;(R6=0x61004420 R5=0x002D0018 )
(    libInnoSecure.so[0xCBBCB000])[02 EB 0E 05 ]0x0000423E:	ADD.W	R5, R2, LR	;(R2=0x37303333 LR=0x303F2C3D )
(    libInnoSecure.so[0xCBBCB000])[33 44       ]0x00004242:	ADD	R3, R6	;(R3=0x3616D509 R6=0x612D4438 )
(    libInnoSecure.so[0xCBBCB000])[47 F2 93 16 ]0x00004244:	MOVW	R6, #0X7193
(    libInnoSecure.so[0xCBBCB000])[CF F6 98 56 ]0x00004248:	MOVT	R6, #0XFD98	;(R6=0x00007193 )
(    libInnoSecure.so[0xCBBCB000])[33 44       ]0x0000424C:	ADD	R3, R6	;(R3=0x97441941 R6=0xFD987193 )
(    libInnoSecure.so[0xCBBCB000])[96 46       ]0x0000424E:	MOV	LR, R2	;(R2=0x37303333 )
(    libInnoSecure.so[0xCBBCB000])[21 9A       ]0x00004250:	LDR	R2, [SP, #0X84]	;(SP=0x100FFD18 )
(    libInnoSecure.so[0xCBBCB000])[00 EB 33 5A ]0x00004252:	ADD.W	SL, R0, R3, ROR #20	;(R0=0x7952EE65 R3=0x94DC8AD4 )
(    libInnoSecure.so[0xCBBCB000])[21 EA 0A 03 ]0x00004256:	BIC.W	R3, R1, SL	;(R1=0x61A15530 SL=0x420037B2 )
(    libInnoSecure.so[0xCBBCB000])[0A EA 00 06 ]0x0000425A:	AND.W	R6, SL, R0	;(SL=0x420037B2 R0=0x7952EE65 )
(    libInnoSecure.so[0xCBBCB000])[1E 43       ]0x0000425E:	ORRS	R6, R3	;(R6=0x40002620 R3=0x21A14000 )
(    libInnoSecure.so[0xCBBCB000])[11 44       ]0x00004260:	ADD	R1, R2	;(R1=0x61A15530 R2=0x35393263 )
(    libInnoSecure.so[0xCBBCB000])[2E 44       ]0x00004262:	ADD	R6, R5	;(R6=0x61A16620 R5=0x676F5F70 )
(    libInnoSecure.so[0xCBBCB000])[44 F2 8E 35 ]0x00004264:	MOVW	R5, #0X438E
(    libInnoSecure.so[0xCBBCB000])[CA F2 79 65 ]0x00004268:	MOVT	R5, #0XA679	;(R5=0x0000438E )
(    libInnoSecure.so[0xCBBCB000])[2E 44       ]0x0000426C:	ADD	R6, R5	;(R6=0xC910C590 R5=0xA679438E )
(    libInnoSecure.so[0xCBBCB000])[13 46       ]0x0000426E:	MOV	R3, R2	;(R2=0x35393263 )
(    libInnoSecure.so[0xCBBCB000])[11 9A       ]0x00004270:	LDR	R2, [SP, #0X44]	;(SP=0x100FFD18 )
(    libInnoSecure.so[0xCBBCB000])[0A EB F6 3B ]0x00004272:	ADD.W	FP, SL, R6, ROR #15	;(SL=0x420037B2 R6=0x6F8A091E )
(    libInnoSecure.so[0xCBBCB000])[03 93       ]0x00004276:	STR	R3, [SP, #0XC]	;(R3=0x35393263 SP=0x100FFD18 )
(    libInnoSecure.so[0xCBBCB000])[20 EA 0B 06 ]0x00004278:	BIC.W	R6, R0, FP	;(R0=0x7952EE65 FP=0x543D16C6 )
(    libInnoSecure.so[0xCBBCB000])[0B EA 0A 05 ]0x0000427C:	AND.W	R5, FP, SL	;(FP=0x543D16C6 SL=0x420037B2 )
(    libInnoSecure.so[0xCBBCB000])[35 43       ]0x00004280:	ORRS	R5, R6	;(R5=0x40001682 R6=0x2942E821 )
(    libInnoSecure.so[0xCBBCB000])[2B EA 0A 06 ]0x00004282:	BIC.W	R6, FP, SL	;(FP=0x543D16C6 SL=0x420037B2 )
(    libInnoSecure.so[0xCBBCB000])[29 44       ]0x00004286:	ADD	R1, R5	;(R1=0x96DA8793 R5=0x6942FEA3 )
(    libInnoSecure.so[0xCBBCB000])[40 F6 21 05 ]0x00004288:	MOVW	R5, #0X821
(    libInnoSecure.so[0xCBBCB000])[C4 F6 B4 15 ]0x0000428C:	MOVT	R5, #0X49B4	;(R5=0x00000821 )
(    libInnoSecure.so[0xCBBCB000])[29 44       ]0x00004290:	ADD	R1, R5	;(R1=0x001D8636 R5=0x49B40821 )
(    libInnoSecure.so[0xCBBCB000])[10 44       ]0x00004292:	ADD	R0, R2	;(R0=0x7952EE65 R2=0x32303938 )
(    libInnoSecure.so[0xCBBCB000])[0B EB B1 21 ]0x00004294:	ADD.W	R1, FP, R1, ROR #10	;(FP=0x543D16C6 R1=0x49D18E57 )
(    libInnoSecure.so[0xCBBCB000])[01 EA 0A 05 ]0x00004298:	AND.W	R5, R1, SL	;(R1=0xEA0F8B29 SL=0x420037B2 )
(    libInnoSecure.so[0xCBBCB000])[35 43       ]0x0000429C:	ORRS	R5, R6	;(R5=0x42000320 R6=0x143D0044 )
(    libInnoSecure.so[0xCBBCB000])[21 EA 0B 06 ]0x0000429E:	BIC.W	R6, R1, FP	;(R1=0xEA0F8B29 FP=0x543D16C6 )
(    libInnoSecure.so[0xCBBCB000])[28 44       ]0x000042A2:	ADD	R0, R5	;(R0=0xAB83279D R5=0x563D0364 )
(    libInnoSecure.so[0xCBBCB000])[42 F2 62 55 ]0x000042A4:	MOVW	R5, #0X2562
(    libInnoSecure.so[0xCBBCB000])[CF F2 1E 65 ]0x000042A8:	MOVT	R5, #0XF61E	;(R5=0x00002562 )
(    libInnoSecure.so[0xCBBCB000])[28 44       ]0x000042AC:	ADD	R0, R5	;(R0=0x01C02B01 R5=0xF61E2562 )
(    libInnoSecure.so[0xCBBCB000])[01 EB F0 60 ]0x000042AE:	ADD.W	R0, R1, R0, ROR #27	;(R1=0xEA0F8B29 R0=0xF7DE5063 )
(    libInnoSecure.so[0xCBBCB000])[00 EA 0B 05 ]0x000042B2:	AND.W	R5, R0, FP	;(R0=0xE5D997A7 FP=0x543D16C6 )
(    libInnoSecure.so[0xCBBCB000])[20 EA 01 04 ]0x000042B6:	BIC.W	R4, R0, R1	;(R0=0xE5D997A7 R1=0xEA0F8B29 )
(    libInnoSecure.so[0xCBBCB000])[35 43       ]0x000042BA:	ORRS	R5, R6	;(R5=0x44191686 R6=0xAA028929 )
(    libInnoSecure.so[0xCBBCB000])[0C EB 0A 06 ]0x000042BC:	ADD.W	R6, IP, SL	;(IP=0x38333137 SL=0x420037B2 )
(    libInnoSecure.so[0xCBBCB000])[35 44       ]0x000042C0:	ADD	R5, R6	;(R5=0xEE1B9FAF R6=0x7A3368E9 )
(    libInnoSecure.so[0xCBBCB000])[4B F2 40 36 ]0x000042C2:	MOVW	R6, #0XB340
(    libInnoSecure.so[0xCBBCB000])[CC F2 40 06 ]0x000042C6:	MOVT	R6, #0XC040	;(R6=0x0000B340 )
(    libInnoSecure.so[0xCBBCB000])[35 44       ]0x000042CA:	ADD	R5, R6	;(R5=0x684F0898 R6=0xC040B340 )
(    libInnoSecure.so[0xCBBCB000])[CA 46       ]0x000042CC:	MOV	SL, SB	;(SB=0x61633537 )
(    libInnoSecure.so[0xCBBCB000])[DD F8 24 90 ]0x000042CE:	LDR.W	SB, [SP, #0X24]	;(SP=0x100FFD18 )
(    libInnoSecure.so[0xCBBCB000])[00 EB F5 55 ]0x000042D2:	ADD.W	R5, R0, R5, ROR #23	;(R0=0xE5D997A7 R5=0x288FBBD8 )
(    libInnoSecure.so[0xCBBCB000])[F4 46       ]0x000042D6:	MOV	IP, LR	;(LR=0x37303333 )
(    libInnoSecure.so[0xCBBCB000])[05 EA 01 06 ]0x000042D8:	AND.W	R6, R5, R1	;(R5=0x055147F8 R1=0xEA0F8B29 )
(    libInnoSecure.so[0xCBBCB000])[25 EA 00 02 ]0x000042DC:	BIC.W	R2, R5, R0	;(R5=0x055147F8 R0=0xE5D997A7 )
(    libInnoSecure.so[0xCBBCB000])[34 43       ]0x000042E0:	ORRS	R4, R6	;(R4=0x05D01486 R6=0x00010328 )
(    libInnoSecure.so[0xCBBCB000])[0A EB 0B 06 ]0x000042E2:	ADD.W	R6, SL, FP	;(SL=0x61633537 FP=0x543D16C6 )
(    libInnoSecure.so[0xCBBCB000])[34 44       ]0x000042E6:	ADD	R4, R6	;(R4=0x05D117AE R6=0xB5A04BFD )
(    libInnoSecure.so[0xCBBCB000])[45 F6 51 26 ]0x000042E8:	MOVW	R6, #0X5A51
(    libInnoSecure.so[0xCBBCB000])[C2 F2 5E 66 ]0x000042EC:	MOVT	R6, #0X265E	;(R6=0x00005A51 )
(    libInnoSecure.so[0xCBBCB000])[34 44       ]0x000042F0:	ADD	R4, R6	;(R4=0xBB7163AB R6=0x265E5A51 )
(    libInnoSecure.so[0xCBBCB000])[DD F8 2C B0 ]0x000042F2:	LDR.W	FP, [SP, #0X2C]	;(SP=0x100FFD18 )
(    libInnoSecure.so[0xCBBCB000])[05 EB B4 44 ]0x000042F6:	ADD.W	R4, R5, R4, ROR #18	;(R5=0x055147F8 R4=0xE1CFBDFC )
(    libInnoSecure.so[0xCBBCB000])[DD F8 10 E0 ]0x000042FA:	LDR.W	LR, [SP, #0X10]	;(SP=0x100FFD18 )
(    libInnoSecure.so[0xCBBCB000])[04 EA 00 06 ]0x000042FE:	AND.W	R6, R4, R0	;(R4=0xF4D0806B R0=0xE5D997A7 )
(    libInnoSecure.so[0xCBBCB000])[48 44       ]0x00004302:	ADD	R0, SB	;(R0=0xE5D997A7 SB=0x37623934 )
(    libInnoSecure.so[0xCBBCB000])[32 43       ]0x00004304:	ORRS	R2, R6	;(R2=0x00004058 R6=0xE4D08023 )
(    libInnoSecure.so[0xCBBCB000])[0E 9E       ]0x00004306:	LDR	R6, [SP, #0X38]	;(SP=0x100FFD18 )
(    libInnoSecure.so[0xCBBCB000])[CD F8 04 C0 ]0x00004308:	STR.W	IP, [SP, #4]	;(IP=0x37303333 SP=0x100FFD18 )
(    libInnoSecure.so[0xCBBCB000])[31 44       ]0x0000430C:	ADD	R1, R6	;(R1=0xEA0F8B29 R6=0x31383033 )
(    libInnoSecure.so[0xCBBCB000])[24 EA 05 06 ]0x0000430E:	BIC.W	R6, R4, R5	;(R4=0xF4D0806B R5=0x055147F8 )
(    libInnoSecure.so[0xCBBCB000])[11 44       ]0x00004312:	ADD	R1, R2	;(R1=0x1B47BB5C R2=0xE4D0C07B )
(    libInnoSecure.so[0xCBBCB000])[4C F2 AA 72 ]0x00004314:	MOVW	R2, #0XC7AA
(    libInnoSecure.so[0xCBBCB000])[CE F6 B6 12 ]0x00004318:	MOVT	R2, #0XE9B6	;(R2=0x0000C7AA )
(    libInnoSecure.so[0xCBBCB000])[11 44       ]0x0000431C:	ADD	R1, R2	;(R1=0x00187BD7 R2=0xE9B6C7AA )
(    libInnoSecure.so[0xCBBCB000])[CD F8 14 A0 ]0x0000431E:	STR.W	SL, [SP, #0X14]	;(SL=0x61633537 SP=0x100FFD18 )
(    libInnoSecure.so[0xCBBCB000])[04 EB 31 31 ]0x00004322:	ADD.W	R1, R4, R1, ROR #12	;(R4=0xF4D0806B R1=0xE9CF4381 )
(    libInnoSecure.so[0xCBBCB000])[01 EA 05 02 ]0x00004326:	AND.W	R2, R1, R5	;(R1=0x2CEF1D5F R5=0x055147F8 )
(    libInnoSecure.so[0xCBBCB000])[45 44       ]0x0000432A:	ADD	R5, R8	;(R5=0x055147F8 R8=0x33623238 )
(    libInnoSecure.so[0xCBBCB000])[32 43       ]0x0000432C:	ORRS	R2, R6	;(R2=0x04410558 R6=0xF0808003 )
(    libInnoSecure.so[0xCBBCB000])[21 EA 04 06 ]0x0000432E:	BIC.W	R6, R1, R4	;(R1=0x2CEF1D5F R4=0xF4D0806B )
(    libInnoSecure.so[0xCBBCB000])[10 44       ]0x00004332:	ADD	R0, R2	;(R0=0x1D3BD0DB R2=0xF4C1855B )
(    libInnoSecure.so[0xCBBCB000])[41 F2 5D 02 ]0x00004334:	MOVW	R2, #0X105D
(    libInnoSecure.so[0xCBBCB000])[CD F2 2F 62 ]0x00004338:	MOVT	R2, #0XD62F	;(R2=0x0000105D )
(    libInnoSecure.so[0xCBBCB000])[10 44       ]0x0000433C:	ADD	R0, R2	;(R0=0x11FD5636 R2=0xD62F105D )
(    libInnoSecure.so[0xCBBCB000])[DD F8 20 80 ]0x0000433E:	LDR.W	R8, [SP, #0X20]	;(SP=0x100FFD18 )
(    libInnoSecure.so[0xCBBCB000])[01 EB F0 60 ]0x00004342:	ADD.W	R0, R1, R0, ROR #27	;(R1=0x2CEF1D5F R0=0xE82C6693 )
(    libInnoSecure.so[0xCBBCB000])[00 EA 04 02 ]0x00004346:	AND.W	R2, R0, R4	;(R0=0x327BEFDC R4=0xF4D0806B )
(    libInnoSecure.so[0xCBBCB000])[1C 44       ]0x0000434A:	ADD	R4, R3	;(R4=0xF4D0806B R3=0x35393263 )
(    libInnoSecure.so[0xCBBCB000])[32 43       ]0x0000434C:	ORRS	R2, R6	;(R2=0x30508048 R6=0x082F1D14 )
(    libInnoSecure.so[0xCBBCB000])[20 EA 01 06 ]0x0000434E:	BIC.W	R6, R0, R1	;(R0=0x327BEFDC R1=0x2CEF1D5F )
(    libInnoSecure.so[0xCBBCB000])[2A 44       ]0x00004352:	ADD	R2, R5	;(R2=0x387F9D5C R5=0x38B37A30 )
(    libInnoSecure.so[0xCBBCB000])[41 F2 53 45 ]0x00004354:	MOVW	R5, #0X1453
(    libInnoSecure.so[0xCBBCB000])[C0 F2 44 25 ]0x00004358:	MOVT	R5, #0X244	;(R5=0x00001453 )
(    libInnoSecure.so[0xCBBCB000])[2A 44       ]0x0000435C:	ADD	R2, R5	;(R2=0x7133178C R5=0x02441453 )
(    libInnoSecure.so[0xCBBCB000])[10 9B       ]0x0000435E:	LDR	R3, [SP, #0X40]	;(SP=0x100FFD18 )
(    libInnoSecure.so[0xCBBCB000])[00 EB F2 52 ]0x00004360:	ADD.W	R2, R0, R2, ROR #23	;(R0=0x327BEFDC R2=0x73772BDF )
(    libInnoSecure.so[0xCBBCB000])[02 EA 01 05 ]0x00004364:	AND.W	R5, R2, R1	;(R2=0x20D3AEC2 R1=0x2CEF1D5F )
(    libInnoSecure.so[0xCBBCB000])[59 44       ]0x00004368:	ADD	R1, FP	;(R1=0x2CEF1D5F FP=0x65616235 )
(    libInnoSecure.so[0xCBBCB000])[35 43       ]0x0000436A:	ORRS	R5, R6	;(R5=0x20C30C42 R6=0x1210E280 )
(    libInnoSecure.so[0xCBBCB000])[22 EA 00 06 ]0x0000436C:	BIC.W	R6, R2, R0	;(R2=0x20D3AEC2 R0=0x327BEFDC )
(    libInnoSecure.so[0xCBBCB000])[2C 44       ]0x00004370:	ADD	R4, R5	;(R4=0x2A09B2CE R5=0x32D3EEC2 )
(    libInnoSecure.so[0xCBBCB000])[4E F2 81 65 ]0x00004372:	MOVW	R5, #0XE681
(    libInnoSecure.so[0xCBBCB000])[CD F6 A1 05 ]0x00004376:	MOVT	R5, #0XD8A1	;(R5=0x0000E681 )
(    libInnoSecure.so[0xCBBCB000])[2C 44       ]0x0000437A:	ADD	R4, R5	;(R4=0x5CDDA190 R5=0xD8A1E681 )
(    libInnoSecure.so[0xCBBCB000])[02 EB B4 44 ]0x0000437C:	ADD.W	R4, R2, R4, ROR #18	;(R2=0x20D3AEC2 R4=0x357F8811 )
(    libInnoSecure.so[0xCBBCB000])[04 EA 00 05 ]0x00004380:	AND.W	R5, R4, R0	;(R4=0x02D7FC21 R0=0x327BEFDC )
(    libInnoSecure.so[0xCBBCB000])[18 44       ]0x00004384:	ADD	R0, R3	;(R0=0x327BEFDC R3=0x62373334 )
(    libInnoSecure.so[0xCBBCB000])[35 43       ]0x00004386:	ORRS	R5, R6	;(R5=0x0253EC00 R6=0x00800002 )
(    libInnoSecure.so[0xCBBCB000])[24 EA 02 06 ]0x00004388:	BIC.W	R6, R4, R2	;(R4=0x02D7FC21 R2=0x20D3AEC2 )
(    libInnoSecure.so[0xCBBCB000])[29 44       ]0x0000438C:	ADD	R1, R5	;(R1=0x92507F94 R5=0x02D3EC02 )
(    libInnoSecure.so[0xCBBCB000])[4F F6 C8 35 ]0x0000438E:	MOVW	R5, #0XFBC8
(    libInnoSecure.so[0xCBBCB000])[CE F2 D3 75 ]0x00004392:	MOVT	R5, #0XE7D3	;(R5=0x0000FBC8 )
(    libInnoSecure.so[0xCBBCB000])[29 44       ]0x00004396:	ADD	R1, R5	;(R1=0x95246B96 R5=0xE7D3FBC8 )
(    libInnoSecure.so[0xCBBCB000])[0F 9B       ]0x00004398:	LDR	R3, [SP, #0X3C]	;(SP=0x100FFD18 )
(    libInnoSecure.so[0xCBBCB000])[04 EB 31 31 ]0x0000439A:	ADD.W	R1, R4, R1, ROR #12	;(R4=0x02D7FC21 R1=0x7CF8675E )
(    libInnoSecure.so[0xCBBCB000])[01 EA 02 05 ]0x0000439E:	AND.W	R5, R1, R2	;(R1=0x78BFCBA7 R2=0x20D3AEC2 )
(    libInnoSecure.so[0xCBBCB000])[62 44       ]0x000043A2:	ADD	R2, IP	;(R2=0x20D3AEC2 IP=0x37303333 )
(    libInnoSecure.so[0xCBBCB000])[35 43       ]0x000043A4:	ORRS	R5, R6	;(R5=0x20938A82 R6=0x02045021 )
(    libInnoSecure.so[0xCBBCB000])[21 EA 04 06 ]0x000043A6:	BIC.W	R6, R1, R4	;(R1=0x78BFCBA7 R4=0x02D7FC21 )
(    libInnoSecure.so[0xCBBCB000])[28 44       ]0x000043AA:	ADD	R0, R5	;(R0=0x94B32310 R5=0x2297DAA3 )
(    libInnoSecure.so[0xCBBCB000])[4C F6 E6 55 ]0x000043AC:	MOVW	R5, #0XCDE6
(    libInnoSecure.so[0xCBBCB000])[C2 F2 E1 15 ]0x000043B0:	MOVT	R5, #0X21E1	;(R5=0x0000CDE6 )
(    libInnoSecure.so[0xCBBCB000])[28 44       ]0x000043B4:	ADD	R0, R5	;(R0=0xB74AFDB3 R5=0x21E1CDE6 )
(    libInnoSecure.so[0xCBBCB000])[01 EB F0 60 ]0x000043B6:	ADD.W	R0, R1, R0, ROR #27	;(R1=0x78BFCBA7 R0=0xD92CCB99 )
(    libInnoSecure.so[0xCBBCB000])[00 EA 04 05 ]0x000043BA:	AND.W	R5, R0, R4	;(R0=0x9E593EE2 R4=0x02D7FC21 )
(    libInnoSecure.so[0xCBBCB000])[1C 44       ]0x000043BE:	ADD	R4, R3	;(R4=0x02D7FC21 R3=0x61613030 )
(    libInnoSecure.so[0xCBBCB000])[35 43       ]0x000043C0:	ORRS	R5, R6	;(R5=0x02513C20 R6=0x78280386 )
(    libInnoSecure.so[0xCBBCB000])[20 EA 01 06 ]0x000043C2:	BIC.W	R6, R0, R1	;(R0=0x9E593EE2 R1=0x78BFCBA7 )
(    libInnoSecure.so[0xCBBCB000])[2A 44       ]0x000043C6:	ADD	R2, R5	;(R2=0x5803E1F5 R5=0x7A793FA6 )
(    libInnoSecure.so[0xCBBCB000])[40 F2 D6 75 ]0x000043C8:	MOVW	R5, #0X7D6
(    libInnoSecure.so[0xCBBCB000])[CC F2 37 35 ]0x000043CC:	MOVT	R5, #0XC337	;(R5=0x000007D6 )
(    libInnoSecure.so[0xCBBCB000])[2A 44       ]0x000043D0:	ADD	R2, R5	;(R2=0xD27D219B R5=0xC33707D6 )
(    libInnoSecure.so[0xCBBCB000])[0A 9B       ]0x000043D2:	LDR	R3, [SP, #0X28]	;(SP=0x100FFD18 )
(    libInnoSecure.so[0xCBBCB000])[00 EB F2 52 ]0x000043D4:	ADD.W	R2, R0, R2, ROR #23	;(R0=0x9E593EE2 R2=0x95B42971 )
(    libInnoSecure.so[0xCBBCB000])[02 EA 01 05 ]0x000043D8:	AND.W	R5, R2, R1	;(R2=0x06AC220D R1=0x78BFCBA7 )
(    libInnoSecure.so[0xCBBCB000])[19 44       ]0x000043DC:	ADD	R1, R3	;(R1=0x78BFCBA7 R3=0x34343432 )
(    libInnoSecure.so[0xCBBCB000])[35 43       ]0x000043DE:	ORRS	R5, R6	;(R5=0x00AC0205 R6=0x86403440 )
(    libInnoSecure.so[0xCBBCB000])[22 EA 00 06 ]0x000043E0:	BIC.W	R6, R2, R0	;(R2=0x06AC220D R0=0x9E593EE2 )
(    libInnoSecure.so[0xCBBCB000])[2C 44       ]0x000043E4:	ADD	R4, R5	;(R4=0x64392C51 R5=0x86EC3645 )
(    libInnoSecure.so[0xCBBCB000])[40 F6 87 55 ]0x000043E6:	MOVW	R5, #0XD87
(    libInnoSecure.so[0xCBBCB000])[CF F2 D5 45 ]0x000043EA:	MOVT	R5, #0XF4D5	;(R5=0x00000D87 )
(    libInnoSecure.so[0xCBBCB000])[2C 44       ]0x000043EE:	ADD	R4, R5	;(R4=0xEB256296 R5=0xF4D50D87 )
(    libInnoSecure.so[0xCBBCB000])[02 EB B4 44 ]0x000043F0:	ADD.W	R4, R2, R4, ROR #18	;(R2=0x06AC220D R4=0xDFFA701D )
(    libInnoSecure.so[0xCBBCB000])[04 EA 00 05 ]0x000043F4:	AND.W	R5, R4, R0	;(R4=0xA2B39A0B R0=0x9E593EE2 )
(    libInnoSecure.so[0xCBBCB000])[40 44       ]0x000043F8:	ADD	R0, R8	;(R0=0x9E593EE2 R8=0x32663362 )
(    libInnoSecure.so[0xCBBCB000])[35 43       ]0x000043FA:	ORRS	R5, R6	;(R5=0x82111A02 R6=0x00A4000D )
(    libInnoSecure.so[0xCBBCB000])[24 EA 02 06 ]0x000043FC:	BIC.W	R6, R4, R2	;(R4=0xA2B39A0B R2=0x06AC220D )
(    libInnoSecure.so[0xCBBCB000])[29 44       ]0x00004400:	ADD	R1, R5	;(R1=0xACF3FFD9 R5=0x82B51A0F )
(    libInnoSecure.so[0xCBBCB000])[41 F2 ED 45 ]0x00004402:	MOVW	R5, #0X14ED
(    libInnoSecure.so[0xCBBCB000])[C4 F2 5A 55 ]0x00004406:	MOVT	R5, #0X455A	;(R5=0x000014ED )
(    libInnoSecure.so[0xCBBCB000])[29 44       ]0x0000440A:	ADD	R1, R5	;(R1=0x2FA919E8 R5=0x455A14ED )
(    libInnoSecure.so[0xCBBCB000])[04 EB 31 31 ]0x0000440C:	ADD.W	R1, R4, R1, ROR #12	;(R4=0xA2B39A0B R1=0x75032ED5 )
(    libInnoSecure.so[0xCBBCB000])[01 EA 02 05 ]0x00004410:	AND.W	R5, R1, R2	;(R1=0x900AEA3D R2=0x06AC220D )
(    libInnoSecure.so[0xCBBCB000])[35 43       ]0x00004414:	ORRS	R5, R6	;(R5=0x0008220D R6=0xA0139802 )
(    libInnoSecure.so[0xCBBCB000])[21 EA 04 06 ]0x00004416:	BIC.W	R6, R1, R4	;(R1=0x900AEA3D R4=0xA2B39A0B )
(    libInnoSecure.so[0xCBBCB000])[28 44       ]0x0000441A:	ADD	R0, R5	;(R0=0xD0BF7244 R5=0xA01BBA0F )
(    libInnoSecure.so[0xCBBCB000])[4E F6 05 15 ]0x0000441C:	MOVW	R5, #0XE905
(    libInnoSecure.so[0xCBBCB000])[CA F6 E3 15 ]0x00004420:	MOVT	R5, #0XA9E3	;(R5=0x0000E905 )
(    libInnoSecure.so[0xCBBCB000])[28 44       ]0x00004424:	ADD	R0, R5	;(R0=0x70DB2C53 R5=0xA9E3E905 )
(    libInnoSecure.so[0xCBBCB000])[01 EB F0 60 ]0x00004426:	ADD.W	R0, R1, R0, ROR #27	;(R1=0x900AEA3D R0=0x1ABF1558 )
(    libInnoSecure.so[0xCBBCB000])[00 EA 04 05 ]0x0000442A:	AND.W	R5, R0, R4	;(R0=0xE7ED9540 R4=0xA2B39A0B )
(    libInnoSecure.so[0xCBBCB000])[74 44       ]0x0000442E:	ADD	R4, LR	;(R4=0xA2B39A0B LR=0x39366530 )
(    libInnoSecure.so[0xCBBCB000])[35 43       ]0x00004430:	ORRS	R5, R6	;(R5=0xA2A19000 R6=0x10086034 )
(    libInnoSecure.so[0xCBBCB000])[0C 9E       ]0x00004432:	LDR	R6, [SP, #0X30]	;(SP=0x100FFD18 )
(    libInnoSecure.so[0xCBBCB000])[32 44       ]0x00004434:	ADD	R2, R6	;(R2=0x06AC220D R6=0x31383138 )
(    libInnoSecure.so[0xCBBCB000])[20 EA 01 06 ]0x00004436:	BIC.W	R6, R0, R1	;(R0=0xE7ED9540 R1=0x900AEA3D )
(    libInnoSecure.so[0xCBBCB000])[2A 44       ]0x0000443A:	ADD	R2, R5	;(R2=0x37E45345 R5=0xB2A9F034 )
(    libInnoSecure.so[0xCBBCB000])[4A F2 F8 35 ]0x0000443C:	MOVW	R5, #0XA3F8
(    libInnoSecure.so[0xCBBCB000])[CF F6 EF 45 ]0x00004440:	MOVT	R5, #0XFCEF	;(R5=0x0000A3F8 )
(    libInnoSecure.so[0xCBBCB000])[2A 44       ]0x00004444:	ADD	R2, R5	;(R2=0xEA8E4379 R5=0xFCEFA3F8 )
(    libInnoSecure.so[0xCBBCB000])[00 EB F2 52 ]0x00004446:	ADD.W	R2, R0, R2, ROR #23	;(R0=0xE7ED9540 R2=0xE77DE771 )
(    libInnoSecure.so[0xCBBCB000])[02 EA 01 05 ]0x0000444A:	AND.W	R5, R2, R1	;(R2=0xE3BC790E R1=0x900AEA3D )
(    libInnoSecure.so[0xCBBCB000])[35 43       ]0x0000444E:	ORRS	R5, R6	;(R5=0x8008680C R6=0x67E51540 )
(    libInnoSecure.so[0xCBBCB000])[22 EA 00 06 ]0x00004450:	BIC.W	R6, R2, R0	;(R2=0xE3BC790E R0=0xE7ED9540 )
(    libInnoSecure.so[0xCBBCB000])[2C 44       ]0x00004454:	ADD	R4, R5	;(R4=0xDBE9FF3B R5=0xE7ED7D4C )
(    libInnoSecure.so[0xCBBCB000])[40 F2 D9 25 ]0x00004456:	MOVW	R5, #0X2D9
(    libInnoSecure.so[0xCBBCB000])[C6 F2 6F 75 ]0x0000445A:	MOVT	R5, #0X676F	;(R5=0x000002D9 )
(    libInnoSecure.so[0xCBBCB000])[2C 44       ]0x0000445E:	ADD	R4, R5	;(R4=0xC3D77C87 R5=0x676F02D9 )
(    libInnoSecure.so[0xCBBCB000])[02 EB B4 44 ]0x00004460:	ADD.W	R4, R2, R4, ROR #18	;(R2=0xE3BC790E R4=0x2B467F60 )
(    libInnoSecure.so[0xCBBCB000])[04 EA 00 05 ]0x00004464:	AND.W	R5, R4, R0	;(R4=0x839483DF R0=0xE7ED9540 )
(    libInnoSecure.so[0xCBBCB000])[48 44       ]0x00004468:	ADD	R0, SB	;(R0=0xE7ED9540 SB=0x37623934 )
(    libInnoSecure.so[0xCBBCB000])[35 43       ]0x0000446A:	ORRS	R5, R6	;(R5=0x83848140 R6=0x0010680E )
(    libInnoSecure.so[0xCBBCB000])[0D 9E       ]0x0000446C:	LDR	R6, [SP, #0X34]	;(SP=0x100FFD18 )
(    libInnoSecure.so[0xCBBCB000])[DD F8 18 90 ]0x0000446E:	LDR.W	SB, [SP, #0X18]	;(SP=0x100FFD18 )
(    libInnoSecure.so[0xCBBCB000])[31 44       ]0x00004472:	ADD	R1, R6	;(R1=0x900AEA3D R6=0x66656462 )
(    libInnoSecure.so[0xCBBCB000])[0E 9E       ]0x00004474:	LDR	R6, [SP, #0X38]	;(SP=0x100FFD18 )
(    libInnoSecure.so[0xCBBCB000])[29 44       ]0x00004476:	ADD	R1, R5	;(R1=0xF6704E9F R5=0x8394E94E )
(    libInnoSecure.so[0xCBBCB000])[44 F6 8A 45 ]0x00004478:	MOVW	R5, #0X4C8A
(    libInnoSecure.so[0xCBBCB000])[C8 F6 2A 55 ]0x0000447C:	MOVT	R5, #0X8D2A	;(R5=0x00004C8A )
(    libInnoSecure.so[0xCBBCB000])[29 44       ]0x00004480:	ADD	R1, R5	;(R1=0x7A0537ED R5=0x8D2A4C8A )
(    libInnoSecure.so[0xCBBCB000])[84 EA 02 05 ]0x00004482:	EOR.W	R5, R4, R2	;(R4=0x839483DF R2=0xE3BC790E )
(    libInnoSecure.so[0xCBBCB000])[1A 44       ]0x00004486:	ADD	R2, R3	;(R2=0xE3BC790E R3=0x34343432 )
(    libInnoSecure.so[0xCBBCB000])[04 EB 31 31 ]0x00004488:	ADD.W	R1, R4, R1, ROR #12	;(R4=0x839483DF R1=0x072F8477 )
(    libInnoSecure.so[0xCBBCB000])[11 9B       ]0x0000448C:	LDR	R3, [SP, #0X44]	;(SP=0x100FFD18 )
(    libInnoSecure.so[0xCBBCB000])[4D 40       ]0x0000448E:	EORS	R5, R1	;(R5=0x6028FAD1 R1=0xCB04F6D7 )
(    libInnoSecure.so[0xCBBCB000])[28 44       ]0x00004490:	ADD	R0, R5	;(R0=0x1F4FCE74 R5=0xAB2C0C06 )
(    libInnoSecure.so[0xCBBCB000])[43 F6 42 15 ]0x00004492:	MOVW	R5, #0X3942
(    libInnoSecure.so[0xCBBCB000])[CF F6 FA 75 ]0x00004496:	MOVT	R5, #0XFFFA	;(R5=0x00003942 )
(    libInnoSecure.so[0xCBBCB000])[28 44       ]0x0000449A:	ADD	R0, R5	;(R0=0xCA7BDA7A R5=0xFFFA3942 )
(    libInnoSecure.so[0xCBBCB000])[81 EA 04 05 ]0x0000449C:	EOR.W	R5, R1, R4	;(R1=0xCB04F6D7 R4=0x839483DF )
(    libInnoSecure.so[0xCBBCB000])[54 44       ]0x000044A0:	ADD	R4, SL	;(R4=0x839483DF SL=0x61633537 )
(    libInnoSecure.so[0xCBBCB000])[01 EB 30 70 ]0x000044A2:	ADD.W	R0, R1, R0, ROR #28	;(R1=0xCB04F6D7 R0=0xCA7613BC )
(    libInnoSecure.so[0xCBBCB000])[DD F8 30 A0 ]0x000044A6:	LDR.W	SL, [SP, #0X30]	;(SP=0x100FFD18 )
(    libInnoSecure.so[0xCBBCB000])[45 40       ]0x000044AA:	EORS	R5, R0	;(R5=0x48907508 R0=0x726632A3 )
(    libInnoSecure.so[0xCBBCB000])[2A 44       ]0x000044AC:	ADD	R2, R5	;(R2=0x17F0AD40 R5=0x3AF647AB )
(    libInnoSecure.so[0xCBBCB000])[4F F2 81 65 ]0x000044AE:	MOVW	R5, #0XF681
(    libInnoSecure.so[0xCBBCB000])[C8 F2 71 75 ]0x000044B2:	MOVT	R5, #0X8771	;(R5=0x0000F681 )
(    libInnoSecure.so[0xCBBCB000])[2A 44       ]0x000044B6:	ADD	R2, R5	;(R2=0x52E6F4EB R5=0x8771F681 )
(    libInnoSecure.so[0xCBBCB000])[80 EA 01 05 ]0x000044B8:	EOR.W	R5, R0, R1	;(R0=0x726632A3 R1=0xCB04F6D7 )
(    libInnoSecure.so[0xCBBCB000])[61 44       ]0x000044BC:	ADD	R1, IP	;(R1=0xCB04F6D7 IP=0x37303333 )
(    libInnoSecure.so[0xCBBCB000])[00 EB 72 52 ]0x000044BE:	ADD.W	R2, R0, R2, ROR #21	;(R0=0x726632A3 R2=0xDA58EB6C )
(    libInnoSecure.so[0xCBBCB000])[DD F8 3C C0 ]0x000044C2:	LDR.W	IP, [SP, #0X3C]	;(SP=0x100FFD18 )
(    libInnoSecure.so[0xCBBCB000])[55 40       ]0x000044C6:	EORS	R5, R2	;(R5=0xB962C474 R2=0x39C19975 )
(    libInnoSecure.so[0xCBBCB000])[2C 44       ]0x000044C8:	ADD	R4, R5	;(R4=0xE4F7B916 R5=0x80A35D01 )
(    libInnoSecure.so[0xCBBCB000])[46 F2 22 15 ]0x000044CA:	MOVW	R5, #0X6122
(    libInnoSecure.so[0xCBBCB000])[C6 F6 9D 55 ]0x000044CE:	MOVT	R5, #0X6D9D	;(R5=0x00006122 )
(    libInnoSecure.so[0xCBBCB000])[2C 44       ]0x000044D2:	ADD	R4, R5	;(R4=0x659B1617 R5=0x6D9D6122 )
(    libInnoSecure.so[0xCBBCB000])[82 EA 00 05 ]0x000044D4:	EOR.W	R5, R2, R0	;(R2=0x39C19975 R0=0x726632A3 )
(    libInnoSecure.so[0xCBBCB000])[18 44       ]0x000044D8:	ADD	R0, R3	;(R0=0x726632A3 R3=0x32303938 )
(    libInnoSecure.so[0xCBBCB000])[02 EB 34 44 ]0x000044DA:	ADD.W	R4, R2, R4, ROR #16	;(R2=0x39C19975 R4=0xD3387739 )
(    libInnoSecure.so[0xCBBCB000])[73 46       ]0x000044DE:	MOV	R3, LR	;(LR=0x39366530 )
(    libInnoSecure.so[0xCBBCB000])[65 40       ]0x000044E0:	EORS	R5, R4	;(R5=0x4BA7ABD6 R4=0xB0FB6CAD )
(    libInnoSecure.so[0xCBBCB000])[29 44       ]0x000044E2:	ADD	R1, R5	;(R1=0x02352A0A R5=0xFB5CC77B )
(    libInnoSecure.so[0xCBBCB000])[43 F6 0C 05 ]0x000044E4:	MOVW	R5, #0X380C
(    libInnoSecure.so[0xCBBCB000])[CF F6 E5 55 ]0x000044E8:	MOVT	R5, #0XFDE5	;(R5=0x0000380C )
(    libInnoSecure.so[0xCBBCB000])[29 44       ]0x000044EC:	ADD	R1, R5	;(R1=0xFD91F185 R5=0xFDE5380C )
(    libInnoSecure.so[0xCBBCB000])[84 EA 02 05 ]0x000044EE:	EOR.W	R5, R4, R2	;(R4=0xB0FB6CAD R2=0x39C19975 )
(    libInnoSecure.so[0xCBBCB000])[5A 44       ]0x000044F2:	ADD	R2, FP	;(R2=0x39C19975 FP=0x65616235 )
(    libInnoSecure.so[0xCBBCB000])[04 EB 71 21 ]0x000044F4:	ADD.W	R1, R4, R1, ROR #9	;(R4=0xB0FB6CAD R1=0xFB772991 )
(    libInnoSecure.so[0xCBBCB000])[DD F8 08 B0 ]0x000044F8:	LDR.W	FP, [SP, #8]	;(SP=0x100FFD18 )
(    libInnoSecure.so[0xCBBCB000])[4D 40       ]0x000044FC:	EORS	R5, R1	;(R5=0x893AF5D8 R1=0x79F92841 )
(    libInnoSecure.so[0xCBBCB000])[28 44       ]0x000044FE:	ADD	R0, R5	;(R0=0xA4966BDB R5=0xF0C3DD99 )
(    libInnoSecure.so[0xCBBCB000])[4E F6 44 25 ]0x00004500:	MOVW	R5, #0XEA44
(    libInnoSecure.so[0xCBBCB000])[CA F2 BE 45 ]0x00004504:	MOVT	R5, #0XA4BE	;(R5=0x0000EA44 )
(    libInnoSecure.so[0xCBBCB000])[28 44       ]0x00004508:	ADD	R0, R5	;(R0=0x955A4974 R5=0xA4BEEA44 )
(    libInnoSecure.so[0xCBBCB000])[81 EA 04 05 ]0x0000450A:	EOR.W	R5, R1, R4	;(R1=0x79F92841 R4=0xB0FB6CAD )
(    libInnoSecure.so[0xCBBCB000])[1C 44       ]0x0000450E:	ADD	R4, R3	;(R4=0xB0FB6CAD R3=0x39366530 )
(    libInnoSecure.so[0xCBBCB000])[01 EB 30 70 ]0x00004510:	ADD.W	R0, R1, R0, ROR #28	;(R1=0x79F92841 R0=0x3A1933B8 )
(    libInnoSecure.so[0xCBBCB000])[45 40       ]0x00004514:	EORS	R5, R0	;(R5=0xC90244EC R0=0x1B8C63C4 )
(    libInnoSecure.so[0xCBBCB000])[2A 44       ]0x00004516:	ADD	R2, R5	;(R2=0x9F22FBAA R5=0xD28E2728 )
(    libInnoSecure.so[0xCBBCB000])[4C F6 A9 75 ]0x00004518:	MOVW	R5, #0XCFA9
(    libInnoSecure.so[0xCBBCB000])[C4 F6 DE 35 ]0x0000451C:	MOVT	R5, #0X4BDE	;(R5=0x0000CFA9 )
(    libInnoSecure.so[0xCBBCB000])[2A 44       ]0x00004520:	ADD	R2, R5	;(R2=0x71B122D2 R5=0x4BDECFA9 )
(    libInnoSecure.so[0xCBBCB000])[80 EA 01 05 ]0x00004522:	EOR.W	R5, R0, R1	;(R0=0x1B8C63C4 R1=0x79F92841 )
(    libInnoSecure.so[0xCBBCB000])[59 44       ]0x00004526:	ADD	R1, FP	;(R1=0x79F92841 FP=0x33623238 )
(    libInnoSecure.so[0xCBBCB000])[00 EB 72 52 ]0x00004528:	ADD.W	R2, R0, R2, ROR #21	;(R0=0x1B8C63C4 R2=0xBD8FF27B )
(    libInnoSecure.so[0xCBBCB000])[55 40       ]0x0000452C:	EORS	R5, R2	;(R5=0x62754B85 R2=0x9B2041B0 )
(    libInnoSecure.so[0xCBBCB000])[2C 44       ]0x0000452E:	ADD	R4, R5	;(R4=0xEA31D1DD R5=0xF9550A35 )
(    libInnoSecure.so[0xCBBCB000])[44 F6 60 35 ]0x00004530:	MOVW	R5, #0X4B60
(    libInnoSecure.so[0xCBBCB000])[CF F2 BB 65 ]0x00004534:	MOVT	R5, #0XF6BB	;(R5=0x00004B60 )
(    libInnoSecure.so[0xCBBCB000])[2C 44       ]0x00004538:	ADD	R4, R5	;(R4=0xE386DC12 R5=0xF6BB4B60 )
(    libInnoSecure.so[0xCBBCB000])[82 EA 00 05 ]0x0000453A:	EOR.W	R5, R2, R0	;(R2=0x9B2041B0 R0=0x1B8C63C4 )
(    libInnoSecure.so[0xCBBCB000])[40 44       ]0x0000453E:	ADD	R0, R8	;(R0=0x1B8C63C4 R8=0x32663362 )
(    libInnoSecure.so[0xCBBCB000])[02 EB 34 44 ]0x00004540:	ADD.W	R4, R2, R4, ROR #16	;(R2=0x9B2041B0 R4=0xDA422772 )
(    libInnoSecure.so[0xCBBCB000])[DD F8 34 80 ]0x00004544:	LDR.W	R8, [SP, #0X34]	;(SP=0x100FFD18 )
(    libInnoSecure.so[0xCBBCB000])[65 40       ]0x00004548:	EORS	R5, R4	;(R5=0x80AC2274 R4=0xC2931BF2 )
(    libInnoSecure.so[0xCBBCB000])[29 44       ]0x0000454A:	ADD	R1, R5	;(R1=0xAD5B5A79 R5=0x423F3986 )
(    libInnoSecure.so[0xCBBCB000])[4B F6 70 45 ]0x0000454C:	MOVW	R5, #0XBC70
(    libInnoSecure.so[0xCBBCB000])[CB F6 BF 65 ]0x00004550:	MOVT	R5, #0XBEBF	;(R5=0x0000BC70 )
(    libInnoSecure.so[0xCBBCB000])[29 44       ]0x00004554:	ADD	R1, R5	;(R1=0xEF9A93FF R5=0xBEBFBC70 )
(    libInnoSecure.so[0xCBBCB000])[84 EA 02 05 ]0x00004556:	EOR.W	R5, R4, R2	;(R4=0xC2931BF2 R2=0x9B2041B0 )
(    libInnoSecure.so[0xCBBCB000])[32 44       ]0x0000455A:	ADD	R2, R6	;(R2=0x9B2041B0 R6=0x31383033 )
(    libInnoSecure.so[0xCBBCB000])[04 EB 71 21 ]0x0000455C:	ADD.W	R1, R4, R1, ROR #9	;(R4=0xC2931BF2 R1=0xAE5A506F )
(    libInnoSecure.so[0xCBBCB000])[4D 40       ]0x00004560:	EORS	R5, R1	;(R5=0x59B35A42 R1=0xFA6A491A )
(    libInnoSecure.so[0xCBBCB000])[28 44       ]0x00004562:	ADD	R0, R5	;(R0=0x4DF29726 R5=0xA3D91358 )
(    libInnoSecure.so[0xCBBCB000])[47 F6 C6 65 ]0x00004564:	MOVW	R5, #0X7EC6
(    libInnoSecure.so[0xCBBCB000])[C2 F6 9B 05 ]0x00004568:	MOVT	R5, #0X289B	;(R5=0x00007EC6 )
(    libInnoSecure.so[0xCBBCB000])[28 44       ]0x0000456C:	ADD	R0, R5	;(R0=0xF1CBAA7E R5=0x289B7EC6 )
(    libInnoSecure.so[0xCBBCB000])[81 EA 04 05 ]0x0000456E:	EOR.W	R5, R1, R4	;(R1=0xFA6A491A R4=0xC2931BF2 )
(    libInnoSecure.so[0xCBBCB000])[64 44       ]0x00004572:	ADD	R4, IP	;(R4=0xC2931BF2 IP=0x61613030 )
(    libInnoSecure.so[0xCBBCB000])[01 EB 30 70 ]0x00004574:	ADD.W	R0, R1, R0, ROR #28	;(R1=0xFA6A491A R0=0x1A672944 )
(    libInnoSecure.so[0xCBBCB000])[45 40       ]0x00004578:	EORS	R5, R0	;(R5=0x38F952E8 R0=0xA0DCDD5B )
(    libInnoSecure.so[0xCBBCB000])[2A 44       ]0x0000457A:	ADD	R2, R5	;(R2=0xCC5871E3 R5=0x98258FB3 )
(    libInnoSecure.so[0xCBBCB000])[42 F2 FA 75 ]0x0000457C:	MOVW	R5, #0X27FA
(    libInnoSecure.so[0xCBBCB000])[CE F6 A1 25 ]0x00004580:	MOVT	R5, #0XEAA1	;(R5=0x000027FA )
(    libInnoSecure.so[0xCBBCB000])[2A 44       ]0x00004584:	ADD	R2, R5	;(R2=0x647E0196 R5=0xEAA127FA )
(    libInnoSecure.so[0xCBBCB000])[80 EA 01 05 ]0x00004586:	EOR.W	R5, R0, R1	;(R0=0xA0DCDD5B R1=0xFA6A491A )
(    libInnoSecure.so[0xCBBCB000])[49 44       ]0x0000458A:	ADD	R1, SB	;(R1=0xFA6A491A SB=0x38333137 )
(    libInnoSecure.so[0xCBBCB000])[00 EB 72 52 ]0x0000458C:	ADD.W	R2, R0, R2, ROR #21	;(R0=0xA0DCDD5B R2=0x4F1F2990 )
(    libInnoSecure.so[0xCBBCB000])[55 40       ]0x00004590:	EORS	R5, R2	;(R5=0x5AB69441 R2=0x9A295FD3 )
(    libInnoSecure.so[0xCBBCB000])[2C 44       ]0x00004592:	ADD	R4, R5	;(R4=0x23F44C22 R5=0xC09FCB92 )
(    libInnoSecure.so[0xCBBCB000])[43 F2 85 05 ]0x00004594:	MOVW	R5, #0X3085
(    libInnoSecure.so[0xCBBCB000])[CD F2 EF 45 ]0x00004598:	MOVT	R5, #0XD4EF	;(R5=0x00003085 )
(    libInnoSecure.so[0xCBBCB000])[2C 44       ]0x0000459C:	ADD	R4, R5	;(R4=0xE49417B4 R5=0xD4EF3085 )
(    libInnoSecure.so[0xCBBCB000])[82 EA 00 05 ]0x0000459E:	EOR.W	R5, R2, R0	;(R2=0x9A295FD3 R0=0xA0DCDD5B )
(    libInnoSecure.so[0xCBBCB000])[02 EB 34 44 ]0x000045A2:	ADD.W	R4, R2, R4, ROR #16	;(R2=0x9A295FD3 R4=0xB9834839 )
(    libInnoSecure.so[0xCBBCB000])[65 40       ]0x000045A6:	EORS	R5, R4	;(R5=0x3AF58288 R4=0xE2631956 )
(    libInnoSecure.so[0xCBBCB000])[29 44       ]0x000045A8:	ADD	R1, R5	;(R1=0x329D7A51 R5=0xD8969BDE )
(    libInnoSecure.so[0xCBBCB000])[41 F6 05 55 ]0x000045AA:	MOVW	R5, #0X1D05
(    libInnoSecure.so[0xCBBCB000])[C0 F2 88 45 ]0x000045AE:	MOVT	R5, #0X488	;(R5=0x00001D05 )
(    libInnoSecure.so[0xCBBCB000])[29 44       ]0x000045B2:	ADD	R1, R5	;(R1=0x0B34162F R5=0x04881D05 )
(    libInnoSecure.so[0xCBBCB000])[84 EA 02 05 ]0x000045B4:	EOR.W	R5, R4, R2	;(R4=0xE2631956 R2=0x9A295FD3 )
(    libInnoSecure.so[0xCBBCB000])[42 44       ]0x000045B8:	ADD	R2, R8	;(R2=0x9A295FD3 R8=0x66656462 )
(    libInnoSecure.so[0xCBBCB000])[04 EB 71 21 ]0x000045BA:	ADD.W	R1, R4, R1, ROR #9	;(R4=0xE2631956 R1=0x0FBC3334 )
(    libInnoSecure.so[0xCBBCB000])[85 EA 01 0E ]0x000045BE:	EOR.W	LR, R5, R1	;(R5=0x784A4685 R1=0x7C6AF76F )
(    libInnoSecure.so[0xCBBCB000])[10 9D       ]0x000045C2:	LDR	R5, [SP, #0X40]	;(SP=0x100FFD18 )
(    libInnoSecure.so[0xCBBCB000])[28 44       ]0x000045C4:	ADD	R0, R5	;(R0=0xA0DCDD5B R5=0x62373334 )
(    libInnoSecure.so[0xCBBCB000])[4D F2 39 05 ]0x000045C6:	MOVW	R5, #0XD039
(    libInnoSecure.so[0xCBBCB000])[70 44       ]0x000045CA:	ADD	R0, LR	;(R0=0x0314108F LR=0x0420B1EA )
(    libInnoSecure.so[0xCBBCB000])[CD F6 D4 15 ]0x000045CC:	MOVT	R5, #0XD9D4	;(R5=0x0000D039 )
(    libInnoSecure.so[0xCBBCB000])[28 44       ]0x000045D0:	ADD	R0, R5	;(R0=0x0734C279 R5=0xD9D4D039 )
(    libInnoSecure.so[0xCBBCB000])[81 EA 04 05 ]0x000045D2:	EOR.W	R5, R1, R4	;(R1=0x7C6AF76F R4=0xE2631956 )
(    libInnoSecure.so[0xCBBCB000])[DD F8 0C E0 ]0x000045D6:	LDR.W	LR, [SP, #0XC]	;(SP=0x100FFD18 )
(    libInnoSecure.so[0xCBBCB000])[01 EB 30 70 ]0x000045DA:	ADD.W	R0, R1, R0, ROR #28	;(R1=0x7C6AF76F R0=0xE10992B2 )
(    libInnoSecure.so[0xCBBCB000])[45 40       ]0x000045DE:	EORS	R5, R0	;(R5=0x9E09EE39 R0=0x8D04229D )
(    libInnoSecure.so[0xCBBCB000])[74 44       ]0x000045E0:	ADD	R4, LR	;(R4=0xE2631956 LR=0x35393263 )
(    libInnoSecure.so[0xCBBCB000])[2A 44       ]0x000045E2:	ADD	R2, R5	;(R2=0x008EC435 R5=0x130DCCA4 )
(    libInnoSecure.so[0xCBBCB000])[49 F6 E5 15 ]0x000045E4:	MOVW	R5, #0X99E5
(    libInnoSecure.so[0xCBBCB000])[CE F2 DB 65 ]0x000045E8:	MOVT	R5, #0XE6DB	;(R5=0x000099E5 )
(    libInnoSecure.so[0xCBBCB000])[2A 44       ]0x000045EC:	ADD	R2, R5	;(R2=0x139C90D9 R5=0xE6DB99E5 )
(    libInnoSecure.so[0xCBBCB000])[80 EA 01 05 ]0x000045EE:	EOR.W	R5, R0, R1	;(R0=0x8D04229D R1=0x7C6AF76F )
(    libInnoSecure.so[0xCBBCB000])[51 44       ]0x000045F2:	ADD	R1, SL	;(R1=0x7C6AF76F SL=0x31383138 )
(    libInnoSecure.so[0xCBBCB000])[00 EB 72 52 ]0x000045F4:	ADD.W	R2, R0, R2, ROR #21	;(R0=0x8D04229D R2=0xFA782ABE )
(    libInnoSecure.so[0xCBBCB000])[55 40       ]0x000045F8:	EORS	R5, R2	;(R5=0xF16ED5F2 R2=0x4E5A1A70 )
(    libInnoSecure.so[0xCBBCB000])[2C 44       ]0x000045FA:	ADD	R4, R5	;(R4=0x179C4BB9 R5=0xBF34CF82 )
(    libInnoSecure.so[0xCBBCB000])[47 F6 F8 45 ]0x000045FC:	MOVW	R5, #0X7CF8
(    libInnoSecure.so[0xCBBCB000])[C1 F6 A2 75 ]0x00004600:	MOVT	R5, #0X1FA2	;(R5=0x00007CF8 )
(    libInnoSecure.so[0xCBBCB000])[2C 44       ]0x00004604:	ADD	R4, R5	;(R4=0xD6D11B3B R5=0x1FA27CF8 )
(    libInnoSecure.so[0xCBBCB000])[82 EA 00 05 ]0x00004606:	EOR.W	R5, R2, R0	;(R2=0x4E5A1A70 R0=0x8D04229D )
(    libInnoSecure.so[0xCBBCB000])[30 44       ]0x0000460A:	ADD	R0, R6	;(R0=0x8D04229D R6=0x31383033 )
(    libInnoSecure.so[0xCBBCB000])[02 EB 34 44 ]0x0000460C:	ADD.W	R4, R2, R4, ROR #16	;(R2=0x4E5A1A70 R4=0xF6739833 )
(    libInnoSecure.so[0xCBBCB000])[45 F6 C3 16 ]0x00004610:	MOVW	R6, #0X59C3
(    libInnoSecure.so[0xCBBCB000])[65 40       ]0x00004614:	EORS	R5, R4	;(R5=0xC35E38ED R4=0xE68E10E3 )
(    libInnoSecure.so[0xCBBCB000])[C6 F2 5B 56 ]0x00004616:	MOVT	R6, #0X655B	;(R6=0x000059C3 )
(    libInnoSecure.so[0xCBBCB000])[29 44       ]0x0000461A:	ADD	R1, R5	;(R1=0xADA328A7 R5=0x25D0280E )
(    libInnoSecure.so[0xCBBCB000])[45 F2 65 65 ]0x0000461C:	MOVW	R5, #0X5665
(    libInnoSecure.so[0xCBBCB000])[CC F2 AC 45 ]0x00004620:	MOVT	R5, #0XC4AC	;(R5=0x00005665 )
(    libInnoSecure.so[0xCBBCB000])[29 44       ]0x00004624:	ADD	R1, R5	;(R1=0xD37350B5 R5=0xC4AC5665 )
(    libInnoSecure.so[0xCBBCB000])[04 EB 71 21 ]0x00004626:	ADD.W	R1, R4, R1, ROR #9	;(R4=0xE68E10E3 R1=0x981FA71A )
(    libInnoSecure.so[0xCBBCB000])[61 EA 02 05 ]0x0000462A:	ORN	R5, R1, R2	;(R1=0x73DA20B6 R2=0x4E5A1A70 )
(    libInnoSecure.so[0xCBBCB000])[1A 44       ]0x0000462E:	ADD	R2, R3	;(R2=0x4E5A1A70 R3=0x39366530 )
(    libInnoSecure.so[0xCBBCB000])[65 40       ]0x00004630:	EORS	R5, R4	;(R5=0xF3FFE5BF R4=0xE68E10E3 )
(    libInnoSecure.so[0xCBBCB000])[01 9B       ]0x00004632:	LDR	R3, [SP, #4]	;(SP=0x100FFD18 )
(    libInnoSecure.so[0xCBBCB000])[28 44       ]0x00004634:	ADD	R0, R5	;(R0=0xBE3C52D0 R5=0x1571F55C )
(    libInnoSecure.so[0xCBBCB000])[42 F2 44 25 ]0x00004636:	MOVW	R5, #0X2244
(    libInnoSecure.so[0xCBBCB000])[CF F2 29 45 ]0x0000463A:	MOVT	R5, #0XF429	;(R5=0x00002244 )
(    libInnoSecure.so[0xCBBCB000])[28 44       ]0x0000463E:	ADD	R0, R5	;(R0=0xD3AE482C R5=0xF4292244 )
(    libInnoSecure.so[0xCBBCB000])[23 44       ]0x00004640:	ADD	R3, R4	;(R3=0x37303333 R4=0xE68E10E3 )
(    libInnoSecure.so[0xCBBCB000])[01 EB B0 60 ]0x00004642:	ADD.W	R0, R1, R0, ROR #26	;(R1=0x73DA20B6 R0=0xC7D76A70 )
(    libInnoSecure.so[0xCBBCB000])[60 EA 04 05 ]0x00004646:	ORN	R5, R0, R4	;(R0=0x69B4BCE7 R4=0xE68E10E3 )
(    libInnoSecure.so[0xCBBCB000])[42 F2 A7 34 ]0x0000464A:	MOVW	R4, #0X23A7
(    libInnoSecure.so[0xCBBCB000])[4D 40       ]0x0000464E:	EORS	R5, R1	;(R5=0x79F5FFFF R1=0x73DA20B6 )
(    libInnoSecure.so[0xCBBCB000])[CA F6 94 34 ]0x00004650:	MOVT	R4, #0XAB94	;(R4=0x000023A7 )
(    libInnoSecure.so[0xCBBCB000])[2A 44       ]0x00004654:	ADD	R2, R5	;(R2=0x87907FA0 R5=0x0A2FDF49 )
(    libInnoSecure.so[0xCBBCB000])[4F F6 97 75 ]0x00004656:	MOVW	R5, #0XFF97
(    libInnoSecure.so[0xCBBCB000])[C4 F2 2A 35 ]0x0000465A:	MOVT	R5, #0X432A	;(R5=0x0000FF97 )
(    libInnoSecure.so[0xCBBCB000])[2A 44       ]0x0000465E:	ADD	R2, R5	;(R2=0x91C05EE9 R5=0x432AFF97 )
(    libInnoSecure.so[0xCBBCB000])[00 EB B2 52 ]0x00004660:	ADD.W	R2, R0, R2, ROR #22	;(R0=0x69B4BCE7 R2=0xD4EB5E80 )
(    libInnoSecure.so[0xCBBCB000])[62 EA 01 05 ]0x00004664:	ORN	R5, R2, R1	;(R2=0x172EC03A R1=0x73DA20B6 )
(    libInnoSecure.so[0xCBBCB000])[45 40       ]0x00004668:	EORS	R5, R0	;(R5=0x9F2FDF7B R0=0x69B4BCE7 )
(    libInnoSecure.so[0xCBBCB000])[2B 44       ]0x0000466A:	ADD	R3, R5	;(R3=0x1DBE4416 R5=0xF69B639C )
(    libInnoSecure.so[0xCBBCB000])[09 9D       ]0x0000466C:	LDR	R5, [SP, #0X24]	;(SP=0x100FFD18 )
(    libInnoSecure.so[0xCBBCB000])[23 44       ]0x0000466E:	ADD	R3, R4	;(R3=0x1459A7B2 R4=0xAB9423A7 )
(    libInnoSecure.so[0xCBBCB000])[29 44       ]0x00004670:	ADD	R1, R5	;(R1=0x73DA20B6 R5=0x37623934 )
(    libInnoSecure.so[0xCBBCB000])[11 9D       ]0x00004672:	LDR	R5, [SP, #0X44]	;(SP=0x100FFD18 )
(    libInnoSecure.so[0xCBBCB000])[02 EB 73 43 ]0x00004674:	ADD.W	R3, R2, R3, ROR #17	;(R2=0x172EC03A R3=0xBFEDCB59 )
(    libInnoSecure.so[0xCBBCB000])[63 EA 00 04 ]0x00004678:	ORN	R4, R3, R0	;(R3=0xFCDBA030 R0=0x69B4BCE7 )
(    libInnoSecure.so[0xCBBCB000])[40 44       ]0x0000467C:	ADD	R0, R8	;(R0=0x69B4BCE7 R8=0x66656462 )
(    libInnoSecure.so[0xCBBCB000])[54 40       ]0x0000467E:	EORS	R4, R2	;(R4=0xFEDBE338 R2=0x172EC03A )
(    libInnoSecure.so[0xCBBCB000])[21 44       ]0x00004680:	ADD	R1, R4	;(R1=0xAB3C59EA R4=0xE9F52302 )
(    libInnoSecure.so[0xCBBCB000])[4A F2 39 04 ]0x00004682:	MOVW	R4, #0XA039
(    libInnoSecure.so[0xCBBCB000])[CF F6 93 44 ]0x00004686:	MOVT	R4, #0XFC93	;(R4=0x0000A039 )
(    libInnoSecure.so[0xCBBCB000])[21 44       ]0x0000468A:	ADD	R1, R4	;(R1=0x95317CEC R4=0xFC93A039 )
(    libInnoSecure.so[0xCBBCB000])[03 EB F1 21 ]0x0000468C:	ADD.W	R1, R3, R1, ROR #11	;(R3=0xFCDBA030 R1=0x91C51D25 )
(    libInnoSecure.so[0xCBBCB000])[61 EA 02 04 ]0x00004690:	ORN	R4, R1, R2	;(R1=0xA18DD8D3 R2=0x172EC03A )
(    libInnoSecure.so[0xCBBCB000])[62 44       ]0x00004694:	ADD	R2, IP	;(R2=0x172EC03A IP=0x61613030 )
(    libInnoSecure.so[0xCBBCB000])[5C 40       ]0x00004696:	EORS	R4, R3	;(R4=0xE9DDFFD7 R3=0xFCDBA030 )
(    libInnoSecure.so[0xCBBCB000])[DD F8 1C C0 ]0x00004698:	LDR.W	IP, [SP, #0X1C]	;(SP=0x100FFD18 )
(    libInnoSecure.so[0xCBBCB000])[20 44       ]0x0000469C:	ADD	R0, R4	;(R0=0xD01A2149 R4=0x15065FE7 )
(    libInnoSecure.so[0xCBBCB000])[30 44       ]0x0000469E:	ADD	R0, R6	;(R0=0xE5208130 R6=0x655B59C3 )
(    libInnoSecure.so[0xCBBCB000])[01 EB B0 60 ]0x000046A0:	ADD.W	R0, R1, R0, ROR #26	;(R1=0xA18DD8D3 R0=0x4A7BDAF3 )
(    libInnoSecure.so[0xCBBCB000])[60 EA 03 06 ]0x000046A4:	ORN	R6, R0, R3	;(R0=0x408495A5 R3=0xFCDBA030 )
(    libInnoSecure.so[0xCBBCB000])[5B 44       ]0x000046A8:	ADD	R3, FP	;(R3=0xFCDBA030 FP=0x33623238 )
(    libInnoSecure.so[0xCBBCB000])[4E 40       ]0x000046AA:	EORS	R6, R1	;(R6=0x43A4DFEF R1=0xA18DD8D3 )
(    libInnoSecure.so[0xCBBCB000])[32 44       ]0x000046AC:	ADD	R2, R6	;(R2=0x788FF06A R6=0xE229073C )
(    libInnoSecure.so[0xCBBCB000])[4C F6 92 46 ]0x000046AE:	MOVW	R6, #0XCC92
(    libInnoSecure.so[0xCBBCB000])[C8 F6 0C 76 ]0x000046B2:	MOVT	R6, #0X8F0C	;(R6=0x0000CC92 )
(    libInnoSecure.so[0xCBBCB000])[32 44       ]0x000046B6:	ADD	R2, R6	;(R2=0x5AB8F7A6 R6=0x8F0CCC92 )
(    libInnoSecure.so[0xCBBCB000])[00 EB B2 52 ]0x000046B8:	ADD.W	R2, R0, R2, ROR #22	;(R0=0x408495A5 R2=0xE9C5C438 )
(    libInnoSecure.so[0xCBBCB000])[62 EA 01 06 ]0x000046BC:	ORN	R6, R2, R1	;(R2=0x5795794C R1=0xA18DD8D3 )
(    libInnoSecure.so[0xCBBCB000])[29 44       ]0x000046C0:	ADD	R1, R5	;(R1=0xA18DD8D3 R5=0x32303938 )
(    libInnoSecure.so[0xCBBCB000])[46 40       ]0x000046C2:	EORS	R6, R0	;(R6=0x5FF77F6C R0=0x408495A5 )
(    libInnoSecure.so[0xCBBCB000])[0A 9D       ]0x000046C4:	LDR	R5, [SP, #0X28]	;(SP=0x100FFD18 )
(    libInnoSecure.so[0xCBBCB000])[33 44       ]0x000046C6:	ADD	R3, R6	;(R3=0x303DD268 R6=0x1F73EAC9 )
(    libInnoSecure.so[0xCBBCB000])[4F F2 7D 46 ]0x000046C8:	MOVW	R6, #0XF47D
(    libInnoSecure.so[0xCBBCB000])[CF F6 EF 76 ]0x000046CC:	MOVT	R6, #0XFFEF	;(R6=0x0000F47D )
(    libInnoSecure.so[0xCBBCB000])[33 44       ]0x000046D0:	ADD	R3, R6	;(R3=0x4FB1BD31 R6=0xFFEFF47D )
(    libInnoSecure.so[0xCBBCB000])[02 EB 73 43 ]0x000046D2:	ADD.W	R3, R2, R3, ROR #17	;(R2=0x5795794C R3=0x4FA1B1AE )
(    libInnoSecure.so[0xCBBCB000])[63 EA 00 06 ]0x000046D6:	ORN	R6, R3, R0	;(R3=0x306CA11C R0=0x408495A5 )
(    libInnoSecure.so[0xCBBCB000])[28 44       ]0x000046DA:	ADD	R0, R5	;(R0=0x408495A5 R5=0x34343432 )
(    libInnoSecure.so[0xCBBCB000])[56 40       ]0x000046DC:	EORS	R6, R2	;(R6=0xBF7FEB5E R2=0x5795794C )
(    libInnoSecure.so[0xCBBCB000])[08 9D       ]0x000046DE:	LDR	R5, [SP, #0X20]	;(SP=0x100FFD18 )
(    libInnoSecure.so[0xCBBCB000])[31 44       ]0x000046E0:	ADD	R1, R6	;(R1=0xD3BE120B R6=0xE8EA9212 )
(    libInnoSecure.so[0xCBBCB000])[45 F6 D1 56 ]0x000046E2:	MOVW	R6, #0X5DD1
(    libInnoSecure.so[0xCBBCB000])[C8 F2 84 56 ]0x000046E6:	MOVT	R6, #0X8584	;(R6=0x00005DD1 )
(    libInnoSecure.so[0xCBBCB000])[31 44       ]0x000046EA:	ADD	R1, R6	;(R1=0xBCA8A41D R6=0x85845DD1 )
(    libInnoSecure.so[0xCBBCB000])[03 EB F1 21 ]0x000046EC:	ADD.W	R1, R3, R1, ROR #11	;(R3=0x306CA11C R1=0x422D01EE )
(    libInnoSecure.so[0xCBBCB000])[61 EA 02 06 ]0x000046F0:	ORN	R6, R1, R2	;(R1=0x6E34E6BC R2=0x5795794C )
(    libInnoSecure.so[0xCBBCB000])[72 44       ]0x000046F4:	ADD	R2, LR	;(R2=0x5795794C LR=0x35393263 )
(    libInnoSecure.so[0xCBBCB000])[5E 40       ]0x000046F6:	EORS	R6, R3	;(R6=0xEE7EE6BF R3=0x306CA11C )
(    libInnoSecure.so[0xCBBCB000])[30 44       ]0x000046F8:	ADD	R0, R6	;(R0=0x74B8C9D7 R6=0xDE1247A3 )
(    libInnoSecure.so[0xCBBCB000])[47 F6 4F 66 ]0x000046FA:	MOVW	R6, #0X7E4F
(    libInnoSecure.so[0xCBBCB000])[C6 F6 A8 76 ]0x000046FE:	MOVT	R6, #0X6FA8	;(R6=0x00007E4F )
(    libInnoSecure.so[0xCBBCB000])[30 44       ]0x00004702:	ADD	R0, R6	;(R0=0x52CB117A R6=0x6FA87E4F )
(    libInnoSecure.so[0xCBBCB000])[01 EB B0 66 ]0x00004704:	ADD.W	R6, R1, R0, ROR #26	;(R1=0x6E34E6BC R0=0xC2738FC9 )
(    libInnoSecure.so[0xCBBCB000])[66 EA 03 00 ]0x00004708:	ORN	R0, R6, R3	;(R6=0x0B18D92C R3=0x306CA11C )
(    libInnoSecure.so[0xCBBCB000])[4B 44       ]0x0000470C:	ADD	R3, SB	;(R3=0x306CA11C SB=0x38333137 )
(    libInnoSecure.so[0xCBBCB000])[48 40       ]0x0000470E:	EORS	R0, R1	;(R0=0xCF9BDFEF R1=0x6E34E6BC )
(    libInnoSecure.so[0xCBBCB000])[10 44       ]0x00004710:	ADD	R0, R2	;(R0=0xA1AF3953 R2=0x8CCEABAF )
(    libInnoSecure.so[0xCBBCB000])[4E F2 E0 62 ]0x00004712:	MOVW	R2, #0XE6E0
(    libInnoSecure.so[0xCBBCB000])[CF F6 2C 62 ]0x00004716:	MOVT	R2, #0XFE2C	;(R2=0x0000E6E0 )
(    libInnoSecure.so[0xCBBCB000])[10 44       ]0x0000471A:	ADD	R0, R2	;(R0=0x2E7DE502 R2=0xFE2CE6E0 )
(    libInnoSecure.so[0xCBBCB000])[06 EB B0 52 ]0x0000471C:	ADD.W	R2, R6, R0, ROR #22	;(R6=0x0B18D92C R0=0x2CAACBE2 )
(    libInnoSecure.so[0xCBBCB000])[62 EA 01 00 ]0x00004720:	ORN	R0, R2, R1	;(R2=0xB64861DE R1=0x6E34E6BC )
(    libInnoSecure.so[0xCBBCB000])[29 44       ]0x00004724:	ADD	R1, R5	;(R1=0x6E34E6BC R5=0x32663362 )
(    libInnoSecure.so[0xCBBCB000])[70 40       ]0x00004726:	EORS	R0, R6	;(R0=0xB7CB79DF R6=0x0B18D92C )
(    libInnoSecure.so[0xCBBCB000])[0B 9D       ]0x00004728:	LDR	R5, [SP, #0X2C]	;(SP=0x100FFD18 )
(    libInnoSecure.so[0xCBBCB000])[18 44       ]0x0000472A:	ADD	R0, R3	;(R0=0xBCD3A0F3 R3=0x689FD253 )
(    libInnoSecure.so[0xCBBCB000])[44 F2 14 33 ]0x0000472C:	MOVW	R3, #0X4314
(    libInnoSecure.so[0xCBBCB000])[CA F2 01 33 ]0x00004730:	MOVT	R3, #0XA301	;(R3=0x00004314 )
(    libInnoSecure.so[0xCBBCB000])[18 44       ]0x00004734:	ADD	R0, R3	;(R0=0x25737346 R3=0xA3014314 )
(    libInnoSecure.so[0xCBBCB000])[02 EB 70 40 ]0x00004736:	ADD.W	R0, R2, R0, ROR #17	;(R2=0xB64861DE R0=0xC874B65A )
(    libInnoSecure.so[0xCBBCB000])[60 EA 06 03 ]0x0000473A:	ORN	R3, R0, R6	;(R0=0x1175C618 R6=0x0B18D92C )
(    libInnoSecure.so[0xCBBCB000])[2E 44       ]0x0000473E:	ADD	R6, R5	;(R6=0x0B18D92C R5=0x65616235 )
(    libInnoSecure.so[0xCBBCB000])[53 40       ]0x00004740:	EORS	R3, R2	;(R3=0xF5F7E6DB R2=0xB64861DE )
(    libInnoSecure.so[0xCBBCB000])[19 44       ]0x00004742:	ADD	R1, R3	;(R1=0xA09B1A1E R3=0x43BF8705 )
(    libInnoSecure.so[0xCBBCB000])[41 F2 A1 13 ]0x00004744:	MOVW	R3, #0X11A1
(    libInnoSecure.so[0xCBBCB000])[C4 F6 08 63 ]0x00004748:	MOVT	R3, #0X4E08	;(R3=0x000011A1 )
(    libInnoSecure.so[0xCBBCB000])[19 44       ]0x0000474C:	ADD	R1, R3	;(R1=0xE45AA123 R3=0x4E0811A1 )
(    libInnoSecure.so[0xCBBCB000])[00 EB F1 21 ]0x0000474E:	ADD.W	R1, R0, R1, ROR #11	;(R0=0x1175C618 R1=0x3262B2C4 )
(    libInnoSecure.so[0xCBBCB000])[61 EA 02 03 ]0x00004752:	ORN	R3, R1, R2	;(R1=0x69FC126E R2=0xB64861DE )
(    libInnoSecure.so[0xCBBCB000])[43 40       ]0x00004756:	EORS	R3, R0	;(R3=0x69FF9E6F R0=0x1175C618 )
(    libInnoSecure.so[0xCBBCB000])[33 44       ]0x00004758:	ADD	R3, R6	;(R3=0x788A5877 R6=0x707A3B61 )
(    libInnoSecure.so[0xCBBCB000])[47 F6 82 66 ]0x0000475A:	MOVW	R6, #0X7E82
(    libInnoSecure.so[0xCBBCB000])[CF F2 53 76 ]0x0000475E:	MOVT	R6, #0XF753	;(R6=0x00007E82 )
(    libInnoSecure.so[0xCBBCB000])[33 44       ]0x00004762:	ADD	R3, R6	;(R3=0xE90493D8 R6=0xF7537E82 )
(    libInnoSecure.so[0xCBBCB000])[DC F8 00 60 ]0x00004764:	LDR.W	R6, [IP]	;(IP=0x100FFEF8 )
(    libInnoSecure.so[0xCBBCB000])[01 EB B3 63 ]0x00004768:	ADD.W	R3, R1, R3, ROR #26	;(R1=0x69FC126E R3=0xE058125A )
(    libInnoSecure.so[0xCBBCB000])[1E 44       ]0x0000476C:	ADD	R6, R3	;(R6=0xAC8CFB08 R3=0x8000A926 )
(    libInnoSecure.so[0xCBBCB000])[CC F8 00 60 ]0x0000476E:	STR.W	R6, [IP]	;(R6=0x2C8DA42E IP=0x100FFEF8 )
(    libInnoSecure.so[0xCBBCB000])[05 9D       ]0x00004772:	LDR	R5, [SP, #0X14]	;(SP=0x100FFD18 )
(    libInnoSecure.so[0xCBBCB000])[63 EA 00 06 ]0x00004774:	ORN	R6, R3, R0	;(R3=0x8000A926 R0=0x1175C618 )
(    libInnoSecure.so[0xCBBCB000])[4E 40       ]0x00004778:	EORS	R6, R1	;(R6=0xEE8AB9E7 R1=0x69FC126E )
(    libInnoSecure.so[0xCBBCB000])[50 44       ]0x0000477A:	ADD	R0, SL	;(R0=0x1175C618 SL=0x31383138 )
(    libInnoSecure.so[0xCBBCB000])[2A 44       ]0x0000477C:	ADD	R2, R5	;(R2=0xB64861DE R5=0x61633537 )
(    libInnoSecure.so[0xCBBCB000])[32 44       ]0x0000477E:	ADD	R2, R6	;(R2=0x17AB9715 R6=0x8776AB89 )
(    libInnoSecure.so[0xCBBCB000])[4F F2 35 26 ]0x00004780:	MOVW	R6, #0XF235
(    libInnoSecure.so[0xCBBCB000])[CB F6 3A 56 ]0x00004784:	MOVT	R6, #0XBD3A	;(R6=0x0000F235 )
(    libInnoSecure.so[0xCBBCB000])[32 44       ]0x00004788:	ADD	R2, R6	;(R2=0x9F22429E R6=0xBD3AF235 )
(    libInnoSecure.so[0xCBBCB000])[DC E9 01 65 ]0x0000478A:	LDRD	R6, R5, [IP, #4]	;(IP=0x100FFEF8 )
(    libInnoSecure.so[0xCBBCB000])[DC F8 0C 40 ]0x0000478E:	LDR.W	R4, [IP, #0XC]	;(IP=0x100FFEF8 )
(    libInnoSecure.so[0xCBBCB000])[03 EB B2 52 ]0x00004792:	ADD.W	R2, R3, R2, ROR #22	;(R3=0x8000A926 R2=0x5C5D34D3 )
(    libInnoSecure.so[0xCBBCB000])[14 44       ]0x00004796:	ADD	R4, R2	;(R4=0xEAD3E8D0 R2=0xF4D3F697 )
(    libInnoSecure.so[0xCBBCB000])[CC F8 0C 40 ]0x00004798:	STR.W	R4, [IP, #0XC]	;(R4=0xDFA7DF67 IP=0x100FFEF8 )
(    libInnoSecure.so[0xCBBCB000])[62 EA 01 04 ]0x0000479C:	ORN	R4, R2, R1	;(R2=0xF4D3F697 R1=0x69FC126E )
(    libInnoSecure.so[0xCBBCB000])[5C 40       ]0x000047A0:	EORS	R4, R3	;(R4=0xF6D3FF97 R3=0x8000A926 )
(    libInnoSecure.so[0xCBBCB000])[20 44       ]0x000047A2:	ADD	R0, R4	;(R0=0x42ADF750 R4=0x76D356B1 )
(    libInnoSecure.so[0xCBBCB000])[4D F2 BB 24 ]0x000047A4:	MOVW	R4, #0XD2BB
(    libInnoSecure.so[0xCBBCB000])[C2 F6 D7 24 ]0x000047A8:	MOVT	R4, #0X2AD7	;(R4=0x0000D2BB )
(    libInnoSecure.so[0xCBBCB000])[20 44       ]0x000047AC:	ADD	R0, R4	;(R0=0xB9814E01 R4=0x2AD7D2BB )
(    libInnoSecure.so[0xCBBCB000])[02 EB 70 40 ]0x000047AE:	ADD.W	R0, R2, R0, ROR #17	;(R2=0xF4D3F697 R0=0xE45920BC )
(    libInnoSecure.so[0xCBBCB000])[05 44       ]0x000047B2:	ADD	R5, R0	;(R5=0xFF8259A0 R0=0x853268C3 )
(    libInnoSecure.so[0xCBBCB000])[60 EA 03 03 ]0x000047B4:	ORN	R3, R0, R3	;(R0=0x853268C3 R3=0x8000A926 )
(    libInnoSecure.so[0xCBBCB000])[CC F8 08 50 ]0x000047B8:	STR.W	R5, [IP, #8]	;(R5=0x84B4C263 IP=0x100FFEF8 )
(    libInnoSecure.so[0xCBBCB000])[5A 40       ]0x000047BC:	EORS	R2, R3	;(R2=0xF4D3F697 R3=0xFFFF7EDB )
(    libInnoSecure.so[0xCBBCB000])[10 9B       ]0x000047BE:	LDR	R3, [SP, #0X40]	;(SP=0x100FFD18 )
(    libInnoSecure.so[0xCBBCB000])[30 44       ]0x000047C0:	ADD	R0, R6	;(R0=0x853268C3 R6=0xCAC3E751 )
(    libInnoSecure.so[0xCBBCB000])[19 44       ]0x000047C2:	ADD	R1, R3	;(R1=0x69FC126E R3=0x62373334 )
(    libInnoSecure.so[0xCBBCB000])[11 44       ]0x000047C4:	ADD	R1, R2	;(R1=0xCC3345A2 R2=0x0B2C884C )
(    libInnoSecure.so[0xCBBCB000])[4D F2 91 32 ]0x000047C6:	MOVW	R2, #0XD391
(    libInnoSecure.so[0xCBBCB000])[CE F6 86 32 ]0x000047CA:	MOVT	R2, #0XEB86	;(R2=0x0000D391 )
(    libInnoSecure.so[0xCBBCB000])[11 44       ]0x000047CE:	ADD	R1, R2	;(R1=0xD75FCDEE R2=0xEB86D391 )
(    libInnoSecure.so[0xCBBCB000])[00 EB F1 20 ]0x000047D0:	ADD.W	R0, R0, R1, ROR #11	;(R0=0x4FF65014 R1=0xC2E6A17F )
(    libInnoSecure.so[0xCBBCB000])[CC F8 04 00 ]0x000047D4:	STR.W	R0, [IP, #4]	;(R0=0x7FEEACE8 IP=0x100FFEF8 )
(    libInnoSecure.so[0xCBBCB000])[07 48       ]0x000047D8:	LDR	R0, [PC, #0X1C]	;(PC=0xCBBCF7D8 )
(    libInnoSecure.so[0xCBBCB000])[52 99       ]0x000047DA:	LDR	R1, [SP, #0X148]	;(SP=0x100FFD18 )
(    libInnoSecure.so[0xCBBCB000])[78 44       ]0x000047DC:	ADD	R0, PC	;(R0=0x000056C0 PC=0xCBBCF7DC )
(    libInnoSecure.so[0xCBBCB000])[00 68       ]0x000047DE:	LDR	R0, [R0]	;(R0=0xCBBD4EA0 )
(    libInnoSecure.so[0xCBBCB000])[00 68       ]0x000047E0:	LDR	R0, [R0]	;(R0=0xCBC29384 )
(    libInnoSecure.so[0xCBBCB000])[40 1A       ]0x000047E2:	SUBS	R0, R0, R1	;(R0=0x00000000 R1=0x00000000 )
(    libInnoSecure.so[0xCBBCB000])[02 BF       ]0x000047E4:	ITTT	EQ
(    libInnoSecure.so[0xCBBCB000])[53 B0       ]0x000047E6:	ADD	SP, #0X14C	;(SP=0x100FFD18 )
(    libInnoSecure.so[0xCBBCB000])[BD E8 00 0F ]0x000047E8:	POP.W	{R8, SB, SL, FP}	;(SP=0x100FFE64 )
(    libInnoSecure.so[0xCBBCB000])[F0 BD       ]0x000047EC:	POP	{R4, R5, R6, R7, PC}	;(SP=0x100FFE74 )
(    libInnoSecure.so[0xCBBCB000])[05 F1 80 00 ]0x0000402E:	ADD.W	R0, R5, #0X80	;(R5=0x00000200 )
(    libInnoSecure.so[0xCBBCB000])[40 35       ]0x00004032:	ADDS	R5, #0X40	;(R5=0x00000200 )
(    libInnoSecure.so[0xCBBCB000])[A0 42       ]0x00004034:	CMP	R0, R4	;(R0=0x00000280 R4=0x0000043E )
(    libInnoSecure.so[0xCBBCB000])[F5 D9       ]0x00004036:	BLS	#0XCBBCF024
(    libInnoSecure.so[0xCBBCB000])[09 EB 05 01 ]0x00004024:	ADD.W	R1, SB, R5	;(SB=0x30043020 R5=0x00000240 )
(    libInnoSecure.so[0xCBBCB000])[30 46       ]0x00004028:	MOV	R0, R6	;(R6=0x100FFEF8 )
(    libInnoSecure.so[0xCBBCB000])[00 F0 11 F8 ]0x0000402A:	BL	#0XCBBCF050	;(PC=0xCBBCF02A )
(    libInnoSecure.so[0xCBBCB000])[F0 B5       ]0x00004050:	PUSH	{R4, R5, R6, R7, LR}	;(SP=0x100FFE88 R4=0x0000043E R5=0x00000240 R6=0x100FFEF8 R7=0x100FFEA0 LR=0xCBBCF02F )
(    libInnoSecure.so[0xCBBCB000])[03 AF       ]0x00004052:	ADD	R7, SP, #0XC	;(SP=0x100FFE74 )
(    libInnoSecure.so[0xCBBCB000])[2D E9 00 0F ]0x00004054:	PUSH.W	{R8, SB, SL, FP}	;(SP=0x100FFE74 R8=0x100FFEF0 SB=0x30043020 SL=0x100FFF08 FP=0x00000007 )
(    libInnoSecure.so[0xCBBCB000])[D3 B0       ]0x00004058:	SUB	SP, #0X14C	;(SP=0x100FFE64 )
(    libInnoSecure.so[0xCBBCB000])[DF F8 98 27 ]0x0000405A:	LDR.W	R2, [PC, #0X798]	;(PC=0xCBBCF05A )
(    libInnoSecure.so[0xCBBCB000])[12 AC       ]0x0000405E:	ADD	R4, SP, #0X48	;(SP=0x100FFD18 )
(    libInnoSecure.so[0xCBBCB000])[00 25       ]0x00004060:	MOVS	R5, #0
(    libInnoSecure.so[0xCBBCB000])[7A 44       ]0x00004062:	ADD	R2, PC	;(R2=0x00005E3A PC=0xCBBCF062 )
(    libInnoSecure.so[0xCBBCB000])[12 68       ]0x00004064:	LDR	R2, [R2]	;(R2=0xCBBD4EA0 )
(    libInnoSecure.so[0xCBBCB000])[12 68       ]0x00004066:	LDR	R2, [R2]	;(R2=0xCBC29384 )
(    libInnoSecure.so[0xCBBCB000])[52 92       ]0x00004068:	STR	R2, [SP, #0X148]	;(R2=0x00000000 SP=0x100FFD18 )
(    libInnoSecure.so[0xCBBCB000])[D0 E9 00 C2 ]0x0000406A:	LDRD	IP, R2, [R0]	;(R0=0x100FFEF8 )
(    libInnoSecure.so[0xCBBCB000])[D0 F8 08 E0 ]0x0000406E:	LDR.W	LR, [R0, #8]	;(R0=0x100FFEF8 )
(    libInnoSecure.so[0xCBBCB000])[07 90       ]0x00004072:	STR	R0, [SP, #0X1C]	;(R0=0x100FFEF8 SP=0x100FFD18 )
(    libInnoSecure.so[0xCBBCB000])[C0 68       ]0x00004074:	LDR	R0, [R0, #0XC]	;(R0=0x100FFEF8 )
(    libInnoSecure.so[0xCBBCB000])[4E 59       ]0x00004076:	LDR	R6, [R1, R5]	;(R1=0x30043260 R5=0x00000000 )
(    libInnoSecure.so[0xCBBCB000])[66 51       ]0x00004078:	STR	R6, [R4, R5]	;(R6=0x35363031 R4=0x100FFD60 R5=0x00000000 )
(    libInnoSecure.so[0xCBBCB000])[04 35       ]0x0000407A:	ADDS	R5, #4	;(R5=0x00000000 )
(    libInnoSecure.so[0xCBBCB000])[40 2D       ]0x0000407C:	CMP	R5, #0X40	;(R5=0x00000004 )
(    libInnoSecure.so[0xCBBCB000])[FA D1       ]0x0000407E:	BNE	#0XCBBCF076
(    libInnoSecure.so[0xCBBCB000])[4E 59       ]0x00004076:	LDR	R6, [R1, R5]	;(R1=0x30043260 R5=0x00000004 )
(    libInnoSecure.so[0xCBBCB000])[66 51       ]0x00004078:	STR	R6, [R4, R5]	;(R6=0x36373733 R4=0x100FFD60 R5=0x00000004 )
(    libInnoSecure.so[0xCBBCB000])[04 35       ]0x0000407A:	ADDS	R5, #4	;(R5=0x00000004 )
(    libInnoSecure.so[0xCBBCB000])[40 2D       ]0x0000407C:	CMP	R5, #0X40	;(R5=0x00000008 )
(    libInnoSecure.so[0xCBBCB000])[FA D1       ]0x0000407E:	BNE	#0XCBBCF076
(    libInnoSecure.so[0xCBBCB000])[4E 59       ]0x00004076:	LDR	R6, [R1, R5]	;(R1=0x30043260 R5=0x00000008 )
(    libInnoSecure.so[0xCBBCB000])[66 51       ]0x00004078:	STR	R6, [R4, R5]	;(R6=0x34653862 R4=0x100FFD60 R5=0x00000008 )
(    libInnoSecure.so[0xCBBCB000])[04 35       ]0x0000407A:	ADDS	R5, #4	;(R5=0x00000008 )
(    libInnoSecure.so[0xCBBCB000])[40 2D       ]0x0000407C:	CMP	R5, #0X40	;(R5=0x0000000C )
(    libInnoSecure.so[0xCBBCB000])[FA D1       ]0x0000407E:	BNE	#0XCBBCF076
(    libInnoSecure.so[0xCBBCB000])[4E 59       ]0x00004076:	LDR	R6, [R1, R5]	;(R1=0x30043260 R5=0x0000000C )
(    libInnoSecure.so[0xCBBCB000])[66 51       ]0x00004078:	STR	R6, [R4, R5]	;(R6=0x66353131 R4=0x100FFD60 R5=0x0000000C )
(    libInnoSecure.so[0xCBBCB000])[04 35       ]0x0000407A:	ADDS	R5, #4	;(R5=0x0000000C )
(    libInnoSecure.so[0xCBBCB000])[40 2D       ]0x0000407C:	CMP	R5, #0X40	;(R5=0x00000010 )
(    libInnoSecure.so[0xCBBCB000])[FA D1       ]0x0000407E:	BNE	#0XCBBCF076
(    libInnoSecure.so[0xCBBCB000])[4E 59       ]0x00004076:	LDR	R6, [R1, R5]	;(R1=0x30043260 R5=0x00000010 )
(    libInnoSecure.so[0xCBBCB000])[66 51       ]0x00004078:	STR	R6, [R4, R5]	;(R6=0x62363737 R4=0x100FFD60 R5=0x00000010 )
(    libInnoSecure.so[0xCBBCB000])[04 35       ]0x0000407A:	ADDS	R5, #4	;(R5=0x00000010 )
(    libInnoSecure.so[0xCBBCB000])[40 2D       ]0x0000407C:	CMP	R5, #0X40	;(R5=0x00000014 )
(    libInnoSecure.so[0xCBBCB000])[FA D1       ]0x0000407E:	BNE	#0XCBBCF076
(    libInnoSecure.so[0xCBBCB000])[4E 59       ]0x00004076:	LDR	R6, [R1, R5]	;(R1=0x30043260 R5=0x00000014 )
(    libInnoSecure.so[0xCBBCB000])[66 51       ]0x00004078:	STR	R6, [R4, R5]	;(R6=0x65356165 R4=0x100FFD60 R5=0x00000014 )
(    libInnoSecure.so[0xCBBCB000])[04 35       ]0x0000407A:	ADDS	R5, #4	;(R5=0x00000014 )
(    libInnoSecure.so[0xCBBCB000])[40 2D       ]0x0000407C:	CMP	R5, #0X40	;(R5=0x00000018 )
(    libInnoSecure.so[0xCBBCB000])[FA D1       ]0x0000407E:	BNE	#0XCBBCF076
(    libInnoSecure.so[0xCBBCB000])[4E 59       ]0x00004076:	LDR	R6, [R1, R5]	;(R1=0x30043260 R5=0x00000018 )
(    libInnoSecure.so[0xCBBCB000])[66 51       ]0x00004078:	STR	R6, [R4, R5]	;(R6=0x39363662 R4=0x100FFD60 R5=0x00000018 )
(    libInnoSecure.so[0xCBBCB000])[04 35       ]0x0000407A:	ADDS	R5, #4	;(R5=0x00000018 )
(    libInnoSecure.so[0xCBBCB000])[40 2D       ]0x0000407C:	CMP	R5, #0X40	;(R5=0x0000001C )
(    libInnoSecure.so[0xCBBCB000])[FA D1       ]0x0000407E:	BNE	#0XCBBCF076
(    libInnoSecure.so[0xCBBCB000])[4E 59       ]0x00004076:	LDR	R6, [R1, R5]	;(R1=0x30043260 R5=0x0000001C )
(    libInnoSecure.so[0xCBBCB000])[66 51       ]0x00004078:	STR	R6, [R4, R5]	;(R6=0x35383230 R4=0x100FFD60 R5=0x0000001C )
(    libInnoSecure.so[0xCBBCB000])[04 35       ]0x0000407A:	ADDS	R5, #4	;(R5=0x0000001C )
(    libInnoSecure.so[0xCBBCB000])[40 2D       ]0x0000407C:	CMP	R5, #0X40	;(R5=0x00000020 )
(    libInnoSecure.so[0xCBBCB000])[FA D1       ]0x0000407E:	BNE	#0XCBBCF076
(    libInnoSecure.so[0xCBBCB000])[4E 59       ]0x00004076:	LDR	R6, [R1, R5]	;(R1=0x30043260 R5=0x00000020 )
(    libInnoSecure.so[0xCBBCB000])[66 51       ]0x00004078:	STR	R6, [R4, R5]	;(R6=0x64373966 R4=0x100FFD60 R5=0x00000020 )
(    libInnoSecure.so[0xCBBCB000])[04 35       ]0x0000407A:	ADDS	R5, #4	;(R5=0x00000020 )
(    libInnoSecure.so[0xCBBCB000])[40 2D       ]0x0000407C:	CMP	R5, #0X40	;(R5=0x00000024 )
(    libInnoSecure.so[0xCBBCB000])[FA D1       ]0x0000407E:	BNE	#0XCBBCF076
(    libInnoSecure.so[0xCBBCB000])[4E 59       ]0x00004076:	LDR	R6, [R1, R5]	;(R1=0x30043260 R5=0x00000024 )
(    libInnoSecure.so[0xCBBCB000])[66 51       ]0x00004078:	STR	R6, [R4, R5]	;(R6=0x65366534 R4=0x100FFD60 R5=0x00000024 )
(    libInnoSecure.so[0xCBBCB000])[04 35       ]0x0000407A:	ADDS	R5, #4	;(R5=0x00000024 )
(    libInnoSecure.so[0xCBBCB000])[40 2D       ]0x0000407C:	CMP	R5, #0X40	;(R5=0x00000028 )
(    libInnoSecure.so[0xCBBCB000])[FA D1       ]0x0000407E:	BNE	#0XCBBCF076
(    libInnoSecure.so[0xCBBCB000])[4E 59       ]0x00004076:	LDR	R6, [R1, R5]	;(R1=0x30043260 R5=0x00000028 )
(    libInnoSecure.so[0xCBBCB000])[66 51       ]0x00004078:	STR	R6, [R4, R5]	;(R6=0x34306438 R4=0x100FFD60 R5=0x00000028 )
(    libInnoSecure.so[0xCBBCB000])[04 35       ]0x0000407A:	ADDS	R5, #4	;(R5=0x00000028 )
(    libInnoSecure.so[0xCBBCB000])[40 2D       ]0x0000407C:	CMP	R5, #0X40	;(R5=0x0000002C )
(    libInnoSecure.so[0xCBBCB000])[FA D1       ]0x0000407E:	BNE	#0XCBBCF076
(    libInnoSecure.so[0xCBBCB000])[4E 59       ]0x00004076:	LDR	R6, [R1, R5]	;(R1=0x30043260 R5=0x0000002C )
(    libInnoSecure.so[0xCBBCB000])[66 51       ]0x00004078:	STR	R6, [R4, R5]	;(R6=0x34653936 R4=0x100FFD60 R5=0x0000002C )
(    libInnoSecure.so[0xCBBCB000])[04 35       ]0x0000407A:	ADDS	R5, #4	;(R5=0x0000002C )
(    libInnoSecure.so[0xCBBCB000])[40 2D       ]0x0000407C:	CMP	R5, #0X40	;(R5=0x00000030 )
(    libInnoSecure.so[0xCBBCB000])[FA D1       ]0x0000407E:	BNE	#0XCBBCF076
(    libInnoSecure.so[0xCBBCB000])[4E 59       ]0x00004076:	LDR	R6, [R1, R5]	;(R1=0x30043260 R5=0x00000030 )
(    libInnoSecure.so[0xCBBCB000])[66 51       ]0x00004078:	STR	R6, [R4, R5]	;(R6=0x39376639 R4=0x100FFD60 R5=0x00000030 )
(    libInnoSecure.so[0xCBBCB000])[04 35       ]0x0000407A:	ADDS	R5, #4	;(R5=0x00000030 )
(    libInnoSecure.so[0xCBBCB000])[40 2D       ]0x0000407C:	CMP	R5, #0X40	;(R5=0x00000034 )
(    libInnoSecure.so[0xCBBCB000])[FA D1       ]0x0000407E:	BNE	#0XCBBCF076
(    libInnoSecure.so[0xCBBCB000])[4E 59       ]0x00004076:	LDR	R6, [R1, R5]	;(R1=0x30043260 R5=0x00000034 )
(    libInnoSecure.so[0xCBBCB000])[66 51       ]0x00004078:	STR	R6, [R4, R5]	;(R6=0x61626365 R4=0x100FFD60 R5=0x00000034 )
(    libInnoSecure.so[0xCBBCB000])[04 35       ]0x0000407A:	ADDS	R5, #4	;(R5=0x00000034 )
(    libInnoSecure.so[0xCBBCB000])[40 2D       ]0x0000407C:	CMP	R5, #0X40	;(R5=0x00000038 )
(    libInnoSecure.so[0xCBBCB000])[FA D1       ]0x0000407E:	BNE	#0XCBBCF076
(    libInnoSecure.so[0xCBBCB000])[4E 59       ]0x00004076:	LDR	R6, [R1, R5]	;(R1=0x30043260 R5=0x00000038 )
(    libInnoSecure.so[0xCBBCB000])[66 51       ]0x00004078:	STR	R6, [R4, R5]	;(R6=0x34653133 R4=0x100FFD60 R5=0x00000038 )
(    libInnoSecure.so[0xCBBCB000])[04 35       ]0x0000407A:	ADDS	R5, #4	;(R5=0x00000038 )
(    libInnoSecure.so[0xCBBCB000])[40 2D       ]0x0000407C:	CMP	R5, #0X40	;(R5=0x0000003C )
(    libInnoSecure.so[0xCBBCB000])[FA D1       ]0x0000407E:	BNE	#0XCBBCF076
(    libInnoSecure.so[0xCBBCB000])[4E 59       ]0x00004076:	LDR	R6, [R1, R5]	;(R1=0x30043260 R5=0x0000003C )
(    libInnoSecure.so[0xCBBCB000])[66 51       ]0x00004078:	STR	R6, [R4, R5]	;(R6=0x62663762 R4=0x100FFD60 R5=0x0000003C )
(    libInnoSecure.so[0xCBBCB000])[04 35       ]0x0000407A:	ADDS	R5, #4	;(R5=0x0000003C )
(    libInnoSecure.so[0xCBBCB000])[40 2D       ]0x0000407C:	CMP	R5, #0X40	;(R5=0x00000040 )
(    libInnoSecure.so[0xCBBCB000])[FA D1       ]0x0000407E:	BNE	#0XCBBCF076
(    libInnoSecure.so[0xCBBCB000])[0E EA 02 01 ]0x00004080:	AND.W	R1, LR, R2	;(LR=0x84B4C263 R2=0x7FEEACE8 )
(    libInnoSecure.so[0xCBBCB000])[20 EA 02 06 ]0x00004084:	BIC.W	R6, R0, R2	;(R0=0xDFA7DF67 R2=0x7FEEACE8 )
(    libInnoSecure.so[0xCBBCB000])[31 43       ]0x00004088:	ORRS	R1, R6	;(R1=0x04A48060 R6=0x80015307 )
(    libInnoSecure.so[0xCBBCB000])[12 9D       ]0x0000408A:	LDR	R5, [SP, #0X48]	;(SP=0x100FFD18 )
(    libInnoSecure.so[0xCBBCB000])[61 44       ]0x0000408C:	ADD	R1, IP	;(R1=0x84A5D367 IP=0x2C8DA42E )
(    libInnoSecure.so[0xCBBCB000])[4A F2 78 46 ]0x0000408E:	MOVW	R6, #0XA478
(    libInnoSecure.so[0xCBBCB000])[29 44       ]0x00004092:	ADD	R1, R5	;(R1=0xB1337795 R5=0x35363031 )
(    libInnoSecure.so[0xCBBCB000])[CD F2 6A 76 ]0x00004094:	MOVT	R6, #0XD76A	;(R6=0x0000A478 )
(    libInnoSecure.so[0xCBBCB000])[31 44       ]0x00004098:	ADD	R1, R6	;(R1=0xE669A7C6 R6=0xD76AA478 )
(    libInnoSecure.so[0xCBBCB000])[13 9B       ]0x0000409A:	LDR	R3, [SP, #0X4C]	;(SP=0x100FFD18 )
(    libInnoSecure.so[0xCBBCB000])[0E 95       ]0x0000409C:	STR	R5, [SP, #0X38]	;(R5=0x35363031 SP=0x100FFD18 )
(    libInnoSecure.so[0xCBBCB000])[02 EB 71 66 ]0x0000409E:	ADD.W	R6, R2, R1, ROR #25	;(R2=0x7FEEACE8 R1=0xBDD44C3E )
(    libInnoSecure.so[0xCBBCB000])[18 44       ]0x000040A2:	ADD	R0, R3	;(R0=0xDFA7DF67 R3=0x36373733 )
(    libInnoSecure.so[0xCBBCB000])[2E EA 06 01 ]0x000040A4:	BIC.W	R1, LR, R6	;(LR=0x84B4C263 R6=0x6A14CC46 )
(    libInnoSecure.so[0xCBBCB000])[06 EA 02 05 ]0x000040A8:	AND.W	R5, R6, R2	;(R6=0x6A14CC46 R2=0x7FEEACE8 )
(    libInnoSecure.so[0xCBBCB000])[29 43       ]0x000040AC:	ORRS	R1, R5	;(R1=0x84A00221 R5=0x6A048C40 )
(    libInnoSecure.so[0xCBBCB000])[14 9C       ]0x000040AE:	LDR	R4, [SP, #0X50]	;(SP=0x100FFD18 )
(    libInnoSecure.so[0xCBBCB000])[08 44       ]0x000040B0:	ADD	R0, R1	;(R0=0x15DF169A R1=0xEEA48E61 )
(    libInnoSecure.so[0xCBBCB000])[4B F2 56 71 ]0x000040B2:	MOVW	R1, #0XB756
(    libInnoSecure.so[0xCBBCB000])[CE F6 C7 01 ]0x000040B6:	MOVT	R1, #0XE8C7	;(R1=0x0000B756 )
(    libInnoSecure.so[0xCBBCB000])[08 44       ]0x000040BA:	ADD	R0, R1	;(R0=0x0483A4FB R1=0xE8C7B756 )
(    libInnoSecure.so[0xCBBCB000])[DD F8 54 C0 ]0x000040BC:	LDR.W	IP, [SP, #0X54]	;(SP=0x100FFD18 )
(    libInnoSecure.so[0xCBBCB000])[06 EB 30 55 ]0x000040C0:	ADD.W	R5, R6, R0, ROR #20	;(R6=0x6A14CC46 R0=0xED4B5C51 )
(    libInnoSecure.so[0xCBBCB000])[11 93       ]0x000040C4:	STR	R3, [SP, #0X44]	;(R3=0x36373733 SP=0x100FFD18 )
(    libInnoSecure.so[0xCBBCB000])[22 EA 05 00 ]0x000040C6:	BIC.W	R0, R2, R5	;(R2=0x7FEEACE8 R5=0x1FD9EB1A )
(    libInnoSecure.so[0xCBBCB000])[05 EA 06 01 ]0x000040CA:	AND.W	R1, R5, R6	;(R5=0x1FD9EB1A R6=0x6A14CC46 )
(    libInnoSecure.so[0xCBBCB000])[08 43       ]0x000040CE:	ORRS	R0, R1	;(R0=0x602604E0 R1=0x0A10C802 )
(    libInnoSecure.so[0xCBBCB000])[0E EB 04 01 ]0x000040D0:	ADD.W	R1, LR, R4	;(LR=0x84B4C263 R4=0x34653862 )
(    libInnoSecure.so[0xCBBCB000])[08 44       ]0x000040D4:	ADD	R0, R1	;(R0=0x6A36CCE2 R1=0xB919FAC5 )
(    libInnoSecure.so[0xCBBCB000])[47 F2 DB 01 ]0x000040D6:	MOVW	R1, #0X70DB
(    libInnoSecure.so[0xCBBCB000])[C2 F2 20 41 ]0x000040DA:	MOVT	R1, #0X2420	;(R1=0x000070DB )
(    libInnoSecure.so[0xCBBCB000])[08 44       ]0x000040DE:	ADD	R0, R1	;(R0=0x2350C7A7 R1=0x242070DB )
(    libInnoSecure.so[0xCBBCB000])[62 44       ]0x000040E0:	ADD	R2, IP	;(R2=0x7FEEACE8 IP=0x66353131 )
(    libInnoSecure.so[0xCBBCB000])[CD F8 3C C0 ]0x000040E2:	STR.W	IP, [SP, #0X3C]	;(IP=0x66353131 SP=0x100FFD18 )
(    libInnoSecure.so[0xCBBCB000])[05 EB F0 30 ]0x000040E6:	ADD.W	R0, R5, R0, ROR #15	;(R5=0x1FD9EB1A R0=0x47713882 )
(    libInnoSecure.so[0xCBBCB000])[DD F8 60 C0 ]0x000040EA:	LDR.W	IP, [SP, #0X60]	;(SP=0x100FFD18 )
(    libInnoSecure.so[0xCBBCB000])[26 EA 00 01 ]0x000040EE:	BIC.W	R1, R6, R0	;(R6=0x6A14CC46 R0=0x90DE79FC )
(    libInnoSecure.so[0xCBBCB000])[00 EA 05 03 ]0x000040F2:	AND.W	R3, R0, R5	;(R0=0x90DE79FC R5=0x1FD9EB1A )
(    libInnoSecure.so[0xCBBCB000])[19 43       ]0x000040F6:	ORRS	R1, R3	;(R1=0x6A008402 R3=0x10D86918 )
(    libInnoSecure.so[0xCBBCB000])[0C 94       ]0x000040F8:	STR	R4, [SP, #0X30]	;(R4=0x34653862 SP=0x100FFD18 )
(    libInnoSecure.so[0xCBBCB000])[11 44       ]0x000040FA:	ADD	R1, R2	;(R1=0x7AD8ED1A R2=0xE623DE19 )
(    libInnoSecure.so[0xCBBCB000])[4C F6 EE 62 ]0x000040FC:	MOVW	R2, #0XCEEE
(    libInnoSecure.so[0xCBBCB000])[CC F2 BD 12 ]0x00004100:	MOVT	R2, #0XC1BD	;(R2=0x0000CEEE )
(    libInnoSecure.so[0xCBBCB000])[11 44       ]0x00004104:	ADD	R1, R2	;(R1=0x60FCCB33 R2=0xC1BDCEEE )
(    libInnoSecure.so[0xCBBCB000])[DD F8 74 90 ]0x00004106:	LDR.W	SB, [SP, #0X74]	;(SP=0x100FFD18 )
(    libInnoSecure.so[0xCBBCB000])[00 EB B1 21 ]0x0000410A:	ADD.W	R1, R0, R1, ROR #10	;(R0=0x90DE79FC R1=0x22BA9A21 )
(    libInnoSecure.so[0xCBBCB000])[CD F8 18 C0 ]0x0000410E:	STR.W	IP, [SP, #0X18]	;(IP=0x39363662 SP=0x100FFD18 )
(    libInnoSecure.so[0xCBBCB000])[25 EA 01 02 ]0x00004112:	BIC.W	R2, R5, R1	;(R5=0x1FD9EB1A R1=0x192728A2 )
(    libInnoSecure.so[0xCBBCB000])[01 EA 00 03 ]0x00004116:	AND.W	R3, R1, R0	;(R1=0x192728A2 R0=0x90DE79FC )
(    libInnoSecure.so[0xCBBCB000])[1A 43       ]0x0000411A:	ORRS	R2, R3	;(R2=0x06D8C318 R3=0x100628A0 )
(    libInnoSecure.so[0xCBBCB000])[16 9B       ]0x0000411C:	LDR	R3, [SP, #0X58]	;(SP=0x100FFD18 )
(    libInnoSecure.so[0xCBBCB000])[0B 93       ]0x0000411E:	STR	R3, [SP, #0X2C]	;(R3=0x62363737 SP=0x100FFD18 )
(    libInnoSecure.so[0xCBBCB000])[33 44       ]0x00004120:	ADD	R3, R6	;(R3=0x62363737 R6=0x6A14CC46 )
(    libInnoSecure.so[0xCBBCB000])[1A 44       ]0x00004122:	ADD	R2, R3	;(R2=0x16DEEBB8 R3=0xCC4B037D )
(    libInnoSecure.so[0xCBBCB000])[40 F6 AF 73 ]0x00004124:	MOVW	R3, #0XFAF
(    libInnoSecure.so[0xCBBCB000])[CF F2 7C 53 ]0x00004128:	MOVT	R3, #0XF57C	;(R3=0x00000FAF )
(    libInnoSecure.so[0xCBBCB000])[1A 44       ]0x0000412C:	ADD	R2, R3	;(R2=0xE329EF35 R3=0xF57C0FAF )
(    libInnoSecure.so[0xCBBCB000])[01 EB 72 62 ]0x0000412E:	ADD.W	R2, R1, R2, ROR #25	;(R1=0x192728A2 R2=0xD8A5FEE4 )
(    libInnoSecure.so[0xCBBCB000])[20 EA 02 03 ]0x00004132:	BIC.W	R3, R0, R2	;(R0=0x90DE79FC R2=0x6C269B0E )
(    libInnoSecure.so[0xCBBCB000])[02 EA 01 06 ]0x00004136:	AND.W	R6, R2, R1	;(R2=0x6C269B0E R1=0x192728A2 )
(    libInnoSecure.so[0xCBBCB000])[33 43       ]0x0000413A:	ORRS	R3, R6	;(R3=0x90D860F0 R6=0x08260802 )
(    libInnoSecure.so[0xCBBCB000])[17 9E       ]0x0000413C:	LDR	R6, [SP, #0X5C]	;(SP=0x100FFD18 )
(    libInnoSecure.so[0xCBBCB000])[60 44       ]0x0000413E:	ADD	R0, IP	;(R0=0x90DE79FC IP=0x39363662 )
(    libInnoSecure.so[0xCBBCB000])[09 96       ]0x00004140:	STR	R6, [SP, #0X24]	;(R6=0x65356165 SP=0x100FFD18 )
(    libInnoSecure.so[0xCBBCB000])[35 44       ]0x00004142:	ADD	R5, R6	;(R5=0x1FD9EB1A R6=0x65356165 )
(    libInnoSecure.so[0xCBBCB000])[1C 9E       ]0x00004144:	LDR	R6, [SP, #0X70]	;(SP=0x100FFD18 )
(    libInnoSecure.so[0xCBBCB000])[2B 44       ]0x00004146:	ADD	R3, R5	;(R3=0x98FE68F2 R5=0x850F4C7F )
(    libInnoSecure.so[0xCBBCB000])[4C F2 2A 65 ]0x00004148:	MOVW	R5, #0XC62A
(    libInnoSecure.so[0xCBBCB000])[C4 F2 87 75 ]0x0000414C:	MOVT	R5, #0X4787	;(R5=0x0000C62A )
(    libInnoSecure.so[0xCBBCB000])[2B 44       ]0x00004150:	ADD	R3, R5	;(R3=0x1E0DB571 R5=0x4787C62A )
(    libInnoSecure.so[0xCBBCB000])[B0 46       ]0x00004152:	MOV	R8, R6	;(R6=0x34306438 )
(    libInnoSecure.so[0xCBBCB000])[02 EB 33 53 ]0x00004154:	ADD.W	R3, R2, R3, ROR #20	;(R2=0x6C269B0E R3=0x65957B9B )
(    libInnoSecure.so[0xCBBCB000])[CD F8 08 80 ]0x00004158:	STR.W	R8, [SP, #8]	;(R8=0x34306438 SP=0x100FFD18 )
(    libInnoSecure.so[0xCBBCB000])[21 EA 03 05 ]0x0000415C:	BIC.W	R5, R1, R3	;(R1=0x192728A2 R3=0xC3E05167 )
(    libInnoSecure.so[0xCBBCB000])[03 EA 02 04 ]0x00004160:	AND.W	R4, R3, R2	;(R3=0xC3E05167 R2=0x6C269B0E )
(    libInnoSecure.so[0xCBBCB000])[25 43       ]0x00004164:	ORRS	R5, R4	;(R5=0x18072880 R4=0x40201106 )
(    libInnoSecure.so[0xCBBCB000])[19 9C       ]0x00004166:	LDR	R4, [SP, #0X64]	;(SP=0x100FFD18 )
(    libInnoSecure.so[0xCBBCB000])[28 44       ]0x00004168:	ADD	R0, R5	;(R0=0xCA14B05E R5=0x58273986 )
(    libInnoSecure.so[0xCBBCB000])[44 F2 13 65 ]0x0000416A:	MOVW	R5, #0X4613
(    libInnoSecure.so[0xCBBCB000])[CA F6 30 05 ]0x0000416E:	MOVT	R5, #0XA830	;(R5=0x00004613 )
(    libInnoSecure.so[0xCBBCB000])[28 44       ]0x00004172:	ADD	R0, R5	;(R0=0x223BE9E4 R5=0xA8304613 )
(    libInnoSecure.so[0xCBBCB000])[21 44       ]0x00004174:	ADD	R1, R4	;(R1=0x192728A2 R4=0x35383230 )
(    libInnoSecure.so[0xCBBCB000])[04 94       ]0x00004176:	STR	R4, [SP, #0X10]	;(R4=0x35383230 SP=0x100FFD18 )
(    libInnoSecure.so[0xCBBCB000])[03 EB F0 3E ]0x00004178:	ADD.W	LR, R3, R0, ROR #15	;(R3=0xC3E05167 R0=0xCA6C2FF7 )
(    libInnoSecure.so[0xCBBCB000])[22 EA 0E 00 ]0x0000417C:	BIC.W	R0, R2, LR	;(R2=0x6C269B0E LR=0x23CFE63F )
(    libInnoSecure.so[0xCBBCB000])[0E EA 03 05 ]0x00004180:	AND.W	R5, LR, R3	;(LR=0x23CFE63F R3=0xC3E05167 )
(    libInnoSecure.so[0xCBBCB000])[28 43       ]0x00004184:	ORRS	R0, R5	;(R0=0x4C201900 R5=0x03C04027 )
(    libInnoSecure.so[0xCBBCB000])[06 EB 0E 05 ]0x00004186:	ADD.W	R5, R6, LR	;(R6=0x34306438 LR=0x23CFE63F )
(    libInnoSecure.so[0xCBBCB000])[08 44       ]0x0000418A:	ADD	R0, R1	;(R0=0x4FE05927 R1=0x4E5F5AD2 )
(    libInnoSecure.so[0xCBBCB000])[49 F2 01 51 ]0x0000418C:	MOVW	R1, #0X9501
(    libInnoSecure.so[0xCBBCB000])[CF F6 46 51 ]0x00004190:	MOVT	R1, #0XFD46	;(R1=0x00009501 )
(    libInnoSecure.so[0xCBBCB000])[08 44       ]0x00004194:	ADD	R0, R1	;(R0=0x9E3FB3F9 R1=0xFD469501 )
(    libInnoSecure.so[0xCBBCB000])[0E EB B0 21 ]0x00004196:	ADD.W	R1, LR, R0, ROR #10	;(LR=0x23CFE63F R0=0x9B8648FA )
(    libInnoSecure.so[0xCBBCB000])[23 EA 01 00 ]0x0000419A:	BIC.W	R0, R3, R1	;(R3=0xC3E05167 R1=0x6276C7D1 )
(    libInnoSecure.so[0xCBBCB000])[01 EA 0E 04 ]0x0000419E:	AND.W	R4, R1, LR	;(R1=0x6276C7D1 LR=0x23CFE63F )
(    libInnoSecure.so[0xCBBCB000])[20 43       ]0x000041A2:	ORRS	R0, R4	;(R0=0x81801026 R4=0x2246C611 )
(    libInnoSecure.so[0xCBBCB000])[1A 9C       ]0x000041A4:	LDR	R4, [SP, #0X68]	;(SP=0x100FFD18 )
(    libInnoSecure.so[0xCBBCB000])[0A 94       ]0x000041A6:	STR	R4, [SP, #0X28]	;(R4=0x64373966 SP=0x100FFD18 )
(    libInnoSecure.so[0xCBBCB000])[22 44       ]0x000041A8:	ADD	R2, R4	;(R2=0x6C269B0E R4=0x64373966 )
(    libInnoSecure.so[0xCBBCB000])[10 44       ]0x000041AA:	ADD	R0, R2	;(R0=0xA3C6D637 R2=0xD05DD474 )
(    libInnoSecure.so[0xCBBCB000])[49 F6 D8 02 ]0x000041AC:	MOVW	R2, #0X98D8
(    libInnoSecure.so[0xCBBCB000])[C6 F6 80 12 ]0x000041B0:	MOVT	R2, #0X6980	;(R2=0x000098D8 )
(    libInnoSecure.so[0xCBBCB000])[10 44       ]0x000041B4:	ADD	R0, R2	;(R0=0x7424AAAB R2=0x698098D8 )
(    libInnoSecure.so[0xCBBCB000])[01 EB 70 60 ]0x000041B6:	ADD.W	R0, R1, R0, ROR #25	;(R1=0x6276C7D1 R0=0xDDA54383 )
(    libInnoSecure.so[0xCBBCB000])[2E EA 00 02 ]0x000041BA:	BIC.W	R2, LR, R0	;(LR=0x23CFE63F R0=0x351889BF )
(    libInnoSecure.so[0xCBBCB000])[00 EA 01 04 ]0x000041BE:	AND.W	R4, R0, R1	;(R0=0x351889BF R1=0x6276C7D1 )
(    libInnoSecure.so[0xCBBCB000])[22 43       ]0x000041C2:	ORRS	R2, R4	;(R2=0x02C76600 R4=0x20108191 )
(    libInnoSecure.so[0xCBBCB000])[1B 9C       ]0x000041C4:	LDR	R4, [SP, #0X6C]	;(SP=0x100FFD18 )
(    libInnoSecure.so[0xCBBCB000])[10 94       ]0x000041C6:	STR	R4, [SP, #0X40]	;(R4=0x65366534 SP=0x100FFD18 )
(    libInnoSecure.so[0xCBBCB000])[23 44       ]0x000041C8:	ADD	R3, R4	;(R3=0xC3E05167 R4=0x65366534 )
(    libInnoSecure.so[0xCBBCB000])[1A 44       ]0x000041CA:	ADD	R2, R3	;(R2=0x22D7E791 R3=0x2916B69B )
(    libInnoSecure.so[0xCBBCB000])[4F F2 AF 73 ]0x000041CC:	MOVW	R3, #0XF7AF
(    libInnoSecure.so[0xCBBCB000])[C8 F6 44 33 ]0x000041D0:	MOVT	R3, #0X8B44	;(R3=0x0000F7AF )
(    libInnoSecure.so[0xCBBCB000])[1A 44       ]0x000041D4:	ADD	R2, R3	;(R2=0x4BEE9E2C R3=0x8B44F7AF )
(    libInnoSecure.so[0xCBBCB000])[00 EB 32 53 ]0x000041D6:	ADD.W	R3, R0, R2, ROR #20	;(R0=0x351889BF R2=0xD73395DB )
(    libInnoSecure.so[0xCBBCB000])[21 EA 03 02 ]0x000041DA:	BIC.W	R2, R1, R3	;(R1=0x6276C7D1 R3=0x6E764732 )
(    libInnoSecure.so[0xCBBCB000])[03 EA 00 04 ]0x000041DE:	AND.W	R4, R3, R0	;(R3=0x6E764732 R0=0x351889BF )
(    libInnoSecure.so[0xCBBCB000])[22 43       ]0x000041E2:	ORRS	R2, R4	;(R2=0x000080C1 R4=0x24100132 )
(    libInnoSecure.so[0xCBBCB000])[49 44       ]0x000041E4:	ADD	R1, SB	;(R1=0x6276C7D1 SB=0x34653936 )
(    libInnoSecure.so[0xCBBCB000])[2A 44       ]0x000041E6:	ADD	R2, R5	;(R2=0x241081F3 R5=0x58004A77 )
(    libInnoSecure.so[0xCBBCB000])[4A F2 4F 45 ]0x000041E8:	MOVW	R5, #0XA44F
(    libInnoSecure.so[0xCBBCB000])[52 1B       ]0x000041EC:	SUBS	R2, R2, R5	;(R2=0x7C10CC6A R5=0x0000A44F )
(    libInnoSecure.so[0xCBBCB000])[03 EB F2 3E ]0x000041EE:	ADD.W	LR, R3, R2, ROR #15	;(R3=0x6E764732 R2=0x7C10281B )
(    libInnoSecure.so[0xCBBCB000])[20 EA 0E 02 ]0x000041F2:	BIC.W	R2, R0, LR	;(R0=0x351889BF LR=0xBEAD3F52 )
(    libInnoSecure.so[0xCBBCB000])[0E EA 03 05 ]0x000041F6:	AND.W	R5, LR, R3	;(LR=0xBEAD3F52 R3=0x6E764732 )
(    libInnoSecure.so[0xCBBCB000])[2A 43       ]0x000041FA:	ORRS	R2, R5	;(R2=0x011080AD R5=0x2E240712 )
(    libInnoSecure.so[0xCBBCB000])[11 44       ]0x000041FC:	ADD	R1, R2	;(R1=0x96DC0107 R2=0x2F3487BF )
(    libInnoSecure.so[0xCBBCB000])[4D F2 BE 72 ]0x000041FE:	MOVW	R2, #0XD7BE
(    libInnoSecure.so[0xCBBCB000])[C8 F6 5C 12 ]0x00004202:	MOVT	R2, #0X895C	;(R2=0x0000D7BE )
(    libInnoSecure.so[0xCBBCB000])[11 44       ]0x00004206:	ADD	R1, R2	;(R1=0xC61088C6 R2=0x895CD7BE )
(    libInnoSecure.so[0xCBBCB000])[0E EB B1 21 ]0x00004208:	ADD.W	R1, LR, R1, ROR #10	;(LR=0xBEAD3F52 R1=0x4F6D6084 )
(    libInnoSecure.so[0xCBBCB000])[23 EA 01 02 ]0x0000420C:	BIC.W	R2, R3, R1	;(R3=0x6E764732 R1=0xDFC11AAA )
(    libInnoSecure.so[0xCBBCB000])[01 EA 0E 05 ]0x00004210:	AND.W	R5, R1, LR	;(R1=0xDFC11AAA LR=0xBEAD3F52 )
(    libInnoSecure.so[0xCBBCB000])[15 43       ]0x00004214:	ORRS	R5, R2	;(R5=0x9E811A02 R2=0x20364510 )
(    libInnoSecure.so[0xCBBCB000])[1E 9A       ]0x00004216:	LDR	R2, [SP, #0X78]	;(SP=0x100FFD18 )
(    libInnoSecure.so[0xCBBCB000])[0D 92       ]0x00004218:	STR	R2, [SP, #0X34]	;(R2=0x39376639 SP=0x100FFD18 )
(    libInnoSecure.so[0xCBBCB000])[10 44       ]0x0000421A:	ADD	R0, R2	;(R0=0x351889BF R2=0x39376639 )
(    libInnoSecure.so[0xCBBCB000])[1F 9A       ]0x0000421C:	LDR	R2, [SP, #0X7C]	;(SP=0x100FFD18 )
(    libInnoSecure.so[0xCBBCB000])[28 44       ]0x0000421E:	ADD	R0, R5	;(R0=0x6E4FEFF8 R5=0xBEB75F12 )
(    libInnoSecure.so[0xCBBCB000])[41 F2 22 15 ]0x00004220:	MOVW	R5, #0X1122
(    libInnoSecure.so[0xCBBCB000])[C6 F6 90 35 ]0x00004224:	MOVT	R5, #0X6B90	;(R5=0x00001122 )
(    libInnoSecure.so[0xCBBCB000])[28 44       ]0x00004228:	ADD	R0, R5	;(R0=0x2D074F0A R5=0x6B901122 )
(    libInnoSecure.so[0xCBBCB000])[13 44       ]0x0000422A:	ADD	R3, R2	;(R3=0x6E764732 R2=0x61626365 )
(    libInnoSecure.so[0xCBBCB000])[08 92       ]0x0000422C:	STR	R2, [SP, #0X20]	;(R2=0x61626365 SP=0x100FFD18 )
(    libInnoSecure.so[0xCBBCB000])[01 EB 70 60 ]0x0000422E:	ADD.W	R0, R1, R0, ROR #25	;(R1=0xDFC11AAA R0=0x9897602C )
(    libInnoSecure.so[0xCBBCB000])[20 9A       ]0x00004232:	LDR	R2, [SP, #0X80]	;(SP=0x100FFD18 )
(    libInnoSecure.so[0xCBBCB000])[2E EA 00 05 ]0x00004234:	BIC.W	R5, LR, R0	;(LR=0xBEAD3F52 R0=0x2B7130F6 )
(    libInnoSecure.so[0xCBBCB000])[00 EA 01 06 ]0x00004238:	AND.W	R6, R0, R1	;(R0=0x2B7130F6 R1=0xDFC11AAA )
(    libInnoSecure.so[0xCBBCB000])[2E 43       ]0x0000423C:	ORRS	R6, R5	;(R6=0x0B4110A2 R5=0x948C0F00 )
(    libInnoSecure.so[0xCBBCB000])[02 EB 0E 05 ]0x0000423E:	ADD.W	R5, R2, LR	;(R2=0x34653133 LR=0xBEAD3F52 )
(    libInnoSecure.so[0xCBBCB000])[33 44       ]0x00004242:	ADD	R3, R6	;(R3=0xCFD8AA97 R6=0x9FCD1FA2 )
(    libInnoSecure.so[0xCBBCB000])[47 F2 93 16 ]0x00004244:	MOVW	R6, #0X7193
(    libInnoSecure.so[0xCBBCB000])[CF F6 98 56 ]0x00004248:	MOVT	R6, #0XFD98	;(R6=0x00007193 )
(    libInnoSecure.so[0xCBBCB000])[33 44       ]0x0000424C:	ADD	R3, R6	;(R3=0x6FA5CA39 R6=0xFD987193 )
(    libInnoSecure.so[0xCBBCB000])[96 46       ]0x0000424E:	MOV	LR, R2	;(R2=0x34653133 )
(    libInnoSecure.so[0xCBBCB000])[21 9A       ]0x00004250:	LDR	R2, [SP, #0X84]	;(SP=0x100FFD18 )
(    libInnoSecure.so[0xCBBCB000])[00 EB 33 5A ]0x00004252:	ADD.W	SL, R0, R3, ROR #20	;(R0=0x2B7130F6 R3=0x6D3E3BCC )
(    libInnoSecure.so[0xCBBCB000])[21 EA 0A 03 ]0x00004256:	BIC.W	R3, R1, SL	;(R1=0xDFC11AAA SL=0x0F2DF7C9 )
(    libInnoSecure.so[0xCBBCB000])[0A EA 00 06 ]0x0000425A:	AND.W	R6, SL, R0	;(SL=0x0F2DF7C9 R0=0x2B7130F6 )
(    libInnoSecure.so[0xCBBCB000])[1E 43       ]0x0000425E:	ORRS	R6, R3	;(R6=0x0B2130C0 R3=0xD0C00822 )
(    libInnoSecure.so[0xCBBCB000])[11 44       ]0x00004260:	ADD	R1, R2	;(R1=0xDFC11AAA R2=0x62663762 )
(    libInnoSecure.so[0xCBBCB000])[2E 44       ]0x00004262:	ADD	R6, R5	;(R6=0xDBE138E2 R5=0xF3127085 )
(    libInnoSecure.so[0xCBBCB000])[44 F2 8E 35 ]0x00004264:	MOVW	R5, #0X438E
(    libInnoSecure.so[0xCBBCB000])[CA F2 79 65 ]0x00004268:	MOVT	R5, #0XA679	;(R5=0x0000438E )
(    libInnoSecure.so[0xCBBCB000])[2E 44       ]0x0000426C:	ADD	R6, R5	;(R6=0xCEF3A967 R5=0xA679438E )
(    libInnoSecure.so[0xCBBCB000])[13 46       ]0x0000426E:	MOV	R3, R2	;(R2=0x62663762 )
(    libInnoSecure.so[0xCBBCB000])[11 9A       ]0x00004270:	LDR	R2, [SP, #0X44]	;(SP=0x100FFD18 )
(    libInnoSecure.so[0xCBBCB000])[0A EB F6 3B ]0x00004272:	ADD.W	FP, SL, R6, ROR #15	;(SL=0x0F2DF7C9 R6=0x756CECF5 )
(    libInnoSecure.so[0xCBBCB000])[03 93       ]0x00004276:	STR	R3, [SP, #0XC]	;(R3=0x62663762 SP=0x100FFD18 )
(    libInnoSecure.so[0xCBBCB000])[20 EA 0B 06 ]0x00004278:	BIC.W	R6, R0, FP	;(R0=0x2B7130F6 FP=0xE918E2A2 )
(    libInnoSecure.so[0xCBBCB000])[0B EA 0A 05 ]0x0000427C:	AND.W	R5, FP, SL	;(FP=0xE918E2A2 SL=0x0F2DF7C9 )
(    libInnoSecure.so[0xCBBCB000])[35 43       ]0x00004280:	ORRS	R5, R6	;(R5=0x0908E280 R6=0x02611054 )
(    libInnoSecure.so[0xCBBCB000])[2B EA 0A 06 ]0x00004282:	BIC.W	R6, FP, SL	;(FP=0xE918E2A2 SL=0x0F2DF7C9 )
(    libInnoSecure.so[0xCBBCB000])[29 44       ]0x00004286:	ADD	R1, R5	;(R1=0x4227520C R5=0x0B69F2D4 )
(    libInnoSecure.so[0xCBBCB000])[40 F6 21 05 ]0x00004288:	MOVW	R5, #0X821
(    libInnoSecure.so[0xCBBCB000])[C4 F6 B4 15 ]0x0000428C:	MOVT	R5, #0X49B4	;(R5=0x00000821 )
(    libInnoSecure.so[0xCBBCB000])[29 44       ]0x00004290:	ADD	R1, R5	;(R1=0x4D9144E0 R5=0x49B40821 )
(    libInnoSecure.so[0xCBBCB000])[10 44       ]0x00004292:	ADD	R0, R2	;(R0=0x2B7130F6 R2=0x36373733 )
(    libInnoSecure.so[0xCBBCB000])[0B EB B1 21 ]0x00004294:	ADD.W	R1, FP, R1, ROR #10	;(FP=0xE918E2A2 R1=0x97454D01 )
(    libInnoSecure.so[0xCBBCB000])[01 EA 0A 05 ]0x00004298:	AND.W	R5, R1, SL	;(R1=0x297EB3F5 SL=0x0F2DF7C9 )
(    libInnoSecure.so[0xCBBCB000])[35 43       ]0x0000429C:	ORRS	R5, R6	;(R5=0x092CB3C1 R6=0xE0100022 )
(    libInnoSecure.so[0xCBBCB000])[21 EA 0B 06 ]0x0000429E:	BIC.W	R6, R1, FP	;(R1=0x297EB3F5 FP=0xE918E2A2 )
(    libInnoSecure.so[0xCBBCB000])[28 44       ]0x000042A2:	ADD	R0, R5	;(R0=0x61A86829 R5=0xE93CB3E3 )
(    libInnoSecure.so[0xCBBCB000])[42 F2 62 55 ]0x000042A4:	MOVW	R5, #0X2562
(    libInnoSecure.so[0xCBBCB000])[CF F2 1E 65 ]0x000042A8:	MOVT	R5, #0XF61E	;(R5=0x00002562 )
(    libInnoSecure.so[0xCBBCB000])[28 44       ]0x000042AC:	ADD	R0, R5	;(R0=0x4AE51C0C R5=0xF61E2562 )
(    libInnoSecure.so[0xCBBCB000])[01 EB F0 60 ]0x000042AE:	ADD.W	R0, R1, R0, ROR #27	;(R1=0x297EB3F5 R0=0x4103416E )
(    libInnoSecure.so[0xCBBCB000])[00 EA 0B 05 ]0x000042B2:	AND.W	R5, R0, FP	;(R0=0x49E6E1BD FP=0xE918E2A2 )
(    libInnoSecure.so[0xCBBCB000])[20 EA 01 04 ]0x000042B6:	BIC.W	R4, R0, R1	;(R0=0x49E6E1BD R1=0x297EB3F5 )
(    libInnoSecure.so[0xCBBCB000])[35 43       ]0x000042BA:	ORRS	R5, R6	;(R5=0x4900E0A0 R6=0x00661155 )
(    libInnoSecure.so[0xCBBCB000])[0C EB 0A 06 ]0x000042BC:	ADD.W	R6, IP, SL	;(IP=0x39363662 SL=0x0F2DF7C9 )
(    libInnoSecure.so[0xCBBCB000])[35 44       ]0x000042C0:	ADD	R5, R6	;(R5=0x4966F1F5 R6=0x48642E2B )
(    libInnoSecure.so[0xCBBCB000])[4B F2 40 36 ]0x000042C2:	MOVW	R6, #0XB340
(    libInnoSecure.so[0xCBBCB000])[CC F2 40 06 ]0x000042C6:	MOVT	R6, #0XC040	;(R6=0x0000B340 )
(    libInnoSecure.so[0xCBBCB000])[35 44       ]0x000042CA:	ADD	R5, R6	;(R5=0x91CB2020 R6=0xC040B340 )
(    libInnoSecure.so[0xCBBCB000])[CA 46       ]0x000042CC:	MOV	SL, SB	;(SB=0x34653936 )
(    libInnoSecure.so[0xCBBCB000])[DD F8 24 90 ]0x000042CE:	LDR.W	SB, [SP, #0X24]	;(SP=0x100FFD18 )
(    libInnoSecure.so[0xCBBCB000])[00 EB F5 55 ]0x000042D2:	ADD.W	R5, R0, R5, ROR #23	;(R0=0x49E6E1BD R5=0x520BD360 )
(    libInnoSecure.so[0xCBBCB000])[F4 46       ]0x000042D6:	MOV	IP, LR	;(LR=0x34653133 )
(    libInnoSecure.so[0xCBBCB000])[05 EA 01 06 ]0x000042D8:	AND.W	R6, R5, R1	;(R5=0x618DA261 R1=0x297EB3F5 )
(    libInnoSecure.so[0xCBBCB000])[25 EA 00 02 ]0x000042DC:	BIC.W	R2, R5, R0	;(R5=0x618DA261 R0=0x49E6E1BD )
(    libInnoSecure.so[0xCBBCB000])[34 43       ]0x000042E0:	ORRS	R4, R6	;(R4=0x40804008 R6=0x210CA261 )
(    libInnoSecure.so[0xCBBCB000])[0A EB 0B 06 ]0x000042E2:	ADD.W	R6, SL, FP	;(SL=0x34653936 FP=0xE918E2A2 )
(    libInnoSecure.so[0xCBBCB000])[34 44       ]0x000042E6:	ADD	R4, R6	;(R4=0x618CE269 R6=0x1D7E1BD8 )
(    libInnoSecure.so[0xCBBCB000])[45 F6 51 26 ]0x000042E8:	MOVW	R6, #0X5A51
(    libInnoSecure.so[0xCBBCB000])[C2 F2 5E 66 ]0x000042EC:	MOVT	R6, #0X265E	;(R6=0x00005A51 )
(    libInnoSecure.so[0xCBBCB000])[34 44       ]0x000042F0:	ADD	R4, R6	;(R4=0x7F0AFE41 R6=0x265E5A51 )
(    libInnoSecure.so[0xCBBCB000])[DD F8 2C B0 ]0x000042F2:	LDR.W	FP, [SP, #0X2C]	;(SP=0x100FFD18 )
(    libInnoSecure.so[0xCBBCB000])[05 EB B4 44 ]0x000042F6:	ADD.W	R4, R5, R4, ROR #18	;(R5=0x618DA261 R4=0xA5695892 )
(    libInnoSecure.so[0xCBBCB000])[DD F8 10 E0 ]0x000042FA:	LDR.W	LR, [SP, #0X10]	;(SP=0x100FFD18 )
(    libInnoSecure.so[0xCBBCB000])[04 EA 00 06 ]0x000042FE:	AND.W	R6, R4, R0	;(R4=0xB7B24BBB R0=0x49E6E1BD )
(    libInnoSecure.so[0xCBBCB000])[48 44       ]0x00004302:	ADD	R0, SB	;(R0=0x49E6E1BD SB=0x65356165 )
(    libInnoSecure.so[0xCBBCB000])[32 43       ]0x00004304:	ORRS	R2, R6	;(R2=0x20090240 R6=0x01A241B9 )
(    libInnoSecure.so[0xCBBCB000])[0E 9E       ]0x00004306:	LDR	R6, [SP, #0X38]	;(SP=0x100FFD18 )
(    libInnoSecure.so[0xCBBCB000])[CD F8 04 C0 ]0x00004308:	STR.W	IP, [SP, #4]	;(IP=0x34653133 SP=0x100FFD18 )
(    libInnoSecure.so[0xCBBCB000])[31 44       ]0x0000430C:	ADD	R1, R6	;(R1=0x297EB3F5 R6=0x35363031 )
(    libInnoSecure.so[0xCBBCB000])[24 EA 05 06 ]0x0000430E:	BIC.W	R6, R4, R5	;(R4=0xB7B24BBB R5=0x618DA261 )
(    libInnoSecure.so[0xCBBCB000])[11 44       ]0x00004312:	ADD	R1, R2	;(R1=0x5EB4E426 R2=0x21AB43F9 )
(    libInnoSecure.so[0xCBBCB000])[4C F2 AA 72 ]0x00004314:	MOVW	R2, #0XC7AA
(    libInnoSecure.so[0xCBBCB000])[CE F6 B6 12 ]0x00004318:	MOVT	R2, #0XE9B6	;(R2=0x0000C7AA )
(    libInnoSecure.so[0xCBBCB000])[11 44       ]0x0000431C:	ADD	R1, R2	;(R1=0x8060281F R2=0xE9B6C7AA )
(    libInnoSecure.so[0xCBBCB000])[CD F8 14 A0 ]0x0000431E:	STR.W	SL, [SP, #0X14]	;(SL=0x34653936 SP=0x100FFD18 )
(    libInnoSecure.so[0xCBBCB000])[04 EB 31 31 ]0x00004322:	ADD.W	R1, R4, R1, ROR #12	;(R4=0xB7B24BBB R1=0x6A16EFC9 )
(    libInnoSecure.so[0xCBBCB000])[01 EA 05 02 ]0x00004326:	AND.W	R2, R1, R5	;(R1=0xB448ED29 R5=0x618DA261 )
(    libInnoSecure.so[0xCBBCB000])[45 44       ]0x0000432A:	ADD	R5, R8	;(R5=0x618DA261 R8=0x34306438 )
(    libInnoSecure.so[0xCBBCB000])[32 43       ]0x0000432C:	ORRS	R2, R6	;(R2=0x2008A021 R6=0x9632499A )
(    libInnoSecure.so[0xCBBCB000])[21 EA 04 06 ]0x0000432E:	BIC.W	R6, R1, R4	;(R1=0xB448ED29 R4=0xB7B24BBB )
(    libInnoSecure.so[0xCBBCB000])[10 44       ]0x00004332:	ADD	R0, R2	;(R0=0xAF1C4322 R2=0xB63AE9BB )
(    libInnoSecure.so[0xCBBCB000])[41 F2 5D 02 ]0x00004334:	MOVW	R2, #0X105D
(    libInnoSecure.so[0xCBBCB000])[CD F2 2F 62 ]0x00004338:	MOVT	R2, #0XD62F	;(R2=0x0000105D )
(    libInnoSecure.so[0xCBBCB000])[10 44       ]0x0000433C:	ADD	R0, R2	;(R0=0x65572CDD R2=0xD62F105D )
(    libInnoSecure.so[0xCBBCB000])[DD F8 20 80 ]0x0000433E:	LDR.W	R8, [SP, #0X20]	;(SP=0x100FFD18 )
(    libInnoSecure.so[0xCBBCB000])[01 EB F0 60 ]0x00004342:	ADD.W	R0, R1, R0, ROR #27	;(R1=0xB448ED29 R0=0x3B863D3A )
(    libInnoSecure.so[0xCBBCB000])[00 EA 04 02 ]0x00004346:	AND.W	R2, R0, R4	;(R0=0x25109470 R4=0xB7B24BBB )
(    libInnoSecure.so[0xCBBCB000])[1C 44       ]0x0000434A:	ADD	R4, R3	;(R4=0xB7B24BBB R3=0x62663762 )
(    libInnoSecure.so[0xCBBCB000])[32 43       ]0x0000434C:	ORRS	R2, R6	;(R2=0x25100030 R6=0x0048A400 )
(    libInnoSecure.so[0xCBBCB000])[20 EA 01 06 ]0x0000434E:	BIC.W	R6, R0, R1	;(R0=0x25109470 R1=0xB448ED29 )
(    libInnoSecure.so[0xCBBCB000])[2A 44       ]0x00004352:	ADD	R2, R5	;(R2=0x2558A430 R5=0x95BE0699 )
(    libInnoSecure.so[0xCBBCB000])[41 F2 53 45 ]0x00004354:	MOVW	R5, #0X1453
(    libInnoSecure.so[0xCBBCB000])[C0 F2 44 25 ]0x00004358:	MOVT	R5, #0X244	;(R5=0x00001453 )
(    libInnoSecure.so[0xCBBCB000])[2A 44       ]0x0000435C:	ADD	R2, R5	;(R2=0xBB16AAC9 R5=0x02441453 )
(    libInnoSecure.so[0xCBBCB000])[10 9B       ]0x0000435E:	LDR	R3, [SP, #0X40]	;(SP=0x100FFD18 )
(    libInnoSecure.so[0xCBBCB000])[00 EB F2 52 ]0x00004360:	ADD.W	R2, R0, R2, ROR #23	;(R0=0x25109470 R2=0xBD5ABF1C )
(    libInnoSecure.so[0xCBBCB000])[02 EA 01 05 ]0x00004364:	AND.W	R5, R2, R1	;(R2=0xDA8ECDEA R1=0xB448ED29 )
(    libInnoSecure.so[0xCBBCB000])[59 44       ]0x00004368:	ADD	R1, FP	;(R1=0xB448ED29 FP=0x62363737 )
(    libInnoSecure.so[0xCBBCB000])[35 43       ]0x0000436A:	ORRS	R5, R6	;(R5=0x9008CD28 R6=0x01101050 )
(    libInnoSecure.so[0xCBBCB000])[22 EA 00 06 ]0x0000436C:	BIC.W	R6, R2, R0	;(R2=0xDA8ECDEA R0=0x25109470 )
(    libInnoSecure.so[0xCBBCB000])[2C 44       ]0x00004370:	ADD	R4, R5	;(R4=0x1A18831D R5=0x9118DD78 )
(    libInnoSecure.so[0xCBBCB000])[4E F2 81 65 ]0x00004372:	MOVW	R5, #0XE681
(    libInnoSecure.so[0xCBBCB000])[CD F6 A1 05 ]0x00004376:	MOVT	R5, #0XD8A1	;(R5=0x0000E681 )
(    libInnoSecure.so[0xCBBCB000])[2C 44       ]0x0000437A:	ADD	R4, R5	;(R4=0xAB316095 R5=0xD8A1E681 )
(    libInnoSecure.so[0xCBBCB000])[02 EB B4 44 ]0x0000437C:	ADD.W	R4, R2, R4, ROR #18	;(R2=0xDA8ECDEA R4=0x83D34716 )
(    libInnoSecure.so[0xCBBCB000])[04 EA 00 05 ]0x00004380:	AND.W	R5, R4, R0	;(R4=0xAC546EDE R0=0x25109470 )
(    libInnoSecure.so[0xCBBCB000])[18 44       ]0x00004384:	ADD	R0, R3	;(R0=0x25109470 R3=0x65366534 )
(    libInnoSecure.so[0xCBBCB000])[35 43       ]0x00004386:	ORRS	R5, R6	;(R5=0x24100450 R6=0xDA8E498A )
(    libInnoSecure.so[0xCBBCB000])[24 EA 02 06 ]0x00004388:	BIC.W	R6, R4, R2	;(R4=0xAC546EDE R2=0xDA8ECDEA )
(    libInnoSecure.so[0xCBBCB000])[29 44       ]0x0000438C:	ADD	R1, R5	;(R1=0x167F2460 R5=0xFE9E4DDA )
(    libInnoSecure.so[0xCBBCB000])[4F F6 C8 35 ]0x0000438E:	MOVW	R5, #0XFBC8
(    libInnoSecure.so[0xCBBCB000])[CE F2 D3 75 ]0x00004392:	MOVT	R5, #0XE7D3	;(R5=0x0000FBC8 )
(    libInnoSecure.so[0xCBBCB000])[29 44       ]0x00004396:	ADD	R1, R5	;(R1=0x151D723A R5=0xE7D3FBC8 )
(    libInnoSecure.so[0xCBBCB000])[0F 9B       ]0x00004398:	LDR	R3, [SP, #0X3C]	;(SP=0x100FFD18 )
(    libInnoSecure.so[0xCBBCB000])[04 EB 31 31 ]0x0000439A:	ADD.W	R1, R4, R1, ROR #12	;(R4=0xAC546EDE R1=0xFCF16E02 )
(    libInnoSecure.so[0xCBBCB000])[01 EA 02 05 ]0x0000439E:	AND.W	R5, R1, R2	;(R1=0x8C843DF4 R2=0xDA8ECDEA )
(    libInnoSecure.so[0xCBBCB000])[62 44       ]0x000043A2:	ADD	R2, IP	;(R2=0xDA8ECDEA IP=0x34653133 )
(    libInnoSecure.so[0xCBBCB000])[35 43       ]0x000043A4:	ORRS	R5, R6	;(R5=0x88840DE0 R6=0x24502214 )
(    libInnoSecure.so[0xCBBCB000])[21 EA 04 06 ]0x000043A6:	BIC.W	R6, R1, R4	;(R1=0x8C843DF4 R4=0xAC546EDE )
(    libInnoSecure.so[0xCBBCB000])[28 44       ]0x000043AA:	ADD	R0, R5	;(R0=0x8A46F9A4 R5=0xACD42FF4 )
(    libInnoSecure.so[0xCBBCB000])[4C F6 E6 55 ]0x000043AC:	MOVW	R5, #0XCDE6
(    libInnoSecure.so[0xCBBCB000])[C2 F2 E1 15 ]0x000043B0:	MOVT	R5, #0X21E1	;(R5=0x0000CDE6 )
(    libInnoSecure.so[0xCBBCB000])[28 44       ]0x000043B4:	ADD	R0, R5	;(R0=0x371B2998 R5=0x21E1CDE6 )
(    libInnoSecure.so[0xCBBCB000])[01 EB F0 60 ]0x000043B6:	ADD.W	R0, R1, R0, ROR #27	;(R1=0x8C843DF4 R0=0x58FCF77E )
(    libInnoSecure.so[0xCBBCB000])[00 EA 04 05 ]0x000043BA:	AND.W	R5, R0, R4	;(R0=0xAC232DBF R4=0xAC546EDE )
(    libInnoSecure.so[0xCBBCB000])[1C 44       ]0x000043BE:	ADD	R4, R3	;(R4=0xAC546EDE R3=0x66353131 )
(    libInnoSecure.so[0xCBBCB000])[35 43       ]0x000043C0:	ORRS	R5, R6	;(R5=0xAC002C9E R6=0x00801120 )
(    libInnoSecure.so[0xCBBCB000])[20 EA 01 06 ]0x000043C2:	BIC.W	R6, R0, R1	;(R0=0xAC232DBF R1=0x8C843DF4 )
(    libInnoSecure.so[0xCBBCB000])[2A 44       ]0x000043C6:	ADD	R2, R5	;(R2=0x0EF3FF1D R5=0xAC803DBE )
(    libInnoSecure.so[0xCBBCB000])[40 F2 D6 75 ]0x000043C8:	MOVW	R5, #0X7D6
(    libInnoSecure.so[0xCBBCB000])[CC F2 37 35 ]0x000043CC:	MOVT	R5, #0XC337	;(R5=0x000007D6 )
(    libInnoSecure.so[0xCBBCB000])[2A 44       ]0x000043D0:	ADD	R2, R5	;(R2=0xBB743CDB R5=0xC33707D6 )
(    libInnoSecure.so[0xCBBCB000])[0A 9B       ]0x000043D2:	LDR	R3, [SP, #0X28]	;(SP=0x100FFD18 )
(    libInnoSecure.so[0xCBBCB000])[00 EB F2 52 ]0x000043D4:	ADD.W	R2, R0, R2, ROR #23	;(R0=0xAC232DBF R2=0x7EAB44B1 )
(    libInnoSecure.so[0xCBBCB000])[02 EA 01 05 ]0x000043D8:	AND.W	R5, R2, R1	;(R2=0x02AC90BC R1=0x8C843DF4 )
(    libInnoSecure.so[0xCBBCB000])[19 44       ]0x000043DC:	ADD	R1, R3	;(R1=0x8C843DF4 R3=0x64373966 )
(    libInnoSecure.so[0xCBBCB000])[35 43       ]0x000043DE:	ORRS	R5, R6	;(R5=0x008410B4 R6=0x2023000B )
(    libInnoSecure.so[0xCBBCB000])[22 EA 00 06 ]0x000043E0:	BIC.W	R6, R2, R0	;(R2=0x02AC90BC R0=0xAC232DBF )
(    libInnoSecure.so[0xCBBCB000])[2C 44       ]0x000043E4:	ADD	R4, R5	;(R4=0x1289A00F R5=0x20A710BF )
(    libInnoSecure.so[0xCBBCB000])[40 F6 87 55 ]0x000043E6:	MOVW	R5, #0XD87
(    libInnoSecure.so[0xCBBCB000])[CF F2 D5 45 ]0x000043EA:	MOVT	R5, #0XF4D5	;(R5=0x00000D87 )
(    libInnoSecure.so[0xCBBCB000])[2C 44       ]0x000043EE:	ADD	R4, R5	;(R4=0x3330B0CE R5=0xF4D50D87 )
(    libInnoSecure.so[0xCBBCB000])[02 EB B4 44 ]0x000043F0:	ADD.W	R4, R2, R4, ROR #18	;(R2=0x02AC90BC R4=0x2805BE55 )
(    libInnoSecure.so[0xCBBCB000])[04 EA 00 05 ]0x000043F4:	AND.W	R5, R4, R0	;(R4=0x7241DABD R0=0xAC232DBF )
(    libInnoSecure.so[0xCBBCB000])[40 44       ]0x000043F8:	ADD	R0, R8	;(R0=0xAC232DBF R8=0x61626365 )
(    libInnoSecure.so[0xCBBCB000])[35 43       ]0x000043FA:	ORRS	R5, R6	;(R5=0x200108BD R6=0x028C9000 )
(    libInnoSecure.so[0xCBBCB000])[24 EA 02 06 ]0x000043FC:	BIC.W	R6, R4, R2	;(R4=0x7241DABD R2=0x02AC90BC )
(    libInnoSecure.so[0xCBBCB000])[29 44       ]0x00004400:	ADD	R1, R5	;(R1=0xF0BB775A R5=0x228D98BD )
(    libInnoSecure.so[0xCBBCB000])[41 F2 ED 45 ]0x00004402:	MOVW	R5, #0X14ED
(    libInnoSecure.so[0xCBBCB000])[C4 F2 5A 55 ]0x00004406:	MOVT	R5, #0X455A	;(R5=0x000014ED )
(    libInnoSecure.so[0xCBBCB000])[29 44       ]0x0000440A:	ADD	R1, R5	;(R1=0x13491017 R5=0x455A14ED )
(    libInnoSecure.so[0xCBBCB000])[04 EB 31 31 ]0x0000440C:	ADD.W	R1, R4, R1, ROR #12	;(R4=0x7241DABD R1=0x58A32504 )
(    libInnoSecure.so[0xCBBCB000])[01 EA 02 05 ]0x00004410:	AND.W	R5, R1, R2	;(R1=0xC28764EF R2=0x02AC90BC )
(    libInnoSecure.so[0xCBBCB000])[35 43       ]0x00004414:	ORRS	R5, R6	;(R5=0x028400AC R6=0x70414A01 )
(    libInnoSecure.so[0xCBBCB000])[21 EA 04 06 ]0x00004416:	BIC.W	R6, R1, R4	;(R1=0xC28764EF R4=0x7241DABD )
(    libInnoSecure.so[0xCBBCB000])[28 44       ]0x0000441A:	ADD	R0, R5	;(R0=0x0D859124 R5=0x72C54AAD )
(    libInnoSecure.so[0xCBBCB000])[4E F6 05 15 ]0x0000441C:	MOVW	R5, #0XE905
(    libInnoSecure.so[0xCBBCB000])[CA F6 E3 15 ]0x00004420:	MOVT	R5, #0XA9E3	;(R5=0x0000E905 )
(    libInnoSecure.so[0xCBBCB000])[28 44       ]0x00004424:	ADD	R0, R5	;(R0=0x804ADBD1 R5=0xA9E3E905 )
(    libInnoSecure.so[0xCBBCB000])[01 EB F0 60 ]0x00004426:	ADD.W	R0, R1, R0, ROR #27	;(R1=0xC28764EF R0=0x2A2EC4D6 )
(    libInnoSecure.so[0xCBBCB000])[00 EA 04 05 ]0x0000442A:	AND.W	R5, R0, R4	;(R0=0x085FFFB4 R4=0x7241DABD )
(    libInnoSecure.so[0xCBBCB000])[74 44       ]0x0000442E:	ADD	R4, LR	;(R4=0x7241DABD LR=0x35383230 )
(    libInnoSecure.so[0xCBBCB000])[35 43       ]0x00004430:	ORRS	R5, R6	;(R5=0x0041DAB4 R6=0x80862442 )
(    libInnoSecure.so[0xCBBCB000])[0C 9E       ]0x00004432:	LDR	R6, [SP, #0X30]	;(SP=0x100FFD18 )
(    libInnoSecure.so[0xCBBCB000])[32 44       ]0x00004434:	ADD	R2, R6	;(R2=0x02AC90BC R6=0x34653862 )
(    libInnoSecure.so[0xCBBCB000])[20 EA 01 06 ]0x00004436:	BIC.W	R6, R0, R1	;(R0=0x085FFFB4 R1=0xC28764EF )
(    libInnoSecure.so[0xCBBCB000])[2A 44       ]0x0000443A:	ADD	R2, R5	;(R2=0x3711C91E R5=0x80C7FEF6 )
(    libInnoSecure.so[0xCBBCB000])[4A F2 F8 35 ]0x0000443C:	MOVW	R5, #0XA3F8
(    libInnoSecure.so[0xCBBCB000])[CF F6 EF 45 ]0x00004440:	MOVT	R5, #0XFCEF	;(R5=0x0000A3F8 )
(    libInnoSecure.so[0xCBBCB000])[2A 44       ]0x00004444:	ADD	R2, R5	;(R2=0xB7D9C814 R5=0xFCEFA3F8 )
(    libInnoSecure.so[0xCBBCB000])[00 EB F2 52 ]0x00004446:	ADD.W	R2, R0, R2, ROR #23	;(R0=0x085FFFB4 R2=0xB4C96C0C )
(    libInnoSecure.so[0xCBBCB000])[02 EA 01 05 ]0x0000444A:	AND.W	R5, R2, R1	;(R2=0x9B38191D R1=0xC28764EF )
(    libInnoSecure.so[0xCBBCB000])[35 43       ]0x0000444E:	ORRS	R5, R6	;(R5=0x8200000D R6=0x08589B10 )
(    libInnoSecure.so[0xCBBCB000])[22 EA 00 06 ]0x00004450:	BIC.W	R6, R2, R0	;(R2=0x9B38191D R0=0x085FFFB4 )
(    libInnoSecure.so[0xCBBCB000])[2C 44       ]0x00004454:	ADD	R4, R5	;(R4=0xA77A0CED R5=0x8A589B1D )
(    libInnoSecure.so[0xCBBCB000])[40 F2 D9 25 ]0x00004456:	MOVW	R5, #0X2D9
(    libInnoSecure.so[0xCBBCB000])[C6 F2 6F 75 ]0x0000445A:	MOVT	R5, #0X676F	;(R5=0x000002D9 )
(    libInnoSecure.so[0xCBBCB000])[2C 44       ]0x0000445E:	ADD	R4, R5	;(R4=0x31D2A80A R5=0x676F02D9 )
(    libInnoSecure.so[0xCBBCB000])[02 EB B4 44 ]0x00004460:	ADD.W	R4, R2, R4, ROR #18	;(R2=0x9B38191D R4=0x9941AAE3 )
(    libInnoSecure.so[0xCBBCB000])[04 EA 00 05 ]0x00004464:	AND.W	R5, R4, R0	;(R4=0x05F0FF6D R0=0x085FFFB4 )
(    libInnoSecure.so[0xCBBCB000])[48 44       ]0x00004468:	ADD	R0, SB	;(R0=0x085FFFB4 SB=0x65356165 )
(    libInnoSecure.so[0xCBBCB000])[35 43       ]0x0000446A:	ORRS	R5, R6	;(R5=0x0050FF24 R6=0x93200009 )
(    libInnoSecure.so[0xCBBCB000])[0D 9E       ]0x0000446C:	LDR	R6, [SP, #0X34]	;(SP=0x100FFD18 )
(    libInnoSecure.so[0xCBBCB000])[DD F8 18 90 ]0x0000446E:	LDR.W	SB, [SP, #0X18]	;(SP=0x100FFD18 )
(    libInnoSecure.so[0xCBBCB000])[31 44       ]0x00004472:	ADD	R1, R6	;(R1=0xC28764EF R6=0x39376639 )
(    libInnoSecure.so[0xCBBCB000])[0E 9E       ]0x00004474:	LDR	R6, [SP, #0X38]	;(SP=0x100FFD18 )
(    libInnoSecure.so[0xCBBCB000])[29 44       ]0x00004476:	ADD	R1, R5	;(R1=0xFBBECB28 R5=0x9370FF2D )
(    libInnoSecure.so[0xCBBCB000])[44 F6 8A 45 ]0x00004478:	MOVW	R5, #0X4C8A
(    libInnoSecure.so[0xCBBCB000])[C8 F6 2A 55 ]0x0000447C:	MOVT	R5, #0X8D2A	;(R5=0x00004C8A )
(    libInnoSecure.so[0xCBBCB000])[29 44       ]0x00004480:	ADD	R1, R5	;(R1=0x8F2FCA55 R5=0x8D2A4C8A )
(    libInnoSecure.so[0xCBBCB000])[84 EA 02 05 ]0x00004482:	EOR.W	R5, R4, R2	;(R4=0x05F0FF6D R2=0x9B38191D )
(    libInnoSecure.so[0xCBBCB000])[1A 44       ]0x00004486:	ADD	R2, R3	;(R2=0x9B38191D R3=0x64373966 )
(    libInnoSecure.so[0xCBBCB000])[04 EB 31 31 ]0x00004488:	ADD.W	R1, R4, R1, ROR #12	;(R4=0x05F0FF6D R1=0x1C5A16DF )
(    libInnoSecure.so[0xCBBCB000])[11 9B       ]0x0000448C:	LDR	R3, [SP, #0X44]	;(SP=0x100FFD18 )
(    libInnoSecure.so[0xCBBCB000])[4D 40       ]0x0000448E:	EORS	R5, R1	;(R5=0x9EC8E670 R1=0x73E2C50E )
(    libInnoSecure.so[0xCBBCB000])[28 44       ]0x00004490:	ADD	R0, R5	;(R0=0x6D956119 R5=0xED2A237E )
(    libInnoSecure.so[0xCBBCB000])[43 F6 42 15 ]0x00004492:	MOVW	R5, #0X3942
(    libInnoSecure.so[0xCBBCB000])[CF F6 FA 75 ]0x00004496:	MOVT	R5, #0XFFFA	;(R5=0x00003942 )
(    libInnoSecure.so[0xCBBCB000])[28 44       ]0x0000449A:	ADD	R0, R5	;(R0=0x5ABF8497 R5=0xFFFA3942 )
(    libInnoSecure.so[0xCBBCB000])[81 EA 04 05 ]0x0000449C:	EOR.W	R5, R1, R4	;(R1=0x73E2C50E R4=0x05F0FF6D )
(    libInnoSecure.so[0xCBBCB000])[54 44       ]0x000044A0:	ADD	R4, SL	;(R4=0x05F0FF6D SL=0x34653936 )
(    libInnoSecure.so[0xCBBCB000])[01 EB 30 70 ]0x000044A2:	ADD.W	R0, R1, R0, ROR #28	;(R1=0x73E2C50E R0=0x5AB9BDD9 )
(    libInnoSecure.so[0xCBBCB000])[DD F8 30 A0 ]0x000044A6:	LDR.W	SL, [SP, #0X30]	;(SP=0x100FFD18 )
(    libInnoSecure.so[0xCBBCB000])[45 40       ]0x000044AA:	EORS	R5, R0	;(R5=0x76123A63 R0=0x1F7EA2A3 )
(    libInnoSecure.so[0xCBBCB000])[2A 44       ]0x000044AC:	ADD	R2, R5	;(R2=0xFF6F5283 R5=0x696C98C0 )
(    libInnoSecure.so[0xCBBCB000])[4F F2 81 65 ]0x000044AE:	MOVW	R5, #0XF681
(    libInnoSecure.so[0xCBBCB000])[C8 F2 71 75 ]0x000044B2:	MOVT	R5, #0X8771	;(R5=0x0000F681 )
(    libInnoSecure.so[0xCBBCB000])[2A 44       ]0x000044B6:	ADD	R2, R5	;(R2=0x68DBEB43 R5=0x8771F681 )
(    libInnoSecure.so[0xCBBCB000])[80 EA 01 05 ]0x000044B8:	EOR.W	R5, R0, R1	;(R0=0x1F7EA2A3 R1=0x73E2C50E )
(    libInnoSecure.so[0xCBBCB000])[61 44       ]0x000044BC:	ADD	R1, IP	;(R1=0x73E2C50E IP=0x34653133 )
(    libInnoSecure.so[0xCBBCB000])[00 EB 72 52 ]0x000044BE:	ADD.W	R2, R0, R2, ROR #21	;(R0=0x1F7EA2A3 R2=0xF04DE1C4 )
(    libInnoSecure.so[0xCBBCB000])[DD F8 3C C0 ]0x000044C2:	LDR.W	IP, [SP, #0X3C]	;(SP=0x100FFD18 )
(    libInnoSecure.so[0xCBBCB000])[55 40       ]0x000044C6:	EORS	R5, R2	;(R5=0x6C9C67AD R2=0x8E8CCA25 )
(    libInnoSecure.so[0xCBBCB000])[2C 44       ]0x000044C8:	ADD	R4, R5	;(R4=0x3A5638A3 R5=0xE210AD88 )
(    libInnoSecure.so[0xCBBCB000])[46 F2 22 15 ]0x000044CA:	MOVW	R5, #0X6122
(    libInnoSecure.so[0xCBBCB000])[C6 F6 9D 55 ]0x000044CE:	MOVT	R5, #0X6D9D	;(R5=0x00006122 )
(    libInnoSecure.so[0xCBBCB000])[2C 44       ]0x000044D2:	ADD	R4, R5	;(R4=0x1C66E62B R5=0x6D9D6122 )
(    libInnoSecure.so[0xCBBCB000])[82 EA 00 05 ]0x000044D4:	EOR.W	R5, R2, R0	;(R2=0x8E8CCA25 R0=0x1F7EA2A3 )
(    libInnoSecure.so[0xCBBCB000])[18 44       ]0x000044D8:	ADD	R0, R3	;(R0=0x1F7EA2A3 R3=0x36373733 )
(    libInnoSecure.so[0xCBBCB000])[02 EB 34 44 ]0x000044DA:	ADD.W	R4, R2, R4, ROR #16	;(R2=0x8E8CCA25 R4=0x8A04474D )
(    libInnoSecure.so[0xCBBCB000])[73 46       ]0x000044DE:	MOV	R3, LR	;(LR=0x35383230 )
(    libInnoSecure.so[0xCBBCB000])[65 40       ]0x000044E0:	EORS	R5, R4	;(R5=0x91F26886 R4=0xD5DA5429 )
(    libInnoSecure.so[0xCBBCB000])[29 44       ]0x000044E2:	ADD	R1, R5	;(R1=0xA847F641 R5=0x44283CAF )
(    libInnoSecure.so[0xCBBCB000])[43 F6 0C 05 ]0x000044E4:	MOVW	R5, #0X380C
(    libInnoSecure.so[0xCBBCB000])[CF F6 E5 55 ]0x000044E8:	MOVT	R5, #0XFDE5	;(R5=0x0000380C )
(    libInnoSecure.so[0xCBBCB000])[29 44       ]0x000044EC:	ADD	R1, R5	;(R1=0xEC7032F0 R5=0xFDE5380C )
(    libInnoSecure.so[0xCBBCB000])[84 EA 02 05 ]0x000044EE:	EOR.W	R5, R4, R2	;(R4=0xD5DA5429 R2=0x8E8CCA25 )
(    libInnoSecure.so[0xCBBCB000])[5A 44       ]0x000044F2:	ADD	R2, FP	;(R2=0x8E8CCA25 FP=0x62363737 )
(    libInnoSecure.so[0xCBBCB000])[04 EB 71 21 ]0x000044F4:	ADD.W	R1, R4, R1, ROR #9	;(R4=0xD5DA5429 R1=0xEA556AFC )
(    libInnoSecure.so[0xCBBCB000])[DD F8 08 B0 ]0x000044F8:	LDR.W	FP, [SP, #8]	;(SP=0x100FFD18 )
(    libInnoSecure.so[0xCBBCB000])[4D 40       ]0x000044FC:	EORS	R5, R1	;(R5=0x5B569E0C R1=0x544F7EDE )
(    libInnoSecure.so[0xCBBCB000])[28 44       ]0x000044FE:	ADD	R0, R5	;(R0=0x55B5D9D6 R5=0x0F19E0D2 )
(    libInnoSecure.so[0xCBBCB000])[4E F6 44 25 ]0x00004500:	MOVW	R5, #0XEA44
(    libInnoSecure.so[0xCBBCB000])[CA F2 BE 45 ]0x00004504:	MOVT	R5, #0XA4BE	;(R5=0x0000EA44 )
(    libInnoSecure.so[0xCBBCB000])[28 44       ]0x00004508:	ADD	R0, R5	;(R0=0x64CFBAA8 R5=0xA4BEEA44 )
(    libInnoSecure.so[0xCBBCB000])[81 EA 04 05 ]0x0000450A:	EOR.W	R5, R1, R4	;(R1=0x544F7EDE R4=0xD5DA5429 )
(    libInnoSecure.so[0xCBBCB000])[1C 44       ]0x0000450E:	ADD	R4, R3	;(R4=0xD5DA5429 R3=0x35383230 )
(    libInnoSecure.so[0xCBBCB000])[01 EB 30 70 ]0x00004510:	ADD.W	R0, R1, R0, ROR #28	;(R1=0x544F7EDE R0=0x098EA4EC )
(    libInnoSecure.so[0xCBBCB000])[45 40       ]0x00004514:	EORS	R5, R0	;(R5=0x81952AF7 R0=0xED39CD9E )
(    libInnoSecure.so[0xCBBCB000])[2A 44       ]0x00004516:	ADD	R2, R5	;(R2=0xF0C3015C R5=0x6CACE769 )
(    libInnoSecure.so[0xCBBCB000])[4C F6 A9 75 ]0x00004518:	MOVW	R5, #0XCFA9
(    libInnoSecure.so[0xCBBCB000])[C4 F6 DE 35 ]0x0000451C:	MOVT	R5, #0X4BDE	;(R5=0x0000CFA9 )
(    libInnoSecure.so[0xCBBCB000])[2A 44       ]0x00004520:	ADD	R2, R5	;(R2=0x5D6FE8C5 R5=0x4BDECFA9 )
(    libInnoSecure.so[0xCBBCB000])[80 EA 01 05 ]0x00004522:	EOR.W	R5, R0, R1	;(R0=0xED39CD9E R1=0x544F7EDE )
(    libInnoSecure.so[0xCBBCB000])[59 44       ]0x00004526:	ADD	R1, FP	;(R1=0x544F7EDE FP=0x34306438 )
(    libInnoSecure.so[0xCBBCB000])[00 EB 72 52 ]0x00004528:	ADD.W	R2, R0, R2, ROR #21	;(R0=0xED39CD9E R2=0xA94EB86E )
(    libInnoSecure.so[0xCBBCB000])[55 40       ]0x0000452C:	EORS	R5, R2	;(R5=0xB976B340 R2=0x62FD42E8 )
(    libInnoSecure.so[0xCBBCB000])[2C 44       ]0x0000452E:	ADD	R4, R5	;(R4=0x0B128659 R5=0xDB8BF1A8 )
(    libInnoSecure.so[0xCBBCB000])[44 F6 60 35 ]0x00004530:	MOVW	R5, #0X4B60
(    libInnoSecure.so[0xCBBCB000])[CF F2 BB 65 ]0x00004534:	MOVT	R5, #0XF6BB	;(R5=0x00004B60 )
(    libInnoSecure.so[0xCBBCB000])[2C 44       ]0x00004538:	ADD	R4, R5	;(R4=0xE69E7801 R5=0xF6BB4B60 )
(    libInnoSecure.so[0xCBBCB000])[82 EA 00 05 ]0x0000453A:	EOR.W	R5, R2, R0	;(R2=0x62FD42E8 R0=0xED39CD9E )
(    libInnoSecure.so[0xCBBCB000])[40 44       ]0x0000453E:	ADD	R0, R8	;(R0=0xED39CD9E R8=0x61626365 )
(    libInnoSecure.so[0xCBBCB000])[02 EB 34 44 ]0x00004540:	ADD.W	R4, R2, R4, ROR #16	;(R2=0x62FD42E8 R4=0xDD59C361 )
(    libInnoSecure.so[0xCBBCB000])[DD F8 34 80 ]0x00004544:	LDR.W	R8, [SP, #0X34]	;(SP=0x100FFD18 )
(    libInnoSecure.so[0xCBBCB000])[65 40       ]0x00004548:	EORS	R5, R4	;(R5=0x8FC48F76 R4=0x265F2041 )
(    libInnoSecure.so[0xCBBCB000])[29 44       ]0x0000454A:	ADD	R1, R5	;(R1=0x887FE316 R5=0xA99BAF37 )
(    libInnoSecure.so[0xCBBCB000])[4B F6 70 45 ]0x0000454C:	MOVW	R5, #0XBC70
(    libInnoSecure.so[0xCBBCB000])[CB F6 BF 65 ]0x00004550:	MOVT	R5, #0XBEBF	;(R5=0x0000BC70 )
(    libInnoSecure.so[0xCBBCB000])[29 44       ]0x00004554:	ADD	R1, R5	;(R1=0x321B924D R5=0xBEBFBC70 )
(    libInnoSecure.so[0xCBBCB000])[84 EA 02 05 ]0x00004556:	EOR.W	R5, R4, R2	;(R4=0x265F2041 R2=0x62FD42E8 )
(    libInnoSecure.so[0xCBBCB000])[32 44       ]0x0000455A:	ADD	R2, R6	;(R2=0x62FD42E8 R6=0x35363031 )
(    libInnoSecure.so[0xCBBCB000])[04 EB 71 21 ]0x0000455C:	ADD.W	R1, R4, R1, ROR #9	;(R4=0x265F2041 R1=0xF0DB4EBD )
(    libInnoSecure.so[0xCBBCB000])[4D 40       ]0x00004560:	EORS	R5, R1	;(R5=0x44A262A9 R1=0x85578DE8 )
(    libInnoSecure.so[0xCBBCB000])[28 44       ]0x00004562:	ADD	R0, R5	;(R0=0x4E9C3103 R5=0xC1F5EF41 )
(    libInnoSecure.so[0xCBBCB000])[47 F6 C6 65 ]0x00004564:	MOVW	R5, #0X7EC6
(    libInnoSecure.so[0xCBBCB000])[C2 F6 9B 05 ]0x00004568:	MOVT	R5, #0X289B	;(R5=0x00007EC6 )
(    libInnoSecure.so[0xCBBCB000])[28 44       ]0x0000456C:	ADD	R0, R5	;(R0=0x10922044 R5=0x289B7EC6 )
(    libInnoSecure.so[0xCBBCB000])[81 EA 04 05 ]0x0000456E:	EOR.W	R5, R1, R4	;(R1=0x85578DE8 R4=0x265F2041 )
(    libInnoSecure.so[0xCBBCB000])[64 44       ]0x00004572:	ADD	R4, IP	;(R4=0x265F2041 IP=0x66353131 )
(    libInnoSecure.so[0xCBBCB000])[01 EB 30 70 ]0x00004574:	ADD.W	R0, R1, R0, ROR #28	;(R1=0x85578DE8 R0=0x392D9F0A )
(    libInnoSecure.so[0xCBBCB000])[45 40       ]0x00004578:	EORS	R5, R0	;(R5=0xA308ADA9 R0=0x18317E8B )
(    libInnoSecure.so[0xCBBCB000])[2A 44       ]0x0000457A:	ADD	R2, R5	;(R2=0x98337319 R5=0xBB39D322 )
(    libInnoSecure.so[0xCBBCB000])[42 F2 FA 75 ]0x0000457C:	MOVW	R5, #0X27FA
(    libInnoSecure.so[0xCBBCB000])[CE F6 A1 25 ]0x00004580:	MOVT	R5, #0XEAA1	;(R5=0x000027FA )
(    libInnoSecure.so[0xCBBCB000])[2A 44       ]0x00004584:	ADD	R2, R5	;(R2=0x536D463B R5=0xEAA127FA )
(    libInnoSecure.so[0xCBBCB000])[80 EA 01 05 ]0x00004586:	EOR.W	R5, R0, R1	;(R0=0x18317E8B R1=0x85578DE8 )
(    libInnoSecure.so[0xCBBCB000])[49 44       ]0x0000458A:	ADD	R1, SB	;(R1=0x85578DE8 SB=0x39363662 )
(    libInnoSecure.so[0xCBBCB000])[00 EB 72 52 ]0x0000458C:	ADD.W	R2, R0, R2, ROR #21	;(R0=0x18317E8B R2=0x3E0E6E35 )
(    libInnoSecure.so[0xCBBCB000])[55 40       ]0x00004590:	EORS	R5, R2	;(R5=0x9D66F363 R2=0x8BA3287B )
(    libInnoSecure.so[0xCBBCB000])[2C 44       ]0x00004592:	ADD	R4, R5	;(R4=0x8C945172 R5=0x16C5DB18 )
(    libInnoSecure.so[0xCBBCB000])[43 F2 85 05 ]0x00004594:	MOVW	R5, #0X3085
(    libInnoSecure.so[0xCBBCB000])[CD F2 EF 45 ]0x00004598:	MOVT	R5, #0XD4EF	;(R5=0x00003085 )
(    libInnoSecure.so[0xCBBCB000])[2C 44       ]0x0000459C:	ADD	R4, R5	;(R4=0xA35A2C8A R5=0xD4EF3085 )
(    libInnoSecure.so[0xCBBCB000])[82 EA 00 05 ]0x0000459E:	EOR.W	R5, R2, R0	;(R2=0x8BA3287B R0=0x18317E8B )
(    libInnoSecure.so[0xCBBCB000])[02 EB 34 44 ]0x000045A2:	ADD.W	R4, R2, R4, ROR #16	;(R2=0x8BA3287B R4=0x78495D0F )
(    libInnoSecure.so[0xCBBCB000])[65 40       ]0x000045A6:	EORS	R5, R4	;(R5=0x939256F0 R4=0xE8B2A0C4 )
(    libInnoSecure.so[0xCBBCB000])[29 44       ]0x000045A8:	ADD	R1, R5	;(R1=0xBE8DC44A R5=0x7B20F634 )
(    libInnoSecure.so[0xCBBCB000])[41 F6 05 55 ]0x000045AA:	MOVW	R5, #0X1D05
(    libInnoSecure.so[0xCBBCB000])[C0 F2 88 45 ]0x000045AE:	MOVT	R5, #0X488	;(R5=0x00001D05 )
(    libInnoSecure.so[0xCBBCB000])[29 44       ]0x000045B2:	ADD	R1, R5	;(R1=0x39AEBA7E R5=0x04881D05 )
(    libInnoSecure.so[0xCBBCB000])[84 EA 02 05 ]0x000045B4:	EOR.W	R5, R4, R2	;(R4=0xE8B2A0C4 R2=0x8BA3287B )
(    libInnoSecure.so[0xCBBCB000])[42 44       ]0x000045B8:	ADD	R2, R8	;(R2=0x8BA3287B R8=0x39376639 )
(    libInnoSecure.so[0xCBBCB000])[04 EB 71 21 ]0x000045BA:	ADD.W	R1, R4, R1, ROR #9	;(R4=0xE8B2A0C4 R1=0x3E36D783 )
(    libInnoSecure.so[0xCBBCB000])[85 EA 01 0E ]0x000045BE:	EOR.W	LR, R5, R1	;(R5=0x631188BF R1=0xAA51BC2F )
(    libInnoSecure.so[0xCBBCB000])[10 9D       ]0x000045C2:	LDR	R5, [SP, #0X40]	;(SP=0x100FFD18 )
(    libInnoSecure.so[0xCBBCB000])[28 44       ]0x000045C4:	ADD	R0, R5	;(R0=0x18317E8B R5=0x65366534 )
(    libInnoSecure.so[0xCBBCB000])[4D F2 39 05 ]0x000045C6:	MOVW	R5, #0XD039
(    libInnoSecure.so[0xCBBCB000])[70 44       ]0x000045CA:	ADD	R0, LR	;(R0=0x7D67E3BF LR=0xC9403490 )
(    libInnoSecure.so[0xCBBCB000])[CD F6 D4 15 ]0x000045CC:	MOVT	R5, #0XD9D4	;(R5=0x0000D039 )
(    libInnoSecure.so[0xCBBCB000])[28 44       ]0x000045D0:	ADD	R0, R5	;(R0=0x46A8184F R5=0xD9D4D039 )
(    libInnoSecure.so[0xCBBCB000])[81 EA 04 05 ]0x000045D2:	EOR.W	R5, R1, R4	;(R1=0xAA51BC2F R4=0xE8B2A0C4 )
(    libInnoSecure.so[0xCBBCB000])[DD F8 0C E0 ]0x000045D6:	LDR.W	LR, [SP, #0XC]	;(SP=0x100FFD18 )
(    libInnoSecure.so[0xCBBCB000])[01 EB 30 70 ]0x000045DA:	ADD.W	R0, R1, R0, ROR #28	;(R1=0xAA51BC2F R0=0x207CE888 )
(    libInnoSecure.so[0xCBBCB000])[45 40       ]0x000045DE:	EORS	R5, R0	;(R5=0x42E31CEB R0=0xB22044B1 )
(    libInnoSecure.so[0xCBBCB000])[74 44       ]0x000045E0:	ADD	R4, LR	;(R4=0xE8B2A0C4 LR=0x62663762 )
(    libInnoSecure.so[0xCBBCB000])[2A 44       ]0x000045E2:	ADD	R2, R5	;(R2=0xC4DA8EB4 R5=0xF0C3585A )
(    libInnoSecure.so[0xCBBCB000])[49 F6 E5 15 ]0x000045E4:	MOVW	R5, #0X99E5
(    libInnoSecure.so[0xCBBCB000])[CE F2 DB 65 ]0x000045E8:	MOVT	R5, #0XE6DB	;(R5=0x000099E5 )
(    libInnoSecure.so[0xCBBCB000])[2A 44       ]0x000045EC:	ADD	R2, R5	;(R2=0xB59DE70E R5=0xE6DB99E5 )
(    libInnoSecure.so[0xCBBCB000])[80 EA 01 05 ]0x000045EE:	EOR.W	R5, R0, R1	;(R0=0xB22044B1 R1=0xAA51BC2F )
(    libInnoSecure.so[0xCBBCB000])[51 44       ]0x000045F2:	ADD	R1, SL	;(R1=0xAA51BC2F SL=0x34653862 )
(    libInnoSecure.so[0xCBBCB000])[00 EB 72 52 ]0x000045F4:	ADD.W	R2, R0, R2, ROR #21	;(R0=0xB22044B1 R2=0x9C7980F3 )
(    libInnoSecure.so[0xCBBCB000])[55 40       ]0x000045F8:	EORS	R5, R2	;(R5=0x1871F89E R2=0x7E27E194 )
(    libInnoSecure.so[0xCBBCB000])[2C 44       ]0x000045FA:	ADD	R4, R5	;(R4=0x4B18D826 R5=0x6656190A )
(    libInnoSecure.so[0xCBBCB000])[47 F6 F8 45 ]0x000045FC:	MOVW	R5, #0X7CF8
(    libInnoSecure.so[0xCBBCB000])[C1 F6 A2 75 ]0x00004600:	MOVT	R5, #0X1FA2	;(R5=0x00007CF8 )
(    libInnoSecure.so[0xCBBCB000])[2C 44       ]0x00004604:	ADD	R4, R5	;(R4=0xB16EF130 R5=0x1FA27CF8 )
(    libInnoSecure.so[0xCBBCB000])[82 EA 00 05 ]0x00004606:	EOR.W	R5, R2, R0	;(R2=0x7E27E194 R0=0xB22044B1 )
(    libInnoSecure.so[0xCBBCB000])[30 44       ]0x0000460A:	ADD	R0, R6	;(R0=0xB22044B1 R6=0x35363031 )
(    libInnoSecure.so[0xCBBCB000])[02 EB 34 44 ]0x0000460C:	ADD.W	R4, R2, R4, ROR #16	;(R2=0x7E27E194 R4=0xD1116E28 )
(    libInnoSecure.so[0xCBBCB000])[45 F6 C3 16 ]0x00004610:	MOVW	R6, #0X59C3
(    libInnoSecure.so[0xCBBCB000])[65 40       ]0x00004614:	EORS	R5, R4	;(R5=0xCC07A525 R4=0xEC50B2A5 )
(    libInnoSecure.so[0xCBBCB000])[C6 F2 5B 56 ]0x00004616:	MOVT	R6, #0X655B	;(R6=0x000059C3 )
(    libInnoSecure.so[0xCBBCB000])[29 44       ]0x0000461A:	ADD	R1, R5	;(R1=0xDEB6F491 R5=0x20571780 )
(    libInnoSecure.so[0xCBBCB000])[45 F2 65 65 ]0x0000461C:	MOVW	R5, #0X5665
(    libInnoSecure.so[0xCBBCB000])[CC F2 AC 45 ]0x00004620:	MOVT	R5, #0XC4AC	;(R5=0x00005665 )
(    libInnoSecure.so[0xCBBCB000])[29 44       ]0x00004624:	ADD	R1, R5	;(R1=0xFF0E0C11 R5=0xC4AC5665 )
(    libInnoSecure.so[0xCBBCB000])[04 EB 71 21 ]0x00004626:	ADD.W	R1, R4, R1, ROR #9	;(R4=0xEC50B2A5 R1=0xC3BA6276 )
(    libInnoSecure.so[0xCBBCB000])[61 EA 02 05 ]0x0000462A:	ORN	R5, R1, R2	;(R1=0x27B28FD6 R2=0x7E27E194 )
(    libInnoSecure.so[0xCBBCB000])[1A 44       ]0x0000462E:	ADD	R2, R3	;(R2=0x7E27E194 R3=0x35383230 )
(    libInnoSecure.so[0xCBBCB000])[65 40       ]0x00004630:	EORS	R5, R4	;(R5=0xA7FA9FFF R4=0xEC50B2A5 )
(    libInnoSecure.so[0xCBBCB000])[01 9B       ]0x00004632:	LDR	R3, [SP, #4]	;(SP=0x100FFD18 )
(    libInnoSecure.so[0xCBBCB000])[28 44       ]0x00004634:	ADD	R0, R5	;(R0=0xE75674E2 R5=0x4BAA2D5A )
(    libInnoSecure.so[0xCBBCB000])[42 F2 44 25 ]0x00004636:	MOVW	R5, #0X2244
(    libInnoSecure.so[0xCBBCB000])[CF F2 29 45 ]0x0000463A:	MOVT	R5, #0XF429	;(R5=0x00002244 )
(    libInnoSecure.so[0xCBBCB000])[28 44       ]0x0000463E:	ADD	R0, R5	;(R0=0x3300A23C R5=0xF4292244 )
(    libInnoSecure.so[0xCBBCB000])[23 44       ]0x00004640:	ADD	R3, R4	;(R3=0x34653133 R4=0xEC50B2A5 )
(    libInnoSecure.so[0xCBBCB000])[01 EB B0 60 ]0x00004642:	ADD.W	R0, R1, R0, ROR #26	;(R1=0x27B28FD6 R0=0x2729C480 )
(    libInnoSecure.so[0xCBBCB000])[60 EA 04 05 ]0x00004646:	ORN	R5, R0, R4	;(R0=0xF223AFDF R4=0xEC50B2A5 )
(    libInnoSecure.so[0xCBBCB000])[42 F2 A7 34 ]0x0000464A:	MOVW	R4, #0X23A7
(    libInnoSecure.so[0xCBBCB000])[4D 40       ]0x0000464E:	EORS	R5, R1	;(R5=0xF3AFEFDF R1=0x27B28FD6 )
(    libInnoSecure.so[0xCBBCB000])[CA F6 94 34 ]0x00004650:	MOVT	R4, #0XAB94	;(R4=0x000023A7 )
(    libInnoSecure.so[0xCBBCB000])[2A 44       ]0x00004654:	ADD	R2, R5	;(R2=0xB36013C4 R5=0xD41D6009 )
(    libInnoSecure.so[0xCBBCB000])[4F F6 97 75 ]0x00004656:	MOVW	R5, #0XFF97
(    libInnoSecure.so[0xCBBCB000])[C4 F2 2A 35 ]0x0000465A:	MOVT	R5, #0X432A	;(R5=0x0000FF97 )
(    libInnoSecure.so[0xCBBCB000])[2A 44       ]0x0000465E:	ADD	R2, R5	;(R2=0x877D73CD R5=0x432AFF97 )
(    libInnoSecure.so[0xCBBCB000])[00 EB B2 52 ]0x00004660:	ADD.W	R2, R0, R2, ROR #22	;(R0=0xF223AFDF R2=0xCAA87364 )
(    libInnoSecure.so[0xCBBCB000])[62 EA 01 05 ]0x00004664:	ORN	R5, R2, R1	;(R2=0x93F14309 R1=0x27B28FD6 )
(    libInnoSecure.so[0xCBBCB000])[45 40       ]0x00004668:	EORS	R5, R0	;(R5=0xDBFD7329 R0=0xF223AFDF )
(    libInnoSecure.so[0xCBBCB000])[2B 44       ]0x0000466A:	ADD	R3, R5	;(R3=0x20B5E3D8 R5=0x29DEDCF6 )
(    libInnoSecure.so[0xCBBCB000])[09 9D       ]0x0000466C:	LDR	R5, [SP, #0X24]	;(SP=0x100FFD18 )
(    libInnoSecure.so[0xCBBCB000])[23 44       ]0x0000466E:	ADD	R3, R4	;(R3=0x4A94C0CE R4=0xAB9423A7 )
(    libInnoSecure.so[0xCBBCB000])[29 44       ]0x00004670:	ADD	R1, R5	;(R1=0x27B28FD6 R5=0x65356165 )
(    libInnoSecure.so[0xCBBCB000])[11 9D       ]0x00004672:	LDR	R5, [SP, #0X44]	;(SP=0x100FFD18 )
(    libInnoSecure.so[0xCBBCB000])[02 EB 73 43 ]0x00004674:	ADD.W	R3, R2, R3, ROR #17	;(R2=0x93F14309 R3=0xF628E475 )
(    libInnoSecure.so[0xCBBCB000])[63 EA 00 04 ]0x00004678:	ORN	R4, R3, R0	;(R3=0x062C3E1D R0=0xF223AFDF )
(    libInnoSecure.so[0xCBBCB000])[40 44       ]0x0000467C:	ADD	R0, R8	;(R0=0xF223AFDF R8=0x39376639 )
(    libInnoSecure.so[0xCBBCB000])[54 40       ]0x0000467E:	EORS	R4, R2	;(R4=0x0FFC7E3D R2=0x93F14309 )
(    libInnoSecure.so[0xCBBCB000])[21 44       ]0x00004680:	ADD	R1, R4	;(R1=0x8CE7F13B R4=0x9C0D3D34 )
(    libInnoSecure.so[0xCBBCB000])[4A F2 39 04 ]0x00004682:	MOVW	R4, #0XA039
(    libInnoSecure.so[0xCBBCB000])[CF F6 93 44 ]0x00004686:	MOVT	R4, #0XFC93	;(R4=0x0000A039 )
(    libInnoSecure.so[0xCBBCB000])[21 44       ]0x0000468A:	ADD	R1, R4	;(R1=0x28F52E6F R4=0xFC93A039 )
(    libInnoSecure.so[0xCBBCB000])[03 EB F1 21 ]0x0000468C:	ADD.W	R1, R3, R1, ROR #11	;(R3=0x062C3E1D R1=0x2588CEA8 )
(    libInnoSecure.so[0xCBBCB000])[61 EA 02 04 ]0x00004690:	ORN	R4, R1, R2	;(R1=0xDB30EF36 R2=0x93F14309 )
(    libInnoSecure.so[0xCBBCB000])[62 44       ]0x00004694:	ADD	R2, IP	;(R2=0x93F14309 IP=0x66353131 )
(    libInnoSecure.so[0xCBBCB000])[5C 40       ]0x00004696:	EORS	R4, R3	;(R4=0xFF3EFFF6 R3=0x062C3E1D )
(    libInnoSecure.so[0xCBBCB000])[DD F8 1C C0 ]0x00004698:	LDR.W	IP, [SP, #0X1C]	;(SP=0x100FFD18 )
(    libInnoSecure.so[0xCBBCB000])[20 44       ]0x0000469C:	ADD	R0, R4	;(R0=0x2B5B1618 R4=0xF912C1EB )
(    libInnoSecure.so[0xCBBCB000])[30 44       ]0x0000469E:	ADD	R0, R6	;(R0=0x246DD803 R6=0x655B59C3 )
(    libInnoSecure.so[0xCBBCB000])[01 EB B0 60 ]0x000046A0:	ADD.W	R0, R1, R0, ROR #26	;(R1=0xDB30EF36 R0=0x89C931C6 )
(    libInnoSecure.so[0xCBBCB000])[60 EA 03 06 ]0x000046A4:	ORN	R6, R0, R3	;(R0=0x4D7D60D8 R3=0x062C3E1D )
(    libInnoSecure.so[0xCBBCB000])[5B 44       ]0x000046A8:	ADD	R3, FP	;(R3=0x062C3E1D FP=0x34306438 )
(    libInnoSecure.so[0xCBBCB000])[4E 40       ]0x000046AA:	EORS	R6, R1	;(R6=0xFDFFE1FA R1=0xDB30EF36 )
(    libInnoSecure.so[0xCBBCB000])[32 44       ]0x000046AC:	ADD	R2, R6	;(R2=0xFA26743A R6=0x26CF0ECC )
(    libInnoSecure.so[0xCBBCB000])[4C F6 92 46 ]0x000046AE:	MOVW	R6, #0XCC92
(    libInnoSecure.so[0xCBBCB000])[C8 F6 0C 76 ]0x000046B2:	MOVT	R6, #0X8F0C	;(R6=0x0000CC92 )
(    libInnoSecure.so[0xCBBCB000])[32 44       ]0x000046B6:	ADD	R2, R6	;(R2=0x20F58306 R6=0x8F0CCC92 )
(    libInnoSecure.so[0xCBBCB000])[00 EB B2 52 ]0x000046B8:	ADD.W	R2, R0, R2, ROR #22	;(R0=0x4D7D60D8 R2=0xB0024F98 )
(    libInnoSecure.so[0xCBBCB000])[62 EA 01 06 ]0x000046BC:	ORN	R6, R2, R1	;(R2=0x56BBC398 R1=0xDB30EF36 )
(    libInnoSecure.so[0xCBBCB000])[29 44       ]0x000046C0:	ADD	R1, R5	;(R1=0xDB30EF36 R5=0x36373733 )
(    libInnoSecure.so[0xCBBCB000])[46 40       ]0x000046C2:	EORS	R6, R0	;(R6=0x76FFD3D9 R0=0x4D7D60D8 )
(    libInnoSecure.so[0xCBBCB000])[0A 9D       ]0x000046C4:	LDR	R5, [SP, #0X28]	;(SP=0x100FFD18 )
(    libInnoSecure.so[0xCBBCB000])[33 44       ]0x000046C6:	ADD	R3, R6	;(R3=0x3A5CA255 R6=0x3B82B301 )
(    libInnoSecure.so[0xCBBCB000])[4F F2 7D 46 ]0x000046C8:	MOVW	R6, #0XF47D
(    libInnoSecure.so[0xCBBCB000])[CF F6 EF 76 ]0x000046CC:	MOVT	R6, #0XFFEF	;(R6=0x0000F47D )
(    libInnoSecure.so[0xCBBCB000])[33 44       ]0x000046D0:	ADD	R3, R6	;(R3=0x75DF5556 R6=0xFFEFF47D )
(    libInnoSecure.so[0xCBBCB000])[02 EB 73 43 ]0x000046D2:	ADD.W	R3, R2, R3, ROR #17	;(R2=0x56BBC398 R3=0x75CF49D3 )
(    libInnoSecure.so[0xCBBCB000])[63 EA 00 06 ]0x000046D6:	ORN	R6, R3, R0	;(R3=0xFBA57E7F R0=0x4D7D60D8 )
(    libInnoSecure.so[0xCBBCB000])[28 44       ]0x000046DA:	ADD	R0, R5	;(R0=0x4D7D60D8 R5=0x64373966 )
(    libInnoSecure.so[0xCBBCB000])[56 40       ]0x000046DC:	EORS	R6, R2	;(R6=0xFBA7FF7F R2=0x56BBC398 )
(    libInnoSecure.so[0xCBBCB000])[08 9D       ]0x000046DE:	LDR	R5, [SP, #0X20]	;(SP=0x100FFD18 )
(    libInnoSecure.so[0xCBBCB000])[31 44       ]0x000046E0:	ADD	R1, R6	;(R1=0x11682669 R6=0xAD1C3CE7 )
(    libInnoSecure.so[0xCBBCB000])[45 F6 D1 56 ]0x000046E2:	MOVW	R6, #0X5DD1
(    libInnoSecure.so[0xCBBCB000])[C8 F2 84 56 ]0x000046E6:	MOVT	R6, #0X8584	;(R6=0x00005DD1 )
(    libInnoSecure.so[0xCBBCB000])[31 44       ]0x000046EA:	ADD	R1, R6	;(R1=0xBE846350 R6=0x85845DD1 )
(    libInnoSecure.so[0xCBBCB000])[03 EB F1 21 ]0x000046EC:	ADD.W	R1, R3, R1, ROR #11	;(R3=0xFBA57E7F R1=0x4408C121 )
(    libInnoSecure.so[0xCBBCB000])[61 EA 02 06 ]0x000046F0:	ORN	R6, R1, R2	;(R1=0x1FCDFF97 R2=0x56BBC398 )
(    libInnoSecure.so[0xCBBCB000])[72 44       ]0x000046F4:	ADD	R2, LR	;(R2=0x56BBC398 LR=0x62663762 )
(    libInnoSecure.so[0xCBBCB000])[5E 40       ]0x000046F6:	EORS	R6, R3	;(R6=0xBFCDFFF7 R3=0xFBA57E7F )
(    libInnoSecure.so[0xCBBCB000])[30 44       ]0x000046F8:	ADD	R0, R6	;(R0=0xB1B49A3E R6=0x44688188 )
(    libInnoSecure.so[0xCBBCB000])[47 F6 4F 66 ]0x000046FA:	MOVW	R6, #0X7E4F
(    libInnoSecure.so[0xCBBCB000])[C6 F6 A8 76 ]0x000046FE:	MOVT	R6, #0X6FA8	;(R6=0x00007E4F )
(    libInnoSecure.so[0xCBBCB000])[30 44       ]0x00004702:	ADD	R0, R6	;(R0=0xF61D1BC6 R6=0x6FA87E4F )
(    libInnoSecure.so[0xCBBCB000])[01 EB B0 66 ]0x00004704:	ADD.W	R6, R1, R0, ROR #26	;(R1=0x1FCDFF97 R0=0x65C59A15 )
(    libInnoSecure.so[0xCBBCB000])[66 EA 03 00 ]0x00004708:	ORN	R0, R6, R3	;(R6=0x913484F0 R3=0xFBA57E7F )
(    libInnoSecure.so[0xCBBCB000])[4B 44       ]0x0000470C:	ADD	R3, SB	;(R3=0xFBA57E7F SB=0x39363662 )
(    libInnoSecure.so[0xCBBCB000])[48 40       ]0x0000470E:	EORS	R0, R1	;(R0=0x957E85F0 R1=0x1FCDFF97 )
(    libInnoSecure.so[0xCBBCB000])[10 44       ]0x00004710:	ADD	R0, R2	;(R0=0x8AB37A67 R2=0xB921FAFA )
(    libInnoSecure.so[0xCBBCB000])[4E F2 E0 62 ]0x00004712:	MOVW	R2, #0XE6E0
(    libInnoSecure.so[0xCBBCB000])[CF F6 2C 62 ]0x00004716:	MOVT	R2, #0XFE2C	;(R2=0x0000E6E0 )
(    libInnoSecure.so[0xCBBCB000])[10 44       ]0x0000471A:	ADD	R0, R2	;(R0=0x43D57561 R2=0xFE2CE6E0 )
(    libInnoSecure.so[0xCBBCB000])[06 EB B0 52 ]0x0000471C:	ADD.W	R2, R6, R0, ROR #22	;(R6=0x913484F0 R0=0x42025C41 )
(    libInnoSecure.so[0xCBBCB000])[62 EA 01 00 ]0x00004720:	ORN	R0, R2, R1	;(R2=0x9AA589F8 R1=0x1FCDFF97 )
(    libInnoSecure.so[0xCBBCB000])[29 44       ]0x00004724:	ADD	R1, R5	;(R1=0x1FCDFF97 R5=0x61626365 )
(    libInnoSecure.so[0xCBBCB000])[70 40       ]0x00004726:	EORS	R0, R6	;(R0=0xFAB789F8 R6=0x913484F0 )
(    libInnoSecure.so[0xCBBCB000])[0B 9D       ]0x00004728:	LDR	R5, [SP, #0X2C]	;(SP=0x100FFD18 )
(    libInnoSecure.so[0xCBBCB000])[18 44       ]0x0000472A:	ADD	R0, R3	;(R0=0x6B830D08 R3=0x34DBB4E1 )
(    libInnoSecure.so[0xCBBCB000])[44 F2 14 33 ]0x0000472C:	MOVW	R3, #0X4314
(    libInnoSecure.so[0xCBBCB000])[CA F2 01 33 ]0x00004730:	MOVT	R3, #0XA301	;(R3=0x00004314 )
(    libInnoSecure.so[0xCBBCB000])[18 44       ]0x00004734:	ADD	R0, R3	;(R0=0xA05EC1E9 R3=0xA3014314 )
(    libInnoSecure.so[0xCBBCB000])[02 EB 70 40 ]0x00004736:	ADD.W	R0, R2, R0, ROR #17	;(R2=0x9AA589F8 R0=0x436004FD )
(    libInnoSecure.so[0xCBBCB000])[60 EA 06 03 ]0x0000473A:	ORN	R3, R0, R6	;(R0=0x9D242BA8 R6=0x913484F0 )
(    libInnoSecure.so[0xCBBCB000])[2E 44       ]0x0000473E:	ADD	R6, R5	;(R6=0x913484F0 R5=0x62363737 )
(    libInnoSecure.so[0xCBBCB000])[53 40       ]0x00004740:	EORS	R3, R2	;(R3=0xFFEF7BAF R2=0x9AA589F8 )
(    libInnoSecure.so[0xCBBCB000])[19 44       ]0x00004742:	ADD	R1, R3	;(R1=0x813062FC R3=0x654AF257 )
(    libInnoSecure.so[0xCBBCB000])[41 F2 A1 13 ]0x00004744:	MOVW	R3, #0X11A1
(    libInnoSecure.so[0xCBBCB000])[C4 F6 08 63 ]0x00004748:	MOVT	R3, #0X4E08	;(R3=0x000011A1 )
(    libInnoSecure.so[0xCBBCB000])[19 44       ]0x0000474C:	ADD	R1, R3	;(R1=0xE67B5553 R3=0x4E0811A1 )
(    libInnoSecure.so[0xCBBCB000])[00 EB F1 21 ]0x0000474E:	ADD.W	R1, R0, R1, ROR #11	;(R0=0x9D242BA8 R1=0x348366F4 )
(    libInnoSecure.so[0xCBBCB000])[61 EA 02 03 ]0x00004752:	ORN	R3, R1, R2	;(R1=0x7BAABC14 R2=0x9AA589F8 )
(    libInnoSecure.so[0xCBBCB000])[43 40       ]0x00004756:	EORS	R3, R0	;(R3=0x7FFAFE17 R0=0x9D242BA8 )
(    libInnoSecure.so[0xCBBCB000])[33 44       ]0x00004758:	ADD	R3, R6	;(R3=0xE2DED5BF R6=0xF36ABC27 )
(    libInnoSecure.so[0xCBBCB000])[47 F6 82 66 ]0x0000475A:	MOVW	R6, #0X7E82
(    libInnoSecure.so[0xCBBCB000])[CF F2 53 76 ]0x0000475E:	MOVT	R6, #0XF753	;(R6=0x00007E82 )
(    libInnoSecure.so[0xCBBCB000])[33 44       ]0x00004762:	ADD	R3, R6	;(R3=0xD64991E6 R6=0xF7537E82 )
(    libInnoSecure.so[0xCBBCB000])[DC F8 00 60 ]0x00004764:	LDR.W	R6, [IP]	;(IP=0x100FFEF8 )
(    libInnoSecure.so[0xCBBCB000])[01 EB B3 63 ]0x00004768:	ADD.W	R3, R1, R3, ROR #26	;(R1=0x7BAABC14 R3=0xCD9D1068 )
(    libInnoSecure.so[0xCBBCB000])[1E 44       ]0x0000476C:	ADD	R6, R3	;(R6=0x2C8DA42E R3=0xE2EED647 )
(    libInnoSecure.so[0xCBBCB000])[CC F8 00 60 ]0x0000476E:	STR.W	R6, [IP]	;(R6=0x0F7C7A75 IP=0x100FFEF8 )
(    libInnoSecure.so[0xCBBCB000])[05 9D       ]0x00004772:	LDR	R5, [SP, #0X14]	;(SP=0x100FFD18 )
(    libInnoSecure.so[0xCBBCB000])[63 EA 00 06 ]0x00004774:	ORN	R6, R3, R0	;(R3=0xE2EED647 R0=0x9D242BA8 )
(    libInnoSecure.so[0xCBBCB000])[4E 40       ]0x00004778:	EORS	R6, R1	;(R6=0xE2FFD657 R1=0x7BAABC14 )
(    libInnoSecure.so[0xCBBCB000])[50 44       ]0x0000477A:	ADD	R0, SL	;(R0=0x9D242BA8 SL=0x34653862 )
(    libInnoSecure.so[0xCBBCB000])[2A 44       ]0x0000477C:	ADD	R2, R5	;(R2=0x9AA589F8 R5=0x34653936 )
(    libInnoSecure.so[0xCBBCB000])[32 44       ]0x0000477E:	ADD	R2, R6	;(R2=0xCF0AC32E R6=0x99556A43 )
(    libInnoSecure.so[0xCBBCB000])[4F F2 35 26 ]0x00004780:	MOVW	R6, #0XF235
(    libInnoSecure.so[0xCBBCB000])[CB F6 3A 56 ]0x00004784:	MOVT	R6, #0XBD3A	;(R6=0x0000F235 )
(    libInnoSecure.so[0xCBBCB000])[32 44       ]0x00004788:	ADD	R2, R6	;(R2=0x68602D71 R6=0xBD3AF235 )
(    libInnoSecure.so[0xCBBCB000])[DC E9 01 65 ]0x0000478A:	LDRD	R6, R5, [IP, #4]	;(IP=0x100FFEF8 )
(    libInnoSecure.so[0xCBBCB000])[DC F8 0C 40 ]0x0000478E:	LDR.W	R4, [IP, #0XC]	;(IP=0x100FFEF8 )
(    libInnoSecure.so[0xCBBCB000])[03 EB B2 52 ]0x00004792:	ADD.W	R2, R3, R2, ROR #22	;(R3=0xE2EED647 R2=0x259B1FA6 )
(    libInnoSecure.so[0xCBBCB000])[14 44       ]0x00004796:	ADD	R4, R2	;(R4=0xDFA7DF67 R2=0x4F6D6EDD )
(    libInnoSecure.so[0xCBBCB000])[CC F8 0C 40 ]0x00004798:	STR.W	R4, [IP, #0XC]	;(R4=0x2F154E44 IP=0x100FFEF8 )
(    libInnoSecure.so[0xCBBCB000])[62 EA 01 04 ]0x0000479C:	ORN	R4, R2, R1	;(R2=0x4F6D6EDD R1=0x7BAABC14 )
(    libInnoSecure.so[0xCBBCB000])[5C 40       ]0x000047A0:	EORS	R4, R3	;(R4=0xCF7D6FFF R3=0xE2EED647 )
(    libInnoSecure.so[0xCBBCB000])[20 44       ]0x000047A2:	ADD	R0, R4	;(R0=0xD189640A R4=0x2D93B9B8 )
(    libInnoSecure.so[0xCBBCB000])[4D F2 BB 24 ]0x000047A4:	MOVW	R4, #0XD2BB
(    libInnoSecure.so[0xCBBCB000])[C2 F6 D7 24 ]0x000047A8:	MOVT	R4, #0X2AD7	;(R4=0x0000D2BB )
(    libInnoSecure.so[0xCBBCB000])[20 44       ]0x000047AC:	ADD	R0, R4	;(R0=0xFF1D1DC2 R4=0x2AD7D2BB )
(    libInnoSecure.so[0xCBBCB000])[02 EB 70 40 ]0x000047AE:	ADD.W	R0, R2, R0, ROR #17	;(R2=0x4F6D6EDD R0=0x29F4F07D )
(    libInnoSecure.so[0xCBBCB000])[05 44       ]0x000047B2:	ADD	R5, R0	;(R5=0x84B4C263 R0=0xC7AC03D7 )
(    libInnoSecure.so[0xCBBCB000])[60 EA 03 03 ]0x000047B4:	ORN	R3, R0, R3	;(R0=0xC7AC03D7 R3=0xE2EED647 )
(    libInnoSecure.so[0xCBBCB000])[CC F8 08 50 ]0x000047B8:	STR.W	R5, [IP, #8]	;(R5=0x4C60C63A IP=0x100FFEF8 )
(    libInnoSecure.so[0xCBBCB000])[5A 40       ]0x000047BC:	EORS	R2, R3	;(R2=0x4F6D6EDD R3=0xDFBD2BFF )
(    libInnoSecure.so[0xCBBCB000])[10 9B       ]0x000047BE:	LDR	R3, [SP, #0X40]	;(SP=0x100FFD18 )
(    libInnoSecure.so[0xCBBCB000])[30 44       ]0x000047C0:	ADD	R0, R6	;(R0=0xC7AC03D7 R6=0x7FEEACE8 )
(    libInnoSecure.so[0xCBBCB000])[19 44       ]0x000047C2:	ADD	R1, R3	;(R1=0x7BAABC14 R3=0x65366534 )
(    libInnoSecure.so[0xCBBCB000])[11 44       ]0x000047C4:	ADD	R1, R2	;(R1=0xE0E12148 R2=0x90D04522 )
(    libInnoSecure.so[0xCBBCB000])[4D F2 91 32 ]0x000047C6:	MOVW	R2, #0XD391
(    libInnoSecure.so[0xCBBCB000])[CE F6 86 32 ]0x000047CA:	MOVT	R2, #0XEB86	;(R2=0x0000D391 )
(    libInnoSecure.so[0xCBBCB000])[11 44       ]0x000047CE:	ADD	R1, R2	;(R1=0x71B1666A R2=0xEB86D391 )
(    libInnoSecure.so[0xCBBCB000])[00 EB F1 20 ]0x000047D0:	ADD.W	R0, R0, R1, ROR #11	;(R0=0x479AB0BF R1=0x5D3839FB )
(    libInnoSecure.so[0xCBBCB000])[CC F8 04 00 ]0x000047D4:	STR.W	R0, [IP, #4]	;(R0=0x870657C6 IP=0x100FFEF8 )
(    libInnoSecure.so[0xCBBCB000])[07 48       ]0x000047D8:	LDR	R0, [PC, #0X1C]	;(PC=0xCBBCF7D8 )
(    libInnoSecure.so[0xCBBCB000])[52 99       ]0x000047DA:	LDR	R1, [SP, #0X148]	;(SP=0x100FFD18 )
(    libInnoSecure.so[0xCBBCB000])[78 44       ]0x000047DC:	ADD	R0, PC	;(R0=0x000056C0 PC=0xCBBCF7DC )
(    libInnoSecure.so[0xCBBCB000])[00 68       ]0x000047DE:	LDR	R0, [R0]	;(R0=0xCBBD4EA0 )
(    libInnoSecure.so[0xCBBCB000])[00 68       ]0x000047E0:	LDR	R0, [R0]	;(R0=0xCBC29384 )
(    libInnoSecure.so[0xCBBCB000])[40 1A       ]0x000047E2:	SUBS	R0, R0, R1	;(R0=0x00000000 R1=0x00000000 )
(    libInnoSecure.so[0xCBBCB000])[02 BF       ]0x000047E4:	ITTT	EQ
(    libInnoSecure.so[0xCBBCB000])[53 B0       ]0x000047E6:	ADD	SP, #0X14C	;(SP=0x100FFD18 )
(    libInnoSecure.so[0xCBBCB000])[BD E8 00 0F ]0x000047E8:	POP.W	{R8, SB, SL, FP}	;(SP=0x100FFE64 )
(    libInnoSecure.so[0xCBBCB000])[F0 BD       ]0x000047EC:	POP	{R4, R5, R6, R7, PC}	;(SP=0x100FFE74 )
(    libInnoSecure.so[0xCBBCB000])[05 F1 80 00 ]0x0000402E:	ADD.W	R0, R5, #0X80	;(R5=0x00000240 )
(    libInnoSecure.so[0xCBBCB000])[40 35       ]0x00004032:	ADDS	R5, #0X40	;(R5=0x00000240 )
(    libInnoSecure.so[0xCBBCB000])[A0 42       ]0x00004034:	CMP	R0, R4	;(R0=0x000002C0 R4=0x0000043E )
(    libInnoSecure.so[0xCBBCB000])[F5 D9       ]0x00004036:	BLS	#0XCBBCF024
(    libInnoSecure.so[0xCBBCB000])[09 EB 05 01 ]0x00004024:	ADD.W	R1, SB, R5	;(SB=0x30043020 R5=0x00000280 )
(    libInnoSecure.so[0xCBBCB000])[30 46       ]0x00004028:	MOV	R0, R6	;(R6=0x100FFEF8 )
(    libInnoSecure.so[0xCBBCB000])[00 F0 11 F8 ]0x0000402A:	BL	#0XCBBCF050	;(PC=0xCBBCF02A )
(    libInnoSecure.so[0xCBBCB000])[F0 B5       ]0x00004050:	PUSH	{R4, R5, R6, R7, LR}	;(SP=0x100FFE88 R4=0x0000043E R5=0x00000280 R6=0x100FFEF8 R7=0x100FFEA0 LR=0xCBBCF02F )
(    libInnoSecure.so[0xCBBCB000])[03 AF       ]0x00004052:	ADD	R7, SP, #0XC	;(SP=0x100FFE74 )
(    libInnoSecure.so[0xCBBCB000])[2D E9 00 0F ]0x00004054:	PUSH.W	{R8, SB, SL, FP}	;(SP=0x100FFE74 R8=0x100FFEF0 SB=0x30043020 SL=0x100FFF08 FP=0x00000007 )
(    libInnoSecure.so[0xCBBCB000])[D3 B0       ]0x00004058:	SUB	SP, #0X14C	;(SP=0x100FFE64 )
(    libInnoSecure.so[0xCBBCB000])[DF F8 98 27 ]0x0000405A:	LDR.W	R2, [PC, #0X798]	;(PC=0xCBBCF05A )
(    libInnoSecure.so[0xCBBCB000])[12 AC       ]0x0000405E:	ADD	R4, SP, #0X48	;(SP=0x100FFD18 )
(    libInnoSecure.so[0xCBBCB000])[00 25       ]0x00004060:	MOVS	R5, #0
(    libInnoSecure.so[0xCBBCB000])[7A 44       ]0x00004062:	ADD	R2, PC	;(R2=0x00005E3A PC=0xCBBCF062 )
(    libInnoSecure.so[0xCBBCB000])[12 68       ]0x00004064:	LDR	R2, [R2]	;(R2=0xCBBD4EA0 )
(    libInnoSecure.so[0xCBBCB000])[12 68       ]0x00004066:	LDR	R2, [R2]	;(R2=0xCBC29384 )
(    libInnoSecure.so[0xCBBCB000])[52 92       ]0x00004068:	STR	R2, [SP, #0X148]	;(R2=0x00000000 SP=0x100FFD18 )
(    libInnoSecure.so[0xCBBCB000])[D0 E9 00 C2 ]0x0000406A:	LDRD	IP, R2, [R0]	;(R0=0x100FFEF8 )
(    libInnoSecure.so[0xCBBCB000])[D0 F8 08 E0 ]0x0000406E:	LDR.W	LR, [R0, #8]	;(R0=0x100FFEF8 )
(    libInnoSecure.so[0xCBBCB000])[07 90       ]0x00004072:	STR	R0, [SP, #0X1C]	;(R0=0x100FFEF8 SP=0x100FFD18 )
(    libInnoSecure.so[0xCBBCB000])[C0 68       ]0x00004074:	LDR	R0, [R0, #0XC]	;(R0=0x100FFEF8 )
(    libInnoSecure.so[0xCBBCB000])[4E 59       ]0x00004076:	LDR	R6, [R1, R5]	;(R1=0x300432A0 R5=0x00000000 )
(    libInnoSecure.so[0xCBBCB000])[66 51       ]0x00004078:	STR	R6, [R4, R5]	;(R6=0x64643538 R4=0x100FFD60 R5=0x00000000 )
(    libInnoSecure.so[0xCBBCB000])[04 35       ]0x0000407A:	ADDS	R5, #4	;(R5=0x00000000 )
(    libInnoSecure.so[0xCBBCB000])[40 2D       ]0x0000407C:	CMP	R5, #0X40	;(R5=0x00000004 )
(    libInnoSecure.so[0xCBBCB000])[FA D1       ]0x0000407E:	BNE	#0XCBBCF076
(    libInnoSecure.so[0xCBBCB000])[4E 59       ]0x00004076:	LDR	R6, [R1, R5]	;(R1=0x300432A0 R5=0x00000004 )
(    libInnoSecure.so[0xCBBCB000])[66 51       ]0x00004078:	STR	R6, [R4, R5]	;(R6=0x65323136 R4=0x100FFD60 R5=0x00000004 )
(    libInnoSecure.so[0xCBBCB000])[04 35       ]0x0000407A:	ADDS	R5, #4	;(R5=0x00000004 )
(    libInnoSecure.so[0xCBBCB000])[40 2D       ]0x0000407C:	CMP	R5, #0X40	;(R5=0x00000008 )
(    libInnoSecure.so[0xCBBCB000])[FA D1       ]0x0000407E:	BNE	#0XCBBCF076
(    libInnoSecure.so[0xCBBCB000])[4E 59       ]0x00004076:	LDR	R6, [R1, R5]	;(R1=0x300432A0 R5=0x00000008 )
(    libInnoSecure.so[0xCBBCB000])[66 51       ]0x00004078:	STR	R6, [R4, R5]	;(R6=0x32623665 R4=0x100FFD60 R5=0x00000008 )
(    libInnoSecure.so[0xCBBCB000])[04 35       ]0x0000407A:	ADDS	R5, #4	;(R5=0x00000008 )
(    libInnoSecure.so[0xCBBCB000])[40 2D       ]0x0000407C:	CMP	R5, #0X40	;(R5=0x0000000C )
(    libInnoSecure.so[0xCBBCB000])[FA D1       ]0x0000407E:	BNE	#0XCBBCF076
(    libInnoSecure.so[0xCBBCB000])[4E 59       ]0x00004076:	LDR	R6, [R1, R5]	;(R1=0x300432A0 R5=0x0000000C )
(    libInnoSecure.so[0xCBBCB000])[66 51       ]0x00004078:	STR	R6, [R4, R5]	;(R6=0x33666537 R4=0x100FFD60 R5=0x0000000C )
(    libInnoSecure.so[0xCBBCB000])[04 35       ]0x0000407A:	ADDS	R5, #4	;(R5=0x0000000C )
(    libInnoSecure.so[0xCBBCB000])[40 2D       ]0x0000407C:	CMP	R5, #0X40	;(R5=0x00000010 )
(    libInnoSecure.so[0xCBBCB000])[FA D1       ]0x0000407E:	BNE	#0XCBBCF076
(    libInnoSecure.so[0xCBBCB000])[4E 59       ]0x00004076:	LDR	R6, [R1, R5]	;(R1=0x300432A0 R5=0x00000010 )
(    libInnoSecure.so[0xCBBCB000])[66 51       ]0x00004078:	STR	R6, [R4, R5]	;(R6=0x32303538 R4=0x100FFD60 R5=0x00000010 )
(    libInnoSecure.so[0xCBBCB000])[04 35       ]0x0000407A:	ADDS	R5, #4	;(R5=0x00000010 )
(    libInnoSecure.so[0xCBBCB000])[40 2D       ]0x0000407C:	CMP	R5, #0X40	;(R5=0x00000014 )
(    libInnoSecure.so[0xCBBCB000])[FA D1       ]0x0000407E:	BNE	#0XCBBCF076
(    libInnoSecure.so[0xCBBCB000])[4E 59       ]0x00004076:	LDR	R6, [R1, R5]	;(R1=0x300432A0 R5=0x00000014 )
(    libInnoSecure.so[0xCBBCB000])[66 51       ]0x00004078:	STR	R6, [R4, R5]	;(R6=0x38336161 R4=0x100FFD60 R5=0x00000014 )
(    libInnoSecure.so[0xCBBCB000])[04 35       ]0x0000407A:	ADDS	R5, #4	;(R5=0x00000014 )
(    libInnoSecure.so[0xCBBCB000])[40 2D       ]0x0000407C:	CMP	R5, #0X40	;(R5=0x00000018 )
(    libInnoSecure.so[0xCBBCB000])[FA D1       ]0x0000407E:	BNE	#0XCBBCF076
(    libInnoSecure.so[0xCBBCB000])[4E 59       ]0x00004076:	LDR	R6, [R1, R5]	;(R1=0x300432A0 R5=0x00000018 )
(    libInnoSecure.so[0xCBBCB000])[66 51       ]0x00004078:	STR	R6, [R4, R5]	;(R6=0x35353064 R4=0x100FFD60 R5=0x00000018 )
(    libInnoSecure.so[0xCBBCB000])[04 35       ]0x0000407A:	ADDS	R5, #4	;(R5=0x00000018 )
(    libInnoSecure.so[0xCBBCB000])[40 2D       ]0x0000407C:	CMP	R5, #0X40	;(R5=0x0000001C )
(    libInnoSecure.so[0xCBBCB000])[FA D1       ]0x0000407E:	BNE	#0XCBBCF076
(    libInnoSecure.so[0xCBBCB000])[4E 59       ]0x00004076:	LDR	R6, [R1, R5]	;(R1=0x300432A0 R5=0x0000001C )
(    libInnoSecure.so[0xCBBCB000])[66 51       ]0x00004078:	STR	R6, [R4, R5]	;(R6=0x64616464 R4=0x100FFD60 R5=0x0000001C )
(    libInnoSecure.so[0xCBBCB000])[04 35       ]0x0000407A:	ADDS	R5, #4	;(R5=0x0000001C )
(    libInnoSecure.so[0xCBBCB000])[40 2D       ]0x0000407C:	CMP	R5, #0X40	;(R5=0x00000020 )
(    libInnoSecure.so[0xCBBCB000])[FA D1       ]0x0000407E:	BNE	#0XCBBCF076
(    libInnoSecure.so[0xCBBCB000])[4E 59       ]0x00004076:	LDR	R6, [R1, R5]	;(R1=0x300432A0 R5=0x00000020 )
(    libInnoSecure.so[0xCBBCB000])[66 51       ]0x00004078:	STR	R6, [R4, R5]	;(R6=0x37616132 R4=0x100FFD60 R5=0x00000020 )
(    libInnoSecure.so[0xCBBCB000])[04 35       ]0x0000407A:	ADDS	R5, #4	;(R5=0x00000020 )
(    libInnoSecure.so[0xCBBCB000])[40 2D       ]0x0000407C:	CMP	R5, #0X40	;(R5=0x00000024 )
(    libInnoSecure.so[0xCBBCB000])[FA D1       ]0x0000407E:	BNE	#0XCBBCF076
(    libInnoSecure.so[0xCBBCB000])[4E 59       ]0x00004076:	LDR	R6, [R1, R5]	;(R1=0x300432A0 R5=0x00000024 )
(    libInnoSecure.so[0xCBBCB000])[66 51       ]0x00004078:	STR	R6, [R4, R5]	;(R6=0x64323562 R4=0x100FFD60 R5=0x00000024 )
(    libInnoSecure.so[0xCBBCB000])[04 35       ]0x0000407A:	ADDS	R5, #4	;(R5=0x00000024 )
(    libInnoSecure.so[0xCBBCB000])[40 2D       ]0x0000407C:	CMP	R5, #0X40	;(R5=0x00000028 )
(    libInnoSecure.so[0xCBBCB000])[FA D1       ]0x0000407E:	BNE	#0XCBBCF076
(    libInnoSecure.so[0xCBBCB000])[4E 59       ]0x00004076:	LDR	R6, [R1, R5]	;(R1=0x300432A0 R5=0x00000028 )
(    libInnoSecure.so[0xCBBCB000])[66 51       ]0x00004078:	STR	R6, [R4, R5]	;(R6=0x62663931 R4=0x100FFD60 R5=0x00000028 )
(    libInnoSecure.so[0xCBBCB000])[04 35       ]0x0000407A:	ADDS	R5, #4	;(R5=0x00000028 )
(    libInnoSecure.so[0xCBBCB000])[40 2D       ]0x0000407C:	CMP	R5, #0X40	;(R5=0x0000002C )
(    libInnoSecure.so[0xCBBCB000])[FA D1       ]0x0000407E:	BNE	#0XCBBCF076
(    libInnoSecure.so[0xCBBCB000])[4E 59       ]0x00004076:	LDR	R6, [R1, R5]	;(R1=0x300432A0 R5=0x0000002C )
(    libInnoSecure.so[0xCBBCB000])[66 51       ]0x00004078:	STR	R6, [R4, R5]	;(R6=0x61326438 R4=0x100FFD60 R5=0x0000002C )
(    libInnoSecure.so[0xCBBCB000])[04 35       ]0x0000407A:	ADDS	R5, #4	;(R5=0x0000002C )
(    libInnoSecure.so[0xCBBCB000])[40 2D       ]0x0000407C:	CMP	R5, #0X40	;(R5=0x00000030 )
(    libInnoSecure.so[0xCBBCB000])[FA D1       ]0x0000407E:	BNE	#0XCBBCF076
(    libInnoSecure.so[0xCBBCB000])[4E 59       ]0x00004076:	LDR	R6, [R1, R5]	;(R1=0x300432A0 R5=0x00000030 )
(    libInnoSecure.so[0xCBBCB000])[66 51       ]0x00004078:	STR	R6, [R4, R5]	;(R6=0x35626565 R4=0x100FFD60 R5=0x00000030 )
(    libInnoSecure.so[0xCBBCB000])[04 35       ]0x0000407A:	ADDS	R5, #4	;(R5=0x00000030 )
(    libInnoSecure.so[0xCBBCB000])[40 2D       ]0x0000407C:	CMP	R5, #0X40	;(R5=0x00000034 )
(    libInnoSecure.so[0xCBBCB000])[FA D1       ]0x0000407E:	BNE	#0XCBBCF076
(    libInnoSecure.so[0xCBBCB000])[4E 59       ]0x00004076:	LDR	R6, [R1, R5]	;(R1=0x300432A0 R5=0x00000034 )
(    libInnoSecure.so[0xCBBCB000])[66 51       ]0x00004078:	STR	R6, [R4, R5]	;(R6=0x33386139 R4=0x100FFD60 R5=0x00000034 )
(    libInnoSecure.so[0xCBBCB000])[04 35       ]0x0000407A:	ADDS	R5, #4	;(R5=0x00000034 )
(    libInnoSecure.so[0xCBBCB000])[40 2D       ]0x0000407C:	CMP	R5, #0X40	;(R5=0x00000038 )
(    libInnoSecure.so[0xCBBCB000])[FA D1       ]0x0000407E:	BNE	#0XCBBCF076
(    libInnoSecure.so[0xCBBCB000])[4E 59       ]0x00004076:	LDR	R6, [R1, R5]	;(R1=0x300432A0 R5=0x00000038 )
(    libInnoSecure.so[0xCBBCB000])[66 51       ]0x00004078:	STR	R6, [R4, R5]	;(R6=0x31396230 R4=0x100FFD60 R5=0x00000038 )
(    libInnoSecure.so[0xCBBCB000])[04 35       ]0x0000407A:	ADDS	R5, #4	;(R5=0x00000038 )
(    libInnoSecure.so[0xCBBCB000])[40 2D       ]0x0000407C:	CMP	R5, #0X40	;(R5=0x0000003C )
(    libInnoSecure.so[0xCBBCB000])[FA D1       ]0x0000407E:	BNE	#0XCBBCF076
(    libInnoSecure.so[0xCBBCB000])[4E 59       ]0x00004076:	LDR	R6, [R1, R5]	;(R1=0x300432A0 R5=0x0000003C )
(    libInnoSecure.so[0xCBBCB000])[66 51       ]0x00004078:	STR	R6, [R4, R5]	;(R6=0x31343363 R4=0x100FFD60 R5=0x0000003C )
(    libInnoSecure.so[0xCBBCB000])[04 35       ]0x0000407A:	ADDS	R5, #4	;(R5=0x0000003C )
(    libInnoSecure.so[0xCBBCB000])[40 2D       ]0x0000407C:	CMP	R5, #0X40	;(R5=0x00000040 )
(    libInnoSecure.so[0xCBBCB000])[FA D1       ]0x0000407E:	BNE	#0XCBBCF076
(    libInnoSecure.so[0xCBBCB000])[0E EA 02 01 ]0x00004080:	AND.W	R1, LR, R2	;(LR=0x4C60C63A R2=0x870657C6 )
(    libInnoSecure.so[0xCBBCB000])[20 EA 02 06 ]0x00004084:	BIC.W	R6, R0, R2	;(R0=0x2F154E44 R2=0x870657C6 )
(    libInnoSecure.so[0xCBBCB000])[31 43       ]0x00004088:	ORRS	R1, R6	;(R1=0x04004602 R6=0x28110800 )
(    libInnoSecure.so[0xCBBCB000])[12 9D       ]0x0000408A:	LDR	R5, [SP, #0X48]	;(SP=0x100FFD18 )
(    libInnoSecure.so[0xCBBCB000])[61 44       ]0x0000408C:	ADD	R1, IP	;(R1=0x2C114E02 IP=0x0F7C7A75 )
(    libInnoSecure.so[0xCBBCB000])[4A F2 78 46 ]0x0000408E:	MOVW	R6, #0XA478
(    libInnoSecure.so[0xCBBCB000])[29 44       ]0x00004092:	ADD	R1, R5	;(R1=0x3B8DC877 R5=0x64643538 )
(    libInnoSecure.so[0xCBBCB000])[CD F2 6A 76 ]0x00004094:	MOVT	R6, #0XD76A	;(R6=0x0000A478 )
(    libInnoSecure.so[0xCBBCB000])[31 44       ]0x00004098:	ADD	R1, R6	;(R1=0x9FF1FDAF R6=0xD76AA478 )
(    libInnoSecure.so[0xCBBCB000])[13 9B       ]0x0000409A:	LDR	R3, [SP, #0X4C]	;(SP=0x100FFD18 )
(    libInnoSecure.so[0xCBBCB000])[0E 95       ]0x0000409C:	STR	R5, [SP, #0X38]	;(R5=0x64643538 SP=0x100FFD18 )
(    libInnoSecure.so[0xCBBCB000])[02 EB 71 66 ]0x0000409E:	ADD.W	R6, R2, R1, ROR #25	;(R2=0x870657C6 R1=0x775CA227 )
(    libInnoSecure.so[0xCBBCB000])[18 44       ]0x000040A2:	ADD	R0, R3	;(R0=0x2F154E44 R3=0x65323136 )
(    libInnoSecure.so[0xCBBCB000])[2E EA 06 01 ]0x000040A4:	BIC.W	R1, LR, R6	;(LR=0x4C60C63A R6=0x35576B81 )
(    libInnoSecure.so[0xCBBCB000])[06 EA 02 05 ]0x000040A8:	AND.W	R5, R6, R2	;(R6=0x35576B81 R2=0x870657C6 )
(    libInnoSecure.so[0xCBBCB000])[29 43       ]0x000040AC:	ORRS	R1, R5	;(R1=0x4820843A R5=0x05064380 )
(    libInnoSecure.so[0xCBBCB000])[14 9C       ]0x000040AE:	LDR	R4, [SP, #0X50]	;(SP=0x100FFD18 )
(    libInnoSecure.so[0xCBBCB000])[08 44       ]0x000040B0:	ADD	R0, R1	;(R0=0x94477F7A R1=0x4D26C7BA )
(    libInnoSecure.so[0xCBBCB000])[4B F2 56 71 ]0x000040B2:	MOVW	R1, #0XB756
(    libInnoSecure.so[0xCBBCB000])[CE F6 C7 01 ]0x000040B6:	MOVT	R1, #0XE8C7	;(R1=0x0000B756 )
(    libInnoSecure.so[0xCBBCB000])[08 44       ]0x000040BA:	ADD	R0, R1	;(R0=0xE16E4734 R1=0xE8C7B756 )
(    libInnoSecure.so[0xCBBCB000])[DD F8 54 C0 ]0x000040BC:	LDR.W	IP, [SP, #0X54]	;(SP=0x100FFD18 )
(    libInnoSecure.so[0xCBBCB000])[06 EB 30 55 ]0x000040C0:	ADD.W	R5, R6, R0, ROR #20	;(R6=0x35576B81 R0=0xCA35FE8A )
(    libInnoSecure.so[0xCBBCB000])[11 93       ]0x000040C4:	STR	R3, [SP, #0X44]	;(R3=0x65323136 SP=0x100FFD18 )
(    libInnoSecure.so[0xCBBCB000])[22 EA 05 00 ]0x000040C6:	BIC.W	R0, R2, R5	;(R2=0x870657C6 R5=0x95401824 )
(    libInnoSecure.so[0xCBBCB000])[05 EA 06 01 ]0x000040CA:	AND.W	R1, R5, R6	;(R5=0x95401824 R6=0x35576B81 )
(    libInnoSecure.so[0xCBBCB000])[08 43       ]0x000040CE:	ORRS	R0, R1	;(R0=0x020647C2 R1=0x15400800 )
(    libInnoSecure.so[0xCBBCB000])[0E EB 04 01 ]0x000040D0:	ADD.W	R1, LR, R4	;(LR=0x4C60C63A R4=0x32623665 )
(    libInnoSecure.so[0xCBBCB000])[08 44       ]0x000040D4:	ADD	R0, R1	;(R0=0x17464FC2 R1=0x7EC2FC9F )
(    libInnoSecure.so[0xCBBCB000])[47 F2 DB 01 ]0x000040D6:	MOVW	R1, #0X70DB
(    libInnoSecure.so[0xCBBCB000])[C2 F2 20 41 ]0x000040DA:	MOVT	R1, #0X2420	;(R1=0x000070DB )
(    libInnoSecure.so[0xCBBCB000])[08 44       ]0x000040DE:	ADD	R0, R1	;(R0=0x96094C61 R1=0x242070DB )
(    libInnoSecure.so[0xCBBCB000])[62 44       ]0x000040E0:	ADD	R2, IP	;(R2=0x870657C6 IP=0x33666537 )
(    libInnoSecure.so[0xCBBCB000])[CD F8 3C C0 ]0x000040E2:	STR.W	IP, [SP, #0X3C]	;(IP=0x33666537 SP=0x100FFD18 )
(    libInnoSecure.so[0xCBBCB000])[05 EB F0 30 ]0x000040E6:	ADD.W	R0, R5, R0, ROR #15	;(R5=0x95401824 R0=0xBA29BD3C )
(    libInnoSecure.so[0xCBBCB000])[DD F8 60 C0 ]0x000040EA:	LDR.W	IP, [SP, #0X60]	;(SP=0x100FFD18 )
(    libInnoSecure.so[0xCBBCB000])[26 EA 00 01 ]0x000040EE:	BIC.W	R1, R6, R0	;(R6=0x35576B81 R0=0x0FB98C77 )
(    libInnoSecure.so[0xCBBCB000])[00 EA 05 03 ]0x000040F2:	AND.W	R3, R0, R5	;(R0=0x0FB98C77 R5=0x95401824 )
(    libInnoSecure.so[0xCBBCB000])[19 43       ]0x000040F6:	ORRS	R1, R3	;(R1=0x30466380 R3=0x05000824 )
(    libInnoSecure.so[0xCBBCB000])[0C 94       ]0x000040F8:	STR	R4, [SP, #0X30]	;(R4=0x32623665 SP=0x100FFD18 )
(    libInnoSecure.so[0xCBBCB000])[11 44       ]0x000040FA:	ADD	R1, R2	;(R1=0x35466BA4 R2=0xBA6CBCFD )
(    libInnoSecure.so[0xCBBCB000])[4C F6 EE 62 ]0x000040FC:	MOVW	R2, #0XCEEE
(    libInnoSecure.so[0xCBBCB000])[CC F2 BD 12 ]0x00004100:	MOVT	R2, #0XC1BD	;(R2=0x0000CEEE )
(    libInnoSecure.so[0xCBBCB000])[11 44       ]0x00004104:	ADD	R1, R2	;(R1=0xEFB328A1 R2=0xC1BDCEEE )
(    libInnoSecure.so[0xCBBCB000])[DD F8 74 90 ]0x00004106:	LDR.W	SB, [SP, #0X74]	;(SP=0x100FFD18 )
(    libInnoSecure.so[0xCBBCB000])[00 EB B1 21 ]0x0000410A:	ADD.W	R1, R0, R1, ROR #10	;(R0=0x0FB98C77 R1=0xB170F78F )
(    libInnoSecure.so[0xCBBCB000])[CD F8 18 C0 ]0x0000410E:	STR.W	IP, [SP, #0X18]	;(IP=0x35353064 SP=0x100FFD18 )
(    libInnoSecure.so[0xCBBCB000])[25 EA 01 02 ]0x00004112:	BIC.W	R2, R5, R1	;(R5=0x95401824 R1=0xF3A5E8B4 )
(    libInnoSecure.so[0xCBBCB000])[01 EA 00 03 ]0x00004116:	AND.W	R3, R1, R0	;(R1=0xF3A5E8B4 R0=0x0FB98C77 )
(    libInnoSecure.so[0xCBBCB000])[1A 43       ]0x0000411A:	ORRS	R2, R3	;(R2=0x04401000 R3=0x03A18834 )
(    libInnoSecure.so[0xCBBCB000])[16 9B       ]0x0000411C:	LDR	R3, [SP, #0X58]	;(SP=0x100FFD18 )
(    libInnoSecure.so[0xCBBCB000])[0B 93       ]0x0000411E:	STR	R3, [SP, #0X2C]	;(R3=0x32303538 SP=0x100FFD18 )
(    libInnoSecure.so[0xCBBCB000])[33 44       ]0x00004120:	ADD	R3, R6	;(R3=0x32303538 R6=0x35576B81 )
(    libInnoSecure.so[0xCBBCB000])[1A 44       ]0x00004122:	ADD	R2, R3	;(R2=0x07E19834 R3=0x6787A0B9 )
(    libInnoSecure.so[0xCBBCB000])[40 F6 AF 73 ]0x00004124:	MOVW	R3, #0XFAF
(    libInnoSecure.so[0xCBBCB000])[CF F2 7C 53 ]0x00004128:	MOVT	R3, #0XF57C	;(R3=0x00000FAF )
(    libInnoSecure.so[0xCBBCB000])[1A 44       ]0x0000412C:	ADD	R2, R3	;(R2=0x6F6938ED R3=0xF57C0FAF )
(    libInnoSecure.so[0xCBBCB000])[01 EB 72 62 ]0x0000412E:	ADD.W	R2, R1, R2, ROR #25	;(R1=0xF3A5E8B4 R2=0x64E5489C )
(    libInnoSecure.so[0xCBBCB000])[20 EA 02 03 ]0x00004132:	BIC.W	R3, R0, R2	;(R0=0x0FB98C77 R2=0x664A36E6 )
(    libInnoSecure.so[0xCBBCB000])[02 EA 01 06 ]0x00004136:	AND.W	R6, R2, R1	;(R2=0x664A36E6 R1=0xF3A5E8B4 )
(    libInnoSecure.so[0xCBBCB000])[33 43       ]0x0000413A:	ORRS	R3, R6	;(R3=0x09B18811 R6=0x620020A4 )
(    libInnoSecure.so[0xCBBCB000])[17 9E       ]0x0000413C:	LDR	R6, [SP, #0X5C]	;(SP=0x100FFD18 )
(    libInnoSecure.so[0xCBBCB000])[60 44       ]0x0000413E:	ADD	R0, IP	;(R0=0x0FB98C77 IP=0x35353064 )
(    libInnoSecure.so[0xCBBCB000])[09 96       ]0x00004140:	STR	R6, [SP, #0X24]	;(R6=0x38336161 SP=0x100FFD18 )
(    libInnoSecure.so[0xCBBCB000])[35 44       ]0x00004142:	ADD	R5, R6	;(R5=0x95401824 R6=0x38336161 )
(    libInnoSecure.so[0xCBBCB000])[1C 9E       ]0x00004144:	LDR	R6, [SP, #0X70]	;(SP=0x100FFD18 )
(    libInnoSecure.so[0xCBBCB000])[2B 44       ]0x00004146:	ADD	R3, R5	;(R3=0x6BB1A8B5 R5=0xCD737985 )
(    libInnoSecure.so[0xCBBCB000])[4C F2 2A 65 ]0x00004148:	MOVW	R5, #0XC62A
(    libInnoSecure.so[0xCBBCB000])[C4 F2 87 75 ]0x0000414C:	MOVT	R5, #0X4787	;(R5=0x0000C62A )
(    libInnoSecure.so[0xCBBCB000])[2B 44       ]0x00004150:	ADD	R3, R5	;(R3=0x3925223A R5=0x4787C62A )
(    libInnoSecure.so[0xCBBCB000])[B0 46       ]0x00004152:	MOV	R8, R6	;(R6=0x62663931 )
(    libInnoSecure.so[0xCBBCB000])[02 EB 33 53 ]0x00004154:	ADD.W	R3, R2, R3, ROR #20	;(R2=0x664A36E6 R3=0x80ACE864 )
(    libInnoSecure.so[0xCBBCB000])[CD F8 08 80 ]0x00004158:	STR.W	R8, [SP, #8]	;(R8=0x62663931 SP=0x100FFD18 )
(    libInnoSecure.so[0xCBBCB000])[21 EA 03 05 ]0x0000415C:	BIC.W	R5, R1, R3	;(R1=0xF3A5E8B4 R3=0x34D07EF0 )
(    libInnoSecure.so[0xCBBCB000])[03 EA 02 04 ]0x00004160:	AND.W	R4, R3, R2	;(R3=0x34D07EF0 R2=0x664A36E6 )
(    libInnoSecure.so[0xCBBCB000])[25 43       ]0x00004164:	ORRS	R5, R4	;(R5=0xC3258004 R4=0x244036E0 )
(    libInnoSecure.so[0xCBBCB000])[19 9C       ]0x00004166:	LDR	R4, [SP, #0X64]	;(SP=0x100FFD18 )
(    libInnoSecure.so[0xCBBCB000])[28 44       ]0x00004168:	ADD	R0, R5	;(R0=0x44EEBCDB R5=0xE765B6E4 )
(    libInnoSecure.so[0xCBBCB000])[44 F2 13 65 ]0x0000416A:	MOVW	R5, #0X4613
(    libInnoSecure.so[0xCBBCB000])[CA F6 30 05 ]0x0000416E:	MOVT	R5, #0XA830	;(R5=0x00004613 )
(    libInnoSecure.so[0xCBBCB000])[28 44       ]0x00004172:	ADD	R0, R5	;(R0=0x2C5473BF R5=0xA8304613 )
(    libInnoSecure.so[0xCBBCB000])[21 44       ]0x00004174:	ADD	R1, R4	;(R1=0xF3A5E8B4 R4=0x64616464 )
(    libInnoSecure.so[0xCBBCB000])[04 94       ]0x00004176:	STR	R4, [SP, #0X10]	;(R4=0x64616464 SP=0x100FFD18 )
(    libInnoSecure.so[0xCBBCB000])[03 EB F0 3E ]0x00004178:	ADD.W	LR, R3, R0, ROR #15	;(R3=0x34D07EF0 R0=0xD484B9D2 )
(    libInnoSecure.so[0xCBBCB000])[22 EA 0E 00 ]0x0000417C:	BIC.W	R0, R2, LR	;(R2=0x664A36E6 LR=0xA87627F9 )
(    libInnoSecure.so[0xCBBCB000])[0E EA 03 05 ]0x00004180:	AND.W	R5, LR, R3	;(LR=0xA87627F9 R3=0x34D07EF0 )
(    libInnoSecure.so[0xCBBCB000])[28 43       ]0x00004184:	ORRS	R0, R5	;(R0=0x46081006 R5=0x205026F0 )
(    libInnoSecure.so[0xCBBCB000])[06 EB 0E 05 ]0x00004186:	ADD.W	R5, R6, LR	;(R6=0x62663931 LR=0xA87627F9 )
(    libInnoSecure.so[0xCBBCB000])[08 44       ]0x0000418A:	ADD	R0, R1	;(R0=0x665836F6 R1=0x58074D18 )
(    libInnoSecure.so[0xCBBCB000])[49 F2 01 51 ]0x0000418C:	MOVW	R1, #0X9501
(    libInnoSecure.so[0xCBBCB000])[CF F6 46 51 ]0x00004190:	MOVT	R1, #0XFD46	;(R1=0x00009501 )
(    libInnoSecure.so[0xCBBCB000])[08 44       ]0x00004194:	ADD	R0, R1	;(R0=0xBE5F840E R1=0xFD469501 )
(    libInnoSecure.so[0xCBBCB000])[0E EB B0 21 ]0x00004196:	ADD.W	R1, LR, R0, ROR #10	;(LR=0xA87627F9 R0=0xBBA6190F )
(    libInnoSecure.so[0xCBBCB000])[23 EA 01 00 ]0x0000419A:	BIC.W	R0, R3, R1	;(R3=0x34D07EF0 R1=0xEC65117F )
(    libInnoSecure.so[0xCBBCB000])[01 EA 0E 04 ]0x0000419E:	AND.W	R4, R1, LR	;(R1=0xEC65117F LR=0xA87627F9 )
(    libInnoSecure.so[0xCBBCB000])[20 43       ]0x000041A2:	ORRS	R0, R4	;(R0=0x10906E80 R4=0xA8640179 )
(    libInnoSecure.so[0xCBBCB000])[1A 9C       ]0x000041A4:	LDR	R4, [SP, #0X68]	;(SP=0x100FFD18 )
(    libInnoSecure.so[0xCBBCB000])[0A 94       ]0x000041A6:	STR	R4, [SP, #0X28]	;(R4=0x37616132 SP=0x100FFD18 )
(    libInnoSecure.so[0xCBBCB000])[22 44       ]0x000041A8:	ADD	R2, R4	;(R2=0x664A36E6 R4=0x37616132 )
(    libInnoSecure.so[0xCBBCB000])[10 44       ]0x000041AA:	ADD	R0, R2	;(R0=0xB8F46FF9 R2=0x9DAB9818 )
(    libInnoSecure.so[0xCBBCB000])[49 F6 D8 02 ]0x000041AC:	MOVW	R2, #0X98D8
(    libInnoSecure.so[0xCBBCB000])[C6 F6 80 12 ]0x000041B0:	MOVT	R2, #0X6980	;(R2=0x000098D8 )
(    libInnoSecure.so[0xCBBCB000])[10 44       ]0x000041B4:	ADD	R0, R2	;(R0=0x56A00811 R2=0x698098D8 )
(    libInnoSecure.so[0xCBBCB000])[01 EB 70 60 ]0x000041B6:	ADD.W	R0, R1, R0, ROR #25	;(R1=0xEC65117F R0=0xC020A0E9 )
(    libInnoSecure.so[0xCBBCB000])[2E EA 00 02 ]0x000041BA:	BIC.W	R2, LR, R0	;(LR=0xA87627F9 R0=0xFCB5865F )
(    libInnoSecure.so[0xCBBCB000])[00 EA 01 04 ]0x000041BE:	AND.W	R4, R0, R1	;(R0=0xFCB5865F R1=0xEC65117F )
(    libInnoSecure.so[0xCBBCB000])[22 43       ]0x000041C2:	ORRS	R2, R4	;(R2=0x004221A0 R4=0xEC25005F )
(    libInnoSecure.so[0xCBBCB000])[1B 9C       ]0x000041C4:	LDR	R4, [SP, #0X6C]	;(SP=0x100FFD18 )
(    libInnoSecure.so[0xCBBCB000])[10 94       ]0x000041C6:	STR	R4, [SP, #0X40]	;(R4=0x64323562 SP=0x100FFD18 )
(    libInnoSecure.so[0xCBBCB000])[23 44       ]0x000041C8:	ADD	R3, R4	;(R3=0x34D07EF0 R4=0x64323562 )
(    libInnoSecure.so[0xCBBCB000])[1A 44       ]0x000041CA:	ADD	R2, R3	;(R2=0xEC6721FF R3=0x9902B452 )
(    libInnoSecure.so[0xCBBCB000])[4F F2 AF 73 ]0x000041CC:	MOVW	R3, #0XF7AF
(    libInnoSecure.so[0xCBBCB000])[C8 F6 44 33 ]0x000041D0:	MOVT	R3, #0X8B44	;(R3=0x0000F7AF )
(    libInnoSecure.so[0xCBBCB000])[1A 44       ]0x000041D4:	ADD	R2, R3	;(R2=0x8569D651 R3=0x8B44F7AF )
(    libInnoSecure.so[0xCBBCB000])[00 EB 32 53 ]0x000041D6:	ADD.W	R3, R0, R2, ROR #20	;(R0=0xFCB5865F R2=0x10AECE00 )
(    libInnoSecure.so[0xCBBCB000])[21 EA 03 02 ]0x000041DA:	BIC.W	R2, R1, R3	;(R1=0xEC65117F R3=0xE9958769 )
(    libInnoSecure.so[0xCBBCB000])[03 EA 00 04 ]0x000041DE:	AND.W	R4, R3, R0	;(R3=0xE9958769 R0=0xFCB5865F )
(    libInnoSecure.so[0xCBBCB000])[22 43       ]0x000041E2:	ORRS	R2, R4	;(R2=0x04601016 R4=0xE8958649 )
(    libInnoSecure.so[0xCBBCB000])[49 44       ]0x000041E4:	ADD	R1, SB	;(R1=0xEC65117F SB=0x61326438 )
(    libInnoSecure.so[0xCBBCB000])[2A 44       ]0x000041E6:	ADD	R2, R5	;(R2=0xECF5965F R5=0x0ADC612A )
(    libInnoSecure.so[0xCBBCB000])[4A F2 4F 45 ]0x000041E8:	MOVW	R5, #0XA44F
(    libInnoSecure.so[0xCBBCB000])[52 1B       ]0x000041EC:	SUBS	R2, R2, R5	;(R2=0xF7D1F789 R5=0x0000A44F )
(    libInnoSecure.so[0xCBBCB000])[03 EB F2 3E ]0x000041EE:	ADD.W	LR, R3, R2, ROR #15	;(R3=0xE9958769 R2=0xF7D1533A )
(    libInnoSecure.so[0xCBBCB000])[20 EA 0E 02 ]0x000041F2:	BIC.W	R2, R0, LR	;(R0=0xFCB5865F LR=0x900B770B )
(    libInnoSecure.so[0xCBBCB000])[0E EA 03 05 ]0x000041F6:	AND.W	R5, LR, R3	;(LR=0x900B770B R3=0xE9958769 )
(    libInnoSecure.so[0xCBBCB000])[2A 43       ]0x000041FA:	ORRS	R2, R5	;(R2=0x6CB48054 R5=0x80010709 )
(    libInnoSecure.so[0xCBBCB000])[11 44       ]0x000041FC:	ADD	R1, R2	;(R1=0x4D9775B7 R2=0xECB5875D )
(    libInnoSecure.so[0xCBBCB000])[4D F2 BE 72 ]0x000041FE:	MOVW	R2, #0XD7BE
(    libInnoSecure.so[0xCBBCB000])[C8 F6 5C 12 ]0x00004202:	MOVT	R2, #0X895C	;(R2=0x0000D7BE )
(    libInnoSecure.so[0xCBBCB000])[11 44       ]0x00004206:	ADD	R1, R2	;(R1=0x3A4CFD14 R2=0x895CD7BE )
(    libInnoSecure.so[0xCBBCB000])[0E EB B1 21 ]0x00004208:	ADD.W	R1, LR, R1, ROR #10	;(LR=0x900B770B R1=0xC3A9D4D2 )
(    libInnoSecure.so[0xCBBCB000])[23 EA 01 02 ]0x0000420C:	BIC.W	R2, R3, R1	;(R3=0xE9958769 R1=0xC4BC6180 )
(    libInnoSecure.so[0xCBBCB000])[01 EA 0E 05 ]0x00004210:	AND.W	R5, R1, LR	;(R1=0xC4BC6180 LR=0x900B770B )
(    libInnoSecure.so[0xCBBCB000])[15 43       ]0x00004214:	ORRS	R5, R2	;(R5=0x80086100 R2=0x29018669 )
(    libInnoSecure.so[0xCBBCB000])[1E 9A       ]0x00004216:	LDR	R2, [SP, #0X78]	;(SP=0x100FFD18 )
(    libInnoSecure.so[0xCBBCB000])[0D 92       ]0x00004218:	STR	R2, [SP, #0X34]	;(R2=0x35626565 SP=0x100FFD18 )
(    libInnoSecure.so[0xCBBCB000])[10 44       ]0x0000421A:	ADD	R0, R2	;(R0=0xFCB5865F R2=0x35626565 )
(    libInnoSecure.so[0xCBBCB000])[1F 9A       ]0x0000421C:	LDR	R2, [SP, #0X7C]	;(SP=0x100FFD18 )
(    libInnoSecure.so[0xCBBCB000])[28 44       ]0x0000421E:	ADD	R0, R5	;(R0=0x3217EBC4 R5=0xA909E769 )
(    libInnoSecure.so[0xCBBCB000])[41 F2 22 15 ]0x00004220:	MOVW	R5, #0X1122
(    libInnoSecure.so[0xCBBCB000])[C6 F6 90 35 ]0x00004224:	MOVT	R5, #0X6B90	;(R5=0x00001122 )
(    libInnoSecure.so[0xCBBCB000])[28 44       ]0x00004228:	ADD	R0, R5	;(R0=0xDB21D32D R5=0x6B901122 )
(    libInnoSecure.so[0xCBBCB000])[13 44       ]0x0000422A:	ADD	R3, R2	;(R3=0xE9958769 R2=0x33386139 )
(    libInnoSecure.so[0xCBBCB000])[08 92       ]0x0000422C:	STR	R2, [SP, #0X20]	;(R2=0x33386139 SP=0x100FFD18 )
(    libInnoSecure.so[0xCBBCB000])[01 EB 70 60 ]0x0000422E:	ADD.W	R0, R1, R0, ROR #25	;(R1=0xC4BC6180 R0=0x46B1E44F )
(    libInnoSecure.so[0xCBBCB000])[20 9A       ]0x00004232:	LDR	R2, [SP, #0X80]	;(SP=0x100FFD18 )
(    libInnoSecure.so[0xCBBCB000])[2E EA 00 05 ]0x00004234:	BIC.W	R5, LR, R0	;(LR=0x900B770B R0=0x1DAE8923 )
(    libInnoSecure.so[0xCBBCB000])[00 EA 01 06 ]0x00004238:	AND.W	R6, R0, R1	;(R0=0x1DAE8923 R1=0xC4BC6180 )
(    libInnoSecure.so[0xCBBCB000])[2E 43       ]0x0000423C:	ORRS	R6, R5	;(R6=0x04AC0100 R5=0x80017608 )
(    libInnoSecure.so[0xCBBCB000])[02 EB 0E 05 ]0x0000423E:	ADD.W	R5, R2, LR	;(R2=0x31396230 LR=0x900B770B )
(    libInnoSecure.so[0xCBBCB000])[33 44       ]0x00004242:	ADD	R3, R6	;(R3=0x1CCDE8A2 R6=0x84AD7708 )
(    libInnoSecure.so[0xCBBCB000])[47 F2 93 16 ]0x00004244:	MOVW	R6, #0X7193
(    libInnoSecure.so[0xCBBCB000])[CF F6 98 56 ]0x00004248:	MOVT	R6, #0XFD98	;(R6=0x00007193 )
(    libInnoSecure.so[0xCBBCB000])[33 44       ]0x0000424C:	ADD	R3, R6	;(R3=0xA17B5FAA R6=0xFD987193 )
(    libInnoSecure.so[0xCBBCB000])[96 46       ]0x0000424E:	MOV	LR, R2	;(R2=0x31396230 )
(    libInnoSecure.so[0xCBBCB000])[21 9A       ]0x00004250:	LDR	R2, [SP, #0X84]	;(SP=0x100FFD18 )
(    libInnoSecure.so[0xCBBCB000])[00 EB 33 5A ]0x00004252:	ADD.W	SL, R0, R3, ROR #20	;(R0=0x1DAE8923 R3=0x9F13D13D )
(    libInnoSecure.so[0xCBBCB000])[21 EA 0A 03 ]0x00004256:	BIC.W	R3, R1, SL	;(R1=0xC4BC6180 SL=0x5AC26314 )
(    libInnoSecure.so[0xCBBCB000])[0A EA 00 06 ]0x0000425A:	AND.W	R6, SL, R0	;(SL=0x5AC26314 R0=0x1DAE8923 )
(    libInnoSecure.so[0xCBBCB000])[1E 43       ]0x0000425E:	ORRS	R6, R3	;(R6=0x18820100 R3=0x843C0080 )
(    libInnoSecure.so[0xCBBCB000])[11 44       ]0x00004260:	ADD	R1, R2	;(R1=0xC4BC6180 R2=0x31343363 )
(    libInnoSecure.so[0xCBBCB000])[2E 44       ]0x00004262:	ADD	R6, R5	;(R6=0x9CBE0180 R5=0xC144D93B )
(    libInnoSecure.so[0xCBBCB000])[44 F2 8E 35 ]0x00004264:	MOVW	R5, #0X438E
(    libInnoSecure.so[0xCBBCB000])[CA F2 79 65 ]0x00004268:	MOVT	R5, #0XA679	;(R5=0x0000438E )
(    libInnoSecure.so[0xCBBCB000])[2E 44       ]0x0000426C:	ADD	R6, R5	;(R6=0x5E02DABB R5=0xA679438E )
(    libInnoSecure.so[0xCBBCB000])[13 46       ]0x0000426E:	MOV	R3, R2	;(R2=0x31343363 )
(    libInnoSecure.so[0xCBBCB000])[11 9A       ]0x00004270:	LDR	R2, [SP, #0X44]	;(SP=0x100FFD18 )
(    libInnoSecure.so[0xCBBCB000])[0A EB F6 3B ]0x00004272:	ADD.W	FP, SL, R6, ROR #15	;(SL=0x5AC26314 R6=0x047C1E49 )
(    libInnoSecure.so[0xCBBCB000])[03 93       ]0x00004276:	STR	R3, [SP, #0XC]	;(R3=0x31343363 SP=0x100FFD18 )
(    libInnoSecure.so[0xCBBCB000])[20 EA 0B 06 ]0x00004278:	BIC.W	R6, R0, FP	;(R0=0x1DAE8923 FP=0x97546C0C )
(    libInnoSecure.so[0xCBBCB000])[0B EA 0A 05 ]0x0000427C:	AND.W	R5, FP, SL	;(FP=0x97546C0C SL=0x5AC26314 )
(    libInnoSecure.so[0xCBBCB000])[35 43       ]0x00004280:	ORRS	R5, R6	;(R5=0x12406004 R6=0x08AA8123 )
(    libInnoSecure.so[0xCBBCB000])[2B EA 0A 06 ]0x00004282:	BIC.W	R6, FP, SL	;(FP=0x97546C0C SL=0x5AC26314 )
(    libInnoSecure.so[0xCBBCB000])[29 44       ]0x00004286:	ADD	R1, R5	;(R1=0xF5F094E3 R5=0x1AEAE127 )
(    libInnoSecure.so[0xCBBCB000])[40 F6 21 05 ]0x00004288:	MOVW	R5, #0X821
(    libInnoSecure.so[0xCBBCB000])[C4 F6 B4 15 ]0x0000428C:	MOVT	R5, #0X49B4	;(R5=0x00000821 )
(    libInnoSecure.so[0xCBBCB000])[29 44       ]0x00004290:	ADD	R1, R5	;(R1=0x10DB760A R5=0x49B40821 )
(    libInnoSecure.so[0xCBBCB000])[10 44       ]0x00004292:	ADD	R0, R2	;(R0=0x1DAE8923 R2=0x65323136 )
(    libInnoSecure.so[0xCBBCB000])[0B EB B1 21 ]0x00004294:	ADD.W	R1, FP, R1, ROR #10	;(FP=0x97546C0C R1=0x5A8F7E2B )
(    libInnoSecure.so[0xCBBCB000])[01 EA 0A 05 ]0x00004298:	AND.W	R5, R1, SL	;(R1=0x222B0FEB SL=0x5AC26314 )
(    libInnoSecure.so[0xCBBCB000])[35 43       ]0x0000429C:	ORRS	R5, R6	;(R5=0x02020300 R6=0x85140C08 )
(    libInnoSecure.so[0xCBBCB000])[21 EA 0B 06 ]0x0000429E:	BIC.W	R6, R1, FP	;(R1=0x222B0FEB FP=0x97546C0C )
(    libInnoSecure.so[0xCBBCB000])[28 44       ]0x000042A2:	ADD	R0, R5	;(R0=0x82E0BA59 R5=0x87160F08 )
(    libInnoSecure.so[0xCBBCB000])[42 F2 62 55 ]0x000042A4:	MOVW	R5, #0X2562
(    libInnoSecure.so[0xCBBCB000])[CF F2 1E 65 ]0x000042A8:	MOVT	R5, #0XF61E	;(R5=0x00002562 )
(    libInnoSecure.so[0xCBBCB000])[28 44       ]0x000042AC:	ADD	R0, R5	;(R0=0x09F6C961 R5=0xF61E2562 )
(    libInnoSecure.so[0xCBBCB000])[01 EB F0 60 ]0x000042AE:	ADD.W	R0, R1, R0, ROR #27	;(R1=0x222B0FEB R0=0x0014EEC3 )
(    libInnoSecure.so[0xCBBCB000])[00 EA 0B 05 ]0x000042B2:	AND.W	R5, R0, FP	;(R0=0x24C8E84B FP=0x97546C0C )
(    libInnoSecure.so[0xCBBCB000])[20 EA 01 04 ]0x000042B6:	BIC.W	R4, R0, R1	;(R0=0x24C8E84B R1=0x222B0FEB )
(    libInnoSecure.so[0xCBBCB000])[35 43       ]0x000042BA:	ORRS	R5, R6	;(R5=0x04406808 R6=0x202B03E3 )
(    libInnoSecure.so[0xCBBCB000])[0C EB 0A 06 ]0x000042BC:	ADD.W	R6, IP, SL	;(IP=0x35353064 SL=0x5AC26314 )
(    libInnoSecure.so[0xCBBCB000])[35 44       ]0x000042C0:	ADD	R5, R6	;(R5=0x246B6BEB R6=0x8FF79378 )
(    libInnoSecure.so[0xCBBCB000])[4B F2 40 36 ]0x000042C2:	MOVW	R6, #0XB340
(    libInnoSecure.so[0xCBBCB000])[CC F2 40 06 ]0x000042C6:	MOVT	R6, #0XC040	;(R6=0x0000B340 )
(    libInnoSecure.so[0xCBBCB000])[35 44       ]0x000042CA:	ADD	R5, R6	;(R5=0xB462FF63 R6=0xC040B340 )
(    libInnoSecure.so[0xCBBCB000])[CA 46       ]0x000042CC:	MOV	SL, SB	;(SB=0x61326438 )
(    libInnoSecure.so[0xCBBCB000])[DD F8 24 90 ]0x000042CE:	LDR.W	SB, [SP, #0X24]	;(SP=0x100FFD18 )
(    libInnoSecure.so[0xCBBCB000])[00 EB F5 55 ]0x000042D2:	ADD.W	R5, R0, R5, ROR #23	;(R0=0x24C8E84B R5=0x74A3B2A3 )
(    libInnoSecure.so[0xCBBCB000])[F4 46       ]0x000042D6:	MOV	IP, LR	;(LR=0x31396230 )
(    libInnoSecure.so[0xCBBCB000])[05 EA 01 06 ]0x000042D8:	AND.W	R6, R5, R1	;(R5=0x6C2E2F34 R1=0x222B0FEB )
(    libInnoSecure.so[0xCBBCB000])[25 EA 00 02 ]0x000042DC:	BIC.W	R2, R5, R0	;(R5=0x6C2E2F34 R0=0x24C8E84B )
(    libInnoSecure.so[0xCBBCB000])[34 43       ]0x000042E0:	ORRS	R4, R6	;(R4=0x04C0E000 R6=0x202A0F20 )
(    libInnoSecure.so[0xCBBCB000])[0A EB 0B 06 ]0x000042E2:	ADD.W	R6, SL, FP	;(SL=0x61326438 FP=0x97546C0C )
(    libInnoSecure.so[0xCBBCB000])[34 44       ]0x000042E6:	ADD	R4, R6	;(R4=0x24EAEF20 R6=0xF886D044 )
(    libInnoSecure.so[0xCBBCB000])[45 F6 51 26 ]0x000042E8:	MOVW	R6, #0X5A51
(    libInnoSecure.so[0xCBBCB000])[C2 F2 5E 66 ]0x000042EC:	MOVT	R6, #0X265E	;(R6=0x00005A51 )
(    libInnoSecure.so[0xCBBCB000])[34 44       ]0x000042F0:	ADD	R4, R6	;(R4=0x1D71BF64 R6=0x265E5A51 )
(    libInnoSecure.so[0xCBBCB000])[DD F8 2C B0 ]0x000042F2:	LDR.W	FP, [SP, #0X2C]	;(SP=0x100FFD18 )
(    libInnoSecure.so[0xCBBCB000])[05 EB B4 44 ]0x000042F6:	ADD.W	R4, R5, R4, ROR #18	;(R5=0x6C2E2F34 R4=0x43D019B5 )
(    libInnoSecure.so[0xCBBCB000])[DD F8 10 E0 ]0x000042FA:	LDR.W	LR, [SP, #0X10]	;(SP=0x100FFD18 )
(    libInnoSecure.so[0xCBBCB000])[04 EA 00 06 ]0x000042FE:	AND.W	R6, R4, R0	;(R4=0x729B8028 R0=0x24C8E84B )
(    libInnoSecure.so[0xCBBCB000])[48 44       ]0x00004302:	ADD	R0, SB	;(R0=0x24C8E84B SB=0x38336161 )
(    libInnoSecure.so[0xCBBCB000])[32 43       ]0x00004304:	ORRS	R2, R6	;(R2=0x48260734 R6=0x20888008 )
(    libInnoSecure.so[0xCBBCB000])[0E 9E       ]0x00004306:	LDR	R6, [SP, #0X38]	;(SP=0x100FFD18 )
(    libInnoSecure.so[0xCBBCB000])[CD F8 04 C0 ]0x00004308:	STR.W	IP, [SP, #4]	;(IP=0x31396230 SP=0x100FFD18 )
(    libInnoSecure.so[0xCBBCB000])[31 44       ]0x0000430C:	ADD	R1, R6	;(R1=0x222B0FEB R6=0x64643538 )
(    libInnoSecure.so[0xCBBCB000])[24 EA 05 06 ]0x0000430E:	BIC.W	R6, R4, R5	;(R4=0x729B8028 R5=0x6C2E2F34 )
(    libInnoSecure.so[0xCBBCB000])[11 44       ]0x00004312:	ADD	R1, R2	;(R1=0x868F4523 R2=0x68AE873C )
(    libInnoSecure.so[0xCBBCB000])[4C F2 AA 72 ]0x00004314:	MOVW	R2, #0XC7AA
(    libInnoSecure.so[0xCBBCB000])[CE F6 B6 12 ]0x00004318:	MOVT	R2, #0XE9B6	;(R2=0x0000C7AA )
(    libInnoSecure.so[0xCBBCB000])[11 44       ]0x0000431C:	ADD	R1, R2	;(R1=0xEF3DCC5F R2=0xE9B6C7AA )
(    libInnoSecure.so[0xCBBCB000])[CD F8 14 A0 ]0x0000431E:	STR.W	SL, [SP, #0X14]	;(SL=0x61326438 SP=0x100FFD18 )
(    libInnoSecure.so[0xCBBCB000])[04 EB 31 31 ]0x00004322:	ADD.W	R1, R4, R1, ROR #12	;(R4=0x729B8028 R1=0xD8F49409 )
(    libInnoSecure.so[0xCBBCB000])[01 EA 05 02 ]0x00004326:	AND.W	R2, R1, R5	;(R1=0xB3390F71 R5=0x6C2E2F34 )
(    libInnoSecure.so[0xCBBCB000])[45 44       ]0x0000432A:	ADD	R5, R8	;(R5=0x6C2E2F34 R8=0x62663931 )
(    libInnoSecure.so[0xCBBCB000])[32 43       ]0x0000432C:	ORRS	R2, R6	;(R2=0x20280F30 R6=0x12918008 )
(    libInnoSecure.so[0xCBBCB000])[21 EA 04 06 ]0x0000432E:	BIC.W	R6, R1, R4	;(R1=0xB3390F71 R4=0x729B8028 )
(    libInnoSecure.so[0xCBBCB000])[10 44       ]0x00004332:	ADD	R0, R2	;(R0=0x5CFC49AC R2=0x32B98F38 )
(    libInnoSecure.so[0xCBBCB000])[41 F2 5D 02 ]0x00004334:	MOVW	R2, #0X105D
(    libInnoSecure.so[0xCBBCB000])[CD F2 2F 62 ]0x00004338:	MOVT	R2, #0XD62F	;(R2=0x0000105D )
(    libInnoSecure.so[0xCBBCB000])[10 44       ]0x0000433C:	ADD	R0, R2	;(R0=0x8FB5D8E4 R2=0xD62F105D )
(    libInnoSecure.so[0xCBBCB000])[DD F8 20 80 ]0x0000433E:	LDR.W	R8, [SP, #0X20]	;(SP=0x100FFD18 )
(    libInnoSecure.so[0xCBBCB000])[01 EB F0 60 ]0x00004342:	ADD.W	R0, R1, R0, ROR #27	;(R1=0xB3390F71 R0=0x65E4E941 )
(    libInnoSecure.so[0xCBBCB000])[00 EA 04 02 ]0x00004346:	AND.W	R2, R0, R4	;(R0=0x6FD6379D R4=0x729B8028 )
(    libInnoSecure.so[0xCBBCB000])[1C 44       ]0x0000434A:	ADD	R4, R3	;(R4=0x729B8028 R3=0x31343363 )
(    libInnoSecure.so[0xCBBCB000])[32 43       ]0x0000434C:	ORRS	R2, R6	;(R2=0x62920008 R6=0x81200F51 )
(    libInnoSecure.so[0xCBBCB000])[20 EA 01 06 ]0x0000434E:	BIC.W	R6, R0, R1	;(R0=0x6FD6379D R1=0xB3390F71 )
(    libInnoSecure.so[0xCBBCB000])[2A 44       ]0x00004352:	ADD	R2, R5	;(R2=0xE3B20F59 R5=0xCE946865 )
(    libInnoSecure.so[0xCBBCB000])[41 F2 53 45 ]0x00004354:	MOVW	R5, #0X1453
(    libInnoSecure.so[0xCBBCB000])[C0 F2 44 25 ]0x00004358:	MOVT	R5, #0X244	;(R5=0x00001453 )
(    libInnoSecure.so[0xCBBCB000])[2A 44       ]0x0000435C:	ADD	R2, R5	;(R2=0xB24677BE R5=0x02441453 )
(    libInnoSecure.so[0xCBBCB000])[10 9B       ]0x0000435E:	LDR	R3, [SP, #0X40]	;(SP=0x100FFD18 )
(    libInnoSecure.so[0xCBBCB000])[00 EB F2 52 ]0x00004360:	ADD.W	R2, R0, R2, ROR #23	;(R0=0x6FD6379D R2=0xB48A8C11 )
(    libInnoSecure.so[0xCBBCB000])[02 EA 01 05 ]0x00004364:	AND.W	R5, R2, R1	;(R2=0x84EE5B06 R1=0xB3390F71 )
(    libInnoSecure.so[0xCBBCB000])[59 44       ]0x00004368:	ADD	R1, FP	;(R1=0xB3390F71 FP=0x32303538 )
(    libInnoSecure.so[0xCBBCB000])[35 43       ]0x0000436A:	ORRS	R5, R6	;(R5=0x80280B00 R6=0x4CC6308C )
(    libInnoSecure.so[0xCBBCB000])[22 EA 00 06 ]0x0000436C:	BIC.W	R6, R2, R0	;(R2=0x84EE5B06 R0=0x6FD6379D )
(    libInnoSecure.so[0xCBBCB000])[2C 44       ]0x00004370:	ADD	R4, R5	;(R4=0xA3CFB38B R5=0xCCEE3B8C )
(    libInnoSecure.so[0xCBBCB000])[4E F2 81 65 ]0x00004372:	MOVW	R5, #0XE681
(    libInnoSecure.so[0xCBBCB000])[CD F6 A1 05 ]0x00004376:	MOVT	R5, #0XD8A1	;(R5=0x0000E681 )
(    libInnoSecure.so[0xCBBCB000])[2C 44       ]0x0000437A:	ADD	R4, R5	;(R4=0x70BDEF17 R5=0xD8A1E681 )
(    libInnoSecure.so[0xCBBCB000])[02 EB B4 44 ]0x0000437C:	ADD.W	R4, R2, R4, ROR #18	;(R2=0x84EE5B06 R4=0x495FD598 )
(    libInnoSecure.so[0xCBBCB000])[04 EA 00 05 ]0x00004380:	AND.W	R5, R4, R0	;(R4=0x7A546D5D R0=0x6FD6379D )
(    libInnoSecure.so[0xCBBCB000])[18 44       ]0x00004384:	ADD	R0, R3	;(R0=0x6FD6379D R3=0x64323562 )
(    libInnoSecure.so[0xCBBCB000])[35 43       ]0x00004386:	ORRS	R5, R6	;(R5=0x6A54251D R6=0x80284802 )
(    libInnoSecure.so[0xCBBCB000])[24 EA 02 06 ]0x00004388:	BIC.W	R6, R4, R2	;(R4=0x7A546D5D R2=0x84EE5B06 )
(    libInnoSecure.so[0xCBBCB000])[29 44       ]0x0000438C:	ADD	R1, R5	;(R1=0xE56944A9 R5=0xEA7C6D1F )
(    libInnoSecure.so[0xCBBCB000])[4F F6 C8 35 ]0x0000438E:	MOVW	R5, #0XFBC8
(    libInnoSecure.so[0xCBBCB000])[CE F2 D3 75 ]0x00004392:	MOVT	R5, #0XE7D3	;(R5=0x0000FBC8 )
(    libInnoSecure.so[0xCBBCB000])[29 44       ]0x00004396:	ADD	R1, R5	;(R1=0xCFE5B1C8 R5=0xE7D3FBC8 )
(    libInnoSecure.so[0xCBBCB000])[0F 9B       ]0x00004398:	LDR	R3, [SP, #0X3C]	;(SP=0x100FFD18 )
(    libInnoSecure.so[0xCBBCB000])[04 EB 31 31 ]0x0000439A:	ADD.W	R1, R4, R1, ROR #12	;(R4=0x7A546D5D R1=0xB7B9AD90 )
(    libInnoSecure.so[0xCBBCB000])[01 EA 02 05 ]0x0000439E:	AND.W	R5, R1, R2	;(R1=0x535FE8F7 R2=0x84EE5B06 )
(    libInnoSecure.so[0xCBBCB000])[62 44       ]0x000043A2:	ADD	R2, IP	;(R2=0x84EE5B06 IP=0x31396230 )
(    libInnoSecure.so[0xCBBCB000])[35 43       ]0x000043A4:	ORRS	R5, R6	;(R5=0x004E4806 R6=0x7A102459 )
(    libInnoSecure.so[0xCBBCB000])[21 EA 04 06 ]0x000043A6:	BIC.W	R6, R1, R4	;(R1=0x535FE8F7 R4=0x7A546D5D )
(    libInnoSecure.so[0xCBBCB000])[28 44       ]0x000043AA:	ADD	R0, R5	;(R0=0xD4086CFF R5=0x7A5E6C5F )
(    libInnoSecure.so[0xCBBCB000])[4C F6 E6 55 ]0x000043AC:	MOVW	R5, #0XCDE6
(    libInnoSecure.so[0xCBBCB000])[C2 F2 E1 15 ]0x000043B0:	MOVT	R5, #0X21E1	;(R5=0x0000CDE6 )
(    libInnoSecure.so[0xCBBCB000])[28 44       ]0x000043B4:	ADD	R0, R5	;(R0=0x4E66D95E R5=0x21E1CDE6 )
(    libInnoSecure.so[0xCBBCB000])[01 EB F0 60 ]0x000043B6:	ADD.W	R0, R1, R0, ROR #27	;(R1=0x535FE8F7 R0=0x7048A744 )
(    libInnoSecure.so[0xCBBCB000])[00 EA 04 05 ]0x000043BA:	AND.W	R5, R0, R4	;(R0=0x5C74D185 R4=0x7A546D5D )
(    libInnoSecure.so[0xCBBCB000])[1C 44       ]0x000043BE:	ADD	R4, R3	;(R4=0x7A546D5D R3=0x33666537 )
(    libInnoSecure.so[0xCBBCB000])[35 43       ]0x000043C0:	ORRS	R5, R6	;(R5=0x58544105 R6=0x010B80A2 )
(    libInnoSecure.so[0xCBBCB000])[20 EA 01 06 ]0x000043C2:	BIC.W	R6, R0, R1	;(R0=0x5C74D185 R1=0x535FE8F7 )
(    libInnoSecure.so[0xCBBCB000])[2A 44       ]0x000043C6:	ADD	R2, R5	;(R2=0xB627BD36 R5=0x595FC1A7 )
(    libInnoSecure.so[0xCBBCB000])[40 F2 D6 75 ]0x000043C8:	MOVW	R5, #0X7D6
(    libInnoSecure.so[0xCBBCB000])[CC F2 37 35 ]0x000043CC:	MOVT	R5, #0XC337	;(R5=0x000007D6 )
(    libInnoSecure.so[0xCBBCB000])[2A 44       ]0x000043D0:	ADD	R2, R5	;(R2=0x0F877EDD R5=0xC33707D6 )
(    libInnoSecure.so[0xCBBCB000])[0A 9B       ]0x000043D2:	LDR	R3, [SP, #0X28]	;(SP=0x100FFD18 )
(    libInnoSecure.so[0xCBBCB000])[00 EB F2 52 ]0x000043D4:	ADD.W	R2, R0, R2, ROR #23	;(R0=0x5C74D185 R2=0xD2BE86B3 )
(    libInnoSecure.so[0xCBBCB000])[02 EA 01 05 ]0x000043D8:	AND.W	R5, R2, R1	;(R2=0xD982392A R1=0x535FE8F7 )
(    libInnoSecure.so[0xCBBCB000])[19 44       ]0x000043DC:	ADD	R1, R3	;(R1=0x535FE8F7 R3=0x37616132 )
(    libInnoSecure.so[0xCBBCB000])[35 43       ]0x000043DE:	ORRS	R5, R6	;(R5=0x51022822 R6=0x0C201100 )
(    libInnoSecure.so[0xCBBCB000])[22 EA 00 06 ]0x000043E0:	BIC.W	R6, R2, R0	;(R2=0xD982392A R0=0x5C74D185 )
(    libInnoSecure.so[0xCBBCB000])[2C 44       ]0x000043E4:	ADD	R4, R5	;(R4=0xADBAD294 R5=0x5D223922 )
(    libInnoSecure.so[0xCBBCB000])[40 F6 87 55 ]0x000043E6:	MOVW	R5, #0XD87
(    libInnoSecure.so[0xCBBCB000])[CF F2 D5 45 ]0x000043EA:	MOVT	R5, #0XF4D5	;(R5=0x00000D87 )
(    libInnoSecure.so[0xCBBCB000])[2C 44       ]0x000043EE:	ADD	R4, R5	;(R4=0x0ADD0BB6 R5=0xF4D50D87 )
(    libInnoSecure.so[0xCBBCB000])[02 EB B4 44 ]0x000043F0:	ADD.W	R4, R2, R4, ROR #18	;(R2=0xD982392A R4=0xFFB2193D )
(    libInnoSecure.so[0xCBBCB000])[04 EA 00 05 ]0x000043F4:	AND.W	R5, R4, R0	;(R4=0x5FD1B916 R0=0x5C74D185 )
(    libInnoSecure.so[0xCBBCB000])[40 44       ]0x000043F8:	ADD	R0, R8	;(R0=0x5C74D185 R8=0x33386139 )
(    libInnoSecure.so[0xCBBCB000])[35 43       ]0x000043FA:	ORRS	R5, R6	;(R5=0x5C509104 R6=0x8182282A )
(    libInnoSecure.so[0xCBBCB000])[24 EA 02 06 ]0x000043FC:	BIC.W	R6, R4, R2	;(R4=0x5FD1B916 R2=0xD982392A )
(    libInnoSecure.so[0xCBBCB000])[29 44       ]0x00004400:	ADD	R1, R5	;(R1=0x8AC14A29 R5=0xDDD2B92E )
(    libInnoSecure.so[0xCBBCB000])[41 F2 ED 45 ]0x00004402:	MOVW	R5, #0X14ED
(    libInnoSecure.so[0xCBBCB000])[C4 F2 5A 55 ]0x00004406:	MOVT	R5, #0X455A	;(R5=0x000014ED )
(    libInnoSecure.so[0xCBBCB000])[29 44       ]0x0000440A:	ADD	R1, R5	;(R1=0x68940357 R5=0x455A14ED )
(    libInnoSecure.so[0xCBBCB000])[04 EB 31 31 ]0x0000440C:	ADD.W	R1, R4, R1, ROR #12	;(R4=0x5FD1B916 R1=0xADEE1844 )
(    libInnoSecure.so[0xCBBCB000])[01 EA 02 05 ]0x00004410:	AND.W	R5, R1, R2	;(R1=0xE41C97F7 R2=0xD982392A )
(    libInnoSecure.so[0xCBBCB000])[35 43       ]0x00004414:	ORRS	R5, R6	;(R5=0xC0001122 R6=0x06518014 )
(    libInnoSecure.so[0xCBBCB000])[21 EA 04 06 ]0x00004416:	BIC.W	R6, R1, R4	;(R1=0xE41C97F7 R4=0x5FD1B916 )
(    libInnoSecure.so[0xCBBCB000])[28 44       ]0x0000441A:	ADD	R0, R5	;(R0=0x8FAD32BE R5=0xC6519136 )
(    libInnoSecure.so[0xCBBCB000])[4E F6 05 15 ]0x0000441C:	MOVW	R5, #0XE905
(    libInnoSecure.so[0xCBBCB000])[CA F6 E3 15 ]0x00004420:	MOVT	R5, #0XA9E3	;(R5=0x0000E905 )
(    libInnoSecure.so[0xCBBCB000])[28 44       ]0x00004424:	ADD	R0, R5	;(R0=0x55FEC3F4 R5=0xA9E3E905 )
(    libInnoSecure.so[0xCBBCB000])[01 EB F0 60 ]0x00004426:	ADD.W	R0, R1, R0, ROR #27	;(R1=0xE41C97F7 R0=0xFFE2ACF9 )
(    libInnoSecure.so[0xCBBCB000])[00 EA 04 05 ]0x0000442A:	AND.W	R5, R0, R4	;(R0=0xE0723736 R4=0x5FD1B916 )
(    libInnoSecure.so[0xCBBCB000])[74 44       ]0x0000442E:	ADD	R4, LR	;(R4=0x5FD1B916 LR=0x64616464 )
(    libInnoSecure.so[0xCBBCB000])[35 43       ]0x00004430:	ORRS	R5, R6	;(R5=0x40503116 R6=0xA00C06E1 )
(    libInnoSecure.so[0xCBBCB000])[0C 9E       ]0x00004432:	LDR	R6, [SP, #0X30]	;(SP=0x100FFD18 )
(    libInnoSecure.so[0xCBBCB000])[32 44       ]0x00004434:	ADD	R2, R6	;(R2=0xD982392A R6=0x32623665 )
(    libInnoSecure.so[0xCBBCB000])[20 EA 01 06 ]0x00004436:	BIC.W	R6, R0, R1	;(R0=0xE0723736 R1=0xE41C97F7 )
(    libInnoSecure.so[0xCBBCB000])[2A 44       ]0x0000443A:	ADD	R2, R5	;(R2=0x0BE46F8F R5=0xE05C37F7 )
(    libInnoSecure.so[0xCBBCB000])[4A F2 F8 35 ]0x0000443C:	MOVW	R5, #0XA3F8
(    libInnoSecure.so[0xCBBCB000])[CF F6 EF 45 ]0x00004440:	MOVT	R5, #0XFCEF	;(R5=0x0000A3F8 )
(    libInnoSecure.so[0xCBBCB000])[2A 44       ]0x00004444:	ADD	R2, R5	;(R2=0xEC40A786 R5=0xFCEFA3F8 )
(    libInnoSecure.so[0xCBBCB000])[00 EB F2 52 ]0x00004446:	ADD.W	R2, R0, R2, ROR #23	;(R0=0xE0723736 R2=0xE9304B7E )
(    libInnoSecure.so[0xCBBCB000])[02 EA 01 05 ]0x0000444A:	AND.W	R5, R2, R1	;(R2=0x41093508 R1=0xE41C97F7 )
(    libInnoSecure.so[0xCBBCB000])[35 43       ]0x0000444E:	ORRS	R5, R6	;(R5=0x40081500 R6=0x00622000 )
(    libInnoSecure.so[0xCBBCB000])[22 EA 00 06 ]0x00004450:	BIC.W	R6, R2, R0	;(R2=0x41093508 R0=0xE0723736 )
(    libInnoSecure.so[0xCBBCB000])[2C 44       ]0x00004454:	ADD	R4, R5	;(R4=0xC4331D7A R5=0x406A3500 )
(    libInnoSecure.so[0xCBBCB000])[40 F2 D9 25 ]0x00004456:	MOVW	R5, #0X2D9
(    libInnoSecure.so[0xCBBCB000])[C6 F2 6F 75 ]0x0000445A:	MOVT	R5, #0X676F	;(R5=0x000002D9 )
(    libInnoSecure.so[0xCBBCB000])[2C 44       ]0x0000445E:	ADD	R4, R5	;(R4=0x049D527A R5=0x676F02D9 )
(    libInnoSecure.so[0xCBBCB000])[02 EB B4 44 ]0x00004460:	ADD.W	R4, R2, R4, ROR #18	;(R2=0x41093508 R4=0x6C0C5553 )
(    libInnoSecure.so[0xCBBCB000])[04 EA 00 05 ]0x00004464:	AND.W	R5, R4, R0	;(R4=0x565E100B R0=0xE0723736 )
(    libInnoSecure.so[0xCBBCB000])[48 44       ]0x00004468:	ADD	R0, SB	;(R0=0xE0723736 SB=0x38336161 )
(    libInnoSecure.so[0xCBBCB000])[35 43       ]0x0000446A:	ORRS	R5, R6	;(R5=0x40521002 R6=0x01090008 )
(    libInnoSecure.so[0xCBBCB000])[0D 9E       ]0x0000446C:	LDR	R6, [SP, #0X34]	;(SP=0x100FFD18 )
(    libInnoSecure.so[0xCBBCB000])[DD F8 18 90 ]0x0000446E:	LDR.W	SB, [SP, #0X18]	;(SP=0x100FFD18 )
(    libInnoSecure.so[0xCBBCB000])[31 44       ]0x00004472:	ADD	R1, R6	;(R1=0xE41C97F7 R6=0x35626565 )
(    libInnoSecure.so[0xCBBCB000])[0E 9E       ]0x00004474:	LDR	R6, [SP, #0X38]	;(SP=0x100FFD18 )
(    libInnoSecure.so[0xCBBCB000])[29 44       ]0x00004476:	ADD	R1, R5	;(R1=0x197EFD5C R5=0x415B100A )
(    libInnoSecure.so[0xCBBCB000])[44 F6 8A 45 ]0x00004478:	MOVW	R5, #0X4C8A
(    libInnoSecure.so[0xCBBCB000])[C8 F6 2A 55 ]0x0000447C:	MOVT	R5, #0X8D2A	;(R5=0x00004C8A )
(    libInnoSecure.so[0xCBBCB000])[29 44       ]0x00004480:	ADD	R1, R5	;(R1=0x5ADA0D66 R5=0x8D2A4C8A )
(    libInnoSecure.so[0xCBBCB000])[84 EA 02 05 ]0x00004482:	EOR.W	R5, R4, R2	;(R4=0x565E100B R2=0x41093508 )
(    libInnoSecure.so[0xCBBCB000])[1A 44       ]0x00004486:	ADD	R2, R3	;(R2=0x41093508 R3=0x37616132 )
(    libInnoSecure.so[0xCBBCB000])[04 EB 31 31 ]0x00004488:	ADD.W	R1, R4, R1, ROR #12	;(R4=0x565E100B R1=0xE80459F0 )
(    libInnoSecure.so[0xCBBCB000])[11 9B       ]0x0000448C:	LDR	R3, [SP, #0X44]	;(SP=0x100FFD18 )
(    libInnoSecure.so[0xCBBCB000])[4D 40       ]0x0000448E:	EORS	R5, R1	;(R5=0x17572503 R1=0xF56C9050 )
(    libInnoSecure.so[0xCBBCB000])[28 44       ]0x00004490:	ADD	R0, R5	;(R0=0x18A59897 R5=0xE23BB553 )
(    libInnoSecure.so[0xCBBCB000])[43 F6 42 15 ]0x00004492:	MOVW	R5, #0X3942
(    libInnoSecure.so[0xCBBCB000])[CF F6 FA 75 ]0x00004496:	MOVT	R5, #0XFFFA	;(R5=0x00003942 )
(    libInnoSecure.so[0xCBBCB000])[28 44       ]0x0000449A:	ADD	R0, R5	;(R0=0xFAE14DEA R5=0xFFFA3942 )
(    libInnoSecure.so[0xCBBCB000])[81 EA 04 05 ]0x0000449C:	EOR.W	R5, R1, R4	;(R1=0xF56C9050 R4=0x565E100B )
(    libInnoSecure.so[0xCBBCB000])[54 44       ]0x000044A0:	ADD	R4, SL	;(R4=0x565E100B SL=0x61326438 )
(    libInnoSecure.so[0xCBBCB000])[01 EB 30 70 ]0x000044A2:	ADD.W	R0, R1, R0, ROR #28	;(R1=0xF56C9050 R0=0xFADB872C )
(    libInnoSecure.so[0xCBBCB000])[DD F8 30 A0 ]0x000044A6:	LDR.W	SL, [SP, #0X30]	;(SP=0x100FFD18 )
(    libInnoSecure.so[0xCBBCB000])[45 40       ]0x000044AA:	EORS	R5, R0	;(R5=0xA332805B R0=0xA325031F )
(    libInnoSecure.so[0xCBBCB000])[2A 44       ]0x000044AC:	ADD	R2, R5	;(R2=0x786A963A R5=0x00178344 )
(    libInnoSecure.so[0xCBBCB000])[4F F2 81 65 ]0x000044AE:	MOVW	R5, #0XF681
(    libInnoSecure.so[0xCBBCB000])[C8 F2 71 75 ]0x000044B2:	MOVT	R5, #0X8771	;(R5=0x0000F681 )
(    libInnoSecure.so[0xCBBCB000])[2A 44       ]0x000044B6:	ADD	R2, R5	;(R2=0x7882197E R5=0x8771F681 )
(    libInnoSecure.so[0xCBBCB000])[80 EA 01 05 ]0x000044B8:	EOR.W	R5, R0, R1	;(R0=0xA325031F R1=0xF56C9050 )
(    libInnoSecure.so[0xCBBCB000])[61 44       ]0x000044BC:	ADD	R1, IP	;(R1=0xF56C9050 IP=0x31396230 )
(    libInnoSecure.so[0xCBBCB000])[00 EB 72 52 ]0x000044BE:	ADD.W	R2, R0, R2, ROR #21	;(R0=0xA325031F R2=0xFFF40FFF )
(    libInnoSecure.so[0xCBBCB000])[DD F8 3C C0 ]0x000044C2:	LDR.W	IP, [SP, #0X3C]	;(SP=0x100FFD18 )
(    libInnoSecure.so[0xCBBCB000])[55 40       ]0x000044C6:	EORS	R5, R2	;(R5=0x5649934F R2=0x43A5031E )
(    libInnoSecure.so[0xCBBCB000])[2C 44       ]0x000044C8:	ADD	R4, R5	;(R4=0xB7907443 R5=0x15EC9051 )
(    libInnoSecure.so[0xCBBCB000])[46 F2 22 15 ]0x000044CA:	MOVW	R5, #0X6122
(    libInnoSecure.so[0xCBBCB000])[C6 F6 9D 55 ]0x000044CE:	MOVT	R5, #0X6D9D	;(R5=0x00006122 )
(    libInnoSecure.so[0xCBBCB000])[2C 44       ]0x000044D2:	ADD	R4, R5	;(R4=0xCD7D0494 R5=0x6D9D6122 )
(    libInnoSecure.so[0xCBBCB000])[82 EA 00 05 ]0x000044D4:	EOR.W	R5, R2, R0	;(R2=0x43A5031E R0=0xA325031F )
(    libInnoSecure.so[0xCBBCB000])[18 44       ]0x000044D8:	ADD	R0, R3	;(R0=0xA325031F R3=0x65323136 )
(    libInnoSecure.so[0xCBBCB000])[02 EB 34 44 ]0x000044DA:	ADD.W	R4, R2, R4, ROR #16	;(R2=0x43A5031E R4=0x3B1A65B6 )
(    libInnoSecure.so[0xCBBCB000])[73 46       ]0x000044DE:	MOV	R3, LR	;(LR=0x64616464 )
(    libInnoSecure.so[0xCBBCB000])[65 40       ]0x000044E0:	EORS	R5, R4	;(R5=0xE0800001 R4=0xA95B3E38 )
(    libInnoSecure.so[0xCBBCB000])[29 44       ]0x000044E2:	ADD	R1, R5	;(R1=0x26A5F280 R5=0x49DB3E39 )
(    libInnoSecure.so[0xCBBCB000])[43 F6 0C 05 ]0x000044E4:	MOVW	R5, #0X380C
(    libInnoSecure.so[0xCBBCB000])[CF F6 E5 55 ]0x000044E8:	MOVT	R5, #0XFDE5	;(R5=0x0000380C )
(    libInnoSecure.so[0xCBBCB000])[29 44       ]0x000044EC:	ADD	R1, R5	;(R1=0x708130B9 R5=0xFDE5380C )
(    libInnoSecure.so[0xCBBCB000])[84 EA 02 05 ]0x000044EE:	EOR.W	R5, R4, R2	;(R4=0xA95B3E38 R2=0x43A5031E )
(    libInnoSecure.so[0xCBBCB000])[5A 44       ]0x000044F2:	ADD	R2, FP	;(R2=0x43A5031E FP=0x32303538 )
(    libInnoSecure.so[0xCBBCB000])[04 EB 71 21 ]0x000044F4:	ADD.W	R1, R4, R1, ROR #9	;(R4=0xA95B3E38 R1=0x6E6668C5 )
(    libInnoSecure.so[0xCBBCB000])[DD F8 08 B0 ]0x000044F8:	LDR.W	FP, [SP, #8]	;(SP=0x100FFD18 )
(    libInnoSecure.so[0xCBBCB000])[4D 40       ]0x000044FC:	EORS	R5, R1	;(R5=0xEAFE3D26 R1=0x0C12716C )
(    libInnoSecure.so[0xCBBCB000])[28 44       ]0x000044FE:	ADD	R0, R5	;(R0=0x08573455 R5=0xE6EC4C4A )
(    libInnoSecure.so[0xCBBCB000])[4E F6 44 25 ]0x00004500:	MOVW	R5, #0XEA44
(    libInnoSecure.so[0xCBBCB000])[CA F2 BE 45 ]0x00004504:	MOVT	R5, #0XA4BE	;(R5=0x0000EA44 )
(    libInnoSecure.so[0xCBBCB000])[28 44       ]0x00004508:	ADD	R0, R5	;(R0=0xEF43809F R5=0xA4BEEA44 )
(    libInnoSecure.so[0xCBBCB000])[81 EA 04 05 ]0x0000450A:	EOR.W	R5, R1, R4	;(R1=0x0C12716C R4=0xA95B3E38 )
(    libInnoSecure.so[0xCBBCB000])[1C 44       ]0x0000450E:	ADD	R4, R3	;(R4=0xA95B3E38 R3=0x64616464 )
(    libInnoSecure.so[0xCBBCB000])[01 EB 30 70 ]0x00004510:	ADD.W	R0, R1, R0, ROR #28	;(R1=0x0C12716C R0=0x94026AE3 )
(    libInnoSecure.so[0xCBBCB000])[45 40       ]0x00004514:	EORS	R5, R0	;(R5=0xA5494F54 R0=0x4C391FA5 )
(    libInnoSecure.so[0xCBBCB000])[2A 44       ]0x00004516:	ADD	R2, R5	;(R2=0x75D53856 R5=0xE97050F1 )
(    libInnoSecure.so[0xCBBCB000])[4C F6 A9 75 ]0x00004518:	MOVW	R5, #0XCFA9
(    libInnoSecure.so[0xCBBCB000])[C4 F6 DE 35 ]0x0000451C:	MOVT	R5, #0X4BDE	;(R5=0x0000CFA9 )
(    libInnoSecure.so[0xCBBCB000])[2A 44       ]0x00004520:	ADD	R2, R5	;(R2=0x5F458947 R5=0x4BDECFA9 )
(    libInnoSecure.so[0xCBBCB000])[80 EA 01 05 ]0x00004522:	EOR.W	R5, R0, R1	;(R0=0x4C391FA5 R1=0x0C12716C )
(    libInnoSecure.so[0xCBBCB000])[59 44       ]0x00004526:	ADD	R1, FP	;(R1=0x0C12716C FP=0x62663931 )
(    libInnoSecure.so[0xCBBCB000])[00 EB 72 52 ]0x00004528:	ADD.W	R2, R0, R2, ROR #21	;(R0=0x4C391FA5 R2=0xAB2458F0 )
(    libInnoSecure.so[0xCBBCB000])[55 40       ]0x0000452C:	EORS	R5, R2	;(R5=0x402B6EC9 R2=0x6F00A4FE )
(    libInnoSecure.so[0xCBBCB000])[2C 44       ]0x0000452E:	ADD	R4, R5	;(R4=0x0DBCA29C R5=0x2F2BCA37 )
(    libInnoSecure.so[0xCBBCB000])[44 F6 60 35 ]0x00004530:	MOVW	R5, #0X4B60
(    libInnoSecure.so[0xCBBCB000])[CF F2 BB 65 ]0x00004534:	MOVT	R5, #0XF6BB	;(R5=0x00004B60 )
(    libInnoSecure.so[0xCBBCB000])[2C 44       ]0x00004538:	ADD	R4, R5	;(R4=0x3CE86CD3 R5=0xF6BB4B60 )
(    libInnoSecure.so[0xCBBCB000])[82 EA 00 05 ]0x0000453A:	EOR.W	R5, R2, R0	;(R2=0x6F00A4FE R0=0x4C391FA5 )
(    libInnoSecure.so[0xCBBCB000])[40 44       ]0x0000453E:	ADD	R0, R8	;(R0=0x4C391FA5 R8=0x33386139 )
(    libInnoSecure.so[0xCBBCB000])[02 EB 34 44 ]0x00004540:	ADD.W	R4, R2, R4, ROR #16	;(R2=0x6F00A4FE R4=0x33A3B833 )
(    libInnoSecure.so[0xCBBCB000])[DD F8 34 80 ]0x00004544:	LDR.W	R8, [SP, #0X34]	;(SP=0x100FFD18 )
(    libInnoSecure.so[0xCBBCB000])[65 40       ]0x00004548:	EORS	R5, R4	;(R5=0x2339BB5B R4=0x2733D8A1 )
(    libInnoSecure.so[0xCBBCB000])[29 44       ]0x0000454A:	ADD	R1, R5	;(R1=0x6E78AA9D R5=0x040A63FA )
(    libInnoSecure.so[0xCBBCB000])[4B F6 70 45 ]0x0000454C:	MOVW	R5, #0XBC70
(    libInnoSecure.so[0xCBBCB000])[CB F6 BF 65 ]0x00004550:	MOVT	R5, #0XBEBF	;(R5=0x0000BC70 )
(    libInnoSecure.so[0xCBBCB000])[29 44       ]0x00004554:	ADD	R1, R5	;(R1=0x72830E97 R5=0xBEBFBC70 )
(    libInnoSecure.so[0xCBBCB000])[84 EA 02 05 ]0x00004556:	EOR.W	R5, R4, R2	;(R4=0x2733D8A1 R2=0x6F00A4FE )
(    libInnoSecure.so[0xCBBCB000])[32 44       ]0x0000455A:	ADD	R2, R6	;(R2=0x6F00A4FE R6=0x64643538 )
(    libInnoSecure.so[0xCBBCB000])[04 EB 71 21 ]0x0000455C:	ADD.W	R1, R4, R1, ROR #9	;(R4=0x2733D8A1 R1=0x3142CB07 )
(    libInnoSecure.so[0xCBBCB000])[4D 40       ]0x00004560:	EORS	R5, R1	;(R5=0x48337C5F R1=0xAACC7A06 )
(    libInnoSecure.so[0xCBBCB000])[28 44       ]0x00004562:	ADD	R0, R5	;(R0=0x7F7180DE R5=0xE2FF0659 )
(    libInnoSecure.so[0xCBBCB000])[47 F6 C6 65 ]0x00004564:	MOVW	R5, #0X7EC6
(    libInnoSecure.so[0xCBBCB000])[C2 F6 9B 05 ]0x00004568:	MOVT	R5, #0X289B	;(R5=0x00007EC6 )
(    libInnoSecure.so[0xCBBCB000])[28 44       ]0x0000456C:	ADD	R0, R5	;(R0=0x62708737 R5=0x289B7EC6 )
(    libInnoSecure.so[0xCBBCB000])[81 EA 04 05 ]0x0000456E:	EOR.W	R5, R1, R4	;(R1=0xAACC7A06 R4=0x2733D8A1 )
(    libInnoSecure.so[0xCBBCB000])[64 44       ]0x00004572:	ADD	R4, IP	;(R4=0x2733D8A1 IP=0x33666537 )
(    libInnoSecure.so[0xCBBCB000])[01 EB 30 70 ]0x00004574:	ADD.W	R0, R1, R0, ROR #28	;(R1=0xAACC7A06 R0=0x8B0C05FD )
(    libInnoSecure.so[0xCBBCB000])[45 40       ]0x00004578:	EORS	R5, R0	;(R5=0x8DFFA2A7 R0=0x5B8CD9DE )
(    libInnoSecure.so[0xCBBCB000])[2A 44       ]0x0000457A:	ADD	R2, R5	;(R2=0xD364DA36 R5=0xD6737B79 )
(    libInnoSecure.so[0xCBBCB000])[42 F2 FA 75 ]0x0000457C:	MOVW	R5, #0X27FA
(    libInnoSecure.so[0xCBBCB000])[CE F6 A1 25 ]0x00004580:	MOVT	R5, #0XEAA1	;(R5=0x000027FA )
(    libInnoSecure.so[0xCBBCB000])[2A 44       ]0x00004584:	ADD	R2, R5	;(R2=0xA9D855AF R5=0xEAA127FA )
(    libInnoSecure.so[0xCBBCB000])[80 EA 01 05 ]0x00004586:	EOR.W	R5, R0, R1	;(R0=0x5B8CD9DE R1=0xAACC7A06 )
(    libInnoSecure.so[0xCBBCB000])[49 44       ]0x0000458A:	ADD	R1, SB	;(R1=0xAACC7A06 SB=0x35353064 )
(    libInnoSecure.so[0xCBBCB000])[00 EB 72 52 ]0x0000458C:	ADD.W	R2, R0, R2, ROR #21	;(R0=0x5B8CD9DE R2=0x94797DA9 )
(    libInnoSecure.so[0xCBBCB000])[55 40       ]0x00004590:	EORS	R5, R2	;(R5=0xF140A3D8 R2=0x277A2681 )
(    libInnoSecure.so[0xCBBCB000])[2C 44       ]0x00004592:	ADD	R4, R5	;(R4=0x5A9A3DD8 R5=0xD63A8559 )
(    libInnoSecure.so[0xCBBCB000])[43 F2 85 05 ]0x00004594:	MOVW	R5, #0X3085
(    libInnoSecure.so[0xCBBCB000])[CD F2 EF 45 ]0x00004598:	MOVT	R5, #0XD4EF	;(R5=0x00003085 )
(    libInnoSecure.so[0xCBBCB000])[2C 44       ]0x0000459C:	ADD	R4, R5	;(R4=0x30D4C331 R5=0xD4EF3085 )
(    libInnoSecure.so[0xCBBCB000])[82 EA 00 05 ]0x0000459E:	EOR.W	R5, R2, R0	;(R2=0x277A2681 R0=0x5B8CD9DE )
(    libInnoSecure.so[0xCBBCB000])[02 EB 34 44 ]0x000045A2:	ADD.W	R4, R2, R4, ROR #16	;(R2=0x277A2681 R4=0x05C3F3B6 )
(    libInnoSecure.so[0xCBBCB000])[65 40       ]0x000045A6:	EORS	R5, R4	;(R5=0x7CF6FF5F R4=0x1B302C44 )
(    libInnoSecure.so[0xCBBCB000])[29 44       ]0x000045A8:	ADD	R1, R5	;(R1=0xE001AA6A R5=0x67C6D31B )
(    libInnoSecure.so[0xCBBCB000])[41 F6 05 55 ]0x000045AA:	MOVW	R5, #0X1D05
(    libInnoSecure.so[0xCBBCB000])[C0 F2 88 45 ]0x000045AE:	MOVT	R5, #0X488	;(R5=0x00001D05 )
(    libInnoSecure.so[0xCBBCB000])[29 44       ]0x000045B2:	ADD	R1, R5	;(R1=0x47C87D85 R5=0x04881D05 )
(    libInnoSecure.so[0xCBBCB000])[84 EA 02 05 ]0x000045B4:	EOR.W	R5, R4, R2	;(R4=0x1B302C44 R2=0x277A2681 )
(    libInnoSecure.so[0xCBBCB000])[42 44       ]0x000045B8:	ADD	R2, R8	;(R2=0x277A2681 R8=0x35626565 )
(    libInnoSecure.so[0xCBBCB000])[04 EB 71 21 ]0x000045BA:	ADD.W	R1, R4, R1, ROR #9	;(R4=0x1B302C44 R1=0x4C509A8A )
(    libInnoSecure.so[0xCBBCB000])[85 EA 01 0E ]0x000045BE:	EOR.W	LR, R5, R1	;(R5=0x3C4A0AC5 R1=0x60565491 )
(    libInnoSecure.so[0xCBBCB000])[10 9D       ]0x000045C2:	LDR	R5, [SP, #0X40]	;(SP=0x100FFD18 )
(    libInnoSecure.so[0xCBBCB000])[28 44       ]0x000045C4:	ADD	R0, R5	;(R0=0x5B8CD9DE R5=0x64323562 )
(    libInnoSecure.so[0xCBBCB000])[4D F2 39 05 ]0x000045C6:	MOVW	R5, #0XD039
(    libInnoSecure.so[0xCBBCB000])[70 44       ]0x000045CA:	ADD	R0, LR	;(R0=0xBFBF0F40 LR=0x5C1C5E54 )
(    libInnoSecure.so[0xCBBCB000])[CD F6 D4 15 ]0x000045CC:	MOVT	R5, #0XD9D4	;(R5=0x0000D039 )
(    libInnoSecure.so[0xCBBCB000])[28 44       ]0x000045D0:	ADD	R0, R5	;(R0=0x1BDB6D94 R5=0xD9D4D039 )
(    libInnoSecure.so[0xCBBCB000])[81 EA 04 05 ]0x000045D2:	EOR.W	R5, R1, R4	;(R1=0x60565491 R4=0x1B302C44 )
(    libInnoSecure.so[0xCBBCB000])[DD F8 0C E0 ]0x000045D6:	LDR.W	LR, [SP, #0XC]	;(SP=0x100FFD18 )
(    libInnoSecure.so[0xCBBCB000])[01 EB 30 70 ]0x000045DA:	ADD.W	R0, R1, R0, ROR #28	;(R1=0x60565491 R0=0xF5B03DCD )
(    libInnoSecure.so[0xCBBCB000])[45 40       ]0x000045DE:	EORS	R5, R0	;(R5=0x7B6678D5 R0=0xBB5A3170 )
(    libInnoSecure.so[0xCBBCB000])[74 44       ]0x000045E0:	ADD	R4, LR	;(R4=0x1B302C44 LR=0x31343363 )
(    libInnoSecure.so[0xCBBCB000])[2A 44       ]0x000045E2:	ADD	R2, R5	;(R2=0x5CDC8BE6 R5=0xC03C49A5 )
(    libInnoSecure.so[0xCBBCB000])[49 F6 E5 15 ]0x000045E4:	MOVW	R5, #0X99E5
(    libInnoSecure.so[0xCBBCB000])[CE F2 DB 65 ]0x000045E8:	MOVT	R5, #0XE6DB	;(R5=0x000099E5 )
(    libInnoSecure.so[0xCBBCB000])[2A 44       ]0x000045EC:	ADD	R2, R5	;(R2=0x1D18D58B R5=0xE6DB99E5 )
(    libInnoSecure.so[0xCBBCB000])[80 EA 01 05 ]0x000045EE:	EOR.W	R5, R0, R1	;(R0=0xBB5A3170 R1=0x60565491 )
(    libInnoSecure.so[0xCBBCB000])[51 44       ]0x000045F2:	ADD	R1, SL	;(R1=0x60565491 SL=0x32623665 )
(    libInnoSecure.so[0xCBBCB000])[00 EB 72 52 ]0x000045F4:	ADD.W	R2, R0, R2, ROR #21	;(R0=0xBB5A3170 R2=0x03F46F70 )
(    libInnoSecure.so[0xCBBCB000])[55 40       ]0x000045F8:	EORS	R5, R2	;(R5=0xDB0C65E1 R2=0x5ED5B18F )
(    libInnoSecure.so[0xCBBCB000])[2C 44       ]0x000045FA:	ADD	R4, R5	;(R4=0x4C645FA7 R5=0x85D9D46E )
(    libInnoSecure.so[0xCBBCB000])[47 F6 F8 45 ]0x000045FC:	MOVW	R5, #0X7CF8
(    libInnoSecure.so[0xCBBCB000])[C1 F6 A2 75 ]0x00004600:	MOVT	R5, #0X1FA2	;(R5=0x00007CF8 )
(    libInnoSecure.so[0xCBBCB000])[2C 44       ]0x00004604:	ADD	R4, R5	;(R4=0xD23E3415 R5=0x1FA27CF8 )
(    libInnoSecure.so[0xCBBCB000])[82 EA 00 05 ]0x00004606:	EOR.W	R5, R2, R0	;(R2=0x5ED5B18F R0=0xBB5A3170 )
(    libInnoSecure.so[0xCBBCB000])[30 44       ]0x0000460A:	ADD	R0, R6	;(R0=0xBB5A3170 R6=0x64643538 )
(    libInnoSecure.so[0xCBBCB000])[02 EB 34 44 ]0x0000460C:	ADD.W	R4, R2, R4, ROR #16	;(R2=0x5ED5B18F R4=0xF1E0B10D )
(    libInnoSecure.so[0xCBBCB000])[45 F6 C3 16 ]0x00004610:	MOVW	R6, #0X59C3
(    libInnoSecure.so[0xCBBCB000])[65 40       ]0x00004614:	EORS	R5, R4	;(R5=0xE58F80FF R4=0x0FE3A36F )
(    libInnoSecure.so[0xCBBCB000])[C6 F2 5B 56 ]0x00004616:	MOVT	R6, #0X655B	;(R6=0x000059C3 )
(    libInnoSecure.so[0xCBBCB000])[29 44       ]0x0000461A:	ADD	R1, R5	;(R1=0x92B88AF6 R5=0xEA6C2390 )
(    libInnoSecure.so[0xCBBCB000])[45 F2 65 65 ]0x0000461C:	MOVW	R5, #0X5665
(    libInnoSecure.so[0xCBBCB000])[CC F2 AC 45 ]0x00004620:	MOVT	R5, #0XC4AC	;(R5=0x00005665 )
(    libInnoSecure.so[0xCBBCB000])[29 44       ]0x00004624:	ADD	R1, R5	;(R1=0x7D24AE86 R5=0xC4AC5665 )
(    libInnoSecure.so[0xCBBCB000])[04 EB 71 21 ]0x00004626:	ADD.W	R1, R4, R1, ROR #9	;(R4=0x0FE3A36F R1=0x41D104EB )
(    libInnoSecure.so[0xCBBCB000])[61 EA 02 05 ]0x0000462A:	ORN	R5, R1, R2	;(R1=0x85848BF1 R2=0x5ED5B18F )
(    libInnoSecure.so[0xCBBCB000])[1A 44       ]0x0000462E:	ADD	R2, R3	;(R2=0x5ED5B18F R3=0x64616464 )
(    libInnoSecure.so[0xCBBCB000])[65 40       ]0x00004630:	EORS	R5, R4	;(R5=0xA5AECFF1 R4=0x0FE3A36F )
(    libInnoSecure.so[0xCBBCB000])[01 9B       ]0x00004632:	LDR	R3, [SP, #4]	;(SP=0x100FFD18 )
(    libInnoSecure.so[0xCBBCB000])[28 44       ]0x00004634:	ADD	R0, R5	;(R0=0x1FBE66A8 R5=0xAA4D6C9E )
(    libInnoSecure.so[0xCBBCB000])[42 F2 44 25 ]0x00004636:	MOVW	R5, #0X2244
(    libInnoSecure.so[0xCBBCB000])[CF F2 29 45 ]0x0000463A:	MOVT	R5, #0XF429	;(R5=0x00002244 )
(    libInnoSecure.so[0xCBBCB000])[28 44       ]0x0000463E:	ADD	R0, R5	;(R0=0xCA0BD346 R5=0xF4292244 )
(    libInnoSecure.so[0xCBBCB000])[23 44       ]0x00004640:	ADD	R3, R4	;(R3=0x31396230 R4=0x0FE3A36F )
(    libInnoSecure.so[0xCBBCB000])[01 EB B0 60 ]0x00004642:	ADD.W	R0, R1, R0, ROR #26	;(R1=0x85848BF1 R0=0xBE34F58A )
(    libInnoSecure.so[0xCBBCB000])[60 EA 04 05 ]0x00004646:	ORN	R5, R0, R4	;(R0=0x12C1EEA0 R4=0x0FE3A36F )
(    libInnoSecure.so[0xCBBCB000])[42 F2 A7 34 ]0x0000464A:	MOVW	R4, #0X23A7
(    libInnoSecure.so[0xCBBCB000])[4D 40       ]0x0000464E:	EORS	R5, R1	;(R5=0xF2DDFEB0 R1=0x85848BF1 )
(    libInnoSecure.so[0xCBBCB000])[CA F6 94 34 ]0x00004650:	MOVT	R4, #0XAB94	;(R4=0x000023A7 )
(    libInnoSecure.so[0xCBBCB000])[2A 44       ]0x00004654:	ADD	R2, R5	;(R2=0xC33715F3 R5=0x77597541 )
(    libInnoSecure.so[0xCBBCB000])[4F F6 97 75 ]0x00004656:	MOVW	R5, #0XFF97
(    libInnoSecure.so[0xCBBCB000])[C4 F2 2A 35 ]0x0000465A:	MOVT	R5, #0X432A	;(R5=0x0000FF97 )
(    libInnoSecure.so[0xCBBCB000])[2A 44       ]0x0000465E:	ADD	R2, R5	;(R2=0x3A908B34 R5=0x432AFF97 )
(    libInnoSecure.so[0xCBBCB000])[00 EB B2 52 ]0x00004660:	ADD.W	R2, R0, R2, ROR #22	;(R0=0x12C1EEA0 R2=0x7DBB8ACB )
(    libInnoSecure.so[0xCBBCB000])[62 EA 01 05 ]0x00004664:	ORN	R5, R2, R1	;(R2=0x00ED1C96 R1=0x85848BF1 )
(    libInnoSecure.so[0xCBBCB000])[45 40       ]0x00004668:	EORS	R5, R0	;(R5=0x7AFF7C9E R0=0x12C1EEA0 )
(    libInnoSecure.so[0xCBBCB000])[2B 44       ]0x0000466A:	ADD	R3, R5	;(R3=0x411D059F R5=0x683E923E )
(    libInnoSecure.so[0xCBBCB000])[09 9D       ]0x0000466C:	LDR	R5, [SP, #0X24]	;(SP=0x100FFD18 )
(    libInnoSecure.so[0xCBBCB000])[23 44       ]0x0000466E:	ADD	R3, R4	;(R3=0xA95B97DD R4=0xAB9423A7 )
(    libInnoSecure.so[0xCBBCB000])[29 44       ]0x00004670:	ADD	R1, R5	;(R1=0x85848BF1 R5=0x38336161 )
(    libInnoSecure.so[0xCBBCB000])[11 9D       ]0x00004672:	LDR	R5, [SP, #0X44]	;(SP=0x100FFD18 )
(    libInnoSecure.so[0xCBBCB000])[02 EB 73 43 ]0x00004674:	ADD.W	R3, R2, R3, ROR #17	;(R2=0x00ED1C96 R3=0x54EFBB84 )
(    libInnoSecure.so[0xCBBCB000])[63 EA 00 04 ]0x00004678:	ORN	R4, R3, R0	;(R3=0xDEAF470D R0=0x12C1EEA0 )
(    libInnoSecure.so[0xCBBCB000])[40 44       ]0x0000467C:	ADD	R0, R8	;(R0=0x12C1EEA0 R8=0x35626565 )
(    libInnoSecure.so[0xCBBCB000])[54 40       ]0x0000467E:	EORS	R4, R2	;(R4=0xFFBF575F R2=0x00ED1C96 )
(    libInnoSecure.so[0xCBBCB000])[21 44       ]0x00004680:	ADD	R1, R4	;(R1=0xBDB7ED52 R4=0xFF524BC9 )
(    libInnoSecure.so[0xCBBCB000])[4A F2 39 04 ]0x00004682:	MOVW	R4, #0XA039
(    libInnoSecure.so[0xCBBCB000])[CF F6 93 44 ]0x00004686:	MOVT	R4, #0XFC93	;(R4=0x0000A039 )
(    libInnoSecure.so[0xCBBCB000])[21 44       ]0x0000468A:	ADD	R1, R4	;(R1=0xBD0A391B R4=0xFC93A039 )
(    libInnoSecure.so[0xCBBCB000])[03 EB F1 21 ]0x0000468C:	ADD.W	R1, R3, R1, ROR #11	;(R3=0xDEAF470D R1=0xB99DD954 )
(    libInnoSecure.so[0xCBBCB000])[61 EA 02 04 ]0x00004690:	ORN	R4, R1, R2	;(R1=0x09467AC8 R2=0x00ED1C96 )
(    libInnoSecure.so[0xCBBCB000])[62 44       ]0x00004694:	ADD	R2, IP	;(R2=0x00ED1C96 IP=0x33666537 )
(    libInnoSecure.so[0xCBBCB000])[5C 40       ]0x00004696:	EORS	R4, R3	;(R4=0xFF56FBE9 R3=0xDEAF470D )
(    libInnoSecure.so[0xCBBCB000])[DD F8 1C C0 ]0x00004698:	LDR.W	IP, [SP, #0X1C]	;(SP=0x100FFD18 )
(    libInnoSecure.so[0xCBBCB000])[20 44       ]0x0000469C:	ADD	R0, R4	;(R0=0x48245405 R4=0x21F9BCE4 )
(    libInnoSecure.so[0xCBBCB000])[30 44       ]0x0000469E:	ADD	R0, R6	;(R0=0x6A1E10E9 R6=0x655B59C3 )
(    libInnoSecure.so[0xCBBCB000])[01 EB B0 60 ]0x000046A0:	ADD.W	R0, R1, R0, ROR #26	;(R1=0x09467AC8 R0=0xCF796AAC )
(    libInnoSecure.so[0xCBBCB000])[60 EA 03 06 ]0x000046A4:	ORN	R6, R0, R3	;(R0=0xE7A125FB R3=0xDEAF470D )
(    libInnoSecure.so[0xCBBCB000])[5B 44       ]0x000046A8:	ADD	R3, FP	;(R3=0xDEAF470D FP=0x62663931 )
(    libInnoSecure.so[0xCBBCB000])[4E 40       ]0x000046AA:	EORS	R6, R1	;(R6=0xE7F1BDFB R1=0x09467AC8 )
(    libInnoSecure.so[0xCBBCB000])[32 44       ]0x000046AC:	ADD	R2, R6	;(R2=0x345381CD R6=0xEEB7C733 )
(    libInnoSecure.so[0xCBBCB000])[4C F6 92 46 ]0x000046AE:	MOVW	R6, #0XCC92
(    libInnoSecure.so[0xCBBCB000])[C8 F6 0C 76 ]0x000046B2:	MOVT	R6, #0X8F0C	;(R6=0x0000CC92 )
(    libInnoSecure.so[0xCBBCB000])[32 44       ]0x000046B6:	ADD	R2, R6	;(R2=0x230B4900 R6=0x8F0CCC92 )
(    libInnoSecure.so[0xCBBCB000])[00 EB B2 52 ]0x000046B8:	ADD.W	R2, R0, R2, ROR #22	;(R0=0xE7A125FB R2=0xB2181592 )
(    libInnoSecure.so[0xCBBCB000])[62 EA 01 06 ]0x000046BC:	ORN	R6, R2, R1	;(R2=0x47F770C3 R1=0x09467AC8 )
(    libInnoSecure.so[0xCBBCB000])[29 44       ]0x000046C0:	ADD	R1, R5	;(R1=0x09467AC8 R5=0x65323136 )
(    libInnoSecure.so[0xCBBCB000])[46 40       ]0x000046C2:	EORS	R6, R0	;(R6=0xF7FFF5F7 R0=0xE7A125FB )
(    libInnoSecure.so[0xCBBCB000])[0A 9D       ]0x000046C4:	LDR	R5, [SP, #0X28]	;(SP=0x100FFD18 )
(    libInnoSecure.so[0xCBBCB000])[33 44       ]0x000046C6:	ADD	R3, R6	;(R3=0x4115803E R6=0x105ED00C )
(    libInnoSecure.so[0xCBBCB000])[4F F2 7D 46 ]0x000046C8:	MOVW	R6, #0XF47D
(    libInnoSecure.so[0xCBBCB000])[CF F6 EF 76 ]0x000046CC:	MOVT	R6, #0XFFEF	;(R6=0x0000F47D )
(    libInnoSecure.so[0xCBBCB000])[33 44       ]0x000046D0:	ADD	R3, R6	;(R3=0x5174504A R6=0xFFEFF47D )
(    libInnoSecure.so[0xCBBCB000])[02 EB 73 43 ]0x000046D2:	ADD.W	R3, R2, R3, ROR #17	;(R2=0x47F770C3 R3=0x516444C7 )
(    libInnoSecure.so[0xCBBCB000])[63 EA 00 06 ]0x000046D6:	ORN	R6, R3, R0	;(R3=0x6A5B1975 R0=0xE7A125FB )
(    libInnoSecure.so[0xCBBCB000])[28 44       ]0x000046DA:	ADD	R0, R5	;(R0=0xE7A125FB R5=0x37616132 )
(    libInnoSecure.so[0xCBBCB000])[56 40       ]0x000046DC:	EORS	R6, R2	;(R6=0x7A5FDB75 R2=0x47F770C3 )
(    libInnoSecure.so[0xCBBCB000])[08 9D       ]0x000046DE:	LDR	R5, [SP, #0X20]	;(SP=0x100FFD18 )
(    libInnoSecure.so[0xCBBCB000])[31 44       ]0x000046E0:	ADD	R1, R6	;(R1=0x6E78ABFE R6=0x3DA8ABB6 )
(    libInnoSecure.so[0xCBBCB000])[45 F6 D1 56 ]0x000046E2:	MOVW	R6, #0X5DD1
(    libInnoSecure.so[0xCBBCB000])[C8 F2 84 56 ]0x000046E6:	MOVT	R6, #0X8584	;(R6=0x00005DD1 )
(    libInnoSecure.so[0xCBBCB000])[31 44       ]0x000046EA:	ADD	R1, R6	;(R1=0xAC2157B4 R6=0x85845DD1 )
(    libInnoSecure.so[0xCBBCB000])[03 EB F1 21 ]0x000046EC:	ADD.W	R1, R3, R1, ROR #11	;(R3=0x6A5B1975 R1=0x31A5B585 )
(    libInnoSecure.so[0xCBBCB000])[61 EA 02 06 ]0x000046F0:	ORN	R6, R1, R2	;(R1=0x1B014E2B R2=0x47F770C3 )
(    libInnoSecure.so[0xCBBCB000])[72 44       ]0x000046F4:	ADD	R2, LR	;(R2=0x47F770C3 LR=0x31343363 )
(    libInnoSecure.so[0xCBBCB000])[5E 40       ]0x000046F6:	EORS	R6, R3	;(R6=0xBB09CF3F R3=0x6A5B1975 )
(    libInnoSecure.so[0xCBBCB000])[30 44       ]0x000046F8:	ADD	R0, R6	;(R0=0x1F02872D R6=0xD152D64A )
(    libInnoSecure.so[0xCBBCB000])[47 F6 4F 66 ]0x000046FA:	MOVW	R6, #0X7E4F
(    libInnoSecure.so[0xCBBCB000])[C6 F6 A8 76 ]0x000046FE:	MOVT	R6, #0X6FA8	;(R6=0x00007E4F )
(    libInnoSecure.so[0xCBBCB000])[30 44       ]0x00004702:	ADD	R0, R6	;(R0=0xF0555D77 R6=0x6FA87E4F )
(    libInnoSecure.so[0xCBBCB000])[01 EB B0 66 ]0x00004704:	ADD.W	R6, R1, R0, ROR #26	;(R1=0x1B014E2B R0=0x5FFDDBC6 )
(    libInnoSecure.so[0xCBBCB000])[66 EA 03 00 ]0x00004708:	ORN	R0, R6, R3	;(R6=0x1A783FC2 R3=0x6A5B1975 )
(    libInnoSecure.so[0xCBBCB000])[4B 44       ]0x0000470C:	ADD	R3, SB	;(R3=0x6A5B1975 SB=0x35353064 )
(    libInnoSecure.so[0xCBBCB000])[48 40       ]0x0000470E:	EORS	R0, R1	;(R0=0x9FFCFFCA R1=0x1B014E2B )
(    libInnoSecure.so[0xCBBCB000])[10 44       ]0x00004710:	ADD	R0, R2	;(R0=0x84FDB1E1 R2=0x792BA426 )
(    libInnoSecure.so[0xCBBCB000])[4E F2 E0 62 ]0x00004712:	MOVW	R2, #0XE6E0
(    libInnoSecure.so[0xCBBCB000])[CF F6 2C 62 ]0x00004716:	MOVT	R2, #0XFE2C	;(R2=0x0000E6E0 )
(    libInnoSecure.so[0xCBBCB000])[10 44       ]0x0000471A:	ADD	R0, R2	;(R0=0xFE295607 R2=0xFE2CE6E0 )
(    libInnoSecure.so[0xCBBCB000])[06 EB B0 52 ]0x0000471C:	ADD.W	R2, R6, R0, ROR #22	;(R6=0x1A783FC2 R0=0xFC563CE7 )
(    libInnoSecure.so[0xCBBCB000])[62 EA 01 00 ]0x00004720:	ORN	R0, R2, R1	;(R2=0x736BDFB3 R1=0x1B014E2B )
(    libInnoSecure.so[0xCBBCB000])[29 44       ]0x00004724:	ADD	R1, R5	;(R1=0x1B014E2B R5=0x33386139 )
(    libInnoSecure.so[0xCBBCB000])[70 40       ]0x00004726:	EORS	R0, R6	;(R0=0xF7FFFFF7 R6=0x1A783FC2 )
(    libInnoSecure.so[0xCBBCB000])[0B 9D       ]0x00004728:	LDR	R5, [SP, #0X2C]	;(SP=0x100FFD18 )
(    libInnoSecure.so[0xCBBCB000])[18 44       ]0x0000472A:	ADD	R0, R3	;(R0=0xED87C035 R3=0x9F9049D9 )
(    libInnoSecure.so[0xCBBCB000])[44 F2 14 33 ]0x0000472C:	MOVW	R3, #0X4314
(    libInnoSecure.so[0xCBBCB000])[CA F2 01 33 ]0x00004730:	MOVT	R3, #0XA301	;(R3=0x00004314 )
(    libInnoSecure.so[0xCBBCB000])[18 44       ]0x00004734:	ADD	R0, R3	;(R0=0x8D180A0E R3=0xA3014314 )
(    libInnoSecure.so[0xCBBCB000])[02 EB 70 40 ]0x00004736:	ADD.W	R0, R2, R0, ROR #17	;(R2=0x736BDFB3 R0=0x30194D22 )
(    libInnoSecure.so[0xCBBCB000])[60 EA 06 03 ]0x0000473A:	ORN	R3, R0, R6	;(R0=0x19FCF7BF R6=0x1A783FC2 )
(    libInnoSecure.so[0xCBBCB000])[2E 44       ]0x0000473E:	ADD	R6, R5	;(R6=0x1A783FC2 R5=0x32303538 )
(    libInnoSecure.so[0xCBBCB000])[53 40       ]0x00004740:	EORS	R3, R2	;(R3=0xFDFFF7BF R2=0x736BDFB3 )
(    libInnoSecure.so[0xCBBCB000])[19 44       ]0x00004742:	ADD	R1, R3	;(R1=0x4E39AF64 R3=0x8E94280C )
(    libInnoSecure.so[0xCBBCB000])[41 F2 A1 13 ]0x00004744:	MOVW	R3, #0X11A1
(    libInnoSecure.so[0xCBBCB000])[C4 F6 08 63 ]0x00004748:	MOVT	R3, #0X4E08	;(R3=0x000011A1 )
(    libInnoSecure.so[0xCBBCB000])[19 44       ]0x0000474C:	ADD	R1, R3	;(R1=0xDCCDD770 R3=0x4E0811A1 )
(    libInnoSecure.so[0xCBBCB000])[00 EB F1 21 ]0x0000474E:	ADD.W	R1, R0, R1, ROR #11	;(R0=0x19FCF7BF R1=0x2AD5E911 )
(    libInnoSecure.so[0xCBBCB000])[61 EA 02 03 ]0x00004752:	ORN	R3, R1, R2	;(R1=0x3C22527C R2=0x736BDFB3 )
(    libInnoSecure.so[0xCBBCB000])[43 40       ]0x00004756:	EORS	R3, R0	;(R3=0xBCB6727C R0=0x19FCF7BF )
(    libInnoSecure.so[0xCBBCB000])[33 44       ]0x00004758:	ADD	R3, R6	;(R3=0xA54A85C3 R6=0x4CA874FA )
(    libInnoSecure.so[0xCBBCB000])[47 F6 82 66 ]0x0000475A:	MOVW	R6, #0X7E82
(    libInnoSecure.so[0xCBBCB000])[CF F2 53 76 ]0x0000475E:	MOVT	R6, #0XF753	;(R6=0x00007E82 )
(    libInnoSecure.so[0xCBBCB000])[33 44       ]0x00004762:	ADD	R3, R6	;(R3=0xF1F2FABD R6=0xF7537E82 )
(    libInnoSecure.so[0xCBBCB000])[DC F8 00 60 ]0x00004764:	LDR.W	R6, [IP]	;(IP=0x100FFEF8 )
(    libInnoSecure.so[0xCBBCB000])[01 EB B3 63 ]0x00004768:	ADD.W	R3, R1, R3, ROR #26	;(R1=0x3C22527C R3=0xE946793F )
(    libInnoSecure.so[0xCBBCB000])[1E 44       ]0x0000476C:	ADD	R6, R3	;(R6=0x0F7C7A75 R3=0x8DC0A276 )
(    libInnoSecure.so[0xCBBCB000])[CC F8 00 60 ]0x0000476E:	STR.W	R6, [IP]	;(R6=0x9D3D1CEB IP=0x100FFEF8 )
(    libInnoSecure.so[0xCBBCB000])[05 9D       ]0x00004772:	LDR	R5, [SP, #0X14]	;(SP=0x100FFD18 )
(    libInnoSecure.so[0xCBBCB000])[63 EA 00 06 ]0x00004774:	ORN	R6, R3, R0	;(R3=0x8DC0A276 R0=0x19FCF7BF )
(    libInnoSecure.so[0xCBBCB000])[4E 40       ]0x00004778:	EORS	R6, R1	;(R6=0xEFC3AA76 R1=0x3C22527C )
(    libInnoSecure.so[0xCBBCB000])[50 44       ]0x0000477A:	ADD	R0, SL	;(R0=0x19FCF7BF SL=0x32623665 )
(    libInnoSecure.so[0xCBBCB000])[2A 44       ]0x0000477C:	ADD	R2, R5	;(R2=0x736BDFB3 R5=0x61326438 )
(    libInnoSecure.so[0xCBBCB000])[32 44       ]0x0000477E:	ADD	R2, R6	;(R2=0xD49E43EB R6=0xD3E1F80A )
(    libInnoSecure.so[0xCBBCB000])[4F F2 35 26 ]0x00004780:	MOVW	R6, #0XF235
(    libInnoSecure.so[0xCBBCB000])[CB F6 3A 56 ]0x00004784:	MOVT	R6, #0XBD3A	;(R6=0x0000F235 )
(    libInnoSecure.so[0xCBBCB000])[32 44       ]0x00004788:	ADD	R2, R6	;(R2=0xA8803BF5 R6=0xBD3AF235 )
(    libInnoSecure.so[0xCBBCB000])[DC E9 01 65 ]0x0000478A:	LDRD	R6, R5, [IP, #4]	;(IP=0x100FFEF8 )
(    libInnoSecure.so[0xCBBCB000])[DC F8 0C 40 ]0x0000478E:	LDR.W	R4, [IP, #0XC]	;(IP=0x100FFEF8 )
(    libInnoSecure.so[0xCBBCB000])[03 EB B2 52 ]0x00004792:	ADD.W	R2, R3, R2, ROR #22	;(R3=0x8DC0A276 R2=0x65BB2E2A )
(    libInnoSecure.so[0xCBBCB000])[14 44       ]0x00004796:	ADD	R4, R2	;(R4=0x2F154E44 R2=0x7A794C0C )
(    libInnoSecure.so[0xCBBCB000])[CC F8 0C 40 ]0x00004798:	STR.W	R4, [IP, #0XC]	;(R4=0xA98E9A50 IP=0x100FFEF8 )
(    libInnoSecure.so[0xCBBCB000])[62 EA 01 04 ]0x0000479C:	ORN	R4, R2, R1	;(R2=0x7A794C0C R1=0x3C22527C )
(    libInnoSecure.so[0xCBBCB000])[5C 40       ]0x000047A0:	EORS	R4, R3	;(R4=0xFBFDED8F R3=0x8DC0A276 )
(    libInnoSecure.so[0xCBBCB000])[20 44       ]0x000047A2:	ADD	R0, R4	;(R0=0x4C5F2E24 R4=0x763D4FF9 )
(    libInnoSecure.so[0xCBBCB000])[4D F2 BB 24 ]0x000047A4:	MOVW	R4, #0XD2BB
(    libInnoSecure.so[0xCBBCB000])[C2 F6 D7 24 ]0x000047A8:	MOVT	R4, #0X2AD7	;(R4=0x0000D2BB )
(    libInnoSecure.so[0xCBBCB000])[20 44       ]0x000047AC:	ADD	R0, R4	;(R0=0xC29C7E1D R4=0x2AD7D2BB )
(    libInnoSecure.so[0xCBBCB000])[02 EB 70 40 ]0x000047AE:	ADD.W	R0, R2, R0, ROR #17	;(R2=0x7A794C0C R0=0xED7450D8 )
(    libInnoSecure.so[0xCBBCB000])[05 44       ]0x000047B2:	ADD	R5, R0	;(R5=0x4C60C63A R0=0xA2E5C2C6 )
(    libInnoSecure.so[0xCBBCB000])[60 EA 03 03 ]0x000047B4:	ORN	R3, R0, R3	;(R0=0xA2E5C2C6 R3=0x8DC0A276 )
(    libInnoSecure.so[0xCBBCB000])[CC F8 08 50 ]0x000047B8:	STR.W	R5, [IP, #8]	;(R5=0xEF468900 IP=0x100FFEF8 )
(    libInnoSecure.so[0xCBBCB000])[5A 40       ]0x000047BC:	EORS	R2, R3	;(R2=0x7A794C0C R3=0xF2FFDFCF )
(    libInnoSecure.so[0xCBBCB000])[10 9B       ]0x000047BE:	LDR	R3, [SP, #0X40]	;(SP=0x100FFD18 )
(    libInnoSecure.so[0xCBBCB000])[30 44       ]0x000047C0:	ADD	R0, R6	;(R0=0xA2E5C2C6 R6=0x870657C6 )
(    libInnoSecure.so[0xCBBCB000])[19 44       ]0x000047C2:	ADD	R1, R3	;(R1=0x3C22527C R3=0x64323562 )
(    libInnoSecure.so[0xCBBCB000])[11 44       ]0x000047C4:	ADD	R1, R2	;(R1=0xA05487DE R2=0x888693C3 )
(    libInnoSecure.so[0xCBBCB000])[4D F2 91 32 ]0x000047C6:	MOVW	R2, #0XD391
(    libInnoSecure.so[0xCBBCB000])[CE F6 86 32 ]0x000047CA:	MOVT	R2, #0XEB86	;(R2=0x0000D391 )
(    libInnoSecure.so[0xCBBCB000])[11 44       ]0x000047CE:	ADD	R1, R2	;(R1=0x28DB1BA1 R2=0xEB86D391 )
(    libInnoSecure.so[0xCBBCB000])[00 EB F1 20 ]0x000047D0:	ADD.W	R0, R0, R1, ROR #11	;(R0=0x29EC1A8C R1=0x1461EF32 )
(    libInnoSecure.so[0xCBBCB000])[CC F8 04 00 ]0x000047D4:	STR.W	R0, [IP, #4]	;(R0=0x102EA6C9 IP=0x100FFEF8 )
(    libInnoSecure.so[0xCBBCB000])[07 48       ]0x000047D8:	LDR	R0, [PC, #0X1C]	;(PC=0xCBBCF7D8 )
(    libInnoSecure.so[0xCBBCB000])[52 99       ]0x000047DA:	LDR	R1, [SP, #0X148]	;(SP=0x100FFD18 )
(    libInnoSecure.so[0xCBBCB000])[78 44       ]0x000047DC:	ADD	R0, PC	;(R0=0x000056C0 PC=0xCBBCF7DC )
(    libInnoSecure.so[0xCBBCB000])[00 68       ]0x000047DE:	LDR	R0, [R0]	;(R0=0xCBBD4EA0 )
(    libInnoSecure.so[0xCBBCB000])[00 68       ]0x000047E0:	LDR	R0, [R0]	;(R0=0xCBC29384 )
(    libInnoSecure.so[0xCBBCB000])[40 1A       ]0x000047E2:	SUBS	R0, R0, R1	;(R0=0x00000000 R1=0x00000000 )
(    libInnoSecure.so[0xCBBCB000])[02 BF       ]0x000047E4:	ITTT	EQ
(    libInnoSecure.so[0xCBBCB000])[53 B0       ]0x000047E6:	ADD	SP, #0X14C	;(SP=0x100FFD18 )
(    libInnoSecure.so[0xCBBCB000])[BD E8 00 0F ]0x000047E8:	POP.W	{R8, SB, SL, FP}	;(SP=0x100FFE64 )
(    libInnoSecure.so[0xCBBCB000])[F0 BD       ]0x000047EC:	POP	{R4, R5, R6, R7, PC}	;(SP=0x100FFE74 )
(    libInnoSecure.so[0xCBBCB000])[05 F1 80 00 ]0x0000402E:	ADD.W	R0, R5, #0X80	;(R5=0x00000280 )
(    libInnoSecure.so[0xCBBCB000])[40 35       ]0x00004032:	ADDS	R5, #0X40	;(R5=0x00000280 )
(    libInnoSecure.so[0xCBBCB000])[A0 42       ]0x00004034:	CMP	R0, R4	;(R0=0x00000300 R4=0x0000043E )
(    libInnoSecure.so[0xCBBCB000])[F5 D9       ]0x00004036:	BLS	#0XCBBCF024
(    libInnoSecure.so[0xCBBCB000])[09 EB 05 01 ]0x00004024:	ADD.W	R1, SB, R5	;(SB=0x30043020 R5=0x000002C0 )
(    libInnoSecure.so[0xCBBCB000])[30 46       ]0x00004028:	MOV	R0, R6	;(R6=0x100FFEF8 )
(    libInnoSecure.so[0xCBBCB000])[00 F0 11 F8 ]0x0000402A:	BL	#0XCBBCF050	;(PC=0xCBBCF02A )
(    libInnoSecure.so[0xCBBCB000])[F0 B5       ]0x00004050:	PUSH	{R4, R5, R6, R7, LR}	;(SP=0x100FFE88 R4=0x0000043E R5=0x000002C0 R6=0x100FFEF8 R7=0x100FFEA0 LR=0xCBBCF02F )
(    libInnoSecure.so[0xCBBCB000])[03 AF       ]0x00004052:	ADD	R7, SP, #0XC	;(SP=0x100FFE74 )
(    libInnoSecure.so[0xCBBCB000])[2D E9 00 0F ]0x00004054:	PUSH.W	{R8, SB, SL, FP}	;(SP=0x100FFE74 R8=0x100FFEF0 SB=0x30043020 SL=0x100FFF08 FP=0x00000007 )
(    libInnoSecure.so[0xCBBCB000])[D3 B0       ]0x00004058:	SUB	SP, #0X14C	;(SP=0x100FFE64 )
(    libInnoSecure.so[0xCBBCB000])[DF F8 98 27 ]0x0000405A:	LDR.W	R2, [PC, #0X798]	;(PC=0xCBBCF05A )
(    libInnoSecure.so[0xCBBCB000])[12 AC       ]0x0000405E:	ADD	R4, SP, #0X48	;(SP=0x100FFD18 )
(    libInnoSecure.so[0xCBBCB000])[00 25       ]0x00004060:	MOVS	R5, #0
(    libInnoSecure.so[0xCBBCB000])[7A 44       ]0x00004062:	ADD	R2, PC	;(R2=0x00005E3A PC=0xCBBCF062 )
(    libInnoSecure.so[0xCBBCB000])[12 68       ]0x00004064:	LDR	R2, [R2]	;(R2=0xCBBD4EA0 )
(    libInnoSecure.so[0xCBBCB000])[12 68       ]0x00004066:	LDR	R2, [R2]	;(R2=0xCBC29384 )
(    libInnoSecure.so[0xCBBCB000])[52 92       ]0x00004068:	STR	R2, [SP, #0X148]	;(R2=0x00000000 SP=0x100FFD18 )
(    libInnoSecure.so[0xCBBCB000])[D0 E9 00 C2 ]0x0000406A:	LDRD	IP, R2, [R0]	;(R0=0x100FFEF8 )
(    libInnoSecure.so[0xCBBCB000])[D0 F8 08 E0 ]0x0000406E:	LDR.W	LR, [R0, #8]	;(R0=0x100FFEF8 )
(    libInnoSecure.so[0xCBBCB000])[07 90       ]0x00004072:	STR	R0, [SP, #0X1C]	;(R0=0x100FFEF8 SP=0x100FFD18 )
(    libInnoSecure.so[0xCBBCB000])[C0 68       ]0x00004074:	LDR	R0, [R0, #0XC]	;(R0=0x100FFEF8 )
(    libInnoSecure.so[0xCBBCB000])[4E 59       ]0x00004076:	LDR	R6, [R1, R5]	;(R1=0x300432E0 R5=0x00000000 )
(    libInnoSecure.so[0xCBBCB000])[66 51       ]0x00004078:	STR	R6, [R4, R5]	;(R6=0x34623166 R4=0x100FFD60 R5=0x00000000 )
(    libInnoSecure.so[0xCBBCB000])[04 35       ]0x0000407A:	ADDS	R5, #4	;(R5=0x00000000 )
(    libInnoSecure.so[0xCBBCB000])[40 2D       ]0x0000407C:	CMP	R5, #0X40	;(R5=0x00000004 )
(    libInnoSecure.so[0xCBBCB000])[FA D1       ]0x0000407E:	BNE	#0XCBBCF076
(    libInnoSecure.so[0xCBBCB000])[4E 59       ]0x00004076:	LDR	R6, [R1, R5]	;(R1=0x300432E0 R5=0x00000004 )
(    libInnoSecure.so[0xCBBCB000])[66 51       ]0x00004078:	STR	R6, [R4, R5]	;(R6=0x35363736 R4=0x100FFD60 R5=0x00000004 )
(    libInnoSecure.so[0xCBBCB000])[04 35       ]0x0000407A:	ADDS	R5, #4	;(R5=0x00000004 )
(    libInnoSecure.so[0xCBBCB000])[40 2D       ]0x0000407C:	CMP	R5, #0X40	;(R5=0x00000008 )
(    libInnoSecure.so[0xCBBCB000])[FA D1       ]0x0000407E:	BNE	#0XCBBCF076
(    libInnoSecure.so[0xCBBCB000])[4E 59       ]0x00004076:	LDR	R6, [R1, R5]	;(R1=0x300432E0 R5=0x00000008 )
(    libInnoSecure.so[0xCBBCB000])[66 51       ]0x00004078:	STR	R6, [R4, R5]	;(R6=0x33376535 R4=0x100FFD60 R5=0x00000008 )
(    libInnoSecure.so[0xCBBCB000])[04 35       ]0x0000407A:	ADDS	R5, #4	;(R5=0x00000008 )
(    libInnoSecure.so[0xCBBCB000])[40 2D       ]0x0000407C:	CMP	R5, #0X40	;(R5=0x0000000C )
(    libInnoSecure.so[0xCBBCB000])[FA D1       ]0x0000407E:	BNE	#0XCBBCF076
(    libInnoSecure.so[0xCBBCB000])[4E 59       ]0x00004076:	LDR	R6, [R1, R5]	;(R1=0x300432E0 R5=0x0000000C )
(    libInnoSecure.so[0xCBBCB000])[66 51       ]0x00004078:	STR	R6, [R4, R5]	;(R6=0x39653331 R4=0x100FFD60 R5=0x0000000C )
(    libInnoSecure.so[0xCBBCB000])[04 35       ]0x0000407A:	ADDS	R5, #4	;(R5=0x0000000C )
(    libInnoSecure.so[0xCBBCB000])[40 2D       ]0x0000407C:	CMP	R5, #0X40	;(R5=0x00000010 )
(    libInnoSecure.so[0xCBBCB000])[FA D1       ]0x0000407E:	BNE	#0XCBBCF076
(    libInnoSecure.so[0xCBBCB000])[4E 59       ]0x00004076:	LDR	R6, [R1, R5]	;(R1=0x300432E0 R5=0x00000010 )
(    libInnoSecure.so[0xCBBCB000])[66 51       ]0x00004078:	STR	R6, [R4, R5]	;(R6=0x35366666 R4=0x100FFD60 R5=0x00000010 )
(    libInnoSecure.so[0xCBBCB000])[04 35       ]0x0000407A:	ADDS	R5, #4	;(R5=0x00000010 )
(    libInnoSecure.so[0xCBBCB000])[40 2D       ]0x0000407C:	CMP	R5, #0X40	;(R5=0x00000014 )
(    libInnoSecure.so[0xCBBCB000])[FA D1       ]0x0000407E:	BNE	#0XCBBCF076
(    libInnoSecure.so[0xCBBCB000])[4E 59       ]0x00004076:	LDR	R6, [R1, R5]	;(R1=0x300432E0 R5=0x00000014 )
(    libInnoSecure.so[0xCBBCB000])[66 51       ]0x00004078:	STR	R6, [R4, R5]	;(R6=0x36626566 R4=0x100FFD60 R5=0x00000014 )
(    libInnoSecure.so[0xCBBCB000])[04 35       ]0x0000407A:	ADDS	R5, #4	;(R5=0x00000014 )
(    libInnoSecure.so[0xCBBCB000])[40 2D       ]0x0000407C:	CMP	R5, #0X40	;(R5=0x00000018 )
(    libInnoSecure.so[0xCBBCB000])[FA D1       ]0x0000407E:	BNE	#0XCBBCF076
(    libInnoSecure.so[0xCBBCB000])[4E 59       ]0x00004076:	LDR	R6, [R1, R5]	;(R1=0x300432E0 R5=0x00000018 )
(    libInnoSecure.so[0xCBBCB000])[66 51       ]0x00004078:	STR	R6, [R4, R5]	;(R6=0x62393335 R4=0x100FFD60 R5=0x00000018 )
(    libInnoSecure.so[0xCBBCB000])[04 35       ]0x0000407A:	ADDS	R5, #4	;(R5=0x00000018 )
(    libInnoSecure.so[0xCBBCB000])[40 2D       ]0x0000407C:	CMP	R5, #0X40	;(R5=0x0000001C )
(    libInnoSecure.so[0xCBBCB000])[FA D1       ]0x0000407E:	BNE	#0XCBBCF076
(    libInnoSecure.so[0xCBBCB000])[4E 59       ]0x00004076:	LDR	R6, [R1, R5]	;(R1=0x300432E0 R5=0x0000001C )
(    libInnoSecure.so[0xCBBCB000])[66 51       ]0x00004078:	STR	R6, [R4, R5]	;(R6=0x35363166 R4=0x100FFD60 R5=0x0000001C )
(    libInnoSecure.so[0xCBBCB000])[04 35       ]0x0000407A:	ADDS	R5, #4	;(R5=0x0000001C )
(    libInnoSecure.so[0xCBBCB000])[40 2D       ]0x0000407C:	CMP	R5, #0X40	;(R5=0x00000020 )
(    libInnoSecure.so[0xCBBCB000])[FA D1       ]0x0000407E:	BNE	#0XCBBCF076
(    libInnoSecure.so[0xCBBCB000])[4E 59       ]0x00004076:	LDR	R6, [R1, R5]	;(R1=0x300432E0 R5=0x00000020 )
(    libInnoSecure.so[0xCBBCB000])[66 51       ]0x00004078:	STR	R6, [R4, R5]	;(R6=0x35336635 R4=0x100FFD60 R5=0x00000020 )
(    libInnoSecure.so[0xCBBCB000])[04 35       ]0x0000407A:	ADDS	R5, #4	;(R5=0x00000020 )
(    libInnoSecure.so[0xCBBCB000])[40 2D       ]0x0000407C:	CMP	R5, #0X40	;(R5=0x00000024 )
(    libInnoSecure.so[0xCBBCB000])[FA D1       ]0x0000407E:	BNE	#0XCBBCF076
(    libInnoSecure.so[0xCBBCB000])[4E 59       ]0x00004076:	LDR	R6, [R1, R5]	;(R1=0x300432E0 R5=0x00000024 )
(    libInnoSecure.so[0xCBBCB000])[66 51       ]0x00004078:	STR	R6, [R4, R5]	;(R6=0x65373361 R4=0x100FFD60 R5=0x00000024 )
(    libInnoSecure.so[0xCBBCB000])[04 35       ]0x0000407A:	ADDS	R5, #4	;(R5=0x00000024 )
(    libInnoSecure.so[0xCBBCB000])[40 2D       ]0x0000407C:	CMP	R5, #0X40	;(R5=0x00000028 )
(    libInnoSecure.so[0xCBBCB000])[FA D1       ]0x0000407E:	BNE	#0XCBBCF076
(    libInnoSecure.so[0xCBBCB000])[4E 59       ]0x00004076:	LDR	R6, [R1, R5]	;(R1=0x300432E0 R5=0x00000028 )
(    libInnoSecure.so[0xCBBCB000])[66 51       ]0x00004078:	STR	R6, [R4, R5]	;(R6=0x61663731 R4=0x100FFD60 R5=0x00000028 )
(    libInnoSecure.so[0xCBBCB000])[04 35       ]0x0000407A:	ADDS	R5, #4	;(R5=0x00000028 )
(    libInnoSecure.so[0xCBBCB000])[40 2D       ]0x0000407C:	CMP	R5, #0X40	;(R5=0x0000002C )
(    libInnoSecure.so[0xCBBCB000])[FA D1       ]0x0000407E:	BNE	#0XCBBCF076
(    libInnoSecure.so[0xCBBCB000])[4E 59       ]0x00004076:	LDR	R6, [R1, R5]	;(R1=0x300432E0 R5=0x0000002C )
(    libInnoSecure.so[0xCBBCB000])[66 51       ]0x00004078:	STR	R6, [R4, R5]	;(R6=0x65343961 R4=0x100FFD60 R5=0x0000002C )
(    libInnoSecure.so[0xCBBCB000])[04 35       ]0x0000407A:	ADDS	R5, #4	;(R5=0x0000002C )
(    libInnoSecure.so[0xCBBCB000])[40 2D       ]0x0000407C:	CMP	R5, #0X40	;(R5=0x00000030 )
(    libInnoSecure.so[0xCBBCB000])[FA D1       ]0x0000407E:	BNE	#0XCBBCF076
(    libInnoSecure.so[0xCBBCB000])[4E 59       ]0x00004076:	LDR	R6, [R1, R5]	;(R1=0x300432E0 R5=0x00000030 )
(    libInnoSecure.so[0xCBBCB000])[66 51       ]0x00004078:	STR	R6, [R4, R5]	;(R6=0x61363035 R4=0x100FFD60 R5=0x00000030 )
(    libInnoSecure.so[0xCBBCB000])[04 35       ]0x0000407A:	ADDS	R5, #4	;(R5=0x00000030 )
(    libInnoSecure.so[0xCBBCB000])[40 2D       ]0x0000407C:	CMP	R5, #0X40	;(R5=0x00000034 )
(    libInnoSecure.so[0xCBBCB000])[FA D1       ]0x0000407E:	BNE	#0XCBBCF076
(    libInnoSecure.so[0xCBBCB000])[4E 59       ]0x00004076:	LDR	R6, [R1, R5]	;(R1=0x300432E0 R5=0x00000034 )
(    libInnoSecure.so[0xCBBCB000])[66 51       ]0x00004078:	STR	R6, [R4, R5]	;(R6=0x31323830 R4=0x100FFD60 R5=0x00000034 )
(    libInnoSecure.so[0xCBBCB000])[04 35       ]0x0000407A:	ADDS	R5, #4	;(R5=0x00000034 )
(    libInnoSecure.so[0xCBBCB000])[40 2D       ]0x0000407C:	CMP	R5, #0X40	;(R5=0x00000038 )
(    libInnoSecure.so[0xCBBCB000])[FA D1       ]0x0000407E:	BNE	#0XCBBCF076
(    libInnoSecure.so[0xCBBCB000])[4E 59       ]0x00004076:	LDR	R6, [R1, R5]	;(R1=0x300432E0 R5=0x00000038 )
(    libInnoSecure.so[0xCBBCB000])[66 51       ]0x00004078:	STR	R6, [R4, R5]	;(R6=0x31666439 R4=0x100FFD60 R5=0x00000038 )
(    libInnoSecure.so[0xCBBCB000])[04 35       ]0x0000407A:	ADDS	R5, #4	;(R5=0x00000038 )
(    libInnoSecure.so[0xCBBCB000])[40 2D       ]0x0000407C:	CMP	R5, #0X40	;(R5=0x0000003C )
(    libInnoSecure.so[0xCBBCB000])[FA D1       ]0x0000407E:	BNE	#0XCBBCF076
(    libInnoSecure.so[0xCBBCB000])[4E 59       ]0x00004076:	LDR	R6, [R1, R5]	;(R1=0x300432E0 R5=0x0000003C )
(    libInnoSecure.so[0xCBBCB000])[66 51       ]0x00004078:	STR	R6, [R4, R5]	;(R6=0x33373639 R4=0x100FFD60 R5=0x0000003C )
(    libInnoSecure.so[0xCBBCB000])[04 35       ]0x0000407A:	ADDS	R5, #4	;(R5=0x0000003C )
(    libInnoSecure.so[0xCBBCB000])[40 2D       ]0x0000407C:	CMP	R5, #0X40	;(R5=0x00000040 )
(    libInnoSecure.so[0xCBBCB000])[FA D1       ]0x0000407E:	BNE	#0XCBBCF076
(    libInnoSecure.so[0xCBBCB000])[0E EA 02 01 ]0x00004080:	AND.W	R1, LR, R2	;(LR=0xEF468900 R2=0x102EA6C9 )
(    libInnoSecure.so[0xCBBCB000])[20 EA 02 06 ]0x00004084:	BIC.W	R6, R0, R2	;(R0=0xA98E9A50 R2=0x102EA6C9 )
(    libInnoSecure.so[0xCBBCB000])[31 43       ]0x00004088:	ORRS	R1, R6	;(R1=0x00068000 R6=0xA9801810 )
(    libInnoSecure.so[0xCBBCB000])[12 9D       ]0x0000408A:	LDR	R5, [SP, #0X48]	;(SP=0x100FFD18 )
(    libInnoSecure.so[0xCBBCB000])[61 44       ]0x0000408C:	ADD	R1, IP	;(R1=0xA9869810 IP=0x9D3D1CEB )
(    libInnoSecure.so[0xCBBCB000])[4A F2 78 46 ]0x0000408E:	MOVW	R6, #0XA478
(    libInnoSecure.so[0xCBBCB000])[29 44       ]0x00004092:	ADD	R1, R5	;(R1=0x46C3B4FB R5=0x34623166 )
(    libInnoSecure.so[0xCBBCB000])[CD F2 6A 76 ]0x00004094:	MOVT	R6, #0XD76A	;(R6=0x0000A478 )
(    libInnoSecure.so[0xCBBCB000])[31 44       ]0x00004098:	ADD	R1, R6	;(R1=0x7B25E661 R6=0xD76AA478 )
(    libInnoSecure.so[0xCBBCB000])[13 9B       ]0x0000409A:	LDR	R3, [SP, #0X4C]	;(SP=0x100FFD18 )
(    libInnoSecure.so[0xCBBCB000])[0E 95       ]0x0000409C:	STR	R5, [SP, #0X38]	;(R5=0x34623166 SP=0x100FFD18 )
(    libInnoSecure.so[0xCBBCB000])[02 EB 71 66 ]0x0000409E:	ADD.W	R6, R2, R1, ROR #25	;(R2=0x102EA6C9 R1=0x52908AD9 )
(    libInnoSecure.so[0xCBBCB000])[18 44       ]0x000040A2:	ADD	R0, R3	;(R0=0xA98E9A50 R3=0x35363736 )
(    libInnoSecure.so[0xCBBCB000])[2E EA 06 01 ]0x000040A4:	BIC.W	R1, LR, R6	;(LR=0xEF468900 R6=0x58741372 )
(    libInnoSecure.so[0xCBBCB000])[06 EA 02 05 ]0x000040A8:	AND.W	R5, R6, R2	;(R6=0x58741372 R2=0x102EA6C9 )
(    libInnoSecure.so[0xCBBCB000])[29 43       ]0x000040AC:	ORRS	R1, R5	;(R1=0xA7028800 R5=0x10240240 )
(    libInnoSecure.so[0xCBBCB000])[14 9C       ]0x000040AE:	LDR	R4, [SP, #0X50]	;(SP=0x100FFD18 )
(    libInnoSecure.so[0xCBBCB000])[08 44       ]0x000040B0:	ADD	R0, R1	;(R0=0xDEC4D186 R1=0xB7268A40 )
(    libInnoSecure.so[0xCBBCB000])[4B F2 56 71 ]0x000040B2:	MOVW	R1, #0XB756
(    libInnoSecure.so[0xCBBCB000])[CE F6 C7 01 ]0x000040B6:	MOVT	R1, #0XE8C7	;(R1=0x0000B756 )
(    libInnoSecure.so[0xCBBCB000])[08 44       ]0x000040BA:	ADD	R0, R1	;(R0=0x95EB5BC6 R1=0xE8C7B756 )
(    libInnoSecure.so[0xCBBCB000])[DD F8 54 C0 ]0x000040BC:	LDR.W	IP, [SP, #0X54]	;(SP=0x100FFD18 )
(    libInnoSecure.so[0xCBBCB000])[06 EB 30 55 ]0x000040C0:	ADD.W	R5, R6, R0, ROR #20	;(R6=0x58741372 R0=0x7EB3131C )
(    libInnoSecure.so[0xCBBCB000])[11 93       ]0x000040C4:	STR	R3, [SP, #0X44]	;(R3=0x35363736 SP=0x100FFD18 )
(    libInnoSecure.so[0xCBBCB000])[22 EA 05 00 ]0x000040C6:	BIC.W	R0, R2, R5	;(R2=0x102EA6C9 R5=0x89A5DB5D )
(    libInnoSecure.so[0xCBBCB000])[05 EA 06 01 ]0x000040CA:	AND.W	R1, R5, R6	;(R5=0x89A5DB5D R6=0x58741372 )
(    libInnoSecure.so[0xCBBCB000])[08 43       ]0x000040CE:	ORRS	R0, R1	;(R0=0x100A2480 R1=0x08241350 )
(    libInnoSecure.so[0xCBBCB000])[0E EB 04 01 ]0x000040D0:	ADD.W	R1, LR, R4	;(LR=0xEF468900 R4=0x33376535 )
(    libInnoSecure.so[0xCBBCB000])[08 44       ]0x000040D4:	ADD	R0, R1	;(R0=0x182E37D0 R1=0x227DEE35 )
(    libInnoSecure.so[0xCBBCB000])[47 F2 DB 01 ]0x000040D6:	MOVW	R1, #0X70DB
(    libInnoSecure.so[0xCBBCB000])[C2 F2 20 41 ]0x000040DA:	MOVT	R1, #0X2420	;(R1=0x000070DB )
(    libInnoSecure.so[0xCBBCB000])[08 44       ]0x000040DE:	ADD	R0, R1	;(R0=0x3AAC2605 R1=0x242070DB )
(    libInnoSecure.so[0xCBBCB000])[62 44       ]0x000040E0:	ADD	R2, IP	;(R2=0x102EA6C9 IP=0x39653331 )
(    libInnoSecure.so[0xCBBCB000])[CD F8 3C C0 ]0x000040E2:	STR.W	IP, [SP, #0X3C]	;(IP=0x39653331 SP=0x100FFD18 )
(    libInnoSecure.so[0xCBBCB000])[05 EB F0 30 ]0x000040E6:	ADD.W	R0, R5, R0, ROR #15	;(R5=0x89A5DB5D R0=0x5ECC96E0 )
(    libInnoSecure.so[0xCBBCB000])[DD F8 60 C0 ]0x000040EA:	LDR.W	IP, [SP, #0X60]	;(SP=0x100FFD18 )
(    libInnoSecure.so[0xCBBCB000])[26 EA 00 01 ]0x000040EE:	BIC.W	R1, R6, R0	;(R6=0x58741372 R0=0xB76698F6 )
(    libInnoSecure.so[0xCBBCB000])[00 EA 05 03 ]0x000040F2:	AND.W	R3, R0, R5	;(R0=0xB76698F6 R5=0x89A5DB5D )
(    libInnoSecure.so[0xCBBCB000])[19 43       ]0x000040F6:	ORRS	R1, R3	;(R1=0x48100300 R3=0x81249854 )
(    libInnoSecure.so[0xCBBCB000])[0C 94       ]0x000040F8:	STR	R4, [SP, #0X30]	;(R4=0x33376535 SP=0x100FFD18 )
(    libInnoSecure.so[0xCBBCB000])[11 44       ]0x000040FA:	ADD	R1, R2	;(R1=0xC9349B54 R2=0x4993D9FA )
(    libInnoSecure.so[0xCBBCB000])[4C F6 EE 62 ]0x000040FC:	MOVW	R2, #0XCEEE
(    libInnoSecure.so[0xCBBCB000])[CC F2 BD 12 ]0x00004100:	MOVT	R2, #0XC1BD	;(R2=0x0000CEEE )
(    libInnoSecure.so[0xCBBCB000])[11 44       ]0x00004104:	ADD	R1, R2	;(R1=0x12C8754E R2=0xC1BDCEEE )
(    libInnoSecure.so[0xCBBCB000])[DD F8 74 90 ]0x00004106:	LDR.W	SB, [SP, #0X74]	;(SP=0x100FFD18 )
(    libInnoSecure.so[0xCBBCB000])[00 EB B1 21 ]0x0000410A:	ADD.W	R1, R0, R1, ROR #10	;(R0=0xB76698F6 R1=0xD486443C )
(    libInnoSecure.so[0xCBBCB000])[CD F8 18 C0 ]0x0000410E:	STR.W	IP, [SP, #0X18]	;(IP=0x62393335 SP=0x100FFD18 )
(    libInnoSecure.so[0xCBBCB000])[25 EA 01 02 ]0x00004112:	BIC.W	R2, R5, R1	;(R5=0x89A5DB5D R1=0xC69BBA87 )
(    libInnoSecure.so[0xCBBCB000])[01 EA 00 03 ]0x00004116:	AND.W	R3, R1, R0	;(R1=0xC69BBA87 R0=0xB76698F6 )
(    libInnoSecure.so[0xCBBCB000])[1A 43       ]0x0000411A:	ORRS	R2, R3	;(R2=0x09244158 R3=0x86029886 )
(    libInnoSecure.so[0xCBBCB000])[16 9B       ]0x0000411C:	LDR	R3, [SP, #0X58]	;(SP=0x100FFD18 )
(    libInnoSecure.so[0xCBBCB000])[0B 93       ]0x0000411E:	STR	R3, [SP, #0X2C]	;(R3=0x35366666 SP=0x100FFD18 )
(    libInnoSecure.so[0xCBBCB000])[33 44       ]0x00004120:	ADD	R3, R6	;(R3=0x35366666 R6=0x58741372 )
(    libInnoSecure.so[0xCBBCB000])[1A 44       ]0x00004122:	ADD	R2, R3	;(R2=0x8F26D9DE R3=0x8DAA79D8 )
(    libInnoSecure.so[0xCBBCB000])[40 F6 AF 73 ]0x00004124:	MOVW	R3, #0XFAF
(    libInnoSecure.so[0xCBBCB000])[CF F2 7C 53 ]0x00004128:	MOVT	R3, #0XF57C	;(R3=0x00000FAF )
(    libInnoSecure.so[0xCBBCB000])[1A 44       ]0x0000412C:	ADD	R2, R3	;(R2=0x1CD153B6 R3=0xF57C0FAF )
(    libInnoSecure.so[0xCBBCB000])[01 EB 72 62 ]0x0000412E:	ADD.W	R2, R1, R2, ROR #25	;(R1=0xC69BBA87 R2=0x124D6365 )
(    libInnoSecure.so[0xCBBCB000])[20 EA 02 03 ]0x00004132:	BIC.W	R3, R0, R2	;(R0=0xB76698F6 R2=0xED4D6D10 )
(    libInnoSecure.so[0xCBBCB000])[02 EA 01 06 ]0x00004136:	AND.W	R6, R2, R1	;(R2=0xED4D6D10 R1=0xC69BBA87 )
(    libInnoSecure.so[0xCBBCB000])[33 43       ]0x0000413A:	ORRS	R3, R6	;(R3=0x122290E6 R6=0xC4092800 )
(    libInnoSecure.so[0xCBBCB000])[17 9E       ]0x0000413C:	LDR	R6, [SP, #0X5C]	;(SP=0x100FFD18 )
(    libInnoSecure.so[0xCBBCB000])[60 44       ]0x0000413E:	ADD	R0, IP	;(R0=0xB76698F6 IP=0x62393335 )
(    libInnoSecure.so[0xCBBCB000])[09 96       ]0x00004140:	STR	R6, [SP, #0X24]	;(R6=0x36626566 SP=0x100FFD18 )
(    libInnoSecure.so[0xCBBCB000])[35 44       ]0x00004142:	ADD	R5, R6	;(R5=0x89A5DB5D R6=0x36626566 )
(    libInnoSecure.so[0xCBBCB000])[1C 9E       ]0x00004144:	LDR	R6, [SP, #0X70]	;(SP=0x100FFD18 )
(    libInnoSecure.so[0xCBBCB000])[2B 44       ]0x00004146:	ADD	R3, R5	;(R3=0xD62BB8E6 R5=0xC00840C3 )
(    libInnoSecure.so[0xCBBCB000])[4C F2 2A 65 ]0x00004148:	MOVW	R5, #0XC62A
(    libInnoSecure.so[0xCBBCB000])[C4 F2 87 75 ]0x0000414C:	MOVT	R5, #0X4787	;(R5=0x0000C62A )
(    libInnoSecure.so[0xCBBCB000])[2B 44       ]0x00004150:	ADD	R3, R5	;(R3=0x9633F9A9 R5=0x4787C62A )
(    libInnoSecure.so[0xCBBCB000])[B0 46       ]0x00004152:	MOV	R8, R6	;(R6=0x61663731 )
(    libInnoSecure.so[0xCBBCB000])[02 EB 33 53 ]0x00004154:	ADD.W	R3, R2, R3, ROR #20	;(R2=0xED4D6D10 R3=0xDDBBBFD3 )
(    libInnoSecure.so[0xCBBCB000])[CD F8 08 80 ]0x00004158:	STR.W	R8, [SP, #8]	;(R8=0x61663731 SP=0x100FFD18 )
(    libInnoSecure.so[0xCBBCB000])[21 EA 03 05 ]0x0000415C:	BIC.W	R5, R1, R3	;(R1=0xC69BBA87 R3=0xA94AAAEB )
(    libInnoSecure.so[0xCBBCB000])[03 EA 02 04 ]0x00004160:	AND.W	R4, R3, R2	;(R3=0xA94AAAEB R2=0xED4D6D10 )
(    libInnoSecure.so[0xCBBCB000])[25 43       ]0x00004164:	ORRS	R5, R4	;(R5=0x46911004 R4=0xA9482800 )
(    libInnoSecure.so[0xCBBCB000])[19 9C       ]0x00004166:	LDR	R4, [SP, #0X64]	;(SP=0x100FFD18 )
(    libInnoSecure.so[0xCBBCB000])[28 44       ]0x00004168:	ADD	R0, R5	;(R0=0x199FCC2B R5=0xEFD93804 )
(    libInnoSecure.so[0xCBBCB000])[44 F2 13 65 ]0x0000416A:	MOVW	R5, #0X4613
(    libInnoSecure.so[0xCBBCB000])[CA F6 30 05 ]0x0000416E:	MOVT	R5, #0XA830	;(R5=0x00004613 )
(    libInnoSecure.so[0xCBBCB000])[28 44       ]0x00004172:	ADD	R0, R5	;(R0=0x0979042F R5=0xA8304613 )
(    libInnoSecure.so[0xCBBCB000])[21 44       ]0x00004174:	ADD	R1, R4	;(R1=0xC69BBA87 R4=0x35363166 )
(    libInnoSecure.so[0xCBBCB000])[04 94       ]0x00004176:	STR	R4, [SP, #0X10]	;(R4=0x35363166 SP=0x100FFD18 )
(    libInnoSecure.so[0xCBBCB000])[03 EB F0 3E ]0x00004178:	ADD.W	LR, R3, R0, ROR #15	;(R3=0xA94AAAEB R0=0xB1A94A42 )
(    libInnoSecure.so[0xCBBCB000])[22 EA 0E 00 ]0x0000417C:	BIC.W	R0, R2, LR	;(R2=0xED4D6D10 LR=0x3DD00E3D )
(    libInnoSecure.so[0xCBBCB000])[0E EA 03 05 ]0x00004180:	AND.W	R5, LR, R3	;(LR=0x3DD00E3D R3=0xA94AAAEB )
(    libInnoSecure.so[0xCBBCB000])[28 43       ]0x00004184:	ORRS	R0, R5	;(R0=0xC00D6100 R5=0x29400A29 )
(    libInnoSecure.so[0xCBBCB000])[06 EB 0E 05 ]0x00004186:	ADD.W	R5, R6, LR	;(R6=0x61663731 LR=0x3DD00E3D )
(    libInnoSecure.so[0xCBBCB000])[08 44       ]0x0000418A:	ADD	R0, R1	;(R0=0xE94D6B29 R1=0xFBD1EBED )
(    libInnoSecure.so[0xCBBCB000])[49 F2 01 51 ]0x0000418C:	MOVW	R1, #0X9501
(    libInnoSecure.so[0xCBBCB000])[CF F6 46 51 ]0x00004190:	MOVT	R1, #0XFD46	;(R1=0x00009501 )
(    libInnoSecure.so[0xCBBCB000])[08 44       ]0x00004194:	ADD	R0, R1	;(R0=0xE51F5716 R1=0xFD469501 )
(    libInnoSecure.so[0xCBBCB000])[0E EB B0 21 ]0x00004196:	ADD.W	R1, LR, R0, ROR #10	;(LR=0x3DD00E3D R0=0xE265EC17 )
(    libInnoSecure.so[0xCBBCB000])[23 EA 01 00 ]0x0000419A:	BIC.W	R0, R3, R1	;(R3=0xA94AAAEB R1=0x43C8A7B8 )
(    libInnoSecure.so[0xCBBCB000])[01 EA 0E 04 ]0x0000419E:	AND.W	R4, R1, LR	;(R1=0x43C8A7B8 LR=0x3DD00E3D )
(    libInnoSecure.so[0xCBBCB000])[20 43       ]0x000041A2:	ORRS	R0, R4	;(R0=0xA8020843 R4=0x01C00638 )
(    libInnoSecure.so[0xCBBCB000])[1A 9C       ]0x000041A4:	LDR	R4, [SP, #0X68]	;(SP=0x100FFD18 )
(    libInnoSecure.so[0xCBBCB000])[0A 94       ]0x000041A6:	STR	R4, [SP, #0X28]	;(R4=0x35336635 SP=0x100FFD18 )
(    libInnoSecure.so[0xCBBCB000])[22 44       ]0x000041A8:	ADD	R2, R4	;(R2=0xED4D6D10 R4=0x35336635 )
(    libInnoSecure.so[0xCBBCB000])[10 44       ]0x000041AA:	ADD	R0, R2	;(R0=0xA9C20E7B R2=0x2280D345 )
(    libInnoSecure.so[0xCBBCB000])[49 F6 D8 02 ]0x000041AC:	MOVW	R2, #0X98D8
(    libInnoSecure.so[0xCBBCB000])[C6 F6 80 12 ]0x000041B0:	MOVT	R2, #0X6980	;(R2=0x000098D8 )
(    libInnoSecure.so[0xCBBCB000])[10 44       ]0x000041B4:	ADD	R0, R2	;(R0=0xCC42E1C0 R2=0x698098D8 )
(    libInnoSecure.so[0xCBBCB000])[01 EB 70 60 ]0x000041B6:	ADD.W	R0, R1, R0, ROR #25	;(R1=0x43C8A7B8 R0=0x35C37A98 )
(    libInnoSecure.so[0xCBBCB000])[2E EA 00 02 ]0x000041BA:	BIC.W	R2, LR, R0	;(LR=0x3DD00E3D R0=0x2585F3D2 )
(    libInnoSecure.so[0xCBBCB000])[00 EA 01 04 ]0x000041BE:	AND.W	R4, R0, R1	;(R0=0x2585F3D2 R1=0x43C8A7B8 )
(    libInnoSecure.so[0xCBBCB000])[22 43       ]0x000041C2:	ORRS	R2, R4	;(R2=0x18500C2D R4=0x0180A390 )
(    libInnoSecure.so[0xCBBCB000])[1B 9C       ]0x000041C4:	LDR	R4, [SP, #0X6C]	;(SP=0x100FFD18 )
(    libInnoSecure.so[0xCBBCB000])[10 94       ]0x000041C6:	STR	R4, [SP, #0X40]	;(R4=0x65373361 SP=0x100FFD18 )
(    libInnoSecure.so[0xCBBCB000])[23 44       ]0x000041C8:	ADD	R3, R4	;(R3=0xA94AAAEB R4=0x65373361 )
(    libInnoSecure.so[0xCBBCB000])[1A 44       ]0x000041CA:	ADD	R2, R3	;(R2=0x19D0AFBD R3=0x0E81DE4C )
(    libInnoSecure.so[0xCBBCB000])[4F F2 AF 73 ]0x000041CC:	MOVW	R3, #0XF7AF
(    libInnoSecure.so[0xCBBCB000])[C8 F6 44 33 ]0x000041D0:	MOVT	R3, #0X8B44	;(R3=0x0000F7AF )
(    libInnoSecure.so[0xCBBCB000])[1A 44       ]0x000041D4:	ADD	R2, R3	;(R2=0x28528E09 R3=0x8B44F7AF )
(    libInnoSecure.so[0xCBBCB000])[00 EB 32 53 ]0x000041D6:	ADD.W	R3, R0, R2, ROR #20	;(R0=0x2585F3D2 R2=0xB39785B8 )
(    libInnoSecure.so[0xCBBCB000])[21 EA 03 02 ]0x000041DA:	BIC.W	R2, R1, R3	;(R1=0x43C8A7B8 R3=0x9DE17F0B )
(    libInnoSecure.so[0xCBBCB000])[03 EA 00 04 ]0x000041DE:	AND.W	R4, R3, R0	;(R3=0x9DE17F0B R0=0x2585F3D2 )
(    libInnoSecure.so[0xCBBCB000])[22 43       ]0x000041E2:	ORRS	R2, R4	;(R2=0x420880B0 R4=0x05817302 )
(    libInnoSecure.so[0xCBBCB000])[49 44       ]0x000041E4:	ADD	R1, SB	;(R1=0x43C8A7B8 SB=0x65343961 )
(    libInnoSecure.so[0xCBBCB000])[2A 44       ]0x000041E6:	ADD	R2, R5	;(R2=0x4789F3B2 R5=0x9F36456E )
(    libInnoSecure.so[0xCBBCB000])[4A F2 4F 45 ]0x000041E8:	MOVW	R5, #0XA44F
(    libInnoSecure.so[0xCBBCB000])[52 1B       ]0x000041EC:	SUBS	R2, R2, R5	;(R2=0xE6C03920 R5=0x0000A44F )
(    libInnoSecure.so[0xCBBCB000])[03 EB F2 3E ]0x000041EE:	ADD.W	LR, R3, R2, ROR #15	;(R3=0x9DE17F0B R2=0xE6BF94D1 )
(    libInnoSecure.so[0xCBBCB000])[20 EA 0E 02 ]0x000041F2:	BIC.W	R2, R0, LR	;(R0=0x2585F3D2 LR=0xC7854C8A )
(    libInnoSecure.so[0xCBBCB000])[0E EA 03 05 ]0x000041F6:	AND.W	R5, LR, R3	;(LR=0xC7854C8A R3=0x9DE17F0B )
(    libInnoSecure.so[0xCBBCB000])[2A 43       ]0x000041FA:	ORRS	R2, R5	;(R2=0x2000B350 R5=0x85814C0A )
(    libInnoSecure.so[0xCBBCB000])[11 44       ]0x000041FC:	ADD	R1, R2	;(R1=0xA8FCE119 R2=0xA581FF5A )
(    libInnoSecure.so[0xCBBCB000])[4D F2 BE 72 ]0x000041FE:	MOVW	R2, #0XD7BE
(    libInnoSecure.so[0xCBBCB000])[C8 F6 5C 12 ]0x00004202:	MOVT	R2, #0X895C	;(R2=0x0000D7BE )
(    libInnoSecure.so[0xCBBCB000])[11 44       ]0x00004206:	ADD	R1, R2	;(R1=0x4E7EE073 R2=0x895CD7BE )
(    libInnoSecure.so[0xCBBCB000])[0E EB B1 21 ]0x00004208:	ADD.W	R1, LR, R1, ROR #10	;(LR=0xC7854C8A R1=0xD7DBB831 )
(    libInnoSecure.so[0xCBBCB000])[23 EA 01 02 ]0x0000420C:	BIC.W	R2, R3, R1	;(R3=0x9DE17F0B R1=0xD3FB4378 )
(    libInnoSecure.so[0xCBBCB000])[01 EA 0E 05 ]0x00004210:	AND.W	R5, R1, LR	;(R1=0xD3FB4378 LR=0xC7854C8A )
(    libInnoSecure.so[0xCBBCB000])[15 43       ]0x00004214:	ORRS	R5, R2	;(R5=0xC3814008 R2=0x0C003C03 )
(    libInnoSecure.so[0xCBBCB000])[1E 9A       ]0x00004216:	LDR	R2, [SP, #0X78]	;(SP=0x100FFD18 )
(    libInnoSecure.so[0xCBBCB000])[0D 92       ]0x00004218:	STR	R2, [SP, #0X34]	;(R2=0x61363035 SP=0x100FFD18 )
(    libInnoSecure.so[0xCBBCB000])[10 44       ]0x0000421A:	ADD	R0, R2	;(R0=0x2585F3D2 R2=0x61363035 )
(    libInnoSecure.so[0xCBBCB000])[1F 9A       ]0x0000421C:	LDR	R2, [SP, #0X7C]	;(SP=0x100FFD18 )
(    libInnoSecure.so[0xCBBCB000])[28 44       ]0x0000421E:	ADD	R0, R5	;(R0=0x86BC2407 R5=0xCF817C0B )
(    libInnoSecure.so[0xCBBCB000])[41 F2 22 15 ]0x00004220:	MOVW	R5, #0X1122
(    libInnoSecure.so[0xCBBCB000])[C6 F6 90 35 ]0x00004224:	MOVT	R5, #0X6B90	;(R5=0x00001122 )
(    libInnoSecure.so[0xCBBCB000])[28 44       ]0x00004228:	ADD	R0, R5	;(R0=0x563DA012 R5=0x6B901122 )
(    libInnoSecure.so[0xCBBCB000])[13 44       ]0x0000422A:	ADD	R3, R2	;(R3=0x9DE17F0B R2=0x31323830 )
(    libInnoSecure.so[0xCBBCB000])[08 92       ]0x0000422C:	STR	R2, [SP, #0X20]	;(R2=0x31323830 SP=0x100FFD18 )
(    libInnoSecure.so[0xCBBCB000])[01 EB 70 60 ]0x0000422E:	ADD.W	R0, R1, R0, ROR #25	;(R1=0xD3FB4378 R0=0xC1CDB134 )
(    libInnoSecure.so[0xCBBCB000])[20 9A       ]0x00004232:	LDR	R2, [SP, #0X80]	;(SP=0x100FFD18 )
(    libInnoSecure.so[0xCBBCB000])[2E EA 00 05 ]0x00004234:	BIC.W	R5, LR, R0	;(LR=0xC7854C8A R0=0xBAD3DDD8 )
(    libInnoSecure.so[0xCBBCB000])[00 EA 01 06 ]0x00004238:	AND.W	R6, R0, R1	;(R0=0xBAD3DDD8 R1=0xD3FB4378 )
(    libInnoSecure.so[0xCBBCB000])[2E 43       ]0x0000423C:	ORRS	R6, R5	;(R6=0x92D34158 R5=0x45040002 )
(    libInnoSecure.so[0xCBBCB000])[02 EB 0E 05 ]0x0000423E:	ADD.W	R5, R2, LR	;(R2=0x31666439 LR=0xC7854C8A )
(    libInnoSecure.so[0xCBBCB000])[33 44       ]0x00004242:	ADD	R3, R6	;(R3=0xCF13B73B R6=0xD7D7415A )
(    libInnoSecure.so[0xCBBCB000])[47 F2 93 16 ]0x00004244:	MOVW	R6, #0X7193
(    libInnoSecure.so[0xCBBCB000])[CF F6 98 56 ]0x00004248:	MOVT	R6, #0XFD98	;(R6=0x00007193 )
(    libInnoSecure.so[0xCBBCB000])[33 44       ]0x0000424C:	ADD	R3, R6	;(R3=0xA6EAF895 R6=0xFD987193 )
(    libInnoSecure.so[0xCBBCB000])[96 46       ]0x0000424E:	MOV	LR, R2	;(R2=0x31666439 )
(    libInnoSecure.so[0xCBBCB000])[21 9A       ]0x00004250:	LDR	R2, [SP, #0X84]	;(SP=0x100FFD18 )
(    libInnoSecure.so[0xCBBCB000])[00 EB 33 5A ]0x00004252:	ADD.W	SL, R0, R3, ROR #20	;(R0=0xBAD3DDD8 R3=0xA4836A28 )
(    libInnoSecure.so[0xCBBCB000])[21 EA 0A 03 ]0x00004256:	BIC.W	R3, R1, SL	;(R1=0xD3FB4378 SL=0xF1766820 )
(    libInnoSecure.so[0xCBBCB000])[0A EA 00 06 ]0x0000425A:	AND.W	R6, SL, R0	;(SL=0xF1766820 R0=0xBAD3DDD8 )
(    libInnoSecure.so[0xCBBCB000])[1E 43       ]0x0000425E:	ORRS	R6, R3	;(R6=0xB0524800 R3=0x02890358 )
(    libInnoSecure.so[0xCBBCB000])[11 44       ]0x00004260:	ADD	R1, R2	;(R1=0xD3FB4378 R2=0x33373639 )
(    libInnoSecure.so[0xCBBCB000])[2E 44       ]0x00004262:	ADD	R6, R5	;(R6=0xB2DB4B58 R5=0xF8EBB0C3 )
(    libInnoSecure.so[0xCBBCB000])[44 F2 8E 35 ]0x00004264:	MOVW	R5, #0X438E
(    libInnoSecure.so[0xCBBCB000])[CA F2 79 65 ]0x00004268:	MOVT	R5, #0XA679	;(R5=0x0000438E )
(    libInnoSecure.so[0xCBBCB000])[2E 44       ]0x0000426C:	ADD	R6, R5	;(R6=0xABC6FC1B R5=0xA679438E )
(    libInnoSecure.so[0xCBBCB000])[13 46       ]0x0000426E:	MOV	R3, R2	;(R2=0x33373639 )
(    libInnoSecure.so[0xCBBCB000])[11 9A       ]0x00004270:	LDR	R2, [SP, #0X44]	;(SP=0x100FFD18 )
(    libInnoSecure.so[0xCBBCB000])[0A EB F6 3B ]0x00004272:	ADD.W	FP, SL, R6, ROR #15	;(SL=0xF1766820 R6=0x52403FA9 )
(    libInnoSecure.so[0xCBBCB000])[03 93       ]0x00004276:	STR	R3, [SP, #0XC]	;(R3=0x33373639 SP=0x100FFD18 )
(    libInnoSecure.so[0xCBBCB000])[20 EA 0B 06 ]0x00004278:	BIC.W	R6, R0, FP	;(R0=0xBAD3DDD8 FP=0x70C90CA0 )
(    libInnoSecure.so[0xCBBCB000])[0B EA 0A 05 ]0x0000427C:	AND.W	R5, FP, SL	;(FP=0x70C90CA0 SL=0xF1766820 )
(    libInnoSecure.so[0xCBBCB000])[35 43       ]0x00004280:	ORRS	R5, R6	;(R5=0x70400820 R6=0x8A12D158 )
(    libInnoSecure.so[0xCBBCB000])[2B EA 0A 06 ]0x00004282:	BIC.W	R6, FP, SL	;(FP=0x70C90CA0 SL=0xF1766820 )
(    libInnoSecure.so[0xCBBCB000])[29 44       ]0x00004286:	ADD	R1, R5	;(R1=0x073279B1 R5=0xFA52D978 )
(    libInnoSecure.so[0xCBBCB000])[40 F6 21 05 ]0x00004288:	MOVW	R5, #0X821
(    libInnoSecure.so[0xCBBCB000])[C4 F6 B4 15 ]0x0000428C:	MOVT	R5, #0X49B4	;(R5=0x00000821 )
(    libInnoSecure.so[0xCBBCB000])[29 44       ]0x00004290:	ADD	R1, R5	;(R1=0x01855329 R5=0x49B40821 )
(    libInnoSecure.so[0xCBBCB000])[10 44       ]0x00004292:	ADD	R0, R2	;(R0=0xBAD3DDD8 R2=0x35363736 )
(    libInnoSecure.so[0xCBBCB000])[0B EB B1 21 ]0x00004294:	ADD.W	R1, FP, R1, ROR #10	;(FP=0x70C90CA0 R1=0x4B395B4A )
(    libInnoSecure.so[0xCBBCB000])[01 EA 0A 05 ]0x00004298:	AND.W	R5, R1, SL	;(R1=0x435BDAF6 SL=0xF1766820 )
(    libInnoSecure.so[0xCBBCB000])[35 43       ]0x0000429C:	ORRS	R5, R6	;(R5=0x41524820 R6=0x00890480 )
(    libInnoSecure.so[0xCBBCB000])[21 EA 0B 06 ]0x0000429E:	BIC.W	R6, R1, FP	;(R1=0x435BDAF6 FP=0x70C90CA0 )
(    libInnoSecure.so[0xCBBCB000])[28 44       ]0x000042A2:	ADD	R0, R5	;(R0=0xF00A150E R5=0x41DB4CA0 )
(    libInnoSecure.so[0xCBBCB000])[42 F2 62 55 ]0x000042A4:	MOVW	R5, #0X2562
(    libInnoSecure.so[0xCBBCB000])[CF F2 1E 65 ]0x000042A8:	MOVT	R5, #0XF61E	;(R5=0x00002562 )
(    libInnoSecure.so[0xCBBCB000])[28 44       ]0x000042AC:	ADD	R0, R5	;(R0=0x31E561AE R5=0xF61E2562 )
(    libInnoSecure.so[0xCBBCB000])[01 EB F0 60 ]0x000042AE:	ADD.W	R0, R1, R0, ROR #27	;(R1=0x435BDAF6 R0=0x28038710 )
(    libInnoSecure.so[0xCBBCB000])[00 EA 0B 05 ]0x000042B2:	AND.W	R5, R0, FP	;(R0=0x43CCBCFB FP=0x70C90CA0 )
(    libInnoSecure.so[0xCBBCB000])[20 EA 01 04 ]0x000042B6:	BIC.W	R4, R0, R1	;(R0=0x43CCBCFB R1=0x435BDAF6 )
(    libInnoSecure.so[0xCBBCB000])[35 43       ]0x000042BA:	ORRS	R5, R6	;(R5=0x40C80CA0 R6=0x0312D256 )
(    libInnoSecure.so[0xCBBCB000])[0C EB 0A 06 ]0x000042BC:	ADD.W	R6, IP, SL	;(IP=0x62393335 SL=0xF1766820 )
(    libInnoSecure.so[0xCBBCB000])[35 44       ]0x000042C0:	ADD	R5, R6	;(R5=0x43DADEF6 R6=0x53AF9B55 )
(    libInnoSecure.so[0xCBBCB000])[4B F2 40 36 ]0x000042C2:	MOVW	R6, #0XB340
(    libInnoSecure.so[0xCBBCB000])[CC F2 40 06 ]0x000042C6:	MOVT	R6, #0XC040	;(R6=0x0000B340 )
(    libInnoSecure.so[0xCBBCB000])[35 44       ]0x000042CA:	ADD	R5, R6	;(R5=0x978A7A4B R6=0xC040B340 )
(    libInnoSecure.so[0xCBBCB000])[CA 46       ]0x000042CC:	MOV	SL, SB	;(SB=0x65343961 )
(    libInnoSecure.so[0xCBBCB000])[DD F8 24 90 ]0x000042CE:	LDR.W	SB, [SP, #0X24]	;(SP=0x100FFD18 )
(    libInnoSecure.so[0xCBBCB000])[00 EB F5 55 ]0x000042D2:	ADD.W	R5, R0, R5, ROR #23	;(R0=0x43CCBCFB R5=0x57CB2D8B )
(    libInnoSecure.so[0xCBBCB000])[F4 46       ]0x000042D6:	MOV	IP, LR	;(LR=0x31666439 )
(    libInnoSecure.so[0xCBBCB000])[05 EA 01 06 ]0x000042D8:	AND.W	R6, R5, R1	;(R5=0xDA27D3AA R1=0x435BDAF6 )
(    libInnoSecure.so[0xCBBCB000])[25 EA 00 02 ]0x000042DC:	BIC.W	R2, R5, R0	;(R5=0xDA27D3AA R0=0x43CCBCFB )
(    libInnoSecure.so[0xCBBCB000])[34 43       ]0x000042E0:	ORRS	R4, R6	;(R4=0x00842409 R6=0x4203D2A2 )
(    libInnoSecure.so[0xCBBCB000])[0A EB 0B 06 ]0x000042E2:	ADD.W	R6, SL, FP	;(SL=0x65343961 FP=0x70C90CA0 )
(    libInnoSecure.so[0xCBBCB000])[34 44       ]0x000042E6:	ADD	R4, R6	;(R4=0x4287F6AB R6=0xD5FD4601 )
(    libInnoSecure.so[0xCBBCB000])[45 F6 51 26 ]0x000042E8:	MOVW	R6, #0X5A51
(    libInnoSecure.so[0xCBBCB000])[C2 F2 5E 66 ]0x000042EC:	MOVT	R6, #0X265E	;(R6=0x00005A51 )
(    libInnoSecure.so[0xCBBCB000])[34 44       ]0x000042F0:	ADD	R4, R6	;(R4=0x18853CAC R6=0x265E5A51 )
(    libInnoSecure.so[0xCBBCB000])[DD F8 2C B0 ]0x000042F2:	LDR.W	FP, [SP, #0X2C]	;(SP=0x100FFD18 )
(    libInnoSecure.so[0xCBBCB000])[05 EB B4 44 ]0x000042F6:	ADD.W	R4, R5, R4, ROR #18	;(R5=0xDA27D3AA R4=0x3EE396FD )
(    libInnoSecure.so[0xCBBCB000])[DD F8 10 E0 ]0x000042FA:	LDR.W	LR, [SP, #0X10]	;(SP=0x100FFD18 )
(    libInnoSecure.so[0xCBBCB000])[04 EA 00 06 ]0x000042FE:	AND.W	R6, R4, R0	;(R4=0xBFE72362 R0=0x43CCBCFB )
(    libInnoSecure.so[0xCBBCB000])[48 44       ]0x00004302:	ADD	R0, SB	;(R0=0x43CCBCFB SB=0x36626566 )
(    libInnoSecure.so[0xCBBCB000])[32 43       ]0x00004304:	ORRS	R2, R6	;(R2=0x98234300 R6=0x03C42062 )
(    libInnoSecure.so[0xCBBCB000])[0E 9E       ]0x00004306:	LDR	R6, [SP, #0X38]	;(SP=0x100FFD18 )
(    libInnoSecure.so[0xCBBCB000])[CD F8 04 C0 ]0x00004308:	STR.W	IP, [SP, #4]	;(IP=0x31666439 SP=0x100FFD18 )
(    libInnoSecure.so[0xCBBCB000])[31 44       ]0x0000430C:	ADD	R1, R6	;(R1=0x435BDAF6 R6=0x34623166 )
(    libInnoSecure.so[0xCBBCB000])[24 EA 05 06 ]0x0000430E:	BIC.W	R6, R4, R5	;(R4=0xBFE72362 R5=0xDA27D3AA )
(    libInnoSecure.so[0xCBBCB000])[11 44       ]0x00004312:	ADD	R1, R2	;(R1=0x77BE0C5C R2=0x9BE76362 )
(    libInnoSecure.so[0xCBBCB000])[4C F2 AA 72 ]0x00004314:	MOVW	R2, #0XC7AA
(    libInnoSecure.so[0xCBBCB000])[CE F6 B6 12 ]0x00004318:	MOVT	R2, #0XE9B6	;(R2=0x0000C7AA )
(    libInnoSecure.so[0xCBBCB000])[11 44       ]0x0000431C:	ADD	R1, R2	;(R1=0x13A56FBE R2=0xE9B6C7AA )
(    libInnoSecure.so[0xCBBCB000])[CD F8 14 A0 ]0x0000431E:	STR.W	SL, [SP, #0X14]	;(SL=0x65343961 SP=0x100FFD18 )
(    libInnoSecure.so[0xCBBCB000])[04 EB 31 31 ]0x00004322:	ADD.W	R1, R4, R1, ROR #12	;(R4=0xBFE72362 R1=0xFD5C3768 )
(    libInnoSecure.so[0xCBBCB000])[01 EA 05 02 ]0x00004326:	AND.W	R2, R1, R5	;(R1=0x3676F925 R5=0xDA27D3AA )
(    libInnoSecure.so[0xCBBCB000])[45 44       ]0x0000432A:	ADD	R5, R8	;(R5=0xDA27D3AA R8=0x61663731 )
(    libInnoSecure.so[0xCBBCB000])[32 43       ]0x0000432C:	ORRS	R2, R6	;(R2=0x1226D120 R6=0x25C02040 )
(    libInnoSecure.so[0xCBBCB000])[21 EA 04 06 ]0x0000432E:	BIC.W	R6, R1, R4	;(R1=0x3676F925 R4=0xBFE72362 )
(    libInnoSecure.so[0xCBBCB000])[10 44       ]0x00004332:	ADD	R0, R2	;(R0=0x7A2F2261 R2=0x37E6F160 )
(    libInnoSecure.so[0xCBBCB000])[41 F2 5D 02 ]0x00004334:	MOVW	R2, #0X105D
(    libInnoSecure.so[0xCBBCB000])[CD F2 2F 62 ]0x00004338:	MOVT	R2, #0XD62F	;(R2=0x0000105D )
(    libInnoSecure.so[0xCBBCB000])[10 44       ]0x0000433C:	ADD	R0, R2	;(R0=0xB21613C1 R2=0xD62F105D )
(    libInnoSecure.so[0xCBBCB000])[DD F8 20 80 ]0x0000433E:	LDR.W	R8, [SP, #0X20]	;(SP=0x100FFD18 )
(    libInnoSecure.so[0xCBBCB000])[01 EB F0 60 ]0x00004342:	ADD.W	R0, R1, R0, ROR #27	;(R1=0x3676F925 R0=0x8845241E )
(    libInnoSecure.so[0xCBBCB000])[00 EA 04 02 ]0x00004346:	AND.W	R2, R0, R4	;(R0=0x3F1B7CF6 R4=0xBFE72362 )
(    libInnoSecure.so[0xCBBCB000])[1C 44       ]0x0000434A:	ADD	R4, R3	;(R4=0xBFE72362 R3=0x33373639 )
(    libInnoSecure.so[0xCBBCB000])[32 43       ]0x0000434C:	ORRS	R2, R6	;(R2=0x3F032062 R6=0x0010D805 )
(    libInnoSecure.so[0xCBBCB000])[20 EA 01 06 ]0x0000434E:	BIC.W	R6, R0, R1	;(R0=0x3F1B7CF6 R1=0x3676F925 )
(    libInnoSecure.so[0xCBBCB000])[2A 44       ]0x00004352:	ADD	R2, R5	;(R2=0x3F13F867 R5=0x3B8E0ADB )
(    libInnoSecure.so[0xCBBCB000])[41 F2 53 45 ]0x00004354:	MOVW	R5, #0X1453
(    libInnoSecure.so[0xCBBCB000])[C0 F2 44 25 ]0x00004358:	MOVT	R5, #0X244	;(R5=0x00001453 )
(    libInnoSecure.so[0xCBBCB000])[2A 44       ]0x0000435C:	ADD	R2, R5	;(R2=0x7AA20342 R5=0x02441453 )
(    libInnoSecure.so[0xCBBCB000])[10 9B       ]0x0000435E:	LDR	R3, [SP, #0X40]	;(SP=0x100FFD18 )
(    libInnoSecure.so[0xCBBCB000])[00 EB F2 52 ]0x00004360:	ADD.W	R2, R0, R2, ROR #23	;(R0=0x3F1B7CF6 R2=0x7CE61795 )
(    libInnoSecure.so[0xCBBCB000])[02 EA 01 05 ]0x00004364:	AND.W	R5, R2, R1	;(R2=0x0B4AA7EF R1=0x3676F925 )
(    libInnoSecure.so[0xCBBCB000])[59 44       ]0x00004368:	ADD	R1, FP	;(R1=0x3676F925 FP=0x35366666 )
(    libInnoSecure.so[0xCBBCB000])[35 43       ]0x0000436A:	ORRS	R5, R6	;(R5=0x0242A125 R6=0x090904D2 )
(    libInnoSecure.so[0xCBBCB000])[22 EA 00 06 ]0x0000436C:	BIC.W	R6, R2, R0	;(R2=0x0B4AA7EF R0=0x3F1B7CF6 )
(    libInnoSecure.so[0xCBBCB000])[2C 44       ]0x00004370:	ADD	R4, R5	;(R4=0xF31E599B R5=0x0B4BA5F7 )
(    libInnoSecure.so[0xCBBCB000])[4E F2 81 65 ]0x00004372:	MOVW	R5, #0XE681
(    libInnoSecure.so[0xCBBCB000])[CD F6 A1 05 ]0x00004376:	MOVT	R5, #0XD8A1	;(R5=0x0000E681 )
(    libInnoSecure.so[0xCBBCB000])[2C 44       ]0x0000437A:	ADD	R4, R5	;(R4=0xFE69FF92 R5=0xD8A1E681 )
(    libInnoSecure.so[0xCBBCB000])[02 EB B4 44 ]0x0000437C:	ADD.W	R4, R2, R4, ROR #18	;(R2=0x0B4AA7EF R4=0xD70BE613 )
(    libInnoSecure.so[0xCBBCB000])[04 EA 00 05 ]0x00004380:	AND.W	R5, R4, R0	;(R4=0x04CF9DB1 R0=0x3F1B7CF6 )
(    libInnoSecure.so[0xCBBCB000])[18 44       ]0x00004384:	ADD	R0, R3	;(R0=0x3F1B7CF6 R3=0x65373361 )
(    libInnoSecure.so[0xCBBCB000])[35 43       ]0x00004386:	ORRS	R5, R6	;(R5=0x040B1CB0 R6=0x00408309 )
(    libInnoSecure.so[0xCBBCB000])[24 EA 02 06 ]0x00004388:	BIC.W	R6, R4, R2	;(R4=0x04CF9DB1 R2=0x0B4AA7EF )
(    libInnoSecure.so[0xCBBCB000])[29 44       ]0x0000438C:	ADD	R1, R5	;(R1=0x6BAD5F8B R5=0x044B9FB9 )
(    libInnoSecure.so[0xCBBCB000])[4F F6 C8 35 ]0x0000438E:	MOVW	R5, #0XFBC8
(    libInnoSecure.so[0xCBBCB000])[CE F2 D3 75 ]0x00004392:	MOVT	R5, #0XE7D3	;(R5=0x0000FBC8 )
(    libInnoSecure.so[0xCBBCB000])[29 44       ]0x00004396:	ADD	R1, R5	;(R1=0x6FF8FF44 R5=0xE7D3FBC8 )
(    libInnoSecure.so[0xCBBCB000])[0F 9B       ]0x00004398:	LDR	R3, [SP, #0X3C]	;(SP=0x100FFD18 )
(    libInnoSecure.so[0xCBBCB000])[04 EB 31 31 ]0x0000439A:	ADD.W	R1, R4, R1, ROR #12	;(R4=0x04CF9DB1 R1=0x57CCFB0C )
(    libInnoSecure.so[0xCBBCB000])[01 EA 02 05 ]0x0000439E:	AND.W	R5, R1, R2	;(R1=0xB5951A80 R2=0x0B4AA7EF )
(    libInnoSecure.so[0xCBBCB000])[62 44       ]0x000043A2:	ADD	R2, IP	;(R2=0x0B4AA7EF IP=0x31666439 )
(    libInnoSecure.so[0xCBBCB000])[35 43       ]0x000043A4:	ORRS	R5, R6	;(R5=0x01000280 R6=0x04851810 )
(    libInnoSecure.so[0xCBBCB000])[21 EA 04 06 ]0x000043A6:	BIC.W	R6, R1, R4	;(R1=0xB5951A80 R4=0x04CF9DB1 )
(    libInnoSecure.so[0xCBBCB000])[28 44       ]0x000043AA:	ADD	R0, R5	;(R0=0xA452B057 R5=0x05851A90 )
(    libInnoSecure.so[0xCBBCB000])[4C F6 E6 55 ]0x000043AC:	MOVW	R5, #0XCDE6
(    libInnoSecure.so[0xCBBCB000])[C2 F2 E1 15 ]0x000043B0:	MOVT	R5, #0X21E1	;(R5=0x0000CDE6 )
(    libInnoSecure.so[0xCBBCB000])[28 44       ]0x000043B4:	ADD	R0, R5	;(R0=0xA9D7CAE7 R5=0x21E1CDE6 )
(    libInnoSecure.so[0xCBBCB000])[01 EB F0 60 ]0x000043B6:	ADD.W	R0, R1, R0, ROR #27	;(R1=0xB5951A80 R0=0xCBB998CD )
(    libInnoSecure.so[0xCBBCB000])[00 EA 04 05 ]0x000043BA:	AND.W	R5, R0, R4	;(R0=0x2CC83439 R4=0x04CF9DB1 )
(    libInnoSecure.so[0xCBBCB000])[1C 44       ]0x000043BE:	ADD	R4, R3	;(R4=0x04CF9DB1 R3=0x39653331 )
(    libInnoSecure.so[0xCBBCB000])[35 43       ]0x000043C0:	ORRS	R5, R6	;(R5=0x04C81431 R6=0xB1100200 )
(    libInnoSecure.so[0xCBBCB000])[20 EA 01 06 ]0x000043C2:	BIC.W	R6, R0, R1	;(R0=0x2CC83439 R1=0xB5951A80 )
(    libInnoSecure.so[0xCBBCB000])[2A 44       ]0x000043C6:	ADD	R2, R5	;(R2=0x3CB10C28 R5=0xB5D81631 )
(    libInnoSecure.so[0xCBBCB000])[40 F2 D6 75 ]0x000043C8:	MOVW	R5, #0X7D6
(    libInnoSecure.so[0xCBBCB000])[CC F2 37 35 ]0x000043CC:	MOVT	R5, #0XC337	;(R5=0x000007D6 )
(    libInnoSecure.so[0xCBBCB000])[2A 44       ]0x000043D0:	ADD	R2, R5	;(R2=0xF2892259 R5=0xC33707D6 )
(    libInnoSecure.so[0xCBBCB000])[0A 9B       ]0x000043D2:	LDR	R3, [SP, #0X28]	;(SP=0x100FFD18 )
(    libInnoSecure.so[0xCBBCB000])[00 EB F2 52 ]0x000043D4:	ADD.W	R2, R0, R2, ROR #23	;(R0=0x2CC83439 R2=0xB5C02A2F )
(    libInnoSecure.so[0xCBBCB000])[02 EA 01 05 ]0x000043D8:	AND.W	R5, R2, R1	;(R2=0xAD1C93A4 R1=0xB5951A80 )
(    libInnoSecure.so[0xCBBCB000])[19 44       ]0x000043DC:	ADD	R1, R3	;(R1=0xB5951A80 R3=0x35336635 )
(    libInnoSecure.so[0xCBBCB000])[35 43       ]0x000043DE:	ORRS	R5, R6	;(R5=0xA5141280 R6=0x08482439 )
(    libInnoSecure.so[0xCBBCB000])[22 EA 00 06 ]0x000043E0:	BIC.W	R6, R2, R0	;(R2=0xAD1C93A4 R0=0x2CC83439 )
(    libInnoSecure.so[0xCBBCB000])[2C 44       ]0x000043E4:	ADD	R4, R5	;(R4=0x3E34D0E2 R5=0xAD5C36B9 )
(    libInnoSecure.so[0xCBBCB000])[40 F6 87 55 ]0x000043E6:	MOVW	R5, #0XD87
(    libInnoSecure.so[0xCBBCB000])[CF F2 D5 45 ]0x000043EA:	MOVT	R5, #0XF4D5	;(R5=0x00000D87 )
(    libInnoSecure.so[0xCBBCB000])[2C 44       ]0x000043EE:	ADD	R4, R5	;(R4=0xEB91079B R5=0xF4D50D87 )
(    libInnoSecure.so[0xCBBCB000])[02 EB B4 44 ]0x000043F0:	ADD.W	R4, R2, R4, ROR #18	;(R2=0xAD1C93A4 R4=0xE0661522 )
(    libInnoSecure.so[0xCBBCB000])[04 EA 00 05 ]0x000043F4:	AND.W	R5, R4, R0	;(R4=0x32654BBD R0=0x2CC83439 )
(    libInnoSecure.so[0xCBBCB000])[40 44       ]0x000043F8:	ADD	R0, R8	;(R0=0x2CC83439 R8=0x31323830 )
(    libInnoSecure.so[0xCBBCB000])[35 43       ]0x000043FA:	ORRS	R5, R6	;(R5=0x20400039 R6=0x81148384 )
(    libInnoSecure.so[0xCBBCB000])[24 EA 02 06 ]0x000043FC:	BIC.W	R6, R4, R2	;(R4=0x32654BBD R2=0xAD1C93A4 )
(    libInnoSecure.so[0xCBBCB000])[29 44       ]0x00004400:	ADD	R1, R5	;(R1=0xEAC880B5 R5=0xA15483BD )
(    libInnoSecure.so[0xCBBCB000])[41 F2 ED 45 ]0x00004402:	MOVW	R5, #0X14ED
(    libInnoSecure.so[0xCBBCB000])[C4 F2 5A 55 ]0x00004406:	MOVT	R5, #0X455A	;(R5=0x000014ED )
(    libInnoSecure.so[0xCBBCB000])[29 44       ]0x0000440A:	ADD	R1, R5	;(R1=0x8C1D0472 R5=0x455A14ED )
(    libInnoSecure.so[0xCBBCB000])[04 EB 31 31 ]0x0000440C:	ADD.W	R1, R4, R1, ROR #12	;(R4=0x32654BBD R1=0xD177195F )
(    libInnoSecure.so[0xCBBCB000])[01 EA 02 05 ]0x00004410:	AND.W	R5, R1, R2	;(R1=0xC862632E R2=0xAD1C93A4 )
(    libInnoSecure.so[0xCBBCB000])[35 43       ]0x00004414:	ORRS	R5, R6	;(R5=0x88000324 R6=0x12614819 )
(    libInnoSecure.so[0xCBBCB000])[21 EA 04 06 ]0x00004416:	BIC.W	R6, R1, R4	;(R1=0xC862632E R4=0x32654BBD )
(    libInnoSecure.so[0xCBBCB000])[28 44       ]0x0000441A:	ADD	R0, R5	;(R0=0x5DFA6C69 R5=0x9A614B3D )
(    libInnoSecure.so[0xCBBCB000])[4E F6 05 15 ]0x0000441C:	MOVW	R5, #0XE905
(    libInnoSecure.so[0xCBBCB000])[CA F6 E3 15 ]0x00004420:	MOVT	R5, #0XA9E3	;(R5=0x0000E905 )
(    libInnoSecure.so[0xCBBCB000])[28 44       ]0x00004424:	ADD	R0, R5	;(R0=0xF85BB7A6 R5=0xA9E3E905 )
(    libInnoSecure.so[0xCBBCB000])[01 EB F0 60 ]0x00004426:	ADD.W	R0, R1, R0, ROR #27	;(R1=0xC862632E R0=0xA23FA0AB )
(    libInnoSecure.so[0xCBBCB000])[00 EA 04 05 ]0x0000442A:	AND.W	R5, R0, R4	;(R0=0x105678A2 R4=0x32654BBD )
(    libInnoSecure.so[0xCBBCB000])[74 44       ]0x0000442E:	ADD	R4, LR	;(R4=0x32654BBD LR=0x35363166 )
(    libInnoSecure.so[0xCBBCB000])[35 43       ]0x00004430:	ORRS	R5, R6	;(R5=0x104448A0 R6=0xC8022002 )
(    libInnoSecure.so[0xCBBCB000])[0C 9E       ]0x00004432:	LDR	R6, [SP, #0X30]	;(SP=0x100FFD18 )
(    libInnoSecure.so[0xCBBCB000])[32 44       ]0x00004434:	ADD	R2, R6	;(R2=0xAD1C93A4 R6=0x33376535 )
(    libInnoSecure.so[0xCBBCB000])[20 EA 01 06 ]0x00004436:	BIC.W	R6, R0, R1	;(R0=0x105678A2 R1=0xC862632E )
(    libInnoSecure.so[0xCBBCB000])[2A 44       ]0x0000443A:	ADD	R2, R5	;(R2=0xE053F8D9 R5=0xD84668A2 )
(    libInnoSecure.so[0xCBBCB000])[4A F2 F8 35 ]0x0000443C:	MOVW	R5, #0XA3F8
(    libInnoSecure.so[0xCBBCB000])[CF F6 EF 45 ]0x00004440:	MOVT	R5, #0XFCEF	;(R5=0x0000A3F8 )
(    libInnoSecure.so[0xCBBCB000])[2A 44       ]0x00004444:	ADD	R2, R5	;(R2=0xB89A617B R5=0xFCEFA3F8 )
(    libInnoSecure.so[0xCBBCB000])[00 EB F2 52 ]0x00004446:	ADD.W	R2, R0, R2, ROR #23	;(R0=0x105678A2 R2=0xB58A0573 )
(    libInnoSecure.so[0xCBBCB000])[02 EA 01 05 ]0x0000444A:	AND.W	R5, R2, R1	;(R2=0x2461600D R1=0xC862632E )
(    libInnoSecure.so[0xCBBCB000])[35 43       ]0x0000444E:	ORRS	R5, R6	;(R5=0x0060600C R6=0x10141880 )
(    libInnoSecure.so[0xCBBCB000])[22 EA 00 06 ]0x00004450:	BIC.W	R6, R2, R0	;(R2=0x2461600D R0=0x105678A2 )
(    libInnoSecure.so[0xCBBCB000])[2C 44       ]0x00004454:	ADD	R4, R5	;(R4=0x679B7D23 R5=0x1074788C )
(    libInnoSecure.so[0xCBBCB000])[40 F2 D9 25 ]0x00004456:	MOVW	R5, #0X2D9
(    libInnoSecure.so[0xCBBCB000])[C6 F2 6F 75 ]0x0000445A:	MOVT	R5, #0X676F	;(R5=0x000002D9 )
(    libInnoSecure.so[0xCBBCB000])[2C 44       ]0x0000445E:	ADD	R4, R5	;(R4=0x780FF5AF R5=0x676F02D9 )
(    libInnoSecure.so[0xCBBCB000])[02 EB B4 44 ]0x00004460:	ADD.W	R4, R2, R4, ROR #18	;(R2=0x2461600D R4=0xDF7EF888 )
(    libInnoSecure.so[0xCBBCB000])[04 EA 00 05 ]0x00004464:	AND.W	R5, R4, R0	;(R4=0xE28397EC R0=0x105678A2 )
(    libInnoSecure.so[0xCBBCB000])[48 44       ]0x00004468:	ADD	R0, SB	;(R0=0x105678A2 SB=0x36626566 )
(    libInnoSecure.so[0xCBBCB000])[35 43       ]0x0000446A:	ORRS	R5, R6	;(R5=0x000210A0 R6=0x2421000D )
(    libInnoSecure.so[0xCBBCB000])[0D 9E       ]0x0000446C:	LDR	R6, [SP, #0X34]	;(SP=0x100FFD18 )
(    libInnoSecure.so[0xCBBCB000])[DD F8 18 90 ]0x0000446E:	LDR.W	SB, [SP, #0X18]	;(SP=0x100FFD18 )
(    libInnoSecure.so[0xCBBCB000])[31 44       ]0x00004472:	ADD	R1, R6	;(R1=0xC862632E R6=0x61363035 )
(    libInnoSecure.so[0xCBBCB000])[0E 9E       ]0x00004474:	LDR	R6, [SP, #0X38]	;(SP=0x100FFD18 )
(    libInnoSecure.so[0xCBBCB000])[29 44       ]0x00004476:	ADD	R1, R5	;(R1=0x29989363 R5=0x242310AD )
(    libInnoSecure.so[0xCBBCB000])[44 F6 8A 45 ]0x00004478:	MOVW	R5, #0X4C8A
(    libInnoSecure.so[0xCBBCB000])[C8 F6 2A 55 ]0x0000447C:	MOVT	R5, #0X8D2A	;(R5=0x00004C8A )
(    libInnoSecure.so[0xCBBCB000])[29 44       ]0x00004480:	ADD	R1, R5	;(R1=0x4DBBA410 R5=0x8D2A4C8A )
(    libInnoSecure.so[0xCBBCB000])[84 EA 02 05 ]0x00004482:	EOR.W	R5, R4, R2	;(R4=0xE28397EC R2=0x2461600D )
(    libInnoSecure.so[0xCBBCB000])[1A 44       ]0x00004486:	ADD	R2, R3	;(R2=0x2461600D R3=0x35336635 )
(    libInnoSecure.so[0xCBBCB000])[04 EB 31 31 ]0x00004488:	ADD.W	R1, R4, R1, ROR #12	;(R4=0xE28397EC R1=0xDAE5F09A )
(    libInnoSecure.so[0xCBBCB000])[11 9B       ]0x0000448C:	LDR	R3, [SP, #0X44]	;(SP=0x100FFD18 )
(    libInnoSecure.so[0xCBBCB000])[4D 40       ]0x0000448E:	EORS	R5, R1	;(R5=0xC6E2F7E1 R1=0xEC31464B )
(    libInnoSecure.so[0xCBBCB000])[28 44       ]0x00004490:	ADD	R0, R5	;(R0=0x46B8DE08 R5=0x2AD3B1AA )
(    libInnoSecure.so[0xCBBCB000])[43 F6 42 15 ]0x00004492:	MOVW	R5, #0X3942
(    libInnoSecure.so[0xCBBCB000])[CF F6 FA 75 ]0x00004496:	MOVT	R5, #0XFFFA	;(R5=0x00003942 )
(    libInnoSecure.so[0xCBBCB000])[28 44       ]0x0000449A:	ADD	R0, R5	;(R0=0x718C8FB2 R5=0xFFFA3942 )
(    libInnoSecure.so[0xCBBCB000])[81 EA 04 05 ]0x0000449C:	EOR.W	R5, R1, R4	;(R1=0xEC31464B R4=0xE28397EC )
(    libInnoSecure.so[0xCBBCB000])[54 44       ]0x000044A0:	ADD	R4, SL	;(R4=0xE28397EC SL=0x65343961 )
(    libInnoSecure.so[0xCBBCB000])[01 EB 30 70 ]0x000044A2:	ADD.W	R0, R1, R0, ROR #28	;(R1=0xEC31464B R0=0x7186C8F4 )
(    libInnoSecure.so[0xCBBCB000])[DD F8 30 A0 ]0x000044A6:	LDR.W	SL, [SP, #0X30]	;(SP=0x100FFD18 )
(    libInnoSecure.so[0xCBBCB000])[45 40       ]0x000044AA:	EORS	R5, R0	;(R5=0x0EB2D1A7 R0=0x049DD592 )
(    libInnoSecure.so[0xCBBCB000])[2A 44       ]0x000044AC:	ADD	R2, R5	;(R2=0x5994C642 R5=0x0A2F0435 )
(    libInnoSecure.so[0xCBBCB000])[4F F2 81 65 ]0x000044AE:	MOVW	R5, #0XF681
(    libInnoSecure.so[0xCBBCB000])[C8 F2 71 75 ]0x000044B2:	MOVT	R5, #0X8771	;(R5=0x0000F681 )
(    libInnoSecure.so[0xCBBCB000])[2A 44       ]0x000044B6:	ADD	R2, R5	;(R2=0x63C3CA77 R5=0x8771F681 )
(    libInnoSecure.so[0xCBBCB000])[80 EA 01 05 ]0x000044B8:	EOR.W	R5, R0, R1	;(R0=0x049DD592 R1=0xEC31464B )
(    libInnoSecure.so[0xCBBCB000])[61 44       ]0x000044BC:	ADD	R1, IP	;(R1=0xEC31464B IP=0x31666439 )
(    libInnoSecure.so[0xCBBCB000])[00 EB 72 52 ]0x000044BE:	ADD.W	R2, R0, R2, ROR #21	;(R0=0x049DD592 R2=0xEB35C0F8 )
(    libInnoSecure.so[0xCBBCB000])[DD F8 3C C0 ]0x000044C2:	LDR.W	IP, [SP, #0X3C]	;(SP=0x100FFD18 )
(    libInnoSecure.so[0xCBBCB000])[55 40       ]0x000044C6:	EORS	R5, R2	;(R5=0xE8AC93D9 R2=0xB2A59CEB )
(    libInnoSecure.so[0xCBBCB000])[2C 44       ]0x000044C8:	ADD	R4, R5	;(R4=0x47B7D14D R5=0x5A090F32 )
(    libInnoSecure.so[0xCBBCB000])[46 F2 22 15 ]0x000044CA:	MOVW	R5, #0X6122
(    libInnoSecure.so[0xCBBCB000])[C6 F6 9D 55 ]0x000044CE:	MOVT	R5, #0X6D9D	;(R5=0x00006122 )
(    libInnoSecure.so[0xCBBCB000])[2C 44       ]0x000044D2:	ADD	R4, R5	;(R4=0xA1C0E07F R5=0x6D9D6122 )
(    libInnoSecure.so[0xCBBCB000])[82 EA 00 05 ]0x000044D4:	EOR.W	R5, R2, R0	;(R2=0xB2A59CEB R0=0x049DD592 )
(    libInnoSecure.so[0xCBBCB000])[18 44       ]0x000044D8:	ADD	R0, R3	;(R0=0x049DD592 R3=0x35363736 )
(    libInnoSecure.so[0xCBBCB000])[02 EB 34 44 ]0x000044DA:	ADD.W	R4, R2, R4, ROR #16	;(R2=0xB2A59CEB R4=0x0F5E41A1 )
(    libInnoSecure.so[0xCBBCB000])[73 46       ]0x000044DE:	MOV	R3, LR	;(LR=0x35363166 )
(    libInnoSecure.so[0xCBBCB000])[65 40       ]0x000044E0:	EORS	R5, R4	;(R5=0xB6384979 R4=0xF446AC49 )
(    libInnoSecure.so[0xCBBCB000])[29 44       ]0x000044E2:	ADD	R1, R5	;(R1=0x1D97AA84 R5=0x427EE530 )
(    libInnoSecure.so[0xCBBCB000])[43 F6 0C 05 ]0x000044E4:	MOVW	R5, #0X380C
(    libInnoSecure.so[0xCBBCB000])[CF F6 E5 55 ]0x000044E8:	MOVT	R5, #0XFDE5	;(R5=0x0000380C )
(    libInnoSecure.so[0xCBBCB000])[29 44       ]0x000044EC:	ADD	R1, R5	;(R1=0x60168FB4 R5=0xFDE5380C )
(    libInnoSecure.so[0xCBBCB000])[84 EA 02 05 ]0x000044EE:	EOR.W	R5, R4, R2	;(R4=0xF446AC49 R2=0xB2A59CEB )
(    libInnoSecure.so[0xCBBCB000])[5A 44       ]0x000044F2:	ADD	R2, FP	;(R2=0xB2A59CEB FP=0x35366666 )
(    libInnoSecure.so[0xCBBCB000])[04 EB 71 21 ]0x000044F4:	ADD.W	R1, R4, R1, ROR #9	;(R4=0xF446AC49 R1=0x5DFBC7C0 )
(    libInnoSecure.so[0xCBBCB000])[DD F8 08 B0 ]0x000044F8:	LDR.W	FP, [SP, #8]	;(SP=0x100FFD18 )
(    libInnoSecure.so[0xCBBCB000])[4D 40       ]0x000044FC:	EORS	R5, R1	;(R5=0x46E330A2 R1=0xD475AA2C )
(    libInnoSecure.so[0xCBBCB000])[28 44       ]0x000044FE:	ADD	R0, R5	;(R0=0x39D40CC8 R5=0x92969A8E )
(    libInnoSecure.so[0xCBBCB000])[4E F6 44 25 ]0x00004500:	MOVW	R5, #0XEA44
(    libInnoSecure.so[0xCBBCB000])[CA F2 BE 45 ]0x00004504:	MOVT	R5, #0XA4BE	;(R5=0x0000EA44 )
(    libInnoSecure.so[0xCBBCB000])[28 44       ]0x00004508:	ADD	R0, R5	;(R0=0xCC6AA756 R5=0xA4BEEA44 )
(    libInnoSecure.so[0xCBBCB000])[81 EA 04 05 ]0x0000450A:	EOR.W	R5, R1, R4	;(R1=0xD475AA2C R4=0xF446AC49 )
(    libInnoSecure.so[0xCBBCB000])[1C 44       ]0x0000450E:	ADD	R4, R3	;(R4=0xF446AC49 R3=0x35363166 )
(    libInnoSecure.so[0xCBBCB000])[01 EB 30 70 ]0x00004510:	ADD.W	R0, R1, R0, ROR #28	;(R1=0xD475AA2C R0=0x7129919A )
(    libInnoSecure.so[0xCBBCB000])[45 40       ]0x00004514:	EORS	R5, R0	;(R5=0x20330665 R0=0xE70EC3D3 )
(    libInnoSecure.so[0xCBBCB000])[2A 44       ]0x00004516:	ADD	R2, R5	;(R2=0xE7DC0351 R5=0xC73DC5B6 )
(    libInnoSecure.so[0xCBBCB000])[4C F6 A9 75 ]0x00004518:	MOVW	R5, #0XCFA9
(    libInnoSecure.so[0xCBBCB000])[C4 F6 DE 35 ]0x0000451C:	MOVT	R5, #0X4BDE	;(R5=0x0000CFA9 )
(    libInnoSecure.so[0xCBBCB000])[2A 44       ]0x00004520:	ADD	R2, R5	;(R2=0xAF19C907 R5=0x4BDECFA9 )
(    libInnoSecure.so[0xCBBCB000])[80 EA 01 05 ]0x00004522:	EOR.W	R5, R0, R1	;(R0=0xE70EC3D3 R1=0xD475AA2C )
(    libInnoSecure.so[0xCBBCB000])[59 44       ]0x00004526:	ADD	R1, FP	;(R1=0xD475AA2C FP=0x61663731 )
(    libInnoSecure.so[0xCBBCB000])[00 EB 72 52 ]0x00004528:	ADD.W	R2, R0, R2, ROR #21	;(R0=0xE70EC3D3 R2=0xFAF898B0 )
(    libInnoSecure.so[0xCBBCB000])[55 40       ]0x0000452C:	EORS	R5, R2	;(R5=0x337B69FF R2=0xABD44BAA )
(    libInnoSecure.so[0xCBBCB000])[2C 44       ]0x0000452E:	ADD	R4, R5	;(R4=0x297CDDAF R5=0x98AF2255 )
(    libInnoSecure.so[0xCBBCB000])[44 F6 60 35 ]0x00004530:	MOVW	R5, #0X4B60
(    libInnoSecure.so[0xCBBCB000])[CF F2 BB 65 ]0x00004534:	MOVT	R5, #0XF6BB	;(R5=0x00004B60 )
(    libInnoSecure.so[0xCBBCB000])[2C 44       ]0x00004538:	ADD	R4, R5	;(R4=0xC22C0004 R5=0xF6BB4B60 )
(    libInnoSecure.so[0xCBBCB000])[82 EA 00 05 ]0x0000453A:	EOR.W	R5, R2, R0	;(R2=0xABD44BAA R0=0xE70EC3D3 )
(    libInnoSecure.so[0xCBBCB000])[40 44       ]0x0000453E:	ADD	R0, R8	;(R0=0xE70EC3D3 R8=0x31323830 )
(    libInnoSecure.so[0xCBBCB000])[02 EB 34 44 ]0x00004540:	ADD.W	R4, R2, R4, ROR #16	;(R2=0xABD44BAA R4=0xB8E74B64 )
(    libInnoSecure.so[0xCBBCB000])[DD F8 34 80 ]0x00004544:	LDR.W	R8, [SP, #0X34]	;(SP=0x100FFD18 )
(    libInnoSecure.so[0xCBBCB000])[65 40       ]0x00004548:	EORS	R5, R4	;(R5=0x4CDA8879 R4=0xF7390491 )
(    libInnoSecure.so[0xCBBCB000])[29 44       ]0x0000454A:	ADD	R1, R5	;(R1=0x35DBE15D R5=0xBBE38CE8 )
(    libInnoSecure.so[0xCBBCB000])[4B F6 70 45 ]0x0000454C:	MOVW	R5, #0XBC70
(    libInnoSecure.so[0xCBBCB000])[CB F6 BF 65 ]0x00004550:	MOVT	R5, #0XBEBF	;(R5=0x0000BC70 )
(    libInnoSecure.so[0xCBBCB000])[29 44       ]0x00004554:	ADD	R1, R5	;(R1=0xF1BF6E45 R5=0xBEBFBC70 )
(    libInnoSecure.so[0xCBBCB000])[84 EA 02 05 ]0x00004556:	EOR.W	R5, R4, R2	;(R4=0xF7390491 R2=0xABD44BAA )
(    libInnoSecure.so[0xCBBCB000])[32 44       ]0x0000455A:	ADD	R2, R6	;(R2=0xABD44BAA R6=0x34623166 )
(    libInnoSecure.so[0xCBBCB000])[04 EB 71 21 ]0x0000455C:	ADD.W	R1, R4, R1, ROR #9	;(R4=0xF7390491 R1=0xB07F2AB5 )
(    libInnoSecure.so[0xCBBCB000])[4D 40       ]0x00004560:	EORS	R5, R1	;(R5=0x5CED4F3B R1=0x52114426 )
(    libInnoSecure.so[0xCBBCB000])[28 44       ]0x00004562:	ADD	R0, R5	;(R0=0x1840FC03 R5=0x0EFC0B1D )
(    libInnoSecure.so[0xCBBCB000])[47 F6 C6 65 ]0x00004564:	MOVW	R5, #0X7EC6
(    libInnoSecure.so[0xCBBCB000])[C2 F6 9B 05 ]0x00004568:	MOVT	R5, #0X289B	;(R5=0x00007EC6 )
(    libInnoSecure.so[0xCBBCB000])[28 44       ]0x0000456C:	ADD	R0, R5	;(R0=0x273D0720 R5=0x289B7EC6 )
(    libInnoSecure.so[0xCBBCB000])[81 EA 04 05 ]0x0000456E:	EOR.W	R5, R1, R4	;(R1=0x52114426 R4=0xF7390491 )
(    libInnoSecure.so[0xCBBCB000])[64 44       ]0x00004572:	ADD	R4, IP	;(R4=0xF7390491 IP=0x39653331 )
(    libInnoSecure.so[0xCBBCB000])[01 EB 30 70 ]0x00004574:	ADD.W	R0, R1, R0, ROR #28	;(R1=0x52114426 R0=0x4FD885E6 )
(    libInnoSecure.so[0xCBBCB000])[45 40       ]0x00004578:	EORS	R5, R0	;(R5=0xA52840B7 R0=0x4F99A28A )
(    libInnoSecure.so[0xCBBCB000])[2A 44       ]0x0000457A:	ADD	R2, R5	;(R2=0xE0367D10 R5=0xEAB1E23D )
(    libInnoSecure.so[0xCBBCB000])[42 F2 FA 75 ]0x0000457C:	MOVW	R5, #0X27FA
(    libInnoSecure.so[0xCBBCB000])[CE F6 A1 25 ]0x00004580:	MOVT	R5, #0XEAA1	;(R5=0x000027FA )
(    libInnoSecure.so[0xCBBCB000])[2A 44       ]0x00004584:	ADD	R2, R5	;(R2=0xCAE85F4D R5=0xEAA127FA )
(    libInnoSecure.so[0xCBBCB000])[80 EA 01 05 ]0x00004586:	EOR.W	R5, R0, R1	;(R0=0x4F99A28A R1=0x52114426 )
(    libInnoSecure.so[0xCBBCB000])[49 44       ]0x0000458A:	ADD	R1, SB	;(R1=0x52114426 SB=0x62393335 )
(    libInnoSecure.so[0xCBBCB000])[00 EB 72 52 ]0x0000458C:	ADD.W	R2, R0, R2, ROR #21	;(R0=0x4F99A28A R2=0xB5898747 )
(    libInnoSecure.so[0xCBBCB000])[55 40       ]0x00004590:	EORS	R5, R2	;(R5=0x1D88E6AC R2=0x9BD3E036 )
(    libInnoSecure.so[0xCBBCB000])[2C 44       ]0x00004592:	ADD	R4, R5	;(R4=0x309E37C2 R5=0x865B069A )
(    libInnoSecure.so[0xCBBCB000])[43 F2 85 05 ]0x00004594:	MOVW	R5, #0X3085
(    libInnoSecure.so[0xCBBCB000])[CD F2 EF 45 ]0x00004598:	MOVT	R5, #0XD4EF	;(R5=0x00003085 )
(    libInnoSecure.so[0xCBBCB000])[2C 44       ]0x0000459C:	ADD	R4, R5	;(R4=0xB6F93E5C R5=0xD4EF3085 )
(    libInnoSecure.so[0xCBBCB000])[82 EA 00 05 ]0x0000459E:	EOR.W	R5, R2, R0	;(R2=0x9BD3E036 R0=0x4F99A28A )
(    libInnoSecure.so[0xCBBCB000])[02 EB 34 44 ]0x000045A2:	ADD.W	R4, R2, R4, ROR #16	;(R2=0x9BD3E036 R4=0x8BE86EE1 )
(    libInnoSecure.so[0xCBBCB000])[65 40       ]0x000045A6:	EORS	R5, R4	;(R5=0xD44A42BC R4=0x0AB56C1E )
(    libInnoSecure.so[0xCBBCB000])[29 44       ]0x000045A8:	ADD	R1, R5	;(R1=0xB44A775B R5=0xDEFF2EA2 )
(    libInnoSecure.so[0xCBBCB000])[41 F6 05 55 ]0x000045AA:	MOVW	R5, #0X1D05
(    libInnoSecure.so[0xCBBCB000])[C0 F2 88 45 ]0x000045AE:	MOVT	R5, #0X488	;(R5=0x00001D05 )
(    libInnoSecure.so[0xCBBCB000])[29 44       ]0x000045B2:	ADD	R1, R5	;(R1=0x9349A5FD R5=0x04881D05 )
(    libInnoSecure.so[0xCBBCB000])[84 EA 02 05 ]0x000045B4:	EOR.W	R5, R4, R2	;(R4=0x0AB56C1E R2=0x9BD3E036 )
(    libInnoSecure.so[0xCBBCB000])[42 44       ]0x000045B8:	ADD	R2, R8	;(R2=0x9BD3E036 R8=0x61363035 )
(    libInnoSecure.so[0xCBBCB000])[04 EB 71 21 ]0x000045BA:	ADD.W	R1, R4, R1, ROR #9	;(R4=0x0AB56C1E R1=0x97D1C302 )
(    libInnoSecure.so[0xCBBCB000])[85 EA 01 0E ]0x000045BE:	EOR.W	LR, R5, R1	;(R5=0x91668C28 R1=0x8C0154FF )
(    libInnoSecure.so[0xCBBCB000])[10 9D       ]0x000045C2:	LDR	R5, [SP, #0X40]	;(SP=0x100FFD18 )
(    libInnoSecure.so[0xCBBCB000])[28 44       ]0x000045C4:	ADD	R0, R5	;(R0=0x4F99A28A R5=0x65373361 )
(    libInnoSecure.so[0xCBBCB000])[4D F2 39 05 ]0x000045C6:	MOVW	R5, #0XD039
(    libInnoSecure.so[0xCBBCB000])[70 44       ]0x000045CA:	ADD	R0, LR	;(R0=0xB4D0D5EB LR=0x1D67D8D7 )
(    libInnoSecure.so[0xCBBCB000])[CD F6 D4 15 ]0x000045CC:	MOVT	R5, #0XD9D4	;(R5=0x0000D039 )
(    libInnoSecure.so[0xCBBCB000])[28 44       ]0x000045D0:	ADD	R0, R5	;(R0=0xD238AEC2 R5=0xD9D4D039 )
(    libInnoSecure.so[0xCBBCB000])[81 EA 04 05 ]0x000045D2:	EOR.W	R5, R1, R4	;(R1=0x8C0154FF R4=0x0AB56C1E )
(    libInnoSecure.so[0xCBBCB000])[DD F8 0C E0 ]0x000045D6:	LDR.W	LR, [SP, #0XC]	;(SP=0x100FFD18 )
(    libInnoSecure.so[0xCBBCB000])[01 EB 30 70 ]0x000045DA:	ADD.W	R0, R1, R0, ROR #28	;(R1=0x8C0154FF R0=0xAC0D7EFB )
(    libInnoSecure.so[0xCBBCB000])[45 40       ]0x000045DE:	EORS	R5, R0	;(R5=0x86B438E1 R0=0x4CD944B9 )
(    libInnoSecure.so[0xCBBCB000])[74 44       ]0x000045E0:	ADD	R4, LR	;(R4=0x0AB56C1E LR=0x33373639 )
(    libInnoSecure.so[0xCBBCB000])[2A 44       ]0x000045E2:	ADD	R2, R5	;(R2=0xFD0A106B R5=0xCA6D7C58 )
(    libInnoSecure.so[0xCBBCB000])[49 F6 E5 15 ]0x000045E4:	MOVW	R5, #0X99E5
(    libInnoSecure.so[0xCBBCB000])[CE F2 DB 65 ]0x000045E8:	MOVT	R5, #0XE6DB	;(R5=0x000099E5 )
(    libInnoSecure.so[0xCBBCB000])[2A 44       ]0x000045EC:	ADD	R2, R5	;(R2=0xC7778CC3 R5=0xE6DB99E5 )
(    libInnoSecure.so[0xCBBCB000])[80 EA 01 05 ]0x000045EE:	EOR.W	R5, R0, R1	;(R0=0x4CD944B9 R1=0x8C0154FF )
(    libInnoSecure.so[0xCBBCB000])[51 44       ]0x000045F2:	ADD	R1, SL	;(R1=0x8C0154FF SL=0x33376535 )
(    libInnoSecure.so[0xCBBCB000])[00 EB 72 52 ]0x000045F4:	ADD.W	R2, R0, R2, ROR #21	;(R0=0x4CD944B9 R2=0xAE5326A8 )
(    libInnoSecure.so[0xCBBCB000])[55 40       ]0x000045F8:	EORS	R5, R2	;(R5=0xC0D81046 R2=0xE60E8A2B )
(    libInnoSecure.so[0xCBBCB000])[2C 44       ]0x000045FA:	ADD	R4, R5	;(R4=0x3DECA257 R5=0x26D69A6D )
(    libInnoSecure.so[0xCBBCB000])[47 F6 F8 45 ]0x000045FC:	MOVW	R5, #0X7CF8
(    libInnoSecure.so[0xCBBCB000])[C1 F6 A2 75 ]0x00004600:	MOVT	R5, #0X1FA2	;(R5=0x00007CF8 )
(    libInnoSecure.so[0xCBBCB000])[2C 44       ]0x00004604:	ADD	R4, R5	;(R4=0x64C33CC4 R5=0x1FA27CF8 )
(    libInnoSecure.so[0xCBBCB000])[82 EA 00 05 ]0x00004606:	EOR.W	R5, R2, R0	;(R2=0xE60E8A2B R0=0x4CD944B9 )
(    libInnoSecure.so[0xCBBCB000])[30 44       ]0x0000460A:	ADD	R0, R6	;(R0=0x4CD944B9 R6=0x34623166 )
(    libInnoSecure.so[0xCBBCB000])[02 EB 34 44 ]0x0000460C:	ADD.W	R4, R2, R4, ROR #16	;(R2=0xE60E8A2B R4=0x8465B9BC )
(    libInnoSecure.so[0xCBBCB000])[45 F6 C3 16 ]0x00004610:	MOVW	R6, #0X59C3
(    libInnoSecure.so[0xCBBCB000])[65 40       ]0x00004614:	EORS	R5, R4	;(R5=0xAAD7CE92 R4=0x9FCB0E90 )
(    libInnoSecure.so[0xCBBCB000])[C6 F2 5B 56 ]0x00004616:	MOVT	R6, #0X655B	;(R6=0x000059C3 )
(    libInnoSecure.so[0xCBBCB000])[29 44       ]0x0000461A:	ADD	R1, R5	;(R1=0xBF38BA34 R5=0x351CC002 )
(    libInnoSecure.so[0xCBBCB000])[45 F2 65 65 ]0x0000461C:	MOVW	R5, #0X5665
(    libInnoSecure.so[0xCBBCB000])[CC F2 AC 45 ]0x00004620:	MOVT	R5, #0XC4AC	;(R5=0x00005665 )
(    libInnoSecure.so[0xCBBCB000])[29 44       ]0x00004624:	ADD	R1, R5	;(R1=0xF4557A36 R5=0xC4AC5665 )
(    libInnoSecure.so[0xCBBCB000])[04 EB 71 21 ]0x00004626:	ADD.W	R1, R4, R1, ROR #9	;(R4=0x9FCB0E90 R1=0xB901D09B )
(    libInnoSecure.so[0xCBBCB000])[61 EA 02 05 ]0x0000462A:	ORN	R5, R1, R2	;(R1=0xEDA78F78 R2=0xE60E8A2B )
(    libInnoSecure.so[0xCBBCB000])[1A 44       ]0x0000462E:	ADD	R2, R3	;(R2=0xE60E8A2B R3=0x35363166 )
(    libInnoSecure.so[0xCBBCB000])[65 40       ]0x00004630:	EORS	R5, R4	;(R5=0xFDF7FFFC R4=0x9FCB0E90 )
(    libInnoSecure.so[0xCBBCB000])[01 9B       ]0x00004632:	LDR	R3, [SP, #4]	;(SP=0x100FFD18 )
(    libInnoSecure.so[0xCBBCB000])[28 44       ]0x00004634:	ADD	R0, R5	;(R0=0x813B761F R5=0x623CF16C )
(    libInnoSecure.so[0xCBBCB000])[42 F2 44 25 ]0x00004636:	MOVW	R5, #0X2244
(    libInnoSecure.so[0xCBBCB000])[CF F2 29 45 ]0x0000463A:	MOVT	R5, #0XF429	;(R5=0x00002244 )
(    libInnoSecure.so[0xCBBCB000])[28 44       ]0x0000463E:	ADD	R0, R5	;(R0=0xE378678B R5=0xF4292244 )
(    libInnoSecure.so[0xCBBCB000])[23 44       ]0x00004640:	ADD	R3, R4	;(R3=0x31666439 R4=0x9FCB0E90 )
(    libInnoSecure.so[0xCBBCB000])[01 EB B0 60 ]0x00004642:	ADD.W	R0, R1, R0, ROR #26	;(R1=0xEDA78F78 R0=0xD7A189CF )
(    libInnoSecure.so[0xCBBCB000])[60 EA 04 05 ]0x00004646:	ORN	R5, R0, R4	;(R0=0xD60A036D R4=0x9FCB0E90 )
(    libInnoSecure.so[0xCBBCB000])[42 F2 A7 34 ]0x0000464A:	MOVW	R4, #0X23A7
(    libInnoSecure.so[0xCBBCB000])[4D 40       ]0x0000464E:	EORS	R5, R1	;(R5=0xF63EF36F R1=0xEDA78F78 )
(    libInnoSecure.so[0xCBBCB000])[CA F6 94 34 ]0x00004650:	MOVT	R4, #0XAB94	;(R4=0x000023A7 )
(    libInnoSecure.so[0xCBBCB000])[2A 44       ]0x00004654:	ADD	R2, R5	;(R2=0x1B44BB91 R5=0x1B997C17 )
(    libInnoSecure.so[0xCBBCB000])[4F F6 97 75 ]0x00004656:	MOVW	R5, #0XFF97
(    libInnoSecure.so[0xCBBCB000])[C4 F2 2A 35 ]0x0000465A:	MOVT	R5, #0X432A	;(R5=0x0000FF97 )
(    libInnoSecure.so[0xCBBCB000])[2A 44       ]0x0000465E:	ADD	R2, R5	;(R2=0x36DE37A8 R5=0x432AFF97 )
(    libInnoSecure.so[0xCBBCB000])[00 EB B2 52 ]0x00004660:	ADD.W	R2, R0, R2, ROR #22	;(R0=0xD60A036D R2=0x7A09373F )
(    libInnoSecure.so[0xCBBCB000])[62 EA 01 05 ]0x00004664:	ORN	R5, R2, R1	;(R2=0xFAE70155 R1=0xEDA78F78 )
(    libInnoSecure.so[0xCBBCB000])[45 40       ]0x00004668:	EORS	R5, R0	;(R5=0xFAFF71D7 R0=0xD60A036D )
(    libInnoSecure.so[0xCBBCB000])[2B 44       ]0x0000466A:	ADD	R3, R5	;(R3=0xD13172C9 R5=0x2CF572BA )
(    libInnoSecure.so[0xCBBCB000])[09 9D       ]0x0000466C:	LDR	R5, [SP, #0X24]	;(SP=0x100FFD18 )
(    libInnoSecure.so[0xCBBCB000])[23 44       ]0x0000466E:	ADD	R3, R4	;(R3=0xFE26E583 R4=0xAB9423A7 )
(    libInnoSecure.so[0xCBBCB000])[29 44       ]0x00004670:	ADD	R1, R5	;(R1=0xEDA78F78 R5=0x36626566 )
(    libInnoSecure.so[0xCBBCB000])[11 9D       ]0x00004672:	LDR	R5, [SP, #0X44]	;(SP=0x100FFD18 )
(    libInnoSecure.so[0xCBBCB000])[02 EB 73 43 ]0x00004674:	ADD.W	R3, R2, R3, ROR #17	;(R2=0xFAE70155 R3=0xA9BB092A )
(    libInnoSecure.so[0xCBBCB000])[63 EA 00 04 ]0x00004678:	ORN	R4, R3, R0	;(R3=0x7F7C5632 R0=0xD60A036D )
(    libInnoSecure.so[0xCBBCB000])[40 44       ]0x0000467C:	ADD	R0, R8	;(R0=0xD60A036D R8=0x61363035 )
(    libInnoSecure.so[0xCBBCB000])[54 40       ]0x0000467E:	EORS	R4, R2	;(R4=0x7FFDFEB2 R2=0xFAE70155 )
(    libInnoSecure.so[0xCBBCB000])[21 44       ]0x00004680:	ADD	R1, R4	;(R1=0x2409F4DE R4=0x851AFFE7 )
(    libInnoSecure.so[0xCBBCB000])[4A F2 39 04 ]0x00004682:	MOVW	R4, #0XA039
(    libInnoSecure.so[0xCBBCB000])[CF F6 93 44 ]0x00004686:	MOVT	R4, #0XFC93	;(R4=0x0000A039 )
(    libInnoSecure.so[0xCBBCB000])[21 44       ]0x0000468A:	ADD	R1, R4	;(R1=0xA924F4C5 R4=0xFC93A039 )
(    libInnoSecure.so[0xCBBCB000])[03 EB F1 21 ]0x0000468C:	ADD.W	R1, R3, R1, ROR #11	;(R3=0x7F7C5632 R1=0xA5B894FE )
(    libInnoSecure.so[0xCBBCB000])[61 EA 02 04 ]0x00004690:	ORN	R4, R1, R2	;(R1=0x1F510D44 R2=0xFAE70155 )
(    libInnoSecure.so[0xCBBCB000])[62 44       ]0x00004694:	ADD	R2, IP	;(R2=0xFAE70155 IP=0x39653331 )
(    libInnoSecure.so[0xCBBCB000])[5C 40       ]0x00004696:	EORS	R4, R3	;(R4=0x1F59FFEE R3=0x7F7C5632 )
(    libInnoSecure.so[0xCBBCB000])[DD F8 1C C0 ]0x00004698:	LDR.W	IP, [SP, #0X1C]	;(SP=0x100FFD18 )
(    libInnoSecure.so[0xCBBCB000])[20 44       ]0x0000469C:	ADD	R0, R4	;(R0=0x374033A2 R4=0x6025A9DC )
(    libInnoSecure.so[0xCBBCB000])[30 44       ]0x0000469E:	ADD	R0, R6	;(R0=0x9765DD7E R6=0x655B59C3 )
(    libInnoSecure.so[0xCBBCB000])[01 EB B0 60 ]0x000046A0:	ADD.W	R0, R1, R0, ROR #26	;(R1=0x1F510D44 R0=0xFCC13741 )
(    libInnoSecure.so[0xCBBCB000])[60 EA 03 06 ]0x000046A4:	ORN	R6, R0, R3	;(R0=0x4F9EDDC3 R3=0x7F7C5632 )
(    libInnoSecure.so[0xCBBCB000])[5B 44       ]0x000046A8:	ADD	R3, FP	;(R3=0x7F7C5632 FP=0x61663731 )
(    libInnoSecure.so[0xCBBCB000])[4E 40       ]0x000046AA:	EORS	R6, R1	;(R6=0xCF9FFDCF R1=0x1F510D44 )
(    libInnoSecure.so[0xCBBCB000])[32 44       ]0x000046AC:	ADD	R2, R6	;(R2=0x344C3486 R6=0xD0CEF08B )
(    libInnoSecure.so[0xCBBCB000])[4C F6 92 46 ]0x000046AE:	MOVW	R6, #0XCC92
(    libInnoSecure.so[0xCBBCB000])[C8 F6 0C 76 ]0x000046B2:	MOVT	R6, #0X8F0C	;(R6=0x0000CC92 )
(    libInnoSecure.so[0xCBBCB000])[32 44       ]0x000046B6:	ADD	R2, R6	;(R2=0x051B2511 R6=0x8F0CCC92 )
(    libInnoSecure.so[0xCBBCB000])[00 EB B2 52 ]0x000046B8:	ADD.W	R2, R0, R2, ROR #22	;(R0=0x4F9EDDC3 R2=0x9427F1A3 )
(    libInnoSecure.so[0xCBBCB000])[62 EA 01 06 ]0x000046BC:	ORN	R6, R2, R1	;(R2=0xEF656C13 R1=0x1F510D44 )
(    libInnoSecure.so[0xCBBCB000])[29 44       ]0x000046C0:	ADD	R1, R5	;(R1=0x1F510D44 R5=0x35363736 )
(    libInnoSecure.so[0xCBBCB000])[46 40       ]0x000046C2:	EORS	R6, R0	;(R6=0xEFEFFEBB R0=0x4F9EDDC3 )
(    libInnoSecure.so[0xCBBCB000])[0A 9D       ]0x000046C4:	LDR	R5, [SP, #0X28]	;(SP=0x100FFD18 )
(    libInnoSecure.so[0xCBBCB000])[33 44       ]0x000046C6:	ADD	R3, R6	;(R3=0xE0E28D63 R6=0xA0712378 )
(    libInnoSecure.so[0xCBBCB000])[4F F2 7D 46 ]0x000046C8:	MOVW	R6, #0XF47D
(    libInnoSecure.so[0xCBBCB000])[CF F6 EF 76 ]0x000046CC:	MOVT	R6, #0XFFEF	;(R6=0x0000F47D )
(    libInnoSecure.so[0xCBBCB000])[33 44       ]0x000046D0:	ADD	R3, R6	;(R3=0x8153B0DB R6=0xFFEFF47D )
(    libInnoSecure.so[0xCBBCB000])[02 EB 73 43 ]0x000046D2:	ADD.W	R3, R2, R3, ROR #17	;(R2=0xEF656C13 R3=0x8143A558 )
(    libInnoSecure.so[0xCBBCB000])[63 EA 00 06 ]0x000046D6:	ORN	R6, R3, R0	;(R3=0xC211ACB4 R0=0x4F9EDDC3 )
(    libInnoSecure.so[0xCBBCB000])[28 44       ]0x000046DA:	ADD	R0, R5	;(R0=0x4F9EDDC3 R5=0x35336635 )
(    libInnoSecure.so[0xCBBCB000])[56 40       ]0x000046DC:	EORS	R6, R2	;(R6=0xF271AEBC R2=0xEF656C13 )
(    libInnoSecure.so[0xCBBCB000])[08 9D       ]0x000046DE:	LDR	R5, [SP, #0X20]	;(SP=0x100FFD18 )
(    libInnoSecure.so[0xCBBCB000])[31 44       ]0x000046E0:	ADD	R1, R6	;(R1=0x5487447A R6=0x1D14C2AF )
(    libInnoSecure.so[0xCBBCB000])[45 F6 D1 56 ]0x000046E2:	MOVW	R6, #0X5DD1
(    libInnoSecure.so[0xCBBCB000])[C8 F2 84 56 ]0x000046E6:	MOVT	R6, #0X8584	;(R6=0x00005DD1 )
(    libInnoSecure.so[0xCBBCB000])[31 44       ]0x000046EA:	ADD	R1, R6	;(R1=0x719C0729 R6=0x85845DD1 )
(    libInnoSecure.so[0xCBBCB000])[03 EB F1 21 ]0x000046EC:	ADD.W	R1, R3, R1, ROR #11	;(R3=0xC211ACB4 R1=0xF72064FA )
(    libInnoSecure.so[0xCBBCB000])[61 EA 02 06 ]0x000046F0:	ORN	R6, R1, R2	;(R1=0x617090C0 R2=0xEF656C13 )
(    libInnoSecure.so[0xCBBCB000])[72 44       ]0x000046F4:	ADD	R2, LR	;(R2=0xEF656C13 LR=0x33373639 )
(    libInnoSecure.so[0xCBBCB000])[5E 40       ]0x000046F6:	EORS	R6, R3	;(R6=0x71FA93EC R3=0xC211ACB4 )
(    libInnoSecure.so[0xCBBCB000])[30 44       ]0x000046F8:	ADD	R0, R6	;(R0=0x84D243F8 R6=0xB3EB3F58 )
(    libInnoSecure.so[0xCBBCB000])[47 F6 4F 66 ]0x000046FA:	MOVW	R6, #0X7E4F
(    libInnoSecure.so[0xCBBCB000])[C6 F6 A8 76 ]0x000046FE:	MOVT	R6, #0X6FA8	;(R6=0x00007E4F )
(    libInnoSecure.so[0xCBBCB000])[30 44       ]0x00004702:	ADD	R0, R6	;(R0=0x38BD8350 R6=0x6FA87E4F )
(    libInnoSecure.so[0xCBBCB000])[01 EB B0 66 ]0x00004704:	ADD.W	R6, R1, R0, ROR #26	;(R1=0x617090C0 R0=0xA866019F )
(    libInnoSecure.so[0xCBBCB000])[66 EA 03 00 ]0x00004708:	ORN	R0, R6, R3	;(R6=0x7AF0F8AA R3=0xC211ACB4 )
(    libInnoSecure.so[0xCBBCB000])[4B 44       ]0x0000470C:	ADD	R3, SB	;(R3=0xC211ACB4 SB=0x62393335 )
(    libInnoSecure.so[0xCBBCB000])[48 40       ]0x0000470E:	EORS	R0, R1	;(R0=0x7FFEFBEB R1=0x617090C0 )
(    libInnoSecure.so[0xCBBCB000])[10 44       ]0x00004710:	ADD	R0, R2	;(R0=0x1E8E6B2B R2=0x229CA24C )
(    libInnoSecure.so[0xCBBCB000])[4E F2 E0 62 ]0x00004712:	MOVW	R2, #0XE6E0
(    libInnoSecure.so[0xCBBCB000])[CF F6 2C 62 ]0x00004716:	MOVT	R2, #0XFE2C	;(R2=0x0000E6E0 )
(    libInnoSecure.so[0xCBBCB000])[10 44       ]0x0000471A:	ADD	R0, R2	;(R0=0x412B0D77 R2=0xFE2CE6E0 )
(    libInnoSecure.so[0xCBBCB000])[06 EB B0 52 ]0x0000471C:	ADD.W	R2, R6, R0, ROR #22	;(R6=0x7AF0F8AA R0=0x3F57F457 )
(    libInnoSecure.so[0xCBBCB000])[62 EA 01 00 ]0x00004720:	ORN	R0, R2, R1	;(R2=0xDAC255A7 R1=0x617090C0 )
(    libInnoSecure.so[0xCBBCB000])[29 44       ]0x00004724:	ADD	R1, R5	;(R1=0x617090C0 R5=0x31323830 )
(    libInnoSecure.so[0xCBBCB000])[70 40       ]0x00004726:	EORS	R0, R6	;(R0=0xDECF7FBF R6=0x7AF0F8AA )
(    libInnoSecure.so[0xCBBCB000])[0B 9D       ]0x00004728:	LDR	R5, [SP, #0X2C]	;(SP=0x100FFD18 )
(    libInnoSecure.so[0xCBBCB000])[18 44       ]0x0000472A:	ADD	R0, R3	;(R0=0xA43F8715 R3=0x244ADFE9 )
(    libInnoSecure.so[0xCBBCB000])[44 F2 14 33 ]0x0000472C:	MOVW	R3, #0X4314
(    libInnoSecure.so[0xCBBCB000])[CA F2 01 33 ]0x00004730:	MOVT	R3, #0XA301	;(R3=0x00004314 )
(    libInnoSecure.so[0xCBBCB000])[18 44       ]0x00004734:	ADD	R0, R3	;(R0=0xC88A66FE R3=0xA3014314 )
(    libInnoSecure.so[0xCBBCB000])[02 EB 70 40 ]0x00004736:	ADD.W	R0, R2, R0, ROR #17	;(R2=0xDAC255A7 R0=0x6B8BAA12 )
(    libInnoSecure.so[0xCBBCB000])[60 EA 06 03 ]0x0000473A:	ORN	R3, R0, R6	;(R0=0xAFCB8B6C R6=0x7AF0F8AA )
(    libInnoSecure.so[0xCBBCB000])[2E 44       ]0x0000473E:	ADD	R6, R5	;(R6=0x7AF0F8AA R5=0x35366666 )
(    libInnoSecure.so[0xCBBCB000])[53 40       ]0x00004740:	EORS	R3, R2	;(R3=0xAFCF8F7D R2=0xDAC255A7 )
(    libInnoSecure.so[0xCBBCB000])[19 44       ]0x00004742:	ADD	R1, R3	;(R1=0x92A2C8F0 R3=0x750DDADA )
(    libInnoSecure.so[0xCBBCB000])[41 F2 A1 13 ]0x00004744:	MOVW	R3, #0X11A1
(    libInnoSecure.so[0xCBBCB000])[C4 F6 08 63 ]0x00004748:	MOVT	R3, #0X4E08	;(R3=0x000011A1 )
(    libInnoSecure.so[0xCBBCB000])[19 44       ]0x0000474C:	ADD	R1, R3	;(R1=0x07B0A3CA R3=0x4E0811A1 )
(    libInnoSecure.so[0xCBBCB000])[00 EB F1 21 ]0x0000474E:	ADD.W	R1, R0, R1, ROR #11	;(R0=0xAFCB8B6C R1=0x55B8B56B )
(    libInnoSecure.so[0xCBBCB000])[61 EA 02 03 ]0x00004752:	ORN	R3, R1, R2	;(R1=0x5D364282 R2=0xDAC255A7 )
(    libInnoSecure.so[0xCBBCB000])[43 40       ]0x00004756:	EORS	R3, R0	;(R3=0x7D3FEADA R0=0xAFCB8B6C )
(    libInnoSecure.so[0xCBBCB000])[33 44       ]0x00004758:	ADD	R3, R6	;(R3=0xD2F461B6 R6=0xB0275F10 )
(    libInnoSecure.so[0xCBBCB000])[47 F6 82 66 ]0x0000475A:	MOVW	R6, #0X7E82
(    libInnoSecure.so[0xCBBCB000])[CF F2 53 76 ]0x0000475E:	MOVT	R6, #0XF753	;(R6=0x00007E82 )
(    libInnoSecure.so[0xCBBCB000])[33 44       ]0x00004762:	ADD	R3, R6	;(R3=0x831BC0C6 R6=0xF7537E82 )
(    libInnoSecure.so[0xCBBCB000])[DC F8 00 60 ]0x00004764:	LDR.W	R6, [IP]	;(IP=0x100FFEF8 )
(    libInnoSecure.so[0xCBBCB000])[01 EB B3 63 ]0x00004768:	ADD.W	R3, R1, R3, ROR #26	;(R1=0x5D364282 R3=0x7A6F3F48 )
(    libInnoSecure.so[0xCBBCB000])[1E 44       ]0x0000476C:	ADD	R6, R3	;(R6=0x9D3D1CEB R3=0xF90614A0 )
(    libInnoSecure.so[0xCBBCB000])[CC F8 00 60 ]0x0000476E:	STR.W	R6, [IP]	;(R6=0x9643318B IP=0x100FFEF8 )
(    libInnoSecure.so[0xCBBCB000])[05 9D       ]0x00004772:	LDR	R5, [SP, #0X14]	;(SP=0x100FFD18 )
(    libInnoSecure.so[0xCBBCB000])[63 EA 00 06 ]0x00004774:	ORN	R6, R3, R0	;(R3=0xF90614A0 R0=0xAFCB8B6C )
(    libInnoSecure.so[0xCBBCB000])[4E 40       ]0x00004778:	EORS	R6, R1	;(R6=0xF93674B3 R1=0x5D364282 )
(    libInnoSecure.so[0xCBBCB000])[50 44       ]0x0000477A:	ADD	R0, SL	;(R0=0xAFCB8B6C SL=0x33376535 )
(    libInnoSecure.so[0xCBBCB000])[2A 44       ]0x0000477C:	ADD	R2, R5	;(R2=0xDAC255A7 R5=0x65343961 )
(    libInnoSecure.so[0xCBBCB000])[32 44       ]0x0000477E:	ADD	R2, R6	;(R2=0x3FF68F08 R6=0xA4003631 )
(    libInnoSecure.so[0xCBBCB000])[4F F2 35 26 ]0x00004780:	MOVW	R6, #0XF235
(    libInnoSecure.so[0xCBBCB000])[CB F6 3A 56 ]0x00004784:	MOVT	R6, #0XBD3A	;(R6=0x0000F235 )
(    libInnoSecure.so[0xCBBCB000])[32 44       ]0x00004788:	ADD	R2, R6	;(R2=0xE3F6C539 R6=0xBD3AF235 )
(    libInnoSecure.so[0xCBBCB000])[DC E9 01 65 ]0x0000478A:	LDRD	R6, R5, [IP, #4]	;(IP=0x100FFEF8 )
(    libInnoSecure.so[0xCBBCB000])[DC F8 0C 40 ]0x0000478E:	LDR.W	R4, [IP, #0XC]	;(IP=0x100FFEF8 )
(    libInnoSecure.so[0xCBBCB000])[03 EB B2 52 ]0x00004792:	ADD.W	R2, R3, R2, ROR #22	;(R3=0xF90614A0 R2=0xA131B76E )
(    libInnoSecure.so[0xCBBCB000])[14 44       ]0x00004796:	ADD	R4, R2	;(R4=0xA98E9A50 R2=0xBFE3CF24 )
(    libInnoSecure.so[0xCBBCB000])[CC F8 0C 40 ]0x00004798:	STR.W	R4, [IP, #0XC]	;(R4=0x69726974 IP=0x100FFEF8 )
(    libInnoSecure.so[0xCBBCB000])[62 EA 01 04 ]0x0000479C:	ORN	R4, R2, R1	;(R2=0xBFE3CF24 R1=0x5D364282 )
(    libInnoSecure.so[0xCBBCB000])[5C 40       ]0x000047A0:	EORS	R4, R3	;(R4=0xBFEBFF7D R3=0xF90614A0 )
(    libInnoSecure.so[0xCBBCB000])[20 44       ]0x000047A2:	ADD	R0, R4	;(R0=0xE302F0A1 R4=0x46EDEBDD )
(    libInnoSecure.so[0xCBBCB000])[4D F2 BB 24 ]0x000047A4:	MOVW	R4, #0XD2BB
(    libInnoSecure.so[0xCBBCB000])[C2 F6 D7 24 ]0x000047A8:	MOVT	R4, #0X2AD7	;(R4=0x0000D2BB )
(    libInnoSecure.so[0xCBBCB000])[20 44       ]0x000047AC:	ADD	R0, R4	;(R0=0x29F0DC7E R4=0x2AD7D2BB )
(    libInnoSecure.so[0xCBBCB000])[02 EB 70 40 ]0x000047AE:	ADD.W	R0, R2, R0, ROR #17	;(R2=0xBFE3CF24 R0=0x54C8AF39 )
(    libInnoSecure.so[0xCBBCB000])[05 44       ]0x000047B2:	ADD	R5, R0	;(R5=0xEF468900 R0=0x17807988 )
(    libInnoSecure.so[0xCBBCB000])[60 EA 03 03 ]0x000047B4:	ORN	R3, R0, R3	;(R0=0x17807988 R3=0xF90614A0 )
(    libInnoSecure.so[0xCBBCB000])[CC F8 08 50 ]0x000047B8:	STR.W	R5, [IP, #8]	;(R5=0x06C70288 IP=0x100FFEF8 )
(    libInnoSecure.so[0xCBBCB000])[5A 40       ]0x000047BC:	EORS	R2, R3	;(R2=0xBFE3CF24 R3=0x17F9FBDF )
(    libInnoSecure.so[0xCBBCB000])[10 9B       ]0x000047BE:	LDR	R3, [SP, #0X40]	;(SP=0x100FFD18 )
(    libInnoSecure.so[0xCBBCB000])[30 44       ]0x000047C0:	ADD	R0, R6	;(R0=0x17807988 R6=0x102EA6C9 )
(    libInnoSecure.so[0xCBBCB000])[19 44       ]0x000047C2:	ADD	R1, R3	;(R1=0x5D364282 R3=0x65373361 )
(    libInnoSecure.so[0xCBBCB000])[11 44       ]0x000047C4:	ADD	R1, R2	;(R1=0xC26D75E3 R2=0xA81A34FB )
(    libInnoSecure.so[0xCBBCB000])[4D F2 91 32 ]0x000047C6:	MOVW	R2, #0XD391
(    libInnoSecure.so[0xCBBCB000])[CE F6 86 32 ]0x000047CA:	MOVT	R2, #0XEB86	;(R2=0x0000D391 )
(    libInnoSecure.so[0xCBBCB000])[11 44       ]0x000047CE:	ADD	R1, R2	;(R1=0x6A87AADE R2=0xEB86D391 )
(    libInnoSecure.so[0xCBBCB000])[00 EB F1 20 ]0x000047D0:	ADD.W	R0, R0, R1, ROR #11	;(R0=0x27AF2051 R1=0x560E7E6F )
(    libInnoSecure.so[0xCBBCB000])[CC F8 04 00 ]0x000047D4:	STR.W	R0, [IP, #4]	;(R0=0xF599E220 IP=0x100FFEF8 )
(    libInnoSecure.so[0xCBBCB000])[07 48       ]0x000047D8:	LDR	R0, [PC, #0X1C]	;(PC=0xCBBCF7D8 )
(    libInnoSecure.so[0xCBBCB000])[52 99       ]0x000047DA:	LDR	R1, [SP, #0X148]	;(SP=0x100FFD18 )
(    libInnoSecure.so[0xCBBCB000])[78 44       ]0x000047DC:	ADD	R0, PC	;(R0=0x000056C0 PC=0xCBBCF7DC )
(    libInnoSecure.so[0xCBBCB000])[00 68       ]0x000047DE:	LDR	R0, [R0]	;(R0=0xCBBD4EA0 )
(    libInnoSecure.so[0xCBBCB000])[00 68       ]0x000047E0:	LDR	R0, [R0]	;(R0=0xCBC29384 )
(    libInnoSecure.so[0xCBBCB000])[40 1A       ]0x000047E2:	SUBS	R0, R0, R1	;(R0=0x00000000 R1=0x00000000 )
(    libInnoSecure.so[0xCBBCB000])[02 BF       ]0x000047E4:	ITTT	EQ
(    libInnoSecure.so[0xCBBCB000])[53 B0       ]0x000047E6:	ADD	SP, #0X14C	;(SP=0x100FFD18 )
(    libInnoSecure.so[0xCBBCB000])[BD E8 00 0F ]0x000047E8:	POP.W	{R8, SB, SL, FP}	;(SP=0x100FFE64 )
(    libInnoSecure.so[0xCBBCB000])[F0 BD       ]0x000047EC:	POP	{R4, R5, R6, R7, PC}	;(SP=0x100FFE74 )
(    libInnoSecure.so[0xCBBCB000])[05 F1 80 00 ]0x0000402E:	ADD.W	R0, R5, #0X80	;(R5=0x000002C0 )
(    libInnoSecure.so[0xCBBCB000])[40 35       ]0x00004032:	ADDS	R5, #0X40	;(R5=0x000002C0 )
(    libInnoSecure.so[0xCBBCB000])[A0 42       ]0x00004034:	CMP	R0, R4	;(R0=0x00000340 R4=0x0000043E )
(    libInnoSecure.so[0xCBBCB000])[F5 D9       ]0x00004036:	BLS	#0XCBBCF024
(    libInnoSecure.so[0xCBBCB000])[09 EB 05 01 ]0x00004024:	ADD.W	R1, SB, R5	;(SB=0x30043020 R5=0x00000300 )
(    libInnoSecure.so[0xCBBCB000])[30 46       ]0x00004028:	MOV	R0, R6	;(R6=0x100FFEF8 )
(    libInnoSecure.so[0xCBBCB000])[00 F0 11 F8 ]0x0000402A:	BL	#0XCBBCF050	;(PC=0xCBBCF02A )
(    libInnoSecure.so[0xCBBCB000])[F0 B5       ]0x00004050:	PUSH	{R4, R5, R6, R7, LR}	;(SP=0x100FFE88 R4=0x0000043E R5=0x00000300 R6=0x100FFEF8 R7=0x100FFEA0 LR=0xCBBCF02F )
(    libInnoSecure.so[0xCBBCB000])[03 AF       ]0x00004052:	ADD	R7, SP, #0XC	;(SP=0x100FFE74 )
(    libInnoSecure.so[0xCBBCB000])[2D E9 00 0F ]0x00004054:	PUSH.W	{R8, SB, SL, FP}	;(SP=0x100FFE74 R8=0x100FFEF0 SB=0x30043020 SL=0x100FFF08 FP=0x00000007 )
(    libInnoSecure.so[0xCBBCB000])[D3 B0       ]0x00004058:	SUB	SP, #0X14C	;(SP=0x100FFE64 )
(    libInnoSecure.so[0xCBBCB000])[DF F8 98 27 ]0x0000405A:	LDR.W	R2, [PC, #0X798]	;(PC=0xCBBCF05A )
(    libInnoSecure.so[0xCBBCB000])[12 AC       ]0x0000405E:	ADD	R4, SP, #0X48	;(SP=0x100FFD18 )
(    libInnoSecure.so[0xCBBCB000])[00 25       ]0x00004060:	MOVS	R5, #0
(    libInnoSecure.so[0xCBBCB000])[7A 44       ]0x00004062:	ADD	R2, PC	;(R2=0x00005E3A PC=0xCBBCF062 )
(    libInnoSecure.so[0xCBBCB000])[12 68       ]0x00004064:	LDR	R2, [R2]	;(R2=0xCBBD4EA0 )
(    libInnoSecure.so[0xCBBCB000])[12 68       ]0x00004066:	LDR	R2, [R2]	;(R2=0xCBC29384 )
(    libInnoSecure.so[0xCBBCB000])[52 92       ]0x00004068:	STR	R2, [SP, #0X148]	;(R2=0x00000000 SP=0x100FFD18 )
(    libInnoSecure.so[0xCBBCB000])[D0 E9 00 C2 ]0x0000406A:	LDRD	IP, R2, [R0]	;(R0=0x100FFEF8 )
(    libInnoSecure.so[0xCBBCB000])[D0 F8 08 E0 ]0x0000406E:	LDR.W	LR, [R0, #8]	;(R0=0x100FFEF8 )
(    libInnoSecure.so[0xCBBCB000])[07 90       ]0x00004072:	STR	R0, [SP, #0X1C]	;(R0=0x100FFEF8 SP=0x100FFD18 )
(    libInnoSecure.so[0xCBBCB000])[C0 68       ]0x00004074:	LDR	R0, [R0, #0XC]	;(R0=0x100FFEF8 )
(    libInnoSecure.so[0xCBBCB000])[4E 59       ]0x00004076:	LDR	R6, [R1, R5]	;(R1=0x30043320 R5=0x00000000 )
(    libInnoSecure.so[0xCBBCB000])[66 51       ]0x00004078:	STR	R6, [R4, R5]	;(R6=0x35346630 R4=0x100FFD60 R5=0x00000000 )
(    libInnoSecure.so[0xCBBCB000])[04 35       ]0x0000407A:	ADDS	R5, #4	;(R5=0x00000000 )
(    libInnoSecure.so[0xCBBCB000])[40 2D       ]0x0000407C:	CMP	R5, #0X40	;(R5=0x00000004 )
(    libInnoSecure.so[0xCBBCB000])[FA D1       ]0x0000407E:	BNE	#0XCBBCF076
(    libInnoSecure.so[0xCBBCB000])[4E 59       ]0x00004076:	LDR	R6, [R1, R5]	;(R1=0x30043320 R5=0x00000004 )
(    libInnoSecure.so[0xCBBCB000])[66 51       ]0x00004078:	STR	R6, [R4, R5]	;(R6=0x31633964 R4=0x100FFD60 R5=0x00000004 )
(    libInnoSecure.so[0xCBBCB000])[04 35       ]0x0000407A:	ADDS	R5, #4	;(R5=0x00000004 )
(    libInnoSecure.so[0xCBBCB000])[40 2D       ]0x0000407C:	CMP	R5, #0X40	;(R5=0x00000008 )
(    libInnoSecure.so[0xCBBCB000])[FA D1       ]0x0000407E:	BNE	#0XCBBCF076
(    libInnoSecure.so[0xCBBCB000])[4E 59       ]0x00004076:	LDR	R6, [R1, R5]	;(R1=0x30043320 R5=0x00000008 )
(    libInnoSecure.so[0xCBBCB000])[66 51       ]0x00004078:	STR	R6, [R4, R5]	;(R6=0x34396463 R4=0x100FFD60 R5=0x00000008 )
(    libInnoSecure.so[0xCBBCB000])[04 35       ]0x0000407A:	ADDS	R5, #4	;(R5=0x00000008 )
(    libInnoSecure.so[0xCBBCB000])[40 2D       ]0x0000407C:	CMP	R5, #0X40	;(R5=0x0000000C )
(    libInnoSecure.so[0xCBBCB000])[FA D1       ]0x0000407E:	BNE	#0XCBBCF076
(    libInnoSecure.so[0xCBBCB000])[4E 59       ]0x00004076:	LDR	R6, [R1, R5]	;(R1=0x30043320 R5=0x0000000C )
(    libInnoSecure.so[0xCBBCB000])[66 51       ]0x00004078:	STR	R6, [R4, R5]	;(R6=0x32303364 R4=0x100FFD60 R5=0x0000000C )
(    libInnoSecure.so[0xCBBCB000])[04 35       ]0x0000407A:	ADDS	R5, #4	;(R5=0x0000000C )
(    libInnoSecure.so[0xCBBCB000])[40 2D       ]0x0000407C:	CMP	R5, #0X40	;(R5=0x00000010 )
(    libInnoSecure.so[0xCBBCB000])[FA D1       ]0x0000407E:	BNE	#0XCBBCF076
(    libInnoSecure.so[0xCBBCB000])[4E 59       ]0x00004076:	LDR	R6, [R1, R5]	;(R1=0x30043320 R5=0x00000010 )
(    libInnoSecure.so[0xCBBCB000])[66 51       ]0x00004078:	STR	R6, [R4, R5]	;(R6=0x31303330 R4=0x100FFD60 R5=0x00000010 )
(    libInnoSecure.so[0xCBBCB000])[04 35       ]0x0000407A:	ADDS	R5, #4	;(R5=0x00000010 )
(    libInnoSecure.so[0xCBBCB000])[40 2D       ]0x0000407C:	CMP	R5, #0X40	;(R5=0x00000014 )
(    libInnoSecure.so[0xCBBCB000])[FA D1       ]0x0000407E:	BNE	#0XCBBCF076
(    libInnoSecure.so[0xCBBCB000])[4E 59       ]0x00004076:	LDR	R6, [R1, R5]	;(R1=0x30043320 R5=0x00000014 )
(    libInnoSecure.so[0xCBBCB000])[66 51       ]0x00004078:	STR	R6, [R4, R5]	;(R6=0x31303030 R4=0x100FFD60 R5=0x00000014 )
(    libInnoSecure.so[0xCBBCB000])[04 35       ]0x0000407A:	ADDS	R5, #4	;(R5=0x00000014 )
(    libInnoSecure.so[0xCBBCB000])[40 2D       ]0x0000407C:	CMP	R5, #0X40	;(R5=0x00000018 )
(    libInnoSecure.so[0xCBBCB000])[FA D1       ]0x0000407E:	BNE	#0XCBBCF076
(    libInnoSecure.so[0xCBBCB000])[4E 59       ]0x00004076:	LDR	R6, [R1, R5]	;(R1=0x30043320 R5=0x00000018 )
(    libInnoSecure.so[0xCBBCB000])[66 51       ]0x00004078:	STR	R6, [R4, R5]	;(R6=0x64303033 R4=0x100FFD60 R5=0x00000018 )
(    libInnoSecure.so[0xCBBCB000])[04 35       ]0x0000407A:	ADDS	R5, #4	;(R5=0x00000018 )
(    libInnoSecure.so[0xCBBCB000])[40 2D       ]0x0000407C:	CMP	R5, #0X40	;(R5=0x0000001C )
(    libInnoSecure.so[0xCBBCB000])[FA D1       ]0x0000407E:	BNE	#0XCBBCF076
(    libInnoSecure.so[0xCBBCB000])[4E 59       ]0x00004076:	LDR	R6, [R1, R5]	;(R1=0x30043320 R5=0x0000001C )
(    libInnoSecure.so[0xCBBCB000])[66 51       ]0x00004078:	STR	R6, [R4, R5]	;(R6=0x39303630 R4=0x100FFD60 R5=0x0000001C )
(    libInnoSecure.so[0xCBBCB000])[04 35       ]0x0000407A:	ADDS	R5, #4	;(R5=0x0000001C )
(    libInnoSecure.so[0xCBBCB000])[40 2D       ]0x0000407C:	CMP	R5, #0X40	;(R5=0x00000020 )
(    libInnoSecure.so[0xCBBCB000])[FA D1       ]0x0000407E:	BNE	#0XCBBCF076
(    libInnoSecure.so[0xCBBCB000])[4E 59       ]0x00004076:	LDR	R6, [R1, R5]	;(R1=0x30043320 R5=0x00000020 )
(    libInnoSecure.so[0xCBBCB000])[66 51       ]0x00004078:	STR	R6, [R4, R5]	;(R6=0x36386132 R4=0x100FFD60 R5=0x00000020 )
(    libInnoSecure.so[0xCBBCB000])[04 35       ]0x0000407A:	ADDS	R5, #4	;(R5=0x00000020 )
(    libInnoSecure.so[0xCBBCB000])[40 2D       ]0x0000407C:	CMP	R5, #0X40	;(R5=0x00000024 )
(    libInnoSecure.so[0xCBBCB000])[FA D1       ]0x0000407E:	BNE	#0XCBBCF076
(    libInnoSecure.so[0xCBBCB000])[4E 59       ]0x00004076:	LDR	R6, [R1, R5]	;(R1=0x30043320 R5=0x00000024 )
(    libInnoSecure.so[0xCBBCB000])[66 51       ]0x00004078:	STR	R6, [R4, R5]	;(R6=0x36383834 R4=0x100FFD60 R5=0x00000024 )
(    libInnoSecure.so[0xCBBCB000])[04 35       ]0x0000407A:	ADDS	R5, #4	;(R5=0x00000024 )
(    libInnoSecure.so[0xCBBCB000])[40 2D       ]0x0000407C:	CMP	R5, #0X40	;(R5=0x00000028 )
(    libInnoSecure.so[0xCBBCB000])[FA D1       ]0x0000407E:	BNE	#0XCBBCF076
(    libInnoSecure.so[0xCBBCB000])[4E 59       ]0x00004076:	LDR	R6, [R1, R5]	;(R1=0x30043320 R5=0x00000028 )
(    libInnoSecure.so[0xCBBCB000])[66 51       ]0x00004078:	STR	R6, [R4, R5]	;(R6=0x64303766 R4=0x100FFD60 R5=0x00000028 )
(    libInnoSecure.so[0xCBBCB000])[04 35       ]0x0000407A:	ADDS	R5, #4	;(R5=0x00000028 )
(    libInnoSecure.so[0xCBBCB000])[40 2D       ]0x0000407C:	CMP	R5, #0X40	;(R5=0x0000002C )
(    libInnoSecure.so[0xCBBCB000])[FA D1       ]0x0000407E:	BNE	#0XCBBCF076
(    libInnoSecure.so[0xCBBCB000])[4E 59       ]0x00004076:	LDR	R6, [R1, R5]	;(R1=0x30043320 R5=0x0000002C )
(    libInnoSecure.so[0xCBBCB000])[66 51       ]0x00004078:	STR	R6, [R4, R5]	;(R6=0x31303130 R4=0x100FFD60 R5=0x0000002C )
(    libInnoSecure.so[0xCBBCB000])[04 35       ]0x0000407A:	ADDS	R5, #4	;(R5=0x0000002C )
(    libInnoSecure.so[0xCBBCB000])[40 2D       ]0x0000407C:	CMP	R5, #0X40	;(R5=0x00000030 )
(    libInnoSecure.so[0xCBBCB000])[FA D1       ]0x0000407E:	BNE	#0XCBBCF076
(    libInnoSecure.so[0xCBBCB000])[4E 59       ]0x00004076:	LDR	R6, [R1, R5]	;(R1=0x30043320 R5=0x00000030 )
(    libInnoSecure.so[0xCBBCB000])[66 51       ]0x00004078:	STR	R6, [R4, R5]	;(R6=0x35303530 R4=0x100FFD60 R5=0x00000030 )
(    libInnoSecure.so[0xCBBCB000])[04 35       ]0x0000407A:	ADDS	R5, #4	;(R5=0x00000030 )
(    libInnoSecure.so[0xCBBCB000])[40 2D       ]0x0000407C:	CMP	R5, #0X40	;(R5=0x00000034 )
(    libInnoSecure.so[0xCBBCB000])[FA D1       ]0x0000407E:	BNE	#0XCBBCF076
(    libInnoSecure.so[0xCBBCB000])[4E 59       ]0x00004076:	LDR	R6, [R1, R5]	;(R1=0x30043320 R5=0x00000034 )
(    libInnoSecure.so[0xCBBCB000])[66 51       ]0x00004078:	STR	R6, [R4, R5]	;(R6=0x33303030 R4=0x100FFD60 R5=0x00000034 )
(    libInnoSecure.so[0xCBBCB000])[04 35       ]0x0000407A:	ADDS	R5, #4	;(R5=0x00000034 )
(    libInnoSecure.so[0xCBBCB000])[40 2D       ]0x0000407C:	CMP	R5, #0X40	;(R5=0x00000038 )
(    libInnoSecure.so[0xCBBCB000])[FA D1       ]0x0000407E:	BNE	#0XCBBCF076
(    libInnoSecure.so[0xCBBCB000])[4E 59       ]0x00004076:	LDR	R6, [R1, R5]	;(R1=0x30043320 R5=0x00000038 )
(    libInnoSecure.so[0xCBBCB000])[66 51       ]0x00004078:	STR	R6, [R4, R5]	;(R6=0x31383138 R4=0x100FFD60 R5=0x00000038 )
(    libInnoSecure.so[0xCBBCB000])[04 35       ]0x0000407A:	ADDS	R5, #4	;(R5=0x00000038 )
(    libInnoSecure.so[0xCBBCB000])[40 2D       ]0x0000407C:	CMP	R5, #0X40	;(R5=0x0000003C )
(    libInnoSecure.so[0xCBBCB000])[FA D1       ]0x0000407E:	BNE	#0XCBBCF076
(    libInnoSecure.so[0xCBBCB000])[4E 59       ]0x00004076:	LDR	R6, [R1, R5]	;(R1=0x30043320 R5=0x0000003C )
(    libInnoSecure.so[0xCBBCB000])[66 51       ]0x00004078:	STR	R6, [R4, R5]	;(R6=0x65303030 R4=0x100FFD60 R5=0x0000003C )
(    libInnoSecure.so[0xCBBCB000])[04 35       ]0x0000407A:	ADDS	R5, #4	;(R5=0x0000003C )
(    libInnoSecure.so[0xCBBCB000])[40 2D       ]0x0000407C:	CMP	R5, #0X40	;(R5=0x00000040 )
(    libInnoSecure.so[0xCBBCB000])[FA D1       ]0x0000407E:	BNE	#0XCBBCF076
(    libInnoSecure.so[0xCBBCB000])[0E EA 02 01 ]0x00004080:	AND.W	R1, LR, R2	;(LR=0x06C70288 R2=0xF599E220 )
(    libInnoSecure.so[0xCBBCB000])[20 EA 02 06 ]0x00004084:	BIC.W	R6, R0, R2	;(R0=0x69726974 R2=0xF599E220 )
(    libInnoSecure.so[0xCBBCB000])[31 43       ]0x00004088:	ORRS	R1, R6	;(R1=0x04810200 R6=0x08620954 )
(    libInnoSecure.so[0xCBBCB000])[12 9D       ]0x0000408A:	LDR	R5, [SP, #0X48]	;(SP=0x100FFD18 )
(    libInnoSecure.so[0xCBBCB000])[61 44       ]0x0000408C:	ADD	R1, IP	;(R1=0x0CE30B54 IP=0x9643318B )
(    libInnoSecure.so[0xCBBCB000])[4A F2 78 46 ]0x0000408E:	MOVW	R6, #0XA478
(    libInnoSecure.so[0xCBBCB000])[29 44       ]0x00004092:	ADD	R1, R5	;(R1=0xA3263CDF R5=0x35346630 )
(    libInnoSecure.so[0xCBBCB000])[CD F2 6A 76 ]0x00004094:	MOVT	R6, #0XD76A	;(R6=0x0000A478 )
(    libInnoSecure.so[0xCBBCB000])[31 44       ]0x00004098:	ADD	R1, R6	;(R1=0xD85AA30F R6=0xD76AA478 )
(    libInnoSecure.so[0xCBBCB000])[13 9B       ]0x0000409A:	LDR	R3, [SP, #0X4C]	;(SP=0x100FFD18 )
(    libInnoSecure.so[0xCBBCB000])[0E 95       ]0x0000409C:	STR	R5, [SP, #0X38]	;(R5=0x35346630 SP=0x100FFD18 )
(    libInnoSecure.so[0xCBBCB000])[02 EB 71 66 ]0x0000409E:	ADD.W	R6, R2, R1, ROR #25	;(R2=0xF599E220 R1=0xAFC54787 )
(    libInnoSecure.so[0xCBBCB000])[18 44       ]0x000040A2:	ADD	R0, R3	;(R0=0x69726974 R3=0x31633964 )
(    libInnoSecure.so[0xCBBCB000])[2E EA 06 01 ]0x000040A4:	BIC.W	R1, LR, R6	;(LR=0x06C70288 R6=0xD83DA5F7 )
(    libInnoSecure.so[0xCBBCB000])[06 EA 02 05 ]0x000040A8:	AND.W	R5, R6, R2	;(R6=0xD83DA5F7 R2=0xF599E220 )
(    libInnoSecure.so[0xCBBCB000])[29 43       ]0x000040AC:	ORRS	R1, R5	;(R1=0x06C20208 R5=0xD019A020 )
(    libInnoSecure.so[0xCBBCB000])[14 9C       ]0x000040AE:	LDR	R4, [SP, #0X50]	;(SP=0x100FFD18 )
(    libInnoSecure.so[0xCBBCB000])[08 44       ]0x000040B0:	ADD	R0, R1	;(R0=0x9AD5A2D8 R1=0xD6DBA228 )
(    libInnoSecure.so[0xCBBCB000])[4B F2 56 71 ]0x000040B2:	MOVW	R1, #0XB756
(    libInnoSecure.so[0xCBBCB000])[CE F6 C7 01 ]0x000040B6:	MOVT	R1, #0XE8C7	;(R1=0x0000B756 )
(    libInnoSecure.so[0xCBBCB000])[08 44       ]0x000040BA:	ADD	R0, R1	;(R0=0x71B14500 R1=0xE8C7B756 )
(    libInnoSecure.so[0xCBBCB000])[DD F8 54 C0 ]0x000040BC:	LDR.W	IP, [SP, #0X54]	;(SP=0x100FFD18 )
(    libInnoSecure.so[0xCBBCB000])[06 EB 30 55 ]0x000040C0:	ADD.W	R5, R6, R0, ROR #20	;(R6=0xD83DA5F7 R0=0x5A78FC56 )
(    libInnoSecure.so[0xCBBCB000])[11 93       ]0x000040C4:	STR	R3, [SP, #0X44]	;(R3=0x31633964 SP=0x100FFD18 )
(    libInnoSecure.so[0xCBBCB000])[22 EA 05 00 ]0x000040C6:	BIC.W	R0, R2, R5	;(R2=0xF599E220 R5=0x68030B9E )
(    libInnoSecure.so[0xCBBCB000])[05 EA 06 01 ]0x000040CA:	AND.W	R1, R5, R6	;(R5=0x68030B9E R6=0xD83DA5F7 )
(    libInnoSecure.so[0xCBBCB000])[08 43       ]0x000040CE:	ORRS	R0, R1	;(R0=0x9598E020 R1=0x48010196 )
(    libInnoSecure.so[0xCBBCB000])[0E EB 04 01 ]0x000040D0:	ADD.W	R1, LR, R4	;(LR=0x06C70288 R4=0x34396463 )
(    libInnoSecure.so[0xCBBCB000])[08 44       ]0x000040D4:	ADD	R0, R1	;(R0=0xDD99E1B6 R1=0x3B0066EB )
(    libInnoSecure.so[0xCBBCB000])[47 F2 DB 01 ]0x000040D6:	MOVW	R1, #0X70DB
(    libInnoSecure.so[0xCBBCB000])[C2 F2 20 41 ]0x000040DA:	MOVT	R1, #0X2420	;(R1=0x000070DB )
(    libInnoSecure.so[0xCBBCB000])[08 44       ]0x000040DE:	ADD	R0, R1	;(R0=0x189A48A1 R1=0x242070DB )
(    libInnoSecure.so[0xCBBCB000])[62 44       ]0x000040E0:	ADD	R2, IP	;(R2=0xF599E220 IP=0x32303364 )
(    libInnoSecure.so[0xCBBCB000])[CD F8 3C C0 ]0x000040E2:	STR.W	IP, [SP, #0X3C]	;(IP=0x32303364 SP=0x100FFD18 )
(    libInnoSecure.so[0xCBBCB000])[05 EB F0 30 ]0x000040E6:	ADD.W	R0, R5, R0, ROR #15	;(R5=0x68030B9E R0=0x3CBAB97C )
(    libInnoSecure.so[0xCBBCB000])[DD F8 60 C0 ]0x000040EA:	LDR.W	IP, [SP, #0X60]	;(SP=0x100FFD18 )
(    libInnoSecure.so[0xCBBCB000])[26 EA 00 01 ]0x000040EE:	BIC.W	R1, R6, R0	;(R6=0xD83DA5F7 R0=0xDAFB8513 )
(    libInnoSecure.so[0xCBBCB000])[00 EA 05 03 ]0x000040F2:	AND.W	R3, R0, R5	;(R0=0xDAFB8513 R5=0x68030B9E )
(    libInnoSecure.so[0xCBBCB000])[19 43       ]0x000040F6:	ORRS	R1, R3	;(R1=0x000420E4 R3=0x48030112 )
(    libInnoSecure.so[0xCBBCB000])[0C 94       ]0x000040F8:	STR	R4, [SP, #0X30]	;(R4=0x34396463 SP=0x100FFD18 )
(    libInnoSecure.so[0xCBBCB000])[11 44       ]0x000040FA:	ADD	R1, R2	;(R1=0x480721F6 R2=0x27CA1584 )
(    libInnoSecure.so[0xCBBCB000])[4C F6 EE 62 ]0x000040FC:	MOVW	R2, #0XCEEE
(    libInnoSecure.so[0xCBBCB000])[CC F2 BD 12 ]0x00004100:	MOVT	R2, #0XC1BD	;(R2=0x0000CEEE )
(    libInnoSecure.so[0xCBBCB000])[11 44       ]0x00004104:	ADD	R1, R2	;(R1=0x6FD1377A R2=0xC1BDCEEE )
(    libInnoSecure.so[0xCBBCB000])[DD F8 74 90 ]0x00004106:	LDR.W	SB, [SP, #0X74]	;(SP=0x100FFD18 )
(    libInnoSecure.so[0xCBBCB000])[00 EB B1 21 ]0x0000410A:	ADD.W	R1, R0, R1, ROR #10	;(R0=0xDAFB8513 R1=0x318F0668 )
(    libInnoSecure.so[0xCBBCB000])[CD F8 18 C0 ]0x0000410E:	STR.W	IP, [SP, #0X18]	;(IP=0x64303033 SP=0x100FFD18 )
(    libInnoSecure.so[0xCBBCB000])[25 EA 01 02 ]0x00004112:	BIC.W	R2, R5, R1	;(R5=0x68030B9E R1=0x7507E8D4 )
(    libInnoSecure.so[0xCBBCB000])[01 EA 00 03 ]0x00004116:	AND.W	R3, R1, R0	;(R1=0x7507E8D4 R0=0xDAFB8513 )
(    libInnoSecure.so[0xCBBCB000])[1A 43       ]0x0000411A:	ORRS	R2, R3	;(R2=0x0800030A R3=0x50038010 )
(    libInnoSecure.so[0xCBBCB000])[16 9B       ]0x0000411C:	LDR	R3, [SP, #0X58]	;(SP=0x100FFD18 )
(    libInnoSecure.so[0xCBBCB000])[0B 93       ]0x0000411E:	STR	R3, [SP, #0X2C]	;(R3=0x31303330 SP=0x100FFD18 )
(    libInnoSecure.so[0xCBBCB000])[33 44       ]0x00004120:	ADD	R3, R6	;(R3=0x31303330 R6=0xD83DA5F7 )
(    libInnoSecure.so[0xCBBCB000])[1A 44       ]0x00004122:	ADD	R2, R3	;(R2=0x5803831A R3=0x096DD927 )
(    libInnoSecure.so[0xCBBCB000])[40 F6 AF 73 ]0x00004124:	MOVW	R3, #0XFAF
(    libInnoSecure.so[0xCBBCB000])[CF F2 7C 53 ]0x00004128:	MOVT	R3, #0XF57C	;(R3=0x00000FAF )
(    libInnoSecure.so[0xCBBCB000])[1A 44       ]0x0000412C:	ADD	R2, R3	;(R2=0x61715C41 R3=0xF57C0FAF )
(    libInnoSecure.so[0xCBBCB000])[01 EB 72 62 ]0x0000412E:	ADD.W	R2, R1, R2, ROR #25	;(R1=0x7507E8D4 R2=0x56ED6BF0 )
(    libInnoSecure.so[0xCBBCB000])[20 EA 02 03 ]0x00004132:	BIC.W	R3, R0, R2	;(R0=0xDAFB8513 R2=0xEBBDE0FF )
(    libInnoSecure.so[0xCBBCB000])[02 EA 01 06 ]0x00004136:	AND.W	R6, R2, R1	;(R2=0xEBBDE0FF R1=0x7507E8D4 )
(    libInnoSecure.so[0xCBBCB000])[33 43       ]0x0000413A:	ORRS	R3, R6	;(R3=0x10420500 R6=0x6105E0D4 )
(    libInnoSecure.so[0xCBBCB000])[17 9E       ]0x0000413C:	LDR	R6, [SP, #0X5C]	;(SP=0x100FFD18 )
(    libInnoSecure.so[0xCBBCB000])[60 44       ]0x0000413E:	ADD	R0, IP	;(R0=0xDAFB8513 IP=0x64303033 )
(    libInnoSecure.so[0xCBBCB000])[09 96       ]0x00004140:	STR	R6, [SP, #0X24]	;(R6=0x31303030 SP=0x100FFD18 )
(    libInnoSecure.so[0xCBBCB000])[35 44       ]0x00004142:	ADD	R5, R6	;(R5=0x68030B9E R6=0x31303030 )
(    libInnoSecure.so[0xCBBCB000])[1C 9E       ]0x00004144:	LDR	R6, [SP, #0X70]	;(SP=0x100FFD18 )
(    libInnoSecure.so[0xCBBCB000])[2B 44       ]0x00004146:	ADD	R3, R5	;(R3=0x7147E5D4 R5=0x99333BCE )
(    libInnoSecure.so[0xCBBCB000])[4C F2 2A 65 ]0x00004148:	MOVW	R5, #0XC62A
(    libInnoSecure.so[0xCBBCB000])[C4 F2 87 75 ]0x0000414C:	MOVT	R5, #0X4787	;(R5=0x0000C62A )
(    libInnoSecure.so[0xCBBCB000])[2B 44       ]0x00004150:	ADD	R3, R5	;(R3=0x0A7B21A2 R5=0x4787C62A )
(    libInnoSecure.so[0xCBBCB000])[B0 46       ]0x00004152:	MOV	R8, R6	;(R6=0x64303766 )
(    libInnoSecure.so[0xCBBCB000])[02 EB 33 53 ]0x00004154:	ADD.W	R3, R2, R3, ROR #20	;(R2=0xEBBDE0FF R3=0x5202E7CC )
(    libInnoSecure.so[0xCBBCB000])[CD F8 08 80 ]0x00004158:	STR.W	R8, [SP, #8]	;(R8=0x64303766 SP=0x100FFD18 )
(    libInnoSecure.so[0xCBBCB000])[21 EA 03 05 ]0x0000415C:	BIC.W	R5, R1, R3	;(R1=0x7507E8D4 R3=0x1A3AA61F )
(    libInnoSecure.so[0xCBBCB000])[03 EA 02 04 ]0x00004160:	AND.W	R4, R3, R2	;(R3=0x1A3AA61F R2=0xEBBDE0FF )
(    libInnoSecure.so[0xCBBCB000])[25 43       ]0x00004164:	ORRS	R5, R4	;(R5=0x650548C0 R4=0x0A38A01F )
(    libInnoSecure.so[0xCBBCB000])[19 9C       ]0x00004166:	LDR	R4, [SP, #0X64]	;(SP=0x100FFD18 )
(    libInnoSecure.so[0xCBBCB000])[28 44       ]0x00004168:	ADD	R0, R5	;(R0=0x3F2BB546 R5=0x6F3DE8DF )
(    libInnoSecure.so[0xCBBCB000])[44 F2 13 65 ]0x0000416A:	MOVW	R5, #0X4613
(    libInnoSecure.so[0xCBBCB000])[CA F6 30 05 ]0x0000416E:	MOVT	R5, #0XA830	;(R5=0x00004613 )
(    libInnoSecure.so[0xCBBCB000])[28 44       ]0x00004172:	ADD	R0, R5	;(R0=0xAE699E25 R5=0xA8304613 )
(    libInnoSecure.so[0xCBBCB000])[21 44       ]0x00004174:	ADD	R1, R4	;(R1=0x7507E8D4 R4=0x39303630 )
(    libInnoSecure.so[0xCBBCB000])[04 94       ]0x00004176:	STR	R4, [SP, #0X10]	;(R4=0x39303630 SP=0x100FFD18 )
(    libInnoSecure.so[0xCBBCB000])[03 EB F0 3E ]0x00004178:	ADD.W	LR, R3, R0, ROR #15	;(R3=0x1A3AA61F R0=0x5699E438 )
(    libInnoSecure.so[0xCBBCB000])[22 EA 0E 00 ]0x0000417C:	BIC.W	R0, R2, LR	;(R2=0xEBBDE0FF LR=0xE2AB5352 )
(    libInnoSecure.so[0xCBBCB000])[0E EA 03 05 ]0x00004180:	AND.W	R5, LR, R3	;(LR=0xE2AB5352 R3=0x1A3AA61F )
(    libInnoSecure.so[0xCBBCB000])[28 43       ]0x00004184:	ORRS	R0, R5	;(R0=0x0914A0AD R5=0x022A0212 )
(    libInnoSecure.so[0xCBBCB000])[06 EB 0E 05 ]0x00004186:	ADD.W	R5, R6, LR	;(R6=0x64303766 LR=0xE2AB5352 )
(    libInnoSecure.so[0xCBBCB000])[08 44       ]0x0000418A:	ADD	R0, R1	;(R0=0x0B3EA2BF R1=0xAE381F04 )
(    libInnoSecure.so[0xCBBCB000])[49 F2 01 51 ]0x0000418C:	MOVW	R1, #0X9501
(    libInnoSecure.so[0xCBBCB000])[CF F6 46 51 ]0x00004190:	MOVT	R1, #0XFD46	;(R1=0x00009501 )
(    libInnoSecure.so[0xCBBCB000])[08 44       ]0x00004194:	ADD	R0, R1	;(R0=0xB976C1C3 R1=0xFD469501 )
(    libInnoSecure.so[0xCBBCB000])[0E EB B0 21 ]0x00004196:	ADD.W	R1, LR, R0, ROR #10	;(LR=0xE2AB5352 R0=0xB6BD56C4 )
(    libInnoSecure.so[0xCBBCB000])[23 EA 01 00 ]0x0000419A:	BIC.W	R0, R3, R1	;(R3=0x1A3AA61F R1=0x93D902A7 )
(    libInnoSecure.so[0xCBBCB000])[01 EA 0E 04 ]0x0000419E:	AND.W	R4, R1, LR	;(R1=0x93D902A7 LR=0xE2AB5352 )
(    libInnoSecure.so[0xCBBCB000])[20 43       ]0x000041A2:	ORRS	R0, R4	;(R0=0x0822A418 R4=0x82890202 )
(    libInnoSecure.so[0xCBBCB000])[1A 9C       ]0x000041A4:	LDR	R4, [SP, #0X68]	;(SP=0x100FFD18 )
(    libInnoSecure.so[0xCBBCB000])[0A 94       ]0x000041A6:	STR	R4, [SP, #0X28]	;(R4=0x36386132 SP=0x100FFD18 )
(    libInnoSecure.so[0xCBBCB000])[22 44       ]0x000041A8:	ADD	R2, R4	;(R2=0xEBBDE0FF R4=0x36386132 )
(    libInnoSecure.so[0xCBBCB000])[10 44       ]0x000041AA:	ADD	R0, R2	;(R0=0x8AABA61A R2=0x21F64231 )
(    libInnoSecure.so[0xCBBCB000])[49 F6 D8 02 ]0x000041AC:	MOVW	R2, #0X98D8
(    libInnoSecure.so[0xCBBCB000])[C6 F6 80 12 ]0x000041B0:	MOVT	R2, #0X6980	;(R2=0x000098D8 )
(    libInnoSecure.so[0xCBBCB000])[10 44       ]0x000041B4:	ADD	R0, R2	;(R0=0xACA1E84B R2=0x698098D8 )
(    libInnoSecure.so[0xCBBCB000])[01 EB 70 60 ]0x000041B6:	ADD.W	R0, R1, R0, ROR #25	;(R1=0x93D902A7 R0=0x16228123 )
(    libInnoSecure.so[0xCBBCB000])[2E EA 00 02 ]0x000041BA:	BIC.W	R2, LR, R0	;(LR=0xE2AB5352 R0=0xA5199432 )
(    libInnoSecure.so[0xCBBCB000])[00 EA 01 04 ]0x000041BE:	AND.W	R4, R0, R1	;(R0=0xA5199432 R1=0x93D902A7 )
(    libInnoSecure.so[0xCBBCB000])[22 43       ]0x000041C2:	ORRS	R2, R4	;(R2=0x42A24340 R4=0x81190022 )
(    libInnoSecure.so[0xCBBCB000])[1B 9C       ]0x000041C4:	LDR	R4, [SP, #0X6C]	;(SP=0x100FFD18 )
(    libInnoSecure.so[0xCBBCB000])[10 94       ]0x000041C6:	STR	R4, [SP, #0X40]	;(R4=0x36383834 SP=0x100FFD18 )
(    libInnoSecure.so[0xCBBCB000])[23 44       ]0x000041C8:	ADD	R3, R4	;(R3=0x1A3AA61F R4=0x36383834 )
(    libInnoSecure.so[0xCBBCB000])[1A 44       ]0x000041CA:	ADD	R2, R3	;(R2=0xC3BB4362 R3=0x5072DE53 )
(    libInnoSecure.so[0xCBBCB000])[4F F2 AF 73 ]0x000041CC:	MOVW	R3, #0XF7AF
(    libInnoSecure.so[0xCBBCB000])[C8 F6 44 33 ]0x000041D0:	MOVT	R3, #0X8B44	;(R3=0x0000F7AF )
(    libInnoSecure.so[0xCBBCB000])[1A 44       ]0x000041D4:	ADD	R2, R3	;(R2=0x142E21B5 R3=0x8B44F7AF )
(    libInnoSecure.so[0xCBBCB000])[00 EB 32 53 ]0x000041D6:	ADD.W	R3, R0, R2, ROR #20	;(R0=0xA5199432 R2=0x9F731964 )
(    libInnoSecure.so[0xCBBCB000])[21 EA 03 02 ]0x000041DA:	BIC.W	R2, R1, R3	;(R1=0x93D902A7 R3=0xD6AFDE29 )
(    libInnoSecure.so[0xCBBCB000])[03 EA 00 04 ]0x000041DE:	AND.W	R4, R3, R0	;(R3=0xD6AFDE29 R0=0xA5199432 )
(    libInnoSecure.so[0xCBBCB000])[22 43       ]0x000041E2:	ORRS	R2, R4	;(R2=0x01500086 R4=0x84099420 )
(    libInnoSecure.so[0xCBBCB000])[49 44       ]0x000041E4:	ADD	R1, SB	;(R1=0x93D902A7 SB=0x31303130 )
(    libInnoSecure.so[0xCBBCB000])[2A 44       ]0x000041E6:	ADD	R2, R5	;(R2=0x855994A6 R5=0x46DB8AB8 )
(    libInnoSecure.so[0xCBBCB000])[4A F2 4F 45 ]0x000041E8:	MOVW	R5, #0XA44F
(    libInnoSecure.so[0xCBBCB000])[52 1B       ]0x000041EC:	SUBS	R2, R2, R5	;(R2=0xCC351F5E R5=0x0000A44F )
(    libInnoSecure.so[0xCBBCB000])[03 EB F2 3E ]0x000041EE:	ADD.W	LR, R3, R2, ROR #15	;(R3=0xD6AFDE29 R2=0xCC347B0F )
(    libInnoSecure.so[0xCBBCB000])[20 EA 0E 02 ]0x000041F2:	BIC.W	R2, R0, LR	;(R0=0xA5199432 LR=0xCCCF7691 )
(    libInnoSecure.so[0xCBBCB000])[0E EA 03 05 ]0x000041F6:	AND.W	R5, LR, R3	;(LR=0xCCCF7691 R3=0xD6AFDE29 )
(    libInnoSecure.so[0xCBBCB000])[2A 43       ]0x000041FA:	ORRS	R2, R5	;(R2=0x21108022 R5=0xC48F5601 )
(    libInnoSecure.so[0xCBBCB000])[11 44       ]0x000041FC:	ADD	R1, R2	;(R1=0xC50933D7 R2=0xE59FD623 )
(    libInnoSecure.so[0xCBBCB000])[4D F2 BE 72 ]0x000041FE:	MOVW	R2, #0XD7BE
(    libInnoSecure.so[0xCBBCB000])[C8 F6 5C 12 ]0x00004202:	MOVT	R2, #0X895C	;(R2=0x0000D7BE )
(    libInnoSecure.so[0xCBBCB000])[11 44       ]0x00004206:	ADD	R1, R2	;(R1=0xAAA909FA R2=0x895CD7BE )
(    libInnoSecure.so[0xCBBCB000])[0E EB B1 21 ]0x00004208:	ADD.W	R1, LR, R1, ROR #10	;(LR=0xCCCF7691 R1=0x3405E1B8 )
(    libInnoSecure.so[0xCBBCB000])[23 EA 01 02 ]0x0000420C:	BIC.W	R2, R3, R1	;(R3=0xD6AFDE29 R1=0x3ADC7809 )
(    libInnoSecure.so[0xCBBCB000])[01 EA 0E 05 ]0x00004210:	AND.W	R5, R1, LR	;(R1=0x3ADC7809 LR=0xCCCF7691 )
(    libInnoSecure.so[0xCBBCB000])[15 43       ]0x00004214:	ORRS	R5, R2	;(R5=0x08CC7001 R2=0xC4238620 )
(    libInnoSecure.so[0xCBBCB000])[1E 9A       ]0x00004216:	LDR	R2, [SP, #0X78]	;(SP=0x100FFD18 )
(    libInnoSecure.so[0xCBBCB000])[0D 92       ]0x00004218:	STR	R2, [SP, #0X34]	;(R2=0x35303530 SP=0x100FFD18 )
(    libInnoSecure.so[0xCBBCB000])[10 44       ]0x0000421A:	ADD	R0, R2	;(R0=0xA5199432 R2=0x35303530 )
(    libInnoSecure.so[0xCBBCB000])[1F 9A       ]0x0000421C:	LDR	R2, [SP, #0X7C]	;(SP=0x100FFD18 )
(    libInnoSecure.so[0xCBBCB000])[28 44       ]0x0000421E:	ADD	R0, R5	;(R0=0xDA49C962 R5=0xCCEFF621 )
(    libInnoSecure.so[0xCBBCB000])[41 F2 22 15 ]0x00004220:	MOVW	R5, #0X1122
(    libInnoSecure.so[0xCBBCB000])[C6 F6 90 35 ]0x00004224:	MOVT	R5, #0X6B90	;(R5=0x00001122 )
(    libInnoSecure.so[0xCBBCB000])[28 44       ]0x00004228:	ADD	R0, R5	;(R0=0xA739BF83 R5=0x6B901122 )
(    libInnoSecure.so[0xCBBCB000])[13 44       ]0x0000422A:	ADD	R3, R2	;(R3=0xD6AFDE29 R2=0x33303030 )
(    libInnoSecure.so[0xCBBCB000])[08 92       ]0x0000422C:	STR	R2, [SP, #0X20]	;(R2=0x33303030 SP=0x100FFD18 )
(    libInnoSecure.so[0xCBBCB000])[01 EB 70 60 ]0x0000422E:	ADD.W	R0, R1, R0, ROR #25	;(R1=0x3ADC7809 R0=0x12C9D0A5 )
(    libInnoSecure.so[0xCBBCB000])[20 9A       ]0x00004232:	LDR	R2, [SP, #0X80]	;(SP=0x100FFD18 )
(    libInnoSecure.so[0xCBBCB000])[2E EA 00 05 ]0x00004234:	BIC.W	R5, LR, R0	;(LR=0xCCCF7691 R0=0x9FC4CA92 )
(    libInnoSecure.so[0xCBBCB000])[00 EA 01 06 ]0x00004238:	AND.W	R6, R0, R1	;(R0=0x9FC4CA92 R1=0x3ADC7809 )
(    libInnoSecure.so[0xCBBCB000])[2E 43       ]0x0000423C:	ORRS	R6, R5	;(R6=0x1AC44800 R5=0x400B3401 )
(    libInnoSecure.so[0xCBBCB000])[02 EB 0E 05 ]0x0000423E:	ADD.W	R5, R2, LR	;(R2=0x31383138 LR=0xCCCF7691 )
(    libInnoSecure.so[0xCBBCB000])[33 44       ]0x00004242:	ADD	R3, R6	;(R3=0x09E00E59 R6=0x5ACF7C01 )
(    libInnoSecure.so[0xCBBCB000])[47 F2 93 16 ]0x00004244:	MOVW	R6, #0X7193
(    libInnoSecure.so[0xCBBCB000])[CF F6 98 56 ]0x00004248:	MOVT	R6, #0XFD98	;(R6=0x00007193 )
(    libInnoSecure.so[0xCBBCB000])[33 44       ]0x0000424C:	ADD	R3, R6	;(R3=0x64AF8A5A R6=0xFD987193 )
(    libInnoSecure.so[0xCBBCB000])[96 46       ]0x0000424E:	MOV	LR, R2	;(R2=0x31383138 )
(    libInnoSecure.so[0xCBBCB000])[21 9A       ]0x00004250:	LDR	R2, [SP, #0X84]	;(SP=0x100FFD18 )
(    libInnoSecure.so[0xCBBCB000])[00 EB 33 5A ]0x00004252:	ADD.W	SL, R0, R3, ROR #20	;(R0=0x9FC4CA92 R3=0x6247FBED )
(    libInnoSecure.so[0xCBBCB000])[21 EA 0A 03 ]0x00004256:	BIC.W	R3, R1, SL	;(R1=0x3ADC7809 SL=0x1F83A0B6 )
(    libInnoSecure.so[0xCBBCB000])[0A EA 00 06 ]0x0000425A:	AND.W	R6, SL, R0	;(SL=0x1F83A0B6 R0=0x9FC4CA92 )
(    libInnoSecure.so[0xCBBCB000])[1E 43       ]0x0000425E:	ORRS	R6, R3	;(R6=0x1F808092 R3=0x205C5809 )
(    libInnoSecure.so[0xCBBCB000])[11 44       ]0x00004260:	ADD	R1, R2	;(R1=0x3ADC7809 R2=0x65303030 )
(    libInnoSecure.so[0xCBBCB000])[2E 44       ]0x00004262:	ADD	R6, R5	;(R6=0x3FDCD89B R5=0xFE07A7C9 )
(    libInnoSecure.so[0xCBBCB000])[44 F2 8E 35 ]0x00004264:	MOVW	R5, #0X438E
(    libInnoSecure.so[0xCBBCB000])[CA F2 79 65 ]0x00004268:	MOVT	R5, #0XA679	;(R5=0x0000438E )
(    libInnoSecure.so[0xCBBCB000])[2E 44       ]0x0000426C:	ADD	R6, R5	;(R6=0x3DE48064 R5=0xA679438E )
(    libInnoSecure.so[0xCBBCB000])[13 46       ]0x0000426E:	MOV	R3, R2	;(R2=0x65303030 )
(    libInnoSecure.so[0xCBBCB000])[11 9A       ]0x00004270:	LDR	R2, [SP, #0X44]	;(SP=0x100FFD18 )
(    libInnoSecure.so[0xCBBCB000])[0A EB F6 3B ]0x00004272:	ADD.W	FP, SL, R6, ROR #15	;(SL=0x1F83A0B6 R6=0xE45DC3F2 )
(    libInnoSecure.so[0xCBBCB000])[03 93       ]0x00004276:	STR	R3, [SP, #0XC]	;(R3=0x65303030 SP=0x100FFD18 )
(    libInnoSecure.so[0xCBBCB000])[20 EA 0B 06 ]0x00004278:	BIC.W	R6, R0, FP	;(R0=0x9FC4CA92 FP=0xA7696971 )
(    libInnoSecure.so[0xCBBCB000])[0B EA 0A 05 ]0x0000427C:	AND.W	R5, FP, SL	;(FP=0xA7696971 SL=0x1F83A0B6 )
(    libInnoSecure.so[0xCBBCB000])[35 43       ]0x00004280:	ORRS	R5, R6	;(R5=0x07012030 R6=0x18848282 )
(    libInnoSecure.so[0xCBBCB000])[2B EA 0A 06 ]0x00004282:	BIC.W	R6, FP, SL	;(FP=0xA7696971 SL=0x1F83A0B6 )
(    libInnoSecure.so[0xCBBCB000])[29 44       ]0x00004286:	ADD	R1, R5	;(R1=0xA00CA839 R5=0x1F85A2B2 )
(    libInnoSecure.so[0xCBBCB000])[40 F6 21 05 ]0x00004288:	MOVW	R5, #0X821
(    libInnoSecure.so[0xCBBCB000])[C4 F6 B4 15 ]0x0000428C:	MOVT	R5, #0X49B4	;(R5=0x00000821 )
(    libInnoSecure.so[0xCBBCB000])[29 44       ]0x00004290:	ADD	R1, R5	;(R1=0xBF924AEB R5=0x49B40821 )
(    libInnoSecure.so[0xCBBCB000])[10 44       ]0x00004292:	ADD	R0, R2	;(R0=0x9FC4CA92 R2=0x31633964 )
(    libInnoSecure.so[0xCBBCB000])[0B EB B1 21 ]0x00004294:	ADD.W	R1, FP, R1, ROR #10	;(FP=0xA7696971 R1=0x0946530C )
(    libInnoSecure.so[0xCBBCB000])[01 EA 0A 05 ]0x00004298:	AND.W	R5, R1, SL	;(R1=0x6A6BBB05 SL=0x1F83A0B6 )
(    libInnoSecure.so[0xCBBCB000])[35 43       ]0x0000429C:	ORRS	R5, R6	;(R5=0x0A03A004 R6=0xA0684941 )
(    libInnoSecure.so[0xCBBCB000])[21 EA 0B 06 ]0x0000429E:	BIC.W	R6, R1, FP	;(R1=0x6A6BBB05 FP=0xA7696971 )
(    libInnoSecure.so[0xCBBCB000])[28 44       ]0x000042A2:	ADD	R0, R5	;(R0=0xD12803F6 R5=0xAA6BE945 )
(    libInnoSecure.so[0xCBBCB000])[42 F2 62 55 ]0x000042A4:	MOVW	R5, #0X2562
(    libInnoSecure.so[0xCBBCB000])[CF F2 1E 65 ]0x000042A8:	MOVT	R5, #0XF61E	;(R5=0x00002562 )
(    libInnoSecure.so[0xCBBCB000])[28 44       ]0x000042AC:	ADD	R0, R5	;(R0=0x7B93ED3B R5=0xF61E2562 )
(    libInnoSecure.so[0xCBBCB000])[01 EB F0 60 ]0x000042AE:	ADD.W	R0, R1, R0, ROR #27	;(R1=0x6A6BBB05 R0=0x71B2129D )
(    libInnoSecure.so[0xCBBCB000])[00 EA 0B 05 ]0x000042B2:	AND.W	R5, R0, FP	;(R0=0xA0AE0EB3 FP=0xA7696971 )
(    libInnoSecure.so[0xCBBCB000])[20 EA 01 04 ]0x000042B6:	BIC.W	R4, R0, R1	;(R0=0xA0AE0EB3 R1=0x6A6BBB05 )
(    libInnoSecure.so[0xCBBCB000])[35 43       ]0x000042BA:	ORRS	R5, R6	;(R5=0xA0280831 R6=0x48029204 )
(    libInnoSecure.so[0xCBBCB000])[0C EB 0A 06 ]0x000042BC:	ADD.W	R6, IP, SL	;(IP=0x64303033 SL=0x1F83A0B6 )
(    libInnoSecure.so[0xCBBCB000])[35 44       ]0x000042C0:	ADD	R5, R6	;(R5=0xE82A9A35 R6=0x83B3D0E9 )
(    libInnoSecure.so[0xCBBCB000])[4B F2 40 36 ]0x000042C2:	MOVW	R6, #0XB340
(    libInnoSecure.so[0xCBBCB000])[CC F2 40 06 ]0x000042C6:	MOVT	R6, #0XC040	;(R6=0x0000B340 )
(    libInnoSecure.so[0xCBBCB000])[35 44       ]0x000042CA:	ADD	R5, R6	;(R5=0x6BDE6B1E R6=0xC040B340 )
(    libInnoSecure.so[0xCBBCB000])[CA 46       ]0x000042CC:	MOV	SL, SB	;(SB=0x31303130 )
(    libInnoSecure.so[0xCBBCB000])[DD F8 24 90 ]0x000042CE:	LDR.W	SB, [SP, #0X24]	;(SP=0x100FFD18 )
(    libInnoSecure.so[0xCBBCB000])[00 EB F5 55 ]0x000042D2:	ADD.W	R5, R0, R5, ROR #23	;(R0=0xA0AE0EB3 R5=0x2C1F1E5E )
(    libInnoSecure.so[0xCBBCB000])[F4 46       ]0x000042D6:	MOV	IP, LR	;(LR=0x31383138 )
(    libInnoSecure.so[0xCBBCB000])[05 EA 01 06 ]0x000042D8:	AND.W	R6, R5, R1	;(R5=0xDEEACB0B R1=0x6A6BBB05 )
(    libInnoSecure.so[0xCBBCB000])[25 EA 00 02 ]0x000042DC:	BIC.W	R2, R5, R0	;(R5=0xDEEACB0B R0=0xA0AE0EB3 )
(    libInnoSecure.so[0xCBBCB000])[34 43       ]0x000042E0:	ORRS	R4, R6	;(R4=0x808404B2 R6=0x4A6A8B01 )
(    libInnoSecure.so[0xCBBCB000])[0A EB 0B 06 ]0x000042E2:	ADD.W	R6, SL, FP	;(SL=0x31303130 FP=0xA7696971 )
(    libInnoSecure.so[0xCBBCB000])[34 44       ]0x000042E6:	ADD	R4, R6	;(R4=0xCAEE8FB3 R6=0xD8999AA1 )
(    libInnoSecure.so[0xCBBCB000])[45 F6 51 26 ]0x000042E8:	MOVW	R6, #0X5A51
(    libInnoSecure.so[0xCBBCB000])[C2 F2 5E 66 ]0x000042EC:	MOVT	R6, #0X265E	;(R6=0x00005A51 )
(    libInnoSecure.so[0xCBBCB000])[34 44       ]0x000042F0:	ADD	R4, R6	;(R4=0xA3882A54 R6=0x265E5A51 )
(    libInnoSecure.so[0xCBBCB000])[DD F8 2C B0 ]0x000042F2:	LDR.W	FP, [SP, #0X2C]	;(SP=0x100FFD18 )
(    libInnoSecure.so[0xCBBCB000])[05 EB B4 44 ]0x000042F6:	ADD.W	R4, R5, R4, ROR #18	;(R5=0xDEEACB0B R4=0xC9E684A5 )
(    libInnoSecure.so[0xCBBCB000])[DD F8 10 E0 ]0x000042FA:	LDR.W	LR, [SP, #0X10]	;(SP=0x100FFD18 )
(    libInnoSecure.so[0xCBBCB000])[04 EA 00 06 ]0x000042FE:	AND.W	R6, R4, R0	;(R4=0x80143D84 R0=0xA0AE0EB3 )
(    libInnoSecure.so[0xCBBCB000])[48 44       ]0x00004302:	ADD	R0, SB	;(R0=0xA0AE0EB3 SB=0x31303030 )
(    libInnoSecure.so[0xCBBCB000])[32 43       ]0x00004304:	ORRS	R2, R6	;(R2=0x5E40C108 R6=0x80040C80 )
(    libInnoSecure.so[0xCBBCB000])[0E 9E       ]0x00004306:	LDR	R6, [SP, #0X38]	;(SP=0x100FFD18 )
(    libInnoSecure.so[0xCBBCB000])[CD F8 04 C0 ]0x00004308:	STR.W	IP, [SP, #4]	;(IP=0x31383138 SP=0x100FFD18 )
(    libInnoSecure.so[0xCBBCB000])[31 44       ]0x0000430C:	ADD	R1, R6	;(R1=0x6A6BBB05 R6=0x35346630 )
(    libInnoSecure.so[0xCBBCB000])[24 EA 05 06 ]0x0000430E:	BIC.W	R6, R4, R5	;(R4=0x80143D84 R5=0xDEEACB0B )
(    libInnoSecure.so[0xCBBCB000])[11 44       ]0x00004312:	ADD	R1, R2	;(R1=0x9FA02135 R2=0xDE44CD88 )
(    libInnoSecure.so[0xCBBCB000])[4C F2 AA 72 ]0x00004314:	MOVW	R2, #0XC7AA
(    libInnoSecure.so[0xCBBCB000])[CE F6 B6 12 ]0x00004318:	MOVT	R2, #0XE9B6	;(R2=0x0000C7AA )
(    libInnoSecure.so[0xCBBCB000])[11 44       ]0x0000431C:	ADD	R1, R2	;(R1=0x7DE4EEBD R2=0xE9B6C7AA )
(    libInnoSecure.so[0xCBBCB000])[CD F8 14 A0 ]0x0000431E:	STR.W	SL, [SP, #0X14]	;(SL=0x31303130 SP=0x100FFD18 )
(    libInnoSecure.so[0xCBBCB000])[04 EB 31 31 ]0x00004322:	ADD.W	R1, R4, R1, ROR #12	;(R4=0x80143D84 R1=0x679BB667 )
(    libInnoSecure.so[0xCBBCB000])[01 EA 05 02 ]0x00004326:	AND.W	R2, R1, R5	;(R1=0xE68AB73F R5=0xDEEACB0B )
(    libInnoSecure.so[0xCBBCB000])[45 44       ]0x0000432A:	ADD	R5, R8	;(R5=0xDEEACB0B R8=0x64303766 )
(    libInnoSecure.so[0xCBBCB000])[32 43       ]0x0000432C:	ORRS	R2, R6	;(R2=0xC68A830B R6=0x00143484 )
(    libInnoSecure.so[0xCBBCB000])[21 EA 04 06 ]0x0000432E:	BIC.W	R6, R1, R4	;(R1=0xE68AB73F R4=0x80143D84 )
(    libInnoSecure.so[0xCBBCB000])[10 44       ]0x00004332:	ADD	R0, R2	;(R0=0xD1DE3EE3 R2=0xC69EB78F )
(    libInnoSecure.so[0xCBBCB000])[41 F2 5D 02 ]0x00004334:	MOVW	R2, #0X105D
(    libInnoSecure.so[0xCBBCB000])[CD F2 2F 62 ]0x00004338:	MOVT	R2, #0XD62F	;(R2=0x0000105D )
(    libInnoSecure.so[0xCBBCB000])[10 44       ]0x0000433C:	ADD	R0, R2	;(R0=0x987CF672 R2=0xD62F105D )
(    libInnoSecure.so[0xCBBCB000])[DD F8 20 80 ]0x0000433E:	LDR.W	R8, [SP, #0X20]	;(SP=0x100FFD18 )
(    libInnoSecure.so[0xCBBCB000])[01 EB F0 60 ]0x00004342:	ADD.W	R0, R1, R0, ROR #27	;(R1=0xE68AB73F R0=0x6EAC06CF )
(    libInnoSecure.so[0xCBBCB000])[00 EA 04 02 ]0x00004346:	AND.W	R2, R0, R4	;(R0=0xBC0B912C R4=0x80143D84 )
(    libInnoSecure.so[0xCBBCB000])[1C 44       ]0x0000434A:	ADD	R4, R3	;(R4=0x80143D84 R3=0x65303030 )
(    libInnoSecure.so[0xCBBCB000])[32 43       ]0x0000434C:	ORRS	R2, R6	;(R2=0x80001104 R6=0x668A823B )
(    libInnoSecure.so[0xCBBCB000])[20 EA 01 06 ]0x0000434E:	BIC.W	R6, R0, R1	;(R0=0xBC0B912C R1=0xE68AB73F )
(    libInnoSecure.so[0xCBBCB000])[2A 44       ]0x00004352:	ADD	R2, R5	;(R2=0xE68A933F R5=0x431B0271 )
(    libInnoSecure.so[0xCBBCB000])[41 F2 53 45 ]0x00004354:	MOVW	R5, #0X1453
(    libInnoSecure.so[0xCBBCB000])[C0 F2 44 25 ]0x00004358:	MOVT	R5, #0X244	;(R5=0x00001453 )
(    libInnoSecure.so[0xCBBCB000])[2A 44       ]0x0000435C:	ADD	R2, R5	;(R2=0x29A595B0 R5=0x02441453 )
(    libInnoSecure.so[0xCBBCB000])[10 9B       ]0x0000435E:	LDR	R3, [SP, #0X40]	;(SP=0x100FFD18 )
(    libInnoSecure.so[0xCBBCB000])[00 EB F2 52 ]0x00004360:	ADD.W	R2, R0, R2, ROR #23	;(R0=0xBC0B912C R2=0x2BE9AA03 )
(    libInnoSecure.so[0xCBBCB000])[02 EA 01 05 ]0x00004364:	AND.W	R5, R2, R1	;(R2=0x8F5F9783 R1=0xE68AB73F )
(    libInnoSecure.so[0xCBBCB000])[59 44       ]0x00004368:	ADD	R1, FP	;(R1=0xE68AB73F FP=0x31303330 )
(    libInnoSecure.so[0xCBBCB000])[35 43       ]0x0000436A:	ORRS	R5, R6	;(R5=0x860A9703 R6=0x18010000 )
(    libInnoSecure.so[0xCBBCB000])[22 EA 00 06 ]0x0000436C:	BIC.W	R6, R2, R0	;(R2=0x8F5F9783 R0=0xBC0B912C )
(    libInnoSecure.so[0xCBBCB000])[2C 44       ]0x00004370:	ADD	R4, R5	;(R4=0xE5446DB4 R5=0x9E0B9703 )
(    libInnoSecure.so[0xCBBCB000])[4E F2 81 65 ]0x00004372:	MOVW	R5, #0XE681
(    libInnoSecure.so[0xCBBCB000])[CD F6 A1 05 ]0x00004376:	MOVT	R5, #0XD8A1	;(R5=0x0000E681 )
(    libInnoSecure.so[0xCBBCB000])[2C 44       ]0x0000437A:	ADD	R4, R5	;(R4=0x835004B7 R5=0xD8A1E681 )
(    libInnoSecure.so[0xCBBCB000])[02 EB B4 44 ]0x0000437C:	ADD.W	R4, R2, R4, ROR #18	;(R2=0x8F5F9783 R4=0x5BF1EB38 )
(    libInnoSecure.so[0xCBBCB000])[04 EA 00 05 ]0x00004380:	AND.W	R5, R4, R0	;(R4=0x0A2DAE7F R0=0xBC0B912C )
(    libInnoSecure.so[0xCBBCB000])[18 44       ]0x00004384:	ADD	R0, R3	;(R0=0xBC0B912C R3=0x36383834 )
(    libInnoSecure.so[0xCBBCB000])[35 43       ]0x00004386:	ORRS	R5, R6	;(R5=0x0809802C R6=0x03540683 )
(    libInnoSecure.so[0xCBBCB000])[24 EA 02 06 ]0x00004388:	BIC.W	R6, R4, R2	;(R4=0x0A2DAE7F R2=0x8F5F9783 )
(    libInnoSecure.so[0xCBBCB000])[29 44       ]0x0000438C:	ADD	R1, R5	;(R1=0x17BAEA6F R5=0x0B5D86AF )
(    libInnoSecure.so[0xCBBCB000])[4F F6 C8 35 ]0x0000438E:	MOVW	R5, #0XFBC8
(    libInnoSecure.so[0xCBBCB000])[CE F2 D3 75 ]0x00004392:	MOVT	R5, #0XE7D3	;(R5=0x0000FBC8 )
(    libInnoSecure.so[0xCBBCB000])[29 44       ]0x00004396:	ADD	R1, R5	;(R1=0x2318711E R5=0xE7D3FBC8 )
(    libInnoSecure.so[0xCBBCB000])[0F 9B       ]0x00004398:	LDR	R3, [SP, #0X3C]	;(SP=0x100FFD18 )
(    libInnoSecure.so[0xCBBCB000])[04 EB 31 31 ]0x0000439A:	ADD.W	R1, R4, R1, ROR #12	;(R4=0x0A2DAE7F R1=0x0AEC6CE6 )
(    libInnoSecure.so[0xCBBCB000])[01 EA 02 05 ]0x0000439E:	AND.W	R5, R1, R2	;(R1=0xD88E5D45 R2=0x8F5F9783 )
(    libInnoSecure.so[0xCBBCB000])[62 44       ]0x000043A2:	ADD	R2, IP	;(R2=0x8F5F9783 IP=0x31383138 )
(    libInnoSecure.so[0xCBBCB000])[35 43       ]0x000043A4:	ORRS	R5, R6	;(R5=0x880E1501 R6=0x0020287C )
(    libInnoSecure.so[0xCBBCB000])[21 EA 04 06 ]0x000043A6:	BIC.W	R6, R1, R4	;(R1=0xD88E5D45 R4=0x0A2DAE7F )
(    libInnoSecure.so[0xCBBCB000])[28 44       ]0x000043AA:	ADD	R0, R5	;(R0=0xF243C960 R5=0x882E3D7D )
(    libInnoSecure.so[0xCBBCB000])[4C F6 E6 55 ]0x000043AC:	MOVW	R5, #0XCDE6
(    libInnoSecure.so[0xCBBCB000])[C2 F2 E1 15 ]0x000043B0:	MOVT	R5, #0X21E1	;(R5=0x0000CDE6 )
(    libInnoSecure.so[0xCBBCB000])[28 44       ]0x000043B4:	ADD	R0, R5	;(R0=0x7A7206DD R5=0x21E1CDE6 )
(    libInnoSecure.so[0xCBBCB000])[01 EB F0 60 ]0x000043B6:	ADD.W	R0, R1, R0, ROR #27	;(R1=0xD88E5D45 R0=0x9C53D4C3 )
(    libInnoSecure.so[0xCBBCB000])[00 EA 04 05 ]0x000043BA:	AND.W	R5, R0, R4	;(R0=0x6308F5B8 R4=0x0A2DAE7F )
(    libInnoSecure.so[0xCBBCB000])[1C 44       ]0x000043BE:	ADD	R4, R3	;(R4=0x0A2DAE7F R3=0x32303364 )
(    libInnoSecure.so[0xCBBCB000])[35 43       ]0x000043C0:	ORRS	R5, R6	;(R5=0x0208A438 R6=0xD0825100 )
(    libInnoSecure.so[0xCBBCB000])[20 EA 01 06 ]0x000043C2:	BIC.W	R6, R0, R1	;(R0=0x6308F5B8 R1=0xD88E5D45 )
(    libInnoSecure.so[0xCBBCB000])[2A 44       ]0x000043C6:	ADD	R2, R5	;(R2=0xC097C8BB R5=0xD28AF538 )
(    libInnoSecure.so[0xCBBCB000])[40 F2 D6 75 ]0x000043C8:	MOVW	R5, #0X7D6
(    libInnoSecure.so[0xCBBCB000])[CC F2 37 35 ]0x000043CC:	MOVT	R5, #0XC337	;(R5=0x000007D6 )
(    libInnoSecure.so[0xCBBCB000])[2A 44       ]0x000043D0:	ADD	R2, R5	;(R2=0x9322BDF3 R5=0xC33707D6 )
(    libInnoSecure.so[0xCBBCB000])[0A 9B       ]0x000043D2:	LDR	R3, [SP, #0X28]	;(SP=0x100FFD18 )
(    libInnoSecure.so[0xCBBCB000])[00 EB F2 52 ]0x000043D4:	ADD.W	R2, R0, R2, ROR #23	;(R0=0x6308F5B8 R2=0x5659C5C9 )
(    libInnoSecure.so[0xCBBCB000])[02 EA 01 05 ]0x000043D8:	AND.W	R5, R2, R1	;(R2=0x16948864 R1=0xD88E5D45 )
(    libInnoSecure.so[0xCBBCB000])[19 44       ]0x000043DC:	ADD	R1, R3	;(R1=0xD88E5D45 R3=0x36386132 )
(    libInnoSecure.so[0xCBBCB000])[35 43       ]0x000043DE:	ORRS	R5, R6	;(R5=0x10840844 R6=0x2300A0B8 )
(    libInnoSecure.so[0xCBBCB000])[22 EA 00 06 ]0x000043E0:	BIC.W	R6, R2, R0	;(R2=0x16948864 R0=0x6308F5B8 )
(    libInnoSecure.so[0xCBBCB000])[2C 44       ]0x000043E4:	ADD	R4, R5	;(R4=0x3C5DE1E3 R5=0x3384A8FC )
(    libInnoSecure.so[0xCBBCB000])[40 F6 87 55 ]0x000043E6:	MOVW	R5, #0XD87
(    libInnoSecure.so[0xCBBCB000])[CF F2 D5 45 ]0x000043EA:	MOVT	R5, #0XF4D5	;(R5=0x00000D87 )
(    libInnoSecure.so[0xCBBCB000])[2C 44       ]0x000043EE:	ADD	R4, R5	;(R4=0x6FE28ADF R5=0xF4D50D87 )
(    libInnoSecure.so[0xCBBCB000])[02 EB B4 44 ]0x000043F0:	ADD.W	R4, R2, R4, ROR #18	;(R2=0x16948864 R4=0x64B79866 )
(    libInnoSecure.so[0xCBBCB000])[04 EA 00 05 ]0x000043F4:	AND.W	R5, R4, R0	;(R4=0xFCAE2191 R0=0x6308F5B8 )
(    libInnoSecure.so[0xCBBCB000])[40 44       ]0x000043F8:	ADD	R0, R8	;(R0=0x6308F5B8 R8=0x33303030 )
(    libInnoSecure.so[0xCBBCB000])[35 43       ]0x000043FA:	ORRS	R5, R6	;(R5=0x60082190 R6=0x14940844 )
(    libInnoSecure.so[0xCBBCB000])[24 EA 02 06 ]0x000043FC:	BIC.W	R6, R4, R2	;(R4=0xFCAE2191 R2=0x16948864 )
(    libInnoSecure.so[0xCBBCB000])[29 44       ]0x00004400:	ADD	R1, R5	;(R1=0x0EC6BE77 R5=0x749C29D4 )
(    libInnoSecure.so[0xCBBCB000])[41 F2 ED 45 ]0x00004402:	MOVW	R5, #0X14ED
(    libInnoSecure.so[0xCBBCB000])[C4 F2 5A 55 ]0x00004406:	MOVT	R5, #0X455A	;(R5=0x000014ED )
(    libInnoSecure.so[0xCBBCB000])[29 44       ]0x0000440A:	ADD	R1, R5	;(R1=0x8362E84B R5=0x455A14ED )
(    libInnoSecure.so[0xCBBCB000])[04 EB 31 31 ]0x0000440C:	ADD.W	R1, R4, R1, ROR #12	;(R4=0xFCAE2191 R1=0xC8BCFD38 )
(    libInnoSecure.so[0xCBBCB000])[01 EA 02 05 ]0x00004410:	AND.W	R5, R1, R2	;(R1=0xD03AAD60 R2=0x16948864 )
(    libInnoSecure.so[0xCBBCB000])[35 43       ]0x00004414:	ORRS	R5, R6	;(R5=0x10108860 R6=0xE82A2191 )
(    libInnoSecure.so[0xCBBCB000])[21 EA 04 06 ]0x00004416:	BIC.W	R6, R1, R4	;(R1=0xD03AAD60 R4=0xFCAE2191 )
(    libInnoSecure.so[0xCBBCB000])[28 44       ]0x0000441A:	ADD	R0, R5	;(R0=0x963925E8 R5=0xF83AA9F1 )
(    libInnoSecure.so[0xCBBCB000])[4E F6 05 15 ]0x0000441C:	MOVW	R5, #0XE905
(    libInnoSecure.so[0xCBBCB000])[CA F6 E3 15 ]0x00004420:	MOVT	R5, #0XA9E3	;(R5=0x0000E905 )
(    libInnoSecure.so[0xCBBCB000])[28 44       ]0x00004424:	ADD	R0, R5	;(R0=0x8E73CFD9 R5=0xA9E3E905 )
(    libInnoSecure.so[0xCBBCB000])[01 EB F0 60 ]0x00004426:	ADD.W	R0, R1, R0, ROR #27	;(R1=0xD03AAD60 R0=0x3857B8DE )
(    libInnoSecure.so[0xCBBCB000])[00 EA 04 05 ]0x0000442A:	AND.W	R5, R0, R4	;(R0=0xDB31C927 R4=0xFCAE2191 )
(    libInnoSecure.so[0xCBBCB000])[74 44       ]0x0000442E:	ADD	R4, LR	;(R4=0xFCAE2191 LR=0x39303630 )
(    libInnoSecure.so[0xCBBCB000])[35 43       ]0x00004430:	ORRS	R5, R6	;(R5=0xD8200101 R6=0x00108C60 )
(    libInnoSecure.so[0xCBBCB000])[0C 9E       ]0x00004432:	LDR	R6, [SP, #0X30]	;(SP=0x100FFD18 )
(    libInnoSecure.so[0xCBBCB000])[32 44       ]0x00004434:	ADD	R2, R6	;(R2=0x16948864 R6=0x34396463 )
(    libInnoSecure.so[0xCBBCB000])[20 EA 01 06 ]0x00004436:	BIC.W	R6, R0, R1	;(R0=0xDB31C927 R1=0xD03AAD60 )
(    libInnoSecure.so[0xCBBCB000])[2A 44       ]0x0000443A:	ADD	R2, R5	;(R2=0x4ACDECC7 R5=0xD8308D61 )
(    libInnoSecure.so[0xCBBCB000])[4A F2 F8 35 ]0x0000443C:	MOVW	R5, #0XA3F8
(    libInnoSecure.so[0xCBBCB000])[CF F6 EF 45 ]0x00004440:	MOVT	R5, #0XFCEF	;(R5=0x0000A3F8 )
(    libInnoSecure.so[0xCBBCB000])[2A 44       ]0x00004444:	ADD	R2, R5	;(R2=0x22FE7A28 R5=0xFCEFA3F8 )
(    libInnoSecure.so[0xCBBCB000])[00 EB F2 52 ]0x00004446:	ADD.W	R2, R0, R2, ROR #23	;(R0=0xDB31C927 R2=0x1FEE1E20 )
(    libInnoSecure.so[0xCBBCB000])[02 EA 01 05 ]0x0000444A:	AND.W	R5, R2, R1	;(R2=0xB76E0966 R1=0xD03AAD60 )
(    libInnoSecure.so[0xCBBCB000])[35 43       ]0x0000444E:	ORRS	R5, R6	;(R5=0x902A0960 R6=0x0B014007 )
(    libInnoSecure.so[0xCBBCB000])[22 EA 00 06 ]0x00004450:	BIC.W	R6, R2, R0	;(R2=0xB76E0966 R0=0xDB31C927 )
(    libInnoSecure.so[0xCBBCB000])[2C 44       ]0x00004454:	ADD	R4, R5	;(R4=0x35DE57C1 R5=0x9B2B4967 )
(    libInnoSecure.so[0xCBBCB000])[40 F2 D9 25 ]0x00004456:	MOVW	R5, #0X2D9
(    libInnoSecure.so[0xCBBCB000])[C6 F2 6F 75 ]0x0000445A:	MOVT	R5, #0X676F	;(R5=0x000002D9 )
(    libInnoSecure.so[0xCBBCB000])[2C 44       ]0x0000445E:	ADD	R4, R5	;(R4=0xD109A128 R5=0x676F02D9 )
(    libInnoSecure.so[0xCBBCB000])[02 EB B4 44 ]0x00004460:	ADD.W	R4, R2, R4, ROR #18	;(R2=0xB76E0966 R4=0x3878A401 )
(    libInnoSecure.so[0xCBBCB000])[04 EA 00 05 ]0x00004464:	AND.W	R5, R4, R0	;(R4=0xE06E5784 R0=0xDB31C927 )
(    libInnoSecure.so[0xCBBCB000])[48 44       ]0x00004468:	ADD	R0, SB	;(R0=0xDB31C927 SB=0x31303030 )
(    libInnoSecure.so[0xCBBCB000])[35 43       ]0x0000446A:	ORRS	R5, R6	;(R5=0xC0204104 R6=0x244E0040 )
(    libInnoSecure.so[0xCBBCB000])[0D 9E       ]0x0000446C:	LDR	R6, [SP, #0X34]	;(SP=0x100FFD18 )
(    libInnoSecure.so[0xCBBCB000])[DD F8 18 90 ]0x0000446E:	LDR.W	SB, [SP, #0X18]	;(SP=0x100FFD18 )
(    libInnoSecure.so[0xCBBCB000])[31 44       ]0x00004472:	ADD	R1, R6	;(R1=0xD03AAD60 R6=0x35303530 )
(    libInnoSecure.so[0xCBBCB000])[0E 9E       ]0x00004474:	LDR	R6, [SP, #0X38]	;(SP=0x100FFD18 )
(    libInnoSecure.so[0xCBBCB000])[29 44       ]0x00004476:	ADD	R1, R5	;(R1=0x056AE290 R5=0xE46E4144 )
(    libInnoSecure.so[0xCBBCB000])[44 F6 8A 45 ]0x00004478:	MOVW	R5, #0X4C8A
(    libInnoSecure.so[0xCBBCB000])[C8 F6 2A 55 ]0x0000447C:	MOVT	R5, #0X8D2A	;(R5=0x00004C8A )
(    libInnoSecure.so[0xCBBCB000])[29 44       ]0x00004480:	ADD	R1, R5	;(R1=0xE9D923D4 R5=0x8D2A4C8A )
(    libInnoSecure.so[0xCBBCB000])[84 EA 02 05 ]0x00004482:	EOR.W	R5, R4, R2	;(R4=0xE06E5784 R2=0xB76E0966 )
(    libInnoSecure.so[0xCBBCB000])[1A 44       ]0x00004486:	ADD	R2, R3	;(R2=0xB76E0966 R3=0x36386132 )
(    libInnoSecure.so[0xCBBCB000])[04 EB 31 31 ]0x00004488:	ADD.W	R1, R4, R1, ROR #12	;(R4=0xE06E5784 R1=0x7703705E )
(    libInnoSecure.so[0xCBBCB000])[11 9B       ]0x0000448C:	LDR	R3, [SP, #0X44]	;(SP=0x100FFD18 )
(    libInnoSecure.so[0xCBBCB000])[4D 40       ]0x0000448E:	EORS	R5, R1	;(R5=0x57005EE2 R1=0xE655C7BB )
(    libInnoSecure.so[0xCBBCB000])[28 44       ]0x00004490:	ADD	R0, R5	;(R0=0x0C61F957 R5=0xB1559959 )
(    libInnoSecure.so[0xCBBCB000])[43 F6 42 15 ]0x00004492:	MOVW	R5, #0X3942
(    libInnoSecure.so[0xCBBCB000])[CF F6 FA 75 ]0x00004496:	MOVT	R5, #0XFFFA	;(R5=0x00003942 )
(    libInnoSecure.so[0xCBBCB000])[28 44       ]0x0000449A:	ADD	R0, R5	;(R0=0xBDB792B0 R5=0xFFFA3942 )
(    libInnoSecure.so[0xCBBCB000])[81 EA 04 05 ]0x0000449C:	EOR.W	R5, R1, R4	;(R1=0xE655C7BB R4=0xE06E5784 )
(    libInnoSecure.so[0xCBBCB000])[54 44       ]0x000044A0:	ADD	R4, SL	;(R4=0xE06E5784 SL=0x31303130 )
(    libInnoSecure.so[0xCBBCB000])[01 EB 30 70 ]0x000044A2:	ADD.W	R0, R1, R0, ROR #28	;(R1=0xE655C7BB R0=0xBDB1CBF2 )
(    libInnoSecure.so[0xCBBCB000])[DD F8 30 A0 ]0x000044A6:	LDR.W	SL, [SP, #0X30]	;(SP=0x100FFD18 )
(    libInnoSecure.so[0xCBBCB000])[45 40       ]0x000044AA:	EORS	R5, R0	;(R5=0x063B903F R0=0xC17286E6 )
(    libInnoSecure.so[0xCBBCB000])[2A 44       ]0x000044AC:	ADD	R2, R5	;(R2=0xEDA66A98 R5=0xC74916D9 )
(    libInnoSecure.so[0xCBBCB000])[4F F2 81 65 ]0x000044AE:	MOVW	R5, #0XF681
(    libInnoSecure.so[0xCBBCB000])[C8 F2 71 75 ]0x000044B2:	MOVT	R5, #0X8771	;(R5=0x0000F681 )
(    libInnoSecure.so[0xCBBCB000])[2A 44       ]0x000044B6:	ADD	R2, R5	;(R2=0xB4EF8171 R5=0x8771F681 )
(    libInnoSecure.so[0xCBBCB000])[80 EA 01 05 ]0x000044B8:	EOR.W	R5, R0, R1	;(R0=0xC17286E6 R1=0xE655C7BB )
(    libInnoSecure.so[0xCBBCB000])[61 44       ]0x000044BC:	ADD	R1, IP	;(R1=0xE655C7BB IP=0x31383138 )
(    libInnoSecure.so[0xCBBCB000])[00 EB 72 52 ]0x000044BE:	ADD.W	R2, R0, R2, ROR #21	;(R0=0xC17286E6 R2=0x3C6177F2 )
(    libInnoSecure.so[0xCBBCB000])[DD F8 3C C0 ]0x000044C2:	LDR.W	IP, [SP, #0X3C]	;(SP=0x100FFD18 )
(    libInnoSecure.so[0xCBBCB000])[55 40       ]0x000044C6:	EORS	R5, R2	;(R5=0x2727415D R2=0xCD3218C9 )
(    libInnoSecure.so[0xCBBCB000])[2C 44       ]0x000044C8:	ADD	R4, R5	;(R4=0x119E88B4 R5=0xEA155994 )
(    libInnoSecure.so[0xCBBCB000])[46 F2 22 15 ]0x000044CA:	MOVW	R5, #0X6122
(    libInnoSecure.so[0xCBBCB000])[C6 F6 9D 55 ]0x000044CE:	MOVT	R5, #0X6D9D	;(R5=0x00006122 )
(    libInnoSecure.so[0xCBBCB000])[2C 44       ]0x000044D2:	ADD	R4, R5	;(R4=0xFBB3E248 R5=0x6D9D6122 )
(    libInnoSecure.so[0xCBBCB000])[82 EA 00 05 ]0x000044D4:	EOR.W	R5, R2, R0	;(R2=0xCD3218C9 R0=0xC17286E6 )
(    libInnoSecure.so[0xCBBCB000])[18 44       ]0x000044D8:	ADD	R0, R3	;(R0=0xC17286E6 R3=0x31633964 )
(    libInnoSecure.so[0xCBBCB000])[02 EB 34 44 ]0x000044DA:	ADD.W	R4, R2, R4, ROR #16	;(R2=0xCD3218C9 R4=0x6951436A )
(    libInnoSecure.so[0xCBBCB000])[73 46       ]0x000044DE:	MOV	R3, LR	;(LR=0x39303630 )
(    libInnoSecure.so[0xCBBCB000])[65 40       ]0x000044E0:	EORS	R5, R4	;(R5=0x0C409E2F R4=0x109C821A )
(    libInnoSecure.so[0xCBBCB000])[29 44       ]0x000044E2:	ADD	R1, R5	;(R1=0x178DF8F3 R5=0x1CDC1C35 )
(    libInnoSecure.so[0xCBBCB000])[43 F6 0C 05 ]0x000044E4:	MOVW	R5, #0X380C
(    libInnoSecure.so[0xCBBCB000])[CF F6 E5 55 ]0x000044E8:	MOVT	R5, #0XFDE5	;(R5=0x0000380C )
(    libInnoSecure.so[0xCBBCB000])[29 44       ]0x000044EC:	ADD	R1, R5	;(R1=0x346A1528 R5=0xFDE5380C )
(    libInnoSecure.so[0xCBBCB000])[84 EA 02 05 ]0x000044EE:	EOR.W	R5, R4, R2	;(R4=0x109C821A R2=0xCD3218C9 )
(    libInnoSecure.so[0xCBBCB000])[5A 44       ]0x000044F2:	ADD	R2, FP	;(R2=0xCD3218C9 FP=0x31303330 )
(    libInnoSecure.so[0xCBBCB000])[04 EB 71 21 ]0x000044F4:	ADD.W	R1, R4, R1, ROR #9	;(R4=0x109C821A R1=0x324F4D34 )
(    libInnoSecure.so[0xCBBCB000])[DD F8 08 B0 ]0x000044F8:	LDR.W	FP, [SP, #8]	;(SP=0x100FFD18 )
(    libInnoSecure.so[0xCBBCB000])[4D 40       ]0x000044FC:	EORS	R5, R1	;(R5=0xDDAE9AD3 R1=0xAAB5A9C0 )
(    libInnoSecure.so[0xCBBCB000])[28 44       ]0x000044FE:	ADD	R0, R5	;(R0=0xF2D5C04A R5=0x771B3313 )
(    libInnoSecure.so[0xCBBCB000])[4E F6 44 25 ]0x00004500:	MOVW	R5, #0XEA44
(    libInnoSecure.so[0xCBBCB000])[CA F2 BE 45 ]0x00004504:	MOVT	R5, #0XA4BE	;(R5=0x0000EA44 )
(    libInnoSecure.so[0xCBBCB000])[28 44       ]0x00004508:	ADD	R0, R5	;(R0=0x69F0F35D R5=0xA4BEEA44 )
(    libInnoSecure.so[0xCBBCB000])[81 EA 04 05 ]0x0000450A:	EOR.W	R5, R1, R4	;(R1=0xAAB5A9C0 R4=0x109C821A )
(    libInnoSecure.so[0xCBBCB000])[1C 44       ]0x0000450E:	ADD	R4, R3	;(R4=0x109C821A R3=0x39303630 )
(    libInnoSecure.so[0xCBBCB000])[01 EB 30 70 ]0x00004510:	ADD.W	R0, R1, R0, ROR #28	;(R1=0xAAB5A9C0 R0=0x0EAFDDA1 )
(    libInnoSecure.so[0xCBBCB000])[45 40       ]0x00004514:	EORS	R5, R0	;(R5=0xBA292BDA R0=0x95B383D0 )
(    libInnoSecure.so[0xCBBCB000])[2A 44       ]0x00004516:	ADD	R2, R5	;(R2=0xFE624BF9 R5=0x2F9AA80A )
(    libInnoSecure.so[0xCBBCB000])[4C F6 A9 75 ]0x00004518:	MOVW	R5, #0XCFA9
(    libInnoSecure.so[0xCBBCB000])[C4 F6 DE 35 ]0x0000451C:	MOVT	R5, #0X4BDE	;(R5=0x0000CFA9 )
(    libInnoSecure.so[0xCBBCB000])[2A 44       ]0x00004520:	ADD	R2, R5	;(R2=0x2DFCF403 R5=0x4BDECFA9 )
(    libInnoSecure.so[0xCBBCB000])[80 EA 01 05 ]0x00004522:	EOR.W	R5, R0, R1	;(R0=0x95B383D0 R1=0xAAB5A9C0 )
(    libInnoSecure.so[0xCBBCB000])[59 44       ]0x00004526:	ADD	R1, FP	;(R1=0xAAB5A9C0 FP=0x64303766 )
(    libInnoSecure.so[0xCBBCB000])[00 EB 72 52 ]0x00004528:	ADD.W	R2, R0, R2, ROR #21	;(R0=0x95B383D0 R2=0x79DBC3AC )
(    libInnoSecure.so[0xCBBCB000])[55 40       ]0x0000452C:	EORS	R5, R2	;(R5=0x3F062A10 R2=0x73D0E79E )
(    libInnoSecure.so[0xCBBCB000])[2C 44       ]0x0000452E:	ADD	R4, R5	;(R4=0x49CCB84A R5=0x4CD6CD8E )
(    libInnoSecure.so[0xCBBCB000])[44 F6 60 35 ]0x00004530:	MOVW	R5, #0X4B60
(    libInnoSecure.so[0xCBBCB000])[CF F2 BB 65 ]0x00004534:	MOVT	R5, #0XF6BB	;(R5=0x00004B60 )
(    libInnoSecure.so[0xCBBCB000])[2C 44       ]0x00004538:	ADD	R4, R5	;(R4=0x96A385D8 R5=0xF6BB4B60 )
(    libInnoSecure.so[0xCBBCB000])[82 EA 00 05 ]0x0000453A:	EOR.W	R5, R2, R0	;(R2=0x73D0E79E R0=0x95B383D0 )
(    libInnoSecure.so[0xCBBCB000])[40 44       ]0x0000453E:	ADD	R0, R8	;(R0=0x95B383D0 R8=0x33303030 )
(    libInnoSecure.so[0xCBBCB000])[02 EB 34 44 ]0x00004540:	ADD.W	R4, R2, R4, ROR #16	;(R2=0x73D0E79E R4=0x8D5ED138 )
(    libInnoSecure.so[0xCBBCB000])[DD F8 34 80 ]0x00004544:	LDR.W	R8, [SP, #0X34]	;(SP=0x100FFD18 )
(    libInnoSecure.so[0xCBBCB000])[65 40       ]0x00004548:	EORS	R5, R4	;(R5=0xE663644E R4=0x450974FC )
(    libInnoSecure.so[0xCBBCB000])[29 44       ]0x0000454A:	ADD	R1, R5	;(R1=0x0EE5E126 R5=0xA36A10B2 )
(    libInnoSecure.so[0xCBBCB000])[4B F6 70 45 ]0x0000454C:	MOVW	R5, #0XBC70
(    libInnoSecure.so[0xCBBCB000])[CB F6 BF 65 ]0x00004550:	MOVT	R5, #0XBEBF	;(R5=0x0000BC70 )
(    libInnoSecure.so[0xCBBCB000])[29 44       ]0x00004554:	ADD	R1, R5	;(R1=0xB24FF1D8 R5=0xBEBFBC70 )
(    libInnoSecure.so[0xCBBCB000])[84 EA 02 05 ]0x00004556:	EOR.W	R5, R4, R2	;(R4=0x450974FC R2=0x73D0E79E )
(    libInnoSecure.so[0xCBBCB000])[32 44       ]0x0000455A:	ADD	R2, R6	;(R2=0x73D0E79E R6=0x35346630 )
(    libInnoSecure.so[0xCBBCB000])[04 EB 71 21 ]0x0000455C:	ADD.W	R1, R4, R1, ROR #9	;(R4=0x450974FC R1=0x710FAE48 )
(    libInnoSecure.so[0xCBBCB000])[4D 40       ]0x00004560:	EORS	R5, R1	;(R5=0x36D99362 R1=0x6941FCD3 )
(    libInnoSecure.so[0xCBBCB000])[28 44       ]0x00004562:	ADD	R0, R5	;(R0=0xC8E3B400 R5=0x5F986FB1 )
(    libInnoSecure.so[0xCBBCB000])[47 F6 C6 65 ]0x00004564:	MOVW	R5, #0X7EC6
(    libInnoSecure.so[0xCBBCB000])[C2 F6 9B 05 ]0x00004568:	MOVT	R5, #0X289B	;(R5=0x00007EC6 )
(    libInnoSecure.so[0xCBBCB000])[28 44       ]0x0000456C:	ADD	R0, R5	;(R0=0x287C23B1 R5=0x289B7EC6 )
(    libInnoSecure.so[0xCBBCB000])[81 EA 04 05 ]0x0000456E:	EOR.W	R5, R1, R4	;(R1=0x6941FCD3 R4=0x450974FC )
(    libInnoSecure.so[0xCBBCB000])[64 44       ]0x00004572:	ADD	R4, IP	;(R4=0x450974FC IP=0x32303364 )
(    libInnoSecure.so[0xCBBCB000])[01 EB 30 70 ]0x00004574:	ADD.W	R0, R1, R0, ROR #28	;(R1=0x6941FCD3 R0=0x5117A277 )
(    libInnoSecure.so[0xCBBCB000])[45 40       ]0x00004578:	EORS	R5, R0	;(R5=0x2C48882F R0=0x7ABC2448 )
(    libInnoSecure.so[0xCBBCB000])[2A 44       ]0x0000457A:	ADD	R2, R5	;(R2=0xA9054DCE R5=0x56F4AC67 )
(    libInnoSecure.so[0xCBBCB000])[42 F2 FA 75 ]0x0000457C:	MOVW	R5, #0X27FA
(    libInnoSecure.so[0xCBBCB000])[CE F6 A1 25 ]0x00004580:	MOVT	R5, #0XEAA1	;(R5=0x000027FA )
(    libInnoSecure.so[0xCBBCB000])[2A 44       ]0x00004584:	ADD	R2, R5	;(R2=0xFFF9FA35 R5=0xEAA127FA )
(    libInnoSecure.so[0xCBBCB000])[80 EA 01 05 ]0x00004586:	EOR.W	R5, R0, R1	;(R0=0x7ABC2448 R1=0x6941FCD3 )
(    libInnoSecure.so[0xCBBCB000])[49 44       ]0x0000458A:	ADD	R1, SB	;(R1=0x6941FCD3 SB=0x64303033 )
(    libInnoSecure.so[0xCBBCB000])[00 EB 72 52 ]0x0000458C:	ADD.W	R2, R0, R2, ROR #21	;(R0=0x7ABC2448 R2=0xEA9B222F )
(    libInnoSecure.so[0xCBBCB000])[55 40       ]0x00004590:	EORS	R5, R2	;(R5=0x13FDD89B R2=0x53CDA39C )
(    libInnoSecure.so[0xCBBCB000])[2C 44       ]0x00004592:	ADD	R4, R5	;(R4=0x7739A860 R5=0x40307B07 )
(    libInnoSecure.so[0xCBBCB000])[43 F2 85 05 ]0x00004594:	MOVW	R5, #0X3085
(    libInnoSecure.so[0xCBBCB000])[CD F2 EF 45 ]0x00004598:	MOVT	R5, #0XD4EF	;(R5=0x00003085 )
(    libInnoSecure.so[0xCBBCB000])[2C 44       ]0x0000459C:	ADD	R4, R5	;(R4=0xB76A2367 R5=0xD4EF3085 )
(    libInnoSecure.so[0xCBBCB000])[82 EA 00 05 ]0x0000459E:	EOR.W	R5, R2, R0	;(R2=0x53CDA39C R0=0x7ABC2448 )
(    libInnoSecure.so[0xCBBCB000])[02 EB 34 44 ]0x000045A2:	ADD.W	R4, R2, R4, ROR #16	;(R2=0x53CDA39C R4=0x8C5953EC )
(    libInnoSecure.so[0xCBBCB000])[65 40       ]0x000045A6:	EORS	R5, R4	;(R5=0x297187D4 R4=0xA7BA2FF5 )
(    libInnoSecure.so[0xCBBCB000])[29 44       ]0x000045A8:	ADD	R1, R5	;(R1=0xCD722D06 R5=0x8ECBA821 )
(    libInnoSecure.so[0xCBBCB000])[41 F6 05 55 ]0x000045AA:	MOVW	R5, #0X1D05
(    libInnoSecure.so[0xCBBCB000])[C0 F2 88 45 ]0x000045AE:	MOVT	R5, #0X488	;(R5=0x00001D05 )
(    libInnoSecure.so[0xCBBCB000])[29 44       ]0x000045B2:	ADD	R1, R5	;(R1=0x5C3DD527 R5=0x04881D05 )
(    libInnoSecure.so[0xCBBCB000])[84 EA 02 05 ]0x000045B4:	EOR.W	R5, R4, R2	;(R4=0xA7BA2FF5 R2=0x53CDA39C )
(    libInnoSecure.so[0xCBBCB000])[42 44       ]0x000045B8:	ADD	R2, R8	;(R2=0x53CDA39C R8=0x35303530 )
(    libInnoSecure.so[0xCBBCB000])[04 EB 71 21 ]0x000045BA:	ADD.W	R1, R4, R1, ROR #9	;(R4=0xA7BA2FF5 R1=0x60C5F22C )
(    libInnoSecure.so[0xCBBCB000])[85 EA 01 0E ]0x000045BE:	EOR.W	LR, R5, R1	;(R5=0xF4778C69 R1=0xBDEA92EE )
(    libInnoSecure.so[0xCBBCB000])[10 9D       ]0x000045C2:	LDR	R5, [SP, #0X40]	;(SP=0x100FFD18 )
(    libInnoSecure.so[0xCBBCB000])[28 44       ]0x000045C4:	ADD	R0, R5	;(R0=0x7ABC2448 R5=0x36383834 )
(    libInnoSecure.so[0xCBBCB000])[4D F2 39 05 ]0x000045C6:	MOVW	R5, #0XD039
(    libInnoSecure.so[0xCBBCB000])[70 44       ]0x000045CA:	ADD	R0, LR	;(R0=0xB0F45C7C LR=0x499D1E87 )
(    libInnoSecure.so[0xCBBCB000])[CD F6 D4 15 ]0x000045CC:	MOVT	R5, #0XD9D4	;(R5=0x0000D039 )
(    libInnoSecure.so[0xCBBCB000])[28 44       ]0x000045D0:	ADD	R0, R5	;(R0=0xFA917B03 R5=0xD9D4D039 )
(    libInnoSecure.so[0xCBBCB000])[81 EA 04 05 ]0x000045D2:	EOR.W	R5, R1, R4	;(R1=0xBDEA92EE R4=0xA7BA2FF5 )
(    libInnoSecure.so[0xCBBCB000])[DD F8 0C E0 ]0x000045D6:	LDR.W	LR, [SP, #0XC]	;(SP=0x100FFD18 )
(    libInnoSecure.so[0xCBBCB000])[01 EB 30 70 ]0x000045DA:	ADD.W	R0, R1, R0, ROR #28	;(R1=0xBDEA92EE R0=0xD4664B3C )
(    libInnoSecure.so[0xCBBCB000])[45 40       ]0x000045DE:	EORS	R5, R0	;(R5=0x1A50BD1B R0=0x044F46BB )
(    libInnoSecure.so[0xCBBCB000])[74 44       ]0x000045E0:	ADD	R4, LR	;(R4=0xA7BA2FF5 LR=0x65303030 )
(    libInnoSecure.so[0xCBBCB000])[2A 44       ]0x000045E2:	ADD	R2, R5	;(R2=0x88FDD8CC R5=0x1E1FFBA0 )
(    libInnoSecure.so[0xCBBCB000])[49 F6 E5 15 ]0x000045E4:	MOVW	R5, #0X99E5
(    libInnoSecure.so[0xCBBCB000])[CE F2 DB 65 ]0x000045E8:	MOVT	R5, #0XE6DB	;(R5=0x000099E5 )
(    libInnoSecure.so[0xCBBCB000])[2A 44       ]0x000045EC:	ADD	R2, R5	;(R2=0xA71DD46C R5=0xE6DB99E5 )
(    libInnoSecure.so[0xCBBCB000])[80 EA 01 05 ]0x000045EE:	EOR.W	R5, R0, R1	;(R0=0x044F46BB R1=0xBDEA92EE )
(    libInnoSecure.so[0xCBBCB000])[51 44       ]0x000045F2:	ADD	R1, SL	;(R1=0xBDEA92EE SL=0x34396463 )
(    libInnoSecure.so[0xCBBCB000])[00 EB 72 52 ]0x000045F4:	ADD.W	R2, R0, R2, ROR #21	;(R0=0x044F46BB R2=0x8DF96E51 )
(    libInnoSecure.so[0xCBBCB000])[55 40       ]0x000045F8:	EORS	R5, R2	;(R5=0xB9A5D455 R2=0xCFC1D32A )
(    libInnoSecure.so[0xCBBCB000])[2C 44       ]0x000045FA:	ADD	R4, R5	;(R4=0x0CEA6025 R5=0x7664077F )
(    libInnoSecure.so[0xCBBCB000])[47 F6 F8 45 ]0x000045FC:	MOVW	R5, #0X7CF8
(    libInnoSecure.so[0xCBBCB000])[C1 F6 A2 75 ]0x00004600:	MOVT	R5, #0X1FA2	;(R5=0x00007CF8 )
(    libInnoSecure.so[0xCBBCB000])[2C 44       ]0x00004604:	ADD	R4, R5	;(R4=0x834E67A4 R5=0x1FA27CF8 )
(    libInnoSecure.so[0xCBBCB000])[82 EA 00 05 ]0x00004606:	EOR.W	R5, R2, R0	;(R2=0xCFC1D32A R0=0x044F46BB )
(    libInnoSecure.so[0xCBBCB000])[30 44       ]0x0000460A:	ADD	R0, R6	;(R0=0x044F46BB R6=0x35346630 )
(    libInnoSecure.so[0xCBBCB000])[02 EB 34 44 ]0x0000460C:	ADD.W	R4, R2, R4, ROR #16	;(R2=0xCFC1D32A R4=0xA2F0E49C )
(    libInnoSecure.so[0xCBBCB000])[45 F6 C3 16 ]0x00004610:	MOVW	R6, #0X59C3
(    libInnoSecure.so[0xCBBCB000])[65 40       ]0x00004614:	EORS	R5, R4	;(R5=0xCB8E9591 R4=0xB45E761A )
(    libInnoSecure.so[0xCBBCB000])[C6 F2 5B 56 ]0x00004616:	MOVT	R6, #0X655B	;(R6=0x000059C3 )
(    libInnoSecure.so[0xCBBCB000])[29 44       ]0x0000461A:	ADD	R1, R5	;(R1=0xF223F751 R5=0x7FD0E38B )
(    libInnoSecure.so[0xCBBCB000])[45 F2 65 65 ]0x0000461C:	MOVW	R5, #0X5665
(    libInnoSecure.so[0xCBBCB000])[CC F2 AC 45 ]0x00004620:	MOVT	R5, #0XC4AC	;(R5=0x00005665 )
(    libInnoSecure.so[0xCBBCB000])[29 44       ]0x00004624:	ADD	R1, R5	;(R1=0x71F4DADC R5=0xC4AC5665 )
(    libInnoSecure.so[0xCBBCB000])[04 EB 71 21 ]0x00004626:	ADD.W	R1, R4, R1, ROR #9	;(R4=0xB45E761A R1=0x36A13141 )
(    libInnoSecure.so[0xCBBCB000])[61 EA 02 05 ]0x0000462A:	ORN	R5, R1, R2	;(R1=0x54F9C6B2 R2=0xCFC1D32A )
(    libInnoSecure.so[0xCBBCB000])[1A 44       ]0x0000462E:	ADD	R2, R3	;(R2=0xCFC1D32A R3=0x39303630 )
(    libInnoSecure.so[0xCBBCB000])[65 40       ]0x00004630:	EORS	R5, R4	;(R5=0x74FFEEF7 R4=0xB45E761A )
(    libInnoSecure.so[0xCBBCB000])[01 9B       ]0x00004632:	LDR	R3, [SP, #4]	;(SP=0x100FFD18 )
(    libInnoSecure.so[0xCBBCB000])[28 44       ]0x00004634:	ADD	R0, R5	;(R0=0x3983ACEB R5=0xC0A198ED )
(    libInnoSecure.so[0xCBBCB000])[42 F2 44 25 ]0x00004636:	MOVW	R5, #0X2244
(    libInnoSecure.so[0xCBBCB000])[CF F2 29 45 ]0x0000463A:	MOVT	R5, #0XF429	;(R5=0x00002244 )
(    libInnoSecure.so[0xCBBCB000])[28 44       ]0x0000463E:	ADD	R0, R5	;(R0=0xFA2545D8 R5=0xF4292244 )
(    libInnoSecure.so[0xCBBCB000])[23 44       ]0x00004640:	ADD	R3, R4	;(R3=0x31383138 R4=0xB45E761A )
(    libInnoSecure.so[0xCBBCB000])[01 EB B0 60 ]0x00004642:	ADD.W	R0, R1, R0, ROR #26	;(R1=0x54F9C6B2 R0=0xEE4E681C )
(    libInnoSecure.so[0xCBBCB000])[60 EA 04 05 ]0x00004646:	ORN	R5, R0, R4	;(R0=0xE893CDED R4=0xB45E761A )
(    libInnoSecure.so[0xCBBCB000])[42 F2 A7 34 ]0x0000464A:	MOVW	R4, #0X23A7
(    libInnoSecure.so[0xCBBCB000])[4D 40       ]0x0000464E:	EORS	R5, R1	;(R5=0xEBB3CDED R1=0x54F9C6B2 )
(    libInnoSecure.so[0xCBBCB000])[CA F6 94 34 ]0x00004650:	MOVT	R4, #0XAB94	;(R4=0x000023A7 )
(    libInnoSecure.so[0xCBBCB000])[2A 44       ]0x00004654:	ADD	R2, R5	;(R2=0x08F2095A R5=0xBF4A0B5F )
(    libInnoSecure.so[0xCBBCB000])[4F F6 97 75 ]0x00004656:	MOVW	R5, #0XFF97
(    libInnoSecure.so[0xCBBCB000])[C4 F2 2A 35 ]0x0000465A:	MOVT	R5, #0X432A	;(R5=0x0000FF97 )
(    libInnoSecure.so[0xCBBCB000])[2A 44       ]0x0000465E:	ADD	R2, R5	;(R2=0xC83C14B9 R5=0x432AFF97 )
(    libInnoSecure.so[0xCBBCB000])[00 EB B2 52 ]0x00004660:	ADD.W	R2, R0, R2, ROR #22	;(R0=0xE893CDED R2=0x0B671450 )
(    libInnoSecure.so[0xCBBCB000])[62 EA 01 05 ]0x00004664:	ORN	R5, R2, R1	;(R2=0x84E50E1A R1=0x54F9C6B2 )
(    libInnoSecure.so[0xCBBCB000])[45 40       ]0x00004668:	EORS	R5, R0	;(R5=0xAFE73F5F R0=0xE893CDED )
(    libInnoSecure.so[0xCBBCB000])[2B 44       ]0x0000466A:	ADD	R3, R5	;(R3=0xE596A752 R5=0x4774F2B2 )
(    libInnoSecure.so[0xCBBCB000])[09 9D       ]0x0000466C:	LDR	R5, [SP, #0X24]	;(SP=0x100FFD18 )
(    libInnoSecure.so[0xCBBCB000])[23 44       ]0x0000466E:	ADD	R3, R4	;(R3=0x2D0B9A04 R4=0xAB9423A7 )
(    libInnoSecure.so[0xCBBCB000])[29 44       ]0x00004670:	ADD	R1, R5	;(R1=0x54F9C6B2 R5=0x31303030 )
(    libInnoSecure.so[0xCBBCB000])[11 9D       ]0x00004672:	LDR	R5, [SP, #0X44]	;(SP=0x100FFD18 )
(    libInnoSecure.so[0xCBBCB000])[02 EB 73 43 ]0x00004674:	ADD.W	R3, R2, R3, ROR #17	;(R2=0x84E50E1A R3=0xD89FBDAB )
(    libInnoSecure.so[0xCBBCB000])[63 EA 00 04 ]0x00004678:	ORN	R4, R3, R0	;(R3=0x63BAFA69 R0=0xE893CDED )
(    libInnoSecure.so[0xCBBCB000])[40 44       ]0x0000467C:	ADD	R0, R8	;(R0=0xE893CDED R8=0x35303530 )
(    libInnoSecure.so[0xCBBCB000])[54 40       ]0x0000467E:	EORS	R4, R2	;(R4=0x77FEFA7B R2=0x84E50E1A )
(    libInnoSecure.so[0xCBBCB000])[21 44       ]0x00004680:	ADD	R1, R4	;(R1=0x8629F6E2 R4=0xF31BF461 )
(    libInnoSecure.so[0xCBBCB000])[4A F2 39 04 ]0x00004682:	MOVW	R4, #0XA039
(    libInnoSecure.so[0xCBBCB000])[CF F6 93 44 ]0x00004686:	MOVT	R4, #0XFC93	;(R4=0x0000A039 )
(    libInnoSecure.so[0xCBBCB000])[21 44       ]0x0000468A:	ADD	R1, R4	;(R1=0x7945EB43 R4=0xFC93A039 )
(    libInnoSecure.so[0xCBBCB000])[03 EB F1 21 ]0x0000468C:	ADD.W	R1, R3, R1, ROR #11	;(R3=0x63BAFA69 R1=0x75D98B7C )
(    libInnoSecure.so[0xCBBCB000])[61 EA 02 04 ]0x00004690:	ORN	R4, R1, R2	;(R1=0xD349B59A R2=0x84E50E1A )
(    libInnoSecure.so[0xCBBCB000])[62 44       ]0x00004694:	ADD	R2, IP	;(R2=0x84E50E1A IP=0x32303364 )
(    libInnoSecure.so[0xCBBCB000])[5C 40       ]0x00004696:	EORS	R4, R3	;(R4=0xFB5BF5FF R3=0x63BAFA69 )
(    libInnoSecure.so[0xCBBCB000])[DD F8 1C C0 ]0x00004698:	LDR.W	IP, [SP, #0X1C]	;(SP=0x100FFD18 )
(    libInnoSecure.so[0xCBBCB000])[20 44       ]0x0000469C:	ADD	R0, R4	;(R0=0x1DC4031D R4=0x98E10F96 )
(    libInnoSecure.so[0xCBBCB000])[30 44       ]0x0000469E:	ADD	R0, R6	;(R0=0xB6A512B3 R6=0x655B59C3 )
(    libInnoSecure.so[0xCBBCB000])[01 EB B0 60 ]0x000046A0:	ADD.W	R0, R1, R0, ROR #26	;(R1=0xD349B59A R0=0x1C006C76 )
(    libInnoSecure.so[0xCBBCB000])[60 EA 03 06 ]0x000046A4:	ORN	R6, R0, R3	;(R0=0xD364D321 R3=0x63BAFA69 )
(    libInnoSecure.so[0xCBBCB000])[5B 44       ]0x000046A8:	ADD	R3, FP	;(R3=0x63BAFA69 FP=0x64303766 )
(    libInnoSecure.so[0xCBBCB000])[4E 40       ]0x000046AA:	EORS	R6, R1	;(R6=0xDF65D7B7 R1=0xD349B59A )
(    libInnoSecure.so[0xCBBCB000])[32 44       ]0x000046AC:	ADD	R2, R6	;(R2=0xB715417E R6=0x0C2C622D )
(    libInnoSecure.so[0xCBBCB000])[4C F6 92 46 ]0x000046AE:	MOVW	R6, #0XCC92
(    libInnoSecure.so[0xCBBCB000])[C8 F6 0C 76 ]0x000046B2:	MOVT	R6, #0X8F0C	;(R6=0x0000CC92 )
(    libInnoSecure.so[0xCBBCB000])[32 44       ]0x000046B6:	ADD	R2, R6	;(R2=0xC341A3AB R6=0x8F0CCC92 )
(    libInnoSecure.so[0xCBBCB000])[00 EB B2 52 ]0x000046B8:	ADD.W	R2, R0, R2, ROR #22	;(R0=0xD364D321 R2=0x524E703D )
(    libInnoSecure.so[0xCBBCB000])[62 EA 01 06 ]0x000046BC:	ORN	R6, R2, R1	;(R2=0x0D25C86A R1=0xD349B59A )
(    libInnoSecure.so[0xCBBCB000])[29 44       ]0x000046C0:	ADD	R1, R5	;(R1=0xD349B59A R5=0x31633964 )
(    libInnoSecure.so[0xCBBCB000])[46 40       ]0x000046C2:	EORS	R6, R0	;(R6=0x2DB7CA6F R0=0xD364D321 )
(    libInnoSecure.so[0xCBBCB000])[0A 9D       ]0x000046C4:	LDR	R5, [SP, #0X28]	;(SP=0x100FFD18 )
(    libInnoSecure.so[0xCBBCB000])[33 44       ]0x000046C6:	ADD	R3, R6	;(R3=0xC7EB31CF R6=0xFED3194E )
(    libInnoSecure.so[0xCBBCB000])[4F F2 7D 46 ]0x000046C8:	MOVW	R6, #0XF47D
(    libInnoSecure.so[0xCBBCB000])[CF F6 EF 76 ]0x000046CC:	MOVT	R6, #0XFFEF	;(R6=0x0000F47D )
(    libInnoSecure.so[0xCBBCB000])[33 44       ]0x000046D0:	ADD	R3, R6	;(R3=0xC6BE4B1D R6=0xFFEFF47D )
(    libInnoSecure.so[0xCBBCB000])[02 EB 73 43 ]0x000046D2:	ADD.W	R3, R2, R3, ROR #17	;(R2=0x0D25C86A R3=0xC6AE3F9A )
(    libInnoSecure.so[0xCBBCB000])[63 EA 00 06 ]0x000046D6:	ORN	R6, R3, R0	;(R3=0x2CF32BC1 R0=0xD364D321 )
(    libInnoSecure.so[0xCBBCB000])[28 44       ]0x000046DA:	ADD	R0, R5	;(R0=0xD364D321 R5=0x36386132 )
(    libInnoSecure.so[0xCBBCB000])[56 40       ]0x000046DC:	EORS	R6, R2	;(R6=0x2CFB2FDF R2=0x0D25C86A )
(    libInnoSecure.so[0xCBBCB000])[08 9D       ]0x000046DE:	LDR	R5, [SP, #0X20]	;(SP=0x100FFD18 )
(    libInnoSecure.so[0xCBBCB000])[31 44       ]0x000046E0:	ADD	R1, R6	;(R1=0x04ACEEFE R6=0x21DEE7B5 )
(    libInnoSecure.so[0xCBBCB000])[45 F6 D1 56 ]0x000046E2:	MOVW	R6, #0X5DD1
(    libInnoSecure.so[0xCBBCB000])[C8 F2 84 56 ]0x000046E6:	MOVT	R6, #0X8584	;(R6=0x00005DD1 )
(    libInnoSecure.so[0xCBBCB000])[31 44       ]0x000046EA:	ADD	R1, R6	;(R1=0x268BD6B3 R6=0x85845DD1 )
(    libInnoSecure.so[0xCBBCB000])[03 EB F1 21 ]0x000046EC:	ADD.W	R1, R3, R1, ROR #11	;(R3=0x2CF32BC1 R1=0xAC103484 )
(    libInnoSecure.so[0xCBBCB000])[61 EA 02 06 ]0x000046F0:	ORN	R6, R1, R2	;(R1=0xBD88ADC7 R2=0x0D25C86A )
(    libInnoSecure.so[0xCBBCB000])[72 44       ]0x000046F4:	ADD	R2, LR	;(R2=0x0D25C86A LR=0x65303030 )
(    libInnoSecure.so[0xCBBCB000])[5E 40       ]0x000046F6:	EORS	R6, R3	;(R6=0xFFDABFD7 R3=0x2CF32BC1 )
(    libInnoSecure.so[0xCBBCB000])[30 44       ]0x000046F8:	ADD	R0, R6	;(R0=0x099D3453 R6=0xD3299416 )
(    libInnoSecure.so[0xCBBCB000])[47 F6 4F 66 ]0x000046FA:	MOVW	R6, #0X7E4F
(    libInnoSecure.so[0xCBBCB000])[C6 F6 A8 76 ]0x000046FE:	MOVT	R6, #0X6FA8	;(R6=0x00007E4F )
(    libInnoSecure.so[0xCBBCB000])[30 44       ]0x00004702:	ADD	R0, R6	;(R0=0xDCC6C869 R6=0x6FA87E4F )
(    libInnoSecure.so[0xCBBCB000])[01 EB B0 66 ]0x00004704:	ADD.W	R6, R1, R0, ROR #26	;(R1=0xBD88ADC7 R0=0x4C6F46B8 )
(    libInnoSecure.so[0xCBBCB000])[66 EA 03 00 ]0x00004708:	ORN	R0, R6, R3	;(R6=0xD95A5BDA R3=0x2CF32BC1 )
(    libInnoSecure.so[0xCBBCB000])[4B 44       ]0x0000470C:	ADD	R3, SB	;(R3=0x2CF32BC1 SB=0x64303033 )
(    libInnoSecure.so[0xCBBCB000])[48 40       ]0x0000470E:	EORS	R0, R1	;(R0=0xDB5EDFFE R1=0xBD88ADC7 )
(    libInnoSecure.so[0xCBBCB000])[10 44       ]0x00004710:	ADD	R0, R2	;(R0=0x66D67239 R2=0x7255F89A )
(    libInnoSecure.so[0xCBBCB000])[4E F2 E0 62 ]0x00004712:	MOVW	R2, #0XE6E0
(    libInnoSecure.so[0xCBBCB000])[CF F6 2C 62 ]0x00004716:	MOVT	R2, #0XFE2C	;(R2=0x0000E6E0 )
(    libInnoSecure.so[0xCBBCB000])[10 44       ]0x0000471A:	ADD	R0, R2	;(R0=0xD92C6AD3 R2=0xFE2CE6E0 )
(    libInnoSecure.so[0xCBBCB000])[06 EB B0 52 ]0x0000471C:	ADD.W	R2, R6, R0, ROR #22	;(R6=0xD95A5BDA R0=0xD75951B3 )
(    libInnoSecure.so[0xCBBCB000])[62 EA 01 00 ]0x00004720:	ORN	R0, R2, R1	;(R2=0x3EA12B37 R1=0xBD88ADC7 )
(    libInnoSecure.so[0xCBBCB000])[29 44       ]0x00004724:	ADD	R1, R5	;(R1=0xBD88ADC7 R5=0x33303030 )
(    libInnoSecure.so[0xCBBCB000])[70 40       ]0x00004726:	EORS	R0, R6	;(R0=0x7EF77B3F R6=0xD95A5BDA )
(    libInnoSecure.so[0xCBBCB000])[0B 9D       ]0x00004728:	LDR	R5, [SP, #0X2C]	;(SP=0x100FFD18 )
(    libInnoSecure.so[0xCBBCB000])[18 44       ]0x0000472A:	ADD	R0, R3	;(R0=0xA7AD20E5 R3=0x91235BF4 )
(    libInnoSecure.so[0xCBBCB000])[44 F2 14 33 ]0x0000472C:	MOVW	R3, #0X4314
(    libInnoSecure.so[0xCBBCB000])[CA F2 01 33 ]0x00004730:	MOVT	R3, #0XA301	;(R3=0x00004314 )
(    libInnoSecure.so[0xCBBCB000])[18 44       ]0x00004734:	ADD	R0, R3	;(R0=0x38D07CD9 R3=0xA3014314 )
(    libInnoSecure.so[0xCBBCB000])[02 EB 70 40 ]0x00004736:	ADD.W	R0, R2, R0, ROR #17	;(R2=0x3EA12B37 R0=0xDBD1BFED )
(    libInnoSecure.so[0xCBBCB000])[60 EA 06 03 ]0x0000473A:	ORN	R3, R0, R6	;(R0=0x1E98191F R6=0xD95A5BDA )
(    libInnoSecure.so[0xCBBCB000])[2E 44       ]0x0000473E:	ADD	R6, R5	;(R6=0xD95A5BDA R5=0x31303330 )
(    libInnoSecure.so[0xCBBCB000])[53 40       ]0x00004740:	EORS	R3, R2	;(R3=0x3EBDBD3F R2=0x3EA12B37 )
(    libInnoSecure.so[0xCBBCB000])[19 44       ]0x00004742:	ADD	R1, R3	;(R1=0xF0B8DDF7 R3=0x001C9608 )
(    libInnoSecure.so[0xCBBCB000])[41 F2 A1 13 ]0x00004744:	MOVW	R3, #0X11A1
(    libInnoSecure.so[0xCBBCB000])[C4 F6 08 63 ]0x00004748:	MOVT	R3, #0X4E08	;(R3=0x000011A1 )
(    libInnoSecure.so[0xCBBCB000])[19 44       ]0x0000474C:	ADD	R1, R3	;(R1=0xF0D573FF R3=0x4E0811A1 )
(    libInnoSecure.so[0xCBBCB000])[00 EB F1 21 ]0x0000474E:	ADD.W	R1, R0, R1, ROR #11	;(R0=0x1E98191F R1=0x3EDD85A0 )
(    libInnoSecure.so[0xCBBCB000])[61 EA 02 03 ]0x00004752:	ORN	R3, R1, R2	;(R1=0xD29FF4CF R2=0x3EA12B37 )
(    libInnoSecure.so[0xCBBCB000])[43 40       ]0x00004756:	EORS	R3, R0	;(R3=0xD3DFF4CF R0=0x1E98191F )
(    libInnoSecure.so[0xCBBCB000])[33 44       ]0x00004758:	ADD	R3, R6	;(R3=0xCD47EDD0 R6=0x0A8A8F0A )
(    libInnoSecure.so[0xCBBCB000])[47 F6 82 66 ]0x0000475A:	MOVW	R6, #0X7E82
(    libInnoSecure.so[0xCBBCB000])[CF F2 53 76 ]0x0000475E:	MOVT	R6, #0XF753	;(R6=0x00007E82 )
(    libInnoSecure.so[0xCBBCB000])[33 44       ]0x00004762:	ADD	R3, R6	;(R3=0xD7D27CDA R6=0xF7537E82 )
(    libInnoSecure.so[0xCBBCB000])[DC F8 00 60 ]0x00004764:	LDR.W	R6, [IP]	;(IP=0x100FFEF8 )
(    libInnoSecure.so[0xCBBCB000])[01 EB B3 63 ]0x00004768:	ADD.W	R3, R1, R3, ROR #26	;(R1=0xD29FF4CF R3=0xCF25FB5C )
(    libInnoSecure.so[0xCBBCB000])[1E 44       ]0x0000476C:	ADD	R6, R3	;(R6=0x9643318B R3=0x9C1ECC02 )
(    libInnoSecure.so[0xCBBCB000])[CC F8 00 60 ]0x0000476E:	STR.W	R6, [IP]	;(R6=0x3261FD8D IP=0x100FFEF8 )
(    libInnoSecure.so[0xCBBCB000])[05 9D       ]0x00004772:	LDR	R5, [SP, #0X14]	;(SP=0x100FFD18 )
(    libInnoSecure.so[0xCBBCB000])[63 EA 00 06 ]0x00004774:	ORN	R6, R3, R0	;(R3=0x9C1ECC02 R0=0x1E98191F )
(    libInnoSecure.so[0xCBBCB000])[4E 40       ]0x00004778:	EORS	R6, R1	;(R6=0xFD7FEEE2 R1=0xD29FF4CF )
(    libInnoSecure.so[0xCBBCB000])[50 44       ]0x0000477A:	ADD	R0, SL	;(R0=0x1E98191F SL=0x34396463 )
(    libInnoSecure.so[0xCBBCB000])[2A 44       ]0x0000477C:	ADD	R2, R5	;(R2=0x3EA12B37 R5=0x31303130 )
(    libInnoSecure.so[0xCBBCB000])[32 44       ]0x0000477E:	ADD	R2, R6	;(R2=0x6FD15C67 R6=0x2FE01A2D )
(    libInnoSecure.so[0xCBBCB000])[4F F2 35 26 ]0x00004780:	MOVW	R6, #0XF235
(    libInnoSecure.so[0xCBBCB000])[CB F6 3A 56 ]0x00004784:	MOVT	R6, #0XBD3A	;(R6=0x0000F235 )
(    libInnoSecure.so[0xCBBCB000])[32 44       ]0x00004788:	ADD	R2, R6	;(R2=0x9FB17694 R6=0xBD3AF235 )
(    libInnoSecure.so[0xCBBCB000])[DC E9 01 65 ]0x0000478A:	LDRD	R6, R5, [IP, #4]	;(IP=0x100FFEF8 )
(    libInnoSecure.so[0xCBBCB000])[DC F8 0C 40 ]0x0000478E:	LDR.W	R4, [IP, #0XC]	;(IP=0x100FFEF8 )
(    libInnoSecure.so[0xCBBCB000])[03 EB B2 52 ]0x00004792:	ADD.W	R2, R3, R2, ROR #22	;(R3=0x9C1ECC02 R2=0x5CEC68C9 )
(    libInnoSecure.so[0xCBBCB000])[14 44       ]0x00004796:	ADD	R4, R2	;(R4=0x69726974 R2=0x4DC1F175 )
(    libInnoSecure.so[0xCBBCB000])[CC F8 0C 40 ]0x00004798:	STR.W	R4, [IP, #0XC]	;(R4=0xB7345AE9 IP=0x100FFEF8 )
(    libInnoSecure.so[0xCBBCB000])[62 EA 01 04 ]0x0000479C:	ORN	R4, R2, R1	;(R2=0x4DC1F175 R1=0xD29FF4CF )
(    libInnoSecure.so[0xCBBCB000])[5C 40       ]0x000047A0:	EORS	R4, R3	;(R4=0x6DE1FB75 R3=0x9C1ECC02 )
(    libInnoSecure.so[0xCBBCB000])[20 44       ]0x000047A2:	ADD	R0, R4	;(R0=0x52D17D82 R4=0xF1FF3777 )
(    libInnoSecure.so[0xCBBCB000])[4D F2 BB 24 ]0x000047A4:	MOVW	R4, #0XD2BB
(    libInnoSecure.so[0xCBBCB000])[C2 F6 D7 24 ]0x000047A8:	MOVT	R4, #0X2AD7	;(R4=0x0000D2BB )
(    libInnoSecure.so[0xCBBCB000])[20 44       ]0x000047AC:	ADD	R0, R4	;(R0=0x44D0B4F9 R4=0x2AD7D2BB )
(    libInnoSecure.so[0xCBBCB000])[02 EB 70 40 ]0x000047AE:	ADD.W	R0, R2, R0, ROR #17	;(R2=0x4DC1F175 R0=0x6FA887B4 )
(    libInnoSecure.so[0xCBBCB000])[05 44       ]0x000047B2:	ADD	R5, R0	;(R5=0x06C70288 R0=0x919C2949 )
(    libInnoSecure.so[0xCBBCB000])[60 EA 03 03 ]0x000047B4:	ORN	R3, R0, R3	;(R0=0x919C2949 R3=0x9C1ECC02 )
(    libInnoSecure.so[0xCBBCB000])[CC F8 08 50 ]0x000047B8:	STR.W	R5, [IP, #8]	;(R5=0x98632BD1 IP=0x100FFEF8 )
(    libInnoSecure.so[0xCBBCB000])[5A 40       ]0x000047BC:	EORS	R2, R3	;(R2=0x4DC1F175 R3=0xF3FD3BFD )
(    libInnoSecure.so[0xCBBCB000])[10 9B       ]0x000047BE:	LDR	R3, [SP, #0X40]	;(SP=0x100FFD18 )
(    libInnoSecure.so[0xCBBCB000])[30 44       ]0x000047C0:	ADD	R0, R6	;(R0=0x919C2949 R6=0xF599E220 )
(    libInnoSecure.so[0xCBBCB000])[19 44       ]0x000047C2:	ADD	R1, R3	;(R1=0xD29FF4CF R3=0x36383834 )
(    libInnoSecure.so[0xCBBCB000])[11 44       ]0x000047C4:	ADD	R1, R2	;(R1=0x08D82D03 R2=0xBE3CCA88 )
(    libInnoSecure.so[0xCBBCB000])[4D F2 91 32 ]0x000047C6:	MOVW	R2, #0XD391
(    libInnoSecure.so[0xCBBCB000])[CE F6 86 32 ]0x000047CA:	MOVT	R2, #0XEB86	;(R2=0x0000D391 )
(    libInnoSecure.so[0xCBBCB000])[11 44       ]0x000047CE:	ADD	R1, R2	;(R1=0xC714F78B R2=0xEB86D391 )
(    libInnoSecure.so[0xCBBCB000])[00 EB F1 20 ]0x000047D0:	ADD.W	R0, R0, R1, ROR #11	;(R0=0x87360B69 R1=0xB29BCB1C )
(    libInnoSecure.so[0xCBBCB000])[CC F8 04 00 ]0x000047D4:	STR.W	R0, [IP, #4]	;(R0=0xEACC5EE2 IP=0x100FFEF8 )
(    libInnoSecure.so[0xCBBCB000])[07 48       ]0x000047D8:	LDR	R0, [PC, #0X1C]	;(PC=0xCBBCF7D8 )
(    libInnoSecure.so[0xCBBCB000])[52 99       ]0x000047DA:	LDR	R1, [SP, #0X148]	;(SP=0x100FFD18 )
(    libInnoSecure.so[0xCBBCB000])[78 44       ]0x000047DC:	ADD	R0, PC	;(R0=0x000056C0 PC=0xCBBCF7DC )
(    libInnoSecure.so[0xCBBCB000])[00 68       ]0x000047DE:	LDR	R0, [R0]	;(R0=0xCBBD4EA0 )
(    libInnoSecure.so[0xCBBCB000])[00 68       ]0x000047E0:	LDR	R0, [R0]	;(R0=0xCBC29384 )
(    libInnoSecure.so[0xCBBCB000])[40 1A       ]0x000047E2:	SUBS	R0, R0, R1	;(R0=0x00000000 R1=0x00000000 )
(    libInnoSecure.so[0xCBBCB000])[02 BF       ]0x000047E4:	ITTT	EQ
(    libInnoSecure.so[0xCBBCB000])[53 B0       ]0x000047E6:	ADD	SP, #0X14C	;(SP=0x100FFD18 )
(    libInnoSecure.so[0xCBBCB000])[BD E8 00 0F ]0x000047E8:	POP.W	{R8, SB, SL, FP}	;(SP=0x100FFE64 )
(    libInnoSecure.so[0xCBBCB000])[F0 BD       ]0x000047EC:	POP	{R4, R5, R6, R7, PC}	;(SP=0x100FFE74 )
(    libInnoSecure.so[0xCBBCB000])[05 F1 80 00 ]0x0000402E:	ADD.W	R0, R5, #0X80	;(R5=0x00000300 )
(    libInnoSecure.so[0xCBBCB000])[40 35       ]0x00004032:	ADDS	R5, #0X40	;(R5=0x00000300 )
(    libInnoSecure.so[0xCBBCB000])[A0 42       ]0x00004034:	CMP	R0, R4	;(R0=0x00000380 R4=0x0000043E )
(    libInnoSecure.so[0xCBBCB000])[F5 D9       ]0x00004036:	BLS	#0XCBBCF024
(    libInnoSecure.so[0xCBBCB000])[09 EB 05 01 ]0x00004024:	ADD.W	R1, SB, R5	;(SB=0x30043020 R5=0x00000340 )
(    libInnoSecure.so[0xCBBCB000])[30 46       ]0x00004028:	MOV	R0, R6	;(R6=0x100FFEF8 )
(    libInnoSecure.so[0xCBBCB000])[00 F0 11 F8 ]0x0000402A:	BL	#0XCBBCF050	;(PC=0xCBBCF02A )
(    libInnoSecure.so[0xCBBCB000])[F0 B5       ]0x00004050:	PUSH	{R4, R5, R6, R7, LR}	;(SP=0x100FFE88 R4=0x0000043E R5=0x00000340 R6=0x100FFEF8 R7=0x100FFEA0 LR=0xCBBCF02F )
(    libInnoSecure.so[0xCBBCB000])[03 AF       ]0x00004052:	ADD	R7, SP, #0XC	;(SP=0x100FFE74 )
(    libInnoSecure.so[0xCBBCB000])[2D E9 00 0F ]0x00004054:	PUSH.W	{R8, SB, SL, FP}	;(SP=0x100FFE74 R8=0x100FFEF0 SB=0x30043020 SL=0x100FFF08 FP=0x00000007 )
(    libInnoSecure.so[0xCBBCB000])[D3 B0       ]0x00004058:	SUB	SP, #0X14C	;(SP=0x100FFE64 )
(    libInnoSecure.so[0xCBBCB000])[DF F8 98 27 ]0x0000405A:	LDR.W	R2, [PC, #0X798]	;(PC=0xCBBCF05A )
(    libInnoSecure.so[0xCBBCB000])[12 AC       ]0x0000405E:	ADD	R4, SP, #0X48	;(SP=0x100FFD18 )
(    libInnoSecure.so[0xCBBCB000])[00 25       ]0x00004060:	MOVS	R5, #0
(    libInnoSecure.so[0xCBBCB000])[7A 44       ]0x00004062:	ADD	R2, PC	;(R2=0x00005E3A PC=0xCBBCF062 )
(    libInnoSecure.so[0xCBBCB000])[12 68       ]0x00004064:	LDR	R2, [R2]	;(R2=0xCBBD4EA0 )
(    libInnoSecure.so[0xCBBCB000])[12 68       ]0x00004066:	LDR	R2, [R2]	;(R2=0xCBC29384 )
(    libInnoSecure.so[0xCBBCB000])[52 92       ]0x00004068:	STR	R2, [SP, #0X148]	;(R2=0x00000000 SP=0x100FFD18 )
(    libInnoSecure.so[0xCBBCB000])[D0 E9 00 C2 ]0x0000406A:	LDRD	IP, R2, [R0]	;(R0=0x100FFEF8 )
(    libInnoSecure.so[0xCBBCB000])[D0 F8 08 E0 ]0x0000406E:	LDR.W	LR, [R0, #8]	;(R0=0x100FFEF8 )
(    libInnoSecure.so[0xCBBCB000])[07 90       ]0x00004072:	STR	R0, [SP, #0X1C]	;(R0=0x100FFEF8 SP=0x100FFD18 )
(    libInnoSecure.so[0xCBBCB000])[C0 68       ]0x00004074:	LDR	R0, [R0, #0XC]	;(R0=0x100FFEF8 )
(    libInnoSecure.so[0xCBBCB000])[4E 59       ]0x00004076:	LDR	R6, [R1, R5]	;(R1=0x30043360 R5=0x00000000 )
(    libInnoSecure.so[0xCBBCB000])[66 51       ]0x00004078:	STR	R6, [R4, R5]	;(R6=0x39636336 R4=0x100FFD60 R5=0x00000000 )
(    libInnoSecure.so[0xCBBCB000])[04 35       ]0x0000407A:	ADDS	R5, #4	;(R5=0x00000000 )
(    libInnoSecure.so[0xCBBCB000])[40 2D       ]0x0000407C:	CMP	R5, #0X40	;(R5=0x00000004 )
(    libInnoSecure.so[0xCBBCB000])[FA D1       ]0x0000407E:	BNE	#0XCBBCF076
(    libInnoSecure.so[0xCBBCB000])[4E 59       ]0x00004076:	LDR	R6, [R1, R5]	;(R1=0x30043360 R5=0x00000004 )
(    libInnoSecure.so[0xCBBCB000])[66 51       ]0x00004078:	STR	R6, [R4, R5]	;(R6=0x34376266 R4=0x100FFD60 R5=0x00000004 )
(    libInnoSecure.so[0xCBBCB000])[04 35       ]0x0000407A:	ADDS	R5, #4	;(R5=0x00000004 )
(    libInnoSecure.so[0xCBBCB000])[40 2D       ]0x0000407C:	CMP	R5, #0X40	;(R5=0x00000008 )
(    libInnoSecure.so[0xCBBCB000])[FA D1       ]0x0000407E:	BNE	#0XCBBCF076
(    libInnoSecure.so[0xCBBCB000])[4E 59       ]0x00004076:	LDR	R6, [R1, R5]	;(R1=0x30043360 R5=0x00000008 )
(    libInnoSecure.so[0xCBBCB000])[66 51       ]0x00004078:	STR	R6, [R4, R5]	;(R6=0x31666561 R4=0x100FFD60 R5=0x00000008 )
(    libInnoSecure.so[0xCBBCB000])[04 35       ]0x0000407A:	ADDS	R5, #4	;(R5=0x00000008 )
(    libInnoSecure.so[0xCBBCB000])[40 2D       ]0x0000407C:	CMP	R5, #0X40	;(R5=0x0000000C )
(    libInnoSecure.so[0xCBBCB000])[FA D1       ]0x0000407E:	BNE	#0XCBBCF076
(    libInnoSecure.so[0xCBBCB000])[4E 59       ]0x00004076:	LDR	R6, [R1, R5]	;(R1=0x30043360 R5=0x0000000C )
(    libInnoSecure.so[0xCBBCB000])[66 51       ]0x00004078:	STR	R6, [R4, R5]	;(R6=0x33646431 R4=0x100FFD60 R5=0x0000000C )
(    libInnoSecure.so[0xCBBCB000])[04 35       ]0x0000407A:	ADDS	R5, #4	;(R5=0x0000000C )
(    libInnoSecure.so[0xCBBCB000])[40 2D       ]0x0000407C:	CMP	R5, #0X40	;(R5=0x00000010 )
(    libInnoSecure.so[0xCBBCB000])[FA D1       ]0x0000407E:	BNE	#0XCBBCF076
(    libInnoSecure.so[0xCBBCB000])[4E 59       ]0x00004076:	LDR	R6, [R1, R5]	;(R1=0x30043360 R5=0x00000010 )
(    libInnoSecure.so[0xCBBCB000])[66 51       ]0x00004078:	STR	R6, [R4, R5]	;(R6=0x36366433 R4=0x100FFD60 R5=0x00000010 )
(    libInnoSecure.so[0xCBBCB000])[04 35       ]0x0000407A:	ADDS	R5, #4	;(R5=0x00000010 )
(    libInnoSecure.so[0xCBBCB000])[40 2D       ]0x0000407C:	CMP	R5, #0X40	;(R5=0x00000014 )
(    libInnoSecure.so[0xCBBCB000])[FA D1       ]0x0000407E:	BNE	#0XCBBCF076
(    libInnoSecure.so[0xCBBCB000])[4E 59       ]0x00004076:	LDR	R6, [R1, R5]	;(R1=0x30043360 R5=0x00000014 )
(    libInnoSecure.so[0xCBBCB000])[66 51       ]0x00004078:	STR	R6, [R4, R5]	;(R6=0x36383330 R4=0x100FFD60 R5=0x00000014 )
(    libInnoSecure.so[0xCBBCB000])[04 35       ]0x0000407A:	ADDS	R5, #4	;(R5=0x00000014 )
(    libInnoSecure.so[0xCBBCB000])[40 2D       ]0x0000407C:	CMP	R5, #0X40	;(R5=0x00000018 )
(    libInnoSecure.so[0xCBBCB000])[FA D1       ]0x0000407E:	BNE	#0XCBBCF076
(    libInnoSecure.so[0xCBBCB000])[4E 59       ]0x00004076:	LDR	R6, [R1, R5]	;(R1=0x30043360 R5=0x00000018 )
(    libInnoSecure.so[0xCBBCB000])[66 51       ]0x00004078:	STR	R6, [R4, R5]	;(R6=0x64396139 R4=0x100FFD60 R5=0x00000018 )
(    libInnoSecure.so[0xCBBCB000])[04 35       ]0x0000407A:	ADDS	R5, #4	;(R5=0x00000018 )
(    libInnoSecure.so[0xCBBCB000])[40 2D       ]0x0000407C:	CMP	R5, #0X40	;(R5=0x0000001C )
(    libInnoSecure.so[0xCBBCB000])[FA D1       ]0x0000407E:	BNE	#0XCBBCF076
(    libInnoSecure.so[0xCBBCB000])[4E 59       ]0x00004076:	LDR	R6, [R1, R5]	;(R1=0x30043360 R5=0x0000001C )
(    libInnoSecure.so[0xCBBCB000])[66 51       ]0x00004078:	STR	R6, [R4, R5]	;(R6=0x62313662 R4=0x100FFD60 R5=0x0000001C )
(    libInnoSecure.so[0xCBBCB000])[04 35       ]0x0000407A:	ADDS	R5, #4	;(R5=0x0000001C )
(    libInnoSecure.so[0xCBBCB000])[40 2D       ]0x0000407C:	CMP	R5, #0X40	;(R5=0x00000020 )
(    libInnoSecure.so[0xCBBCB000])[FA D1       ]0x0000407E:	BNE	#0XCBBCF076
(    libInnoSecure.so[0xCBBCB000])[4E 59       ]0x00004076:	LDR	R6, [R1, R5]	;(R1=0x30043360 R5=0x00000020 )
(    libInnoSecure.so[0xCBBCB000])[66 51       ]0x00004078:	STR	R6, [R4, R5]	;(R6=0x65636438 R4=0x100FFD60 R5=0x00000020 )
(    libInnoSecure.so[0xCBBCB000])[04 35       ]0x0000407A:	ADDS	R5, #4	;(R5=0x00000020 )
(    libInnoSecure.so[0xCBBCB000])[40 2D       ]0x0000407C:	CMP	R5, #0X40	;(R5=0x00000024 )
(    libInnoSecure.so[0xCBBCB000])[FA D1       ]0x0000407E:	BNE	#0XCBBCF076
(    libInnoSecure.so[0xCBBCB000])[4E 59       ]0x00004076:	LDR	R6, [R1, R5]	;(R1=0x30043360 R5=0x00000024 )
(    libInnoSecure.so[0xCBBCB000])[66 51       ]0x00004078:	STR	R6, [R4, R5]	;(R6=0x37656164 R4=0x100FFD60 R5=0x00000024 )
(    libInnoSecure.so[0xCBBCB000])[04 35       ]0x0000407A:	ADDS	R5, #4	;(R5=0x00000024 )
(    libInnoSecure.so[0xCBBCB000])[40 2D       ]0x0000407C:	CMP	R5, #0X40	;(R5=0x00000028 )
(    libInnoSecure.so[0xCBBCB000])[FA D1       ]0x0000407E:	BNE	#0XCBBCF076
(    libInnoSecure.so[0xCBBCB000])[4E 59       ]0x00004076:	LDR	R6, [R1, R5]	;(R1=0x30043360 R5=0x00000028 )
(    libInnoSecure.so[0xCBBCB000])[66 51       ]0x00004078:	STR	R6, [R4, R5]	;(R6=0x38636237 R4=0x100FFD60 R5=0x00000028 )
(    libInnoSecure.so[0xCBBCB000])[04 35       ]0x0000407A:	ADDS	R5, #4	;(R5=0x00000028 )
(    libInnoSecure.so[0xCBBCB000])[40 2D       ]0x0000407C:	CMP	R5, #0X40	;(R5=0x0000002C )
(    libInnoSecure.so[0xCBBCB000])[FA D1       ]0x0000407E:	BNE	#0XCBBCF076
(    libInnoSecure.so[0xCBBCB000])[4E 59       ]0x00004076:	LDR	R6, [R1, R5]	;(R1=0x30043360 R5=0x0000002C )
(    libInnoSecure.so[0xCBBCB000])[66 51       ]0x00004078:	STR	R6, [R4, R5]	;(R6=0x33343531 R4=0x100FFD60 R5=0x0000002C )
(    libInnoSecure.so[0xCBBCB000])[04 35       ]0x0000407A:	ADDS	R5, #4	;(R5=0x0000002C )
(    libInnoSecure.so[0xCBBCB000])[40 2D       ]0x0000407C:	CMP	R5, #0X40	;(R5=0x00000030 )
(    libInnoSecure.so[0xCBBCB000])[FA D1       ]0x0000407E:	BNE	#0XCBBCF076
(    libInnoSecure.so[0xCBBCB000])[4E 59       ]0x00004076:	LDR	R6, [R1, R5]	;(R1=0x30043360 R5=0x00000030 )
(    libInnoSecure.so[0xCBBCB000])[66 51       ]0x00004078:	STR	R6, [R4, R5]	;(R6=0x36323033 R4=0x100FFD60 R5=0x00000030 )
(    libInnoSecure.so[0xCBBCB000])[04 35       ]0x0000407A:	ADDS	R5, #4	;(R5=0x00000030 )
(    libInnoSecure.so[0xCBBCB000])[40 2D       ]0x0000407C:	CMP	R5, #0X40	;(R5=0x00000034 )
(    libInnoSecure.so[0xCBBCB000])[FA D1       ]0x0000407E:	BNE	#0XCBBCF076
(    libInnoSecure.so[0xCBBCB000])[4E 59       ]0x00004076:	LDR	R6, [R1, R5]	;(R1=0x30043360 R5=0x00000034 )
(    libInnoSecure.so[0xCBBCB000])[66 51       ]0x00004078:	STR	R6, [R4, R5]	;(R6=0x66333936 R4=0x100FFD60 R5=0x00000034 )
(    libInnoSecure.so[0xCBBCB000])[04 35       ]0x0000407A:	ADDS	R5, #4	;(R5=0x00000034 )
(    libInnoSecure.so[0xCBBCB000])[40 2D       ]0x0000407C:	CMP	R5, #0X40	;(R5=0x00000038 )
(    libInnoSecure.so[0xCBBCB000])[FA D1       ]0x0000407E:	BNE	#0XCBBCF076
(    libInnoSecure.so[0xCBBCB000])[4E 59       ]0x00004076:	LDR	R6, [R1, R5]	;(R1=0x30043360 R5=0x00000038 )
(    libInnoSecure.so[0xCBBCB000])[66 51       ]0x00004078:	STR	R6, [R4, R5]	;(R6=0x66393565 R4=0x100FFD60 R5=0x00000038 )
(    libInnoSecure.so[0xCBBCB000])[04 35       ]0x0000407A:	ADDS	R5, #4	;(R5=0x00000038 )
(    libInnoSecure.so[0xCBBCB000])[40 2D       ]0x0000407C:	CMP	R5, #0X40	;(R5=0x0000003C )
(    libInnoSecure.so[0xCBBCB000])[FA D1       ]0x0000407E:	BNE	#0XCBBCF076
(    libInnoSecure.so[0xCBBCB000])[4E 59       ]0x00004076:	LDR	R6, [R1, R5]	;(R1=0x30043360 R5=0x0000003C )
(    libInnoSecure.so[0xCBBCB000])[66 51       ]0x00004078:	STR	R6, [R4, R5]	;(R6=0x37623464 R4=0x100FFD60 R5=0x0000003C )
(    libInnoSecure.so[0xCBBCB000])[04 35       ]0x0000407A:	ADDS	R5, #4	;(R5=0x0000003C )
(    libInnoSecure.so[0xCBBCB000])[40 2D       ]0x0000407C:	CMP	R5, #0X40	;(R5=0x00000040 )
(    libInnoSecure.so[0xCBBCB000])[FA D1       ]0x0000407E:	BNE	#0XCBBCF076
(    libInnoSecure.so[0xCBBCB000])[0E EA 02 01 ]0x00004080:	AND.W	R1, LR, R2	;(LR=0x98632BD1 R2=0xEACC5EE2 )
(    libInnoSecure.so[0xCBBCB000])[20 EA 02 06 ]0x00004084:	BIC.W	R6, R0, R2	;(R0=0xB7345AE9 R2=0xEACC5EE2 )
(    libInnoSecure.so[0xCBBCB000])[31 43       ]0x00004088:	ORRS	R1, R6	;(R1=0x88400AC0 R6=0x15300009 )
(    libInnoSecure.so[0xCBBCB000])[12 9D       ]0x0000408A:	LDR	R5, [SP, #0X48]	;(SP=0x100FFD18 )
(    libInnoSecure.so[0xCBBCB000])[61 44       ]0x0000408C:	ADD	R1, IP	;(R1=0x9D700AC9 IP=0x3261FD8D )
(    libInnoSecure.so[0xCBBCB000])[4A F2 78 46 ]0x0000408E:	MOVW	R6, #0XA478
(    libInnoSecure.so[0xCBBCB000])[29 44       ]0x00004092:	ADD	R1, R5	;(R1=0xCFD20856 R5=0x39636336 )
(    libInnoSecure.so[0xCBBCB000])[CD F2 6A 76 ]0x00004094:	MOVT	R6, #0XD76A	;(R6=0x0000A478 )
(    libInnoSecure.so[0xCBBCB000])[31 44       ]0x00004098:	ADD	R1, R6	;(R1=0x09356B8C R6=0xD76AA478 )
(    libInnoSecure.so[0xCBBCB000])[13 9B       ]0x0000409A:	LDR	R3, [SP, #0X4C]	;(SP=0x100FFD18 )
(    libInnoSecure.so[0xCBBCB000])[0E 95       ]0x0000409C:	STR	R5, [SP, #0X38]	;(R5=0x39636336 SP=0x100FFD18 )
(    libInnoSecure.so[0xCBBCB000])[02 EB 71 66 ]0x0000409E:	ADD.W	R6, R2, R1, ROR #25	;(R2=0xEACC5EE2 R1=0xE0A01004 )
(    libInnoSecure.so[0xCBBCB000])[18 44       ]0x000040A2:	ADD	R0, R3	;(R0=0xB7345AE9 R3=0x34376266 )
(    libInnoSecure.so[0xCBBCB000])[2E EA 06 01 ]0x000040A4:	BIC.W	R1, LR, R6	;(LR=0x98632BD1 R6=0x3AD46152 )
(    libInnoSecure.so[0xCBBCB000])[06 EA 02 05 ]0x000040A8:	AND.W	R5, R6, R2	;(R6=0x3AD46152 R2=0xEACC5EE2 )
(    libInnoSecure.so[0xCBBCB000])[29 43       ]0x000040AC:	ORRS	R1, R5	;(R1=0x80230A81 R5=0x2AC44042 )
(    libInnoSecure.so[0xCBBCB000])[14 9C       ]0x000040AE:	LDR	R4, [SP, #0X50]	;(SP=0x100FFD18 )
(    libInnoSecure.so[0xCBBCB000])[08 44       ]0x000040B0:	ADD	R0, R1	;(R0=0xEB6BBD4F R1=0xAAE74AC3 )
(    libInnoSecure.so[0xCBBCB000])[4B F2 56 71 ]0x000040B2:	MOVW	R1, #0XB756
(    libInnoSecure.so[0xCBBCB000])[CE F6 C7 01 ]0x000040B6:	MOVT	R1, #0XE8C7	;(R1=0x0000B756 )
(    libInnoSecure.so[0xCBBCB000])[08 44       ]0x000040BA:	ADD	R0, R1	;(R0=0x96530812 R1=0xE8C7B756 )
(    libInnoSecure.so[0xCBBCB000])[DD F8 54 C0 ]0x000040BC:	LDR.W	IP, [SP, #0X54]	;(SP=0x100FFD18 )
(    libInnoSecure.so[0xCBBCB000])[06 EB 30 55 ]0x000040C0:	ADD.W	R5, R6, R0, ROR #20	;(R6=0x3AD46152 R0=0x7F1ABF68 )
(    libInnoSecure.so[0xCBBCB000])[11 93       ]0x000040C4:	STR	R3, [SP, #0X44]	;(R3=0x34376266 SP=0x100FFD18 )
(    libInnoSecure.so[0xCBBCB000])[22 EA 05 00 ]0x000040C6:	BIC.W	R0, R2, R5	;(R2=0xEACC5EE2 R5=0xE6CAE943 )
(    libInnoSecure.so[0xCBBCB000])[05 EA 06 01 ]0x000040CA:	AND.W	R1, R5, R6	;(R5=0xE6CAE943 R6=0x3AD46152 )
(    libInnoSecure.so[0xCBBCB000])[08 43       ]0x000040CE:	ORRS	R0, R1	;(R0=0x080416A0 R1=0x22C06142 )
(    libInnoSecure.so[0xCBBCB000])[0E EB 04 01 ]0x000040D0:	ADD.W	R1, LR, R4	;(LR=0x98632BD1 R4=0x31666561 )
(    libInnoSecure.so[0xCBBCB000])[08 44       ]0x000040D4:	ADD	R0, R1	;(R0=0x2AC477E2 R1=0xC9C99132 )
(    libInnoSecure.so[0xCBBCB000])[47 F2 DB 01 ]0x000040D6:	MOVW	R1, #0X70DB
(    libInnoSecure.so[0xCBBCB000])[C2 F2 20 41 ]0x000040DA:	MOVT	R1, #0X2420	;(R1=0x000070DB )
(    libInnoSecure.so[0xCBBCB000])[08 44       ]0x000040DE:	ADD	R0, R1	;(R0=0xF48E0914 R1=0x242070DB )
(    libInnoSecure.so[0xCBBCB000])[62 44       ]0x000040E0:	ADD	R2, IP	;(R2=0xEACC5EE2 IP=0x33646431 )
(    libInnoSecure.so[0xCBBCB000])[CD F8 3C C0 ]0x000040E2:	STR.W	IP, [SP, #0X3C]	;(IP=0x33646431 SP=0x100FFD18 )
(    libInnoSecure.so[0xCBBCB000])[05 EB F0 30 ]0x000040E6:	ADD.W	R0, R5, R0, ROR #15	;(R5=0xE6CAE943 R0=0x18AE79EF )
(    libInnoSecure.so[0xCBBCB000])[DD F8 60 C0 ]0x000040EA:	LDR.W	IP, [SP, #0X60]	;(SP=0x100FFD18 )
(    libInnoSecure.so[0xCBBCB000])[26 EA 00 01 ]0x000040EE:	BIC.W	R1, R6, R0	;(R6=0x3AD46152 R0=0xDAA91A9F )
(    libInnoSecure.so[0xCBBCB000])[00 EA 05 03 ]0x000040F2:	AND.W	R3, R0, R5	;(R0=0xDAA91A9F R5=0xE6CAE943 )
(    libInnoSecure.so[0xCBBCB000])[19 43       ]0x000040F6:	ORRS	R1, R3	;(R1=0x20546140 R3=0xC2880803 )
(    libInnoSecure.so[0xCBBCB000])[0C 94       ]0x000040F8:	STR	R4, [SP, #0X30]	;(R4=0x31666561 SP=0x100FFD18 )
(    libInnoSecure.so[0xCBBCB000])[11 44       ]0x000040FA:	ADD	R1, R2	;(R1=0xE2DC6943 R2=0x1E30C313 )
(    libInnoSecure.so[0xCBBCB000])[4C F6 EE 62 ]0x000040FC:	MOVW	R2, #0XCEEE
(    libInnoSecure.so[0xCBBCB000])[CC F2 BD 12 ]0x00004100:	MOVT	R2, #0XC1BD	;(R2=0x0000CEEE )
(    libInnoSecure.so[0xCBBCB000])[11 44       ]0x00004104:	ADD	R1, R2	;(R1=0x010D2C56 R2=0xC1BDCEEE )
(    libInnoSecure.so[0xCBBCB000])[DD F8 74 90 ]0x00004106:	LDR.W	SB, [SP, #0X74]	;(SP=0x100FFD18 )
(    libInnoSecure.so[0xCBBCB000])[00 EB B1 21 ]0x0000410A:	ADD.W	R1, R0, R1, ROR #10	;(R0=0xDAA91A9F R1=0xC2CAFB44 )
(    libInnoSecure.so[0xCBBCB000])[CD F8 18 C0 ]0x0000410E:	STR.W	IP, [SP, #0X18]	;(IP=0x64396139 SP=0x100FFD18 )
(    libInnoSecure.so[0xCBBCB000])[25 EA 01 02 ]0x00004112:	BIC.W	R2, R5, R1	;(R5=0xE6CAE943 R1=0xABD9CD5D )
(    libInnoSecure.so[0xCBBCB000])[01 EA 00 03 ]0x00004116:	AND.W	R3, R1, R0	;(R1=0xABD9CD5D R0=0xDAA91A9F )
(    libInnoSecure.so[0xCBBCB000])[1A 43       ]0x0000411A:	ORRS	R2, R3	;(R2=0x44022002 R3=0x8A89081D )
(    libInnoSecure.so[0xCBBCB000])[16 9B       ]0x0000411C:	LDR	R3, [SP, #0X58]	;(SP=0x100FFD18 )
(    libInnoSecure.so[0xCBBCB000])[0B 93       ]0x0000411E:	STR	R3, [SP, #0X2C]	;(R3=0x36366433 SP=0x100FFD18 )
(    libInnoSecure.so[0xCBBCB000])[33 44       ]0x00004120:	ADD	R3, R6	;(R3=0x36366433 R6=0x3AD46152 )
(    libInnoSecure.so[0xCBBCB000])[1A 44       ]0x00004122:	ADD	R2, R3	;(R2=0xCE8B281F R3=0x710AC585 )
(    libInnoSecure.so[0xCBBCB000])[40 F6 AF 73 ]0x00004124:	MOVW	R3, #0XFAF
(    libInnoSecure.so[0xCBBCB000])[CF F2 7C 53 ]0x00004128:	MOVT	R3, #0XF57C	;(R3=0x00000FAF )
(    libInnoSecure.so[0xCBBCB000])[1A 44       ]0x0000412C:	ADD	R2, R3	;(R2=0x3F95EDA4 R3=0xF57C0FAF )
(    libInnoSecure.so[0xCBBCB000])[01 EB 72 62 ]0x0000412E:	ADD.W	R2, R1, R2, ROR #25	;(R1=0xABD9CD5D R2=0x3511FD53 )
(    libInnoSecure.so[0xCBBCB000])[20 EA 02 03 ]0x00004132:	BIC.W	R3, R0, R2	;(R0=0xDAA91A9F R2=0x34D876F7 )
(    libInnoSecure.so[0xCBBCB000])[02 EA 01 06 ]0x00004136:	AND.W	R6, R2, R1	;(R2=0x34D876F7 R1=0xABD9CD5D )
(    libInnoSecure.so[0xCBBCB000])[33 43       ]0x0000413A:	ORRS	R3, R6	;(R3=0xCA210808 R6=0x20D84455 )
(    libInnoSecure.so[0xCBBCB000])[17 9E       ]0x0000413C:	LDR	R6, [SP, #0X5C]	;(SP=0x100FFD18 )
(    libInnoSecure.so[0xCBBCB000])[60 44       ]0x0000413E:	ADD	R0, IP	;(R0=0xDAA91A9F IP=0x64396139 )
(    libInnoSecure.so[0xCBBCB000])[09 96       ]0x00004140:	STR	R6, [SP, #0X24]	;(R6=0x36383330 SP=0x100FFD18 )
(    libInnoSecure.so[0xCBBCB000])[35 44       ]0x00004142:	ADD	R5, R6	;(R5=0xE6CAE943 R6=0x36383330 )
(    libInnoSecure.so[0xCBBCB000])[1C 9E       ]0x00004144:	LDR	R6, [SP, #0X70]	;(SP=0x100FFD18 )
(    libInnoSecure.so[0xCBBCB000])[2B 44       ]0x00004146:	ADD	R3, R5	;(R3=0xEAF94C5D R5=0x1D031C73 )
(    libInnoSecure.so[0xCBBCB000])[4C F2 2A 65 ]0x00004148:	MOVW	R5, #0XC62A
(    libInnoSecure.so[0xCBBCB000])[C4 F2 87 75 ]0x0000414C:	MOVT	R5, #0X4787	;(R5=0x0000C62A )
(    libInnoSecure.so[0xCBBCB000])[2B 44       ]0x00004150:	ADD	R3, R5	;(R3=0x07FC68D0 R5=0x4787C62A )
(    libInnoSecure.so[0xCBBCB000])[B0 46       ]0x00004152:	MOV	R8, R6	;(R6=0x38636237 )
(    libInnoSecure.so[0xCBBCB000])[02 EB 33 53 ]0x00004154:	ADD.W	R3, R2, R3, ROR #20	;(R2=0x34D876F7 R3=0x4F842EFA )
(    libInnoSecure.so[0xCBBCB000])[CD F8 08 80 ]0x00004158:	STR.W	R8, [SP, #8]	;(R8=0x38636237 SP=0x100FFD18 )
(    libInnoSecure.so[0xCBBCB000])[21 EA 03 05 ]0x0000415C:	BIC.W	R5, R1, R3	;(R1=0xABD9CD5D R3=0x77C81BEF )
(    libInnoSecure.so[0xCBBCB000])[03 EA 02 04 ]0x00004160:	AND.W	R4, R3, R2	;(R3=0x77C81BEF R2=0x34D876F7 )
(    libInnoSecure.so[0xCBBCB000])[25 43       ]0x00004164:	ORRS	R5, R4	;(R5=0x8811C410 R4=0x34C812E7 )
(    libInnoSecure.so[0xCBBCB000])[19 9C       ]0x00004166:	LDR	R4, [SP, #0X64]	;(SP=0x100FFD18 )
(    libInnoSecure.so[0xCBBCB000])[28 44       ]0x00004168:	ADD	R0, R5	;(R0=0x3EE27BD8 R5=0xBCD9D6F7 )
(    libInnoSecure.so[0xCBBCB000])[44 F2 13 65 ]0x0000416A:	MOVW	R5, #0X4613
(    libInnoSecure.so[0xCBBCB000])[CA F6 30 05 ]0x0000416E:	MOVT	R5, #0XA830	;(R5=0x00004613 )
(    libInnoSecure.so[0xCBBCB000])[28 44       ]0x00004172:	ADD	R0, R5	;(R0=0xFBBC52CF R5=0xA8304613 )
(    libInnoSecure.so[0xCBBCB000])[21 44       ]0x00004174:	ADD	R1, R4	;(R1=0xABD9CD5D R4=0x62313662 )
(    libInnoSecure.so[0xCBBCB000])[04 94       ]0x00004176:	STR	R4, [SP, #0X10]	;(R4=0x62313662 SP=0x100FFD18 )
(    libInnoSecure.so[0xCBBCB000])[03 EB F0 3E ]0x00004178:	ADD.W	LR, R3, R0, ROR #15	;(R3=0x77C81BEF R0=0xA3EC98E2 )
(    libInnoSecure.so[0xCBBCB000])[22 EA 0E 00 ]0x0000417C:	BIC.W	R0, R2, LR	;(R2=0x34D876F7 LR=0xA98D63C8 )
(    libInnoSecure.so[0xCBBCB000])[0E EA 03 05 ]0x00004180:	AND.W	R5, LR, R3	;(LR=0xA98D63C8 R3=0x77C81BEF )
(    libInnoSecure.so[0xCBBCB000])[28 43       ]0x00004184:	ORRS	R0, R5	;(R0=0x14501437 R5=0x218803C8 )
(    libInnoSecure.so[0xCBBCB000])[06 EB 0E 05 ]0x00004186:	ADD.W	R5, R6, LR	;(R6=0x38636237 LR=0xA98D63C8 )
(    libInnoSecure.so[0xCBBCB000])[08 44       ]0x0000418A:	ADD	R0, R1	;(R0=0x35D817FF R1=0x0E0B03BF )
(    libInnoSecure.so[0xCBBCB000])[49 F2 01 51 ]0x0000418C:	MOVW	R1, #0X9501
(    libInnoSecure.so[0xCBBCB000])[CF F6 46 51 ]0x00004190:	MOVT	R1, #0XFD46	;(R1=0x00009501 )
(    libInnoSecure.so[0xCBBCB000])[08 44       ]0x00004194:	ADD	R0, R1	;(R0=0x43E31BBE R1=0xFD469501 )
(    libInnoSecure.so[0xCBBCB000])[0E EB B0 21 ]0x00004196:	ADD.W	R1, LR, R0, ROR #10	;(LR=0xA98D63C8 R0=0x4129B0BF )
(    libInnoSecure.so[0xCBBCB000])[23 EA 01 00 ]0x0000419A:	BIC.W	R0, R3, R1	;(R3=0x77C81BEF R1=0xD95DAE34 )
(    libInnoSecure.so[0xCBBCB000])[01 EA 0E 04 ]0x0000419E:	AND.W	R4, R1, LR	;(R1=0xD95DAE34 LR=0xA98D63C8 )
(    libInnoSecure.so[0xCBBCB000])[20 43       ]0x000041A2:	ORRS	R0, R4	;(R0=0x268011CB R4=0x890D2200 )
(    libInnoSecure.so[0xCBBCB000])[1A 9C       ]0x000041A4:	LDR	R4, [SP, #0X68]	;(SP=0x100FFD18 )
(    libInnoSecure.so[0xCBBCB000])[0A 94       ]0x000041A6:	STR	R4, [SP, #0X28]	;(R4=0x65636438 SP=0x100FFD18 )
(    libInnoSecure.so[0xCBBCB000])[22 44       ]0x000041A8:	ADD	R2, R4	;(R2=0x34D876F7 R4=0x65636438 )
(    libInnoSecure.so[0xCBBCB000])[10 44       ]0x000041AA:	ADD	R0, R2	;(R0=0xAF8D33CB R2=0x9A3BDB2F )
(    libInnoSecure.so[0xCBBCB000])[49 F6 D8 02 ]0x000041AC:	MOVW	R2, #0X98D8
(    libInnoSecure.so[0xCBBCB000])[C6 F6 80 12 ]0x000041B0:	MOVT	R2, #0X6980	;(R2=0x000098D8 )
(    libInnoSecure.so[0xCBBCB000])[10 44       ]0x000041B4:	ADD	R0, R2	;(R0=0x49C90EFA R2=0x698098D8 )
(    libInnoSecure.so[0xCBBCB000])[01 EB 70 60 ]0x000041B6:	ADD.W	R0, R1, R0, ROR #25	;(R1=0xD95DAE34 R0=0xB349A7D2 )
(    libInnoSecure.so[0xCBBCB000])[2E EA 00 02 ]0x000041BA:	BIC.W	R2, LR, R0	;(LR=0xA98D63C8 R0=0x7E31978D )
(    libInnoSecure.so[0xCBBCB000])[00 EA 01 04 ]0x000041BE:	AND.W	R4, R0, R1	;(R0=0x7E31978D R1=0xD95DAE34 )
(    libInnoSecure.so[0xCBBCB000])[22 43       ]0x000041C2:	ORRS	R2, R4	;(R2=0x818C6040 R4=0x58118604 )
(    libInnoSecure.so[0xCBBCB000])[1B 9C       ]0x000041C4:	LDR	R4, [SP, #0X6C]	;(SP=0x100FFD18 )
(    libInnoSecure.so[0xCBBCB000])[10 94       ]0x000041C6:	STR	R4, [SP, #0X40]	;(R4=0x37656164 SP=0x100FFD18 )
(    libInnoSecure.so[0xCBBCB000])[23 44       ]0x000041C8:	ADD	R3, R4	;(R3=0x77C81BEF R4=0x37656164 )
(    libInnoSecure.so[0xCBBCB000])[1A 44       ]0x000041CA:	ADD	R2, R3	;(R2=0xD99DE644 R3=0xAF2D7D53 )
(    libInnoSecure.so[0xCBBCB000])[4F F2 AF 73 ]0x000041CC:	MOVW	R3, #0XF7AF
(    libInnoSecure.so[0xCBBCB000])[C8 F6 44 33 ]0x000041D0:	MOVT	R3, #0X8B44	;(R3=0x0000F7AF )
(    libInnoSecure.so[0xCBBCB000])[1A 44       ]0x000041D4:	ADD	R2, R3	;(R2=0x88CB6397 R3=0x8B44F7AF )
(    libInnoSecure.so[0xCBBCB000])[00 EB 32 53 ]0x000041D6:	ADD.W	R3, R0, R2, ROR #20	;(R0=0x7E31978D R2=0x14105B46 )
(    libInnoSecure.so[0xCBBCB000])[21 EA 03 02 ]0x000041DA:	BIC.W	R2, R1, R3	;(R1=0xD95DAE34 R3=0x83E5F8CE )
(    libInnoSecure.so[0xCBBCB000])[03 EA 00 04 ]0x000041DE:	AND.W	R4, R3, R0	;(R3=0x83E5F8CE R0=0x7E31978D )
(    libInnoSecure.so[0xCBBCB000])[22 43       ]0x000041E2:	ORRS	R2, R4	;(R2=0x58180630 R4=0x0221908C )
(    libInnoSecure.so[0xCBBCB000])[49 44       ]0x000041E4:	ADD	R1, SB	;(R1=0xD95DAE34 SB=0x33343531 )
(    libInnoSecure.so[0xCBBCB000])[2A 44       ]0x000041E6:	ADD	R2, R5	;(R2=0x5A3996BC R5=0xE1F0C5FF )
(    libInnoSecure.so[0xCBBCB000])[4A F2 4F 45 ]0x000041E8:	MOVW	R5, #0XA44F
(    libInnoSecure.so[0xCBBCB000])[52 1B       ]0x000041EC:	SUBS	R2, R2, R5	;(R2=0x3C2A5CBB R5=0x0000A44F )
(    libInnoSecure.so[0xCBBCB000])[03 EB F2 3E ]0x000041EE:	ADD.W	LR, R3, R2, ROR #15	;(R3=0x83E5F8CE R2=0x3C29B86C )
(    libInnoSecure.so[0xCBBCB000])[20 EA 0E 02 ]0x000041F2:	BIC.W	R2, R0, LR	;(R0=0x7E31978D LR=0xF4BE7121 )
(    libInnoSecure.so[0xCBBCB000])[0E EA 03 05 ]0x000041F6:	AND.W	R5, LR, R3	;(LR=0xF4BE7121 R3=0x83E5F8CE )
(    libInnoSecure.so[0xCBBCB000])[2A 43       ]0x000041FA:	ORRS	R2, R5	;(R2=0x0A01868C R5=0x80A47000 )
(    libInnoSecure.so[0xCBBCB000])[11 44       ]0x000041FC:	ADD	R1, R2	;(R1=0x0C91E365 R2=0x8AA5F68C )
(    libInnoSecure.so[0xCBBCB000])[4D F2 BE 72 ]0x000041FE:	MOVW	R2, #0XD7BE
(    libInnoSecure.so[0xCBBCB000])[C8 F6 5C 12 ]0x00004202:	MOVT	R2, #0X895C	;(R2=0x0000D7BE )
(    libInnoSecure.so[0xCBBCB000])[11 44       ]0x00004206:	ADD	R1, R2	;(R1=0x9737D9F1 R2=0x895CD7BE )
(    libInnoSecure.so[0xCBBCB000])[0E EB B1 21 ]0x00004208:	ADD.W	R1, LR, R1, ROR #10	;(LR=0xF4BE7121 R1=0x2094B1AF )
(    libInnoSecure.so[0xCBBCB000])[23 EA 01 02 ]0x0000420C:	BIC.W	R2, R3, R1	;(R3=0x83E5F8CE R1=0x6086964D )
(    libInnoSecure.so[0xCBBCB000])[01 EA 0E 05 ]0x00004210:	AND.W	R5, R1, LR	;(R1=0x6086964D LR=0xF4BE7121 )
(    libInnoSecure.so[0xCBBCB000])[15 43       ]0x00004214:	ORRS	R5, R2	;(R5=0x60861001 R2=0x83616882 )
(    libInnoSecure.so[0xCBBCB000])[1E 9A       ]0x00004216:	LDR	R2, [SP, #0X78]	;(SP=0x100FFD18 )
(    libInnoSecure.so[0xCBBCB000])[0D 92       ]0x00004218:	STR	R2, [SP, #0X34]	;(R2=0x36323033 SP=0x100FFD18 )
(    libInnoSecure.so[0xCBBCB000])[10 44       ]0x0000421A:	ADD	R0, R2	;(R0=0x7E31978D R2=0x36323033 )
(    libInnoSecure.so[0xCBBCB000])[1F 9A       ]0x0000421C:	LDR	R2, [SP, #0X7C]	;(SP=0x100FFD18 )
(    libInnoSecure.so[0xCBBCB000])[28 44       ]0x0000421E:	ADD	R0, R5	;(R0=0xB463C7C0 R5=0xE3E77883 )
(    libInnoSecure.so[0xCBBCB000])[41 F2 22 15 ]0x00004220:	MOVW	R5, #0X1122
(    libInnoSecure.so[0xCBBCB000])[C6 F6 90 35 ]0x00004224:	MOVT	R5, #0X6B90	;(R5=0x00001122 )
(    libInnoSecure.so[0xCBBCB000])[28 44       ]0x00004228:	ADD	R0, R5	;(R0=0x984B4043 R5=0x6B901122 )
(    libInnoSecure.so[0xCBBCB000])[13 44       ]0x0000422A:	ADD	R3, R2	;(R3=0x83E5F8CE R2=0x66333936 )
(    libInnoSecure.so[0xCBBCB000])[08 92       ]0x0000422C:	STR	R2, [SP, #0X20]	;(R2=0x66333936 SP=0x100FFD18 )
(    libInnoSecure.so[0xCBBCB000])[01 EB 70 60 ]0x0000422E:	ADD.W	R0, R1, R0, ROR #25	;(R1=0x6086964D R0=0x03DB5165 )
(    libInnoSecure.so[0xCBBCB000])[20 9A       ]0x00004232:	LDR	R2, [SP, #0X80]	;(SP=0x100FFD18 )
(    libInnoSecure.so[0xCBBCB000])[2E EA 00 05 ]0x00004234:	BIC.W	R5, LR, R0	;(LR=0xF4BE7121 R0=0x4E2F48CE )
(    libInnoSecure.so[0xCBBCB000])[00 EA 01 06 ]0x00004238:	AND.W	R6, R0, R1	;(R0=0x4E2F48CE R1=0x6086964D )
(    libInnoSecure.so[0xCBBCB000])[2E 43       ]0x0000423C:	ORRS	R6, R5	;(R6=0x4006004C R5=0xB0903121 )
(    libInnoSecure.so[0xCBBCB000])[02 EB 0E 05 ]0x0000423E:	ADD.W	R5, R2, LR	;(R2=0x66393565 LR=0xF4BE7121 )
(    libInnoSecure.so[0xCBBCB000])[33 44       ]0x00004242:	ADD	R3, R6	;(R3=0xEA193204 R6=0xF096316D )
(    libInnoSecure.so[0xCBBCB000])[47 F2 93 16 ]0x00004244:	MOVW	R6, #0X7193
(    libInnoSecure.so[0xCBBCB000])[CF F6 98 56 ]0x00004248:	MOVT	R6, #0XFD98	;(R6=0x00007193 )
(    libInnoSecure.so[0xCBBCB000])[33 44       ]0x0000424C:	ADD	R3, R6	;(R3=0xDAAF6371 R6=0xFD987193 )
(    libInnoSecure.so[0xCBBCB000])[96 46       ]0x0000424E:	MOV	LR, R2	;(R2=0x66393565 )
(    libInnoSecure.so[0xCBBCB000])[21 9A       ]0x00004250:	LDR	R2, [SP, #0X84]	;(SP=0x100FFD18 )
(    libInnoSecure.so[0xCBBCB000])[00 EB 33 5A ]0x00004252:	ADD.W	SL, R0, R3, ROR #20	;(R0=0x4E2F48CE R3=0xD847D504 )
(    libInnoSecure.so[0xCBBCB000])[21 EA 0A 03 ]0x00004256:	BIC.W	R3, R1, SL	;(R1=0x6086964D SL=0xCB7F9652 )
(    libInnoSecure.so[0xCBBCB000])[0A EA 00 06 ]0x0000425A:	AND.W	R6, SL, R0	;(SL=0xCB7F9652 R0=0x4E2F48CE )
(    libInnoSecure.so[0xCBBCB000])[1E 43       ]0x0000425E:	ORRS	R6, R3	;(R6=0x4A2F0042 R3=0x2080000D )
(    libInnoSecure.so[0xCBBCB000])[11 44       ]0x00004260:	ADD	R1, R2	;(R1=0x6086964D R2=0x37623464 )
(    libInnoSecure.so[0xCBBCB000])[2E 44       ]0x00004262:	ADD	R6, R5	;(R6=0x6AAF004F R5=0x5AF7A686 )
(    libInnoSecure.so[0xCBBCB000])[44 F2 8E 35 ]0x00004264:	MOVW	R5, #0X438E
(    libInnoSecure.so[0xCBBCB000])[CA F2 79 65 ]0x00004268:	MOVT	R5, #0XA679	;(R5=0x0000438E )
(    libInnoSecure.so[0xCBBCB000])[2E 44       ]0x0000426C:	ADD	R6, R5	;(R6=0xC5A6A6D5 R5=0xA679438E )
(    libInnoSecure.so[0xCBBCB000])[13 46       ]0x0000426E:	MOV	R3, R2	;(R2=0x37623464 )
(    libInnoSecure.so[0xCBBCB000])[11 9A       ]0x00004270:	LDR	R2, [SP, #0X44]	;(SP=0x100FFD18 )
(    libInnoSecure.so[0xCBBCB000])[0A EB F6 3B ]0x00004272:	ADD.W	FP, SL, R6, ROR #15	;(SL=0xCB7F9652 R6=0x6C1FEA63 )
(    libInnoSecure.so[0xCBBCB000])[03 93       ]0x00004276:	STR	R3, [SP, #0XC]	;(R3=0x37623464 SP=0x100FFD18 )
(    libInnoSecure.so[0xCBBCB000])[20 EA 0B 06 ]0x00004278:	BIC.W	R6, R0, FP	;(R0=0x4E2F48CE FP=0xA0466E91 )
(    libInnoSecure.so[0xCBBCB000])[0B EA 0A 05 ]0x0000427C:	AND.W	R5, FP, SL	;(FP=0xA0466E91 SL=0xCB7F9652 )
(    libInnoSecure.so[0xCBBCB000])[35 43       ]0x00004280:	ORRS	R5, R6	;(R5=0x80460610 R6=0x4E29004E )
(    libInnoSecure.so[0xCBBCB000])[2B EA 0A 06 ]0x00004282:	BIC.W	R6, FP, SL	;(FP=0xA0466E91 SL=0xCB7F9652 )
(    libInnoSecure.so[0xCBBCB000])[29 44       ]0x00004286:	ADD	R1, R5	;(R1=0x97E8CAB1 R5=0xCE6F065E )
(    libInnoSecure.so[0xCBBCB000])[40 F6 21 05 ]0x00004288:	MOVW	R5, #0X821
(    libInnoSecure.so[0xCBBCB000])[C4 F6 B4 15 ]0x0000428C:	MOVT	R5, #0X49B4	;(R5=0x00000821 )
(    libInnoSecure.so[0xCBBCB000])[29 44       ]0x00004290:	ADD	R1, R5	;(R1=0x6657D10F R5=0x49B40821 )
(    libInnoSecure.so[0xCBBCB000])[10 44       ]0x00004292:	ADD	R0, R2	;(R0=0x4E2F48CE R2=0x34376266 )
(    libInnoSecure.so[0xCBBCB000])[0B EB B1 21 ]0x00004294:	ADD.W	R1, FP, R1, ROR #10	;(FP=0xA0466E91 R1=0xB00BD930 )
(    libInnoSecure.so[0xCBBCB000])[01 EA 0A 05 ]0x00004298:	AND.W	R5, R1, SL	;(R1=0xEC727187 SL=0xCB7F9652 )
(    libInnoSecure.so[0xCBBCB000])[35 43       ]0x0000429C:	ORRS	R5, R6	;(R5=0xC8721002 R6=0x20006881 )
(    libInnoSecure.so[0xCBBCB000])[21 EA 0B 06 ]0x0000429E:	BIC.W	R6, R1, FP	;(R1=0xEC727187 FP=0xA0466E91 )
(    libInnoSecure.so[0xCBBCB000])[28 44       ]0x000042A2:	ADD	R0, R5	;(R0=0x8266AB34 R5=0xE8727883 )
(    libInnoSecure.so[0xCBBCB000])[42 F2 62 55 ]0x000042A4:	MOVW	R5, #0X2562
(    libInnoSecure.so[0xCBBCB000])[CF F2 1E 65 ]0x000042A8:	MOVT	R5, #0XF61E	;(R5=0x00002562 )
(    libInnoSecure.so[0xCBBCB000])[28 44       ]0x000042AC:	ADD	R0, R5	;(R0=0x6AD923B7 R5=0xF61E2562 )
(    libInnoSecure.so[0xCBBCB000])[01 EB F0 60 ]0x000042AE:	ADD.W	R0, R1, R0, ROR #27	;(R1=0xEC727187 R0=0x60F74919 )
(    libInnoSecure.so[0xCBBCB000])[00 EA 0B 05 ]0x000042B2:	AND.W	R5, R0, FP	;(R0=0x0B5B94B3 FP=0xA0466E91 )
(    libInnoSecure.so[0xCBBCB000])[20 EA 01 04 ]0x000042B6:	BIC.W	R4, R0, R1	;(R0=0x0B5B94B3 R1=0xEC727187 )
(    libInnoSecure.so[0xCBBCB000])[35 43       ]0x000042BA:	ORRS	R5, R6	;(R5=0x00420491 R6=0x4C301106 )
(    libInnoSecure.so[0xCBBCB000])[0C EB 0A 06 ]0x000042BC:	ADD.W	R6, IP, SL	;(IP=0x64396139 SL=0xCB7F9652 )
(    libInnoSecure.so[0xCBBCB000])[35 44       ]0x000042C0:	ADD	R5, R6	;(R5=0x4C721597 R6=0x2FB8F78B )
(    libInnoSecure.so[0xCBBCB000])[4B F2 40 36 ]0x000042C2:	MOVW	R6, #0XB340
(    libInnoSecure.so[0xCBBCB000])[CC F2 40 06 ]0x000042C6:	MOVT	R6, #0XC040	;(R6=0x0000B340 )
(    libInnoSecure.so[0xCBBCB000])[35 44       ]0x000042CA:	ADD	R5, R6	;(R5=0x7C2B0D22 R6=0xC040B340 )
(    libInnoSecure.so[0xCBBCB000])[CA 46       ]0x000042CC:	MOV	SL, SB	;(SB=0x33343531 )
(    libInnoSecure.so[0xCBBCB000])[DD F8 24 90 ]0x000042CE:	LDR.W	SB, [SP, #0X24]	;(SP=0x100FFD18 )
(    libInnoSecure.so[0xCBBCB000])[00 EB F5 55 ]0x000042D2:	ADD.W	R5, R0, R5, ROR #23	;(R0=0x0B5B94B3 R5=0x3C6BC062 )
(    libInnoSecure.so[0xCBBCB000])[F4 46       ]0x000042D6:	MOV	IP, LR	;(LR=0x66393565 )
(    libInnoSecure.so[0xCBBCB000])[05 EA 01 06 ]0x000042D8:	AND.W	R6, R5, R1	;(R5=0xE2DC592B R1=0xEC727187 )
(    libInnoSecure.so[0xCBBCB000])[25 EA 00 02 ]0x000042DC:	BIC.W	R2, R5, R0	;(R5=0xE2DC592B R0=0x0B5B94B3 )
(    libInnoSecure.so[0xCBBCB000])[34 43       ]0x000042E0:	ORRS	R4, R6	;(R4=0x03098430 R6=0xE0505103 )
(    libInnoSecure.so[0xCBBCB000])[0A EB 0B 06 ]0x000042E2:	ADD.W	R6, SL, FP	;(SL=0x33343531 FP=0xA0466E91 )
(    libInnoSecure.so[0xCBBCB000])[34 44       ]0x000042E6:	ADD	R4, R6	;(R4=0xE359D533 R6=0xD37AA3C2 )
(    libInnoSecure.so[0xCBBCB000])[45 F6 51 26 ]0x000042E8:	MOVW	R6, #0X5A51
(    libInnoSecure.so[0xCBBCB000])[C2 F2 5E 66 ]0x000042EC:	MOVT	R6, #0X265E	;(R6=0x00005A51 )
(    libInnoSecure.so[0xCBBCB000])[34 44       ]0x000042F0:	ADD	R4, R6	;(R4=0xB6D478F5 R6=0x265E5A51 )
(    libInnoSecure.so[0xCBBCB000])[DD F8 2C B0 ]0x000042F2:	LDR.W	FP, [SP, #0X2C]	;(SP=0x100FFD18 )
(    libInnoSecure.so[0xCBBCB000])[05 EB B4 44 ]0x000042F6:	ADD.W	R4, R5, R4, ROR #18	;(R5=0xE2DC592B R4=0xDD32D346 )
(    libInnoSecure.so[0xCBBCB000])[DD F8 10 E0 ]0x000042FA:	LDR.W	LR, [SP, #0X10]	;(SP=0x100FFD18 )
(    libInnoSecure.so[0xCBBCB000])[04 EA 00 06 ]0x000042FE:	AND.W	R6, R4, R0	;(R4=0x97AE1077 R0=0x0B5B94B3 )
(    libInnoSecure.so[0xCBBCB000])[48 44       ]0x00004302:	ADD	R0, SB	;(R0=0x0B5B94B3 SB=0x36383330 )
(    libInnoSecure.so[0xCBBCB000])[32 43       ]0x00004304:	ORRS	R2, R6	;(R2=0xE0844908 R6=0x030A1033 )
(    libInnoSecure.so[0xCBBCB000])[0E 9E       ]0x00004306:	LDR	R6, [SP, #0X38]	;(SP=0x100FFD18 )
(    libInnoSecure.so[0xCBBCB000])[CD F8 04 C0 ]0x00004308:	STR.W	IP, [SP, #4]	;(IP=0x66393565 SP=0x100FFD18 )
(    libInnoSecure.so[0xCBBCB000])[31 44       ]0x0000430C:	ADD	R1, R6	;(R1=0xEC727187 R6=0x39636336 )
(    libInnoSecure.so[0xCBBCB000])[24 EA 05 06 ]0x0000430E:	BIC.W	R6, R4, R5	;(R4=0x97AE1077 R5=0xE2DC592B )
(    libInnoSecure.so[0xCBBCB000])[11 44       ]0x00004312:	ADD	R1, R2	;(R1=0x25D5D4BD R2=0xE38E593B )
(    libInnoSecure.so[0xCBBCB000])[4C F2 AA 72 ]0x00004314:	MOVW	R2, #0XC7AA
(    libInnoSecure.so[0xCBBCB000])[CE F6 B6 12 ]0x00004318:	MOVT	R2, #0XE9B6	;(R2=0x0000C7AA )
(    libInnoSecure.so[0xCBBCB000])[11 44       ]0x0000431C:	ADD	R1, R2	;(R1=0x09642DF8 R2=0xE9B6C7AA )
(    libInnoSecure.so[0xCBBCB000])[CD F8 14 A0 ]0x0000431E:	STR.W	SL, [SP, #0X14]	;(SL=0x33343531 SP=0x100FFD18 )
(    libInnoSecure.so[0xCBBCB000])[04 EB 31 31 ]0x00004322:	ADD.W	R1, R4, R1, ROR #12	;(R4=0x97AE1077 R1=0xF31AF5A2 )
(    libInnoSecure.so[0xCBBCB000])[01 EA 05 02 ]0x00004326:	AND.W	R2, R1, R5	;(R1=0xF1DD4226 R5=0xE2DC592B )
(    libInnoSecure.so[0xCBBCB000])[45 44       ]0x0000432A:	ADD	R5, R8	;(R5=0xE2DC592B R8=0x38636237 )
(    libInnoSecure.so[0xCBBCB000])[32 43       ]0x0000432C:	ORRS	R2, R6	;(R2=0xE0DC4022 R6=0x15220054 )
(    libInnoSecure.so[0xCBBCB000])[21 EA 04 06 ]0x0000432E:	BIC.W	R6, R1, R4	;(R1=0xF1DD4226 R4=0x97AE1077 )
(    libInnoSecure.so[0xCBBCB000])[10 44       ]0x00004332:	ADD	R0, R2	;(R0=0x4193C7E3 R2=0xF5FE4076 )
(    libInnoSecure.so[0xCBBCB000])[41 F2 5D 02 ]0x00004334:	MOVW	R2, #0X105D
(    libInnoSecure.so[0xCBBCB000])[CD F2 2F 62 ]0x00004338:	MOVT	R2, #0XD62F	;(R2=0x0000105D )
(    libInnoSecure.so[0xCBBCB000])[10 44       ]0x0000433C:	ADD	R0, R2	;(R0=0x37920859 R2=0xD62F105D )
(    libInnoSecure.so[0xCBBCB000])[DD F8 20 80 ]0x0000433E:	LDR.W	R8, [SP, #0X20]	;(SP=0x100FFD18 )
(    libInnoSecure.so[0xCBBCB000])[01 EB F0 60 ]0x00004342:	ADD.W	R0, R1, R0, ROR #27	;(R1=0xF1DD4226 R0=0x0DC118B6 )
(    libInnoSecure.so[0xCBBCB000])[00 EA 04 02 ]0x00004346:	AND.W	R2, R0, R4	;(R0=0xAA0058E7 R4=0x97AE1077 )
(    libInnoSecure.so[0xCBBCB000])[1C 44       ]0x0000434A:	ADD	R4, R3	;(R4=0x97AE1077 R3=0x37623464 )
(    libInnoSecure.so[0xCBBCB000])[32 43       ]0x0000434C:	ORRS	R2, R6	;(R2=0x82001067 R6=0x60514200 )
(    libInnoSecure.so[0xCBBCB000])[20 EA 01 06 ]0x0000434E:	BIC.W	R6, R0, R1	;(R0=0xAA0058E7 R1=0xF1DD4226 )
(    libInnoSecure.so[0xCBBCB000])[2A 44       ]0x00004352:	ADD	R2, R5	;(R2=0xE2515267 R5=0x1B3FBB62 )
(    libInnoSecure.so[0xCBBCB000])[41 F2 53 45 ]0x00004354:	MOVW	R5, #0X1453
(    libInnoSecure.so[0xCBBCB000])[C0 F2 44 25 ]0x00004358:	MOVT	R5, #0X244	;(R5=0x00001453 )
(    libInnoSecure.so[0xCBBCB000])[2A 44       ]0x0000435C:	ADD	R2, R5	;(R2=0xFD910DC9 R5=0x02441453 )
(    libInnoSecure.so[0xCBBCB000])[10 9B       ]0x0000435E:	LDR	R3, [SP, #0X40]	;(SP=0x100FFD18 )
(    libInnoSecure.so[0xCBBCB000])[00 EB F2 52 ]0x00004360:	ADD.W	R2, R0, R2, ROR #23	;(R0=0xAA0058E7 R2=0xFFD5221C )
(    libInnoSecure.so[0xCBBCB000])[02 EA 01 05 ]0x00004364:	AND.W	R5, R2, R1	;(R2=0x544492E6 R1=0xF1DD4226 )
(    libInnoSecure.so[0xCBBCB000])[59 44       ]0x00004368:	ADD	R1, FP	;(R1=0xF1DD4226 FP=0x36366433 )
(    libInnoSecure.so[0xCBBCB000])[35 43       ]0x0000436A:	ORRS	R5, R6	;(R5=0x50440226 R6=0x0A0018C1 )
(    libInnoSecure.so[0xCBBCB000])[22 EA 00 06 ]0x0000436C:	BIC.W	R6, R2, R0	;(R2=0x544492E6 R0=0xAA0058E7 )
(    libInnoSecure.so[0xCBBCB000])[2C 44       ]0x00004370:	ADD	R4, R5	;(R4=0xCF1044DB R5=0x5A441AE7 )
(    libInnoSecure.so[0xCBBCB000])[4E F2 81 65 ]0x00004372:	MOVW	R5, #0XE681
(    libInnoSecure.so[0xCBBCB000])[CD F6 A1 05 ]0x00004376:	MOVT	R5, #0XD8A1	;(R5=0x0000E681 )
(    libInnoSecure.so[0xCBBCB000])[2C 44       ]0x0000437A:	ADD	R4, R5	;(R4=0x29545FC2 R5=0xD8A1E681 )
(    libInnoSecure.so[0xCBBCB000])[02 EB B4 44 ]0x0000437C:	ADD.W	R4, R2, R4, ROR #18	;(R2=0x544492E6 R4=0x01F64643 )
(    libInnoSecure.so[0xCBBCB000])[04 EA 00 05 ]0x00004380:	AND.W	R5, R4, R0	;(R4=0xE5D55363 R0=0xAA0058E7 )
(    libInnoSecure.so[0xCBBCB000])[18 44       ]0x00004384:	ADD	R0, R3	;(R0=0xAA0058E7 R3=0x37656164 )
(    libInnoSecure.so[0xCBBCB000])[35 43       ]0x00004386:	ORRS	R5, R6	;(R5=0xA0005063 R6=0x54448200 )
(    libInnoSecure.so[0xCBBCB000])[24 EA 02 06 ]0x00004388:	BIC.W	R6, R4, R2	;(R4=0xE5D55363 R2=0x544492E6 )
(    libInnoSecure.so[0xCBBCB000])[29 44       ]0x0000438C:	ADD	R1, R5	;(R1=0x2813A659 R5=0xF444D263 )
(    libInnoSecure.so[0xCBBCB000])[4F F6 C8 35 ]0x0000438E:	MOVW	R5, #0XFBC8
(    libInnoSecure.so[0xCBBCB000])[CE F2 D3 75 ]0x00004392:	MOVT	R5, #0XE7D3	;(R5=0x0000FBC8 )
(    libInnoSecure.so[0xCBBCB000])[29 44       ]0x00004396:	ADD	R1, R5	;(R1=0x1C5878BC R5=0xE7D3FBC8 )
(    libInnoSecure.so[0xCBBCB000])[0F 9B       ]0x00004398:	LDR	R3, [SP, #0X3C]	;(SP=0x100FFD18 )
(    libInnoSecure.so[0xCBBCB000])[04 EB 31 31 ]0x0000439A:	ADD.W	R1, R4, R1, ROR #12	;(R4=0xE5D55363 R1=0x042C7484 )
(    libInnoSecure.so[0xCBBCB000])[01 EA 02 05 ]0x0000439E:	AND.W	R5, R1, R2	;(R1=0x2E15962A R2=0x544492E6 )
(    libInnoSecure.so[0xCBBCB000])[62 44       ]0x000043A2:	ADD	R2, IP	;(R2=0x544492E6 IP=0x66393565 )
(    libInnoSecure.so[0xCBBCB000])[35 43       ]0x000043A4:	ORRS	R5, R6	;(R5=0x04049222 R6=0xA1914101 )
(    libInnoSecure.so[0xCBBCB000])[21 EA 04 06 ]0x000043A6:	BIC.W	R6, R1, R4	;(R1=0x2E15962A R4=0xE5D55363 )
(    libInnoSecure.so[0xCBBCB000])[28 44       ]0x000043AA:	ADD	R0, R5	;(R0=0xE165BA4B R5=0xA595D323 )
(    libInnoSecure.so[0xCBBCB000])[4C F6 E6 55 ]0x000043AC:	MOVW	R5, #0XCDE6
(    libInnoSecure.so[0xCBBCB000])[C2 F2 E1 15 ]0x000043B0:	MOVT	R5, #0X21E1	;(R5=0x0000CDE6 )
(    libInnoSecure.so[0xCBBCB000])[28 44       ]0x000043B4:	ADD	R0, R5	;(R0=0x86FB8D6E R5=0x21E1CDE6 )
(    libInnoSecure.so[0xCBBCB000])[01 EB F0 60 ]0x000043B6:	ADD.W	R0, R1, R0, ROR #27	;(R1=0x2E15962A R0=0xA8DD5B54 )
(    libInnoSecure.so[0xCBBCB000])[00 EA 04 05 ]0x000043BA:	AND.W	R5, R0, R4	;(R0=0x49C100BF R4=0xE5D55363 )
(    libInnoSecure.so[0xCBBCB000])[1C 44       ]0x000043BE:	ADD	R4, R3	;(R4=0xE5D55363 R3=0x33646431 )
(    libInnoSecure.so[0xCBBCB000])[35 43       ]0x000043C0:	ORRS	R5, R6	;(R5=0x41C10023 R6=0x0A008408 )
(    libInnoSecure.so[0xCBBCB000])[20 EA 01 06 ]0x000043C2:	BIC.W	R6, R0, R1	;(R0=0x49C100BF R1=0x2E15962A )
(    libInnoSecure.so[0xCBBCB000])[2A 44       ]0x000043C6:	ADD	R2, R5	;(R2=0xBA7DC84B R5=0x4BC1842B )
(    libInnoSecure.so[0xCBBCB000])[40 F2 D6 75 ]0x000043C8:	MOVW	R5, #0X7D6
(    libInnoSecure.so[0xCBBCB000])[CC F2 37 35 ]0x000043CC:	MOVT	R5, #0XC337	;(R5=0x000007D6 )
(    libInnoSecure.so[0xCBBCB000])[2A 44       ]0x000043D0:	ADD	R2, R5	;(R2=0x063F4C76 R5=0xC33707D6 )
(    libInnoSecure.so[0xCBBCB000])[0A 9B       ]0x000043D2:	LDR	R3, [SP, #0X28]	;(SP=0x100FFD18 )
(    libInnoSecure.so[0xCBBCB000])[00 EB F2 52 ]0x000043D4:	ADD.W	R2, R0, R2, ROR #23	;(R0=0x49C100BF R2=0xC976544C )
(    libInnoSecure.so[0xCBBCB000])[02 EA 01 05 ]0x000043D8:	AND.W	R5, R2, R1	;(R2=0x36699A51 R1=0x2E15962A )
(    libInnoSecure.so[0xCBBCB000])[19 44       ]0x000043DC:	ADD	R1, R3	;(R1=0x2E15962A R3=0x65636438 )
(    libInnoSecure.so[0xCBBCB000])[35 43       ]0x000043DE:	ORRS	R5, R6	;(R5=0x26019200 R6=0x41C00095 )
(    libInnoSecure.so[0xCBBCB000])[22 EA 00 06 ]0x000043E0:	BIC.W	R6, R2, R0	;(R2=0x36699A51 R0=0x49C100BF )
(    libInnoSecure.so[0xCBBCB000])[2C 44       ]0x000043E4:	ADD	R4, R5	;(R4=0x1939B794 R5=0x67C19295 )
(    libInnoSecure.so[0xCBBCB000])[40 F6 87 55 ]0x000043E6:	MOVW	R5, #0XD87
(    libInnoSecure.so[0xCBBCB000])[CF F2 D5 45 ]0x000043EA:	MOVT	R5, #0XF4D5	;(R5=0x00000D87 )
(    libInnoSecure.so[0xCBBCB000])[2C 44       ]0x000043EE:	ADD	R4, R5	;(R4=0x80FB4A29 R5=0xF4D50D87 )
(    libInnoSecure.so[0xCBBCB000])[02 EB B4 44 ]0x000043F0:	ADD.W	R4, R2, R4, ROR #18	;(R2=0x36699A51 R4=0x75D057B0 )
(    libInnoSecure.so[0xCBBCB000])[04 EA 00 05 ]0x000043F4:	AND.W	R5, R4, R0	;(R4=0x4C55B7C5 R0=0x49C100BF )
(    libInnoSecure.so[0xCBBCB000])[40 44       ]0x000043F8:	ADD	R0, R8	;(R0=0x49C100BF R8=0x66333936 )
(    libInnoSecure.so[0xCBBCB000])[35 43       ]0x000043FA:	ORRS	R5, R6	;(R5=0x48410085 R6=0x36289A40 )
(    libInnoSecure.so[0xCBBCB000])[24 EA 02 06 ]0x000043FC:	BIC.W	R6, R4, R2	;(R4=0x4C55B7C5 R2=0x36699A51 )
(    libInnoSecure.so[0xCBBCB000])[29 44       ]0x00004400:	ADD	R1, R5	;(R1=0x9378FA62 R5=0x7E699AC5 )
(    libInnoSecure.so[0xCBBCB000])[41 F2 ED 45 ]0x00004402:	MOVW	R5, #0X14ED
(    libInnoSecure.so[0xCBBCB000])[C4 F2 5A 55 ]0x00004406:	MOVT	R5, #0X455A	;(R5=0x000014ED )
(    libInnoSecure.so[0xCBBCB000])[29 44       ]0x0000440A:	ADD	R1, R5	;(R1=0x11E29527 R5=0x455A14ED )
(    libInnoSecure.so[0xCBBCB000])[04 EB 31 31 ]0x0000440C:	ADD.W	R1, R4, R1, ROR #12	;(R4=0x4C55B7C5 R1=0x573CAA14 )
(    libInnoSecure.so[0xCBBCB000])[01 EA 02 05 ]0x00004410:	AND.W	R5, R1, R2	;(R1=0xED9B2B8F R2=0x36699A51 )
(    libInnoSecure.so[0xCBBCB000])[35 43       ]0x00004414:	ORRS	R5, R6	;(R5=0x24090A01 R6=0x48142584 )
(    libInnoSecure.so[0xCBBCB000])[21 EA 04 06 ]0x00004416:	BIC.W	R6, R1, R4	;(R1=0xED9B2B8F R4=0x4C55B7C5 )
(    libInnoSecure.so[0xCBBCB000])[28 44       ]0x0000441A:	ADD	R0, R5	;(R0=0xAFF439F5 R5=0x6C1D2F85 )
(    libInnoSecure.so[0xCBBCB000])[4E F6 05 15 ]0x0000441C:	MOVW	R5, #0XE905
(    libInnoSecure.so[0xCBBCB000])[CA F6 E3 15 ]0x00004420:	MOVT	R5, #0XA9E3	;(R5=0x0000E905 )
(    libInnoSecure.so[0xCBBCB000])[28 44       ]0x00004424:	ADD	R0, R5	;(R0=0x1C11697A R5=0xA9E3E905 )
(    libInnoSecure.so[0xCBBCB000])[01 EB F0 60 ]0x00004426:	ADD.W	R0, R1, R0, ROR #27	;(R1=0xED9B2B8F R0=0xC5F5527F )
(    libInnoSecure.so[0xCBBCB000])[00 EA 04 05 ]0x0000442A:	AND.W	R5, R0, R4	;(R0=0xAC457B87 R4=0x4C55B7C5 )
(    libInnoSecure.so[0xCBBCB000])[74 44       ]0x0000442E:	ADD	R4, LR	;(R4=0x4C55B7C5 LR=0x62313662 )
(    libInnoSecure.so[0xCBBCB000])[35 43       ]0x00004430:	ORRS	R5, R6	;(R5=0x0C453385 R6=0xA18A080A )
(    libInnoSecure.so[0xCBBCB000])[0C 9E       ]0x00004432:	LDR	R6, [SP, #0X30]	;(SP=0x100FFD18 )
(    libInnoSecure.so[0xCBBCB000])[32 44       ]0x00004434:	ADD	R2, R6	;(R2=0x36699A51 R6=0x31666561 )
(    libInnoSecure.so[0xCBBCB000])[20 EA 01 06 ]0x00004436:	BIC.W	R6, R0, R1	;(R0=0xAC457B87 R1=0xED9B2B8F )
(    libInnoSecure.so[0xCBBCB000])[2A 44       ]0x0000443A:	ADD	R2, R5	;(R2=0x67CFFFB2 R5=0xADCF3B8F )
(    libInnoSecure.so[0xCBBCB000])[4A F2 F8 35 ]0x0000443C:	MOVW	R5, #0XA3F8
(    libInnoSecure.so[0xCBBCB000])[CF F6 EF 45 ]0x00004440:	MOVT	R5, #0XFCEF	;(R5=0x0000A3F8 )
(    libInnoSecure.so[0xCBBCB000])[2A 44       ]0x00004444:	ADD	R2, R5	;(R2=0x159F3B41 R5=0xFCEFA3F8 )
(    libInnoSecure.so[0xCBBCB000])[00 EB F2 52 ]0x00004446:	ADD.W	R2, R0, R2, ROR #23	;(R0=0xAC457B87 R2=0x128EDF39 )
(    libInnoSecure.so[0xCBBCB000])[02 EA 01 05 ]0x0000444A:	AND.W	R5, R2, R1	;(R2=0xCA03EDAC R1=0xED9B2B8F )
(    libInnoSecure.so[0xCBBCB000])[35 43       ]0x0000444E:	ORRS	R5, R6	;(R5=0xC803298C R6=0x00445000 )
(    libInnoSecure.so[0xCBBCB000])[22 EA 00 06 ]0x00004450:	BIC.W	R6, R2, R0	;(R2=0xCA03EDAC R0=0xAC457B87 )
(    libInnoSecure.so[0xCBBCB000])[2C 44       ]0x00004454:	ADD	R4, R5	;(R4=0xAE86EE27 R5=0xC847798C )
(    libInnoSecure.so[0xCBBCB000])[40 F2 D9 25 ]0x00004456:	MOVW	R5, #0X2D9
(    libInnoSecure.so[0xCBBCB000])[C6 F2 6F 75 ]0x0000445A:	MOVT	R5, #0X676F	;(R5=0x000002D9 )
(    libInnoSecure.so[0xCBBCB000])[2C 44       ]0x0000445E:	ADD	R4, R5	;(R4=0x76CE67B3 R5=0x676F02D9 )
(    libInnoSecure.so[0xCBBCB000])[02 EB B4 44 ]0x00004460:	ADD.W	R4, R2, R4, ROR #18	;(R2=0xCA03EDAC R4=0xDE3D6A8C )
(    libInnoSecure.so[0xCBBCB000])[04 EA 00 05 ]0x00004464:	AND.W	R5, R4, R0	;(R4=0x24A7253B R0=0xAC457B87 )
(    libInnoSecure.so[0xCBBCB000])[48 44       ]0x00004468:	ADD	R0, SB	;(R0=0xAC457B87 SB=0x36383330 )
(    libInnoSecure.so[0xCBBCB000])[35 43       ]0x0000446A:	ORRS	R5, R6	;(R5=0x24052103 R6=0x42028428 )
(    libInnoSecure.so[0xCBBCB000])[0D 9E       ]0x0000446C:	LDR	R6, [SP, #0X34]	;(SP=0x100FFD18 )
(    libInnoSecure.so[0xCBBCB000])[DD F8 18 90 ]0x0000446E:	LDR.W	SB, [SP, #0X18]	;(SP=0x100FFD18 )
(    libInnoSecure.so[0xCBBCB000])[31 44       ]0x00004472:	ADD	R1, R6	;(R1=0xED9B2B8F R6=0x36323033 )
(    libInnoSecure.so[0xCBBCB000])[0E 9E       ]0x00004474:	LDR	R6, [SP, #0X38]	;(SP=0x100FFD18 )
(    libInnoSecure.so[0xCBBCB000])[29 44       ]0x00004476:	ADD	R1, R5	;(R1=0x23CD5BC2 R5=0x6607A52B )
(    libInnoSecure.so[0xCBBCB000])[44 F6 8A 45 ]0x00004478:	MOVW	R5, #0X4C8A
(    libInnoSecure.so[0xCBBCB000])[C8 F6 2A 55 ]0x0000447C:	MOVT	R5, #0X8D2A	;(R5=0x00004C8A )
(    libInnoSecure.so[0xCBBCB000])[29 44       ]0x00004480:	ADD	R1, R5	;(R1=0x89D500ED R5=0x8D2A4C8A )
(    libInnoSecure.so[0xCBBCB000])[84 EA 02 05 ]0x00004482:	EOR.W	R5, R4, R2	;(R4=0x24A7253B R2=0xCA03EDAC )
(    libInnoSecure.so[0xCBBCB000])[1A 44       ]0x00004486:	ADD	R2, R3	;(R2=0xCA03EDAC R3=0x65636438 )
(    libInnoSecure.so[0xCBBCB000])[04 EB 31 31 ]0x00004488:	ADD.W	R1, R4, R1, ROR #12	;(R4=0x24A7253B R1=0x16FF4D77 )
(    libInnoSecure.so[0xCBBCB000])[11 9B       ]0x0000448C:	LDR	R3, [SP, #0X44]	;(SP=0x100FFD18 )
(    libInnoSecure.so[0xCBBCB000])[4D 40       ]0x0000448E:	EORS	R5, R1	;(R5=0xEEA4C897 R1=0xFC18952F )
(    libInnoSecure.so[0xCBBCB000])[28 44       ]0x00004490:	ADD	R0, R5	;(R0=0xE27DAEB7 R5=0x12BC5DB8 )
(    libInnoSecure.so[0xCBBCB000])[43 F6 42 15 ]0x00004492:	MOVW	R5, #0X3942
(    libInnoSecure.so[0xCBBCB000])[CF F6 FA 75 ]0x00004496:	MOVT	R5, #0XFFFA	;(R5=0x00003942 )
(    libInnoSecure.so[0xCBBCB000])[28 44       ]0x0000449A:	ADD	R0, R5	;(R0=0xF53A0C6F R5=0xFFFA3942 )
(    libInnoSecure.so[0xCBBCB000])[81 EA 04 05 ]0x0000449C:	EOR.W	R5, R1, R4	;(R1=0xFC18952F R4=0x24A7253B )
(    libInnoSecure.so[0xCBBCB000])[54 44       ]0x000044A0:	ADD	R4, SL	;(R4=0x24A7253B SL=0x33343531 )
(    libInnoSecure.so[0xCBBCB000])[01 EB 30 70 ]0x000044A2:	ADD.W	R0, R1, R0, ROR #28	;(R1=0xFC18952F R0=0xF53445B1 )
(    libInnoSecure.so[0xCBBCB000])[DD F8 30 A0 ]0x000044A6:	LDR.W	SL, [SP, #0X30]	;(SP=0x100FFD18 )
(    libInnoSecure.so[0xCBBCB000])[45 40       ]0x000044AA:	EORS	R5, R0	;(R5=0xD8BFB014 R0=0x4F5CF04E )
(    libInnoSecure.so[0xCBBCB000])[2A 44       ]0x000044AC:	ADD	R2, R5	;(R2=0x2F6751E4 R5=0x97E3405A )
(    libInnoSecure.so[0xCBBCB000])[4F F2 81 65 ]0x000044AE:	MOVW	R5, #0XF681
(    libInnoSecure.so[0xCBBCB000])[C8 F2 71 75 ]0x000044B2:	MOVT	R5, #0X8771	;(R5=0x0000F681 )
(    libInnoSecure.so[0xCBBCB000])[2A 44       ]0x000044B6:	ADD	R2, R5	;(R2=0xC74A923E R5=0x8771F681 )
(    libInnoSecure.so[0xCBBCB000])[80 EA 01 05 ]0x000044B8:	EOR.W	R5, R0, R1	;(R0=0x4F5CF04E R1=0xFC18952F )
(    libInnoSecure.so[0xCBBCB000])[61 44       ]0x000044BC:	ADD	R1, IP	;(R1=0xFC18952F IP=0x66393565 )
(    libInnoSecure.so[0xCBBCB000])[00 EB 72 52 ]0x000044BE:	ADD.W	R2, R0, R2, ROR #21	;(R0=0x4F5CF04E R2=0x4EBC88BF )
(    libInnoSecure.so[0xCBBCB000])[DD F8 3C C0 ]0x000044C2:	LDR.W	IP, [SP, #0X3C]	;(SP=0x100FFD18 )
(    libInnoSecure.so[0xCBBCB000])[55 40       ]0x000044C6:	EORS	R5, R2	;(R5=0xB3446561 R2=0x33A2EAC3 )
(    libInnoSecure.so[0xCBBCB000])[2C 44       ]0x000044C8:	ADD	R4, R5	;(R4=0x57DB5A6C R5=0x80E68FA2 )
(    libInnoSecure.so[0xCBBCB000])[46 F2 22 15 ]0x000044CA:	MOVW	R5, #0X6122
(    libInnoSecure.so[0xCBBCB000])[C6 F6 9D 55 ]0x000044CE:	MOVT	R5, #0X6D9D	;(R5=0x00006122 )
(    libInnoSecure.so[0xCBBCB000])[2C 44       ]0x000044D2:	ADD	R4, R5	;(R4=0xD8C1EA0E R5=0x6D9D6122 )
(    libInnoSecure.so[0xCBBCB000])[82 EA 00 05 ]0x000044D4:	EOR.W	R5, R2, R0	;(R2=0x33A2EAC3 R0=0x4F5CF04E )
(    libInnoSecure.so[0xCBBCB000])[18 44       ]0x000044D8:	ADD	R0, R3	;(R0=0x4F5CF04E R3=0x34376266 )
(    libInnoSecure.so[0xCBBCB000])[02 EB 34 44 ]0x000044DA:	ADD.W	R4, R2, R4, ROR #16	;(R2=0x33A2EAC3 R4=0x465F4B30 )
(    libInnoSecure.so[0xCBBCB000])[73 46       ]0x000044DE:	MOV	R3, LR	;(LR=0x62313662 )
(    libInnoSecure.so[0xCBBCB000])[65 40       ]0x000044E0:	EORS	R5, R4	;(R5=0x7CFE1A8D R4=0x7ED33122 )
(    libInnoSecure.so[0xCBBCB000])[29 44       ]0x000044E2:	ADD	R1, R5	;(R1=0x6251CA94 R5=0x022D2BAF )
(    libInnoSecure.so[0xCBBCB000])[43 F6 0C 05 ]0x000044E4:	MOVW	R5, #0X380C
(    libInnoSecure.so[0xCBBCB000])[CF F6 E5 55 ]0x000044E8:	MOVT	R5, #0XFDE5	;(R5=0x0000380C )
(    libInnoSecure.so[0xCBBCB000])[29 44       ]0x000044EC:	ADD	R1, R5	;(R1=0x647EF643 R5=0xFDE5380C )
(    libInnoSecure.so[0xCBBCB000])[84 EA 02 05 ]0x000044EE:	EOR.W	R5, R4, R2	;(R4=0x7ED33122 R2=0x33A2EAC3 )
(    libInnoSecure.so[0xCBBCB000])[5A 44       ]0x000044F2:	ADD	R2, FP	;(R2=0x33A2EAC3 FP=0x36366433 )
(    libInnoSecure.so[0xCBBCB000])[04 EB 71 21 ]0x000044F4:	ADD.W	R1, R4, R1, ROR #9	;(R4=0x7ED33122 R1=0x62642E4F )
(    libInnoSecure.so[0xCBBCB000])[DD F8 08 B0 ]0x000044F8:	LDR.W	FP, [SP, #8]	;(SP=0x100FFD18 )
(    libInnoSecure.so[0xCBBCB000])[4D 40       ]0x000044FC:	EORS	R5, R1	;(R5=0x4D71DBE1 R1=0xA6846339 )
(    libInnoSecure.so[0xCBBCB000])[28 44       ]0x000044FE:	ADD	R0, R5	;(R0=0x839452B4 R5=0xEBF5B8D8 )
(    libInnoSecure.so[0xCBBCB000])[4E F6 44 25 ]0x00004500:	MOVW	R5, #0XEA44
(    libInnoSecure.so[0xCBBCB000])[CA F2 BE 45 ]0x00004504:	MOVT	R5, #0XA4BE	;(R5=0x0000EA44 )
(    libInnoSecure.so[0xCBBCB000])[28 44       ]0x00004508:	ADD	R0, R5	;(R0=0x6F8A0B8C R5=0xA4BEEA44 )
(    libInnoSecure.so[0xCBBCB000])[81 EA 04 05 ]0x0000450A:	EOR.W	R5, R1, R4	;(R1=0xA6846339 R4=0x7ED33122 )
(    libInnoSecure.so[0xCBBCB000])[1C 44       ]0x0000450E:	ADD	R4, R3	;(R4=0x7ED33122 R3=0x62313662 )
(    libInnoSecure.so[0xCBBCB000])[01 EB 30 70 ]0x00004510:	ADD.W	R0, R1, R0, ROR #28	;(R1=0xA6846339 R0=0x1448F5D0 )
(    libInnoSecure.so[0xCBBCB000])[45 40       ]0x00004514:	EORS	R5, R0	;(R5=0xD857521B R0=0xEB13C03A )
(    libInnoSecure.so[0xCBBCB000])[2A 44       ]0x00004516:	ADD	R2, R5	;(R2=0x69D94EF6 R5=0x33449221 )
(    libInnoSecure.so[0xCBBCB000])[4C F6 A9 75 ]0x00004518:	MOVW	R5, #0XCFA9
(    libInnoSecure.so[0xCBBCB000])[C4 F6 DE 35 ]0x0000451C:	MOVT	R5, #0X4BDE	;(R5=0x0000CFA9 )
(    libInnoSecure.so[0xCBBCB000])[2A 44       ]0x00004520:	ADD	R2, R5	;(R2=0x9D1DE117 R5=0x4BDECFA9 )
(    libInnoSecure.so[0xCBBCB000])[80 EA 01 05 ]0x00004522:	EOR.W	R5, R0, R1	;(R0=0xEB13C03A R1=0xA6846339 )
(    libInnoSecure.so[0xCBBCB000])[59 44       ]0x00004526:	ADD	R1, FP	;(R1=0xA6846339 FP=0x38636237 )
(    libInnoSecure.so[0xCBBCB000])[00 EB 72 52 ]0x00004528:	ADD.W	R2, R0, R2, ROR #21	;(R0=0xEB13C03A R2=0xE8FCB0C0 )
(    libInnoSecure.so[0xCBBCB000])[55 40       ]0x0000452C:	EORS	R5, R2	;(R5=0x4D97A303 R2=0xD099C781 )
(    libInnoSecure.so[0xCBBCB000])[2C 44       ]0x0000452E:	ADD	R4, R5	;(R4=0xE1046784 R5=0x9D0E6482 )
(    libInnoSecure.so[0xCBBCB000])[44 F6 60 35 ]0x00004530:	MOVW	R5, #0X4B60
(    libInnoSecure.so[0xCBBCB000])[CF F2 BB 65 ]0x00004534:	MOVT	R5, #0XF6BB	;(R5=0x00004B60 )
(    libInnoSecure.so[0xCBBCB000])[2C 44       ]0x00004538:	ADD	R4, R5	;(R4=0x7E12CC06 R5=0xF6BB4B60 )
(    libInnoSecure.so[0xCBBCB000])[82 EA 00 05 ]0x0000453A:	EOR.W	R5, R2, R0	;(R2=0xD099C781 R0=0xEB13C03A )
(    libInnoSecure.so[0xCBBCB000])[40 44       ]0x0000453E:	ADD	R0, R8	;(R0=0xEB13C03A R8=0x66333936 )
(    libInnoSecure.so[0xCBBCB000])[02 EB 34 44 ]0x00004540:	ADD.W	R4, R2, R4, ROR #16	;(R2=0xD099C781 R4=0x74CE1766 )
(    libInnoSecure.so[0xCBBCB000])[DD F8 34 80 ]0x00004544:	LDR.W	R8, [SP, #0X34]	;(SP=0x100FFD18 )
(    libInnoSecure.so[0xCBBCB000])[65 40       ]0x00004548:	EORS	R5, R4	;(R5=0x3B8A07BB R4=0xE8003C4F )
(    libInnoSecure.so[0xCBBCB000])[29 44       ]0x0000454A:	ADD	R1, R5	;(R1=0xDEE7C570 R5=0xD38A3BF4 )
(    libInnoSecure.so[0xCBBCB000])[4B F6 70 45 ]0x0000454C:	MOVW	R5, #0XBC70
(    libInnoSecure.so[0xCBBCB000])[CB F6 BF 65 ]0x00004550:	MOVT	R5, #0XBEBF	;(R5=0x0000BC70 )
(    libInnoSecure.so[0xCBBCB000])[29 44       ]0x00004554:	ADD	R1, R5	;(R1=0xB2720164 R5=0xBEBFBC70 )
(    libInnoSecure.so[0xCBBCB000])[84 EA 02 05 ]0x00004556:	EOR.W	R5, R4, R2	;(R4=0xE8003C4F R2=0xD099C781 )
(    libInnoSecure.so[0xCBBCB000])[32 44       ]0x0000455A:	ADD	R2, R6	;(R2=0xD099C781 R6=0x39636336 )
(    libInnoSecure.so[0xCBBCB000])[04 EB 71 21 ]0x0000455C:	ADD.W	R1, R4, R1, ROR #9	;(R4=0xE8003C4F R1=0x7131BDD4 )
(    libInnoSecure.so[0xCBBCB000])[4D 40       ]0x00004560:	EORS	R5, R1	;(R5=0x3899FBCE R1=0xD238D52D )
(    libInnoSecure.so[0xCBBCB000])[28 44       ]0x00004562:	ADD	R0, R5	;(R0=0x5146F970 R5=0xEAA12EE3 )
(    libInnoSecure.so[0xCBBCB000])[47 F6 C6 65 ]0x00004564:	MOVW	R5, #0X7EC6
(    libInnoSecure.so[0xCBBCB000])[C2 F6 9B 05 ]0x00004568:	MOVT	R5, #0X289B	;(R5=0x00007EC6 )
(    libInnoSecure.so[0xCBBCB000])[28 44       ]0x0000456C:	ADD	R0, R5	;(R0=0x3BE82853 R5=0x289B7EC6 )
(    libInnoSecure.so[0xCBBCB000])[81 EA 04 05 ]0x0000456E:	EOR.W	R5, R1, R4	;(R1=0xD238D52D R4=0xE8003C4F )
(    libInnoSecure.so[0xCBBCB000])[64 44       ]0x00004572:	ADD	R4, IP	;(R4=0xE8003C4F IP=0x33646431 )
(    libInnoSecure.so[0xCBBCB000])[01 EB 30 70 ]0x00004574:	ADD.W	R0, R1, R0, ROR #28	;(R1=0xD238D52D R0=0x6483A719 )
(    libInnoSecure.so[0xCBBCB000])[45 40       ]0x00004578:	EORS	R5, R0	;(R5=0x3A38E962 R0=0x1A7346C3 )
(    libInnoSecure.so[0xCBBCB000])[2A 44       ]0x0000457A:	ADD	R2, R5	;(R2=0x09FD2AB7 R5=0x204BAFA1 )
(    libInnoSecure.so[0xCBBCB000])[42 F2 FA 75 ]0x0000457C:	MOVW	R5, #0X27FA
(    libInnoSecure.so[0xCBBCB000])[CE F6 A1 25 ]0x00004580:	MOVT	R5, #0XEAA1	;(R5=0x000027FA )
(    libInnoSecure.so[0xCBBCB000])[2A 44       ]0x00004584:	ADD	R2, R5	;(R2=0x2A48DA58 R5=0xEAA127FA )
(    libInnoSecure.so[0xCBBCB000])[80 EA 01 05 ]0x00004586:	EOR.W	R5, R0, R1	;(R0=0x1A7346C3 R1=0xD238D52D )
(    libInnoSecure.so[0xCBBCB000])[49 44       ]0x0000458A:	ADD	R1, SB	;(R1=0xD238D52D SB=0x64396139 )
(    libInnoSecure.so[0xCBBCB000])[00 EB 72 52 ]0x0000458C:	ADD.W	R2, R0, R2, ROR #21	;(R0=0x1A7346C3 R2=0x14EA0252 )
(    libInnoSecure.so[0xCBBCB000])[55 40       ]0x00004590:	EORS	R5, R2	;(R5=0xC84B93EE R2=0x6A85D76A )
(    libInnoSecure.so[0xCBBCB000])[2C 44       ]0x00004592:	ADD	R4, R5	;(R4=0x1B64A080 R5=0xA2CE4484 )
(    libInnoSecure.so[0xCBBCB000])[43 F2 85 05 ]0x00004594:	MOVW	R5, #0X3085
(    libInnoSecure.so[0xCBBCB000])[CD F2 EF 45 ]0x00004598:	MOVT	R5, #0XD4EF	;(R5=0x00003085 )
(    libInnoSecure.so[0xCBBCB000])[2C 44       ]0x0000459C:	ADD	R4, R5	;(R4=0xBE32E504 R5=0xD4EF3085 )
(    libInnoSecure.so[0xCBBCB000])[82 EA 00 05 ]0x0000459E:	EOR.W	R5, R2, R0	;(R2=0x6A85D76A R0=0x1A7346C3 )
(    libInnoSecure.so[0xCBBCB000])[02 EB 34 44 ]0x000045A2:	ADD.W	R4, R2, R4, ROR #16	;(R2=0x6A85D76A R4=0x93221589 )
(    libInnoSecure.so[0xCBBCB000])[65 40       ]0x000045A6:	EORS	R5, R4	;(R5=0x70F691A9 R4=0x800F6A8C )
(    libInnoSecure.so[0xCBBCB000])[29 44       ]0x000045A8:	ADD	R1, R5	;(R1=0x36723666 R5=0xF0F9FB25 )
(    libInnoSecure.so[0xCBBCB000])[41 F6 05 55 ]0x000045AA:	MOVW	R5, #0X1D05
(    libInnoSecure.so[0xCBBCB000])[C0 F2 88 45 ]0x000045AE:	MOVT	R5, #0X488	;(R5=0x00001D05 )
(    libInnoSecure.so[0xCBBCB000])[29 44       ]0x000045B2:	ADD	R1, R5	;(R1=0x276C318B R5=0x04881D05 )
(    libInnoSecure.so[0xCBBCB000])[84 EA 02 05 ]0x000045B4:	EOR.W	R5, R4, R2	;(R4=0x800F6A8C R2=0x6A85D76A )
(    libInnoSecure.so[0xCBBCB000])[42 44       ]0x000045B8:	ADD	R2, R8	;(R2=0x6A85D76A R8=0x36323033 )
(    libInnoSecure.so[0xCBBCB000])[04 EB 71 21 ]0x000045BA:	ADD.W	R1, R4, R1, ROR #9	;(R4=0x800F6A8C R1=0x2BF44E90 )
(    libInnoSecure.so[0xCBBCB000])[85 EA 01 0E ]0x000045BE:	EOR.W	LR, R5, R1	;(R5=0xEA8ABDE6 R1=0xC82564B3 )
(    libInnoSecure.so[0xCBBCB000])[10 9D       ]0x000045C2:	LDR	R5, [SP, #0X40]	;(SP=0x100FFD18 )
(    libInnoSecure.so[0xCBBCB000])[28 44       ]0x000045C4:	ADD	R0, R5	;(R0=0x1A7346C3 R5=0x37656164 )
(    libInnoSecure.so[0xCBBCB000])[4D F2 39 05 ]0x000045C6:	MOVW	R5, #0XD039
(    libInnoSecure.so[0xCBBCB000])[70 44       ]0x000045CA:	ADD	R0, LR	;(R0=0x51D8A827 LR=0x22AFD955 )
(    libInnoSecure.so[0xCBBCB000])[CD F6 D4 15 ]0x000045CC:	MOVT	R5, #0XD9D4	;(R5=0x0000D039 )
(    libInnoSecure.so[0xCBBCB000])[28 44       ]0x000045D0:	ADD	R0, R5	;(R0=0x7488817C R5=0xD9D4D039 )
(    libInnoSecure.so[0xCBBCB000])[81 EA 04 05 ]0x000045D2:	EOR.W	R5, R1, R4	;(R1=0xC82564B3 R4=0x800F6A8C )
(    libInnoSecure.so[0xCBBCB000])[DD F8 0C E0 ]0x000045D6:	LDR.W	LR, [SP, #0XC]	;(SP=0x100FFD18 )
(    libInnoSecure.so[0xCBBCB000])[01 EB 30 70 ]0x000045DA:	ADD.W	R0, R1, R0, ROR #28	;(R1=0xC82564B3 R0=0x4E5D51B5 )
(    libInnoSecure.so[0xCBBCB000])[45 40       ]0x000045DE:	EORS	R5, R0	;(R5=0x482A0E3F R0=0xADFA8007 )
(    libInnoSecure.so[0xCBBCB000])[74 44       ]0x000045E0:	ADD	R4, LR	;(R4=0x800F6A8C LR=0x37623464 )
(    libInnoSecure.so[0xCBBCB000])[2A 44       ]0x000045E2:	ADD	R2, R5	;(R2=0xA0B8079D R5=0xE5D08E38 )
(    libInnoSecure.so[0xCBBCB000])[49 F6 E5 15 ]0x000045E4:	MOVW	R5, #0X99E5
(    libInnoSecure.so[0xCBBCB000])[CE F2 DB 65 ]0x000045E8:	MOVT	R5, #0XE6DB	;(R5=0x000099E5 )
(    libInnoSecure.so[0xCBBCB000])[2A 44       ]0x000045EC:	ADD	R2, R5	;(R2=0x868895D5 R5=0xE6DB99E5 )
(    libInnoSecure.so[0xCBBCB000])[80 EA 01 05 ]0x000045EE:	EOR.W	R5, R0, R1	;(R0=0xADFA8007 R1=0xC82564B3 )
(    libInnoSecure.so[0xCBBCB000])[51 44       ]0x000045F2:	ADD	R1, SL	;(R1=0xC82564B3 SL=0x31666561 )
(    libInnoSecure.so[0xCBBCB000])[00 EB 72 52 ]0x000045F4:	ADD.W	R2, R0, R2, ROR #21	;(R0=0xADFA8007 R2=0x6D642FBA )
(    libInnoSecure.so[0xCBBCB000])[55 40       ]0x000045F8:	EORS	R5, R2	;(R5=0x65DFE4B4 R2=0xCF785372 )
(    libInnoSecure.so[0xCBBCB000])[2C 44       ]0x000045FA:	ADD	R4, R5	;(R4=0xB7719EF0 R5=0xAAA7B7C6 )
(    libInnoSecure.so[0xCBBCB000])[47 F6 F8 45 ]0x000045FC:	MOVW	R5, #0X7CF8
(    libInnoSecure.so[0xCBBCB000])[C1 F6 A2 75 ]0x00004600:	MOVT	R5, #0X1FA2	;(R5=0x00007CF8 )
(    libInnoSecure.so[0xCBBCB000])[2C 44       ]0x00004604:	ADD	R4, R5	;(R4=0x621956B6 R5=0x1FA27CF8 )
(    libInnoSecure.so[0xCBBCB000])[82 EA 00 05 ]0x00004606:	EOR.W	R5, R2, R0	;(R2=0xCF785372 R0=0xADFA8007 )
(    libInnoSecure.so[0xCBBCB000])[30 44       ]0x0000460A:	ADD	R0, R6	;(R0=0xADFA8007 R6=0x39636336 )
(    libInnoSecure.so[0xCBBCB000])[02 EB 34 44 ]0x0000460C:	ADD.W	R4, R2, R4, ROR #16	;(R2=0xCF785372 R4=0x81BBD3AE )
(    libInnoSecure.so[0xCBBCB000])[45 F6 C3 16 ]0x00004610:	MOVW	R6, #0X59C3
(    libInnoSecure.so[0xCBBCB000])[65 40       ]0x00004614:	EORS	R5, R4	;(R5=0x6282D375 R4=0xA326D52D )
(    libInnoSecure.so[0xCBBCB000])[C6 F2 5B 56 ]0x00004616:	MOVT	R6, #0X655B	;(R6=0x000059C3 )
(    libInnoSecure.so[0xCBBCB000])[29 44       ]0x0000461A:	ADD	R1, R5	;(R1=0xF98BCA14 R5=0xC1A40658 )
(    libInnoSecure.so[0xCBBCB000])[45 F2 65 65 ]0x0000461C:	MOVW	R5, #0X5665
(    libInnoSecure.so[0xCBBCB000])[CC F2 AC 45 ]0x00004620:	MOVT	R5, #0XC4AC	;(R5=0x00005665 )
(    libInnoSecure.so[0xCBBCB000])[29 44       ]0x00004624:	ADD	R1, R5	;(R1=0xBB2FD06C R5=0xC4AC5665 )
(    libInnoSecure.so[0xCBBCB000])[04 EB 71 21 ]0x00004626:	ADD.W	R1, R4, R1, ROR #9	;(R4=0xA326D52D R1=0x7FDC26D1 )
(    libInnoSecure.so[0xCBBCB000])[61 EA 02 05 ]0x0000462A:	ORN	R5, R1, R2	;(R1=0x0BE6C340 R2=0xCF785372 )
(    libInnoSecure.so[0xCBBCB000])[1A 44       ]0x0000462E:	ADD	R2, R3	;(R2=0xCF785372 R3=0x62313662 )
(    libInnoSecure.so[0xCBBCB000])[65 40       ]0x00004630:	EORS	R5, R4	;(R5=0x3BE7EFCD R4=0xA326D52D )
(    libInnoSecure.so[0xCBBCB000])[01 9B       ]0x00004632:	LDR	R3, [SP, #4]	;(SP=0x100FFD18 )
(    libInnoSecure.so[0xCBBCB000])[28 44       ]0x00004634:	ADD	R0, R5	;(R0=0xE75DE33D R5=0x98C13AE0 )
(    libInnoSecure.so[0xCBBCB000])[42 F2 44 25 ]0x00004636:	MOVW	R5, #0X2244
(    libInnoSecure.so[0xCBBCB000])[CF F2 29 45 ]0x0000463A:	MOVT	R5, #0XF429	;(R5=0x00002244 )
(    libInnoSecure.so[0xCBBCB000])[28 44       ]0x0000463E:	ADD	R0, R5	;(R0=0x801F1E1D R5=0xF4292244 )
(    libInnoSecure.so[0xCBBCB000])[23 44       ]0x00004640:	ADD	R3, R4	;(R3=0x66393565 R4=0xA326D52D )
(    libInnoSecure.so[0xCBBCB000])[01 EB B0 60 ]0x00004642:	ADD.W	R0, R1, R0, ROR #26	;(R1=0x0BE6C340 R0=0x74484061 )
(    libInnoSecure.so[0xCBBCB000])[60 EA 04 05 ]0x00004646:	ORN	R5, R0, R4	;(R0=0x1DF6DB9D R4=0xA326D52D )
(    libInnoSecure.so[0xCBBCB000])[42 F2 A7 34 ]0x0000464A:	MOVW	R4, #0X23A7
(    libInnoSecure.so[0xCBBCB000])[4D 40       ]0x0000464E:	EORS	R5, R1	;(R5=0x5DFFFBDF R1=0x0BE6C340 )
(    libInnoSecure.so[0xCBBCB000])[CA F6 94 34 ]0x00004650:	MOVT	R4, #0XAB94	;(R4=0x000023A7 )
(    libInnoSecure.so[0xCBBCB000])[2A 44       ]0x00004654:	ADD	R2, R5	;(R2=0x31A989D4 R5=0x5619389F )
(    libInnoSecure.so[0xCBBCB000])[4F F6 97 75 ]0x00004656:	MOVW	R5, #0XFF97
(    libInnoSecure.so[0xCBBCB000])[C4 F2 2A 35 ]0x0000465A:	MOVT	R5, #0X432A	;(R5=0x0000FF97 )
(    libInnoSecure.so[0xCBBCB000])[2A 44       ]0x0000465E:	ADD	R2, R5	;(R2=0x87C2C273 R5=0x432AFF97 )
(    libInnoSecure.so[0xCBBCB000])[00 EB B2 52 ]0x00004660:	ADD.W	R2, R0, R2, ROR #22	;(R0=0x1DF6DB9D R2=0xCAEDC20A )
(    libInnoSecure.so[0xCBBCB000])[62 EA 01 05 ]0x00004664:	ORN	R5, R2, R1	;(R2=0xD4FF06C8 R1=0x0BE6C340 )
(    libInnoSecure.so[0xCBBCB000])[45 40       ]0x00004668:	EORS	R5, R0	;(R5=0xF4FF3EFF R0=0x1DF6DB9D )
(    libInnoSecure.so[0xCBBCB000])[2B 44       ]0x0000466A:	ADD	R3, R5	;(R3=0x09600A92 R5=0xE909E562 )
(    libInnoSecure.so[0xCBBCB000])[09 9D       ]0x0000466C:	LDR	R5, [SP, #0X24]	;(SP=0x100FFD18 )
(    libInnoSecure.so[0xCBBCB000])[23 44       ]0x0000466E:	ADD	R3, R4	;(R3=0xF269EFF4 R4=0xAB9423A7 )
(    libInnoSecure.so[0xCBBCB000])[29 44       ]0x00004670:	ADD	R1, R5	;(R1=0x0BE6C340 R5=0x36383330 )
(    libInnoSecure.so[0xCBBCB000])[11 9D       ]0x00004672:	LDR	R5, [SP, #0X44]	;(SP=0x100FFD18 )
(    libInnoSecure.so[0xCBBCB000])[02 EB 73 43 ]0x00004674:	ADD.W	R3, R2, R3, ROR #17	;(R2=0xD4FF06C8 R3=0x9DFE139B )
(    libInnoSecure.so[0xCBBCB000])[63 EA 00 04 ]0x00004678:	ORN	R4, R3, R0	;(R3=0xDECCD5C7 R0=0x1DF6DB9D )
(    libInnoSecure.so[0xCBBCB000])[40 44       ]0x0000467C:	ADD	R0, R8	;(R0=0x1DF6DB9D R8=0x36323033 )
(    libInnoSecure.so[0xCBBCB000])[54 40       ]0x0000467E:	EORS	R4, R2	;(R4=0xFECDF5E7 R2=0xD4FF06C8 )
(    libInnoSecure.so[0xCBBCB000])[21 44       ]0x00004680:	ADD	R1, R4	;(R1=0x421EF670 R4=0x2A32F32F )
(    libInnoSecure.so[0xCBBCB000])[4A F2 39 04 ]0x00004682:	MOVW	R4, #0XA039
(    libInnoSecure.so[0xCBBCB000])[CF F6 93 44 ]0x00004686:	MOVT	R4, #0XFC93	;(R4=0x0000A039 )
(    libInnoSecure.so[0xCBBCB000])[21 44       ]0x0000468A:	ADD	R1, R4	;(R1=0x6C51E99F R4=0xFC93A039 )
(    libInnoSecure.so[0xCBBCB000])[03 EB F1 21 ]0x0000468C:	ADD.W	R1, R3, R1, ROR #11	;(R3=0xDECCD5C7 R1=0x68E589D8 )
(    libInnoSecure.so[0xCBBCB000])[61 EA 02 04 ]0x00004690:	ORN	R4, R1, R2	;(R1=0x19D9F278 R2=0xD4FF06C8 )
(    libInnoSecure.so[0xCBBCB000])[62 44       ]0x00004694:	ADD	R2, IP	;(R2=0xD4FF06C8 IP=0x33646431 )
(    libInnoSecure.so[0xCBBCB000])[5C 40       ]0x00004696:	EORS	R4, R3	;(R4=0x3BD9FB7F R3=0xDECCD5C7 )
(    libInnoSecure.so[0xCBBCB000])[DD F8 1C C0 ]0x00004698:	LDR.W	IP, [SP, #0X1C]	;(SP=0x100FFD18 )
(    libInnoSecure.so[0xCBBCB000])[20 44       ]0x0000469C:	ADD	R0, R4	;(R0=0x54290BD0 R4=0xE5152EB8 )
(    libInnoSecure.so[0xCBBCB000])[30 44       ]0x0000469E:	ADD	R0, R6	;(R0=0x393E3A88 R6=0x655B59C3 )
(    libInnoSecure.so[0xCBBCB000])[01 EB B0 60 ]0x000046A0:	ADD.W	R0, R1, R0, ROR #26	;(R1=0x19D9F278 R0=0x9E99944B )
(    libInnoSecure.so[0xCBBCB000])[60 EA 03 06 ]0x000046A4:	ORN	R6, R0, R3	;(R0=0xC03F055F R3=0xDECCD5C7 )
(    libInnoSecure.so[0xCBBCB000])[5B 44       ]0x000046A8:	ADD	R3, FP	;(R3=0xDECCD5C7 FP=0x38636237 )
(    libInnoSecure.so[0xCBBCB000])[4E 40       ]0x000046AA:	EORS	R6, R1	;(R6=0xE13F2F7F R1=0x19D9F278 )
(    libInnoSecure.so[0xCBBCB000])[32 44       ]0x000046AC:	ADD	R2, R6	;(R2=0x08636AF9 R6=0xF8E6DD07 )
(    libInnoSecure.so[0xCBBCB000])[4C F6 92 46 ]0x000046AE:	MOVW	R6, #0XCC92
(    libInnoSecure.so[0xCBBCB000])[C8 F6 0C 76 ]0x000046B2:	MOVT	R6, #0X8F0C	;(R6=0x0000CC92 )
(    libInnoSecure.so[0xCBBCB000])[32 44       ]0x000046B6:	ADD	R2, R6	;(R2=0x014A4800 R6=0x8F0CCC92 )
(    libInnoSecure.so[0xCBBCB000])[00 EB B2 52 ]0x000046B8:	ADD.W	R2, R0, R2, ROR #22	;(R0=0xC03F055F R2=0x90571492 )
(    libInnoSecure.so[0xCBBCB000])[62 EA 01 06 ]0x000046BC:	ORN	R6, R2, R1	;(R2=0x1C914FA0 R1=0x19D9F278 )
(    libInnoSecure.so[0xCBBCB000])[29 44       ]0x000046C0:	ADD	R1, R5	;(R1=0x19D9F278 R5=0x34376266 )
(    libInnoSecure.so[0xCBBCB000])[46 40       ]0x000046C2:	EORS	R6, R0	;(R6=0xFEB74FA7 R0=0xC03F055F )
(    libInnoSecure.so[0xCBBCB000])[0A 9D       ]0x000046C4:	LDR	R5, [SP, #0X28]	;(SP=0x100FFD18 )
(    libInnoSecure.so[0xCBBCB000])[33 44       ]0x000046C6:	ADD	R3, R6	;(R3=0x173037FE R6=0x3E884AF8 )
(    libInnoSecure.so[0xCBBCB000])[4F F2 7D 46 ]0x000046C8:	MOVW	R6, #0XF47D
(    libInnoSecure.so[0xCBBCB000])[CF F6 EF 76 ]0x000046CC:	MOVT	R6, #0XFFEF	;(R6=0x0000F47D )
(    libInnoSecure.so[0xCBBCB000])[33 44       ]0x000046D0:	ADD	R3, R6	;(R3=0x55B882F6 R6=0xFFEFF47D )
(    libInnoSecure.so[0xCBBCB000])[02 EB 73 43 ]0x000046D2:	ADD.W	R3, R2, R3, ROR #17	;(R2=0x1C914FA0 R3=0x55A87773 )
(    libInnoSecure.so[0xCBBCB000])[63 EA 00 06 ]0x000046D6:	ORN	R6, R3, R0	;(R3=0x584AFA74 R0=0xC03F055F )
(    libInnoSecure.so[0xCBBCB000])[28 44       ]0x000046DA:	ADD	R0, R5	;(R0=0xC03F055F R5=0x65636438 )
(    libInnoSecure.so[0xCBBCB000])[56 40       ]0x000046DC:	EORS	R6, R2	;(R6=0x7FCAFAF4 R2=0x1C914FA0 )
(    libInnoSecure.so[0xCBBCB000])[08 9D       ]0x000046DE:	LDR	R5, [SP, #0X20]	;(SP=0x100FFD18 )
(    libInnoSecure.so[0xCBBCB000])[31 44       ]0x000046E0:	ADD	R1, R6	;(R1=0x4E1154DE R6=0x635BB554 )
(    libInnoSecure.so[0xCBBCB000])[45 F6 D1 56 ]0x000046E2:	MOVW	R6, #0X5DD1
(    libInnoSecure.so[0xCBBCB000])[C8 F2 84 56 ]0x000046E6:	MOVT	R6, #0X8584	;(R6=0x00005DD1 )
(    libInnoSecure.so[0xCBBCB000])[31 44       ]0x000046EA:	ADD	R1, R6	;(R1=0xB16D0A32 R6=0x85845DD1 )
(    libInnoSecure.so[0xCBBCB000])[03 EB F1 21 ]0x000046EC:	ADD.W	R1, R3, R1, ROR #11	;(R3=0x584AFA74 R1=0x36F16803 )
(    libInnoSecure.so[0xCBBCB000])[61 EA 02 06 ]0x000046F0:	ORN	R6, R1, R2	;(R1=0x58B1D8A1 R2=0x1C914FA0 )
(    libInnoSecure.so[0xCBBCB000])[72 44       ]0x000046F4:	ADD	R2, LR	;(R2=0x1C914FA0 LR=0x37623464 )
(    libInnoSecure.so[0xCBBCB000])[5E 40       ]0x000046F6:	EORS	R6, R3	;(R6=0xFBFFF8FF R3=0x584AFA74 )
(    libInnoSecure.so[0xCBBCB000])[30 44       ]0x000046F8:	ADD	R0, R6	;(R0=0x25A26997 R6=0xA3B5028B )
(    libInnoSecure.so[0xCBBCB000])[47 F6 4F 66 ]0x000046FA:	MOVW	R6, #0X7E4F
(    libInnoSecure.so[0xCBBCB000])[C6 F6 A8 76 ]0x000046FE:	MOVT	R6, #0X6FA8	;(R6=0x00007E4F )
(    libInnoSecure.so[0xCBBCB000])[30 44       ]0x00004702:	ADD	R0, R6	;(R0=0xC9576C22 R6=0x6FA87E4F )
(    libInnoSecure.so[0xCBBCB000])[01 EB B0 66 ]0x00004704:	ADD.W	R6, R1, R0, ROR #26	;(R1=0x58B1D8A1 R0=0x38FFEA71 )
(    libInnoSecure.so[0xCBBCB000])[66 EA 03 00 ]0x00004708:	ORN	R0, R6, R3	;(R6=0x98AC74EF R3=0x584AFA74 )
(    libInnoSecure.so[0xCBBCB000])[4B 44       ]0x0000470C:	ADD	R3, SB	;(R3=0x584AFA74 SB=0x64396139 )
(    libInnoSecure.so[0xCBBCB000])[48 40       ]0x0000470E:	EORS	R0, R1	;(R0=0xBFBD75EF R1=0x58B1D8A1 )
(    libInnoSecure.so[0xCBBCB000])[10 44       ]0x00004710:	ADD	R0, R2	;(R0=0xE70CAD4E R2=0x53F38404 )
(    libInnoSecure.so[0xCBBCB000])[4E F2 E0 62 ]0x00004712:	MOVW	R2, #0XE6E0
(    libInnoSecure.so[0xCBBCB000])[CF F6 2C 62 ]0x00004716:	MOVT	R2, #0XFE2C	;(R2=0x0000E6E0 )
(    libInnoSecure.so[0xCBBCB000])[10 44       ]0x0000471A:	ADD	R0, R2	;(R0=0x3B003152 R2=0xFE2CE6E0 )
(    libInnoSecure.so[0xCBBCB000])[06 EB B0 52 ]0x0000471C:	ADD.W	R2, R6, R0, ROR #22	;(R6=0x98AC74EF R0=0x392D1832 )
(    libInnoSecure.so[0xCBBCB000])[62 EA 01 00 ]0x00004720:	ORN	R0, R2, R1	;(R2=0x4D0D3DD3 R1=0x58B1D8A1 )
(    libInnoSecure.so[0xCBBCB000])[29 44       ]0x00004724:	ADD	R1, R5	;(R1=0x58B1D8A1 R5=0x66333936 )
(    libInnoSecure.so[0xCBBCB000])[70 40       ]0x00004726:	EORS	R0, R6	;(R0=0xEF4F3FDF R6=0x98AC74EF )
(    libInnoSecure.so[0xCBBCB000])[0B 9D       ]0x00004728:	LDR	R5, [SP, #0X2C]	;(SP=0x100FFD18 )
(    libInnoSecure.so[0xCBBCB000])[18 44       ]0x0000472A:	ADD	R0, R3	;(R0=0x77E34B30 R3=0xBC845BAD )
(    libInnoSecure.so[0xCBBCB000])[44 F2 14 33 ]0x0000472C:	MOVW	R3, #0X4314
(    libInnoSecure.so[0xCBBCB000])[CA F2 01 33 ]0x00004730:	MOVT	R3, #0XA301	;(R3=0x00004314 )
(    libInnoSecure.so[0xCBBCB000])[18 44       ]0x00004734:	ADD	R0, R3	;(R0=0x3467A6DD R3=0xA3014314 )
(    libInnoSecure.so[0xCBBCB000])[02 EB 70 40 ]0x00004736:	ADD.W	R0, R2, R0, ROR #17	;(R2=0x4D0D3DD3 R0=0xD768E9F1 )
(    libInnoSecure.so[0xCBBCB000])[60 EA 06 03 ]0x0000473A:	ORN	R3, R0, R6	;(R0=0xC2062987 R6=0x98AC74EF )
(    libInnoSecure.so[0xCBBCB000])[2E 44       ]0x0000473E:	ADD	R6, R5	;(R6=0x98AC74EF R5=0x36366433 )
(    libInnoSecure.so[0xCBBCB000])[53 40       ]0x00004740:	EORS	R3, R2	;(R3=0xE757AB97 R2=0x4D0D3DD3 )
(    libInnoSecure.so[0xCBBCB000])[19 44       ]0x00004742:	ADD	R1, R3	;(R1=0xBEE511D7 R3=0xAA5A9644 )
(    libInnoSecure.so[0xCBBCB000])[41 F2 A1 13 ]0x00004744:	MOVW	R3, #0X11A1
(    libInnoSecure.so[0xCBBCB000])[C4 F6 08 63 ]0x00004748:	MOVT	R3, #0X4E08	;(R3=0x000011A1 )
(    libInnoSecure.so[0xCBBCB000])[19 44       ]0x0000474C:	ADD	R1, R3	;(R1=0x693FA81B R3=0x4E0811A1 )
(    libInnoSecure.so[0xCBBCB000])[00 EB F1 21 ]0x0000474E:	ADD.W	R1, R0, R1, ROR #11	;(R0=0xC2062987 R1=0xB747B9BC )
(    libInnoSecure.so[0xCBBCB000])[61 EA 02 03 ]0x00004752:	ORN	R3, R1, R2	;(R1=0xF99D127E R2=0x4D0D3DD3 )
(    libInnoSecure.so[0xCBBCB000])[43 40       ]0x00004756:	EORS	R3, R0	;(R3=0xFBFFD27E R0=0xC2062987 )
(    libInnoSecure.so[0xCBBCB000])[33 44       ]0x00004758:	ADD	R3, R6	;(R3=0x39F9FBF9 R6=0xCEE2D922 )
(    libInnoSecure.so[0xCBBCB000])[47 F6 82 66 ]0x0000475A:	MOVW	R6, #0X7E82
(    libInnoSecure.so[0xCBBCB000])[CF F2 53 76 ]0x0000475E:	MOVT	R6, #0XF753	;(R6=0x00007E82 )
(    libInnoSecure.so[0xCBBCB000])[33 44       ]0x00004762:	ADD	R3, R6	;(R3=0x08DCD51B R6=0xF7537E82 )
(    libInnoSecure.so[0xCBBCB000])[DC F8 00 60 ]0x00004764:	LDR.W	R6, [IP]	;(IP=0x100FFEF8 )
(    libInnoSecure.so[0xCBBCB000])[01 EB B3 63 ]0x00004768:	ADD.W	R3, R1, R3, ROR #26	;(R1=0xF99D127E R3=0x0030539D )
(    libInnoSecure.so[0xCBBCB000])[1E 44       ]0x0000476C:	ADD	R6, R3	;(R6=0x3261FD8D R3=0x05B1F9BE )
(    libInnoSecure.so[0xCBBCB000])[CC F8 00 60 ]0x0000476E:	STR.W	R6, [IP]	;(R6=0x3813F74B IP=0x100FFEF8 )
(    libInnoSecure.so[0xCBBCB000])[05 9D       ]0x00004772:	LDR	R5, [SP, #0X14]	;(SP=0x100FFD18 )
(    libInnoSecure.so[0xCBBCB000])[63 EA 00 06 ]0x00004774:	ORN	R6, R3, R0	;(R3=0x05B1F9BE R0=0xC2062987 )
(    libInnoSecure.so[0xCBBCB000])[4E 40       ]0x00004778:	EORS	R6, R1	;(R6=0x3DF9FFFE R1=0xF99D127E )
(    libInnoSecure.so[0xCBBCB000])[50 44       ]0x0000477A:	ADD	R0, SL	;(R0=0xC2062987 SL=0x31666561 )
(    libInnoSecure.so[0xCBBCB000])[2A 44       ]0x0000477C:	ADD	R2, R5	;(R2=0x4D0D3DD3 R5=0x33343531 )
(    libInnoSecure.so[0xCBBCB000])[32 44       ]0x0000477E:	ADD	R2, R6	;(R2=0x80417304 R6=0xC464ED80 )
(    libInnoSecure.so[0xCBBCB000])[4F F2 35 26 ]0x00004780:	MOVW	R6, #0XF235
(    libInnoSecure.so[0xCBBCB000])[CB F6 3A 56 ]0x00004784:	MOVT	R6, #0XBD3A	;(R6=0x0000F235 )
(    libInnoSecure.so[0xCBBCB000])[32 44       ]0x00004788:	ADD	R2, R6	;(R2=0x44A66084 R6=0xBD3AF235 )
(    libInnoSecure.so[0xCBBCB000])[DC E9 01 65 ]0x0000478A:	LDRD	R6, R5, [IP, #4]	;(IP=0x100FFEF8 )
(    libInnoSecure.so[0xCBBCB000])[DC F8 0C 40 ]0x0000478E:	LDR.W	R4, [IP, #0XC]	;(IP=0x100FFEF8 )
(    libInnoSecure.so[0xCBBCB000])[03 EB B2 52 ]0x00004792:	ADD.W	R2, R3, R2, ROR #22	;(R3=0x05B1F9BE R2=0x01E152B9 )
(    libInnoSecure.so[0xCBBCB000])[14 44       ]0x00004796:	ADD	R4, R2	;(R4=0xB7345AE9 R2=0x8AFCDDC5 )
(    libInnoSecure.so[0xCBBCB000])[CC F8 0C 40 ]0x00004798:	STR.W	R4, [IP, #0XC]	;(R4=0x423138AE IP=0x100FFEF8 )
(    libInnoSecure.so[0xCBBCB000])[62 EA 01 04 ]0x0000479C:	ORN	R4, R2, R1	;(R2=0x8AFCDDC5 R1=0xF99D127E )
(    libInnoSecure.so[0xCBBCB000])[5C 40       ]0x000047A0:	EORS	R4, R3	;(R4=0x8EFEFDC5 R3=0x05B1F9BE )
(    libInnoSecure.so[0xCBBCB000])[20 44       ]0x000047A2:	ADD	R0, R4	;(R0=0xF36C8EE8 R4=0x8B4F047B )
(    libInnoSecure.so[0xCBBCB000])[4D F2 BB 24 ]0x000047A4:	MOVW	R4, #0XD2BB
(    libInnoSecure.so[0xCBBCB000])[C2 F6 D7 24 ]0x000047A8:	MOVT	R4, #0X2AD7	;(R4=0x0000D2BB )
(    libInnoSecure.so[0xCBBCB000])[20 44       ]0x000047AC:	ADD	R0, R4	;(R0=0x7EBB9363 R4=0x2AD7D2BB )
(    libInnoSecure.so[0xCBBCB000])[02 EB 70 40 ]0x000047AE:	ADD.W	R0, R2, R0, ROR #17	;(R2=0x8AFCDDC5 R0=0xA993661E )
(    libInnoSecure.so[0xCBBCB000])[05 44       ]0x000047B2:	ADD	R5, R0	;(R5=0x98632BD1 R0=0x3E0C328E )
(    libInnoSecure.so[0xCBBCB000])[60 EA 03 03 ]0x000047B4:	ORN	R3, R0, R3	;(R0=0x3E0C328E R3=0x05B1F9BE )
(    libInnoSecure.so[0xCBBCB000])[CC F8 08 50 ]0x000047B8:	STR.W	R5, [IP, #8]	;(R5=0xD66F5E5F IP=0x100FFEF8 )
(    libInnoSecure.so[0xCBBCB000])[5A 40       ]0x000047BC:	EORS	R2, R3	;(R2=0x8AFCDDC5 R3=0xFE4E36CF )
(    libInnoSecure.so[0xCBBCB000])[10 9B       ]0x000047BE:	LDR	R3, [SP, #0X40]	;(SP=0x100FFD18 )
(    libInnoSecure.so[0xCBBCB000])[30 44       ]0x000047C0:	ADD	R0, R6	;(R0=0x3E0C328E R6=0xEACC5EE2 )
(    libInnoSecure.so[0xCBBCB000])[19 44       ]0x000047C2:	ADD	R1, R3	;(R1=0xF99D127E R3=0x37656164 )
(    libInnoSecure.so[0xCBBCB000])[11 44       ]0x000047C4:	ADD	R1, R2	;(R1=0x310273E2 R2=0x74B2EB0A )
(    libInnoSecure.so[0xCBBCB000])[4D F2 91 32 ]0x000047C6:	MOVW	R2, #0XD391
(    libInnoSecure.so[0xCBBCB000])[CE F6 86 32 ]0x000047CA:	MOVT	R2, #0XEB86	;(R2=0x0000D391 )
(    libInnoSecure.so[0xCBBCB000])[11 44       ]0x000047CE:	ADD	R1, R2	;(R1=0xA5B55EEC R2=0xEB86D391 )
(    libInnoSecure.so[0xCBBCB000])[00 EB F1 20 ]0x000047D0:	ADD.W	R0, R0, R1, ROR #11	;(R0=0x28D89170 R1=0x913C327D )
(    libInnoSecure.so[0xCBBCB000])[CC F8 04 00 ]0x000047D4:	STR.W	R0, [IP, #4]	;(R0=0x788AB8F6 IP=0x100FFEF8 )
(    libInnoSecure.so[0xCBBCB000])[07 48       ]0x000047D8:	LDR	R0, [PC, #0X1C]	;(PC=0xCBBCF7D8 )
(    libInnoSecure.so[0xCBBCB000])[52 99       ]0x000047DA:	LDR	R1, [SP, #0X148]	;(SP=0x100FFD18 )
(    libInnoSecure.so[0xCBBCB000])[78 44       ]0x000047DC:	ADD	R0, PC	;(R0=0x000056C0 PC=0xCBBCF7DC )
(    libInnoSecure.so[0xCBBCB000])[00 68       ]0x000047DE:	LDR	R0, [R0]	;(R0=0xCBBD4EA0 )
(    libInnoSecure.so[0xCBBCB000])[00 68       ]0x000047E0:	LDR	R0, [R0]	;(R0=0xCBC29384 )
(    libInnoSecure.so[0xCBBCB000])[40 1A       ]0x000047E2:	SUBS	R0, R0, R1	;(R0=0x00000000 R1=0x00000000 )
(    libInnoSecure.so[0xCBBCB000])[02 BF       ]0x000047E4:	ITTT	EQ
(    libInnoSecure.so[0xCBBCB000])[53 B0       ]0x000047E6:	ADD	SP, #0X14C	;(SP=0x100FFD18 )
(    libInnoSecure.so[0xCBBCB000])[BD E8 00 0F ]0x000047E8:	POP.W	{R8, SB, SL, FP}	;(SP=0x100FFE64 )
(    libInnoSecure.so[0xCBBCB000])[F0 BD       ]0x000047EC:	POP	{R4, R5, R6, R7, PC}	;(SP=0x100FFE74 )
(    libInnoSecure.so[0xCBBCB000])[05 F1 80 00 ]0x0000402E:	ADD.W	R0, R5, #0X80	;(R5=0x00000340 )
(    libInnoSecure.so[0xCBBCB000])[40 35       ]0x00004032:	ADDS	R5, #0X40	;(R5=0x00000340 )
(    libInnoSecure.so[0xCBBCB000])[A0 42       ]0x00004034:	CMP	R0, R4	;(R0=0x000003C0 R4=0x0000043E )
(    libInnoSecure.so[0xCBBCB000])[F5 D9       ]0x00004036:	BLS	#0XCBBCF024
(    libInnoSecure.so[0xCBBCB000])[09 EB 05 01 ]0x00004024:	ADD.W	R1, SB, R5	;(SB=0x30043020 R5=0x00000380 )
(    libInnoSecure.so[0xCBBCB000])[30 46       ]0x00004028:	MOV	R0, R6	;(R6=0x100FFEF8 )
(    libInnoSecure.so[0xCBBCB000])[00 F0 11 F8 ]0x0000402A:	BL	#0XCBBCF050	;(PC=0xCBBCF02A )
(    libInnoSecure.so[0xCBBCB000])[F0 B5       ]0x00004050:	PUSH	{R4, R5, R6, R7, LR}	;(SP=0x100FFE88 R4=0x0000043E R5=0x00000380 R6=0x100FFEF8 R7=0x100FFEA0 LR=0xCBBCF02F )
(    libInnoSecure.so[0xCBBCB000])[03 AF       ]0x00004052:	ADD	R7, SP, #0XC	;(SP=0x100FFE74 )
(    libInnoSecure.so[0xCBBCB000])[2D E9 00 0F ]0x00004054:	PUSH.W	{R8, SB, SL, FP}	;(SP=0x100FFE74 R8=0x100FFEF0 SB=0x30043020 SL=0x100FFF08 FP=0x00000007 )
(    libInnoSecure.so[0xCBBCB000])[D3 B0       ]0x00004058:	SUB	SP, #0X14C	;(SP=0x100FFE64 )
(    libInnoSecure.so[0xCBBCB000])[DF F8 98 27 ]0x0000405A:	LDR.W	R2, [PC, #0X798]	;(PC=0xCBBCF05A )
(    libInnoSecure.so[0xCBBCB000])[12 AC       ]0x0000405E:	ADD	R4, SP, #0X48	;(SP=0x100FFD18 )
(    libInnoSecure.so[0xCBBCB000])[00 25       ]0x00004060:	MOVS	R5, #0
(    libInnoSecure.so[0xCBBCB000])[7A 44       ]0x00004062:	ADD	R2, PC	;(R2=0x00005E3A PC=0xCBBCF062 )
(    libInnoSecure.so[0xCBBCB000])[12 68       ]0x00004064:	LDR	R2, [R2]	;(R2=0xCBBD4EA0 )
(    libInnoSecure.so[0xCBBCB000])[12 68       ]0x00004066:	LDR	R2, [R2]	;(R2=0xCBC29384 )
(    libInnoSecure.so[0xCBBCB000])[52 92       ]0x00004068:	STR	R2, [SP, #0X148]	;(R2=0x00000000 SP=0x100FFD18 )
(    libInnoSecure.so[0xCBBCB000])[D0 E9 00 C2 ]0x0000406A:	LDRD	IP, R2, [R0]	;(R0=0x100FFEF8 )
(    libInnoSecure.so[0xCBBCB000])[D0 F8 08 E0 ]0x0000406E:	LDR.W	LR, [R0, #8]	;(R0=0x100FFEF8 )
(    libInnoSecure.so[0xCBBCB000])[07 90       ]0x00004072:	STR	R0, [SP, #0X1C]	;(R0=0x100FFEF8 SP=0x100FFD18 )
(    libInnoSecure.so[0xCBBCB000])[C0 68       ]0x00004074:	LDR	R0, [R0, #0XC]	;(R0=0x100FFEF8 )
(    libInnoSecure.so[0xCBBCB000])[4E 59       ]0x00004076:	LDR	R6, [R1, R5]	;(R1=0x300433A0 R5=0x00000000 )
(    libInnoSecure.so[0xCBBCB000])[66 51       ]0x00004078:	STR	R6, [R4, R5]	;(R6=0x32336135 R4=0x100FFD60 R5=0x00000000 )
(    libInnoSecure.so[0xCBBCB000])[04 35       ]0x0000407A:	ADDS	R5, #4	;(R5=0x00000000 )
(    libInnoSecure.so[0xCBBCB000])[40 2D       ]0x0000407C:	CMP	R5, #0X40	;(R5=0x00000004 )
(    libInnoSecure.so[0xCBBCB000])[FA D1       ]0x0000407E:	BNE	#0XCBBCF076
(    libInnoSecure.so[0xCBBCB000])[4E 59       ]0x00004076:	LDR	R6, [R1, R5]	;(R1=0x300433A0 R5=0x00000004 )
(    libInnoSecure.so[0xCBBCB000])[66 51       ]0x00004078:	STR	R6, [R4, R5]	;(R6=0x37313438 R4=0x100FFD60 R5=0x00000004 )
(    libInnoSecure.so[0xCBBCB000])[04 35       ]0x0000407A:	ADDS	R5, #4	;(R5=0x00000004 )
(    libInnoSecure.so[0xCBBCB000])[40 2D       ]0x0000407C:	CMP	R5, #0X40	;(R5=0x00000008 )
(    libInnoSecure.so[0xCBBCB000])[FA D1       ]0x0000407E:	BNE	#0XCBBCF076
(    libInnoSecure.so[0xCBBCB000])[4E 59       ]0x00004076:	LDR	R6, [R1, R5]	;(R1=0x300433A0 R5=0x00000008 )
(    libInnoSecure.so[0xCBBCB000])[66 51       ]0x00004078:	STR	R6, [R4, R5]	;(R6=0x38386630 R4=0x100FFD60 R5=0x00000008 )
(    libInnoSecure.so[0xCBBCB000])[04 35       ]0x0000407A:	ADDS	R5, #4	;(R5=0x00000008 )
(    libInnoSecure.so[0xCBBCB000])[40 2D       ]0x0000407C:	CMP	R5, #0X40	;(R5=0x0000000C )
(    libInnoSecure.so[0xCBBCB000])[FA D1       ]0x0000407E:	BNE	#0XCBBCF076
(    libInnoSecure.so[0xCBBCB000])[4E 59       ]0x00004076:	LDR	R6, [R1, R5]	;(R1=0x300433A0 R5=0x0000000C )
(    libInnoSecure.so[0xCBBCB000])[66 51       ]0x00004078:	STR	R6, [R4, R5]	;(R6=0x33373237 R4=0x100FFD60 R5=0x0000000C )
(    libInnoSecure.so[0xCBBCB000])[04 35       ]0x0000407A:	ADDS	R5, #4	;(R5=0x0000000C )
(    libInnoSecure.so[0xCBBCB000])[40 2D       ]0x0000407C:	CMP	R5, #0X40	;(R5=0x00000010 )
(    libInnoSecure.so[0xCBBCB000])[FA D1       ]0x0000407E:	BNE	#0XCBBCF076
(    libInnoSecure.so[0xCBBCB000])[4E 59       ]0x00004076:	LDR	R6, [R1, R5]	;(R1=0x300433A0 R5=0x00000010 )
(    libInnoSecure.so[0xCBBCB000])[66 51       ]0x00004078:	STR	R6, [R4, R5]	;(R6=0x35356537 R4=0x100FFD60 R5=0x00000010 )
(    libInnoSecure.so[0xCBBCB000])[04 35       ]0x0000407A:	ADDS	R5, #4	;(R5=0x00000010 )
(    libInnoSecure.so[0xCBBCB000])[40 2D       ]0x0000407C:	CMP	R5, #0X40	;(R5=0x00000014 )
(    libInnoSecure.so[0xCBBCB000])[FA D1       ]0x0000407E:	BNE	#0XCBBCF076
(    libInnoSecure.so[0xCBBCB000])[4E 59       ]0x00004076:	LDR	R6, [R1, R5]	;(R1=0x300433A0 R5=0x00000014 )
(    libInnoSecure.so[0xCBBCB000])[66 51       ]0x00004078:	STR	R6, [R4, R5]	;(R6=0x63353935 R4=0x100FFD60 R5=0x00000014 )
(    libInnoSecure.so[0xCBBCB000])[04 35       ]0x0000407A:	ADDS	R5, #4	;(R5=0x00000014 )
(    libInnoSecure.so[0xCBBCB000])[40 2D       ]0x0000407C:	CMP	R5, #0X40	;(R5=0x00000018 )
(    libInnoSecure.so[0xCBBCB000])[FA D1       ]0x0000407E:	BNE	#0XCBBCF076
(    libInnoSecure.so[0xCBBCB000])[4E 59       ]0x00004076:	LDR	R6, [R1, R5]	;(R1=0x300433A0 R5=0x00000018 )
(    libInnoSecure.so[0xCBBCB000])[66 51       ]0x00004078:	STR	R6, [R4, R5]	;(R6=0x34646631 R4=0x100FFD60 R5=0x00000018 )
(    libInnoSecure.so[0xCBBCB000])[04 35       ]0x0000407A:	ADDS	R5, #4	;(R5=0x00000018 )
(    libInnoSecure.so[0xCBBCB000])[40 2D       ]0x0000407C:	CMP	R5, #0X40	;(R5=0x0000001C )
(    libInnoSecure.so[0xCBBCB000])[FA D1       ]0x0000407E:	BNE	#0XCBBCF076
(    libInnoSecure.so[0xCBBCB000])[4E 59       ]0x00004076:	LDR	R6, [R1, R5]	;(R1=0x300433A0 R5=0x0000001C )
(    libInnoSecure.so[0xCBBCB000])[66 51       ]0x00004078:	STR	R6, [R4, R5]	;(R6=0x33616430 R4=0x100FFD60 R5=0x0000001C )
(    libInnoSecure.so[0xCBBCB000])[04 35       ]0x0000407A:	ADDS	R5, #4	;(R5=0x0000001C )
(    libInnoSecure.so[0xCBBCB000])[40 2D       ]0x0000407C:	CMP	R5, #0X40	;(R5=0x00000020 )
(    libInnoSecure.so[0xCBBCB000])[FA D1       ]0x0000407E:	BNE	#0XCBBCF076
(    libInnoSecure.so[0xCBBCB000])[4E 59       ]0x00004076:	LDR	R6, [R1, R5]	;(R1=0x300433A0 R5=0x00000020 )
(    libInnoSecure.so[0xCBBCB000])[66 51       ]0x00004078:	STR	R6, [R4, R5]	;(R6=0x65626664 R4=0x100FFD60 R5=0x00000020 )
(    libInnoSecure.so[0xCBBCB000])[04 35       ]0x0000407A:	ADDS	R5, #4	;(R5=0x00000020 )
(    libInnoSecure.so[0xCBBCB000])[40 2D       ]0x0000407C:	CMP	R5, #0X40	;(R5=0x00000024 )
(    libInnoSecure.so[0xCBBCB000])[FA D1       ]0x0000407E:	BNE	#0XCBBCF076
(    libInnoSecure.so[0xCBBCB000])[4E 59       ]0x00004076:	LDR	R6, [R1, R5]	;(R1=0x300433A0 R5=0x00000024 )
(    libInnoSecure.so[0xCBBCB000])[66 51       ]0x00004078:	STR	R6, [R4, R5]	;(R6=0x38646135 R4=0x100FFD60 R5=0x00000024 )
(    libInnoSecure.so[0xCBBCB000])[04 35       ]0x0000407A:	ADDS	R5, #4	;(R5=0x00000024 )
(    libInnoSecure.so[0xCBBCB000])[40 2D       ]0x0000407C:	CMP	R5, #0X40	;(R5=0x00000028 )
(    libInnoSecure.so[0xCBBCB000])[FA D1       ]0x0000407E:	BNE	#0XCBBCF076
(    libInnoSecure.so[0xCBBCB000])[4E 59       ]0x00004076:	LDR	R6, [R1, R5]	;(R1=0x300433A0 R5=0x00000028 )
(    libInnoSecure.so[0xCBBCB000])[66 51       ]0x00004078:	STR	R6, [R4, R5]	;(R6=0x39653461 R4=0x100FFD60 R5=0x00000028 )
(    libInnoSecure.so[0xCBBCB000])[04 35       ]0x0000407A:	ADDS	R5, #4	;(R5=0x00000028 )
(    libInnoSecure.so[0xCBBCB000])[40 2D       ]0x0000407C:	CMP	R5, #0X40	;(R5=0x0000002C )
(    libInnoSecure.so[0xCBBCB000])[FA D1       ]0x0000407E:	BNE	#0XCBBCF076
(    libInnoSecure.so[0xCBBCB000])[4E 59       ]0x00004076:	LDR	R6, [R1, R5]	;(R1=0x300433A0 R5=0x0000002C )
(    libInnoSecure.so[0xCBBCB000])[66 51       ]0x00004078:	STR	R6, [R4, R5]	;(R6=0x32303836 R4=0x100FFD60 R5=0x0000002C )
(    libInnoSecure.so[0xCBBCB000])[04 35       ]0x0000407A:	ADDS	R5, #4	;(R5=0x0000002C )
(    libInnoSecure.so[0xCBBCB000])[40 2D       ]0x0000407C:	CMP	R5, #0X40	;(R5=0x00000030 )
(    libInnoSecure.so[0xCBBCB000])[FA D1       ]0x0000407E:	BNE	#0XCBBCF076
(    libInnoSecure.so[0xCBBCB000])[4E 59       ]0x00004076:	LDR	R6, [R1, R5]	;(R1=0x300433A0 R5=0x00000030 )
(    libInnoSecure.so[0xCBBCB000])[66 51       ]0x00004078:	STR	R6, [R4, R5]	;(R6=0x36333566 R4=0x100FFD60 R5=0x00000030 )
(    libInnoSecure.so[0xCBBCB000])[04 35       ]0x0000407A:	ADDS	R5, #4	;(R5=0x00000030 )
(    libInnoSecure.so[0xCBBCB000])[40 2D       ]0x0000407C:	CMP	R5, #0X40	;(R5=0x00000034 )
(    libInnoSecure.so[0xCBBCB000])[FA D1       ]0x0000407E:	BNE	#0XCBBCF076
(    libInnoSecure.so[0xCBBCB000])[4E 59       ]0x00004076:	LDR	R6, [R1, R5]	;(R1=0x300433A0 R5=0x00000034 )
(    libInnoSecure.so[0xCBBCB000])[66 51       ]0x00004078:	STR	R6, [R4, R5]	;(R6=0x37393733 R4=0x100FFD60 R5=0x00000034 )
(    libInnoSecure.so[0xCBBCB000])[04 35       ]0x0000407A:	ADDS	R5, #4	;(R5=0x00000034 )
(    libInnoSecure.so[0xCBBCB000])[40 2D       ]0x0000407C:	CMP	R5, #0X40	;(R5=0x00000038 )
(    libInnoSecure.so[0xCBBCB000])[FA D1       ]0x0000407E:	BNE	#0XCBBCF076
(    libInnoSecure.so[0xCBBCB000])[4E 59       ]0x00004076:	LDR	R6, [R1, R5]	;(R1=0x300433A0 R5=0x00000038 )
(    libInnoSecure.so[0xCBBCB000])[66 51       ]0x00004078:	STR	R6, [R4, R5]	;(R6=0x65306637 R4=0x100FFD60 R5=0x00000038 )
(    libInnoSecure.so[0xCBBCB000])[04 35       ]0x0000407A:	ADDS	R5, #4	;(R5=0x00000038 )
(    libInnoSecure.so[0xCBBCB000])[40 2D       ]0x0000407C:	CMP	R5, #0X40	;(R5=0x0000003C )
(    libInnoSecure.so[0xCBBCB000])[FA D1       ]0x0000407E:	BNE	#0XCBBCF076
(    libInnoSecure.so[0xCBBCB000])[4E 59       ]0x00004076:	LDR	R6, [R1, R5]	;(R1=0x300433A0 R5=0x0000003C )
(    libInnoSecure.so[0xCBBCB000])[66 51       ]0x00004078:	STR	R6, [R4, R5]	;(R6=0x39653662 R4=0x100FFD60 R5=0x0000003C )
(    libInnoSecure.so[0xCBBCB000])[04 35       ]0x0000407A:	ADDS	R5, #4	;(R5=0x0000003C )
(    libInnoSecure.so[0xCBBCB000])[40 2D       ]0x0000407C:	CMP	R5, #0X40	;(R5=0x00000040 )
(    libInnoSecure.so[0xCBBCB000])[FA D1       ]0x0000407E:	BNE	#0XCBBCF076
(    libInnoSecure.so[0xCBBCB000])[0E EA 02 01 ]0x00004080:	AND.W	R1, LR, R2	;(LR=0xD66F5E5F R2=0x788AB8F6 )
(    libInnoSecure.so[0xCBBCB000])[20 EA 02 06 ]0x00004084:	BIC.W	R6, R0, R2	;(R0=0x423138AE R2=0x788AB8F6 )
(    libInnoSecure.so[0xCBBCB000])[31 43       ]0x00004088:	ORRS	R1, R6	;(R1=0x500A1856 R6=0x02310008 )
(    libInnoSecure.so[0xCBBCB000])[12 9D       ]0x0000408A:	LDR	R5, [SP, #0X48]	;(SP=0x100FFD18 )
(    libInnoSecure.so[0xCBBCB000])[61 44       ]0x0000408C:	ADD	R1, IP	;(R1=0x523B185E IP=0x3813F74B )
(    libInnoSecure.so[0xCBBCB000])[4A F2 78 46 ]0x0000408E:	MOVW	R6, #0XA478
(    libInnoSecure.so[0xCBBCB000])[29 44       ]0x00004092:	ADD	R1, R5	;(R1=0x8A4F0FA9 R5=0x32336135 )
(    libInnoSecure.so[0xCBBCB000])[CD F2 6A 76 ]0x00004094:	MOVT	R6, #0XD76A	;(R6=0x0000A478 )
(    libInnoSecure.so[0xCBBCB000])[31 44       ]0x00004098:	ADD	R1, R6	;(R1=0xBC8270DE R6=0xD76AA478 )
(    libInnoSecure.so[0xCBBCB000])[13 9B       ]0x0000409A:	LDR	R3, [SP, #0X4C]	;(SP=0x100FFD18 )
(    libInnoSecure.so[0xCBBCB000])[0E 95       ]0x0000409C:	STR	R5, [SP, #0X38]	;(R5=0x32336135 SP=0x100FFD18 )
(    libInnoSecure.so[0xCBBCB000])[02 EB 71 66 ]0x0000409E:	ADD.W	R6, R2, R1, ROR #25	;(R2=0x788AB8F6 R1=0x93ED1556 )
(    libInnoSecure.so[0xCBBCB000])[18 44       ]0x000040A2:	ADD	R0, R3	;(R0=0x423138AE R3=0x37313438 )
(    libInnoSecure.so[0xCBBCB000])[2E EA 06 01 ]0x000040A4:	BIC.W	R1, LR, R6	;(LR=0xD66F5E5F R6=0x6F15643F )
(    libInnoSecure.so[0xCBBCB000])[06 EA 02 05 ]0x000040A8:	AND.W	R5, R6, R2	;(R6=0x6F15643F R2=0x788AB8F6 )
(    libInnoSecure.so[0xCBBCB000])[29 43       ]0x000040AC:	ORRS	R1, R5	;(R1=0x906A1A40 R5=0x68002036 )
(    libInnoSecure.so[0xCBBCB000])[14 9C       ]0x000040AE:	LDR	R4, [SP, #0X50]	;(SP=0x100FFD18 )
(    libInnoSecure.so[0xCBBCB000])[08 44       ]0x000040B0:	ADD	R0, R1	;(R0=0x79626CE6 R1=0xF86A3A76 )
(    libInnoSecure.so[0xCBBCB000])[4B F2 56 71 ]0x000040B2:	MOVW	R1, #0XB756
(    libInnoSecure.so[0xCBBCB000])[CE F6 C7 01 ]0x000040B6:	MOVT	R1, #0XE8C7	;(R1=0x0000B756 )
(    libInnoSecure.so[0xCBBCB000])[08 44       ]0x000040BA:	ADD	R0, R1	;(R0=0x71CCA75C R1=0xE8C7B756 )
(    libInnoSecure.so[0xCBBCB000])[DD F8 54 C0 ]0x000040BC:	LDR.W	IP, [SP, #0X54]	;(SP=0x100FFD18 )
(    libInnoSecure.so[0xCBBCB000])[06 EB 30 55 ]0x000040C0:	ADD.W	R5, R6, R0, ROR #20	;(R6=0x6F15643F R0=0x5A945EB2 )
(    libInnoSecure.so[0xCBBCB000])[11 93       ]0x000040C4:	STR	R3, [SP, #0X44]	;(R3=0x37313438 SP=0x100FFD18 )
(    libInnoSecure.so[0xCBBCB000])[22 EA 05 00 ]0x000040C6:	BIC.W	R0, R2, R5	;(R2=0x788AB8F6 R5=0xB50089E8 )
(    libInnoSecure.so[0xCBBCB000])[05 EA 06 01 ]0x000040CA:	AND.W	R1, R5, R6	;(R5=0xB50089E8 R6=0x6F15643F )
(    libInnoSecure.so[0xCBBCB000])[08 43       ]0x000040CE:	ORRS	R0, R1	;(R0=0x488A3016 R1=0x25000028 )
(    libInnoSecure.so[0xCBBCB000])[0E EB 04 01 ]0x000040D0:	ADD.W	R1, LR, R4	;(LR=0xD66F5E5F R4=0x38386630 )
(    libInnoSecure.so[0xCBBCB000])[08 44       ]0x000040D4:	ADD	R0, R1	;(R0=0x6D8A303E R1=0x0EA7C48F )
(    libInnoSecure.so[0xCBBCB000])[47 F2 DB 01 ]0x000040D6:	MOVW	R1, #0X70DB
(    libInnoSecure.so[0xCBBCB000])[C2 F2 20 41 ]0x000040DA:	MOVT	R1, #0X2420	;(R1=0x000070DB )
(    libInnoSecure.so[0xCBBCB000])[08 44       ]0x000040DE:	ADD	R0, R1	;(R0=0x7C31F4CD R1=0x242070DB )
(    libInnoSecure.so[0xCBBCB000])[62 44       ]0x000040E0:	ADD	R2, IP	;(R2=0x788AB8F6 IP=0x33373237 )
(    libInnoSecure.so[0xCBBCB000])[CD F8 3C C0 ]0x000040E2:	STR.W	IP, [SP, #0X3C]	;(IP=0x33373237 SP=0x100FFD18 )
(    libInnoSecure.so[0xCBBCB000])[05 EB F0 30 ]0x000040E6:	ADD.W	R0, R5, R0, ROR #15	;(R5=0xB50089E8 R0=0xA05265A8 )
(    libInnoSecure.so[0xCBBCB000])[DD F8 60 C0 ]0x000040EA:	LDR.W	IP, [SP, #0X60]	;(SP=0x100FFD18 )
(    libInnoSecure.so[0xCBBCB000])[26 EA 00 01 ]0x000040EE:	BIC.W	R1, R6, R0	;(R6=0x6F15643F R0=0x8051CA8C )
(    libInnoSecure.so[0xCBBCB000])[00 EA 05 03 ]0x000040F2:	AND.W	R3, R0, R5	;(R0=0x8051CA8C R5=0xB50089E8 )
(    libInnoSecure.so[0xCBBCB000])[19 43       ]0x000040F6:	ORRS	R1, R3	;(R1=0x6F042433 R3=0x80008888 )
(    libInnoSecure.so[0xCBBCB000])[0C 94       ]0x000040F8:	STR	R4, [SP, #0X30]	;(R4=0x38386630 SP=0x100FFD18 )
(    libInnoSecure.so[0xCBBCB000])[11 44       ]0x000040FA:	ADD	R1, R2	;(R1=0xEF04ACBB R2=0xABC1EB2D )
(    libInnoSecure.so[0xCBBCB000])[4C F6 EE 62 ]0x000040FC:	MOVW	R2, #0XCEEE
(    libInnoSecure.so[0xCBBCB000])[CC F2 BD 12 ]0x00004100:	MOVT	R2, #0XC1BD	;(R2=0x0000CEEE )
(    libInnoSecure.so[0xCBBCB000])[11 44       ]0x00004104:	ADD	R1, R2	;(R1=0x9AC697E8 R2=0xC1BDCEEE )
(    libInnoSecure.so[0xCBBCB000])[DD F8 74 90 ]0x00004106:	LDR.W	SB, [SP, #0X74]	;(SP=0x100FFD18 )
(    libInnoSecure.so[0xCBBCB000])[00 EB B1 21 ]0x0000410A:	ADD.W	R1, R0, R1, ROR #10	;(R0=0x8051CA8C R1=0x5C8466D6 )
(    libInnoSecure.so[0xCBBCB000])[CD F8 18 C0 ]0x0000410E:	STR.W	IP, [SP, #0X18]	;(IP=0x34646631 SP=0x100FFD18 )
(    libInnoSecure.so[0xCBBCB000])[25 EA 01 02 ]0x00004112:	BIC.W	R2, R5, R1	;(R5=0xB50089E8 R1=0x35E8EBA5 )
(    libInnoSecure.so[0xCBBCB000])[01 EA 00 03 ]0x00004116:	AND.W	R3, R1, R0	;(R1=0x35E8EBA5 R0=0x8051CA8C )
(    libInnoSecure.so[0xCBBCB000])[1A 43       ]0x0000411A:	ORRS	R2, R3	;(R2=0x80000048 R3=0x0040CA84 )
(    libInnoSecure.so[0xCBBCB000])[16 9B       ]0x0000411C:	LDR	R3, [SP, #0X58]	;(SP=0x100FFD18 )
(    libInnoSecure.so[0xCBBCB000])[0B 93       ]0x0000411E:	STR	R3, [SP, #0X2C]	;(R3=0x35356537 SP=0x100FFD18 )
(    libInnoSecure.so[0xCBBCB000])[33 44       ]0x00004120:	ADD	R3, R6	;(R3=0x35356537 R6=0x6F15643F )
(    libInnoSecure.so[0xCBBCB000])[1A 44       ]0x00004122:	ADD	R2, R3	;(R2=0x8040CACC R3=0xA44AC976 )
(    libInnoSecure.so[0xCBBCB000])[40 F6 AF 73 ]0x00004124:	MOVW	R3, #0XFAF
(    libInnoSecure.so[0xCBBCB000])[CF F2 7C 53 ]0x00004128:	MOVT	R3, #0XF57C	;(R3=0x00000FAF )
(    libInnoSecure.so[0xCBBCB000])[1A 44       ]0x0000412C:	ADD	R2, R3	;(R2=0x248B9442 R3=0xF57C0FAF )
(    libInnoSecure.so[0xCBBCB000])[01 EB 72 62 ]0x0000412E:	ADD.W	R2, R1, R2, ROR #25	;(R1=0x35E8EBA5 R2=0x1A07A3F1 )
(    libInnoSecure.so[0xCBBCB000])[20 EA 02 03 ]0x00004132:	BIC.W	R3, R0, R2	;(R0=0x8051CA8C R2=0x39BAE432 )
(    libInnoSecure.so[0xCBBCB000])[02 EA 01 06 ]0x00004136:	AND.W	R6, R2, R1	;(R2=0x39BAE432 R1=0x35E8EBA5 )
(    libInnoSecure.so[0xCBBCB000])[33 43       ]0x0000413A:	ORRS	R3, R6	;(R3=0x80410A8C R6=0x31A8E020 )
(    libInnoSecure.so[0xCBBCB000])[17 9E       ]0x0000413C:	LDR	R6, [SP, #0X5C]	;(SP=0x100FFD18 )
(    libInnoSecure.so[0xCBBCB000])[60 44       ]0x0000413E:	ADD	R0, IP	;(R0=0x8051CA8C IP=0x34646631 )
(    libInnoSecure.so[0xCBBCB000])[09 96       ]0x00004140:	STR	R6, [SP, #0X24]	;(R6=0x63353935 SP=0x100FFD18 )
(    libInnoSecure.so[0xCBBCB000])[35 44       ]0x00004142:	ADD	R5, R6	;(R5=0xB50089E8 R6=0x63353935 )
(    libInnoSecure.so[0xCBBCB000])[1C 9E       ]0x00004144:	LDR	R6, [SP, #0X70]	;(SP=0x100FFD18 )
(    libInnoSecure.so[0xCBBCB000])[2B 44       ]0x00004146:	ADD	R3, R5	;(R3=0xB1E9EAAC R5=0x1835C31D )
(    libInnoSecure.so[0xCBBCB000])[4C F2 2A 65 ]0x00004148:	MOVW	R5, #0XC62A
(    libInnoSecure.so[0xCBBCB000])[C4 F2 87 75 ]0x0000414C:	MOVT	R5, #0X4787	;(R5=0x0000C62A )
(    libInnoSecure.so[0xCBBCB000])[2B 44       ]0x00004150:	ADD	R3, R5	;(R3=0xCA1FADC9 R5=0x4787C62A )
(    libInnoSecure.so[0xCBBCB000])[B0 46       ]0x00004152:	MOV	R8, R6	;(R6=0x39653461 )
(    libInnoSecure.so[0xCBBCB000])[02 EB 33 53 ]0x00004154:	ADD.W	R3, R2, R3, ROR #20	;(R2=0x39BAE432 R3=0x11A773F3 )
(    libInnoSecure.so[0xCBBCB000])[CD F8 08 80 ]0x00004158:	STR.W	R8, [SP, #8]	;(R8=0x39653461 SP=0x100FFD18 )
(    libInnoSecure.so[0xCBBCB000])[21 EA 03 05 ]0x0000415C:	BIC.W	R5, R1, R3	;(R1=0x35E8EBA5 R3=0xB0FA154C )
(    libInnoSecure.so[0xCBBCB000])[03 EA 02 04 ]0x00004160:	AND.W	R4, R3, R2	;(R3=0xB0FA154C R2=0x39BAE432 )
(    libInnoSecure.so[0xCBBCB000])[25 43       ]0x00004164:	ORRS	R5, R4	;(R5=0x0500EAA1 R4=0x30BA0400 )
(    libInnoSecure.so[0xCBBCB000])[19 9C       ]0x00004166:	LDR	R4, [SP, #0X64]	;(SP=0x100FFD18 )
(    libInnoSecure.so[0xCBBCB000])[28 44       ]0x00004168:	ADD	R0, R5	;(R0=0xB4B630BD R5=0x35BAEEA1 )
(    libInnoSecure.so[0xCBBCB000])[44 F2 13 65 ]0x0000416A:	MOVW	R5, #0X4613
(    libInnoSecure.so[0xCBBCB000])[CA F6 30 05 ]0x0000416E:	MOVT	R5, #0XA830	;(R5=0x00004613 )
(    libInnoSecure.so[0xCBBCB000])[28 44       ]0x00004172:	ADD	R0, R5	;(R0=0xEA711F5E R5=0xA8304613 )
(    libInnoSecure.so[0xCBBCB000])[21 44       ]0x00004174:	ADD	R1, R4	;(R1=0x35E8EBA5 R4=0x33616430 )
(    libInnoSecure.so[0xCBBCB000])[04 94       ]0x00004176:	STR	R4, [SP, #0X10]	;(R4=0x33616430 SP=0x100FFD18 )
(    libInnoSecure.so[0xCBBCB000])[03 EB F0 3E ]0x00004178:	ADD.W	LR, R3, R0, ROR #15	;(R3=0xB0FA154C R0=0x92A16571 )
(    libInnoSecure.so[0xCBBCB000])[22 EA 0E 00 ]0x0000417C:	BIC.W	R0, R2, LR	;(R2=0x39BAE432 LR=0x7BDD3A8E )
(    libInnoSecure.so[0xCBBCB000])[0E EA 03 05 ]0x00004180:	AND.W	R5, LR, R3	;(LR=0x7BDD3A8E R3=0xB0FA154C )
(    libInnoSecure.so[0xCBBCB000])[28 43       ]0x00004184:	ORRS	R0, R5	;(R0=0x0022C430 R5=0x30D8100C )
(    libInnoSecure.so[0xCBBCB000])[06 EB 0E 05 ]0x00004186:	ADD.W	R5, R6, LR	;(R6=0x39653461 LR=0x7BDD3A8E )
(    libInnoSecure.so[0xCBBCB000])[08 44       ]0x0000418A:	ADD	R0, R1	;(R0=0x30FAD43C R1=0x694A4FD5 )
(    libInnoSecure.so[0xCBBCB000])[49 F2 01 51 ]0x0000418C:	MOVW	R1, #0X9501
(    libInnoSecure.so[0xCBBCB000])[CF F6 46 51 ]0x00004190:	MOVT	R1, #0XFD46	;(R1=0x00009501 )
(    libInnoSecure.so[0xCBBCB000])[08 44       ]0x00004194:	ADD	R0, R1	;(R0=0x9A452411 R1=0xFD469501 )
(    libInnoSecure.so[0xCBBCB000])[0E EB B0 21 ]0x00004196:	ADD.W	R1, LR, R0, ROR #10	;(LR=0x7BDD3A8E R0=0x978BB912 )
(    libInnoSecure.so[0xCBBCB000])[23 EA 01 00 ]0x0000419A:	BIC.W	R0, R3, R1	;(R3=0xB0FA154C R1=0xC0831D7C )
(    libInnoSecure.so[0xCBBCB000])[01 EA 0E 04 ]0x0000419E:	AND.W	R4, R1, LR	;(R1=0xC0831D7C LR=0x7BDD3A8E )
(    libInnoSecure.so[0xCBBCB000])[20 43       ]0x000041A2:	ORRS	R0, R4	;(R0=0x30780000 R4=0x4081180C )
(    libInnoSecure.so[0xCBBCB000])[1A 9C       ]0x000041A4:	LDR	R4, [SP, #0X68]	;(SP=0x100FFD18 )
(    libInnoSecure.so[0xCBBCB000])[0A 94       ]0x000041A6:	STR	R4, [SP, #0X28]	;(R4=0x65626664 SP=0x100FFD18 )
(    libInnoSecure.so[0xCBBCB000])[22 44       ]0x000041A8:	ADD	R2, R4	;(R2=0x39BAE432 R4=0x65626664 )
(    libInnoSecure.so[0xCBBCB000])[10 44       ]0x000041AA:	ADD	R0, R2	;(R0=0x70F9180C R2=0x9F1D4A96 )
(    libInnoSecure.so[0xCBBCB000])[49 F6 D8 02 ]0x000041AC:	MOVW	R2, #0X98D8
(    libInnoSecure.so[0xCBBCB000])[C6 F6 80 12 ]0x000041B0:	MOVT	R2, #0X6980	;(R2=0x000098D8 )
(    libInnoSecure.so[0xCBBCB000])[10 44       ]0x000041B4:	ADD	R0, R2	;(R0=0x101662A2 R2=0x698098D8 )
(    libInnoSecure.so[0xCBBCB000])[01 EB 70 60 ]0x000041B6:	ADD.W	R0, R1, R0, ROR #25	;(R1=0xC0831D7C R0=0x7996FB7A )
(    libInnoSecure.so[0xCBBCB000])[2E EA 00 02 ]0x000041BA:	BIC.W	R2, LR, R0	;(LR=0x7BDD3A8E R0=0x8C00DAB8 )
(    libInnoSecure.so[0xCBBCB000])[00 EA 01 04 ]0x000041BE:	AND.W	R4, R0, R1	;(R0=0x8C00DAB8 R1=0xC0831D7C )
(    libInnoSecure.so[0xCBBCB000])[22 43       ]0x000041C2:	ORRS	R2, R4	;(R2=0x73DD2006 R4=0x80001838 )
(    libInnoSecure.so[0xCBBCB000])[1B 9C       ]0x000041C4:	LDR	R4, [SP, #0X6C]	;(SP=0x100FFD18 )
(    libInnoSecure.so[0xCBBCB000])[10 94       ]0x000041C6:	STR	R4, [SP, #0X40]	;(R4=0x38646135 SP=0x100FFD18 )
(    libInnoSecure.so[0xCBBCB000])[23 44       ]0x000041C8:	ADD	R3, R4	;(R3=0xB0FA154C R4=0x38646135 )
(    libInnoSecure.so[0xCBBCB000])[1A 44       ]0x000041CA:	ADD	R2, R3	;(R2=0xF3DD383E R3=0xE95E7681 )
(    libInnoSecure.so[0xCBBCB000])[4F F2 AF 73 ]0x000041CC:	MOVW	R3, #0XF7AF
(    libInnoSecure.so[0xCBBCB000])[C8 F6 44 33 ]0x000041D0:	MOVT	R3, #0X8B44	;(R3=0x0000F7AF )
(    libInnoSecure.so[0xCBBCB000])[1A 44       ]0x000041D4:	ADD	R2, R3	;(R2=0xDD3BAEBF R3=0x8B44F7AF )
(    libInnoSecure.so[0xCBBCB000])[00 EB 32 53 ]0x000041D6:	ADD.W	R3, R0, R2, ROR #20	;(R0=0x8C00DAB8 R2=0x6880A66E )
(    libInnoSecure.so[0xCBBCB000])[21 EA 03 02 ]0x000041DA:	BIC.W	R2, R1, R3	;(R1=0xC0831D7C R3=0x9667C140 )
(    libInnoSecure.so[0xCBBCB000])[03 EA 00 04 ]0x000041DE:	AND.W	R4, R3, R0	;(R3=0x9667C140 R0=0x8C00DAB8 )
(    libInnoSecure.so[0xCBBCB000])[22 43       ]0x000041E2:	ORRS	R2, R4	;(R2=0x40801C3C R4=0x8400C000 )
(    libInnoSecure.so[0xCBBCB000])[49 44       ]0x000041E4:	ADD	R1, SB	;(R1=0xC0831D7C SB=0x32303836 )
(    libInnoSecure.so[0xCBBCB000])[2A 44       ]0x000041E6:	ADD	R2, R5	;(R2=0xC480DC3C R5=0xB5426EEF )
(    libInnoSecure.so[0xCBBCB000])[4A F2 4F 45 ]0x000041E8:	MOVW	R5, #0XA44F
(    libInnoSecure.so[0xCBBCB000])[52 1B       ]0x000041EC:	SUBS	R2, R2, R5	;(R2=0x79C34B2B R5=0x0000A44F )
(    libInnoSecure.so[0xCBBCB000])[03 EB F2 3E ]0x000041EE:	ADD.W	LR, R3, R2, ROR #15	;(R3=0x9667C140 R2=0x79C2A6DC )
(    libInnoSecure.so[0xCBBCB000])[20 EA 0E 02 ]0x000041F2:	BIC.W	R2, R0, LR	;(R0=0x8C00DAB8 LR=0xE420B4C5 )
(    libInnoSecure.so[0xCBBCB000])[0E EA 03 05 ]0x000041F6:	AND.W	R5, LR, R3	;(LR=0xE420B4C5 R3=0x9667C140 )
(    libInnoSecure.so[0xCBBCB000])[2A 43       ]0x000041FA:	ORRS	R2, R5	;(R2=0x08004A38 R5=0x84208040 )
(    libInnoSecure.so[0xCBBCB000])[11 44       ]0x000041FC:	ADD	R1, R2	;(R1=0xF2B355B2 R2=0x8C20CA78 )
(    libInnoSecure.so[0xCBBCB000])[4D F2 BE 72 ]0x000041FE:	MOVW	R2, #0XD7BE
(    libInnoSecure.so[0xCBBCB000])[C8 F6 5C 12 ]0x00004202:	MOVT	R2, #0X895C	;(R2=0x0000D7BE )
(    libInnoSecure.so[0xCBBCB000])[11 44       ]0x00004206:	ADD	R1, R2	;(R1=0x7ED4202A R2=0x895CD7BE )
(    libInnoSecure.so[0xCBBCB000])[0E EB B1 21 ]0x00004208:	ADD.W	R1, LR, R1, ROR #10	;(LR=0xE420B4C5 R1=0x0830F7E8 )
(    libInnoSecure.so[0xCBBCB000])[23 EA 01 02 ]0x0000420C:	BIC.W	R2, R3, R1	;(R3=0x9667C140 R1=0xDE22C102 )
(    libInnoSecure.so[0xCBBCB000])[01 EA 0E 05 ]0x00004210:	AND.W	R5, R1, LR	;(R1=0xDE22C102 LR=0xE420B4C5 )
(    libInnoSecure.so[0xCBBCB000])[15 43       ]0x00004214:	ORRS	R5, R2	;(R5=0xC4208000 R2=0x00450040 )
(    libInnoSecure.so[0xCBBCB000])[1E 9A       ]0x00004216:	LDR	R2, [SP, #0X78]	;(SP=0x100FFD18 )
(    libInnoSecure.so[0xCBBCB000])[0D 92       ]0x00004218:	STR	R2, [SP, #0X34]	;(R2=0x36333566 SP=0x100FFD18 )
(    libInnoSecure.so[0xCBBCB000])[10 44       ]0x0000421A:	ADD	R0, R2	;(R0=0x8C00DAB8 R2=0x36333566 )
(    libInnoSecure.so[0xCBBCB000])[1F 9A       ]0x0000421C:	LDR	R2, [SP, #0X7C]	;(SP=0x100FFD18 )
(    libInnoSecure.so[0xCBBCB000])[28 44       ]0x0000421E:	ADD	R0, R5	;(R0=0xC234101E R5=0xC4658040 )
(    libInnoSecure.so[0xCBBCB000])[41 F2 22 15 ]0x00004220:	MOVW	R5, #0X1122
(    libInnoSecure.so[0xCBBCB000])[C6 F6 90 35 ]0x00004224:	MOVT	R5, #0X6B90	;(R5=0x00001122 )
(    libInnoSecure.so[0xCBBCB000])[28 44       ]0x00004228:	ADD	R0, R5	;(R0=0x8699905E R5=0x6B901122 )
(    libInnoSecure.so[0xCBBCB000])[13 44       ]0x0000422A:	ADD	R3, R2	;(R3=0x9667C140 R2=0x37393733 )
(    libInnoSecure.so[0xCBBCB000])[08 92       ]0x0000422C:	STR	R2, [SP, #0X20]	;(R2=0x37393733 SP=0x100FFD18 )
(    libInnoSecure.so[0xCBBCB000])[01 EB 70 60 ]0x0000422E:	ADD.W	R0, R1, R0, ROR #25	;(R1=0xDE22C102 R0=0xF229A180 )
(    libInnoSecure.so[0xCBBCB000])[20 9A       ]0x00004232:	LDR	R2, [SP, #0X80]	;(SP=0x100FFD18 )
(    libInnoSecure.so[0xCBBCB000])[2E EA 00 05 ]0x00004234:	BIC.W	R5, LR, R0	;(LR=0xE420B4C5 R0=0xF2F3817B )
(    libInnoSecure.so[0xCBBCB000])[00 EA 01 06 ]0x00004238:	AND.W	R6, R0, R1	;(R0=0xF2F3817B R1=0xDE22C102 )
(    libInnoSecure.so[0xCBBCB000])[2E 43       ]0x0000423C:	ORRS	R6, R5	;(R6=0xD2228102 R5=0x04003484 )
(    libInnoSecure.so[0xCBBCB000])[02 EB 0E 05 ]0x0000423E:	ADD.W	R5, R2, LR	;(R2=0x65306637 LR=0xE420B4C5 )
(    libInnoSecure.so[0xCBBCB000])[33 44       ]0x00004242:	ADD	R3, R6	;(R3=0xCDA0F873 R6=0xD622B586 )
(    libInnoSecure.so[0xCBBCB000])[47 F2 93 16 ]0x00004244:	MOVW	R6, #0X7193
(    libInnoSecure.so[0xCBBCB000])[CF F6 98 56 ]0x00004248:	MOVT	R6, #0XFD98	;(R6=0x00007193 )
(    libInnoSecure.so[0xCBBCB000])[33 44       ]0x0000424C:	ADD	R3, R6	;(R3=0xA3C3ADF9 R6=0xFD987193 )
(    libInnoSecure.so[0xCBBCB000])[96 46       ]0x0000424E:	MOV	LR, R2	;(R2=0x65306637 )
(    libInnoSecure.so[0xCBBCB000])[21 9A       ]0x00004250:	LDR	R2, [SP, #0X84]	;(SP=0x100FFD18 )
(    libInnoSecure.so[0xCBBCB000])[00 EB 33 5A ]0x00004252:	ADD.W	SL, R0, R3, ROR #20	;(R0=0xF2F3817B R3=0xA15C1F8C )
(    libInnoSecure.so[0xCBBCB000])[21 EA 0A 03 ]0x00004256:	BIC.W	R3, R1, SL	;(R1=0xDE22C102 SL=0xB4EC4B90 )
(    libInnoSecure.so[0xCBBCB000])[0A EA 00 06 ]0x0000425A:	AND.W	R6, SL, R0	;(SL=0xB4EC4B90 R0=0xF2F3817B )
(    libInnoSecure.so[0xCBBCB000])[1E 43       ]0x0000425E:	ORRS	R6, R3	;(R6=0xB0E00110 R3=0x4A028002 )
(    libInnoSecure.so[0xCBBCB000])[11 44       ]0x00004260:	ADD	R1, R2	;(R1=0xDE22C102 R2=0x39653662 )
(    libInnoSecure.so[0xCBBCB000])[2E 44       ]0x00004262:	ADD	R6, R5	;(R6=0xFAE28112 R5=0x49511AFC )
(    libInnoSecure.so[0xCBBCB000])[44 F2 8E 35 ]0x00004264:	MOVW	R5, #0X438E
(    libInnoSecure.so[0xCBBCB000])[CA F2 79 65 ]0x00004268:	MOVT	R5, #0XA679	;(R5=0x0000438E )
(    libInnoSecure.so[0xCBBCB000])[2E 44       ]0x0000426C:	ADD	R6, R5	;(R6=0x44339C0E R5=0xA679438E )
(    libInnoSecure.so[0xCBBCB000])[13 46       ]0x0000426E:	MOV	R3, R2	;(R2=0x39653662 )
(    libInnoSecure.so[0xCBBCB000])[11 9A       ]0x00004270:	LDR	R2, [SP, #0X44]	;(SP=0x100FFD18 )
(    libInnoSecure.so[0xCBBCB000])[0A EB F6 3B ]0x00004272:	ADD.W	FP, SL, R6, ROR #15	;(SL=0xB4EC4B90 R6=0xEAACDF9C )
(    libInnoSecure.so[0xCBBCB000])[03 93       ]0x00004276:	STR	R3, [SP, #0XC]	;(R3=0x39653662 SP=0x100FFD18 )
(    libInnoSecure.so[0xCBBCB000])[20 EA 0B 06 ]0x00004278:	BIC.W	R6, R0, FP	;(R0=0xF2F3817B FP=0x742620E9 )
(    libInnoSecure.so[0xCBBCB000])[0B EA 0A 05 ]0x0000427C:	AND.W	R5, FP, SL	;(FP=0x742620E9 SL=0xB4EC4B90 )
(    libInnoSecure.so[0xCBBCB000])[35 43       ]0x00004280:	ORRS	R5, R6	;(R5=0x34240080 R6=0x82D18112 )
(    libInnoSecure.so[0xCBBCB000])[2B EA 0A 06 ]0x00004282:	BIC.W	R6, FP, SL	;(FP=0x742620E9 SL=0xB4EC4B90 )
(    libInnoSecure.so[0xCBBCB000])[29 44       ]0x00004286:	ADD	R1, R5	;(R1=0x1787F764 R5=0xB6F58192 )
(    libInnoSecure.so[0xCBBCB000])[40 F6 21 05 ]0x00004288:	MOVW	R5, #0X821
(    libInnoSecure.so[0xCBBCB000])[C4 F6 B4 15 ]0x0000428C:	MOVT	R5, #0X49B4	;(R5=0x00000821 )
(    libInnoSecure.so[0xCBBCB000])[29 44       ]0x00004290:	ADD	R1, R5	;(R1=0xCE7D78F6 R5=0x49B40821 )
(    libInnoSecure.so[0xCBBCB000])[10 44       ]0x00004292:	ADD	R0, R2	;(R0=0xF2F3817B R2=0x37313438 )
(    libInnoSecure.so[0xCBBCB000])[0B EB B1 21 ]0x00004294:	ADD.W	R1, FP, R1, ROR #10	;(FP=0x742620E9 R1=0x18318117 )
(    libInnoSecure.so[0xCBBCB000])[01 EA 0A 05 ]0x00004298:	AND.W	R5, R1, SL	;(R1=0xB9EC2D49 SL=0xB4EC4B90 )
(    libInnoSecure.so[0xCBBCB000])[35 43       ]0x0000429C:	ORRS	R5, R6	;(R5=0xB0EC0900 R6=0x40022069 )
(    libInnoSecure.so[0xCBBCB000])[21 EA 0B 06 ]0x0000429E:	BIC.W	R6, R1, FP	;(R1=0xB9EC2D49 FP=0x742620E9 )
(    libInnoSecure.so[0xCBBCB000])[28 44       ]0x000042A2:	ADD	R0, R5	;(R0=0x2A24B5B3 R5=0xF0EE2969 )
(    libInnoSecure.so[0xCBBCB000])[42 F2 62 55 ]0x000042A4:	MOVW	R5, #0X2562
(    libInnoSecure.so[0xCBBCB000])[CF F2 1E 65 ]0x000042A8:	MOVT	R5, #0XF61E	;(R5=0x00002562 )
(    libInnoSecure.so[0xCBBCB000])[28 44       ]0x000042AC:	ADD	R0, R5	;(R0=0x1B12DF1C R5=0xF61E2562 )
(    libInnoSecure.so[0xCBBCB000])[01 EB F0 60 ]0x000042AE:	ADD.W	R0, R1, R0, ROR #27	;(R1=0xB9EC2D49 R0=0x1131047E )
(    libInnoSecure.so[0xCBBCB000])[00 EA 0B 05 ]0x000042B2:	AND.W	R5, R0, FP	;(R0=0xE00CBD0B FP=0x742620E9 )
(    libInnoSecure.so[0xCBBCB000])[20 EA 01 04 ]0x000042B6:	BIC.W	R4, R0, R1	;(R0=0xE00CBD0B R1=0xB9EC2D49 )
(    libInnoSecure.so[0xCBBCB000])[35 43       ]0x000042BA:	ORRS	R5, R6	;(R5=0x60042009 R6=0x89C80D00 )
(    libInnoSecure.so[0xCBBCB000])[0C EB 0A 06 ]0x000042BC:	ADD.W	R6, IP, SL	;(IP=0x34646631 SL=0xB4EC4B90 )
(    libInnoSecure.so[0xCBBCB000])[35 44       ]0x000042C0:	ADD	R5, R6	;(R5=0xE9CC2D09 R6=0xE950B1C1 )
(    libInnoSecure.so[0xCBBCB000])[4B F2 40 36 ]0x000042C2:	MOVW	R6, #0XB340
(    libInnoSecure.so[0xCBBCB000])[CC F2 40 06 ]0x000042C6:	MOVT	R6, #0XC040	;(R6=0x0000B340 )
(    libInnoSecure.so[0xCBBCB000])[35 44       ]0x000042CA:	ADD	R5, R6	;(R5=0xD31CDECA R6=0xC040B340 )
(    libInnoSecure.so[0xCBBCB000])[CA 46       ]0x000042CC:	MOV	SL, SB	;(SB=0x32303836 )
(    libInnoSecure.so[0xCBBCB000])[DD F8 24 90 ]0x000042CE:	LDR.W	SB, [SP, #0X24]	;(SP=0x100FFD18 )
(    libInnoSecure.so[0xCBBCB000])[00 EB F5 55 ]0x000042D2:	ADD.W	R5, R0, R5, ROR #23	;(R0=0xE00CBD0B R5=0x935D920A )
(    libInnoSecure.so[0xCBBCB000])[F4 46       ]0x000042D6:	MOV	IP, LR	;(LR=0x65306637 )
(    libInnoSecure.so[0xCBBCB000])[05 EA 01 06 ]0x000042D8:	AND.W	R6, R5, R1	;(R5=0x9B30D231 R1=0xB9EC2D49 )
(    libInnoSecure.so[0xCBBCB000])[25 EA 00 02 ]0x000042DC:	BIC.W	R2, R5, R0	;(R5=0x9B30D231 R0=0xE00CBD0B )
(    libInnoSecure.so[0xCBBCB000])[34 43       ]0x000042E0:	ORRS	R4, R6	;(R4=0x40009002 R6=0x99200001 )
(    libInnoSecure.so[0xCBBCB000])[0A EB 0B 06 ]0x000042E2:	ADD.W	R6, SL, FP	;(SL=0x32303836 FP=0x742620E9 )
(    libInnoSecure.so[0xCBBCB000])[34 44       ]0x000042E6:	ADD	R4, R6	;(R4=0xD9209003 R6=0xA656591F )
(    libInnoSecure.so[0xCBBCB000])[45 F6 51 26 ]0x000042E8:	MOVW	R6, #0X5A51
(    libInnoSecure.so[0xCBBCB000])[C2 F2 5E 66 ]0x000042EC:	MOVT	R6, #0X265E	;(R6=0x00005A51 )
(    libInnoSecure.so[0xCBBCB000])[34 44       ]0x000042F0:	ADD	R4, R6	;(R4=0x7F76E922 R6=0x265E5A51 )
(    libInnoSecure.so[0xCBBCB000])[DD F8 2C B0 ]0x000042F2:	LDR.W	FP, [SP, #0X2C]	;(SP=0x100FFD18 )
(    libInnoSecure.so[0xCBBCB000])[05 EB B4 44 ]0x000042F6:	ADD.W	R4, R5, R4, ROR #18	;(R5=0x9B30D231 R4=0xA5D54373 )
(    libInnoSecure.so[0xCBBCB000])[DD F8 10 E0 ]0x000042FA:	LDR.W	LR, [SP, #0X10]	;(SP=0x100FFD18 )
(    libInnoSecure.so[0xCBBCB000])[04 EA 00 06 ]0x000042FE:	AND.W	R6, R4, R0	;(R4=0xEC0DBBA6 R0=0xE00CBD0B )
(    libInnoSecure.so[0xCBBCB000])[48 44       ]0x00004302:	ADD	R0, SB	;(R0=0xE00CBD0B SB=0x63353935 )
(    libInnoSecure.so[0xCBBCB000])[32 43       ]0x00004304:	ORRS	R2, R6	;(R2=0x1B304230 R6=0xE00CB902 )
(    libInnoSecure.so[0xCBBCB000])[0E 9E       ]0x00004306:	LDR	R6, [SP, #0X38]	;(SP=0x100FFD18 )
(    libInnoSecure.so[0xCBBCB000])[CD F8 04 C0 ]0x00004308:	STR.W	IP, [SP, #4]	;(IP=0x65306637 SP=0x100FFD18 )
(    libInnoSecure.so[0xCBBCB000])[31 44       ]0x0000430C:	ADD	R1, R6	;(R1=0xB9EC2D49 R6=0x32336135 )
(    libInnoSecure.so[0xCBBCB000])[24 EA 05 06 ]0x0000430E:	BIC.W	R6, R4, R5	;(R4=0xEC0DBBA6 R5=0x9B30D231 )
(    libInnoSecure.so[0xCBBCB000])[11 44       ]0x00004312:	ADD	R1, R2	;(R1=0xEC1F8E7E R2=0xFB3CFB32 )
(    libInnoSecure.so[0xCBBCB000])[4C F2 AA 72 ]0x00004314:	MOVW	R2, #0XC7AA
(    libInnoSecure.so[0xCBBCB000])[CE F6 B6 12 ]0x00004318:	MOVT	R2, #0XE9B6	;(R2=0x0000C7AA )
(    libInnoSecure.so[0xCBBCB000])[11 44       ]0x0000431C:	ADD	R1, R2	;(R1=0xE75C89B0 R2=0xE9B6C7AA )
(    libInnoSecure.so[0xCBBCB000])[CD F8 14 A0 ]0x0000431E:	STR.W	SL, [SP, #0X14]	;(SL=0x32303836 SP=0x100FFD18 )
(    libInnoSecure.so[0xCBBCB000])[04 EB 31 31 ]0x00004322:	ADD.W	R1, R4, R1, ROR #12	;(R4=0xEC0DBBA6 R1=0xD113515A )
(    libInnoSecure.so[0xCBBCB000])[01 EA 05 02 ]0x00004326:	AND.W	R2, R1, R5	;(R1=0x01BACCDB R5=0x9B30D231 )
(    libInnoSecure.so[0xCBBCB000])[45 44       ]0x0000432A:	ADD	R5, R8	;(R5=0x9B30D231 R8=0x39653461 )
(    libInnoSecure.so[0xCBBCB000])[32 43       ]0x0000432C:	ORRS	R2, R6	;(R2=0x0130C011 R6=0x640D2986 )
(    libInnoSecure.so[0xCBBCB000])[21 EA 04 06 ]0x0000432E:	BIC.W	R6, R1, R4	;(R1=0x01BACCDB R4=0xEC0DBBA6 )
(    libInnoSecure.so[0xCBBCB000])[10 44       ]0x00004332:	ADD	R0, R2	;(R0=0x4341F640 R2=0x653DE997 )
(    libInnoSecure.so[0xCBBCB000])[41 F2 5D 02 ]0x00004334:	MOVW	R2, #0X105D
(    libInnoSecure.so[0xCBBCB000])[CD F2 2F 62 ]0x00004338:	MOVT	R2, #0XD62F	;(R2=0x0000105D )
(    libInnoSecure.so[0xCBBCB000])[10 44       ]0x0000433C:	ADD	R0, R2	;(R0=0xA87FDFD7 R2=0xD62F105D )
(    libInnoSecure.so[0xCBBCB000])[DD F8 20 80 ]0x0000433E:	LDR.W	R8, [SP, #0X20]	;(SP=0x100FFD18 )
(    libInnoSecure.so[0xCBBCB000])[01 EB F0 60 ]0x00004342:	ADD.W	R0, R1, R0, ROR #27	;(R1=0x01BACCDB R0=0x7EAEF034 )
(    libInnoSecure.so[0xCBBCB000])[00 EA 04 02 ]0x00004346:	AND.W	R2, R0, R4	;(R0=0xD798D36A R4=0xEC0DBBA6 )
(    libInnoSecure.so[0xCBBCB000])[1C 44       ]0x0000434A:	ADD	R4, R3	;(R4=0xEC0DBBA6 R3=0x39653662 )
(    libInnoSecure.so[0xCBBCB000])[32 43       ]0x0000434C:	ORRS	R2, R6	;(R2=0xC4089322 R6=0x01B24459 )
(    libInnoSecure.so[0xCBBCB000])[20 EA 01 06 ]0x0000434E:	BIC.W	R6, R0, R1	;(R0=0xD798D36A R1=0x01BACCDB )
(    libInnoSecure.so[0xCBBCB000])[2A 44       ]0x00004352:	ADD	R2, R5	;(R2=0xC5BAD77B R5=0xD4960692 )
(    libInnoSecure.so[0xCBBCB000])[41 F2 53 45 ]0x00004354:	MOVW	R5, #0X1453
(    libInnoSecure.so[0xCBBCB000])[C0 F2 44 25 ]0x00004358:	MOVT	R5, #0X244	;(R5=0x00001453 )
(    libInnoSecure.so[0xCBBCB000])[2A 44       ]0x0000435C:	ADD	R2, R5	;(R2=0x9A50DE0D R5=0x02441453 )
(    libInnoSecure.so[0xCBBCB000])[10 9B       ]0x0000435E:	LDR	R3, [SP, #0X40]	;(SP=0x100FFD18 )
(    libInnoSecure.so[0xCBBCB000])[00 EB F2 52 ]0x00004360:	ADD.W	R2, R0, R2, ROR #23	;(R0=0xD798D36A R2=0x9C94F260 )
(    libInnoSecure.so[0xCBBCB000])[02 EA 01 05 ]0x00004364:	AND.W	R5, R2, R1	;(R2=0x017D94A3 R1=0x01BACCDB )
(    libInnoSecure.so[0xCBBCB000])[59 44       ]0x00004368:	ADD	R1, FP	;(R1=0x01BACCDB FP=0x35356537 )
(    libInnoSecure.so[0xCBBCB000])[35 43       ]0x0000436A:	ORRS	R5, R6	;(R5=0x01388483 R6=0xD6001320 )
(    libInnoSecure.so[0xCBBCB000])[22 EA 00 06 ]0x0000436C:	BIC.W	R6, R2, R0	;(R2=0x017D94A3 R0=0xD798D36A )
(    libInnoSecure.so[0xCBBCB000])[2C 44       ]0x00004370:	ADD	R4, R5	;(R4=0x2572F208 R5=0xD73897A3 )
(    libInnoSecure.so[0xCBBCB000])[4E F2 81 65 ]0x00004372:	MOVW	R5, #0XE681
(    libInnoSecure.so[0xCBBCB000])[CD F6 A1 05 ]0x00004376:	MOVT	R5, #0XD8A1	;(R5=0x0000E681 )
(    libInnoSecure.so[0xCBBCB000])[2C 44       ]0x0000437A:	ADD	R4, R5	;(R4=0xFCAB89AB R5=0xD8A1E681 )
(    libInnoSecure.so[0xCBBCB000])[02 EB B4 44 ]0x0000437C:	ADD.W	R4, R2, R4, ROR #18	;(R2=0x017D94A3 R4=0xD54D702C )
(    libInnoSecure.so[0xCBBCB000])[04 EA 00 05 ]0x00004380:	AND.W	R5, R4, R0	;(R4=0x5D88C9F6 R0=0xD798D36A )
(    libInnoSecure.so[0xCBBCB000])[18 44       ]0x00004384:	ADD	R0, R3	;(R0=0xD798D36A R3=0x38646135 )
(    libInnoSecure.so[0xCBBCB000])[35 43       ]0x00004386:	ORRS	R5, R6	;(R5=0x5588C162 R6=0x00650481 )
(    libInnoSecure.so[0xCBBCB000])[24 EA 02 06 ]0x00004388:	BIC.W	R6, R4, R2	;(R4=0x5D88C9F6 R2=0x017D94A3 )
(    libInnoSecure.so[0xCBBCB000])[29 44       ]0x0000438C:	ADD	R1, R5	;(R1=0x36F03212 R5=0x55EDC5E3 )
(    libInnoSecure.so[0xCBBCB000])[4F F6 C8 35 ]0x0000438E:	MOVW	R5, #0XFBC8
(    libInnoSecure.so[0xCBBCB000])[CE F2 D3 75 ]0x00004392:	MOVT	R5, #0XE7D3	;(R5=0x0000FBC8 )
(    libInnoSecure.so[0xCBBCB000])[29 44       ]0x00004396:	ADD	R1, R5	;(R1=0x8CDDF7F5 R5=0xE7D3FBC8 )
(    libInnoSecure.so[0xCBBCB000])[0F 9B       ]0x00004398:	LDR	R3, [SP, #0X3C]	;(SP=0x100FFD18 )
(    libInnoSecure.so[0xCBBCB000])[04 EB 31 31 ]0x0000439A:	ADD.W	R1, R4, R1, ROR #12	;(R4=0x5D88C9F6 R1=0x74B1F3BD )
(    libInnoSecure.so[0xCBBCB000])[01 EA 02 05 ]0x0000439E:	AND.W	R5, R1, R2	;(R1=0x99601515 R2=0x017D94A3 )
(    libInnoSecure.so[0xCBBCB000])[62 44       ]0x000043A2:	ADD	R2, IP	;(R2=0x017D94A3 IP=0x65306637 )
(    libInnoSecure.so[0xCBBCB000])[35 43       ]0x000043A4:	ORRS	R5, R6	;(R5=0x01601401 R6=0x5C804954 )
(    libInnoSecure.so[0xCBBCB000])[21 EA 04 06 ]0x000043A6:	BIC.W	R6, R1, R4	;(R1=0x99601515 R4=0x5D88C9F6 )
(    libInnoSecure.so[0xCBBCB000])[28 44       ]0x000043AA:	ADD	R0, R5	;(R0=0x0FFD349F R5=0x5DE05D55 )
(    libInnoSecure.so[0xCBBCB000])[4C F6 E6 55 ]0x000043AC:	MOVW	R5, #0XCDE6
(    libInnoSecure.so[0xCBBCB000])[C2 F2 E1 15 ]0x000043B0:	MOVT	R5, #0X21E1	;(R5=0x0000CDE6 )
(    libInnoSecure.so[0xCBBCB000])[28 44       ]0x000043B4:	ADD	R0, R5	;(R0=0x6DDD91F4 R5=0x21E1CDE6 )
(    libInnoSecure.so[0xCBBCB000])[01 EB F0 60 ]0x000043B6:	ADD.W	R0, R1, R0, ROR #27	;(R1=0x99601515 R0=0x8FBF5FDA )
(    libInnoSecure.so[0xCBBCB000])[00 EA 04 05 ]0x000043BA:	AND.W	R5, R0, R4	;(R0=0x914C1066 R4=0x5D88C9F6 )
(    libInnoSecure.so[0xCBBCB000])[1C 44       ]0x000043BE:	ADD	R4, R3	;(R4=0x5D88C9F6 R3=0x33373237 )
(    libInnoSecure.so[0xCBBCB000])[35 43       ]0x000043C0:	ORRS	R5, R6	;(R5=0x11080066 R6=0x80601401 )
(    libInnoSecure.so[0xCBBCB000])[20 EA 01 06 ]0x000043C2:	BIC.W	R6, R0, R1	;(R0=0x914C1066 R1=0x99601515 )
(    libInnoSecure.so[0xCBBCB000])[2A 44       ]0x000043C6:	ADD	R2, R5	;(R2=0x66ADFADA R5=0x91681467 )
(    libInnoSecure.so[0xCBBCB000])[40 F2 D6 75 ]0x000043C8:	MOVW	R5, #0X7D6
(    libInnoSecure.so[0xCBBCB000])[CC F2 37 35 ]0x000043CC:	MOVT	R5, #0XC337	;(R5=0x000007D6 )
(    libInnoSecure.so[0xCBBCB000])[2A 44       ]0x000043D0:	ADD	R2, R5	;(R2=0xF8160F41 R5=0xC33707D6 )
(    libInnoSecure.so[0xCBBCB000])[0A 9B       ]0x000043D2:	LDR	R3, [SP, #0X28]	;(SP=0x100FFD18 )
(    libInnoSecure.so[0xCBBCB000])[00 EB F2 52 ]0x000043D4:	ADD.W	R2, R0, R2, ROR #23	;(R0=0x914C1066 R2=0xBB4D1717 )
(    libInnoSecure.so[0xCBBCB000])[02 EA 01 05 ]0x000043D8:	AND.W	R5, R2, R1	;(R2=0x2B7A3FDC R1=0x99601515 )
(    libInnoSecure.so[0xCBBCB000])[19 44       ]0x000043DC:	ADD	R1, R3	;(R1=0x99601515 R3=0x65626664 )
(    libInnoSecure.so[0xCBBCB000])[35 43       ]0x000043DE:	ORRS	R5, R6	;(R5=0x09601514 R6=0x000C0062 )
(    libInnoSecure.so[0xCBBCB000])[22 EA 00 06 ]0x000043E0:	BIC.W	R6, R2, R0	;(R2=0x2B7A3FDC R0=0x914C1066 )
(    libInnoSecure.so[0xCBBCB000])[2C 44       ]0x000043E4:	ADD	R4, R5	;(R4=0x90BFFC2D R5=0x096C1576 )
(    libInnoSecure.so[0xCBBCB000])[40 F6 87 55 ]0x000043E6:	MOVW	R5, #0XD87
(    libInnoSecure.so[0xCBBCB000])[CF F2 D5 45 ]0x000043EA:	MOVT	R5, #0XF4D5	;(R5=0x00000D87 )
(    libInnoSecure.so[0xCBBCB000])[2C 44       ]0x000043EE:	ADD	R4, R5	;(R4=0x9A2C11A3 R5=0xF4D50D87 )
(    libInnoSecure.so[0xCBBCB000])[02 EB B4 44 ]0x000043F0:	ADD.W	R4, R2, R4, ROR #18	;(R2=0x2B7A3FDC R4=0x8F011F2A )
(    libInnoSecure.so[0xCBBCB000])[04 EA 00 05 ]0x000043F4:	AND.W	R5, R4, R0	;(R4=0x7344E39C R0=0x914C1066 )
(    libInnoSecure.so[0xCBBCB000])[40 44       ]0x000043F8:	ADD	R0, R8	;(R0=0x914C1066 R8=0x37393733 )
(    libInnoSecure.so[0xCBBCB000])[35 43       ]0x000043FA:	ORRS	R5, R6	;(R5=0x11440004 R6=0x2A322F98 )
(    libInnoSecure.so[0xCBBCB000])[24 EA 02 06 ]0x000043FC:	BIC.W	R6, R4, R2	;(R4=0x7344E39C R2=0x2B7A3FDC )
(    libInnoSecure.so[0xCBBCB000])[29 44       ]0x00004400:	ADD	R1, R5	;(R1=0xFEC27B79 R5=0x3B762F9C )
(    libInnoSecure.so[0xCBBCB000])[41 F2 ED 45 ]0x00004402:	MOVW	R5, #0X14ED
(    libInnoSecure.so[0xCBBCB000])[C4 F2 5A 55 ]0x00004406:	MOVT	R5, #0X455A	;(R5=0x000014ED )
(    libInnoSecure.so[0xCBBCB000])[29 44       ]0x0000440A:	ADD	R1, R5	;(R1=0x3A38AB15 R5=0x455A14ED )
(    libInnoSecure.so[0xCBBCB000])[04 EB 31 31 ]0x0000440C:	ADD.W	R1, R4, R1, ROR #12	;(R4=0x7344E39C R1=0x7F92C002 )
(    libInnoSecure.so[0xCBBCB000])[01 EA 02 05 ]0x00004410:	AND.W	R5, R1, R2	;(R1=0x736CDCC8 R2=0x2B7A3FDC )
(    libInnoSecure.so[0xCBBCB000])[35 43       ]0x00004414:	ORRS	R5, R6	;(R5=0x23681CC8 R6=0x5004C000 )
(    libInnoSecure.so[0xCBBCB000])[21 EA 04 06 ]0x00004416:	BIC.W	R6, R1, R4	;(R1=0x736CDCC8 R4=0x7344E39C )
(    libInnoSecure.so[0xCBBCB000])[28 44       ]0x0000441A:	ADD	R0, R5	;(R0=0xC8854799 R5=0x736CDCC8 )
(    libInnoSecure.so[0xCBBCB000])[4E F6 05 15 ]0x0000441C:	MOVW	R5, #0XE905
(    libInnoSecure.so[0xCBBCB000])[CA F6 E3 15 ]0x00004420:	MOVT	R5, #0XA9E3	;(R5=0x0000E905 )
(    libInnoSecure.so[0xCBBCB000])[28 44       ]0x00004424:	ADD	R0, R5	;(R0=0x3BF22461 R5=0xA9E3E905 )
(    libInnoSecure.so[0xCBBCB000])[01 EB F0 60 ]0x00004426:	ADD.W	R0, R1, R0, ROR #27	;(R1=0x736CDCC8 R0=0xE5D60D66 )
(    libInnoSecure.so[0xCBBCB000])[00 EA 04 05 ]0x0000442A:	AND.W	R5, R0, R4	;(R0=0x2E2E89A4 R4=0x7344E39C )
(    libInnoSecure.so[0xCBBCB000])[74 44       ]0x0000442E:	ADD	R4, LR	;(R4=0x7344E39C LR=0x33616430 )
(    libInnoSecure.so[0xCBBCB000])[35 43       ]0x00004430:	ORRS	R5, R6	;(R5=0x22048184 R6=0x00281C40 )
(    libInnoSecure.so[0xCBBCB000])[0C 9E       ]0x00004432:	LDR	R6, [SP, #0X30]	;(SP=0x100FFD18 )
(    libInnoSecure.so[0xCBBCB000])[32 44       ]0x00004434:	ADD	R2, R6	;(R2=0x2B7A3FDC R6=0x38386630 )
(    libInnoSecure.so[0xCBBCB000])[20 EA 01 06 ]0x00004436:	BIC.W	R6, R0, R1	;(R0=0x2E2E89A4 R1=0x736CDCC8 )
(    libInnoSecure.so[0xCBBCB000])[2A 44       ]0x0000443A:	ADD	R2, R5	;(R2=0x63B2A60C R5=0x222C9DC4 )
(    libInnoSecure.so[0xCBBCB000])[4A F2 F8 35 ]0x0000443C:	MOVW	R5, #0XA3F8
(    libInnoSecure.so[0xCBBCB000])[CF F6 EF 45 ]0x00004440:	MOVT	R5, #0XFCEF	;(R5=0x0000A3F8 )
(    libInnoSecure.so[0xCBBCB000])[2A 44       ]0x00004444:	ADD	R2, R5	;(R2=0x85DF43D0 R5=0xFCEFA3F8 )
(    libInnoSecure.so[0xCBBCB000])[00 EB F2 52 ]0x00004446:	ADD.W	R2, R0, R2, ROR #23	;(R0=0x2E2E89A4 R2=0x82CEE7C8 )
(    libInnoSecure.so[0xCBBCB000])[02 EA 01 05 ]0x0000444A:	AND.W	R5, R2, R1	;(R2=0xCBFE1AA9 R1=0x736CDCC8 )
(    libInnoSecure.so[0xCBBCB000])[35 43       ]0x0000444E:	ORRS	R5, R6	;(R5=0x436C1888 R6=0x0C020124 )
(    libInnoSecure.so[0xCBBCB000])[22 EA 00 06 ]0x00004450:	BIC.W	R6, R2, R0	;(R2=0xCBFE1AA9 R0=0x2E2E89A4 )
(    libInnoSecure.so[0xCBBCB000])[2C 44       ]0x00004454:	ADD	R4, R5	;(R4=0xA6A647CC R5=0x4F6E19AC )
(    libInnoSecure.so[0xCBBCB000])[40 F2 D9 25 ]0x00004456:	MOVW	R5, #0X2D9
(    libInnoSecure.so[0xCBBCB000])[C6 F2 6F 75 ]0x0000445A:	MOVT	R5, #0X676F	;(R5=0x000002D9 )
(    libInnoSecure.so[0xCBBCB000])[2C 44       ]0x0000445E:	ADD	R4, R5	;(R4=0xF6146178 R5=0x676F02D9 )
(    libInnoSecure.so[0xCBBCB000])[02 EB B4 44 ]0x00004460:	ADD.W	R4, R2, R4, ROR #18	;(R2=0xCBFE1AA9 R4=0x5D836451 )
(    libInnoSecure.so[0xCBBCB000])[04 EA 00 05 ]0x00004464:	AND.W	R5, R4, R0	;(R4=0xA5127209 R0=0x2E2E89A4 )
(    libInnoSecure.so[0xCBBCB000])[48 44       ]0x00004468:	ADD	R0, SB	;(R0=0x2E2E89A4 SB=0x63353935 )
(    libInnoSecure.so[0xCBBCB000])[35 43       ]0x0000446A:	ORRS	R5, R6	;(R5=0x24020000 R6=0xC1D01209 )
(    libInnoSecure.so[0xCBBCB000])[0D 9E       ]0x0000446C:	LDR	R6, [SP, #0X34]	;(SP=0x100FFD18 )
(    libInnoSecure.so[0xCBBCB000])[DD F8 18 90 ]0x0000446E:	LDR.W	SB, [SP, #0X18]	;(SP=0x100FFD18 )
(    libInnoSecure.so[0xCBBCB000])[31 44       ]0x00004472:	ADD	R1, R6	;(R1=0x736CDCC8 R6=0x36333566 )
(    libInnoSecure.so[0xCBBCB000])[0E 9E       ]0x00004474:	LDR	R6, [SP, #0X38]	;(SP=0x100FFD18 )
(    libInnoSecure.so[0xCBBCB000])[29 44       ]0x00004476:	ADD	R1, R5	;(R1=0xA9A0122E R5=0xE5D21209 )
(    libInnoSecure.so[0xCBBCB000])[44 F6 8A 45 ]0x00004478:	MOVW	R5, #0X4C8A
(    libInnoSecure.so[0xCBBCB000])[C8 F6 2A 55 ]0x0000447C:	MOVT	R5, #0X8D2A	;(R5=0x00004C8A )
(    libInnoSecure.so[0xCBBCB000])[29 44       ]0x00004480:	ADD	R1, R5	;(R1=0x8F722437 R5=0x8D2A4C8A )
(    libInnoSecure.so[0xCBBCB000])[84 EA 02 05 ]0x00004482:	EOR.W	R5, R4, R2	;(R4=0xA5127209 R2=0xCBFE1AA9 )
(    libInnoSecure.so[0xCBBCB000])[1A 44       ]0x00004486:	ADD	R2, R3	;(R2=0xCBFE1AA9 R3=0x65626664 )
(    libInnoSecure.so[0xCBBCB000])[04 EB 31 31 ]0x00004488:	ADD.W	R1, R4, R1, ROR #12	;(R4=0xA5127209 R1=0x1C9C70C1 )
(    libInnoSecure.so[0xCBBCB000])[11 9B       ]0x0000448C:	LDR	R3, [SP, #0X44]	;(SP=0x100FFD18 )
(    libInnoSecure.so[0xCBBCB000])[4D 40       ]0x0000448E:	EORS	R5, R1	;(R5=0x6EEC68A0 R1=0xB1243BD0 )
(    libInnoSecure.so[0xCBBCB000])[28 44       ]0x00004490:	ADD	R0, R5	;(R0=0x9163C2D9 R5=0xDFC85370 )
(    libInnoSecure.so[0xCBBCB000])[43 F6 42 15 ]0x00004492:	MOVW	R5, #0X3942
(    libInnoSecure.so[0xCBBCB000])[CF F6 FA 75 ]0x00004496:	MOVT	R5, #0XFFFA	;(R5=0x00003942 )
(    libInnoSecure.so[0xCBBCB000])[28 44       ]0x0000449A:	ADD	R0, R5	;(R0=0x712C1649 R5=0xFFFA3942 )
(    libInnoSecure.so[0xCBBCB000])[81 EA 04 05 ]0x0000449C:	EOR.W	R5, R1, R4	;(R1=0xB1243BD0 R4=0xA5127209 )
(    libInnoSecure.so[0xCBBCB000])[54 44       ]0x000044A0:	ADD	R4, SL	;(R4=0xA5127209 SL=0x32303836 )
(    libInnoSecure.so[0xCBBCB000])[01 EB 30 70 ]0x000044A2:	ADD.W	R0, R1, R0, ROR #28	;(R1=0xB1243BD0 R0=0x71264F8B )
(    libInnoSecure.so[0xCBBCB000])[DD F8 30 A0 ]0x000044A6:	LDR.W	SL, [SP, #0X30]	;(SP=0x100FFD18 )
(    libInnoSecure.so[0xCBBCB000])[45 40       ]0x000044AA:	EORS	R5, R0	;(R5=0x143649D9 R0=0xC3893487 )
(    libInnoSecure.so[0xCBBCB000])[2A 44       ]0x000044AC:	ADD	R2, R5	;(R2=0x3160810D R5=0xD7BF7D5E )
(    libInnoSecure.so[0xCBBCB000])[4F F2 81 65 ]0x000044AE:	MOVW	R5, #0XF681
(    libInnoSecure.so[0xCBBCB000])[C8 F2 71 75 ]0x000044B2:	MOVT	R5, #0X8771	;(R5=0x0000F681 )
(    libInnoSecure.so[0xCBBCB000])[2A 44       ]0x000044B6:	ADD	R2, R5	;(R2=0x091FFE6B R5=0x8771F681 )
(    libInnoSecure.so[0xCBBCB000])[80 EA 01 05 ]0x000044B8:	EOR.W	R5, R0, R1	;(R0=0xC3893487 R1=0xB1243BD0 )
(    libInnoSecure.so[0xCBBCB000])[61 44       ]0x000044BC:	ADD	R1, IP	;(R1=0xB1243BD0 IP=0x65306637 )
(    libInnoSecure.so[0xCBBCB000])[00 EB 72 52 ]0x000044BE:	ADD.W	R2, R0, R2, ROR #21	;(R0=0xC3893487 R2=0x9091F4EC )
(    libInnoSecure.so[0xCBBCB000])[DD F8 3C C0 ]0x000044C2:	LDR.W	IP, [SP, #0X3C]	;(SP=0x100FFD18 )
(    libInnoSecure.so[0xCBBCB000])[55 40       ]0x000044C6:	EORS	R5, R2	;(R5=0x72AD0F57 R2=0x5330990B )
(    libInnoSecure.so[0xCBBCB000])[2C 44       ]0x000044C8:	ADD	R4, R5	;(R4=0xD742AA3F R5=0x219D965C )
(    libInnoSecure.so[0xCBBCB000])[46 F2 22 15 ]0x000044CA:	MOVW	R5, #0X6122
(    libInnoSecure.so[0xCBBCB000])[C6 F6 9D 55 ]0x000044CE:	MOVT	R5, #0X6D9D	;(R5=0x00006122 )
(    libInnoSecure.so[0xCBBCB000])[2C 44       ]0x000044D2:	ADD	R4, R5	;(R4=0xF8E0409B R5=0x6D9D6122 )
(    libInnoSecure.so[0xCBBCB000])[82 EA 00 05 ]0x000044D4:	EOR.W	R5, R2, R0	;(R2=0x5330990B R0=0xC3893487 )
(    libInnoSecure.so[0xCBBCB000])[18 44       ]0x000044D8:	ADD	R0, R3	;(R0=0xC3893487 R3=0x37313438 )
(    libInnoSecure.so[0xCBBCB000])[02 EB 34 44 ]0x000044DA:	ADD.W	R4, R2, R4, ROR #16	;(R2=0x5330990B R4=0x667DA1BD )
(    libInnoSecure.so[0xCBBCB000])[73 46       ]0x000044DE:	MOV	R3, LR	;(LR=0x33616430 )
(    libInnoSecure.so[0xCBBCB000])[65 40       ]0x000044E0:	EORS	R5, R4	;(R5=0x90B9AD8C R4=0xF4EDFF88 )
(    libInnoSecure.so[0xCBBCB000])[29 44       ]0x000044E2:	ADD	R1, R5	;(R1=0x1654A207 R5=0x64545204 )
(    libInnoSecure.so[0xCBBCB000])[43 F6 0C 05 ]0x000044E4:	MOVW	R5, #0X380C
(    libInnoSecure.so[0xCBBCB000])[CF F6 E5 55 ]0x000044E8:	MOVT	R5, #0XFDE5	;(R5=0x0000380C )
(    libInnoSecure.so[0xCBBCB000])[29 44       ]0x000044EC:	ADD	R1, R5	;(R1=0x7AA8F40B R5=0xFDE5380C )
(    libInnoSecure.so[0xCBBCB000])[84 EA 02 05 ]0x000044EE:	EOR.W	R5, R4, R2	;(R4=0xF4EDFF88 R2=0x5330990B )
(    libInnoSecure.so[0xCBBCB000])[5A 44       ]0x000044F2:	ADD	R2, FP	;(R2=0x5330990B FP=0x35356537 )
(    libInnoSecure.so[0xCBBCB000])[04 EB 71 21 ]0x000044F4:	ADD.W	R1, R4, R1, ROR #9	;(R4=0xF4EDFF88 R1=0x788E2C17 )
(    libInnoSecure.so[0xCBBCB000])[DD F8 08 B0 ]0x000044F8:	LDR.W	FP, [SP, #8]	;(SP=0x100FFD18 )
(    libInnoSecure.so[0xCBBCB000])[4D 40       ]0x000044FC:	EORS	R5, R1	;(R5=0xA7DD6683 R1=0x00AA469E )
(    libInnoSecure.so[0xCBBCB000])[28 44       ]0x000044FE:	ADD	R0, R5	;(R0=0xFABA68BF R5=0xA777201D )
(    libInnoSecure.so[0xCBBCB000])[4E F6 44 25 ]0x00004500:	MOVW	R5, #0XEA44
(    libInnoSecure.so[0xCBBCB000])[CA F2 BE 45 ]0x00004504:	MOVT	R5, #0XA4BE	;(R5=0x0000EA44 )
(    libInnoSecure.so[0xCBBCB000])[28 44       ]0x00004508:	ADD	R0, R5	;(R0=0xA23188DC R5=0xA4BEEA44 )
(    libInnoSecure.so[0xCBBCB000])[81 EA 04 05 ]0x0000450A:	EOR.W	R5, R1, R4	;(R1=0x00AA469E R4=0xF4EDFF88 )
(    libInnoSecure.so[0xCBBCB000])[1C 44       ]0x0000450E:	ADD	R4, R3	;(R4=0xF4EDFF88 R3=0x33616430 )
(    libInnoSecure.so[0xCBBCB000])[01 EB 30 70 ]0x00004510:	ADD.W	R0, R1, R0, ROR #28	;(R1=0x00AA469E R0=0x46F07320 )
(    libInnoSecure.so[0xCBBCB000])[45 40       ]0x00004514:	EORS	R5, R0	;(R5=0xF447B916 R0=0x6FB178A2 )
(    libInnoSecure.so[0xCBBCB000])[2A 44       ]0x00004516:	ADD	R2, R5	;(R2=0x8865FE42 R5=0x9BF6C1B4 )
(    libInnoSecure.so[0xCBBCB000])[4C F6 A9 75 ]0x00004518:	MOVW	R5, #0XCFA9
(    libInnoSecure.so[0xCBBCB000])[C4 F6 DE 35 ]0x0000451C:	MOVT	R5, #0X4BDE	;(R5=0x0000CFA9 )
(    libInnoSecure.so[0xCBBCB000])[2A 44       ]0x00004520:	ADD	R2, R5	;(R2=0x245CBFF6 R5=0x4BDECFA9 )
(    libInnoSecure.so[0xCBBCB000])[80 EA 01 05 ]0x00004522:	EOR.W	R5, R0, R1	;(R0=0x6FB178A2 R1=0x00AA469E )
(    libInnoSecure.so[0xCBBCB000])[59 44       ]0x00004526:	ADD	R1, FP	;(R1=0x00AA469E FP=0x39653461 )
(    libInnoSecure.so[0xCBBCB000])[00 EB 72 52 ]0x00004528:	ADD.W	R2, R0, R2, ROR #21	;(R0=0x6FB178A2 R2=0x703B8F9F )
(    libInnoSecure.so[0xCBBCB000])[55 40       ]0x0000452C:	EORS	R5, R2	;(R5=0x6F1B3E3C R2=0x4C2E7423 )
(    libInnoSecure.so[0xCBBCB000])[2C 44       ]0x0000452E:	ADD	R4, R5	;(R4=0x284F63B8 R5=0x23354A1F )
(    libInnoSecure.so[0xCBBCB000])[44 F6 60 35 ]0x00004530:	MOVW	R5, #0X4B60
(    libInnoSecure.so[0xCBBCB000])[CF F2 BB 65 ]0x00004534:	MOVT	R5, #0XF6BB	;(R5=0x00004B60 )
(    libInnoSecure.so[0xCBBCB000])[2C 44       ]0x00004538:	ADD	R4, R5	;(R4=0x4B84ADD7 R5=0xF6BB4B60 )
(    libInnoSecure.so[0xCBBCB000])[82 EA 00 05 ]0x0000453A:	EOR.W	R5, R2, R0	;(R2=0x4C2E7423 R0=0x6FB178A2 )
(    libInnoSecure.so[0xCBBCB000])[40 44       ]0x0000453E:	ADD	R0, R8	;(R0=0x6FB178A2 R8=0x37393733 )
(    libInnoSecure.so[0xCBBCB000])[02 EB 34 44 ]0x00004540:	ADD.W	R4, R2, R4, ROR #16	;(R2=0x4C2E7423 R4=0x423FF937 )
(    libInnoSecure.so[0xCBBCB000])[DD F8 34 80 ]0x00004544:	LDR.W	R8, [SP, #0X34]	;(SP=0x100FFD18 )
(    libInnoSecure.so[0xCBBCB000])[65 40       ]0x00004548:	EORS	R5, R4	;(R5=0x239F0C81 R4=0x4565B662 )
(    libInnoSecure.so[0xCBBCB000])[29 44       ]0x0000454A:	ADD	R1, R5	;(R1=0x3A0F7AFF R5=0x66FABAE3 )
(    libInnoSecure.so[0xCBBCB000])[4B F6 70 45 ]0x0000454C:	MOVW	R5, #0XBC70
(    libInnoSecure.so[0xCBBCB000])[CB F6 BF 65 ]0x00004550:	MOVT	R5, #0XBEBF	;(R5=0x0000BC70 )
(    libInnoSecure.so[0xCBBCB000])[29 44       ]0x00004554:	ADD	R1, R5	;(R1=0xA10A35E2 R5=0xBEBFBC70 )
(    libInnoSecure.so[0xCBBCB000])[84 EA 02 05 ]0x00004556:	EOR.W	R5, R4, R2	;(R4=0x4565B662 R2=0x4C2E7423 )
(    libInnoSecure.so[0xCBBCB000])[32 44       ]0x0000455A:	ADD	R2, R6	;(R2=0x4C2E7423 R6=0x32336135 )
(    libInnoSecure.so[0xCBBCB000])[04 EB 71 21 ]0x0000455C:	ADD.W	R1, R4, R1, ROR #9	;(R4=0x4565B662 R1=0x5FC9F252 )
(    libInnoSecure.so[0xCBBCB000])[4D 40       ]0x00004560:	EORS	R5, R1	;(R5=0x094BC241 R1=0x6E959B5B )
(    libInnoSecure.so[0xCBBCB000])[28 44       ]0x00004562:	ADD	R0, R5	;(R0=0xA6EAAFD5 R5=0x67DE591A )
(    libInnoSecure.so[0xCBBCB000])[47 F6 C6 65 ]0x00004564:	MOVW	R5, #0X7EC6
(    libInnoSecure.so[0xCBBCB000])[C2 F6 9B 05 ]0x00004568:	MOVT	R5, #0X289B	;(R5=0x00007EC6 )
(    libInnoSecure.so[0xCBBCB000])[28 44       ]0x0000456C:	ADD	R0, R5	;(R0=0x0EC908EF R5=0x289B7EC6 )
(    libInnoSecure.so[0xCBBCB000])[81 EA 04 05 ]0x0000456E:	EOR.W	R5, R1, R4	;(R1=0x6E959B5B R4=0x4565B662 )
(    libInnoSecure.so[0xCBBCB000])[64 44       ]0x00004572:	ADD	R4, IP	;(R4=0x4565B662 IP=0x33373237 )
(    libInnoSecure.so[0xCBBCB000])[01 EB 30 70 ]0x00004574:	ADD.W	R0, R1, R0, ROR #28	;(R1=0x6E959B5B R0=0x376487B5 )
(    libInnoSecure.so[0xCBBCB000])[45 40       ]0x00004578:	EORS	R5, R0	;(R5=0x2BF02D39 R0=0xE4DE16AE )
(    libInnoSecure.so[0xCBBCB000])[2A 44       ]0x0000457A:	ADD	R2, R5	;(R2=0x7E61D558 R5=0xCF2E3B97 )
(    libInnoSecure.so[0xCBBCB000])[42 F2 FA 75 ]0x0000457C:	MOVW	R5, #0X27FA
(    libInnoSecure.so[0xCBBCB000])[CE F6 A1 25 ]0x00004580:	MOVT	R5, #0XEAA1	;(R5=0x000027FA )
(    libInnoSecure.so[0xCBBCB000])[2A 44       ]0x00004584:	ADD	R2, R5	;(R2=0x4D9010EF R5=0xEAA127FA )
(    libInnoSecure.so[0xCBBCB000])[80 EA 01 05 ]0x00004586:	EOR.W	R5, R0, R1	;(R0=0xE4DE16AE R1=0x6E959B5B )
(    libInnoSecure.so[0xCBBCB000])[49 44       ]0x0000458A:	ADD	R1, SB	;(R1=0x6E959B5B SB=0x34646631 )
(    libInnoSecure.so[0xCBBCB000])[00 EB 72 52 ]0x0000458C:	ADD.W	R2, R0, R2, ROR #21	;(R0=0xE4DE16AE R2=0x383138E9 )
(    libInnoSecure.so[0xCBBCB000])[55 40       ]0x00004590:	EORS	R5, R2	;(R5=0x8A4B8DF5 R2=0x6EA5606F )
(    libInnoSecure.so[0xCBBCB000])[2C 44       ]0x00004592:	ADD	R4, R5	;(R4=0x789CE899 R5=0xE4EEED9A )
(    libInnoSecure.so[0xCBBCB000])[43 F2 85 05 ]0x00004594:	MOVW	R5, #0X3085
(    libInnoSecure.so[0xCBBCB000])[CD F2 EF 45 ]0x00004598:	MOVT	R5, #0XD4EF	;(R5=0x00003085 )
(    libInnoSecure.so[0xCBBCB000])[2C 44       ]0x0000459C:	ADD	R4, R5	;(R4=0x5D8BD633 R5=0xD4EF3085 )
(    libInnoSecure.so[0xCBBCB000])[82 EA 00 05 ]0x0000459E:	EOR.W	R5, R2, R0	;(R2=0x6EA5606F R0=0xE4DE16AE )
(    libInnoSecure.so[0xCBBCB000])[02 EB 34 44 ]0x000045A2:	ADD.W	R4, R2, R4, ROR #16	;(R2=0x6EA5606F R4=0x327B06B8 )
(    libInnoSecure.so[0xCBBCB000])[65 40       ]0x000045A6:	EORS	R5, R4	;(R5=0x8A7B76C1 R4=0x755D92EA )
(    libInnoSecure.so[0xCBBCB000])[29 44       ]0x000045A8:	ADD	R1, R5	;(R1=0xA2FA018C R5=0xFF26E42B )
(    libInnoSecure.so[0xCBBCB000])[41 F6 05 55 ]0x000045AA:	MOVW	R5, #0X1D05
(    libInnoSecure.so[0xCBBCB000])[C0 F2 88 45 ]0x000045AE:	MOVT	R5, #0X488	;(R5=0x00001D05 )
(    libInnoSecure.so[0xCBBCB000])[29 44       ]0x000045B2:	ADD	R1, R5	;(R1=0xA220E5B7 R5=0x04881D05 )
(    libInnoSecure.so[0xCBBCB000])[84 EA 02 05 ]0x000045B4:	EOR.W	R5, R4, R2	;(R4=0x755D92EA R2=0x6EA5606F )
(    libInnoSecure.so[0xCBBCB000])[42 44       ]0x000045B8:	ADD	R2, R8	;(R2=0x6EA5606F R8=0x36333566 )
(    libInnoSecure.so[0xCBBCB000])[04 EB 71 21 ]0x000045BA:	ADD.W	R1, R4, R1, ROR #9	;(R4=0x755D92EA R1=0xA6A902BC )
(    libInnoSecure.so[0xCBBCB000])[85 EA 01 0E ]0x000045BE:	EOR.W	LR, R5, R1	;(R5=0x1BF8F285 R1=0xD3B0E76B )
(    libInnoSecure.so[0xCBBCB000])[10 9D       ]0x000045C2:	LDR	R5, [SP, #0X40]	;(SP=0x100FFD18 )
(    libInnoSecure.so[0xCBBCB000])[28 44       ]0x000045C4:	ADD	R0, R5	;(R0=0xE4DE16AE R5=0x38646135 )
(    libInnoSecure.so[0xCBBCB000])[4D F2 39 05 ]0x000045C6:	MOVW	R5, #0XD039
(    libInnoSecure.so[0xCBBCB000])[70 44       ]0x000045CA:	ADD	R0, LR	;(R0=0x1D4277E3 LR=0xC84815EE )
(    libInnoSecure.so[0xCBBCB000])[CD F6 D4 15 ]0x000045CC:	MOVT	R5, #0XD9D4	;(R5=0x0000D039 )
(    libInnoSecure.so[0xCBBCB000])[28 44       ]0x000045D0:	ADD	R0, R5	;(R0=0xE58A8DD1 R5=0xD9D4D039 )
(    libInnoSecure.so[0xCBBCB000])[81 EA 04 05 ]0x000045D2:	EOR.W	R5, R1, R4	;(R1=0xD3B0E76B R4=0x755D92EA )
(    libInnoSecure.so[0xCBBCB000])[DD F8 0C E0 ]0x000045D6:	LDR.W	LR, [SP, #0XC]	;(SP=0x100FFD18 )
(    libInnoSecure.so[0xCBBCB000])[01 EB 30 70 ]0x000045DA:	ADD.W	R0, R1, R0, ROR #28	;(R1=0xD3B0E76B R0=0xBF5F5E0A )
(    libInnoSecure.so[0xCBBCB000])[45 40       ]0x000045DE:	EORS	R5, R0	;(R5=0xA6ED7581 R0=0xC9A6C816 )
(    libInnoSecure.so[0xCBBCB000])[74 44       ]0x000045E0:	ADD	R4, LR	;(R4=0x755D92EA LR=0x39653662 )
(    libInnoSecure.so[0xCBBCB000])[2A 44       ]0x000045E2:	ADD	R2, R5	;(R2=0xA4D895D5 R5=0x6F4BBD97 )
(    libInnoSecure.so[0xCBBCB000])[49 F6 E5 15 ]0x000045E4:	MOVW	R5, #0X99E5
(    libInnoSecure.so[0xCBBCB000])[CE F2 DB 65 ]0x000045E8:	MOVT	R5, #0XE6DB	;(R5=0x000099E5 )
(    libInnoSecure.so[0xCBBCB000])[2A 44       ]0x000045EC:	ADD	R2, R5	;(R2=0x1424536C R5=0xE6DB99E5 )
(    libInnoSecure.so[0xCBBCB000])[80 EA 01 05 ]0x000045EE:	EOR.W	R5, R0, R1	;(R0=0xC9A6C816 R1=0xD3B0E76B )
(    libInnoSecure.so[0xCBBCB000])[51 44       ]0x000045F2:	ADD	R1, SL	;(R1=0xD3B0E76B SL=0x38386630 )
(    libInnoSecure.so[0xCBBCB000])[00 EB 72 52 ]0x000045F4:	ADD.W	R2, R0, R2, ROR #21	;(R0=0xC9A6C816 R2=0xFAFFED51 )
(    libInnoSecure.so[0xCBBCB000])[55 40       ]0x000045F8:	EORS	R5, R2	;(R5=0x1A162F7D R2=0xC91157ED )
(    libInnoSecure.so[0xCBBCB000])[2C 44       ]0x000045FA:	ADD	R4, R5	;(R4=0xAEC2C94C R5=0xD3077890 )
(    libInnoSecure.so[0xCBBCB000])[47 F6 F8 45 ]0x000045FC:	MOVW	R5, #0X7CF8
(    libInnoSecure.so[0xCBBCB000])[C1 F6 A2 75 ]0x00004600:	MOVT	R5, #0X1FA2	;(R5=0x00007CF8 )
(    libInnoSecure.so[0xCBBCB000])[2C 44       ]0x00004604:	ADD	R4, R5	;(R4=0x81CA41DC R5=0x1FA27CF8 )
(    libInnoSecure.so[0xCBBCB000])[82 EA 00 05 ]0x00004606:	EOR.W	R5, R2, R0	;(R2=0xC91157ED R0=0xC9A6C816 )
(    libInnoSecure.so[0xCBBCB000])[30 44       ]0x0000460A:	ADD	R0, R6	;(R0=0xC9A6C816 R6=0x32336135 )
(    libInnoSecure.so[0xCBBCB000])[02 EB 34 44 ]0x0000460C:	ADD.W	R4, R2, R4, ROR #16	;(R2=0xC91157ED R4=0xA16CBED4 )
(    libInnoSecure.so[0xCBBCB000])[45 F6 C3 16 ]0x00004610:	MOVW	R6, #0X59C3
(    libInnoSecure.so[0xCBBCB000])[65 40       ]0x00004614:	EORS	R5, R4	;(R5=0x00B79FFB R4=0x87E5F959 )
(    libInnoSecure.so[0xCBBCB000])[C6 F2 5B 56 ]0x00004616:	MOVT	R6, #0X655B	;(R6=0x000059C3 )
(    libInnoSecure.so[0xCBBCB000])[29 44       ]0x0000461A:	ADD	R1, R5	;(R1=0x0BE94D9B R5=0x875266A2 )
(    libInnoSecure.so[0xCBBCB000])[45 F2 65 65 ]0x0000461C:	MOVW	R5, #0X5665
(    libInnoSecure.so[0xCBBCB000])[CC F2 AC 45 ]0x00004620:	MOVT	R5, #0XC4AC	;(R5=0x00005665 )
(    libInnoSecure.so[0xCBBCB000])[29 44       ]0x00004624:	ADD	R1, R5	;(R1=0x933BB43D R5=0xC4AC5665 )
(    libInnoSecure.so[0xCBBCB000])[04 EB 71 21 ]0x00004626:	ADD.W	R1, R4, R1, ROR #9	;(R4=0x87E5F959 R1=0x57E80AA2 )
(    libInnoSecure.so[0xCBBCB000])[61 EA 02 05 ]0x0000462A:	ORN	R5, R1, R2	;(R1=0xD911ED5E R2=0xC91157ED )
(    libInnoSecure.so[0xCBBCB000])[1A 44       ]0x0000462E:	ADD	R2, R3	;(R2=0xC91157ED R3=0x33616430 )
(    libInnoSecure.so[0xCBBCB000])[65 40       ]0x00004630:	EORS	R5, R4	;(R5=0xFFFFED5E R4=0x87E5F959 )
(    libInnoSecure.so[0xCBBCB000])[01 9B       ]0x00004632:	LDR	R3, [SP, #4]	;(SP=0x100FFD18 )
(    libInnoSecure.so[0xCBBCB000])[28 44       ]0x00004634:	ADD	R0, R5	;(R0=0xFBDA294B R5=0x781A1407 )
(    libInnoSecure.so[0xCBBCB000])[42 F2 44 25 ]0x00004636:	MOVW	R5, #0X2244
(    libInnoSecure.so[0xCBBCB000])[CF F2 29 45 ]0x0000463A:	MOVT	R5, #0XF429	;(R5=0x00002244 )
(    libInnoSecure.so[0xCBBCB000])[28 44       ]0x0000463E:	ADD	R0, R5	;(R0=0x73F43D52 R5=0xF4292244 )
(    libInnoSecure.so[0xCBBCB000])[23 44       ]0x00004640:	ADD	R3, R4	;(R3=0x65306637 R4=0x87E5F959 )
(    libInnoSecure.so[0xCBBCB000])[01 EB B0 60 ]0x00004642:	ADD.W	R0, R1, R0, ROR #26	;(R1=0xD911ED5E R0=0x681D5F96 )
(    libInnoSecure.so[0xCBBCB000])[60 EA 04 05 ]0x00004646:	ORN	R5, R0, R4	;(R0=0xE069D2F8 R4=0x87E5F959 )
(    libInnoSecure.so[0xCBBCB000])[42 F2 A7 34 ]0x0000464A:	MOVW	R4, #0X23A7
(    libInnoSecure.so[0xCBBCB000])[4D 40       ]0x0000464E:	EORS	R5, R1	;(R5=0xF87BD6FE R1=0xD911ED5E )
(    libInnoSecure.so[0xCBBCB000])[CA F6 94 34 ]0x00004650:	MOVT	R4, #0XAB94	;(R4=0x000023A7 )
(    libInnoSecure.so[0xCBBCB000])[2A 44       ]0x00004654:	ADD	R2, R5	;(R2=0xFC72BC1D R5=0x216A3BA0 )
(    libInnoSecure.so[0xCBBCB000])[4F F6 97 75 ]0x00004656:	MOVW	R5, #0XFF97
(    libInnoSecure.so[0xCBBCB000])[C4 F2 2A 35 ]0x0000465A:	MOVT	R5, #0X432A	;(R5=0x0000FF97 )
(    libInnoSecure.so[0xCBBCB000])[2A 44       ]0x0000465E:	ADD	R2, R5	;(R2=0x1DDCF7BD R5=0x432AFF97 )
(    libInnoSecure.so[0xCBBCB000])[00 EB B2 52 ]0x00004660:	ADD.W	R2, R0, R2, ROR #22	;(R0=0xE069D2F8 R2=0x6107F754 )
(    libInnoSecure.so[0xCBBCB000])[62 EA 01 05 ]0x00004664:	ORN	R5, R2, R1	;(R2=0x0047247C R1=0xD911ED5E )
(    libInnoSecure.so[0xCBBCB000])[45 40       ]0x00004668:	EORS	R5, R0	;(R5=0x26EF36FD R0=0xE069D2F8 )
(    libInnoSecure.so[0xCBBCB000])[2B 44       ]0x0000466A:	ADD	R3, R5	;(R3=0xED165F90 R5=0xC686E405 )
(    libInnoSecure.so[0xCBBCB000])[09 9D       ]0x0000466C:	LDR	R5, [SP, #0X24]	;(SP=0x100FFD18 )
(    libInnoSecure.so[0xCBBCB000])[23 44       ]0x0000466E:	ADD	R3, R4	;(R3=0xB39D4395 R4=0xAB9423A7 )
(    libInnoSecure.so[0xCBBCB000])[29 44       ]0x00004670:	ADD	R1, R5	;(R1=0xD911ED5E R5=0x63353935 )
(    libInnoSecure.so[0xCBBCB000])[11 9D       ]0x00004672:	LDR	R5, [SP, #0X44]	;(SP=0x100FFD18 )
(    libInnoSecure.so[0xCBBCB000])[02 EB 73 43 ]0x00004674:	ADD.W	R3, R2, R3, ROR #17	;(R2=0x0047247C R3=0x5F31673C )
(    libInnoSecure.so[0xCBBCB000])[63 EA 00 04 ]0x00004678:	ORN	R4, R3, R0	;(R3=0xB3E55414 R0=0xE069D2F8 )
(    libInnoSecure.so[0xCBBCB000])[40 44       ]0x0000467C:	ADD	R0, R8	;(R0=0xE069D2F8 R8=0x36333566 )
(    libInnoSecure.so[0xCBBCB000])[54 40       ]0x0000467E:	EORS	R4, R2	;(R4=0xBFF77D17 R2=0x0047247C )
(    libInnoSecure.so[0xCBBCB000])[21 44       ]0x00004680:	ADD	R1, R4	;(R1=0x3C472693 R4=0xBFB0596B )
(    libInnoSecure.so[0xCBBCB000])[4A F2 39 04 ]0x00004682:	MOVW	R4, #0XA039
(    libInnoSecure.so[0xCBBCB000])[CF F6 93 44 ]0x00004686:	MOVT	R4, #0XFC93	;(R4=0x0000A039 )
(    libInnoSecure.so[0xCBBCB000])[21 44       ]0x0000468A:	ADD	R1, R4	;(R1=0xFBF77FFE R4=0xFC93A039 )
(    libInnoSecure.so[0xCBBCB000])[03 EB F1 21 ]0x0000468C:	ADD.W	R1, R3, R1, ROR #11	;(R3=0xB3E55414 R1=0xF88B2037 )
(    libInnoSecure.so[0xCBBCB000])[61 EA 02 04 ]0x00004690:	ORN	R4, R1, R2	;(R1=0xBAE46578 R2=0x0047247C )
(    libInnoSecure.so[0xCBBCB000])[62 44       ]0x00004694:	ADD	R2, IP	;(R2=0x0047247C IP=0x33373237 )
(    libInnoSecure.so[0xCBBCB000])[5C 40       ]0x00004696:	EORS	R4, R3	;(R4=0xFFFCFFFB R3=0xB3E55414 )
(    libInnoSecure.so[0xCBBCB000])[DD F8 1C C0 ]0x00004698:	LDR.W	IP, [SP, #0X1C]	;(SP=0x100FFD18 )
(    libInnoSecure.so[0xCBBCB000])[20 44       ]0x0000469C:	ADD	R0, R4	;(R0=0x169D085E R4=0x4C19ABEF )
(    libInnoSecure.so[0xCBBCB000])[30 44       ]0x0000469E:	ADD	R0, R6	;(R0=0x62B6B44D R6=0x655B59C3 )
(    libInnoSecure.so[0xCBBCB000])[01 EB B0 60 ]0x000046A0:	ADD.W	R0, R1, R0, ROR #26	;(R1=0xBAE46578 R0=0xC8120E10 )
(    libInnoSecure.so[0xCBBCB000])[60 EA 03 06 ]0x000046A4:	ORN	R6, R0, R3	;(R0=0xBF67E9AA R3=0xB3E55414 )
(    libInnoSecure.so[0xCBBCB000])[5B 44       ]0x000046A8:	ADD	R3, FP	;(R3=0xB3E55414 FP=0x39653461 )
(    libInnoSecure.so[0xCBBCB000])[4E 40       ]0x000046AA:	EORS	R6, R1	;(R6=0xFF7FEBEB R1=0xBAE46578 )
(    libInnoSecure.so[0xCBBCB000])[32 44       ]0x000046AC:	ADD	R2, R6	;(R2=0x337E56B3 R6=0x459B8E93 )
(    libInnoSecure.so[0xCBBCB000])[4C F6 92 46 ]0x000046AE:	MOVW	R6, #0XCC92
(    libInnoSecure.so[0xCBBCB000])[C8 F6 0C 76 ]0x000046B2:	MOVT	R6, #0X8F0C	;(R6=0x0000CC92 )
(    libInnoSecure.so[0xCBBCB000])[32 44       ]0x000046B6:	ADD	R2, R6	;(R2=0x7919E546 R6=0x8F0CCC92 )
(    libInnoSecure.so[0xCBBCB000])[00 EB B2 52 ]0x000046B8:	ADD.W	R2, R0, R2, ROR #22	;(R0=0xBF67E9AA R2=0x0826B1D8 )
(    libInnoSecure.so[0xCBBCB000])[62 EA 01 06 ]0x000046BC:	ORN	R6, R2, R1	;(R2=0x5A2F49CA R1=0xBAE46578 )
(    libInnoSecure.so[0xCBBCB000])[29 44       ]0x000046C0:	ADD	R1, R5	;(R1=0xBAE46578 R5=0x37313438 )
(    libInnoSecure.so[0xCBBCB000])[46 40       ]0x000046C2:	EORS	R6, R0	;(R6=0x5F3FDBCF R0=0xBF67E9AA )
(    libInnoSecure.so[0xCBBCB000])[0A 9D       ]0x000046C4:	LDR	R5, [SP, #0X28]	;(SP=0x100FFD18 )
(    libInnoSecure.so[0xCBBCB000])[33 44       ]0x000046C6:	ADD	R3, R6	;(R3=0xED4A8875 R6=0xE0583265 )
(    libInnoSecure.so[0xCBBCB000])[4F F2 7D 46 ]0x000046C8:	MOVW	R6, #0XF47D
(    libInnoSecure.so[0xCBBCB000])[CF F6 EF 76 ]0x000046CC:	MOVT	R6, #0XFFEF	;(R6=0x0000F47D )
(    libInnoSecure.so[0xCBBCB000])[33 44       ]0x000046D0:	ADD	R3, R6	;(R3=0xCDA2BADA R6=0xFFEFF47D )
(    libInnoSecure.so[0xCBBCB000])[02 EB 73 43 ]0x000046D2:	ADD.W	R3, R2, R3, ROR #17	;(R2=0x5A2F49CA R3=0xCD92AF57 )
(    libInnoSecure.so[0xCBBCB000])[63 EA 00 06 ]0x000046D6:	ORN	R6, R3, R0	;(R3=0xB1DB3093 R0=0xBF67E9AA )
(    libInnoSecure.so[0xCBBCB000])[28 44       ]0x000046DA:	ADD	R0, R5	;(R0=0xBF67E9AA R5=0x65626664 )
(    libInnoSecure.so[0xCBBCB000])[56 40       ]0x000046DC:	EORS	R6, R2	;(R6=0xF1DB36D7 R2=0x5A2F49CA )
(    libInnoSecure.so[0xCBBCB000])[08 9D       ]0x000046DE:	LDR	R5, [SP, #0X20]	;(SP=0x100FFD18 )
(    libInnoSecure.so[0xCBBCB000])[31 44       ]0x000046E0:	ADD	R1, R6	;(R1=0xF21599B0 R6=0xABF47F1D )
(    libInnoSecure.so[0xCBBCB000])[45 F6 D1 56 ]0x000046E2:	MOVW	R6, #0X5DD1
(    libInnoSecure.so[0xCBBCB000])[C8 F2 84 56 ]0x000046E6:	MOVT	R6, #0X8584	;(R6=0x00005DD1 )
(    libInnoSecure.so[0xCBBCB000])[31 44       ]0x000046EA:	ADD	R1, R6	;(R1=0x9E0A18CD R6=0x85845DD1 )
(    libInnoSecure.so[0xCBBCB000])[03 EB F1 21 ]0x000046EC:	ADD.W	R1, R3, R1, ROR #11	;(R3=0xB1DB3093 R1=0x238E769E )
(    libInnoSecure.so[0xCBBCB000])[61 EA 02 06 ]0x000046F0:	ORN	R6, R1, R2	;(R1=0x859FA261 R2=0x5A2F49CA )
(    libInnoSecure.so[0xCBBCB000])[72 44       ]0x000046F4:	ADD	R2, LR	;(R2=0x5A2F49CA LR=0x39653662 )
(    libInnoSecure.so[0xCBBCB000])[5E 40       ]0x000046F6:	EORS	R6, R3	;(R6=0xA5DFB675 R3=0xB1DB3093 )
(    libInnoSecure.so[0xCBBCB000])[30 44       ]0x000046F8:	ADD	R0, R6	;(R0=0x24CA500E R6=0x140486E6 )
(    libInnoSecure.so[0xCBBCB000])[47 F6 4F 66 ]0x000046FA:	MOVW	R6, #0X7E4F
(    libInnoSecure.so[0xCBBCB000])[C6 F6 A8 76 ]0x000046FE:	MOVT	R6, #0X6FA8	;(R6=0x00007E4F )
(    libInnoSecure.so[0xCBBCB000])[30 44       ]0x00004702:	ADD	R0, R6	;(R0=0x38CED6F4 R6=0x6FA87E4F )
(    libInnoSecure.so[0xCBBCB000])[01 EB B0 66 ]0x00004704:	ADD.W	R6, R1, R0, ROR #26	;(R1=0x859FA261 R0=0xA8775543 )
(    libInnoSecure.so[0xCBBCB000])[66 EA 03 00 ]0x00004708:	ORN	R0, R6, R3	;(R6=0xA374F34B R3=0xB1DB3093 )
(    libInnoSecure.so[0xCBBCB000])[4B 44       ]0x0000470C:	ADD	R3, SB	;(R3=0xB1DB3093 SB=0x34646631 )
(    libInnoSecure.so[0xCBBCB000])[48 40       ]0x0000470E:	EORS	R0, R1	;(R0=0xEF74FF6F R1=0x859FA261 )
(    libInnoSecure.so[0xCBBCB000])[10 44       ]0x00004710:	ADD	R0, R2	;(R0=0x6AEB5D0E R2=0x9394802C )
(    libInnoSecure.so[0xCBBCB000])[4E F2 E0 62 ]0x00004712:	MOVW	R2, #0XE6E0
(    libInnoSecure.so[0xCBBCB000])[CF F6 2C 62 ]0x00004716:	MOVT	R2, #0XFE2C	;(R2=0x0000E6E0 )
(    libInnoSecure.so[0xCBBCB000])[10 44       ]0x0000471A:	ADD	R0, R2	;(R0=0xFE7FDD3A R2=0xFE2CE6E0 )
(    libInnoSecure.so[0xCBBCB000])[06 EB B0 52 ]0x0000471C:	ADD.W	R2, R6, R0, ROR #22	;(R6=0xA374F34B R0=0xFCACC41A )
(    libInnoSecure.so[0xCBBCB000])[62 EA 01 00 ]0x00004720:	ORN	R0, R2, R1	;(R2=0x56855F3D R1=0x859FA261 )
(    libInnoSecure.so[0xCBBCB000])[29 44       ]0x00004724:	ADD	R1, R5	;(R1=0x859FA261 R5=0x37393733 )
(    libInnoSecure.so[0xCBBCB000])[70 40       ]0x00004726:	EORS	R0, R6	;(R0=0x7EE55FBF R6=0xA374F34B )
(    libInnoSecure.so[0xCBBCB000])[0B 9D       ]0x00004728:	LDR	R5, [SP, #0X2C]	;(SP=0x100FFD18 )
(    libInnoSecure.so[0xCBBCB000])[18 44       ]0x0000472A:	ADD	R0, R3	;(R0=0xDD91ACF4 R3=0xE63F96C4 )
(    libInnoSecure.so[0xCBBCB000])[44 F2 14 33 ]0x0000472C:	MOVW	R3, #0X4314
(    libInnoSecure.so[0xCBBCB000])[CA F2 01 33 ]0x00004730:	MOVT	R3, #0XA301	;(R3=0x00004314 )
(    libInnoSecure.so[0xCBBCB000])[18 44       ]0x00004734:	ADD	R0, R3	;(R0=0xC3D143B8 R3=0xA3014314 )
(    libInnoSecure.so[0xCBBCB000])[02 EB 70 40 ]0x00004736:	ADD.W	R0, R2, R0, ROR #17	;(R2=0x56855F3D R0=0x66D286CC )
(    libInnoSecure.so[0xCBBCB000])[60 EA 06 03 ]0x0000473A:	ORN	R3, R0, R6	;(R0=0x99EB92A6 R6=0xA374F34B )
(    libInnoSecure.so[0xCBBCB000])[2E 44       ]0x0000473E:	ADD	R6, R5	;(R6=0xA374F34B R5=0x35356537 )
(    libInnoSecure.so[0xCBBCB000])[53 40       ]0x00004740:	EORS	R3, R2	;(R3=0xDDEB9EB6 R2=0x56855F3D )
(    libInnoSecure.so[0xCBBCB000])[19 44       ]0x00004742:	ADD	R1, R3	;(R1=0xBCD8D994 R3=0x8B6EC18B )
(    libInnoSecure.so[0xCBBCB000])[41 F2 A1 13 ]0x00004744:	MOVW	R3, #0X11A1
(    libInnoSecure.so[0xCBBCB000])[C4 F6 08 63 ]0x00004748:	MOVT	R3, #0X4E08	;(R3=0x000011A1 )
(    libInnoSecure.so[0xCBBCB000])[19 44       ]0x0000474C:	ADD	R1, R3	;(R1=0x48479B1F R3=0x4E0811A1 )
(    libInnoSecure.so[0xCBBCB000])[00 EB F1 21 ]0x0000474E:	ADD.W	R1, R0, R1, ROR #11	;(R0=0x99EB92A6 R1=0x964FACC0 )
(    libInnoSecure.so[0xCBBCB000])[61 EA 02 03 ]0x00004752:	ORN	R3, R1, R2	;(R1=0x31FE5C9B R2=0x56855F3D )
(    libInnoSecure.so[0xCBBCB000])[43 40       ]0x00004756:	EORS	R3, R0	;(R3=0xB9FEFCDB R0=0x99EB92A6 )
(    libInnoSecure.so[0xCBBCB000])[33 44       ]0x00004758:	ADD	R3, R6	;(R3=0x20156E7D R6=0xD8AA5882 )
(    libInnoSecure.so[0xCBBCB000])[47 F6 82 66 ]0x0000475A:	MOVW	R6, #0X7E82
(    libInnoSecure.so[0xCBBCB000])[CF F2 53 76 ]0x0000475E:	MOVT	R6, #0XF753	;(R6=0x00007E82 )
(    libInnoSecure.so[0xCBBCB000])[33 44       ]0x00004762:	ADD	R3, R6	;(R3=0xF8BFC6FF R6=0xF7537E82 )
(    libInnoSecure.so[0xCBBCB000])[DC F8 00 60 ]0x00004764:	LDR.W	R6, [IP]	;(IP=0x100FFEF8 )
(    libInnoSecure.so[0xCBBCB000])[01 EB B3 63 ]0x00004768:	ADD.W	R3, R1, R3, ROR #26	;(R1=0x31FE5C9B R3=0xF0134581 )
(    libInnoSecure.so[0xCBBCB000])[1E 44       ]0x0000476C:	ADD	R6, R3	;(R6=0x3813F74B R3=0x36CFBD17 )
(    libInnoSecure.so[0xCBBCB000])[CC F8 00 60 ]0x0000476E:	STR.W	R6, [IP]	;(R6=0x6EE3B462 IP=0x100FFEF8 )
(    libInnoSecure.so[0xCBBCB000])[05 9D       ]0x00004772:	LDR	R5, [SP, #0X14]	;(SP=0x100FFD18 )
(    libInnoSecure.so[0xCBBCB000])[63 EA 00 06 ]0x00004774:	ORN	R6, R3, R0	;(R3=0x36CFBD17 R0=0x99EB92A6 )
(    libInnoSecure.so[0xCBBCB000])[4E 40       ]0x00004778:	EORS	R6, R1	;(R6=0x76DFFD5F R1=0x31FE5C9B )
(    libInnoSecure.so[0xCBBCB000])[50 44       ]0x0000477A:	ADD	R0, SL	;(R0=0x99EB92A6 SL=0x38386630 )
(    libInnoSecure.so[0xCBBCB000])[2A 44       ]0x0000477C:	ADD	R2, R5	;(R2=0x56855F3D R5=0x32303836 )
(    libInnoSecure.so[0xCBBCB000])[32 44       ]0x0000477E:	ADD	R2, R6	;(R2=0x88B59773 R6=0x4721A1C4 )
(    libInnoSecure.so[0xCBBCB000])[4F F2 35 26 ]0x00004780:	MOVW	R6, #0XF235
(    libInnoSecure.so[0xCBBCB000])[CB F6 3A 56 ]0x00004784:	MOVT	R6, #0XBD3A	;(R6=0x0000F235 )
(    libInnoSecure.so[0xCBBCB000])[32 44       ]0x00004788:	ADD	R2, R6	;(R2=0xCFD73937 R6=0xBD3AF235 )
(    libInnoSecure.so[0xCBBCB000])[DC E9 01 65 ]0x0000478A:	LDRD	R6, R5, [IP, #4]	;(IP=0x100FFEF8 )
(    libInnoSecure.so[0xCBBCB000])[DC F8 0C 40 ]0x0000478E:	LDR.W	R4, [IP, #0XC]	;(IP=0x100FFEF8 )
(    libInnoSecure.so[0xCBBCB000])[03 EB B2 52 ]0x00004792:	ADD.W	R2, R3, R2, ROR #22	;(R3=0x36CFBD17 R2=0x8D122B6C )
(    libInnoSecure.so[0xCBBCB000])[14 44       ]0x00004796:	ADD	R4, R2	;(R4=0x423138AE R2=0x7F7D6F4B )
(    libInnoSecure.so[0xCBBCB000])[CC F8 0C 40 ]0x00004798:	STR.W	R4, [IP, #0XC]	;(R4=0xC1AEA7F9 IP=0x100FFEF8 )
(    libInnoSecure.so[0xCBBCB000])[62 EA 01 04 ]0x0000479C:	ORN	R4, R2, R1	;(R2=0x7F7D6F4B R1=0x31FE5C9B )
(    libInnoSecure.so[0xCBBCB000])[5C 40       ]0x000047A0:	EORS	R4, R3	;(R4=0xFF7DEF6F R3=0x36CFBD17 )
(    libInnoSecure.so[0xCBBCB000])[20 44       ]0x000047A2:	ADD	R0, R4	;(R0=0xD223F8D6 R4=0xC9B25278 )
(    libInnoSecure.so[0xCBBCB000])[4D F2 BB 24 ]0x000047A4:	MOVW	R4, #0XD2BB
(    libInnoSecure.so[0xCBBCB000])[C2 F6 D7 24 ]0x000047A8:	MOVT	R4, #0X2AD7	;(R4=0x0000D2BB )
(    libInnoSecure.so[0xCBBCB000])[20 44       ]0x000047AC:	ADD	R0, R4	;(R0=0x9BD64B4E R4=0x2AD7D2BB )
(    libInnoSecure.so[0xCBBCB000])[02 EB 70 40 ]0x000047AE:	ADD.W	R0, R2, R0, ROR #17	;(R2=0x7F7D6F4B R0=0xC6AE1E09 )
(    libInnoSecure.so[0xCBBCB000])[05 44       ]0x000047B2:	ADD	R5, R0	;(R5=0xD66F5E5F R0=0x8E8252A2 )
(    libInnoSecure.so[0xCBBCB000])[60 EA 03 03 ]0x000047B4:	ORN	R3, R0, R3	;(R0=0x8E8252A2 R3=0x36CFBD17 )
(    libInnoSecure.so[0xCBBCB000])[CC F8 08 50 ]0x000047B8:	STR.W	R5, [IP, #8]	;(R5=0x64F1B101 IP=0x100FFEF8 )
(    libInnoSecure.so[0xCBBCB000])[5A 40       ]0x000047BC:	EORS	R2, R3	;(R2=0x7F7D6F4B R3=0xCFB252EA )
(    libInnoSecure.so[0xCBBCB000])[10 9B       ]0x000047BE:	LDR	R3, [SP, #0X40]	;(SP=0x100FFD18 )
(    libInnoSecure.so[0xCBBCB000])[30 44       ]0x000047C0:	ADD	R0, R6	;(R0=0x8E8252A2 R6=0x788AB8F6 )
(    libInnoSecure.so[0xCBBCB000])[19 44       ]0x000047C2:	ADD	R1, R3	;(R1=0x31FE5C9B R3=0x38646135 )
(    libInnoSecure.so[0xCBBCB000])[11 44       ]0x000047C4:	ADD	R1, R2	;(R1=0x6A62BDD0 R2=0xB0CF3DA1 )
(    libInnoSecure.so[0xCBBCB000])[4D F2 91 32 ]0x000047C6:	MOVW	R2, #0XD391
(    libInnoSecure.so[0xCBBCB000])[CE F6 86 32 ]0x000047CA:	MOVT	R2, #0XEB86	;(R2=0x0000D391 )
(    libInnoSecure.so[0xCBBCB000])[11 44       ]0x000047CE:	ADD	R1, R2	;(R1=0x1B31FB71 R2=0xEB86D391 )
(    libInnoSecure.so[0xCBBCB000])[00 EB F1 20 ]0x000047D0:	ADD.W	R0, R0, R1, ROR #11	;(R0=0x070D0B98 R1=0x06B8CF02 )
(    libInnoSecure.so[0xCBBCB000])[CC F8 04 00 ]0x000047D4:	STR.W	R0, [IP, #4]	;(R0=0xE74DE2B1 IP=0x100FFEF8 )
(    libInnoSecure.so[0xCBBCB000])[07 48       ]0x000047D8:	LDR	R0, [PC, #0X1C]	;(PC=0xCBBCF7D8 )
(    libInnoSecure.so[0xCBBCB000])[52 99       ]0x000047DA:	LDR	R1, [SP, #0X148]	;(SP=0x100FFD18 )
(    libInnoSecure.so[0xCBBCB000])[78 44       ]0x000047DC:	ADD	R0, PC	;(R0=0x000056C0 PC=0xCBBCF7DC )
(    libInnoSecure.so[0xCBBCB000])[00 68       ]0x000047DE:	LDR	R0, [R0]	;(R0=0xCBBD4EA0 )
(    libInnoSecure.so[0xCBBCB000])[00 68       ]0x000047E0:	LDR	R0, [R0]	;(R0=0xCBC29384 )
(    libInnoSecure.so[0xCBBCB000])[40 1A       ]0x000047E2:	SUBS	R0, R0, R1	;(R0=0x00000000 R1=0x00000000 )
(    libInnoSecure.so[0xCBBCB000])[02 BF       ]0x000047E4:	ITTT	EQ
(    libInnoSecure.so[0xCBBCB000])[53 B0       ]0x000047E6:	ADD	SP, #0X14C	;(SP=0x100FFD18 )
(    libInnoSecure.so[0xCBBCB000])[BD E8 00 0F ]0x000047E8:	POP.W	{R8, SB, SL, FP}	;(SP=0x100FFE64 )
(    libInnoSecure.so[0xCBBCB000])[F0 BD       ]0x000047EC:	POP	{R4, R5, R6, R7, PC}	;(SP=0x100FFE74 )
(    libInnoSecure.so[0xCBBCB000])[05 F1 80 00 ]0x0000402E:	ADD.W	R0, R5, #0X80	;(R5=0x00000380 )
(    libInnoSecure.so[0xCBBCB000])[40 35       ]0x00004032:	ADDS	R5, #0X40	;(R5=0x00000380 )
(    libInnoSecure.so[0xCBBCB000])[A0 42       ]0x00004034:	CMP	R0, R4	;(R0=0x00000400 R4=0x0000043E )
(    libInnoSecure.so[0xCBBCB000])[F5 D9       ]0x00004036:	BLS	#0XCBBCF024
(    libInnoSecure.so[0xCBBCB000])[09 EB 05 01 ]0x00004024:	ADD.W	R1, SB, R5	;(SB=0x30043020 R5=0x000003C0 )
(    libInnoSecure.so[0xCBBCB000])[30 46       ]0x00004028:	MOV	R0, R6	;(R6=0x100FFEF8 )
(    libInnoSecure.so[0xCBBCB000])[00 F0 11 F8 ]0x0000402A:	BL	#0XCBBCF050	;(PC=0xCBBCF02A )
(    libInnoSecure.so[0xCBBCB000])[F0 B5       ]0x00004050:	PUSH	{R4, R5, R6, R7, LR}	;(SP=0x100FFE88 R4=0x0000043E R5=0x000003C0 R6=0x100FFEF8 R7=0x100FFEA0 LR=0xCBBCF02F )
(    libInnoSecure.so[0xCBBCB000])[03 AF       ]0x00004052:	ADD	R7, SP, #0XC	;(SP=0x100FFE74 )
(    libInnoSecure.so[0xCBBCB000])[2D E9 00 0F ]0x00004054:	PUSH.W	{R8, SB, SL, FP}	;(SP=0x100FFE74 R8=0x100FFEF0 SB=0x30043020 SL=0x100FFF08 FP=0x00000007 )
(    libInnoSecure.so[0xCBBCB000])[D3 B0       ]0x00004058:	SUB	SP, #0X14C	;(SP=0x100FFE64 )
(    libInnoSecure.so[0xCBBCB000])[DF F8 98 27 ]0x0000405A:	LDR.W	R2, [PC, #0X798]	;(PC=0xCBBCF05A )
(    libInnoSecure.so[0xCBBCB000])[12 AC       ]0x0000405E:	ADD	R4, SP, #0X48	;(SP=0x100FFD18 )
(    libInnoSecure.so[0xCBBCB000])[00 25       ]0x00004060:	MOVS	R5, #0
(    libInnoSecure.so[0xCBBCB000])[7A 44       ]0x00004062:	ADD	R2, PC	;(R2=0x00005E3A PC=0xCBBCF062 )
(    libInnoSecure.so[0xCBBCB000])[12 68       ]0x00004064:	LDR	R2, [R2]	;(R2=0xCBBD4EA0 )
(    libInnoSecure.so[0xCBBCB000])[12 68       ]0x00004066:	LDR	R2, [R2]	;(R2=0xCBC29384 )
(    libInnoSecure.so[0xCBBCB000])[52 92       ]0x00004068:	STR	R2, [SP, #0X148]	;(R2=0x00000000 SP=0x100FFD18 )
(    libInnoSecure.so[0xCBBCB000])[D0 E9 00 C2 ]0x0000406A:	LDRD	IP, R2, [R0]	;(R0=0x100FFEF8 )
(    libInnoSecure.so[0xCBBCB000])[D0 F8 08 E0 ]0x0000406E:	LDR.W	LR, [R0, #8]	;(R0=0x100FFEF8 )
(    libInnoSecure.so[0xCBBCB000])[07 90       ]0x00004072:	STR	R0, [SP, #0X1C]	;(R0=0x100FFEF8 SP=0x100FFD18 )
(    libInnoSecure.so[0xCBBCB000])[C0 68       ]0x00004074:	LDR	R0, [R0, #0XC]	;(R0=0x100FFEF8 )
(    libInnoSecure.so[0xCBBCB000])[4E 59       ]0x00004076:	LDR	R6, [R1, R5]	;(R1=0x300433E0 R5=0x00000000 )
(    libInnoSecure.so[0xCBBCB000])[66 51       ]0x00004078:	STR	R6, [R4, R5]	;(R6=0x63643062 R4=0x100FFD60 R5=0x00000000 )
(    libInnoSecure.so[0xCBBCB000])[04 35       ]0x0000407A:	ADDS	R5, #4	;(R5=0x00000000 )
(    libInnoSecure.so[0xCBBCB000])[40 2D       ]0x0000407C:	CMP	R5, #0X40	;(R5=0x00000004 )
(    libInnoSecure.so[0xCBBCB000])[FA D1       ]0x0000407E:	BNE	#0XCBBCF076
(    libInnoSecure.so[0xCBBCB000])[4E 59       ]0x00004076:	LDR	R6, [R1, R5]	;(R1=0x300433E0 R5=0x00000004 )
(    libInnoSecure.so[0xCBBCB000])[66 51       ]0x00004078:	STR	R6, [R4, R5]	;(R6=0x36313533 R4=0x100FFD60 R5=0x00000004 )
(    libInnoSecure.so[0xCBBCB000])[04 35       ]0x0000407A:	ADDS	R5, #4	;(R5=0x00000004 )
(    libInnoSecure.so[0xCBBCB000])[40 2D       ]0x0000407C:	CMP	R5, #0X40	;(R5=0x00000008 )
(    libInnoSecure.so[0xCBBCB000])[FA D1       ]0x0000407E:	BNE	#0XCBBCF076
(    libInnoSecure.so[0xCBBCB000])[4E 59       ]0x00004076:	LDR	R6, [R1, R5]	;(R1=0x300433E0 R5=0x00000008 )
(    libInnoSecure.so[0xCBBCB000])[66 51       ]0x00004078:	STR	R6, [R4, R5]	;(R6=0x61626331 R4=0x100FFD60 R5=0x00000008 )
(    libInnoSecure.so[0xCBBCB000])[04 35       ]0x0000407A:	ADDS	R5, #4	;(R5=0x00000008 )
(    libInnoSecure.so[0xCBBCB000])[40 2D       ]0x0000407C:	CMP	R5, #0X40	;(R5=0x0000000C )
(    libInnoSecure.so[0xCBBCB000])[FA D1       ]0x0000407E:	BNE	#0XCBBCF076
(    libInnoSecure.so[0xCBBCB000])[4E 59       ]0x00004076:	LDR	R6, [R1, R5]	;(R1=0x300433E0 R5=0x0000000C )
(    libInnoSecure.so[0xCBBCB000])[66 51       ]0x00004078:	STR	R6, [R4, R5]	;(R6=0x39336465 R4=0x100FFD60 R5=0x0000000C )
(    libInnoSecure.so[0xCBBCB000])[04 35       ]0x0000407A:	ADDS	R5, #4	;(R5=0x0000000C )
(    libInnoSecure.so[0xCBBCB000])[40 2D       ]0x0000407C:	CMP	R5, #0X40	;(R5=0x00000010 )
(    libInnoSecure.so[0xCBBCB000])[FA D1       ]0x0000407E:	BNE	#0XCBBCF076
(    libInnoSecure.so[0xCBBCB000])[4E 59       ]0x00004076:	LDR	R6, [R1, R5]	;(R1=0x300433E0 R5=0x00000010 )
(    libInnoSecure.so[0xCBBCB000])[66 51       ]0x00004078:	STR	R6, [R4, R5]	;(R6=0x31346238 R4=0x100FFD60 R5=0x00000010 )
(    libInnoSecure.so[0xCBBCB000])[04 35       ]0x0000407A:	ADDS	R5, #4	;(R5=0x00000010 )
(    libInnoSecure.so[0xCBBCB000])[40 2D       ]0x0000407C:	CMP	R5, #0X40	;(R5=0x00000014 )
(    libInnoSecure.so[0xCBBCB000])[FA D1       ]0x0000407E:	BNE	#0XCBBCF076
(    libInnoSecure.so[0xCBBCB000])[4E 59       ]0x00004076:	LDR	R6, [R1, R5]	;(R1=0x300433E0 R5=0x00000014 )
(    libInnoSecure.so[0xCBBCB000])[66 51       ]0x00004078:	STR	R6, [R4, R5]	;(R6=0x37646365 R4=0x100FFD60 R5=0x00000014 )
(    libInnoSecure.so[0xCBBCB000])[04 35       ]0x0000407A:	ADDS	R5, #4	;(R5=0x00000014 )
(    libInnoSecure.so[0xCBBCB000])[40 2D       ]0x0000407C:	CMP	R5, #0X40	;(R5=0x00000018 )
(    libInnoSecure.so[0xCBBCB000])[FA D1       ]0x0000407E:	BNE	#0XCBBCF076
(    libInnoSecure.so[0xCBBCB000])[4E 59       ]0x00004076:	LDR	R6, [R1, R5]	;(R1=0x300433E0 R5=0x00000018 )
(    libInnoSecure.so[0xCBBCB000])[66 51       ]0x00004078:	STR	R6, [R4, R5]	;(R6=0x30346333 R4=0x100FFD60 R5=0x00000018 )
(    libInnoSecure.so[0xCBBCB000])[04 35       ]0x0000407A:	ADDS	R5, #4	;(R5=0x00000018 )
(    libInnoSecure.so[0xCBBCB000])[40 2D       ]0x0000407C:	CMP	R5, #0X40	;(R5=0x0000001C )
(    libInnoSecure.so[0xCBBCB000])[FA D1       ]0x0000407E:	BNE	#0XCBBCF076
(    libInnoSecure.so[0xCBBCB000])[4E 59       ]0x00004076:	LDR	R6, [R1, R5]	;(R1=0x300433E0 R5=0x0000001C )
(    libInnoSecure.so[0xCBBCB000])[66 51       ]0x00004078:	STR	R6, [R4, R5]	;(R6=0x31613930 R4=0x100FFD60 R5=0x0000001C )
(    libInnoSecure.so[0xCBBCB000])[04 35       ]0x0000407A:	ADDS	R5, #4	;(R5=0x0000001C )
(    libInnoSecure.so[0xCBBCB000])[40 2D       ]0x0000407C:	CMP	R5, #0X40	;(R5=0x00000020 )
(    libInnoSecure.so[0xCBBCB000])[FA D1       ]0x0000407E:	BNE	#0XCBBCF076
(    libInnoSecure.so[0xCBBCB000])[4E 59       ]0x00004076:	LDR	R6, [R1, R5]	;(R1=0x300433E0 R5=0x00000020 )
(    libInnoSecure.so[0xCBBCB000])[66 51       ]0x00004078:	STR	R6, [R4, R5]	;(R6=0x37656164 R4=0x100FFD60 R5=0x00000020 )
(    libInnoSecure.so[0xCBBCB000])[04 35       ]0x0000407A:	ADDS	R5, #4	;(R5=0x00000020 )
(    libInnoSecure.so[0xCBBCB000])[40 2D       ]0x0000407C:	CMP	R5, #0X40	;(R5=0x00000024 )
(    libInnoSecure.so[0xCBBCB000])[FA D1       ]0x0000407E:	BNE	#0XCBBCF076
(    libInnoSecure.so[0xCBBCB000])[4E 59       ]0x00004076:	LDR	R6, [R1, R5]	;(R1=0x300433E0 R5=0x00000024 )
(    libInnoSecure.so[0xCBBCB000])[66 51       ]0x00004078:	STR	R6, [R4, R5]	;(R6=0x30626362 R4=0x100FFD60 R5=0x00000024 )
(    libInnoSecure.so[0xCBBCB000])[04 35       ]0x0000407A:	ADDS	R5, #4	;(R5=0x00000024 )
(    libInnoSecure.so[0xCBBCB000])[40 2D       ]0x0000407C:	CMP	R5, #0X40	;(R5=0x00000028 )
(    libInnoSecure.so[0xCBBCB000])[FA D1       ]0x0000407E:	BNE	#0XCBBCF076
(    libInnoSecure.so[0xCBBCB000])[4E 59       ]0x00004076:	LDR	R6, [R1, R5]	;(R1=0x300433E0 R5=0x00000028 )
(    libInnoSecure.so[0xCBBCB000])[66 51       ]0x00004078:	STR	R6, [R4, R5]	;(R6=0x35376230 R4=0x100FFD60 R5=0x00000028 )
(    libInnoSecure.so[0xCBBCB000])[04 35       ]0x0000407A:	ADDS	R5, #4	;(R5=0x00000028 )
(    libInnoSecure.so[0xCBBCB000])[40 2D       ]0x0000407C:	CMP	R5, #0X40	;(R5=0x0000002C )
(    libInnoSecure.so[0xCBBCB000])[FA D1       ]0x0000407E:	BNE	#0XCBBCF076
(    libInnoSecure.so[0xCBBCB000])[4E 59       ]0x00004076:	LDR	R6, [R1, R5]	;(R1=0x300433E0 R5=0x0000002C )
(    libInnoSecure.so[0xCBBCB000])[66 51       ]0x00004078:	STR	R6, [R4, R5]	;(R6=0x38663363 R4=0x100FFD60 R5=0x0000002C )
(    libInnoSecure.so[0xCBBCB000])[04 35       ]0x0000407A:	ADDS	R5, #4	;(R5=0x0000002C )
(    libInnoSecure.so[0xCBBCB000])[40 2D       ]0x0000407C:	CMP	R5, #0X40	;(R5=0x00000030 )
(    libInnoSecure.so[0xCBBCB000])[FA D1       ]0x0000407E:	BNE	#0XCBBCF076
(    libInnoSecure.so[0xCBBCB000])[4E 59       ]0x00004076:	LDR	R6, [R1, R5]	;(R1=0x300433E0 R5=0x00000030 )
(    libInnoSecure.so[0xCBBCB000])[66 51       ]0x00004078:	STR	R6, [R4, R5]	;(R6=0x39373564 R4=0x100FFD60 R5=0x00000030 )
(    libInnoSecure.so[0xCBBCB000])[04 35       ]0x0000407A:	ADDS	R5, #4	;(R5=0x00000030 )
(    libInnoSecure.so[0xCBBCB000])[40 2D       ]0x0000407C:	CMP	R5, #0X40	;(R5=0x00000034 )
(    libInnoSecure.so[0xCBBCB000])[FA D1       ]0x0000407E:	BNE	#0XCBBCF076
(    libInnoSecure.so[0xCBBCB000])[4E 59       ]0x00004076:	LDR	R6, [R1, R5]	;(R1=0x300433E0 R5=0x00000034 )
(    libInnoSecure.so[0xCBBCB000])[66 51       ]0x00004078:	STR	R6, [R4, R5]	;(R6=0x35303432 R4=0x100FFD60 R5=0x00000034 )
(    libInnoSecure.so[0xCBBCB000])[04 35       ]0x0000407A:	ADDS	R5, #4	;(R5=0x00000034 )
(    libInnoSecure.so[0xCBBCB000])[40 2D       ]0x0000407C:	CMP	R5, #0X40	;(R5=0x00000038 )
(    libInnoSecure.so[0xCBBCB000])[FA D1       ]0x0000407E:	BNE	#0XCBBCF076
(    libInnoSecure.so[0xCBBCB000])[4E 59       ]0x00004076:	LDR	R6, [R1, R5]	;(R1=0x300433E0 R5=0x00000038 )
(    libInnoSecure.so[0xCBBCB000])[66 51       ]0x00004078:	STR	R6, [R4, R5]	;(R6=0x35636362 R4=0x100FFD60 R5=0x00000038 )
(    libInnoSecure.so[0xCBBCB000])[04 35       ]0x0000407A:	ADDS	R5, #4	;(R5=0x00000038 )
(    libInnoSecure.so[0xCBBCB000])[40 2D       ]0x0000407C:	CMP	R5, #0X40	;(R5=0x0000003C )
(    libInnoSecure.so[0xCBBCB000])[FA D1       ]0x0000407E:	BNE	#0XCBBCF076
(    libInnoSecure.so[0xCBBCB000])[4E 59       ]0x00004076:	LDR	R6, [R1, R5]	;(R1=0x300433E0 R5=0x0000003C )
(    libInnoSecure.so[0xCBBCB000])[66 51       ]0x00004078:	STR	R6, [R4, R5]	;(R6=0x30363465 R4=0x100FFD60 R5=0x0000003C )
(    libInnoSecure.so[0xCBBCB000])[04 35       ]0x0000407A:	ADDS	R5, #4	;(R5=0x0000003C )
(    libInnoSecure.so[0xCBBCB000])[40 2D       ]0x0000407C:	CMP	R5, #0X40	;(R5=0x00000040 )
(    libInnoSecure.so[0xCBBCB000])[FA D1       ]0x0000407E:	BNE	#0XCBBCF076
(    libInnoSecure.so[0xCBBCB000])[0E EA 02 01 ]0x00004080:	AND.W	R1, LR, R2	;(LR=0x64F1B101 R2=0xE74DE2B1 )
(    libInnoSecure.so[0xCBBCB000])[20 EA 02 06 ]0x00004084:	BIC.W	R6, R0, R2	;(R0=0xC1AEA7F9 R2=0xE74DE2B1 )
(    libInnoSecure.so[0xCBBCB000])[31 43       ]0x00004088:	ORRS	R1, R6	;(R1=0x6441A001 R6=0x00A20548 )
(    libInnoSecure.so[0xCBBCB000])[12 9D       ]0x0000408A:	LDR	R5, [SP, #0X48]	;(SP=0x100FFD18 )
(    libInnoSecure.so[0xCBBCB000])[61 44       ]0x0000408C:	ADD	R1, IP	;(R1=0x64E3A549 IP=0x6EE3B462 )
(    libInnoSecure.so[0xCBBCB000])[4A F2 78 46 ]0x0000408E:	MOVW	R6, #0XA478
(    libInnoSecure.so[0xCBBCB000])[29 44       ]0x00004092:	ADD	R1, R5	;(R1=0xD3C759AB R5=0x63643062 )
(    libInnoSecure.so[0xCBBCB000])[CD F2 6A 76 ]0x00004094:	MOVT	R6, #0XD76A	;(R6=0x0000A478 )
(    libInnoSecure.so[0xCBBCB000])[31 44       ]0x00004098:	ADD	R1, R6	;(R1=0x372B8A0D R6=0xD76AA478 )
(    libInnoSecure.so[0xCBBCB000])[13 9B       ]0x0000409A:	LDR	R3, [SP, #0X4C]	;(SP=0x100FFD18 )
(    libInnoSecure.so[0xCBBCB000])[0E 95       ]0x0000409C:	STR	R5, [SP, #0X38]	;(R5=0x63643062 SP=0x100FFD18 )
(    libInnoSecure.so[0xCBBCB000])[02 EB 71 66 ]0x0000409E:	ADD.W	R6, R2, R1, ROR #25	;(R2=0xE74DE2B1 R1=0x0E962E85 )
(    libInnoSecure.so[0xCBBCB000])[18 44       ]0x000040A2:	ADD	R0, R3	;(R0=0xC1AEA7F9 R3=0x36313533 )
(    libInnoSecure.so[0xCBBCB000])[2E EA 06 01 ]0x000040A4:	BIC.W	R1, LR, R6	;(LR=0x64F1B101 R6=0x32652538 )
(    libInnoSecure.so[0xCBBCB000])[06 EA 02 05 ]0x000040A8:	AND.W	R5, R6, R2	;(R6=0x32652538 R2=0xE74DE2B1 )
(    libInnoSecure.so[0xCBBCB000])[29 43       ]0x000040AC:	ORRS	R1, R5	;(R1=0x44909001 R5=0x22452030 )
(    libInnoSecure.so[0xCBBCB000])[14 9C       ]0x000040AE:	LDR	R4, [SP, #0X50]	;(SP=0x100FFD18 )
(    libInnoSecure.so[0xCBBCB000])[08 44       ]0x000040B0:	ADD	R0, R1	;(R0=0xF7DFDD2C R1=0x66D5B031 )
(    libInnoSecure.so[0xCBBCB000])[4B F2 56 71 ]0x000040B2:	MOVW	R1, #0XB756
(    libInnoSecure.so[0xCBBCB000])[CE F6 C7 01 ]0x000040B6:	MOVT	R1, #0XE8C7	;(R1=0x0000B756 )
(    libInnoSecure.so[0xCBBCB000])[08 44       ]0x000040BA:	ADD	R0, R1	;(R0=0x5EB58D5D R1=0xE8C7B756 )
(    libInnoSecure.so[0xCBBCB000])[DD F8 54 C0 ]0x000040BC:	LDR.W	IP, [SP, #0X54]	;(SP=0x100FFD18 )
(    libInnoSecure.so[0xCBBCB000])[06 EB 30 55 ]0x000040C0:	ADD.W	R5, R6, R0, ROR #20	;(R6=0x32652538 R0=0x477D44B3 )
(    libInnoSecure.so[0xCBBCB000])[11 93       ]0x000040C4:	STR	R3, [SP, #0X44]	;(R3=0x36313533 SP=0x100FFD18 )
(    libInnoSecure.so[0xCBBCB000])[22 EA 05 00 ]0x000040C6:	BIC.W	R0, R2, R5	;(R2=0xE74DE2B1 R5=0x06B059AF )
(    libInnoSecure.so[0xCBBCB000])[05 EA 06 01 ]0x000040CA:	AND.W	R1, R5, R6	;(R5=0x06B059AF R6=0x32652538 )
(    libInnoSecure.so[0xCBBCB000])[08 43       ]0x000040CE:	ORRS	R0, R1	;(R0=0xE14DA210 R1=0x02200128 )
(    libInnoSecure.so[0xCBBCB000])[0E EB 04 01 ]0x000040D0:	ADD.W	R1, LR, R4	;(LR=0x64F1B101 R4=0x61626331 )
(    libInnoSecure.so[0xCBBCB000])[08 44       ]0x000040D4:	ADD	R0, R1	;(R0=0xE36DA338 R1=0xC6541432 )
(    libInnoSecure.so[0xCBBCB000])[47 F2 DB 01 ]0x000040D6:	MOVW	R1, #0X70DB
(    libInnoSecure.so[0xCBBCB000])[C2 F2 20 41 ]0x000040DA:	MOVT	R1, #0X2420	;(R1=0x000070DB )
(    libInnoSecure.so[0xCBBCB000])[08 44       ]0x000040DE:	ADD	R0, R1	;(R0=0xA9C1B76A R1=0x242070DB )
(    libInnoSecure.so[0xCBBCB000])[62 44       ]0x000040E0:	ADD	R2, IP	;(R2=0xE74DE2B1 IP=0x39336465 )
(    libInnoSecure.so[0xCBBCB000])[CD F8 3C C0 ]0x000040E2:	STR.W	IP, [SP, #0X3C]	;(IP=0x39336465 SP=0x100FFD18 )
(    libInnoSecure.so[0xCBBCB000])[05 EB F0 30 ]0x000040E6:	ADD.W	R0, R5, R0, ROR #15	;(R5=0x06B059AF R0=0xCDE22845 )
(    libInnoSecure.so[0xCBBCB000])[DD F8 60 C0 ]0x000040EA:	LDR.W	IP, [SP, #0X60]	;(SP=0x100FFD18 )
(    libInnoSecure.so[0xCBBCB000])[26 EA 00 01 ]0x000040EE:	BIC.W	R1, R6, R0	;(R6=0x32652538 R0=0x573BF573 )
(    libInnoSecure.so[0xCBBCB000])[00 EA 05 03 ]0x000040F2:	AND.W	R3, R0, R5	;(R0=0x573BF573 R5=0x06B059AF )
(    libInnoSecure.so[0xCBBCB000])[19 43       ]0x000040F6:	ORRS	R1, R3	;(R1=0x20440008 R3=0x06305123 )
(    libInnoSecure.so[0xCBBCB000])[0C 94       ]0x000040F8:	STR	R4, [SP, #0X30]	;(R4=0x61626331 SP=0x100FFD18 )
(    libInnoSecure.so[0xCBBCB000])[11 44       ]0x000040FA:	ADD	R1, R2	;(R1=0x2674512B R2=0x20814716 )
(    libInnoSecure.so[0xCBBCB000])[4C F6 EE 62 ]0x000040FC:	MOVW	R2, #0XCEEE
(    libInnoSecure.so[0xCBBCB000])[CC F2 BD 12 ]0x00004100:	MOVT	R2, #0XC1BD	;(R2=0x0000CEEE )
(    libInnoSecure.so[0xCBBCB000])[11 44       ]0x00004104:	ADD	R1, R2	;(R1=0x46F59841 R2=0xC1BDCEEE )
(    libInnoSecure.so[0xCBBCB000])[DD F8 74 90 ]0x00004106:	LDR.W	SB, [SP, #0X74]	;(SP=0x100FFD18 )
(    libInnoSecure.so[0xCBBCB000])[00 EB B1 21 ]0x0000410A:	ADD.W	R1, R0, R1, ROR #10	;(R0=0x573BF573 R1=0x08B3672F )
(    libInnoSecure.so[0xCBBCB000])[CD F8 18 C0 ]0x0000410E:	STR.W	IP, [SP, #0X18]	;(IP=0x30346333 SP=0x100FFD18 )
(    libInnoSecure.so[0xCBBCB000])[25 EA 01 02 ]0x00004112:	BIC.W	R2, R5, R1	;(R5=0x06B059AF R1=0x22FE224C )
(    libInnoSecure.so[0xCBBCB000])[01 EA 00 03 ]0x00004116:	AND.W	R3, R1, R0	;(R1=0x22FE224C R0=0x573BF573 )
(    libInnoSecure.so[0xCBBCB000])[1A 43       ]0x0000411A:	ORRS	R2, R3	;(R2=0x040059A3 R3=0x023A2040 )
(    libInnoSecure.so[0xCBBCB000])[16 9B       ]0x0000411C:	LDR	R3, [SP, #0X58]	;(SP=0x100FFD18 )
(    libInnoSecure.so[0xCBBCB000])[0B 93       ]0x0000411E:	STR	R3, [SP, #0X2C]	;(R3=0x31346238 SP=0x100FFD18 )
(    libInnoSecure.so[0xCBBCB000])[33 44       ]0x00004120:	ADD	R3, R6	;(R3=0x31346238 R6=0x32652538 )
(    libInnoSecure.so[0xCBBCB000])[1A 44       ]0x00004122:	ADD	R2, R3	;(R2=0x063A79E3 R3=0x63998770 )
(    libInnoSecure.so[0xCBBCB000])[40 F6 AF 73 ]0x00004124:	MOVW	R3, #0XFAF
(    libInnoSecure.so[0xCBBCB000])[CF F2 7C 53 ]0x00004128:	MOVT	R3, #0XF57C	;(R3=0x00000FAF )
(    libInnoSecure.so[0xCBBCB000])[1A 44       ]0x0000412C:	ADD	R2, R3	;(R2=0x69D40153 R3=0xF57C0FAF )
(    libInnoSecure.so[0xCBBCB000])[01 EB 72 62 ]0x0000412E:	ADD.W	R2, R1, R2, ROR #25	;(R1=0x22FE224C R2=0x5F501102 )
(    libInnoSecure.so[0xCBBCB000])[20 EA 02 03 ]0x00004132:	BIC.W	R3, R0, R2	;(R0=0x573BF573 R2=0xCB06A37B )
(    libInnoSecure.so[0xCBBCB000])[02 EA 01 06 ]0x00004136:	AND.W	R6, R2, R1	;(R2=0xCB06A37B R1=0x22FE224C )
(    libInnoSecure.so[0xCBBCB000])[33 43       ]0x0000413A:	ORRS	R3, R6	;(R3=0x14395400 R6=0x02062248 )
(    libInnoSecure.so[0xCBBCB000])[17 9E       ]0x0000413C:	LDR	R6, [SP, #0X5C]	;(SP=0x100FFD18 )
(    libInnoSecure.so[0xCBBCB000])[60 44       ]0x0000413E:	ADD	R0, IP	;(R0=0x573BF573 IP=0x30346333 )
(    libInnoSecure.so[0xCBBCB000])[09 96       ]0x00004140:	STR	R6, [SP, #0X24]	;(R6=0x37646365 SP=0x100FFD18 )
(    libInnoSecure.so[0xCBBCB000])[35 44       ]0x00004142:	ADD	R5, R6	;(R5=0x06B059AF R6=0x37646365 )
(    libInnoSecure.so[0xCBBCB000])[1C 9E       ]0x00004144:	LDR	R6, [SP, #0X70]	;(SP=0x100FFD18 )
(    libInnoSecure.so[0xCBBCB000])[2B 44       ]0x00004146:	ADD	R3, R5	;(R3=0x163F7648 R5=0x3E14BD14 )
(    libInnoSecure.so[0xCBBCB000])[4C F2 2A 65 ]0x00004148:	MOVW	R5, #0XC62A
(    libInnoSecure.so[0xCBBCB000])[C4 F2 87 75 ]0x0000414C:	MOVT	R5, #0X4787	;(R5=0x0000C62A )
(    libInnoSecure.so[0xCBBCB000])[2B 44       ]0x00004150:	ADD	R3, R5	;(R3=0x5454335C R5=0x4787C62A )
(    libInnoSecure.so[0xCBBCB000])[B0 46       ]0x00004152:	MOV	R8, R6	;(R6=0x35376230 )
(    libInnoSecure.so[0xCBBCB000])[02 EB 33 53 ]0x00004154:	ADD.W	R3, R2, R3, ROR #20	;(R2=0xCB06A37B R3=0x9BDBF986 )
(    libInnoSecure.so[0xCBBCB000])[CD F8 08 80 ]0x00004158:	STR.W	R8, [SP, #8]	;(R8=0x35376230 SP=0x100FFD18 )
(    libInnoSecure.so[0xCBBCB000])[21 EA 03 05 ]0x0000415C:	BIC.W	R5, R1, R3	;(R1=0x22FE224C R3=0x8A9F0D38 )
(    libInnoSecure.so[0xCBBCB000])[03 EA 02 04 ]0x00004160:	AND.W	R4, R3, R2	;(R3=0x8A9F0D38 R2=0xCB06A37B )
(    libInnoSecure.so[0xCBBCB000])[25 43       ]0x00004164:	ORRS	R5, R4	;(R5=0x20602244 R4=0x8A060138 )
(    libInnoSecure.so[0xCBBCB000])[19 9C       ]0x00004166:	LDR	R4, [SP, #0X64]	;(SP=0x100FFD18 )
(    libInnoSecure.so[0xCBBCB000])[28 44       ]0x00004168:	ADD	R0, R5	;(R0=0x877058A6 R5=0xAA66237C )
(    libInnoSecure.so[0xCBBCB000])[44 F2 13 65 ]0x0000416A:	MOVW	R5, #0X4613
(    libInnoSecure.so[0xCBBCB000])[CA F6 30 05 ]0x0000416E:	MOVT	R5, #0XA830	;(R5=0x00004613 )
(    libInnoSecure.so[0xCBBCB000])[28 44       ]0x00004172:	ADD	R0, R5	;(R0=0x31D67C22 R5=0xA8304613 )
(    libInnoSecure.so[0xCBBCB000])[21 44       ]0x00004174:	ADD	R1, R4	;(R1=0x22FE224C R4=0x31613930 )
(    libInnoSecure.so[0xCBBCB000])[04 94       ]0x00004176:	STR	R4, [SP, #0X10]	;(R4=0x31613930 SP=0x100FFD18 )
(    libInnoSecure.so[0xCBBCB000])[03 EB F0 3E ]0x00004178:	ADD.W	LR, R3, R0, ROR #15	;(R3=0x8A9F0D38 R0=0xDA06C235 )
(    libInnoSecure.so[0xCBBCB000])[22 EA 0E 00 ]0x0000417C:	BIC.W	R0, R2, LR	;(R2=0xCB06A37B LR=0x0F0AC145 )
(    libInnoSecure.so[0xCBBCB000])[0E EA 03 05 ]0x00004180:	AND.W	R5, LR, R3	;(LR=0x0F0AC145 R3=0x8A9F0D38 )
(    libInnoSecure.so[0xCBBCB000])[28 43       ]0x00004184:	ORRS	R0, R5	;(R0=0xC004223A R5=0x0A0A0100 )
(    libInnoSecure.so[0xCBBCB000])[06 EB 0E 05 ]0x00004186:	ADD.W	R5, R6, LR	;(R6=0x35376230 LR=0x0F0AC145 )
(    libInnoSecure.so[0xCBBCB000])[08 44       ]0x0000418A:	ADD	R0, R1	;(R0=0xCA0E233A R1=0x545F5B7C )
(    libInnoSecure.so[0xCBBCB000])[49 F2 01 51 ]0x0000418C:	MOVW	R1, #0X9501
(    libInnoSecure.so[0xCBBCB000])[CF F6 46 51 ]0x00004190:	MOVT	R1, #0XFD46	;(R1=0x00009501 )
(    libInnoSecure.so[0xCBBCB000])[08 44       ]0x00004194:	ADD	R0, R1	;(R0=0x1E6D7EB6 R1=0xFD469501 )
(    libInnoSecure.so[0xCBBCB000])[0E EB B0 21 ]0x00004196:	ADD.W	R1, LR, R0, ROR #10	;(LR=0x0F0AC145 R0=0x1BB413B7 )
(    libInnoSecure.so[0xCBBCB000])[23 EA 01 00 ]0x0000419A:	BIC.W	R0, R3, R1	;(R3=0x8A9F0D38 R1=0xFCD1AE49 )
(    libInnoSecure.so[0xCBBCB000])[01 EA 0E 04 ]0x0000419E:	AND.W	R4, R1, LR	;(R1=0xFCD1AE49 LR=0x0F0AC145 )
(    libInnoSecure.so[0xCBBCB000])[20 43       ]0x000041A2:	ORRS	R0, R4	;(R0=0x020E0130 R4=0x0C008041 )
(    libInnoSecure.so[0xCBBCB000])[1A 9C       ]0x000041A4:	LDR	R4, [SP, #0X68]	;(SP=0x100FFD18 )
(    libInnoSecure.so[0xCBBCB000])[0A 94       ]0x000041A6:	STR	R4, [SP, #0X28]	;(R4=0x37656164 SP=0x100FFD18 )
(    libInnoSecure.so[0xCBBCB000])[22 44       ]0x000041A8:	ADD	R2, R4	;(R2=0xCB06A37B R4=0x37656164 )
(    libInnoSecure.so[0xCBBCB000])[10 44       ]0x000041AA:	ADD	R0, R2	;(R0=0x0E0E8171 R2=0x026C04DF )
(    libInnoSecure.so[0xCBBCB000])[49 F6 D8 02 ]0x000041AC:	MOVW	R2, #0X98D8
(    libInnoSecure.so[0xCBBCB000])[C6 F6 80 12 ]0x000041B0:	MOVT	R2, #0X6980	;(R2=0x000098D8 )
(    libInnoSecure.so[0xCBBCB000])[10 44       ]0x000041B4:	ADD	R0, R2	;(R0=0x107A8650 R2=0x698098D8 )
(    libInnoSecure.so[0xCBBCB000])[01 EB 70 60 ]0x000041B6:	ADD.W	R0, R1, R0, ROR #25	;(R1=0xFCD1AE49 R0=0x79FB1F28 )
(    libInnoSecure.so[0xCBBCB000])[2E EA 00 02 ]0x000041BA:	BIC.W	R2, LR, R0	;(LR=0x0F0AC145 R0=0xFA614285 )
(    libInnoSecure.so[0xCBBCB000])[00 EA 01 04 ]0x000041BE:	AND.W	R4, R0, R1	;(R0=0xFA614285 R1=0xFCD1AE49 )
(    libInnoSecure.so[0xCBBCB000])[22 43       ]0x000041C2:	ORRS	R2, R4	;(R2=0x050A8140 R4=0xF8410201 )
(    libInnoSecure.so[0xCBBCB000])[1B 9C       ]0x000041C4:	LDR	R4, [SP, #0X6C]	;(SP=0x100FFD18 )
(    libInnoSecure.so[0xCBBCB000])[10 94       ]0x000041C6:	STR	R4, [SP, #0X40]	;(R4=0x30626362 SP=0x100FFD18 )
(    libInnoSecure.so[0xCBBCB000])[23 44       ]0x000041C8:	ADD	R3, R4	;(R3=0x8A9F0D38 R4=0x30626362 )
(    libInnoSecure.so[0xCBBCB000])[1A 44       ]0x000041CA:	ADD	R2, R3	;(R2=0xFD4B8341 R3=0xBB01709A )
(    libInnoSecure.so[0xCBBCB000])[4F F2 AF 73 ]0x000041CC:	MOVW	R3, #0XF7AF
(    libInnoSecure.so[0xCBBCB000])[C8 F6 44 33 ]0x000041D0:	MOVT	R3, #0X8B44	;(R3=0x0000F7AF )
(    libInnoSecure.so[0xCBBCB000])[1A 44       ]0x000041D4:	ADD	R2, R3	;(R2=0xB84CF3DB R3=0x8B44F7AF )
(    libInnoSecure.so[0xCBBCB000])[00 EB 32 53 ]0x000041D6:	ADD.W	R3, R0, R2, ROR #20	;(R0=0xFA614285 R2=0x4391EB8A )
(    libInnoSecure.so[0xCBBCB000])[21 EA 03 02 ]0x000041DA:	BIC.W	R2, R1, R3	;(R1=0xFCD1AE49 R3=0x1919E6BE )
(    libInnoSecure.so[0xCBBCB000])[03 EA 00 04 ]0x000041DE:	AND.W	R4, R3, R0	;(R3=0x1919E6BE R0=0xFA614285 )
(    libInnoSecure.so[0xCBBCB000])[22 43       ]0x000041E2:	ORRS	R2, R4	;(R2=0xE4C00841 R4=0x18014284 )
(    libInnoSecure.so[0xCBBCB000])[49 44       ]0x000041E4:	ADD	R1, SB	;(R1=0xFCD1AE49 SB=0x38663363 )
(    libInnoSecure.so[0xCBBCB000])[2A 44       ]0x000041E6:	ADD	R2, R5	;(R2=0xFCC14AC5 R5=0x44422375 )
(    libInnoSecure.so[0xCBBCB000])[4A F2 4F 45 ]0x000041E8:	MOVW	R5, #0XA44F
(    libInnoSecure.so[0xCBBCB000])[52 1B       ]0x000041EC:	SUBS	R2, R2, R5	;(R2=0x41036E3A R5=0x0000A44F )
(    libInnoSecure.so[0xCBBCB000])[03 EB F2 3E ]0x000041EE:	ADD.W	LR, R3, R2, ROR #15	;(R3=0x1919E6BE R2=0x4102C9EB )
(    libInnoSecure.so[0xCBBCB000])[20 EA 0E 02 ]0x000041F2:	BIC.W	R2, R0, LR	;(R0=0xFA614285 LR=0xACF068C3 )
(    libInnoSecure.so[0xCBBCB000])[0E EA 03 05 ]0x000041F6:	AND.W	R5, LR, R3	;(LR=0xACF068C3 R3=0x1919E6BE )
(    libInnoSecure.so[0xCBBCB000])[2A 43       ]0x000041FA:	ORRS	R2, R5	;(R2=0x52010204 R5=0x08106082 )
(    libInnoSecure.so[0xCBBCB000])[11 44       ]0x000041FC:	ADD	R1, R2	;(R1=0x3537E1AC R2=0x5A116286 )
(    libInnoSecure.so[0xCBBCB000])[4D F2 BE 72 ]0x000041FE:	MOVW	R2, #0XD7BE
(    libInnoSecure.so[0xCBBCB000])[C8 F6 5C 12 ]0x00004202:	MOVT	R2, #0X895C	;(R2=0x0000D7BE )
(    libInnoSecure.so[0xCBBCB000])[11 44       ]0x00004206:	ADD	R1, R2	;(R1=0x8F494432 R2=0x895CD7BE )
(    libInnoSecure.so[0xCBBCB000])[0E EB B1 21 ]0x00004208:	ADD.W	R1, LR, R1, ROR #10	;(LR=0xACF068C3 R1=0x18A61BF0 )
(    libInnoSecure.so[0xCBBCB000])[23 EA 01 02 ]0x0000420C:	BIC.W	R2, R3, R1	;(R3=0x1919E6BE R1=0xA8F69249 )
(    libInnoSecure.so[0xCBBCB000])[01 EA 0E 05 ]0x00004210:	AND.W	R5, R1, LR	;(R1=0xA8F69249 LR=0xACF068C3 )
(    libInnoSecure.so[0xCBBCB000])[15 43       ]0x00004214:	ORRS	R5, R2	;(R5=0xA8F00041 R2=0x110964B6 )
(    libInnoSecure.so[0xCBBCB000])[1E 9A       ]0x00004216:	LDR	R2, [SP, #0X78]	;(SP=0x100FFD18 )
(    libInnoSecure.so[0xCBBCB000])[0D 92       ]0x00004218:	STR	R2, [SP, #0X34]	;(R2=0x39373564 SP=0x100FFD18 )
(    libInnoSecure.so[0xCBBCB000])[10 44       ]0x0000421A:	ADD	R0, R2	;(R0=0xFA614285 R2=0x39373564 )
(    libInnoSecure.so[0xCBBCB000])[1F 9A       ]0x0000421C:	LDR	R2, [SP, #0X7C]	;(SP=0x100FFD18 )
(    libInnoSecure.so[0xCBBCB000])[28 44       ]0x0000421E:	ADD	R0, R5	;(R0=0x339877E9 R5=0xB9F964F7 )
(    libInnoSecure.so[0xCBBCB000])[41 F2 22 15 ]0x00004220:	MOVW	R5, #0X1122
(    libInnoSecure.so[0xCBBCB000])[C6 F6 90 35 ]0x00004224:	MOVT	R5, #0X6B90	;(R5=0x00001122 )
(    libInnoSecure.so[0xCBBCB000])[28 44       ]0x00004228:	ADD	R0, R5	;(R0=0xED91DCE0 R5=0x6B901122 )
(    libInnoSecure.so[0xCBBCB000])[13 44       ]0x0000422A:	ADD	R3, R2	;(R3=0x1919E6BE R2=0x35303432 )
(    libInnoSecure.so[0xCBBCB000])[08 92       ]0x0000422C:	STR	R2, [SP, #0X20]	;(R2=0x35303432 SP=0x100FFD18 )
(    libInnoSecure.so[0xCBBCB000])[01 EB 70 60 ]0x0000422E:	ADD.W	R0, R1, R0, ROR #25	;(R1=0xA8F69249 R0=0x5921EE02 )
(    libInnoSecure.so[0xCBBCB000])[20 9A       ]0x00004232:	LDR	R2, [SP, #0X80]	;(SP=0x100FFD18 )
(    libInnoSecure.so[0xCBBCB000])[2E EA 00 05 ]0x00004234:	BIC.W	R5, LR, R0	;(LR=0xACF068C3 R0=0x39ED9375 )
(    libInnoSecure.so[0xCBBCB000])[00 EA 01 06 ]0x00004238:	AND.W	R6, R0, R1	;(R0=0x39ED9375 R1=0xA8F69249 )
(    libInnoSecure.so[0xCBBCB000])[2E 43       ]0x0000423C:	ORRS	R6, R5	;(R6=0x28E49241 R5=0x84106882 )
(    libInnoSecure.so[0xCBBCB000])[02 EB 0E 05 ]0x0000423E:	ADD.W	R5, R2, LR	;(R2=0x35636362 LR=0xACF068C3 )
(    libInnoSecure.so[0xCBBCB000])[33 44       ]0x00004242:	ADD	R3, R6	;(R3=0x4E4A1AF0 R6=0xACF4FAC3 )
(    libInnoSecure.so[0xCBBCB000])[47 F2 93 16 ]0x00004244:	MOVW	R6, #0X7193
(    libInnoSecure.so[0xCBBCB000])[CF F6 98 56 ]0x00004248:	MOVT	R6, #0XFD98	;(R6=0x00007193 )
(    libInnoSecure.so[0xCBBCB000])[33 44       ]0x0000424C:	ADD	R3, R6	;(R3=0xFB3F15B3 R6=0xFD987193 )
(    libInnoSecure.so[0xCBBCB000])[96 46       ]0x0000424E:	MOV	LR, R2	;(R2=0x35636362 )
(    libInnoSecure.so[0xCBBCB000])[21 9A       ]0x00004250:	LDR	R2, [SP, #0X84]	;(SP=0x100FFD18 )
(    libInnoSecure.so[0xCBBCB000])[00 EB 33 5A ]0x00004252:	ADD.W	SL, R0, R3, ROR #20	;(R0=0x39ED9375 R3=0xF8D78746 )
(    libInnoSecure.so[0xCBBCB000])[21 EA 0A 03 ]0x00004256:	BIC.W	R3, R1, SL	;(R1=0xA8F69249 SL=0xB2620302 )
(    libInnoSecure.so[0xCBBCB000])[0A EA 00 06 ]0x0000425A:	AND.W	R6, SL, R0	;(SL=0xB2620302 R0=0x39ED9375 )
(    libInnoSecure.so[0xCBBCB000])[1E 43       ]0x0000425E:	ORRS	R6, R3	;(R6=0x30600300 R3=0x08949049 )
(    libInnoSecure.so[0xCBBCB000])[11 44       ]0x00004260:	ADD	R1, R2	;(R1=0xA8F69249 R2=0x30363465 )
(    libInnoSecure.so[0xCBBCB000])[2E 44       ]0x00004262:	ADD	R6, R5	;(R6=0x38F49349 R5=0xE253CC25 )
(    libInnoSecure.so[0xCBBCB000])[44 F2 8E 35 ]0x00004264:	MOVW	R5, #0X438E
(    libInnoSecure.so[0xCBBCB000])[CA F2 79 65 ]0x00004268:	MOVT	R5, #0XA679	;(R5=0x0000438E )
(    libInnoSecure.so[0xCBBCB000])[2E 44       ]0x0000426C:	ADD	R6, R5	;(R6=0x1B485F6E R5=0xA679438E )
(    libInnoSecure.so[0xCBBCB000])[13 46       ]0x0000426E:	MOV	R3, R2	;(R2=0x30363465 )
(    libInnoSecure.so[0xCBBCB000])[11 9A       ]0x00004270:	LDR	R2, [SP, #0X44]	;(SP=0x100FFD18 )
(    libInnoSecure.so[0xCBBCB000])[0A EB F6 3B ]0x00004272:	ADD.W	FP, SL, R6, ROR #15	;(SL=0xB2620302 R6=0xC1C1A2FC )
(    libInnoSecure.so[0xCBBCB000])[03 93       ]0x00004276:	STR	R3, [SP, #0XC]	;(R3=0x30363465 SP=0x100FFD18 )
(    libInnoSecure.so[0xCBBCB000])[20 EA 0B 06 ]0x00004278:	BIC.W	R6, R0, FP	;(R0=0x39ED9375 FP=0xF85B8685 )
(    libInnoSecure.so[0xCBBCB000])[0B EA 0A 05 ]0x0000427C:	AND.W	R5, FP, SL	;(FP=0xF85B8685 SL=0xB2620302 )
(    libInnoSecure.so[0xCBBCB000])[35 43       ]0x00004280:	ORRS	R5, R6	;(R5=0xB0420200 R6=0x01A41170 )
(    libInnoSecure.so[0xCBBCB000])[2B EA 0A 06 ]0x00004282:	BIC.W	R6, FP, SL	;(FP=0xF85B8685 SL=0xB2620302 )
(    libInnoSecure.so[0xCBBCB000])[29 44       ]0x00004286:	ADD	R1, R5	;(R1=0xD92CC6AE R5=0xB1E61370 )
(    libInnoSecure.so[0xCBBCB000])[40 F6 21 05 ]0x00004288:	MOVW	R5, #0X821
(    libInnoSecure.so[0xCBBCB000])[C4 F6 B4 15 ]0x0000428C:	MOVT	R5, #0X49B4	;(R5=0x00000821 )
(    libInnoSecure.so[0xCBBCB000])[29 44       ]0x00004290:	ADD	R1, R5	;(R1=0x8B12DA1E R5=0x49B40821 )
(    libInnoSecure.so[0xCBBCB000])[10 44       ]0x00004292:	ADD	R0, R2	;(R0=0x39ED9375 R2=0x36313533 )
(    libInnoSecure.so[0xCBBCB000])[0B EB B1 21 ]0x00004294:	ADD.W	R1, FP, R1, ROR #10	;(FP=0xF85B8685 R1=0xD4C6E23F )
(    libInnoSecure.so[0xCBBCB000])[01 EA 0A 05 ]0x00004298:	AND.W	R5, R1, SL	;(R1=0x8850B83D SL=0xB2620302 )
(    libInnoSecure.so[0xCBBCB000])[35 43       ]0x0000429C:	ORRS	R5, R6	;(R5=0x80400000 R6=0x48198485 )
(    libInnoSecure.so[0xCBBCB000])[21 EA 0B 06 ]0x0000429E:	BIC.W	R6, R1, FP	;(R1=0x8850B83D FP=0xF85B8685 )
(    libInnoSecure.so[0xCBBCB000])[28 44       ]0x000042A2:	ADD	R0, R5	;(R0=0x701EC8A8 R5=0xC8598485 )
(    libInnoSecure.so[0xCBBCB000])[42 F2 62 55 ]0x000042A4:	MOVW	R5, #0X2562
(    libInnoSecure.so[0xCBBCB000])[CF F2 1E 65 ]0x000042A8:	MOVT	R5, #0XF61E	;(R5=0x00002562 )
(    libInnoSecure.so[0xCBBCB000])[28 44       ]0x000042AC:	ADD	R0, R5	;(R0=0x38784D2D R5=0xF61E2562 )
(    libInnoSecure.so[0xCBBCB000])[01 EB F0 60 ]0x000042AE:	ADD.W	R0, R1, R0, ROR #27	;(R1=0x8850B83D R0=0x2E96728F )
(    libInnoSecure.so[0xCBBCB000])[00 EA 0B 05 ]0x000042B2:	AND.W	R5, R0, FP	;(R0=0x5B1F0A22 FP=0xF85B8685 )
(    libInnoSecure.so[0xCBBCB000])[20 EA 01 04 ]0x000042B6:	BIC.W	R4, R0, R1	;(R0=0x5B1F0A22 R1=0x8850B83D )
(    libInnoSecure.so[0xCBBCB000])[35 43       ]0x000042BA:	ORRS	R5, R6	;(R5=0x581B0200 R6=0x00003838 )
(    libInnoSecure.so[0xCBBCB000])[0C EB 0A 06 ]0x000042BC:	ADD.W	R6, IP, SL	;(IP=0x30346333 SL=0xB2620302 )
(    libInnoSecure.so[0xCBBCB000])[35 44       ]0x000042C0:	ADD	R5, R6	;(R5=0x581B3A38 R6=0xE2966635 )
(    libInnoSecure.so[0xCBBCB000])[4B F2 40 36 ]0x000042C2:	MOVW	R6, #0XB340
(    libInnoSecure.so[0xCBBCB000])[CC F2 40 06 ]0x000042C6:	MOVT	R6, #0XC040	;(R6=0x0000B340 )
(    libInnoSecure.so[0xCBBCB000])[35 44       ]0x000042CA:	ADD	R5, R6	;(R5=0x3AB1A06D R6=0xC040B340 )
(    libInnoSecure.so[0xCBBCB000])[CA 46       ]0x000042CC:	MOV	SL, SB	;(SB=0x38663363 )
(    libInnoSecure.so[0xCBBCB000])[DD F8 24 90 ]0x000042CE:	LDR.W	SB, [SP, #0X24]	;(SP=0x100FFD18 )
(    libInnoSecure.so[0xCBBCB000])[00 EB F5 55 ]0x000042D2:	ADD.W	R5, R0, R5, ROR #23	;(R0=0x5B1F0A22 R5=0xFAF253AD )
(    libInnoSecure.so[0xCBBCB000])[F4 46       ]0x000042D6:	MOV	IP, LR	;(LR=0x35636362 )
(    libInnoSecure.so[0xCBBCB000])[05 EA 01 06 ]0x000042D8:	AND.W	R6, R5, R1	;(R5=0x3FC66617 R1=0x8850B83D )
(    libInnoSecure.so[0xCBBCB000])[25 EA 00 02 ]0x000042DC:	BIC.W	R2, R5, R0	;(R5=0x3FC66617 R0=0x5B1F0A22 )
(    libInnoSecure.so[0xCBBCB000])[34 43       ]0x000042E0:	ORRS	R4, R6	;(R4=0x530F0202 R6=0x08402015 )
(    libInnoSecure.so[0xCBBCB000])[0A EB 0B 06 ]0x000042E2:	ADD.W	R6, SL, FP	;(SL=0x38663363 FP=0xF85B8685 )
(    libInnoSecure.so[0xCBBCB000])[34 44       ]0x000042E6:	ADD	R4, R6	;(R4=0x5B4F2217 R6=0x30C1B9E8 )
(    libInnoSecure.so[0xCBBCB000])[45 F6 51 26 ]0x000042E8:	MOVW	R6, #0X5A51
(    libInnoSecure.so[0xCBBCB000])[C2 F2 5E 66 ]0x000042EC:	MOVT	R6, #0X265E	;(R6=0x00005A51 )
(    libInnoSecure.so[0xCBBCB000])[34 44       ]0x000042F0:	ADD	R4, R6	;(R4=0x8C10DBFF R6=0x265E5A51 )
(    libInnoSecure.so[0xCBBCB000])[DD F8 2C B0 ]0x000042F2:	LDR.W	FP, [SP, #0X2C]	;(SP=0x100FFD18 )
(    libInnoSecure.so[0xCBBCB000])[05 EB B4 44 ]0x000042F6:	ADD.W	R4, R5, R4, ROR #18	;(R5=0x3FC66617 R4=0xB26F3650 )
(    libInnoSecure.so[0xCBBCB000])[DD F8 10 E0 ]0x000042FA:	LDR.W	LR, [SP, #0X10]	;(SP=0x100FFD18 )
(    libInnoSecure.so[0xCBBCB000])[04 EA 00 06 ]0x000042FE:	AND.W	R6, R4, R0	;(R4=0x0D5A92B2 R0=0x5B1F0A22 )
(    libInnoSecure.so[0xCBBCB000])[48 44       ]0x00004302:	ADD	R0, SB	;(R0=0x5B1F0A22 SB=0x37646365 )
(    libInnoSecure.so[0xCBBCB000])[32 43       ]0x00004304:	ORRS	R2, R6	;(R2=0x24C06415 R6=0x091A0222 )
(    libInnoSecure.so[0xCBBCB000])[0E 9E       ]0x00004306:	LDR	R6, [SP, #0X38]	;(SP=0x100FFD18 )
(    libInnoSecure.so[0xCBBCB000])[CD F8 04 C0 ]0x00004308:	STR.W	IP, [SP, #4]	;(IP=0x35636362 SP=0x100FFD18 )
(    libInnoSecure.so[0xCBBCB000])[31 44       ]0x0000430C:	ADD	R1, R6	;(R1=0x8850B83D R6=0x63643062 )
(    libInnoSecure.so[0xCBBCB000])[24 EA 05 06 ]0x0000430E:	BIC.W	R6, R4, R5	;(R4=0x0D5A92B2 R5=0x3FC66617 )
(    libInnoSecure.so[0xCBBCB000])[11 44       ]0x00004312:	ADD	R1, R2	;(R1=0xEBB4E89F R2=0x2DDA6637 )
(    libInnoSecure.so[0xCBBCB000])[4C F2 AA 72 ]0x00004314:	MOVW	R2, #0XC7AA
(    libInnoSecure.so[0xCBBCB000])[CE F6 B6 12 ]0x00004318:	MOVT	R2, #0XE9B6	;(R2=0x0000C7AA )
(    libInnoSecure.so[0xCBBCB000])[11 44       ]0x0000431C:	ADD	R1, R2	;(R1=0x198F4ED6 R2=0xE9B6C7AA )
(    libInnoSecure.so[0xCBBCB000])[CD F8 14 A0 ]0x0000431E:	STR.W	SL, [SP, #0X14]	;(SL=0x38663363 SP=0x100FFD18 )
(    libInnoSecure.so[0xCBBCB000])[04 EB 31 31 ]0x00004322:	ADD.W	R1, R4, R1, ROR #12	;(R4=0x0D5A92B2 R1=0x03461680 )
(    libInnoSecure.so[0xCBBCB000])[01 EA 05 02 ]0x00004326:	AND.W	R2, R1, R5	;(R1=0x755AC713 R5=0x3FC66617 )
(    libInnoSecure.so[0xCBBCB000])[45 44       ]0x0000432A:	ADD	R5, R8	;(R5=0x3FC66617 R8=0x35376230 )
(    libInnoSecure.so[0xCBBCB000])[32 43       ]0x0000432C:	ORRS	R2, R6	;(R2=0x35424613 R6=0x001890A0 )
(    libInnoSecure.so[0xCBBCB000])[21 EA 04 06 ]0x0000432E:	BIC.W	R6, R1, R4	;(R1=0x755AC713 R4=0x0D5A92B2 )
(    libInnoSecure.so[0xCBBCB000])[10 44       ]0x00004332:	ADD	R0, R2	;(R0=0x92836D87 R2=0x355AD6B3 )
(    libInnoSecure.so[0xCBBCB000])[41 F2 5D 02 ]0x00004334:	MOVW	R2, #0X105D
(    libInnoSecure.so[0xCBBCB000])[CD F2 2F 62 ]0x00004338:	MOVT	R2, #0XD62F	;(R2=0x0000105D )
(    libInnoSecure.so[0xCBBCB000])[10 44       ]0x0000433C:	ADD	R0, R2	;(R0=0xC7DE443A R2=0xD62F105D )
(    libInnoSecure.so[0xCBBCB000])[DD F8 20 80 ]0x0000433E:	LDR.W	R8, [SP, #0X20]	;(SP=0x100FFD18 )
(    libInnoSecure.so[0xCBBCB000])[01 EB F0 60 ]0x00004342:	ADD.W	R0, R1, R0, ROR #27	;(R1=0x755AC713 R0=0x9E0D5497 )
(    libInnoSecure.so[0xCBBCB000])[00 EA 04 02 ]0x00004346:	AND.W	R2, R0, R4	;(R0=0x37055A06 R4=0x0D5A92B2 )
(    libInnoSecure.so[0xCBBCB000])[1C 44       ]0x0000434A:	ADD	R4, R3	;(R4=0x0D5A92B2 R3=0x30363465 )
(    libInnoSecure.so[0xCBBCB000])[32 43       ]0x0000434C:	ORRS	R2, R6	;(R2=0x05001202 R6=0x70004501 )
(    libInnoSecure.so[0xCBBCB000])[20 EA 01 06 ]0x0000434E:	BIC.W	R6, R0, R1	;(R0=0x37055A06 R1=0x755AC713 )
(    libInnoSecure.so[0xCBBCB000])[2A 44       ]0x00004352:	ADD	R2, R5	;(R2=0x75005703 R5=0x74FDC847 )
(    libInnoSecure.so[0xCBBCB000])[41 F2 53 45 ]0x00004354:	MOVW	R5, #0X1453
(    libInnoSecure.so[0xCBBCB000])[C0 F2 44 25 ]0x00004358:	MOVT	R5, #0X244	;(R5=0x00001453 )
(    libInnoSecure.so[0xCBBCB000])[2A 44       ]0x0000435C:	ADD	R2, R5	;(R2=0xE9FE1F4A R5=0x02441453 )
(    libInnoSecure.so[0xCBBCB000])[10 9B       ]0x0000435E:	LDR	R3, [SP, #0X40]	;(SP=0x100FFD18 )
(    libInnoSecure.so[0xCBBCB000])[00 EB F2 52 ]0x00004360:	ADD.W	R2, R0, R2, ROR #23	;(R0=0x37055A06 R2=0xEC42339D )
(    libInnoSecure.so[0xCBBCB000])[02 EA 01 05 ]0x00004364:	AND.W	R5, R2, R1	;(R2=0xBB6C95DE R1=0x755AC713 )
(    libInnoSecure.so[0xCBBCB000])[59 44       ]0x00004368:	ADD	R1, FP	;(R1=0x755AC713 FP=0x31346238 )
(    libInnoSecure.so[0xCBBCB000])[35 43       ]0x0000436A:	ORRS	R5, R6	;(R5=0x31488512 R6=0x02051804 )
(    libInnoSecure.so[0xCBBCB000])[22 EA 00 06 ]0x0000436C:	BIC.W	R6, R2, R0	;(R2=0xBB6C95DE R0=0x37055A06 )
(    libInnoSecure.so[0xCBBCB000])[2C 44       ]0x00004370:	ADD	R4, R5	;(R4=0x3D90C717 R5=0x334D9D16 )
(    libInnoSecure.so[0xCBBCB000])[4E F2 81 65 ]0x00004372:	MOVW	R5, #0XE681
(    libInnoSecure.so[0xCBBCB000])[CD F6 A1 05 ]0x00004376:	MOVT	R5, #0XD8A1	;(R5=0x0000E681 )
(    libInnoSecure.so[0xCBBCB000])[2C 44       ]0x0000437A:	ADD	R4, R5	;(R4=0x70DE642D R5=0xD8A1E681 )
(    libInnoSecure.so[0xCBBCB000])[02 EB B4 44 ]0x0000437C:	ADD.W	R4, R2, R4, ROR #18	;(R2=0xBB6C95DE R4=0x49804AAE )
(    libInnoSecure.so[0xCBBCB000])[04 EA 00 05 ]0x00004380:	AND.W	R5, R4, R0	;(R4=0xCE18283E R0=0x37055A06 )
(    libInnoSecure.so[0xCBBCB000])[18 44       ]0x00004384:	ADD	R0, R3	;(R0=0x37055A06 R3=0x30626362 )
(    libInnoSecure.so[0xCBBCB000])[35 43       ]0x00004386:	ORRS	R5, R6	;(R5=0x06000806 R6=0x886885D8 )
(    libInnoSecure.so[0xCBBCB000])[24 EA 02 06 ]0x00004388:	BIC.W	R6, R4, R2	;(R4=0xCE18283E R2=0xBB6C95DE )
(    libInnoSecure.so[0xCBBCB000])[29 44       ]0x0000438C:	ADD	R1, R5	;(R1=0xA68F294B R5=0x8E688DDE )
(    libInnoSecure.so[0xCBBCB000])[4F F6 C8 35 ]0x0000438E:	MOVW	R5, #0XFBC8
(    libInnoSecure.so[0xCBBCB000])[CE F2 D3 75 ]0x00004392:	MOVT	R5, #0XE7D3	;(R5=0x0000FBC8 )
(    libInnoSecure.so[0xCBBCB000])[29 44       ]0x00004396:	ADD	R1, R5	;(R1=0x34F7B729 R5=0xE7D3FBC8 )
(    libInnoSecure.so[0xCBBCB000])[0F 9B       ]0x00004398:	LDR	R3, [SP, #0X3C]	;(SP=0x100FFD18 )
(    libInnoSecure.so[0xCBBCB000])[04 EB 31 31 ]0x0000439A:	ADD.W	R1, R4, R1, ROR #12	;(R4=0xCE18283E R1=0x1CCBB2F1 )
(    libInnoSecure.so[0xCBBCB000])[01 EA 02 05 ]0x0000439E:	AND.W	R5, R1, R2	;(R1=0xFD29F4F9 R2=0xBB6C95DE )
(    libInnoSecure.so[0xCBBCB000])[62 44       ]0x000043A2:	ADD	R2, IP	;(R2=0xBB6C95DE IP=0x35636362 )
(    libInnoSecure.so[0xCBBCB000])[35 43       ]0x000043A4:	ORRS	R5, R6	;(R5=0xB92894D8 R6=0x44102820 )
(    libInnoSecure.so[0xCBBCB000])[21 EA 04 06 ]0x000043A6:	BIC.W	R6, R1, R4	;(R1=0xFD29F4F9 R4=0xCE18283E )
(    libInnoSecure.so[0xCBBCB000])[28 44       ]0x000043AA:	ADD	R0, R5	;(R0=0x6767BD68 R5=0xFD38BCF8 )
(    libInnoSecure.so[0xCBBCB000])[4C F6 E6 55 ]0x000043AC:	MOVW	R5, #0XCDE6
(    libInnoSecure.so[0xCBBCB000])[C2 F2 E1 15 ]0x000043B0:	MOVT	R5, #0X21E1	;(R5=0x0000CDE6 )
(    libInnoSecure.so[0xCBBCB000])[28 44       ]0x000043B4:	ADD	R0, R5	;(R0=0x64A07A60 R5=0x21E1CDE6 )
(    libInnoSecure.so[0xCBBCB000])[01 EB F0 60 ]0x000043B6:	ADD.W	R0, R1, R0, ROR #27	;(R1=0xFD29F4F9 R0=0x86824846 )
(    libInnoSecure.so[0xCBBCB000])[00 EA 04 05 ]0x000043BA:	AND.W	R5, R0, R4	;(R0=0xCD72FDC9 R4=0xCE18283E )
(    libInnoSecure.so[0xCBBCB000])[1C 44       ]0x000043BE:	ADD	R4, R3	;(R4=0xCE18283E R3=0x39336465 )
(    libInnoSecure.so[0xCBBCB000])[35 43       ]0x000043C0:	ORRS	R5, R6	;(R5=0xCC102808 R6=0x3121D4C1 )
(    libInnoSecure.so[0xCBBCB000])[20 EA 01 06 ]0x000043C2:	BIC.W	R6, R0, R1	;(R0=0xCD72FDC9 R1=0xFD29F4F9 )
(    libInnoSecure.so[0xCBBCB000])[2A 44       ]0x000043C6:	ADD	R2, R5	;(R2=0xF0CFF940 R5=0xFD31FCC9 )
(    libInnoSecure.so[0xCBBCB000])[40 F2 D6 75 ]0x000043C8:	MOVW	R5, #0X7D6
(    libInnoSecure.so[0xCBBCB000])[CC F2 37 35 ]0x000043CC:	MOVT	R5, #0XC337	;(R5=0x000007D6 )
(    libInnoSecure.so[0xCBBCB000])[2A 44       ]0x000043D0:	ADD	R2, R5	;(R2=0xEE01F609 R5=0xC33707D6 )
(    libInnoSecure.so[0xCBBCB000])[0A 9B       ]0x000043D2:	LDR	R3, [SP, #0X28]	;(SP=0x100FFD18 )
(    libInnoSecure.so[0xCBBCB000])[00 EB F2 52 ]0x000043D4:	ADD.W	R2, R0, R2, ROR #23	;(R0=0xCD72FDC9 R2=0xB138FDDF )
(    libInnoSecure.so[0xCBBCB000])[02 EA 01 05 ]0x000043D8:	AND.W	R5, R2, R1	;(R2=0x3F6EBD2B R1=0xFD29F4F9 )
(    libInnoSecure.so[0xCBBCB000])[19 44       ]0x000043DC:	ADD	R1, R3	;(R1=0xFD29F4F9 R3=0x37656164 )
(    libInnoSecure.so[0xCBBCB000])[35 43       ]0x000043DE:	ORRS	R5, R6	;(R5=0x3D28B429 R6=0x00520900 )
(    libInnoSecure.so[0xCBBCB000])[22 EA 00 06 ]0x000043E0:	BIC.W	R6, R2, R0	;(R2=0x3F6EBD2B R0=0xCD72FDC9 )
(    libInnoSecure.so[0xCBBCB000])[2C 44       ]0x000043E4:	ADD	R4, R5	;(R4=0x074B8CA3 R5=0x3D7ABD29 )
(    libInnoSecure.so[0xCBBCB000])[40 F6 87 55 ]0x000043E6:	MOVW	R5, #0XD87
(    libInnoSecure.so[0xCBBCB000])[CF F2 D5 45 ]0x000043EA:	MOVT	R5, #0XF4D5	;(R5=0x00000D87 )
(    libInnoSecure.so[0xCBBCB000])[2C 44       ]0x000043EE:	ADD	R4, R5	;(R4=0x44C649CC R5=0xF4D50D87 )
(    libInnoSecure.so[0xCBBCB000])[02 EB B4 44 ]0x000043F0:	ADD.W	R4, R2, R4, ROR #18	;(R2=0x3F6EBD2B R4=0x399B5753 )
(    libInnoSecure.so[0xCBBCB000])[04 EA 00 05 ]0x000043F4:	AND.W	R5, R4, R0	;(R4=0x15438B91 R0=0xCD72FDC9 )
(    libInnoSecure.so[0xCBBCB000])[40 44       ]0x000043F8:	ADD	R0, R8	;(R0=0xCD72FDC9 R8=0x35303432 )
(    libInnoSecure.so[0xCBBCB000])[35 43       ]0x000043FA:	ORRS	R5, R6	;(R5=0x05428981 R6=0x320C0022 )
(    libInnoSecure.so[0xCBBCB000])[24 EA 02 06 ]0x000043FC:	BIC.W	R6, R4, R2	;(R4=0x15438B91 R2=0x3F6EBD2B )
(    libInnoSecure.so[0xCBBCB000])[29 44       ]0x00004400:	ADD	R1, R5	;(R1=0x348F565D R5=0x374E89A3 )
(    libInnoSecure.so[0xCBBCB000])[41 F2 ED 45 ]0x00004402:	MOVW	R5, #0X14ED
(    libInnoSecure.so[0xCBBCB000])[C4 F2 5A 55 ]0x00004406:	MOVT	R5, #0X455A	;(R5=0x000014ED )
(    libInnoSecure.so[0xCBBCB000])[29 44       ]0x0000440A:	ADD	R1, R5	;(R1=0x6BDDE000 R5=0x455A14ED )
(    libInnoSecure.so[0xCBBCB000])[04 EB 31 31 ]0x0000440C:	ADD.W	R1, R4, R1, ROR #12	;(R4=0x15438B91 R1=0xB137F4ED )
(    libInnoSecure.so[0xCBBCB000])[01 EA 02 05 ]0x00004410:	AND.W	R5, R1, R2	;(R1=0x641E9F10 R2=0x3F6EBD2B )
(    libInnoSecure.so[0xCBBCB000])[35 43       ]0x00004414:	ORRS	R5, R6	;(R5=0x240E9D00 R6=0x00010290 )
(    libInnoSecure.so[0xCBBCB000])[21 EA 04 06 ]0x00004416:	BIC.W	R6, R1, R4	;(R1=0x641E9F10 R4=0x15438B91 )
(    libInnoSecure.so[0xCBBCB000])[28 44       ]0x0000441A:	ADD	R0, R5	;(R0=0x02A331FB R5=0x240F9F90 )
(    libInnoSecure.so[0xCBBCB000])[4E F6 05 15 ]0x0000441C:	MOVW	R5, #0XE905
(    libInnoSecure.so[0xCBBCB000])[CA F6 E3 15 ]0x00004420:	MOVT	R5, #0XA9E3	;(R5=0x0000E905 )
(    libInnoSecure.so[0xCBBCB000])[28 44       ]0x00004424:	ADD	R0, R5	;(R0=0x26B2D18B R5=0xA9E3E905 )
(    libInnoSecure.so[0xCBBCB000])[01 EB F0 60 ]0x00004426:	ADD.W	R0, R1, R0, ROR #27	;(R1=0x641E9F10 R0=0xD096BA90 )
(    libInnoSecure.so[0xCBBCB000])[00 EA 04 05 ]0x0000442A:	AND.W	R5, R0, R4	;(R0=0x76F5F12A R4=0x15438B91 )
(    libInnoSecure.so[0xCBBCB000])[74 44       ]0x0000442E:	ADD	R4, LR	;(R4=0x15438B91 LR=0x31613930 )
(    libInnoSecure.so[0xCBBCB000])[35 43       ]0x00004430:	ORRS	R5, R6	;(R5=0x14418100 R6=0x601C1400 )
(    libInnoSecure.so[0xCBBCB000])[0C 9E       ]0x00004432:	LDR	R6, [SP, #0X30]	;(SP=0x100FFD18 )
(    libInnoSecure.so[0xCBBCB000])[32 44       ]0x00004434:	ADD	R2, R6	;(R2=0x3F6EBD2B R6=0x61626331 )
(    libInnoSecure.so[0xCBBCB000])[20 EA 01 06 ]0x00004436:	BIC.W	R6, R0, R1	;(R0=0x76F5F12A R1=0x641E9F10 )
(    libInnoSecure.so[0xCBBCB000])[2A 44       ]0x0000443A:	ADD	R2, R5	;(R2=0xA0D1205C R5=0x745D9500 )
(    libInnoSecure.so[0xCBBCB000])[4A F2 F8 35 ]0x0000443C:	MOVW	R5, #0XA3F8
(    libInnoSecure.so[0xCBBCB000])[CF F6 EF 45 ]0x00004440:	MOVT	R5, #0XFCEF	;(R5=0x0000A3F8 )
(    libInnoSecure.so[0xCBBCB000])[2A 44       ]0x00004444:	ADD	R2, R5	;(R2=0x152EB55C R5=0xFCEFA3F8 )
(    libInnoSecure.so[0xCBBCB000])[00 EB F2 52 ]0x00004446:	ADD.W	R2, R0, R2, ROR #23	;(R0=0x76F5F12A R2=0x121E5954 )
(    libInnoSecure.so[0xCBBCB000])[02 EA 01 05 ]0x0000444A:	AND.W	R5, R2, R1	;(R2=0xB3A8994E R1=0x641E9F10 )
(    libInnoSecure.so[0xCBBCB000])[35 43       ]0x0000444E:	ORRS	R5, R6	;(R5=0x20089900 R6=0x12E1602A )
(    libInnoSecure.so[0xCBBCB000])[22 EA 00 06 ]0x00004450:	BIC.W	R6, R2, R0	;(R2=0xB3A8994E R0=0x76F5F12A )
(    libInnoSecure.so[0xCBBCB000])[2C 44       ]0x00004454:	ADD	R4, R5	;(R4=0x46A4C4C1 R5=0x32E9F92A )
(    libInnoSecure.so[0xCBBCB000])[40 F2 D9 25 ]0x00004456:	MOVW	R5, #0X2D9
(    libInnoSecure.so[0xCBBCB000])[C6 F2 6F 75 ]0x0000445A:	MOVT	R5, #0X676F	;(R5=0x000002D9 )
(    libInnoSecure.so[0xCBBCB000])[2C 44       ]0x0000445E:	ADD	R4, R5	;(R4=0x798EBDEB R5=0x676F02D9 )
(    libInnoSecure.so[0xCBBCB000])[02 EB B4 44 ]0x00004460:	ADD.W	R4, R2, R4, ROR #18	;(R2=0xB3A8994E R4=0xE0FDC0C4 )
(    libInnoSecure.so[0xCBBCB000])[04 EA 00 05 ]0x00004464:	AND.W	R5, R4, R0	;(R4=0x23D9D18D R0=0x76F5F12A )
(    libInnoSecure.so[0xCBBCB000])[48 44       ]0x00004468:	ADD	R0, SB	;(R0=0x76F5F12A SB=0x37646365 )
(    libInnoSecure.so[0xCBBCB000])[35 43       ]0x0000446A:	ORRS	R5, R6	;(R5=0x22D1D108 R6=0x81080844 )
(    libInnoSecure.so[0xCBBCB000])[0D 9E       ]0x0000446C:	LDR	R6, [SP, #0X34]	;(SP=0x100FFD18 )
(    libInnoSecure.so[0xCBBCB000])[DD F8 18 90 ]0x0000446E:	LDR.W	SB, [SP, #0X18]	;(SP=0x100FFD18 )
(    libInnoSecure.so[0xCBBCB000])[31 44       ]0x00004472:	ADD	R1, R6	;(R1=0x641E9F10 R6=0x39373564 )
(    libInnoSecure.so[0xCBBCB000])[0E 9E       ]0x00004474:	LDR	R6, [SP, #0X38]	;(SP=0x100FFD18 )
(    libInnoSecure.so[0xCBBCB000])[29 44       ]0x00004476:	ADD	R1, R5	;(R1=0x9D55D474 R5=0xA3D9D94C )
(    libInnoSecure.so[0xCBBCB000])[44 F6 8A 45 ]0x00004478:	MOVW	R5, #0X4C8A
(    libInnoSecure.so[0xCBBCB000])[C8 F6 2A 55 ]0x0000447C:	MOVT	R5, #0X8D2A	;(R5=0x00004C8A )
(    libInnoSecure.so[0xCBBCB000])[29 44       ]0x00004480:	ADD	R1, R5	;(R1=0x412FADC0 R5=0x8D2A4C8A )
(    libInnoSecure.so[0xCBBCB000])[84 EA 02 05 ]0x00004482:	EOR.W	R5, R4, R2	;(R4=0x23D9D18D R2=0xB3A8994E )
(    libInnoSecure.so[0xCBBCB000])[1A 44       ]0x00004486:	ADD	R2, R3	;(R2=0xB3A8994E R3=0x37656164 )
(    libInnoSecure.so[0xCBBCB000])[04 EB 31 31 ]0x00004488:	ADD.W	R1, R4, R1, ROR #12	;(R4=0x23D9D18D R1=0xCE59FA4A )
(    libInnoSecure.so[0xCBBCB000])[11 9B       ]0x0000448C:	LDR	R3, [SP, #0X44]	;(SP=0x100FFD18 )
(    libInnoSecure.so[0xCBBCB000])[4D 40       ]0x0000448E:	EORS	R5, R1	;(R5=0x907148C3 R1=0xC886B72C )
(    libInnoSecure.so[0xCBBCB000])[28 44       ]0x00004490:	ADD	R0, R5	;(R0=0xAE5A548F R5=0x58F7FFEF )
(    libInnoSecure.so[0xCBBCB000])[43 F6 42 15 ]0x00004492:	MOVW	R5, #0X3942
(    libInnoSecure.so[0xCBBCB000])[CF F6 FA 75 ]0x00004496:	MOVT	R5, #0XFFFA	;(R5=0x00003942 )
(    libInnoSecure.so[0xCBBCB000])[28 44       ]0x0000449A:	ADD	R0, R5	;(R0=0x0752547E R5=0xFFFA3942 )
(    libInnoSecure.so[0xCBBCB000])[81 EA 04 05 ]0x0000449C:	EOR.W	R5, R1, R4	;(R1=0xC886B72C R4=0x23D9D18D )
(    libInnoSecure.so[0xCBBCB000])[54 44       ]0x000044A0:	ADD	R4, SL	;(R4=0x23D9D18D SL=0x38663363 )
(    libInnoSecure.so[0xCBBCB000])[01 EB 30 70 ]0x000044A2:	ADD.W	R0, R1, R0, ROR #28	;(R1=0xC886B72C R0=0x074C8DC0 )
(    libInnoSecure.so[0xCBBCB000])[DD F8 30 A0 ]0x000044A6:	LDR.W	SL, [SP, #0X30]	;(SP=0x100FFD18 )
(    libInnoSecure.so[0xCBBCB000])[45 40       ]0x000044AA:	EORS	R5, R0	;(R5=0xEB5F66A1 R0=0x3D4F932C )
(    libInnoSecure.so[0xCBBCB000])[2A 44       ]0x000044AC:	ADD	R2, R5	;(R2=0xEB0DFAB2 R5=0xD610F58D )
(    libInnoSecure.so[0xCBBCB000])[4F F2 81 65 ]0x000044AE:	MOVW	R5, #0XF681
(    libInnoSecure.so[0xCBBCB000])[C8 F2 71 75 ]0x000044B2:	MOVT	R5, #0X8771	;(R5=0x0000F681 )
(    libInnoSecure.so[0xCBBCB000])[2A 44       ]0x000044B6:	ADD	R2, R5	;(R2=0xC11EF03F R5=0x8771F681 )
(    libInnoSecure.so[0xCBBCB000])[80 EA 01 05 ]0x000044B8:	EOR.W	R5, R0, R1	;(R0=0x3D4F932C R1=0xC886B72C )
(    libInnoSecure.so[0xCBBCB000])[61 44       ]0x000044BC:	ADD	R1, IP	;(R1=0xC886B72C IP=0x35636362 )
(    libInnoSecure.so[0xCBBCB000])[00 EB 72 52 ]0x000044BE:	ADD.W	R2, R0, R2, ROR #21	;(R0=0x3D4F932C R2=0x4890E6C0 )
(    libInnoSecure.so[0xCBBCB000])[DD F8 3C C0 ]0x000044C2:	LDR.W	IP, [SP, #0X3C]	;(SP=0x100FFD18 )
(    libInnoSecure.so[0xCBBCB000])[55 40       ]0x000044C6:	EORS	R5, R2	;(R5=0xF5C92400 R2=0xC4859570 )
(    libInnoSecure.so[0xCBBCB000])[2C 44       ]0x000044C8:	ADD	R4, R5	;(R4=0x5C4004F0 R5=0x314CB170 )
(    libInnoSecure.so[0xCBBCB000])[46 F2 22 15 ]0x000044CA:	MOVW	R5, #0X6122
(    libInnoSecure.so[0xCBBCB000])[C6 F6 9D 55 ]0x000044CE:	MOVT	R5, #0X6D9D	;(R5=0x00006122 )
(    libInnoSecure.so[0xCBBCB000])[2C 44       ]0x000044D2:	ADD	R4, R5	;(R4=0x8D8CB660 R5=0x6D9D6122 )
(    libInnoSecure.so[0xCBBCB000])[82 EA 00 05 ]0x000044D4:	EOR.W	R5, R2, R0	;(R2=0xC4859570 R0=0x3D4F932C )
(    libInnoSecure.so[0xCBBCB000])[18 44       ]0x000044D8:	ADD	R0, R3	;(R0=0x3D4F932C R3=0x36313533 )
(    libInnoSecure.so[0xCBBCB000])[02 EB 34 44 ]0x000044DA:	ADD.W	R4, R2, R4, ROR #16	;(R2=0xC4859570 R4=0xFB2A1782 )
(    libInnoSecure.so[0xCBBCB000])[73 46       ]0x000044DE:	MOV	R3, LR	;(LR=0x31613930 )
(    libInnoSecure.so[0xCBBCB000])[65 40       ]0x000044E0:	EORS	R5, R4	;(R5=0xF9CA065C R4=0xDC08909A )
(    libInnoSecure.so[0xCBBCB000])[29 44       ]0x000044E2:	ADD	R1, R5	;(R1=0xFDEA1A8E R5=0x25C296C6 )
(    libInnoSecure.so[0xCBBCB000])[43 F6 0C 05 ]0x000044E4:	MOVW	R5, #0X380C
(    libInnoSecure.so[0xCBBCB000])[CF F6 E5 55 ]0x000044E8:	MOVT	R5, #0XFDE5	;(R5=0x0000380C )
(    libInnoSecure.so[0xCBBCB000])[29 44       ]0x000044EC:	ADD	R1, R5	;(R1=0x23ACB154 R5=0xFDE5380C )
(    libInnoSecure.so[0xCBBCB000])[84 EA 02 05 ]0x000044EE:	EOR.W	R5, R4, R2	;(R4=0xDC08909A R2=0xC4859570 )
(    libInnoSecure.so[0xCBBCB000])[5A 44       ]0x000044F2:	ADD	R2, FP	;(R2=0xC4859570 FP=0x31346238 )
(    libInnoSecure.so[0xCBBCB000])[04 EB 71 21 ]0x000044F4:	ADD.W	R1, R4, R1, ROR #9	;(R4=0xDC08909A R1=0x2191E960 )
(    libInnoSecure.so[0xCBBCB000])[DD F8 08 B0 ]0x000044F8:	LDR.W	FP, [SP, #8]	;(SP=0x100FFD18 )
(    libInnoSecure.so[0xCBBCB000])[4D 40       ]0x000044FC:	EORS	R5, R1	;(R5=0x188D05EA R1=0x8C19598E )
(    libInnoSecure.so[0xCBBCB000])[28 44       ]0x000044FE:	ADD	R0, R5	;(R0=0x7380C85F R5=0x94945C64 )
(    libInnoSecure.so[0xCBBCB000])[4E F6 44 25 ]0x00004500:	MOVW	R5, #0XEA44
(    libInnoSecure.so[0xCBBCB000])[CA F2 BE 45 ]0x00004504:	MOVT	R5, #0XA4BE	;(R5=0x0000EA44 )
(    libInnoSecure.so[0xCBBCB000])[28 44       ]0x00004508:	ADD	R0, R5	;(R0=0x081524C3 R5=0xA4BEEA44 )
(    libInnoSecure.so[0xCBBCB000])[81 EA 04 05 ]0x0000450A:	EOR.W	R5, R1, R4	;(R1=0x8C19598E R4=0xDC08909A )
(    libInnoSecure.so[0xCBBCB000])[1C 44       ]0x0000450E:	ADD	R4, R3	;(R4=0xDC08909A R3=0x31613930 )
(    libInnoSecure.so[0xCBBCB000])[01 EB 30 70 ]0x00004510:	ADD.W	R0, R1, R0, ROR #28	;(R1=0x8C19598E R0=0xACD40F07 )
(    libInnoSecure.so[0xCBBCB000])[45 40       ]0x00004514:	EORS	R5, R0	;(R5=0x5011C914 R0=0x595A4A08 )
(    libInnoSecure.so[0xCBBCB000])[2A 44       ]0x00004516:	ADD	R2, R5	;(R2=0xF5B9F7A8 R5=0x094B831C )
(    libInnoSecure.so[0xCBBCB000])[4C F6 A9 75 ]0x00004518:	MOVW	R5, #0XCFA9
(    libInnoSecure.so[0xCBBCB000])[C4 F6 DE 35 ]0x0000451C:	MOVT	R5, #0X4BDE	;(R5=0x0000CFA9 )
(    libInnoSecure.so[0xCBBCB000])[2A 44       ]0x00004520:	ADD	R2, R5	;(R2=0xFF057AC4 R5=0x4BDECFA9 )
(    libInnoSecure.so[0xCBBCB000])[80 EA 01 05 ]0x00004522:	EOR.W	R5, R0, R1	;(R0=0x595A4A08 R1=0x8C19598E )
(    libInnoSecure.so[0xCBBCB000])[59 44       ]0x00004526:	ADD	R1, FP	;(R1=0x8C19598E FP=0x35376230 )
(    libInnoSecure.so[0xCBBCB000])[00 EB 72 52 ]0x00004528:	ADD.W	R2, R0, R2, ROR #21	;(R0=0x595A4A08 R2=0x4AE44A6D )
(    libInnoSecure.so[0xCBBCB000])[55 40       ]0x0000452C:	EORS	R5, R2	;(R5=0xD5431386 R2=0x7BADB45F )
(    libInnoSecure.so[0xCBBCB000])[2C 44       ]0x0000452E:	ADD	R4, R5	;(R4=0x0D69C9CA R5=0xAEEEA7D9 )
(    libInnoSecure.so[0xCBBCB000])[44 F6 60 35 ]0x00004530:	MOVW	R5, #0X4B60
(    libInnoSecure.so[0xCBBCB000])[CF F2 BB 65 ]0x00004534:	MOVT	R5, #0XF6BB	;(R5=0x00004B60 )
(    libInnoSecure.so[0xCBBCB000])[2C 44       ]0x00004538:	ADD	R4, R5	;(R4=0xBC5871A3 R5=0xF6BB4B60 )
(    libInnoSecure.so[0xCBBCB000])[82 EA 00 05 ]0x0000453A:	EOR.W	R5, R2, R0	;(R2=0x7BADB45F R0=0x595A4A08 )
(    libInnoSecure.so[0xCBBCB000])[40 44       ]0x0000453E:	ADD	R0, R8	;(R0=0x595A4A08 R8=0x35303432 )
(    libInnoSecure.so[0xCBBCB000])[02 EB 34 44 ]0x00004540:	ADD.W	R4, R2, R4, ROR #16	;(R2=0x7BADB45F R4=0xB313BD03 )
(    libInnoSecure.so[0xCBBCB000])[DD F8 34 80 ]0x00004544:	LDR.W	R8, [SP, #0X34]	;(SP=0x100FFD18 )
(    libInnoSecure.so[0xCBBCB000])[65 40       ]0x00004548:	EORS	R5, R4	;(R5=0x22F7FE57 R4=0x38B16772 )
(    libInnoSecure.so[0xCBBCB000])[29 44       ]0x0000454A:	ADD	R1, R5	;(R1=0xC150BBBE R5=0x1A469925 )
(    libInnoSecure.so[0xCBBCB000])[4B F6 70 45 ]0x0000454C:	MOVW	R5, #0XBC70
(    libInnoSecure.so[0xCBBCB000])[CB F6 BF 65 ]0x00004550:	MOVT	R5, #0XBEBF	;(R5=0x0000BC70 )
(    libInnoSecure.so[0xCBBCB000])[29 44       ]0x00004554:	ADD	R1, R5	;(R1=0xDB9754E3 R5=0xBEBFBC70 )
(    libInnoSecure.so[0xCBBCB000])[84 EA 02 05 ]0x00004556:	EOR.W	R5, R4, R2	;(R4=0x38B16772 R2=0x7BADB45F )
(    libInnoSecure.so[0xCBBCB000])[32 44       ]0x0000455A:	ADD	R2, R6	;(R2=0x7BADB45F R6=0x63643062 )
(    libInnoSecure.so[0xCBBCB000])[04 EB 71 21 ]0x0000455C:	ADD.W	R1, R4, R1, ROR #9	;(R4=0x38B16772 R1=0x9A571153 )
(    libInnoSecure.so[0xCBBCB000])[4D 40       ]0x00004560:	EORS	R5, R1	;(R5=0x431CD32D R1=0xE27E92FA )
(    libInnoSecure.so[0xCBBCB000])[28 44       ]0x00004562:	ADD	R0, R5	;(R0=0x8E8A7E3A R5=0xA16241D7 )
(    libInnoSecure.so[0xCBBCB000])[47 F6 C6 65 ]0x00004564:	MOVW	R5, #0X7EC6
(    libInnoSecure.so[0xCBBCB000])[C2 F6 9B 05 ]0x00004568:	MOVT	R5, #0X289B	;(R5=0x00007EC6 )
(    libInnoSecure.so[0xCBBCB000])[28 44       ]0x0000456C:	ADD	R0, R5	;(R0=0x2FECC011 R5=0x289B7EC6 )
(    libInnoSecure.so[0xCBBCB000])[81 EA 04 05 ]0x0000456E:	EOR.W	R5, R1, R4	;(R1=0xE27E92FA R4=0x38B16772 )
(    libInnoSecure.so[0xCBBCB000])[64 44       ]0x00004572:	ADD	R4, IP	;(R4=0x38B16772 IP=0x39336465 )
(    libInnoSecure.so[0xCBBCB000])[01 EB 30 70 ]0x00004574:	ADD.W	R0, R1, R0, ROR #28	;(R1=0xE27E92FA R0=0x58883ED7 )
(    libInnoSecure.so[0xCBBCB000])[45 40       ]0x00004578:	EORS	R5, R0	;(R5=0xDACFF588 R0=0x6B02806F )
(    libInnoSecure.so[0xCBBCB000])[2A 44       ]0x0000457A:	ADD	R2, R5	;(R2=0xDF11E4C1 R5=0xB1CD75E7 )
(    libInnoSecure.so[0xCBBCB000])[42 F2 FA 75 ]0x0000457C:	MOVW	R5, #0X27FA
(    libInnoSecure.so[0xCBBCB000])[CE F6 A1 25 ]0x00004580:	MOVT	R5, #0XEAA1	;(R5=0x000027FA )
(    libInnoSecure.so[0xCBBCB000])[2A 44       ]0x00004584:	ADD	R2, R5	;(R2=0x90DF5AA8 R5=0xEAA127FA )
(    libInnoSecure.so[0xCBBCB000])[80 EA 01 05 ]0x00004586:	EOR.W	R5, R0, R1	;(R0=0x6B02806F R1=0xE27E92FA )
(    libInnoSecure.so[0xCBBCB000])[49 44       ]0x0000458A:	ADD	R1, SB	;(R1=0xE27E92FA SB=0x30346333 )
(    libInnoSecure.so[0xCBBCB000])[00 EB 72 52 ]0x0000458C:	ADD.W	R2, R0, R2, ROR #21	;(R0=0x6B02806F R2=0x7B8082A2 )
(    libInnoSecure.so[0xCBBCB000])[55 40       ]0x00004590:	EORS	R5, R2	;(R5=0x897C1295 R2=0x6F17944B )
(    libInnoSecure.so[0xCBBCB000])[2C 44       ]0x00004592:	ADD	R4, R5	;(R4=0x71E4CBD7 R5=0xE66B86DE )
(    libInnoSecure.so[0xCBBCB000])[43 F2 85 05 ]0x00004594:	MOVW	R5, #0X3085
(    libInnoSecure.so[0xCBBCB000])[CD F2 EF 45 ]0x00004598:	MOVT	R5, #0XD4EF	;(R5=0x00003085 )
(    libInnoSecure.so[0xCBBCB000])[2C 44       ]0x0000459C:	ADD	R4, R5	;(R4=0x585052B5 R5=0xD4EF3085 )
(    libInnoSecure.so[0xCBBCB000])[82 EA 00 05 ]0x0000459E:	EOR.W	R5, R2, R0	;(R2=0x6F17944B R0=0x6B02806F )
(    libInnoSecure.so[0xCBBCB000])[02 EB 34 44 ]0x000045A2:	ADD.W	R4, R2, R4, ROR #16	;(R2=0x6F17944B R4=0x2D3F833A )
(    libInnoSecure.so[0xCBBCB000])[65 40       ]0x000045A6:	EORS	R5, R4	;(R5=0x04151424 R4=0xF251C18A )
(    libInnoSecure.so[0xCBBCB000])[29 44       ]0x000045A8:	ADD	R1, R5	;(R1=0x12B2F62D R5=0xF644D5AE )
(    libInnoSecure.so[0xCBBCB000])[41 F6 05 55 ]0x000045AA:	MOVW	R5, #0X1D05
(    libInnoSecure.so[0xCBBCB000])[C0 F2 88 45 ]0x000045AE:	MOVT	R5, #0X488	;(R5=0x00001D05 )
(    libInnoSecure.so[0xCBBCB000])[29 44       ]0x000045B2:	ADD	R1, R5	;(R1=0x08F7CBDB R5=0x04881D05 )
(    libInnoSecure.so[0xCBBCB000])[84 EA 02 05 ]0x000045B4:	EOR.W	R5, R4, R2	;(R4=0xF251C18A R2=0x6F17944B )
(    libInnoSecure.so[0xCBBCB000])[42 44       ]0x000045B8:	ADD	R2, R8	;(R2=0x6F17944B R8=0x39373564 )
(    libInnoSecure.so[0xCBBCB000])[04 EB 71 21 ]0x000045BA:	ADD.W	R1, R4, R1, ROR #9	;(R4=0xF251C18A R1=0x0D7FE8E0 )
(    libInnoSecure.so[0xCBBCB000])[85 EA 01 0E ]0x000045BE:	EOR.W	LR, R5, R1	;(R5=0x9D4655C1 R1=0x6258817E )
(    libInnoSecure.so[0xCBBCB000])[10 9D       ]0x000045C2:	LDR	R5, [SP, #0X40]	;(SP=0x100FFD18 )
(    libInnoSecure.so[0xCBBCB000])[28 44       ]0x000045C4:	ADD	R0, R5	;(R0=0x6B02806F R5=0x30626362 )
(    libInnoSecure.so[0xCBBCB000])[4D F2 39 05 ]0x000045C6:	MOVW	R5, #0XD039
(    libInnoSecure.so[0xCBBCB000])[70 44       ]0x000045CA:	ADD	R0, LR	;(R0=0x9B64E3D1 LR=0xFF1ED4BF )
(    libInnoSecure.so[0xCBBCB000])[CD F6 D4 15 ]0x000045CC:	MOVT	R5, #0XD9D4	;(R5=0x0000D039 )
(    libInnoSecure.so[0xCBBCB000])[28 44       ]0x000045D0:	ADD	R0, R5	;(R0=0x9A83B890 R5=0xD9D4D039 )
(    libInnoSecure.so[0xCBBCB000])[81 EA 04 05 ]0x000045D2:	EOR.W	R5, R1, R4	;(R1=0x6258817E R4=0xF251C18A )
(    libInnoSecure.so[0xCBBCB000])[DD F8 0C E0 ]0x000045D6:	LDR.W	LR, [SP, #0XC]	;(SP=0x100FFD18 )
(    libInnoSecure.so[0xCBBCB000])[01 EB 30 70 ]0x000045DA:	ADD.W	R0, R1, R0, ROR #28	;(R1=0x6258817E R0=0x745888C9 )
(    libInnoSecure.so[0xCBBCB000])[45 40       ]0x000045DE:	EORS	R5, R0	;(R5=0x900940F4 R0=0xA7E10E15 )
(    libInnoSecure.so[0xCBBCB000])[74 44       ]0x000045E0:	ADD	R4, LR	;(R4=0xF251C18A LR=0x30363465 )
(    libInnoSecure.so[0xCBBCB000])[2A 44       ]0x000045E2:	ADD	R2, R5	;(R2=0xA84EC9AF R5=0x37E84EE1 )
(    libInnoSecure.so[0xCBBCB000])[49 F6 E5 15 ]0x000045E4:	MOVW	R5, #0X99E5
(    libInnoSecure.so[0xCBBCB000])[CE F2 DB 65 ]0x000045E8:	MOVT	R5, #0XE6DB	;(R5=0x000099E5 )
(    libInnoSecure.so[0xCBBCB000])[2A 44       ]0x000045EC:	ADD	R2, R5	;(R2=0xE0371890 R5=0xE6DB99E5 )
(    libInnoSecure.so[0xCBBCB000])[80 EA 01 05 ]0x000045EE:	EOR.W	R5, R0, R1	;(R0=0xA7E10E15 R1=0x6258817E )
(    libInnoSecure.so[0xCBBCB000])[51 44       ]0x000045F2:	ADD	R1, SL	;(R1=0x6258817E SL=0x61626331 )
(    libInnoSecure.so[0xCBBCB000])[00 EB 72 52 ]0x000045F4:	ADD.W	R2, R0, R2, ROR #21	;(R0=0xA7E10E15 R2=0xC712B275 )
(    libInnoSecure.so[0xCBBCB000])[55 40       ]0x000045F8:	EORS	R5, R2	;(R5=0xC5B98F6B R2=0x3D74BC4D )
(    libInnoSecure.so[0xCBBCB000])[2C 44       ]0x000045FA:	ADD	R4, R5	;(R4=0x2287F5EF R5=0xF8CD3326 )
(    libInnoSecure.so[0xCBBCB000])[47 F6 F8 45 ]0x000045FC:	MOVW	R5, #0X7CF8
(    libInnoSecure.so[0xCBBCB000])[C1 F6 A2 75 ]0x00004600:	MOVT	R5, #0X1FA2	;(R5=0x00007CF8 )
(    libInnoSecure.so[0xCBBCB000])[2C 44       ]0x00004604:	ADD	R4, R5	;(R4=0x1B552915 R5=0x1FA27CF8 )
(    libInnoSecure.so[0xCBBCB000])[82 EA 00 05 ]0x00004606:	EOR.W	R5, R2, R0	;(R2=0x3D74BC4D R0=0xA7E10E15 )
(    libInnoSecure.so[0xCBBCB000])[30 44       ]0x0000460A:	ADD	R0, R6	;(R0=0xA7E10E15 R6=0x63643062 )
(    libInnoSecure.so[0xCBBCB000])[02 EB 34 44 ]0x0000460C:	ADD.W	R4, R2, R4, ROR #16	;(R2=0x3D74BC4D R4=0x3AF7A60D )
(    libInnoSecure.so[0xCBBCB000])[45 F6 C3 16 ]0x00004610:	MOVW	R6, #0X59C3
(    libInnoSecure.so[0xCBBCB000])[65 40       ]0x00004614:	EORS	R5, R4	;(R5=0x9A95B258 R4=0xE381F744 )
(    libInnoSecure.so[0xCBBCB000])[C6 F2 5B 56 ]0x00004616:	MOVT	R6, #0X655B	;(R6=0x000059C3 )
(    libInnoSecure.so[0xCBBCB000])[29 44       ]0x0000461A:	ADD	R1, R5	;(R1=0xC3BAE4AF R5=0x7914451C )
(    libInnoSecure.so[0xCBBCB000])[45 F2 65 65 ]0x0000461C:	MOVW	R5, #0X5665
(    libInnoSecure.so[0xCBBCB000])[CC F2 AC 45 ]0x00004620:	MOVT	R5, #0XC4AC	;(R5=0x00005665 )
(    libInnoSecure.so[0xCBBCB000])[29 44       ]0x00004624:	ADD	R1, R5	;(R1=0x3CCF29CB R5=0xC4AC5665 )
(    libInnoSecure.so[0xCBBCB000])[04 EB 71 21 ]0x00004626:	ADD.W	R1, R4, R1, ROR #9	;(R4=0xE381F744 R1=0x017B8030 )
(    libInnoSecure.so[0xCBBCB000])[61 EA 02 05 ]0x0000462A:	ORN	R5, R1, R2	;(R1=0xFB82B504 R2=0x3D74BC4D )
(    libInnoSecure.so[0xCBBCB000])[1A 44       ]0x0000462E:	ADD	R2, R3	;(R2=0x3D74BC4D R3=0x31613930 )
(    libInnoSecure.so[0xCBBCB000])[65 40       ]0x00004630:	EORS	R5, R4	;(R5=0xFB8BF7B6 R4=0xE381F744 )
(    libInnoSecure.so[0xCBBCB000])[01 9B       ]0x00004632:	LDR	R3, [SP, #4]	;(SP=0x100FFD18 )
(    libInnoSecure.so[0xCBBCB000])[28 44       ]0x00004634:	ADD	R0, R5	;(R0=0x0B453E77 R5=0x180A00F2 )
(    libInnoSecure.so[0xCBBCB000])[42 F2 44 25 ]0x00004636:	MOVW	R5, #0X2244
(    libInnoSecure.so[0xCBBCB000])[CF F2 29 45 ]0x0000463A:	MOVT	R5, #0XF429	;(R5=0x00002244 )
(    libInnoSecure.so[0xCBBCB000])[28 44       ]0x0000463E:	ADD	R0, R5	;(R0=0x234F3F69 R5=0xF4292244 )
(    libInnoSecure.so[0xCBBCB000])[23 44       ]0x00004640:	ADD	R3, R4	;(R3=0x35636362 R4=0xE381F744 )
(    libInnoSecure.so[0xCBBCB000])[01 EB B0 60 ]0x00004642:	ADD.W	R0, R1, R0, ROR #26	;(R1=0xFB82B504 R0=0x177861AD )
(    libInnoSecure.so[0xCBBCB000])[60 EA 04 05 ]0x00004646:	ORN	R5, R0, R4	;(R0=0xD99B2049 R4=0xE381F744 )
(    libInnoSecure.so[0xCBBCB000])[42 F2 A7 34 ]0x0000464A:	MOVW	R4, #0X23A7
(    libInnoSecure.so[0xCBBCB000])[4D 40       ]0x0000464E:	EORS	R5, R1	;(R5=0xDDFF28FB R1=0xFB82B504 )
(    libInnoSecure.so[0xCBBCB000])[CA F6 94 34 ]0x00004650:	MOVT	R4, #0XAB94	;(R4=0x000023A7 )
(    libInnoSecure.so[0xCBBCB000])[2A 44       ]0x00004654:	ADD	R2, R5	;(R2=0x6ED5F57D R5=0x267D9DFF )
(    libInnoSecure.so[0xCBBCB000])[4F F6 97 75 ]0x00004656:	MOVW	R5, #0XFF97
(    libInnoSecure.so[0xCBBCB000])[C4 F2 2A 35 ]0x0000465A:	MOVT	R5, #0X432A	;(R5=0x0000FF97 )
(    libInnoSecure.so[0xCBBCB000])[2A 44       ]0x0000465E:	ADD	R2, R5	;(R2=0x9553937C R5=0x432AFF97 )
(    libInnoSecure.so[0xCBBCB000])[00 EB B2 52 ]0x00004660:	ADD.W	R2, R0, R2, ROR #22	;(R0=0xD99B2049 R2=0xD87E9313 )
(    libInnoSecure.so[0xCBBCB000])[62 EA 01 05 ]0x00004664:	ORN	R5, R2, R1	;(R2=0xD3E76FAA R1=0xFB82B504 )
(    libInnoSecure.so[0xCBBCB000])[45 40       ]0x00004668:	EORS	R5, R0	;(R5=0xD7FF6FFB R0=0xD99B2049 )
(    libInnoSecure.so[0xCBBCB000])[2B 44       ]0x0000466A:	ADD	R3, R5	;(R3=0x18E55AA6 R5=0x0E644FB2 )
(    libInnoSecure.so[0xCBBCB000])[09 9D       ]0x0000466C:	LDR	R5, [SP, #0X24]	;(SP=0x100FFD18 )
(    libInnoSecure.so[0xCBBCB000])[23 44       ]0x0000466E:	ADD	R3, R4	;(R3=0x2749AA58 R4=0xAB9423A7 )
(    libInnoSecure.so[0xCBBCB000])[29 44       ]0x00004670:	ADD	R1, R5	;(R1=0xFB82B504 R5=0x37646365 )
(    libInnoSecure.so[0xCBBCB000])[11 9D       ]0x00004672:	LDR	R5, [SP, #0X44]	;(SP=0x100FFD18 )
(    libInnoSecure.so[0xCBBCB000])[02 EB 73 43 ]0x00004674:	ADD.W	R3, R2, R3, ROR #17	;(R2=0xD3E76FAA R3=0xD2DDCDFF )
(    libInnoSecure.so[0xCBBCB000])[63 EA 00 04 ]0x00004678:	ORN	R4, R3, R0	;(R3=0xBAE75918 R0=0xD99B2049 )
(    libInnoSecure.so[0xCBBCB000])[40 44       ]0x0000467C:	ADD	R0, R8	;(R0=0xD99B2049 R8=0x39373564 )
(    libInnoSecure.so[0xCBBCB000])[54 40       ]0x0000467E:	EORS	R4, R2	;(R4=0xBEE7DFBE R2=0xD3E76FAA )
(    libInnoSecure.so[0xCBBCB000])[21 44       ]0x00004680:	ADD	R1, R4	;(R1=0x32E71869 R4=0x6D00B014 )
(    libInnoSecure.so[0xCBBCB000])[4A F2 39 04 ]0x00004682:	MOVW	R4, #0XA039
(    libInnoSecure.so[0xCBBCB000])[CF F6 93 44 ]0x00004686:	MOVT	R4, #0XFC93	;(R4=0x0000A039 )
(    libInnoSecure.so[0xCBBCB000])[21 44       ]0x0000468A:	ADD	R1, R4	;(R1=0x9FE7C87D R4=0xFC93A039 )
(    libInnoSecure.so[0xCBBCB000])[03 EB F1 21 ]0x0000468C:	ADD.W	R1, R3, R1, ROR #11	;(R3=0xBAE75918 R1=0x9C7B68B6 )
(    libInnoSecure.so[0xCBBCB000])[61 EA 02 04 ]0x00004690:	ORN	R4, R1, R2	;(R1=0xD1BAE885 R2=0xD3E76FAA )
(    libInnoSecure.so[0xCBBCB000])[62 44       ]0x00004694:	ADD	R2, IP	;(R2=0xD3E76FAA IP=0x39336465 )
(    libInnoSecure.so[0xCBBCB000])[5C 40       ]0x00004696:	EORS	R4, R3	;(R4=0xFDBAF8D5 R3=0xBAE75918 )
(    libInnoSecure.so[0xCBBCB000])[DD F8 1C C0 ]0x00004698:	LDR.W	IP, [SP, #0X1C]	;(SP=0x100FFD18 )
(    libInnoSecure.so[0xCBBCB000])[20 44       ]0x0000469C:	ADD	R0, R4	;(R0=0x12D255AD R4=0x475DA1CD )
(    libInnoSecure.so[0xCBBCB000])[30 44       ]0x0000469E:	ADD	R0, R6	;(R0=0x5A2FF77A R6=0x655B59C3 )
(    libInnoSecure.so[0xCBBCB000])[01 EB B0 60 ]0x000046A0:	ADD.W	R0, R1, R0, ROR #26	;(R1=0xD1BAE885 R0=0xBF8B513D )
(    libInnoSecure.so[0xCBBCB000])[60 EA 03 06 ]0x000046A4:	ORN	R6, R0, R3	;(R0=0xB48F37F4 R3=0xBAE75918 )
(    libInnoSecure.so[0xCBBCB000])[5B 44       ]0x000046A8:	ADD	R3, FP	;(R3=0xBAE75918 FP=0x35376230 )
(    libInnoSecure.so[0xCBBCB000])[4E 40       ]0x000046AA:	EORS	R6, R1	;(R6=0xF59FB7F7 R1=0xD1BAE885 )
(    libInnoSecure.so[0xCBBCB000])[32 44       ]0x000046AC:	ADD	R2, R6	;(R2=0x0D1AD40F R6=0x24255F72 )
(    libInnoSecure.so[0xCBBCB000])[4C F6 92 46 ]0x000046AE:	MOVW	R6, #0XCC92
(    libInnoSecure.so[0xCBBCB000])[C8 F6 0C 76 ]0x000046B2:	MOVT	R6, #0X8F0C	;(R6=0x0000CC92 )
(    libInnoSecure.so[0xCBBCB000])[32 44       ]0x000046B6:	ADD	R2, R6	;(R2=0x31403381 R6=0x8F0CCC92 )
(    libInnoSecure.so[0xCBBCB000])[00 EB B2 52 ]0x000046B8:	ADD.W	R2, R0, R2, ROR #22	;(R0=0xB48F37F4 R2=0xC04D0013 )
(    libInnoSecure.so[0xCBBCB000])[62 EA 01 06 ]0x000046BC:	ORN	R6, R2, R1	;(R2=0xE88F86F5 R1=0xD1BAE885 )
(    libInnoSecure.so[0xCBBCB000])[29 44       ]0x000046C0:	ADD	R1, R5	;(R1=0xD1BAE885 R5=0x36313533 )
(    libInnoSecure.so[0xCBBCB000])[46 40       ]0x000046C2:	EORS	R6, R0	;(R6=0xEECF97FF R0=0xB48F37F4 )
(    libInnoSecure.so[0xCBBCB000])[0A 9D       ]0x000046C4:	LDR	R5, [SP, #0X28]	;(SP=0x100FFD18 )
(    libInnoSecure.so[0xCBBCB000])[33 44       ]0x000046C6:	ADD	R3, R6	;(R3=0xF01EBB48 R6=0x5A40A00B )
(    libInnoSecure.so[0xCBBCB000])[4F F2 7D 46 ]0x000046C8:	MOVW	R6, #0XF47D
(    libInnoSecure.so[0xCBBCB000])[CF F6 EF 76 ]0x000046CC:	MOVT	R6, #0XFFEF	;(R6=0x0000F47D )
(    libInnoSecure.so[0xCBBCB000])[33 44       ]0x000046D0:	ADD	R3, R6	;(R3=0x4A5F5B53 R6=0xFFEFF47D )
(    libInnoSecure.so[0xCBBCB000])[02 EB 73 43 ]0x000046D2:	ADD.W	R3, R2, R3, ROR #17	;(R2=0xE88F86F5 R3=0x4A4F4FD0 )
(    libInnoSecure.so[0xCBBCB000])[63 EA 00 06 ]0x000046D6:	ORN	R6, R3, R0	;(R3=0x9077AC1C R0=0xB48F37F4 )
(    libInnoSecure.so[0xCBBCB000])[28 44       ]0x000046DA:	ADD	R0, R5	;(R0=0xB48F37F4 R5=0x37656164 )
(    libInnoSecure.so[0xCBBCB000])[56 40       ]0x000046DC:	EORS	R6, R2	;(R6=0xDB77EC1F R2=0xE88F86F5 )
(    libInnoSecure.so[0xCBBCB000])[08 9D       ]0x000046DE:	LDR	R5, [SP, #0X20]	;(SP=0x100FFD18 )
(    libInnoSecure.so[0xCBBCB000])[31 44       ]0x000046E0:	ADD	R1, R6	;(R1=0x07EC1DB8 R6=0x33F86AEA )
(    libInnoSecure.so[0xCBBCB000])[45 F6 D1 56 ]0x000046E2:	MOVW	R6, #0X5DD1
(    libInnoSecure.so[0xCBBCB000])[C8 F2 84 56 ]0x000046E6:	MOVT	R6, #0X8584	;(R6=0x00005DD1 )
(    libInnoSecure.so[0xCBBCB000])[31 44       ]0x000046EA:	ADD	R1, R6	;(R1=0x3BE488A2 R6=0x85845DD1 )
(    libInnoSecure.so[0xCBBCB000])[03 EB F1 21 ]0x000046EC:	ADD.W	R1, R3, R1, ROR #11	;(R3=0x9077AC1C R1=0xC168E673 )
(    libInnoSecure.so[0xCBBCB000])[61 EA 02 06 ]0x000046F0:	ORN	R6, R1, R2	;(R1=0x5EEFD938 R2=0xE88F86F5 )
(    libInnoSecure.so[0xCBBCB000])[72 44       ]0x000046F4:	ADD	R2, LR	;(R2=0xE88F86F5 LR=0x30363465 )
(    libInnoSecure.so[0xCBBCB000])[5E 40       ]0x000046F6:	EORS	R6, R3	;(R6=0x5FFFF93A R3=0x9077AC1C )
(    libInnoSecure.so[0xCBBCB000])[30 44       ]0x000046F8:	ADD	R0, R6	;(R0=0xEBF49958 R6=0xCF885526 )
(    libInnoSecure.so[0xCBBCB000])[47 F6 4F 66 ]0x000046FA:	MOVW	R6, #0X7E4F
(    libInnoSecure.so[0xCBBCB000])[C6 F6 A8 76 ]0x000046FE:	MOVT	R6, #0X6FA8	;(R6=0x00007E4F )
(    libInnoSecure.so[0xCBBCB000])[30 44       ]0x00004702:	ADD	R0, R6	;(R0=0xBB7CEE7E R6=0x6FA87E4F )
(    libInnoSecure.so[0xCBBCB000])[01 EB B0 66 ]0x00004704:	ADD.W	R6, R1, R0, ROR #26	;(R1=0x5EEFD938 R0=0x2B256CCD )
(    libInnoSecure.so[0xCBBCB000])[66 EA 03 00 ]0x00004708:	ORN	R0, R6, R3	;(R6=0x284B0C82 R3=0x9077AC1C )
(    libInnoSecure.so[0xCBBCB000])[4B 44       ]0x0000470C:	ADD	R3, SB	;(R3=0x9077AC1C SB=0x30346333 )
(    libInnoSecure.so[0xCBBCB000])[48 40       ]0x0000470E:	EORS	R0, R1	;(R0=0x6FCB5FE3 R1=0x5EEFD938 )
(    libInnoSecure.so[0xCBBCB000])[10 44       ]0x00004710:	ADD	R0, R2	;(R0=0x312486DB R2=0x18C5BB5A )
(    libInnoSecure.so[0xCBBCB000])[4E F2 E0 62 ]0x00004712:	MOVW	R2, #0XE6E0
(    libInnoSecure.so[0xCBBCB000])[CF F6 2C 62 ]0x00004716:	MOVT	R2, #0XFE2C	;(R2=0x0000E6E0 )
(    libInnoSecure.so[0xCBBCB000])[10 44       ]0x0000471A:	ADD	R0, R2	;(R0=0x49EA4235 R2=0xFE2CE6E0 )
(    libInnoSecure.so[0xCBBCB000])[06 EB B0 52 ]0x0000471C:	ADD.W	R2, R6, R0, ROR #22	;(R6=0x284B0C82 R0=0x48172915 )
(    libInnoSecure.so[0xCBBCB000])[62 EA 01 00 ]0x00004720:	ORN	R0, R2, R1	;(R2=0x84EF61A2 R1=0x5EEFD938 )
(    libInnoSecure.so[0xCBBCB000])[29 44       ]0x00004724:	ADD	R1, R5	;(R1=0x5EEFD938 R5=0x35303432 )
(    libInnoSecure.so[0xCBBCB000])[70 40       ]0x00004726:	EORS	R0, R6	;(R0=0xA5FF67E7 R6=0x284B0C82 )
(    libInnoSecure.so[0xCBBCB000])[0B 9D       ]0x00004728:	LDR	R5, [SP, #0X2C]	;(SP=0x100FFD18 )
(    libInnoSecure.so[0xCBBCB000])[18 44       ]0x0000472A:	ADD	R0, R3	;(R0=0x8DB46B65 R3=0xC0AC0F4F )
(    libInnoSecure.so[0xCBBCB000])[44 F2 14 33 ]0x0000472C:	MOVW	R3, #0X4314
(    libInnoSecure.so[0xCBBCB000])[CA F2 01 33 ]0x00004730:	MOVT	R3, #0XA301	;(R3=0x00004314 )
(    libInnoSecure.so[0xCBBCB000])[18 44       ]0x00004734:	ADD	R0, R3	;(R0=0x4E607AB4 R3=0xA3014314 )
(    libInnoSecure.so[0xCBBCB000])[02 EB 70 40 ]0x00004736:	ADD.W	R0, R2, R0, ROR #17	;(R2=0x84EF61A2 R0=0xF161BDC8 )
(    libInnoSecure.so[0xCBBCB000])[60 EA 06 03 ]0x0000473A:	ORN	R3, R0, R6	;(R0=0x63D3DA52 R6=0x284B0C82 )
(    libInnoSecure.so[0xCBBCB000])[2E 44       ]0x0000473E:	ADD	R6, R5	;(R6=0x284B0C82 R5=0x31346238 )
(    libInnoSecure.so[0xCBBCB000])[53 40       ]0x00004740:	EORS	R3, R2	;(R3=0xF7F7FB7F R2=0x84EF61A2 )
(    libInnoSecure.so[0xCBBCB000])[19 44       ]0x00004742:	ADD	R1, R3	;(R1=0x94200D6A R3=0x73189ADD )
(    libInnoSecure.so[0xCBBCB000])[41 F2 A1 13 ]0x00004744:	MOVW	R3, #0X11A1
(    libInnoSecure.so[0xCBBCB000])[C4 F6 08 63 ]0x00004748:	MOVT	R3, #0X4E08	;(R3=0x000011A1 )
(    libInnoSecure.so[0xCBBCB000])[19 44       ]0x0000474C:	ADD	R1, R3	;(R1=0x0738A847 R3=0x4E0811A1 )
(    libInnoSecure.so[0xCBBCB000])[00 EB F1 21 ]0x0000474E:	ADD.W	R1, R0, R1, ROR #11	;(R0=0x63D3DA52 R1=0x5540B9E8 )
(    libInnoSecure.so[0xCBBCB000])[61 EA 02 03 ]0x00004752:	ORN	R3, R1, R2	;(R1=0xA0DE8269 R2=0x84EF61A2 )
(    libInnoSecure.so[0xCBBCB000])[43 40       ]0x00004756:	EORS	R3, R0	;(R3=0xFBDE9E7D R0=0x63D3DA52 )
(    libInnoSecure.so[0xCBBCB000])[33 44       ]0x00004758:	ADD	R3, R6	;(R3=0x980D442F R6=0x597F6EBA )
(    libInnoSecure.so[0xCBBCB000])[47 F6 82 66 ]0x0000475A:	MOVW	R6, #0X7E82
(    libInnoSecure.so[0xCBBCB000])[CF F2 53 76 ]0x0000475E:	MOVT	R6, #0XF753	;(R6=0x00007E82 )
(    libInnoSecure.so[0xCBBCB000])[33 44       ]0x00004762:	ADD	R3, R6	;(R3=0xF18CB2E9 R6=0xF7537E82 )
(    libInnoSecure.so[0xCBBCB000])[DC F8 00 60 ]0x00004764:	LDR.W	R6, [IP]	;(IP=0x100FFEF8 )
(    libInnoSecure.so[0xCBBCB000])[01 EB B3 63 ]0x00004768:	ADD.W	R3, R1, R3, ROR #26	;(R1=0xA0DE8269 R3=0xE8E0316B )
(    libInnoSecure.so[0xCBBCB000])[1E 44       ]0x0000476C:	ADD	R6, R3	;(R6=0x6EE3B462 R3=0xD8EADD63 )
(    libInnoSecure.so[0xCBBCB000])[CC F8 00 60 ]0x0000476E:	STR.W	R6, [IP]	;(R6=0x47CE91C5 IP=0x100FFEF8 )
(    libInnoSecure.so[0xCBBCB000])[05 9D       ]0x00004772:	LDR	R5, [SP, #0X14]	;(SP=0x100FFD18 )
(    libInnoSecure.so[0xCBBCB000])[63 EA 00 06 ]0x00004774:	ORN	R6, R3, R0	;(R3=0xD8EADD63 R0=0x63D3DA52 )
(    libInnoSecure.so[0xCBBCB000])[4E 40       ]0x00004778:	EORS	R6, R1	;(R6=0xDCEEFDEF R1=0xA0DE8269 )
(    libInnoSecure.so[0xCBBCB000])[50 44       ]0x0000477A:	ADD	R0, SL	;(R0=0x63D3DA52 SL=0x61626331 )
(    libInnoSecure.so[0xCBBCB000])[2A 44       ]0x0000477C:	ADD	R2, R5	;(R2=0x84EF61A2 R5=0x38663363 )
(    libInnoSecure.so[0xCBBCB000])[32 44       ]0x0000477E:	ADD	R2, R6	;(R2=0xBD559505 R6=0x7C307F86 )
(    libInnoSecure.so[0xCBBCB000])[4F F2 35 26 ]0x00004780:	MOVW	R6, #0XF235
(    libInnoSecure.so[0xCBBCB000])[CB F6 3A 56 ]0x00004784:	MOVT	R6, #0XBD3A	;(R6=0x0000F235 )
(    libInnoSecure.so[0xCBBCB000])[32 44       ]0x00004788:	ADD	R2, R6	;(R2=0x3986148B R6=0xBD3AF235 )
(    libInnoSecure.so[0xCBBCB000])[DC E9 01 65 ]0x0000478A:	LDRD	R6, R5, [IP, #4]	;(IP=0x100FFEF8 )
(    libInnoSecure.so[0xCBBCB000])[DC F8 0C 40 ]0x0000478E:	LDR.W	R4, [IP, #0XC]	;(IP=0x100FFEF8 )
(    libInnoSecure.so[0xCBBCB000])[03 EB B2 52 ]0x00004792:	ADD.W	R2, R3, R2, ROR #22	;(R3=0xD8EADD63 R2=0xF6C106C0 )
(    libInnoSecure.so[0xCBBCB000])[14 44       ]0x00004796:	ADD	R4, R2	;(R4=0xC1AEA7F9 R2=0xDD05E13E )
(    libInnoSecure.so[0xCBBCB000])[CC F8 0C 40 ]0x00004798:	STR.W	R4, [IP, #0XC]	;(R4=0x9EB48937 IP=0x100FFEF8 )
(    libInnoSecure.so[0xCBBCB000])[62 EA 01 04 ]0x0000479C:	ORN	R4, R2, R1	;(R2=0xDD05E13E R1=0xA0DE8269 )
(    libInnoSecure.so[0xCBBCB000])[5C 40       ]0x000047A0:	EORS	R4, R3	;(R4=0xDF25FDBE R3=0xD8EADD63 )
(    libInnoSecure.so[0xCBBCB000])[20 44       ]0x000047A2:	ADD	R0, R4	;(R0=0xC5363D83 R4=0x07CF20DD )
(    libInnoSecure.so[0xCBBCB000])[4D F2 BB 24 ]0x000047A4:	MOVW	R4, #0XD2BB
(    libInnoSecure.so[0xCBBCB000])[C2 F6 D7 24 ]0x000047A8:	MOVT	R4, #0X2AD7	;(R4=0x0000D2BB )
(    libInnoSecure.so[0xCBBCB000])[20 44       ]0x000047AC:	ADD	R0, R4	;(R0=0xCD055E60 R4=0x2AD7D2BB )
(    libInnoSecure.so[0xCBBCB000])[02 EB 70 40 ]0x000047AE:	ADD.W	R0, R2, R0, ROR #17	;(R2=0xDD05E13E R0=0xF7DD311B )
(    libInnoSecure.so[0xCBBCB000])[05 44       ]0x000047B2:	ADD	R5, R0	;(R5=0x64F1B101 R0=0x7593DD2C )
(    libInnoSecure.so[0xCBBCB000])[60 EA 03 03 ]0x000047B4:	ORN	R3, R0, R3	;(R0=0x7593DD2C R3=0xD8EADD63 )
(    libInnoSecure.so[0xCBBCB000])[CC F8 08 50 ]0x000047B8:	STR.W	R5, [IP, #8]	;(R5=0xDA858E2D IP=0x100FFEF8 )
(    libInnoSecure.so[0xCBBCB000])[5A 40       ]0x000047BC:	EORS	R2, R3	;(R2=0xDD05E13E R3=0x7797FFBC )
(    libInnoSecure.so[0xCBBCB000])[10 9B       ]0x000047BE:	LDR	R3, [SP, #0X40]	;(SP=0x100FFD18 )
(    libInnoSecure.so[0xCBBCB000])[30 44       ]0x000047C0:	ADD	R0, R6	;(R0=0x7593DD2C R6=0xE74DE2B1 )
(    libInnoSecure.so[0xCBBCB000])[19 44       ]0x000047C2:	ADD	R1, R3	;(R1=0xA0DE8269 R3=0x30626362 )
(    libInnoSecure.so[0xCBBCB000])[11 44       ]0x000047C4:	ADD	R1, R2	;(R1=0xD140E5CB R2=0xAA921E82 )
(    libInnoSecure.so[0xCBBCB000])[4D F2 91 32 ]0x000047C6:	MOVW	R2, #0XD391
(    libInnoSecure.so[0xCBBCB000])[CE F6 86 32 ]0x000047CA:	MOVT	R2, #0XEB86	;(R2=0x0000D391 )
(    libInnoSecure.so[0xCBBCB000])[11 44       ]0x000047CE:	ADD	R1, R2	;(R1=0x7BD3044D R2=0xEB86D391 )
(    libInnoSecure.so[0xCBBCB000])[00 EB F1 20 ]0x000047D0:	ADD.W	R0, R0, R1, ROR #11	;(R0=0x5CE1BFDD R1=0x6759D7DE )
(    libInnoSecure.so[0xCBBCB000])[CC F8 04 00 ]0x000047D4:	STR.W	R0, [IP, #4]	;(R0=0x58AEAB17 IP=0x100FFEF8 )
(    libInnoSecure.so[0xCBBCB000])[07 48       ]0x000047D8:	LDR	R0, [PC, #0X1C]	;(PC=0xCBBCF7D8 )
(    libInnoSecure.so[0xCBBCB000])[52 99       ]0x000047DA:	LDR	R1, [SP, #0X148]	;(SP=0x100FFD18 )
(    libInnoSecure.so[0xCBBCB000])[78 44       ]0x000047DC:	ADD	R0, PC	;(R0=0x000056C0 PC=0xCBBCF7DC )
(    libInnoSecure.so[0xCBBCB000])[00 68       ]0x000047DE:	LDR	R0, [R0]	;(R0=0xCBBD4EA0 )
(    libInnoSecure.so[0xCBBCB000])[00 68       ]0x000047E0:	LDR	R0, [R0]	;(R0=0xCBC29384 )
(    libInnoSecure.so[0xCBBCB000])[40 1A       ]0x000047E2:	SUBS	R0, R0, R1	;(R0=0x00000000 R1=0x00000000 )
(    libInnoSecure.so[0xCBBCB000])[02 BF       ]0x000047E4:	ITTT	EQ
(    libInnoSecure.so[0xCBBCB000])[53 B0       ]0x000047E6:	ADD	SP, #0X14C	;(SP=0x100FFD18 )
(    libInnoSecure.so[0xCBBCB000])[BD E8 00 0F ]0x000047E8:	POP.W	{R8, SB, SL, FP}	;(SP=0x100FFE64 )
(    libInnoSecure.so[0xCBBCB000])[F0 BD       ]0x000047EC:	POP	{R4, R5, R6, R7, PC}	;(SP=0x100FFE74 )
(    libInnoSecure.so[0xCBBCB000])[05 F1 80 00 ]0x0000402E:	ADD.W	R0, R5, #0X80	;(R5=0x000003C0 )
(    libInnoSecure.so[0xCBBCB000])[40 35       ]0x00004032:	ADDS	R5, #0X40	;(R5=0x000003C0 )
(    libInnoSecure.so[0xCBBCB000])[A0 42       ]0x00004034:	CMP	R0, R4	;(R0=0x00000440 R4=0x0000043E )
(    libInnoSecure.so[0xCBBCB000])[F5 D9       ]0x00004036:	BLS	#0XCBBCF024
(    libInnoSecure.so[0xCBBCB000])[00 20       ]0x00004038:	MOVS	R0, #0
(    libInnoSecure.so[0xCBBCB000])[40 44       ]0x0000403A:	ADD	R0, R8	;(R0=0x00000000 R8=0x100FFEF0 )
(    libInnoSecure.so[0xCBBCB000])[09 EB 05 01 ]0x0000403C:	ADD.W	R1, SB, R5	;(SB=0x30043020 R5=0x00000400 )
(    libInnoSecure.so[0xCBBCB000])[62 1B       ]0x00004040:	SUBS	R2, R4, R5	;(R4=0x0000043E R5=0x00000400 )
(    libInnoSecure.so[0xCBBCB000])[18 30       ]0x00004042:	ADDS	R0, #0X18	;(R0=0x100FFEF0 )
(    libInnoSecure.so[0xCBBCB000])[BD E8 00 07 ]0x00004044:	POP.W	{R8, SB, SL}	;(SP=0x100FFE88 )
(    libInnoSecure.so[0xCBBCB000])[BD E8 F0 40 ]0x00004048:	POP.W	{R4, R5, R6, R7, LR}	;(SP=0x100FFE94 )
(    libInnoSecure.so[0xCBBCB000])[01 F0 8A BE ]0x0000404C:	B.W	#0XCBBD0D64
(    libInnoSecure.so[0xCBBCB000])[78 47       ]0x00005D64:	BX	PC	;(PC=0xCBBD0D64 )
(    libInnoSecure.so[0xCBBCB000])[00 C0 9F E5 ]0x00005D68:	LDR	IP, [PC]	;(PC=0xCBBD0D68 )
(    libInnoSecure.so[0xCBBCB000])[0F F0 8C E0 ]0x00005D6C:	ADD	PC, IP, PC	;(IP=0xFFFFBCD4 PC=0xCBBD0D6C )
(    libInnoSecure.so[0xCBBCB000])[00 C6 8F E2 ]0x00001A48:	ADD	IP, PC, #0, #12	;(PC=0xCBBCCA48 )
(    libInnoSecure.so[0xCBBCB000])[08 CA 8C E2 ]0x00001A4C:	ADD	IP, IP, #8, #20	;(IP=0xCBBCCA50 )
(    libInnoSecure.so[0xCBBCB000])[CC F4 BC E5 ]0x00001A50:	LDR	PC, [IP, #0X4CC]!	;(IP=0xCBBD4A50 )
(    libInnoSecure.so[0xCBBCB000])[2C AD       ]0x00003ED6:	ADD	R5, SP, #0XB0	;(SP=0x100FFEA8 )
(    libInnoSecure.so[0xCBBCB000])[21 46       ]0x00003ED8:	MOV	R1, R4	;(R4=0x100FFEF0 )
(    libInnoSecure.so[0xCBBCB000])[08 22       ]0x00003EDA:	MOVS	R2, #8
(    libInnoSecure.so[0xCBBCB000])[12 9E       ]0x00003EDC:	LDR	R6, [SP, #0X48]	;(SP=0x100FFEA8 )
(    libInnoSecure.so[0xCBBCB000])[28 46       ]0x00003EDE:	MOV	R0, R5	;(R5=0x100FFF58 )
(    libInnoSecure.so[0xCBBCB000])[00 F0 8C FC ]0x00003EE0:	BL	#0XCBBCF7FC	;(PC=0xCBBCEEE0 )
(    libInnoSecure.so[0xCBBCB000])[D0 B5       ]0x000047FC:	PUSH	{R4, R6, R7, LR}	;(SP=0x100FFEA8 R4=0x100FFEF0 R6=0x000021F0 R7=0x100FFF80 LR=0xCBBCEEE5 )
(    libInnoSecure.so[0xCBBCB000])[02 AF       ]0x000047FE:	ADD	R7, SP, #8	;(SP=0x100FFE98 )
(    libInnoSecure.so[0xCBBCB000])[C2 B1       ]0x00004800:	CBZ	R2, #0XCBBCF834	;(R2=0x00000008 )
(    libInnoSecure.so[0xCBBCB000])[4F F0 00 0C ]0x00004802:	MOV.W	IP, #0
(    libInnoSecure.so[0xCBBCB000])[51 F8 0C 30 ]0x00004806:	LDR.W	R3, [R1, IP]	;(R1=0x100FFEF0 IP=0x00000000 )
(    libInnoSecure.so[0xCBBCB000])[00 EB 0C 04 ]0x0000480A:	ADD.W	R4, R0, IP	;(R0=0x100FFF58 IP=0x00000000 )
(    libInnoSecure.so[0xCBBCB000])[00 F8 0C 30 ]0x0000480E:	STRB.W	R3, [R0, IP]	;(R3=0x000021F0 R0=0x100FFF58 IP=0x00000000 )
(    libInnoSecure.so[0xCBBCB000])[51 F8 0C E0 ]0x00004812:	LDR.W	LR, [R1, IP]	;(R1=0x100FFEF0 IP=0x00000000 )
(    libInnoSecure.so[0xCBBCB000])[4F EA 1E 23 ]0x00004816:	LSR.W	R3, LR, #8	;(LR=0x000021F0 )
(    libInnoSecure.so[0xCBBCB000])[01 EB 0C 0E ]0x0000481A:	ADD.W	LR, R1, IP	;(R1=0x100FFEF0 IP=0x00000000 )
(    libInnoSecure.so[0xCBBCB000])[63 70       ]0x0000481E:	STRB	R3, [R4, #1]	;(R3=0x00000021 R4=0x100FFF58 )
(    libInnoSecure.so[0xCBBCB000])[0C F1 04 0C ]0x00004820:	ADD.W	IP, IP, #4	;(IP=0x00000000 )
(    libInnoSecure.so[0xCBBCB000])[BE F8 02 30 ]0x00004824:	LDRH.W	R3, [LR, #2]	;(LR=0x100FFEF0 )
(    libInnoSecure.so[0xCBBCB000])[94 45       ]0x00004828:	CMP	IP, R2	;(IP=0x00000004 R2=0x00000008 )
(    libInnoSecure.so[0xCBBCB000])[A3 70       ]0x0000482A:	STRB	R3, [R4, #2]	;(R3=0x00000000 R4=0x100FFF58 )
(    libInnoSecure.so[0xCBBCB000])[9E F8 03 30 ]0x0000482C:	LDRB.W	R3, [LR, #3]	;(LR=0x100FFEF0 )
(    libInnoSecure.so[0xCBBCB000])[E3 70       ]0x00004830:	STRB	R3, [R4, #3]	;(R3=0x00000000 R4=0x100FFF58 )
(    libInnoSecure.so[0xCBBCB000])[E8 D3       ]0x00004832:	BLO	#0XCBBCF806
(    libInnoSecure.so[0xCBBCB000])[51 F8 0C 30 ]0x00004806:	LDR.W	R3, [R1, IP]	;(R1=0x100FFEF0 IP=0x00000004 )
(    libInnoSecure.so[0xCBBCB000])[00 EB 0C 04 ]0x0000480A:	ADD.W	R4, R0, IP	;(R0=0x100FFF58 IP=0x00000004 )
(    libInnoSecure.so[0xCBBCB000])[00 F8 0C 30 ]0x0000480E:	STRB.W	R3, [R0, IP]	;(R3=0x00000000 R0=0x100FFF58 IP=0x00000004 )
(    libInnoSecure.so[0xCBBCB000])[51 F8 0C E0 ]0x00004812:	LDR.W	LR, [R1, IP]	;(R1=0x100FFEF0 IP=0x00000004 )
(    libInnoSecure.so[0xCBBCB000])[4F EA 1E 23 ]0x00004816:	LSR.W	R3, LR, #8	;(LR=0x00000000 )
(    libInnoSecure.so[0xCBBCB000])[01 EB 0C 0E ]0x0000481A:	ADD.W	LR, R1, IP	;(R1=0x100FFEF0 IP=0x00000004 )
(    libInnoSecure.so[0xCBBCB000])[63 70       ]0x0000481E:	STRB	R3, [R4, #1]	;(R3=0x00000000 R4=0x100FFF5C )
(    libInnoSecure.so[0xCBBCB000])[0C F1 04 0C ]0x00004820:	ADD.W	IP, IP, #4	;(IP=0x00000004 )
(    libInnoSecure.so[0xCBBCB000])[BE F8 02 30 ]0x00004824:	LDRH.W	R3, [LR, #2]	;(LR=0x100FFEF4 )
(    libInnoSecure.so[0xCBBCB000])[94 45       ]0x00004828:	CMP	IP, R2	;(IP=0x00000008 R2=0x00000008 )
(    libInnoSecure.so[0xCBBCB000])[A3 70       ]0x0000482A:	STRB	R3, [R4, #2]	;(R3=0x00000000 R4=0x100FFF5C )
(    libInnoSecure.so[0xCBBCB000])[9E F8 03 30 ]0x0000482C:	LDRB.W	R3, [LR, #3]	;(LR=0x100FFEF4 )
(    libInnoSecure.so[0xCBBCB000])[E3 70       ]0x00004830:	STRB	R3, [R4, #3]	;(R3=0x00000000 R4=0x100FFF5C )
(    libInnoSecure.so[0xCBBCB000])[E8 D3       ]0x00004832:	BLO	#0XCBBCF806
(    libInnoSecure.so[0xCBBCB000])[D0 BD       ]0x00004834:	POP	{R4, R6, R7, PC}	;(SP=0x100FFE98 )
(    libInnoSecure.so[0xCBBCB000])[33 48       ]0x00003EE4:	LDR	R0, [PC, #0XCC]	;(PC=0xCBBCEEE4 )
(    libInnoSecure.so[0xCBBCB000])[78 22       ]0x00003EE6:	MOVS	R2, #0X78
(    libInnoSecure.so[0xCBBCB000])[78 44       ]0x00003EE8:	ADD	R0, PC	;(R0=0x00005FD4 PC=0xCBBCEEE8 )
(    libInnoSecure.so[0xCBBCB000])[01 68       ]0x00003EEA:	LDR	R1, [R0]	;(R0=0xCBBD4EC0 )
(    libInnoSecure.so[0xCBBCB000])[C6 F3 C5 00 ]0x00003EEC:	UBFX	R0, R6, #3, #6	;(R6=0x000021F0 )
(    libInnoSecure.so[0xCBBCB000])[38 28       ]0x00003EF0:	CMP	R0, #0X38	;(R0=0x0000003E )
(    libInnoSecure.so[0xCBBCB000])[38 BF       ]0x00003EF2:	IT	LO
(    libInnoSecure.so[0xCBBCB000])[12 1A       ]0x00003EF6:	SUBS	R2, R2, R0	;(R2=0x00000078 R0=0x0000003E )
(    libInnoSecure.so[0xCBBCB000])[20 46       ]0x00003EF8:	MOV	R0, R4	;(R4=0x100FFEF0 )
(    libInnoSecure.so[0xCBBCB000])[00 F0 61 F8 ]0x00003EFA:	BL	#0XCBBCEFC0	;(PC=0xCBBCEEFA )
(    libInnoSecure.so[0xCBBCB000])[F0 B5       ]0x00003FC0:	PUSH	{R4, R5, R6, R7, LR}	;(SP=0x100FFEA8 R4=0x100FFEF0 R5=0x100FFF58 R6=0x000021F0 R7=0x100FFF80 LR=0xCBBCEEFF )
(    libInnoSecure.so[0xCBBCB000])[03 AF       ]0x00003FC2:	ADD	R7, SP, #0XC	;(SP=0x100FFE94 )
(    libInnoSecure.so[0xCBBCB000])[2D E9 00 07 ]0x00003FC4:	PUSH.W	{R8, SB, SL}	;(SP=0x100FFE94 R8=0xD2000044 SB=0x00000009 SL=0xD20000B8 )
(    libInnoSecure.so[0xCBBCB000])[80 46       ]0x00003FC8:	MOV	R8, R0	;(R0=0x100FFEF0 )
(    libInnoSecure.so[0xCBBCB000])[89 46       ]0x00003FCA:	MOV	SB, R1	;(R1=0xCBBD5078 )
(    libInnoSecure.so[0xCBBCB000])[D8 E9 00 01 ]0x00003FCC:	LDRD	R0, R1, [R8]	;(R8=0x100FFEF0 )
(    libInnoSecure.so[0xCBBCB000])[14 46       ]0x00003FD0:	MOV	R4, R2	;(R2=0x0000003A )
(    libInnoSecure.so[0xCBBCB000])[01 23       ]0x00003FD2:	MOVS	R3, #1
(    libInnoSecure.so[0xCBBCB000])[00 EB C4 02 ]0x00003FD4:	ADD.W	R2, R0, R4, LSL #3	;(R0=0x000021F0 R4=0x0000003A )
(    libInnoSecure.so[0xCBBCB000])[C8 F8 00 20 ]0x00003FD8:	STR.W	R2, [R8]	;(R2=0x000023C0 R8=0x100FFEF0 )
(    libInnoSecure.so[0xCBBCB000])[82 42       ]0x00003FDC:	CMP	R2, R0	;(R2=0x000023C0 R0=0x000021F0 )
(    libInnoSecure.so[0xCBBCB000])[28 BF       ]0x00003FDE:	IT	HS
(    libInnoSecure.so[0xCBBCB000])[00 23       ]0x00003FE0:	MOVS	R3, #0
(    libInnoSecure.so[0xCBBCB000])[C0 F3 C5 00 ]0x00003FE2:	UBFX	R0, R0, #3, #6	;(R0=0x000021F0 )
(    libInnoSecure.so[0xCBBCB000])[00 2B       ]0x00003FE6:	CMP	R3, #0	;(R3=0x00000000 )
(    libInnoSecure.so[0xCBBCB000])[C0 F1 40 05 ]0x00003FE8:	RSB.W	R5, R0, #0X40	;(R0=0x0000003E )
(    libInnoSecure.so[0xCBBCB000])[02 D0       ]0x00003FEC:	BEQ	#0XCBBCEFF4
(    libInnoSecure.so[0xCBBCB000])[A5 42       ]0x00003FF4:	CMP	R5, R4	;(R5=0x00000002 R4=0x0000003A )
(    libInnoSecure.so[0xCBBCB000])[01 EB 54 71 ]0x00003FF6:	ADD.W	R1, R1, R4, LSR #29	;(R1=0x00000000 R4=0x0000003A )
(    libInnoSecure.so[0xCBBCB000])[C8 F8 04 10 ]0x00003FFA:	STR.W	R1, [R8, #4]	;(R1=0x00000000 R8=0x100FFEF0 )
(    libInnoSecure.so[0xCBBCB000])[01 D9       ]0x00003FFE:	BLS	#0XCBBCF004
(    libInnoSecure.so[0xCBBCB000])[08 F1 18 0A ]0x00004004:	ADD.W	SL, R8, #0X18	;(R8=0x100FFEF0 )
(    libInnoSecure.so[0xCBBCB000])[49 46       ]0x00004008:	MOV	R1, SB	;(SB=0xCBBD5078 )
(    libInnoSecure.so[0xCBBCB000])[50 44       ]0x0000400A:	ADD	R0, SL	;(R0=0x0000003E SL=0x100FFF08 )
(    libInnoSecure.so[0xCBBCB000])[2A 46       ]0x0000400C:	MOV	R2, R5	;(R5=0x00000002 )
(    libInnoSecure.so[0xCBBCB000])[FD F7 1C ED ]0x0000400E:	BLX	#0XCBBCCA48	;(PC=0xCBBCF00E )
(    libInnoSecure.so[0xCBBCB000])[00 C6 8F E2 ]0x00001A48:	ADD	IP, PC, #0, #12	;(PC=0xCBBCCA48 )
(    libInnoSecure.so[0xCBBCB000])[08 CA 8C E2 ]0x00001A4C:	ADD	IP, IP, #8, #20	;(IP=0xCBBCCA50 )
(    libInnoSecure.so[0xCBBCB000])[CC F4 BC E5 ]0x00001A50:	LDR	PC, [IP, #0X4CC]!	;(IP=0xCBBD4A50 )
(    libInnoSecure.so[0xCBBCB000])[08 F1 08 06 ]0x00004012:	ADD.W	R6, R8, #8	;(R8=0x100FFEF0 )
(    libInnoSecure.so[0xCBBCB000])[51 46       ]0x00004016:	MOV	R1, SL	;(SL=0x100FFF08 )
(    libInnoSecure.so[0xCBBCB000])[30 46       ]0x00004018:	MOV	R0, R6	;(R6=0x100FFEF8 )
(    libInnoSecure.so[0xCBBCB000])[00 F0 19 F8 ]0x0000401A:	BL	#0XCBBCF050	;(PC=0xCBBCF01A )
(    libInnoSecure.so[0xCBBCB000])[F0 B5       ]0x00004050:	PUSH	{R4, R5, R6, R7, LR}	;(SP=0x100FFE88 R4=0x0000003A R5=0x00000002 R6=0x100FFEF8 R7=0x100FFEA0 LR=0xCBBCF01F )
(    libInnoSecure.so[0xCBBCB000])[03 AF       ]0x00004052:	ADD	R7, SP, #0XC	;(SP=0x100FFE74 )
(    libInnoSecure.so[0xCBBCB000])[2D E9 00 0F ]0x00004054:	PUSH.W	{R8, SB, SL, FP}	;(SP=0x100FFE74 R8=0x100FFEF0 SB=0xCBBD5078 SL=0x100FFF08 FP=0x00000007 )
(    libInnoSecure.so[0xCBBCB000])[D3 B0       ]0x00004058:	SUB	SP, #0X14C	;(SP=0x100FFE64 )
(    libInnoSecure.so[0xCBBCB000])[DF F8 98 27 ]0x0000405A:	LDR.W	R2, [PC, #0X798]	;(PC=0xCBBCF05A )
(    libInnoSecure.so[0xCBBCB000])[12 AC       ]0x0000405E:	ADD	R4, SP, #0X48	;(SP=0x100FFD18 )
(    libInnoSecure.so[0xCBBCB000])[00 25       ]0x00004060:	MOVS	R5, #0
(    libInnoSecure.so[0xCBBCB000])[7A 44       ]0x00004062:	ADD	R2, PC	;(R2=0x00005E3A PC=0xCBBCF062 )
(    libInnoSecure.so[0xCBBCB000])[12 68       ]0x00004064:	LDR	R2, [R2]	;(R2=0xCBBD4EA0 )
(    libInnoSecure.so[0xCBBCB000])[12 68       ]0x00004066:	LDR	R2, [R2]	;(R2=0xCBC29384 )
(    libInnoSecure.so[0xCBBCB000])[52 92       ]0x00004068:	STR	R2, [SP, #0X148]	;(R2=0x00000000 SP=0x100FFD18 )
(    libInnoSecure.so[0xCBBCB000])[D0 E9 00 C2 ]0x0000406A:	LDRD	IP, R2, [R0]	;(R0=0x100FFEF8 )
(    libInnoSecure.so[0xCBBCB000])[D0 F8 08 E0 ]0x0000406E:	LDR.W	LR, [R0, #8]	;(R0=0x100FFEF8 )
(    libInnoSecure.so[0xCBBCB000])[07 90       ]0x00004072:	STR	R0, [SP, #0X1C]	;(R0=0x100FFEF8 SP=0x100FFD18 )
(    libInnoSecure.so[0xCBBCB000])[C0 68       ]0x00004074:	LDR	R0, [R0, #0XC]	;(R0=0x100FFEF8 )
(    libInnoSecure.so[0xCBBCB000])[4E 59       ]0x00004076:	LDR	R6, [R1, R5]	;(R1=0x100FFF08 R5=0x00000000 )
(    libInnoSecure.so[0xCBBCB000])[66 51       ]0x00004078:	STR	R6, [R4, R5]	;(R6=0x64396432 R4=0x100FFD60 R5=0x00000000 )
(    libInnoSecure.so[0xCBBCB000])[04 35       ]0x0000407A:	ADDS	R5, #4	;(R5=0x00000000 )
(    libInnoSecure.so[0xCBBCB000])[40 2D       ]0x0000407C:	CMP	R5, #0X40	;(R5=0x00000004 )
(    libInnoSecure.so[0xCBBCB000])[FA D1       ]0x0000407E:	BNE	#0XCBBCF076
(    libInnoSecure.so[0xCBBCB000])[4E 59       ]0x00004076:	LDR	R6, [R1, R5]	;(R1=0x100FFF08 R5=0x00000004 )
(    libInnoSecure.so[0xCBBCB000])[66 51       ]0x00004078:	STR	R6, [R4, R5]	;(R6=0x61366666 R4=0x100FFD60 R5=0x00000004 )
(    libInnoSecure.so[0xCBBCB000])[04 35       ]0x0000407A:	ADDS	R5, #4	;(R5=0x00000004 )
(    libInnoSecure.so[0xCBBCB000])[40 2D       ]0x0000407C:	CMP	R5, #0X40	;(R5=0x00000008 )
(    libInnoSecure.so[0xCBBCB000])[FA D1       ]0x0000407E:	BNE	#0XCBBCF076
(    libInnoSecure.so[0xCBBCB000])[4E 59       ]0x00004076:	LDR	R6, [R1, R5]	;(R1=0x100FFF08 R5=0x00000008 )
(    libInnoSecure.so[0xCBBCB000])[66 51       ]0x00004078:	STR	R6, [R4, R5]	;(R6=0x34636430 R4=0x100FFD60 R5=0x00000008 )
(    libInnoSecure.so[0xCBBCB000])[04 35       ]0x0000407A:	ADDS	R5, #4	;(R5=0x00000008 )
(    libInnoSecure.so[0xCBBCB000])[40 2D       ]0x0000407C:	CMP	R5, #0X40	;(R5=0x0000000C )
(    libInnoSecure.so[0xCBBCB000])[FA D1       ]0x0000407E:	BNE	#0XCBBCF076
(    libInnoSecure.so[0xCBBCB000])[4E 59       ]0x00004076:	LDR	R6, [R1, R5]	;(R1=0x100FFF08 R5=0x0000000C )
(    libInnoSecure.so[0xCBBCB000])[66 51       ]0x00004078:	STR	R6, [R4, R5]	;(R6=0x32393337 R4=0x100FFD60 R5=0x0000000C )
(    libInnoSecure.so[0xCBBCB000])[04 35       ]0x0000407A:	ADDS	R5, #4	;(R5=0x0000000C )
(    libInnoSecure.so[0xCBBCB000])[40 2D       ]0x0000407C:	CMP	R5, #0X40	;(R5=0x00000010 )
(    libInnoSecure.so[0xCBBCB000])[FA D1       ]0x0000407E:	BNE	#0XCBBCF076
(    libInnoSecure.so[0xCBBCB000])[4E 59       ]0x00004076:	LDR	R6, [R1, R5]	;(R1=0x100FFF08 R5=0x00000010 )
(    libInnoSecure.so[0xCBBCB000])[66 51       ]0x00004078:	STR	R6, [R4, R5]	;(R6=0x33613034 R4=0x100FFD60 R5=0x00000010 )
(    libInnoSecure.so[0xCBBCB000])[04 35       ]0x0000407A:	ADDS	R5, #4	;(R5=0x00000010 )
(    libInnoSecure.so[0xCBBCB000])[40 2D       ]0x0000407C:	CMP	R5, #0X40	;(R5=0x00000014 )
(    libInnoSecure.so[0xCBBCB000])[FA D1       ]0x0000407E:	BNE	#0XCBBCF076
(    libInnoSecure.so[0xCBBCB000])[4E 59       ]0x00004076:	LDR	R6, [R1, R5]	;(R1=0x100FFF08 R5=0x00000014 )
(    libInnoSecure.so[0xCBBCB000])[66 51       ]0x00004078:	STR	R6, [R4, R5]	;(R6=0x36323462 R4=0x100FFD60 R5=0x00000014 )
(    libInnoSecure.so[0xCBBCB000])[04 35       ]0x0000407A:	ADDS	R5, #4	;(R5=0x00000014 )
(    libInnoSecure.so[0xCBBCB000])[40 2D       ]0x0000407C:	CMP	R5, #0X40	;(R5=0x00000018 )
(    libInnoSecure.so[0xCBBCB000])[FA D1       ]0x0000407E:	BNE	#0XCBBCF076
(    libInnoSecure.so[0xCBBCB000])[4E 59       ]0x00004076:	LDR	R6, [R1, R5]	;(R1=0x100FFF08 R5=0x00000018 )
(    libInnoSecure.so[0xCBBCB000])[66 51       ]0x00004078:	STR	R6, [R4, R5]	;(R6=0x35663632 R4=0x100FFD60 R5=0x00000018 )
(    libInnoSecure.so[0xCBBCB000])[04 35       ]0x0000407A:	ADDS	R5, #4	;(R5=0x00000018 )
(    libInnoSecure.so[0xCBBCB000])[40 2D       ]0x0000407C:	CMP	R5, #0X40	;(R5=0x0000001C )
(    libInnoSecure.so[0xCBBCB000])[FA D1       ]0x0000407E:	BNE	#0XCBBCF076
(    libInnoSecure.so[0xCBBCB000])[4E 59       ]0x00004076:	LDR	R6, [R1, R5]	;(R1=0x100FFF08 R5=0x0000001C )
(    libInnoSecure.so[0xCBBCB000])[66 51       ]0x00004078:	STR	R6, [R4, R5]	;(R6=0x65636665 R4=0x100FFD60 R5=0x0000001C )
(    libInnoSecure.so[0xCBBCB000])[04 35       ]0x0000407A:	ADDS	R5, #4	;(R5=0x0000001C )
(    libInnoSecure.so[0xCBBCB000])[40 2D       ]0x0000407C:	CMP	R5, #0X40	;(R5=0x00000020 )
(    libInnoSecure.so[0xCBBCB000])[FA D1       ]0x0000407E:	BNE	#0XCBBCF076
(    libInnoSecure.so[0xCBBCB000])[4E 59       ]0x00004076:	LDR	R6, [R1, R5]	;(R1=0x100FFF08 R5=0x00000020 )
(    libInnoSecure.so[0xCBBCB000])[66 51       ]0x00004078:	STR	R6, [R4, R5]	;(R6=0x62376434 R4=0x100FFD60 R5=0x00000020 )
(    libInnoSecure.so[0xCBBCB000])[04 35       ]0x0000407A:	ADDS	R5, #4	;(R5=0x00000020 )
(    libInnoSecure.so[0xCBBCB000])[40 2D       ]0x0000407C:	CMP	R5, #0X40	;(R5=0x00000024 )
(    libInnoSecure.so[0xCBBCB000])[FA D1       ]0x0000407E:	BNE	#0XCBBCF076
(    libInnoSecure.so[0xCBBCB000])[4E 59       ]0x00004076:	LDR	R6, [R1, R5]	;(R1=0x100FFF08 R5=0x00000024 )
(    libInnoSecure.so[0xCBBCB000])[66 51       ]0x00004078:	STR	R6, [R4, R5]	;(R6=0x30616561 R4=0x100FFD60 R5=0x00000024 )
(    libInnoSecure.so[0xCBBCB000])[04 35       ]0x0000407A:	ADDS	R5, #4	;(R5=0x00000024 )
(    libInnoSecure.so[0xCBBCB000])[40 2D       ]0x0000407C:	CMP	R5, #0X40	;(R5=0x00000028 )
(    libInnoSecure.so[0xCBBCB000])[FA D1       ]0x0000407E:	BNE	#0XCBBCF076
(    libInnoSecure.so[0xCBBCB000])[4E 59       ]0x00004076:	LDR	R6, [R1, R5]	;(R1=0x100FFF08 R5=0x00000028 )
(    libInnoSecure.so[0xCBBCB000])[66 51       ]0x00004078:	STR	R6, [R4, R5]	;(R6=0x64656366 R4=0x100FFD60 R5=0x00000028 )
(    libInnoSecure.so[0xCBBCB000])[04 35       ]0x0000407A:	ADDS	R5, #4	;(R5=0x00000028 )
(    libInnoSecure.so[0xCBBCB000])[40 2D       ]0x0000407C:	CMP	R5, #0X40	;(R5=0x0000002C )
(    libInnoSecure.so[0xCBBCB000])[FA D1       ]0x0000407E:	BNE	#0XCBBCF076
(    libInnoSecure.so[0xCBBCB000])[4E 59       ]0x00004076:	LDR	R6, [R1, R5]	;(R1=0x100FFF08 R5=0x0000002C )
(    libInnoSecure.so[0xCBBCB000])[66 51       ]0x00004078:	STR	R6, [R4, R5]	;(R6=0x33316232 R4=0x100FFD60 R5=0x0000002C )
(    libInnoSecure.so[0xCBBCB000])[04 35       ]0x0000407A:	ADDS	R5, #4	;(R5=0x0000002C )
(    libInnoSecure.so[0xCBBCB000])[40 2D       ]0x0000407C:	CMP	R5, #0X40	;(R5=0x00000030 )
(    libInnoSecure.so[0xCBBCB000])[FA D1       ]0x0000407E:	BNE	#0XCBBCF076
(    libInnoSecure.so[0xCBBCB000])[4E 59       ]0x00004076:	LDR	R6, [R1, R5]	;(R1=0x100FFF08 R5=0x00000030 )
(    libInnoSecure.so[0xCBBCB000])[66 51       ]0x00004078:	STR	R6, [R4, R5]	;(R6=0x63313633 R4=0x100FFD60 R5=0x00000030 )
(    libInnoSecure.so[0xCBBCB000])[04 35       ]0x0000407A:	ADDS	R5, #4	;(R5=0x00000030 )
(    libInnoSecure.so[0xCBBCB000])[40 2D       ]0x0000407C:	CMP	R5, #0X40	;(R5=0x00000034 )
(    libInnoSecure.so[0xCBBCB000])[FA D1       ]0x0000407E:	BNE	#0XCBBCF076
(    libInnoSecure.so[0xCBBCB000])[4E 59       ]0x00004076:	LDR	R6, [R1, R5]	;(R1=0x100FFF08 R5=0x00000034 )
(    libInnoSecure.so[0xCBBCB000])[66 51       ]0x00004078:	STR	R6, [R4, R5]	;(R6=0x65643462 R4=0x100FFD60 R5=0x00000034 )
(    libInnoSecure.so[0xCBBCB000])[04 35       ]0x0000407A:	ADDS	R5, #4	;(R5=0x00000034 )
(    libInnoSecure.so[0xCBBCB000])[40 2D       ]0x0000407C:	CMP	R5, #0X40	;(R5=0x00000038 )
(    libInnoSecure.so[0xCBBCB000])[FA D1       ]0x0000407E:	BNE	#0XCBBCF076
(    libInnoSecure.so[0xCBBCB000])[4E 59       ]0x00004076:	LDR	R6, [R1, R5]	;(R1=0x100FFF08 R5=0x00000038 )
(    libInnoSecure.so[0xCBBCB000])[66 51       ]0x00004078:	STR	R6, [R4, R5]	;(R6=0x64653864 R4=0x100FFD60 R5=0x00000038 )
(    libInnoSecure.so[0xCBBCB000])[04 35       ]0x0000407A:	ADDS	R5, #4	;(R5=0x00000038 )
(    libInnoSecure.so[0xCBBCB000])[40 2D       ]0x0000407C:	CMP	R5, #0X40	;(R5=0x0000003C )
(    libInnoSecure.so[0xCBBCB000])[FA D1       ]0x0000407E:	BNE	#0XCBBCF076
(    libInnoSecure.so[0xCBBCB000])[4E 59       ]0x00004076:	LDR	R6, [R1, R5]	;(R1=0x100FFF08 R5=0x0000003C )
(    libInnoSecure.so[0xCBBCB000])[66 51       ]0x00004078:	STR	R6, [R4, R5]	;(R6=0x00806230 R4=0x100FFD60 R5=0x0000003C )
(    libInnoSecure.so[0xCBBCB000])[04 35       ]0x0000407A:	ADDS	R5, #4	;(R5=0x0000003C )
(    libInnoSecure.so[0xCBBCB000])[40 2D       ]0x0000407C:	CMP	R5, #0X40	;(R5=0x00000040 )
(    libInnoSecure.so[0xCBBCB000])[FA D1       ]0x0000407E:	BNE	#0XCBBCF076
(    libInnoSecure.so[0xCBBCB000])[0E EA 02 01 ]0x00004080:	AND.W	R1, LR, R2	;(LR=0xDA858E2D R2=0x58AEAB17 )
(    libInnoSecure.so[0xCBBCB000])[20 EA 02 06 ]0x00004084:	BIC.W	R6, R0, R2	;(R0=0x9EB48937 R2=0x58AEAB17 )
(    libInnoSecure.so[0xCBBCB000])[31 43       ]0x00004088:	ORRS	R1, R6	;(R1=0x58848A05 R6=0x86100020 )
(    libInnoSecure.so[0xCBBCB000])[12 9D       ]0x0000408A:	LDR	R5, [SP, #0X48]	;(SP=0x100FFD18 )
(    libInnoSecure.so[0xCBBCB000])[61 44       ]0x0000408C:	ADD	R1, IP	;(R1=0xDE948A25 IP=0x47CE91C5 )
(    libInnoSecure.so[0xCBBCB000])[4A F2 78 46 ]0x0000408E:	MOVW	R6, #0XA478
(    libInnoSecure.so[0xCBBCB000])[29 44       ]0x00004092:	ADD	R1, R5	;(R1=0x26631BEA R5=0x64396432 )
(    libInnoSecure.so[0xCBBCB000])[CD F2 6A 76 ]0x00004094:	MOVT	R6, #0XD76A	;(R6=0x0000A478 )
(    libInnoSecure.so[0xCBBCB000])[31 44       ]0x00004098:	ADD	R1, R6	;(R1=0x8A9C801C R6=0xD76AA478 )
(    libInnoSecure.so[0xCBBCB000])[13 9B       ]0x0000409A:	LDR	R3, [SP, #0X4C]	;(SP=0x100FFD18 )
(    libInnoSecure.so[0xCBBCB000])[0E 95       ]0x0000409C:	STR	R5, [SP, #0X38]	;(R5=0x64396432 SP=0x100FFD18 )
(    libInnoSecure.so[0xCBBCB000])[02 EB 71 66 ]0x0000409E:	ADD.W	R6, R2, R1, ROR #25	;(R2=0x58AEAB17 R1=0x62072494 )
(    libInnoSecure.so[0xCBBCB000])[18 44       ]0x000040A2:	ADD	R0, R3	;(R0=0x9EB48937 R3=0x61366666 )
(    libInnoSecure.so[0xCBBCB000])[2E EA 06 01 ]0x000040A4:	BIC.W	R1, LR, R6	;(LR=0xDA858E2D R6=0x5C40F548 )
(    libInnoSecure.so[0xCBBCB000])[06 EA 02 05 ]0x000040A8:	AND.W	R5, R6, R2	;(R6=0x5C40F548 R2=0x58AEAB17 )
(    libInnoSecure.so[0xCBBCB000])[29 43       ]0x000040AC:	ORRS	R1, R5	;(R1=0x82850A25 R5=0x5800A100 )
(    libInnoSecure.so[0xCBBCB000])[14 9C       ]0x000040AE:	LDR	R4, [SP, #0X50]	;(SP=0x100FFD18 )
(    libInnoSecure.so[0xCBBCB000])[08 44       ]0x000040B0:	ADD	R0, R1	;(R0=0xFFEAEF9D R1=0xDA85AB25 )
(    libInnoSecure.so[0xCBBCB000])[4B F2 56 71 ]0x000040B2:	MOVW	R1, #0XB756
(    libInnoSecure.so[0xCBBCB000])[CE F6 C7 01 ]0x000040B6:	MOVT	R1, #0XE8C7	;(R1=0x0000B756 )
(    libInnoSecure.so[0xCBBCB000])[08 44       ]0x000040BA:	ADD	R0, R1	;(R0=0xDA709AC2 R1=0xE8C7B756 )
(    libInnoSecure.so[0xCBBCB000])[DD F8 54 C0 ]0x000040BC:	LDR.W	IP, [SP, #0X54]	;(SP=0x100FFD18 )
(    libInnoSecure.so[0xCBBCB000])[06 EB 30 55 ]0x000040C0:	ADD.W	R5, R6, R0, ROR #20	;(R6=0x5C40F548 R0=0xC3385218 )
(    libInnoSecure.so[0xCBBCB000])[11 93       ]0x000040C4:	STR	R3, [SP, #0X44]	;(R3=0x61366666 SP=0x100FFD18 )
(    libInnoSecure.so[0xCBBCB000])[22 EA 05 00 ]0x000040C6:	BIC.W	R0, R2, R5	;(R2=0x58AEAB17 R5=0xE162817B )
(    libInnoSecure.so[0xCBBCB000])[05 EA 06 01 ]0x000040CA:	AND.W	R1, R5, R6	;(R5=0xE162817B R6=0x5C40F548 )
(    libInnoSecure.so[0xCBBCB000])[08 43       ]0x000040CE:	ORRS	R0, R1	;(R0=0x188C2A04 R1=0x40408148 )
(    libInnoSecure.so[0xCBBCB000])[0E EB 04 01 ]0x000040D0:	ADD.W	R1, LR, R4	;(LR=0xDA858E2D R4=0x34636430 )
(    libInnoSecure.so[0xCBBCB000])[08 44       ]0x000040D4:	ADD	R0, R1	;(R0=0x58CCAB4C R1=0x0EE8F25D )
(    libInnoSecure.so[0xCBBCB000])[47 F2 DB 01 ]0x000040D6:	MOVW	R1, #0X70DB
(    libInnoSecure.so[0xCBBCB000])[C2 F2 20 41 ]0x000040DA:	MOVT	R1, #0X2420	;(R1=0x000070DB )
(    libInnoSecure.so[0xCBBCB000])[08 44       ]0x000040DE:	ADD	R0, R1	;(R0=0x67B59DA9 R1=0x242070DB )
(    libInnoSecure.so[0xCBBCB000])[62 44       ]0x000040E0:	ADD	R2, IP	;(R2=0x58AEAB17 IP=0x32393337 )
(    libInnoSecure.so[0xCBBCB000])[CD F8 3C C0 ]0x000040E2:	STR.W	IP, [SP, #0X3C]	;(IP=0x32393337 SP=0x100FFD18 )
(    libInnoSecure.so[0xCBBCB000])[05 EB F0 30 ]0x000040E6:	ADD.W	R0, R5, R0, ROR #15	;(R5=0xE162817B R0=0x8BD60E84 )
(    libInnoSecure.so[0xCBBCB000])[DD F8 60 C0 ]0x000040EA:	LDR.W	IP, [SP, #0X60]	;(SP=0x100FFD18 )
(    libInnoSecure.so[0xCBBCB000])[26 EA 00 01 ]0x000040EE:	BIC.W	R1, R6, R0	;(R6=0x5C40F548 R0=0xFE6B9927 )
(    libInnoSecure.so[0xCBBCB000])[00 EA 05 03 ]0x000040F2:	AND.W	R3, R0, R5	;(R0=0xFE6B9927 R5=0xE162817B )
(    libInnoSecure.so[0xCBBCB000])[19 43       ]0x000040F6:	ORRS	R1, R3	;(R1=0x00006448 R3=0xE0628123 )
(    libInnoSecure.so[0xCBBCB000])[0C 94       ]0x000040F8:	STR	R4, [SP, #0X30]	;(R4=0x34636430 SP=0x100FFD18 )
(    libInnoSecure.so[0xCBBCB000])[11 44       ]0x000040FA:	ADD	R1, R2	;(R1=0xE062E56B R2=0x8AE7DE4E )
(    libInnoSecure.so[0xCBBCB000])[4C F6 EE 62 ]0x000040FC:	MOVW	R2, #0XCEEE
(    libInnoSecure.so[0xCBBCB000])[CC F2 BD 12 ]0x00004100:	MOVT	R2, #0XC1BD	;(R2=0x0000CEEE )
(    libInnoSecure.so[0xCBBCB000])[11 44       ]0x00004104:	ADD	R1, R2	;(R1=0x6B4AC3B9 R2=0xC1BDCEEE )
(    libInnoSecure.so[0xCBBCB000])[DD F8 74 90 ]0x00004106:	LDR.W	SB, [SP, #0X74]	;(SP=0x100FFD18 )
(    libInnoSecure.so[0xCBBCB000])[00 EB B1 21 ]0x0000410A:	ADD.W	R1, R0, R1, ROR #10	;(R0=0xFE6B9927 R1=0x2D0892A7 )
(    libInnoSecure.so[0xCBBCB000])[CD F8 18 C0 ]0x0000410E:	STR.W	IP, [SP, #0X18]	;(IP=0x35663632 SP=0x100FFD18 )
(    libInnoSecure.so[0xCBBCB000])[25 EA 01 02 ]0x00004112:	BIC.W	R2, R5, R1	;(R5=0xE162817B R1=0xA836DB4B )
(    libInnoSecure.so[0xCBBCB000])[01 EA 00 03 ]0x00004116:	AND.W	R3, R1, R0	;(R1=0xA836DB4B R0=0xFE6B9927 )
(    libInnoSecure.so[0xCBBCB000])[1A 43       ]0x0000411A:	ORRS	R2, R3	;(R2=0x41400030 R3=0xA8229903 )
(    libInnoSecure.so[0xCBBCB000])[16 9B       ]0x0000411C:	LDR	R3, [SP, #0X58]	;(SP=0x100FFD18 )
(    libInnoSecure.so[0xCBBCB000])[0B 93       ]0x0000411E:	STR	R3, [SP, #0X2C]	;(R3=0x33613034 SP=0x100FFD18 )
(    libInnoSecure.so[0xCBBCB000])[33 44       ]0x00004120:	ADD	R3, R6	;(R3=0x33613034 R6=0x5C40F548 )
(    libInnoSecure.so[0xCBBCB000])[1A 44       ]0x00004122:	ADD	R2, R3	;(R2=0xE9629933 R3=0x8FA2257C )
(    libInnoSecure.so[0xCBBCB000])[40 F6 AF 73 ]0x00004124:	MOVW	R3, #0XFAF
(    libInnoSecure.so[0xCBBCB000])[CF F2 7C 53 ]0x00004128:	MOVT	R3, #0XF57C	;(R3=0x00000FAF )
(    libInnoSecure.so[0xCBBCB000])[1A 44       ]0x0000412C:	ADD	R2, R3	;(R2=0x7904BEAF R3=0xF57C0FAF )
(    libInnoSecure.so[0xCBBCB000])[01 EB 72 62 ]0x0000412E:	ADD.W	R2, R1, R2, ROR #25	;(R1=0xA836DB4B R2=0x6E80CE5E )
(    libInnoSecure.so[0xCBBCB000])[20 EA 02 03 ]0x00004132:	BIC.W	R3, R0, R2	;(R0=0xFE6B9927 R2=0xE89E0A82 )
(    libInnoSecure.so[0xCBBCB000])[02 EA 01 06 ]0x00004136:	AND.W	R6, R2, R1	;(R2=0xE89E0A82 R1=0xA836DB4B )
(    libInnoSecure.so[0xCBBCB000])[33 43       ]0x0000413A:	ORRS	R3, R6	;(R3=0x16619125 R6=0xA8160A02 )
(    libInnoSecure.so[0xCBBCB000])[17 9E       ]0x0000413C:	LDR	R6, [SP, #0X5C]	;(SP=0x100FFD18 )
(    libInnoSecure.so[0xCBBCB000])[60 44       ]0x0000413E:	ADD	R0, IP	;(R0=0xFE6B9927 IP=0x35663632 )
(    libInnoSecure.so[0xCBBCB000])[09 96       ]0x00004140:	STR	R6, [SP, #0X24]	;(R6=0x36323462 SP=0x100FFD18 )
(    libInnoSecure.so[0xCBBCB000])[35 44       ]0x00004142:	ADD	R5, R6	;(R5=0xE162817B R6=0x36323462 )
(    libInnoSecure.so[0xCBBCB000])[1C 9E       ]0x00004144:	LDR	R6, [SP, #0X70]	;(SP=0x100FFD18 )
(    libInnoSecure.so[0xCBBCB000])[2B 44       ]0x00004146:	ADD	R3, R5	;(R3=0xBE779B27 R5=0x1794B5DD )
(    libInnoSecure.so[0xCBBCB000])[4C F2 2A 65 ]0x00004148:	MOVW	R5, #0XC62A
(    libInnoSecure.so[0xCBBCB000])[C4 F2 87 75 ]0x0000414C:	MOVT	R5, #0X4787	;(R5=0x0000C62A )
(    libInnoSecure.so[0xCBBCB000])[2B 44       ]0x00004150:	ADD	R3, R5	;(R3=0xD60C5104 R5=0x4787C62A )
(    libInnoSecure.so[0xCBBCB000])[B0 46       ]0x00004152:	MOV	R8, R6	;(R6=0x64656366 )
(    libInnoSecure.so[0xCBBCB000])[02 EB 33 53 ]0x00004154:	ADD.W	R3, R2, R3, ROR #20	;(R2=0xE89E0A82 R3=0x1D94172E )
(    libInnoSecure.so[0xCBBCB000])[CD F8 08 80 ]0x00004158:	STR.W	R8, [SP, #8]	;(R8=0x64656366 SP=0x100FFD18 )
(    libInnoSecure.so[0xCBBCB000])[21 EA 03 05 ]0x0000415C:	BIC.W	R5, R1, R3	;(R1=0xA836DB4B R3=0x2A10EC5B )
(    libInnoSecure.so[0xCBBCB000])[03 EA 02 04 ]0x00004160:	AND.W	R4, R3, R2	;(R3=0x2A10EC5B R2=0xE89E0A82 )
(    libInnoSecure.so[0xCBBCB000])[25 43       ]0x00004164:	ORRS	R5, R4	;(R5=0x80261300 R4=0x28100802 )
(    libInnoSecure.so[0xCBBCB000])[19 9C       ]0x00004166:	LDR	R4, [SP, #0X64]	;(SP=0x100FFD18 )
(    libInnoSecure.so[0xCBBCB000])[28 44       ]0x00004168:	ADD	R0, R5	;(R0=0x33D1CF59 R5=0xA8361B02 )
(    libInnoSecure.so[0xCBBCB000])[44 F2 13 65 ]0x0000416A:	MOVW	R5, #0X4613
(    libInnoSecure.so[0xCBBCB000])[CA F6 30 05 ]0x0000416E:	MOVT	R5, #0XA830	;(R5=0x00004613 )
(    libInnoSecure.so[0xCBBCB000])[28 44       ]0x00004172:	ADD	R0, R5	;(R0=0xDC07EA5B R5=0xA8304613 )
(    libInnoSecure.so[0xCBBCB000])[21 44       ]0x00004174:	ADD	R1, R4	;(R1=0xA836DB4B R4=0x65636665 )
(    libInnoSecure.so[0xCBBCB000])[04 94       ]0x00004176:	STR	R4, [SP, #0X10]	;(R4=0x65636665 SP=0x100FFD18 )
(    libInnoSecure.so[0xCBBCB000])[03 EB F0 3E ]0x00004178:	ADD.W	LR, R3, R0, ROR #15	;(R3=0x2A10EC5B R0=0x8438306E )
(    libInnoSecure.so[0xCBBCB000])[22 EA 0E 00 ]0x0000417C:	BIC.W	R0, R2, LR	;(R2=0xE89E0A82 LR=0x8AEDF4CB )
(    libInnoSecure.so[0xCBBCB000])[0E EA 03 05 ]0x00004180:	AND.W	R5, LR, R3	;(LR=0x8AEDF4CB R3=0x2A10EC5B )
(    libInnoSecure.so[0xCBBCB000])[28 43       ]0x00004184:	ORRS	R0, R5	;(R0=0x60120A00 R5=0x0A00E44B )
(    libInnoSecure.so[0xCBBCB000])[06 EB 0E 05 ]0x00004186:	ADD.W	R5, R6, LR	;(R6=0x64656366 LR=0x8AEDF4CB )
(    libInnoSecure.so[0xCBBCB000])[08 44       ]0x0000418A:	ADD	R0, R1	;(R0=0x6A12EE4B R1=0x0D9A41B0 )
(    libInnoSecure.so[0xCBBCB000])[49 F2 01 51 ]0x0000418C:	MOVW	R1, #0X9501
(    libInnoSecure.so[0xCBBCB000])[CF F6 46 51 ]0x00004190:	MOVT	R1, #0XFD46	;(R1=0x00009501 )
(    libInnoSecure.so[0xCBBCB000])[08 44       ]0x00004194:	ADD	R0, R1	;(R0=0x77AD2FFB R1=0xFD469501 )
(    libInnoSecure.so[0xCBBCB000])[0E EB B0 21 ]0x00004196:	ADD.W	R1, LR, R0, ROR #10	;(LR=0x8AEDF4CB R0=0x74F3C4FC )
(    libInnoSecure.so[0xCBBCB000])[23 EA 01 00 ]0x0000419A:	BIC.W	R0, R3, R1	;(R3=0x2A10EC5B R1=0xCA0B31BC )
(    libInnoSecure.so[0xCBBCB000])[01 EA 0E 04 ]0x0000419E:	AND.W	R4, R1, LR	;(R1=0xCA0B31BC LR=0x8AEDF4CB )
(    libInnoSecure.so[0xCBBCB000])[20 43       ]0x000041A2:	ORRS	R0, R4	;(R0=0x2010CC43 R4=0x8A093088 )
(    libInnoSecure.so[0xCBBCB000])[1A 9C       ]0x000041A4:	LDR	R4, [SP, #0X68]	;(SP=0x100FFD18 )
(    libInnoSecure.so[0xCBBCB000])[0A 94       ]0x000041A6:	STR	R4, [SP, #0X28]	;(R4=0x62376434 SP=0x100FFD18 )
(    libInnoSecure.so[0xCBBCB000])[22 44       ]0x000041A8:	ADD	R2, R4	;(R2=0xE89E0A82 R4=0x62376434 )
(    libInnoSecure.so[0xCBBCB000])[10 44       ]0x000041AA:	ADD	R0, R2	;(R0=0xAA19FCCB R2=0x4AD56EB6 )
(    libInnoSecure.so[0xCBBCB000])[49 F6 D8 02 ]0x000041AC:	MOVW	R2, #0X98D8
(    libInnoSecure.so[0xCBBCB000])[C6 F6 80 12 ]0x000041B0:	MOVT	R2, #0X6980	;(R2=0x000098D8 )
(    libInnoSecure.so[0xCBBCB000])[10 44       ]0x000041B4:	ADD	R0, R2	;(R0=0xF4EF6B81 R2=0x698098D8 )
(    libInnoSecure.so[0xCBBCB000])[01 EB 70 60 ]0x000041B6:	ADD.W	R0, R1, R0, ROR #25	;(R1=0xCA0B31BC R0=0x5E700459 )
(    libInnoSecure.so[0xCBBCB000])[2E EA 00 02 ]0x000041BA:	BIC.W	R2, LR, R0	;(LR=0x8AEDF4CB R0=0x020D5E6B )
(    libInnoSecure.so[0xCBBCB000])[00 EA 01 04 ]0x000041BE:	AND.W	R4, R0, R1	;(R0=0x020D5E6B R1=0xCA0B31BC )
(    libInnoSecure.so[0xCBBCB000])[22 43       ]0x000041C2:	ORRS	R2, R4	;(R2=0x88E0A080 R4=0x02091028 )
(    libInnoSecure.so[0xCBBCB000])[1B 9C       ]0x000041C4:	LDR	R4, [SP, #0X6C]	;(SP=0x100FFD18 )
(    libInnoSecure.so[0xCBBCB000])[10 94       ]0x000041C6:	STR	R4, [SP, #0X40]	;(R4=0x30616561 SP=0x100FFD18 )
(    libInnoSecure.so[0xCBBCB000])[23 44       ]0x000041C8:	ADD	R3, R4	;(R3=0x2A10EC5B R4=0x30616561 )
(    libInnoSecure.so[0xCBBCB000])[1A 44       ]0x000041CA:	ADD	R2, R3	;(R2=0x8AE9B0A8 R3=0x5A7251BC )
(    libInnoSecure.so[0xCBBCB000])[4F F2 AF 73 ]0x000041CC:	MOVW	R3, #0XF7AF
(    libInnoSecure.so[0xCBBCB000])[C8 F6 44 33 ]0x000041D0:	MOVT	R3, #0X8B44	;(R3=0x0000F7AF )
(    libInnoSecure.so[0xCBBCB000])[1A 44       ]0x000041D4:	ADD	R2, R3	;(R2=0xE55C0264 R3=0x8B44F7AF )
(    libInnoSecure.so[0xCBBCB000])[00 EB 32 53 ]0x000041D6:	ADD.W	R3, R0, R2, ROR #20	;(R0=0x020D5E6B R2=0x70A0FA13 )
(    libInnoSecure.so[0xCBBCB000])[21 EA 03 02 ]0x000041DA:	BIC.W	R2, R1, R3	;(R1=0xCA0B31BC R3=0x11AE9575 )
(    libInnoSecure.so[0xCBBCB000])[03 EA 00 04 ]0x000041DE:	AND.W	R4, R3, R0	;(R3=0x11AE9575 R0=0x020D5E6B )
(    libInnoSecure.so[0xCBBCB000])[22 43       ]0x000041E2:	ORRS	R2, R4	;(R2=0xCA012088 R4=0x000C1461 )
(    libInnoSecure.so[0xCBBCB000])[49 44       ]0x000041E4:	ADD	R1, SB	;(R1=0xCA0B31BC SB=0x33316232 )
(    libInnoSecure.so[0xCBBCB000])[2A 44       ]0x000041E6:	ADD	R2, R5	;(R2=0xCA0D34E9 R5=0xEF535831 )
(    libInnoSecure.so[0xCBBCB000])[4A F2 4F 45 ]0x000041E8:	MOVW	R5, #0XA44F
(    libInnoSecure.so[0xCBBCB000])[52 1B       ]0x000041EC:	SUBS	R2, R2, R5	;(R2=0xB9608D1A R5=0x0000A44F )
(    libInnoSecure.so[0xCBBCB000])[03 EB F2 3E ]0x000041EE:	ADD.W	LR, R3, R2, ROR #15	;(R3=0x11AE9575 R2=0xB95FE8CB )
(    libInnoSecure.so[0xCBBCB000])[20 EA 0E 02 ]0x000041F2:	BIC.W	R2, R0, LR	;(R0=0x020D5E6B LR=0xE3460834 )
(    libInnoSecure.so[0xCBBCB000])[0E EA 03 05 ]0x000041F6:	AND.W	R5, LR, R3	;(LR=0xE3460834 R3=0x11AE9575 )
(    libInnoSecure.so[0xCBBCB000])[2A 43       ]0x000041FA:	ORRS	R2, R5	;(R2=0x0009564B R5=0x01060034 )
(    libInnoSecure.so[0xCBBCB000])[11 44       ]0x000041FC:	ADD	R1, R2	;(R1=0xFD3C93EE R2=0x010F567F )
(    libInnoSecure.so[0xCBBCB000])[4D F2 BE 72 ]0x000041FE:	MOVW	R2, #0XD7BE
(    libInnoSecure.so[0xCBBCB000])[C8 F6 5C 12 ]0x00004202:	MOVT	R2, #0X895C	;(R2=0x0000D7BE )
(    libInnoSecure.so[0xCBBCB000])[11 44       ]0x00004206:	ADD	R1, R2	;(R1=0xFE4BEA6D R2=0x895CD7BE )
(    libInnoSecure.so[0xCBBCB000])[0E EB B1 21 ]0x00004208:	ADD.W	R1, LR, R1, ROR #10	;(LR=0xE3460834 R1=0x87A8C22B )
(    libInnoSecure.so[0xCBBCB000])[23 EA 01 02 ]0x0000420C:	BIC.W	R2, R3, R1	;(R3=0x11AE9575 R1=0x6E27F264 )
(    libInnoSecure.so[0xCBBCB000])[01 EA 0E 05 ]0x00004210:	AND.W	R5, R1, LR	;(R1=0x6E27F264 LR=0xE3460834 )
(    libInnoSecure.so[0xCBBCB000])[15 43       ]0x00004214:	ORRS	R5, R2	;(R5=0x62060024 R2=0x11880511 )
(    libInnoSecure.so[0xCBBCB000])[1E 9A       ]0x00004216:	LDR	R2, [SP, #0X78]	;(SP=0x100FFD18 )
(    libInnoSecure.so[0xCBBCB000])[0D 92       ]0x00004218:	STR	R2, [SP, #0X34]	;(R2=0x63313633 SP=0x100FFD18 )
(    libInnoSecure.so[0xCBBCB000])[10 44       ]0x0000421A:	ADD	R0, R2	;(R0=0x020D5E6B R2=0x63313633 )
(    libInnoSecure.so[0xCBBCB000])[1F 9A       ]0x0000421C:	LDR	R2, [SP, #0X7C]	;(SP=0x100FFD18 )
(    libInnoSecure.so[0xCBBCB000])[28 44       ]0x0000421E:	ADD	R0, R5	;(R0=0x653E949E R5=0x738E0535 )
(    libInnoSecure.so[0xCBBCB000])[41 F2 22 15 ]0x00004220:	MOVW	R5, #0X1122
(    libInnoSecure.so[0xCBBCB000])[C6 F6 90 35 ]0x00004224:	MOVT	R5, #0X6B90	;(R5=0x00001122 )
(    libInnoSecure.so[0xCBBCB000])[28 44       ]0x00004228:	ADD	R0, R5	;(R0=0xD8CC99D3 R5=0x6B901122 )
(    libInnoSecure.so[0xCBBCB000])[13 44       ]0x0000422A:	ADD	R3, R2	;(R3=0x11AE9575 R2=0x65643462 )
(    libInnoSecure.so[0xCBBCB000])[08 92       ]0x0000422C:	STR	R2, [SP, #0X20]	;(R2=0x65643462 SP=0x100FFD18 )
(    libInnoSecure.so[0xCBBCB000])[01 EB 70 60 ]0x0000422E:	ADD.W	R0, R1, R0, ROR #25	;(R1=0x6E27F264 R0=0x445CAAF5 )
(    libInnoSecure.so[0xCBBCB000])[20 9A       ]0x00004232:	LDR	R2, [SP, #0X80]	;(SP=0x100FFD18 )
(    libInnoSecure.so[0xCBBCB000])[2E EA 00 05 ]0x00004234:	BIC.W	R5, LR, R0	;(LR=0xE3460834 R0=0x9C7D6D06 )
(    libInnoSecure.so[0xCBBCB000])[00 EA 01 06 ]0x00004238:	AND.W	R6, R0, R1	;(R0=0x9C7D6D06 R1=0x6E27F264 )
(    libInnoSecure.so[0xCBBCB000])[2E 43       ]0x0000423C:	ORRS	R6, R5	;(R6=0x0C256004 R5=0x63020030 )
(    libInnoSecure.so[0xCBBCB000])[02 EB 0E 05 ]0x0000423E:	ADD.W	R5, R2, LR	;(R2=0x64653864 LR=0xE3460834 )
(    libInnoSecure.so[0xCBBCB000])[33 44       ]0x00004242:	ADD	R3, R6	;(R3=0x7712C9D7 R6=0x6F276034 )
(    libInnoSecure.so[0xCBBCB000])[47 F2 93 16 ]0x00004244:	MOVW	R6, #0X7193
(    libInnoSecure.so[0xCBBCB000])[CF F6 98 56 ]0x00004248:	MOVT	R6, #0XFD98	;(R6=0x00007193 )
(    libInnoSecure.so[0xCBBCB000])[33 44       ]0x0000424C:	ADD	R3, R6	;(R3=0xE63A2A0B R6=0xFD987193 )
(    libInnoSecure.so[0xCBBCB000])[96 46       ]0x0000424E:	MOV	LR, R2	;(R2=0x64653864 )
(    libInnoSecure.so[0xCBBCB000])[21 9A       ]0x00004250:	LDR	R2, [SP, #0X84]	;(SP=0x100FFD18 )
(    libInnoSecure.so[0xCBBCB000])[00 EB 33 5A ]0x00004252:	ADD.W	SL, R0, R3, ROR #20	;(R0=0x9C7D6D06 R3=0xE3D29B9E )
(    libInnoSecure.so[0xCBBCB000])[21 EA 0A 03 ]0x00004256:	BIC.W	R3, R1, SL	;(R1=0x6E27F264 SL=0xC6375B43 )
(    libInnoSecure.so[0xCBBCB000])[0A EA 00 06 ]0x0000425A:	AND.W	R6, SL, R0	;(SL=0xC6375B43 R0=0x9C7D6D06 )
(    libInnoSecure.so[0xCBBCB000])[1E 43       ]0x0000425E:	ORRS	R6, R3	;(R6=0x84354902 R3=0x2800A024 )
(    libInnoSecure.so[0xCBBCB000])[11 44       ]0x00004260:	ADD	R1, R2	;(R1=0x6E27F264 R2=0x00806230 )
(    libInnoSecure.so[0xCBBCB000])[2E 44       ]0x00004262:	ADD	R6, R5	;(R6=0xAC35E926 R5=0x47AB4098 )
(    libInnoSecure.so[0xCBBCB000])[44 F2 8E 35 ]0x00004264:	MOVW	R5, #0X438E
(    libInnoSecure.so[0xCBBCB000])[CA F2 79 65 ]0x00004268:	MOVT	R5, #0XA679	;(R5=0x0000438E )
(    libInnoSecure.so[0xCBBCB000])[2E 44       ]0x0000426C:	ADD	R6, R5	;(R6=0xF3E129BE R5=0xA679438E )
(    libInnoSecure.so[0xCBBCB000])[13 46       ]0x0000426E:	MOV	R3, R2	;(R2=0x00806230 )
(    libInnoSecure.so[0xCBBCB000])[11 9A       ]0x00004270:	LDR	R2, [SP, #0X44]	;(SP=0x100FFD18 )
(    libInnoSecure.so[0xCBBCB000])[0A EB F6 3B ]0x00004272:	ADD.W	FP, SL, R6, ROR #15	;(SL=0xC6375B43 R6=0x9A5A6D4C )
(    libInnoSecure.so[0xCBBCB000])[03 93       ]0x00004276:	STR	R3, [SP, #0XC]	;(R3=0x00806230 SP=0x100FFD18 )
(    libInnoSecure.so[0xCBBCB000])[20 EA 0B 06 ]0x00004278:	BIC.W	R6, R0, FP	;(R0=0x9C7D6D06 FP=0xA0D08FF7 )
(    libInnoSecure.so[0xCBBCB000])[0B EA 0A 05 ]0x0000427C:	AND.W	R5, FP, SL	;(FP=0xA0D08FF7 SL=0xC6375B43 )
(    libInnoSecure.so[0xCBBCB000])[35 43       ]0x00004280:	ORRS	R5, R6	;(R5=0x80100B43 R6=0x1C2D6000 )
(    libInnoSecure.so[0xCBBCB000])[2B EA 0A 06 ]0x00004282:	BIC.W	R6, FP, SL	;(FP=0xA0D08FF7 SL=0xC6375B43 )
(    libInnoSecure.so[0xCBBCB000])[29 44       ]0x00004286:	ADD	R1, R5	;(R1=0x6EA85494 R5=0x9C3D6B43 )
(    libInnoSecure.so[0xCBBCB000])[40 F6 21 05 ]0x00004288:	MOVW	R5, #0X821
(    libInnoSecure.so[0xCBBCB000])[C4 F6 B4 15 ]0x0000428C:	MOVT	R5, #0X49B4	;(R5=0x00000821 )
(    libInnoSecure.so[0xCBBCB000])[29 44       ]0x00004290:	ADD	R1, R5	;(R1=0x0AE5BFD7 R5=0x49B40821 )
(    libInnoSecure.so[0xCBBCB000])[10 44       ]0x00004292:	ADD	R0, R2	;(R0=0x9C7D6D06 R2=0x61366666 )
(    libInnoSecure.so[0xCBBCB000])[0B EB B1 21 ]0x00004294:	ADD.W	R1, FP, R1, ROR #10	;(FP=0xA0D08FF7 R1=0x5499C7F8 )
(    libInnoSecure.so[0xCBBCB000])[01 EA 0A 05 ]0x00004298:	AND.W	R5, R1, SL	;(R1=0x9EE5B668 SL=0xC6375B43 )
(    libInnoSecure.so[0xCBBCB000])[35 43       ]0x0000429C:	ORRS	R5, R6	;(R5=0x86251240 R6=0x20C084B4 )
(    libInnoSecure.so[0xCBBCB000])[21 EA 0B 06 ]0x0000429E:	BIC.W	R6, R1, FP	;(R1=0x9EE5B668 FP=0xA0D08FF7 )
(    libInnoSecure.so[0xCBBCB000])[28 44       ]0x000042A2:	ADD	R0, R5	;(R0=0xFDB3D36C R5=0xA6E596F4 )
(    libInnoSecure.so[0xCBBCB000])[42 F2 62 55 ]0x000042A4:	MOVW	R5, #0X2562
(    libInnoSecure.so[0xCBBCB000])[CF F2 1E 65 ]0x000042A8:	MOVT	R5, #0XF61E	;(R5=0x00002562 )
(    libInnoSecure.so[0xCBBCB000])[28 44       ]0x000042AC:	ADD	R0, R5	;(R0=0xA4996A60 R5=0xF61E2562 )
(    libInnoSecure.so[0xCBBCB000])[01 EB F0 60 ]0x000042AE:	ADD.W	R0, R1, R0, ROR #27	;(R1=0x9EE5B668 R0=0x9AB78FC2 )
(    libInnoSecure.so[0xCBBCB000])[00 EA 0B 05 ]0x000042B2:	AND.W	R5, R0, FP	;(R0=0xF5D7AEBB FP=0xA0D08FF7 )
(    libInnoSecure.so[0xCBBCB000])[20 EA 01 04 ]0x000042B6:	BIC.W	R4, R0, R1	;(R0=0xF5D7AEBB R1=0x9EE5B668 )
(    libInnoSecure.so[0xCBBCB000])[35 43       ]0x000042BA:	ORRS	R5, R6	;(R5=0xA0D08EB3 R6=0x1E253008 )
(    libInnoSecure.so[0xCBBCB000])[0C EB 0A 06 ]0x000042BC:	ADD.W	R6, IP, SL	;(IP=0x35663632 SL=0xC6375B43 )
(    libInnoSecure.so[0xCBBCB000])[35 44       ]0x000042C0:	ADD	R5, R6	;(R5=0xBEF5BEBB R6=0xFB9D9175 )
(    libInnoSecure.so[0xCBBCB000])[4B F2 40 36 ]0x000042C2:	MOVW	R6, #0XB340
(    libInnoSecure.so[0xCBBCB000])[CC F2 40 06 ]0x000042C6:	MOVT	R6, #0XC040	;(R6=0x0000B340 )
(    libInnoSecure.so[0xCBBCB000])[35 44       ]0x000042CA:	ADD	R5, R6	;(R5=0xBA935030 R6=0xC040B340 )
(    libInnoSecure.so[0xCBBCB000])[CA 46       ]0x000042CC:	MOV	SL, SB	;(SB=0x33316232 )
(    libInnoSecure.so[0xCBBCB000])[DD F8 24 90 ]0x000042CE:	LDR.W	SB, [SP, #0X24]	;(SP=0x100FFD18 )
(    libInnoSecure.so[0xCBBCB000])[00 EB F5 55 ]0x000042D2:	ADD.W	R5, R0, R5, ROR #23	;(R0=0xF5D7AEBB R5=0x7AD40370 )
(    libInnoSecure.so[0xCBBCB000])[F4 46       ]0x000042D6:	MOV	IP, LR	;(LR=0x64653864 )
(    libInnoSecure.so[0xCBBCB000])[05 EA 01 06 ]0x000042D8:	AND.W	R6, R5, R1	;(R5=0x9DDE8FB0 R1=0x9EE5B668 )
(    libInnoSecure.so[0xCBBCB000])[25 EA 00 02 ]0x000042DC:	BIC.W	R2, R5, R0	;(R5=0x9DDE8FB0 R0=0xF5D7AEBB )
(    libInnoSecure.so[0xCBBCB000])[34 43       ]0x000042E0:	ORRS	R4, R6	;(R4=0x61120893 R6=0x9CC48620 )
(    libInnoSecure.so[0xCBBCB000])[0A EB 0B 06 ]0x000042E2:	ADD.W	R6, SL, FP	;(SL=0x33316232 FP=0xA0D08FF7 )
(    libInnoSecure.so[0xCBBCB000])[34 44       ]0x000042E6:	ADD	R4, R6	;(R4=0xFDD68EB3 R6=0xD401F229 )
(    libInnoSecure.so[0xCBBCB000])[45 F6 51 26 ]0x000042E8:	MOVW	R6, #0X5A51
(    libInnoSecure.so[0xCBBCB000])[C2 F2 5E 66 ]0x000042EC:	MOVT	R6, #0X265E	;(R6=0x00005A51 )
(    libInnoSecure.so[0xCBBCB000])[34 44       ]0x000042F0:	ADD	R4, R6	;(R4=0xD1D880DC R6=0x265E5A51 )
(    libInnoSecure.so[0xCBBCB000])[DD F8 2C B0 ]0x000042F2:	LDR.W	FP, [SP, #0X2C]	;(SP=0x100FFD18 )
(    libInnoSecure.so[0xCBBCB000])[05 EB B4 44 ]0x000042F6:	ADD.W	R4, R5, R4, ROR #18	;(R5=0x9DDE8FB0 R4=0xF836DB2D )
(    libInnoSecure.so[0xCBBCB000])[DD F8 10 E0 ]0x000042FA:	LDR.W	LR, [SP, #0X10]	;(SP=0x100FFD18 )
(    libInnoSecure.so[0xCBBCB000])[04 EA 00 06 ]0x000042FE:	AND.W	R6, R4, R0	;(R4=0x54AA0DBD R0=0xF5D7AEBB )
(    libInnoSecure.so[0xCBBCB000])[48 44       ]0x00004302:	ADD	R0, SB	;(R0=0xF5D7AEBB SB=0x36323462 )
(    libInnoSecure.so[0xCBBCB000])[32 43       ]0x00004304:	ORRS	R2, R6	;(R2=0x08080100 R6=0x54820CB9 )
(    libInnoSecure.so[0xCBBCB000])[0E 9E       ]0x00004306:	LDR	R6, [SP, #0X38]	;(SP=0x100FFD18 )
(    libInnoSecure.so[0xCBBCB000])[CD F8 04 C0 ]0x00004308:	STR.W	IP, [SP, #4]	;(IP=0x64653864 SP=0x100FFD18 )
(    libInnoSecure.so[0xCBBCB000])[31 44       ]0x0000430C:	ADD	R1, R6	;(R1=0x9EE5B668 R6=0x64396432 )
(    libInnoSecure.so[0xCBBCB000])[24 EA 05 06 ]0x0000430E:	BIC.W	R6, R4, R5	;(R4=0x54AA0DBD R5=0x9DDE8FB0 )
(    libInnoSecure.so[0xCBBCB000])[11 44       ]0x00004312:	ADD	R1, R2	;(R1=0x031F1A9A R2=0x5C8A0DB9 )
(    libInnoSecure.so[0xCBBCB000])[4C F2 AA 72 ]0x00004314:	MOVW	R2, #0XC7AA
(    libInnoSecure.so[0xCBBCB000])[CE F6 B6 12 ]0x00004318:	MOVT	R2, #0XE9B6	;(R2=0x0000C7AA )
(    libInnoSecure.so[0xCBBCB000])[11 44       ]0x0000431C:	ADD	R1, R2	;(R1=0x5FA92853 R2=0xE9B6C7AA )
(    libInnoSecure.so[0xCBBCB000])[CD F8 14 A0 ]0x0000431E:	STR.W	SL, [SP, #0X14]	;(SL=0x33316232 SP=0x100FFD18 )
(    libInnoSecure.so[0xCBBCB000])[04 EB 31 31 ]0x00004322:	ADD.W	R1, R4, R1, ROR #12	;(R4=0x54AA0DBD R1=0x495FEFFD )
(    libInnoSecure.so[0xCBBCB000])[01 EA 05 02 ]0x00004326:	AND.W	R2, R1, R5	;(R1=0x547EA3BB R5=0x9DDE8FB0 )
(    libInnoSecure.so[0xCBBCB000])[45 44       ]0x0000432A:	ADD	R5, R8	;(R5=0x9DDE8FB0 R8=0x64656366 )
(    libInnoSecure.so[0xCBBCB000])[32 43       ]0x0000432C:	ORRS	R2, R6	;(R2=0x145E83B0 R6=0x4020000D )
(    libInnoSecure.so[0xCBBCB000])[21 EA 04 06 ]0x0000432E:	BIC.W	R6, R1, R4	;(R1=0x547EA3BB R4=0x54AA0DBD )
(    libInnoSecure.so[0xCBBCB000])[10 44       ]0x00004332:	ADD	R0, R2	;(R0=0x2C09E31D R2=0x547E83BD )
(    libInnoSecure.so[0xCBBCB000])[41 F2 5D 02 ]0x00004334:	MOVW	R2, #0X105D
(    libInnoSecure.so[0xCBBCB000])[CD F2 2F 62 ]0x00004338:	MOVT	R2, #0XD62F	;(R2=0x0000105D )
(    libInnoSecure.so[0xCBBCB000])[10 44       ]0x0000433C:	ADD	R0, R2	;(R0=0x808866DA R2=0xD62F105D )
(    libInnoSecure.so[0xCBBCB000])[DD F8 20 80 ]0x0000433E:	LDR.W	R8, [SP, #0X20]	;(SP=0x100FFD18 )
(    libInnoSecure.so[0xCBBCB000])[01 EB F0 60 ]0x00004342:	ADD.W	R0, R1, R0, ROR #27	;(R1=0x547EA3BB R0=0x56B77737 )
(    libInnoSecure.so[0xCBBCB000])[00 EA 04 02 ]0x00004346:	AND.W	R2, R0, R4	;(R0=0x2B6D8AA5 R4=0x54AA0DBD )
(    libInnoSecure.so[0xCBBCB000])[1C 44       ]0x0000434A:	ADD	R4, R3	;(R4=0x54AA0DBD R3=0x00806230 )
(    libInnoSecure.so[0xCBBCB000])[32 43       ]0x0000434C:	ORRS	R2, R6	;(R2=0x002808A5 R6=0x0054A202 )
(    libInnoSecure.so[0xCBBCB000])[20 EA 01 06 ]0x0000434E:	BIC.W	R6, R0, R1	;(R0=0x2B6D8AA5 R1=0x547EA3BB )
(    libInnoSecure.so[0xCBBCB000])[2A 44       ]0x00004352:	ADD	R2, R5	;(R2=0x007CAAA7 R5=0x0243F316 )
(    libInnoSecure.so[0xCBBCB000])[41 F2 53 45 ]0x00004354:	MOVW	R5, #0X1453
(    libInnoSecure.so[0xCBBCB000])[C0 F2 44 25 ]0x00004358:	MOVT	R5, #0X244	;(R5=0x00001453 )
(    libInnoSecure.so[0xCBBCB000])[2A 44       ]0x0000435C:	ADD	R2, R5	;(R2=0x02C09DBD R5=0x02441453 )
(    libInnoSecure.so[0xCBBCB000])[10 9B       ]0x0000435E:	LDR	R3, [SP, #0X40]	;(SP=0x100FFD18 )
(    libInnoSecure.so[0xCBBCB000])[00 EB F2 52 ]0x00004360:	ADD.W	R2, R0, R2, ROR #23	;(R0=0x2B6D8AA5 R2=0x0504B210 )
(    libInnoSecure.so[0xCBBCB000])[02 EA 01 05 ]0x00004364:	AND.W	R5, R2, R1	;(R2=0x34D1AAAF R1=0x547EA3BB )
(    libInnoSecure.so[0xCBBCB000])[59 44       ]0x00004368:	ADD	R1, FP	;(R1=0x547EA3BB FP=0x33613034 )
(    libInnoSecure.so[0xCBBCB000])[35 43       ]0x0000436A:	ORRS	R5, R6	;(R5=0x1450A2AB R6=0x2B010804 )
(    libInnoSecure.so[0xCBBCB000])[22 EA 00 06 ]0x0000436C:	BIC.W	R6, R2, R0	;(R2=0x34D1AAAF R0=0x2B6D8AA5 )
(    libInnoSecure.so[0xCBBCB000])[2C 44       ]0x00004370:	ADD	R4, R5	;(R4=0x552A6FED R5=0x3F51AAAF )
(    libInnoSecure.so[0xCBBCB000])[4E F2 81 65 ]0x00004372:	MOVW	R5, #0XE681
(    libInnoSecure.so[0xCBBCB000])[CD F6 A1 05 ]0x00004376:	MOVT	R5, #0XD8A1	;(R5=0x0000E681 )
(    libInnoSecure.so[0xCBBCB000])[2C 44       ]0x0000437A:	ADD	R4, R5	;(R4=0x947C1A9C R5=0xD8A1E681 )
(    libInnoSecure.so[0xCBBCB000])[02 EB B4 44 ]0x0000437C:	ADD.W	R4, R2, R4, ROR #18	;(R2=0x34D1AAAF R4=0x6D1E011D )
(    libInnoSecure.so[0xCBBCB000])[04 EA 00 05 ]0x00004380:	AND.W	R5, R4, R0	;(R4=0xB51905F6 R0=0x2B6D8AA5 )
(    libInnoSecure.so[0xCBBCB000])[18 44       ]0x00004384:	ADD	R0, R3	;(R0=0x2B6D8AA5 R3=0x30616561 )
(    libInnoSecure.so[0xCBBCB000])[35 43       ]0x00004386:	ORRS	R5, R6	;(R5=0x210900A4 R6=0x1490200A )
(    libInnoSecure.so[0xCBBCB000])[24 EA 02 06 ]0x00004388:	BIC.W	R6, R4, R2	;(R4=0xB51905F6 R2=0x34D1AAAF )
(    libInnoSecure.so[0xCBBCB000])[29 44       ]0x0000438C:	ADD	R1, R5	;(R1=0x87DFD3EF R5=0x359920AE )
(    libInnoSecure.so[0xCBBCB000])[4F F6 C8 35 ]0x0000438E:	MOVW	R5, #0XFBC8
(    libInnoSecure.so[0xCBBCB000])[CE F2 D3 75 ]0x00004392:	MOVT	R5, #0XE7D3	;(R5=0x0000FBC8 )
(    libInnoSecure.so[0xCBBCB000])[29 44       ]0x00004396:	ADD	R1, R5	;(R1=0xBD78F49D R5=0xE7D3FBC8 )
(    libInnoSecure.so[0xCBBCB000])[0F 9B       ]0x00004398:	LDR	R3, [SP, #0X3C]	;(SP=0x100FFD18 )
(    libInnoSecure.so[0xCBBCB000])[04 EB 31 31 ]0x0000439A:	ADD.W	R1, R4, R1, ROR #12	;(R4=0xB51905F6 R1=0xA54CF065 )
(    libInnoSecure.so[0xCBBCB000])[01 EA 02 05 ]0x0000439E:	AND.W	R5, R1, R2	;(R1=0xBB735AC5 R2=0x34D1AAAF )
(    libInnoSecure.so[0xCBBCB000])[62 44       ]0x000043A2:	ADD	R2, IP	;(R2=0x34D1AAAF IP=0x64653864 )
(    libInnoSecure.so[0xCBBCB000])[35 43       ]0x000043A4:	ORRS	R5, R6	;(R5=0x30510A85 R6=0x81080550 )
(    libInnoSecure.so[0xCBBCB000])[21 EA 04 06 ]0x000043A6:	BIC.W	R6, R1, R4	;(R1=0xBB735AC5 R4=0xB51905F6 )
(    libInnoSecure.so[0xCBBCB000])[28 44       ]0x000043AA:	ADD	R0, R5	;(R0=0x5BCEF006 R5=0xB1590FD5 )
(    libInnoSecure.so[0xCBBCB000])[4C F6 E6 55 ]0x000043AC:	MOVW	R5, #0XCDE6
(    libInnoSecure.so[0xCBBCB000])[C2 F2 E1 15 ]0x000043B0:	MOVT	R5, #0X21E1	;(R5=0x0000CDE6 )
(    libInnoSecure.so[0xCBBCB000])[28 44       ]0x000043B4:	ADD	R0, R5	;(R0=0x0D27FFDB R5=0x21E1CDE6 )
(    libInnoSecure.so[0xCBBCB000])[01 EB F0 60 ]0x000043B6:	ADD.W	R0, R1, R0, ROR #27	;(R1=0xBB735AC5 R0=0x2F09CDC1 )
(    libInnoSecure.so[0xCBBCB000])[00 EA 04 05 ]0x000043BA:	AND.W	R5, R0, R4	;(R0=0x9CAD12EA R4=0xB51905F6 )
(    libInnoSecure.so[0xCBBCB000])[1C 44       ]0x000043BE:	ADD	R4, R3	;(R4=0xB51905F6 R3=0x32393337 )
(    libInnoSecure.so[0xCBBCB000])[35 43       ]0x000043C0:	ORRS	R5, R6	;(R5=0x940900E2 R6=0x0A625A01 )
(    libInnoSecure.so[0xCBBCB000])[20 EA 01 06 ]0x000043C2:	BIC.W	R6, R0, R1	;(R0=0x9CAD12EA R1=0xBB735AC5 )
(    libInnoSecure.so[0xCBBCB000])[2A 44       ]0x000043C6:	ADD	R2, R5	;(R2=0x9936E313 R5=0x9E6B5AE3 )
(    libInnoSecure.so[0xCBBCB000])[40 F2 D6 75 ]0x000043C8:	MOVW	R5, #0X7D6
(    libInnoSecure.so[0xCBBCB000])[CC F2 37 35 ]0x000043CC:	MOVT	R5, #0XC337	;(R5=0x000007D6 )
(    libInnoSecure.so[0xCBBCB000])[2A 44       ]0x000043D0:	ADD	R2, R5	;(R2=0x37A23DF6 R5=0xC33707D6 )
(    libInnoSecure.so[0xCBBCB000])[0A 9B       ]0x000043D2:	LDR	R3, [SP, #0X28]	;(SP=0x100FFD18 )
(    libInnoSecure.so[0xCBBCB000])[00 EB F2 52 ]0x000043D4:	ADD.W	R2, R0, R2, ROR #23	;(R0=0x9CAD12EA R2=0xFAD945CC )
(    libInnoSecure.so[0xCBBCB000])[02 EA 01 05 ]0x000043D8:	AND.W	R5, R2, R1	;(R2=0x4F38ACDF R1=0xBB735AC5 )
(    libInnoSecure.so[0xCBBCB000])[19 44       ]0x000043DC:	ADD	R1, R3	;(R1=0xBB735AC5 R3=0x62376434 )
(    libInnoSecure.so[0xCBBCB000])[35 43       ]0x000043DE:	ORRS	R5, R6	;(R5=0x0B3008C5 R6=0x048C002A )
(    libInnoSecure.so[0xCBBCB000])[22 EA 00 06 ]0x000043E0:	BIC.W	R6, R2, R0	;(R2=0x4F38ACDF R0=0x9CAD12EA )
(    libInnoSecure.so[0xCBBCB000])[2C 44       ]0x000043E4:	ADD	R4, R5	;(R4=0xE752392D R5=0x0FBC08EF )
(    libInnoSecure.so[0xCBBCB000])[40 F6 87 55 ]0x000043E6:	MOVW	R5, #0XD87
(    libInnoSecure.so[0xCBBCB000])[CF F2 D5 45 ]0x000043EA:	MOVT	R5, #0XF4D5	;(R5=0x00000D87 )
(    libInnoSecure.so[0xCBBCB000])[2C 44       ]0x000043EE:	ADD	R4, R5	;(R4=0xF70E421C R5=0xF4D50D87 )
(    libInnoSecure.so[0xCBBCB000])[02 EB B4 44 ]0x000043F0:	ADD.W	R4, R2, R4, ROR #18	;(R2=0x4F38ACDF R4=0xEBE34FA3 )
(    libInnoSecure.so[0xCBBCB000])[04 EA 00 05 ]0x000043F4:	AND.W	R5, R4, R0	;(R4=0x2321A7D7 R0=0x9CAD12EA )
(    libInnoSecure.so[0xCBBCB000])[40 44       ]0x000043F8:	ADD	R0, R8	;(R0=0x9CAD12EA R8=0x65643462 )
(    libInnoSecure.so[0xCBBCB000])[35 43       ]0x000043FA:	ORRS	R5, R6	;(R5=0x002102C2 R6=0x4310AC15 )
(    libInnoSecure.so[0xCBBCB000])[24 EA 02 06 ]0x000043FC:	BIC.W	R6, R4, R2	;(R4=0x2321A7D7 R2=0x4F38ACDF )
(    libInnoSecure.so[0xCBBCB000])[29 44       ]0x00004400:	ADD	R1, R5	;(R1=0x1DAABEF9 R5=0x4331AED7 )
(    libInnoSecure.so[0xCBBCB000])[41 F2 ED 45 ]0x00004402:	MOVW	R5, #0X14ED
(    libInnoSecure.so[0xCBBCB000])[C4 F2 5A 55 ]0x00004406:	MOVT	R5, #0X455A	;(R5=0x000014ED )
(    libInnoSecure.so[0xCBBCB000])[29 44       ]0x0000440A:	ADD	R1, R5	;(R1=0x60DC6DD0 R5=0x455A14ED )
(    libInnoSecure.so[0xCBBCB000])[04 EB 31 31 ]0x0000440C:	ADD.W	R1, R4, R1, ROR #12	;(R4=0x2321A7D7 R1=0xA63682BD )
(    libInnoSecure.so[0xCBBCB000])[01 EA 02 05 ]0x00004410:	AND.W	R5, R1, R2	;(R1=0x4EFC0B3F R2=0x4F38ACDF )
(    libInnoSecure.so[0xCBBCB000])[35 43       ]0x00004414:	ORRS	R5, R6	;(R5=0x4E38081F R6=0x20010300 )
(    libInnoSecure.so[0xCBBCB000])[21 EA 04 06 ]0x00004416:	BIC.W	R6, R1, R4	;(R1=0x4EFC0B3F R4=0x2321A7D7 )
(    libInnoSecure.so[0xCBBCB000])[28 44       ]0x0000441A:	ADD	R0, R5	;(R0=0x0211474C R5=0x6E390B1F )
(    libInnoSecure.so[0xCBBCB000])[4E F6 05 15 ]0x0000441C:	MOVW	R5, #0XE905
(    libInnoSecure.so[0xCBBCB000])[CA F6 E3 15 ]0x00004420:	MOVT	R5, #0XA9E3	;(R5=0x0000E905 )
(    libInnoSecure.so[0xCBBCB000])[28 44       ]0x00004424:	ADD	R0, R5	;(R0=0x704A526B R5=0xA9E3E905 )
(    libInnoSecure.so[0xCBBCB000])[01 EB F0 60 ]0x00004426:	ADD.W	R0, R1, R0, ROR #27	;(R1=0x4EFC0B3F R0=0x1A2E3B70 )
(    libInnoSecure.so[0xCBBCB000])[00 EA 04 05 ]0x0000442A:	AND.W	R5, R0, R4	;(R0=0x94C37942 R4=0x2321A7D7 )
(    libInnoSecure.so[0xCBBCB000])[74 44       ]0x0000442E:	ADD	R4, LR	;(R4=0x2321A7D7 LR=0x65636665 )
(    libInnoSecure.so[0xCBBCB000])[35 43       ]0x00004430:	ORRS	R5, R6	;(R5=0x00012142 R6=0x4CDC0828 )
(    libInnoSecure.so[0xCBBCB000])[0C 9E       ]0x00004432:	LDR	R6, [SP, #0X30]	;(SP=0x100FFD18 )
(    libInnoSecure.so[0xCBBCB000])[32 44       ]0x00004434:	ADD	R2, R6	;(R2=0x4F38ACDF R6=0x34636430 )
(    libInnoSecure.so[0xCBBCB000])[20 EA 01 06 ]0x00004436:	BIC.W	R6, R0, R1	;(R0=0x94C37942 R1=0x4EFC0B3F )
(    libInnoSecure.so[0xCBBCB000])[2A 44       ]0x0000443A:	ADD	R2, R5	;(R2=0x839C110F R5=0x4CDD296A )
(    libInnoSecure.so[0xCBBCB000])[4A F2 F8 35 ]0x0000443C:	MOVW	R5, #0XA3F8
(    libInnoSecure.so[0xCBBCB000])[CF F6 EF 45 ]0x00004440:	MOVT	R5, #0XFCEF	;(R5=0x0000A3F8 )
(    libInnoSecure.so[0xCBBCB000])[2A 44       ]0x00004444:	ADD	R2, R5	;(R2=0xD0793A79 R5=0xFCEFA3F8 )
(    libInnoSecure.so[0xCBBCB000])[00 EB F2 52 ]0x00004446:	ADD.W	R2, R0, R2, ROR #23	;(R0=0x94C37942 R2=0xCD68DE71 )
(    libInnoSecure.so[0xCBBCB000])[02 EA 01 05 ]0x0000444A:	AND.W	R5, R2, R1	;(R2=0x66805CDC R1=0x4EFC0B3F )
(    libInnoSecure.so[0xCBBCB000])[35 43       ]0x0000444E:	ORRS	R5, R6	;(R5=0x4680081C R6=0x90037040 )
(    libInnoSecure.so[0xCBBCB000])[22 EA 00 06 ]0x00004450:	BIC.W	R6, R2, R0	;(R2=0x66805CDC R0=0x94C37942 )
(    libInnoSecure.so[0xCBBCB000])[2C 44       ]0x00004454:	ADD	R4, R5	;(R4=0x88850E3C R5=0xD683785C )
(    libInnoSecure.so[0xCBBCB000])[40 F2 D9 25 ]0x00004456:	MOVW	R5, #0X2D9
(    libInnoSecure.so[0xCBBCB000])[C6 F2 6F 75 ]0x0000445A:	MOVT	R5, #0X676F	;(R5=0x000002D9 )
(    libInnoSecure.so[0xCBBCB000])[2C 44       ]0x0000445E:	ADD	R4, R5	;(R4=0x5F088698 R5=0x676F02D9 )
(    libInnoSecure.so[0xCBBCB000])[02 EB B4 44 ]0x00004460:	ADD.W	R4, R2, R4, ROR #18	;(R2=0x66805CDC R4=0xC6778971 )
(    libInnoSecure.so[0xCBBCB000])[04 EA 00 05 ]0x00004464:	AND.W	R5, R4, R0	;(R4=0x48DCCE79 R0=0x94C37942 )
(    libInnoSecure.so[0xCBBCB000])[48 44       ]0x00004468:	ADD	R0, SB	;(R0=0x94C37942 SB=0x36323462 )
(    libInnoSecure.so[0xCBBCB000])[35 43       ]0x0000446A:	ORRS	R5, R6	;(R5=0x00C04840 R6=0x6200049C )
(    libInnoSecure.so[0xCBBCB000])[0D 9E       ]0x0000446C:	LDR	R6, [SP, #0X34]	;(SP=0x100FFD18 )
(    libInnoSecure.so[0xCBBCB000])[DD F8 18 90 ]0x0000446E:	LDR.W	SB, [SP, #0X18]	;(SP=0x100FFD18 )
(    libInnoSecure.so[0xCBBCB000])[31 44       ]0x00004472:	ADD	R1, R6	;(R1=0x4EFC0B3F R6=0x63313633 )
(    libInnoSecure.so[0xCBBCB000])[0E 9E       ]0x00004474:	LDR	R6, [SP, #0X38]	;(SP=0x100FFD18 )
(    libInnoSecure.so[0xCBBCB000])[29 44       ]0x00004476:	ADD	R1, R5	;(R1=0xB22D4172 R5=0x62C04CDC )
(    libInnoSecure.so[0xCBBCB000])[44 F6 8A 45 ]0x00004478:	MOVW	R5, #0X4C8A
(    libInnoSecure.so[0xCBBCB000])[C8 F6 2A 55 ]0x0000447C:	MOVT	R5, #0X8D2A	;(R5=0x00004C8A )
(    libInnoSecure.so[0xCBBCB000])[29 44       ]0x00004480:	ADD	R1, R5	;(R1=0x14ED8E4E R5=0x8D2A4C8A )
(    libInnoSecure.so[0xCBBCB000])[84 EA 02 05 ]0x00004482:	EOR.W	R5, R4, R2	;(R4=0x48DCCE79 R2=0x66805CDC )
(    libInnoSecure.so[0xCBBCB000])[1A 44       ]0x00004486:	ADD	R2, R3	;(R2=0x66805CDC R3=0x62376434 )
(    libInnoSecure.so[0xCBBCB000])[04 EB 31 31 ]0x00004488:	ADD.W	R1, R4, R1, ROR #12	;(R4=0x48DCCE79 R1=0xA217DAD8 )
(    libInnoSecure.so[0xCBBCB000])[11 9B       ]0x0000448C:	LDR	R3, [SP, #0X44]	;(SP=0x100FFD18 )
(    libInnoSecure.so[0xCBBCB000])[4D 40       ]0x0000448E:	EORS	R5, R1	;(R5=0x2E5C92A5 R1=0xF666EFF6 )
(    libInnoSecure.so[0xCBBCB000])[28 44       ]0x00004490:	ADD	R0, R5	;(R0=0xCAF5ADA4 R5=0xD83A7D53 )
(    libInnoSecure.so[0xCBBCB000])[43 F6 42 15 ]0x00004492:	MOVW	R5, #0X3942
(    libInnoSecure.so[0xCBBCB000])[CF F6 FA 75 ]0x00004496:	MOVT	R5, #0XFFFA	;(R5=0x00003942 )
(    libInnoSecure.so[0xCBBCB000])[28 44       ]0x0000449A:	ADD	R0, R5	;(R0=0xA3302AF7 R5=0xFFFA3942 )
(    libInnoSecure.so[0xCBBCB000])[81 EA 04 05 ]0x0000449C:	EOR.W	R5, R1, R4	;(R1=0xF666EFF6 R4=0x48DCCE79 )
(    libInnoSecure.so[0xCBBCB000])[54 44       ]0x000044A0:	ADD	R4, SL	;(R4=0x48DCCE79 SL=0x33316232 )
(    libInnoSecure.so[0xCBBCB000])[01 EB 30 70 ]0x000044A2:	ADD.W	R0, R1, R0, ROR #28	;(R1=0xF666EFF6 R0=0xA32A6439 )
(    libInnoSecure.so[0xCBBCB000])[DD F8 30 A0 ]0x000044A6:	LDR.W	SL, [SP, #0X30]	;(SP=0x100FFD18 )
(    libInnoSecure.so[0xCBBCB000])[45 40       ]0x000044AA:	EORS	R5, R0	;(R5=0xBEBA218F R0=0x290D3390 )
(    libInnoSecure.so[0xCBBCB000])[2A 44       ]0x000044AC:	ADD	R2, R5	;(R2=0xC8B7C110 R5=0x97B7121F )
(    libInnoSecure.so[0xCBBCB000])[4F F2 81 65 ]0x000044AE:	MOVW	R5, #0XF681
(    libInnoSecure.so[0xCBBCB000])[C8 F2 71 75 ]0x000044B2:	MOVT	R5, #0X8771	;(R5=0x0000F681 )
(    libInnoSecure.so[0xCBBCB000])[2A 44       ]0x000044B6:	ADD	R2, R5	;(R2=0x606ED32F R5=0x8771F681 )
(    libInnoSecure.so[0xCBBCB000])[80 EA 01 05 ]0x000044B8:	EOR.W	R5, R0, R1	;(R0=0x290D3390 R1=0xF666EFF6 )
(    libInnoSecure.so[0xCBBCB000])[61 44       ]0x000044BC:	ADD	R1, IP	;(R1=0xF666EFF6 IP=0x64653864 )
(    libInnoSecure.so[0xCBBCB000])[00 EB 72 52 ]0x000044BE:	ADD.W	R2, R0, R2, ROR #21	;(R0=0x290D3390 R2=0xE7E0C9B0 )
(    libInnoSecure.so[0xCBBCB000])[DD F8 3C C0 ]0x000044C2:	LDR.W	IP, [SP, #0X3C]	;(SP=0x100FFD18 )
(    libInnoSecure.so[0xCBBCB000])[55 40       ]0x000044C6:	EORS	R5, R2	;(R5=0xDF6BDC66 R2=0x2F5ABACF )
(    libInnoSecure.so[0xCBBCB000])[2C 44       ]0x000044C8:	ADD	R4, R5	;(R4=0x7C0E30AB R5=0xF03166A9 )
(    libInnoSecure.so[0xCBBCB000])[46 F2 22 15 ]0x000044CA:	MOVW	R5, #0X6122
(    libInnoSecure.so[0xCBBCB000])[C6 F6 9D 55 ]0x000044CE:	MOVT	R5, #0X6D9D	;(R5=0x00006122 )
(    libInnoSecure.so[0xCBBCB000])[2C 44       ]0x000044D2:	ADD	R4, R5	;(R4=0x6C3F9754 R5=0x6D9D6122 )
(    libInnoSecure.so[0xCBBCB000])[82 EA 00 05 ]0x000044D4:	EOR.W	R5, R2, R0	;(R2=0x2F5ABACF R0=0x290D3390 )
(    libInnoSecure.so[0xCBBCB000])[18 44       ]0x000044D8:	ADD	R0, R3	;(R0=0x290D3390 R3=0x61366666 )
(    libInnoSecure.so[0xCBBCB000])[02 EB 34 44 ]0x000044DA:	ADD.W	R4, R2, R4, ROR #16	;(R2=0x2F5ABACF R4=0xD9DCF876 )
(    libInnoSecure.so[0xCBBCB000])[73 46       ]0x000044DE:	MOV	R3, LR	;(LR=0x65636665 )
(    libInnoSecure.so[0xCBBCB000])[65 40       ]0x000044E0:	EORS	R5, R4	;(R5=0x0657895F R4=0x27D194AB )
(    libInnoSecure.so[0xCBBCB000])[29 44       ]0x000044E2:	ADD	R1, R5	;(R1=0x5ACC285A R5=0x21861DF4 )
(    libInnoSecure.so[0xCBBCB000])[43 F6 0C 05 ]0x000044E4:	MOVW	R5, #0X380C
(    libInnoSecure.so[0xCBBCB000])[CF F6 E5 55 ]0x000044E8:	MOVT	R5, #0XFDE5	;(R5=0x0000380C )
(    libInnoSecure.so[0xCBBCB000])[29 44       ]0x000044EC:	ADD	R1, R5	;(R1=0x7C52464E R5=0xFDE5380C )
(    libInnoSecure.so[0xCBBCB000])[84 EA 02 05 ]0x000044EE:	EOR.W	R5, R4, R2	;(R4=0x27D194AB R2=0x2F5ABACF )
(    libInnoSecure.so[0xCBBCB000])[5A 44       ]0x000044F2:	ADD	R2, FP	;(R2=0x2F5ABACF FP=0x33613034 )
(    libInnoSecure.so[0xCBBCB000])[04 EB 71 21 ]0x000044F4:	ADD.W	R1, R4, R1, ROR #9	;(R4=0x27D194AB R1=0x7A377E5A )
(    libInnoSecure.so[0xCBBCB000])[DD F8 08 B0 ]0x000044F8:	LDR.W	FP, [SP, #8]	;(SP=0x100FFD18 )
(    libInnoSecure.so[0xCBBCB000])[4D 40       ]0x000044FC:	EORS	R5, R1	;(R5=0x088B2E64 R1=0x550EB06A )
(    libInnoSecure.so[0xCBBCB000])[28 44       ]0x000044FE:	ADD	R0, R5	;(R0=0x8A4399F6 R5=0x5D859E0E )
(    libInnoSecure.so[0xCBBCB000])[4E F6 44 25 ]0x00004500:	MOVW	R5, #0XEA44
(    libInnoSecure.so[0xCBBCB000])[CA F2 BE 45 ]0x00004504:	MOVT	R5, #0XA4BE	;(R5=0x0000EA44 )
(    libInnoSecure.so[0xCBBCB000])[28 44       ]0x00004508:	ADD	R0, R5	;(R0=0xE7C93804 R5=0xA4BEEA44 )
(    libInnoSecure.so[0xCBBCB000])[81 EA 04 05 ]0x0000450A:	EOR.W	R5, R1, R4	;(R1=0x550EB06A R4=0x27D194AB )
(    libInnoSecure.so[0xCBBCB000])[1C 44       ]0x0000450E:	ADD	R4, R3	;(R4=0x27D194AB R3=0x65636665 )
(    libInnoSecure.so[0xCBBCB000])[01 EB 30 70 ]0x00004510:	ADD.W	R0, R1, R0, ROR #28	;(R1=0x550EB06A R0=0x8C882248 )
(    libInnoSecure.so[0xCBBCB000])[45 40       ]0x00004514:	EORS	R5, R0	;(R5=0x72DF24C1 R0=0x1D90D4F2 )
(    libInnoSecure.so[0xCBBCB000])[2A 44       ]0x00004516:	ADD	R2, R5	;(R2=0x62BBEB03 R5=0x6F4FF033 )
(    libInnoSecure.so[0xCBBCB000])[4C F6 A9 75 ]0x00004518:	MOVW	R5, #0XCFA9
(    libInnoSecure.so[0xCBBCB000])[C4 F6 DE 35 ]0x0000451C:	MOVT	R5, #0X4BDE	;(R5=0x0000CFA9 )
(    libInnoSecure.so[0xCBBCB000])[2A 44       ]0x00004520:	ADD	R2, R5	;(R2=0xD20BDB36 R5=0x4BDECFA9 )
(    libInnoSecure.so[0xCBBCB000])[80 EA 01 05 ]0x00004522:	EOR.W	R5, R0, R1	;(R0=0x1D90D4F2 R1=0x550EB06A )
(    libInnoSecure.so[0xCBBCB000])[59 44       ]0x00004526:	ADD	R1, FP	;(R1=0x550EB06A FP=0x64656366 )
(    libInnoSecure.so[0xCBBCB000])[00 EB 72 52 ]0x00004528:	ADD.W	R2, R0, R2, ROR #21	;(R0=0x1D90D4F2 R2=0x1DEAAADF )
(    libInnoSecure.so[0xCBBCB000])[55 40       ]0x0000452C:	EORS	R5, R2	;(R5=0x489E6498 R2=0x72E7CDE1 )
(    libInnoSecure.so[0xCBBCB000])[2C 44       ]0x0000452E:	ADD	R4, R5	;(R4=0x8D34FB10 R5=0x3A79A979 )
(    libInnoSecure.so[0xCBBCB000])[44 F6 60 35 ]0x00004530:	MOVW	R5, #0X4B60
(    libInnoSecure.so[0xCBBCB000])[CF F2 BB 65 ]0x00004534:	MOVT	R5, #0XF6BB	;(R5=0x00004B60 )
(    libInnoSecure.so[0xCBBCB000])[2C 44       ]0x00004538:	ADD	R4, R5	;(R4=0xC7AEA489 R5=0xF6BB4B60 )
(    libInnoSecure.so[0xCBBCB000])[82 EA 00 05 ]0x0000453A:	EOR.W	R5, R2, R0	;(R2=0x72E7CDE1 R0=0x1D90D4F2 )
(    libInnoSecure.so[0xCBBCB000])[40 44       ]0x0000453E:	ADD	R0, R8	;(R0=0x1D90D4F2 R8=0x65643462 )
(    libInnoSecure.so[0xCBBCB000])[02 EB 34 44 ]0x00004540:	ADD.W	R4, R2, R4, ROR #16	;(R2=0x72E7CDE1 R4=0xBE69EFE9 )
(    libInnoSecure.so[0xCBBCB000])[DD F8 34 80 ]0x00004544:	LDR.W	R8, [SP, #0X34]	;(SP=0x100FFD18 )
(    libInnoSecure.so[0xCBBCB000])[65 40       ]0x00004548:	EORS	R5, R4	;(R5=0x6F771913 R4=0x62D18C4A )
(    libInnoSecure.so[0xCBBCB000])[29 44       ]0x0000454A:	ADD	R1, R5	;(R1=0xB97413D0 R5=0x0DA69559 )
(    libInnoSecure.so[0xCBBCB000])[4B F6 70 45 ]0x0000454C:	MOVW	R5, #0XBC70
(    libInnoSecure.so[0xCBBCB000])[CB F6 BF 65 ]0x00004550:	MOVT	R5, #0XBEBF	;(R5=0x0000BC70 )
(    libInnoSecure.so[0xCBBCB000])[29 44       ]0x00004554:	ADD	R1, R5	;(R1=0xC71AA929 R5=0xBEBFBC70 )
(    libInnoSecure.so[0xCBBCB000])[84 EA 02 05 ]0x00004556:	EOR.W	R5, R4, R2	;(R4=0x62D18C4A R2=0x72E7CDE1 )
(    libInnoSecure.so[0xCBBCB000])[32 44       ]0x0000455A:	ADD	R2, R6	;(R2=0x72E7CDE1 R6=0x64396432 )
(    libInnoSecure.so[0xCBBCB000])[04 EB 71 21 ]0x0000455C:	ADD.W	R1, R4, R1, ROR #9	;(R4=0x62D18C4A R1=0x85DA6599 )
(    libInnoSecure.so[0xCBBCB000])[4D 40       ]0x00004560:	EORS	R5, R1	;(R5=0x103641AB R1=0x2F94797C )
(    libInnoSecure.so[0xCBBCB000])[28 44       ]0x00004562:	ADD	R0, R5	;(R0=0x82F50954 R5=0x3FA238D7 )
(    libInnoSecure.so[0xCBBCB000])[47 F6 C6 65 ]0x00004564:	MOVW	R5, #0X7EC6
(    libInnoSecure.so[0xCBBCB000])[C2 F6 9B 05 ]0x00004568:	MOVT	R5, #0X289B	;(R5=0x00007EC6 )
(    libInnoSecure.so[0xCBBCB000])[28 44       ]0x0000456C:	ADD	R0, R5	;(R0=0xC297422B R5=0x289B7EC6 )
(    libInnoSecure.so[0xCBBCB000])[81 EA 04 05 ]0x0000456E:	EOR.W	R5, R1, R4	;(R1=0x2F94797C R4=0x62D18C4A )
(    libInnoSecure.so[0xCBBCB000])[64 44       ]0x00004572:	ADD	R4, IP	;(R4=0x62D18C4A IP=0x32393337 )
(    libInnoSecure.so[0xCBBCB000])[01 EB 30 70 ]0x00004574:	ADD.W	R0, R1, R0, ROR #28	;(R1=0x2F94797C R0=0xEB32C0F1 )
(    libInnoSecure.so[0xCBBCB000])[45 40       ]0x00004578:	EORS	R5, R0	;(R5=0x4D45F536 R0=0xE2C0889A )
(    libInnoSecure.so[0xCBBCB000])[2A 44       ]0x0000457A:	ADD	R2, R5	;(R2=0xD7213213 R5=0xAF857DAC )
(    libInnoSecure.so[0xCBBCB000])[42 F2 FA 75 ]0x0000457C:	MOVW	R5, #0X27FA
(    libInnoSecure.so[0xCBBCB000])[CE F6 A1 25 ]0x00004580:	MOVT	R5, #0XEAA1	;(R5=0x000027FA )
(    libInnoSecure.so[0xCBBCB000])[2A 44       ]0x00004584:	ADD	R2, R5	;(R2=0x86A6AFBF R5=0xEAA127FA )
(    libInnoSecure.so[0xCBBCB000])[80 EA 01 05 ]0x00004586:	EOR.W	R5, R0, R1	;(R0=0xE2C0889A R1=0x2F94797C )
(    libInnoSecure.so[0xCBBCB000])[49 44       ]0x0000458A:	ADD	R1, SB	;(R1=0x2F94797C SB=0x35663632 )
(    libInnoSecure.so[0xCBBCB000])[00 EB 72 52 ]0x0000458C:	ADD.W	R2, R0, R2, ROR #21	;(R0=0xE2C0889A R2=0x7147D7B9 )
(    libInnoSecure.so[0xCBBCB000])[55 40       ]0x00004590:	EORS	R5, R2	;(R5=0xCD54F1E6 R2=0x217E5424 )
(    libInnoSecure.so[0xCBBCB000])[2C 44       ]0x00004592:	ADD	R4, R5	;(R4=0x950ABF81 R5=0xEC2AA5C2 )
(    libInnoSecure.so[0xCBBCB000])[43 F2 85 05 ]0x00004594:	MOVW	R5, #0X3085
(    libInnoSecure.so[0xCBBCB000])[CD F2 EF 45 ]0x00004598:	MOVT	R5, #0XD4EF	;(R5=0x00003085 )
(    libInnoSecure.so[0xCBBCB000])[2C 44       ]0x0000459C:	ADD	R4, R5	;(R4=0x81356543 R5=0xD4EF3085 )
(    libInnoSecure.so[0xCBBCB000])[82 EA 00 05 ]0x0000459E:	EOR.W	R5, R2, R0	;(R2=0x217E5424 R0=0xE2C0889A )
(    libInnoSecure.so[0xCBBCB000])[02 EB 34 44 ]0x000045A2:	ADD.W	R4, R2, R4, ROR #16	;(R2=0x217E5424 R4=0x562495C8 )
(    libInnoSecure.so[0xCBBCB000])[65 40       ]0x000045A6:	EORS	R5, R4	;(R5=0xC3BEDCBE R4=0xB746AA48 )
(    libInnoSecure.so[0xCBBCB000])[29 44       ]0x000045A8:	ADD	R1, R5	;(R1=0x64FAAFAE R5=0x74F876F6 )
(    libInnoSecure.so[0xCBBCB000])[41 F6 05 55 ]0x000045AA:	MOVW	R5, #0X1D05
(    libInnoSecure.so[0xCBBCB000])[C0 F2 88 45 ]0x000045AE:	MOVT	R5, #0X488	;(R5=0x00001D05 )
(    libInnoSecure.so[0xCBBCB000])[29 44       ]0x000045B2:	ADD	R1, R5	;(R1=0xD9F326A4 R5=0x04881D05 )
(    libInnoSecure.so[0xCBBCB000])[84 EA 02 05 ]0x000045B4:	EOR.W	R5, R4, R2	;(R4=0xB746AA48 R2=0x217E5424 )
(    libInnoSecure.so[0xCBBCB000])[42 44       ]0x000045B8:	ADD	R2, R8	;(R2=0x217E5424 R8=0x63313633 )
(    libInnoSecure.so[0xCBBCB000])[04 EB 71 21 ]0x000045BA:	ADD.W	R1, R4, R1, ROR #9	;(R4=0xB746AA48 R1=0xDE7B43A9 )
(    libInnoSecure.so[0xCBBCB000])[85 EA 01 0E ]0x000045BE:	EOR.W	LR, R5, R1	;(R5=0x9638FE6C R1=0x8C35E7E9 )
(    libInnoSecure.so[0xCBBCB000])[10 9D       ]0x000045C2:	LDR	R5, [SP, #0X40]	;(SP=0x100FFD18 )
(    libInnoSecure.so[0xCBBCB000])[28 44       ]0x000045C4:	ADD	R0, R5	;(R0=0xE2C0889A R5=0x30616561 )
(    libInnoSecure.so[0xCBBCB000])[4D F2 39 05 ]0x000045C6:	MOVW	R5, #0XD039
(    libInnoSecure.so[0xCBBCB000])[70 44       ]0x000045CA:	ADD	R0, LR	;(R0=0x1321EDFB LR=0x1A0D1985 )
(    libInnoSecure.so[0xCBBCB000])[CD F6 D4 15 ]0x000045CC:	MOVT	R5, #0XD9D4	;(R5=0x0000D039 )
(    libInnoSecure.so[0xCBBCB000])[28 44       ]0x000045D0:	ADD	R0, R5	;(R0=0x2D2F0780 R5=0xD9D4D039 )
(    libInnoSecure.so[0xCBBCB000])[81 EA 04 05 ]0x000045D2:	EOR.W	R5, R1, R4	;(R1=0x8C35E7E9 R4=0xB746AA48 )
(    libInnoSecure.so[0xCBBCB000])[DD F8 0C E0 ]0x000045D6:	LDR.W	LR, [SP, #0XC]	;(SP=0x100FFD18 )
(    libInnoSecure.so[0xCBBCB000])[01 EB 30 70 ]0x000045DA:	ADD.W	R0, R1, R0, ROR #28	;(R1=0x8C35E7E9 R0=0x0703D7B9 )
(    libInnoSecure.so[0xCBBCB000])[45 40       ]0x000045DE:	EORS	R5, R0	;(R5=0x3B734DA1 R0=0xFC736379 )
(    libInnoSecure.so[0xCBBCB000])[74 44       ]0x000045E0:	ADD	R4, LR	;(R4=0xB746AA48 LR=0x00806230 )
(    libInnoSecure.so[0xCBBCB000])[2A 44       ]0x000045E2:	ADD	R2, R5	;(R2=0x84AF8A57 R5=0xC7002ED8 )
(    libInnoSecure.so[0xCBBCB000])[49 F6 E5 15 ]0x000045E4:	MOVW	R5, #0X99E5
(    libInnoSecure.so[0xCBBCB000])[CE F2 DB 65 ]0x000045E8:	MOVT	R5, #0XE6DB	;(R5=0x000099E5 )
(    libInnoSecure.so[0xCBBCB000])[2A 44       ]0x000045EC:	ADD	R2, R5	;(R2=0x4BAFB92F R5=0xE6DB99E5 )
(    libInnoSecure.so[0xCBBCB000])[80 EA 01 05 ]0x000045EE:	EOR.W	R5, R0, R1	;(R0=0xFC736379 R1=0x8C35E7E9 )
(    libInnoSecure.so[0xCBBCB000])[51 44       ]0x000045F2:	ADD	R1, SL	;(R1=0x8C35E7E9 SL=0x34636430 )
(    libInnoSecure.so[0xCBBCB000])[00 EB 72 52 ]0x000045F4:	ADD.W	R2, R0, R2, ROR #21	;(R0=0xFC736379 R2=0x328B5314 )
(    libInnoSecure.so[0xCBBCB000])[55 40       ]0x000045F8:	EORS	R5, R2	;(R5=0x70468490 R2=0x570C050D )
(    libInnoSecure.so[0xCBBCB000])[2C 44       ]0x000045FA:	ADD	R4, R5	;(R4=0xB7C70C78 R5=0x274A819D )
(    libInnoSecure.so[0xCBBCB000])[47 F6 F8 45 ]0x000045FC:	MOVW	R5, #0X7CF8
(    libInnoSecure.so[0xCBBCB000])[C1 F6 A2 75 ]0x00004600:	MOVT	R5, #0X1FA2	;(R5=0x00007CF8 )
(    libInnoSecure.so[0xCBBCB000])[2C 44       ]0x00004604:	ADD	R4, R5	;(R4=0xDF118E15 R5=0x1FA27CF8 )
(    libInnoSecure.so[0xCBBCB000])[82 EA 00 05 ]0x00004606:	EOR.W	R5, R2, R0	;(R2=0x570C050D R0=0xFC736379 )
(    libInnoSecure.so[0xCBBCB000])[30 44       ]0x0000460A:	ADD	R0, R6	;(R0=0xFC736379 R6=0x64396432 )
(    libInnoSecure.so[0xCBBCB000])[02 EB 34 44 ]0x0000460C:	ADD.W	R4, R2, R4, ROR #16	;(R2=0x570C050D R4=0xFEB40B0D )
(    libInnoSecure.so[0xCBBCB000])[45 F6 C3 16 ]0x00004610:	MOVW	R6, #0X59C3
(    libInnoSecure.so[0xCBBCB000])[65 40       ]0x00004614:	EORS	R5, R4	;(R5=0xAB7F6674 R4=0x621A03C1 )
(    libInnoSecure.so[0xCBBCB000])[C6 F2 5B 56 ]0x00004616:	MOVT	R6, #0X655B	;(R6=0x000059C3 )
(    libInnoSecure.so[0xCBBCB000])[29 44       ]0x0000461A:	ADD	R1, R5	;(R1=0xC0994C19 R5=0xC96565B5 )
(    libInnoSecure.so[0xCBBCB000])[45 F2 65 65 ]0x0000461C:	MOVW	R5, #0X5665
(    libInnoSecure.so[0xCBBCB000])[CC F2 AC 45 ]0x00004620:	MOVT	R5, #0XC4AC	;(R5=0x00005665 )
(    libInnoSecure.so[0xCBBCB000])[29 44       ]0x00004624:	ADD	R1, R5	;(R1=0x89FEB1CE R5=0xC4AC5665 )
(    libInnoSecure.so[0xCBBCB000])[04 EB 71 21 ]0x00004626:	ADD.W	R1, R4, R1, ROR #9	;(R4=0x621A03C1 R1=0x4EAB0833 )
(    libInnoSecure.so[0xCBBCB000])[61 EA 02 05 ]0x0000462A:	ORN	R5, R1, R2	;(R1=0x7BC15945 R2=0x570C050D )
(    libInnoSecure.so[0xCBBCB000])[1A 44       ]0x0000462E:	ADD	R2, R3	;(R2=0x570C050D R3=0x65636665 )
(    libInnoSecure.so[0xCBBCB000])[65 40       ]0x00004630:	EORS	R5, R4	;(R5=0xFBF3FBF7 R4=0x621A03C1 )
(    libInnoSecure.so[0xCBBCB000])[01 9B       ]0x00004632:	LDR	R3, [SP, #4]	;(SP=0x100FFD18 )
(    libInnoSecure.so[0xCBBCB000])[28 44       ]0x00004634:	ADD	R0, R5	;(R0=0x60ACC7AB R5=0x99E9F836 )
(    libInnoSecure.so[0xCBBCB000])[42 F2 44 25 ]0x00004636:	MOVW	R5, #0X2244
(    libInnoSecure.so[0xCBBCB000])[CF F2 29 45 ]0x0000463A:	MOVT	R5, #0XF429	;(R5=0x00002244 )
(    libInnoSecure.so[0xCBBCB000])[28 44       ]0x0000463E:	ADD	R0, R5	;(R0=0xFA96BFE1 R5=0xF4292244 )
(    libInnoSecure.so[0xCBBCB000])[23 44       ]0x00004640:	ADD	R3, R4	;(R3=0x64653864 R4=0x621A03C1 )
(    libInnoSecure.so[0xCBBCB000])[01 EB B0 60 ]0x00004642:	ADD.W	R0, R1, R0, ROR #26	;(R1=0x7BC15945 R0=0xEEBFE225 )
(    libInnoSecure.so[0xCBBCB000])[60 EA 04 05 ]0x00004646:	ORN	R5, R0, R4	;(R0=0x2BB9E2C0 R4=0x621A03C1 )
(    libInnoSecure.so[0xCBBCB000])[42 F2 A7 34 ]0x0000464A:	MOVW	R4, #0X23A7
(    libInnoSecure.so[0xCBBCB000])[4D 40       ]0x0000464E:	EORS	R5, R1	;(R5=0xBFFDFEFE R1=0x7BC15945 )
(    libInnoSecure.so[0xCBBCB000])[CA F6 94 34 ]0x00004650:	MOVT	R4, #0XAB94	;(R4=0x000023A7 )
(    libInnoSecure.so[0xCBBCB000])[2A 44       ]0x00004654:	ADD	R2, R5	;(R2=0xBC6F6B72 R5=0xC43CA7BB )
(    libInnoSecure.so[0xCBBCB000])[4F F6 97 75 ]0x00004656:	MOVW	R5, #0XFF97
(    libInnoSecure.so[0xCBBCB000])[C4 F2 2A 35 ]0x0000465A:	MOVT	R5, #0X432A	;(R5=0x0000FF97 )
(    libInnoSecure.so[0xCBBCB000])[2A 44       ]0x0000465E:	ADD	R2, R5	;(R2=0x80AC132D R5=0x432AFF97 )
(    libInnoSecure.so[0xCBBCB000])[00 EB B2 52 ]0x00004660:	ADD.W	R2, R0, R2, ROR #22	;(R0=0x2BB9E2C0 R2=0xC3D712C4 )
(    libInnoSecure.so[0xCBBCB000])[62 EA 01 05 ]0x00004664:	ORN	R5, R2, R1	;(R2=0x8804F5CF R1=0x7BC15945 )
(    libInnoSecure.so[0xCBBCB000])[45 40       ]0x00004668:	EORS	R5, R0	;(R5=0x8C3EF7FF R0=0x2BB9E2C0 )
(    libInnoSecure.so[0xCBBCB000])[2B 44       ]0x0000466A:	ADD	R3, R5	;(R3=0xC67F3C25 R5=0xA787153F )
(    libInnoSecure.so[0xCBBCB000])[09 9D       ]0x0000466C:	LDR	R5, [SP, #0X24]	;(SP=0x100FFD18 )
(    libInnoSecure.so[0xCBBCB000])[23 44       ]0x0000466E:	ADD	R3, R4	;(R3=0x6E065164 R4=0xAB9423A7 )
(    libInnoSecure.so[0xCBBCB000])[29 44       ]0x00004670:	ADD	R1, R5	;(R1=0x7BC15945 R5=0x36323462 )
(    libInnoSecure.so[0xCBBCB000])[11 9D       ]0x00004672:	LDR	R5, [SP, #0X44]	;(SP=0x100FFD18 )
(    libInnoSecure.so[0xCBBCB000])[02 EB 73 43 ]0x00004674:	ADD.W	R3, R2, R3, ROR #17	;(R2=0x8804F5CF R3=0x199A750B )
(    libInnoSecure.so[0xCBBCB000])[63 EA 00 04 ]0x00004678:	ORN	R4, R3, R0	;(R3=0xC28A829C R0=0x2BB9E2C0 )
(    libInnoSecure.so[0xCBBCB000])[40 44       ]0x0000467C:	ADD	R0, R8	;(R0=0x2BB9E2C0 R8=0x63313633 )
(    libInnoSecure.so[0xCBBCB000])[54 40       ]0x0000467E:	EORS	R4, R2	;(R4=0xD6CE9FBF R2=0x8804F5CF )
(    libInnoSecure.so[0xCBBCB000])[21 44       ]0x00004680:	ADD	R1, R4	;(R1=0xB1F38DA7 R4=0x5ECA6A70 )
(    libInnoSecure.so[0xCBBCB000])[4A F2 39 04 ]0x00004682:	MOVW	R4, #0XA039
(    libInnoSecure.so[0xCBBCB000])[CF F6 93 44 ]0x00004686:	MOVT	R4, #0XFC93	;(R4=0x0000A039 )
(    libInnoSecure.so[0xCBBCB000])[21 44       ]0x0000468A:	ADD	R1, R4	;(R1=0x10BDF817 R4=0xFC93A039 )
(    libInnoSecure.so[0xCBBCB000])[03 EB F1 21 ]0x0000468C:	ADD.W	R1, R3, R1, ROR #11	;(R3=0xC28A829C R1=0x0D519850 )
(    libInnoSecure.so[0xCBBCB000])[61 EA 02 04 ]0x00004690:	ORN	R4, R1, R2	;(R1=0xCC8C2CCF R2=0x8804F5CF )
(    libInnoSecure.so[0xCBBCB000])[62 44       ]0x00004694:	ADD	R2, IP	;(R2=0x8804F5CF IP=0x32393337 )
(    libInnoSecure.so[0xCBBCB000])[5C 40       ]0x00004696:	EORS	R4, R3	;(R4=0xFFFF2EFF R3=0xC28A829C )
(    libInnoSecure.so[0xCBBCB000])[DD F8 1C C0 ]0x00004698:	LDR.W	IP, [SP, #0X1C]	;(SP=0x100FFD18 )
(    libInnoSecure.so[0xCBBCB000])[20 44       ]0x0000469C:	ADD	R0, R4	;(R0=0x8EEB18F3 R4=0x3D75AC63 )
(    libInnoSecure.so[0xCBBCB000])[30 44       ]0x0000469E:	ADD	R0, R6	;(R0=0xCC60C556 R6=0x655B59C3 )
(    libInnoSecure.so[0xCBBCB000])[01 EB B0 60 ]0x000046A0:	ADD.W	R0, R1, R0, ROR #26	;(R1=0xCC8C2CCF R0=0x31BC1F19 )
(    libInnoSecure.so[0xCBBCB000])[60 EA 03 06 ]0x000046A4:	ORN	R6, R0, R3	;(R0=0x3B93F31B R3=0xC28A829C )
(    libInnoSecure.so[0xCBBCB000])[5B 44       ]0x000046A8:	ADD	R3, FP	;(R3=0xC28A829C FP=0x64656366 )
(    libInnoSecure.so[0xCBBCB000])[4E 40       ]0x000046AA:	EORS	R6, R1	;(R6=0x3FF7FF7B R1=0xCC8C2CCF )
(    libInnoSecure.so[0xCBBCB000])[32 44       ]0x000046AC:	ADD	R2, R6	;(R2=0xBA3E2906 R6=0xF37BD3B4 )
(    libInnoSecure.so[0xCBBCB000])[4C F6 92 46 ]0x000046AE:	MOVW	R6, #0XCC92
(    libInnoSecure.so[0xCBBCB000])[C8 F6 0C 76 ]0x000046B2:	MOVT	R6, #0X8F0C	;(R6=0x0000CC92 )
(    libInnoSecure.so[0xCBBCB000])[32 44       ]0x000046B6:	ADD	R2, R6	;(R2=0xADB9FCBA R6=0x8F0CCC92 )
(    libInnoSecure.so[0xCBBCB000])[00 EB B2 52 ]0x000046B8:	ADD.W	R2, R0, R2, ROR #22	;(R0=0x3B93F31B R2=0x3CC6C94C )
(    libInnoSecure.so[0xCBBCB000])[62 EA 01 06 ]0x000046BC:	ORN	R6, R2, R1	;(R2=0x56B9240E R1=0xCC8C2CCF )
(    libInnoSecure.so[0xCBBCB000])[29 44       ]0x000046C0:	ADD	R1, R5	;(R1=0xCC8C2CCF R5=0x61366666 )
(    libInnoSecure.so[0xCBBCB000])[46 40       ]0x000046C2:	EORS	R6, R0	;(R6=0x77FBF73E R0=0x3B93F31B )
(    libInnoSecure.so[0xCBBCB000])[0A 9D       ]0x000046C4:	LDR	R5, [SP, #0X28]	;(SP=0x100FFD18 )
(    libInnoSecure.so[0xCBBCB000])[33 44       ]0x000046C6:	ADD	R3, R6	;(R3=0x26EFE602 R6=0x4C680425 )
(    libInnoSecure.so[0xCBBCB000])[4F F2 7D 46 ]0x000046C8:	MOVW	R6, #0XF47D
(    libInnoSecure.so[0xCBBCB000])[CF F6 EF 76 ]0x000046CC:	MOVT	R6, #0XFFEF	;(R6=0x0000F47D )
(    libInnoSecure.so[0xCBBCB000])[33 44       ]0x000046D0:	ADD	R3, R6	;(R3=0x7357EA27 R6=0xFFEFF47D )
(    libInnoSecure.so[0xCBBCB000])[02 EB 73 43 ]0x000046D2:	ADD.W	R3, R2, R3, ROR #17	;(R2=0x56B9240E R3=0x7347DEA4 )
(    libInnoSecure.so[0xCBBCB000])[63 EA 00 06 ]0x000046D6:	ORN	R6, R3, R0	;(R3=0x460B5DB1 R0=0x3B93F31B )
(    libInnoSecure.so[0xCBBCB000])[28 44       ]0x000046DA:	ADD	R0, R5	;(R0=0x3B93F31B R5=0x62376434 )
(    libInnoSecure.so[0xCBBCB000])[56 40       ]0x000046DC:	EORS	R6, R2	;(R6=0xC66F5DF5 R2=0x56B9240E )
(    libInnoSecure.so[0xCBBCB000])[08 9D       ]0x000046DE:	LDR	R5, [SP, #0X20]	;(SP=0x100FFD18 )
(    libInnoSecure.so[0xCBBCB000])[31 44       ]0x000046E0:	ADD	R1, R6	;(R1=0x2DC29335 R6=0x90D679FB )
(    libInnoSecure.so[0xCBBCB000])[45 F6 D1 56 ]0x000046E2:	MOVW	R6, #0X5DD1
(    libInnoSecure.so[0xCBBCB000])[C8 F2 84 56 ]0x000046E6:	MOVT	R6, #0X8584	;(R6=0x00005DD1 )
(    libInnoSecure.so[0xCBBCB000])[31 44       ]0x000046EA:	ADD	R1, R6	;(R1=0xBE990D30 R6=0x85845DD1 )
(    libInnoSecure.so[0xCBBCB000])[03 EB F1 21 ]0x000046EC:	ADD.W	R1, R3, R1, ROR #11	;(R3=0x460B5DB1 R1=0x441D6B01 )
(    libInnoSecure.so[0xCBBCB000])[61 EA 02 06 ]0x000046F0:	ORN	R6, R1, R2	;(R1=0xA633E15E R2=0x56B9240E )
(    libInnoSecure.so[0xCBBCB000])[72 44       ]0x000046F4:	ADD	R2, LR	;(R2=0x56B9240E LR=0x00806230 )
(    libInnoSecure.so[0xCBBCB000])[5E 40       ]0x000046F6:	EORS	R6, R3	;(R6=0xAF77FBFF R3=0x460B5DB1 )
(    libInnoSecure.so[0xCBBCB000])[30 44       ]0x000046F8:	ADD	R0, R6	;(R0=0x9DCB574F R6=0xE97CA64E )
(    libInnoSecure.so[0xCBBCB000])[47 F6 4F 66 ]0x000046FA:	MOVW	R6, #0X7E4F
(    libInnoSecure.so[0xCBBCB000])[C6 F6 A8 76 ]0x000046FE:	MOVT	R6, #0X6FA8	;(R6=0x00007E4F )
(    libInnoSecure.so[0xCBBCB000])[30 44       ]0x00004702:	ADD	R0, R6	;(R0=0x8747FD9D R6=0x6FA87E4F )
(    libInnoSecure.so[0xCBBCB000])[01 EB B0 66 ]0x00004704:	ADD.W	R6, R1, R0, ROR #26	;(R1=0xA633E15E R0=0xF6F07BEC )
(    libInnoSecure.so[0xCBBCB000])[66 EA 03 00 ]0x00004708:	ORN	R0, R6, R3	;(R6=0x6252DC9B R3=0x460B5DB1 )
(    libInnoSecure.so[0xCBBCB000])[4B 44       ]0x0000470C:	ADD	R3, SB	;(R3=0x460B5DB1 SB=0x35663632 )
(    libInnoSecure.so[0xCBBCB000])[48 40       ]0x0000470E:	EORS	R0, R1	;(R0=0xFBF6FEDF R1=0xA633E15E )
(    libInnoSecure.so[0xCBBCB000])[10 44       ]0x00004710:	ADD	R0, R2	;(R0=0x5DC51F81 R2=0x5739863E )
(    libInnoSecure.so[0xCBBCB000])[4E F2 E0 62 ]0x00004712:	MOVW	R2, #0XE6E0
(    libInnoSecure.so[0xCBBCB000])[CF F6 2C 62 ]0x00004716:	MOVT	R2, #0XFE2C	;(R2=0x0000E6E0 )
(    libInnoSecure.so[0xCBBCB000])[10 44       ]0x0000471A:	ADD	R0, R2	;(R0=0xB4FEA5BF R2=0xFE2CE6E0 )
(    libInnoSecure.so[0xCBBCB000])[06 EB B0 52 ]0x0000471C:	ADD.W	R2, R6, R0, ROR #22	;(R6=0x6252DC9B R0=0xB32B8C9F )
(    libInnoSecure.so[0xCBBCB000])[62 EA 01 00 ]0x00004720:	ORN	R0, R2, R1	;(R2=0x10855B67 R1=0xA633E15E )
(    libInnoSecure.so[0xCBBCB000])[29 44       ]0x00004724:	ADD	R1, R5	;(R1=0xA633E15E R5=0x65643462 )
(    libInnoSecure.so[0xCBBCB000])[70 40       ]0x00004726:	EORS	R0, R6	;(R0=0x59CD5FE7 R6=0x6252DC9B )
(    libInnoSecure.so[0xCBBCB000])[0B 9D       ]0x00004728:	LDR	R5, [SP, #0X2C]	;(SP=0x100FFD18 )
(    libInnoSecure.so[0xCBBCB000])[18 44       ]0x0000472A:	ADD	R0, R3	;(R0=0x3B9F837C R3=0x7B7193E3 )
(    libInnoSecure.so[0xCBBCB000])[44 F2 14 33 ]0x0000472C:	MOVW	R3, #0X4314
(    libInnoSecure.so[0xCBBCB000])[CA F2 01 33 ]0x00004730:	MOVT	R3, #0XA301	;(R3=0x00004314 )
(    libInnoSecure.so[0xCBBCB000])[18 44       ]0x00004734:	ADD	R0, R3	;(R0=0xB711175F R3=0xA3014314 )
(    libInnoSecure.so[0xCBBCB000])[02 EB 70 40 ]0x00004736:	ADD.W	R0, R2, R0, ROR #17	;(R2=0x10855B67 R0=0x5A125A73 )
(    libInnoSecure.so[0xCBBCB000])[60 EA 06 03 ]0x0000473A:	ORN	R3, R0, R6	;(R0=0x3DBF0870 R6=0x6252DC9B )
(    libInnoSecure.so[0xCBBCB000])[2E 44       ]0x0000473E:	ADD	R6, R5	;(R6=0x6252DC9B R5=0x33613034 )
(    libInnoSecure.so[0xCBBCB000])[53 40       ]0x00004740:	EORS	R3, R2	;(R3=0xBDBF2B74 R2=0x10855B67 )
(    libInnoSecure.so[0xCBBCB000])[19 44       ]0x00004742:	ADD	R1, R3	;(R1=0x0B9815C0 R3=0xAD3A7013 )
(    libInnoSecure.so[0xCBBCB000])[41 F2 A1 13 ]0x00004744:	MOVW	R3, #0X11A1
(    libInnoSecure.so[0xCBBCB000])[C4 F6 08 63 ]0x00004748:	MOVT	R3, #0X4E08	;(R3=0x000011A1 )
(    libInnoSecure.so[0xCBBCB000])[19 44       ]0x0000474C:	ADD	R1, R3	;(R1=0xB8D285D3 R3=0x4E0811A1 )
(    libInnoSecure.so[0xCBBCB000])[00 EB F1 21 ]0x0000474E:	ADD.W	R1, R0, R1, ROR #11	;(R0=0x3DBF0870 R1=0x06DA9774 )
(    libInnoSecure.so[0xCBBCB000])[61 EA 02 03 ]0x00004752:	ORN	R3, R1, R2	;(R1=0x2C3FE3C2 R2=0x10855B67 )
(    libInnoSecure.so[0xCBBCB000])[43 40       ]0x00004756:	EORS	R3, R0	;(R3=0xEF7FE7DA R0=0x3DBF0870 )
(    libInnoSecure.so[0xCBBCB000])[33 44       ]0x00004758:	ADD	R3, R6	;(R3=0xD2C0EFAA R6=0x95B40CCF )
(    libInnoSecure.so[0xCBBCB000])[47 F6 82 66 ]0x0000475A:	MOVW	R6, #0X7E82
(    libInnoSecure.so[0xCBBCB000])[CF F2 53 76 ]0x0000475E:	MOVT	R6, #0XF753	;(R6=0x00007E82 )
(    libInnoSecure.so[0xCBBCB000])[33 44       ]0x00004762:	ADD	R3, R6	;(R3=0x6874FC79 R6=0xF7537E82 )
(    libInnoSecure.so[0xCBBCB000])[DC F8 00 60 ]0x00004764:	LDR.W	R6, [IP]	;(IP=0x100FFEF8 )
(    libInnoSecure.so[0xCBBCB000])[01 EB B3 63 ]0x00004768:	ADD.W	R3, R1, R3, ROR #26	;(R1=0x2C3FE3C2 R3=0x5FC87AFB )
(    libInnoSecure.so[0xCBBCB000])[1E 44       ]0x0000476C:	ADD	R6, R3	;(R6=0x47CE91C5 R3=0x1E5EA299 )
(    libInnoSecure.so[0xCBBCB000])[CC F8 00 60 ]0x0000476E:	STR.W	R6, [IP]	;(R6=0x662D345E IP=0x100FFEF8 )
(    libInnoSecure.so[0xCBBCB000])[05 9D       ]0x00004772:	LDR	R5, [SP, #0X14]	;(SP=0x100FFD18 )
(    libInnoSecure.so[0xCBBCB000])[63 EA 00 06 ]0x00004774:	ORN	R6, R3, R0	;(R3=0x1E5EA299 R0=0x3DBF0870 )
(    libInnoSecure.so[0xCBBCB000])[4E 40       ]0x00004778:	EORS	R6, R1	;(R6=0xDE5EF79F R1=0x2C3FE3C2 )
(    libInnoSecure.so[0xCBBCB000])[50 44       ]0x0000477A:	ADD	R0, SL	;(R0=0x3DBF0870 SL=0x34636430 )
(    libInnoSecure.so[0xCBBCB000])[2A 44       ]0x0000477C:	ADD	R2, R5	;(R2=0x10855B67 R5=0x33316232 )
(    libInnoSecure.so[0xCBBCB000])[32 44       ]0x0000477E:	ADD	R2, R6	;(R2=0x43B6BD99 R6=0xF261145D )
(    libInnoSecure.so[0xCBBCB000])[4F F2 35 26 ]0x00004780:	MOVW	R6, #0XF235
(    libInnoSecure.so[0xCBBCB000])[CB F6 3A 56 ]0x00004784:	MOVT	R6, #0XBD3A	;(R6=0x0000F235 )
(    libInnoSecure.so[0xCBBCB000])[32 44       ]0x00004788:	ADD	R2, R6	;(R2=0x3617D1F6 R6=0xBD3AF235 )
(    libInnoSecure.so[0xCBBCB000])[DC E9 01 65 ]0x0000478A:	LDRD	R6, R5, [IP, #4]	;(IP=0x100FFEF8 )
(    libInnoSecure.so[0xCBBCB000])[DC F8 0C 40 ]0x0000478E:	LDR.W	R4, [IP, #0XC]	;(IP=0x100FFEF8 )
(    libInnoSecure.so[0xCBBCB000])[03 EB B2 52 ]0x00004792:	ADD.W	R2, R3, R2, ROR #22	;(R3=0x1E5EA299 R2=0xF352C42B )
(    libInnoSecure.so[0xCBBCB000])[14 44       ]0x00004796:	ADD	R4, R2	;(R4=0x9EB48937 R2=0x696F5266 )
(    libInnoSecure.so[0xCBBCB000])[CC F8 0C 40 ]0x00004798:	STR.W	R4, [IP, #0XC]	;(R4=0x0823DB9D IP=0x100FFEF8 )
(    libInnoSecure.so[0xCBBCB000])[62 EA 01 04 ]0x0000479C:	ORN	R4, R2, R1	;(R2=0x696F5266 R1=0x2C3FE3C2 )
(    libInnoSecure.so[0xCBBCB000])[5C 40       ]0x000047A0:	EORS	R4, R3	;(R4=0xFBEF5E7F R3=0x1E5EA299 )
(    libInnoSecure.so[0xCBBCB000])[20 44       ]0x000047A2:	ADD	R0, R4	;(R0=0x72226CA0 R4=0xE5B1FCE6 )
(    libInnoSecure.so[0xCBBCB000])[4D F2 BB 24 ]0x000047A4:	MOVW	R4, #0XD2BB
(    libInnoSecure.so[0xCBBCB000])[C2 F6 D7 24 ]0x000047A8:	MOVT	R4, #0X2AD7	;(R4=0x0000D2BB )
(    libInnoSecure.so[0xCBBCB000])[20 44       ]0x000047AC:	ADD	R0, R4	;(R0=0x57D46986 R4=0x2AD7D2BB )
(    libInnoSecure.so[0xCBBCB000])[02 EB 70 40 ]0x000047AE:	ADD.W	R0, R2, R0, ROR #17	;(R2=0x696F5266 R0=0x82AC3C41 )
(    libInnoSecure.so[0xCBBCB000])[05 44       ]0x000047B2:	ADD	R5, R0	;(R5=0xDA858E2D R0=0x879013BC )
(    libInnoSecure.so[0xCBBCB000])[60 EA 03 03 ]0x000047B4:	ORN	R3, R0, R3	;(R0=0x879013BC R3=0x1E5EA299 )
(    libInnoSecure.so[0xCBBCB000])[CC F8 08 50 ]0x000047B8:	STR.W	R5, [IP, #8]	;(R5=0x6215A1E9 IP=0x100FFEF8 )
(    libInnoSecure.so[0xCBBCB000])[5A 40       ]0x000047BC:	EORS	R2, R3	;(R2=0x696F5266 R3=0xE7B15FFE )
(    libInnoSecure.so[0xCBBCB000])[10 9B       ]0x000047BE:	LDR	R3, [SP, #0X40]	;(SP=0x100FFD18 )
(    libInnoSecure.so[0xCBBCB000])[30 44       ]0x000047C0:	ADD	R0, R6	;(R0=0x879013BC R6=0x58AEAB17 )
(    libInnoSecure.so[0xCBBCB000])[19 44       ]0x000047C2:	ADD	R1, R3	;(R1=0x2C3FE3C2 R3=0x30616561 )
(    libInnoSecure.so[0xCBBCB000])[11 44       ]0x000047C4:	ADD	R1, R2	;(R1=0x5CA14923 R2=0x8EDE0D98 )
(    libInnoSecure.so[0xCBBCB000])[4D F2 91 32 ]0x000047C6:	MOVW	R2, #0XD391
(    libInnoSecure.so[0xCBBCB000])[CE F6 86 32 ]0x000047CA:	MOVT	R2, #0XEB86	;(R2=0x0000D391 )
(    libInnoSecure.so[0xCBBCB000])[11 44       ]0x000047CE:	ADD	R1, R2	;(R1=0xEB7F56BB R2=0xEB86D391 )
(    libInnoSecure.so[0xCBBCB000])[00 EB F1 20 ]0x000047D0:	ADD.W	R0, R0, R1, ROR #11	;(R0=0xE03EBED3 R1=0xD7062A4C )
(    libInnoSecure.so[0xCBBCB000])[CC F8 04 00 ]0x000047D4:	STR.W	R0, [IP, #4]	;(R0=0x29D99F98 IP=0x100FFEF8 )
(    libInnoSecure.so[0xCBBCB000])[07 48       ]0x000047D8:	LDR	R0, [PC, #0X1C]	;(PC=0xCBBCF7D8 )
(    libInnoSecure.so[0xCBBCB000])[52 99       ]0x000047DA:	LDR	R1, [SP, #0X148]	;(SP=0x100FFD18 )
(    libInnoSecure.so[0xCBBCB000])[78 44       ]0x000047DC:	ADD	R0, PC	;(R0=0x000056C0 PC=0xCBBCF7DC )
(    libInnoSecure.so[0xCBBCB000])[00 68       ]0x000047DE:	LDR	R0, [R0]	;(R0=0xCBBD4EA0 )
(    libInnoSecure.so[0xCBBCB000])[00 68       ]0x000047E0:	LDR	R0, [R0]	;(R0=0xCBC29384 )
(    libInnoSecure.so[0xCBBCB000])[40 1A       ]0x000047E2:	SUBS	R0, R0, R1	;(R0=0x00000000 R1=0x00000000 )
(    libInnoSecure.so[0xCBBCB000])[02 BF       ]0x000047E4:	ITTT	EQ
(    libInnoSecure.so[0xCBBCB000])[53 B0       ]0x000047E6:	ADD	SP, #0X14C	;(SP=0x100FFD18 )
(    libInnoSecure.so[0xCBBCB000])[BD E8 00 0F ]0x000047E8:	POP.W	{R8, SB, SL, FP}	;(SP=0x100FFE64 )
(    libInnoSecure.so[0xCBBCB000])[F0 BD       ]0x000047EC:	POP	{R4, R5, R6, R7, PC}	;(SP=0x100FFE74 )
(    libInnoSecure.so[0xCBBCB000])[05 F1 40 00 ]0x0000401E:	ADD.W	R0, R5, #0X40	;(R5=0x00000002 )
(    libInnoSecure.so[0xCBBCB000])[07 E0       ]0x00004022:	B	#0XCBBCF034
(    libInnoSecure.so[0xCBBCB000])[A0 42       ]0x00004034:	CMP	R0, R4	;(R0=0x00000042 R4=0x0000003A )
(    libInnoSecure.so[0xCBBCB000])[F5 D9       ]0x00004036:	BLS	#0XCBBCF024
(    libInnoSecure.so[0xCBBCB000])[00 20       ]0x00004038:	MOVS	R0, #0
(    libInnoSecure.so[0xCBBCB000])[40 44       ]0x0000403A:	ADD	R0, R8	;(R0=0x00000000 R8=0x100FFEF0 )
(    libInnoSecure.so[0xCBBCB000])[09 EB 05 01 ]0x0000403C:	ADD.W	R1, SB, R5	;(SB=0xCBBD5078 R5=0x00000002 )
(    libInnoSecure.so[0xCBBCB000])[62 1B       ]0x00004040:	SUBS	R2, R4, R5	;(R4=0x0000003A R5=0x00000002 )
(    libInnoSecure.so[0xCBBCB000])[18 30       ]0x00004042:	ADDS	R0, #0X18	;(R0=0x100FFEF0 )
(    libInnoSecure.so[0xCBBCB000])[BD E8 00 07 ]0x00004044:	POP.W	{R8, SB, SL}	;(SP=0x100FFE88 )
(    libInnoSecure.so[0xCBBCB000])[BD E8 F0 40 ]0x00004048:	POP.W	{R4, R5, R6, R7, LR}	;(SP=0x100FFE94 )
(    libInnoSecure.so[0xCBBCB000])[01 F0 8A BE ]0x0000404C:	B.W	#0XCBBD0D64
(    libInnoSecure.so[0xCBBCB000])[78 47       ]0x00005D64:	BX	PC	;(PC=0xCBBD0D64 )
(    libInnoSecure.so[0xCBBCB000])[00 C0 9F E5 ]0x00005D68:	LDR	IP, [PC]	;(PC=0xCBBD0D68 )
(    libInnoSecure.so[0xCBBCB000])[0F F0 8C E0 ]0x00005D6C:	ADD	PC, IP, PC	;(IP=0xFFFFBCD4 PC=0xCBBD0D6C )
(    libInnoSecure.so[0xCBBCB000])[00 C6 8F E2 ]0x00001A48:	ADD	IP, PC, #0, #12	;(PC=0xCBBCCA48 )
(    libInnoSecure.so[0xCBBCB000])[08 CA 8C E2 ]0x00001A4C:	ADD	IP, IP, #8, #20	;(IP=0xCBBCCA50 )
(    libInnoSecure.so[0xCBBCB000])[CC F4 BC E5 ]0x00001A50:	LDR	PC, [IP, #0X4CC]!	;(IP=0xCBBD4A50 )
(    libInnoSecure.so[0xCBBCB000])[20 46       ]0x00003EFE:	MOV	R0, R4	;(R4=0x100FFEF0 )
(    libInnoSecure.so[0xCBBCB000])[29 46       ]0x00003F00:	MOV	R1, R5	;(R5=0x100FFF58 )
(    libInnoSecure.so[0xCBBCB000])[08 22       ]0x00003F02:	MOVS	R2, #8
(    libInnoSecure.so[0xCBBCB000])[00 F0 5C F8 ]0x00003F04:	BL	#0XCBBCEFC0	;(PC=0xCBBCEF04 )
(    libInnoSecure.so[0xCBBCB000])[F0 B5       ]0x00003FC0:	PUSH	{R4, R5, R6, R7, LR}	;(SP=0x100FFEA8 R4=0x100FFEF0 R5=0x100FFF58 R6=0x000021F0 R7=0x100FFF80 LR=0xCBBCEF09 )
(    libInnoSecure.so[0xCBBCB000])[03 AF       ]0x00003FC2:	ADD	R7, SP, #0XC	;(SP=0x100FFE94 )
(    libInnoSecure.so[0xCBBCB000])[2D E9 00 07 ]0x00003FC4:	PUSH.W	{R8, SB, SL}	;(SP=0x100FFE94 R8=0xD2000044 SB=0x00000009 SL=0xD20000B8 )
(    libInnoSecure.so[0xCBBCB000])[80 46       ]0x00003FC8:	MOV	R8, R0	;(R0=0x100FFEF0 )
(    libInnoSecure.so[0xCBBCB000])[89 46       ]0x00003FCA:	MOV	SB, R1	;(R1=0x100FFF58 )
(    libInnoSecure.so[0xCBBCB000])[D8 E9 00 01 ]0x00003FCC:	LDRD	R0, R1, [R8]	;(R8=0x100FFEF0 )
(    libInnoSecure.so[0xCBBCB000])[14 46       ]0x00003FD0:	MOV	R4, R2	;(R2=0x00000008 )
(    libInnoSecure.so[0xCBBCB000])[01 23       ]0x00003FD2:	MOVS	R3, #1
(    libInnoSecure.so[0xCBBCB000])[00 EB C4 02 ]0x00003FD4:	ADD.W	R2, R0, R4, LSL #3	;(R0=0x000023C0 R4=0x00000008 )
(    libInnoSecure.so[0xCBBCB000])[C8 F8 00 20 ]0x00003FD8:	STR.W	R2, [R8]	;(R2=0x00002400 R8=0x100FFEF0 )
(    libInnoSecure.so[0xCBBCB000])[82 42       ]0x00003FDC:	CMP	R2, R0	;(R2=0x00002400 R0=0x000023C0 )
(    libInnoSecure.so[0xCBBCB000])[28 BF       ]0x00003FDE:	IT	HS
(    libInnoSecure.so[0xCBBCB000])[00 23       ]0x00003FE0:	MOVS	R3, #0
(    libInnoSecure.so[0xCBBCB000])[C0 F3 C5 00 ]0x00003FE2:	UBFX	R0, R0, #3, #6	;(R0=0x000023C0 )
(    libInnoSecure.so[0xCBBCB000])[00 2B       ]0x00003FE6:	CMP	R3, #0	;(R3=0x00000000 )
(    libInnoSecure.so[0xCBBCB000])[C0 F1 40 05 ]0x00003FE8:	RSB.W	R5, R0, #0X40	;(R0=0x00000038 )
(    libInnoSecure.so[0xCBBCB000])[02 D0       ]0x00003FEC:	BEQ	#0XCBBCEFF4
(    libInnoSecure.so[0xCBBCB000])[A5 42       ]0x00003FF4:	CMP	R5, R4	;(R5=0x00000008 R4=0x00000008 )
(    libInnoSecure.so[0xCBBCB000])[01 EB 54 71 ]0x00003FF6:	ADD.W	R1, R1, R4, LSR #29	;(R1=0x00000000 R4=0x00000008 )
(    libInnoSecure.so[0xCBBCB000])[C8 F8 04 10 ]0x00003FFA:	STR.W	R1, [R8, #4]	;(R1=0x00000000 R8=0x100FFEF0 )
(    libInnoSecure.so[0xCBBCB000])[01 D9       ]0x00003FFE:	BLS	#0XCBBCF004
(    libInnoSecure.so[0xCBBCB000])[08 F1 18 0A ]0x00004004:	ADD.W	SL, R8, #0X18	;(R8=0x100FFEF0 )
(    libInnoSecure.so[0xCBBCB000])[49 46       ]0x00004008:	MOV	R1, SB	;(SB=0x100FFF58 )
(    libInnoSecure.so[0xCBBCB000])[50 44       ]0x0000400A:	ADD	R0, SL	;(R0=0x00000038 SL=0x100FFF08 )
(    libInnoSecure.so[0xCBBCB000])[2A 46       ]0x0000400C:	MOV	R2, R5	;(R5=0x00000008 )
(    libInnoSecure.so[0xCBBCB000])[FD F7 1C ED ]0x0000400E:	BLX	#0XCBBCCA48	;(PC=0xCBBCF00E )
(    libInnoSecure.so[0xCBBCB000])[00 C6 8F E2 ]0x00001A48:	ADD	IP, PC, #0, #12	;(PC=0xCBBCCA48 )
(    libInnoSecure.so[0xCBBCB000])[08 CA 8C E2 ]0x00001A4C:	ADD	IP, IP, #8, #20	;(IP=0xCBBCCA50 )
(    libInnoSecure.so[0xCBBCB000])[CC F4 BC E5 ]0x00001A50:	LDR	PC, [IP, #0X4CC]!	;(IP=0xCBBD4A50 )
(    libInnoSecure.so[0xCBBCB000])[08 F1 08 06 ]0x00004012:	ADD.W	R6, R8, #8	;(R8=0x100FFEF0 )
(    libInnoSecure.so[0xCBBCB000])[51 46       ]0x00004016:	MOV	R1, SL	;(SL=0x100FFF08 )
(    libInnoSecure.so[0xCBBCB000])[30 46       ]0x00004018:	MOV	R0, R6	;(R6=0x100FFEF8 )
(    libInnoSecure.so[0xCBBCB000])[00 F0 19 F8 ]0x0000401A:	BL	#0XCBBCF050	;(PC=0xCBBCF01A )
(    libInnoSecure.so[0xCBBCB000])[F0 B5       ]0x00004050:	PUSH	{R4, R5, R6, R7, LR}	;(SP=0x100FFE88 R4=0x00000008 R5=0x00000008 R6=0x100FFEF8 R7=0x100FFEA0 LR=0xCBBCF01F )
(    libInnoSecure.so[0xCBBCB000])[03 AF       ]0x00004052:	ADD	R7, SP, #0XC	;(SP=0x100FFE74 )
(    libInnoSecure.so[0xCBBCB000])[2D E9 00 0F ]0x00004054:	PUSH.W	{R8, SB, SL, FP}	;(SP=0x100FFE74 R8=0x100FFEF0 SB=0x100FFF58 SL=0x100FFF08 FP=0x00000007 )
(    libInnoSecure.so[0xCBBCB000])[D3 B0       ]0x00004058:	SUB	SP, #0X14C	;(SP=0x100FFE64 )
(    libInnoSecure.so[0xCBBCB000])[DF F8 98 27 ]0x0000405A:	LDR.W	R2, [PC, #0X798]	;(PC=0xCBBCF05A )
(    libInnoSecure.so[0xCBBCB000])[12 AC       ]0x0000405E:	ADD	R4, SP, #0X48	;(SP=0x100FFD18 )
(    libInnoSecure.so[0xCBBCB000])[00 25       ]0x00004060:	MOVS	R5, #0
(    libInnoSecure.so[0xCBBCB000])[7A 44       ]0x00004062:	ADD	R2, PC	;(R2=0x00005E3A PC=0xCBBCF062 )
(    libInnoSecure.so[0xCBBCB000])[12 68       ]0x00004064:	LDR	R2, [R2]	;(R2=0xCBBD4EA0 )
(    libInnoSecure.so[0xCBBCB000])[12 68       ]0x00004066:	LDR	R2, [R2]	;(R2=0xCBC29384 )
(    libInnoSecure.so[0xCBBCB000])[52 92       ]0x00004068:	STR	R2, [SP, #0X148]	;(R2=0x00000000 SP=0x100FFD18 )
(    libInnoSecure.so[0xCBBCB000])[D0 E9 00 C2 ]0x0000406A:	LDRD	IP, R2, [R0]	;(R0=0x100FFEF8 )
(    libInnoSecure.so[0xCBBCB000])[D0 F8 08 E0 ]0x0000406E:	LDR.W	LR, [R0, #8]	;(R0=0x100FFEF8 )
(    libInnoSecure.so[0xCBBCB000])[07 90       ]0x00004072:	STR	R0, [SP, #0X1C]	;(R0=0x100FFEF8 SP=0x100FFD18 )
(    libInnoSecure.so[0xCBBCB000])[C0 68       ]0x00004074:	LDR	R0, [R0, #0XC]	;(R0=0x100FFEF8 )
(    libInnoSecure.so[0xCBBCB000])[4E 59       ]0x00004076:	LDR	R6, [R1, R5]	;(R1=0x100FFF08 R5=0x00000000 )
(    libInnoSecure.so[0xCBBCB000])[66 51       ]0x00004078:	STR	R6, [R4, R5]	;(R6=0x00000000 R4=0x100FFD60 R5=0x00000000 )
(    libInnoSecure.so[0xCBBCB000])[04 35       ]0x0000407A:	ADDS	R5, #4	;(R5=0x00000000 )
(    libInnoSecure.so[0xCBBCB000])[40 2D       ]0x0000407C:	CMP	R5, #0X40	;(R5=0x00000004 )
(    libInnoSecure.so[0xCBBCB000])[FA D1       ]0x0000407E:	BNE	#0XCBBCF076
(    libInnoSecure.so[0xCBBCB000])[4E 59       ]0x00004076:	LDR	R6, [R1, R5]	;(R1=0x100FFF08 R5=0x00000004 )
(    libInnoSecure.so[0xCBBCB000])[66 51       ]0x00004078:	STR	R6, [R4, R5]	;(R6=0x00000000 R4=0x100FFD60 R5=0x00000004 )
(    libInnoSecure.so[0xCBBCB000])[04 35       ]0x0000407A:	ADDS	R5, #4	;(R5=0x00000004 )
(    libInnoSecure.so[0xCBBCB000])[40 2D       ]0x0000407C:	CMP	R5, #0X40	;(R5=0x00000008 )
(    libInnoSecure.so[0xCBBCB000])[FA D1       ]0x0000407E:	BNE	#0XCBBCF076
(    libInnoSecure.so[0xCBBCB000])[4E 59       ]0x00004076:	LDR	R6, [R1, R5]	;(R1=0x100FFF08 R5=0x00000008 )
(    libInnoSecure.so[0xCBBCB000])[66 51       ]0x00004078:	STR	R6, [R4, R5]	;(R6=0x00000000 R4=0x100FFD60 R5=0x00000008 )
(    libInnoSecure.so[0xCBBCB000])[04 35       ]0x0000407A:	ADDS	R5, #4	;(R5=0x00000008 )
(    libInnoSecure.so[0xCBBCB000])[40 2D       ]0x0000407C:	CMP	R5, #0X40	;(R5=0x0000000C )
(    libInnoSecure.so[0xCBBCB000])[FA D1       ]0x0000407E:	BNE	#0XCBBCF076
(    libInnoSecure.so[0xCBBCB000])[4E 59       ]0x00004076:	LDR	R6, [R1, R5]	;(R1=0x100FFF08 R5=0x0000000C )
(    libInnoSecure.so[0xCBBCB000])[66 51       ]0x00004078:	STR	R6, [R4, R5]	;(R6=0x00000000 R4=0x100FFD60 R5=0x0000000C )
(    libInnoSecure.so[0xCBBCB000])[04 35       ]0x0000407A:	ADDS	R5, #4	;(R5=0x0000000C )
(    libInnoSecure.so[0xCBBCB000])[40 2D       ]0x0000407C:	CMP	R5, #0X40	;(R5=0x00000010 )
(    libInnoSecure.so[0xCBBCB000])[FA D1       ]0x0000407E:	BNE	#0XCBBCF076
(    libInnoSecure.so[0xCBBCB000])[4E 59       ]0x00004076:	LDR	R6, [R1, R5]	;(R1=0x100FFF08 R5=0x00000010 )
(    libInnoSecure.so[0xCBBCB000])[66 51       ]0x00004078:	STR	R6, [R4, R5]	;(R6=0x00000000 R4=0x100FFD60 R5=0x00000010 )
(    libInnoSecure.so[0xCBBCB000])[04 35       ]0x0000407A:	ADDS	R5, #4	;(R5=0x00000010 )
(    libInnoSecure.so[0xCBBCB000])[40 2D       ]0x0000407C:	CMP	R5, #0X40	;(R5=0x00000014 )
(    libInnoSecure.so[0xCBBCB000])[FA D1       ]0x0000407E:	BNE	#0XCBBCF076
(    libInnoSecure.so[0xCBBCB000])[4E 59       ]0x00004076:	LDR	R6, [R1, R5]	;(R1=0x100FFF08 R5=0x00000014 )
(    libInnoSecure.so[0xCBBCB000])[66 51       ]0x00004078:	STR	R6, [R4, R5]	;(R6=0x00000000 R4=0x100FFD60 R5=0x00000014 )
(    libInnoSecure.so[0xCBBCB000])[04 35       ]0x0000407A:	ADDS	R5, #4	;(R5=0x00000014 )
(    libInnoSecure.so[0xCBBCB000])[40 2D       ]0x0000407C:	CMP	R5, #0X40	;(R5=0x00000018 )
(    libInnoSecure.so[0xCBBCB000])[FA D1       ]0x0000407E:	BNE	#0XCBBCF076
(    libInnoSecure.so[0xCBBCB000])[4E 59       ]0x00004076:	LDR	R6, [R1, R5]	;(R1=0x100FFF08 R5=0x00000018 )
(    libInnoSecure.so[0xCBBCB000])[66 51       ]0x00004078:	STR	R6, [R4, R5]	;(R6=0x00000000 R4=0x100FFD60 R5=0x00000018 )
(    libInnoSecure.so[0xCBBCB000])[04 35       ]0x0000407A:	ADDS	R5, #4	;(R5=0x00000018 )
(    libInnoSecure.so[0xCBBCB000])[40 2D       ]0x0000407C:	CMP	R5, #0X40	;(R5=0x0000001C )
(    libInnoSecure.so[0xCBBCB000])[FA D1       ]0x0000407E:	BNE	#0XCBBCF076
(    libInnoSecure.so[0xCBBCB000])[4E 59       ]0x00004076:	LDR	R6, [R1, R5]	;(R1=0x100FFF08 R5=0x0000001C )
(    libInnoSecure.so[0xCBBCB000])[66 51       ]0x00004078:	STR	R6, [R4, R5]	;(R6=0x00000000 R4=0x100FFD60 R5=0x0000001C )
(    libInnoSecure.so[0xCBBCB000])[04 35       ]0x0000407A:	ADDS	R5, #4	;(R5=0x0000001C )
(    libInnoSecure.so[0xCBBCB000])[40 2D       ]0x0000407C:	CMP	R5, #0X40	;(R5=0x00000020 )
(    libInnoSecure.so[0xCBBCB000])[FA D1       ]0x0000407E:	BNE	#0XCBBCF076
(    libInnoSecure.so[0xCBBCB000])[4E 59       ]0x00004076:	LDR	R6, [R1, R5]	;(R1=0x100FFF08 R5=0x00000020 )
(    libInnoSecure.so[0xCBBCB000])[66 51       ]0x00004078:	STR	R6, [R4, R5]	;(R6=0x00000000 R4=0x100FFD60 R5=0x00000020 )
(    libInnoSecure.so[0xCBBCB000])[04 35       ]0x0000407A:	ADDS	R5, #4	;(R5=0x00000020 )
(    libInnoSecure.so[0xCBBCB000])[40 2D       ]0x0000407C:	CMP	R5, #0X40	;(R5=0x00000024 )
(    libInnoSecure.so[0xCBBCB000])[FA D1       ]0x0000407E:	BNE	#0XCBBCF076
(    libInnoSecure.so[0xCBBCB000])[4E 59       ]0x00004076:	LDR	R6, [R1, R5]	;(R1=0x100FFF08 R5=0x00000024 )
(    libInnoSecure.so[0xCBBCB000])[66 51       ]0x00004078:	STR	R6, [R4, R5]	;(R6=0x00000000 R4=0x100FFD60 R5=0x00000024 )
(    libInnoSecure.so[0xCBBCB000])[04 35       ]0x0000407A:	ADDS	R5, #4	;(R5=0x00000024 )
(    libInnoSecure.so[0xCBBCB000])[40 2D       ]0x0000407C:	CMP	R5, #0X40	;(R5=0x00000028 )
(    libInnoSecure.so[0xCBBCB000])[FA D1       ]0x0000407E:	BNE	#0XCBBCF076
(    libInnoSecure.so[0xCBBCB000])[4E 59       ]0x00004076:	LDR	R6, [R1, R5]	;(R1=0x100FFF08 R5=0x00000028 )
(    libInnoSecure.so[0xCBBCB000])[66 51       ]0x00004078:	STR	R6, [R4, R5]	;(R6=0x00000000 R4=0x100FFD60 R5=0x00000028 )
(    libInnoSecure.so[0xCBBCB000])[04 35       ]0x0000407A:	ADDS	R5, #4	;(R5=0x00000028 )
(    libInnoSecure.so[0xCBBCB000])[40 2D       ]0x0000407C:	CMP	R5, #0X40	;(R5=0x0000002C )
(    libInnoSecure.so[0xCBBCB000])[FA D1       ]0x0000407E:	BNE	#0XCBBCF076
(    libInnoSecure.so[0xCBBCB000])[4E 59       ]0x00004076:	LDR	R6, [R1, R5]	;(R1=0x100FFF08 R5=0x0000002C )
(    libInnoSecure.so[0xCBBCB000])[66 51       ]0x00004078:	STR	R6, [R4, R5]	;(R6=0x00000000 R4=0x100FFD60 R5=0x0000002C )
(    libInnoSecure.so[0xCBBCB000])[04 35       ]0x0000407A:	ADDS	R5, #4	;(R5=0x0000002C )
(    libInnoSecure.so[0xCBBCB000])[40 2D       ]0x0000407C:	CMP	R5, #0X40	;(R5=0x00000030 )
(    libInnoSecure.so[0xCBBCB000])[FA D1       ]0x0000407E:	BNE	#0XCBBCF076
(    libInnoSecure.so[0xCBBCB000])[4E 59       ]0x00004076:	LDR	R6, [R1, R5]	;(R1=0x100FFF08 R5=0x00000030 )
(    libInnoSecure.so[0xCBBCB000])[66 51       ]0x00004078:	STR	R6, [R4, R5]	;(R6=0x00000000 R4=0x100FFD60 R5=0x00000030 )
(    libInnoSecure.so[0xCBBCB000])[04 35       ]0x0000407A:	ADDS	R5, #4	;(R5=0x00000030 )
(    libInnoSecure.so[0xCBBCB000])[40 2D       ]0x0000407C:	CMP	R5, #0X40	;(R5=0x00000034 )
(    libInnoSecure.so[0xCBBCB000])[FA D1       ]0x0000407E:	BNE	#0XCBBCF076
(    libInnoSecure.so[0xCBBCB000])[4E 59       ]0x00004076:	LDR	R6, [R1, R5]	;(R1=0x100FFF08 R5=0x00000034 )
(    libInnoSecure.so[0xCBBCB000])[66 51       ]0x00004078:	STR	R6, [R4, R5]	;(R6=0x00000000 R4=0x100FFD60 R5=0x00000034 )
(    libInnoSecure.so[0xCBBCB000])[04 35       ]0x0000407A:	ADDS	R5, #4	;(R5=0x00000034 )
(    libInnoSecure.so[0xCBBCB000])[40 2D       ]0x0000407C:	CMP	R5, #0X40	;(R5=0x00000038 )
(    libInnoSecure.so[0xCBBCB000])[FA D1       ]0x0000407E:	BNE	#0XCBBCF076
(    libInnoSecure.so[0xCBBCB000])[4E 59       ]0x00004076:	LDR	R6, [R1, R5]	;(R1=0x100FFF08 R5=0x00000038 )
(    libInnoSecure.so[0xCBBCB000])[66 51       ]0x00004078:	STR	R6, [R4, R5]	;(R6=0x000021F0 R4=0x100FFD60 R5=0x00000038 )
(    libInnoSecure.so[0xCBBCB000])[04 35       ]0x0000407A:	ADDS	R5, #4	;(R5=0x00000038 )
(    libInnoSecure.so[0xCBBCB000])[40 2D       ]0x0000407C:	CMP	R5, #0X40	;(R5=0x0000003C )
(    libInnoSecure.so[0xCBBCB000])[FA D1       ]0x0000407E:	BNE	#0XCBBCF076
(    libInnoSecure.so[0xCBBCB000])[4E 59       ]0x00004076:	LDR	R6, [R1, R5]	;(R1=0x100FFF08 R5=0x0000003C )
(    libInnoSecure.so[0xCBBCB000])[66 51       ]0x00004078:	STR	R6, [R4, R5]	;(R6=0x00000000 R4=0x100FFD60 R5=0x0000003C )
(    libInnoSecure.so[0xCBBCB000])[04 35       ]0x0000407A:	ADDS	R5, #4	;(R5=0x0000003C )
(    libInnoSecure.so[0xCBBCB000])[40 2D       ]0x0000407C:	CMP	R5, #0X40	;(R5=0x00000040 )
(    libInnoSecure.so[0xCBBCB000])[FA D1       ]0x0000407E:	BNE	#0XCBBCF076
(    libInnoSecure.so[0xCBBCB000])[0E EA 02 01 ]0x00004080:	AND.W	R1, LR, R2	;(LR=0x6215A1E9 R2=0x29D99F98 )
(    libInnoSecure.so[0xCBBCB000])[20 EA 02 06 ]0x00004084:	BIC.W	R6, R0, R2	;(R0=0x0823DB9D R2=0x29D99F98 )
(    libInnoSecure.so[0xCBBCB000])[31 43       ]0x00004088:	ORRS	R1, R6	;(R1=0x20118188 R6=0x00224005 )
(    libInnoSecure.so[0xCBBCB000])[12 9D       ]0x0000408A:	LDR	R5, [SP, #0X48]	;(SP=0x100FFD18 )
(    libInnoSecure.so[0xCBBCB000])[61 44       ]0x0000408C:	ADD	R1, IP	;(R1=0x2033C18D IP=0x662D345E )
(    libInnoSecure.so[0xCBBCB000])[4A F2 78 46 ]0x0000408E:	MOVW	R6, #0XA478
(    libInnoSecure.so[0xCBBCB000])[29 44       ]0x00004092:	ADD	R1, R5	;(R1=0x8660F5EB R5=0x00000000 )
(    libInnoSecure.so[0xCBBCB000])[CD F2 6A 76 ]0x00004094:	MOVT	R6, #0XD76A	;(R6=0x0000A478 )
(    libInnoSecure.so[0xCBBCB000])[31 44       ]0x00004098:	ADD	R1, R6	;(R1=0x8660F5EB R6=0xD76AA478 )
(    libInnoSecure.so[0xCBBCB000])[13 9B       ]0x0000409A:	LDR	R3, [SP, #0X4C]	;(SP=0x100FFD18 )
(    libInnoSecure.so[0xCBBCB000])[0E 95       ]0x0000409C:	STR	R5, [SP, #0X38]	;(R5=0x00000000 SP=0x100FFD18 )
(    libInnoSecure.so[0xCBBCB000])[02 EB 71 66 ]0x0000409E:	ADD.W	R6, R2, R1, ROR #25	;(R2=0x29D99F98 R1=0x5DCB9A63 )
(    libInnoSecure.so[0xCBBCB000])[18 44       ]0x000040A2:	ADD	R0, R3	;(R0=0x0823DB9D R3=0x00000000 )
(    libInnoSecure.so[0xCBBCB000])[2E EA 06 01 ]0x000040A4:	BIC.W	R1, LR, R6	;(LR=0x6215A1E9 R6=0x0FA6D146 )
(    libInnoSecure.so[0xCBBCB000])[06 EA 02 05 ]0x000040A8:	AND.W	R5, R6, R2	;(R6=0x0FA6D146 R2=0x29D99F98 )
(    libInnoSecure.so[0xCBBCB000])[29 43       ]0x000040AC:	ORRS	R1, R5	;(R1=0x601120A9 R5=0x09809100 )
(    libInnoSecure.so[0xCBBCB000])[14 9C       ]0x000040AE:	LDR	R4, [SP, #0X50]	;(SP=0x100FFD18 )
(    libInnoSecure.so[0xCBBCB000])[08 44       ]0x000040B0:	ADD	R0, R1	;(R0=0x0823DB9D R1=0x6991B1A9 )
(    libInnoSecure.so[0xCBBCB000])[4B F2 56 71 ]0x000040B2:	MOVW	R1, #0XB756
(    libInnoSecure.so[0xCBBCB000])[CE F6 C7 01 ]0x000040B6:	MOVT	R1, #0XE8C7	;(R1=0x0000B756 )
(    libInnoSecure.so[0xCBBCB000])[08 44       ]0x000040BA:	ADD	R0, R1	;(R0=0x71B58D46 R1=0xE8C7B756 )
(    libInnoSecure.so[0xCBBCB000])[DD F8 54 C0 ]0x000040BC:	LDR.W	IP, [SP, #0X54]	;(SP=0x100FFD18 )
(    libInnoSecure.so[0xCBBCB000])[06 EB 30 55 ]0x000040C0:	ADD.W	R5, R6, R0, ROR #20	;(R6=0x0FA6D146 R0=0x5A7D449C )
(    libInnoSecure.so[0xCBBCB000])[11 93       ]0x000040C4:	STR	R3, [SP, #0X44]	;(R3=0x00000000 SP=0x100FFD18 )
(    libInnoSecure.so[0xCBBCB000])[22 EA 05 00 ]0x000040C6:	BIC.W	R0, R2, R5	;(R2=0x29D99F98 R5=0xE3F096ED )
(    libInnoSecure.so[0xCBBCB000])[05 EA 06 01 ]0x000040CA:	AND.W	R1, R5, R6	;(R5=0xE3F096ED R6=0x0FA6D146 )
(    libInnoSecure.so[0xCBBCB000])[08 43       ]0x000040CE:	ORRS	R0, R1	;(R0=0x08090910 R1=0x03A09044 )
(    libInnoSecure.so[0xCBBCB000])[0E EB 04 01 ]0x000040D0:	ADD.W	R1, LR, R4	;(LR=0x6215A1E9 R4=0x00000000 )
(    libInnoSecure.so[0xCBBCB000])[08 44       ]0x000040D4:	ADD	R0, R1	;(R0=0x0BA99954 R1=0x6215A1E9 )
(    libInnoSecure.so[0xCBBCB000])[47 F2 DB 01 ]0x000040D6:	MOVW	R1, #0X70DB
(    libInnoSecure.so[0xCBBCB000])[C2 F2 20 41 ]0x000040DA:	MOVT	R1, #0X2420	;(R1=0x000070DB )
(    libInnoSecure.so[0xCBBCB000])[08 44       ]0x000040DE:	ADD	R0, R1	;(R0=0x6DBF3B3D R1=0x242070DB )
(    libInnoSecure.so[0xCBBCB000])[62 44       ]0x000040E0:	ADD	R2, IP	;(R2=0x29D99F98 IP=0x00000000 )
(    libInnoSecure.so[0xCBBCB000])[CD F8 3C C0 ]0x000040E2:	STR.W	IP, [SP, #0X3C]	;(IP=0x00000000 SP=0x100FFD18 )
(    libInnoSecure.so[0xCBBCB000])[05 EB F0 30 ]0x000040E6:	ADD.W	R0, R5, R0, ROR #15	;(R5=0xE3F096ED R0=0x91DFAC18 )
(    libInnoSecure.so[0xCBBCB000])[DD F8 60 C0 ]0x000040EA:	LDR.W	IP, [SP, #0X60]	;(SP=0x100FFD18 )
(    libInnoSecure.so[0xCBBCB000])[26 EA 00 01 ]0x000040EE:	BIC.W	R1, R6, R0	;(R6=0x0FA6D146 R0=0x3C21BAAC )
(    libInnoSecure.so[0xCBBCB000])[00 EA 05 03 ]0x000040F2:	AND.W	R3, R0, R5	;(R0=0x3C21BAAC R5=0xE3F096ED )
(    libInnoSecure.so[0xCBBCB000])[19 43       ]0x000040F6:	ORRS	R1, R3	;(R1=0x03864142 R3=0x202092AC )
(    libInnoSecure.so[0xCBBCB000])[0C 94       ]0x000040F8:	STR	R4, [SP, #0X30]	;(R4=0x00000000 SP=0x100FFD18 )
(    libInnoSecure.so[0xCBBCB000])[11 44       ]0x000040FA:	ADD	R1, R2	;(R1=0x23A6D3EE R2=0x29D99F98 )
(    libInnoSecure.so[0xCBBCB000])[4C F6 EE 62 ]0x000040FC:	MOVW	R2, #0XCEEE
(    libInnoSecure.so[0xCBBCB000])[CC F2 BD 12 ]0x00004100:	MOVT	R2, #0XC1BD	;(R2=0x0000CEEE )
(    libInnoSecure.so[0xCBBCB000])[11 44       ]0x00004104:	ADD	R1, R2	;(R1=0x4D807386 R2=0xC1BDCEEE )
(    libInnoSecure.so[0xCBBCB000])[DD F8 74 90 ]0x00004106:	LDR.W	SB, [SP, #0X74]	;(SP=0x100FFD18 )
(    libInnoSecure.so[0xCBBCB000])[00 EB B1 21 ]0x0000410A:	ADD.W	R1, R0, R1, ROR #10	;(R0=0x3C21BAAC R1=0x0F3E4274 )
(    libInnoSecure.so[0xCBBCB000])[CD F8 18 C0 ]0x0000410E:	STR.W	IP, [SP, #0X18]	;(IP=0x00000000 SP=0x100FFD18 )
(    libInnoSecure.so[0xCBBCB000])[25 EA 01 02 ]0x00004112:	BIC.W	R2, R5, R1	;(R5=0xE3F096ED R1=0xD9258A3C )
(    libInnoSecure.so[0xCBBCB000])[01 EA 00 03 ]0x00004116:	AND.W	R3, R1, R0	;(R1=0xD9258A3C R0=0x3C21BAAC )
(    libInnoSecure.so[0xCBBCB000])[1A 43       ]0x0000411A:	ORRS	R2, R3	;(R2=0x22D014C1 R3=0x18218A2C )
(    libInnoSecure.so[0xCBBCB000])[16 9B       ]0x0000411C:	LDR	R3, [SP, #0X58]	;(SP=0x100FFD18 )
(    libInnoSecure.so[0xCBBCB000])[0B 93       ]0x0000411E:	STR	R3, [SP, #0X2C]	;(R3=0x00000000 SP=0x100FFD18 )
(    libInnoSecure.so[0xCBBCB000])[33 44       ]0x00004120:	ADD	R3, R6	;(R3=0x00000000 R6=0x0FA6D146 )
(    libInnoSecure.so[0xCBBCB000])[1A 44       ]0x00004122:	ADD	R2, R3	;(R2=0x3AF19EED R3=0x0FA6D146 )
(    libInnoSecure.so[0xCBBCB000])[40 F6 AF 73 ]0x00004124:	MOVW	R3, #0XFAF
(    libInnoSecure.so[0xCBBCB000])[CF F2 7C 53 ]0x00004128:	MOVT	R3, #0XF57C	;(R3=0x00000FAF )
(    libInnoSecure.so[0xCBBCB000])[1A 44       ]0x0000412C:	ADD	R2, R3	;(R2=0x4A987033 R3=0xF57C0FAF )
(    libInnoSecure.so[0xCBBCB000])[01 EB 72 62 ]0x0000412E:	ADD.W	R2, R1, R2, ROR #25	;(R1=0xD9258A3C R2=0x40147FE2 )
(    libInnoSecure.so[0xCBBCB000])[20 EA 02 03 ]0x00004132:	BIC.W	R3, R0, R2	;(R0=0x3C21BAAC R2=0xE3657B5C )
(    libInnoSecure.so[0xCBBCB000])[02 EA 01 06 ]0x00004136:	AND.W	R6, R2, R1	;(R2=0xE3657B5C R1=0xD9258A3C )
(    libInnoSecure.so[0xCBBCB000])[33 43       ]0x0000413A:	ORRS	R3, R6	;(R3=0x1C0080A0 R6=0xC1250A1C )
(    libInnoSecure.so[0xCBBCB000])[17 9E       ]0x0000413C:	LDR	R6, [SP, #0X5C]	;(SP=0x100FFD18 )
(    libInnoSecure.so[0xCBBCB000])[60 44       ]0x0000413E:	ADD	R0, IP	;(R0=0x3C21BAAC IP=0x00000000 )
(    libInnoSecure.so[0xCBBCB000])[09 96       ]0x00004140:	STR	R6, [SP, #0X24]	;(R6=0x00000000 SP=0x100FFD18 )
(    libInnoSecure.so[0xCBBCB000])[35 44       ]0x00004142:	ADD	R5, R6	;(R5=0xE3F096ED R6=0x00000000 )
(    libInnoSecure.so[0xCBBCB000])[1C 9E       ]0x00004144:	LDR	R6, [SP, #0X70]	;(SP=0x100FFD18 )
(    libInnoSecure.so[0xCBBCB000])[2B 44       ]0x00004146:	ADD	R3, R5	;(R3=0xDD258ABC R5=0xE3F096ED )
(    libInnoSecure.so[0xCBBCB000])[4C F2 2A 65 ]0x00004148:	MOVW	R5, #0XC62A
(    libInnoSecure.so[0xCBBCB000])[C4 F2 87 75 ]0x0000414C:	MOVT	R5, #0X4787	;(R5=0x0000C62A )
(    libInnoSecure.so[0xCBBCB000])[2B 44       ]0x00004150:	ADD	R3, R5	;(R3=0xC11621A9 R5=0x4787C62A )
(    libInnoSecure.so[0xCBBCB000])[B0 46       ]0x00004152:	MOV	R8, R6	;(R6=0x00000000 )
(    libInnoSecure.so[0xCBBCB000])[02 EB 33 53 ]0x00004154:	ADD.W	R3, R2, R3, ROR #20	;(R2=0xE3657B5C R3=0x089DE7D3 )
(    libInnoSecure.so[0xCBBCB000])[CD F8 08 80 ]0x00004158:	STR.W	R8, [SP, #8]	;(R8=0x00000000 SP=0x100FFD18 )
(    libInnoSecure.so[0xCBBCB000])[21 EA 03 05 ]0x0000415C:	BIC.W	R5, R1, R3	;(R1=0xD9258A3C R3=0xC1E2ABE5 )
(    libInnoSecure.so[0xCBBCB000])[03 EA 02 04 ]0x00004160:	AND.W	R4, R3, R2	;(R3=0xC1E2ABE5 R2=0xE3657B5C )
(    libInnoSecure.so[0xCBBCB000])[25 43       ]0x00004164:	ORRS	R5, R4	;(R5=0x18050018 R4=0xC1602B44 )
(    libInnoSecure.so[0xCBBCB000])[19 9C       ]0x00004166:	LDR	R4, [SP, #0X64]	;(SP=0x100FFD18 )
(    libInnoSecure.so[0xCBBCB000])[28 44       ]0x00004168:	ADD	R0, R5	;(R0=0x3C21BAAC R5=0xD9652B5C )
(    libInnoSecure.so[0xCBBCB000])[44 F2 13 65 ]0x0000416A:	MOVW	R5, #0X4613
(    libInnoSecure.so[0xCBBCB000])[CA F6 30 05 ]0x0000416E:	MOVT	R5, #0XA830	;(R5=0x00004613 )
(    libInnoSecure.so[0xCBBCB000])[28 44       ]0x00004172:	ADD	R0, R5	;(R0=0x1586E608 R5=0xA8304613 )
(    libInnoSecure.so[0xCBBCB000])[21 44       ]0x00004174:	ADD	R1, R4	;(R1=0xD9258A3C R4=0x00000000 )
(    libInnoSecure.so[0xCBBCB000])[04 94       ]0x00004176:	STR	R4, [SP, #0X10]	;(R4=0x00000000 SP=0x100FFD18 )
(    libInnoSecure.so[0xCBBCB000])[03 EB F0 3E ]0x00004178:	ADD.W	LR, R3, R0, ROR #15	;(R3=0xC1E2ABE5 R0=0xBDB72C1B )
(    libInnoSecure.so[0xCBBCB000])[22 EA 0E 00 ]0x0000417C:	BIC.W	R0, R2, LR	;(R2=0xE3657B5C LR=0x1A1A2753 )
(    libInnoSecure.so[0xCBBCB000])[0E EA 03 05 ]0x00004180:	AND.W	R5, LR, R3	;(LR=0x1A1A2753 R3=0xC1E2ABE5 )
(    libInnoSecure.so[0xCBBCB000])[28 43       ]0x00004184:	ORRS	R0, R5	;(R0=0xE165580C R5=0x00022341 )
(    libInnoSecure.so[0xCBBCB000])[06 EB 0E 05 ]0x00004186:	ADD.W	R5, R6, LR	;(R6=0x00000000 LR=0x1A1A2753 )
(    libInnoSecure.so[0xCBBCB000])[08 44       ]0x0000418A:	ADD	R0, R1	;(R0=0xE1677B4D R1=0xD9258A3C )
(    libInnoSecure.so[0xCBBCB000])[49 F2 01 51 ]0x0000418C:	MOVW	R1, #0X9501
(    libInnoSecure.so[0xCBBCB000])[CF F6 46 51 ]0x00004190:	MOVT	R1, #0XFD46	;(R1=0x00009501 )
(    libInnoSecure.so[0xCBBCB000])[08 44       ]0x00004194:	ADD	R0, R1	;(R0=0xBA8D0589 R1=0xFD469501 )
(    libInnoSecure.so[0xCBBCB000])[0E EB B0 21 ]0x00004196:	ADD.W	R1, LR, R0, ROR #10	;(LR=0x1A1A2753 R0=0xB7D39A8A )
(    libInnoSecure.so[0xCBBCB000])[23 EA 01 00 ]0x0000419A:	BIC.W	R0, R3, R1	;(R3=0xC1E2ABE5 R1=0xBCC81C39 )
(    libInnoSecure.so[0xCBBCB000])[01 EA 0E 04 ]0x0000419E:	AND.W	R4, R1, LR	;(R1=0xBCC81C39 LR=0x1A1A2753 )
(    libInnoSecure.so[0xCBBCB000])[20 43       ]0x000041A2:	ORRS	R0, R4	;(R0=0x4122A3C4 R4=0x18080411 )
(    libInnoSecure.so[0xCBBCB000])[1A 9C       ]0x000041A4:	LDR	R4, [SP, #0X68]	;(SP=0x100FFD18 )
(    libInnoSecure.so[0xCBBCB000])[0A 94       ]0x000041A6:	STR	R4, [SP, #0X28]	;(R4=0x00000000 SP=0x100FFD18 )
(    libInnoSecure.so[0xCBBCB000])[22 44       ]0x000041A8:	ADD	R2, R4	;(R2=0xE3657B5C R4=0x00000000 )
(    libInnoSecure.so[0xCBBCB000])[10 44       ]0x000041AA:	ADD	R0, R2	;(R0=0x592AA7D5 R2=0xE3657B5C )
(    libInnoSecure.so[0xCBBCB000])[49 F6 D8 02 ]0x000041AC:	MOVW	R2, #0X98D8
(    libInnoSecure.so[0xCBBCB000])[C6 F6 80 12 ]0x000041B0:	MOVT	R2, #0X6980	;(R2=0x000098D8 )
(    libInnoSecure.so[0xCBBCB000])[10 44       ]0x000041B4:	ADD	R0, R2	;(R0=0x3C902331 R2=0x698098D8 )
(    libInnoSecure.so[0xCBBCB000])[01 EB 70 60 ]0x000041B6:	ADD.W	R0, R1, R0, ROR #25	;(R1=0xBCC81C39 R0=0xA610BC09 )
(    libInnoSecure.so[0xCBBCB000])[2E EA 00 02 ]0x000041BA:	BIC.W	R2, LR, R0	;(LR=0x1A1A2753 R0=0xC526210C )
(    libInnoSecure.so[0xCBBCB000])[00 EA 01 04 ]0x000041BE:	AND.W	R4, R0, R1	;(R0=0xC526210C R1=0xBCC81C39 )
(    libInnoSecure.so[0xCBBCB000])[22 43       ]0x000041C2:	ORRS	R2, R4	;(R2=0x1A180653 R4=0x84000008 )
(    libInnoSecure.so[0xCBBCB000])[1B 9C       ]0x000041C4:	LDR	R4, [SP, #0X6C]	;(SP=0x100FFD18 )
(    libInnoSecure.so[0xCBBCB000])[10 94       ]0x000041C6:	STR	R4, [SP, #0X40]	;(R4=0x00000000 SP=0x100FFD18 )
(    libInnoSecure.so[0xCBBCB000])[23 44       ]0x000041C8:	ADD	R3, R4	;(R3=0xC1E2ABE5 R4=0x00000000 )
(    libInnoSecure.so[0xCBBCB000])[1A 44       ]0x000041CA:	ADD	R2, R3	;(R2=0x9E18065B R3=0xC1E2ABE5 )
(    libInnoSecure.so[0xCBBCB000])[4F F2 AF 73 ]0x000041CC:	MOVW	R3, #0XF7AF
(    libInnoSecure.so[0xCBBCB000])[C8 F6 44 33 ]0x000041D0:	MOVT	R3, #0X8B44	;(R3=0x0000F7AF )
(    libInnoSecure.so[0xCBBCB000])[1A 44       ]0x000041D4:	ADD	R2, R3	;(R2=0x5FFAB240 R3=0x8B44F7AF )
(    libInnoSecure.so[0xCBBCB000])[00 EB 32 53 ]0x000041D6:	ADD.W	R3, R0, R2, ROR #20	;(R0=0xC526210C R2=0xEB3FA9EF )
(    libInnoSecure.so[0xCBBCB000])[21 EA 03 02 ]0x000041DA:	BIC.W	R2, R1, R3	;(R1=0xBCC81C39 R3=0xBFC51FBF )
(    libInnoSecure.so[0xCBBCB000])[03 EA 00 04 ]0x000041DE:	AND.W	R4, R3, R0	;(R3=0xBFC51FBF R0=0xC526210C )
(    libInnoSecure.so[0xCBBCB000])[22 43       ]0x000041E2:	ORRS	R2, R4	;(R2=0x00080000 R4=0x8504010C )
(    libInnoSecure.so[0xCBBCB000])[49 44       ]0x000041E4:	ADD	R1, SB	;(R1=0xBCC81C39 SB=0x00000000 )
(    libInnoSecure.so[0xCBBCB000])[2A 44       ]0x000041E6:	ADD	R2, R5	;(R2=0x850C010C R5=0x1A1A2753 )
(    libInnoSecure.so[0xCBBCB000])[4A F2 4F 45 ]0x000041E8:	MOVW	R5, #0XA44F
(    libInnoSecure.so[0xCBBCB000])[52 1B       ]0x000041EC:	SUBS	R2, R2, R5	;(R2=0x9F26285F R5=0x0000A44F )
(    libInnoSecure.so[0xCBBCB000])[03 EB F2 3E ]0x000041EE:	ADD.W	LR, R3, R2, ROR #15	;(R3=0xBFC51FBF R2=0x9F258410 )
(    libInnoSecure.so[0xCBBCB000])[20 EA 0E 02 ]0x000041F2:	BIC.W	R2, R0, LR	;(R0=0xC526210C LR=0xC7E65E0A )
(    libInnoSecure.so[0xCBBCB000])[0E EA 03 05 ]0x000041F6:	AND.W	R5, LR, R3	;(LR=0xC7E65E0A R3=0xBFC51FBF )
(    libInnoSecure.so[0xCBBCB000])[2A 43       ]0x000041FA:	ORRS	R2, R5	;(R2=0x00002104 R5=0x87C41E0A )
(    libInnoSecure.so[0xCBBCB000])[11 44       ]0x000041FC:	ADD	R1, R2	;(R1=0xBCC81C39 R2=0x87C43F0E )
(    libInnoSecure.so[0xCBBCB000])[4D F2 BE 72 ]0x000041FE:	MOVW	R2, #0XD7BE
(    libInnoSecure.so[0xCBBCB000])[C8 F6 5C 12 ]0x00004202:	MOVT	R2, #0X895C	;(R2=0x0000D7BE )
(    libInnoSecure.so[0xCBBCB000])[11 44       ]0x00004206:	ADD	R1, R2	;(R1=0x448C5B47 R2=0x895CD7BE )
(    libInnoSecure.so[0xCBBCB000])[0E EB B1 21 ]0x00004208:	ADD.W	R1, LR, R1, ROR #10	;(LR=0xC7E65E0A R1=0xCDE93305 )
(    libInnoSecure.so[0xCBBCB000])[23 EA 01 02 ]0x0000420C:	BIC.W	R2, R3, R1	;(R3=0xBFC51FBF R1=0x8959D856 )
(    libInnoSecure.so[0xCBBCB000])[01 EA 0E 05 ]0x00004210:	AND.W	R5, R1, LR	;(R1=0x8959D856 LR=0xC7E65E0A )
(    libInnoSecure.so[0xCBBCB000])[15 43       ]0x00004214:	ORRS	R5, R2	;(R5=0x81405802 R2=0x368407A9 )
(    libInnoSecure.so[0xCBBCB000])[1E 9A       ]0x00004216:	LDR	R2, [SP, #0X78]	;(SP=0x100FFD18 )
(    libInnoSecure.so[0xCBBCB000])[0D 92       ]0x00004218:	STR	R2, [SP, #0X34]	;(R2=0x00000000 SP=0x100FFD18 )
(    libInnoSecure.so[0xCBBCB000])[10 44       ]0x0000421A:	ADD	R0, R2	;(R0=0xC526210C R2=0x00000000 )
(    libInnoSecure.so[0xCBBCB000])[1F 9A       ]0x0000421C:	LDR	R2, [SP, #0X7C]	;(SP=0x100FFD18 )
(    libInnoSecure.so[0xCBBCB000])[28 44       ]0x0000421E:	ADD	R0, R5	;(R0=0xC526210C R5=0xB7C45FAB )
(    libInnoSecure.so[0xCBBCB000])[41 F2 22 15 ]0x00004220:	MOVW	R5, #0X1122
(    libInnoSecure.so[0xCBBCB000])[C6 F6 90 35 ]0x00004224:	MOVT	R5, #0X6B90	;(R5=0x00001122 )
(    libInnoSecure.so[0xCBBCB000])[28 44       ]0x00004228:	ADD	R0, R5	;(R0=0x7CEA80B7 R5=0x6B901122 )
(    libInnoSecure.so[0xCBBCB000])[13 44       ]0x0000422A:	ADD	R3, R2	;(R3=0xBFC51FBF R2=0x00000000 )
(    libInnoSecure.so[0xCBBCB000])[08 92       ]0x0000422C:	STR	R2, [SP, #0X20]	;(R2=0x00000000 SP=0x100FFD18 )
(    libInnoSecure.so[0xCBBCB000])[01 EB 70 60 ]0x0000422E:	ADD.W	R0, R1, R0, ROR #25	;(R1=0x8959D856 R0=0xE87A91D9 )
(    libInnoSecure.so[0xCBBCB000])[20 9A       ]0x00004232:	LDR	R2, [SP, #0X80]	;(SP=0x100FFD18 )
(    libInnoSecure.so[0xCBBCB000])[2E EA 00 05 ]0x00004234:	BIC.W	R5, LR, R0	;(LR=0xC7E65E0A R0=0xC6A2C54A )
(    libInnoSecure.so[0xCBBCB000])[00 EA 01 06 ]0x00004238:	AND.W	R6, R0, R1	;(R0=0xC6A2C54A R1=0x8959D856 )
(    libInnoSecure.so[0xCBBCB000])[2E 43       ]0x0000423C:	ORRS	R6, R5	;(R6=0x8000C042 R5=0x01441A00 )
(    libInnoSecure.so[0xCBBCB000])[02 EB 0E 05 ]0x0000423E:	ADD.W	R5, R2, LR	;(R2=0x000021F0 LR=0xC7E65E0A )
(    libInnoSecure.so[0xCBBCB000])[33 44       ]0x00004242:	ADD	R3, R6	;(R3=0xBFC51FBF R6=0x8144DA42 )
(    libInnoSecure.so[0xCBBCB000])[47 F2 93 16 ]0x00004244:	MOVW	R6, #0X7193
(    libInnoSecure.so[0xCBBCB000])[CF F6 98 56 ]0x00004248:	MOVT	R6, #0XFD98	;(R6=0x00007193 )
(    libInnoSecure.so[0xCBBCB000])[33 44       ]0x0000424C:	ADD	R3, R6	;(R3=0x4109FA01 R6=0xFD987193 )
(    libInnoSecure.so[0xCBBCB000])[96 46       ]0x0000424E:	MOV	LR, R2	;(R2=0x000021F0 )
(    libInnoSecure.so[0xCBBCB000])[21 9A       ]0x00004250:	LDR	R2, [SP, #0X84]	;(SP=0x100FFD18 )
(    libInnoSecure.so[0xCBBCB000])[00 EB 33 5A ]0x00004252:	ADD.W	SL, R0, R3, ROR #20	;(R0=0xC6A2C54A R3=0x3EA26B94 )
(    libInnoSecure.so[0xCBBCB000])[21 EA 0A 03 ]0x00004256:	BIC.W	R3, R1, SL	;(R1=0x8959D856 SL=0xED5C0934 )
(    libInnoSecure.so[0xCBBCB000])[0A EA 00 06 ]0x0000425A:	AND.W	R6, SL, R0	;(SL=0xED5C0934 R0=0xC6A2C54A )
(    libInnoSecure.so[0xCBBCB000])[1E 43       ]0x0000425E:	ORRS	R6, R3	;(R6=0xC4000100 R3=0x0001D042 )
(    libInnoSecure.so[0xCBBCB000])[11 44       ]0x00004260:	ADD	R1, R2	;(R1=0x8959D856 R2=0x00000000 )
(    libInnoSecure.so[0xCBBCB000])[2E 44       ]0x00004262:	ADD	R6, R5	;(R6=0xC401D142 R5=0xC7E67FFA )
(    libInnoSecure.so[0xCBBCB000])[44 F2 8E 35 ]0x00004264:	MOVW	R5, #0X438E
(    libInnoSecure.so[0xCBBCB000])[CA F2 79 65 ]0x00004268:	MOVT	R5, #0XA679	;(R5=0x0000438E )
(    libInnoSecure.so[0xCBBCB000])[2E 44       ]0x0000426C:	ADD	R6, R5	;(R6=0x8BE8513C R5=0xA679438E )
(    libInnoSecure.so[0xCBBCB000])[13 46       ]0x0000426E:	MOV	R3, R2	;(R2=0x00000000 )
(    libInnoSecure.so[0xCBBCB000])[11 9A       ]0x00004270:	LDR	R2, [SP, #0X44]	;(SP=0x100FFD18 )
(    libInnoSecure.so[0xCBBCB000])[0A EB F6 3B ]0x00004272:	ADD.W	FP, SL, R6, ROR #15	;(SL=0xED5C0934 R6=0x326194CA )
(    libInnoSecure.so[0xCBBCB000])[03 93       ]0x00004276:	STR	R3, [SP, #0XC]	;(R3=0x00000000 SP=0x100FFD18 )
(    libInnoSecure.so[0xCBBCB000])[20 EA 0B 06 ]0x00004278:	BIC.W	R6, R0, FP	;(R0=0xC6A2C54A FP=0x16F06DF7 )
(    libInnoSecure.so[0xCBBCB000])[0B EA 0A 05 ]0x0000427C:	AND.W	R5, FP, SL	;(FP=0x16F06DF7 SL=0xED5C0934 )
(    libInnoSecure.so[0xCBBCB000])[35 43       ]0x00004280:	ORRS	R5, R6	;(R5=0x04500934 R6=0xC0028008 )
(    libInnoSecure.so[0xCBBCB000])[2B EA 0A 06 ]0x00004282:	BIC.W	R6, FP, SL	;(FP=0x16F06DF7 SL=0xED5C0934 )
(    libInnoSecure.so[0xCBBCB000])[29 44       ]0x00004286:	ADD	R1, R5	;(R1=0x8959D856 R5=0xC452893C )
(    libInnoSecure.so[0xCBBCB000])[40 F6 21 05 ]0x00004288:	MOVW	R5, #0X821
(    libInnoSecure.so[0xCBBCB000])[C4 F6 B4 15 ]0x0000428C:	MOVT	R5, #0X49B4	;(R5=0x00000821 )
(    libInnoSecure.so[0xCBBCB000])[29 44       ]0x00004290:	ADD	R1, R5	;(R1=0x4DAC6192 R5=0x49B40821 )
(    libInnoSecure.so[0xCBBCB000])[10 44       ]0x00004292:	ADD	R0, R2	;(R0=0xC6A2C54A R2=0x00000000 )
(    libInnoSecure.so[0xCBBCB000])[0B EB B1 21 ]0x00004294:	ADD.W	R1, FP, R1, ROR #10	;(FP=0x16F06DF7 R1=0x976069B3 )
(    libInnoSecure.so[0xCBBCB000])[01 EA 0A 05 ]0x00004298:	AND.W	R5, R1, SL	;(R1=0x83D64611 SL=0xED5C0934 )
(    libInnoSecure.so[0xCBBCB000])[35 43       ]0x0000429C:	ORRS	R5, R6	;(R5=0x81540010 R6=0x12A064C3 )
(    libInnoSecure.so[0xCBBCB000])[21 EA 0B 06 ]0x0000429E:	BIC.W	R6, R1, FP	;(R1=0x83D64611 FP=0x16F06DF7 )
(    libInnoSecure.so[0xCBBCB000])[28 44       ]0x000042A2:	ADD	R0, R5	;(R0=0xC6A2C54A R5=0x93F464D3 )
(    libInnoSecure.so[0xCBBCB000])[42 F2 62 55 ]0x000042A4:	MOVW	R5, #0X2562
(    libInnoSecure.so[0xCBBCB000])[CF F2 1E 65 ]0x000042A8:	MOVT	R5, #0XF61E	;(R5=0x00002562 )
(    libInnoSecure.so[0xCBBCB000])[28 44       ]0x000042AC:	ADD	R0, R5	;(R0=0x5A972A1D R5=0xF61E2562 )
(    libInnoSecure.so[0xCBBCB000])[01 EB F0 60 ]0x000042AE:	ADD.W	R0, R1, R0, ROR #27	;(R1=0x83D64611 R0=0x50B54F7F )
(    libInnoSecure.so[0xCBBCB000])[00 EA 0B 05 ]0x000042B2:	AND.W	R5, R0, FP	;(R0=0x9A8035FB FP=0x16F06DF7 )
(    libInnoSecure.so[0xCBBCB000])[20 EA 01 04 ]0x000042B6:	BIC.W	R4, R0, R1	;(R0=0x9A8035FB R1=0x83D64611 )
(    libInnoSecure.so[0xCBBCB000])[35 43       ]0x000042BA:	ORRS	R5, R6	;(R5=0x128025F3 R6=0x81060200 )
(    libInnoSecure.so[0xCBBCB000])[0C EB 0A 06 ]0x000042BC:	ADD.W	R6, IP, SL	;(IP=0x00000000 SL=0xED5C0934 )
(    libInnoSecure.so[0xCBBCB000])[35 44       ]0x000042C0:	ADD	R5, R6	;(R5=0x938627F3 R6=0xED5C0934 )
(    libInnoSecure.so[0xCBBCB000])[4B F2 40 36 ]0x000042C2:	MOVW	R6, #0XB340
(    libInnoSecure.so[0xCBBCB000])[CC F2 40 06 ]0x000042C6:	MOVT	R6, #0XC040	;(R6=0x0000B340 )
(    libInnoSecure.so[0xCBBCB000])[35 44       ]0x000042CA:	ADD	R5, R6	;(R5=0x80E23127 R6=0xC040B340 )
(    libInnoSecure.so[0xCBBCB000])[CA 46       ]0x000042CC:	MOV	SL, SB	;(SB=0x00000000 )
(    libInnoSecure.so[0xCBBCB000])[DD F8 24 90 ]0x000042CE:	LDR.W	SB, [SP, #0X24]	;(SP=0x100FFD18 )
(    libInnoSecure.so[0xCBBCB000])[00 EB F5 55 ]0x000042D2:	ADD.W	R5, R0, R5, ROR #23	;(R0=0x9A8035FB R5=0x4122E467 )
(    libInnoSecure.so[0xCBBCB000])[F4 46       ]0x000042D6:	MOV	IP, LR	;(LR=0x000021F0 )
(    libInnoSecure.so[0xCBBCB000])[05 EA 01 06 ]0x000042D8:	AND.W	R6, R5, R1	;(R5=0xE049047D R1=0x83D64611 )
(    libInnoSecure.so[0xCBBCB000])[25 EA 00 02 ]0x000042DC:	BIC.W	R2, R5, R0	;(R5=0xE049047D R0=0x9A8035FB )
(    libInnoSecure.so[0xCBBCB000])[34 43       ]0x000042E0:	ORRS	R4, R6	;(R4=0x180031EA R6=0x80400411 )
(    libInnoSecure.so[0xCBBCB000])[0A EB 0B 06 ]0x000042E2:	ADD.W	R6, SL, FP	;(SL=0x00000000 FP=0x16F06DF7 )
(    libInnoSecure.so[0xCBBCB000])[34 44       ]0x000042E6:	ADD	R4, R6	;(R4=0x984035FB R6=0x16F06DF7 )
(    libInnoSecure.so[0xCBBCB000])[45 F6 51 26 ]0x000042E8:	MOVW	R6, #0X5A51
(    libInnoSecure.so[0xCBBCB000])[C2 F2 5E 66 ]0x000042EC:	MOVT	R6, #0X265E	;(R6=0x00005A51 )
(    libInnoSecure.so[0xCBBCB000])[34 44       ]0x000042F0:	ADD	R4, R6	;(R4=0xAF30A3F2 R6=0x265E5A51 )
(    libInnoSecure.so[0xCBBCB000])[DD F8 2C B0 ]0x000042F2:	LDR.W	FP, [SP, #0X2C]	;(SP=0x100FFD18 )
(    libInnoSecure.so[0xCBBCB000])[05 EB B4 44 ]0x000042F6:	ADD.W	R4, R5, R4, ROR #18	;(R5=0xE049047D R4=0xD58EFE43 )
(    libInnoSecure.so[0xCBBCB000])[DD F8 10 E0 ]0x000042FA:	LDR.W	LR, [SP, #0X10]	;(SP=0x100FFD18 )
(    libInnoSecure.so[0xCBBCB000])[04 EA 00 06 ]0x000042FE:	AND.W	R6, R4, R0	;(R4=0x9FD9F9E0 R0=0x9A8035FB )
(    libInnoSecure.so[0xCBBCB000])[48 44       ]0x00004302:	ADD	R0, SB	;(R0=0x9A8035FB SB=0x00000000 )
(    libInnoSecure.so[0xCBBCB000])[32 43       ]0x00004304:	ORRS	R2, R6	;(R2=0x60490004 R6=0x9A8031E0 )
(    libInnoSecure.so[0xCBBCB000])[0E 9E       ]0x00004306:	LDR	R6, [SP, #0X38]	;(SP=0x100FFD18 )
(    libInnoSecure.so[0xCBBCB000])[CD F8 04 C0 ]0x00004308:	STR.W	IP, [SP, #4]	;(IP=0x000021F0 SP=0x100FFD18 )
(    libInnoSecure.so[0xCBBCB000])[31 44       ]0x0000430C:	ADD	R1, R6	;(R1=0x83D64611 R6=0x00000000 )
(    libInnoSecure.so[0xCBBCB000])[24 EA 05 06 ]0x0000430E:	BIC.W	R6, R4, R5	;(R4=0x9FD9F9E0 R5=0xE049047D )
(    libInnoSecure.so[0xCBBCB000])[11 44       ]0x00004312:	ADD	R1, R2	;(R1=0x83D64611 R2=0xFAC931E4 )
(    libInnoSecure.so[0xCBBCB000])[4C F2 AA 72 ]0x00004314:	MOVW	R2, #0XC7AA
(    libInnoSecure.so[0xCBBCB000])[CE F6 B6 12 ]0x00004318:	MOVT	R2, #0XE9B6	;(R2=0x0000C7AA )
(    libInnoSecure.so[0xCBBCB000])[11 44       ]0x0000431C:	ADD	R1, R2	;(R1=0x7E9F77F5 R2=0xE9B6C7AA )
(    libInnoSecure.so[0xCBBCB000])[CD F8 14 A0 ]0x0000431E:	STR.W	SL, [SP, #0X14]	;(SL=0x00000000 SP=0x100FFD18 )
(    libInnoSecure.so[0xCBBCB000])[04 EB 31 31 ]0x00004322:	ADD.W	R1, R4, R1, ROR #12	;(R4=0x9FD9F9E0 R1=0x68563F9F )
(    libInnoSecure.so[0xCBBCB000])[01 EA 05 02 ]0x00004326:	AND.W	R2, R1, R5	;(R1=0x99D07F43 R5=0xE049047D )
(    libInnoSecure.so[0xCBBCB000])[45 44       ]0x0000432A:	ADD	R5, R8	;(R5=0xE049047D R8=0x00000000 )
(    libInnoSecure.so[0xCBBCB000])[32 43       ]0x0000432C:	ORRS	R2, R6	;(R2=0x80400441 R6=0x1F90F980 )
(    libInnoSecure.so[0xCBBCB000])[21 EA 04 06 ]0x0000432E:	BIC.W	R6, R1, R4	;(R1=0x99D07F43 R4=0x9FD9F9E0 )
(    libInnoSecure.so[0xCBBCB000])[10 44       ]0x00004332:	ADD	R0, R2	;(R0=0x9A8035FB R2=0x9FD0FDC1 )
(    libInnoSecure.so[0xCBBCB000])[41 F2 5D 02 ]0x00004334:	MOVW	R2, #0X105D
(    libInnoSecure.so[0xCBBCB000])[CD F2 2F 62 ]0x00004338:	MOVT	R2, #0XD62F	;(R2=0x0000105D )
(    libInnoSecure.so[0xCBBCB000])[10 44       ]0x0000433C:	ADD	R0, R2	;(R0=0x3A5133BC R2=0xD62F105D )
(    libInnoSecure.so[0xCBBCB000])[DD F8 20 80 ]0x0000433E:	LDR.W	R8, [SP, #0X20]	;(SP=0x100FFD18 )
(    libInnoSecure.so[0xCBBCB000])[01 EB F0 60 ]0x00004342:	ADD.W	R0, R1, R0, ROR #27	;(R1=0x99D07F43 R0=0x10804419 )
(    libInnoSecure.so[0xCBBCB000])[00 EA 04 02 ]0x00004346:	AND.W	R2, R0, R4	;(R0=0xA9D90265 R4=0x9FD9F9E0 )
(    libInnoSecure.so[0xCBBCB000])[1C 44       ]0x0000434A:	ADD	R4, R3	;(R4=0x9FD9F9E0 R3=0x00000000 )
(    libInnoSecure.so[0xCBBCB000])[32 43       ]0x0000434C:	ORRS	R2, R6	;(R2=0x89D90060 R6=0x00000603 )
(    libInnoSecure.so[0xCBBCB000])[20 EA 01 06 ]0x0000434E:	BIC.W	R6, R0, R1	;(R0=0xA9D90265 R1=0x99D07F43 )
(    libInnoSecure.so[0xCBBCB000])[2A 44       ]0x00004352:	ADD	R2, R5	;(R2=0x89D90663 R5=0xE049047D )
(    libInnoSecure.so[0xCBBCB000])[41 F2 53 45 ]0x00004354:	MOVW	R5, #0X1453
(    libInnoSecure.so[0xCBBCB000])[C0 F2 44 25 ]0x00004358:	MOVT	R5, #0X244	;(R5=0x00001453 )
(    libInnoSecure.so[0xCBBCB000])[2A 44       ]0x0000435C:	ADD	R2, R5	;(R2=0x6A220AE0 R5=0x02441453 )
(    libInnoSecure.so[0xCBBCB000])[10 9B       ]0x0000435E:	LDR	R3, [SP, #0X40]	;(SP=0x100FFD18 )
(    libInnoSecure.so[0xCBBCB000])[00 EB F2 52 ]0x00004360:	ADD.W	R2, R0, R2, ROR #23	;(R0=0xA9D90265 R2=0x6C661F33 )
(    libInnoSecure.so[0xCBBCB000])[02 EA 01 05 ]0x00004364:	AND.W	R5, R2, R1	;(R2=0x7617693D R1=0x99D07F43 )
(    libInnoSecure.so[0xCBBCB000])[59 44       ]0x00004368:	ADD	R1, FP	;(R1=0x99D07F43 FP=0x00000000 )
(    libInnoSecure.so[0xCBBCB000])[35 43       ]0x0000436A:	ORRS	R5, R6	;(R5=0x10106901 R6=0x20090024 )
(    libInnoSecure.so[0xCBBCB000])[22 EA 00 06 ]0x0000436C:	BIC.W	R6, R2, R0	;(R2=0x7617693D R0=0xA9D90265 )
(    libInnoSecure.so[0xCBBCB000])[2C 44       ]0x00004370:	ADD	R4, R5	;(R4=0x9FD9F9E0 R5=0x30196925 )
(    libInnoSecure.so[0xCBBCB000])[4E F2 81 65 ]0x00004372:	MOVW	R5, #0XE681
(    libInnoSecure.so[0xCBBCB000])[CD F6 A1 05 ]0x00004376:	MOVT	R5, #0XD8A1	;(R5=0x0000E681 )
(    libInnoSecure.so[0xCBBCB000])[2C 44       ]0x0000437A:	ADD	R4, R5	;(R4=0xCFF36305 R5=0xD8A1E681 )
(    libInnoSecure.so[0xCBBCB000])[02 EB B4 44 ]0x0000437C:	ADD.W	R4, R2, R4, ROR #18	;(R2=0x7617693D R4=0xA8954986 )
(    libInnoSecure.so[0xCBBCB000])[04 EA 00 05 ]0x00004380:	AND.W	R5, R4, R0	;(R4=0xC8791362 R0=0xA9D90265 )
(    libInnoSecure.so[0xCBBCB000])[18 44       ]0x00004384:	ADD	R0, R3	;(R0=0xA9D90265 R3=0x00000000 )
(    libInnoSecure.so[0xCBBCB000])[35 43       ]0x00004386:	ORRS	R5, R6	;(R5=0x88590260 R6=0x56066918 )
(    libInnoSecure.so[0xCBBCB000])[24 EA 02 06 ]0x00004388:	BIC.W	R6, R4, R2	;(R4=0xC8791362 R2=0x7617693D )
(    libInnoSecure.so[0xCBBCB000])[29 44       ]0x0000438C:	ADD	R1, R5	;(R1=0x99D07F43 R5=0xDE5F6B78 )
(    libInnoSecure.so[0xCBBCB000])[4F F6 C8 35 ]0x0000438E:	MOVW	R5, #0XFBC8
(    libInnoSecure.so[0xCBBCB000])[CE F2 D3 75 ]0x00004392:	MOVT	R5, #0XE7D3	;(R5=0x0000FBC8 )
(    libInnoSecure.so[0xCBBCB000])[29 44       ]0x00004396:	ADD	R1, R5	;(R1=0x782FEABB R5=0xE7D3FBC8 )
(    libInnoSecure.so[0xCBBCB000])[0F 9B       ]0x00004398:	LDR	R3, [SP, #0X3C]	;(SP=0x100FFD18 )
(    libInnoSecure.so[0xCBBCB000])[04 EB 31 31 ]0x0000439A:	ADD.W	R1, R4, R1, ROR #12	;(R4=0xC8791362 R1=0x6003E683 )
(    libInnoSecure.so[0xCBBCB000])[01 EA 02 05 ]0x0000439E:	AND.W	R5, R1, R2	;(R1=0x30AF13A0 R2=0x7617693D )
(    libInnoSecure.so[0xCBBCB000])[62 44       ]0x000043A2:	ADD	R2, IP	;(R2=0x7617693D IP=0x000021F0 )
(    libInnoSecure.so[0xCBBCB000])[35 43       ]0x000043A4:	ORRS	R5, R6	;(R5=0x30070120 R6=0x88681242 )
(    libInnoSecure.so[0xCBBCB000])[21 EA 04 06 ]0x000043A6:	BIC.W	R6, R1, R4	;(R1=0x30AF13A0 R4=0xC8791362 )
(    libInnoSecure.so[0xCBBCB000])[28 44       ]0x000043AA:	ADD	R0, R5	;(R0=0xA9D90265 R5=0xB86F1362 )
(    libInnoSecure.so[0xCBBCB000])[4C F6 E6 55 ]0x000043AC:	MOVW	R5, #0XCDE6
(    libInnoSecure.so[0xCBBCB000])[C2 F2 E1 15 ]0x000043B0:	MOVT	R5, #0X21E1	;(R5=0x0000CDE6 )
(    libInnoSecure.so[0xCBBCB000])[28 44       ]0x000043B4:	ADD	R0, R5	;(R0=0x624815C7 R5=0x21E1CDE6 )
(    libInnoSecure.so[0xCBBCB000])[01 EB F0 60 ]0x000043B6:	ADD.W	R0, R1, R0, ROR #27	;(R1=0x30AF13A0 R0=0x8429E3AD )
(    libInnoSecure.so[0xCBBCB000])[00 EA 04 05 ]0x000043BA:	AND.W	R5, R0, R4	;(R0=0xB5EB8950 R4=0xC8791362 )
(    libInnoSecure.so[0xCBBCB000])[1C 44       ]0x000043BE:	ADD	R4, R3	;(R4=0xC8791362 R3=0x00000000 )
(    libInnoSecure.so[0xCBBCB000])[35 43       ]0x000043C0:	ORRS	R5, R6	;(R5=0x80690140 R6=0x30860080 )
(    libInnoSecure.so[0xCBBCB000])[20 EA 01 06 ]0x000043C2:	BIC.W	R6, R0, R1	;(R0=0xB5EB8950 R1=0x30AF13A0 )
(    libInnoSecure.so[0xCBBCB000])[2A 44       ]0x000043C6:	ADD	R2, R5	;(R2=0x76178B2D R5=0xB0EF01C0 )
(    libInnoSecure.so[0xCBBCB000])[40 F2 D6 75 ]0x000043C8:	MOVW	R5, #0X7D6
(    libInnoSecure.so[0xCBBCB000])[CC F2 37 35 ]0x000043CC:	MOVT	R5, #0XC337	;(R5=0x000007D6 )
(    libInnoSecure.so[0xCBBCB000])[2A 44       ]0x000043D0:	ADD	R2, R5	;(R2=0x27068CED R5=0xC33707D6 )
(    libInnoSecure.so[0xCBBCB000])[0A 9B       ]0x000043D2:	LDR	R3, [SP, #0X28]	;(SP=0x100FFD18 )
(    libInnoSecure.so[0xCBBCB000])[00 EB F2 52 ]0x000043D4:	ADD.W	R2, R0, R2, ROR #23	;(R0=0xB5EB8950 R2=0xEA3D94C3 )
(    libInnoSecure.so[0xCBBCB000])[02 EA 01 05 ]0x000043D8:	AND.W	R5, R2, R1	;(R2=0x31151124 R1=0x30AF13A0 )
(    libInnoSecure.so[0xCBBCB000])[19 44       ]0x000043DC:	ADD	R1, R3	;(R1=0x30AF13A0 R3=0x00000000 )
(    libInnoSecure.so[0xCBBCB000])[35 43       ]0x000043DE:	ORRS	R5, R6	;(R5=0x30051120 R6=0x85408850 )
(    libInnoSecure.so[0xCBBCB000])[22 EA 00 06 ]0x000043E0:	BIC.W	R6, R2, R0	;(R2=0x31151124 R0=0xB5EB8950 )
(    libInnoSecure.so[0xCBBCB000])[2C 44       ]0x000043E4:	ADD	R4, R5	;(R4=0xC8791362 R5=0xB5459970 )
(    libInnoSecure.so[0xCBBCB000])[40 F6 87 55 ]0x000043E6:	MOVW	R5, #0XD87
(    libInnoSecure.so[0xCBBCB000])[CF F2 D5 45 ]0x000043EA:	MOVT	R5, #0XF4D5	;(R5=0x00000D87 )
(    libInnoSecure.so[0xCBBCB000])[2C 44       ]0x000043EE:	ADD	R4, R5	;(R4=0x7DBEACD2 R5=0xF4D50D87 )
(    libInnoSecure.so[0xCBBCB000])[02 EB B4 44 ]0x000043F0:	ADD.W	R4, R2, R4, ROR #18	;(R2=0x31151124 R4=0x7293BA59 )
(    libInnoSecure.so[0xCBBCB000])[04 EA 00 05 ]0x000043F4:	AND.W	R5, R4, R0	;(R4=0x1FAB6DC8 R0=0xB5EB8950 )
(    libInnoSecure.so[0xCBBCB000])[40 44       ]0x000043F8:	ADD	R0, R8	;(R0=0xB5EB8950 R8=0x00000000 )
(    libInnoSecure.so[0xCBBCB000])[35 43       ]0x000043FA:	ORRS	R5, R6	;(R5=0x15AB0940 R6=0x00141024 )
(    libInnoSecure.so[0xCBBCB000])[24 EA 02 06 ]0x000043FC:	BIC.W	R6, R4, R2	;(R4=0x1FAB6DC8 R2=0x31151124 )
(    libInnoSecure.so[0xCBBCB000])[29 44       ]0x00004400:	ADD	R1, R5	;(R1=0x30AF13A0 R5=0x15BF1964 )
(    libInnoSecure.so[0xCBBCB000])[41 F2 ED 45 ]0x00004402:	MOVW	R5, #0X14ED
(    libInnoSecure.so[0xCBBCB000])[C4 F2 5A 55 ]0x00004406:	MOVT	R5, #0X455A	;(R5=0x000014ED )
(    libInnoSecure.so[0xCBBCB000])[29 44       ]0x0000440A:	ADD	R1, R5	;(R1=0x466E2D04 R5=0x455A14ED )
(    libInnoSecure.so[0xCBBCB000])[04 EB 31 31 ]0x0000440C:	ADD.W	R1, R4, R1, ROR #12	;(R4=0x1FAB6DC8 R1=0x8BC841F1 )
(    libInnoSecure.so[0xCBBCB000])[01 EA 02 05 ]0x00004410:	AND.W	R5, R1, R2	;(R1=0x3EC42A4C R2=0x31151124 )
(    libInnoSecure.so[0xCBBCB000])[35 43       ]0x00004414:	ORRS	R5, R6	;(R5=0x30040004 R6=0x0EAA6CC8 )
(    libInnoSecure.so[0xCBBCB000])[21 EA 04 06 ]0x00004416:	BIC.W	R6, R1, R4	;(R1=0x3EC42A4C R4=0x1FAB6DC8 )
(    libInnoSecure.so[0xCBBCB000])[28 44       ]0x0000441A:	ADD	R0, R5	;(R0=0xB5EB8950 R5=0x3EAE6CCC )
(    libInnoSecure.so[0xCBBCB000])[4E F6 05 15 ]0x0000441C:	MOVW	R5, #0XE905
(    libInnoSecure.so[0xCBBCB000])[CA F6 E3 15 ]0x00004420:	MOVT	R5, #0XA9E3	;(R5=0x0000E905 )
(    libInnoSecure.so[0xCBBCB000])[28 44       ]0x00004424:	ADD	R0, R5	;(R0=0xF499F61C R5=0xA9E3E905 )
(    libInnoSecure.so[0xCBBCB000])[01 EB F0 60 ]0x00004426:	ADD.W	R0, R1, R0, ROR #27	;(R1=0x3EC42A4C R0=0x9E7DDF21 )
(    libInnoSecure.so[0xCBBCB000])[00 EA 04 05 ]0x0000442A:	AND.W	R5, R0, R4	;(R0=0x0E800E7F R4=0x1FAB6DC8 )
(    libInnoSecure.so[0xCBBCB000])[74 44       ]0x0000442E:	ADD	R4, LR	;(R4=0x1FAB6DC8 LR=0x00000000 )
(    libInnoSecure.so[0xCBBCB000])[35 43       ]0x00004430:	ORRS	R5, R6	;(R5=0x0E800C48 R6=0x20440204 )
(    libInnoSecure.so[0xCBBCB000])[0C 9E       ]0x00004432:	LDR	R6, [SP, #0X30]	;(SP=0x100FFD18 )
(    libInnoSecure.so[0xCBBCB000])[32 44       ]0x00004434:	ADD	R2, R6	;(R2=0x31151124 R6=0x00000000 )
(    libInnoSecure.so[0xCBBCB000])[20 EA 01 06 ]0x00004436:	BIC.W	R6, R0, R1	;(R0=0x0E800E7F R1=0x3EC42A4C )
(    libInnoSecure.so[0xCBBCB000])[2A 44       ]0x0000443A:	ADD	R2, R5	;(R2=0x31151124 R5=0x2EC40E4C )
(    libInnoSecure.so[0xCBBCB000])[4A F2 F8 35 ]0x0000443C:	MOVW	R5, #0XA3F8
(    libInnoSecure.so[0xCBBCB000])[CF F6 EF 45 ]0x00004440:	MOVT	R5, #0XFCEF	;(R5=0x0000A3F8 )
(    libInnoSecure.so[0xCBBCB000])[2A 44       ]0x00004444:	ADD	R2, R5	;(R2=0x5FD91F70 R5=0xFCEFA3F8 )
(    libInnoSecure.so[0xCBBCB000])[00 EB F2 52 ]0x00004446:	ADD.W	R2, R0, R2, ROR #23	;(R0=0x0E800E7F R2=0x5CC8C368 )
(    libInnoSecure.so[0xCBBCB000])[02 EA 01 05 ]0x0000444A:	AND.W	R5, R2, R1	;(R2=0xA006DF38 R1=0x3EC42A4C )
(    libInnoSecure.so[0xCBBCB000])[35 43       ]0x0000444E:	ORRS	R5, R6	;(R5=0x20040A08 R6=0x00000433 )
(    libInnoSecure.so[0xCBBCB000])[22 EA 00 06 ]0x00004450:	BIC.W	R6, R2, R0	;(R2=0xA006DF38 R0=0x0E800E7F )
(    libInnoSecure.so[0xCBBCB000])[2C 44       ]0x00004454:	ADD	R4, R5	;(R4=0x1FAB6DC8 R5=0x20040E3B )
(    libInnoSecure.so[0xCBBCB000])[40 F2 D9 25 ]0x00004456:	MOVW	R5, #0X2D9
(    libInnoSecure.so[0xCBBCB000])[C6 F2 6F 75 ]0x0000445A:	MOVT	R5, #0X676F	;(R5=0x000002D9 )
(    libInnoSecure.so[0xCBBCB000])[2C 44       ]0x0000445E:	ADD	R4, R5	;(R4=0x3FAF7C03 R5=0x676F02D9 )
(    libInnoSecure.so[0xCBBCB000])[02 EB B4 44 ]0x00004460:	ADD.W	R4, R2, R4, ROR #18	;(R2=0xA006DF38 R4=0xA71E7EDC )
(    libInnoSecure.so[0xCBBCB000])[04 EA 00 05 ]0x00004464:	AND.W	R5, R4, R0	;(R4=0x3FBE08FF R0=0x0E800E7F )
(    libInnoSecure.so[0xCBBCB000])[48 44       ]0x00004468:	ADD	R0, SB	;(R0=0x0E800E7F SB=0x00000000 )
(    libInnoSecure.so[0xCBBCB000])[35 43       ]0x0000446A:	ORRS	R5, R6	;(R5=0x0E80087F R6=0xA006D100 )
(    libInnoSecure.so[0xCBBCB000])[0D 9E       ]0x0000446C:	LDR	R6, [SP, #0X34]	;(SP=0x100FFD18 )
(    libInnoSecure.so[0xCBBCB000])[DD F8 18 90 ]0x0000446E:	LDR.W	SB, [SP, #0X18]	;(SP=0x100FFD18 )
(    libInnoSecure.so[0xCBBCB000])[31 44       ]0x00004472:	ADD	R1, R6	;(R1=0x3EC42A4C R6=0x00000000 )
(    libInnoSecure.so[0xCBBCB000])[0E 9E       ]0x00004474:	LDR	R6, [SP, #0X38]	;(SP=0x100FFD18 )
(    libInnoSecure.so[0xCBBCB000])[29 44       ]0x00004476:	ADD	R1, R5	;(R1=0x3EC42A4C R5=0xAE86D97F )
(    libInnoSecure.so[0xCBBCB000])[44 F6 8A 45 ]0x00004478:	MOVW	R5, #0X4C8A
(    libInnoSecure.so[0xCBBCB000])[C8 F6 2A 55 ]0x0000447C:	MOVT	R5, #0X8D2A	;(R5=0x00004C8A )
(    libInnoSecure.so[0xCBBCB000])[29 44       ]0x00004480:	ADD	R1, R5	;(R1=0xED4B03CB R5=0x8D2A4C8A )
(    libInnoSecure.so[0xCBBCB000])[84 EA 02 05 ]0x00004482:	EOR.W	R5, R4, R2	;(R4=0x3FBE08FF R2=0xA006DF38 )
(    libInnoSecure.so[0xCBBCB000])[1A 44       ]0x00004486:	ADD	R2, R3	;(R2=0xA006DF38 R3=0x00000000 )
(    libInnoSecure.so[0xCBBCB000])[04 EB 31 31 ]0x00004488:	ADD.W	R1, R4, R1, ROR #12	;(R4=0x3FBE08FF R1=0x7A755055 )
(    libInnoSecure.so[0xCBBCB000])[11 9B       ]0x0000448C:	LDR	R3, [SP, #0X44]	;(SP=0x100FFD18 )
(    libInnoSecure.so[0xCBBCB000])[4D 40       ]0x0000448E:	EORS	R5, R1	;(R5=0x9FB8D7C7 R1=0x4515B054 )
(    libInnoSecure.so[0xCBBCB000])[28 44       ]0x00004490:	ADD	R0, R5	;(R0=0x0E800E7F R5=0xDAAD6793 )
(    libInnoSecure.so[0xCBBCB000])[43 F6 42 15 ]0x00004492:	MOVW	R5, #0X3942
(    libInnoSecure.so[0xCBBCB000])[CF F6 FA 75 ]0x00004496:	MOVT	R5, #0XFFFA	;(R5=0x00003942 )
(    libInnoSecure.so[0xCBBCB000])[28 44       ]0x0000449A:	ADD	R0, R5	;(R0=0xE92D7612 R5=0xFFFA3942 )
(    libInnoSecure.so[0xCBBCB000])[81 EA 04 05 ]0x0000449C:	EOR.W	R5, R1, R4	;(R1=0x4515B054 R4=0x3FBE08FF )
(    libInnoSecure.so[0xCBBCB000])[54 44       ]0x000044A0:	ADD	R4, SL	;(R4=0x3FBE08FF SL=0x00000000 )
(    libInnoSecure.so[0xCBBCB000])[01 EB 30 70 ]0x000044A2:	ADD.W	R0, R1, R0, ROR #28	;(R1=0x4515B054 R0=0xE927AF54 )
(    libInnoSecure.so[0xCBBCB000])[DD F8 30 A0 ]0x000044A6:	LDR.W	SL, [SP, #0X30]	;(SP=0x100FFD18 )
(    libInnoSecure.so[0xCBBCB000])[45 40       ]0x000044AA:	EORS	R5, R0	;(R5=0x7AABB8AB R0=0xD790A5A2 )
(    libInnoSecure.so[0xCBBCB000])[2A 44       ]0x000044AC:	ADD	R2, R5	;(R2=0xA006DF38 R5=0xAD3B1D09 )
(    libInnoSecure.so[0xCBBCB000])[4F F2 81 65 ]0x000044AE:	MOVW	R5, #0XF681
(    libInnoSecure.so[0xCBBCB000])[C8 F2 71 75 ]0x000044B2:	MOVT	R5, #0X8771	;(R5=0x0000F681 )
(    libInnoSecure.so[0xCBBCB000])[2A 44       ]0x000044B6:	ADD	R2, R5	;(R2=0x4D41FC41 R5=0x8771F681 )
(    libInnoSecure.so[0xCBBCB000])[80 EA 01 05 ]0x000044B8:	EOR.W	R5, R0, R1	;(R0=0xD790A5A2 R1=0x4515B054 )
(    libInnoSecure.so[0xCBBCB000])[61 44       ]0x000044BC:	ADD	R1, IP	;(R1=0x4515B054 IP=0x000021F0 )
(    libInnoSecure.so[0xCBBCB000])[00 EB 72 52 ]0x000044BE:	ADD.W	R2, R0, R2, ROR #21	;(R0=0xD790A5A2 R2=0xD4B3F2C2 )
(    libInnoSecure.so[0xCBBCB000])[DD F8 3C C0 ]0x000044C2:	LDR.W	IP, [SP, #0X3C]	;(SP=0x100FFD18 )
(    libInnoSecure.so[0xCBBCB000])[55 40       ]0x000044C6:	EORS	R5, R2	;(R5=0x928515F6 R2=0x7726BC47 )
(    libInnoSecure.so[0xCBBCB000])[2C 44       ]0x000044C8:	ADD	R4, R5	;(R4=0x3FBE08FF R5=0xE5A3A9B1 )
(    libInnoSecure.so[0xCBBCB000])[46 F2 22 15 ]0x000044CA:	MOVW	R5, #0X6122
(    libInnoSecure.so[0xCBBCB000])[C6 F6 9D 55 ]0x000044CE:	MOVT	R5, #0X6D9D	;(R5=0x00006122 )
(    libInnoSecure.so[0xCBBCB000])[2C 44       ]0x000044D2:	ADD	R4, R5	;(R4=0x2561B2B0 R5=0x6D9D6122 )
(    libInnoSecure.so[0xCBBCB000])[82 EA 00 05 ]0x000044D4:	EOR.W	R5, R2, R0	;(R2=0x7726BC47 R0=0xD790A5A2 )
(    libInnoSecure.so[0xCBBCB000])[18 44       ]0x000044D8:	ADD	R0, R3	;(R0=0xD790A5A2 R3=0x00000000 )
(    libInnoSecure.so[0xCBBCB000])[02 EB 34 44 ]0x000044DA:	ADD.W	R4, R2, R4, ROR #16	;(R2=0x7726BC47 R4=0x92FF13D2 )
(    libInnoSecure.so[0xCBBCB000])[73 46       ]0x000044DE:	MOV	R3, LR	;(LR=0x00000000 )
(    libInnoSecure.so[0xCBBCB000])[65 40       ]0x000044E0:	EORS	R5, R4	;(R5=0xA0B619E5 R4=0x8AF94F46 )
(    libInnoSecure.so[0xCBBCB000])[29 44       ]0x000044E2:	ADD	R1, R5	;(R1=0x4515D244 R5=0x2A4F56A3 )
(    libInnoSecure.so[0xCBBCB000])[43 F6 0C 05 ]0x000044E4:	MOVW	R5, #0X380C
(    libInnoSecure.so[0xCBBCB000])[CF F6 E5 55 ]0x000044E8:	MOVT	R5, #0XFDE5	;(R5=0x0000380C )
(    libInnoSecure.so[0xCBBCB000])[29 44       ]0x000044EC:	ADD	R1, R5	;(R1=0x6F6528E7 R5=0xFDE5380C )
(    libInnoSecure.so[0xCBBCB000])[84 EA 02 05 ]0x000044EE:	EOR.W	R5, R4, R2	;(R4=0x8AF94F46 R2=0x7726BC47 )
(    libInnoSecure.so[0xCBBCB000])[5A 44       ]0x000044F2:	ADD	R2, FP	;(R2=0x7726BC47 FP=0x00000000 )
(    libInnoSecure.so[0xCBBCB000])[04 EB 71 21 ]0x000044F4:	ADD.W	R1, R4, R1, ROR #9	;(R4=0x8AF94F46 R1=0x6D4A60F3 )
(    libInnoSecure.so[0xCBBCB000])[DD F8 08 B0 ]0x000044F8:	LDR.W	FP, [SP, #8]	;(SP=0x100FFD18 )
(    libInnoSecure.so[0xCBBCB000])[4D 40       ]0x000044FC:	EORS	R5, R1	;(R5=0xFDDFF301 R1=0x04AFF476 )
(    libInnoSecure.so[0xCBBCB000])[28 44       ]0x000044FE:	ADD	R0, R5	;(R0=0xD790A5A2 R5=0xF9700777 )
(    libInnoSecure.so[0xCBBCB000])[4E F6 44 25 ]0x00004500:	MOVW	R5, #0XEA44
(    libInnoSecure.so[0xCBBCB000])[CA F2 BE 45 ]0x00004504:	MOVT	R5, #0XA4BE	;(R5=0x0000EA44 )
(    libInnoSecure.so[0xCBBCB000])[28 44       ]0x00004508:	ADD	R0, R5	;(R0=0xD100AD19 R5=0xA4BEEA44 )
(    libInnoSecure.so[0xCBBCB000])[81 EA 04 05 ]0x0000450A:	EOR.W	R5, R1, R4	;(R1=0x04AFF476 R4=0x8AF94F46 )
(    libInnoSecure.so[0xCBBCB000])[1C 44       ]0x0000450E:	ADD	R4, R3	;(R4=0x8AF94F46 R3=0x00000000 )
(    libInnoSecure.so[0xCBBCB000])[01 EB 30 70 ]0x00004510:	ADD.W	R0, R1, R0, ROR #28	;(R1=0x04AFF476 R0=0x75BF975D )
(    libInnoSecure.so[0xCBBCB000])[45 40       ]0x00004514:	EORS	R5, R0	;(R5=0x8E56BB30 R0=0x60A96A4D )
(    libInnoSecure.so[0xCBBCB000])[2A 44       ]0x00004516:	ADD	R2, R5	;(R2=0x7726BC47 R5=0xEEFFD17D )
(    libInnoSecure.so[0xCBBCB000])[4C F6 A9 75 ]0x00004518:	MOVW	R5, #0XCFA9
(    libInnoSecure.so[0xCBBCB000])[C4 F6 DE 35 ]0x0000451C:	MOVT	R5, #0X4BDE	;(R5=0x0000CFA9 )
(    libInnoSecure.so[0xCBBCB000])[2A 44       ]0x00004520:	ADD	R2, R5	;(R2=0x66268DC4 R5=0x4BDECFA9 )
(    libInnoSecure.so[0xCBBCB000])[80 EA 01 05 ]0x00004522:	EOR.W	R5, R0, R1	;(R0=0x60A96A4D R1=0x04AFF476 )
(    libInnoSecure.so[0xCBBCB000])[59 44       ]0x00004526:	ADD	R1, FP	;(R1=0x04AFF476 FP=0x00000000 )
(    libInnoSecure.so[0xCBBCB000])[00 EB 72 52 ]0x00004528:	ADD.W	R2, R0, R2, ROR #21	;(R0=0x60A96A4D R2=0xB2055D6D )
(    libInnoSecure.so[0xCBBCB000])[55 40       ]0x0000452C:	EORS	R5, R2	;(R5=0x64069E3B R2=0x8B94D7DD )
(    libInnoSecure.so[0xCBBCB000])[2C 44       ]0x0000452E:	ADD	R4, R5	;(R4=0x8AF94F46 R5=0xEF9249E6 )
(    libInnoSecure.so[0xCBBCB000])[44 F6 60 35 ]0x00004530:	MOVW	R5, #0X4B60
(    libInnoSecure.so[0xCBBCB000])[CF F2 BB 65 ]0x00004534:	MOVT	R5, #0XF6BB	;(R5=0x00004B60 )
(    libInnoSecure.so[0xCBBCB000])[2C 44       ]0x00004538:	ADD	R4, R5	;(R4=0x7A8B992C R5=0xF6BB4B60 )
(    libInnoSecure.so[0xCBBCB000])[82 EA 00 05 ]0x0000453A:	EOR.W	R5, R2, R0	;(R2=0x8B94D7DD R0=0x60A96A4D )
(    libInnoSecure.so[0xCBBCB000])[40 44       ]0x0000453E:	ADD	R0, R8	;(R0=0x60A96A4D R8=0x00000000 )
(    libInnoSecure.so[0xCBBCB000])[02 EB 34 44 ]0x00004540:	ADD.W	R4, R2, R4, ROR #16	;(R2=0x8B94D7DD R4=0x7146E48C )
(    libInnoSecure.so[0xCBBCB000])[DD F8 34 80 ]0x00004544:	LDR.W	R8, [SP, #0X34]	;(SP=0x100FFD18 )
(    libInnoSecure.so[0xCBBCB000])[65 40       ]0x00004548:	EORS	R5, R4	;(R5=0xEB3DBD90 R4=0x70214923 )
(    libInnoSecure.so[0xCBBCB000])[29 44       ]0x0000454A:	ADD	R1, R5	;(R1=0x04AFF476 R5=0x9B1CF4B3 )
(    libInnoSecure.so[0xCBBCB000])[4B F6 70 45 ]0x0000454C:	MOVW	R5, #0XBC70
(    libInnoSecure.so[0xCBBCB000])[CB F6 BF 65 ]0x00004550:	MOVT	R5, #0XBEBF	;(R5=0x0000BC70 )
(    libInnoSecure.so[0xCBBCB000])[29 44       ]0x00004554:	ADD	R1, R5	;(R1=0x9FCCE929 R5=0xBEBFBC70 )
(    libInnoSecure.so[0xCBBCB000])[84 EA 02 05 ]0x00004556:	EOR.W	R5, R4, R2	;(R4=0x70214923 R2=0x8B94D7DD )
(    libInnoSecure.so[0xCBBCB000])[32 44       ]0x0000455A:	ADD	R2, R6	;(R2=0x8B94D7DD R6=0x00000000 )
(    libInnoSecure.so[0xCBBCB000])[04 EB 71 21 ]0x0000455C:	ADD.W	R1, R4, R1, ROR #9	;(R4=0x70214923 R1=0x5E8CA599 )
(    libInnoSecure.so[0xCBBCB000])[4D 40       ]0x00004560:	EORS	R5, R1	;(R5=0xFBB59EFE R1=0x3CD08F75 )
(    libInnoSecure.so[0xCBBCB000])[28 44       ]0x00004562:	ADD	R0, R5	;(R0=0x60A96A4D R5=0xC765118B )
(    libInnoSecure.so[0xCBBCB000])[47 F6 C6 65 ]0x00004564:	MOVW	R5, #0X7EC6
(    libInnoSecure.so[0xCBBCB000])[C2 F6 9B 05 ]0x00004568:	MOVT	R5, #0X289B	;(R5=0x00007EC6 )
(    libInnoSecure.so[0xCBBCB000])[28 44       ]0x0000456C:	ADD	R0, R5	;(R0=0x280E7BD8 R5=0x289B7EC6 )
(    libInnoSecure.so[0xCBBCB000])[81 EA 04 05 ]0x0000456E:	EOR.W	R5, R1, R4	;(R1=0x3CD08F75 R4=0x70214923 )
(    libInnoSecure.so[0xCBBCB000])[64 44       ]0x00004572:	ADD	R4, IP	;(R4=0x70214923 IP=0x00000000 )
(    libInnoSecure.so[0xCBBCB000])[01 EB 30 70 ]0x00004574:	ADD.W	R0, R1, R0, ROR #28	;(R1=0x3CD08F75 R0=0x50A9FA9E )
(    libInnoSecure.so[0xCBBCB000])[45 40       ]0x00004578:	EORS	R5, R0	;(R5=0x4CF1C656 R0=0x4770395A )
(    libInnoSecure.so[0xCBBCB000])[2A 44       ]0x0000457A:	ADD	R2, R5	;(R2=0x8B94D7DD R5=0x0B81FF0C )
(    libInnoSecure.so[0xCBBCB000])[42 F2 FA 75 ]0x0000457C:	MOVW	R5, #0X27FA
(    libInnoSecure.so[0xCBBCB000])[CE F6 A1 25 ]0x00004580:	MOVT	R5, #0XEAA1	;(R5=0x000027FA )
(    libInnoSecure.so[0xCBBCB000])[2A 44       ]0x00004584:	ADD	R2, R5	;(R2=0x9716D6E9 R5=0xEAA127FA )
(    libInnoSecure.so[0xCBBCB000])[80 EA 01 05 ]0x00004586:	EOR.W	R5, R0, R1	;(R0=0x4770395A R1=0x3CD08F75 )
(    libInnoSecure.so[0xCBBCB000])[49 44       ]0x0000458A:	ADD	R1, SB	;(R1=0x3CD08F75 SB=0x00000000 )
(    libInnoSecure.so[0xCBBCB000])[00 EB 72 52 ]0x0000458C:	ADD.W	R2, R0, R2, ROR #21	;(R0=0x4770395A R2=0x81B7FEE3 )
(    libInnoSecure.so[0xCBBCB000])[55 40       ]0x00004590:	EORS	R5, R2	;(R5=0x7BA0B62F R2=0x07675567 )
(    libInnoSecure.so[0xCBBCB000])[2C 44       ]0x00004592:	ADD	R4, R5	;(R4=0x70214923 R5=0x7CC7E348 )
(    libInnoSecure.so[0xCBBCB000])[43 F2 85 05 ]0x00004594:	MOVW	R5, #0X3085
(    libInnoSecure.so[0xCBBCB000])[CD F2 EF 45 ]0x00004598:	MOVT	R5, #0XD4EF	;(R5=0x00003085 )
(    libInnoSecure.so[0xCBBCB000])[2C 44       ]0x0000459C:	ADD	R4, R5	;(R4=0xECE92C6B R5=0xD4EF3085 )
(    libInnoSecure.so[0xCBBCB000])[82 EA 00 05 ]0x0000459E:	EOR.W	R5, R2, R0	;(R2=0x07675567 R0=0x4770395A )
(    libInnoSecure.so[0xCBBCB000])[02 EB 34 44 ]0x000045A2:	ADD.W	R4, R2, R4, ROR #16	;(R2=0x07675567 R4=0xC1D85CF0 )
(    libInnoSecure.so[0xCBBCB000])[65 40       ]0x000045A6:	EORS	R5, R4	;(R5=0x40176C3D R4=0x6458173F )
(    libInnoSecure.so[0xCBBCB000])[29 44       ]0x000045A8:	ADD	R1, R5	;(R1=0x3CD08F75 R5=0x244F7B02 )
(    libInnoSecure.so[0xCBBCB000])[41 F6 05 55 ]0x000045AA:	MOVW	R5, #0X1D05
(    libInnoSecure.so[0xCBBCB000])[C0 F2 88 45 ]0x000045AE:	MOVT	R5, #0X488	;(R5=0x00001D05 )
(    libInnoSecure.so[0xCBBCB000])[29 44       ]0x000045B2:	ADD	R1, R5	;(R1=0x61200A77 R5=0x04881D05 )
(    libInnoSecure.so[0xCBBCB000])[84 EA 02 05 ]0x000045B4:	EOR.W	R5, R4, R2	;(R4=0x6458173F R2=0x07675567 )
(    libInnoSecure.so[0xCBBCB000])[42 44       ]0x000045B8:	ADD	R2, R8	;(R2=0x07675567 R8=0x00000000 )
(    libInnoSecure.so[0xCBBCB000])[04 EB 71 21 ]0x000045BA:	ADD.W	R1, R4, R1, ROR #9	;(R4=0x6458173F R1=0x65A8277C )
(    libInnoSecure.so[0xCBBCB000])[85 EA 01 0E ]0x000045BE:	EOR.W	LR, R5, R1	;(R5=0x633F4258 R1=0x228AEB52 )
(    libInnoSecure.so[0xCBBCB000])[10 9D       ]0x000045C2:	LDR	R5, [SP, #0X40]	;(SP=0x100FFD18 )
(    libInnoSecure.so[0xCBBCB000])[28 44       ]0x000045C4:	ADD	R0, R5	;(R0=0x4770395A R5=0x00000000 )
(    libInnoSecure.so[0xCBBCB000])[4D F2 39 05 ]0x000045C6:	MOVW	R5, #0XD039
(    libInnoSecure.so[0xCBBCB000])[70 44       ]0x000045CA:	ADD	R0, LR	;(R0=0x4770395A LR=0x41B5A90A )
(    libInnoSecure.so[0xCBBCB000])[CD F6 D4 15 ]0x000045CC:	MOVT	R5, #0XD9D4	;(R5=0x0000D039 )
(    libInnoSecure.so[0xCBBCB000])[28 44       ]0x000045D0:	ADD	R0, R5	;(R0=0x8925E264 R5=0xD9D4D039 )
(    libInnoSecure.so[0xCBBCB000])[81 EA 04 05 ]0x000045D2:	EOR.W	R5, R1, R4	;(R1=0x228AEB52 R4=0x6458173F )
(    libInnoSecure.so[0xCBBCB000])[DD F8 0C E0 ]0x000045D6:	LDR.W	LR, [SP, #0XC]	;(SP=0x100FFD18 )
(    libInnoSecure.so[0xCBBCB000])[01 EB 30 70 ]0x000045DA:	ADD.W	R0, R1, R0, ROR #28	;(R1=0x228AEB52 R0=0x62FAB29D )
(    libInnoSecure.so[0xCBBCB000])[45 40       ]0x000045DE:	EORS	R5, R0	;(R5=0x46D2FC6D R0=0x52361528 )
(    libInnoSecure.so[0xCBBCB000])[74 44       ]0x000045E0:	ADD	R4, LR	;(R4=0x6458173F LR=0x00000000 )
(    libInnoSecure.so[0xCBBCB000])[2A 44       ]0x000045E2:	ADD	R2, R5	;(R2=0x07675567 R5=0x14E4E945 )
(    libInnoSecure.so[0xCBBCB000])[49 F6 E5 15 ]0x000045E4:	MOVW	R5, #0X99E5
(    libInnoSecure.so[0xCBBCB000])[CE F2 DB 65 ]0x000045E8:	MOVT	R5, #0XE6DB	;(R5=0x000099E5 )
(    libInnoSecure.so[0xCBBCB000])[2A 44       ]0x000045EC:	ADD	R2, R5	;(R2=0x1C4C3EAC R5=0xE6DB99E5 )
(    libInnoSecure.so[0xCBBCB000])[80 EA 01 05 ]0x000045EE:	EOR.W	R5, R0, R1	;(R0=0x52361528 R1=0x228AEB52 )
(    libInnoSecure.so[0xCBBCB000])[51 44       ]0x000045F2:	ADD	R1, SL	;(R1=0x228AEB52 SL=0x00000000 )
(    libInnoSecure.so[0xCBBCB000])[00 EB 72 52 ]0x000045F4:	ADD.W	R2, R0, R2, ROR #21	;(R0=0x52361528 R2=0x0327D891 )
(    libInnoSecure.so[0xCBBCB000])[55 40       ]0x000045F8:	EORS	R5, R2	;(R5=0x70BCFE7A R2=0x90FA9D41 )
(    libInnoSecure.so[0xCBBCB000])[2C 44       ]0x000045FA:	ADD	R4, R5	;(R4=0x6458173F R5=0xE046633B )
(    libInnoSecure.so[0xCBBCB000])[47 F6 F8 45 ]0x000045FC:	MOVW	R5, #0X7CF8
(    libInnoSecure.so[0xCBBCB000])[C1 F6 A2 75 ]0x00004600:	MOVT	R5, #0X1FA2	;(R5=0x00007CF8 )
(    libInnoSecure.so[0xCBBCB000])[2C 44       ]0x00004604:	ADD	R4, R5	;(R4=0x449E7A7A R5=0x1FA27CF8 )
(    libInnoSecure.so[0xCBBCB000])[82 EA 00 05 ]0x00004606:	EOR.W	R5, R2, R0	;(R2=0x90FA9D41 R0=0x52361528 )
(    libInnoSecure.so[0xCBBCB000])[30 44       ]0x0000460A:	ADD	R0, R6	;(R0=0x52361528 R6=0x00000000 )
(    libInnoSecure.so[0xCBBCB000])[02 EB 34 44 ]0x0000460C:	ADD.W	R4, R2, R4, ROR #16	;(R2=0x90FA9D41 R4=0x6440F772 )
(    libInnoSecure.so[0xCBBCB000])[45 F6 C3 16 ]0x00004610:	MOVW	R6, #0X59C3
(    libInnoSecure.so[0xCBBCB000])[65 40       ]0x00004614:	EORS	R5, R4	;(R5=0xC2CC8869 R4=0x886D0181 )
(    libInnoSecure.so[0xCBBCB000])[C6 F2 5B 56 ]0x00004616:	MOVT	R6, #0X655B	;(R6=0x000059C3 )
(    libInnoSecure.so[0xCBBCB000])[29 44       ]0x0000461A:	ADD	R1, R5	;(R1=0x228AEB52 R5=0x4AA189E8 )
(    libInnoSecure.so[0xCBBCB000])[45 F2 65 65 ]0x0000461C:	MOVW	R5, #0X5665
(    libInnoSecure.so[0xCBBCB000])[CC F2 AC 45 ]0x00004620:	MOVT	R5, #0XC4AC	;(R5=0x00005665 )
(    libInnoSecure.so[0xCBBCB000])[29 44       ]0x00004624:	ADD	R1, R5	;(R1=0x6D2C753A R5=0xC4AC5665 )
(    libInnoSecure.so[0xCBBCB000])[04 EB 71 21 ]0x00004626:	ADD.W	R1, R4, R1, ROR #9	;(R4=0x886D0181 R1=0x31D8CB9F )
(    libInnoSecure.so[0xCBBCB000])[61 EA 02 05 ]0x0000462A:	ORN	R5, R1, R2	;(R1=0x5805EDE6 R2=0x90FA9D41 )
(    libInnoSecure.so[0xCBBCB000])[1A 44       ]0x0000462E:	ADD	R2, R3	;(R2=0x90FA9D41 R3=0x00000000 )
(    libInnoSecure.so[0xCBBCB000])[65 40       ]0x00004630:	EORS	R5, R4	;(R5=0x7F05EFFE R4=0x886D0181 )
(    libInnoSecure.so[0xCBBCB000])[01 9B       ]0x00004632:	LDR	R3, [SP, #4]	;(SP=0x100FFD18 )
(    libInnoSecure.so[0xCBBCB000])[28 44       ]0x00004634:	ADD	R0, R5	;(R0=0x52361528 R5=0xF768EE7F )
(    libInnoSecure.so[0xCBBCB000])[42 F2 44 25 ]0x00004636:	MOVW	R5, #0X2244
(    libInnoSecure.so[0xCBBCB000])[CF F2 29 45 ]0x0000463A:	MOVT	R5, #0XF429	;(R5=0x00002244 )
(    libInnoSecure.so[0xCBBCB000])[28 44       ]0x0000463E:	ADD	R0, R5	;(R0=0x499F03A7 R5=0xF4292244 )
(    libInnoSecure.so[0xCBBCB000])[23 44       ]0x00004640:	ADD	R3, R4	;(R3=0x000021F0 R4=0x886D0181 )
(    libInnoSecure.so[0xCBBCB000])[01 EB B0 60 ]0x00004642:	ADD.W	R0, R1, R0, ROR #26	;(R1=0x5805EDE6 R0=0x3DC825EB )
(    libInnoSecure.so[0xCBBCB000])[60 EA 04 05 ]0x00004646:	ORN	R5, R0, R4	;(R0=0xCA0F68B5 R4=0x886D0181 )
(    libInnoSecure.so[0xCBBCB000])[42 F2 A7 34 ]0x0000464A:	MOVW	R4, #0X23A7
(    libInnoSecure.so[0xCBBCB000])[4D 40       ]0x0000464E:	EORS	R5, R1	;(R5=0xFF9FFEFF R1=0x5805EDE6 )
(    libInnoSecure.so[0xCBBCB000])[CA F6 94 34 ]0x00004650:	MOVT	R4, #0XAB94	;(R4=0x000023A7 )
(    libInnoSecure.so[0xCBBCB000])[2A 44       ]0x00004654:	ADD	R2, R5	;(R2=0x90FA9D41 R5=0xA79A1319 )
(    libInnoSecure.so[0xCBBCB000])[4F F6 97 75 ]0x00004656:	MOVW	R5, #0XFF97
(    libInnoSecure.so[0xCBBCB000])[C4 F2 2A 35 ]0x0000465A:	MOVT	R5, #0X432A	;(R5=0x0000FF97 )
(    libInnoSecure.so[0xCBBCB000])[2A 44       ]0x0000465E:	ADD	R2, R5	;(R2=0x3894B05A R5=0x432AFF97 )
(    libInnoSecure.so[0xCBBCB000])[00 EB B2 52 ]0x00004660:	ADD.W	R2, R0, R2, ROR #22	;(R0=0xCA0F68B5 R2=0x7BBFAFF1 )
(    libInnoSecure.so[0xCBBCB000])[62 EA 01 05 ]0x00004664:	ORN	R5, R2, R1	;(R2=0xC8CF2EA3 R1=0x5805EDE6 )
(    libInnoSecure.so[0xCBBCB000])[45 40       ]0x00004668:	EORS	R5, R0	;(R5=0xEFFF3EBB R0=0xCA0F68B5 )
(    libInnoSecure.so[0xCBBCB000])[2B 44       ]0x0000466A:	ADD	R3, R5	;(R3=0x886D2371 R5=0x25F0560E )
(    libInnoSecure.so[0xCBBCB000])[09 9D       ]0x0000466C:	LDR	R5, [SP, #0X24]	;(SP=0x100FFD18 )
(    libInnoSecure.so[0xCBBCB000])[23 44       ]0x0000466E:	ADD	R3, R4	;(R3=0xAE5D797F R4=0xAB9423A7 )
(    libInnoSecure.so[0xCBBCB000])[29 44       ]0x00004670:	ADD	R1, R5	;(R1=0x5805EDE6 R5=0x00000000 )
(    libInnoSecure.so[0xCBBCB000])[11 9D       ]0x00004672:	LDR	R5, [SP, #0X44]	;(SP=0x100FFD18 )
(    libInnoSecure.so[0xCBBCB000])[02 EB 73 43 ]0x00004674:	ADD.W	R3, R2, R3, ROR #17	;(R2=0xC8CF2EA3 R3=0x59F19D26 )
(    libInnoSecure.so[0xCBBCB000])[63 EA 00 04 ]0x00004678:	ORN	R4, R3, R0	;(R3=0x97625B9B R0=0xCA0F68B5 )
(    libInnoSecure.so[0xCBBCB000])[40 44       ]0x0000467C:	ADD	R0, R8	;(R0=0xCA0F68B5 R8=0x00000000 )
(    libInnoSecure.so[0xCBBCB000])[54 40       ]0x0000467E:	EORS	R4, R2	;(R4=0xB7F2DFDB R2=0xC8CF2EA3 )
(    libInnoSecure.so[0xCBBCB000])[21 44       ]0x00004680:	ADD	R1, R4	;(R1=0x5805EDE6 R4=0x7F3DF178 )
(    libInnoSecure.so[0xCBBCB000])[4A F2 39 04 ]0x00004682:	MOVW	R4, #0XA039
(    libInnoSecure.so[0xCBBCB000])[CF F6 93 44 ]0x00004686:	MOVT	R4, #0XFC93	;(R4=0x0000A039 )
(    libInnoSecure.so[0xCBBCB000])[21 44       ]0x0000468A:	ADD	R1, R4	;(R1=0xD743DF5E R4=0xFC93A039 )
(    libInnoSecure.so[0xCBBCB000])[03 EB F1 21 ]0x0000468C:	ADD.W	R1, R3, R1, ROR #11	;(R3=0x97625B9B R1=0xD3D77F97 )
(    libInnoSecure.so[0xCBBCB000])[61 EA 02 04 ]0x00004690:	ORN	R4, R1, R2	;(R1=0x8A5CD68A R2=0xC8CF2EA3 )
(    libInnoSecure.so[0xCBBCB000])[62 44       ]0x00004694:	ADD	R2, IP	;(R2=0xC8CF2EA3 IP=0x00000000 )
(    libInnoSecure.so[0xCBBCB000])[5C 40       ]0x00004696:	EORS	R4, R3	;(R4=0xBF7CD7DE R3=0x97625B9B )
(    libInnoSecure.so[0xCBBCB000])[DD F8 1C C0 ]0x00004698:	LDR.W	IP, [SP, #0X1C]	;(SP=0x100FFD18 )
(    libInnoSecure.so[0xCBBCB000])[20 44       ]0x0000469C:	ADD	R0, R4	;(R0=0xCA0F68B5 R4=0x281E8C45 )
(    libInnoSecure.so[0xCBBCB000])[30 44       ]0x0000469E:	ADD	R0, R6	;(R0=0xF22DF4FA R6=0x655B59C3 )
(    libInnoSecure.so[0xCBBCB000])[01 EB B0 60 ]0x000046A0:	ADD.W	R0, R1, R0, ROR #26	;(R1=0x8A5CD68A R0=0x57894EBD )
(    libInnoSecure.so[0xCBBCB000])[60 EA 03 06 ]0x000046A4:	ORN	R6, R0, R3	;(R0=0x6CB085DF R3=0x97625B9B )
(    libInnoSecure.so[0xCBBCB000])[5B 44       ]0x000046A8:	ADD	R3, FP	;(R3=0x97625B9B FP=0x00000000 )
(    libInnoSecure.so[0xCBBCB000])[4E 40       ]0x000046AA:	EORS	R6, R1	;(R6=0x6CBDA5FF R1=0x8A5CD68A )
(    libInnoSecure.so[0xCBBCB000])[32 44       ]0x000046AC:	ADD	R2, R6	;(R2=0xC8CF2EA3 R6=0xE6E17375 )
(    libInnoSecure.so[0xCBBCB000])[4C F6 92 46 ]0x000046AE:	MOVW	R6, #0XCC92
(    libInnoSecure.so[0xCBBCB000])[C8 F6 0C 76 ]0x000046B2:	MOVT	R6, #0X8F0C	;(R6=0x0000CC92 )
(    libInnoSecure.so[0xCBBCB000])[32 44       ]0x000046B6:	ADD	R2, R6	;(R2=0xAFB0A218 R6=0x8F0CCC92 )
(    libInnoSecure.so[0xCBBCB000])[00 EB B2 52 ]0x000046B8:	ADD.W	R2, R0, R2, ROR #22	;(R0=0x6CB085DF R2=0x3EBD6EAA )
(    libInnoSecure.so[0xCBBCB000])[62 EA 01 06 ]0x000046BC:	ORN	R6, R2, R1	;(R2=0x626B2ED9 R1=0x8A5CD68A )
(    libInnoSecure.so[0xCBBCB000])[29 44       ]0x000046C0:	ADD	R1, R5	;(R1=0x8A5CD68A R5=0x00000000 )
(    libInnoSecure.so[0xCBBCB000])[46 40       ]0x000046C2:	EORS	R6, R0	;(R6=0x77EB2FFD R0=0x6CB085DF )
(    libInnoSecure.so[0xCBBCB000])[0A 9D       ]0x000046C4:	LDR	R5, [SP, #0X28]	;(SP=0x100FFD18 )
(    libInnoSecure.so[0xCBBCB000])[33 44       ]0x000046C6:	ADD	R3, R6	;(R3=0x97625B9B R6=0x1B5BAA22 )
(    libInnoSecure.so[0xCBBCB000])[4F F2 7D 46 ]0x000046C8:	MOVW	R6, #0XF47D
(    libInnoSecure.so[0xCBBCB000])[CF F6 EF 76 ]0x000046CC:	MOVT	R6, #0XFFEF	;(R6=0x0000F47D )
(    libInnoSecure.so[0xCBBCB000])[33 44       ]0x000046D0:	ADD	R3, R6	;(R3=0xB2BE05BD R6=0xFFEFF47D )
(    libInnoSecure.so[0xCBBCB000])[02 EB 73 43 ]0x000046D2:	ADD.W	R3, R2, R3, ROR #17	;(R2=0x626B2ED9 R3=0xB2ADFA3A )
(    libInnoSecure.so[0xCBBCB000])[63 EA 00 06 ]0x000046D6:	ORN	R6, R3, R0	;(R3=0x5F88882F R0=0x6CB085DF )
(    libInnoSecure.so[0xCBBCB000])[28 44       ]0x000046DA:	ADD	R0, R5	;(R0=0x6CB085DF R5=0x00000000 )
(    libInnoSecure.so[0xCBBCB000])[56 40       ]0x000046DC:	EORS	R6, R2	;(R6=0xDFCFFA2F R2=0x626B2ED9 )
(    libInnoSecure.so[0xCBBCB000])[08 9D       ]0x000046DE:	LDR	R5, [SP, #0X20]	;(SP=0x100FFD18 )
(    libInnoSecure.so[0xCBBCB000])[31 44       ]0x000046E0:	ADD	R1, R6	;(R1=0x8A5CD68A R6=0xBDA4D4F6 )
(    libInnoSecure.so[0xCBBCB000])[45 F6 D1 56 ]0x000046E2:	MOVW	R6, #0X5DD1
(    libInnoSecure.so[0xCBBCB000])[C8 F2 84 56 ]0x000046E6:	MOVT	R6, #0X8584	;(R6=0x00005DD1 )
(    libInnoSecure.so[0xCBBCB000])[31 44       ]0x000046EA:	ADD	R1, R6	;(R1=0x4801AB80 R6=0x85845DD1 )
(    libInnoSecure.so[0xCBBCB000])[03 EB F1 21 ]0x000046EC:	ADD.W	R1, R3, R1, ROR #11	;(R3=0x5F88882F R1=0xCD860951 )
(    libInnoSecure.so[0xCBBCB000])[61 EA 02 06 ]0x000046F0:	ORN	R6, R1, R2	;(R1=0x89C238F0 R2=0x626B2ED9 )
(    libInnoSecure.so[0xCBBCB000])[72 44       ]0x000046F4:	ADD	R2, LR	;(R2=0x626B2ED9 LR=0x00000000 )
(    libInnoSecure.so[0xCBBCB000])[5E 40       ]0x000046F6:	EORS	R6, R3	;(R6=0x9DD6F9F6 R3=0x5F88882F )
(    libInnoSecure.so[0xCBBCB000])[30 44       ]0x000046F8:	ADD	R0, R6	;(R0=0x6CB085DF R6=0xC25E71D9 )
(    libInnoSecure.so[0xCBBCB000])[47 F6 4F 66 ]0x000046FA:	MOVW	R6, #0X7E4F
(    libInnoSecure.so[0xCBBCB000])[C6 F6 A8 76 ]0x000046FE:	MOVT	R6, #0X6FA8	;(R6=0x00007E4F )
(    libInnoSecure.so[0xCBBCB000])[30 44       ]0x00004702:	ADD	R0, R6	;(R0=0x2F0EF7B8 R6=0x6FA87E4F )
(    libInnoSecure.so[0xCBBCB000])[01 EB B0 66 ]0x00004704:	ADD.W	R6, R1, R0, ROR #26	;(R1=0x89C238F0 R0=0x9EB77607 )
(    libInnoSecure.so[0xCBBCB000])[66 EA 03 00 ]0x00004708:	ORN	R0, R6, R3	;(R6=0x379FBAD7 R3=0x5F88882F )
(    libInnoSecure.so[0xCBBCB000])[4B 44       ]0x0000470C:	ADD	R3, SB	;(R3=0x5F88882F SB=0x00000000 )
(    libInnoSecure.so[0xCBBCB000])[48 40       ]0x0000470E:	EORS	R0, R1	;(R0=0xB7FFFFD7 R1=0x89C238F0 )
(    libInnoSecure.so[0xCBBCB000])[10 44       ]0x00004710:	ADD	R0, R2	;(R0=0x3E3DC727 R2=0x626B2ED9 )
(    libInnoSecure.so[0xCBBCB000])[4E F2 E0 62 ]0x00004712:	MOVW	R2, #0XE6E0
(    libInnoSecure.so[0xCBBCB000])[CF F6 2C 62 ]0x00004716:	MOVT	R2, #0XFE2C	;(R2=0x0000E6E0 )
(    libInnoSecure.so[0xCBBCB000])[10 44       ]0x0000471A:	ADD	R0, R2	;(R0=0xA0A8F600 R2=0xFE2CE6E0 )
(    libInnoSecure.so[0xCBBCB000])[06 EB B0 52 ]0x0000471C:	ADD.W	R2, R6, R0, ROR #22	;(R6=0x379FBAD7 R0=0x9ED5DCE0 )
(    libInnoSecure.so[0xCBBCB000])[62 EA 01 00 ]0x00004720:	ORN	R0, R2, R1	;(R2=0x8F133D52 R1=0x89C238F0 )
(    libInnoSecure.so[0xCBBCB000])[29 44       ]0x00004724:	ADD	R1, R5	;(R1=0x89C238F0 R5=0x00000000 )
(    libInnoSecure.so[0xCBBCB000])[70 40       ]0x00004726:	EORS	R0, R6	;(R0=0xFF3FFF5F R6=0x379FBAD7 )
(    libInnoSecure.so[0xCBBCB000])[0B 9D       ]0x00004728:	LDR	R5, [SP, #0X2C]	;(SP=0x100FFD18 )
(    libInnoSecure.so[0xCBBCB000])[18 44       ]0x0000472A:	ADD	R0, R3	;(R0=0xC8A04588 R3=0x5F88882F )
(    libInnoSecure.so[0xCBBCB000])[44 F2 14 33 ]0x0000472C:	MOVW	R3, #0X4314
(    libInnoSecure.so[0xCBBCB000])[CA F2 01 33 ]0x00004730:	MOVT	R3, #0XA301	;(R3=0x00004314 )
(    libInnoSecure.so[0xCBBCB000])[18 44       ]0x00004734:	ADD	R0, R3	;(R0=0x2828CDB7 R3=0xA3014314 )
(    libInnoSecure.so[0xCBBCB000])[02 EB 70 40 ]0x00004736:	ADD.W	R0, R2, R0, ROR #17	;(R2=0x8F133D52 R0=0xCB2A10CB )
(    libInnoSecure.so[0xCBBCB000])[60 EA 06 03 ]0x0000473A:	ORN	R3, R0, R6	;(R0=0x977922E7 R6=0x379FBAD7 )
(    libInnoSecure.so[0xCBBCB000])[2E 44       ]0x0000473E:	ADD	R6, R5	;(R6=0x379FBAD7 R5=0x00000000 )
(    libInnoSecure.so[0xCBBCB000])[53 40       ]0x00004740:	EORS	R3, R2	;(R3=0xDF7967EF R2=0x8F133D52 )
(    libInnoSecure.so[0xCBBCB000])[19 44       ]0x00004742:	ADD	R1, R3	;(R1=0x89C238F0 R3=0x506A5ABD )
(    libInnoSecure.so[0xCBBCB000])[41 F2 A1 13 ]0x00004744:	MOVW	R3, #0X11A1
(    libInnoSecure.so[0xCBBCB000])[C4 F6 08 63 ]0x00004748:	MOVT	R3, #0X4E08	;(R3=0x000011A1 )
(    libInnoSecure.so[0xCBBCB000])[19 44       ]0x0000474C:	ADD	R1, R3	;(R1=0xDA2C93AD R3=0x4E0811A1 )
(    libInnoSecure.so[0xCBBCB000])[00 EB F1 21 ]0x0000474E:	ADD.W	R1, R0, R1, ROR #11	;(R0=0x977922E7 R1=0x2834A54E )
(    libInnoSecure.so[0xCBBCB000])[61 EA 02 03 ]0x00004752:	ORN	R3, R1, R2	;(R1=0x413E297B R2=0x8F133D52 )
(    libInnoSecure.so[0xCBBCB000])[43 40       ]0x00004756:	EORS	R3, R0	;(R3=0x71FEEBFF R0=0x977922E7 )
(    libInnoSecure.so[0xCBBCB000])[33 44       ]0x00004758:	ADD	R3, R6	;(R3=0xE687C918 R6=0x379FBAD7 )
(    libInnoSecure.so[0xCBBCB000])[47 F6 82 66 ]0x0000475A:	MOVW	R6, #0X7E82
(    libInnoSecure.so[0xCBBCB000])[CF F2 53 76 ]0x0000475E:	MOVT	R6, #0XF753	;(R6=0x00007E82 )
(    libInnoSecure.so[0xCBBCB000])[33 44       ]0x00004762:	ADD	R3, R6	;(R3=0x1E2783EF R6=0xF7537E82 )
(    libInnoSecure.so[0xCBBCB000])[DC F8 00 60 ]0x00004764:	LDR.W	R6, [IP]	;(IP=0x100FFEF8 )
(    libInnoSecure.so[0xCBBCB000])[01 EB B3 63 ]0x00004768:	ADD.W	R3, R1, R3, ROR #26	;(R1=0x413E297B R3=0x157B0271 )
(    libInnoSecure.so[0xCBBCB000])[1E 44       ]0x0000476C:	ADD	R6, R3	;(R6=0x662D345E R3=0x9FFEC5C0 )
(    libInnoSecure.so[0xCBBCB000])[CC F8 00 60 ]0x0000476E:	STR.W	R6, [IP]	;(R6=0x062BFA1E IP=0x100FFEF8 )
(    libInnoSecure.so[0xCBBCB000])[05 9D       ]0x00004772:	LDR	R5, [SP, #0X14]	;(SP=0x100FFD18 )
(    libInnoSecure.so[0xCBBCB000])[63 EA 00 06 ]0x00004774:	ORN	R6, R3, R0	;(R3=0x9FFEC5C0 R0=0x977922E7 )
(    libInnoSecure.so[0xCBBCB000])[4E 40       ]0x00004778:	EORS	R6, R1	;(R6=0xFFFEDDD8 R1=0x413E297B )
(    libInnoSecure.so[0xCBBCB000])[50 44       ]0x0000477A:	ADD	R0, SL	;(R0=0x977922E7 SL=0x00000000 )
(    libInnoSecure.so[0xCBBCB000])[2A 44       ]0x0000477C:	ADD	R2, R5	;(R2=0x8F133D52 R5=0x00000000 )
(    libInnoSecure.so[0xCBBCB000])[32 44       ]0x0000477E:	ADD	R2, R6	;(R2=0x8F133D52 R6=0xBEC0F4A3 )
(    libInnoSecure.so[0xCBBCB000])[4F F2 35 26 ]0x00004780:	MOVW	R6, #0XF235
(    libInnoSecure.so[0xCBBCB000])[CB F6 3A 56 ]0x00004784:	MOVT	R6, #0XBD3A	;(R6=0x0000F235 )
(    libInnoSecure.so[0xCBBCB000])[32 44       ]0x00004788:	ADD	R2, R6	;(R2=0x4DD431F5 R6=0xBD3AF235 )
(    libInnoSecure.so[0xCBBCB000])[DC E9 01 65 ]0x0000478A:	LDRD	R6, R5, [IP, #4]	;(IP=0x100FFEF8 )
(    libInnoSecure.so[0xCBBCB000])[DC F8 0C 40 ]0x0000478E:	LDR.W	R4, [IP, #0XC]	;(IP=0x100FFEF8 )
(    libInnoSecure.so[0xCBBCB000])[03 EB B2 52 ]0x00004792:	ADD.W	R2, R3, R2, ROR #22	;(R3=0x9FFEC5C0 R2=0x0B0F242A )
(    libInnoSecure.so[0xCBBCB000])[14 44       ]0x00004796:	ADD	R4, R2	;(R4=0x0823DB9D R2=0xDC8F6DEC )
(    libInnoSecure.so[0xCBBCB000])[CC F8 0C 40 ]0x00004798:	STR.W	R4, [IP, #0XC]	;(R4=0xE4B34989 IP=0x100FFEF8 )
(    libInnoSecure.so[0xCBBCB000])[62 EA 01 04 ]0x0000479C:	ORN	R4, R2, R1	;(R2=0xDC8F6DEC R1=0x413E297B )
(    libInnoSecure.so[0xCBBCB000])[5C 40       ]0x000047A0:	EORS	R4, R3	;(R4=0xFECFFFEC R3=0x9FFEC5C0 )
(    libInnoSecure.so[0xCBBCB000])[20 44       ]0x000047A2:	ADD	R0, R4	;(R0=0x977922E7 R4=0x61313A2C )
(    libInnoSecure.so[0xCBBCB000])[4D F2 BB 24 ]0x000047A4:	MOVW	R4, #0XD2BB
(    libInnoSecure.so[0xCBBCB000])[C2 F6 D7 24 ]0x000047A8:	MOVT	R4, #0X2AD7	;(R4=0x0000D2BB )
(    libInnoSecure.so[0xCBBCB000])[20 44       ]0x000047AC:	ADD	R0, R4	;(R0=0xF8AA5D13 R4=0x2AD7D2BB )
(    libInnoSecure.so[0xCBBCB000])[02 EB 70 40 ]0x000047AE:	ADD.W	R0, R2, R0, ROR #17	;(R2=0xDC8F6DEC R0=0x23822FCE )
(    libInnoSecure.so[0xCBBCB000])[05 44       ]0x000047B2:	ADD	R5, R0	;(R5=0x6215A1E9 R0=0xF4767FAD )
(    libInnoSecure.so[0xCBBCB000])[60 EA 03 03 ]0x000047B4:	ORN	R3, R0, R3	;(R0=0xF4767FAD R3=0x9FFEC5C0 )
(    libInnoSecure.so[0xCBBCB000])[CC F8 08 50 ]0x000047B8:	STR.W	R5, [IP, #8]	;(R5=0x568C2196 IP=0x100FFEF8 )
(    libInnoSecure.so[0xCBBCB000])[5A 40       ]0x000047BC:	EORS	R2, R3	;(R2=0xDC8F6DEC R3=0xF4777FBF )
(    libInnoSecure.so[0xCBBCB000])[10 9B       ]0x000047BE:	LDR	R3, [SP, #0X40]	;(SP=0x100FFD18 )
(    libInnoSecure.so[0xCBBCB000])[30 44       ]0x000047C0:	ADD	R0, R6	;(R0=0xF4767FAD R6=0x29D99F98 )
(    libInnoSecure.so[0xCBBCB000])[19 44       ]0x000047C2:	ADD	R1, R3	;(R1=0x413E297B R3=0x00000000 )
(    libInnoSecure.so[0xCBBCB000])[11 44       ]0x000047C4:	ADD	R1, R2	;(R1=0x413E297B R2=0x28F81253 )
(    libInnoSecure.so[0xCBBCB000])[4D F2 91 32 ]0x000047C6:	MOVW	R2, #0XD391
(    libInnoSecure.so[0xCBBCB000])[CE F6 86 32 ]0x000047CA:	MOVT	R2, #0XEB86	;(R2=0x0000D391 )
(    libInnoSecure.so[0xCBBCB000])[11 44       ]0x000047CE:	ADD	R1, R2	;(R1=0x6A363BCE R2=0xEB86D391 )
(    libInnoSecure.so[0xCBBCB000])[00 EB F1 20 ]0x000047D0:	ADD.W	R0, R0, R1, ROR #11	;(R0=0x1E501F45 R1=0x55BD0F5F )
(    libInnoSecure.so[0xCBBCB000])[CC F8 04 00 ]0x000047D4:	STR.W	R0, [IP, #4]	;(R0=0x0A3AD6E6 IP=0x100FFEF8 )
(    libInnoSecure.so[0xCBBCB000])[07 48       ]0x000047D8:	LDR	R0, [PC, #0X1C]	;(PC=0xCBBCF7D8 )
(    libInnoSecure.so[0xCBBCB000])[52 99       ]0x000047DA:	LDR	R1, [SP, #0X148]	;(SP=0x100FFD18 )
(    libInnoSecure.so[0xCBBCB000])[78 44       ]0x000047DC:	ADD	R0, PC	;(R0=0x000056C0 PC=0xCBBCF7DC )
(    libInnoSecure.so[0xCBBCB000])[00 68       ]0x000047DE:	LDR	R0, [R0]	;(R0=0xCBBD4EA0 )
(    libInnoSecure.so[0xCBBCB000])[00 68       ]0x000047E0:	LDR	R0, [R0]	;(R0=0xCBC29384 )
(    libInnoSecure.so[0xCBBCB000])[40 1A       ]0x000047E2:	SUBS	R0, R0, R1	;(R0=0x00000000 R1=0x00000000 )
(    libInnoSecure.so[0xCBBCB000])[02 BF       ]0x000047E4:	ITTT	EQ
(    libInnoSecure.so[0xCBBCB000])[53 B0       ]0x000047E6:	ADD	SP, #0X14C	;(SP=0x100FFD18 )
(    libInnoSecure.so[0xCBBCB000])[BD E8 00 0F ]0x000047E8:	POP.W	{R8, SB, SL, FP}	;(SP=0x100FFE64 )
(    libInnoSecure.so[0xCBBCB000])[F0 BD       ]0x000047EC:	POP	{R4, R5, R6, R7, PC}	;(SP=0x100FFE74 )
(    libInnoSecure.so[0xCBBCB000])[05 F1 40 00 ]0x0000401E:	ADD.W	R0, R5, #0X40	;(R5=0x00000008 )
(    libInnoSecure.so[0xCBBCB000])[07 E0       ]0x00004022:	B	#0XCBBCF034
(    libInnoSecure.so[0xCBBCB000])[A0 42       ]0x00004034:	CMP	R0, R4	;(R0=0x00000048 R4=0x00000008 )
(    libInnoSecure.so[0xCBBCB000])[F5 D9       ]0x00004036:	BLS	#0XCBBCF024
(    libInnoSecure.so[0xCBBCB000])[00 20       ]0x00004038:	MOVS	R0, #0
(    libInnoSecure.so[0xCBBCB000])[40 44       ]0x0000403A:	ADD	R0, R8	;(R0=0x00000000 R8=0x100FFEF0 )
(    libInnoSecure.so[0xCBBCB000])[09 EB 05 01 ]0x0000403C:	ADD.W	R1, SB, R5	;(SB=0x100FFF58 R5=0x00000008 )
(    libInnoSecure.so[0xCBBCB000])[62 1B       ]0x00004040:	SUBS	R2, R4, R5	;(R4=0x00000008 R5=0x00000008 )
(    libInnoSecure.so[0xCBBCB000])[18 30       ]0x00004042:	ADDS	R0, #0X18	;(R0=0x100FFEF0 )
(    libInnoSecure.so[0xCBBCB000])[BD E8 00 07 ]0x00004044:	POP.W	{R8, SB, SL}	;(SP=0x100FFE88 )
(    libInnoSecure.so[0xCBBCB000])[BD E8 F0 40 ]0x00004048:	POP.W	{R4, R5, R6, R7, LR}	;(SP=0x100FFE94 )
(    libInnoSecure.so[0xCBBCB000])[01 F0 8A BE ]0x0000404C:	B.W	#0XCBBD0D64
(    libInnoSecure.so[0xCBBCB000])[78 47       ]0x00005D64:	BX	PC	;(PC=0xCBBD0D64 )
(    libInnoSecure.so[0xCBBCB000])[00 C0 9F E5 ]0x00005D68:	LDR	IP, [PC]	;(PC=0xCBBD0D68 )
(    libInnoSecure.so[0xCBBCB000])[0F F0 8C E0 ]0x00005D6C:	ADD	PC, IP, PC	;(IP=0xFFFFBCD4 PC=0xCBBD0D6C )
(    libInnoSecure.so[0xCBBCB000])[00 C6 8F E2 ]0x00001A48:	ADD	IP, PC, #0, #12	;(PC=0xCBBCCA48 )
(    libInnoSecure.so[0xCBBCB000])[08 CA 8C E2 ]0x00001A4C:	ADD	IP, IP, #8, #20	;(IP=0xCBBCCA50 )
(    libInnoSecure.so[0xCBBCB000])[CC F4 BC E5 ]0x00001A50:	LDR	PC, [IP, #0X4CC]!	;(IP=0xCBBD4A50 )
(    libInnoSecure.so[0xCBBCB000])[04 F1 08 01 ]0x00003F08:	ADD.W	R1, R4, #8	;(R4=0x100FFEF0 )
(    libInnoSecure.so[0xCBBCB000])[28 A8       ]0x00003F0C:	ADD	R0, SP, #0XA0	;(SP=0x100FFEA8 )
(    libInnoSecure.so[0xCBBCB000])[10 22       ]0x00003F0E:	MOVS	R2, #0X10
(    libInnoSecure.so[0xCBBCB000])[00 F0 74 FC ]0x00003F10:	BL	#0XCBBCF7FC	;(PC=0xCBBCEF10 )
(    libInnoSecure.so[0xCBBCB000])[D0 B5       ]0x000047FC:	PUSH	{R4, R6, R7, LR}	;(SP=0x100FFEA8 R4=0x100FFEF0 R6=0x000021F0 R7=0x100FFF80 LR=0xCBBCEF15 )
(    libInnoSecure.so[0xCBBCB000])[02 AF       ]0x000047FE:	ADD	R7, SP, #8	;(SP=0x100FFE98 )
(    libInnoSecure.so[0xCBBCB000])[C2 B1       ]0x00004800:	CBZ	R2, #0XCBBCF834	;(R2=0x00000010 )
(    libInnoSecure.so[0xCBBCB000])[4F F0 00 0C ]0x00004802:	MOV.W	IP, #0
(    libInnoSecure.so[0xCBBCB000])[51 F8 0C 30 ]0x00004806:	LDR.W	R3, [R1, IP]	;(R1=0x100FFEF8 IP=0x00000000 )
(    libInnoSecure.so[0xCBBCB000])[00 EB 0C 04 ]0x0000480A:	ADD.W	R4, R0, IP	;(R0=0x100FFF48 IP=0x00000000 )
(    libInnoSecure.so[0xCBBCB000])[00 F8 0C 30 ]0x0000480E:	STRB.W	R3, [R0, IP]	;(R3=0x062BFA1E R0=0x100FFF48 IP=0x00000000 )
(    libInnoSecure.so[0xCBBCB000])[51 F8 0C E0 ]0x00004812:	LDR.W	LR, [R1, IP]	;(R1=0x100FFEF8 IP=0x00000000 )
(    libInnoSecure.so[0xCBBCB000])[4F EA 1E 23 ]0x00004816:	LSR.W	R3, LR, #8	;(LR=0x062BFA1E )
(    libInnoSecure.so[0xCBBCB000])[01 EB 0C 0E ]0x0000481A:	ADD.W	LR, R1, IP	;(R1=0x100FFEF8 IP=0x00000000 )
(    libInnoSecure.so[0xCBBCB000])[63 70       ]0x0000481E:	STRB	R3, [R4, #1]	;(R3=0x00062BFA R4=0x100FFF48 )
(    libInnoSecure.so[0xCBBCB000])[0C F1 04 0C ]0x00004820:	ADD.W	IP, IP, #4	;(IP=0x00000000 )
(    libInnoSecure.so[0xCBBCB000])[BE F8 02 30 ]0x00004824:	LDRH.W	R3, [LR, #2]	;(LR=0x100FFEF8 )
(    libInnoSecure.so[0xCBBCB000])[94 45       ]0x00004828:	CMP	IP, R2	;(IP=0x00000004 R2=0x00000010 )
(    libInnoSecure.so[0xCBBCB000])[A3 70       ]0x0000482A:	STRB	R3, [R4, #2]	;(R3=0x0000062B R4=0x100FFF48 )
(    libInnoSecure.so[0xCBBCB000])[9E F8 03 30 ]0x0000482C:	LDRB.W	R3, [LR, #3]	;(LR=0x100FFEF8 )
(    libInnoSecure.so[0xCBBCB000])[E3 70       ]0x00004830:	STRB	R3, [R4, #3]	;(R3=0x00000006 R4=0x100FFF48 )
(    libInnoSecure.so[0xCBBCB000])[E8 D3       ]0x00004832:	BLO	#0XCBBCF806
(    libInnoSecure.so[0xCBBCB000])[51 F8 0C 30 ]0x00004806:	LDR.W	R3, [R1, IP]	;(R1=0x100FFEF8 IP=0x00000004 )
(    libInnoSecure.so[0xCBBCB000])[00 EB 0C 04 ]0x0000480A:	ADD.W	R4, R0, IP	;(R0=0x100FFF48 IP=0x00000004 )
(    libInnoSecure.so[0xCBBCB000])[00 F8 0C 30 ]0x0000480E:	STRB.W	R3, [R0, IP]	;(R3=0x0A3AD6E6 R0=0x100FFF48 IP=0x00000004 )
(    libInnoSecure.so[0xCBBCB000])[51 F8 0C E0 ]0x00004812:	LDR.W	LR, [R1, IP]	;(R1=0x100FFEF8 IP=0x00000004 )
(    libInnoSecure.so[0xCBBCB000])[4F EA 1E 23 ]0x00004816:	LSR.W	R3, LR, #8	;(LR=0x0A3AD6E6 )
(    libInnoSecure.so[0xCBBCB000])[01 EB 0C 0E ]0x0000481A:	ADD.W	LR, R1, IP	;(R1=0x100FFEF8 IP=0x00000004 )
(    libInnoSecure.so[0xCBBCB000])[63 70       ]0x0000481E:	STRB	R3, [R4, #1]	;(R3=0x000A3AD6 R4=0x100FFF4C )
(    libInnoSecure.so[0xCBBCB000])[0C F1 04 0C ]0x00004820:	ADD.W	IP, IP, #4	;(IP=0x00000004 )
(    libInnoSecure.so[0xCBBCB000])[BE F8 02 30 ]0x00004824:	LDRH.W	R3, [LR, #2]	;(LR=0x100FFEFC )
(    libInnoSecure.so[0xCBBCB000])[94 45       ]0x00004828:	CMP	IP, R2	;(IP=0x00000008 R2=0x00000010 )
(    libInnoSecure.so[0xCBBCB000])[A3 70       ]0x0000482A:	STRB	R3, [R4, #2]	;(R3=0x00000A3A R4=0x100FFF4C )
(    libInnoSecure.so[0xCBBCB000])[9E F8 03 30 ]0x0000482C:	LDRB.W	R3, [LR, #3]	;(LR=0x100FFEFC )
(    libInnoSecure.so[0xCBBCB000])[E3 70       ]0x00004830:	STRB	R3, [R4, #3]	;(R3=0x0000000A R4=0x100FFF4C )
(    libInnoSecure.so[0xCBBCB000])[E8 D3       ]0x00004832:	BLO	#0XCBBCF806
(    libInnoSecure.so[0xCBBCB000])[51 F8 0C 30 ]0x00004806:	LDR.W	R3, [R1, IP]	;(R1=0x100FFEF8 IP=0x00000008 )
(    libInnoSecure.so[0xCBBCB000])[00 EB 0C 04 ]0x0000480A:	ADD.W	R4, R0, IP	;(R0=0x100FFF48 IP=0x00000008 )
(    libInnoSecure.so[0xCBBCB000])[00 F8 0C 30 ]0x0000480E:	STRB.W	R3, [R0, IP]	;(R3=0x568C2196 R0=0x100FFF48 IP=0x00000008 )
(    libInnoSecure.so[0xCBBCB000])[51 F8 0C E0 ]0x00004812:	LDR.W	LR, [R1, IP]	;(R1=0x100FFEF8 IP=0x00000008 )
(    libInnoSecure.so[0xCBBCB000])[4F EA 1E 23 ]0x00004816:	LSR.W	R3, LR, #8	;(LR=0x568C2196 )
(    libInnoSecure.so[0xCBBCB000])[01 EB 0C 0E ]0x0000481A:	ADD.W	LR, R1, IP	;(R1=0x100FFEF8 IP=0x00000008 )
(    libInnoSecure.so[0xCBBCB000])[63 70       ]0x0000481E:	STRB	R3, [R4, #1]	;(R3=0x00568C21 R4=0x100FFF50 )
(    libInnoSecure.so[0xCBBCB000])[0C F1 04 0C ]0x00004820:	ADD.W	IP, IP, #4	;(IP=0x00000008 )
(    libInnoSecure.so[0xCBBCB000])[BE F8 02 30 ]0x00004824:	LDRH.W	R3, [LR, #2]	;(LR=0x100FFF00 )
(    libInnoSecure.so[0xCBBCB000])[94 45       ]0x00004828:	CMP	IP, R2	;(IP=0x0000000C R2=0x00000010 )
(    libInnoSecure.so[0xCBBCB000])[A3 70       ]0x0000482A:	STRB	R3, [R4, #2]	;(R3=0x0000568C R4=0x100FFF50 )
(    libInnoSecure.so[0xCBBCB000])[9E F8 03 30 ]0x0000482C:	LDRB.W	R3, [LR, #3]	;(LR=0x100FFF00 )
(    libInnoSecure.so[0xCBBCB000])[E3 70       ]0x00004830:	STRB	R3, [R4, #3]	;(R3=0x00000056 R4=0x100FFF50 )
(    libInnoSecure.so[0xCBBCB000])[E8 D3       ]0x00004832:	BLO	#0XCBBCF806
(    libInnoSecure.so[0xCBBCB000])[51 F8 0C 30 ]0x00004806:	LDR.W	R3, [R1, IP]	;(R1=0x100FFEF8 IP=0x0000000C )
(    libInnoSecure.so[0xCBBCB000])[00 EB 0C 04 ]0x0000480A:	ADD.W	R4, R0, IP	;(R0=0x100FFF48 IP=0x0000000C )
(    libInnoSecure.so[0xCBBCB000])[00 F8 0C 30 ]0x0000480E:	STRB.W	R3, [R0, IP]	;(R3=0xE4B34989 R0=0x100FFF48 IP=0x0000000C )
(    libInnoSecure.so[0xCBBCB000])[51 F8 0C E0 ]0x00004812:	LDR.W	LR, [R1, IP]	;(R1=0x100FFEF8 IP=0x0000000C )
(    libInnoSecure.so[0xCBBCB000])[4F EA 1E 23 ]0x00004816:	LSR.W	R3, LR, #8	;(LR=0xE4B34989 )
(    libInnoSecure.so[0xCBBCB000])[01 EB 0C 0E ]0x0000481A:	ADD.W	LR, R1, IP	;(R1=0x100FFEF8 IP=0x0000000C )
(    libInnoSecure.so[0xCBBCB000])[63 70       ]0x0000481E:	STRB	R3, [R4, #1]	;(R3=0x00E4B349 R4=0x100FFF54 )
(    libInnoSecure.so[0xCBBCB000])[0C F1 04 0C ]0x00004820:	ADD.W	IP, IP, #4	;(IP=0x0000000C )
(    libInnoSecure.so[0xCBBCB000])[BE F8 02 30 ]0x00004824:	LDRH.W	R3, [LR, #2]	;(LR=0x100FFF04 )
(    libInnoSecure.so[0xCBBCB000])[94 45       ]0x00004828:	CMP	IP, R2	;(IP=0x00000010 R2=0x00000010 )
(    libInnoSecure.so[0xCBBCB000])[A3 70       ]0x0000482A:	STRB	R3, [R4, #2]	;(R3=0x0000E4B3 R4=0x100FFF54 )
(    libInnoSecure.so[0xCBBCB000])[9E F8 03 30 ]0x0000482C:	LDRB.W	R3, [LR, #3]	;(LR=0x100FFF04 )
(    libInnoSecure.so[0xCBBCB000])[E3 70       ]0x00004830:	STRB	R3, [R4, #3]	;(R3=0x000000E4 R4=0x100FFF54 )
(    libInnoSecure.so[0xCBBCB000])[E8 D3       ]0x00004832:	BLO	#0XCBBCF806
(    libInnoSecure.so[0xCBBCB000])[D0 BD       ]0x00004834:	POP	{R4, R6, R7, PC}	;(SP=0x100FFE98 )
(    libInnoSecure.so[0xCBBCB000])[21 20       ]0x00003F14:	MOVS	R0, #0X21
(    libInnoSecure.so[0xCBBCB000])[FD F7 86 ED ]0x00003F16:	BLX	#0XCBBCCA24	;(PC=0xCBBCEF16 )
(    libInnoSecure.so[0xCBBCB000])[00 C6 8F E2 ]0x00001A24:	ADD	IP, PC, #0, #12	;(PC=0xCBBCCA24 )
(    libInnoSecure.so[0xCBBCB000])[08 CA 8C E2 ]0x00001A28:	ADD	IP, IP, #8, #20	;(IP=0xCBBCCA2C )
(    libInnoSecure.so[0xCBBCB000])[E4 F4 BC E5 ]0x00001A2C:	LDR	PC, [IP, #0X4E4]!	;(IP=0xCBBD4A2C )
(    libInnoSecure.so[0xCBBCB000])[04 46       ]0x00003F1A:	MOV	R4, R0	;(R0=0x30043468 )
(    libInnoSecure.so[0xCBBCB000])[9D F8 A0 00 ]0x00003F1C:	LDRB.W	R0, [SP, #0XA0]	;(SP=0x100FFEA8 )
(    libInnoSecure.so[0xCBBCB000])[11 90       ]0x00003F20:	STR	R0, [SP, #0X44]	;(R0=0x0000001E SP=0x100FFEA8 )
(    libInnoSecure.so[0xCBBCB000])[9D F8 A1 00 ]0x00003F22:	LDRB.W	R0, [SP, #0XA1]	;(SP=0x100FFEA8 )
(    libInnoSecure.so[0xCBBCB000])[10 90       ]0x00003F26:	STR	R0, [SP, #0X40]	;(R0=0x000000FA SP=0x100FFEA8 )
(    libInnoSecure.so[0xCBBCB000])[9D F8 A2 00 ]0x00003F28:	LDRB.W	R0, [SP, #0XA2]	;(SP=0x100FFEA8 )
(    libInnoSecure.so[0xCBBCB000])[9D F8 AB 60 ]0x00003F2C:	LDRB.W	R6, [SP, #0XAB]	;(SP=0x100FFEA8 )
(    libInnoSecure.so[0xCBBCB000])[0F 90       ]0x00003F30:	STR	R0, [SP, #0X3C]	;(R0=0x0000002B SP=0x100FFEA8 )
(    libInnoSecure.so[0xCBBCB000])[9D F8 A3 00 ]0x00003F32:	LDRB.W	R0, [SP, #0XA3]	;(SP=0x100FFEA8 )
(    libInnoSecure.so[0xCBBCB000])[9D F8 A5 90 ]0x00003F36:	LDRB.W	SB, [SP, #0XA5]	;(SP=0x100FFEA8 )
(    libInnoSecure.so[0xCBBCB000])[9D F8 A7 B0 ]0x00003F3A:	LDRB.W	FP, [SP, #0XA7]	;(SP=0x100FFEA8 )
(    libInnoSecure.so[0xCBBCB000])[9D F8 A9 E0 ]0x00003F3E:	LDRB.W	LR, [SP, #0XA9]	;(SP=0x100FFEA8 )
(    libInnoSecure.so[0xCBBCB000])[0E 90       ]0x00003F42:	STR	R0, [SP, #0X38]	;(R0=0x00000006 SP=0x100FFEA8 )
(    libInnoSecure.so[0xCBBCB000])[9D F8 AA 10 ]0x00003F44:	LDRB.W	R1, [SP, #0XAA]	;(SP=0x100FFEA8 )
(    libInnoSecure.so[0xCBBCB000])[9D F8 AC 00 ]0x00003F48:	LDRB.W	R0, [SP, #0XAC]	;(SP=0x100FFEA8 )
(    libInnoSecure.so[0xCBBCB000])[9D F8 A4 80 ]0x00003F4C:	LDRB.W	R8, [SP, #0XA4]	;(SP=0x100FFEA8 )
(    libInnoSecure.so[0xCBBCB000])[9D F8 A6 A0 ]0x00003F50:	LDRB.W	SL, [SP, #0XA6]	;(SP=0x100FFEA8 )
(    libInnoSecure.so[0xCBBCB000])[9D F8 A8 50 ]0x00003F54:	LDRB.W	R5, [SP, #0XA8]	;(SP=0x100FFEA8 )
(    libInnoSecure.so[0xCBBCB000])[9D F8 AD 20 ]0x00003F58:	LDRB.W	R2, [SP, #0XAD]	;(SP=0x100FFEA8 )
(    libInnoSecure.so[0xCBBCB000])[9D F8 AE 30 ]0x00003F5C:	LDRB.W	R3, [SP, #0XAE]	;(SP=0x100FFEA8 )
(    libInnoSecure.so[0xCBBCB000])[9D F8 AF C0 ]0x00003F60:	LDRB.W	IP, [SP, #0XAF]	;(SP=0x100FFEA8 )
(    libInnoSecure.so[0xCBBCB000])[CD E9 08 16 ]0x00003F64:	STRD	R1, R6, [SP, #0X20]	;(R1=0x0000008C R6=0x00000056 SP=0x100FFEA8 )
(    libInnoSecure.so[0xCBBCB000])[0A A9       ]0x00003F68:	ADD	R1, SP, #0X28	;(SP=0x100FFEA8 )
(    libInnoSecure.so[0xCBBCB000])[81 E8 0D 10 ]0x00003F6A:	STM.W	R1, {R0, R2, R3, IP}	;(R1=0x100FFED0 R0=0x00000089 R2=0x00000049 R3=0x000000B3 IP=0x000000E4 )
(    libInnoSecure.so[0xCBBCB000])[CD E9 06 5E ]0x00003F6E:	STRD	R5, LR, [SP, #0X18]	;(R5=0x00000096 LR=0x00000021 SP=0x100FFEA8 )
(    libInnoSecure.so[0xCBBCB000])[CD E9 04 AB ]0x00003F72:	STRD	SL, FP, [SP, #0X10]	;(SL=0x0000003A FP=0x0000000A SP=0x100FFEA8 )
(    libInnoSecure.so[0xCBBCB000])[CD E9 02 89 ]0x00003F76:	STRD	R8, SB, [SP, #8]	;(R8=0x000000E6 SB=0x000000D6 SP=0x100FFEA8 )
(    libInnoSecure.so[0xCBBCB000])[0E 98       ]0x00003F7A:	LDR	R0, [SP, #0X38]	;(SP=0x100FFEA8 )
(    libInnoSecure.so[0xCBBCB000])[01 90       ]0x00003F7C:	STR	R0, [SP, #4]	;(R0=0x00000006 SP=0x100FFEA8 )
(    libInnoSecure.so[0xCBBCB000])[0F 98       ]0x00003F7E:	LDR	R0, [SP, #0X3C]	;(SP=0x100FFEA8 )
(    libInnoSecure.so[0xCBBCB000])[0D 49       ]0x00003F80:	LDR	R1, [PC, #0X34]	;(PC=0xCBBCEF80 )
(    libInnoSecure.so[0xCBBCB000])[00 90       ]0x00003F82:	STR	R0, [SP]	;(R0=0x0000002B SP=0x100FFEA8 )
(    libInnoSecure.so[0xCBBCB000])[20 46       ]0x00003F84:	MOV	R0, R4	;(R4=0x30043468 )
(    libInnoSecure.so[0xCBBCB000])[DD E9 10 32 ]0x00003F86:	LDRD	R3, R2, [SP, #0X40]	;(SP=0x100FFEA8 )
(    libInnoSecure.so[0xCBBCB000])[79 44       ]0x00003F8A:	ADD	R1, PC	;(R1=0x00004044 PC=0xCBBCEF8A )
(    libInnoSecure.so[0xCBBCB000])[FD F7 50 ED ]0x00003F8C:	BLX	#0XCBBCCA30	;(PC=0xCBBCEF8C )
(    libInnoSecure.so[0xCBBCB000])[00 C6 8F E2 ]0x00001A30:	ADD	IP, PC, #0, #12	;(PC=0xCBBCCA30 )
(    libInnoSecure.so[0xCBBCB000])[08 CA 8C E2 ]0x00001A34:	ADD	IP, IP, #8, #20	;(IP=0xCBBCCA38 )
(    libInnoSecure.so[0xCBBCB000])[DC F4 BC E5 ]0x00001A38:	LDR	PC, [IP, #0X4DC]!	;(IP=0xCBBD4A38 )
(    libInnoSecure.so[0xCBBCB000])[00 E0       ]0x00003F90:	B	#0XCBBCEF94
(    libInnoSecure.so[0xCBBCB000])[09 48       ]0x00003F94:	LDR	R0, [PC, #0X24]	;(PC=0xCBBCEF94 )
(    libInnoSecure.so[0xCBBCB000])[2E 99       ]0x00003F96:	LDR	R1, [SP, #0XB8]	;(SP=0x100FFEA8 )
(    libInnoSecure.so[0xCBBCB000])[78 44       ]0x00003F98:	ADD	R0, PC	;(R0=0x00005F04 PC=0xCBBCEF98 )
(    libInnoSecure.so[0xCBBCB000])[00 68       ]0x00003F9A:	LDR	R0, [R0]	;(R0=0xCBBD4EA0 )
(    libInnoSecure.so[0xCBBCB000])[00 68       ]0x00003F9C:	LDR	R0, [R0]	;(R0=0xCBC29384 )
(    libInnoSecure.so[0xCBBCB000])[40 1A       ]0x00003F9E:	SUBS	R0, R0, R1	;(R0=0x00000000 R1=0x00000000 )
(    libInnoSecure.so[0xCBBCB000])[01 BF       ]0x00003FA0:	ITTTT	EQ
(    libInnoSecure.so[0xCBBCB000])[20 46       ]0x00003FA2:	MOV	R0, R4	;(R4=0x30043468 )
(    libInnoSecure.so[0xCBBCB000])[2F B0       ]0x00003FA4:	ADD	SP, #0XBC	;(SP=0x100FFEA8 )
(    libInnoSecure.so[0xCBBCB000])[BD E8 00 0F ]0x00003FA6:	POP.W	{R8, SB, SL, FP}	;(SP=0x100FFF64 )
(    libInnoSecure.so[0xCBBCB000])[F0 BD       ]0x00003FAA:	POP	{R4, R5, R6, R7, PC}	;(SP=0x100FFF74 )
(    libInnoSecure.so[0xCBBCB000])[04 46       ]0x00001F56:	MOV	R4, R0	;(R0=0x30043468 )
(    libInnoSecure.so[0xCBBCB000])[30 46       ]0x00001F58:	MOV	R0, R6	;(R6=0x30043020 )
(    libInnoSecure.so[0xCBBCB000])[FF F7 46 ED ]0x00001F5A:	BLX	#0XCBBCC9E8	;(PC=0xCBBCCF5A )
(    libInnoSecure.so[0xCBBCB000])[00 C6 8F E2 ]0x000019E8:	ADD	IP, PC, #0, #12	;(PC=0xCBBCC9E8 )
(    libInnoSecure.so[0xCBBCB000])[08 CA 8C E2 ]0x000019EC:	ADD	IP, IP, #8, #20	;(IP=0xCBBCC9F0 )
(    libInnoSecure.so[0xCBBCB000])[0C F5 BC E5 ]0x000019F0:	LDR	PC, [IP, #0X50C]!	;(IP=0xCBBD49F0 )
(    libInnoSecure.so[0xCBBCB000])[20 46       ]0x00001F5E:	MOV	R0, R4	;(R4=0x30043468 )
(    libInnoSecure.so[0xCBBCB000])[2E E0       ]0x00001F60:	B	#0XCBBCCFC0
(    libInnoSecure.so[0xCBBCB000])[01 B0       ]0x00001FC0:	ADD	SP, #4	;(SP=0x100FFF88 )
(    libInnoSecure.so[0xCBBCB000])[BD E8 00 0F ]0x00001FC2:	POP.W	{R8, SB, SL, FP}	;(SP=0x100FFF8C )
(    libInnoSecure.so[0xCBBCB000])[F0 BD       ]0x00001FC6:	POP	{R4, R5, R6, R7, PC}	;(SP=0x100FFF9C )
(    libInnoSecure.so[0xCBBCB000])[40 49       ]0x00005DCA:	LDR	R1, [PC, #0X100]	;(PC=0xCBBD0DCA )
(    libInnoSecure.so[0xCBBCB000])[00 28       ]0x00005DCC:	CMP	R0, #0	;(R0=0x30043468 )
(    libInnoSecure.so[0xCBBCB000])[79 44       ]0x00005DCE:	ADD	R1, PC	;(R1=0x000042E6 PC=0xCBBD0DCE )
(    libInnoSecure.so[0xCBBCB000])[08 60       ]0x00005DD0:	STR	R0, [R1]	;(R0=0x30043468 R1=0xCBBD50B8 )
(    libInnoSecure.so[0xCBBCB000])[01 D0       ]0x00005DD2:	BEQ	#0XCBBD0DD8
(    libInnoSecure.so[0xCBBCB000])[00 78       ]0x00005DD4:	LDRB	R0, [R0]	;(R0=0x30043468 )
(    libInnoSecure.so[0xCBBCB000])[70 B9       ]0x00005DD6:	CBNZ	R0, #0XCBBD0DF6	;(R0=0x00000031 )
(    libInnoSecure.so[0xCBBCB000])[20 46       ]0x00005DF6:	MOV	R0, R4	;(R4=0x01000CF0 )
(    libInnoSecure.so[0xCBBCB000])[59 46       ]0x00005DF8:	MOV	R1, FP	;(FP=0x00000001 )
(    libInnoSecure.so[0xCBBCB000])[FC F7 3D F9 ]0x00005DFA:	BL	#0XCBBCD078	;(PC=0xCBBD0DFA )
(    libInnoSecure.so[0xCBBCB000])[F0 B5       ]0x00002078:	PUSH	{R4, R5, R6, R7, LR}	;(SP=0x100FFFB0 R4=0x01000CF0 R5=0x00000000 R6=0x00000000 R7=0x100FFFE8 LR=0xCBBD0DFF )
(    libInnoSecure.so[0xCBBCB000])[03 AF       ]0x0000207A:	ADD	R7, SP, #0XC	;(SP=0x100FFF9C )
(    libInnoSecure.so[0xCBBCB000])[2D E9 00 0F ]0x0000207C:	PUSH.W	{R8, SB, SL, FP}	;(SP=0x100FFF9C R8=0x00000004 SB=0x00000002 SL=0x30041004 FP=0x00000001 )
(    libInnoSecure.so[0xCBBCB000])[81 B0       ]0x00002080:	SUB	SP, #4	;(SP=0x100FFF8C )
(    libInnoSecure.so[0xCBBCB000])[04 46       ]0x00002082:	MOV	R4, R0	;(R0=0x01000CF0 )
(    libInnoSecure.so[0xCBBCB000])[89 46       ]0x00002084:	MOV	SB, R1	;(R1=0x00000001 )
(    libInnoSecure.so[0xCBBCB000])[20 68       ]0x00002086:	LDR	R0, [R4]	;(R4=0x01000CF0 )
(    libInnoSecure.so[0xCBBCB000])[34 A1       ]0x00002088:	ADR	R1, #0XD0
(    libInnoSecure.so[0xCBBCB000])[82 69       ]0x0000208A:	LDR	R2, [R0, #0X18]	;(R0=0x0100094C )
(    libInnoSecure.so[0xCBBCB000])[20 46       ]0x0000208C:	MOV	R0, R4	;(R4=0x01000CF0 )
(    libInnoSecure.so[0xCBBCB000])[90 47       ]0x0000208E:	BLX	R2	;(PC=0xCBBCD08E R2=0x0100006F )
(    libInnoSecure.so[0xCBBCB000])[05 46       ]0x00002090:	MOV	R5, R0	;(R0=0x00000014 )
(    libInnoSecure.so[0xCBBCB000])[00 2D       ]0x00002092:	CMP	R5, #0	;(R5=0x00000014 )
(    libInnoSecure.so[0xCBBCB000])[5B D0       ]0x00002094:	BEQ	#0XCBBCD14E
(    libInnoSecure.so[0xCBBCB000])[20 68       ]0x00002096:	LDR	R0, [R4]	;(R4=0x01000CF0 )
(    libInnoSecure.so[0xCBBCB000])[35 A1       ]0x00002098:	ADR	R1, #0XD4
(    libInnoSecure.so[0xCBBCB000])[D0 F8 9C 22 ]0x0000209A:	LDR.W	R2, [R0, #0X29C]	;(R0=0x0100094C )
(    libInnoSecure.so[0xCBBCB000])[20 46       ]0x0000209E:	MOV	R0, R4	;(R4=0x01000CF0 )
(    libInnoSecure.so[0xCBBCB000])[90 47       ]0x000020A0:	BLX	R2	;(PC=0xCBBCD0A0 R2=0x010006B9 )
(    libInnoSecure.so[0xCBBCB000])[80 46       ]0x000020A2:	MOV	R8, R0	;(R0=0x00000015 )
(    libInnoSecure.so[0xCBBCB000])[20 68       ]0x000020A4:	LDR	R0, [R4]	;(R4=0x01000CF0 )
(    libInnoSecure.so[0xCBBCB000])[B8 F1 00 0F ]0x000020A6:	CMP.W	R8, #0	;(R8=0x00000015 )
(    libInnoSecure.so[0xCBBCB000])[4C D0       ]0x000020AA:	BEQ	#0XCBBCD146
(    libInnoSecure.so[0xCBBCB000])[32 4B       ]0x000020AC:	LDR	R3, [PC, #0XC8]	;(PC=0xCBBCD0AC )
(    libInnoSecure.so[0xCBBCB000])[33 A2       ]0x000020AE:	ADR	R2, #0XCC
(    libInnoSecure.so[0xCBBCB000])[D0 F8 84 60 ]0x000020B0:	LDR.W	R6, [R0, #0X84]	;(R0=0x0100094C )
(    libInnoSecure.so[0xCBBCB000])[20 46       ]0x000020B4:	MOV	R0, R4	;(R4=0x01000CF0 )
(    libInnoSecure.so[0xCBBCB000])[7B 44       ]0x000020B6:	ADD	R3, PC	;(R3=0x00005DA2 PC=0xCBBCD0B6 )
(    libInnoSecure.so[0xCBBCB000])[29 46       ]0x000020B8:	MOV	R1, R5	;(R5=0x00000014 )
(    libInnoSecure.so[0xCBBCB000])[B0 47       ]0x000020BA:	BLX	R6	;(PC=0xCBBCD0BA R6=0x0100017D )
(    libInnoSecure.so[0xCBBCB000])[02 46       ]0x000020BC:	MOV	R2, R0	;(R0=0xD200000C )
(    libInnoSecure.so[0xCBBCB000])[20 68       ]0x000020BE:	LDR	R0, [R4]	;(R4=0x01000CF0 )
(    libInnoSecure.so[0xCBBCB000])[E2 B3       ]0x000020C0:	CBZ	R2, #0XCBBCD13C	;(R2=0xD200000C )
(    libInnoSecure.so[0xCBBCB000])[D0 F8 88 60 ]0x000020C2:	LDR.W	R6, [R0, #0X88]	;(R0=0x0100094C )
(    libInnoSecure.so[0xCBBCB000])[20 46       ]0x000020C6:	MOV	R0, R4	;(R4=0x01000CF0 )
(    libInnoSecure.so[0xCBBCB000])[49 46       ]0x000020C8:	MOV	R1, SB	;(SB=0x00000001 )
(    libInnoSecure.so[0xCBBCB000])[43 46       ]0x000020CA:	MOV	R3, R8	;(R8=0x00000015 )
(    libInnoSecure.so[0xCBBCB000])[B0 47       ]0x000020CC:	BLX	R6	;(PC=0xCBBCD0CC R6=0x01000187 )
(    libInnoSecure.so[0xCBBCB000])[81 46       ]0x000020CE:	MOV	SB, R0	;(R0=0x00000016 )
(    libInnoSecure.so[0xCBBCB000])[20 68       ]0x000020D0:	LDR	R0, [R4]	;(R4=0x01000CF0 )
(    libInnoSecure.so[0xCBBCB000])[B9 F1 00 0F ]0x000020D2:	CMP.W	SB, #0	;(SB=0x00000016 )
(    libInnoSecure.so[0xCBBCB000])[31 D0       ]0x000020D6:	BEQ	#0XCBBCD13C
(    libInnoSecure.so[0xCBBCB000])[D0 F8 AC 22 ]0x000020D8:	LDR.W	R2, [R0, #0X2AC]	;(R0=0x0100094C )
(    libInnoSecure.so[0xCBBCB000])[20 46       ]0x000020DC:	MOV	R0, R4	;(R4=0x01000CF0 )
(    libInnoSecure.so[0xCBBCB000])[49 46       ]0x000020DE:	MOV	R1, SB	;(SB=0x00000016 )
(    libInnoSecure.so[0xCBBCB000])[90 47       ]0x000020E0:	BLX	R2	;(PC=0xCBBCD0E0 R2=0x010006E1 )
(    libInnoSecure.so[0xCBBCB000])[83 46       ]0x000020E2:	MOV	FP, R0	;(R0=0x00000010 )
(    libInnoSecure.so[0xCBBCB000])[20 68       ]0x000020E4:	LDR	R0, [R4]	;(R4=0x01000CF0 )
(    libInnoSecure.so[0xCBBCB000])[49 46       ]0x000020E6:	MOV	R1, SB	;(SB=0x00000016 )
(    libInnoSecure.so[0xCBBCB000])[00 22       ]0x000020E8:	MOVS	R2, #0
(    libInnoSecure.so[0xCBBCB000])[00 26       ]0x000020EA:	MOVS	R6, #0
(    libInnoSecure.so[0xCBBCB000])[D0 F8 E0 32 ]0x000020EC:	LDR.W	R3, [R0, #0X2E0]	;(R0=0x0100094C )
(    libInnoSecure.so[0xCBBCB000])[20 46       ]0x000020F0:	MOV	R0, R4	;(R4=0x01000CF0 )
(    libInnoSecure.so[0xCBBCB000])[98 47       ]0x000020F2:	BLX	R3	;(PC=0xCBBCD0F2 R3=0x01000763 )
(    libInnoSecure.so[0xCBBCB000])[02 46       ]0x000020F4:	MOV	R2, R0	;(R0=0x30042004 )
(    libInnoSecure.so[0xCBBCB000])[BB F1 01 0F ]0x000020F6:	CMP.W	FP, #1	;(FP=0x00000010 )
(    libInnoSecure.so[0xCBBCB000])[0D DB       ]0x000020FA:	BLT	#0XCBBCD118
(    libInnoSecure.so[0xCBBCB000])[0B F1 01 00 ]0x000020FC:	ADD.W	R0, FP, #1	;(FP=0x00000010 )
(    libInnoSecure.so[0xCBBCB000])[00 92       ]0x00002100:	STR	R2, [SP]	;(R2=0x30042004 SP=0x100FFF88 )
(    libInnoSecure.so[0xCBBCB000])[FF F7 90 EC ]0x00002102:	BLX	#0XCBBCCA24	;(PC=0xCBBCD102 )
(    libInnoSecure.so[0xCBBCB000])[00 C6 8F E2 ]0x00001A24:	ADD	IP, PC, #0, #12	;(PC=0xCBBCCA24 )
(    libInnoSecure.so[0xCBBCB000])[08 CA 8C E2 ]0x00001A28:	ADD	IP, IP, #8, #20	;(IP=0xCBBCCA2C )
(    libInnoSecure.so[0xCBBCB000])[E4 F4 BC E5 ]0x00001A2C:	LDR	PC, [IP, #0X4E4]!	;(IP=0xCBBD4A2C )
(    libInnoSecure.so[0xCBBCB000])[00 99       ]0x00002106:	LDR	R1, [SP]	;(SP=0x100FFF88 )
(    libInnoSecure.so[0xCBBCB000])[5A 46       ]0x00002108:	MOV	R2, FP	;(FP=0x00000010 )
(    libInnoSecure.so[0xCBBCB000])[82 46       ]0x0000210A:	MOV	SL, R0	;(R0=0x30043020 )
(    libInnoSecure.so[0xCBBCB000])[FF F7 9C EC ]0x0000210C:	BLX	#0XCBBCCA48	;(PC=0xCBBCD10C )
