(       libmtguard.so[0xCBBCB000])[7F B5       ]0x00008D54:	PUSH	{R0, R1, R2, R3, R4, R5, R6, LR} ; JNI_OnLoad	;(SP=0x10100000 R0=0x01000056 R1=0x00000000 R2=0x00000000 R3=0x00000000 R4=0x00000000 R5=0x00000000 R6=0x00000000 LR=0x0110D30D )
(       libmtguard.so[0xCBBCB000])[7F B5       ]0x00008D56:	PUSH	{R0, R1, R2, R3, R4, R5, R6, LR}	;(SP=0x100FFFE0 R0=0x01000056 R1=0x00000000 R2=0x00000000 R3=0x00000000 R4=0x00000000 R5=0x00000000 R6=0x00000000 LR=0x0110D30D )
(       libmtguard.so[0xCBBCB000])[70 26       ]0x00008D58:	MOVS	R6, #0X70
(       libmtguard.so[0xCBBCB000])[AD 21       ]0x00008D5A:	MOVS	R1, #0XAD
(       libmtguard.so[0xCBBCB000])[68 46       ]0x00008D5C:	MOV	R0, SP	;(SP=0x100FFFC0 )
(       libmtguard.so[0xCBBCB000])[10 30       ]0x00008D5E:	ADDS	R0, #0X10	;(R0=0x100FFFC0 )
(       libmtguard.so[0xCBBCB000])[02 26       ]0x00008D60:	MOVS	R6, #2
(       libmtguard.so[0xCBBCB000])[08 30       ]0x00008D62:	ADDS	R0, #8	;(R0=0x100FFFD0 )
(       libmtguard.so[0xCBBCB000])[01 1D       ]0x00008D64:	ADDS	R1, R0, #4	;(R0=0x100FFFD8 )
(       libmtguard.so[0xCBBCB000])[8D 46       ]0x00008D66:	MOV	SP, R1	;(R1=0x100FFFDC )
(       libmtguard.so[0xCBBCB000])[05 A6       ]0x00008D68:	ADR	R6, #0X14
(       libmtguard.so[0xCBBCB000])[05 36       ]0x00008D6A:	ADDS	R6, #5	;(R6=0xCBBD3D80 )
(       libmtguard.so[0xCBBCB000])[02 21       ]0x00008D6C:	MOVS	R1, #2
(       libmtguard.so[0xCBBCB000])[06 36       ]0x00008D6E:	ADDS	R6, #6	;(R6=0xCBBD3D85 )
(       libmtguard.so[0xCBBCB000])[76 18       ]0x00008D70:	ADDS	R6, R6, R1	;(R6=0xCBBD3D8B R1=0x00000002 )
(       libmtguard.so[0xCBBCB000])[46 62       ]0x00008D72:	STR	R6, [R0, #0X24]	;(R6=0xCBBD3D8D R0=0x100FFFD8 )
(       libmtguard.so[0xCBBCB000])[40 BC       ]0x00008D74:	POP	{R6}	;(SP=0x100FFFDC )
(       libmtguard.so[0xCBBCB000])[03 E0       ]0x00008D76:	B	#0XCBBD3D80
(       libmtguard.so[0xCBBCB000])[00 46       ]0x00008D80:	MOV	R0, R0	;(R0=0x100FFFD8 )
(       libmtguard.so[0xCBBCB000])[7F BD       ]0x00008D82:	POP	{R0, R1, R2, R3, R4, R5, R6, PC}	;(SP=0x100FFFE0 )
(       libmtguard.so[0xCBBCB000])[03 B5       ]0x00008D8C:	PUSH	{R0, R1, LR}	;(SP=0x10100000 R0=0x01000056 R1=0x00000000 LR=0x0110D30D )
(       libmtguard.so[0xCBBCB000])[01 48       ]0x00008D8E:	LDR	R0, [PC, #4]	;(PC=0xCBBD3D8E )
(       libmtguard.so[0xCBBCB000])[00 F0 04 F8 ]0x00008D90:	BL	#0XCBBD3D9C	;(PC=0xCBBD3D90 )
(       libmtguard.so[0xCBBCB000])[FB F7 6A EE ]0x00008D9C:	BLX	#0XCBBCFA74	;(PC=0xCBBD3D9C )
(       libmtguard.so[0xCBBCB000])[01 10 CE E3 ]0x00004A74:	BIC	R1, LR, #1	;(LR=0xCBBD3DA1 )
(       libmtguard.so[0xCBBCB000])[00 11 91 E7 ]0x00004A78:	LDR	R1, [R1, R0, LSL #2]	;(R1=0xCBBD3DA0 R0=0x00000002 )
(       libmtguard.so[0xCBBCB000])[0E 10 81 E0 ]0x00004A7C:	ADD	R1, R1, LR	;(R1=0x00000044 LR=0xCBBD3DA1 )
(       libmtguard.so[0xCBBCB000])[08 E0 9D E5 ]0x00004A80:	LDR	LR, [SP, #8]	;(SP=0x100FFFF4 )
(       libmtguard.so[0xCBBCB000])[08 10 8D E5 ]0x00004A84:	STR	R1, [SP, #8]	;(R1=0xCBBD3DE5 SP=0x100FFFF4 )
(       libmtguard.so[0xCBBCB000])[03 80 BD E8 ]0x00004A88:	POP	{R0, R1, PC}	;(SP=0x100FFFF4 )
(       libmtguard.so[0xCBBCB000])[B0 B5       ]0x00008DE4:	PUSH	{R4, R5, R7, LR}	;(SP=0x10100000 R4=0x00000000 R5=0x00000000 R7=0x00000000 LR=0x0110D30D )
(       libmtguard.so[0xCBBCB000])[02 AF       ]0x00008DE6:	ADD	R7, SP, #8	;(SP=0x100FFFF0 )
(       libmtguard.so[0xCBBCB000])[82 B0       ]0x00008DE8:	SUB	SP, #8	;(SP=0x100FFFF0 )
(       libmtguard.so[0xCBBCB000])[04 46       ]0x00008DEA:	MOV	R4, R0	;(R0=0x01000056 )
(       libmtguard.so[0xCBBCB000])[82 B0       ]0x00008DEC:	SUB	SP, #8	;(SP=0x100FFFE8 )
(       libmtguard.so[0xCBBCB000])[03 B5       ]0x00008DEE:	PUSH	{R0, R1, LR}	;(SP=0x100FFFE0 R0=0x01000056 R1=0x00000000 LR=0x0110D30D )
(       libmtguard.so[0xCBBCB000])[FB F7 4C EE ]0x00008DF0:	BLX	#0XCBBCFA8C	;(PC=0xCBBD3DF0 )
(       libmtguard.so[0xCBBCB000])[01 00 CE E3 ]0x00004A8C:	BIC	R0, LR, #1	;(LR=0xCBBD3DF5 )
(       libmtguard.so[0xCBBCB000])[00 10 90 E5 ]0x00004A90:	LDR	R1, [R0]	;(R0=0xCBBD3DF4 )
(       libmtguard.so[0xCBBCB000])[01 10 90 E7 ]0x00004A94:	LDR	R1, [R0, R1]	;(R0=0xCBBD3DF4 R1=0x00000060 )
(       libmtguard.so[0xCBBCB000])[04 E0 8E E2 ]0x00004A98:	ADD	LR, LR, #4	;(LR=0xCBBD3DF5 )
(       libmtguard.so[0xCBBCB000])[0C E0 8D E5 ]0x00004A9C:	STR	LR, [SP, #0XC]	;(LR=0xCBBD3DF9 SP=0x100FFFD4 )
(       libmtguard.so[0xCBBCB000])[10 10 8D E5 ]0x00004AA0:	STR	R1, [SP, #0X10]	;(R1=0x0003700E SP=0x100FFFD4 )
(       libmtguard.so[0xCBBCB000])[03 C0 BD E8 ]0x00004AA4:	POP	{R0, R1, LR, PC}	;(SP=0x100FFFD4 )
(       libmtguard.so[0xCBBCB000])[01 BC       ]0x00008DF8:	POP	{R0}	;(SP=0x100FFFE4 )
(       libmtguard.so[0xCBBCB000])[78 44       ]0x00008DFA:	ADD	R0, PC	;(R0=0x0003700E PC=0xCBBD3DFA )
(       libmtguard.so[0xCBBCB000])[D0 F8 00 50 ]0x00008DFC:	LDR.W	R5, [R0]	;(R0=0xCBC0AE0C )
(       libmtguard.so[0xCBBCB000])[D5 F8 00 00 ]0x00008E00:	LDR.W	R0, [R5]	;(R5=0xCBC63384 )
(       libmtguard.so[0xCBBCB000])[CD F8 04 00 ]0x00008E04:	STR.W	R0, [SP, #4]	;(R0=0x00000000 SP=0x100FFFE8 )
(       libmtguard.so[0xCBBCB000])[4F F0 00 00 ]0x00008E08:	MOV.W	R0, #0
(       libmtguard.so[0xCBBCB000])[CD F8 00 00 ]0x00008E0C:	STR.W	R0, [SP]	;(R0=0x00000000 SP=0x100FFFE8 )
(       libmtguard.so[0xCBBCB000])[02 F0 3A FA ]0x00008E10:	BL	#0XCBBD6288	;(PC=0xCBBD3E10 )
(       libmtguard.so[0xCBBCB000])[D0 B5       ]0x0000B288:	PUSH	{R4, R6, R7, LR}	;(SP=0x100FFFE8 R4=0x01000056 R6=0x00000000 R7=0x100FFFF8 LR=0xCBBD3E15 )
(       libmtguard.so[0xCBBCB000])[02 AF       ]0x0000B28A:	ADD	R7, SP, #8	;(SP=0x100FFFD8 )
(       libmtguard.so[0xCBBCB000])[09 4C       ]0x0000B28C:	LDR	R4, [PC, #0X24]	;(PC=0xCBBD628C )
(       libmtguard.so[0xCBBCB000])[7C 44       ]0x0000B28E:	ADD	R4, PC	;(R4=0x00036B7A PC=0xCBBD628E )
(       libmtguard.so[0xCBBCB000])[20 68       ]0x0000B290:	LDR	R0, [R4]	;(R4=0xCBC0CE0C )
(       libmtguard.so[0xCBBCB000])[00 B1       ]0x0000B292:	CBZ	R0, #0XCBBD6296	;(R0=0x00000000 )
(       libmtguard.so[0xCBBCB000])[04 20       ]0x0000B296:	MOVS	R0, #4
(       libmtguard.so[0xCBBCB000])[00 21       ]0x0000B298:	MOVS	R1, #0
(       libmtguard.so[0xCBBCB000])[00 22       ]0x0000B29A:	MOVS	R2, #0
(       libmtguard.so[0xCBBCB000])[F8 F7 B6 FD ]0x0000B29C:	BL	#0XCBBCEE0C	;(PC=0xCBBD629C )
(       libmtguard.so[0xCBBCB000])[08 B1       ]0x00003E0C:	CBZ	R0, #0XCBBCEE12	;(R0=0x00000004 )
(       libmtguard.so[0xCBBCB000])[2D F0 07 BA ]0x00003E0E:	B.W	#0XCBBFC220
(       libmtguard.so[0xCBBCB000])[78 47       ]0x00031220:	BX	PC	;(PC=0xCBBFC220 )
(       libmtguard.so[0xCBBCB000])[00 C0 9F E5 ]0x00031224:	LDR	IP, [PC]	;(PC=0xCBBFC224 )
(       libmtguard.so[0xCBBCB000])[0F F0 8C E0 ]0x00031228:	ADD	PC, IP, PC	;(IP=0xFFFD1390 PC=0xCBBFC228 )
(       libmtguard.so[0xCBBCB000])[00 C6 8F E2 ]0x000025C0:	ADD	IP, PC, #0, #12	;(PC=0xCBBCD5C0 )
(       libmtguard.so[0xCBBCB000])[3D CA 8C E2 ]0x000025C4:	ADD	IP, IP, #0X3D000	;(IP=0xCBBCD5C8 )
(       libmtguard.so[0xCBBCB000])[04 F9 BC E5 ]0x000025C8:	LDR	PC, [IP, #0X904]!	;(IP=0xCBC0A5C8 )
(       libmtguard.so[0xCBBCB000])[20 60       ]0x0000B2A0:	STR	R0, [R4]	;(R0=0x30041020 R4=0xCBC0CE0C )
(       libmtguard.so[0xCBBCB000])[20 68       ]0x0000B2A2:	LDR	R0, [R4]	;(R4=0xCBC0CE0C )
(       libmtguard.so[0xCBBCB000])[00 28       ]0x0000B2A4:	CMP	R0, #0	;(R0=0x30041020 )
(       libmtguard.so[0xCBBCB000])[F5 D0       ]0x0000B2A6:	BEQ	#0XCBBD6294
(       libmtguard.so[0xCBBCB000])[20 68       ]0x0000B2A8:	LDR	R0, [R4]	;(R4=0xCBC0CE0C )
(       libmtguard.so[0xCBBCB000])[BD E8 D0 40 ]0x0000B2AA:	POP.W	{R4, R6, R7, LR}	;(SP=0x100FFFD8 )
(       libmtguard.so[0xCBBCB000])[00 F0 03 B8 ]0x0000B2AE:	B.W	#0XCBBD62B8
(       libmtguard.so[0xCBBCB000])[F0 B5       ]0x0000B2B8:	PUSH	{R4, R5, R6, R7, LR}	;(SP=0x100FFFE8 R4=0x01000056 R5=0xCBC63384 R6=0x00000000 R7=0x100FFFF8 LR=0xCBBD3E15 )
(       libmtguard.so[0xCBBCB000])[03 AF       ]0x0000B2BA:	ADD	R7, SP, #0XC	;(SP=0x100FFFD4 )
(       libmtguard.so[0xCBBCB000])[4D F8 04 BD ]0x0000B2BC:	STR	FP, [SP, #-0X4]!	;(FP=0x00000000 SP=0x100FFFD4 )
(       libmtguard.so[0xCBBCB000])[82 B0       ]0x0000B2C0:	SUB	SP, #8	;(SP=0x100FFFD0 )
(       libmtguard.so[0xCBBCB000])[04 46       ]0x0000B2C2:	MOV	R4, R0	;(R0=0x30041020 )
(       libmtguard.so[0xCBBCB000])[0F 48       ]0x0000B2C4:	LDR	R0, [PC, #0X3C]	;(PC=0xCBBD62C4 )
(       libmtguard.so[0xCBBCB000])[6D 46       ]0x0000B2C6:	MOV	R5, SP	;(SP=0x100FFFC8 )
(       libmtguard.so[0xCBBCB000])[78 44       ]0x0000B2C8:	ADD	R0, PC	;(R0=0x00034B40 PC=0xCBBD62C8 )
(       libmtguard.so[0xCBBCB000])[06 68       ]0x0000B2CA:	LDR	R6, [R0]	;(R0=0xCBC0AE0C )
(       libmtguard.so[0xCBBCB000])[30 68       ]0x0000B2CC:	LDR	R0, [R6]	;(R6=0xCBC63384 )
(       libmtguard.so[0xCBBCB000])[01 90       ]0x0000B2CE:	STR	R0, [SP, #4]	;(R0=0x00000000 SP=0x100FFFC8 )
(       libmtguard.so[0xCBBCB000])[28 46       ]0x0000B2D0:	MOV	R0, R5	;(R5=0x100FFFC8 )
(       libmtguard.so[0xCBBCB000])[F7 F7 00 EA ]0x0000B2D2:	BLX	#0XCBBCD6D4	;(PC=0xCBBD62D2 )
(       libmtguard.so[0xCBBCB000])[00 C6 8F E2 ]0x000026D4:	ADD	IP, PC, #0, #12	;(PC=0xCBBCD6D4 )
(       libmtguard.so[0xCBBCB000])[3D CA 8C E2 ]0x000026D8:	ADD	IP, IP, #0X3D000	;(IP=0xCBBCD6DC )
(       libmtguard.so[0xCBBCB000])[4C F8 BC E5 ]0x000026DC:	LDR	PC, [IP, #0X84C]!	;(IP=0xCBC0A6DC )
(       libmtguard.so[0xCBBCB000])[28 46       ]0x0000B2D6:	MOV	R0, R5	;(R5=0x100FFFC8 )
(       libmtguard.so[0xCBBCB000])[01 21       ]0x0000B2D8:	MOVS	R1, #1
(       libmtguard.so[0xCBBCB000])[F7 F7 02 EA ]0x0000B2DA:	BLX	#0XCBBCD6E0	;(PC=0xCBBD62DA )
(       libmtguard.so[0xCBBCB000])[00 C6 8F E2 ]0x000026E0:	ADD	IP, PC, #0, #12	;(PC=0xCBBCD6E0 )
(       libmtguard.so[0xCBBCB000])[3D CA 8C E2 ]0x000026E4:	ADD	IP, IP, #0X3D000	;(IP=0xCBBCD6E8 )
(       libmtguard.so[0xCBBCB000])[44 F8 BC E5 ]0x000026E8:	LDR	PC, [IP, #0X844]!	;(IP=0xCBC0A6E8 )
(       libmtguard.so[0xCBBCB000])[20 46       ]0x0000B2DE:	MOV	R0, R4	;(R4=0x30041020 )
(       libmtguard.so[0xCBBCB000])[29 46       ]0x0000B2E0:	MOV	R1, R5	;(R5=0x100FFFC8 )
(       libmtguard.so[0xCBBCB000])[F7 F7 04 EA ]0x0000B2E2:	BLX	#0XCBBCD6EC	;(PC=0xCBBD62E2 )
(       libmtguard.so[0xCBBCB000])[00 C6 8F E2 ]0x000026EC:	ADD	IP, PC, #0, #12	;(PC=0xCBBCD6EC )
(       libmtguard.so[0xCBBCB000])[3D CA 8C E2 ]0x000026F0:	ADD	IP, IP, #0X3D000	;(IP=0xCBBCD6F4 )
(       libmtguard.so[0xCBBCB000])[3C F8 BC E5 ]0x000026F4:	LDR	PC, [IP, #0X83C]!	;(IP=0xCBC0A6F4 )
(       libmtguard.so[0xCBBCB000])[04 46       ]0x0000B2E6:	MOV	R4, R0	;(R0=0x00000000 )
(       libmtguard.so[0xCBBCB000])[28 46       ]0x0000B2E8:	MOV	R0, R5	;(R5=0x100FFFC8 )
(       libmtguard.so[0xCBBCB000])[F7 F7 06 EA ]0x0000B2EA:	BLX	#0XCBBCD6F8	;(PC=0xCBBD62EA )
(       libmtguard.so[0xCBBCB000])[00 C6 8F E2 ]0x000026F8:	ADD	IP, PC, #0, #12	;(PC=0xCBBCD6F8 )
(       libmtguard.so[0xCBBCB000])[3D CA 8C E2 ]0x000026FC:	ADD	IP, IP, #0X3D000	;(IP=0xCBBCD700 )
(       libmtguard.so[0xCBBCB000])[34 F8 BC E5 ]0x00002700:	LDR	PC, [IP, #0X834]!	;(IP=0xCBC0A700 )
(       libmtguard.so[0xCBBCB000])[01 98       ]0x0000B2EE:	LDR	R0, [SP, #4]	;(SP=0x100FFFC8 )
(       libmtguard.so[0xCBBCB000])[31 68       ]0x0000B2F0:	LDR	R1, [R6]	;(R6=0xCBC63384 )
(       libmtguard.so[0xCBBCB000])[08 1A       ]0x0000B2F2:	SUBS	R0, R1, R0	;(R1=0x00000000 R0=0x00000000 )
(       libmtguard.so[0xCBBCB000])[01 BF       ]0x0000B2F4:	ITTTT	EQ
(       libmtguard.so[0xCBBCB000])[20 46       ]0x0000B2F6:	MOV	R0, R4	;(R4=0x00000000 )
(       libmtguard.so[0xCBBCB000])[02 B0       ]0x0000B2F8:	ADD	SP, #8	;(SP=0x100FFFC8 )
(       libmtguard.so[0xCBBCB000])[5D F8 04 BB ]0x0000B2FA:	LDR	FP, [SP], #4	;(SP=0x100FFFD0 )
(       libmtguard.so[0xCBBCB000])[F0 BD       ]0x0000B2FE:	POP	{R4, R5, R6, R7, PC}	;(SP=0x100FFFD4 )
(       libmtguard.so[0xCBBCB000])[03 F0 C8 FF ]0x00008E14:	BL	#0XCBBD7DA8	;(PC=0xCBBD3E14 )
(       libmtguard.so[0xCBBCB000])[80 B5       ]0x0000CDA8:	PUSH	{R7, LR}	;(SP=0x100FFFE8 R7=0x100FFFF8 LR=0xCBBD3E19 )
(       libmtguard.so[0xCBBCB000])[6F 46       ]0x0000CDAA:	MOV	R7, SP	;(SP=0x100FFFE0 )
(       libmtguard.so[0xCBBCB000])[03 48       ]0x0000CDAC:	LDR	R0, [PC, #0XC]	;(PC=0xCBBD7DAC )
(       libmtguard.so[0xCBBCB000])[78 44       ]0x0000CDAE:	ADD	R0, PC	;(R0=0x0002AAF4 PC=0xCBBD7DAE )
(       libmtguard.so[0xCBBCB000])[FE F7 BC F9 ]0x0000CDB0:	BL	#0XCBBD612C	;(PC=0xCBBD7DB0 )
(       libmtguard.so[0xCBBCB000])[F0 B5       ]0x0000B12C:	PUSH	{R4, R5, R6, R7, LR}	;(SP=0x100FFFE0 R4=0x01000056 R5=0xCBC63384 R6=0x00000000 R7=0x100FFFE0 LR=0xCBBD7DB5 )
(       libmtguard.so[0xCBBCB000])[03 AF       ]0x0000B12E:	ADD	R7, SP, #0XC	;(SP=0x100FFFCC )
(       libmtguard.so[0xCBBCB000])[2D E9 00 07 ]0x0000B130:	PUSH.W	{R8, SB, SL}	;(SP=0x100FFFCC R8=0x00000000 SB=0x00000000 SL=0x00000000 )
(       libmtguard.so[0xCBBCB000])[86 B0       ]0x0000B134:	SUB	SP, #0X18	;(SP=0x100FFFC0 )
(       libmtguard.so[0xCBBCB000])[80 46       ]0x0000B136:	MOV	R8, R0	;(R0=0xCBC028A6 )
(       libmtguard.so[0xCBBCB000])[2A 48       ]0x0000B138:	LDR	R0, [PC, #0XA8]	;(PC=0xCBBD6138 )
(       libmtguard.so[0xCBBCB000])[2B 49       ]0x0000B13A:	LDR	R1, [PC, #0XAC]	;(PC=0xCBBD613A )
(       libmtguard.so[0xCBBCB000])[78 44       ]0x0000B13C:	ADD	R0, PC	;(R0=0x00034CCC PC=0xCBBD613C )
(       libmtguard.so[0xCBBCB000])[79 44       ]0x0000B13E:	ADD	R1, PC	;(R1=0x00036CCA PC=0xCBBD613E )
(       libmtguard.so[0xCBBCB000])[D0 F8 00 90 ]0x0000B140:	LDR.W	SB, [R0]	;(R0=0xCBC0AE0C )
(       libmtguard.so[0xCBBCB000])[8A 46       ]0x0000B144:	MOV	SL, R1	;(R1=0xCBC0CE0C )
(       libmtguard.so[0xCBBCB000])[D9 F8 00 00 ]0x0000B146:	LDR.W	R0, [SB]	;(SB=0xCBC63384 )
(       libmtguard.so[0xCBBCB000])[05 90       ]0x0000B14A:	STR	R0, [SP, #0X14]	;(R0=0x00000000 SP=0x100FFFA8 )
(       libmtguard.so[0xCBBCB000])[08 68       ]0x0000B14C:	LDR	R0, [R1]	;(R1=0xCBC0CE0C )
(       libmtguard.so[0xCBBCB000])[F7 F7 B0 EA ]0x0000B14E:	BLX	#0XCBBCD6B0	;(PC=0xCBBD614E )
(       libmtguard.so[0xCBBCB000])[00 C6 8F E2 ]0x000026B0:	ADD	IP, PC, #0, #12	;(PC=0xCBBCD6B0 )
(       libmtguard.so[0xCBBCB000])[3D CA 8C E2 ]0x000026B4:	ADD	IP, IP, #0X3D000	;(IP=0xCBBCD6B8 )
(       libmtguard.so[0xCBBCB000])[64 F8 BC E5 ]0x000026B8:	LDR	PC, [IP, #0X864]!	;(IP=0xCBC0A6B8 )
(       libmtguard.so[0xCBBCB000])[01 AE       ]0x0000B152:	ADD	R6, SP, #4	;(SP=0x100FFFA8 )
(       libmtguard.so[0xCBBCB000])[41 46       ]0x0000B154:	MOV	R1, R8	;(R8=0xCBC028A6 )
(       libmtguard.so[0xCBBCB000])[10 22       ]0x0000B156:	MOVS	R2, #0X10
(       libmtguard.so[0xCBBCB000])[30 46       ]0x0000B158:	MOV	R0, R6	;(R6=0x100FFFAC )
(       libmtguard.so[0xCBBCB000])[F8 F7 64 FD ]0x0000B15A:	BL	#0XCBBCEC26	;(PC=0xCBBD615A )
(       libmtguard.so[0xCBBCB000])[20 B1       ]0x00003C26:	CBZ	R0, #0XCBBCEC32	;(R0=0x100FFFAC )
(       libmtguard.so[0xCBBCB000])[19 B1       ]0x00003C28:	CBZ	R1, #0XCBBCEC32	;(R1=0xCBC028A6 )
(       libmtguard.so[0xCBBCB000])[01 2A       ]0x00003C2A:	CMP	R2, #1	;(R2=0x00000010 )
(       libmtguard.so[0xCBBCB000])[A8 BF       ]0x00003C2C:	IT	GE
(       libmtguard.so[0xCBBCB000])[2D F0 E7 BA ]0x00003C2E:	B.W	#0XCBBFC200
(       libmtguard.so[0xCBBCB000])[78 47       ]0x00031200:	BX	PC	;(PC=0xCBBFC200 )
(       libmtguard.so[0xCBBCB000])[00 C0 9F E5 ]0x00031204:	LDR	IP, [PC]	;(PC=0xCBBFC204 )
(       libmtguard.so[0xCBBCB000])[0F F0 8C E0 ]0x00031208:	ADD	PC, IP, PC	;(IP=0xFFFD1380 PC=0xCBBFC208 )
(       libmtguard.so[0xCBBCB000])[00 C6 8F E2 ]0x00002590:	ADD	IP, PC, #0, #12	;(PC=0xCBBCD590 )
(       libmtguard.so[0xCBBCB000])[3D CA 8C E2 ]0x00002594:	ADD	IP, IP, #0X3D000	;(IP=0xCBBCD598 )
(       libmtguard.so[0xCBBCB000])[24 F9 BC E5 ]0x00002598:	LDR	PC, [IP, #0X924]!	;(IP=0xCBC0A598 )
(       libmtguard.so[0xCBBCB000])[23 4D       ]0x0000B15E:	LDR	R5, [PC, #0X8C]	;(PC=0xCBBD615E )
(       libmtguard.so[0xCBBCB000])[00 24       ]0x0000B160:	MOVS	R4, #0
(       libmtguard.so[0xCBBCB000])[7D 44       ]0x0000B162:	ADD	R5, PC	;(R5=0x00036CAA PC=0xCBBD6162 )
(       libmtguard.so[0xCBBCB000])[28 69       ]0x0000B164:	LDR	R0, [R5, #0X10]	;(R5=0xCBC0CE10 )
(       libmtguard.so[0xCBBCB000])[20 B1       ]0x0000B166:	CBZ	R0, #0XCBBD6172	;(R0=0x00000000 )
(       libmtguard.so[0xCBBCB000])[01 34       ]0x0000B172:	ADDS	R4, #1	;(R4=0x00000000 )
(       libmtguard.so[0xCBBCB000])[20 35       ]0x0000B174:	ADDS	R5, #0X20	;(R5=0xCBC0CE10 )
(       libmtguard.so[0xCBBCB000])[14 2C       ]0x0000B176:	CMP	R4, #0X14	;(R4=0x00000001 )
(       libmtguard.so[0xCBBCB000])[F4 D3       ]0x0000B178:	BLO	#0XCBBD6164
(       libmtguard.so[0xCBBCB000])[28 69       ]0x0000B164:	LDR	R0, [R5, #0X10]	;(R5=0xCBC0CE30 )
(       libmtguard.so[0xCBBCB000])[20 B1       ]0x0000B166:	CBZ	R0, #0XCBBD6172	;(R0=0x00000000 )
(       libmtguard.so[0xCBBCB000])[01 34       ]0x0000B172:	ADDS	R4, #1	;(R4=0x00000001 )
(       libmtguard.so[0xCBBCB000])[20 35       ]0x0000B174:	ADDS	R5, #0X20	;(R5=0xCBC0CE30 )
(       libmtguard.so[0xCBBCB000])[14 2C       ]0x0000B176:	CMP	R4, #0X14	;(R4=0x00000002 )
(       libmtguard.so[0xCBBCB000])[F4 D3       ]0x0000B178:	BLO	#0XCBBD6164
(       libmtguard.so[0xCBBCB000])[28 69       ]0x0000B164:	LDR	R0, [R5, #0X10]	;(R5=0xCBC0CE50 )
(       libmtguard.so[0xCBBCB000])[20 B1       ]0x0000B166:	CBZ	R0, #0XCBBD6172	;(R0=0x00000000 )
(       libmtguard.so[0xCBBCB000])[01 34       ]0x0000B172:	ADDS	R4, #1	;(R4=0x00000002 )
(       libmtguard.so[0xCBBCB000])[20 35       ]0x0000B174:	ADDS	R5, #0X20	;(R5=0xCBC0CE50 )
(       libmtguard.so[0xCBBCB000])[14 2C       ]0x0000B176:	CMP	R4, #0X14	;(R4=0x00000003 )
(       libmtguard.so[0xCBBCB000])[F4 D3       ]0x0000B178:	BLO	#0XCBBD6164
(       libmtguard.so[0xCBBCB000])[28 69       ]0x0000B164:	LDR	R0, [R5, #0X10]	;(R5=0xCBC0CE70 )
(       libmtguard.so[0xCBBCB000])[20 B1       ]0x0000B166:	CBZ	R0, #0XCBBD6172	;(R0=0x00000000 )
(       libmtguard.so[0xCBBCB000])[01 34       ]0x0000B172:	ADDS	R4, #1	;(R4=0x00000003 )
(       libmtguard.so[0xCBBCB000])[20 35       ]0x0000B174:	ADDS	R5, #0X20	;(R5=0xCBC0CE70 )
(       libmtguard.so[0xCBBCB000])[14 2C       ]0x0000B176:	CMP	R4, #0X14	;(R4=0x00000004 )
(       libmtguard.so[0xCBBCB000])[F4 D3       ]0x0000B178:	BLO	#0XCBBD6164
(       libmtguard.so[0xCBBCB000])[28 69       ]0x0000B164:	LDR	R0, [R5, #0X10]	;(R5=0xCBC0CE90 )
(       libmtguard.so[0xCBBCB000])[20 B1       ]0x0000B166:	CBZ	R0, #0XCBBD6172	;(R0=0x00000000 )
(       libmtguard.so[0xCBBCB000])[01 34       ]0x0000B172:	ADDS	R4, #1	;(R4=0x00000004 )
(       libmtguard.so[0xCBBCB000])[20 35       ]0x0000B174:	ADDS	R5, #0X20	;(R5=0xCBC0CE90 )
(       libmtguard.so[0xCBBCB000])[14 2C       ]0x0000B176:	CMP	R4, #0X14	;(R4=0x00000005 )
(       libmtguard.so[0xCBBCB000])[F4 D3       ]0x0000B178:	BLO	#0XCBBD6164
(       libmtguard.so[0xCBBCB000])[28 69       ]0x0000B164:	LDR	R0, [R5, #0X10]	;(R5=0xCBC0CEB0 )
(       libmtguard.so[0xCBBCB000])[20 B1       ]0x0000B166:	CBZ	R0, #0XCBBD6172	;(R0=0x00000000 )
(       libmtguard.so[0xCBBCB000])[01 34       ]0x0000B172:	ADDS	R4, #1	;(R4=0x00000005 )
(       libmtguard.so[0xCBBCB000])[20 35       ]0x0000B174:	ADDS	R5, #0X20	;(R5=0xCBC0CEB0 )
(       libmtguard.so[0xCBBCB000])[14 2C       ]0x0000B176:	CMP	R4, #0X14	;(R4=0x00000006 )
(       libmtguard.so[0xCBBCB000])[F4 D3       ]0x0000B178:	BLO	#0XCBBD6164
(       libmtguard.so[0xCBBCB000])[28 69       ]0x0000B164:	LDR	R0, [R5, #0X10]	;(R5=0xCBC0CED0 )
(       libmtguard.so[0xCBBCB000])[20 B1       ]0x0000B166:	CBZ	R0, #0XCBBD6172	;(R0=0x00000000 )
(       libmtguard.so[0xCBBCB000])[01 34       ]0x0000B172:	ADDS	R4, #1	;(R4=0x00000006 )
(       libmtguard.so[0xCBBCB000])[20 35       ]0x0000B174:	ADDS	R5, #0X20	;(R5=0xCBC0CED0 )
(       libmtguard.so[0xCBBCB000])[14 2C       ]0x0000B176:	CMP	R4, #0X14	;(R4=0x00000007 )
(       libmtguard.so[0xCBBCB000])[F4 D3       ]0x0000B178:	BLO	#0XCBBD6164
(       libmtguard.so[0xCBBCB000])[28 69       ]0x0000B164:	LDR	R0, [R5, #0X10]	;(R5=0xCBC0CEF0 )
(       libmtguard.so[0xCBBCB000])[20 B1       ]0x0000B166:	CBZ	R0, #0XCBBD6172	;(R0=0x00000000 )
(       libmtguard.so[0xCBBCB000])[01 34       ]0x0000B172:	ADDS	R4, #1	;(R4=0x00000007 )
(       libmtguard.so[0xCBBCB000])[20 35       ]0x0000B174:	ADDS	R5, #0X20	;(R5=0xCBC0CEF0 )
(       libmtguard.so[0xCBBCB000])[14 2C       ]0x0000B176:	CMP	R4, #0X14	;(R4=0x00000008 )
(       libmtguard.so[0xCBBCB000])[F4 D3       ]0x0000B178:	BLO	#0XCBBD6164
(       libmtguard.so[0xCBBCB000])[28 69       ]0x0000B164:	LDR	R0, [R5, #0X10]	;(R5=0xCBC0CF10 )
(       libmtguard.so[0xCBBCB000])[20 B1       ]0x0000B166:	CBZ	R0, #0XCBBD6172	;(R0=0x00000000 )
(       libmtguard.so[0xCBBCB000])[01 34       ]0x0000B172:	ADDS	R4, #1	;(R4=0x00000008 )
(       libmtguard.so[0xCBBCB000])[20 35       ]0x0000B174:	ADDS	R5, #0X20	;(R5=0xCBC0CF10 )
(       libmtguard.so[0xCBBCB000])[14 2C       ]0x0000B176:	CMP	R4, #0X14	;(R4=0x00000009 )
(       libmtguard.so[0xCBBCB000])[F4 D3       ]0x0000B178:	BLO	#0XCBBD6164
(       libmtguard.so[0xCBBCB000])[28 69       ]0x0000B164:	LDR	R0, [R5, #0X10]	;(R5=0xCBC0CF30 )
(       libmtguard.so[0xCBBCB000])[20 B1       ]0x0000B166:	CBZ	R0, #0XCBBD6172	;(R0=0x00000000 )
(       libmtguard.so[0xCBBCB000])[01 34       ]0x0000B172:	ADDS	R4, #1	;(R4=0x00000009 )
(       libmtguard.so[0xCBBCB000])[20 35       ]0x0000B174:	ADDS	R5, #0X20	;(R5=0xCBC0CF30 )
(       libmtguard.so[0xCBBCB000])[14 2C       ]0x0000B176:	CMP	R4, #0X14	;(R4=0x0000000A )
(       libmtguard.so[0xCBBCB000])[F4 D3       ]0x0000B178:	BLO	#0XCBBD6164
(       libmtguard.so[0xCBBCB000])[28 69       ]0x0000B164:	LDR	R0, [R5, #0X10]	;(R5=0xCBC0CF50 )
(       libmtguard.so[0xCBBCB000])[20 B1       ]0x0000B166:	CBZ	R0, #0XCBBD6172	;(R0=0x00000000 )
(       libmtguard.so[0xCBBCB000])[01 34       ]0x0000B172:	ADDS	R4, #1	;(R4=0x0000000A )
(       libmtguard.so[0xCBBCB000])[20 35       ]0x0000B174:	ADDS	R5, #0X20	;(R5=0xCBC0CF50 )
(       libmtguard.so[0xCBBCB000])[14 2C       ]0x0000B176:	CMP	R4, #0X14	;(R4=0x0000000B )
(       libmtguard.so[0xCBBCB000])[F4 D3       ]0x0000B178:	BLO	#0XCBBD6164
(       libmtguard.so[0xCBBCB000])[28 69       ]0x0000B164:	LDR	R0, [R5, #0X10]	;(R5=0xCBC0CF70 )
(       libmtguard.so[0xCBBCB000])[20 B1       ]0x0000B166:	CBZ	R0, #0XCBBD6172	;(R0=0x00000000 )
(       libmtguard.so[0xCBBCB000])[01 34       ]0x0000B172:	ADDS	R4, #1	;(R4=0x0000000B )
(       libmtguard.so[0xCBBCB000])[20 35       ]0x0000B174:	ADDS	R5, #0X20	;(R5=0xCBC0CF70 )
(       libmtguard.so[0xCBBCB000])[14 2C       ]0x0000B176:	CMP	R4, #0X14	;(R4=0x0000000C )
(       libmtguard.so[0xCBBCB000])[F4 D3       ]0x0000B178:	BLO	#0XCBBD6164
(       libmtguard.so[0xCBBCB000])[28 69       ]0x0000B164:	LDR	R0, [R5, #0X10]	;(R5=0xCBC0CF90 )
(       libmtguard.so[0xCBBCB000])[20 B1       ]0x0000B166:	CBZ	R0, #0XCBBD6172	;(R0=0x00000000 )
(       libmtguard.so[0xCBBCB000])[01 34       ]0x0000B172:	ADDS	R4, #1	;(R4=0x0000000C )
(       libmtguard.so[0xCBBCB000])[20 35       ]0x0000B174:	ADDS	R5, #0X20	;(R5=0xCBC0CF90 )
(       libmtguard.so[0xCBBCB000])[14 2C       ]0x0000B176:	CMP	R4, #0X14	;(R4=0x0000000D )
(       libmtguard.so[0xCBBCB000])[F4 D3       ]0x0000B178:	BLO	#0XCBBD6164
(       libmtguard.so[0xCBBCB000])[28 69       ]0x0000B164:	LDR	R0, [R5, #0X10]	;(R5=0xCBC0CFB0 )
(       libmtguard.so[0xCBBCB000])[20 B1       ]0x0000B166:	CBZ	R0, #0XCBBD6172	;(R0=0x00000000 )
(       libmtguard.so[0xCBBCB000])[01 34       ]0x0000B172:	ADDS	R4, #1	;(R4=0x0000000D )
(       libmtguard.so[0xCBBCB000])[20 35       ]0x0000B174:	ADDS	R5, #0X20	;(R5=0xCBC0CFB0 )
(       libmtguard.so[0xCBBCB000])[14 2C       ]0x0000B176:	CMP	R4, #0X14	;(R4=0x0000000E )
(       libmtguard.so[0xCBBCB000])[F4 D3       ]0x0000B178:	BLO	#0XCBBD6164
(       libmtguard.so[0xCBBCB000])[28 69       ]0x0000B164:	LDR	R0, [R5, #0X10]	;(R5=0xCBC0CFD0 )
(       libmtguard.so[0xCBBCB000])[20 B1       ]0x0000B166:	CBZ	R0, #0XCBBD6172	;(R0=0x00000000 )
(       libmtguard.so[0xCBBCB000])[01 34       ]0x0000B172:	ADDS	R4, #1	;(R4=0x0000000E )
(       libmtguard.so[0xCBBCB000])[20 35       ]0x0000B174:	ADDS	R5, #0X20	;(R5=0xCBC0CFD0 )
(       libmtguard.so[0xCBBCB000])[14 2C       ]0x0000B176:	CMP	R4, #0X14	;(R4=0x0000000F )
(       libmtguard.so[0xCBBCB000])[F4 D3       ]0x0000B178:	BLO	#0XCBBD6164
(       libmtguard.so[0xCBBCB000])[28 69       ]0x0000B164:	LDR	R0, [R5, #0X10]	;(R5=0xCBC0CFF0 )
(       libmtguard.so[0xCBBCB000])[20 B1       ]0x0000B166:	CBZ	R0, #0XCBBD6172	;(R0=0x00000000 )
(       libmtguard.so[0xCBBCB000])[01 34       ]0x0000B172:	ADDS	R4, #1	;(R4=0x0000000F )
(       libmtguard.so[0xCBBCB000])[20 35       ]0x0000B174:	ADDS	R5, #0X20	;(R5=0xCBC0CFF0 )
(       libmtguard.so[0xCBBCB000])[14 2C       ]0x0000B176:	CMP	R4, #0X14	;(R4=0x00000010 )
(       libmtguard.so[0xCBBCB000])[F4 D3       ]0x0000B178:	BLO	#0XCBBD6164
(       libmtguard.so[0xCBBCB000])[28 69       ]0x0000B164:	LDR	R0, [R5, #0X10]	;(R5=0xCBC0D010 )
(       libmtguard.so[0xCBBCB000])[20 B1       ]0x0000B166:	CBZ	R0, #0XCBBD6172	;(R0=0x00000000 )
(       libmtguard.so[0xCBBCB000])[01 34       ]0x0000B172:	ADDS	R4, #1	;(R4=0x00000010 )
(       libmtguard.so[0xCBBCB000])[20 35       ]0x0000B174:	ADDS	R5, #0X20	;(R5=0xCBC0D010 )
(       libmtguard.so[0xCBBCB000])[14 2C       ]0x0000B176:	CMP	R4, #0X14	;(R4=0x00000011 )
(       libmtguard.so[0xCBBCB000])[F4 D3       ]0x0000B178:	BLO	#0XCBBD6164
(       libmtguard.so[0xCBBCB000])[28 69       ]0x0000B164:	LDR	R0, [R5, #0X10]	;(R5=0xCBC0D030 )
(       libmtguard.so[0xCBBCB000])[20 B1       ]0x0000B166:	CBZ	R0, #0XCBBD6172	;(R0=0x00000000 )
(       libmtguard.so[0xCBBCB000])[01 34       ]0x0000B172:	ADDS	R4, #1	;(R4=0x00000011 )
(       libmtguard.so[0xCBBCB000])[20 35       ]0x0000B174:	ADDS	R5, #0X20	;(R5=0xCBC0D030 )
(       libmtguard.so[0xCBBCB000])[14 2C       ]0x0000B176:	CMP	R4, #0X14	;(R4=0x00000012 )
(       libmtguard.so[0xCBBCB000])[F4 D3       ]0x0000B178:	BLO	#0XCBBD6164
(       libmtguard.so[0xCBBCB000])[28 69       ]0x0000B164:	LDR	R0, [R5, #0X10]	;(R5=0xCBC0D050 )
(       libmtguard.so[0xCBBCB000])[20 B1       ]0x0000B166:	CBZ	R0, #0XCBBD6172	;(R0=0x00000000 )
(       libmtguard.so[0xCBBCB000])[01 34       ]0x0000B172:	ADDS	R4, #1	;(R4=0x00000012 )
(       libmtguard.so[0xCBBCB000])[20 35       ]0x0000B174:	ADDS	R5, #0X20	;(R5=0xCBC0D050 )
(       libmtguard.so[0xCBBCB000])[14 2C       ]0x0000B176:	CMP	R4, #0X14	;(R4=0x00000013 )
(       libmtguard.so[0xCBBCB000])[F4 D3       ]0x0000B178:	BLO	#0XCBBD6164
(       libmtguard.so[0xCBBCB000])[28 69       ]0x0000B164:	LDR	R0, [R5, #0X10]	;(R5=0xCBC0D070 )
(       libmtguard.so[0xCBBCB000])[20 B1       ]0x0000B166:	CBZ	R0, #0XCBBD6172	;(R0=0x00000000 )
(       libmtguard.so[0xCBBCB000])[01 34       ]0x0000B172:	ADDS	R4, #1	;(R4=0x00000013 )
(       libmtguard.so[0xCBBCB000])[20 35       ]0x0000B174:	ADDS	R5, #0X20	;(R5=0xCBC0D070 )
(       libmtguard.so[0xCBBCB000])[14 2C       ]0x0000B176:	CMP	R4, #0X14	;(R4=0x00000014 )
(       libmtguard.so[0xCBBCB000])[F4 D3       ]0x0000B178:	BLO	#0XCBBD6164
(       libmtguard.so[0xCBBCB000])[1D 4E       ]0x0000B17A:	LDR	R6, [PC, #0X74]	;(PC=0xCBBD617A )
(       libmtguard.so[0xCBBCB000])[00 24       ]0x0000B17C:	MOVS	R4, #0
(       libmtguard.so[0xCBBCB000])[7E 44       ]0x0000B17E:	ADD	R6, PC	;(R6=0x00036C8E PC=0xCBBD617E )
(       libmtguard.so[0xCBBCB000])[30 69       ]0x0000B180:	LDR	R0, [R6, #0X10]	;(R6=0xCBC0CE10 )
(       libmtguard.so[0xCBBCB000])[20 B1       ]0x0000B182:	CBZ	R0, #0XCBBD618E	;(R0=0x00000000 )
(       libmtguard.so[0xCBBCB000])[04 20       ]0x0000B18E:	MOVS	R0, #4
(       libmtguard.so[0xCBBCB000])[00 21       ]0x0000B190:	MOVS	R1, #0
(       libmtguard.so[0xCBBCB000])[00 22       ]0x0000B192:	MOVS	R2, #0
(       libmtguard.so[0xCBBCB000])[F8 F7 3A FE ]0x0000B194:	BL	#0XCBBCEE0C	;(PC=0xCBBD6194 )
(       libmtguard.so[0xCBBCB000])[08 B1       ]0x00003E0C:	CBZ	R0, #0XCBBCEE12	;(R0=0x00000004 )
(       libmtguard.so[0xCBBCB000])[2D F0 07 BA ]0x00003E0E:	B.W	#0XCBBFC220
(       libmtguard.so[0xCBBCB000])[78 47       ]0x00031220:	BX	PC	;(PC=0xCBBFC220 )
(       libmtguard.so[0xCBBCB000])[00 C0 9F E5 ]0x00031224:	LDR	IP, [PC]	;(PC=0xCBBFC224 )
(       libmtguard.so[0xCBBCB000])[0F F0 8C E0 ]0x00031228:	ADD	PC, IP, PC	;(IP=0xFFFD1390 PC=0xCBBFC228 )
(       libmtguard.so[0xCBBCB000])[00 C6 8F E2 ]0x000025C0:	ADD	IP, PC, #0, #12	;(PC=0xCBBCD5C0 )
(       libmtguard.so[0xCBBCB000])[3D CA 8C E2 ]0x000025C4:	ADD	IP, IP, #0X3D000	;(IP=0xCBBCD5C8 )
(       libmtguard.so[0xCBBCB000])[04 F9 BC E5 ]0x000025C8:	LDR	PC, [IP, #0X904]!	;(IP=0xCBC0A5C8 )
(       libmtguard.so[0xCBBCB000])[30 61       ]0x0000B198:	STR	R0, [R6, #0X10]	;(R0=0x30041030 R6=0xCBC0CE10 )
(       libmtguard.so[0xCBBCB000])[30 69       ]0x0000B19A:	LDR	R0, [R6, #0X10]	;(R6=0xCBC0CE10 )
(       libmtguard.so[0xCBBCB000])[50 B1       ]0x0000B19C:	CBZ	R0, #0XCBBD61B4	;(R0=0x30041030 )
(       libmtguard.so[0xCBBCB000])[30 69       ]0x0000B19E:	LDR	R0, [R6, #0X10]	;(R6=0xCBC0CE10 )
(       libmtguard.so[0xCBBCB000])[00 F0 8A F8 ]0x0000B1A0:	BL	#0XCBBD62B8	;(PC=0xCBBD61A0 )
(       libmtguard.so[0xCBBCB000])[F0 B5       ]0x0000B2B8:	PUSH	{R4, R5, R6, R7, LR}	;(SP=0x100FFFA8 R4=0x00000000 R5=0xCBC0D090 R6=0xCBC0CE10 R7=0x100FFFD8 LR=0xCBBD61A5 )
(       libmtguard.so[0xCBBCB000])[03 AF       ]0x0000B2BA:	ADD	R7, SP, #0XC	;(SP=0x100FFF94 )
(       libmtguard.so[0xCBBCB000])[4D F8 04 BD ]0x0000B2BC:	STR	FP, [SP, #-0X4]!	;(FP=0x00000000 SP=0x100FFF94 )
(       libmtguard.so[0xCBBCB000])[82 B0       ]0x0000B2C0:	SUB	SP, #8	;(SP=0x100FFF90 )
(       libmtguard.so[0xCBBCB000])[04 46       ]0x0000B2C2:	MOV	R4, R0	;(R0=0x30041030 )
(       libmtguard.so[0xCBBCB000])[0F 48       ]0x0000B2C4:	LDR	R0, [PC, #0X3C]	;(PC=0xCBBD62C4 )
(       libmtguard.so[0xCBBCB000])[6D 46       ]0x0000B2C6:	MOV	R5, SP	;(SP=0x100FFF88 )
(       libmtguard.so[0xCBBCB000])[78 44       ]0x0000B2C8:	ADD	R0, PC	;(R0=0x00034B40 PC=0xCBBD62C8 )
(       libmtguard.so[0xCBBCB000])[06 68       ]0x0000B2CA:	LDR	R6, [R0]	;(R0=0xCBC0AE0C )
(       libmtguard.so[0xCBBCB000])[30 68       ]0x0000B2CC:	LDR	R0, [R6]	;(R6=0xCBC63384 )
(       libmtguard.so[0xCBBCB000])[01 90       ]0x0000B2CE:	STR	R0, [SP, #4]	;(R0=0x00000000 SP=0x100FFF88 )
(       libmtguard.so[0xCBBCB000])[28 46       ]0x0000B2D0:	MOV	R0, R5	;(R5=0x100FFF88 )
(       libmtguard.so[0xCBBCB000])[F7 F7 00 EA ]0x0000B2D2:	BLX	#0XCBBCD6D4	;(PC=0xCBBD62D2 )
(       libmtguard.so[0xCBBCB000])[00 C6 8F E2 ]0x000026D4:	ADD	IP, PC, #0, #12	;(PC=0xCBBCD6D4 )
(       libmtguard.so[0xCBBCB000])[3D CA 8C E2 ]0x000026D8:	ADD	IP, IP, #0X3D000	;(IP=0xCBBCD6DC )
(       libmtguard.so[0xCBBCB000])[4C F8 BC E5 ]0x000026DC:	LDR	PC, [IP, #0X84C]!	;(IP=0xCBC0A6DC )
(       libmtguard.so[0xCBBCB000])[28 46       ]0x0000B2D6:	MOV	R0, R5	;(R5=0x100FFF88 )
(       libmtguard.so[0xCBBCB000])[01 21       ]0x0000B2D8:	MOVS	R1, #1
(       libmtguard.so[0xCBBCB000])[F7 F7 02 EA ]0x0000B2DA:	BLX	#0XCBBCD6E0	;(PC=0xCBBD62DA )
(       libmtguard.so[0xCBBCB000])[00 C6 8F E2 ]0x000026E0:	ADD	IP, PC, #0, #12	;(PC=0xCBBCD6E0 )
(       libmtguard.so[0xCBBCB000])[3D CA 8C E2 ]0x000026E4:	ADD	IP, IP, #0X3D000	;(IP=0xCBBCD6E8 )
(       libmtguard.so[0xCBBCB000])[44 F8 BC E5 ]0x000026E8:	LDR	PC, [IP, #0X844]!	;(IP=0xCBC0A6E8 )
(       libmtguard.so[0xCBBCB000])[20 46       ]0x0000B2DE:	MOV	R0, R4	;(R4=0x30041030 )
(       libmtguard.so[0xCBBCB000])[29 46       ]0x0000B2E0:	MOV	R1, R5	;(R5=0x100FFF88 )
(       libmtguard.so[0xCBBCB000])[F7 F7 04 EA ]0x0000B2E2:	BLX	#0XCBBCD6EC	;(PC=0xCBBD62E2 )
(       libmtguard.so[0xCBBCB000])[00 C6 8F E2 ]0x000026EC:	ADD	IP, PC, #0, #12	;(PC=0xCBBCD6EC )
(       libmtguard.so[0xCBBCB000])[3D CA 8C E2 ]0x000026F0:	ADD	IP, IP, #0X3D000	;(IP=0xCBBCD6F4 )
(       libmtguard.so[0xCBBCB000])[3C F8 BC E5 ]0x000026F4:	LDR	PC, [IP, #0X83C]!	;(IP=0xCBC0A6F4 )
(       libmtguard.so[0xCBBCB000])[04 46       ]0x0000B2E6:	MOV	R4, R0	;(R0=0x00000000 )
(       libmtguard.so[0xCBBCB000])[28 46       ]0x0000B2E8:	MOV	R0, R5	;(R5=0x100FFF88 )
(       libmtguard.so[0xCBBCB000])[F7 F7 06 EA ]0x0000B2EA:	BLX	#0XCBBCD6F8	;(PC=0xCBBD62EA )
(       libmtguard.so[0xCBBCB000])[00 C6 8F E2 ]0x000026F8:	ADD	IP, PC, #0, #12	;(PC=0xCBBCD6F8 )
(       libmtguard.so[0xCBBCB000])[3D CA 8C E2 ]0x000026FC:	ADD	IP, IP, #0X3D000	;(IP=0xCBBCD700 )
(       libmtguard.so[0xCBBCB000])[34 F8 BC E5 ]0x00002700:	LDR	PC, [IP, #0X834]!	;(IP=0xCBC0A700 )
(       libmtguard.so[0xCBBCB000])[01 98       ]0x0000B2EE:	LDR	R0, [SP, #4]	;(SP=0x100FFF88 )
(       libmtguard.so[0xCBBCB000])[31 68       ]0x0000B2F0:	LDR	R1, [R6]	;(R6=0xCBC63384 )
(       libmtguard.so[0xCBBCB000])[08 1A       ]0x0000B2F2:	SUBS	R0, R1, R0	;(R1=0x00000000 R0=0x00000000 )
(       libmtguard.so[0xCBBCB000])[01 BF       ]0x0000B2F4:	ITTTT	EQ
(       libmtguard.so[0xCBBCB000])[20 46       ]0x0000B2F6:	MOV	R0, R4	;(R4=0x00000000 )
(       libmtguard.so[0xCBBCB000])[02 B0       ]0x0000B2F8:	ADD	SP, #8	;(SP=0x100FFF88 )
(       libmtguard.so[0xCBBCB000])[5D F8 04 BB ]0x0000B2FA:	LDR	FP, [SP], #4	;(SP=0x100FFF90 )
(       libmtguard.so[0xCBBCB000])[F0 BD       ]0x0000B2FE:	POP	{R4, R5, R6, R7, PC}	;(SP=0x100FFF94 )
(       libmtguard.so[0xCBBCB000])[C0 B1       ]0x0000B1A4:	CBZ	R0, #0XCBBD61D8	;(R0=0x00000000 )
(       libmtguard.so[0xCBBCB000])[30 46       ]0x0000B1D8:	MOV	R0, R6	;(R6=0xCBC0CE10 )
(       libmtguard.so[0xCBBCB000])[41 46       ]0x0000B1DA:	MOV	R1, R8	;(R8=0xCBC028A6 )
(       libmtguard.so[0xCBBCB000])[10 22       ]0x0000B1DC:	MOVS	R2, #0X10
(       libmtguard.so[0xCBBCB000])[F8 F7 22 FD ]0x0000B1DE:	BL	#0XCBBCEC26	;(PC=0xCBBD61DE )
(       libmtguard.so[0xCBBCB000])[20 B1       ]0x00003C26:	CBZ	R0, #0XCBBCEC32	;(R0=0xCBC0CE10 )
(       libmtguard.so[0xCBBCB000])[19 B1       ]0x00003C28:	CBZ	R1, #0XCBBCEC32	;(R1=0xCBC028A6 )
(       libmtguard.so[0xCBBCB000])[01 2A       ]0x00003C2A:	CMP	R2, #1	;(R2=0x00000010 )
(       libmtguard.so[0xCBBCB000])[A8 BF       ]0x00003C2C:	IT	GE
(       libmtguard.so[0xCBBCB000])[2D F0 E7 BA ]0x00003C2E:	B.W	#0XCBBFC200
(       libmtguard.so[0xCBBCB000])[78 47       ]0x00031200:	BX	PC	;(PC=0xCBBFC200 )
(       libmtguard.so[0xCBBCB000])[00 C0 9F E5 ]0x00031204:	LDR	IP, [PC]	;(PC=0xCBBFC204 )
(       libmtguard.so[0xCBBCB000])[0F F0 8C E0 ]0x00031208:	ADD	PC, IP, PC	;(IP=0xFFFD1380 PC=0xCBBFC208 )
(       libmtguard.so[0xCBBCB000])[00 C6 8F E2 ]0x00002590:	ADD	IP, PC, #0, #12	;(PC=0xCBBCD590 )
(       libmtguard.so[0xCBBCB000])[3D CA 8C E2 ]0x00002594:	ADD	IP, IP, #0X3D000	;(IP=0xCBBCD598 )
(       libmtguard.so[0xCBBCB000])[24 F9 BC E5 ]0x00002598:	LDR	PC, [IP, #0X924]!	;(IP=0xCBC0A598 )
(       libmtguard.so[0xCBBCB000])[E9 E7       ]0x0000B1E2:	B	#0XCBBD61B8
(       libmtguard.so[0xCBBCB000])[DA F8 00 00 ]0x0000B1B8:	LDR.W	R0, [SL]	;(SL=0xCBC0CE0C )
(       libmtguard.so[0xCBBCB000])[F7 F7 7E EA ]0x0000B1BC:	BLX	#0XCBBCD6BC	;(PC=0xCBBD61BC )
(       libmtguard.so[0xCBBCB000])[00 C6 8F E2 ]0x000026BC:	ADD	IP, PC, #0, #12	;(PC=0xCBBCD6BC )
(       libmtguard.so[0xCBBCB000])[3D CA 8C E2 ]0x000026C0:	ADD	IP, IP, #0X3D000	;(IP=0xCBBCD6C4 )
(       libmtguard.so[0xCBBCB000])[5C F8 BC E5 ]0x000026C4:	LDR	PC, [IP, #0X85C]!	;(IP=0xCBC0A6C4 )
(       libmtguard.so[0xCBBCB000])[05 98       ]0x0000B1C0:	LDR	R0, [SP, #0X14]	;(SP=0x100FFFA8 )
(       libmtguard.so[0xCBBCB000])[D9 F8 00 10 ]0x0000B1C2:	LDR.W	R1, [SB]	;(SB=0xCBC63384 )
(       libmtguard.so[0xCBBCB000])[08 1A       ]0x0000B1C6:	SUBS	R0, R1, R0	;(R1=0x00000000 R0=0x00000000 )
(       libmtguard.so[0xCBBCB000])[01 BF       ]0x0000B1C8:	ITTTT	EQ
(       libmtguard.so[0xCBBCB000])[20 46       ]0x0000B1CA:	MOV	R0, R4	;(R4=0x00000000 )
(       libmtguard.so[0xCBBCB000])[06 B0       ]0x0000B1CC:	ADD	SP, #0X18	;(SP=0x100FFFA8 )
(       libmtguard.so[0xCBBCB000])[BD E8 00 07 ]0x0000B1CE:	POP.W	{R8, SB, SL}	;(SP=0x100FFFC0 )
(       libmtguard.so[0xCBBCB000])[F0 BD       ]0x0000B1D2:	POP	{R4, R5, R6, R7, PC}	;(SP=0x100FFFCC )
(       libmtguard.so[0xCBBCB000])[02 49       ]0x0000CDB4:	LDR	R1, [PC, #8]	;(PC=0xCBBD7DB4 )
(       libmtguard.so[0xCBBCB000])[79 44       ]0x0000CDB6:	ADD	R1, PC	;(R1=0x0003340A PC=0xCBBD7DB6 )
(       libmtguard.so[0xCBBCB000])[08 60       ]0x0000CDB8:	STR	R0, [R1]	;(R0=0x00000000 R1=0xCBC0B1C4 )
(       libmtguard.so[0xCBBCB000])[80 BD       ]0x0000CDBA:	POP	{R7, PC}	;(SP=0x100FFFE0 )
(       libmtguard.so[0xCBBCB000])[03 F0 D4 FF ]0x00008E18:	BL	#0XCBBD7DC4	;(PC=0xCBBD3E18 )
(       libmtguard.so[0xCBBCB000])[F0 B5       ]0x0000CDC4:	PUSH	{R4, R5, R6, R7, LR}	;(SP=0x100FFFE8 R4=0x01000056 R5=0xCBC63384 R6=0x00000000 R7=0x100FFFF8 LR=0xCBBD3E1D )
(       libmtguard.so[0xCBBCB000])[03 AF       ]0x0000CDC6:	ADD	R7, SP, #0XC	;(SP=0x100FFFD4 )
(       libmtguard.so[0xCBBCB000])[2D E9 00 0F ]0x0000CDC8:	PUSH.W	{R8, SB, SL, FP}	;(SP=0x100FFFD4 R8=0x00000000 SB=0x00000000 SL=0x00000000 FP=0x00000000 )
(       libmtguard.so[0xCBBCB000])[81 B0       ]0x0000CDCC:	SUB	SP, #4	;(SP=0x100FFFC4 )
(       libmtguard.so[0xCBBCB000])[16 4C       ]0x0000CDCE:	LDR	R4, [PC, #0X58]	;(PC=0xCBBD7DCE )
(       libmtguard.so[0xCBBCB000])[7C 44       ]0x0000CDD0:	ADD	R4, PC	;(R4=0x00037240 PC=0xCBBD7DD0 )
(       libmtguard.so[0xCBBCB000])[20 78       ]0x0000CDD2:	LDRB	R0, [R4]	;(R4=0xCBC0F014 )
(       libmtguard.so[0xCBBCB000])[10 BB       ]0x0000CDD4:	CBNZ	R0, #0XCBBD7E1C	;(R0=0x00000000 )
(       libmtguard.so[0xCBBCB000])[15 48       ]0x0000CDD6:	LDR	R0, [PC, #0X54]	;(PC=0xCBBD7DD6 )
(       libmtguard.so[0xCBBCB000])[78 44       ]0x0000CDD8:	ADD	R0, PC	;(R0=0x000333E8 PC=0xCBBD7DD8 )
(       libmtguard.so[0xCBBCB000])[83 46       ]0x0000CDDA:	MOV	FP, R0	;(R0=0xCBC0B1C4 )
(       libmtguard.so[0xCBBCB000])[00 68       ]0x0000CDDC:	LDR	R0, [R0]	;(R0=0xCBC0B1C4 )
(       libmtguard.so[0xCBBCB000])[FE F7 37 FA ]0x0000CDDE:	BL	#0XCBBD6250	;(PC=0xCBBD7DDE )
(       libmtguard.so[0xCBBCB000])[13 28       ]0x0000B250:	CMP	R0, #0X13	;(R0=0x00000000 )
(       libmtguard.so[0xCBBCB000])[84 BF       ]0x0000B252:	ITT	HI
(       libmtguard.so[0xCBBCB000])[03 49       ]0x0000B258:	LDR	R1, [PC, #0XC]	;(PC=0xCBBD6258 )
(       libmtguard.so[0xCBBCB000])[79 44       ]0x0000B25A:	ADD	R1, PC	;(R1=0x00036BB2 PC=0xCBBD625A )
(       libmtguard.so[0xCBBCB000])[01 EB 40 10 ]0x0000B25C:	ADD.W	R0, R1, R0, LSL #5	;(R1=0xCBC0CE10 R0=0x00000000 )
(       libmtguard.so[0xCBBCB000])[00 69       ]0x0000B260:	LDR	R0, [R0, #0X10]	;(R0=0xCBC0CE10 )
(       libmtguard.so[0xCBBCB000])[26 F0 05 B8 ]0x0000B262:	B.W	#0XCBBFC270
(       libmtguard.so[0xCBBCB000])[78 47       ]0x00031270:	BX	PC	;(PC=0xCBBFC270 )
(       libmtguard.so[0xCBBCB000])[00 C0 9F E5 ]0x00031274:	LDR	IP, [PC]	;(PC=0xCBBFC274 )
(       libmtguard.so[0xCBBCB000])[0F F0 8C E0 ]0x00031278:	ADD	PC, IP, PC	;(IP=0xFFFD1430 PC=0xCBBFC278 )
(       libmtguard.so[0xCBBCB000])[00 C6 8F E2 ]0x000026B0:	ADD	IP, PC, #0, #12	;(PC=0xCBBCD6B0 )
(       libmtguard.so[0xCBBCB000])[3D CA 8C E2 ]0x000026B4:	ADD	IP, IP, #0X3D000	;(IP=0xCBBCD6B8 )
(       libmtguard.so[0xCBBCB000])[64 F8 BC E5 ]0x000026B8:	LDR	PC, [IP, #0X864]!	;(IP=0xCBC0A6B8 )
(       libmtguard.so[0xCBBCB000])[20 78       ]0x0000CDE2:	LDRB	R0, [R4]	;(R4=0xCBC0F014 )
(       libmtguard.so[0xCBBCB000])[A2 46       ]0x0000CDE4:	MOV	SL, R4	;(R4=0xCBC0F014 )
(       libmtguard.so[0xCBBCB000])[A0 B9       ]0x0000CDE6:	CBNZ	R0, #0XCBBD7E12	;(R0=0x00000000 )
(       libmtguard.so[0xCBBCB000])[11 4D       ]0x0000CDE8:	LDR	R5, [PC, #0X44]	;(PC=0xCBBD7DE8 )
(       libmtguard.so[0xCBBCB000])[00 26       ]0x0000CDEA:	MOVS	R6, #0
(       libmtguard.so[0xCBBCB000])[11 48       ]0x0000CDEC:	LDR	R0, [PC, #0X44]	;(PC=0xCBBD7DEC )
(       libmtguard.so[0xCBBCB000])[4F F0 FF 38 ]0x0000CDEE:	MOV.W	R8, #-1
(       libmtguard.so[0xCBBCB000])[7D 44       ]0x0000CDF2:	ADD	R5, PC	;(R5=0x0003529E PC=0xCBBD7DF2 )
(       libmtguard.so[0xCBBCB000])[78 44       ]0x0000CDF4:	ADD	R0, PC	;(R0=0x00033024 PC=0xCBBD7DF4 )
(       libmtguard.so[0xCBBCB000])[D0 F8 00 90 ]0x0000CDF6:	LDR.W	SB, [R0]	;(R0=0xCBC0AE1C )
(       libmtguard.so[0xCBBCB000])[48 46       ]0x0000CDFA:	MOV	R0, SB	;(SB=0xCBBCFE51 )
(       libmtguard.so[0xCBBCB000])[45 F8 36 80 ]0x0000CDFC:	STR.W	R8, [R5, R6, LSL #3]	;(R8=0xFFFFFFFF R5=0xCBC0D094 R6=0x00000000 )
(       libmtguard.so[0xCBBCB000])[05 EB C6 04 ]0x0000CE00:	ADD.W	R4, R5, R6, LSL #3	;(R5=0xCBC0D094 R6=0x00000000 )
(       libmtguard.so[0xCBBCB000])[F6 F7 3A FD ]0x0000CE04:	BL	#0XCBBCE87C	;(PC=0xCBBD7E04 )
(       libmtguard.so[0xCBBCB000])[F0 B5       ]0x0000387C:	PUSH	{R4, R5, R6, R7, LR}	;(SP=0x100FFFC0 R4=0xCBC0D094 R5=0xCBC0D094 R6=0x00000000 R7=0x100FFFE0 LR=0xCBBD7E09 )
(       libmtguard.so[0xCBBCB000])[03 AF       ]0x0000387E:	ADD	R7, SP, #0XC	;(SP=0x100FFFAC )
(       libmtguard.so[0xCBBCB000])[4D F8 04 BD ]0x00003880:	STR	FP, [SP, #-0X4]!	;(FP=0xCBC0B1C4 SP=0x100FFFAC )
(       libmtguard.so[0xCBBCB000])[05 46       ]0x00003884:	MOV	R5, R0	;(R0=0xCBBCFE51 )
(       libmtguard.so[0xCBBCB000])[01 20       ]0x00003886:	MOVS	R0, #1
(       libmtguard.so[0xCBBCB000])[10 21       ]0x00003888:	MOVS	R1, #0X10
(       libmtguard.so[0xCBBCB000])[00 22       ]0x0000388A:	MOVS	R2, #0
(       libmtguard.so[0xCBBCB000])[00 23       ]0x0000388C:	MOVS	R3, #0
(       libmtguard.so[0xCBBCB000])[00 26       ]0x0000388E:	MOVS	R6, #0
(       libmtguard.so[0xCBBCB000])[00 F0 C6 FA ]0x00003890:	BL	#0XCBBCEE20	;(PC=0xCBBCE890 )
(       libmtguard.so[0xCBBCB000])[B0 B5       ]0x00003E20:	PUSH	{R4, R5, R7, LR}	;(SP=0x100FFFA8 R4=0xCBC0D094 R5=0xCBBCFE51 R7=0x100FFFB8 LR=0xCBBCE895 )
(       libmtguard.so[0xCBBCB000])[02 AF       ]0x00003E22:	ADD	R7, SP, #8	;(SP=0x100FFF98 )
(       libmtguard.so[0xCBBCB000])[01 FB 00 F5 ]0x00003E24:	MUL	R5, R1, R0	;(R1=0x00000010 R0=0x00000001 )
(       libmtguard.so[0xCBBCB000])[4D B1       ]0x00003E28:	CBZ	R5, #0XCBBCEE3E	;(R5=0x00000010 )
(       libmtguard.so[0xCBBCB000])[28 46       ]0x00003E2A:	MOV	R0, R5	;(R5=0x00000010 )
(       libmtguard.so[0xCBBCB000])[FE F7 C8 EB ]0x00003E2C:	BLX	#0XCBBCD5C0	;(PC=0xCBBCEE2C )
(       libmtguard.so[0xCBBCB000])[00 C6 8F E2 ]0x000025C0:	ADD	IP, PC, #0, #12	;(PC=0xCBBCD5C0 )
(       libmtguard.so[0xCBBCB000])[3D CA 8C E2 ]0x000025C4:	ADD	IP, IP, #0X3D000	;(IP=0xCBBCD5C8 )
(       libmtguard.so[0xCBBCB000])[04 F9 BC E5 ]0x000025C8:	LDR	PC, [IP, #0X904]!	;(IP=0xCBC0A5C8 )
(       libmtguard.so[0xCBBCB000])[04 46       ]0x00003E30:	MOV	R4, R0	;(R0=0x30041040 )
(       libmtguard.so[0xCBBCB000])[24 B1       ]0x00003E32:	CBZ	R4, #0XCBBCEE3E	;(R4=0x30041040 )
(       libmtguard.so[0xCBBCB000])[20 46       ]0x00003E34:	MOV	R0, R4	;(R4=0x30041040 )
(       libmtguard.so[0xCBBCB000])[29 46       ]0x00003E36:	MOV	R1, R5	;(R5=0x00000010 )
(       libmtguard.so[0xCBBCB000])[FE F7 CE EB ]0x00003E38:	BLX	#0XCBBCD5D8	;(PC=0xCBBCEE38 )
(       libmtguard.so[0xCBBCB000])[00 C6 8F E2 ]0x000025D8:	ADD	IP, PC, #0, #12	;(PC=0xCBBCD5D8 )
(       libmtguard.so[0xCBBCB000])[3D CA 8C E2 ]0x000025DC:	ADD	IP, IP, #0X3D000	;(IP=0xCBBCD5E0 )
(       libmtguard.so[0xCBBCB000])[F4 F8 BC E5 ]0x000025E0:	LDR	PC, [IP, #0X8F4]!	;(IP=0xCBC0A5E0 )
(       libmtguard.so[0xCBBCB000])[00 E0       ]0x00003E3C:	B	#0XCBBCEE40
(       libmtguard.so[0xCBBCB000])[20 46       ]0x00003E40:	MOV	R0, R4	;(R4=0x30041040 )
(       libmtguard.so[0xCBBCB000])[B0 BD       ]0x00003E42:	POP	{R4, R5, R7, PC}	;(SP=0x100FFF98 )
(       libmtguard.so[0xCBBCB000])[04 46       ]0x00003894:	MOV	R4, R0	;(R0=0x30041040 )
(       libmtguard.so[0xCBBCB000])[94 B1       ]0x00003896:	CBZ	R4, #0XCBBCE8BE	;(R4=0x30041040 )
(       libmtguard.so[0xCBBCB000])[0B 20       ]0x00003898:	MOVS	R0, #0XB
(       libmtguard.so[0xCBBCB000])[C4 E9 00 66 ]0x0000389A:	STRD	R6, R6, [R4]	;(R6=0x00000000 R4=0x30041040 )
(       libmtguard.so[0xCBBCB000])[C4 E9 02 05 ]0x0000389E:	STRD	R0, R5, [R4, #8]	;(R0=0x0000000B R5=0xCBBCFE51 R4=0x30041040 )
(       libmtguard.so[0xCBBCB000])[04 20       ]0x000038A2:	MOVS	R0, #4
(       libmtguard.so[0xCBBCB000])[0B 21       ]0x000038A4:	MOVS	R1, #0XB
(       libmtguard.so[0xCBBCB000])[00 22       ]0x000038A6:	MOVS	R2, #0
(       libmtguard.so[0xCBBCB000])[00 23       ]0x000038A8:	MOVS	R3, #0
(       libmtguard.so[0xCBBCB000])[00 F0 B9 FA ]0x000038AA:	BL	#0XCBBCEE20	;(PC=0xCBBCE8AA )
(       libmtguard.so[0xCBBCB000])[B0 B5       ]0x00003E20:	PUSH	{R4, R5, R7, LR}	;(SP=0x100FFFA8 R4=0x30041040 R5=0xCBBCFE51 R7=0x100FFFB8 LR=0xCBBCE8AF )
(       libmtguard.so[0xCBBCB000])[02 AF       ]0x00003E22:	ADD	R7, SP, #8	;(SP=0x100FFF98 )
(       libmtguard.so[0xCBBCB000])[01 FB 00 F5 ]0x00003E24:	MUL	R5, R1, R0	;(R1=0x0000000B R0=0x00000004 )
(       libmtguard.so[0xCBBCB000])[4D B1       ]0x00003E28:	CBZ	R5, #0XCBBCEE3E	;(R5=0x0000002C )
(       libmtguard.so[0xCBBCB000])[28 46       ]0x00003E2A:	MOV	R0, R5	;(R5=0x0000002C )
(       libmtguard.so[0xCBBCB000])[FE F7 C8 EB ]0x00003E2C:	BLX	#0XCBBCD5C0	;(PC=0xCBBCEE2C )
(       libmtguard.so[0xCBBCB000])[00 C6 8F E2 ]0x000025C0:	ADD	IP, PC, #0, #12	;(PC=0xCBBCD5C0 )
(       libmtguard.so[0xCBBCB000])[3D CA 8C E2 ]0x000025C4:	ADD	IP, IP, #0X3D000	;(IP=0xCBBCD5C8 )
(       libmtguard.so[0xCBBCB000])[04 F9 BC E5 ]0x000025C8:	LDR	PC, [IP, #0X904]!	;(IP=0xCBC0A5C8 )
(       libmtguard.so[0xCBBCB000])[04 46       ]0x00003E30:	MOV	R4, R0	;(R0=0x30041058 )
(       libmtguard.so[0xCBBCB000])[24 B1       ]0x00003E32:	CBZ	R4, #0XCBBCEE3E	;(R4=0x30041058 )
(       libmtguard.so[0xCBBCB000])[20 46       ]0x00003E34:	MOV	R0, R4	;(R4=0x30041058 )
(       libmtguard.so[0xCBBCB000])[29 46       ]0x00003E36:	MOV	R1, R5	;(R5=0x0000002C )
(       libmtguard.so[0xCBBCB000])[FE F7 CE EB ]0x00003E38:	BLX	#0XCBBCD5D8	;(PC=0xCBBCEE38 )
(       libmtguard.so[0xCBBCB000])[00 C6 8F E2 ]0x000025D8:	ADD	IP, PC, #0, #12	;(PC=0xCBBCD5D8 )
(       libmtguard.so[0xCBBCB000])[3D CA 8C E2 ]0x000025DC:	ADD	IP, IP, #0X3D000	;(IP=0xCBBCD5E0 )
(       libmtguard.so[0xCBBCB000])[F4 F8 BC E5 ]0x000025E0:	LDR	PC, [IP, #0X8F4]!	;(IP=0xCBC0A5E0 )
(       libmtguard.so[0xCBBCB000])[00 E0       ]0x00003E3C:	B	#0XCBBCEE40
(       libmtguard.so[0xCBBCB000])[20 46       ]0x00003E40:	MOV	R0, R4	;(R4=0x30041058 )
(       libmtguard.so[0xCBBCB000])[B0 BD       ]0x00003E42:	POP	{R4, R5, R7, PC}	;(SP=0x100FFF98 )
(       libmtguard.so[0xCBBCB000])[00 28       ]0x000038AE:	CMP	R0, #0	;(R0=0x30041058 )
(       libmtguard.so[0xCBBCB000])[20 60       ]0x000038B0:	STR	R0, [R4]	;(R0=0x30041058 R4=0x30041040 )
(       libmtguard.so[0xCBBCB000])[05 D1       ]0x000038B2:	BNE	#0XCBBCE8C0
(       libmtguard.so[0xCBBCB000])[20 46       ]0x000038C0:	MOV	R0, R4	;(R4=0x30041040 )
(       libmtguard.so[0xCBBCB000])[5D F8 04 BB ]0x000038C2:	LDR	FP, [SP], #4	;(SP=0x100FFFA8 )
(       libmtguard.so[0xCBBCB000])[F0 BD       ]0x000038C6:	POP	{R4, R5, R6, R7, PC}	;(SP=0x100FFFAC )
(       libmtguard.so[0xCBBCB000])[01 36       ]0x0000CE08:	ADDS	R6, #1	;(R6=0x00000000 )
(       libmtguard.so[0xCBBCB000])[60 60       ]0x0000CE0A:	STR	R0, [R4, #4]	;(R0=0x30041040 R4=0xCBC0D094 )
(       libmtguard.so[0xCBBCB000])[B6 F5 7C 7F ]0x0000CE0C:	CMP.W	R6, #0X3F0	;(R6=0x00000001 )
(       libmtguard.so[0xCBBCB000])[F3 D1       ]0x0000CE10:	BNE	#0XCBBD7DFA
(       libmtguard.so[0xCBBCB000])[48 46       ]0x0000CDFA:	MOV	R0, SB	;(SB=0xCBBCFE51 )
(       libmtguard.so[0xCBBCB000])[45 F8 36 80 ]0x0000CDFC:	STR.W	R8, [R5, R6, LSL #3]	;(R8=0xFFFFFFFF R5=0xCBC0D094 R6=0x00000001 )
(       libmtguard.so[0xCBBCB000])[05 EB C6 04 ]0x0000CE00:	ADD.W	R4, R5, R6, LSL #3	;(R5=0xCBC0D094 R6=0x00000001 )
(       libmtguard.so[0xCBBCB000])[F6 F7 3A FD ]0x0000CE04:	BL	#0XCBBCE87C	;(PC=0xCBBD7E04 )
(       libmtguard.so[0xCBBCB000])[F0 B5       ]0x0000387C:	PUSH	{R4, R5, R6, R7, LR}	;(SP=0x100FFFC0 R4=0xCBC0D09C R5=0xCBC0D094 R6=0x00000001 R7=0x100FFFE0 LR=0xCBBD7E09 )
(       libmtguard.so[0xCBBCB000])[03 AF       ]0x0000387E:	ADD	R7, SP, #0XC	;(SP=0x100FFFAC )
(       libmtguard.so[0xCBBCB000])[4D F8 04 BD ]0x00003880:	STR	FP, [SP, #-0X4]!	;(FP=0xCBC0B1C4 SP=0x100FFFAC )
(       libmtguard.so[0xCBBCB000])[05 46       ]0x00003884:	MOV	R5, R0	;(R0=0xCBBCFE51 )
(       libmtguard.so[0xCBBCB000])[01 20       ]0x00003886:	MOVS	R0, #1
(       libmtguard.so[0xCBBCB000])[10 21       ]0x00003888:	MOVS	R1, #0X10
(       libmtguard.so[0xCBBCB000])[00 22       ]0x0000388A:	MOVS	R2, #0
(       libmtguard.so[0xCBBCB000])[00 23       ]0x0000388C:	MOVS	R3, #0
(       libmtguard.so[0xCBBCB000])[00 26       ]0x0000388E:	MOVS	R6, #0
(       libmtguard.so[0xCBBCB000])[00 F0 C6 FA ]0x00003890:	BL	#0XCBBCEE20	;(PC=0xCBBCE890 )
(       libmtguard.so[0xCBBCB000])[B0 B5       ]0x00003E20:	PUSH	{R4, R5, R7, LR}	;(SP=0x100FFFA8 R4=0xCBC0D09C R5=0xCBBCFE51 R7=0x100FFFB8 LR=0xCBBCE895 )
(       libmtguard.so[0xCBBCB000])[02 AF       ]0x00003E22:	ADD	R7, SP, #8	;(SP=0x100FFF98 )
(       libmtguard.so[0xCBBCB000])[01 FB 00 F5 ]0x00003E24:	MUL	R5, R1, R0	;(R1=0x00000010 R0=0x00000001 )
(       libmtguard.so[0xCBBCB000])[4D B1       ]0x00003E28:	CBZ	R5, #0XCBBCEE3E	;(R5=0x00000010 )
(       libmtguard.so[0xCBBCB000])[28 46       ]0x00003E2A:	MOV	R0, R5	;(R5=0x00000010 )
(       libmtguard.so[0xCBBCB000])[FE F7 C8 EB ]0x00003E2C:	BLX	#0XCBBCD5C0	;(PC=0xCBBCEE2C )
(       libmtguard.so[0xCBBCB000])[00 C6 8F E2 ]0x000025C0:	ADD	IP, PC, #0, #12	;(PC=0xCBBCD5C0 )
(       libmtguard.so[0xCBBCB000])[3D CA 8C E2 ]0x000025C4:	ADD	IP, IP, #0X3D000	;(IP=0xCBBCD5C8 )
(       libmtguard.so[0xCBBCB000])[04 F9 BC E5 ]0x000025C8:	LDR	PC, [IP, #0X904]!	;(IP=0xCBC0A5C8 )
(       libmtguard.so[0xCBBCB000])[04 46       ]0x00003E30:	MOV	R4, R0	;(R0=0x30041088 )
(       libmtguard.so[0xCBBCB000])[24 B1       ]0x00003E32:	CBZ	R4, #0XCBBCEE3E	;(R4=0x30041088 )
(       libmtguard.so[0xCBBCB000])[20 46       ]0x00003E34:	MOV	R0, R4	;(R4=0x30041088 )
(       libmtguard.so[0xCBBCB000])[29 46       ]0x00003E36:	MOV	R1, R5	;(R5=0x00000010 )
(       libmtguard.so[0xCBBCB000])[FE F7 CE EB ]0x00003E38:	BLX	#0XCBBCD5D8	;(PC=0xCBBCEE38 )
(       libmtguard.so[0xCBBCB000])[00 C6 8F E2 ]0x000025D8:	ADD	IP, PC, #0, #12	;(PC=0xCBBCD5D8 )
(       libmtguard.so[0xCBBCB000])[3D CA 8C E2 ]0x000025DC:	ADD	IP, IP, #0X3D000	;(IP=0xCBBCD5E0 )
(       libmtguard.so[0xCBBCB000])[F4 F8 BC E5 ]0x000025E0:	LDR	PC, [IP, #0X8F4]!	;(IP=0xCBC0A5E0 )
(       libmtguard.so[0xCBBCB000])[00 E0       ]0x00003E3C:	B	#0XCBBCEE40
(       libmtguard.so[0xCBBCB000])[20 46       ]0x00003E40:	MOV	R0, R4	;(R4=0x30041088 )
(       libmtguard.so[0xCBBCB000])[B0 BD       ]0x00003E42:	POP	{R4, R5, R7, PC}	;(SP=0x100FFF98 )
(       libmtguard.so[0xCBBCB000])[04 46       ]0x00003894:	MOV	R4, R0	;(R0=0x30041088 )
(       libmtguard.so[0xCBBCB000])[94 B1       ]0x00003896:	CBZ	R4, #0XCBBCE8BE	;(R4=0x30041088 )
(       libmtguard.so[0xCBBCB000])[0B 20       ]0x00003898:	MOVS	R0, #0XB
(       libmtguard.so[0xCBBCB000])[C4 E9 00 66 ]0x0000389A:	STRD	R6, R6, [R4]	;(R6=0x00000000 R4=0x30041088 )
(       libmtguard.so[0xCBBCB000])[C4 E9 02 05 ]0x0000389E:	STRD	R0, R5, [R4, #8]	;(R0=0x0000000B R5=0xCBBCFE51 R4=0x30041088 )
(       libmtguard.so[0xCBBCB000])[04 20       ]0x000038A2:	MOVS	R0, #4
(       libmtguard.so[0xCBBCB000])[0B 21       ]0x000038A4:	MOVS	R1, #0XB
(       libmtguard.so[0xCBBCB000])[00 22       ]0x000038A6:	MOVS	R2, #0
(       libmtguard.so[0xCBBCB000])[00 23       ]0x000038A8:	MOVS	R3, #0
(       libmtguard.so[0xCBBCB000])[00 F0 B9 FA ]0x000038AA:	BL	#0XCBBCEE20	;(PC=0xCBBCE8AA )
(       libmtguard.so[0xCBBCB000])[B0 B5       ]0x00003E20:	PUSH	{R4, R5, R7, LR}	;(SP=0x100FFFA8 R4=0x30041088 R5=0xCBBCFE51 R7=0x100FFFB8 LR=0xCBBCE8AF )
(       libmtguard.so[0xCBBCB000])[02 AF       ]0x00003E22:	ADD	R7, SP, #8	;(SP=0x100FFF98 )
(       libmtguard.so[0xCBBCB000])[01 FB 00 F5 ]0x00003E24:	MUL	R5, R1, R0	;(R1=0x0000000B R0=0x00000004 )
(       libmtguard.so[0xCBBCB000])[4D B1       ]0x00003E28:	CBZ	R5, #0XCBBCEE3E	;(R5=0x0000002C )
(       libmtguard.so[0xCBBCB000])[28 46       ]0x00003E2A:	MOV	R0, R5	;(R5=0x0000002C )
(       libmtguard.so[0xCBBCB000])[FE F7 C8 EB ]0x00003E2C:	BLX	#0XCBBCD5C0	;(PC=0xCBBCEE2C )
(       libmtguard.so[0xCBBCB000])[00 C6 8F E2 ]0x000025C0:	ADD	IP, PC, #0, #12	;(PC=0xCBBCD5C0 )
(       libmtguard.so[0xCBBCB000])[3D CA 8C E2 ]0x000025C4:	ADD	IP, IP, #0X3D000	;(IP=0xCBBCD5C8 )
(       libmtguard.so[0xCBBCB000])[04 F9 BC E5 ]0x000025C8:	LDR	PC, [IP, #0X904]!	;(IP=0xCBC0A5C8 )
(       libmtguard.so[0xCBBCB000])[04 46       ]0x00003E30:	MOV	R4, R0	;(R0=0x300410A0 )
(       libmtguard.so[0xCBBCB000])[24 B1       ]0x00003E32:	CBZ	R4, #0XCBBCEE3E	;(R4=0x300410A0 )
(       libmtguard.so[0xCBBCB000])[20 46       ]0x00003E34:	MOV	R0, R4	;(R4=0x300410A0 )
(       libmtguard.so[0xCBBCB000])[29 46       ]0x00003E36:	MOV	R1, R5	;(R5=0x0000002C )
(       libmtguard.so[0xCBBCB000])[FE F7 CE EB ]0x00003E38:	BLX	#0XCBBCD5D8	;(PC=0xCBBCEE38 )
(       libmtguard.so[0xCBBCB000])[00 C6 8F E2 ]0x000025D8:	ADD	IP, PC, #0, #12	;(PC=0xCBBCD5D8 )
(       libmtguard.so[0xCBBCB000])[3D CA 8C E2 ]0x000025DC:	ADD	IP, IP, #0X3D000	;(IP=0xCBBCD5E0 )
(       libmtguard.so[0xCBBCB000])[F4 F8 BC E5 ]0x000025E0:	LDR	PC, [IP, #0X8F4]!	;(IP=0xCBC0A5E0 )
(       libmtguard.so[0xCBBCB000])[00 E0       ]0x00003E3C:	B	#0XCBBCEE40
(       libmtguard.so[0xCBBCB000])[20 46       ]0x00003E40:	MOV	R0, R4	;(R4=0x300410A0 )
(       libmtguard.so[0xCBBCB000])[B0 BD       ]0x00003E42:	POP	{R4, R5, R7, PC}	;(SP=0x100FFF98 )
(       libmtguard.so[0xCBBCB000])[00 28       ]0x000038AE:	CMP	R0, #0	;(R0=0x300410A0 )
(       libmtguard.so[0xCBBCB000])[20 60       ]0x000038B0:	STR	R0, [R4]	;(R0=0x300410A0 R4=0x30041088 )
(       libmtguard.so[0xCBBCB000])[05 D1       ]0x000038B2:	BNE	#0XCBBCE8C0
(       libmtguard.so[0xCBBCB000])[20 46       ]0x000038C0:	MOV	R0, R4	;(R4=0x30041088 )
(       libmtguard.so[0xCBBCB000])[5D F8 04 BB ]0x000038C2:	LDR	FP, [SP], #4	;(SP=0x100FFFA8 )
(       libmtguard.so[0xCBBCB000])[F0 BD       ]0x000038C6:	POP	{R4, R5, R6, R7, PC}	;(SP=0x100FFFAC )
(       libmtguard.so[0xCBBCB000])[01 36       ]0x0000CE08:	ADDS	R6, #1	;(R6=0x00000001 )
(       libmtguard.so[0xCBBCB000])[60 60       ]0x0000CE0A:	STR	R0, [R4, #4]	;(R0=0x30041088 R4=0xCBC0D09C )
(       libmtguard.so[0xCBBCB000])[B6 F5 7C 7F ]0x0000CE0C:	CMP.W	R6, #0X3F0	;(R6=0x00000002 )
(       libmtguard.so[0xCBBCB000])[F3 D1       ]0x0000CE10:	BNE	#0XCBBD7DFA
(       libmtguard.so[0xCBBCB000])[48 46       ]0x0000CDFA:	MOV	R0, SB	;(SB=0xCBBCFE51 )
(       libmtguard.so[0xCBBCB000])[45 F8 36 80 ]0x0000CDFC:	STR.W	R8, [R5, R6, LSL #3]	;(R8=0xFFFFFFFF R5=0xCBC0D094 R6=0x00000002 )
(       libmtguard.so[0xCBBCB000])[05 EB C6 04 ]0x0000CE00:	ADD.W	R4, R5, R6, LSL #3	;(R5=0xCBC0D094 R6=0x00000002 )
(       libmtguard.so[0xCBBCB000])[F6 F7 3A FD ]0x0000CE04:	BL	#0XCBBCE87C	;(PC=0xCBBD7E04 )
(       libmtguard.so[0xCBBCB000])[F0 B5       ]0x0000387C:	PUSH	{R4, R5, R6, R7, LR}	;(SP=0x100FFFC0 R4=0xCBC0D0A4 R5=0xCBC0D094 R6=0x00000002 R7=0x100FFFE0 LR=0xCBBD7E09 )
(       libmtguard.so[0xCBBCB000])[03 AF       ]0x0000387E:	ADD	R7, SP, #0XC	;(SP=0x100FFFAC )
(       libmtguard.so[0xCBBCB000])[4D F8 04 BD ]0x00003880:	STR	FP, [SP, #-0X4]!	;(FP=0xCBC0B1C4 SP=0x100FFFAC )
(       libmtguard.so[0xCBBCB000])[05 46       ]0x00003884:	MOV	R5, R0	;(R0=0xCBBCFE51 )
(       libmtguard.so[0xCBBCB000])[01 20       ]0x00003886:	MOVS	R0, #1
(       libmtguard.so[0xCBBCB000])[10 21       ]0x00003888:	MOVS	R1, #0X10
(       libmtguard.so[0xCBBCB000])[00 22       ]0x0000388A:	MOVS	R2, #0
(       libmtguard.so[0xCBBCB000])[00 23       ]0x0000388C:	MOVS	R3, #0
(       libmtguard.so[0xCBBCB000])[00 26       ]0x0000388E:	MOVS	R6, #0
(       libmtguard.so[0xCBBCB000])[00 F0 C6 FA ]0x00003890:	BL	#0XCBBCEE20	;(PC=0xCBBCE890 )
(       libmtguard.so[0xCBBCB000])[B0 B5       ]0x00003E20:	PUSH	{R4, R5, R7, LR}	;(SP=0x100FFFA8 R4=0xCBC0D0A4 R5=0xCBBCFE51 R7=0x100FFFB8 LR=0xCBBCE895 )
(       libmtguard.so[0xCBBCB000])[02 AF       ]0x00003E22:	ADD	R7, SP, #8	;(SP=0x100FFF98 )
(       libmtguard.so[0xCBBCB000])[01 FB 00 F5 ]0x00003E24:	MUL	R5, R1, R0	;(R1=0x00000010 R0=0x00000001 )
(       libmtguard.so[0xCBBCB000])[4D B1       ]0x00003E28:	CBZ	R5, #0XCBBCEE3E	;(R5=0x00000010 )
(       libmtguard.so[0xCBBCB000])[28 46       ]0x00003E2A:	MOV	R0, R5	;(R5=0x00000010 )
(       libmtguard.so[0xCBBCB000])[FE F7 C8 EB ]0x00003E2C:	BLX	#0XCBBCD5C0	;(PC=0xCBBCEE2C )
(       libmtguard.so[0xCBBCB000])[00 C6 8F E2 ]0x000025C0:	ADD	IP, PC, #0, #12	;(PC=0xCBBCD5C0 )
(       libmtguard.so[0xCBBCB000])[3D CA 8C E2 ]0x000025C4:	ADD	IP, IP, #0X3D000	;(IP=0xCBBCD5C8 )
(       libmtguard.so[0xCBBCB000])[04 F9 BC E5 ]0x000025C8:	LDR	PC, [IP, #0X904]!	;(IP=0xCBC0A5C8 )
(       libmtguard.so[0xCBBCB000])[04 46       ]0x00003E30:	MOV	R4, R0	;(R0=0x300410D0 )
(       libmtguard.so[0xCBBCB000])[24 B1       ]0x00003E32:	CBZ	R4, #0XCBBCEE3E	;(R4=0x300410D0 )
(       libmtguard.so[0xCBBCB000])[20 46       ]0x00003E34:	MOV	R0, R4	;(R4=0x300410D0 )
(       libmtguard.so[0xCBBCB000])[29 46       ]0x00003E36:	MOV	R1, R5	;(R5=0x00000010 )
(       libmtguard.so[0xCBBCB000])[FE F7 CE EB ]0x00003E38:	BLX	#0XCBBCD5D8	;(PC=0xCBBCEE38 )
(       libmtguard.so[0xCBBCB000])[00 C6 8F E2 ]0x000025D8:	ADD	IP, PC, #0, #12	;(PC=0xCBBCD5D8 )
(       libmtguard.so[0xCBBCB000])[3D CA 8C E2 ]0x000025DC:	ADD	IP, IP, #0X3D000	;(IP=0xCBBCD5E0 )
(       libmtguard.so[0xCBBCB000])[F4 F8 BC E5 ]0x000025E0:	LDR	PC, [IP, #0X8F4]!	;(IP=0xCBC0A5E0 )
(       libmtguard.so[0xCBBCB000])[00 E0       ]0x00003E3C:	B	#0XCBBCEE40
(       libmtguard.so[0xCBBCB000])[20 46       ]0x00003E40:	MOV	R0, R4	;(R4=0x300410D0 )
(       libmtguard.so[0xCBBCB000])[B0 BD       ]0x00003E42:	POP	{R4, R5, R7, PC}	;(SP=0x100FFF98 )
(       libmtguard.so[0xCBBCB000])[04 46       ]0x00003894:	MOV	R4, R0	;(R0=0x300410D0 )
(       libmtguard.so[0xCBBCB000])[94 B1       ]0x00003896:	CBZ	R4, #0XCBBCE8BE	;(R4=0x300410D0 )
(       libmtguard.so[0xCBBCB000])[0B 20       ]0x00003898:	MOVS	R0, #0XB
(       libmtguard.so[0xCBBCB000])[C4 E9 00 66 ]0x0000389A:	STRD	R6, R6, [R4]	;(R6=0x00000000 R4=0x300410D0 )
(       libmtguard.so[0xCBBCB000])[C4 E9 02 05 ]0x0000389E:	STRD	R0, R5, [R4, #8]	;(R0=0x0000000B R5=0xCBBCFE51 R4=0x300410D0 )
(       libmtguard.so[0xCBBCB000])[04 20       ]0x000038A2:	MOVS	R0, #4
(       libmtguard.so[0xCBBCB000])[0B 21       ]0x000038A4:	MOVS	R1, #0XB
(       libmtguard.so[0xCBBCB000])[00 22       ]0x000038A6:	MOVS	R2, #0
(       libmtguard.so[0xCBBCB000])[00 23       ]0x000038A8:	MOVS	R3, #0
(       libmtguard.so[0xCBBCB000])[00 F0 B9 FA ]0x000038AA:	BL	#0XCBBCEE20	;(PC=0xCBBCE8AA )
(       libmtguard.so[0xCBBCB000])[B0 B5       ]0x00003E20:	PUSH	{R4, R5, R7, LR}	;(SP=0x100FFFA8 R4=0x300410D0 R5=0xCBBCFE51 R7=0x100FFFB8 LR=0xCBBCE8AF )
(       libmtguard.so[0xCBBCB000])[02 AF       ]0x00003E22:	ADD	R7, SP, #8	;(SP=0x100FFF98 )
(       libmtguard.so[0xCBBCB000])[01 FB 00 F5 ]0x00003E24:	MUL	R5, R1, R0	;(R1=0x0000000B R0=0x00000004 )
(       libmtguard.so[0xCBBCB000])[4D B1       ]0x00003E28:	CBZ	R5, #0XCBBCEE3E	;(R5=0x0000002C )
(       libmtguard.so[0xCBBCB000])[28 46       ]0x00003E2A:	MOV	R0, R5	;(R5=0x0000002C )
(       libmtguard.so[0xCBBCB000])[FE F7 C8 EB ]0x00003E2C:	BLX	#0XCBBCD5C0	;(PC=0xCBBCEE2C )
(       libmtguard.so[0xCBBCB000])[00 C6 8F E2 ]0x000025C0:	ADD	IP, PC, #0, #12	;(PC=0xCBBCD5C0 )
(       libmtguard.so[0xCBBCB000])[3D CA 8C E2 ]0x000025C4:	ADD	IP, IP, #0X3D000	;(IP=0xCBBCD5C8 )
(       libmtguard.so[0xCBBCB000])[04 F9 BC E5 ]0x000025C8:	LDR	PC, [IP, #0X904]!	;(IP=0xCBC0A5C8 )
(       libmtguard.so[0xCBBCB000])[04 46       ]0x00003E30:	MOV	R4, R0	;(R0=0x300410E8 )
(       libmtguard.so[0xCBBCB000])[24 B1       ]0x00003E32:	CBZ	R4, #0XCBBCEE3E	;(R4=0x300410E8 )
(       libmtguard.so[0xCBBCB000])[20 46       ]0x00003E34:	MOV	R0, R4	;(R4=0x300410E8 )
(       libmtguard.so[0xCBBCB000])[29 46       ]0x00003E36:	MOV	R1, R5	;(R5=0x0000002C )
(       libmtguard.so[0xCBBCB000])[FE F7 CE EB ]0x00003E38:	BLX	#0XCBBCD5D8	;(PC=0xCBBCEE38 )
(       libmtguard.so[0xCBBCB000])[00 C6 8F E2 ]0x000025D8:	ADD	IP, PC, #0, #12	;(PC=0xCBBCD5D8 )
(       libmtguard.so[0xCBBCB000])[3D CA 8C E2 ]0x000025DC:	ADD	IP, IP, #0X3D000	;(IP=0xCBBCD5E0 )
(       libmtguard.so[0xCBBCB000])[F4 F8 BC E5 ]0x000025E0:	LDR	PC, [IP, #0X8F4]!	;(IP=0xCBC0A5E0 )
(       libmtguard.so[0xCBBCB000])[00 E0       ]0x00003E3C:	B	#0XCBBCEE40
(       libmtguard.so[0xCBBCB000])[20 46       ]0x00003E40:	MOV	R0, R4	;(R4=0x300410E8 )
(       libmtguard.so[0xCBBCB000])[B0 BD       ]0x00003E42:	POP	{R4, R5, R7, PC}	;(SP=0x100FFF98 )
(       libmtguard.so[0xCBBCB000])[00 28       ]0x000038AE:	CMP	R0, #0	;(R0=0x300410E8 )
(       libmtguard.so[0xCBBCB000])[20 60       ]0x000038B0:	STR	R0, [R4]	;(R0=0x300410E8 R4=0x300410D0 )
(       libmtguard.so[0xCBBCB000])[05 D1       ]0x000038B2:	BNE	#0XCBBCE8C0
(       libmtguard.so[0xCBBCB000])[20 46       ]0x000038C0:	MOV	R0, R4	;(R4=0x300410D0 )
(       libmtguard.so[0xCBBCB000])[5D F8 04 BB ]0x000038C2:	LDR	FP, [SP], #4	;(SP=0x100FFFA8 )
(       libmtguard.so[0xCBBCB000])[F0 BD       ]0x000038C6:	POP	{R4, R5, R6, R7, PC}	;(SP=0x100FFFAC )
(       libmtguard.so[0xCBBCB000])[01 36       ]0x0000CE08:	ADDS	R6, #1	;(R6=0x00000002 )
(       libmtguard.so[0xCBBCB000])[60 60       ]0x0000CE0A:	STR	R0, [R4, #4]	;(R0=0x300410D0 R4=0xCBC0D0A4 )
(       libmtguard.so[0xCBBCB000])[B6 F5 7C 7F ]0x0000CE0C:	CMP.W	R6, #0X3F0	;(R6=0x00000003 )
(       libmtguard.so[0xCBBCB000])[F3 D1       ]0x0000CE10:	BNE	#0XCBBD7DFA
(       libmtguard.so[0xCBBCB000])[48 46       ]0x0000CDFA:	MOV	R0, SB	;(SB=0xCBBCFE51 )
(       libmtguard.so[0xCBBCB000])[45 F8 36 80 ]0x0000CDFC:	STR.W	R8, [R5, R6, LSL #3]	;(R8=0xFFFFFFFF R5=0xCBC0D094 R6=0x00000003 )
(       libmtguard.so[0xCBBCB000])[05 EB C6 04 ]0x0000CE00:	ADD.W	R4, R5, R6, LSL #3	;(R5=0xCBC0D094 R6=0x00000003 )
(       libmtguard.so[0xCBBCB000])[F6 F7 3A FD ]0x0000CE04:	BL	#0XCBBCE87C	;(PC=0xCBBD7E04 )
(       libmtguard.so[0xCBBCB000])[F0 B5       ]0x0000387C:	PUSH	{R4, R5, R6, R7, LR}	;(SP=0x100FFFC0 R4=0xCBC0D0AC R5=0xCBC0D094 R6=0x00000003 R7=0x100FFFE0 LR=0xCBBD7E09 )
(       libmtguard.so[0xCBBCB000])[03 AF       ]0x0000387E:	ADD	R7, SP, #0XC	;(SP=0x100FFFAC )
(       libmtguard.so[0xCBBCB000])[4D F8 04 BD ]0x00003880:	STR	FP, [SP, #-0X4]!	;(FP=0xCBC0B1C4 SP=0x100FFFAC )
(       libmtguard.so[0xCBBCB000])[05 46       ]0x00003884:	MOV	R5, R0	;(R0=0xCBBCFE51 )
(       libmtguard.so[0xCBBCB000])[01 20       ]0x00003886:	MOVS	R0, #1
(       libmtguard.so[0xCBBCB000])[10 21       ]0x00003888:	MOVS	R1, #0X10
(       libmtguard.so[0xCBBCB000])[00 22       ]0x0000388A:	MOVS	R2, #0
(       libmtguard.so[0xCBBCB000])[00 23       ]0x0000388C:	MOVS	R3, #0
(       libmtguard.so[0xCBBCB000])[00 26       ]0x0000388E:	MOVS	R6, #0
(       libmtguard.so[0xCBBCB000])[00 F0 C6 FA ]0x00003890:	BL	#0XCBBCEE20	;(PC=0xCBBCE890 )
(       libmtguard.so[0xCBBCB000])[B0 B5       ]0x00003E20:	PUSH	{R4, R5, R7, LR}	;(SP=0x100FFFA8 R4=0xCBC0D0AC R5=0xCBBCFE51 R7=0x100FFFB8 LR=0xCBBCE895 )
(       libmtguard.so[0xCBBCB000])[02 AF       ]0x00003E22:	ADD	R7, SP, #8	;(SP=0x100FFF98 )
(       libmtguard.so[0xCBBCB000])[01 FB 00 F5 ]0x00003E24:	MUL	R5, R1, R0	;(R1=0x00000010 R0=0x00000001 )
(       libmtguard.so[0xCBBCB000])[4D B1       ]0x00003E28:	CBZ	R5, #0XCBBCEE3E	;(R5=0x00000010 )
(       libmtguard.so[0xCBBCB000])[28 46       ]0x00003E2A:	MOV	R0, R5	;(R5=0x00000010 )
(       libmtguard.so[0xCBBCB000])[FE F7 C8 EB ]0x00003E2C:	BLX	#0XCBBCD5C0	;(PC=0xCBBCEE2C )
(       libmtguard.so[0xCBBCB000])[00 C6 8F E2 ]0x000025C0:	ADD	IP, PC, #0, #12	;(PC=0xCBBCD5C0 )
(       libmtguard.so[0xCBBCB000])[3D CA 8C E2 ]0x000025C4:	ADD	IP, IP, #0X3D000	;(IP=0xCBBCD5C8 )
(       libmtguard.so[0xCBBCB000])[04 F9 BC E5 ]0x000025C8:	LDR	PC, [IP, #0X904]!	;(IP=0xCBC0A5C8 )
(       libmtguard.so[0xCBBCB000])[04 46       ]0x00003E30:	MOV	R4, R0	;(R0=0x30041118 )
(       libmtguard.so[0xCBBCB000])[24 B1       ]0x00003E32:	CBZ	R4, #0XCBBCEE3E	;(R4=0x30041118 )
(       libmtguard.so[0xCBBCB000])[20 46       ]0x00003E34:	MOV	R0, R4	;(R4=0x30041118 )
(       libmtguard.so[0xCBBCB000])[29 46       ]0x00003E36:	MOV	R1, R5	;(R5=0x00000010 )
(       libmtguard.so[0xCBBCB000])[FE F7 CE EB ]0x00003E38:	BLX	#0XCBBCD5D8	;(PC=0xCBBCEE38 )
(       libmtguard.so[0xCBBCB000])[00 C6 8F E2 ]0x000025D8:	ADD	IP, PC, #0, #12	;(PC=0xCBBCD5D8 )
(       libmtguard.so[0xCBBCB000])[3D CA 8C E2 ]0x000025DC:	ADD	IP, IP, #0X3D000	;(IP=0xCBBCD5E0 )
(       libmtguard.so[0xCBBCB000])[F4 F8 BC E5 ]0x000025E0:	LDR	PC, [IP, #0X8F4]!	;(IP=0xCBC0A5E0 )
(       libmtguard.so[0xCBBCB000])[00 E0       ]0x00003E3C:	B	#0XCBBCEE40
(       libmtguard.so[0xCBBCB000])[20 46       ]0x00003E40:	MOV	R0, R4	;(R4=0x30041118 )
(       libmtguard.so[0xCBBCB000])[B0 BD       ]0x00003E42:	POP	{R4, R5, R7, PC}	;(SP=0x100FFF98 )
(       libmtguard.so[0xCBBCB000])[04 46       ]0x00003894:	MOV	R4, R0	;(R0=0x30041118 )
(       libmtguard.so[0xCBBCB000])[94 B1       ]0x00003896:	CBZ	R4, #0XCBBCE8BE	;(R4=0x30041118 )
(       libmtguard.so[0xCBBCB000])[0B 20       ]0x00003898:	MOVS	R0, #0XB
(       libmtguard.so[0xCBBCB000])[C4 E9 00 66 ]0x0000389A:	STRD	R6, R6, [R4]	;(R6=0x00000000 R4=0x30041118 )
(       libmtguard.so[0xCBBCB000])[C4 E9 02 05 ]0x0000389E:	STRD	R0, R5, [R4, #8]	;(R0=0x0000000B R5=0xCBBCFE51 R4=0x30041118 )
(       libmtguard.so[0xCBBCB000])[04 20       ]0x000038A2:	MOVS	R0, #4
(       libmtguard.so[0xCBBCB000])[0B 21       ]0x000038A4:	MOVS	R1, #0XB
(       libmtguard.so[0xCBBCB000])[00 22       ]0x000038A6:	MOVS	R2, #0
(       libmtguard.so[0xCBBCB000])[00 23       ]0x000038A8:	MOVS	R3, #0
(       libmtguard.so[0xCBBCB000])[00 F0 B9 FA ]0x000038AA:	BL	#0XCBBCEE20	;(PC=0xCBBCE8AA )
(       libmtguard.so[0xCBBCB000])[B0 B5       ]0x00003E20:	PUSH	{R4, R5, R7, LR}	;(SP=0x100FFFA8 R4=0x30041118 R5=0xCBBCFE51 R7=0x100FFFB8 LR=0xCBBCE8AF )
(       libmtguard.so[0xCBBCB000])[02 AF       ]0x00003E22:	ADD	R7, SP, #8	;(SP=0x100FFF98 )
(       libmtguard.so[0xCBBCB000])[01 FB 00 F5 ]0x00003E24:	MUL	R5, R1, R0	;(R1=0x0000000B R0=0x00000004 )
(       libmtguard.so[0xCBBCB000])[4D B1       ]0x00003E28:	CBZ	R5, #0XCBBCEE3E	;(R5=0x0000002C )
(       libmtguard.so[0xCBBCB000])[28 46       ]0x00003E2A:	MOV	R0, R5	;(R5=0x0000002C )
(       libmtguard.so[0xCBBCB000])[FE F7 C8 EB ]0x00003E2C:	BLX	#0XCBBCD5C0	;(PC=0xCBBCEE2C )
(       libmtguard.so[0xCBBCB000])[00 C6 8F E2 ]0x000025C0:	ADD	IP, PC, #0, #12	;(PC=0xCBBCD5C0 )
(       libmtguard.so[0xCBBCB000])[3D CA 8C E2 ]0x000025C4:	ADD	IP, IP, #0X3D000	;(IP=0xCBBCD5C8 )
(       libmtguard.so[0xCBBCB000])[04 F9 BC E5 ]0x000025C8:	LDR	PC, [IP, #0X904]!	;(IP=0xCBC0A5C8 )
(       libmtguard.so[0xCBBCB000])[04 46       ]0x00003E30:	MOV	R4, R0	;(R0=0x30041130 )
(       libmtguard.so[0xCBBCB000])[24 B1       ]0x00003E32:	CBZ	R4, #0XCBBCEE3E	;(R4=0x30041130 )
(       libmtguard.so[0xCBBCB000])[20 46       ]0x00003E34:	MOV	R0, R4	;(R4=0x30041130 )
(       libmtguard.so[0xCBBCB000])[29 46       ]0x00003E36:	MOV	R1, R5	;(R5=0x0000002C )
(       libmtguard.so[0xCBBCB000])[FE F7 CE EB ]0x00003E38:	BLX	#0XCBBCD5D8	;(PC=0xCBBCEE38 )
(       libmtguard.so[0xCBBCB000])[00 C6 8F E2 ]0x000025D8:	ADD	IP, PC, #0, #12	;(PC=0xCBBCD5D8 )
(       libmtguard.so[0xCBBCB000])[3D CA 8C E2 ]0x000025DC:	ADD	IP, IP, #0X3D000	;(IP=0xCBBCD5E0 )
(       libmtguard.so[0xCBBCB000])[F4 F8 BC E5 ]0x000025E0:	LDR	PC, [IP, #0X8F4]!	;(IP=0xCBC0A5E0 )
(       libmtguard.so[0xCBBCB000])[00 E0       ]0x00003E3C:	B	#0XCBBCEE40
(       libmtguard.so[0xCBBCB000])[20 46       ]0x00003E40:	MOV	R0, R4	;(R4=0x30041130 )
(       libmtguard.so[0xCBBCB000])[B0 BD       ]0x00003E42:	POP	{R4, R5, R7, PC}	;(SP=0x100FFF98 )
(       libmtguard.so[0xCBBCB000])[00 28       ]0x000038AE:	CMP	R0, #0	;(R0=0x30041130 )
(       libmtguard.so[0xCBBCB000])[20 60       ]0x000038B0:	STR	R0, [R4]	;(R0=0x30041130 R4=0x30041118 )
(       libmtguard.so[0xCBBCB000])[05 D1       ]0x000038B2:	BNE	#0XCBBCE8C0
(       libmtguard.so[0xCBBCB000])[20 46       ]0x000038C0:	MOV	R0, R4	;(R4=0x30041118 )
(       libmtguard.so[0xCBBCB000])[5D F8 04 BB ]0x000038C2:	LDR	FP, [SP], #4	;(SP=0x100FFFA8 )
(       libmtguard.so[0xCBBCB000])[F0 BD       ]0x000038C6:	POP	{R4, R5, R6, R7, PC}	;(SP=0x100FFFAC )
(       libmtguard.so[0xCBBCB000])[01 36       ]0x0000CE08:	ADDS	R6, #1	;(R6=0x00000003 )
(       libmtguard.so[0xCBBCB000])[60 60       ]0x0000CE0A:	STR	R0, [R4, #4]	;(R0=0x30041118 R4=0xCBC0D0AC )
(       libmtguard.so[0xCBBCB000])[B6 F5 7C 7F ]0x0000CE0C:	CMP.W	R6, #0X3F0	;(R6=0x00000004 )
(       libmtguard.so[0xCBBCB000])[F3 D1       ]0x0000CE10:	BNE	#0XCBBD7DFA
(       libmtguard.so[0xCBBCB000])[48 46       ]0x0000CDFA:	MOV	R0, SB	;(SB=0xCBBCFE51 )
(       libmtguard.so[0xCBBCB000])[45 F8 36 80 ]0x0000CDFC:	STR.W	R8, [R5, R6, LSL #3]	;(R8=0xFFFFFFFF R5=0xCBC0D094 R6=0x00000004 )
(       libmtguard.so[0xCBBCB000])[05 EB C6 04 ]0x0000CE00:	ADD.W	R4, R5, R6, LSL #3	;(R5=0xCBC0D094 R6=0x00000004 )
(       libmtguard.so[0xCBBCB000])[F6 F7 3A FD ]0x0000CE04:	BL	#0XCBBCE87C	;(PC=0xCBBD7E04 )
(       libmtguard.so[0xCBBCB000])[F0 B5       ]0x0000387C:	PUSH	{R4, R5, R6, R7, LR}	;(SP=0x100FFFC0 R4=0xCBC0D0B4 R5=0xCBC0D094 R6=0x00000004 R7=0x100FFFE0 LR=0xCBBD7E09 )
(       libmtguard.so[0xCBBCB000])[03 AF       ]0x0000387E:	ADD	R7, SP, #0XC	;(SP=0x100FFFAC )
(       libmtguard.so[0xCBBCB000])[4D F8 04 BD ]0x00003880:	STR	FP, [SP, #-0X4]!	;(FP=0xCBC0B1C4 SP=0x100FFFAC )
(       libmtguard.so[0xCBBCB000])[05 46       ]0x00003884:	MOV	R5, R0	;(R0=0xCBBCFE51 )
(       libmtguard.so[0xCBBCB000])[01 20       ]0x00003886:	MOVS	R0, #1
(       libmtguard.so[0xCBBCB000])[10 21       ]0x00003888:	MOVS	R1, #0X10
(       libmtguard.so[0xCBBCB000])[00 22       ]0x0000388A:	MOVS	R2, #0
(       libmtguard.so[0xCBBCB000])[00 23       ]0x0000388C:	MOVS	R3, #0
(       libmtguard.so[0xCBBCB000])[00 26       ]0x0000388E:	MOVS	R6, #0
(       libmtguard.so[0xCBBCB000])[00 F0 C6 FA ]0x00003890:	BL	#0XCBBCEE20	;(PC=0xCBBCE890 )
(       libmtguard.so[0xCBBCB000])[B0 B5       ]0x00003E20:	PUSH	{R4, R5, R7, LR}	;(SP=0x100FFFA8 R4=0xCBC0D0B4 R5=0xCBBCFE51 R7=0x100FFFB8 LR=0xCBBCE895 )
(       libmtguard.so[0xCBBCB000])[02 AF       ]0x00003E22:	ADD	R7, SP, #8	;(SP=0x100FFF98 )
(       libmtguard.so[0xCBBCB000])[01 FB 00 F5 ]0x00003E24:	MUL	R5, R1, R0	;(R1=0x00000010 R0=0x00000001 )
(       libmtguard.so[0xCBBCB000])[4D B1       ]0x00003E28:	CBZ	R5, #0XCBBCEE3E	;(R5=0x00000010 )
(       libmtguard.so[0xCBBCB000])[28 46       ]0x00003E2A:	MOV	R0, R5	;(R5=0x00000010 )
(       libmtguard.so[0xCBBCB000])[FE F7 C8 EB ]0x00003E2C:	BLX	#0XCBBCD5C0	;(PC=0xCBBCEE2C )
(       libmtguard.so[0xCBBCB000])[00 C6 8F E2 ]0x000025C0:	ADD	IP, PC, #0, #12	;(PC=0xCBBCD5C0 )
(       libmtguard.so[0xCBBCB000])[3D CA 8C E2 ]0x000025C4:	ADD	IP, IP, #0X3D000	;(IP=0xCBBCD5C8 )
(       libmtguard.so[0xCBBCB000])[04 F9 BC E5 ]0x000025C8:	LDR	PC, [IP, #0X904]!	;(IP=0xCBC0A5C8 )
(       libmtguard.so[0xCBBCB000])[04 46       ]0x00003E30:	MOV	R4, R0	;(R0=0x30041160 )
(       libmtguard.so[0xCBBCB000])[24 B1       ]0x00003E32:	CBZ	R4, #0XCBBCEE3E	;(R4=0x30041160 )
(       libmtguard.so[0xCBBCB000])[20 46       ]0x00003E34:	MOV	R0, R4	;(R4=0x30041160 )
(       libmtguard.so[0xCBBCB000])[29 46       ]0x00003E36:	MOV	R1, R5	;(R5=0x00000010 )
(       libmtguard.so[0xCBBCB000])[FE F7 CE EB ]0x00003E38:	BLX	#0XCBBCD5D8	;(PC=0xCBBCEE38 )
(       libmtguard.so[0xCBBCB000])[00 C6 8F E2 ]0x000025D8:	ADD	IP, PC, #0, #12	;(PC=0xCBBCD5D8 )
(       libmtguard.so[0xCBBCB000])[3D CA 8C E2 ]0x000025DC:	ADD	IP, IP, #0X3D000	;(IP=0xCBBCD5E0 )
(       libmtguard.so[0xCBBCB000])[F4 F8 BC E5 ]0x000025E0:	LDR	PC, [IP, #0X8F4]!	;(IP=0xCBC0A5E0 )
(       libmtguard.so[0xCBBCB000])[00 E0       ]0x00003E3C:	B	#0XCBBCEE40
(       libmtguard.so[0xCBBCB000])[20 46       ]0x00003E40:	MOV	R0, R4	;(R4=0x30041160 )
(       libmtguard.so[0xCBBCB000])[B0 BD       ]0x00003E42:	POP	{R4, R5, R7, PC}	;(SP=0x100FFF98 )
(       libmtguard.so[0xCBBCB000])[04 46       ]0x00003894:	MOV	R4, R0	;(R0=0x30041160 )
(       libmtguard.so[0xCBBCB000])[94 B1       ]0x00003896:	CBZ	R4, #0XCBBCE8BE	;(R4=0x30041160 )
(       libmtguard.so[0xCBBCB000])[0B 20       ]0x00003898:	MOVS	R0, #0XB
(       libmtguard.so[0xCBBCB000])[C4 E9 00 66 ]0x0000389A:	STRD	R6, R6, [R4]	;(R6=0x00000000 R4=0x30041160 )
(       libmtguard.so[0xCBBCB000])[C4 E9 02 05 ]0x0000389E:	STRD	R0, R5, [R4, #8]	;(R0=0x0000000B R5=0xCBBCFE51 R4=0x30041160 )
(       libmtguard.so[0xCBBCB000])[04 20       ]0x000038A2:	MOVS	R0, #4
(       libmtguard.so[0xCBBCB000])[0B 21       ]0x000038A4:	MOVS	R1, #0XB
(       libmtguard.so[0xCBBCB000])[00 22       ]0x000038A6:	MOVS	R2, #0
(       libmtguard.so[0xCBBCB000])[00 23       ]0x000038A8:	MOVS	R3, #0
(       libmtguard.so[0xCBBCB000])[00 F0 B9 FA ]0x000038AA:	BL	#0XCBBCEE20	;(PC=0xCBBCE8AA )
(       libmtguard.so[0xCBBCB000])[B0 B5       ]0x00003E20:	PUSH	{R4, R5, R7, LR}	;(SP=0x100FFFA8 R4=0x30041160 R5=0xCBBCFE51 R7=0x100FFFB8 LR=0xCBBCE8AF )
(       libmtguard.so[0xCBBCB000])[02 AF       ]0x00003E22:	ADD	R7, SP, #8	;(SP=0x100FFF98 )
(       libmtguard.so[0xCBBCB000])[01 FB 00 F5 ]0x00003E24:	MUL	R5, R1, R0	;(R1=0x0000000B R0=0x00000004 )
(       libmtguard.so[0xCBBCB000])[4D B1       ]0x00003E28:	CBZ	R5, #0XCBBCEE3E	;(R5=0x0000002C )
(       libmtguard.so[0xCBBCB000])[28 46       ]0x00003E2A:	MOV	R0, R5	;(R5=0x0000002C )
(       libmtguard.so[0xCBBCB000])[FE F7 C8 EB ]0x00003E2C:	BLX	#0XCBBCD5C0	;(PC=0xCBBCEE2C )
(       libmtguard.so[0xCBBCB000])[00 C6 8F E2 ]0x000025C0:	ADD	IP, PC, #0, #12	;(PC=0xCBBCD5C0 )
(       libmtguard.so[0xCBBCB000])[3D CA 8C E2 ]0x000025C4:	ADD	IP, IP, #0X3D000	;(IP=0xCBBCD5C8 )
(       libmtguard.so[0xCBBCB000])[04 F9 BC E5 ]0x000025C8:	LDR	PC, [IP, #0X904]!	;(IP=0xCBC0A5C8 )
(       libmtguard.so[0xCBBCB000])[04 46       ]0x00003E30:	MOV	R4, R0	;(R0=0x30041178 )
(       libmtguard.so[0xCBBCB000])[24 B1       ]0x00003E32:	CBZ	R4, #0XCBBCEE3E	;(R4=0x30041178 )
(       libmtguard.so[0xCBBCB000])[20 46       ]0x00003E34:	MOV	R0, R4	;(R4=0x30041178 )
(       libmtguard.so[0xCBBCB000])[29 46       ]0x00003E36:	MOV	R1, R5	;(R5=0x0000002C )
(       libmtguard.so[0xCBBCB000])[FE F7 CE EB ]0x00003E38:	BLX	#0XCBBCD5D8	;(PC=0xCBBCEE38 )
(       libmtguard.so[0xCBBCB000])[00 C6 8F E2 ]0x000025D8:	ADD	IP, PC, #0, #12	;(PC=0xCBBCD5D8 )
(       libmtguard.so[0xCBBCB000])[3D CA 8C E2 ]0x000025DC:	ADD	IP, IP, #0X3D000	;(IP=0xCBBCD5E0 )
(       libmtguard.so[0xCBBCB000])[F4 F8 BC E5 ]0x000025E0:	LDR	PC, [IP, #0X8F4]!	;(IP=0xCBC0A5E0 )
(       libmtguard.so[0xCBBCB000])[00 E0       ]0x00003E3C:	B	#0XCBBCEE40
(       libmtguard.so[0xCBBCB000])[20 46       ]0x00003E40:	MOV	R0, R4	;(R4=0x30041178 )
(       libmtguard.so[0xCBBCB000])[B0 BD       ]0x00003E42:	POP	{R4, R5, R7, PC}	;(SP=0x100FFF98 )
(       libmtguard.so[0xCBBCB000])[00 28       ]0x000038AE:	CMP	R0, #0	;(R0=0x30041178 )
(       libmtguard.so[0xCBBCB000])[20 60       ]0x000038B0:	STR	R0, [R4]	;(R0=0x30041178 R4=0x30041160 )
(       libmtguard.so[0xCBBCB000])[05 D1       ]0x000038B2:	BNE	#0XCBBCE8C0
(       libmtguard.so[0xCBBCB000])[20 46       ]0x000038C0:	MOV	R0, R4	;(R4=0x30041160 )
(       libmtguard.so[0xCBBCB000])[5D F8 04 BB ]0x000038C2:	LDR	FP, [SP], #4	;(SP=0x100FFFA8 )
(       libmtguard.so[0xCBBCB000])[F0 BD       ]0x000038C6:	POP	{R4, R5, R6, R7, PC}	;(SP=0x100FFFAC )
(       libmtguard.so[0xCBBCB000])[01 36       ]0x0000CE08:	ADDS	R6, #1	;(R6=0x00000004 )
(       libmtguard.so[0xCBBCB000])[60 60       ]0x0000CE0A:	STR	R0, [R4, #4]	;(R0=0x30041160 R4=0xCBC0D0B4 )
(       libmtguard.so[0xCBBCB000])[B6 F5 7C 7F ]0x0000CE0C:	CMP.W	R6, #0X3F0	;(R6=0x00000005 )
(       libmtguard.so[0xCBBCB000])[F3 D1       ]0x0000CE10:	BNE	#0XCBBD7DFA
(       libmtguard.so[0xCBBCB000])[48 46       ]0x0000CDFA:	MOV	R0, SB	;(SB=0xCBBCFE51 )
(       libmtguard.so[0xCBBCB000])[45 F8 36 80 ]0x0000CDFC:	STR.W	R8, [R5, R6, LSL #3]	;(R8=0xFFFFFFFF R5=0xCBC0D094 R6=0x00000005 )
(       libmtguard.so[0xCBBCB000])[05 EB C6 04 ]0x0000CE00:	ADD.W	R4, R5, R6, LSL #3	;(R5=0xCBC0D094 R6=0x00000005 )
(       libmtguard.so[0xCBBCB000])[F6 F7 3A FD ]0x0000CE04:	BL	#0XCBBCE87C	;(PC=0xCBBD7E04 )
(       libmtguard.so[0xCBBCB000])[F0 B5       ]0x0000387C:	PUSH	{R4, R5, R6, R7, LR}	;(SP=0x100FFFC0 R4=0xCBC0D0BC R5=0xCBC0D094 R6=0x00000005 R7=0x100FFFE0 LR=0xCBBD7E09 )
(       libmtguard.so[0xCBBCB000])[03 AF       ]0x0000387E:	ADD	R7, SP, #0XC	;(SP=0x100FFFAC )
(       libmtguard.so[0xCBBCB000])[4D F8 04 BD ]0x00003880:	STR	FP, [SP, #-0X4]!	;(FP=0xCBC0B1C4 SP=0x100FFFAC )
(       libmtguard.so[0xCBBCB000])[05 46       ]0x00003884:	MOV	R5, R0	;(R0=0xCBBCFE51 )
(       libmtguard.so[0xCBBCB000])[01 20       ]0x00003886:	MOVS	R0, #1
(       libmtguard.so[0xCBBCB000])[10 21       ]0x00003888:	MOVS	R1, #0X10
(       libmtguard.so[0xCBBCB000])[00 22       ]0x0000388A:	MOVS	R2, #0
(       libmtguard.so[0xCBBCB000])[00 23       ]0x0000388C:	MOVS	R3, #0
(       libmtguard.so[0xCBBCB000])[00 26       ]0x0000388E:	MOVS	R6, #0
(       libmtguard.so[0xCBBCB000])[00 F0 C6 FA ]0x00003890:	BL	#0XCBBCEE20	;(PC=0xCBBCE890 )
(       libmtguard.so[0xCBBCB000])[B0 B5       ]0x00003E20:	PUSH	{R4, R5, R7, LR}	;(SP=0x100FFFA8 R4=0xCBC0D0BC R5=0xCBBCFE51 R7=0x100FFFB8 LR=0xCBBCE895 )
(       libmtguard.so[0xCBBCB000])[02 AF       ]0x00003E22:	ADD	R7, SP, #8	;(SP=0x100FFF98 )
(       libmtguard.so[0xCBBCB000])[01 FB 00 F5 ]0x00003E24:	MUL	R5, R1, R0	;(R1=0x00000010 R0=0x00000001 )
(       libmtguard.so[0xCBBCB000])[4D B1       ]0x00003E28:	CBZ	R5, #0XCBBCEE3E	;(R5=0x00000010 )
(       libmtguard.so[0xCBBCB000])[28 46       ]0x00003E2A:	MOV	R0, R5	;(R5=0x00000010 )
(       libmtguard.so[0xCBBCB000])[FE F7 C8 EB ]0x00003E2C:	BLX	#0XCBBCD5C0	;(PC=0xCBBCEE2C )
(       libmtguard.so[0xCBBCB000])[00 C6 8F E2 ]0x000025C0:	ADD	IP, PC, #0, #12	;(PC=0xCBBCD5C0 )
(       libmtguard.so[0xCBBCB000])[3D CA 8C E2 ]0x000025C4:	ADD	IP, IP, #0X3D000	;(IP=0xCBBCD5C8 )
(       libmtguard.so[0xCBBCB000])[04 F9 BC E5 ]0x000025C8:	LDR	PC, [IP, #0X904]!	;(IP=0xCBC0A5C8 )
(       libmtguard.so[0xCBBCB000])[04 46       ]0x00003E30:	MOV	R4, R0	;(R0=0x300411A8 )
(       libmtguard.so[0xCBBCB000])[24 B1       ]0x00003E32:	CBZ	R4, #0XCBBCEE3E	;(R4=0x300411A8 )
(       libmtguard.so[0xCBBCB000])[20 46       ]0x00003E34:	MOV	R0, R4	;(R4=0x300411A8 )
(       libmtguard.so[0xCBBCB000])[29 46       ]0x00003E36:	MOV	R1, R5	;(R5=0x00000010 )
(       libmtguard.so[0xCBBCB000])[FE F7 CE EB ]0x00003E38:	BLX	#0XCBBCD5D8	;(PC=0xCBBCEE38 )
(       libmtguard.so[0xCBBCB000])[00 C6 8F E2 ]0x000025D8:	ADD	IP, PC, #0, #12	;(PC=0xCBBCD5D8 )
(       libmtguard.so[0xCBBCB000])[3D CA 8C E2 ]0x000025DC:	ADD	IP, IP, #0X3D000	;(IP=0xCBBCD5E0 )
(       libmtguard.so[0xCBBCB000])[F4 F8 BC E5 ]0x000025E0:	LDR	PC, [IP, #0X8F4]!	;(IP=0xCBC0A5E0 )
(       libmtguard.so[0xCBBCB000])[00 E0       ]0x00003E3C:	B	#0XCBBCEE40
(       libmtguard.so[0xCBBCB000])[20 46       ]0x00003E40:	MOV	R0, R4	;(R4=0x300411A8 )
(       libmtguard.so[0xCBBCB000])[B0 BD       ]0x00003E42:	POP	{R4, R5, R7, PC}	;(SP=0x100FFF98 )
(       libmtguard.so[0xCBBCB000])[04 46       ]0x00003894:	MOV	R4, R0	;(R0=0x300411A8 )
(       libmtguard.so[0xCBBCB000])[94 B1       ]0x00003896:	CBZ	R4, #0XCBBCE8BE	;(R4=0x300411A8 )
(       libmtguard.so[0xCBBCB000])[0B 20       ]0x00003898:	MOVS	R0, #0XB
(       libmtguard.so[0xCBBCB000])[C4 E9 00 66 ]0x0000389A:	STRD	R6, R6, [R4]	;(R6=0x00000000 R4=0x300411A8 )
(       libmtguard.so[0xCBBCB000])[C4 E9 02 05 ]0x0000389E:	STRD	R0, R5, [R4, #8]	;(R0=0x0000000B R5=0xCBBCFE51 R4=0x300411A8 )
(       libmtguard.so[0xCBBCB000])[04 20       ]0x000038A2:	MOVS	R0, #4
(       libmtguard.so[0xCBBCB000])[0B 21       ]0x000038A4:	MOVS	R1, #0XB
(       libmtguard.so[0xCBBCB000])[00 22       ]0x000038A6:	MOVS	R2, #0
(       libmtguard.so[0xCBBCB000])[00 23       ]0x000038A8:	MOVS	R3, #0
(       libmtguard.so[0xCBBCB000])[00 F0 B9 FA ]0x000038AA:	BL	#0XCBBCEE20	;(PC=0xCBBCE8AA )
(       libmtguard.so[0xCBBCB000])[B0 B5       ]0x00003E20:	PUSH	{R4, R5, R7, LR}	;(SP=0x100FFFA8 R4=0x300411A8 R5=0xCBBCFE51 R7=0x100FFFB8 LR=0xCBBCE8AF )
(       libmtguard.so[0xCBBCB000])[02 AF       ]0x00003E22:	ADD	R7, SP, #8	;(SP=0x100FFF98 )
(       libmtguard.so[0xCBBCB000])[01 FB 00 F5 ]0x00003E24:	MUL	R5, R1, R0	;(R1=0x0000000B R0=0x00000004 )
(       libmtguard.so[0xCBBCB000])[4D B1       ]0x00003E28:	CBZ	R5, #0XCBBCEE3E	;(R5=0x0000002C )
(       libmtguard.so[0xCBBCB000])[28 46       ]0x00003E2A:	MOV	R0, R5	;(R5=0x0000002C )
(       libmtguard.so[0xCBBCB000])[FE F7 C8 EB ]0x00003E2C:	BLX	#0XCBBCD5C0	;(PC=0xCBBCEE2C )
(       libmtguard.so[0xCBBCB000])[00 C6 8F E2 ]0x000025C0:	ADD	IP, PC, #0, #12	;(PC=0xCBBCD5C0 )
(       libmtguard.so[0xCBBCB000])[3D CA 8C E2 ]0x000025C4:	ADD	IP, IP, #0X3D000	;(IP=0xCBBCD5C8 )
(       libmtguard.so[0xCBBCB000])[04 F9 BC E5 ]0x000025C8:	LDR	PC, [IP, #0X904]!	;(IP=0xCBC0A5C8 )
(       libmtguard.so[0xCBBCB000])[04 46       ]0x00003E30:	MOV	R4, R0	;(R0=0x300411C0 )
(       libmtguard.so[0xCBBCB000])[24 B1       ]0x00003E32:	CBZ	R4, #0XCBBCEE3E	;(R4=0x300411C0 )
(       libmtguard.so[0xCBBCB000])[20 46       ]0x00003E34:	MOV	R0, R4	;(R4=0x300411C0 )
(       libmtguard.so[0xCBBCB000])[29 46       ]0x00003E36:	MOV	R1, R5	;(R5=0x0000002C )
(       libmtguard.so[0xCBBCB000])[FE F7 CE EB ]0x00003E38:	BLX	#0XCBBCD5D8	;(PC=0xCBBCEE38 )
(       libmtguard.so[0xCBBCB000])[00 C6 8F E2 ]0x000025D8:	ADD	IP, PC, #0, #12	;(PC=0xCBBCD5D8 )
(       libmtguard.so[0xCBBCB000])[3D CA 8C E2 ]0x000025DC:	ADD	IP, IP, #0X3D000	;(IP=0xCBBCD5E0 )
(       libmtguard.so[0xCBBCB000])[F4 F8 BC E5 ]0x000025E0:	LDR	PC, [IP, #0X8F4]!	;(IP=0xCBC0A5E0 )
(       libmtguard.so[0xCBBCB000])[00 E0       ]0x00003E3C:	B	#0XCBBCEE40
(       libmtguard.so[0xCBBCB000])[20 46       ]0x00003E40:	MOV	R0, R4	;(R4=0x300411C0 )
(       libmtguard.so[0xCBBCB000])[B0 BD       ]0x00003E42:	POP	{R4, R5, R7, PC}	;(SP=0x100FFF98 )
(       libmtguard.so[0xCBBCB000])[00 28       ]0x000038AE:	CMP	R0, #0	;(R0=0x300411C0 )
(       libmtguard.so[0xCBBCB000])[20 60       ]0x000038B0:	STR	R0, [R4]	;(R0=0x300411C0 R4=0x300411A8 )
(       libmtguard.so[0xCBBCB000])[05 D1       ]0x000038B2:	BNE	#0XCBBCE8C0
(       libmtguard.so[0xCBBCB000])[20 46       ]0x000038C0:	MOV	R0, R4	;(R4=0x300411A8 )
(       libmtguard.so[0xCBBCB000])[5D F8 04 BB ]0x000038C2:	LDR	FP, [SP], #4	;(SP=0x100FFFA8 )
(       libmtguard.so[0xCBBCB000])[F0 BD       ]0x000038C6:	POP	{R4, R5, R6, R7, PC}	;(SP=0x100FFFAC )
(       libmtguard.so[0xCBBCB000])[01 36       ]0x0000CE08:	ADDS	R6, #1	;(R6=0x00000005 )
(       libmtguard.so[0xCBBCB000])[60 60       ]0x0000CE0A:	STR	R0, [R4, #4]	;(R0=0x300411A8 R4=0xCBC0D0BC )
(       libmtguard.so[0xCBBCB000])[B6 F5 7C 7F ]0x0000CE0C:	CMP.W	R6, #0X3F0	;(R6=0x00000006 )
(       libmtguard.so[0xCBBCB000])[F3 D1       ]0x0000CE10:	BNE	#0XCBBD7DFA
(       libmtguard.so[0xCBBCB000])[48 46       ]0x0000CDFA:	MOV	R0, SB	;(SB=0xCBBCFE51 )
(       libmtguard.so[0xCBBCB000])[45 F8 36 80 ]0x0000CDFC:	STR.W	R8, [R5, R6, LSL #3]	;(R8=0xFFFFFFFF R5=0xCBC0D094 R6=0x00000006 )
(       libmtguard.so[0xCBBCB000])[05 EB C6 04 ]0x0000CE00:	ADD.W	R4, R5, R6, LSL #3	;(R5=0xCBC0D094 R6=0x00000006 )
(       libmtguard.so[0xCBBCB000])[F6 F7 3A FD ]0x0000CE04:	BL	#0XCBBCE87C	;(PC=0xCBBD7E04 )
(       libmtguard.so[0xCBBCB000])[F0 B5       ]0x0000387C:	PUSH	{R4, R5, R6, R7, LR}	;(SP=0x100FFFC0 R4=0xCBC0D0C4 R5=0xCBC0D094 R6=0x00000006 R7=0x100FFFE0 LR=0xCBBD7E09 )
(       libmtguard.so[0xCBBCB000])[03 AF       ]0x0000387E:	ADD	R7, SP, #0XC	;(SP=0x100FFFAC )
(       libmtguard.so[0xCBBCB000])[4D F8 04 BD ]0x00003880:	STR	FP, [SP, #-0X4]!	;(FP=0xCBC0B1C4 SP=0x100FFFAC )
(       libmtguard.so[0xCBBCB000])[05 46       ]0x00003884:	MOV	R5, R0	;(R0=0xCBBCFE51 )
(       libmtguard.so[0xCBBCB000])[01 20       ]0x00003886:	MOVS	R0, #1
(       libmtguard.so[0xCBBCB000])[10 21       ]0x00003888:	MOVS	R1, #0X10
(       libmtguard.so[0xCBBCB000])[00 22       ]0x0000388A:	MOVS	R2, #0
(       libmtguard.so[0xCBBCB000])[00 23       ]0x0000388C:	MOVS	R3, #0
(       libmtguard.so[0xCBBCB000])[00 26       ]0x0000388E:	MOVS	R6, #0
(       libmtguard.so[0xCBBCB000])[00 F0 C6 FA ]0x00003890:	BL	#0XCBBCEE20	;(PC=0xCBBCE890 )
(       libmtguard.so[0xCBBCB000])[B0 B5       ]0x00003E20:	PUSH	{R4, R5, R7, LR}	;(SP=0x100FFFA8 R4=0xCBC0D0C4 R5=0xCBBCFE51 R7=0x100FFFB8 LR=0xCBBCE895 )
(       libmtguard.so[0xCBBCB000])[02 AF       ]0x00003E22:	ADD	R7, SP, #8	;(SP=0x100FFF98 )
(       libmtguard.so[0xCBBCB000])[01 FB 00 F5 ]0x00003E24:	MUL	R5, R1, R0	;(R1=0x00000010 R0=0x00000001 )
(       libmtguard.so[0xCBBCB000])[4D B1       ]0x00003E28:	CBZ	R5, #0XCBBCEE3E	;(R5=0x00000010 )
(       libmtguard.so[0xCBBCB000])[28 46       ]0x00003E2A:	MOV	R0, R5	;(R5=0x00000010 )
(       libmtguard.so[0xCBBCB000])[FE F7 C8 EB ]0x00003E2C:	BLX	#0XCBBCD5C0	;(PC=0xCBBCEE2C )
(       libmtguard.so[0xCBBCB000])[00 C6 8F E2 ]0x000025C0:	ADD	IP, PC, #0, #12	;(PC=0xCBBCD5C0 )
(       libmtguard.so[0xCBBCB000])[3D CA 8C E2 ]0x000025C4:	ADD	IP, IP, #0X3D000	;(IP=0xCBBCD5C8 )
(       libmtguard.so[0xCBBCB000])[04 F9 BC E5 ]0x000025C8:	LDR	PC, [IP, #0X904]!	;(IP=0xCBC0A5C8 )
(       libmtguard.so[0xCBBCB000])[04 46       ]0x00003E30:	MOV	R4, R0	;(R0=0x300411F0 )
(       libmtguard.so[0xCBBCB000])[24 B1       ]0x00003E32:	CBZ	R4, #0XCBBCEE3E	;(R4=0x300411F0 )
(       libmtguard.so[0xCBBCB000])[20 46       ]0x00003E34:	MOV	R0, R4	;(R4=0x300411F0 )
(       libmtguard.so[0xCBBCB000])[29 46       ]0x00003E36:	MOV	R1, R5	;(R5=0x00000010 )
(       libmtguard.so[0xCBBCB000])[FE F7 CE EB ]0x00003E38:	BLX	#0XCBBCD5D8	;(PC=0xCBBCEE38 )
(       libmtguard.so[0xCBBCB000])[00 C6 8F E2 ]0x000025D8:	ADD	IP, PC, #0, #12	;(PC=0xCBBCD5D8 )
(       libmtguard.so[0xCBBCB000])[3D CA 8C E2 ]0x000025DC:	ADD	IP, IP, #0X3D000	;(IP=0xCBBCD5E0 )
(       libmtguard.so[0xCBBCB000])[F4 F8 BC E5 ]0x000025E0:	LDR	PC, [IP, #0X8F4]!	;(IP=0xCBC0A5E0 )
(       libmtguard.so[0xCBBCB000])[00 E0       ]0x00003E3C:	B	#0XCBBCEE40
(       libmtguard.so[0xCBBCB000])[20 46       ]0x00003E40:	MOV	R0, R4	;(R4=0x300411F0 )
(       libmtguard.so[0xCBBCB000])[B0 BD       ]0x00003E42:	POP	{R4, R5, R7, PC}	;(SP=0x100FFF98 )
(       libmtguard.so[0xCBBCB000])[04 46       ]0x00003894:	MOV	R4, R0	;(R0=0x300411F0 )
(       libmtguard.so[0xCBBCB000])[94 B1       ]0x00003896:	CBZ	R4, #0XCBBCE8BE	;(R4=0x300411F0 )
(       libmtguard.so[0xCBBCB000])[0B 20       ]0x00003898:	MOVS	R0, #0XB
(       libmtguard.so[0xCBBCB000])[C4 E9 00 66 ]0x0000389A:	STRD	R6, R6, [R4]	;(R6=0x00000000 R4=0x300411F0 )
(       libmtguard.so[0xCBBCB000])[C4 E9 02 05 ]0x0000389E:	STRD	R0, R5, [R4, #8]	;(R0=0x0000000B R5=0xCBBCFE51 R4=0x300411F0 )
(       libmtguard.so[0xCBBCB000])[04 20       ]0x000038A2:	MOVS	R0, #4
(       libmtguard.so[0xCBBCB000])[0B 21       ]0x000038A4:	MOVS	R1, #0XB
(       libmtguard.so[0xCBBCB000])[00 22       ]0x000038A6:	MOVS	R2, #0
(       libmtguard.so[0xCBBCB000])[00 23       ]0x000038A8:	MOVS	R3, #0
(       libmtguard.so[0xCBBCB000])[00 F0 B9 FA ]0x000038AA:	BL	#0XCBBCEE20	;(PC=0xCBBCE8AA )
(       libmtguard.so[0xCBBCB000])[B0 B5       ]0x00003E20:	PUSH	{R4, R5, R7, LR}	;(SP=0x100FFFA8 R4=0x300411F0 R5=0xCBBCFE51 R7=0x100FFFB8 LR=0xCBBCE8AF )
(       libmtguard.so[0xCBBCB000])[02 AF       ]0x00003E22:	ADD	R7, SP, #8	;(SP=0x100FFF98 )
(       libmtguard.so[0xCBBCB000])[01 FB 00 F5 ]0x00003E24:	MUL	R5, R1, R0	;(R1=0x0000000B R0=0x00000004 )
(       libmtguard.so[0xCBBCB000])[4D B1       ]0x00003E28:	CBZ	R5, #0XCBBCEE3E	;(R5=0x0000002C )
(       libmtguard.so[0xCBBCB000])[28 46       ]0x00003E2A:	MOV	R0, R5	;(R5=0x0000002C )
(       libmtguard.so[0xCBBCB000])[FE F7 C8 EB ]0x00003E2C:	BLX	#0XCBBCD5C0	;(PC=0xCBBCEE2C )
(       libmtguard.so[0xCBBCB000])[00 C6 8F E2 ]0x000025C0:	ADD	IP, PC, #0, #12	;(PC=0xCBBCD5C0 )
(       libmtguard.so[0xCBBCB000])[3D CA 8C E2 ]0x000025C4:	ADD	IP, IP, #0X3D000	;(IP=0xCBBCD5C8 )
(       libmtguard.so[0xCBBCB000])[04 F9 BC E5 ]0x000025C8:	LDR	PC, [IP, #0X904]!	;(IP=0xCBC0A5C8 )
(       libmtguard.so[0xCBBCB000])[04 46       ]0x00003E30:	MOV	R4, R0	;(R0=0x30041208 )
(       libmtguard.so[0xCBBCB000])[24 B1       ]0x00003E32:	CBZ	R4, #0XCBBCEE3E	;(R4=0x30041208 )
(       libmtguard.so[0xCBBCB000])[20 46       ]0x00003E34:	MOV	R0, R4	;(R4=0x30041208 )
(       libmtguard.so[0xCBBCB000])[29 46       ]0x00003E36:	MOV	R1, R5	;(R5=0x0000002C )
(       libmtguard.so[0xCBBCB000])[FE F7 CE EB ]0x00003E38:	BLX	#0XCBBCD5D8	;(PC=0xCBBCEE38 )
(       libmtguard.so[0xCBBCB000])[00 C6 8F E2 ]0x000025D8:	ADD	IP, PC, #0, #12	;(PC=0xCBBCD5D8 )
(       libmtguard.so[0xCBBCB000])[3D CA 8C E2 ]0x000025DC:	ADD	IP, IP, #0X3D000	;(IP=0xCBBCD5E0 )
(       libmtguard.so[0xCBBCB000])[F4 F8 BC E5 ]0x000025E0:	LDR	PC, [IP, #0X8F4]!	;(IP=0xCBC0A5E0 )
(       libmtguard.so[0xCBBCB000])[00 E0       ]0x00003E3C:	B	#0XCBBCEE40
(       libmtguard.so[0xCBBCB000])[20 46       ]0x00003E40:	MOV	R0, R4	;(R4=0x30041208 )
(       libmtguard.so[0xCBBCB000])[B0 BD       ]0x00003E42:	POP	{R4, R5, R7, PC}	;(SP=0x100FFF98 )
(       libmtguard.so[0xCBBCB000])[00 28       ]0x000038AE:	CMP	R0, #0	;(R0=0x30041208 )
(       libmtguard.so[0xCBBCB000])[20 60       ]0x000038B0:	STR	R0, [R4]	;(R0=0x30041208 R4=0x300411F0 )
(       libmtguard.so[0xCBBCB000])[05 D1       ]0x000038B2:	BNE	#0XCBBCE8C0
(       libmtguard.so[0xCBBCB000])[20 46       ]0x000038C0:	MOV	R0, R4	;(R4=0x300411F0 )
(       libmtguard.so[0xCBBCB000])[5D F8 04 BB ]0x000038C2:	LDR	FP, [SP], #4	;(SP=0x100FFFA8 )
(       libmtguard.so[0xCBBCB000])[F0 BD       ]0x000038C6:	POP	{R4, R5, R6, R7, PC}	;(SP=0x100FFFAC )
(       libmtguard.so[0xCBBCB000])[01 36       ]0x0000CE08:	ADDS	R6, #1	;(R6=0x00000006 )
(       libmtguard.so[0xCBBCB000])[60 60       ]0x0000CE0A:	STR	R0, [R4, #4]	;(R0=0x300411F0 R4=0xCBC0D0C4 )
(       libmtguard.so[0xCBBCB000])[B6 F5 7C 7F ]0x0000CE0C:	CMP.W	R6, #0X3F0	;(R6=0x00000007 )
(       libmtguard.so[0xCBBCB000])[F3 D1       ]0x0000CE10:	BNE	#0XCBBD7DFA
(       libmtguard.so[0xCBBCB000])[48 46       ]0x0000CDFA:	MOV	R0, SB	;(SB=0xCBBCFE51 )
(       libmtguard.so[0xCBBCB000])[45 F8 36 80 ]0x0000CDFC:	STR.W	R8, [R5, R6, LSL #3]	;(R8=0xFFFFFFFF R5=0xCBC0D094 R6=0x00000007 )
(       libmtguard.so[0xCBBCB000])[05 EB C6 04 ]0x0000CE00:	ADD.W	R4, R5, R6, LSL #3	;(R5=0xCBC0D094 R6=0x00000007 )
(       libmtguard.so[0xCBBCB000])[F6 F7 3A FD ]0x0000CE04:	BL	#0XCBBCE87C	;(PC=0xCBBD7E04 )
(       libmtguard.so[0xCBBCB000])[F0 B5       ]0x0000387C:	PUSH	{R4, R5, R6, R7, LR}	;(SP=0x100FFFC0 R4=0xCBC0D0CC R5=0xCBC0D094 R6=0x00000007 R7=0x100FFFE0 LR=0xCBBD7E09 )
(       libmtguard.so[0xCBBCB000])[03 AF       ]0x0000387E:	ADD	R7, SP, #0XC	;(SP=0x100FFFAC )
(       libmtguard.so[0xCBBCB000])[4D F8 04 BD ]0x00003880:	STR	FP, [SP, #-0X4]!	;(FP=0xCBC0B1C4 SP=0x100FFFAC )
(       libmtguard.so[0xCBBCB000])[05 46       ]0x00003884:	MOV	R5, R0	;(R0=0xCBBCFE51 )
(       libmtguard.so[0xCBBCB000])[01 20       ]0x00003886:	MOVS	R0, #1
(       libmtguard.so[0xCBBCB000])[10 21       ]0x00003888:	MOVS	R1, #0X10
(       libmtguard.so[0xCBBCB000])[00 22       ]0x0000388A:	MOVS	R2, #0
(       libmtguard.so[0xCBBCB000])[00 23       ]0x0000388C:	MOVS	R3, #0
(       libmtguard.so[0xCBBCB000])[00 26       ]0x0000388E:	MOVS	R6, #0
(       libmtguard.so[0xCBBCB000])[00 F0 C6 FA ]0x00003890:	BL	#0XCBBCEE20	;(PC=0xCBBCE890 )
(       libmtguard.so[0xCBBCB000])[B0 B5       ]0x00003E20:	PUSH	{R4, R5, R7, LR}	;(SP=0x100FFFA8 R4=0xCBC0D0CC R5=0xCBBCFE51 R7=0x100FFFB8 LR=0xCBBCE895 )
(       libmtguard.so[0xCBBCB000])[02 AF       ]0x00003E22:	ADD	R7, SP, #8	;(SP=0x100FFF98 )
(       libmtguard.so[0xCBBCB000])[01 FB 00 F5 ]0x00003E24:	MUL	R5, R1, R0	;(R1=0x00000010 R0=0x00000001 )
(       libmtguard.so[0xCBBCB000])[4D B1       ]0x00003E28:	CBZ	R5, #0XCBBCEE3E	;(R5=0x00000010 )
(       libmtguard.so[0xCBBCB000])[28 46       ]0x00003E2A:	MOV	R0, R5	;(R5=0x00000010 )
(       libmtguard.so[0xCBBCB000])[FE F7 C8 EB ]0x00003E2C:	BLX	#0XCBBCD5C0	;(PC=0xCBBCEE2C )
(       libmtguard.so[0xCBBCB000])[00 C6 8F E2 ]0x000025C0:	ADD	IP, PC, #0, #12	;(PC=0xCBBCD5C0 )
(       libmtguard.so[0xCBBCB000])[3D CA 8C E2 ]0x000025C4:	ADD	IP, IP, #0X3D000	;(IP=0xCBBCD5C8 )
(       libmtguard.so[0xCBBCB000])[04 F9 BC E5 ]0x000025C8:	LDR	PC, [IP, #0X904]!	;(IP=0xCBC0A5C8 )
(       libmtguard.so[0xCBBCB000])[04 46       ]0x00003E30:	MOV	R4, R0	;(R0=0x30041238 )
(       libmtguard.so[0xCBBCB000])[24 B1       ]0x00003E32:	CBZ	R4, #0XCBBCEE3E	;(R4=0x30041238 )
(       libmtguard.so[0xCBBCB000])[20 46       ]0x00003E34:	MOV	R0, R4	;(R4=0x30041238 )
(       libmtguard.so[0xCBBCB000])[29 46       ]0x00003E36:	MOV	R1, R5	;(R5=0x00000010 )
(       libmtguard.so[0xCBBCB000])[FE F7 CE EB ]0x00003E38:	BLX	#0XCBBCD5D8	;(PC=0xCBBCEE38 )
(       libmtguard.so[0xCBBCB000])[00 C6 8F E2 ]0x000025D8:	ADD	IP, PC, #0, #12	;(PC=0xCBBCD5D8 )
(       libmtguard.so[0xCBBCB000])[3D CA 8C E2 ]0x000025DC:	ADD	IP, IP, #0X3D000	;(IP=0xCBBCD5E0 )
(       libmtguard.so[0xCBBCB000])[F4 F8 BC E5 ]0x000025E0:	LDR	PC, [IP, #0X8F4]!	;(IP=0xCBC0A5E0 )
(       libmtguard.so[0xCBBCB000])[00 E0       ]0x00003E3C:	B	#0XCBBCEE40
(       libmtguard.so[0xCBBCB000])[20 46       ]0x00003E40:	MOV	R0, R4	;(R4=0x30041238 )
(       libmtguard.so[0xCBBCB000])[B0 BD       ]0x00003E42:	POP	{R4, R5, R7, PC}	;(SP=0x100FFF98 )
(       libmtguard.so[0xCBBCB000])[04 46       ]0x00003894:	MOV	R4, R0	;(R0=0x30041238 )
(       libmtguard.so[0xCBBCB000])[94 B1       ]0x00003896:	CBZ	R4, #0XCBBCE8BE	;(R4=0x30041238 )
(       libmtguard.so[0xCBBCB000])[0B 20       ]0x00003898:	MOVS	R0, #0XB
(       libmtguard.so[0xCBBCB000])[C4 E9 00 66 ]0x0000389A:	STRD	R6, R6, [R4]	;(R6=0x00000000 R4=0x30041238 )
(       libmtguard.so[0xCBBCB000])[C4 E9 02 05 ]0x0000389E:	STRD	R0, R5, [R4, #8]	;(R0=0x0000000B R5=0xCBBCFE51 R4=0x30041238 )
(       libmtguard.so[0xCBBCB000])[04 20       ]0x000038A2:	MOVS	R0, #4
(       libmtguard.so[0xCBBCB000])[0B 21       ]0x000038A4:	MOVS	R1, #0XB
(       libmtguard.so[0xCBBCB000])[00 22       ]0x000038A6:	MOVS	R2, #0
(       libmtguard.so[0xCBBCB000])[00 23       ]0x000038A8:	MOVS	R3, #0
(       libmtguard.so[0xCBBCB000])[00 F0 B9 FA ]0x000038AA:	BL	#0XCBBCEE20	;(PC=0xCBBCE8AA )
(       libmtguard.so[0xCBBCB000])[B0 B5       ]0x00003E20:	PUSH	{R4, R5, R7, LR}	;(SP=0x100FFFA8 R4=0x30041238 R5=0xCBBCFE51 R7=0x100FFFB8 LR=0xCBBCE8AF )
(       libmtguard.so[0xCBBCB000])[02 AF       ]0x00003E22:	ADD	R7, SP, #8	;(SP=0x100FFF98 )
(       libmtguard.so[0xCBBCB000])[01 FB 00 F5 ]0x00003E24:	MUL	R5, R1, R0	;(R1=0x0000000B R0=0x00000004 )
(       libmtguard.so[0xCBBCB000])[4D B1       ]0x00003E28:	CBZ	R5, #0XCBBCEE3E	;(R5=0x0000002C )
(       libmtguard.so[0xCBBCB000])[28 46       ]0x00003E2A:	MOV	R0, R5	;(R5=0x0000002C )
(       libmtguard.so[0xCBBCB000])[FE F7 C8 EB ]0x00003E2C:	BLX	#0XCBBCD5C0	;(PC=0xCBBCEE2C )
(       libmtguard.so[0xCBBCB000])[00 C6 8F E2 ]0x000025C0:	ADD	IP, PC, #0, #12	;(PC=0xCBBCD5C0 )
(       libmtguard.so[0xCBBCB000])[3D CA 8C E2 ]0x000025C4:	ADD	IP, IP, #0X3D000	;(IP=0xCBBCD5C8 )
(       libmtguard.so[0xCBBCB000])[04 F9 BC E5 ]0x000025C8:	LDR	PC, [IP, #0X904]!	;(IP=0xCBC0A5C8 )
(       libmtguard.so[0xCBBCB000])[04 46       ]0x00003E30:	MOV	R4, R0	;(R0=0x30041250 )
(       libmtguard.so[0xCBBCB000])[24 B1       ]0x00003E32:	CBZ	R4, #0XCBBCEE3E	;(R4=0x30041250 )
(       libmtguard.so[0xCBBCB000])[20 46       ]0x00003E34:	MOV	R0, R4	;(R4=0x30041250 )
(       libmtguard.so[0xCBBCB000])[29 46       ]0x00003E36:	MOV	R1, R5	;(R5=0x0000002C )
(       libmtguard.so[0xCBBCB000])[FE F7 CE EB ]0x00003E38:	BLX	#0XCBBCD5D8	;(PC=0xCBBCEE38 )
(       libmtguard.so[0xCBBCB000])[00 C6 8F E2 ]0x000025D8:	ADD	IP, PC, #0, #12	;(PC=0xCBBCD5D8 )
(       libmtguard.so[0xCBBCB000])[3D CA 8C E2 ]0x000025DC:	ADD	IP, IP, #0X3D000	;(IP=0xCBBCD5E0 )
(       libmtguard.so[0xCBBCB000])[F4 F8 BC E5 ]0x000025E0:	LDR	PC, [IP, #0X8F4]!	;(IP=0xCBC0A5E0 )
(       libmtguard.so[0xCBBCB000])[00 E0       ]0x00003E3C:	B	#0XCBBCEE40
(       libmtguard.so[0xCBBCB000])[20 46       ]0x00003E40:	MOV	R0, R4	;(R4=0x30041250 )
(       libmtguard.so[0xCBBCB000])[B0 BD       ]0x00003E42:	POP	{R4, R5, R7, PC}	;(SP=0x100FFF98 )
(       libmtguard.so[0xCBBCB000])[00 28       ]0x000038AE:	CMP	R0, #0	;(R0=0x30041250 )
(       libmtguard.so[0xCBBCB000])[20 60       ]0x000038B0:	STR	R0, [R4]	;(R0=0x30041250 R4=0x30041238 )
(       libmtguard.so[0xCBBCB000])[05 D1       ]0x000038B2:	BNE	#0XCBBCE8C0
(       libmtguard.so[0xCBBCB000])[20 46       ]0x000038C0:	MOV	R0, R4	;(R4=0x30041238 )
(       libmtguard.so[0xCBBCB000])[5D F8 04 BB ]0x000038C2:	LDR	FP, [SP], #4	;(SP=0x100FFFA8 )
(       libmtguard.so[0xCBBCB000])[F0 BD       ]0x000038C6:	POP	{R4, R5, R6, R7, PC}	;(SP=0x100FFFAC )
(       libmtguard.so[0xCBBCB000])[01 36       ]0x0000CE08:	ADDS	R6, #1	;(R6=0x00000007 )
(       libmtguard.so[0xCBBCB000])[60 60       ]0x0000CE0A:	STR	R0, [R4, #4]	;(R0=0x30041238 R4=0xCBC0D0CC )
(       libmtguard.so[0xCBBCB000])[B6 F5 7C 7F ]0x0000CE0C:	CMP.W	R6, #0X3F0	;(R6=0x00000008 )
(       libmtguard.so[0xCBBCB000])[F3 D1       ]0x0000CE10:	BNE	#0XCBBD7DFA
(       libmtguard.so[0xCBBCB000])[48 46       ]0x0000CDFA:	MOV	R0, SB	;(SB=0xCBBCFE51 )
(       libmtguard.so[0xCBBCB000])[45 F8 36 80 ]0x0000CDFC:	STR.W	R8, [R5, R6, LSL #3]	;(R8=0xFFFFFFFF R5=0xCBC0D094 R6=0x00000008 )
(       libmtguard.so[0xCBBCB000])[05 EB C6 04 ]0x0000CE00:	ADD.W	R4, R5, R6, LSL #3	;(R5=0xCBC0D094 R6=0x00000008 )
(       libmtguard.so[0xCBBCB000])[F6 F7 3A FD ]0x0000CE04:	BL	#0XCBBCE87C	;(PC=0xCBBD7E04 )
(       libmtguard.so[0xCBBCB000])[F0 B5       ]0x0000387C:	PUSH	{R4, R5, R6, R7, LR}	;(SP=0x100FFFC0 R4=0xCBC0D0D4 R5=0xCBC0D094 R6=0x00000008 R7=0x100FFFE0 LR=0xCBBD7E09 )
(       libmtguard.so[0xCBBCB000])[03 AF       ]0x0000387E:	ADD	R7, SP, #0XC	;(SP=0x100FFFAC )
(       libmtguard.so[0xCBBCB000])[4D F8 04 BD ]0x00003880:	STR	FP, [SP, #-0X4]!	;(FP=0xCBC0B1C4 SP=0x100FFFAC )
(       libmtguard.so[0xCBBCB000])[05 46       ]0x00003884:	MOV	R5, R0	;(R0=0xCBBCFE51 )
(       libmtguard.so[0xCBBCB000])[01 20       ]0x00003886:	MOVS	R0, #1
(       libmtguard.so[0xCBBCB000])[10 21       ]0x00003888:	MOVS	R1, #0X10
(       libmtguard.so[0xCBBCB000])[00 22       ]0x0000388A:	MOVS	R2, #0
(       libmtguard.so[0xCBBCB000])[00 23       ]0x0000388C:	MOVS	R3, #0
(       libmtguard.so[0xCBBCB000])[00 26       ]0x0000388E:	MOVS	R6, #0
(       libmtguard.so[0xCBBCB000])[00 F0 C6 FA ]0x00003890:	BL	#0XCBBCEE20	;(PC=0xCBBCE890 )
(       libmtguard.so[0xCBBCB000])[B0 B5       ]0x00003E20:	PUSH	{R4, R5, R7, LR}	;(SP=0x100FFFA8 R4=0xCBC0D0D4 R5=0xCBBCFE51 R7=0x100FFFB8 LR=0xCBBCE895 )
(       libmtguard.so[0xCBBCB000])[02 AF       ]0x00003E22:	ADD	R7, SP, #8	;(SP=0x100FFF98 )
(       libmtguard.so[0xCBBCB000])[01 FB 00 F5 ]0x00003E24:	MUL	R5, R1, R0	;(R1=0x00000010 R0=0x00000001 )
(       libmtguard.so[0xCBBCB000])[4D B1       ]0x00003E28:	CBZ	R5, #0XCBBCEE3E	;(R5=0x00000010 )
(       libmtguard.so[0xCBBCB000])[28 46       ]0x00003E2A:	MOV	R0, R5	;(R5=0x00000010 )
(       libmtguard.so[0xCBBCB000])[FE F7 C8 EB ]0x00003E2C:	BLX	#0XCBBCD5C0	;(PC=0xCBBCEE2C )
(       libmtguard.so[0xCBBCB000])[00 C6 8F E2 ]0x000025C0:	ADD	IP, PC, #0, #12	;(PC=0xCBBCD5C0 )
(       libmtguard.so[0xCBBCB000])[3D CA 8C E2 ]0x000025C4:	ADD	IP, IP, #0X3D000	;(IP=0xCBBCD5C8 )
(       libmtguard.so[0xCBBCB000])[04 F9 BC E5 ]0x000025C8:	LDR	PC, [IP, #0X904]!	;(IP=0xCBC0A5C8 )
(       libmtguard.so[0xCBBCB000])[04 46       ]0x00003E30:	MOV	R4, R0	;(R0=0x30041280 )
(       libmtguard.so[0xCBBCB000])[24 B1       ]0x00003E32:	CBZ	R4, #0XCBBCEE3E	;(R4=0x30041280 )
(       libmtguard.so[0xCBBCB000])[20 46       ]0x00003E34:	MOV	R0, R4	;(R4=0x30041280 )
(       libmtguard.so[0xCBBCB000])[29 46       ]0x00003E36:	MOV	R1, R5	;(R5=0x00000010 )
(       libmtguard.so[0xCBBCB000])[FE F7 CE EB ]0x00003E38:	BLX	#0XCBBCD5D8	;(PC=0xCBBCEE38 )
(       libmtguard.so[0xCBBCB000])[00 C6 8F E2 ]0x000025D8:	ADD	IP, PC, #0, #12	;(PC=0xCBBCD5D8 )
(       libmtguard.so[0xCBBCB000])[3D CA 8C E2 ]0x000025DC:	ADD	IP, IP, #0X3D000	;(IP=0xCBBCD5E0 )
(       libmtguard.so[0xCBBCB000])[F4 F8 BC E5 ]0x000025E0:	LDR	PC, [IP, #0X8F4]!	;(IP=0xCBC0A5E0 )
(       libmtguard.so[0xCBBCB000])[00 E0       ]0x00003E3C:	B	#0XCBBCEE40
(       libmtguard.so[0xCBBCB000])[20 46       ]0x00003E40:	MOV	R0, R4	;(R4=0x30041280 )
(       libmtguard.so[0xCBBCB000])[B0 BD       ]0x00003E42:	POP	{R4, R5, R7, PC}	;(SP=0x100FFF98 )
(       libmtguard.so[0xCBBCB000])[04 46       ]0x00003894:	MOV	R4, R0	;(R0=0x30041280 )
(       libmtguard.so[0xCBBCB000])[94 B1       ]0x00003896:	CBZ	R4, #0XCBBCE8BE	;(R4=0x30041280 )
(       libmtguard.so[0xCBBCB000])[0B 20       ]0x00003898:	MOVS	R0, #0XB
(       libmtguard.so[0xCBBCB000])[C4 E9 00 66 ]0x0000389A:	STRD	R6, R6, [R4]	;(R6=0x00000000 R4=0x30041280 )
(       libmtguard.so[0xCBBCB000])[C4 E9 02 05 ]0x0000389E:	STRD	R0, R5, [R4, #8]	;(R0=0x0000000B R5=0xCBBCFE51 R4=0x30041280 )
(       libmtguard.so[0xCBBCB000])[04 20       ]0x000038A2:	MOVS	R0, #4
(       libmtguard.so[0xCBBCB000])[0B 21       ]0x000038A4:	MOVS	R1, #0XB
(       libmtguard.so[0xCBBCB000])[00 22       ]0x000038A6:	MOVS	R2, #0
(       libmtguard.so[0xCBBCB000])[00 23       ]0x000038A8:	MOVS	R3, #0
(       libmtguard.so[0xCBBCB000])[00 F0 B9 FA ]0x000038AA:	BL	#0XCBBCEE20	;(PC=0xCBBCE8AA )
(       libmtguard.so[0xCBBCB000])[B0 B5       ]0x00003E20:	PUSH	{R4, R5, R7, LR}	;(SP=0x100FFFA8 R4=0x30041280 R5=0xCBBCFE51 R7=0x100FFFB8 LR=0xCBBCE8AF )
(       libmtguard.so[0xCBBCB000])[02 AF       ]0x00003E22:	ADD	R7, SP, #8	;(SP=0x100FFF98 )
(       libmtguard.so[0xCBBCB000])[01 FB 00 F5 ]0x00003E24:	MUL	R5, R1, R0	;(R1=0x0000000B R0=0x00000004 )
(       libmtguard.so[0xCBBCB000])[4D B1       ]0x00003E28:	CBZ	R5, #0XCBBCEE3E	;(R5=0x0000002C )
(       libmtguard.so[0xCBBCB000])[28 46       ]0x00003E2A:	MOV	R0, R5	;(R5=0x0000002C )
(       libmtguard.so[0xCBBCB000])[FE F7 C8 EB ]0x00003E2C:	BLX	#0XCBBCD5C0	;(PC=0xCBBCEE2C )
(       libmtguard.so[0xCBBCB000])[00 C6 8F E2 ]0x000025C0:	ADD	IP, PC, #0, #12	;(PC=0xCBBCD5C0 )
(       libmtguard.so[0xCBBCB000])[3D CA 8C E2 ]0x000025C4:	ADD	IP, IP, #0X3D000	;(IP=0xCBBCD5C8 )
(       libmtguard.so[0xCBBCB000])[04 F9 BC E5 ]0x000025C8:	LDR	PC, [IP, #0X904]!	;(IP=0xCBC0A5C8 )
(       libmtguard.so[0xCBBCB000])[04 46       ]0x00003E30:	MOV	R4, R0	;(R0=0x30041298 )
(       libmtguard.so[0xCBBCB000])[24 B1       ]0x00003E32:	CBZ	R4, #0XCBBCEE3E	;(R4=0x30041298 )
(       libmtguard.so[0xCBBCB000])[20 46       ]0x00003E34:	MOV	R0, R4	;(R4=0x30041298 )
(       libmtguard.so[0xCBBCB000])[29 46       ]0x00003E36:	MOV	R1, R5	;(R5=0x0000002C )
(       libmtguard.so[0xCBBCB000])[FE F7 CE EB ]0x00003E38:	BLX	#0XCBBCD5D8	;(PC=0xCBBCEE38 )
(       libmtguard.so[0xCBBCB000])[00 C6 8F E2 ]0x000025D8:	ADD	IP, PC, #0, #12	;(PC=0xCBBCD5D8 )
(       libmtguard.so[0xCBBCB000])[3D CA 8C E2 ]0x000025DC:	ADD	IP, IP, #0X3D000	;(IP=0xCBBCD5E0 )
(       libmtguard.so[0xCBBCB000])[F4 F8 BC E5 ]0x000025E0:	LDR	PC, [IP, #0X8F4]!	;(IP=0xCBC0A5E0 )
(       libmtguard.so[0xCBBCB000])[00 E0       ]0x00003E3C:	B	#0XCBBCEE40
(       libmtguard.so[0xCBBCB000])[20 46       ]0x00003E40:	MOV	R0, R4	;(R4=0x30041298 )
(       libmtguard.so[0xCBBCB000])[B0 BD       ]0x00003E42:	POP	{R4, R5, R7, PC}	;(SP=0x100FFF98 )
(       libmtguard.so[0xCBBCB000])[00 28       ]0x000038AE:	CMP	R0, #0	;(R0=0x30041298 )
(       libmtguard.so[0xCBBCB000])[20 60       ]0x000038B0:	STR	R0, [R4]	;(R0=0x30041298 R4=0x30041280 )
(       libmtguard.so[0xCBBCB000])[05 D1       ]0x000038B2:	BNE	#0XCBBCE8C0
(       libmtguard.so[0xCBBCB000])[20 46       ]0x000038C0:	MOV	R0, R4	;(R4=0x30041280 )
(       libmtguard.so[0xCBBCB000])[5D F8 04 BB ]0x000038C2:	LDR	FP, [SP], #4	;(SP=0x100FFFA8 )
(       libmtguard.so[0xCBBCB000])[F0 BD       ]0x000038C6:	POP	{R4, R5, R6, R7, PC}	;(SP=0x100FFFAC )
(       libmtguard.so[0xCBBCB000])[01 36       ]0x0000CE08:	ADDS	R6, #1	;(R6=0x00000008 )
(       libmtguard.so[0xCBBCB000])[60 60       ]0x0000CE0A:	STR	R0, [R4, #4]	;(R0=0x30041280 R4=0xCBC0D0D4 )
(       libmtguard.so[0xCBBCB000])[B6 F5 7C 7F ]0x0000CE0C:	CMP.W	R6, #0X3F0	;(R6=0x00000009 )
(       libmtguard.so[0xCBBCB000])[F3 D1       ]0x0000CE10:	BNE	#0XCBBD7DFA
(       libmtguard.so[0xCBBCB000])[48 46       ]0x0000CDFA:	MOV	R0, SB	;(SB=0xCBBCFE51 )
(       libmtguard.so[0xCBBCB000])[45 F8 36 80 ]0x0000CDFC:	STR.W	R8, [R5, R6, LSL #3]	;(R8=0xFFFFFFFF R5=0xCBC0D094 R6=0x00000009 )
(       libmtguard.so[0xCBBCB000])[05 EB C6 04 ]0x0000CE00:	ADD.W	R4, R5, R6, LSL #3	;(R5=0xCBC0D094 R6=0x00000009 )
(       libmtguard.so[0xCBBCB000])[F6 F7 3A FD ]0x0000CE04:	BL	#0XCBBCE87C	;(PC=0xCBBD7E04 )
(       libmtguard.so[0xCBBCB000])[F0 B5       ]0x0000387C:	PUSH	{R4, R5, R6, R7, LR}	;(SP=0x100FFFC0 R4=0xCBC0D0DC R5=0xCBC0D094 R6=0x00000009 R7=0x100FFFE0 LR=0xCBBD7E09 )
(       libmtguard.so[0xCBBCB000])[03 AF       ]0x0000387E:	ADD	R7, SP, #0XC	;(SP=0x100FFFAC )
(       libmtguard.so[0xCBBCB000])[4D F8 04 BD ]0x00003880:	STR	FP, [SP, #-0X4]!	;(FP=0xCBC0B1C4 SP=0x100FFFAC )
(       libmtguard.so[0xCBBCB000])[05 46       ]0x00003884:	MOV	R5, R0	;(R0=0xCBBCFE51 )
(       libmtguard.so[0xCBBCB000])[01 20       ]0x00003886:	MOVS	R0, #1
(       libmtguard.so[0xCBBCB000])[10 21       ]0x00003888:	MOVS	R1, #0X10
(       libmtguard.so[0xCBBCB000])[00 22       ]0x0000388A:	MOVS	R2, #0
(       libmtguard.so[0xCBBCB000])[00 23       ]0x0000388C:	MOVS	R3, #0
(       libmtguard.so[0xCBBCB000])[00 26       ]0x0000388E:	MOVS	R6, #0
(       libmtguard.so[0xCBBCB000])[00 F0 C6 FA ]0x00003890:	BL	#0XCBBCEE20	;(PC=0xCBBCE890 )
(       libmtguard.so[0xCBBCB000])[B0 B5       ]0x00003E20:	PUSH	{R4, R5, R7, LR}	;(SP=0x100FFFA8 R4=0xCBC0D0DC R5=0xCBBCFE51 R7=0x100FFFB8 LR=0xCBBCE895 )
(       libmtguard.so[0xCBBCB000])[02 AF       ]0x00003E22:	ADD	R7, SP, #8	;(SP=0x100FFF98 )
(       libmtguard.so[0xCBBCB000])[01 FB 00 F5 ]0x00003E24:	MUL	R5, R1, R0	;(R1=0x00000010 R0=0x00000001 )
(       libmtguard.so[0xCBBCB000])[4D B1       ]0x00003E28:	CBZ	R5, #0XCBBCEE3E	;(R5=0x00000010 )
(       libmtguard.so[0xCBBCB000])[28 46       ]0x00003E2A:	MOV	R0, R5	;(R5=0x00000010 )
(       libmtguard.so[0xCBBCB000])[FE F7 C8 EB ]0x00003E2C:	BLX	#0XCBBCD5C0	;(PC=0xCBBCEE2C )
(       libmtguard.so[0xCBBCB000])[00 C6 8F E2 ]0x000025C0:	ADD	IP, PC, #0, #12	;(PC=0xCBBCD5C0 )
(       libmtguard.so[0xCBBCB000])[3D CA 8C E2 ]0x000025C4:	ADD	IP, IP, #0X3D000	;(IP=0xCBBCD5C8 )
(       libmtguard.so[0xCBBCB000])[04 F9 BC E5 ]0x000025C8:	LDR	PC, [IP, #0X904]!	;(IP=0xCBC0A5C8 )
(       libmtguard.so[0xCBBCB000])[04 46       ]0x00003E30:	MOV	R4, R0	;(R0=0x300412C8 )
(       libmtguard.so[0xCBBCB000])[24 B1       ]0x00003E32:	CBZ	R4, #0XCBBCEE3E	;(R4=0x300412C8 )
(       libmtguard.so[0xCBBCB000])[20 46       ]0x00003E34:	MOV	R0, R4	;(R4=0x300412C8 )
(       libmtguard.so[0xCBBCB000])[29 46       ]0x00003E36:	MOV	R1, R5	;(R5=0x00000010 )
(       libmtguard.so[0xCBBCB000])[FE F7 CE EB ]0x00003E38:	BLX	#0XCBBCD5D8	;(PC=0xCBBCEE38 )
(       libmtguard.so[0xCBBCB000])[00 C6 8F E2 ]0x000025D8:	ADD	IP, PC, #0, #12	;(PC=0xCBBCD5D8 )
(       libmtguard.so[0xCBBCB000])[3D CA 8C E2 ]0x000025DC:	ADD	IP, IP, #0X3D000	;(IP=0xCBBCD5E0 )
(       libmtguard.so[0xCBBCB000])[F4 F8 BC E5 ]0x000025E0:	LDR	PC, [IP, #0X8F4]!	;(IP=0xCBC0A5E0 )
(       libmtguard.so[0xCBBCB000])[00 E0       ]0x00003E3C:	B	#0XCBBCEE40
(       libmtguard.so[0xCBBCB000])[20 46       ]0x00003E40:	MOV	R0, R4	;(R4=0x300412C8 )
(       libmtguard.so[0xCBBCB000])[B0 BD       ]0x00003E42:	POP	{R4, R5, R7, PC}	;(SP=0x100FFF98 )
(       libmtguard.so[0xCBBCB000])[04 46       ]0x00003894:	MOV	R4, R0	;(R0=0x300412C8 )
(       libmtguard.so[0xCBBCB000])[94 B1       ]0x00003896:	CBZ	R4, #0XCBBCE8BE	;(R4=0x300412C8 )
(       libmtguard.so[0xCBBCB000])[0B 20       ]0x00003898:	MOVS	R0, #0XB
(       libmtguard.so[0xCBBCB000])[C4 E9 00 66 ]0x0000389A:	STRD	R6, R6, [R4]	;(R6=0x00000000 R4=0x300412C8 )
(       libmtguard.so[0xCBBCB000])[C4 E9 02 05 ]0x0000389E:	STRD	R0, R5, [R4, #8]	;(R0=0x0000000B R5=0xCBBCFE51 R4=0x300412C8 )
(       libmtguard.so[0xCBBCB000])[04 20       ]0x000038A2:	MOVS	R0, #4
(       libmtguard.so[0xCBBCB000])[0B 21       ]0x000038A4:	MOVS	R1, #0XB
(       libmtguard.so[0xCBBCB000])[00 22       ]0x000038A6:	MOVS	R2, #0
(       libmtguard.so[0xCBBCB000])[00 23       ]0x000038A8:	MOVS	R3, #0
(       libmtguard.so[0xCBBCB000])[00 F0 B9 FA ]0x000038AA:	BL	#0XCBBCEE20	;(PC=0xCBBCE8AA )
(       libmtguard.so[0xCBBCB000])[B0 B5       ]0x00003E20:	PUSH	{R4, R5, R7, LR}	;(SP=0x100FFFA8 R4=0x300412C8 R5=0xCBBCFE51 R7=0x100FFFB8 LR=0xCBBCE8AF )
(       libmtguard.so[0xCBBCB000])[02 AF       ]0x00003E22:	ADD	R7, SP, #8	;(SP=0x100FFF98 )
(       libmtguard.so[0xCBBCB000])[01 FB 00 F5 ]0x00003E24:	MUL	R5, R1, R0	;(R1=0x0000000B R0=0x00000004 )
(       libmtguard.so[0xCBBCB000])[4D B1       ]0x00003E28:	CBZ	R5, #0XCBBCEE3E	;(R5=0x0000002C )
(       libmtguard.so[0xCBBCB000])[28 46       ]0x00003E2A:	MOV	R0, R5	;(R5=0x0000002C )
(       libmtguard.so[0xCBBCB000])[FE F7 C8 EB ]0x00003E2C:	BLX	#0XCBBCD5C0	;(PC=0xCBBCEE2C )
(       libmtguard.so[0xCBBCB000])[00 C6 8F E2 ]0x000025C0:	ADD	IP, PC, #0, #12	;(PC=0xCBBCD5C0 )
(       libmtguard.so[0xCBBCB000])[3D CA 8C E2 ]0x000025C4:	ADD	IP, IP, #0X3D000	;(IP=0xCBBCD5C8 )
(       libmtguard.so[0xCBBCB000])[04 F9 BC E5 ]0x000025C8:	LDR	PC, [IP, #0X904]!	;(IP=0xCBC0A5C8 )
(       libmtguard.so[0xCBBCB000])[04 46       ]0x00003E30:	MOV	R4, R0	;(R0=0x300412E0 )
(       libmtguard.so[0xCBBCB000])[24 B1       ]0x00003E32:	CBZ	R4, #0XCBBCEE3E	;(R4=0x300412E0 )
(       libmtguard.so[0xCBBCB000])[20 46       ]0x00003E34:	MOV	R0, R4	;(R4=0x300412E0 )
(       libmtguard.so[0xCBBCB000])[29 46       ]0x00003E36:	MOV	R1, R5	;(R5=0x0000002C )
(       libmtguard.so[0xCBBCB000])[FE F7 CE EB ]0x00003E38:	BLX	#0XCBBCD5D8	;(PC=0xCBBCEE38 )
(       libmtguard.so[0xCBBCB000])[00 C6 8F E2 ]0x000025D8:	ADD	IP, PC, #0, #12	;(PC=0xCBBCD5D8 )
(       libmtguard.so[0xCBBCB000])[3D CA 8C E2 ]0x000025DC:	ADD	IP, IP, #0X3D000	;(IP=0xCBBCD5E0 )
(       libmtguard.so[0xCBBCB000])[F4 F8 BC E5 ]0x000025E0:	LDR	PC, [IP, #0X8F4]!	;(IP=0xCBC0A5E0 )
(       libmtguard.so[0xCBBCB000])[00 E0       ]0x00003E3C:	B	#0XCBBCEE40
(       libmtguard.so[0xCBBCB000])[20 46       ]0x00003E40:	MOV	R0, R4	;(R4=0x300412E0 )
(       libmtguard.so[0xCBBCB000])[B0 BD       ]0x00003E42:	POP	{R4, R5, R7, PC}	;(SP=0x100FFF98 )
(       libmtguard.so[0xCBBCB000])[00 28       ]0x000038AE:	CMP	R0, #0	;(R0=0x300412E0 )
(       libmtguard.so[0xCBBCB000])[20 60       ]0x000038B0:	STR	R0, [R4]	;(R0=0x300412E0 R4=0x300412C8 )
(       libmtguard.so[0xCBBCB000])[05 D1       ]0x000038B2:	BNE	#0XCBBCE8C0
(       libmtguard.so[0xCBBCB000])[20 46       ]0x000038C0:	MOV	R0, R4	;(R4=0x300412C8 )
(       libmtguard.so[0xCBBCB000])[5D F8 04 BB ]0x000038C2:	LDR	FP, [SP], #4	;(SP=0x100FFFA8 )
(       libmtguard.so[0xCBBCB000])[F0 BD       ]0x000038C6:	POP	{R4, R5, R6, R7, PC}	;(SP=0x100FFFAC )
(       libmtguard.so[0xCBBCB000])[01 36       ]0x0000CE08:	ADDS	R6, #1	;(R6=0x00000009 )
(       libmtguard.so[0xCBBCB000])[60 60       ]0x0000CE0A:	STR	R0, [R4, #4]	;(R0=0x300412C8 R4=0xCBC0D0DC )
(       libmtguard.so[0xCBBCB000])[B6 F5 7C 7F ]0x0000CE0C:	CMP.W	R6, #0X3F0	;(R6=0x0000000A )
(       libmtguard.so[0xCBBCB000])[F3 D1       ]0x0000CE10:	BNE	#0XCBBD7DFA
(       libmtguard.so[0xCBBCB000])[48 46       ]0x0000CDFA:	MOV	R0, SB	;(SB=0xCBBCFE51 )
(       libmtguard.so[0xCBBCB000])[45 F8 36 80 ]0x0000CDFC:	STR.W	R8, [R5, R6, LSL #3]	;(R8=0xFFFFFFFF R5=0xCBC0D094 R6=0x0000000A )
(       libmtguard.so[0xCBBCB000])[05 EB C6 04 ]0x0000CE00:	ADD.W	R4, R5, R6, LSL #3	;(R5=0xCBC0D094 R6=0x0000000A )
(       libmtguard.so[0xCBBCB000])[F6 F7 3A FD ]0x0000CE04:	BL	#0XCBBCE87C	;(PC=0xCBBD7E04 )
(       libmtguard.so[0xCBBCB000])[F0 B5       ]0x0000387C:	PUSH	{R4, R5, R6, R7, LR}	;(SP=0x100FFFC0 R4=0xCBC0D0E4 R5=0xCBC0D094 R6=0x0000000A R7=0x100FFFE0 LR=0xCBBD7E09 )
(       libmtguard.so[0xCBBCB000])[03 AF       ]0x0000387E:	ADD	R7, SP, #0XC	;(SP=0x100FFFAC )
(       libmtguard.so[0xCBBCB000])[4D F8 04 BD ]0x00003880:	STR	FP, [SP, #-0X4]!	;(FP=0xCBC0B1C4 SP=0x100FFFAC )
(       libmtguard.so[0xCBBCB000])[05 46       ]0x00003884:	MOV	R5, R0	;(R0=0xCBBCFE51 )
(       libmtguard.so[0xCBBCB000])[01 20       ]0x00003886:	MOVS	R0, #1
(       libmtguard.so[0xCBBCB000])[10 21       ]0x00003888:	MOVS	R1, #0X10
(       libmtguard.so[0xCBBCB000])[00 22       ]0x0000388A:	MOVS	R2, #0
(       libmtguard.so[0xCBBCB000])[00 23       ]0x0000388C:	MOVS	R3, #0
(       libmtguard.so[0xCBBCB000])[00 26       ]0x0000388E:	MOVS	R6, #0
(       libmtguard.so[0xCBBCB000])[00 F0 C6 FA ]0x00003890:	BL	#0XCBBCEE20	;(PC=0xCBBCE890 )
(       libmtguard.so[0xCBBCB000])[B0 B5       ]0x00003E20:	PUSH	{R4, R5, R7, LR}	;(SP=0x100FFFA8 R4=0xCBC0D0E4 R5=0xCBBCFE51 R7=0x100FFFB8 LR=0xCBBCE895 )
(       libmtguard.so[0xCBBCB000])[02 AF       ]0x00003E22:	ADD	R7, SP, #8	;(SP=0x100FFF98 )
(       libmtguard.so[0xCBBCB000])[01 FB 00 F5 ]0x00003E24:	MUL	R5, R1, R0	;(R1=0x00000010 R0=0x00000001 )
(       libmtguard.so[0xCBBCB000])[4D B1       ]0x00003E28:	CBZ	R5, #0XCBBCEE3E	;(R5=0x00000010 )
(       libmtguard.so[0xCBBCB000])[28 46       ]0x00003E2A:	MOV	R0, R5	;(R5=0x00000010 )
(       libmtguard.so[0xCBBCB000])[FE F7 C8 EB ]0x00003E2C:	BLX	#0XCBBCD5C0	;(PC=0xCBBCEE2C )
(       libmtguard.so[0xCBBCB000])[00 C6 8F E2 ]0x000025C0:	ADD	IP, PC, #0, #12	;(PC=0xCBBCD5C0 )
(       libmtguard.so[0xCBBCB000])[3D CA 8C E2 ]0x000025C4:	ADD	IP, IP, #0X3D000	;(IP=0xCBBCD5C8 )
(       libmtguard.so[0xCBBCB000])[04 F9 BC E5 ]0x000025C8:	LDR	PC, [IP, #0X904]!	;(IP=0xCBC0A5C8 )
(       libmtguard.so[0xCBBCB000])[04 46       ]0x00003E30:	MOV	R4, R0	;(R0=0x30041310 )
(       libmtguard.so[0xCBBCB000])[24 B1       ]0x00003E32:	CBZ	R4, #0XCBBCEE3E	;(R4=0x30041310 )
(       libmtguard.so[0xCBBCB000])[20 46       ]0x00003E34:	MOV	R0, R4	;(R4=0x30041310 )
(       libmtguard.so[0xCBBCB000])[29 46       ]0x00003E36:	MOV	R1, R5	;(R5=0x00000010 )
(       libmtguard.so[0xCBBCB000])[FE F7 CE EB ]0x00003E38:	BLX	#0XCBBCD5D8	;(PC=0xCBBCEE38 )
(       libmtguard.so[0xCBBCB000])[00 C6 8F E2 ]0x000025D8:	ADD	IP, PC, #0, #12	;(PC=0xCBBCD5D8 )
(       libmtguard.so[0xCBBCB000])[3D CA 8C E2 ]0x000025DC:	ADD	IP, IP, #0X3D000	;(IP=0xCBBCD5E0 )
(       libmtguard.so[0xCBBCB000])[F4 F8 BC E5 ]0x000025E0:	LDR	PC, [IP, #0X8F4]!	;(IP=0xCBC0A5E0 )
(       libmtguard.so[0xCBBCB000])[00 E0       ]0x00003E3C:	B	#0XCBBCEE40
(       libmtguard.so[0xCBBCB000])[20 46       ]0x00003E40:	MOV	R0, R4	;(R4=0x30041310 )
(       libmtguard.so[0xCBBCB000])[B0 BD       ]0x00003E42:	POP	{R4, R5, R7, PC}	;(SP=0x100FFF98 )
(       libmtguard.so[0xCBBCB000])[04 46       ]0x00003894:	MOV	R4, R0	;(R0=0x30041310 )
(       libmtguard.so[0xCBBCB000])[94 B1       ]0x00003896:	CBZ	R4, #0XCBBCE8BE	;(R4=0x30041310 )
(       libmtguard.so[0xCBBCB000])[0B 20       ]0x00003898:	MOVS	R0, #0XB
(       libmtguard.so[0xCBBCB000])[C4 E9 00 66 ]0x0000389A:	STRD	R6, R6, [R4]	;(R6=0x00000000 R4=0x30041310 )
(       libmtguard.so[0xCBBCB000])[C4 E9 02 05 ]0x0000389E:	STRD	R0, R5, [R4, #8]	;(R0=0x0000000B R5=0xCBBCFE51 R4=0x30041310 )
(       libmtguard.so[0xCBBCB000])[04 20       ]0x000038A2:	MOVS	R0, #4
(       libmtguard.so[0xCBBCB000])[0B 21       ]0x000038A4:	MOVS	R1, #0XB
(       libmtguard.so[0xCBBCB000])[00 22       ]0x000038A6:	MOVS	R2, #0
(       libmtguard.so[0xCBBCB000])[00 23       ]0x000038A8:	MOVS	R3, #0
(       libmtguard.so[0xCBBCB000])[00 F0 B9 FA ]0x000038AA:	BL	#0XCBBCEE20	;(PC=0xCBBCE8AA )
(       libmtguard.so[0xCBBCB000])[B0 B5       ]0x00003E20:	PUSH	{R4, R5, R7, LR}	;(SP=0x100FFFA8 R4=0x30041310 R5=0xCBBCFE51 R7=0x100FFFB8 LR=0xCBBCE8AF )
(       libmtguard.so[0xCBBCB000])[02 AF       ]0x00003E22:	ADD	R7, SP, #8	;(SP=0x100FFF98 )
(       libmtguard.so[0xCBBCB000])[01 FB 00 F5 ]0x00003E24:	MUL	R5, R1, R0	;(R1=0x0000000B R0=0x00000004 )
(       libmtguard.so[0xCBBCB000])[4D B1       ]0x00003E28:	CBZ	R5, #0XCBBCEE3E	;(R5=0x0000002C )
(       libmtguard.so[0xCBBCB000])[28 46       ]0x00003E2A:	MOV	R0, R5	;(R5=0x0000002C )
(       libmtguard.so[0xCBBCB000])[FE F7 C8 EB ]0x00003E2C:	BLX	#0XCBBCD5C0	;(PC=0xCBBCEE2C )
(       libmtguard.so[0xCBBCB000])[00 C6 8F E2 ]0x000025C0:	ADD	IP, PC, #0, #12	;(PC=0xCBBCD5C0 )
(       libmtguard.so[0xCBBCB000])[3D CA 8C E2 ]0x000025C4:	ADD	IP, IP, #0X3D000	;(IP=0xCBBCD5C8 )
(       libmtguard.so[0xCBBCB000])[04 F9 BC E5 ]0x000025C8:	LDR	PC, [IP, #0X904]!	;(IP=0xCBC0A5C8 )
(       libmtguard.so[0xCBBCB000])[04 46       ]0x00003E30:	MOV	R4, R0	;(R0=0x30041328 )
(       libmtguard.so[0xCBBCB000])[24 B1       ]0x00003E32:	CBZ	R4, #0XCBBCEE3E	;(R4=0x30041328 )
(       libmtguard.so[0xCBBCB000])[20 46       ]0x00003E34:	MOV	R0, R4	;(R4=0x30041328 )
(       libmtguard.so[0xCBBCB000])[29 46       ]0x00003E36:	MOV	R1, R5	;(R5=0x0000002C )
(       libmtguard.so[0xCBBCB000])[FE F7 CE EB ]0x00003E38:	BLX	#0XCBBCD5D8	;(PC=0xCBBCEE38 )
(       libmtguard.so[0xCBBCB000])[00 C6 8F E2 ]0x000025D8:	ADD	IP, PC, #0, #12	;(PC=0xCBBCD5D8 )
(       libmtguard.so[0xCBBCB000])[3D CA 8C E2 ]0x000025DC:	ADD	IP, IP, #0X3D000	;(IP=0xCBBCD5E0 )
(       libmtguard.so[0xCBBCB000])[F4 F8 BC E5 ]0x000025E0:	LDR	PC, [IP, #0X8F4]!	;(IP=0xCBC0A5E0 )
(       libmtguard.so[0xCBBCB000])[00 E0       ]0x00003E3C:	B	#0XCBBCEE40
(       libmtguard.so[0xCBBCB000])[20 46       ]0x00003E40:	MOV	R0, R4	;(R4=0x30041328 )
(       libmtguard.so[0xCBBCB000])[B0 BD       ]0x00003E42:	POP	{R4, R5, R7, PC}	;(SP=0x100FFF98 )
(       libmtguard.so[0xCBBCB000])[00 28       ]0x000038AE:	CMP	R0, #0	;(R0=0x30041328 )
(       libmtguard.so[0xCBBCB000])[20 60       ]0x000038B0:	STR	R0, [R4]	;(R0=0x30041328 R4=0x30041310 )
(       libmtguard.so[0xCBBCB000])[05 D1       ]0x000038B2:	BNE	#0XCBBCE8C0
(       libmtguard.so[0xCBBCB000])[20 46       ]0x000038C0:	MOV	R0, R4	;(R4=0x30041310 )
(       libmtguard.so[0xCBBCB000])[5D F8 04 BB ]0x000038C2:	LDR	FP, [SP], #4	;(SP=0x100FFFA8 )
(       libmtguard.so[0xCBBCB000])[F0 BD       ]0x000038C6:	POP	{R4, R5, R6, R7, PC}	;(SP=0x100FFFAC )
(       libmtguard.so[0xCBBCB000])[01 36       ]0x0000CE08:	ADDS	R6, #1	;(R6=0x0000000A )
(       libmtguard.so[0xCBBCB000])[60 60       ]0x0000CE0A:	STR	R0, [R4, #4]	;(R0=0x30041310 R4=0xCBC0D0E4 )
(       libmtguard.so[0xCBBCB000])[B6 F5 7C 7F ]0x0000CE0C:	CMP.W	R6, #0X3F0	;(R6=0x0000000B )
(       libmtguard.so[0xCBBCB000])[F3 D1       ]0x0000CE10:	BNE	#0XCBBD7DFA
(       libmtguard.so[0xCBBCB000])[48 46       ]0x0000CDFA:	MOV	R0, SB	;(SB=0xCBBCFE51 )
(       libmtguard.so[0xCBBCB000])[45 F8 36 80 ]0x0000CDFC:	STR.W	R8, [R5, R6, LSL #3]	;(R8=0xFFFFFFFF R5=0xCBC0D094 R6=0x0000000B )
(       libmtguard.so[0xCBBCB000])[05 EB C6 04 ]0x0000CE00:	ADD.W	R4, R5, R6, LSL #3	;(R5=0xCBC0D094 R6=0x0000000B )
(       libmtguard.so[0xCBBCB000])[F6 F7 3A FD ]0x0000CE04:	BL	#0XCBBCE87C	;(PC=0xCBBD7E04 )
(       libmtguard.so[0xCBBCB000])[F0 B5       ]0x0000387C:	PUSH	{R4, R5, R6, R7, LR}	;(SP=0x100FFFC0 R4=0xCBC0D0EC R5=0xCBC0D094 R6=0x0000000B R7=0x100FFFE0 LR=0xCBBD7E09 )
(       libmtguard.so[0xCBBCB000])[03 AF       ]0x0000387E:	ADD	R7, SP, #0XC	;(SP=0x100FFFAC )
(       libmtguard.so[0xCBBCB000])[4D F8 04 BD ]0x00003880:	STR	FP, [SP, #-0X4]!	;(FP=0xCBC0B1C4 SP=0x100FFFAC )
(       libmtguard.so[0xCBBCB000])[05 46       ]0x00003884:	MOV	R5, R0	;(R0=0xCBBCFE51 )
(       libmtguard.so[0xCBBCB000])[01 20       ]0x00003886:	MOVS	R0, #1
(       libmtguard.so[0xCBBCB000])[10 21       ]0x00003888:	MOVS	R1, #0X10
(       libmtguard.so[0xCBBCB000])[00 22       ]0x0000388A:	MOVS	R2, #0
(       libmtguard.so[0xCBBCB000])[00 23       ]0x0000388C:	MOVS	R3, #0
(       libmtguard.so[0xCBBCB000])[00 26       ]0x0000388E:	MOVS	R6, #0
(       libmtguard.so[0xCBBCB000])[00 F0 C6 FA ]0x00003890:	BL	#0XCBBCEE20	;(PC=0xCBBCE890 )
(       libmtguard.so[0xCBBCB000])[B0 B5       ]0x00003E20:	PUSH	{R4, R5, R7, LR}	;(SP=0x100FFFA8 R4=0xCBC0D0EC R5=0xCBBCFE51 R7=0x100FFFB8 LR=0xCBBCE895 )
(       libmtguard.so[0xCBBCB000])[02 AF       ]0x00003E22:	ADD	R7, SP, #8	;(SP=0x100FFF98 )
(       libmtguard.so[0xCBBCB000])[01 FB 00 F5 ]0x00003E24:	MUL	R5, R1, R0	;(R1=0x00000010 R0=0x00000001 )
(       libmtguard.so[0xCBBCB000])[4D B1       ]0x00003E28:	CBZ	R5, #0XCBBCEE3E	;(R5=0x00000010 )
(       libmtguard.so[0xCBBCB000])[28 46       ]0x00003E2A:	MOV	R0, R5	;(R5=0x00000010 )
(       libmtguard.so[0xCBBCB000])[FE F7 C8 EB ]0x00003E2C:	BLX	#0XCBBCD5C0	;(PC=0xCBBCEE2C )
(       libmtguard.so[0xCBBCB000])[00 C6 8F E2 ]0x000025C0:	ADD	IP, PC, #0, #12	;(PC=0xCBBCD5C0 )
(       libmtguard.so[0xCBBCB000])[3D CA 8C E2 ]0x000025C4:	ADD	IP, IP, #0X3D000	;(IP=0xCBBCD5C8 )
(       libmtguard.so[0xCBBCB000])[04 F9 BC E5 ]0x000025C8:	LDR	PC, [IP, #0X904]!	;(IP=0xCBC0A5C8 )
(       libmtguard.so[0xCBBCB000])[04 46       ]0x00003E30:	MOV	R4, R0	;(R0=0x30041358 )
(       libmtguard.so[0xCBBCB000])[24 B1       ]0x00003E32:	CBZ	R4, #0XCBBCEE3E	;(R4=0x30041358 )
(       libmtguard.so[0xCBBCB000])[20 46       ]0x00003E34:	MOV	R0, R4	;(R4=0x30041358 )
(       libmtguard.so[0xCBBCB000])[29 46       ]0x00003E36:	MOV	R1, R5	;(R5=0x00000010 )
(       libmtguard.so[0xCBBCB000])[FE F7 CE EB ]0x00003E38:	BLX	#0XCBBCD5D8	;(PC=0xCBBCEE38 )
(       libmtguard.so[0xCBBCB000])[00 C6 8F E2 ]0x000025D8:	ADD	IP, PC, #0, #12	;(PC=0xCBBCD5D8 )
(       libmtguard.so[0xCBBCB000])[3D CA 8C E2 ]0x000025DC:	ADD	IP, IP, #0X3D000	;(IP=0xCBBCD5E0 )
(       libmtguard.so[0xCBBCB000])[F4 F8 BC E5 ]0x000025E0:	LDR	PC, [IP, #0X8F4]!	;(IP=0xCBC0A5E0 )
(       libmtguard.so[0xCBBCB000])[00 E0       ]0x00003E3C:	B	#0XCBBCEE40
(       libmtguard.so[0xCBBCB000])[20 46       ]0x00003E40:	MOV	R0, R4	;(R4=0x30041358 )
(       libmtguard.so[0xCBBCB000])[B0 BD       ]0x00003E42:	POP	{R4, R5, R7, PC}	;(SP=0x100FFF98 )
(       libmtguard.so[0xCBBCB000])[04 46       ]0x00003894:	MOV	R4, R0	;(R0=0x30041358 )
(       libmtguard.so[0xCBBCB000])[94 B1       ]0x00003896:	CBZ	R4, #0XCBBCE8BE	;(R4=0x30041358 )
(       libmtguard.so[0xCBBCB000])[0B 20       ]0x00003898:	MOVS	R0, #0XB
(       libmtguard.so[0xCBBCB000])[C4 E9 00 66 ]0x0000389A:	STRD	R6, R6, [R4]	;(R6=0x00000000 R4=0x30041358 )
(       libmtguard.so[0xCBBCB000])[C4 E9 02 05 ]0x0000389E:	STRD	R0, R5, [R4, #8]	;(R0=0x0000000B R5=0xCBBCFE51 R4=0x30041358 )
(       libmtguard.so[0xCBBCB000])[04 20       ]0x000038A2:	MOVS	R0, #4
(       libmtguard.so[0xCBBCB000])[0B 21       ]0x000038A4:	MOVS	R1, #0XB
(       libmtguard.so[0xCBBCB000])[00 22       ]0x000038A6:	MOVS	R2, #0
(       libmtguard.so[0xCBBCB000])[00 23       ]0x000038A8:	MOVS	R3, #0
(       libmtguard.so[0xCBBCB000])[00 F0 B9 FA ]0x000038AA:	BL	#0XCBBCEE20	;(PC=0xCBBCE8AA )
(       libmtguard.so[0xCBBCB000])[B0 B5       ]0x00003E20:	PUSH	{R4, R5, R7, LR}	;(SP=0x100FFFA8 R4=0x30041358 R5=0xCBBCFE51 R7=0x100FFFB8 LR=0xCBBCE8AF )
(       libmtguard.so[0xCBBCB000])[02 AF       ]0x00003E22:	ADD	R7, SP, #8	;(SP=0x100FFF98 )
(       libmtguard.so[0xCBBCB000])[01 FB 00 F5 ]0x00003E24:	MUL	R5, R1, R0	;(R1=0x0000000B R0=0x00000004 )
(       libmtguard.so[0xCBBCB000])[4D B1       ]0x00003E28:	CBZ	R5, #0XCBBCEE3E	;(R5=0x0000002C )
(       libmtguard.so[0xCBBCB000])[28 46       ]0x00003E2A:	MOV	R0, R5	;(R5=0x0000002C )
(       libmtguard.so[0xCBBCB000])[FE F7 C8 EB ]0x00003E2C:	BLX	#0XCBBCD5C0	;(PC=0xCBBCEE2C )
(       libmtguard.so[0xCBBCB000])[00 C6 8F E2 ]0x000025C0:	ADD	IP, PC, #0, #12	;(PC=0xCBBCD5C0 )
(       libmtguard.so[0xCBBCB000])[3D CA 8C E2 ]0x000025C4:	ADD	IP, IP, #0X3D000	;(IP=0xCBBCD5C8 )
(       libmtguard.so[0xCBBCB000])[04 F9 BC E5 ]0x000025C8:	LDR	PC, [IP, #0X904]!	;(IP=0xCBC0A5C8 )
(       libmtguard.so[0xCBBCB000])[04 46       ]0x00003E30:	MOV	R4, R0	;(R0=0x30041370 )
(       libmtguard.so[0xCBBCB000])[24 B1       ]0x00003E32:	CBZ	R4, #0XCBBCEE3E	;(R4=0x30041370 )
(       libmtguard.so[0xCBBCB000])[20 46       ]0x00003E34:	MOV	R0, R4	;(R4=0x30041370 )
(       libmtguard.so[0xCBBCB000])[29 46       ]0x00003E36:	MOV	R1, R5	;(R5=0x0000002C )
(       libmtguard.so[0xCBBCB000])[FE F7 CE EB ]0x00003E38:	BLX	#0XCBBCD5D8	;(PC=0xCBBCEE38 )
(       libmtguard.so[0xCBBCB000])[00 C6 8F E2 ]0x000025D8:	ADD	IP, PC, #0, #12	;(PC=0xCBBCD5D8 )
(       libmtguard.so[0xCBBCB000])[3D CA 8C E2 ]0x000025DC:	ADD	IP, IP, #0X3D000	;(IP=0xCBBCD5E0 )
(       libmtguard.so[0xCBBCB000])[F4 F8 BC E5 ]0x000025E0:	LDR	PC, [IP, #0X8F4]!	;(IP=0xCBC0A5E0 )
(       libmtguard.so[0xCBBCB000])[00 E0       ]0x00003E3C:	B	#0XCBBCEE40
(       libmtguard.so[0xCBBCB000])[20 46       ]0x00003E40:	MOV	R0, R4	;(R4=0x30041370 )
(       libmtguard.so[0xCBBCB000])[B0 BD       ]0x00003E42:	POP	{R4, R5, R7, PC}	;(SP=0x100FFF98 )
(       libmtguard.so[0xCBBCB000])[00 28       ]0x000038AE:	CMP	R0, #0	;(R0=0x30041370 )
(       libmtguard.so[0xCBBCB000])[20 60       ]0x000038B0:	STR	R0, [R4]	;(R0=0x30041370 R4=0x30041358 )
(       libmtguard.so[0xCBBCB000])[05 D1       ]0x000038B2:	BNE	#0XCBBCE8C0
(       libmtguard.so[0xCBBCB000])[20 46       ]0x000038C0:	MOV	R0, R4	;(R4=0x30041358 )
(       libmtguard.so[0xCBBCB000])[5D F8 04 BB ]0x000038C2:	LDR	FP, [SP], #4	;(SP=0x100FFFA8 )
(       libmtguard.so[0xCBBCB000])[F0 BD       ]0x000038C6:	POP	{R4, R5, R6, R7, PC}	;(SP=0x100FFFAC )
(       libmtguard.so[0xCBBCB000])[01 36       ]0x0000CE08:	ADDS	R6, #1	;(R6=0x0000000B )
(       libmtguard.so[0xCBBCB000])[60 60       ]0x0000CE0A:	STR	R0, [R4, #4]	;(R0=0x30041358 R4=0xCBC0D0EC )
(       libmtguard.so[0xCBBCB000])[B6 F5 7C 7F ]0x0000CE0C:	CMP.W	R6, #0X3F0	;(R6=0x0000000C )
(       libmtguard.so[0xCBBCB000])[F3 D1       ]0x0000CE10:	BNE	#0XCBBD7DFA
(       libmtguard.so[0xCBBCB000])[48 46       ]0x0000CDFA:	MOV	R0, SB	;(SB=0xCBBCFE51 )
(       libmtguard.so[0xCBBCB000])[45 F8 36 80 ]0x0000CDFC:	STR.W	R8, [R5, R6, LSL #3]	;(R8=0xFFFFFFFF R5=0xCBC0D094 R6=0x0000000C )
(       libmtguard.so[0xCBBCB000])[05 EB C6 04 ]0x0000CE00:	ADD.W	R4, R5, R6, LSL #3	;(R5=0xCBC0D094 R6=0x0000000C )
(       libmtguard.so[0xCBBCB000])[F6 F7 3A FD ]0x0000CE04:	BL	#0XCBBCE87C	;(PC=0xCBBD7E04 )
(       libmtguard.so[0xCBBCB000])[F0 B5       ]0x0000387C:	PUSH	{R4, R5, R6, R7, LR}	;(SP=0x100FFFC0 R4=0xCBC0D0F4 R5=0xCBC0D094 R6=0x0000000C R7=0x100FFFE0 LR=0xCBBD7E09 )
(       libmtguard.so[0xCBBCB000])[03 AF       ]0x0000387E:	ADD	R7, SP, #0XC	;(SP=0x100FFFAC )
(       libmtguard.so[0xCBBCB000])[4D F8 04 BD ]0x00003880:	STR	FP, [SP, #-0X4]!	;(FP=0xCBC0B1C4 SP=0x100FFFAC )
(       libmtguard.so[0xCBBCB000])[05 46       ]0x00003884:	MOV	R5, R0	;(R0=0xCBBCFE51 )
(       libmtguard.so[0xCBBCB000])[01 20       ]0x00003886:	MOVS	R0, #1
(       libmtguard.so[0xCBBCB000])[10 21       ]0x00003888:	MOVS	R1, #0X10
(       libmtguard.so[0xCBBCB000])[00 22       ]0x0000388A:	MOVS	R2, #0
(       libmtguard.so[0xCBBCB000])[00 23       ]0x0000388C:	MOVS	R3, #0
(       libmtguard.so[0xCBBCB000])[00 26       ]0x0000388E:	MOVS	R6, #0
(       libmtguard.so[0xCBBCB000])[00 F0 C6 FA ]0x00003890:	BL	#0XCBBCEE20	;(PC=0xCBBCE890 )
(       libmtguard.so[0xCBBCB000])[B0 B5       ]0x00003E20:	PUSH	{R4, R5, R7, LR}	;(SP=0x100FFFA8 R4=0xCBC0D0F4 R5=0xCBBCFE51 R7=0x100FFFB8 LR=0xCBBCE895 )
(       libmtguard.so[0xCBBCB000])[02 AF       ]0x00003E22:	ADD	R7, SP, #8	;(SP=0x100FFF98 )
(       libmtguard.so[0xCBBCB000])[01 FB 00 F5 ]0x00003E24:	MUL	R5, R1, R0	;(R1=0x00000010 R0=0x00000001 )
(       libmtguard.so[0xCBBCB000])[4D B1       ]0x00003E28:	CBZ	R5, #0XCBBCEE3E	;(R5=0x00000010 )
(       libmtguard.so[0xCBBCB000])[28 46       ]0x00003E2A:	MOV	R0, R5	;(R5=0x00000010 )
(       libmtguard.so[0xCBBCB000])[FE F7 C8 EB ]0x00003E2C:	BLX	#0XCBBCD5C0	;(PC=0xCBBCEE2C )
(       libmtguard.so[0xCBBCB000])[00 C6 8F E2 ]0x000025C0:	ADD	IP, PC, #0, #12	;(PC=0xCBBCD5C0 )
(       libmtguard.so[0xCBBCB000])[3D CA 8C E2 ]0x000025C4:	ADD	IP, IP, #0X3D000	;(IP=0xCBBCD5C8 )
(       libmtguard.so[0xCBBCB000])[04 F9 BC E5 ]0x000025C8:	LDR	PC, [IP, #0X904]!	;(IP=0xCBC0A5C8 )
(       libmtguard.so[0xCBBCB000])[04 46       ]0x00003E30:	MOV	R4, R0	;(R0=0x300413A0 )
(       libmtguard.so[0xCBBCB000])[24 B1       ]0x00003E32:	CBZ	R4, #0XCBBCEE3E	;(R4=0x300413A0 )
(       libmtguard.so[0xCBBCB000])[20 46       ]0x00003E34:	MOV	R0, R4	;(R4=0x300413A0 )
(       libmtguard.so[0xCBBCB000])[29 46       ]0x00003E36:	MOV	R1, R5	;(R5=0x00000010 )
(       libmtguard.so[0xCBBCB000])[FE F7 CE EB ]0x00003E38:	BLX	#0XCBBCD5D8	;(PC=0xCBBCEE38 )
(       libmtguard.so[0xCBBCB000])[00 C6 8F E2 ]0x000025D8:	ADD	IP, PC, #0, #12	;(PC=0xCBBCD5D8 )
(       libmtguard.so[0xCBBCB000])[3D CA 8C E2 ]0x000025DC:	ADD	IP, IP, #0X3D000	;(IP=0xCBBCD5E0 )
(       libmtguard.so[0xCBBCB000])[F4 F8 BC E5 ]0x000025E0:	LDR	PC, [IP, #0X8F4]!	;(IP=0xCBC0A5E0 )
(       libmtguard.so[0xCBBCB000])[00 E0       ]0x00003E3C:	B	#0XCBBCEE40
(       libmtguard.so[0xCBBCB000])[20 46       ]0x00003E40:	MOV	R0, R4	;(R4=0x300413A0 )
(       libmtguard.so[0xCBBCB000])[B0 BD       ]0x00003E42:	POP	{R4, R5, R7, PC}	;(SP=0x100FFF98 )
(       libmtguard.so[0xCBBCB000])[04 46       ]0x00003894:	MOV	R4, R0	;(R0=0x300413A0 )
(       libmtguard.so[0xCBBCB000])[94 B1       ]0x00003896:	CBZ	R4, #0XCBBCE8BE	;(R4=0x300413A0 )
(       libmtguard.so[0xCBBCB000])[0B 20       ]0x00003898:	MOVS	R0, #0XB
(       libmtguard.so[0xCBBCB000])[C4 E9 00 66 ]0x0000389A:	STRD	R6, R6, [R4]	;(R6=0x00000000 R4=0x300413A0 )
(       libmtguard.so[0xCBBCB000])[C4 E9 02 05 ]0x0000389E:	STRD	R0, R5, [R4, #8]	;(R0=0x0000000B R5=0xCBBCFE51 R4=0x300413A0 )
(       libmtguard.so[0xCBBCB000])[04 20       ]0x000038A2:	MOVS	R0, #4
(       libmtguard.so[0xCBBCB000])[0B 21       ]0x000038A4:	MOVS	R1, #0XB
(       libmtguard.so[0xCBBCB000])[00 22       ]0x000038A6:	MOVS	R2, #0
(       libmtguard.so[0xCBBCB000])[00 23       ]0x000038A8:	MOVS	R3, #0
(       libmtguard.so[0xCBBCB000])[00 F0 B9 FA ]0x000038AA:	BL	#0XCBBCEE20	;(PC=0xCBBCE8AA )
(       libmtguard.so[0xCBBCB000])[B0 B5       ]0x00003E20:	PUSH	{R4, R5, R7, LR}	;(SP=0x100FFFA8 R4=0x300413A0 R5=0xCBBCFE51 R7=0x100FFFB8 LR=0xCBBCE8AF )
(       libmtguard.so[0xCBBCB000])[02 AF       ]0x00003E22:	ADD	R7, SP, #8	;(SP=0x100FFF98 )
(       libmtguard.so[0xCBBCB000])[01 FB 00 F5 ]0x00003E24:	MUL	R5, R1, R0	;(R1=0x0000000B R0=0x00000004 )
(       libmtguard.so[0xCBBCB000])[4D B1       ]0x00003E28:	CBZ	R5, #0XCBBCEE3E	;(R5=0x0000002C )
(       libmtguard.so[0xCBBCB000])[28 46       ]0x00003E2A:	MOV	R0, R5	;(R5=0x0000002C )
(       libmtguard.so[0xCBBCB000])[FE F7 C8 EB ]0x00003E2C:	BLX	#0XCBBCD5C0	;(PC=0xCBBCEE2C )
(       libmtguard.so[0xCBBCB000])[00 C6 8F E2 ]0x000025C0:	ADD	IP, PC, #0, #12	;(PC=0xCBBCD5C0 )
(       libmtguard.so[0xCBBCB000])[3D CA 8C E2 ]0x000025C4:	ADD	IP, IP, #0X3D000	;(IP=0xCBBCD5C8 )
(       libmtguard.so[0xCBBCB000])[04 F9 BC E5 ]0x000025C8:	LDR	PC, [IP, #0X904]!	;(IP=0xCBC0A5C8 )
(       libmtguard.so[0xCBBCB000])[04 46       ]0x00003E30:	MOV	R4, R0	;(R0=0x300413B8 )
(       libmtguard.so[0xCBBCB000])[24 B1       ]0x00003E32:	CBZ	R4, #0XCBBCEE3E	;(R4=0x300413B8 )
(       libmtguard.so[0xCBBCB000])[20 46       ]0x00003E34:	MOV	R0, R4	;(R4=0x300413B8 )
(       libmtguard.so[0xCBBCB000])[29 46       ]0x00003E36:	MOV	R1, R5	;(R5=0x0000002C )
(       libmtguard.so[0xCBBCB000])[FE F7 CE EB ]0x00003E38:	BLX	#0XCBBCD5D8	;(PC=0xCBBCEE38 )
(       libmtguard.so[0xCBBCB000])[00 C6 8F E2 ]0x000025D8:	ADD	IP, PC, #0, #12	;(PC=0xCBBCD5D8 )
(       libmtguard.so[0xCBBCB000])[3D CA 8C E2 ]0x000025DC:	ADD	IP, IP, #0X3D000	;(IP=0xCBBCD5E0 )
(       libmtguard.so[0xCBBCB000])[F4 F8 BC E5 ]0x000025E0:	LDR	PC, [IP, #0X8F4]!	;(IP=0xCBC0A5E0 )
(       libmtguard.so[0xCBBCB000])[00 E0       ]0x00003E3C:	B	#0XCBBCEE40
(       libmtguard.so[0xCBBCB000])[20 46       ]0x00003E40:	MOV	R0, R4	;(R4=0x300413B8 )
(       libmtguard.so[0xCBBCB000])[B0 BD       ]0x00003E42:	POP	{R4, R5, R7, PC}	;(SP=0x100FFF98 )
(       libmtguard.so[0xCBBCB000])[00 28       ]0x000038AE:	CMP	R0, #0	;(R0=0x300413B8 )
(       libmtguard.so[0xCBBCB000])[20 60       ]0x000038B0:	STR	R0, [R4]	;(R0=0x300413B8 R4=0x300413A0 )
(       libmtguard.so[0xCBBCB000])[05 D1       ]0x000038B2:	BNE	#0XCBBCE8C0
(       libmtguard.so[0xCBBCB000])[20 46       ]0x000038C0:	MOV	R0, R4	;(R4=0x300413A0 )
(       libmtguard.so[0xCBBCB000])[5D F8 04 BB ]0x000038C2:	LDR	FP, [SP], #4	;(SP=0x100FFFA8 )
(       libmtguard.so[0xCBBCB000])[F0 BD       ]0x000038C6:	POP	{R4, R5, R6, R7, PC}	;(SP=0x100FFFAC )
(       libmtguard.so[0xCBBCB000])[01 36       ]0x0000CE08:	ADDS	R6, #1	;(R6=0x0000000C )
(       libmtguard.so[0xCBBCB000])[60 60       ]0x0000CE0A:	STR	R0, [R4, #4]	;(R0=0x300413A0 R4=0xCBC0D0F4 )
(       libmtguard.so[0xCBBCB000])[B6 F5 7C 7F ]0x0000CE0C:	CMP.W	R6, #0X3F0	;(R6=0x0000000D )
(       libmtguard.so[0xCBBCB000])[F3 D1       ]0x0000CE10:	BNE	#0XCBBD7DFA
(       libmtguard.so[0xCBBCB000])[48 46       ]0x0000CDFA:	MOV	R0, SB	;(SB=0xCBBCFE51 )
(       libmtguard.so[0xCBBCB000])[45 F8 36 80 ]0x0000CDFC:	STR.W	R8, [R5, R6, LSL #3]	;(R8=0xFFFFFFFF R5=0xCBC0D094 R6=0x0000000D )
(       libmtguard.so[0xCBBCB000])[05 EB C6 04 ]0x0000CE00:	ADD.W	R4, R5, R6, LSL #3	;(R5=0xCBC0D094 R6=0x0000000D )
(       libmtguard.so[0xCBBCB000])[F6 F7 3A FD ]0x0000CE04:	BL	#0XCBBCE87C	;(PC=0xCBBD7E04 )
(       libmtguard.so[0xCBBCB000])[F0 B5       ]0x0000387C:	PUSH	{R4, R5, R6, R7, LR}	;(SP=0x100FFFC0 R4=0xCBC0D0FC R5=0xCBC0D094 R6=0x0000000D R7=0x100FFFE0 LR=0xCBBD7E09 )
(       libmtguard.so[0xCBBCB000])[03 AF       ]0x0000387E:	ADD	R7, SP, #0XC	;(SP=0x100FFFAC )
(       libmtguard.so[0xCBBCB000])[4D F8 04 BD ]0x00003880:	STR	FP, [SP, #-0X4]!	;(FP=0xCBC0B1C4 SP=0x100FFFAC )
(       libmtguard.so[0xCBBCB000])[05 46       ]0x00003884:	MOV	R5, R0	;(R0=0xCBBCFE51 )
(       libmtguard.so[0xCBBCB000])[01 20       ]0x00003886:	MOVS	R0, #1
(       libmtguard.so[0xCBBCB000])[10 21       ]0x00003888:	MOVS	R1, #0X10
(       libmtguard.so[0xCBBCB000])[00 22       ]0x0000388A:	MOVS	R2, #0
(       libmtguard.so[0xCBBCB000])[00 23       ]0x0000388C:	MOVS	R3, #0
(       libmtguard.so[0xCBBCB000])[00 26       ]0x0000388E:	MOVS	R6, #0
(       libmtguard.so[0xCBBCB000])[00 F0 C6 FA ]0x00003890:	BL	#0XCBBCEE20	;(PC=0xCBBCE890 )
(       libmtguard.so[0xCBBCB000])[B0 B5       ]0x00003E20:	PUSH	{R4, R5, R7, LR}	;(SP=0x100FFFA8 R4=0xCBC0D0FC R5=0xCBBCFE51 R7=0x100FFFB8 LR=0xCBBCE895 )
(       libmtguard.so[0xCBBCB000])[02 AF       ]0x00003E22:	ADD	R7, SP, #8	;(SP=0x100FFF98 )
(       libmtguard.so[0xCBBCB000])[01 FB 00 F5 ]0x00003E24:	MUL	R5, R1, R0	;(R1=0x00000010 R0=0x00000001 )
(       libmtguard.so[0xCBBCB000])[4D B1       ]0x00003E28:	CBZ	R5, #0XCBBCEE3E	;(R5=0x00000010 )
(       libmtguard.so[0xCBBCB000])[28 46       ]0x00003E2A:	MOV	R0, R5	;(R5=0x00000010 )
(       libmtguard.so[0xCBBCB000])[FE F7 C8 EB ]0x00003E2C:	BLX	#0XCBBCD5C0	;(PC=0xCBBCEE2C )
(       libmtguard.so[0xCBBCB000])[00 C6 8F E2 ]0x000025C0:	ADD	IP, PC, #0, #12	;(PC=0xCBBCD5C0 )
(       libmtguard.so[0xCBBCB000])[3D CA 8C E2 ]0x000025C4:	ADD	IP, IP, #0X3D000	;(IP=0xCBBCD5C8 )
(       libmtguard.so[0xCBBCB000])[04 F9 BC E5 ]0x000025C8:	LDR	PC, [IP, #0X904]!	;(IP=0xCBC0A5C8 )
(       libmtguard.so[0xCBBCB000])[04 46       ]0x00003E30:	MOV	R4, R0	;(R0=0x300413E8 )
(       libmtguard.so[0xCBBCB000])[24 B1       ]0x00003E32:	CBZ	R4, #0XCBBCEE3E	;(R4=0x300413E8 )
(       libmtguard.so[0xCBBCB000])[20 46       ]0x00003E34:	MOV	R0, R4	;(R4=0x300413E8 )
(       libmtguard.so[0xCBBCB000])[29 46       ]0x00003E36:	MOV	R1, R5	;(R5=0x00000010 )
(       libmtguard.so[0xCBBCB000])[FE F7 CE EB ]0x00003E38:	BLX	#0XCBBCD5D8	;(PC=0xCBBCEE38 )
(       libmtguard.so[0xCBBCB000])[00 C6 8F E2 ]0x000025D8:	ADD	IP, PC, #0, #12	;(PC=0xCBBCD5D8 )
(       libmtguard.so[0xCBBCB000])[3D CA 8C E2 ]0x000025DC:	ADD	IP, IP, #0X3D000	;(IP=0xCBBCD5E0 )
(       libmtguard.so[0xCBBCB000])[F4 F8 BC E5 ]0x000025E0:	LDR	PC, [IP, #0X8F4]!	;(IP=0xCBC0A5E0 )
(       libmtguard.so[0xCBBCB000])[00 E0       ]0x00003E3C:	B	#0XCBBCEE40
(       libmtguard.so[0xCBBCB000])[20 46       ]0x00003E40:	MOV	R0, R4	;(R4=0x300413E8 )
(       libmtguard.so[0xCBBCB000])[B0 BD       ]0x00003E42:	POP	{R4, R5, R7, PC}	;(SP=0x100FFF98 )
(       libmtguard.so[0xCBBCB000])[04 46       ]0x00003894:	MOV	R4, R0	;(R0=0x300413E8 )
(       libmtguard.so[0xCBBCB000])[94 B1       ]0x00003896:	CBZ	R4, #0XCBBCE8BE	;(R4=0x300413E8 )
(       libmtguard.so[0xCBBCB000])[0B 20       ]0x00003898:	MOVS	R0, #0XB
(       libmtguard.so[0xCBBCB000])[C4 E9 00 66 ]0x0000389A:	STRD	R6, R6, [R4]	;(R6=0x00000000 R4=0x300413E8 )
(       libmtguard.so[0xCBBCB000])[C4 E9 02 05 ]0x0000389E:	STRD	R0, R5, [R4, #8]	;(R0=0x0000000B R5=0xCBBCFE51 R4=0x300413E8 )
(       libmtguard.so[0xCBBCB000])[04 20       ]0x000038A2:	MOVS	R0, #4
(       libmtguard.so[0xCBBCB000])[0B 21       ]0x000038A4:	MOVS	R1, #0XB
(       libmtguard.so[0xCBBCB000])[00 22       ]0x000038A6:	MOVS	R2, #0
(       libmtguard.so[0xCBBCB000])[00 23       ]0x000038A8:	MOVS	R3, #0
(       libmtguard.so[0xCBBCB000])[00 F0 B9 FA ]0x000038AA:	BL	#0XCBBCEE20	;(PC=0xCBBCE8AA )
(       libmtguard.so[0xCBBCB000])[B0 B5       ]0x00003E20:	PUSH	{R4, R5, R7, LR}	;(SP=0x100FFFA8 R4=0x300413E8 R5=0xCBBCFE51 R7=0x100FFFB8 LR=0xCBBCE8AF )
(       libmtguard.so[0xCBBCB000])[02 AF       ]0x00003E22:	ADD	R7, SP, #8	;(SP=0x100FFF98 )
(       libmtguard.so[0xCBBCB000])[01 FB 00 F5 ]0x00003E24:	MUL	R5, R1, R0	;(R1=0x0000000B R0=0x00000004 )
(       libmtguard.so[0xCBBCB000])[4D B1       ]0x00003E28:	CBZ	R5, #0XCBBCEE3E	;(R5=0x0000002C )
(       libmtguard.so[0xCBBCB000])[28 46       ]0x00003E2A:	MOV	R0, R5	;(R5=0x0000002C )
(       libmtguard.so[0xCBBCB000])[FE F7 C8 EB ]0x00003E2C:	BLX	#0XCBBCD5C0	;(PC=0xCBBCEE2C )
(       libmtguard.so[0xCBBCB000])[00 C6 8F E2 ]0x000025C0:	ADD	IP, PC, #0, #12	;(PC=0xCBBCD5C0 )
(       libmtguard.so[0xCBBCB000])[3D CA 8C E2 ]0x000025C4:	ADD	IP, IP, #0X3D000	;(IP=0xCBBCD5C8 )
(       libmtguard.so[0xCBBCB000])[04 F9 BC E5 ]0x000025C8:	LDR	PC, [IP, #0X904]!	;(IP=0xCBC0A5C8 )
(       libmtguard.so[0xCBBCB000])[04 46       ]0x00003E30:	MOV	R4, R0	;(R0=0x30041400 )
(       libmtguard.so[0xCBBCB000])[24 B1       ]0x00003E32:	CBZ	R4, #0XCBBCEE3E	;(R4=0x30041400 )
(       libmtguard.so[0xCBBCB000])[20 46       ]0x00003E34:	MOV	R0, R4	;(R4=0x30041400 )
(       libmtguard.so[0xCBBCB000])[29 46       ]0x00003E36:	MOV	R1, R5	;(R5=0x0000002C )
(       libmtguard.so[0xCBBCB000])[FE F7 CE EB ]0x00003E38:	BLX	#0XCBBCD5D8	;(PC=0xCBBCEE38 )
(       libmtguard.so[0xCBBCB000])[00 C6 8F E2 ]0x000025D8:	ADD	IP, PC, #0, #12	;(PC=0xCBBCD5D8 )
(       libmtguard.so[0xCBBCB000])[3D CA 8C E2 ]0x000025DC:	ADD	IP, IP, #0X3D000	;(IP=0xCBBCD5E0 )
(       libmtguard.so[0xCBBCB000])[F4 F8 BC E5 ]0x000025E0:	LDR	PC, [IP, #0X8F4]!	;(IP=0xCBC0A5E0 )
(       libmtguard.so[0xCBBCB000])[00 E0       ]0x00003E3C:	B	#0XCBBCEE40
(       libmtguard.so[0xCBBCB000])[20 46       ]0x00003E40:	MOV	R0, R4	;(R4=0x30041400 )
(       libmtguard.so[0xCBBCB000])[B0 BD       ]0x00003E42:	POP	{R4, R5, R7, PC}	;(SP=0x100FFF98 )
(       libmtguard.so[0xCBBCB000])[00 28       ]0x000038AE:	CMP	R0, #0	;(R0=0x30041400 )
(       libmtguard.so[0xCBBCB000])[20 60       ]0x000038B0:	STR	R0, [R4]	;(R0=0x30041400 R4=0x300413E8 )
(       libmtguard.so[0xCBBCB000])[05 D1       ]0x000038B2:	BNE	#0XCBBCE8C0
(       libmtguard.so[0xCBBCB000])[20 46       ]0x000038C0:	MOV	R0, R4	;(R4=0x300413E8 )
(       libmtguard.so[0xCBBCB000])[5D F8 04 BB ]0x000038C2:	LDR	FP, [SP], #4	;(SP=0x100FFFA8 )
(       libmtguard.so[0xCBBCB000])[F0 BD       ]0x000038C6:	POP	{R4, R5, R6, R7, PC}	;(SP=0x100FFFAC )
(       libmtguard.so[0xCBBCB000])[01 36       ]0x0000CE08:	ADDS	R6, #1	;(R6=0x0000000D )
(       libmtguard.so[0xCBBCB000])[60 60       ]0x0000CE0A:	STR	R0, [R4, #4]	;(R0=0x300413E8 R4=0xCBC0D0FC )
(       libmtguard.so[0xCBBCB000])[B6 F5 7C 7F ]0x0000CE0C:	CMP.W	R6, #0X3F0	;(R6=0x0000000E )
(       libmtguard.so[0xCBBCB000])[F3 D1       ]0x0000CE10:	BNE	#0XCBBD7DFA
(       libmtguard.so[0xCBBCB000])[48 46       ]0x0000CDFA:	MOV	R0, SB	;(SB=0xCBBCFE51 )
(       libmtguard.so[0xCBBCB000])[45 F8 36 80 ]0x0000CDFC:	STR.W	R8, [R5, R6, LSL #3]	;(R8=0xFFFFFFFF R5=0xCBC0D094 R6=0x0000000E )
(       libmtguard.so[0xCBBCB000])[05 EB C6 04 ]0x0000CE00:	ADD.W	R4, R5, R6, LSL #3	;(R5=0xCBC0D094 R6=0x0000000E )
(       libmtguard.so[0xCBBCB000])[F6 F7 3A FD ]0x0000CE04:	BL	#0XCBBCE87C	;(PC=0xCBBD7E04 )
(       libmtguard.so[0xCBBCB000])[F0 B5       ]0x0000387C:	PUSH	{R4, R5, R6, R7, LR}	;(SP=0x100FFFC0 R4=0xCBC0D104 R5=0xCBC0D094 R6=0x0000000E R7=0x100FFFE0 LR=0xCBBD7E09 )
(       libmtguard.so[0xCBBCB000])[03 AF       ]0x0000387E:	ADD	R7, SP, #0XC	;(SP=0x100FFFAC )
(       libmtguard.so[0xCBBCB000])[4D F8 04 BD ]0x00003880:	STR	FP, [SP, #-0X4]!	;(FP=0xCBC0B1C4 SP=0x100FFFAC )
(       libmtguard.so[0xCBBCB000])[05 46       ]0x00003884:	MOV	R5, R0	;(R0=0xCBBCFE51 )
(       libmtguard.so[0xCBBCB000])[01 20       ]0x00003886:	MOVS	R0, #1
(       libmtguard.so[0xCBBCB000])[10 21       ]0x00003888:	MOVS	R1, #0X10
(       libmtguard.so[0xCBBCB000])[00 22       ]0x0000388A:	MOVS	R2, #0
(       libmtguard.so[0xCBBCB000])[00 23       ]0x0000388C:	MOVS	R3, #0
(       libmtguard.so[0xCBBCB000])[00 26       ]0x0000388E:	MOVS	R6, #0
(       libmtguard.so[0xCBBCB000])[00 F0 C6 FA ]0x00003890:	BL	#0XCBBCEE20	;(PC=0xCBBCE890 )
(       libmtguard.so[0xCBBCB000])[B0 B5       ]0x00003E20:	PUSH	{R4, R5, R7, LR}	;(SP=0x100FFFA8 R4=0xCBC0D104 R5=0xCBBCFE51 R7=0x100FFFB8 LR=0xCBBCE895 )
(       libmtguard.so[0xCBBCB000])[02 AF       ]0x00003E22:	ADD	R7, SP, #8	;(SP=0x100FFF98 )
(       libmtguard.so[0xCBBCB000])[01 FB 00 F5 ]0x00003E24:	MUL	R5, R1, R0	;(R1=0x00000010 R0=0x00000001 )
(       libmtguard.so[0xCBBCB000])[4D B1       ]0x00003E28:	CBZ	R5, #0XCBBCEE3E	;(R5=0x00000010 )
(       libmtguard.so[0xCBBCB000])[28 46       ]0x00003E2A:	MOV	R0, R5	;(R5=0x00000010 )
(       libmtguard.so[0xCBBCB000])[FE F7 C8 EB ]0x00003E2C:	BLX	#0XCBBCD5C0	;(PC=0xCBBCEE2C )
(       libmtguard.so[0xCBBCB000])[00 C6 8F E2 ]0x000025C0:	ADD	IP, PC, #0, #12	;(PC=0xCBBCD5C0 )
(       libmtguard.so[0xCBBCB000])[3D CA 8C E2 ]0x000025C4:	ADD	IP, IP, #0X3D000	;(IP=0xCBBCD5C8 )
(       libmtguard.so[0xCBBCB000])[04 F9 BC E5 ]0x000025C8:	LDR	PC, [IP, #0X904]!	;(IP=0xCBC0A5C8 )
(       libmtguard.so[0xCBBCB000])[04 46       ]0x00003E30:	MOV	R4, R0	;(R0=0x30041430 )
(       libmtguard.so[0xCBBCB000])[24 B1       ]0x00003E32:	CBZ	R4, #0XCBBCEE3E	;(R4=0x30041430 )
(       libmtguard.so[0xCBBCB000])[20 46       ]0x00003E34:	MOV	R0, R4	;(R4=0x30041430 )
(       libmtguard.so[0xCBBCB000])[29 46       ]0x00003E36:	MOV	R1, R5	;(R5=0x00000010 )
(       libmtguard.so[0xCBBCB000])[FE F7 CE EB ]0x00003E38:	BLX	#0XCBBCD5D8	;(PC=0xCBBCEE38 )
(       libmtguard.so[0xCBBCB000])[00 C6 8F E2 ]0x000025D8:	ADD	IP, PC, #0, #12	;(PC=0xCBBCD5D8 )
(       libmtguard.so[0xCBBCB000])[3D CA 8C E2 ]0x000025DC:	ADD	IP, IP, #0X3D000	;(IP=0xCBBCD5E0 )
(       libmtguard.so[0xCBBCB000])[F4 F8 BC E5 ]0x000025E0:	LDR	PC, [IP, #0X8F4]!	;(IP=0xCBC0A5E0 )
(       libmtguard.so[0xCBBCB000])[00 E0       ]0x00003E3C:	B	#0XCBBCEE40
(       libmtguard.so[0xCBBCB000])[20 46       ]0x00003E40:	MOV	R0, R4	;(R4=0x30041430 )
(       libmtguard.so[0xCBBCB000])[B0 BD       ]0x00003E42:	POP	{R4, R5, R7, PC}	;(SP=0x100FFF98 )
(       libmtguard.so[0xCBBCB000])[04 46       ]0x00003894:	MOV	R4, R0	;(R0=0x30041430 )
(       libmtguard.so[0xCBBCB000])[94 B1       ]0x00003896:	CBZ	R4, #0XCBBCE8BE	;(R4=0x30041430 )
(       libmtguard.so[0xCBBCB000])[0B 20       ]0x00003898:	MOVS	R0, #0XB
(       libmtguard.so[0xCBBCB000])[C4 E9 00 66 ]0x0000389A:	STRD	R6, R6, [R4]	;(R6=0x00000000 R4=0x30041430 )
(       libmtguard.so[0xCBBCB000])[C4 E9 02 05 ]0x0000389E:	STRD	R0, R5, [R4, #8]	;(R0=0x0000000B R5=0xCBBCFE51 R4=0x30041430 )
(       libmtguard.so[0xCBBCB000])[04 20       ]0x000038A2:	MOVS	R0, #4
(       libmtguard.so[0xCBBCB000])[0B 21       ]0x000038A4:	MOVS	R1, #0XB
(       libmtguard.so[0xCBBCB000])[00 22       ]0x000038A6:	MOVS	R2, #0
(       libmtguard.so[0xCBBCB000])[00 23       ]0x000038A8:	MOVS	R3, #0
(       libmtguard.so[0xCBBCB000])[00 F0 B9 FA ]0x000038AA:	BL	#0XCBBCEE20	;(PC=0xCBBCE8AA )
(       libmtguard.so[0xCBBCB000])[B0 B5       ]0x00003E20:	PUSH	{R4, R5, R7, LR}	;(SP=0x100FFFA8 R4=0x30041430 R5=0xCBBCFE51 R7=0x100FFFB8 LR=0xCBBCE8AF )
(       libmtguard.so[0xCBBCB000])[02 AF       ]0x00003E22:	ADD	R7, SP, #8	;(SP=0x100FFF98 )
(       libmtguard.so[0xCBBCB000])[01 FB 00 F5 ]0x00003E24:	MUL	R5, R1, R0	;(R1=0x0000000B R0=0x00000004 )
(       libmtguard.so[0xCBBCB000])[4D B1       ]0x00003E28:	CBZ	R5, #0XCBBCEE3E	;(R5=0x0000002C )
(       libmtguard.so[0xCBBCB000])[28 46       ]0x00003E2A:	MOV	R0, R5	;(R5=0x0000002C )
(       libmtguard.so[0xCBBCB000])[FE F7 C8 EB ]0x00003E2C:	BLX	#0XCBBCD5C0	;(PC=0xCBBCEE2C )
(       libmtguard.so[0xCBBCB000])[00 C6 8F E2 ]0x000025C0:	ADD	IP, PC, #0, #12	;(PC=0xCBBCD5C0 )
(       libmtguard.so[0xCBBCB000])[3D CA 8C E2 ]0x000025C4:	ADD	IP, IP, #0X3D000	;(IP=0xCBBCD5C8 )
(       libmtguard.so[0xCBBCB000])[04 F9 BC E5 ]0x000025C8:	LDR	PC, [IP, #0X904]!	;(IP=0xCBC0A5C8 )
(       libmtguard.so[0xCBBCB000])[04 46       ]0x00003E30:	MOV	R4, R0	;(R0=0x30041448 )
(       libmtguard.so[0xCBBCB000])[24 B1       ]0x00003E32:	CBZ	R4, #0XCBBCEE3E	;(R4=0x30041448 )
(       libmtguard.so[0xCBBCB000])[20 46       ]0x00003E34:	MOV	R0, R4	;(R4=0x30041448 )
(       libmtguard.so[0xCBBCB000])[29 46       ]0x00003E36:	MOV	R1, R5	;(R5=0x0000002C )
(       libmtguard.so[0xCBBCB000])[FE F7 CE EB ]0x00003E38:	BLX	#0XCBBCD5D8	;(PC=0xCBBCEE38 )
(       libmtguard.so[0xCBBCB000])[00 C6 8F E2 ]0x000025D8:	ADD	IP, PC, #0, #12	;(PC=0xCBBCD5D8 )
(       libmtguard.so[0xCBBCB000])[3D CA 8C E2 ]0x000025DC:	ADD	IP, IP, #0X3D000	;(IP=0xCBBCD5E0 )
(       libmtguard.so[0xCBBCB000])[F4 F8 BC E5 ]0x000025E0:	LDR	PC, [IP, #0X8F4]!	;(IP=0xCBC0A5E0 )
(       libmtguard.so[0xCBBCB000])[00 E0       ]0x00003E3C:	B	#0XCBBCEE40
(       libmtguard.so[0xCBBCB000])[20 46       ]0x00003E40:	MOV	R0, R4	;(R4=0x30041448 )
(       libmtguard.so[0xCBBCB000])[B0 BD       ]0x00003E42:	POP	{R4, R5, R7, PC}	;(SP=0x100FFF98 )
(       libmtguard.so[0xCBBCB000])[00 28       ]0x000038AE:	CMP	R0, #0	;(R0=0x30041448 )
(       libmtguard.so[0xCBBCB000])[20 60       ]0x000038B0:	STR	R0, [R4]	;(R0=0x30041448 R4=0x30041430 )
(       libmtguard.so[0xCBBCB000])[05 D1       ]0x000038B2:	BNE	#0XCBBCE8C0
(       libmtguard.so[0xCBBCB000])[20 46       ]0x000038C0:	MOV	R0, R4	;(R4=0x30041430 )
(       libmtguard.so[0xCBBCB000])[5D F8 04 BB ]0x000038C2:	LDR	FP, [SP], #4	;(SP=0x100FFFA8 )
(       libmtguard.so[0xCBBCB000])[F0 BD       ]0x000038C6:	POP	{R4, R5, R6, R7, PC}	;(SP=0x100FFFAC )
(       libmtguard.so[0xCBBCB000])[01 36       ]0x0000CE08:	ADDS	R6, #1	;(R6=0x0000000E )
(       libmtguard.so[0xCBBCB000])[60 60       ]0x0000CE0A:	STR	R0, [R4, #4]	;(R0=0x30041430 R4=0xCBC0D104 )
(       libmtguard.so[0xCBBCB000])[B6 F5 7C 7F ]0x0000CE0C:	CMP.W	R6, #0X3F0	;(R6=0x0000000F )
(       libmtguard.so[0xCBBCB000])[F3 D1       ]0x0000CE10:	BNE	#0XCBBD7DFA
(       libmtguard.so[0xCBBCB000])[48 46       ]0x0000CDFA:	MOV	R0, SB	;(SB=0xCBBCFE51 )
(       libmtguard.so[0xCBBCB000])[45 F8 36 80 ]0x0000CDFC:	STR.W	R8, [R5, R6, LSL #3]	;(R8=0xFFFFFFFF R5=0xCBC0D094 R6=0x0000000F )
(       libmtguard.so[0xCBBCB000])[05 EB C6 04 ]0x0000CE00:	ADD.W	R4, R5, R6, LSL #3	;(R5=0xCBC0D094 R6=0x0000000F )
(       libmtguard.so[0xCBBCB000])[F6 F7 3A FD ]0x0000CE04:	BL	#0XCBBCE87C	;(PC=0xCBBD7E04 )
(       libmtguard.so[0xCBBCB000])[F0 B5       ]0x0000387C:	PUSH	{R4, R5, R6, R7, LR}	;(SP=0x100FFFC0 R4=0xCBC0D10C R5=0xCBC0D094 R6=0x0000000F R7=0x100FFFE0 LR=0xCBBD7E09 )
(       libmtguard.so[0xCBBCB000])[03 AF       ]0x0000387E:	ADD	R7, SP, #0XC	;(SP=0x100FFFAC )
(       libmtguard.so[0xCBBCB000])[4D F8 04 BD ]0x00003880:	STR	FP, [SP, #-0X4]!	;(FP=0xCBC0B1C4 SP=0x100FFFAC )
(       libmtguard.so[0xCBBCB000])[05 46       ]0x00003884:	MOV	R5, R0	;(R0=0xCBBCFE51 )
(       libmtguard.so[0xCBBCB000])[01 20       ]0x00003886:	MOVS	R0, #1
(       libmtguard.so[0xCBBCB000])[10 21       ]0x00003888:	MOVS	R1, #0X10
(       libmtguard.so[0xCBBCB000])[00 22       ]0x0000388A:	MOVS	R2, #0
(       libmtguard.so[0xCBBCB000])[00 23       ]0x0000388C:	MOVS	R3, #0
(       libmtguard.so[0xCBBCB000])[00 26       ]0x0000388E:	MOVS	R6, #0
(       libmtguard.so[0xCBBCB000])[00 F0 C6 FA ]0x00003890:	BL	#0XCBBCEE20	;(PC=0xCBBCE890 )
(       libmtguard.so[0xCBBCB000])[B0 B5       ]0x00003E20:	PUSH	{R4, R5, R7, LR}	;(SP=0x100FFFA8 R4=0xCBC0D10C R5=0xCBBCFE51 R7=0x100FFFB8 LR=0xCBBCE895 )
(       libmtguard.so[0xCBBCB000])[02 AF       ]0x00003E22:	ADD	R7, SP, #8	;(SP=0x100FFF98 )
(       libmtguard.so[0xCBBCB000])[01 FB 00 F5 ]0x00003E24:	MUL	R5, R1, R0	;(R1=0x00000010 R0=0x00000001 )
(       libmtguard.so[0xCBBCB000])[4D B1       ]0x00003E28:	CBZ	R5, #0XCBBCEE3E	;(R5=0x00000010 )
(       libmtguard.so[0xCBBCB000])[28 46       ]0x00003E2A:	MOV	R0, R5	;(R5=0x00000010 )
(       libmtguard.so[0xCBBCB000])[FE F7 C8 EB ]0x00003E2C:	BLX	#0XCBBCD5C0	;(PC=0xCBBCEE2C )
(       libmtguard.so[0xCBBCB000])[00 C6 8F E2 ]0x000025C0:	ADD	IP, PC, #0, #12	;(PC=0xCBBCD5C0 )
(       libmtguard.so[0xCBBCB000])[3D CA 8C E2 ]0x000025C4:	ADD	IP, IP, #0X3D000	;(IP=0xCBBCD5C8 )
(       libmtguard.so[0xCBBCB000])[04 F9 BC E5 ]0x000025C8:	LDR	PC, [IP, #0X904]!	;(IP=0xCBC0A5C8 )
(       libmtguard.so[0xCBBCB000])[04 46       ]0x00003E30:	MOV	R4, R0	;(R0=0x30041478 )
(       libmtguard.so[0xCBBCB000])[24 B1       ]0x00003E32:	CBZ	R4, #0XCBBCEE3E	;(R4=0x30041478 )
(       libmtguard.so[0xCBBCB000])[20 46       ]0x00003E34:	MOV	R0, R4	;(R4=0x30041478 )
(       libmtguard.so[0xCBBCB000])[29 46       ]0x00003E36:	MOV	R1, R5	;(R5=0x00000010 )
(       libmtguard.so[0xCBBCB000])[FE F7 CE EB ]0x00003E38:	BLX	#0XCBBCD5D8	;(PC=0xCBBCEE38 )
(       libmtguard.so[0xCBBCB000])[00 C6 8F E2 ]0x000025D8:	ADD	IP, PC, #0, #12	;(PC=0xCBBCD5D8 )
(       libmtguard.so[0xCBBCB000])[3D CA 8C E2 ]0x000025DC:	ADD	IP, IP, #0X3D000	;(IP=0xCBBCD5E0 )
(       libmtguard.so[0xCBBCB000])[F4 F8 BC E5 ]0x000025E0:	LDR	PC, [IP, #0X8F4]!	;(IP=0xCBC0A5E0 )
(       libmtguard.so[0xCBBCB000])[00 E0       ]0x00003E3C:	B	#0XCBBCEE40
(       libmtguard.so[0xCBBCB000])[20 46       ]0x00003E40:	MOV	R0, R4	;(R4=0x30041478 )
(       libmtguard.so[0xCBBCB000])[B0 BD       ]0x00003E42:	POP	{R4, R5, R7, PC}	;(SP=0x100FFF98 )
(       libmtguard.so[0xCBBCB000])[04 46       ]0x00003894:	MOV	R4, R0	;(R0=0x30041478 )
(       libmtguard.so[0xCBBCB000])[94 B1       ]0x00003896:	CBZ	R4, #0XCBBCE8BE	;(R4=0x30041478 )
(       libmtguard.so[0xCBBCB000])[0B 20       ]0x00003898:	MOVS	R0, #0XB
(       libmtguard.so[0xCBBCB000])[C4 E9 00 66 ]0x0000389A:	STRD	R6, R6, [R4]	;(R6=0x00000000 R4=0x30041478 )
(       libmtguard.so[0xCBBCB000])[C4 E9 02 05 ]0x0000389E:	STRD	R0, R5, [R4, #8]	;(R0=0x0000000B R5=0xCBBCFE51 R4=0x30041478 )
(       libmtguard.so[0xCBBCB000])[04 20       ]0x000038A2:	MOVS	R0, #4
(       libmtguard.so[0xCBBCB000])[0B 21       ]0x000038A4:	MOVS	R1, #0XB
(       libmtguard.so[0xCBBCB000])[00 22       ]0x000038A6:	MOVS	R2, #0
(       libmtguard.so[0xCBBCB000])[00 23       ]0x000038A8:	MOVS	R3, #0
(       libmtguard.so[0xCBBCB000])[00 F0 B9 FA ]0x000038AA:	BL	#0XCBBCEE20	;(PC=0xCBBCE8AA )
(       libmtguard.so[0xCBBCB000])[B0 B5       ]0x00003E20:	PUSH	{R4, R5, R7, LR}	;(SP=0x100FFFA8 R4=0x30041478 R5=0xCBBCFE51 R7=0x100FFFB8 LR=0xCBBCE8AF )
(       libmtguard.so[0xCBBCB000])[02 AF       ]0x00003E22:	ADD	R7, SP, #8	;(SP=0x100FFF98 )
(       libmtguard.so[0xCBBCB000])[01 FB 00 F5 ]0x00003E24:	MUL	R5, R1, R0	;(R1=0x0000000B R0=0x00000004 )
(       libmtguard.so[0xCBBCB000])[4D B1       ]0x00003E28:	CBZ	R5, #0XCBBCEE3E	;(R5=0x0000002C )
(       libmtguard.so[0xCBBCB000])[28 46       ]0x00003E2A:	MOV	R0, R5	;(R5=0x0000002C )
(       libmtguard.so[0xCBBCB000])[FE F7 C8 EB ]0x00003E2C:	BLX	#0XCBBCD5C0	;(PC=0xCBBCEE2C )
(       libmtguard.so[0xCBBCB000])[00 C6 8F E2 ]0x000025C0:	ADD	IP, PC, #0, #12	;(PC=0xCBBCD5C0 )
(       libmtguard.so[0xCBBCB000])[3D CA 8C E2 ]0x000025C4:	ADD	IP, IP, #0X3D000	;(IP=0xCBBCD5C8 )
(       libmtguard.so[0xCBBCB000])[04 F9 BC E5 ]0x000025C8:	LDR	PC, [IP, #0X904]!	;(IP=0xCBC0A5C8 )
(       libmtguard.so[0xCBBCB000])[04 46       ]0x00003E30:	MOV	R4, R0	;(R0=0x30041490 )
(       libmtguard.so[0xCBBCB000])[24 B1       ]0x00003E32:	CBZ	R4, #0XCBBCEE3E	;(R4=0x30041490 )
(       libmtguard.so[0xCBBCB000])[20 46       ]0x00003E34:	MOV	R0, R4	;(R4=0x30041490 )
(       libmtguard.so[0xCBBCB000])[29 46       ]0x00003E36:	MOV	R1, R5	;(R5=0x0000002C )
(       libmtguard.so[0xCBBCB000])[FE F7 CE EB ]0x00003E38:	BLX	#0XCBBCD5D8	;(PC=0xCBBCEE38 )
(       libmtguard.so[0xCBBCB000])[00 C6 8F E2 ]0x000025D8:	ADD	IP, PC, #0, #12	;(PC=0xCBBCD5D8 )
(       libmtguard.so[0xCBBCB000])[3D CA 8C E2 ]0x000025DC:	ADD	IP, IP, #0X3D000	;(IP=0xCBBCD5E0 )
(       libmtguard.so[0xCBBCB000])[F4 F8 BC E5 ]0x000025E0:	LDR	PC, [IP, #0X8F4]!	;(IP=0xCBC0A5E0 )
(       libmtguard.so[0xCBBCB000])[00 E0       ]0x00003E3C:	B	#0XCBBCEE40
(       libmtguard.so[0xCBBCB000])[20 46       ]0x00003E40:	MOV	R0, R4	;(R4=0x30041490 )
(       libmtguard.so[0xCBBCB000])[B0 BD       ]0x00003E42:	POP	{R4, R5, R7, PC}	;(SP=0x100FFF98 )
(       libmtguard.so[0xCBBCB000])[00 28       ]0x000038AE:	CMP	R0, #0	;(R0=0x30041490 )
(       libmtguard.so[0xCBBCB000])[20 60       ]0x000038B0:	STR	R0, [R4]	;(R0=0x30041490 R4=0x30041478 )
(       libmtguard.so[0xCBBCB000])[05 D1       ]0x000038B2:	BNE	#0XCBBCE8C0
(       libmtguard.so[0xCBBCB000])[20 46       ]0x000038C0:	MOV	R0, R4	;(R4=0x30041478 )
(       libmtguard.so[0xCBBCB000])[5D F8 04 BB ]0x000038C2:	LDR	FP, [SP], #4	;(SP=0x100FFFA8 )
(       libmtguard.so[0xCBBCB000])[F0 BD       ]0x000038C6:	POP	{R4, R5, R6, R7, PC}	;(SP=0x100FFFAC )
(       libmtguard.so[0xCBBCB000])[01 36       ]0x0000CE08:	ADDS	R6, #1	;(R6=0x0000000F )
(       libmtguard.so[0xCBBCB000])[60 60       ]0x0000CE0A:	STR	R0, [R4, #4]	;(R0=0x30041478 R4=0xCBC0D10C )
(       libmtguard.so[0xCBBCB000])[B6 F5 7C 7F ]0x0000CE0C:	CMP.W	R6, #0X3F0	;(R6=0x00000010 )
(       libmtguard.so[0xCBBCB000])[F3 D1       ]0x0000CE10:	BNE	#0XCBBD7DFA
(       libmtguard.so[0xCBBCB000])[48 46       ]0x0000CDFA:	MOV	R0, SB	;(SB=0xCBBCFE51 )
(       libmtguard.so[0xCBBCB000])[45 F8 36 80 ]0x0000CDFC:	STR.W	R8, [R5, R6, LSL #3]	;(R8=0xFFFFFFFF R5=0xCBC0D094 R6=0x00000010 )
(       libmtguard.so[0xCBBCB000])[05 EB C6 04 ]0x0000CE00:	ADD.W	R4, R5, R6, LSL #3	;(R5=0xCBC0D094 R6=0x00000010 )
(       libmtguard.so[0xCBBCB000])[F6 F7 3A FD ]0x0000CE04:	BL	#0XCBBCE87C	;(PC=0xCBBD7E04 )
(       libmtguard.so[0xCBBCB000])[F0 B5       ]0x0000387C:	PUSH	{R4, R5, R6, R7, LR}	;(SP=0x100FFFC0 R4=0xCBC0D114 R5=0xCBC0D094 R6=0x00000010 R7=0x100FFFE0 LR=0xCBBD7E09 )
(       libmtguard.so[0xCBBCB000])[03 AF       ]0x0000387E:	ADD	R7, SP, #0XC	;(SP=0x100FFFAC )
(       libmtguard.so[0xCBBCB000])[4D F8 04 BD ]0x00003880:	STR	FP, [SP, #-0X4]!	;(FP=0xCBC0B1C4 SP=0x100FFFAC )
(       libmtguard.so[0xCBBCB000])[05 46       ]0x00003884:	MOV	R5, R0	;(R0=0xCBBCFE51 )
(       libmtguard.so[0xCBBCB000])[01 20       ]0x00003886:	MOVS	R0, #1
(       libmtguard.so[0xCBBCB000])[10 21       ]0x00003888:	MOVS	R1, #0X10
(       libmtguard.so[0xCBBCB000])[00 22       ]0x0000388A:	MOVS	R2, #0
(       libmtguard.so[0xCBBCB000])[00 23       ]0x0000388C:	MOVS	R3, #0
(       libmtguard.so[0xCBBCB000])[00 26       ]0x0000388E:	MOVS	R6, #0
(       libmtguard.so[0xCBBCB000])[00 F0 C6 FA ]0x00003890:	BL	#0XCBBCEE20	;(PC=0xCBBCE890 )
(       libmtguard.so[0xCBBCB000])[B0 B5       ]0x00003E20:	PUSH	{R4, R5, R7, LR}	;(SP=0x100FFFA8 R4=0xCBC0D114 R5=0xCBBCFE51 R7=0x100FFFB8 LR=0xCBBCE895 )
(       libmtguard.so[0xCBBCB000])[02 AF       ]0x00003E22:	ADD	R7, SP, #8	;(SP=0x100FFF98 )
(       libmtguard.so[0xCBBCB000])[01 FB 00 F5 ]0x00003E24:	MUL	R5, R1, R0	;(R1=0x00000010 R0=0x00000001 )
(       libmtguard.so[0xCBBCB000])[4D B1       ]0x00003E28:	CBZ	R5, #0XCBBCEE3E	;(R5=0x00000010 )
(       libmtguard.so[0xCBBCB000])[28 46       ]0x00003E2A:	MOV	R0, R5	;(R5=0x00000010 )
(       libmtguard.so[0xCBBCB000])[FE F7 C8 EB ]0x00003E2C:	BLX	#0XCBBCD5C0	;(PC=0xCBBCEE2C )
(       libmtguard.so[0xCBBCB000])[00 C6 8F E2 ]0x000025C0:	ADD	IP, PC, #0, #12	;(PC=0xCBBCD5C0 )
(       libmtguard.so[0xCBBCB000])[3D CA 8C E2 ]0x000025C4:	ADD	IP, IP, #0X3D000	;(IP=0xCBBCD5C8 )
(       libmtguard.so[0xCBBCB000])[04 F9 BC E5 ]0x000025C8:	LDR	PC, [IP, #0X904]!	;(IP=0xCBC0A5C8 )
(       libmtguard.so[0xCBBCB000])[04 46       ]0x00003E30:	MOV	R4, R0	;(R0=0x300414C0 )
(       libmtguard.so[0xCBBCB000])[24 B1       ]0x00003E32:	CBZ	R4, #0XCBBCEE3E	;(R4=0x300414C0 )
(       libmtguard.so[0xCBBCB000])[20 46       ]0x00003E34:	MOV	R0, R4	;(R4=0x300414C0 )
(       libmtguard.so[0xCBBCB000])[29 46       ]0x00003E36:	MOV	R1, R5	;(R5=0x00000010 )
(       libmtguard.so[0xCBBCB000])[FE F7 CE EB ]0x00003E38:	BLX	#0XCBBCD5D8	;(PC=0xCBBCEE38 )
(       libmtguard.so[0xCBBCB000])[00 C6 8F E2 ]0x000025D8:	ADD	IP, PC, #0, #12	;(PC=0xCBBCD5D8 )
(       libmtguard.so[0xCBBCB000])[3D CA 8C E2 ]0x000025DC:	ADD	IP, IP, #0X3D000	;(IP=0xCBBCD5E0 )
(       libmtguard.so[0xCBBCB000])[F4 F8 BC E5 ]0x000025E0:	LDR	PC, [IP, #0X8F4]!	;(IP=0xCBC0A5E0 )
(       libmtguard.so[0xCBBCB000])[00 E0       ]0x00003E3C:	B	#0XCBBCEE40
(       libmtguard.so[0xCBBCB000])[20 46       ]0x00003E40:	MOV	R0, R4	;(R4=0x300414C0 )
(       libmtguard.so[0xCBBCB000])[B0 BD       ]0x00003E42:	POP	{R4, R5, R7, PC}	;(SP=0x100FFF98 )
(       libmtguard.so[0xCBBCB000])[04 46       ]0x00003894:	MOV	R4, R0	;(R0=0x300414C0 )
(       libmtguard.so[0xCBBCB000])[94 B1       ]0x00003896:	CBZ	R4, #0XCBBCE8BE	;(R4=0x300414C0 )
(       libmtguard.so[0xCBBCB000])[0B 20       ]0x00003898:	MOVS	R0, #0XB
(       libmtguard.so[0xCBBCB000])[C4 E9 00 66 ]0x0000389A:	STRD	R6, R6, [R4]	;(R6=0x00000000 R4=0x300414C0 )
(       libmtguard.so[0xCBBCB000])[C4 E9 02 05 ]0x0000389E:	STRD	R0, R5, [R4, #8]	;(R0=0x0000000B R5=0xCBBCFE51 R4=0x300414C0 )
(       libmtguard.so[0xCBBCB000])[04 20       ]0x000038A2:	MOVS	R0, #4
(       libmtguard.so[0xCBBCB000])[0B 21       ]0x000038A4:	MOVS	R1, #0XB
(       libmtguard.so[0xCBBCB000])[00 22       ]0x000038A6:	MOVS	R2, #0
(       libmtguard.so[0xCBBCB000])[00 23       ]0x000038A8:	MOVS	R3, #0
(       libmtguard.so[0xCBBCB000])[00 F0 B9 FA ]0x000038AA:	BL	#0XCBBCEE20	;(PC=0xCBBCE8AA )
(       libmtguard.so[0xCBBCB000])[B0 B5       ]0x00003E20:	PUSH	{R4, R5, R7, LR}	;(SP=0x100FFFA8 R4=0x300414C0 R5=0xCBBCFE51 R7=0x100FFFB8 LR=0xCBBCE8AF )
(       libmtguard.so[0xCBBCB000])[02 AF       ]0x00003E22:	ADD	R7, SP, #8	;(SP=0x100FFF98 )
(       libmtguard.so[0xCBBCB000])[01 FB 00 F5 ]0x00003E24:	MUL	R5, R1, R0	;(R1=0x0000000B R0=0x00000004 )
(       libmtguard.so[0xCBBCB000])[4D B1       ]0x00003E28:	CBZ	R5, #0XCBBCEE3E	;(R5=0x0000002C )
(       libmtguard.so[0xCBBCB000])[28 46       ]0x00003E2A:	MOV	R0, R5	;(R5=0x0000002C )
(       libmtguard.so[0xCBBCB000])[FE F7 C8 EB ]0x00003E2C:	BLX	#0XCBBCD5C0	;(PC=0xCBBCEE2C )
(       libmtguard.so[0xCBBCB000])[00 C6 8F E2 ]0x000025C0:	ADD	IP, PC, #0, #12	;(PC=0xCBBCD5C0 )
(       libmtguard.so[0xCBBCB000])[3D CA 8C E2 ]0x000025C4:	ADD	IP, IP, #0X3D000	;(IP=0xCBBCD5C8 )
(       libmtguard.so[0xCBBCB000])[04 F9 BC E5 ]0x000025C8:	LDR	PC, [IP, #0X904]!	;(IP=0xCBC0A5C8 )
(       libmtguard.so[0xCBBCB000])[04 46       ]0x00003E30:	MOV	R4, R0	;(R0=0x300414D8 )
(       libmtguard.so[0xCBBCB000])[24 B1       ]0x00003E32:	CBZ	R4, #0XCBBCEE3E	;(R4=0x300414D8 )
(       libmtguard.so[0xCBBCB000])[20 46       ]0x00003E34:	MOV	R0, R4	;(R4=0x300414D8 )
(       libmtguard.so[0xCBBCB000])[29 46       ]0x00003E36:	MOV	R1, R5	;(R5=0x0000002C )
(       libmtguard.so[0xCBBCB000])[FE F7 CE EB ]0x00003E38:	BLX	#0XCBBCD5D8	;(PC=0xCBBCEE38 )
(       libmtguard.so[0xCBBCB000])[00 C6 8F E2 ]0x000025D8:	ADD	IP, PC, #0, #12	;(PC=0xCBBCD5D8 )
(       libmtguard.so[0xCBBCB000])[3D CA 8C E2 ]0x000025DC:	ADD	IP, IP, #0X3D000	;(IP=0xCBBCD5E0 )
(       libmtguard.so[0xCBBCB000])[F4 F8 BC E5 ]0x000025E0:	LDR	PC, [IP, #0X8F4]!	;(IP=0xCBC0A5E0 )
(       libmtguard.so[0xCBBCB000])[00 E0       ]0x00003E3C:	B	#0XCBBCEE40
(       libmtguard.so[0xCBBCB000])[20 46       ]0x00003E40:	MOV	R0, R4	;(R4=0x300414D8 )
(       libmtguard.so[0xCBBCB000])[B0 BD       ]0x00003E42:	POP	{R4, R5, R7, PC}	;(SP=0x100FFF98 )
(       libmtguard.so[0xCBBCB000])[00 28       ]0x000038AE:	CMP	R0, #0	;(R0=0x300414D8 )
(       libmtguard.so[0xCBBCB000])[20 60       ]0x000038B0:	STR	R0, [R4]	;(R0=0x300414D8 R4=0x300414C0 )
(       libmtguard.so[0xCBBCB000])[05 D1       ]0x000038B2:	BNE	#0XCBBCE8C0
(       libmtguard.so[0xCBBCB000])[20 46       ]0x000038C0:	MOV	R0, R4	;(R4=0x300414C0 )
(       libmtguard.so[0xCBBCB000])[5D F8 04 BB ]0x000038C2:	LDR	FP, [SP], #4	;(SP=0x100FFFA8 )
(       libmtguard.so[0xCBBCB000])[F0 BD       ]0x000038C6:	POP	{R4, R5, R6, R7, PC}	;(SP=0x100FFFAC )
(       libmtguard.so[0xCBBCB000])[01 36       ]0x0000CE08:	ADDS	R6, #1	;(R6=0x00000010 )
(       libmtguard.so[0xCBBCB000])[60 60       ]0x0000CE0A:	STR	R0, [R4, #4]	;(R0=0x300414C0 R4=0xCBC0D114 )
(       libmtguard.so[0xCBBCB000])[B6 F5 7C 7F ]0x0000CE0C:	CMP.W	R6, #0X3F0	;(R6=0x00000011 )
(       libmtguard.so[0xCBBCB000])[F3 D1       ]0x0000CE10:	BNE	#0XCBBD7DFA
(       libmtguard.so[0xCBBCB000])[48 46       ]0x0000CDFA:	MOV	R0, SB	;(SB=0xCBBCFE51 )
(       libmtguard.so[0xCBBCB000])[45 F8 36 80 ]0x0000CDFC:	STR.W	R8, [R5, R6, LSL #3]	;(R8=0xFFFFFFFF R5=0xCBC0D094 R6=0x00000011 )
(       libmtguard.so[0xCBBCB000])[05 EB C6 04 ]0x0000CE00:	ADD.W	R4, R5, R6, LSL #3	;(R5=0xCBC0D094 R6=0x00000011 )
(       libmtguard.so[0xCBBCB000])[F6 F7 3A FD ]0x0000CE04:	BL	#0XCBBCE87C	;(PC=0xCBBD7E04 )
(       libmtguard.so[0xCBBCB000])[F0 B5       ]0x0000387C:	PUSH	{R4, R5, R6, R7, LR}	;(SP=0x100FFFC0 R4=0xCBC0D11C R5=0xCBC0D094 R6=0x00000011 R7=0x100FFFE0 LR=0xCBBD7E09 )
(       libmtguard.so[0xCBBCB000])[03 AF       ]0x0000387E:	ADD	R7, SP, #0XC	;(SP=0x100FFFAC )
(       libmtguard.so[0xCBBCB000])[4D F8 04 BD ]0x00003880:	STR	FP, [SP, #-0X4]!	;(FP=0xCBC0B1C4 SP=0x100FFFAC )
(       libmtguard.so[0xCBBCB000])[05 46       ]0x00003884:	MOV	R5, R0	;(R0=0xCBBCFE51 )
(       libmtguard.so[0xCBBCB000])[01 20       ]0x00003886:	MOVS	R0, #1
(       libmtguard.so[0xCBBCB000])[10 21       ]0x00003888:	MOVS	R1, #0X10
(       libmtguard.so[0xCBBCB000])[00 22       ]0x0000388A:	MOVS	R2, #0
(       libmtguard.so[0xCBBCB000])[00 23       ]0x0000388C:	MOVS	R3, #0
(       libmtguard.so[0xCBBCB000])[00 26       ]0x0000388E:	MOVS	R6, #0
(       libmtguard.so[0xCBBCB000])[00 F0 C6 FA ]0x00003890:	BL	#0XCBBCEE20	;(PC=0xCBBCE890 )
(       libmtguard.so[0xCBBCB000])[B0 B5       ]0x00003E20:	PUSH	{R4, R5, R7, LR}	;(SP=0x100FFFA8 R4=0xCBC0D11C R5=0xCBBCFE51 R7=0x100FFFB8 LR=0xCBBCE895 )
(       libmtguard.so[0xCBBCB000])[02 AF       ]0x00003E22:	ADD	R7, SP, #8	;(SP=0x100FFF98 )
(       libmtguard.so[0xCBBCB000])[01 FB 00 F5 ]0x00003E24:	MUL	R5, R1, R0	;(R1=0x00000010 R0=0x00000001 )
(       libmtguard.so[0xCBBCB000])[4D B1       ]0x00003E28:	CBZ	R5, #0XCBBCEE3E	;(R5=0x00000010 )
(       libmtguard.so[0xCBBCB000])[28 46       ]0x00003E2A:	MOV	R0, R5	;(R5=0x00000010 )
(       libmtguard.so[0xCBBCB000])[FE F7 C8 EB ]0x00003E2C:	BLX	#0XCBBCD5C0	;(PC=0xCBBCEE2C )
(       libmtguard.so[0xCBBCB000])[00 C6 8F E2 ]0x000025C0:	ADD	IP, PC, #0, #12	;(PC=0xCBBCD5C0 )
(       libmtguard.so[0xCBBCB000])[3D CA 8C E2 ]0x000025C4:	ADD	IP, IP, #0X3D000	;(IP=0xCBBCD5C8 )
(       libmtguard.so[0xCBBCB000])[04 F9 BC E5 ]0x000025C8:	LDR	PC, [IP, #0X904]!	;(IP=0xCBC0A5C8 )
(       libmtguard.so[0xCBBCB000])[04 46       ]0x00003E30:	MOV	R4, R0	;(R0=0x30041508 )
(       libmtguard.so[0xCBBCB000])[24 B1       ]0x00003E32:	CBZ	R4, #0XCBBCEE3E	;(R4=0x30041508 )
(       libmtguard.so[0xCBBCB000])[20 46       ]0x00003E34:	MOV	R0, R4	;(R4=0x30041508 )
(       libmtguard.so[0xCBBCB000])[29 46       ]0x00003E36:	MOV	R1, R5	;(R5=0x00000010 )
(       libmtguard.so[0xCBBCB000])[FE F7 CE EB ]0x00003E38:	BLX	#0XCBBCD5D8	;(PC=0xCBBCEE38 )
(       libmtguard.so[0xCBBCB000])[00 C6 8F E2 ]0x000025D8:	ADD	IP, PC, #0, #12	;(PC=0xCBBCD5D8 )
(       libmtguard.so[0xCBBCB000])[3D CA 8C E2 ]0x000025DC:	ADD	IP, IP, #0X3D000	;(IP=0xCBBCD5E0 )
(       libmtguard.so[0xCBBCB000])[F4 F8 BC E5 ]0x000025E0:	LDR	PC, [IP, #0X8F4]!	;(IP=0xCBC0A5E0 )
(       libmtguard.so[0xCBBCB000])[00 E0       ]0x00003E3C:	B	#0XCBBCEE40
(       libmtguard.so[0xCBBCB000])[20 46       ]0x00003E40:	MOV	R0, R4	;(R4=0x30041508 )
(       libmtguard.so[0xCBBCB000])[B0 BD       ]0x00003E42:	POP	{R4, R5, R7, PC}	;(SP=0x100FFF98 )
(       libmtguard.so[0xCBBCB000])[04 46       ]0x00003894:	MOV	R4, R0	;(R0=0x30041508 )
(       libmtguard.so[0xCBBCB000])[94 B1       ]0x00003896:	CBZ	R4, #0XCBBCE8BE	;(R4=0x30041508 )
(       libmtguard.so[0xCBBCB000])[0B 20       ]0x00003898:	MOVS	R0, #0XB
(       libmtguard.so[0xCBBCB000])[C4 E9 00 66 ]0x0000389A:	STRD	R6, R6, [R4]	;(R6=0x00000000 R4=0x30041508 )
(       libmtguard.so[0xCBBCB000])[C4 E9 02 05 ]0x0000389E:	STRD	R0, R5, [R4, #8]	;(R0=0x0000000B R5=0xCBBCFE51 R4=0x30041508 )
(       libmtguard.so[0xCBBCB000])[04 20       ]0x000038A2:	MOVS	R0, #4
(       libmtguard.so[0xCBBCB000])[0B 21       ]0x000038A4:	MOVS	R1, #0XB
(       libmtguard.so[0xCBBCB000])[00 22       ]0x000038A6:	MOVS	R2, #0
(       libmtguard.so[0xCBBCB000])[00 23       ]0x000038A8:	MOVS	R3, #0
(       libmtguard.so[0xCBBCB000])[00 F0 B9 FA ]0x000038AA:	BL	#0XCBBCEE20	;(PC=0xCBBCE8AA )
(       libmtguard.so[0xCBBCB000])[B0 B5       ]0x00003E20:	PUSH	{R4, R5, R7, LR}	;(SP=0x100FFFA8 R4=0x30041508 R5=0xCBBCFE51 R7=0x100FFFB8 LR=0xCBBCE8AF )
(       libmtguard.so[0xCBBCB000])[02 AF       ]0x00003E22:	ADD	R7, SP, #8	;(SP=0x100FFF98 )
(       libmtguard.so[0xCBBCB000])[01 FB 00 F5 ]0x00003E24:	MUL	R5, R1, R0	;(R1=0x0000000B R0=0x00000004 )
(       libmtguard.so[0xCBBCB000])[4D B1       ]0x00003E28:	CBZ	R5, #0XCBBCEE3E	;(R5=0x0000002C )
(       libmtguard.so[0xCBBCB000])[28 46       ]0x00003E2A:	MOV	R0, R5	;(R5=0x0000002C )
(       libmtguard.so[0xCBBCB000])[FE F7 C8 EB ]0x00003E2C:	BLX	#0XCBBCD5C0	;(PC=0xCBBCEE2C )
(       libmtguard.so[0xCBBCB000])[00 C6 8F E2 ]0x000025C0:	ADD	IP, PC, #0, #12	;(PC=0xCBBCD5C0 )
(       libmtguard.so[0xCBBCB000])[3D CA 8C E2 ]0x000025C4:	ADD	IP, IP, #0X3D000	;(IP=0xCBBCD5C8 )
(       libmtguard.so[0xCBBCB000])[04 F9 BC E5 ]0x000025C8:	LDR	PC, [IP, #0X904]!	;(IP=0xCBC0A5C8 )
(       libmtguard.so[0xCBBCB000])[04 46       ]0x00003E30:	MOV	R4, R0	;(R0=0x30041520 )
(       libmtguard.so[0xCBBCB000])[24 B1       ]0x00003E32:	CBZ	R4, #0XCBBCEE3E	;(R4=0x30041520 )
(       libmtguard.so[0xCBBCB000])[20 46       ]0x00003E34:	MOV	R0, R4	;(R4=0x30041520 )
(       libmtguard.so[0xCBBCB000])[29 46       ]0x00003E36:	MOV	R1, R5	;(R5=0x0000002C )
(       libmtguard.so[0xCBBCB000])[FE F7 CE EB ]0x00003E38:	BLX	#0XCBBCD5D8	;(PC=0xCBBCEE38 )
(       libmtguard.so[0xCBBCB000])[00 C6 8F E2 ]0x000025D8:	ADD	IP, PC, #0, #12	;(PC=0xCBBCD5D8 )
(       libmtguard.so[0xCBBCB000])[3D CA 8C E2 ]0x000025DC:	ADD	IP, IP, #0X3D000	;(IP=0xCBBCD5E0 )
(       libmtguard.so[0xCBBCB000])[F4 F8 BC E5 ]0x000025E0:	LDR	PC, [IP, #0X8F4]!	;(IP=0xCBC0A5E0 )
(       libmtguard.so[0xCBBCB000])[00 E0       ]0x00003E3C:	B	#0XCBBCEE40
(       libmtguard.so[0xCBBCB000])[20 46       ]0x00003E40:	MOV	R0, R4	;(R4=0x30041520 )
(       libmtguard.so[0xCBBCB000])[B0 BD       ]0x00003E42:	POP	{R4, R5, R7, PC}	;(SP=0x100FFF98 )
(       libmtguard.so[0xCBBCB000])[00 28       ]0x000038AE:	CMP	R0, #0	;(R0=0x30041520 )
(       libmtguard.so[0xCBBCB000])[20 60       ]0x000038B0:	STR	R0, [R4]	;(R0=0x30041520 R4=0x30041508 )
(       libmtguard.so[0xCBBCB000])[05 D1       ]0x000038B2:	BNE	#0XCBBCE8C0
(       libmtguard.so[0xCBBCB000])[20 46       ]0x000038C0:	MOV	R0, R4	;(R4=0x30041508 )
(       libmtguard.so[0xCBBCB000])[5D F8 04 BB ]0x000038C2:	LDR	FP, [SP], #4	;(SP=0x100FFFA8 )
(       libmtguard.so[0xCBBCB000])[F0 BD       ]0x000038C6:	POP	{R4, R5, R6, R7, PC}	;(SP=0x100FFFAC )
(       libmtguard.so[0xCBBCB000])[01 36       ]0x0000CE08:	ADDS	R6, #1	;(R6=0x00000011 )
(       libmtguard.so[0xCBBCB000])[60 60       ]0x0000CE0A:	STR	R0, [R4, #4]	;(R0=0x30041508 R4=0xCBC0D11C )
(       libmtguard.so[0xCBBCB000])[B6 F5 7C 7F ]0x0000CE0C:	CMP.W	R6, #0X3F0	;(R6=0x00000012 )
(       libmtguard.so[0xCBBCB000])[F3 D1       ]0x0000CE10:	BNE	#0XCBBD7DFA
(       libmtguard.so[0xCBBCB000])[48 46       ]0x0000CDFA:	MOV	R0, SB	;(SB=0xCBBCFE51 )
(       libmtguard.so[0xCBBCB000])[45 F8 36 80 ]0x0000CDFC:	STR.W	R8, [R5, R6, LSL #3]	;(R8=0xFFFFFFFF R5=0xCBC0D094 R6=0x00000012 )
(       libmtguard.so[0xCBBCB000])[05 EB C6 04 ]0x0000CE00:	ADD.W	R4, R5, R6, LSL #3	;(R5=0xCBC0D094 R6=0x00000012 )
(       libmtguard.so[0xCBBCB000])[F6 F7 3A FD ]0x0000CE04:	BL	#0XCBBCE87C	;(PC=0xCBBD7E04 )
(       libmtguard.so[0xCBBCB000])[F0 B5       ]0x0000387C:	PUSH	{R4, R5, R6, R7, LR}	;(SP=0x100FFFC0 R4=0xCBC0D124 R5=0xCBC0D094 R6=0x00000012 R7=0x100FFFE0 LR=0xCBBD7E09 )
(       libmtguard.so[0xCBBCB000])[03 AF       ]0x0000387E:	ADD	R7, SP, #0XC	;(SP=0x100FFFAC )
(       libmtguard.so[0xCBBCB000])[4D F8 04 BD ]0x00003880:	STR	FP, [SP, #-0X4]!	;(FP=0xCBC0B1C4 SP=0x100FFFAC )
(       libmtguard.so[0xCBBCB000])[05 46       ]0x00003884:	MOV	R5, R0	;(R0=0xCBBCFE51 )
(       libmtguard.so[0xCBBCB000])[01 20       ]0x00003886:	MOVS	R0, #1
(       libmtguard.so[0xCBBCB000])[10 21       ]0x00003888:	MOVS	R1, #0X10
(       libmtguard.so[0xCBBCB000])[00 22       ]0x0000388A:	MOVS	R2, #0
(       libmtguard.so[0xCBBCB000])[00 23       ]0x0000388C:	MOVS	R3, #0
(       libmtguard.so[0xCBBCB000])[00 26       ]0x0000388E:	MOVS	R6, #0
(       libmtguard.so[0xCBBCB000])[00 F0 C6 FA ]0x00003890:	BL	#0XCBBCEE20	;(PC=0xCBBCE890 )
(       libmtguard.so[0xCBBCB000])[B0 B5       ]0x00003E20:	PUSH	{R4, R5, R7, LR}	;(SP=0x100FFFA8 R4=0xCBC0D124 R5=0xCBBCFE51 R7=0x100FFFB8 LR=0xCBBCE895 )
(       libmtguard.so[0xCBBCB000])[02 AF       ]0x00003E22:	ADD	R7, SP, #8	;(SP=0x100FFF98 )
(       libmtguard.so[0xCBBCB000])[01 FB 00 F5 ]0x00003E24:	MUL	R5, R1, R0	;(R1=0x00000010 R0=0x00000001 )
(       libmtguard.so[0xCBBCB000])[4D B1       ]0x00003E28:	CBZ	R5, #0XCBBCEE3E	;(R5=0x00000010 )
(       libmtguard.so[0xCBBCB000])[28 46       ]0x00003E2A:	MOV	R0, R5	;(R5=0x00000010 )
(       libmtguard.so[0xCBBCB000])[FE F7 C8 EB ]0x00003E2C:	BLX	#0XCBBCD5C0	;(PC=0xCBBCEE2C )
(       libmtguard.so[0xCBBCB000])[00 C6 8F E2 ]0x000025C0:	ADD	IP, PC, #0, #12	;(PC=0xCBBCD5C0 )
(       libmtguard.so[0xCBBCB000])[3D CA 8C E2 ]0x000025C4:	ADD	IP, IP, #0X3D000	;(IP=0xCBBCD5C8 )
(       libmtguard.so[0xCBBCB000])[04 F9 BC E5 ]0x000025C8:	LDR	PC, [IP, #0X904]!	;(IP=0xCBC0A5C8 )
(       libmtguard.so[0xCBBCB000])[04 46       ]0x00003E30:	MOV	R4, R0	;(R0=0x30041550 )
(       libmtguard.so[0xCBBCB000])[24 B1       ]0x00003E32:	CBZ	R4, #0XCBBCEE3E	;(R4=0x30041550 )
(       libmtguard.so[0xCBBCB000])[20 46       ]0x00003E34:	MOV	R0, R4	;(R4=0x30041550 )
(       libmtguard.so[0xCBBCB000])[29 46       ]0x00003E36:	MOV	R1, R5	;(R5=0x00000010 )
(       libmtguard.so[0xCBBCB000])[FE F7 CE EB ]0x00003E38:	BLX	#0XCBBCD5D8	;(PC=0xCBBCEE38 )
(       libmtguard.so[0xCBBCB000])[00 C6 8F E2 ]0x000025D8:	ADD	IP, PC, #0, #12	;(PC=0xCBBCD5D8 )
(       libmtguard.so[0xCBBCB000])[3D CA 8C E2 ]0x000025DC:	ADD	IP, IP, #0X3D000	;(IP=0xCBBCD5E0 )
(       libmtguard.so[0xCBBCB000])[F4 F8 BC E5 ]0x000025E0:	LDR	PC, [IP, #0X8F4]!	;(IP=0xCBC0A5E0 )
(       libmtguard.so[0xCBBCB000])[00 E0       ]0x00003E3C:	B	#0XCBBCEE40
(       libmtguard.so[0xCBBCB000])[20 46       ]0x00003E40:	MOV	R0, R4	;(R4=0x30041550 )
(       libmtguard.so[0xCBBCB000])[B0 BD       ]0x00003E42:	POP	{R4, R5, R7, PC}	;(SP=0x100FFF98 )
(       libmtguard.so[0xCBBCB000])[04 46       ]0x00003894:	MOV	R4, R0	;(R0=0x30041550 )
(       libmtguard.so[0xCBBCB000])[94 B1       ]0x00003896:	CBZ	R4, #0XCBBCE8BE	;(R4=0x30041550 )
(       libmtguard.so[0xCBBCB000])[0B 20       ]0x00003898:	MOVS	R0, #0XB
(       libmtguard.so[0xCBBCB000])[C4 E9 00 66 ]0x0000389A:	STRD	R6, R6, [R4]	;(R6=0x00000000 R4=0x30041550 )
(       libmtguard.so[0xCBBCB000])[C4 E9 02 05 ]0x0000389E:	STRD	R0, R5, [R4, #8]	;(R0=0x0000000B R5=0xCBBCFE51 R4=0x30041550 )
(       libmtguard.so[0xCBBCB000])[04 20       ]0x000038A2:	MOVS	R0, #4
(       libmtguard.so[0xCBBCB000])[0B 21       ]0x000038A4:	MOVS	R1, #0XB
(       libmtguard.so[0xCBBCB000])[00 22       ]0x000038A6:	MOVS	R2, #0
(       libmtguard.so[0xCBBCB000])[00 23       ]0x000038A8:	MOVS	R3, #0
(       libmtguard.so[0xCBBCB000])[00 F0 B9 FA ]0x000038AA:	BL	#0XCBBCEE20	;(PC=0xCBBCE8AA )
(       libmtguard.so[0xCBBCB000])[B0 B5       ]0x00003E20:	PUSH	{R4, R5, R7, LR}	;(SP=0x100FFFA8 R4=0x30041550 R5=0xCBBCFE51 R7=0x100FFFB8 LR=0xCBBCE8AF )
(       libmtguard.so[0xCBBCB000])[02 AF       ]0x00003E22:	ADD	R7, SP, #8	;(SP=0x100FFF98 )
(       libmtguard.so[0xCBBCB000])[01 FB 00 F5 ]0x00003E24:	MUL	R5, R1, R0	;(R1=0x0000000B R0=0x00000004 )
(       libmtguard.so[0xCBBCB000])[4D B1       ]0x00003E28:	CBZ	R5, #0XCBBCEE3E	;(R5=0x0000002C )
(       libmtguard.so[0xCBBCB000])[28 46       ]0x00003E2A:	MOV	R0, R5	;(R5=0x0000002C )
(       libmtguard.so[0xCBBCB000])[FE F7 C8 EB ]0x00003E2C:	BLX	#0XCBBCD5C0	;(PC=0xCBBCEE2C )
(       libmtguard.so[0xCBBCB000])[00 C6 8F E2 ]0x000025C0:	ADD	IP, PC, #0, #12	;(PC=0xCBBCD5C0 )
(       libmtguard.so[0xCBBCB000])[3D CA 8C E2 ]0x000025C4:	ADD	IP, IP, #0X3D000	;(IP=0xCBBCD5C8 )
(       libmtguard.so[0xCBBCB000])[04 F9 BC E5 ]0x000025C8:	LDR	PC, [IP, #0X904]!	;(IP=0xCBC0A5C8 )
(       libmtguard.so[0xCBBCB000])[04 46       ]0x00003E30:	MOV	R4, R0	;(R0=0x30041568 )
(       libmtguard.so[0xCBBCB000])[24 B1       ]0x00003E32:	CBZ	R4, #0XCBBCEE3E	;(R4=0x30041568 )
(       libmtguard.so[0xCBBCB000])[20 46       ]0x00003E34:	MOV	R0, R4	;(R4=0x30041568 )
(       libmtguard.so[0xCBBCB000])[29 46       ]0x00003E36:	MOV	R1, R5	;(R5=0x0000002C )
(       libmtguard.so[0xCBBCB000])[FE F7 CE EB ]0x00003E38:	BLX	#0XCBBCD5D8	;(PC=0xCBBCEE38 )
(       libmtguard.so[0xCBBCB000])[00 C6 8F E2 ]0x000025D8:	ADD	IP, PC, #0, #12	;(PC=0xCBBCD5D8 )
(       libmtguard.so[0xCBBCB000])[3D CA 8C E2 ]0x000025DC:	ADD	IP, IP, #0X3D000	;(IP=0xCBBCD5E0 )
(       libmtguard.so[0xCBBCB000])[F4 F8 BC E5 ]0x000025E0:	LDR	PC, [IP, #0X8F4]!	;(IP=0xCBC0A5E0 )
(       libmtguard.so[0xCBBCB000])[00 E0       ]0x00003E3C:	B	#0XCBBCEE40
(       libmtguard.so[0xCBBCB000])[20 46       ]0x00003E40:	MOV	R0, R4	;(R4=0x30041568 )
(       libmtguard.so[0xCBBCB000])[B0 BD       ]0x00003E42:	POP	{R4, R5, R7, PC}	;(SP=0x100FFF98 )
(       libmtguard.so[0xCBBCB000])[00 28       ]0x000038AE:	CMP	R0, #0	;(R0=0x30041568 )
(       libmtguard.so[0xCBBCB000])[20 60       ]0x000038B0:	STR	R0, [R4]	;(R0=0x30041568 R4=0x30041550 )
(       libmtguard.so[0xCBBCB000])[05 D1       ]0x000038B2:	BNE	#0XCBBCE8C0
(       libmtguard.so[0xCBBCB000])[20 46       ]0x000038C0:	MOV	R0, R4	;(R4=0x30041550 )
(       libmtguard.so[0xCBBCB000])[5D F8 04 BB ]0x000038C2:	LDR	FP, [SP], #4	;(SP=0x100FFFA8 )
(       libmtguard.so[0xCBBCB000])[F0 BD       ]0x000038C6:	POP	{R4, R5, R6, R7, PC}	;(SP=0x100FFFAC )
(       libmtguard.so[0xCBBCB000])[01 36       ]0x0000CE08:	ADDS	R6, #1	;(R6=0x00000012 )
(       libmtguard.so[0xCBBCB000])[60 60       ]0x0000CE0A:	STR	R0, [R4, #4]	;(R0=0x30041550 R4=0xCBC0D124 )
(       libmtguard.so[0xCBBCB000])[B6 F5 7C 7F ]0x0000CE0C:	CMP.W	R6, #0X3F0	;(R6=0x00000013 )
(       libmtguard.so[0xCBBCB000])[F3 D1       ]0x0000CE10:	BNE	#0XCBBD7DFA
(       libmtguard.so[0xCBBCB000])[48 46       ]0x0000CDFA:	MOV	R0, SB	;(SB=0xCBBCFE51 )
(       libmtguard.so[0xCBBCB000])[45 F8 36 80 ]0x0000CDFC:	STR.W	R8, [R5, R6, LSL #3]	;(R8=0xFFFFFFFF R5=0xCBC0D094 R6=0x00000013 )
(       libmtguard.so[0xCBBCB000])[05 EB C6 04 ]0x0000CE00:	ADD.W	R4, R5, R6, LSL #3	;(R5=0xCBC0D094 R6=0x00000013 )
(       libmtguard.so[0xCBBCB000])[F6 F7 3A FD ]0x0000CE04:	BL	#0XCBBCE87C	;(PC=0xCBBD7E04 )
(       libmtguard.so[0xCBBCB000])[F0 B5       ]0x0000387C:	PUSH	{R4, R5, R6, R7, LR}	;(SP=0x100FFFC0 R4=0xCBC0D12C R5=0xCBC0D094 R6=0x00000013 R7=0x100FFFE0 LR=0xCBBD7E09 )
(       libmtguard.so[0xCBBCB000])[03 AF       ]0x0000387E:	ADD	R7, SP, #0XC	;(SP=0x100FFFAC )
(       libmtguard.so[0xCBBCB000])[4D F8 04 BD ]0x00003880:	STR	FP, [SP, #-0X4]!	;(FP=0xCBC0B1C4 SP=0x100FFFAC )
(       libmtguard.so[0xCBBCB000])[05 46       ]0x00003884:	MOV	R5, R0	;(R0=0xCBBCFE51 )
(       libmtguard.so[0xCBBCB000])[01 20       ]0x00003886:	MOVS	R0, #1
(       libmtguard.so[0xCBBCB000])[10 21       ]0x00003888:	MOVS	R1, #0X10
(       libmtguard.so[0xCBBCB000])[00 22       ]0x0000388A:	MOVS	R2, #0
(       libmtguard.so[0xCBBCB000])[00 23       ]0x0000388C:	MOVS	R3, #0
(       libmtguard.so[0xCBBCB000])[00 26       ]0x0000388E:	MOVS	R6, #0
(       libmtguard.so[0xCBBCB000])[00 F0 C6 FA ]0x00003890:	BL	#0XCBBCEE20	;(PC=0xCBBCE890 )
(       libmtguard.so[0xCBBCB000])[B0 B5       ]0x00003E20:	PUSH	{R4, R5, R7, LR}	;(SP=0x100FFFA8 R4=0xCBC0D12C R5=0xCBBCFE51 R7=0x100FFFB8 LR=0xCBBCE895 )
(       libmtguard.so[0xCBBCB000])[02 AF       ]0x00003E22:	ADD	R7, SP, #8	;(SP=0x100FFF98 )
(       libmtguard.so[0xCBBCB000])[01 FB 00 F5 ]0x00003E24:	MUL	R5, R1, R0	;(R1=0x00000010 R0=0x00000001 )
(       libmtguard.so[0xCBBCB000])[4D B1       ]0x00003E28:	CBZ	R5, #0XCBBCEE3E	;(R5=0x00000010 )
(       libmtguard.so[0xCBBCB000])[28 46       ]0x00003E2A:	MOV	R0, R5	;(R5=0x00000010 )
(       libmtguard.so[0xCBBCB000])[FE F7 C8 EB ]0x00003E2C:	BLX	#0XCBBCD5C0	;(PC=0xCBBCEE2C )
(       libmtguard.so[0xCBBCB000])[00 C6 8F E2 ]0x000025C0:	ADD	IP, PC, #0, #12	;(PC=0xCBBCD5C0 )
(       libmtguard.so[0xCBBCB000])[3D CA 8C E2 ]0x000025C4:	ADD	IP, IP, #0X3D000	;(IP=0xCBBCD5C8 )
(       libmtguard.so[0xCBBCB000])[04 F9 BC E5 ]0x000025C8:	LDR	PC, [IP, #0X904]!	;(IP=0xCBC0A5C8 )
(       libmtguard.so[0xCBBCB000])[04 46       ]0x00003E30:	MOV	R4, R0	;(R0=0x30041598 )
(       libmtguard.so[0xCBBCB000])[24 B1       ]0x00003E32:	CBZ	R4, #0XCBBCEE3E	;(R4=0x30041598 )
(       libmtguard.so[0xCBBCB000])[20 46       ]0x00003E34:	MOV	R0, R4	;(R4=0x30041598 )
(       libmtguard.so[0xCBBCB000])[29 46       ]0x00003E36:	MOV	R1, R5	;(R5=0x00000010 )
(       libmtguard.so[0xCBBCB000])[FE F7 CE EB ]0x00003E38:	BLX	#0XCBBCD5D8	;(PC=0xCBBCEE38 )
(       libmtguard.so[0xCBBCB000])[00 C6 8F E2 ]0x000025D8:	ADD	IP, PC, #0, #12	;(PC=0xCBBCD5D8 )
(       libmtguard.so[0xCBBCB000])[3D CA 8C E2 ]0x000025DC:	ADD	IP, IP, #0X3D000	;(IP=0xCBBCD5E0 )
(       libmtguard.so[0xCBBCB000])[F4 F8 BC E5 ]0x000025E0:	LDR	PC, [IP, #0X8F4]!	;(IP=0xCBC0A5E0 )
(       libmtguard.so[0xCBBCB000])[00 E0       ]0x00003E3C:	B	#0XCBBCEE40
(       libmtguard.so[0xCBBCB000])[20 46       ]0x00003E40:	MOV	R0, R4	;(R4=0x30041598 )
(       libmtguard.so[0xCBBCB000])[B0 BD       ]0x00003E42:	POP	{R4, R5, R7, PC}	;(SP=0x100FFF98 )
(       libmtguard.so[0xCBBCB000])[04 46       ]0x00003894:	MOV	R4, R0	;(R0=0x30041598 )
(       libmtguard.so[0xCBBCB000])[94 B1       ]0x00003896:	CBZ	R4, #0XCBBCE8BE	;(R4=0x30041598 )
(       libmtguard.so[0xCBBCB000])[0B 20       ]0x00003898:	MOVS	R0, #0XB
(       libmtguard.so[0xCBBCB000])[C4 E9 00 66 ]0x0000389A:	STRD	R6, R6, [R4]	;(R6=0x00000000 R4=0x30041598 )
(       libmtguard.so[0xCBBCB000])[C4 E9 02 05 ]0x0000389E:	STRD	R0, R5, [R4, #8]	;(R0=0x0000000B R5=0xCBBCFE51 R4=0x30041598 )
(       libmtguard.so[0xCBBCB000])[04 20       ]0x000038A2:	MOVS	R0, #4
(       libmtguard.so[0xCBBCB000])[0B 21       ]0x000038A4:	MOVS	R1, #0XB
(       libmtguard.so[0xCBBCB000])[00 22       ]0x000038A6:	MOVS	R2, #0
(       libmtguard.so[0xCBBCB000])[00 23       ]0x000038A8:	MOVS	R3, #0
(       libmtguard.so[0xCBBCB000])[00 F0 B9 FA ]0x000038AA:	BL	#0XCBBCEE20	;(PC=0xCBBCE8AA )
(       libmtguard.so[0xCBBCB000])[B0 B5       ]0x00003E20:	PUSH	{R4, R5, R7, LR}	;(SP=0x100FFFA8 R4=0x30041598 R5=0xCBBCFE51 R7=0x100FFFB8 LR=0xCBBCE8AF )
(       libmtguard.so[0xCBBCB000])[02 AF       ]0x00003E22:	ADD	R7, SP, #8	;(SP=0x100FFF98 )
(       libmtguard.so[0xCBBCB000])[01 FB 00 F5 ]0x00003E24:	MUL	R5, R1, R0	;(R1=0x0000000B R0=0x00000004 )
(       libmtguard.so[0xCBBCB000])[4D B1       ]0x00003E28:	CBZ	R5, #0XCBBCEE3E	;(R5=0x0000002C )
(       libmtguard.so[0xCBBCB000])[28 46       ]0x00003E2A:	MOV	R0, R5	;(R5=0x0000002C )
(       libmtguard.so[0xCBBCB000])[FE F7 C8 EB ]0x00003E2C:	BLX	#0XCBBCD5C0	;(PC=0xCBBCEE2C )
(       libmtguard.so[0xCBBCB000])[00 C6 8F E2 ]0x000025C0:	ADD	IP, PC, #0, #12	;(PC=0xCBBCD5C0 )
(       libmtguard.so[0xCBBCB000])[3D CA 8C E2 ]0x000025C4:	ADD	IP, IP, #0X3D000	;(IP=0xCBBCD5C8 )
(       libmtguard.so[0xCBBCB000])[04 F9 BC E5 ]0x000025C8:	LDR	PC, [IP, #0X904]!	;(IP=0xCBC0A5C8 )
(       libmtguard.so[0xCBBCB000])[04 46       ]0x00003E30:	MOV	R4, R0	;(R0=0x300415B0 )
(       libmtguard.so[0xCBBCB000])[24 B1       ]0x00003E32:	CBZ	R4, #0XCBBCEE3E	;(R4=0x300415B0 )
(       libmtguard.so[0xCBBCB000])[20 46       ]0x00003E34:	MOV	R0, R4	;(R4=0x300415B0 )
(       libmtguard.so[0xCBBCB000])[29 46       ]0x00003E36:	MOV	R1, R5	;(R5=0x0000002C )
(       libmtguard.so[0xCBBCB000])[FE F7 CE EB ]0x00003E38:	BLX	#0XCBBCD5D8	;(PC=0xCBBCEE38 )
(       libmtguard.so[0xCBBCB000])[00 C6 8F E2 ]0x000025D8:	ADD	IP, PC, #0, #12	;(PC=0xCBBCD5D8 )
(       libmtguard.so[0xCBBCB000])[3D CA 8C E2 ]0x000025DC:	ADD	IP, IP, #0X3D000	;(IP=0xCBBCD5E0 )
(       libmtguard.so[0xCBBCB000])[F4 F8 BC E5 ]0x000025E0:	LDR	PC, [IP, #0X8F4]!	;(IP=0xCBC0A5E0 )
(       libmtguard.so[0xCBBCB000])[00 E0       ]0x00003E3C:	B	#0XCBBCEE40
(       libmtguard.so[0xCBBCB000])[20 46       ]0x00003E40:	MOV	R0, R4	;(R4=0x300415B0 )
(       libmtguard.so[0xCBBCB000])[B0 BD       ]0x00003E42:	POP	{R4, R5, R7, PC}	;(SP=0x100FFF98 )
(       libmtguard.so[0xCBBCB000])[00 28       ]0x000038AE:	CMP	R0, #0	;(R0=0x300415B0 )
(       libmtguard.so[0xCBBCB000])[20 60       ]0x000038B0:	STR	R0, [R4]	;(R0=0x300415B0 R4=0x30041598 )
(       libmtguard.so[0xCBBCB000])[05 D1       ]0x000038B2:	BNE	#0XCBBCE8C0
(       libmtguard.so[0xCBBCB000])[20 46       ]0x000038C0:	MOV	R0, R4	;(R4=0x30041598 )
(       libmtguard.so[0xCBBCB000])[5D F8 04 BB ]0x000038C2:	LDR	FP, [SP], #4	;(SP=0x100FFFA8 )
(       libmtguard.so[0xCBBCB000])[F0 BD       ]0x000038C6:	POP	{R4, R5, R6, R7, PC}	;(SP=0x100FFFAC )
(       libmtguard.so[0xCBBCB000])[01 36       ]0x0000CE08:	ADDS	R6, #1	;(R6=0x00000013 )
(       libmtguard.so[0xCBBCB000])[60 60       ]0x0000CE0A:	STR	R0, [R4, #4]	;(R0=0x30041598 R4=0xCBC0D12C )
(       libmtguard.so[0xCBBCB000])[B6 F5 7C 7F ]0x0000CE0C:	CMP.W	R6, #0X3F0	;(R6=0x00000014 )
(       libmtguard.so[0xCBBCB000])[F3 D1       ]0x0000CE10:	BNE	#0XCBBD7DFA
(       libmtguard.so[0xCBBCB000])[48 46       ]0x0000CDFA:	MOV	R0, SB	;(SB=0xCBBCFE51 )
(       libmtguard.so[0xCBBCB000])[45 F8 36 80 ]0x0000CDFC:	STR.W	R8, [R5, R6, LSL #3]	;(R8=0xFFFFFFFF R5=0xCBC0D094 R6=0x00000014 )
(       libmtguard.so[0xCBBCB000])[05 EB C6 04 ]0x0000CE00:	ADD.W	R4, R5, R6, LSL #3	;(R5=0xCBC0D094 R6=0x00000014 )
(       libmtguard.so[0xCBBCB000])[F6 F7 3A FD ]0x0000CE04:	BL	#0XCBBCE87C	;(PC=0xCBBD7E04 )
(       libmtguard.so[0xCBBCB000])[F0 B5       ]0x0000387C:	PUSH	{R4, R5, R6, R7, LR}	;(SP=0x100FFFC0 R4=0xCBC0D134 R5=0xCBC0D094 R6=0x00000014 R7=0x100FFFE0 LR=0xCBBD7E09 )
(       libmtguard.so[0xCBBCB000])[03 AF       ]0x0000387E:	ADD	R7, SP, #0XC	;(SP=0x100FFFAC )
(       libmtguard.so[0xCBBCB000])[4D F8 04 BD ]0x00003880:	STR	FP, [SP, #-0X4]!	;(FP=0xCBC0B1C4 SP=0x100FFFAC )
(       libmtguard.so[0xCBBCB000])[05 46       ]0x00003884:	MOV	R5, R0	;(R0=0xCBBCFE51 )
(       libmtguard.so[0xCBBCB000])[01 20       ]0x00003886:	MOVS	R0, #1
(       libmtguard.so[0xCBBCB000])[10 21       ]0x00003888:	MOVS	R1, #0X10
(       libmtguard.so[0xCBBCB000])[00 22       ]0x0000388A:	MOVS	R2, #0
(       libmtguard.so[0xCBBCB000])[00 23       ]0x0000388C:	MOVS	R3, #0
(       libmtguard.so[0xCBBCB000])[00 26       ]0x0000388E:	MOVS	R6, #0
(       libmtguard.so[0xCBBCB000])[00 F0 C6 FA ]0x00003890:	BL	#0XCBBCEE20	;(PC=0xCBBCE890 )
(       libmtguard.so[0xCBBCB000])[B0 B5       ]0x00003E20:	PUSH	{R4, R5, R7, LR}	;(SP=0x100FFFA8 R4=0xCBC0D134 R5=0xCBBCFE51 R7=0x100FFFB8 LR=0xCBBCE895 )
(       libmtguard.so[0xCBBCB000])[02 AF       ]0x00003E22:	ADD	R7, SP, #8	;(SP=0x100FFF98 )
(       libmtguard.so[0xCBBCB000])[01 FB 00 F5 ]0x00003E24:	MUL	R5, R1, R0	;(R1=0x00000010 R0=0x00000001 )
(       libmtguard.so[0xCBBCB000])[4D B1       ]0x00003E28:	CBZ	R5, #0XCBBCEE3E	;(R5=0x00000010 )
(       libmtguard.so[0xCBBCB000])[28 46       ]0x00003E2A:	MOV	R0, R5	;(R5=0x00000010 )
(       libmtguard.so[0xCBBCB000])[FE F7 C8 EB ]0x00003E2C:	BLX	#0XCBBCD5C0	;(PC=0xCBBCEE2C )
(       libmtguard.so[0xCBBCB000])[00 C6 8F E2 ]0x000025C0:	ADD	IP, PC, #0, #12	;(PC=0xCBBCD5C0 )
(       libmtguard.so[0xCBBCB000])[3D CA 8C E2 ]0x000025C4:	ADD	IP, IP, #0X3D000	;(IP=0xCBBCD5C8 )
(       libmtguard.so[0xCBBCB000])[04 F9 BC E5 ]0x000025C8:	LDR	PC, [IP, #0X904]!	;(IP=0xCBC0A5C8 )
(       libmtguard.so[0xCBBCB000])[04 46       ]0x00003E30:	MOV	R4, R0	;(R0=0x300415E0 )
(       libmtguard.so[0xCBBCB000])[24 B1       ]0x00003E32:	CBZ	R4, #0XCBBCEE3E	;(R4=0x300415E0 )
(       libmtguard.so[0xCBBCB000])[20 46       ]0x00003E34:	MOV	R0, R4	;(R4=0x300415E0 )
(       libmtguard.so[0xCBBCB000])[29 46       ]0x00003E36:	MOV	R1, R5	;(R5=0x00000010 )
(       libmtguard.so[0xCBBCB000])[FE F7 CE EB ]0x00003E38:	BLX	#0XCBBCD5D8	;(PC=0xCBBCEE38 )
(       libmtguard.so[0xCBBCB000])[00 C6 8F E2 ]0x000025D8:	ADD	IP, PC, #0, #12	;(PC=0xCBBCD5D8 )
(       libmtguard.so[0xCBBCB000])[3D CA 8C E2 ]0x000025DC:	ADD	IP, IP, #0X3D000	;(IP=0xCBBCD5E0 )
(       libmtguard.so[0xCBBCB000])[F4 F8 BC E5 ]0x000025E0:	LDR	PC, [IP, #0X8F4]!	;(IP=0xCBC0A5E0 )
(       libmtguard.so[0xCBBCB000])[00 E0       ]0x00003E3C:	B	#0XCBBCEE40
(       libmtguard.so[0xCBBCB000])[20 46       ]0x00003E40:	MOV	R0, R4	;(R4=0x300415E0 )
(       libmtguard.so[0xCBBCB000])[B0 BD       ]0x00003E42:	POP	{R4, R5, R7, PC}	;(SP=0x100FFF98 )
(       libmtguard.so[0xCBBCB000])[04 46       ]0x00003894:	MOV	R4, R0	;(R0=0x300415E0 )
(       libmtguard.so[0xCBBCB000])[94 B1       ]0x00003896:	CBZ	R4, #0XCBBCE8BE	;(R4=0x300415E0 )
(       libmtguard.so[0xCBBCB000])[0B 20       ]0x00003898:	MOVS	R0, #0XB
(       libmtguard.so[0xCBBCB000])[C4 E9 00 66 ]0x0000389A:	STRD	R6, R6, [R4]	;(R6=0x00000000 R4=0x300415E0 )
(       libmtguard.so[0xCBBCB000])[C4 E9 02 05 ]0x0000389E:	STRD	R0, R5, [R4, #8]	;(R0=0x0000000B R5=0xCBBCFE51 R4=0x300415E0 )
(       libmtguard.so[0xCBBCB000])[04 20       ]0x000038A2:	MOVS	R0, #4
(       libmtguard.so[0xCBBCB000])[0B 21       ]0x000038A4:	MOVS	R1, #0XB
(       libmtguard.so[0xCBBCB000])[00 22       ]0x000038A6:	MOVS	R2, #0
(       libmtguard.so[0xCBBCB000])[00 23       ]0x000038A8:	MOVS	R3, #0
(       libmtguard.so[0xCBBCB000])[00 F0 B9 FA ]0x000038AA:	BL	#0XCBBCEE20	;(PC=0xCBBCE8AA )
(       libmtguard.so[0xCBBCB000])[B0 B5       ]0x00003E20:	PUSH	{R4, R5, R7, LR}	;(SP=0x100FFFA8 R4=0x300415E0 R5=0xCBBCFE51 R7=0x100FFFB8 LR=0xCBBCE8AF )
(       libmtguard.so[0xCBBCB000])[02 AF       ]0x00003E22:	ADD	R7, SP, #8	;(SP=0x100FFF98 )
(       libmtguard.so[0xCBBCB000])[01 FB 00 F5 ]0x00003E24:	MUL	R5, R1, R0	;(R1=0x0000000B R0=0x00000004 )
(       libmtguard.so[0xCBBCB000])[4D B1       ]0x00003E28:	CBZ	R5, #0XCBBCEE3E	;(R5=0x0000002C )
(       libmtguard.so[0xCBBCB000])[28 46       ]0x00003E2A:	MOV	R0, R5	;(R5=0x0000002C )
(       libmtguard.so[0xCBBCB000])[FE F7 C8 EB ]0x00003E2C:	BLX	#0XCBBCD5C0	;(PC=0xCBBCEE2C )
(       libmtguard.so[0xCBBCB000])[00 C6 8F E2 ]0x000025C0:	ADD	IP, PC, #0, #12	;(PC=0xCBBCD5C0 )
(       libmtguard.so[0xCBBCB000])[3D CA 8C E2 ]0x000025C4:	ADD	IP, IP, #0X3D000	;(IP=0xCBBCD5C8 )
(       libmtguard.so[0xCBBCB000])[04 F9 BC E5 ]0x000025C8:	LDR	PC, [IP, #0X904]!	;(IP=0xCBC0A5C8 )
(       libmtguard.so[0xCBBCB000])[04 46       ]0x00003E30:	MOV	R4, R0	;(R0=0x300415F8 )
(       libmtguard.so[0xCBBCB000])[24 B1       ]0x00003E32:	CBZ	R4, #0XCBBCEE3E	;(R4=0x300415F8 )
(       libmtguard.so[0xCBBCB000])[20 46       ]0x00003E34:	MOV	R0, R4	;(R4=0x300415F8 )
(       libmtguard.so[0xCBBCB000])[29 46       ]0x00003E36:	MOV	R1, R5	;(R5=0x0000002C )
(       libmtguard.so[0xCBBCB000])[FE F7 CE EB ]0x00003E38:	BLX	#0XCBBCD5D8	;(PC=0xCBBCEE38 )
(       libmtguard.so[0xCBBCB000])[00 C6 8F E2 ]0x000025D8:	ADD	IP, PC, #0, #12	;(PC=0xCBBCD5D8 )
(       libmtguard.so[0xCBBCB000])[3D CA 8C E2 ]0x000025DC:	ADD	IP, IP, #0X3D000	;(IP=0xCBBCD5E0 )
(       libmtguard.so[0xCBBCB000])[F4 F8 BC E5 ]0x000025E0:	LDR	PC, [IP, #0X8F4]!	;(IP=0xCBC0A5E0 )
(       libmtguard.so[0xCBBCB000])[00 E0       ]0x00003E3C:	B	#0XCBBCEE40
(       libmtguard.so[0xCBBCB000])[20 46       ]0x00003E40:	MOV	R0, R4	;(R4=0x300415F8 )
(       libmtguard.so[0xCBBCB000])[B0 BD       ]0x00003E42:	POP	{R4, R5, R7, PC}	;(SP=0x100FFF98 )
(       libmtguard.so[0xCBBCB000])[00 28       ]0x000038AE:	CMP	R0, #0	;(R0=0x300415F8 )
(       libmtguard.so[0xCBBCB000])[20 60       ]0x000038B0:	STR	R0, [R4]	;(R0=0x300415F8 R4=0x300415E0 )
(       libmtguard.so[0xCBBCB000])[05 D1       ]0x000038B2:	BNE	#0XCBBCE8C0
(       libmtguard.so[0xCBBCB000])[20 46       ]0x000038C0:	MOV	R0, R4	;(R4=0x300415E0 )
(       libmtguard.so[0xCBBCB000])[5D F8 04 BB ]0x000038C2:	LDR	FP, [SP], #4	;(SP=0x100FFFA8 )
(       libmtguard.so[0xCBBCB000])[F0 BD       ]0x000038C6:	POP	{R4, R5, R6, R7, PC}	;(SP=0x100FFFAC )
(       libmtguard.so[0xCBBCB000])[01 36       ]0x0000CE08:	ADDS	R6, #1	;(R6=0x00000014 )
(       libmtguard.so[0xCBBCB000])[60 60       ]0x0000CE0A:	STR	R0, [R4, #4]	;(R0=0x300415E0 R4=0xCBC0D134 )
(       libmtguard.so[0xCBBCB000])[B6 F5 7C 7F ]0x0000CE0C:	CMP.W	R6, #0X3F0	;(R6=0x00000015 )
(       libmtguard.so[0xCBBCB000])[F3 D1       ]0x0000CE10:	BNE	#0XCBBD7DFA
(       libmtguard.so[0xCBBCB000])[48 46       ]0x0000CDFA:	MOV	R0, SB	;(SB=0xCBBCFE51 )
(       libmtguard.so[0xCBBCB000])[45 F8 36 80 ]0x0000CDFC:	STR.W	R8, [R5, R6, LSL #3]	;(R8=0xFFFFFFFF R5=0xCBC0D094 R6=0x00000015 )
(       libmtguard.so[0xCBBCB000])[05 EB C6 04 ]0x0000CE00:	ADD.W	R4, R5, R6, LSL #3	;(R5=0xCBC0D094 R6=0x00000015 )
(       libmtguard.so[0xCBBCB000])[F6 F7 3A FD ]0x0000CE04:	BL	#0XCBBCE87C	;(PC=0xCBBD7E04 )
(       libmtguard.so[0xCBBCB000])[F0 B5       ]0x0000387C:	PUSH	{R4, R5, R6, R7, LR}	;(SP=0x100FFFC0 R4=0xCBC0D13C R5=0xCBC0D094 R6=0x00000015 R7=0x100FFFE0 LR=0xCBBD7E09 )
(       libmtguard.so[0xCBBCB000])[03 AF       ]0x0000387E:	ADD	R7, SP, #0XC	;(SP=0x100FFFAC )
(       libmtguard.so[0xCBBCB000])[4D F8 04 BD ]0x00003880:	STR	FP, [SP, #-0X4]!	;(FP=0xCBC0B1C4 SP=0x100FFFAC )
(       libmtguard.so[0xCBBCB000])[05 46       ]0x00003884:	MOV	R5, R0	;(R0=0xCBBCFE51 )
(       libmtguard.so[0xCBBCB000])[01 20       ]0x00003886:	MOVS	R0, #1
(       libmtguard.so[0xCBBCB000])[10 21       ]0x00003888:	MOVS	R1, #0X10
(       libmtguard.so[0xCBBCB000])[00 22       ]0x0000388A:	MOVS	R2, #0
(       libmtguard.so[0xCBBCB000])[00 23       ]0x0000388C:	MOVS	R3, #0
(       libmtguard.so[0xCBBCB000])[00 26       ]0x0000388E:	MOVS	R6, #0
(       libmtguard.so[0xCBBCB000])[00 F0 C6 FA ]0x00003890:	BL	#0XCBBCEE20	;(PC=0xCBBCE890 )
(       libmtguard.so[0xCBBCB000])[B0 B5       ]0x00003E20:	PUSH	{R4, R5, R7, LR}	;(SP=0x100FFFA8 R4=0xCBC0D13C R5=0xCBBCFE51 R7=0x100FFFB8 LR=0xCBBCE895 )
(       libmtguard.so[0xCBBCB000])[02 AF       ]0x00003E22:	ADD	R7, SP, #8	;(SP=0x100FFF98 )
(       libmtguard.so[0xCBBCB000])[01 FB 00 F5 ]0x00003E24:	MUL	R5, R1, R0	;(R1=0x00000010 R0=0x00000001 )
(       libmtguard.so[0xCBBCB000])[4D B1       ]0x00003E28:	CBZ	R5, #0XCBBCEE3E	;(R5=0x00000010 )
(       libmtguard.so[0xCBBCB000])[28 46       ]0x00003E2A:	MOV	R0, R5	;(R5=0x00000010 )
(       libmtguard.so[0xCBBCB000])[FE F7 C8 EB ]0x00003E2C:	BLX	#0XCBBCD5C0	;(PC=0xCBBCEE2C )
(       libmtguard.so[0xCBBCB000])[00 C6 8F E2 ]0x000025C0:	ADD	IP, PC, #0, #12	;(PC=0xCBBCD5C0 )
(       libmtguard.so[0xCBBCB000])[3D CA 8C E2 ]0x000025C4:	ADD	IP, IP, #0X3D000	;(IP=0xCBBCD5C8 )
(       libmtguard.so[0xCBBCB000])[04 F9 BC E5 ]0x000025C8:	LDR	PC, [IP, #0X904]!	;(IP=0xCBC0A5C8 )
(       libmtguard.so[0xCBBCB000])[04 46       ]0x00003E30:	MOV	R4, R0	;(R0=0x30041628 )
(       libmtguard.so[0xCBBCB000])[24 B1       ]0x00003E32:	CBZ	R4, #0XCBBCEE3E	;(R4=0x30041628 )
(       libmtguard.so[0xCBBCB000])[20 46       ]0x00003E34:	MOV	R0, R4	;(R4=0x30041628 )
(       libmtguard.so[0xCBBCB000])[29 46       ]0x00003E36:	MOV	R1, R5	;(R5=0x00000010 )
(       libmtguard.so[0xCBBCB000])[FE F7 CE EB ]0x00003E38:	BLX	#0XCBBCD5D8	;(PC=0xCBBCEE38 )
(       libmtguard.so[0xCBBCB000])[00 C6 8F E2 ]0x000025D8:	ADD	IP, PC, #0, #12	;(PC=0xCBBCD5D8 )
(       libmtguard.so[0xCBBCB000])[3D CA 8C E2 ]0x000025DC:	ADD	IP, IP, #0X3D000	;(IP=0xCBBCD5E0 )
(       libmtguard.so[0xCBBCB000])[F4 F8 BC E5 ]0x000025E0:	LDR	PC, [IP, #0X8F4]!	;(IP=0xCBC0A5E0 )
(       libmtguard.so[0xCBBCB000])[00 E0       ]0x00003E3C:	B	#0XCBBCEE40
(       libmtguard.so[0xCBBCB000])[20 46       ]0x00003E40:	MOV	R0, R4	;(R4=0x30041628 )
(       libmtguard.so[0xCBBCB000])[B0 BD       ]0x00003E42:	POP	{R4, R5, R7, PC}	;(SP=0x100FFF98 )
(       libmtguard.so[0xCBBCB000])[04 46       ]0x00003894:	MOV	R4, R0	;(R0=0x30041628 )
(       libmtguard.so[0xCBBCB000])[94 B1       ]0x00003896:	CBZ	R4, #0XCBBCE8BE	;(R4=0x30041628 )
(       libmtguard.so[0xCBBCB000])[0B 20       ]0x00003898:	MOVS	R0, #0XB
(       libmtguard.so[0xCBBCB000])[C4 E9 00 66 ]0x0000389A:	STRD	R6, R6, [R4]	;(R6=0x00000000 R4=0x30041628 )
(       libmtguard.so[0xCBBCB000])[C4 E9 02 05 ]0x0000389E:	STRD	R0, R5, [R4, #8]	;(R0=0x0000000B R5=0xCBBCFE51 R4=0x30041628 )
(       libmtguard.so[0xCBBCB000])[04 20       ]0x000038A2:	MOVS	R0, #4
(       libmtguard.so[0xCBBCB000])[0B 21       ]0x000038A4:	MOVS	R1, #0XB
(       libmtguard.so[0xCBBCB000])[00 22       ]0x000038A6:	MOVS	R2, #0
(       libmtguard.so[0xCBBCB000])[00 23       ]0x000038A8:	MOVS	R3, #0
(       libmtguard.so[0xCBBCB000])[00 F0 B9 FA ]0x000038AA:	BL	#0XCBBCEE20	;(PC=0xCBBCE8AA )
(       libmtguard.so[0xCBBCB000])[B0 B5       ]0x00003E20:	PUSH	{R4, R5, R7, LR}	;(SP=0x100FFFA8 R4=0x30041628 R5=0xCBBCFE51 R7=0x100FFFB8 LR=0xCBBCE8AF )
(       libmtguard.so[0xCBBCB000])[02 AF       ]0x00003E22:	ADD	R7, SP, #8	;(SP=0x100FFF98 )
(       libmtguard.so[0xCBBCB000])[01 FB 00 F5 ]0x00003E24:	MUL	R5, R1, R0	;(R1=0x0000000B R0=0x00000004 )
(       libmtguard.so[0xCBBCB000])[4D B1       ]0x00003E28:	CBZ	R5, #0XCBBCEE3E	;(R5=0x0000002C )
(       libmtguard.so[0xCBBCB000])[28 46       ]0x00003E2A:	MOV	R0, R5	;(R5=0x0000002C )
(       libmtguard.so[0xCBBCB000])[FE F7 C8 EB ]0x00003E2C:	BLX	#0XCBBCD5C0	;(PC=0xCBBCEE2C )
(       libmtguard.so[0xCBBCB000])[00 C6 8F E2 ]0x000025C0:	ADD	IP, PC, #0, #12	;(PC=0xCBBCD5C0 )
(       libmtguard.so[0xCBBCB000])[3D CA 8C E2 ]0x000025C4:	ADD	IP, IP, #0X3D000	;(IP=0xCBBCD5C8 )
(       libmtguard.so[0xCBBCB000])[04 F9 BC E5 ]0x000025C8:	LDR	PC, [IP, #0X904]!	;(IP=0xCBC0A5C8 )
(       libmtguard.so[0xCBBCB000])[04 46       ]0x00003E30:	MOV	R4, R0	;(R0=0x30041640 )
(       libmtguard.so[0xCBBCB000])[24 B1       ]0x00003E32:	CBZ	R4, #0XCBBCEE3E	;(R4=0x30041640 )
(       libmtguard.so[0xCBBCB000])[20 46       ]0x00003E34:	MOV	R0, R4	;(R4=0x30041640 )
(       libmtguard.so[0xCBBCB000])[29 46       ]0x00003E36:	MOV	R1, R5	;(R5=0x0000002C )
(       libmtguard.so[0xCBBCB000])[FE F7 CE EB ]0x00003E38:	BLX	#0XCBBCD5D8	;(PC=0xCBBCEE38 )
(       libmtguard.so[0xCBBCB000])[00 C6 8F E2 ]0x000025D8:	ADD	IP, PC, #0, #12	;(PC=0xCBBCD5D8 )
(       libmtguard.so[0xCBBCB000])[3D CA 8C E2 ]0x000025DC:	ADD	IP, IP, #0X3D000	;(IP=0xCBBCD5E0 )
(       libmtguard.so[0xCBBCB000])[F4 F8 BC E5 ]0x000025E0:	LDR	PC, [IP, #0X8F4]!	;(IP=0xCBC0A5E0 )
(       libmtguard.so[0xCBBCB000])[00 E0       ]0x00003E3C:	B	#0XCBBCEE40
(       libmtguard.so[0xCBBCB000])[20 46       ]0x00003E40:	MOV	R0, R4	;(R4=0x30041640 )
(       libmtguard.so[0xCBBCB000])[B0 BD       ]0x00003E42:	POP	{R4, R5, R7, PC}	;(SP=0x100FFF98 )
(       libmtguard.so[0xCBBCB000])[00 28       ]0x000038AE:	CMP	R0, #0	;(R0=0x30041640 )
(       libmtguard.so[0xCBBCB000])[20 60       ]0x000038B0:	STR	R0, [R4]	;(R0=0x30041640 R4=0x30041628 )
(       libmtguard.so[0xCBBCB000])[05 D1       ]0x000038B2:	BNE	#0XCBBCE8C0
(       libmtguard.so[0xCBBCB000])[20 46       ]0x000038C0:	MOV	R0, R4	;(R4=0x30041628 )
(       libmtguard.so[0xCBBCB000])[5D F8 04 BB ]0x000038C2:	LDR	FP, [SP], #4	;(SP=0x100FFFA8 )
(       libmtguard.so[0xCBBCB000])[F0 BD       ]0x000038C6:	POP	{R4, R5, R6, R7, PC}	;(SP=0x100FFFAC )
(       libmtguard.so[0xCBBCB000])[01 36       ]0x0000CE08:	ADDS	R6, #1	;(R6=0x00000015 )
(       libmtguard.so[0xCBBCB000])[60 60       ]0x0000CE0A:	STR	R0, [R4, #4]	;(R0=0x30041628 R4=0xCBC0D13C )
(       libmtguard.so[0xCBBCB000])[B6 F5 7C 7F ]0x0000CE0C:	CMP.W	R6, #0X3F0	;(R6=0x00000016 )
(       libmtguard.so[0xCBBCB000])[F3 D1       ]0x0000CE10:	BNE	#0XCBBD7DFA
(       libmtguard.so[0xCBBCB000])[48 46       ]0x0000CDFA:	MOV	R0, SB	;(SB=0xCBBCFE51 )
(       libmtguard.so[0xCBBCB000])[45 F8 36 80 ]0x0000CDFC:	STR.W	R8, [R5, R6, LSL #3]	;(R8=0xFFFFFFFF R5=0xCBC0D094 R6=0x00000016 )
(       libmtguard.so[0xCBBCB000])[05 EB C6 04 ]0x0000CE00:	ADD.W	R4, R5, R6, LSL #3	;(R5=0xCBC0D094 R6=0x00000016 )
(       libmtguard.so[0xCBBCB000])[F6 F7 3A FD ]0x0000CE04:	BL	#0XCBBCE87C	;(PC=0xCBBD7E04 )
(       libmtguard.so[0xCBBCB000])[F0 B5       ]0x0000387C:	PUSH	{R4, R5, R6, R7, LR}	;(SP=0x100FFFC0 R4=0xCBC0D144 R5=0xCBC0D094 R6=0x00000016 R7=0x100FFFE0 LR=0xCBBD7E09 )
(       libmtguard.so[0xCBBCB000])[03 AF       ]0x0000387E:	ADD	R7, SP, #0XC	;(SP=0x100FFFAC )
(       libmtguard.so[0xCBBCB000])[4D F8 04 BD ]0x00003880:	STR	FP, [SP, #-0X4]!	;(FP=0xCBC0B1C4 SP=0x100FFFAC )
(       libmtguard.so[0xCBBCB000])[05 46       ]0x00003884:	MOV	R5, R0	;(R0=0xCBBCFE51 )
(       libmtguard.so[0xCBBCB000])[01 20       ]0x00003886:	MOVS	R0, #1
(       libmtguard.so[0xCBBCB000])[10 21       ]0x00003888:	MOVS	R1, #0X10
(       libmtguard.so[0xCBBCB000])[00 22       ]0x0000388A:	MOVS	R2, #0
(       libmtguard.so[0xCBBCB000])[00 23       ]0x0000388C:	MOVS	R3, #0
(       libmtguard.so[0xCBBCB000])[00 26       ]0x0000388E:	MOVS	R6, #0
(       libmtguard.so[0xCBBCB000])[00 F0 C6 FA ]0x00003890:	BL	#0XCBBCEE20	;(PC=0xCBBCE890 )
(       libmtguard.so[0xCBBCB000])[B0 B5       ]0x00003E20:	PUSH	{R4, R5, R7, LR}	;(SP=0x100FFFA8 R4=0xCBC0D144 R5=0xCBBCFE51 R7=0x100FFFB8 LR=0xCBBCE895 )
(       libmtguard.so[0xCBBCB000])[02 AF       ]0x00003E22:	ADD	R7, SP, #8	;(SP=0x100FFF98 )
(       libmtguard.so[0xCBBCB000])[01 FB 00 F5 ]0x00003E24:	MUL	R5, R1, R0	;(R1=0x00000010 R0=0x00000001 )
(       libmtguard.so[0xCBBCB000])[4D B1       ]0x00003E28:	CBZ	R5, #0XCBBCEE3E	;(R5=0x00000010 )
(       libmtguard.so[0xCBBCB000])[28 46       ]0x00003E2A:	MOV	R0, R5	;(R5=0x00000010 )
(       libmtguard.so[0xCBBCB000])[FE F7 C8 EB ]0x00003E2C:	BLX	#0XCBBCD5C0	;(PC=0xCBBCEE2C )
(       libmtguard.so[0xCBBCB000])[00 C6 8F E2 ]0x000025C0:	ADD	IP, PC, #0, #12	;(PC=0xCBBCD5C0 )
(       libmtguard.so[0xCBBCB000])[3D CA 8C E2 ]0x000025C4:	ADD	IP, IP, #0X3D000	;(IP=0xCBBCD5C8 )
(       libmtguard.so[0xCBBCB000])[04 F9 BC E5 ]0x000025C8:	LDR	PC, [IP, #0X904]!	;(IP=0xCBC0A5C8 )
(       libmtguard.so[0xCBBCB000])[04 46       ]0x00003E30:	MOV	R4, R0	;(R0=0x30041670 )
(       libmtguard.so[0xCBBCB000])[24 B1       ]0x00003E32:	CBZ	R4, #0XCBBCEE3E	;(R4=0x30041670 )
(       libmtguard.so[0xCBBCB000])[20 46       ]0x00003E34:	MOV	R0, R4	;(R4=0x30041670 )
(       libmtguard.so[0xCBBCB000])[29 46       ]0x00003E36:	MOV	R1, R5	;(R5=0x00000010 )
(       libmtguard.so[0xCBBCB000])[FE F7 CE EB ]0x00003E38:	BLX	#0XCBBCD5D8	;(PC=0xCBBCEE38 )
(       libmtguard.so[0xCBBCB000])[00 C6 8F E2 ]0x000025D8:	ADD	IP, PC, #0, #12	;(PC=0xCBBCD5D8 )
(       libmtguard.so[0xCBBCB000])[3D CA 8C E2 ]0x000025DC:	ADD	IP, IP, #0X3D000	;(IP=0xCBBCD5E0 )
(       libmtguard.so[0xCBBCB000])[F4 F8 BC E5 ]0x000025E0:	LDR	PC, [IP, #0X8F4]!	;(IP=0xCBC0A5E0 )
(       libmtguard.so[0xCBBCB000])[00 E0       ]0x00003E3C:	B	#0XCBBCEE40
(       libmtguard.so[0xCBBCB000])[20 46       ]0x00003E40:	MOV	R0, R4	;(R4=0x30041670 )
(       libmtguard.so[0xCBBCB000])[B0 BD       ]0x00003E42:	POP	{R4, R5, R7, PC}	;(SP=0x100FFF98 )
(       libmtguard.so[0xCBBCB000])[04 46       ]0x00003894:	MOV	R4, R0	;(R0=0x30041670 )
(       libmtguard.so[0xCBBCB000])[94 B1       ]0x00003896:	CBZ	R4, #0XCBBCE8BE	;(R4=0x30041670 )
(       libmtguard.so[0xCBBCB000])[0B 20       ]0x00003898:	MOVS	R0, #0XB
(       libmtguard.so[0xCBBCB000])[C4 E9 00 66 ]0x0000389A:	STRD	R6, R6, [R4]	;(R6=0x00000000 R4=0x30041670 )
(       libmtguard.so[0xCBBCB000])[C4 E9 02 05 ]0x0000389E:	STRD	R0, R5, [R4, #8]	;(R0=0x0000000B R5=0xCBBCFE51 R4=0x30041670 )
(       libmtguard.so[0xCBBCB000])[04 20       ]0x000038A2:	MOVS	R0, #4
(       libmtguard.so[0xCBBCB000])[0B 21       ]0x000038A4:	MOVS	R1, #0XB
(       libmtguard.so[0xCBBCB000])[00 22       ]0x000038A6:	MOVS	R2, #0
(       libmtguard.so[0xCBBCB000])[00 23       ]0x000038A8:	MOVS	R3, #0
(       libmtguard.so[0xCBBCB000])[00 F0 B9 FA ]0x000038AA:	BL	#0XCBBCEE20	;(PC=0xCBBCE8AA )
(       libmtguard.so[0xCBBCB000])[B0 B5       ]0x00003E20:	PUSH	{R4, R5, R7, LR}	;(SP=0x100FFFA8 R4=0x30041670 R5=0xCBBCFE51 R7=0x100FFFB8 LR=0xCBBCE8AF )
(       libmtguard.so[0xCBBCB000])[02 AF       ]0x00003E22:	ADD	R7, SP, #8	;(SP=0x100FFF98 )
(       libmtguard.so[0xCBBCB000])[01 FB 00 F5 ]0x00003E24:	MUL	R5, R1, R0	;(R1=0x0000000B R0=0x00000004 )
(       libmtguard.so[0xCBBCB000])[4D B1       ]0x00003E28:	CBZ	R5, #0XCBBCEE3E	;(R5=0x0000002C )
(       libmtguard.so[0xCBBCB000])[28 46       ]0x00003E2A:	MOV	R0, R5	;(R5=0x0000002C )
(       libmtguard.so[0xCBBCB000])[FE F7 C8 EB ]0x00003E2C:	BLX	#0XCBBCD5C0	;(PC=0xCBBCEE2C )
(       libmtguard.so[0xCBBCB000])[00 C6 8F E2 ]0x000025C0:	ADD	IP, PC, #0, #12	;(PC=0xCBBCD5C0 )
(       libmtguard.so[0xCBBCB000])[3D CA 8C E2 ]0x000025C4:	ADD	IP, IP, #0X3D000	;(IP=0xCBBCD5C8 )
(       libmtguard.so[0xCBBCB000])[04 F9 BC E5 ]0x000025C8:	LDR	PC, [IP, #0X904]!	;(IP=0xCBC0A5C8 )
(       libmtguard.so[0xCBBCB000])[04 46       ]0x00003E30:	MOV	R4, R0	;(R0=0x30041688 )
(       libmtguard.so[0xCBBCB000])[24 B1       ]0x00003E32:	CBZ	R4, #0XCBBCEE3E	;(R4=0x30041688 )
(       libmtguard.so[0xCBBCB000])[20 46       ]0x00003E34:	MOV	R0, R4	;(R4=0x30041688 )
(       libmtguard.so[0xCBBCB000])[29 46       ]0x00003E36:	MOV	R1, R5	;(R5=0x0000002C )
(       libmtguard.so[0xCBBCB000])[FE F7 CE EB ]0x00003E38:	BLX	#0XCBBCD5D8	;(PC=0xCBBCEE38 )
(       libmtguard.so[0xCBBCB000])[00 C6 8F E2 ]0x000025D8:	ADD	IP, PC, #0, #12	;(PC=0xCBBCD5D8 )
(       libmtguard.so[0xCBBCB000])[3D CA 8C E2 ]0x000025DC:	ADD	IP, IP, #0X3D000	;(IP=0xCBBCD5E0 )
(       libmtguard.so[0xCBBCB000])[F4 F8 BC E5 ]0x000025E0:	LDR	PC, [IP, #0X8F4]!	;(IP=0xCBC0A5E0 )
(       libmtguard.so[0xCBBCB000])[00 E0       ]0x00003E3C:	B	#0XCBBCEE40
(       libmtguard.so[0xCBBCB000])[20 46       ]0x00003E40:	MOV	R0, R4	;(R4=0x30041688 )
(       libmtguard.so[0xCBBCB000])[B0 BD       ]0x00003E42:	POP	{R4, R5, R7, PC}	;(SP=0x100FFF98 )
(       libmtguard.so[0xCBBCB000])[00 28       ]0x000038AE:	CMP	R0, #0	;(R0=0x30041688 )
(       libmtguard.so[0xCBBCB000])[20 60       ]0x000038B0:	STR	R0, [R4]	;(R0=0x30041688 R4=0x30041670 )
(       libmtguard.so[0xCBBCB000])[05 D1       ]0x000038B2:	BNE	#0XCBBCE8C0
(       libmtguard.so[0xCBBCB000])[20 46       ]0x000038C0:	MOV	R0, R4	;(R4=0x30041670 )
(       libmtguard.so[0xCBBCB000])[5D F8 04 BB ]0x000038C2:	LDR	FP, [SP], #4	;(SP=0x100FFFA8 )
(       libmtguard.so[0xCBBCB000])[F0 BD       ]0x000038C6:	POP	{R4, R5, R6, R7, PC}	;(SP=0x100FFFAC )
(       libmtguard.so[0xCBBCB000])[01 36       ]0x0000CE08:	ADDS	R6, #1	;(R6=0x00000016 )
(       libmtguard.so[0xCBBCB000])[60 60       ]0x0000CE0A:	STR	R0, [R4, #4]	;(R0=0x30041670 R4=0xCBC0D144 )
(       libmtguard.so[0xCBBCB000])[B6 F5 7C 7F ]0x0000CE0C:	CMP.W	R6, #0X3F0	;(R6=0x00000017 )
(       libmtguard.so[0xCBBCB000])[F3 D1       ]0x0000CE10:	BNE	#0XCBBD7DFA
(       libmtguard.so[0xCBBCB000])[48 46       ]0x0000CDFA:	MOV	R0, SB	;(SB=0xCBBCFE51 )
(       libmtguard.so[0xCBBCB000])[45 F8 36 80 ]0x0000CDFC:	STR.W	R8, [R5, R6, LSL #3]	;(R8=0xFFFFFFFF R5=0xCBC0D094 R6=0x00000017 )
(       libmtguard.so[0xCBBCB000])[05 EB C6 04 ]0x0000CE00:	ADD.W	R4, R5, R6, LSL #3	;(R5=0xCBC0D094 R6=0x00000017 )
(       libmtguard.so[0xCBBCB000])[F6 F7 3A FD ]0x0000CE04:	BL	#0XCBBCE87C	;(PC=0xCBBD7E04 )
(       libmtguard.so[0xCBBCB000])[F0 B5       ]0x0000387C:	PUSH	{R4, R5, R6, R7, LR}	;(SP=0x100FFFC0 R4=0xCBC0D14C R5=0xCBC0D094 R6=0x00000017 R7=0x100FFFE0 LR=0xCBBD7E09 )
(       libmtguard.so[0xCBBCB000])[03 AF       ]0x0000387E:	ADD	R7, SP, #0XC	;(SP=0x100FFFAC )
(       libmtguard.so[0xCBBCB000])[4D F8 04 BD ]0x00003880:	STR	FP, [SP, #-0X4]!	;(FP=0xCBC0B1C4 SP=0x100FFFAC )
(       libmtguard.so[0xCBBCB000])[05 46       ]0x00003884:	MOV	R5, R0	;(R0=0xCBBCFE51 )
(       libmtguard.so[0xCBBCB000])[01 20       ]0x00003886:	MOVS	R0, #1
(       libmtguard.so[0xCBBCB000])[10 21       ]0x00003888:	MOVS	R1, #0X10
(       libmtguard.so[0xCBBCB000])[00 22       ]0x0000388A:	MOVS	R2, #0
(       libmtguard.so[0xCBBCB000])[00 23       ]0x0000388C:	MOVS	R3, #0
(       libmtguard.so[0xCBBCB000])[00 26       ]0x0000388E:	MOVS	R6, #0
(       libmtguard.so[0xCBBCB000])[00 F0 C6 FA ]0x00003890:	BL	#0XCBBCEE20	;(PC=0xCBBCE890 )
(       libmtguard.so[0xCBBCB000])[B0 B5       ]0x00003E20:	PUSH	{R4, R5, R7, LR}	;(SP=0x100FFFA8 R4=0xCBC0D14C R5=0xCBBCFE51 R7=0x100FFFB8 LR=0xCBBCE895 )
(       libmtguard.so[0xCBBCB000])[02 AF       ]0x00003E22:	ADD	R7, SP, #8	;(SP=0x100FFF98 )
(       libmtguard.so[0xCBBCB000])[01 FB 00 F5 ]0x00003E24:	MUL	R5, R1, R0	;(R1=0x00000010 R0=0x00000001 )
(       libmtguard.so[0xCBBCB000])[4D B1       ]0x00003E28:	CBZ	R5, #0XCBBCEE3E	;(R5=0x00000010 )
(       libmtguard.so[0xCBBCB000])[28 46       ]0x00003E2A:	MOV	R0, R5	;(R5=0x00000010 )
(       libmtguard.so[0xCBBCB000])[FE F7 C8 EB ]0x00003E2C:	BLX	#0XCBBCD5C0	;(PC=0xCBBCEE2C )
(       libmtguard.so[0xCBBCB000])[00 C6 8F E2 ]0x000025C0:	ADD	IP, PC, #0, #12	;(PC=0xCBBCD5C0 )
(       libmtguard.so[0xCBBCB000])[3D CA 8C E2 ]0x000025C4:	ADD	IP, IP, #0X3D000	;(IP=0xCBBCD5C8 )
(       libmtguard.so[0xCBBCB000])[04 F9 BC E5 ]0x000025C8:	LDR	PC, [IP, #0X904]!	;(IP=0xCBC0A5C8 )
(       libmtguard.so[0xCBBCB000])[04 46       ]0x00003E30:	MOV	R4, R0	;(R0=0x300416B8 )
(       libmtguard.so[0xCBBCB000])[24 B1       ]0x00003E32:	CBZ	R4, #0XCBBCEE3E	;(R4=0x300416B8 )
(       libmtguard.so[0xCBBCB000])[20 46       ]0x00003E34:	MOV	R0, R4	;(R4=0x300416B8 )
(       libmtguard.so[0xCBBCB000])[29 46       ]0x00003E36:	MOV	R1, R5	;(R5=0x00000010 )
(       libmtguard.so[0xCBBCB000])[FE F7 CE EB ]0x00003E38:	BLX	#0XCBBCD5D8	;(PC=0xCBBCEE38 )
(       libmtguard.so[0xCBBCB000])[00 C6 8F E2 ]0x000025D8:	ADD	IP, PC, #0, #12	;(PC=0xCBBCD5D8 )
(       libmtguard.so[0xCBBCB000])[3D CA 8C E2 ]0x000025DC:	ADD	IP, IP, #0X3D000	;(IP=0xCBBCD5E0 )
(       libmtguard.so[0xCBBCB000])[F4 F8 BC E5 ]0x000025E0:	LDR	PC, [IP, #0X8F4]!	;(IP=0xCBC0A5E0 )
(       libmtguard.so[0xCBBCB000])[00 E0       ]0x00003E3C:	B	#0XCBBCEE40
(       libmtguard.so[0xCBBCB000])[20 46       ]0x00003E40:	MOV	R0, R4	;(R4=0x300416B8 )
(       libmtguard.so[0xCBBCB000])[B0 BD       ]0x00003E42:	POP	{R4, R5, R7, PC}	;(SP=0x100FFF98 )
(       libmtguard.so[0xCBBCB000])[04 46       ]0x00003894:	MOV	R4, R0	;(R0=0x300416B8 )
(       libmtguard.so[0xCBBCB000])[94 B1       ]0x00003896:	CBZ	R4, #0XCBBCE8BE	;(R4=0x300416B8 )
(       libmtguard.so[0xCBBCB000])[0B 20       ]0x00003898:	MOVS	R0, #0XB
(       libmtguard.so[0xCBBCB000])[C4 E9 00 66 ]0x0000389A:	STRD	R6, R6, [R4]	;(R6=0x00000000 R4=0x300416B8 )
(       libmtguard.so[0xCBBCB000])[C4 E9 02 05 ]0x0000389E:	STRD	R0, R5, [R4, #8]	;(R0=0x0000000B R5=0xCBBCFE51 R4=0x300416B8 )
(       libmtguard.so[0xCBBCB000])[04 20       ]0x000038A2:	MOVS	R0, #4
(       libmtguard.so[0xCBBCB000])[0B 21       ]0x000038A4:	MOVS	R1, #0XB
(       libmtguard.so[0xCBBCB000])[00 22       ]0x000038A6:	MOVS	R2, #0
(       libmtguard.so[0xCBBCB000])[00 23       ]0x000038A8:	MOVS	R3, #0
(       libmtguard.so[0xCBBCB000])[00 F0 B9 FA ]0x000038AA:	BL	#0XCBBCEE20	;(PC=0xCBBCE8AA )
(       libmtguard.so[0xCBBCB000])[B0 B5       ]0x00003E20:	PUSH	{R4, R5, R7, LR}	;(SP=0x100FFFA8 R4=0x300416B8 R5=0xCBBCFE51 R7=0x100FFFB8 LR=0xCBBCE8AF )
(       libmtguard.so[0xCBBCB000])[02 AF       ]0x00003E22:	ADD	R7, SP, #8	;(SP=0x100FFF98 )
(       libmtguard.so[0xCBBCB000])[01 FB 00 F5 ]0x00003E24:	MUL	R5, R1, R0	;(R1=0x0000000B R0=0x00000004 )
(       libmtguard.so[0xCBBCB000])[4D B1       ]0x00003E28:	CBZ	R5, #0XCBBCEE3E	;(R5=0x0000002C )
(       libmtguard.so[0xCBBCB000])[28 46       ]0x00003E2A:	MOV	R0, R5	;(R5=0x0000002C )
(       libmtguard.so[0xCBBCB000])[FE F7 C8 EB ]0x00003E2C:	BLX	#0XCBBCD5C0	;(PC=0xCBBCEE2C )
(       libmtguard.so[0xCBBCB000])[00 C6 8F E2 ]0x000025C0:	ADD	IP, PC, #0, #12	;(PC=0xCBBCD5C0 )
(       libmtguard.so[0xCBBCB000])[3D CA 8C E2 ]0x000025C4:	ADD	IP, IP, #0X3D000	;(IP=0xCBBCD5C8 )
(       libmtguard.so[0xCBBCB000])[04 F9 BC E5 ]0x000025C8:	LDR	PC, [IP, #0X904]!	;(IP=0xCBC0A5C8 )
(       libmtguard.so[0xCBBCB000])[04 46       ]0x00003E30:	MOV	R4, R0	;(R0=0x300416D0 )
(       libmtguard.so[0xCBBCB000])[24 B1       ]0x00003E32:	CBZ	R4, #0XCBBCEE3E	;(R4=0x300416D0 )
(       libmtguard.so[0xCBBCB000])[20 46       ]0x00003E34:	MOV	R0, R4	;(R4=0x300416D0 )
(       libmtguard.so[0xCBBCB000])[29 46       ]0x00003E36:	MOV	R1, R5	;(R5=0x0000002C )
(       libmtguard.so[0xCBBCB000])[FE F7 CE EB ]0x00003E38:	BLX	#0XCBBCD5D8	;(PC=0xCBBCEE38 )
(       libmtguard.so[0xCBBCB000])[00 C6 8F E2 ]0x000025D8:	ADD	IP, PC, #0, #12	;(PC=0xCBBCD5D8 )
(       libmtguard.so[0xCBBCB000])[3D CA 8C E2 ]0x000025DC:	ADD	IP, IP, #0X3D000	;(IP=0xCBBCD5E0 )
(       libmtguard.so[0xCBBCB000])[F4 F8 BC E5 ]0x000025E0:	LDR	PC, [IP, #0X8F4]!	;(IP=0xCBC0A5E0 )
(       libmtguard.so[0xCBBCB000])[00 E0       ]0x00003E3C:	B	#0XCBBCEE40
(       libmtguard.so[0xCBBCB000])[20 46       ]0x00003E40:	MOV	R0, R4	;(R4=0x300416D0 )
(       libmtguard.so[0xCBBCB000])[B0 BD       ]0x00003E42:	POP	{R4, R5, R7, PC}	;(SP=0x100FFF98 )
(       libmtguard.so[0xCBBCB000])[00 28       ]0x000038AE:	CMP	R0, #0	;(R0=0x300416D0 )
(       libmtguard.so[0xCBBCB000])[20 60       ]0x000038B0:	STR	R0, [R4]	;(R0=0x300416D0 R4=0x300416B8 )
(       libmtguard.so[0xCBBCB000])[05 D1       ]0x000038B2:	BNE	#0XCBBCE8C0
(       libmtguard.so[0xCBBCB000])[20 46       ]0x000038C0:	MOV	R0, R4	;(R4=0x300416B8 )
(       libmtguard.so[0xCBBCB000])[5D F8 04 BB ]0x000038C2:	LDR	FP, [SP], #4	;(SP=0x100FFFA8 )
(       libmtguard.so[0xCBBCB000])[F0 BD       ]0x000038C6:	POP	{R4, R5, R6, R7, PC}	;(SP=0x100FFFAC )
(       libmtguard.so[0xCBBCB000])[01 36       ]0x0000CE08:	ADDS	R6, #1	;(R6=0x00000017 )
(       libmtguard.so[0xCBBCB000])[60 60       ]0x0000CE0A:	STR	R0, [R4, #4]	;(R0=0x300416B8 R4=0xCBC0D14C )
(       libmtguard.so[0xCBBCB000])[B6 F5 7C 7F ]0x0000CE0C:	CMP.W	R6, #0X3F0	;(R6=0x00000018 )
(       libmtguard.so[0xCBBCB000])[F3 D1       ]0x0000CE10:	BNE	#0XCBBD7DFA
(       libmtguard.so[0xCBBCB000])[48 46       ]0x0000CDFA:	MOV	R0, SB	;(SB=0xCBBCFE51 )
(       libmtguard.so[0xCBBCB000])[45 F8 36 80 ]0x0000CDFC:	STR.W	R8, [R5, R6, LSL #3]	;(R8=0xFFFFFFFF R5=0xCBC0D094 R6=0x00000018 )
(       libmtguard.so[0xCBBCB000])[05 EB C6 04 ]0x0000CE00:	ADD.W	R4, R5, R6, LSL #3	;(R5=0xCBC0D094 R6=0x00000018 )
(       libmtguard.so[0xCBBCB000])[F6 F7 3A FD ]0x0000CE04:	BL	#0XCBBCE87C	;(PC=0xCBBD7E04 )
(       libmtguard.so[0xCBBCB000])[F0 B5       ]0x0000387C:	PUSH	{R4, R5, R6, R7, LR}	;(SP=0x100FFFC0 R4=0xCBC0D154 R5=0xCBC0D094 R6=0x00000018 R7=0x100FFFE0 LR=0xCBBD7E09 )
(       libmtguard.so[0xCBBCB000])[03 AF       ]0x0000387E:	ADD	R7, SP, #0XC	;(SP=0x100FFFAC )
(       libmtguard.so[0xCBBCB000])[4D F8 04 BD ]0x00003880:	STR	FP, [SP, #-0X4]!	;(FP=0xCBC0B1C4 SP=0x100FFFAC )
(       libmtguard.so[0xCBBCB000])[05 46       ]0x00003884:	MOV	R5, R0	;(R0=0xCBBCFE51 )
(       libmtguard.so[0xCBBCB000])[01 20       ]0x00003886:	MOVS	R0, #1
(       libmtguard.so[0xCBBCB000])[10 21       ]0x00003888:	MOVS	R1, #0X10
(       libmtguard.so[0xCBBCB000])[00 22       ]0x0000388A:	MOVS	R2, #0
(       libmtguard.so[0xCBBCB000])[00 23       ]0x0000388C:	MOVS	R3, #0
(       libmtguard.so[0xCBBCB000])[00 26       ]0x0000388E:	MOVS	R6, #0
(       libmtguard.so[0xCBBCB000])[00 F0 C6 FA ]0x00003890:	BL	#0XCBBCEE20	;(PC=0xCBBCE890 )
(       libmtguard.so[0xCBBCB000])[B0 B5       ]0x00003E20:	PUSH	{R4, R5, R7, LR}	;(SP=0x100FFFA8 R4=0xCBC0D154 R5=0xCBBCFE51 R7=0x100FFFB8 LR=0xCBBCE895 )
(       libmtguard.so[0xCBBCB000])[02 AF       ]0x00003E22:	ADD	R7, SP, #8	;(SP=0x100FFF98 )
(       libmtguard.so[0xCBBCB000])[01 FB 00 F5 ]0x00003E24:	MUL	R5, R1, R0	;(R1=0x00000010 R0=0x00000001 )
(       libmtguard.so[0xCBBCB000])[4D B1       ]0x00003E28:	CBZ	R5, #0XCBBCEE3E	;(R5=0x00000010 )
(       libmtguard.so[0xCBBCB000])[28 46       ]0x00003E2A:	MOV	R0, R5	;(R5=0x00000010 )
(       libmtguard.so[0xCBBCB000])[FE F7 C8 EB ]0x00003E2C:	BLX	#0XCBBCD5C0	;(PC=0xCBBCEE2C )
(       libmtguard.so[0xCBBCB000])[00 C6 8F E2 ]0x000025C0:	ADD	IP, PC, #0, #12	;(PC=0xCBBCD5C0 )
(       libmtguard.so[0xCBBCB000])[3D CA 8C E2 ]0x000025C4:	ADD	IP, IP, #0X3D000	;(IP=0xCBBCD5C8 )
(       libmtguard.so[0xCBBCB000])[04 F9 BC E5 ]0x000025C8:	LDR	PC, [IP, #0X904]!	;(IP=0xCBC0A5C8 )
(       libmtguard.so[0xCBBCB000])[04 46       ]0x00003E30:	MOV	R4, R0	;(R0=0x30041700 )
(       libmtguard.so[0xCBBCB000])[24 B1       ]0x00003E32:	CBZ	R4, #0XCBBCEE3E	;(R4=0x30041700 )
(       libmtguard.so[0xCBBCB000])[20 46       ]0x00003E34:	MOV	R0, R4	;(R4=0x30041700 )
(       libmtguard.so[0xCBBCB000])[29 46       ]0x00003E36:	MOV	R1, R5	;(R5=0x00000010 )
(       libmtguard.so[0xCBBCB000])[FE F7 CE EB ]0x00003E38:	BLX	#0XCBBCD5D8	;(PC=0xCBBCEE38 )
(       libmtguard.so[0xCBBCB000])[00 C6 8F E2 ]0x000025D8:	ADD	IP, PC, #0, #12	;(PC=0xCBBCD5D8 )
(       libmtguard.so[0xCBBCB000])[3D CA 8C E2 ]0x000025DC:	ADD	IP, IP, #0X3D000	;(IP=0xCBBCD5E0 )
(       libmtguard.so[0xCBBCB000])[F4 F8 BC E5 ]0x000025E0:	LDR	PC, [IP, #0X8F4]!	;(IP=0xCBC0A5E0 )
(       libmtguard.so[0xCBBCB000])[00 E0       ]0x00003E3C:	B	#0XCBBCEE40
(       libmtguard.so[0xCBBCB000])[20 46       ]0x00003E40:	MOV	R0, R4	;(R4=0x30041700 )
(       libmtguard.so[0xCBBCB000])[B0 BD       ]0x00003E42:	POP	{R4, R5, R7, PC}	;(SP=0x100FFF98 )
(       libmtguard.so[0xCBBCB000])[04 46       ]0x00003894:	MOV	R4, R0	;(R0=0x30041700 )
(       libmtguard.so[0xCBBCB000])[94 B1       ]0x00003896:	CBZ	R4, #0XCBBCE8BE	;(R4=0x30041700 )
(       libmtguard.so[0xCBBCB000])[0B 20       ]0x00003898:	MOVS	R0, #0XB
(       libmtguard.so[0xCBBCB000])[C4 E9 00 66 ]0x0000389A:	STRD	R6, R6, [R4]	;(R6=0x00000000 R4=0x30041700 )
(       libmtguard.so[0xCBBCB000])[C4 E9 02 05 ]0x0000389E:	STRD	R0, R5, [R4, #8]	;(R0=0x0000000B R5=0xCBBCFE51 R4=0x30041700 )
(       libmtguard.so[0xCBBCB000])[04 20       ]0x000038A2:	MOVS	R0, #4
(       libmtguard.so[0xCBBCB000])[0B 21       ]0x000038A4:	MOVS	R1, #0XB
(       libmtguard.so[0xCBBCB000])[00 22       ]0x000038A6:	MOVS	R2, #0
(       libmtguard.so[0xCBBCB000])[00 23       ]0x000038A8:	MOVS	R3, #0
(       libmtguard.so[0xCBBCB000])[00 F0 B9 FA ]0x000038AA:	BL	#0XCBBCEE20	;(PC=0xCBBCE8AA )
(       libmtguard.so[0xCBBCB000])[B0 B5       ]0x00003E20:	PUSH	{R4, R5, R7, LR}	;(SP=0x100FFFA8 R4=0x30041700 R5=0xCBBCFE51 R7=0x100FFFB8 LR=0xCBBCE8AF )
(       libmtguard.so[0xCBBCB000])[02 AF       ]0x00003E22:	ADD	R7, SP, #8	;(SP=0x100FFF98 )
(       libmtguard.so[0xCBBCB000])[01 FB 00 F5 ]0x00003E24:	MUL	R5, R1, R0	;(R1=0x0000000B R0=0x00000004 )
(       libmtguard.so[0xCBBCB000])[4D B1       ]0x00003E28:	CBZ	R5, #0XCBBCEE3E	;(R5=0x0000002C )
(       libmtguard.so[0xCBBCB000])[28 46       ]0x00003E2A:	MOV	R0, R5	;(R5=0x0000002C )
(       libmtguard.so[0xCBBCB000])[FE F7 C8 EB ]0x00003E2C:	BLX	#0XCBBCD5C0	;(PC=0xCBBCEE2C )
(       libmtguard.so[0xCBBCB000])[00 C6 8F E2 ]0x000025C0:	ADD	IP, PC, #0, #12	;(PC=0xCBBCD5C0 )
(       libmtguard.so[0xCBBCB000])[3D CA 8C E2 ]0x000025C4:	ADD	IP, IP, #0X3D000	;(IP=0xCBBCD5C8 )
(       libmtguard.so[0xCBBCB000])[04 F9 BC E5 ]0x000025C8:	LDR	PC, [IP, #0X904]!	;(IP=0xCBC0A5C8 )
(       libmtguard.so[0xCBBCB000])[04 46       ]0x00003E30:	MOV	R4, R0	;(R0=0x30041718 )
(       libmtguard.so[0xCBBCB000])[24 B1       ]0x00003E32:	CBZ	R4, #0XCBBCEE3E	;(R4=0x30041718 )
(       libmtguard.so[0xCBBCB000])[20 46       ]0x00003E34:	MOV	R0, R4	;(R4=0x30041718 )
(       libmtguard.so[0xCBBCB000])[29 46       ]0x00003E36:	MOV	R1, R5	;(R5=0x0000002C )
(       libmtguard.so[0xCBBCB000])[FE F7 CE EB ]0x00003E38:	BLX	#0XCBBCD5D8	;(PC=0xCBBCEE38 )
(       libmtguard.so[0xCBBCB000])[00 C6 8F E2 ]0x000025D8:	ADD	IP, PC, #0, #12	;(PC=0xCBBCD5D8 )
(       libmtguard.so[0xCBBCB000])[3D CA 8C E2 ]0x000025DC:	ADD	IP, IP, #0X3D000	;(IP=0xCBBCD5E0 )
(       libmtguard.so[0xCBBCB000])[F4 F8 BC E5 ]0x000025E0:	LDR	PC, [IP, #0X8F4]!	;(IP=0xCBC0A5E0 )
(       libmtguard.so[0xCBBCB000])[00 E0       ]0x00003E3C:	B	#0XCBBCEE40
(       libmtguard.so[0xCBBCB000])[20 46       ]0x00003E40:	MOV	R0, R4	;(R4=0x30041718 )
(       libmtguard.so[0xCBBCB000])[B0 BD       ]0x00003E42:	POP	{R4, R5, R7, PC}	;(SP=0x100FFF98 )
(       libmtguard.so[0xCBBCB000])[00 28       ]0x000038AE:	CMP	R0, #0	;(R0=0x30041718 )
(       libmtguard.so[0xCBBCB000])[20 60       ]0x000038B0:	STR	R0, [R4]	;(R0=0x30041718 R4=0x30041700 )
(       libmtguard.so[0xCBBCB000])[05 D1       ]0x000038B2:	BNE	#0XCBBCE8C0
(       libmtguard.so[0xCBBCB000])[20 46       ]0x000038C0:	MOV	R0, R4	;(R4=0x30041700 )
(       libmtguard.so[0xCBBCB000])[5D F8 04 BB ]0x000038C2:	LDR	FP, [SP], #4	;(SP=0x100FFFA8 )
(       libmtguard.so[0xCBBCB000])[F0 BD       ]0x000038C6:	POP	{R4, R5, R6, R7, PC}	;(SP=0x100FFFAC )
(       libmtguard.so[0xCBBCB000])[01 36       ]0x0000CE08:	ADDS	R6, #1	;(R6=0x00000018 )
(       libmtguard.so[0xCBBCB000])[60 60       ]0x0000CE0A:	STR	R0, [R4, #4]	;(R0=0x30041700 R4=0xCBC0D154 )
(       libmtguard.so[0xCBBCB000])[B6 F5 7C 7F ]0x0000CE0C:	CMP.W	R6, #0X3F0	;(R6=0x00000019 )
(       libmtguard.so[0xCBBCB000])[F3 D1       ]0x0000CE10:	BNE	#0XCBBD7DFA
(       libmtguard.so[0xCBBCB000])[48 46       ]0x0000CDFA:	MOV	R0, SB	;(SB=0xCBBCFE51 )
(       libmtguard.so[0xCBBCB000])[45 F8 36 80 ]0x0000CDFC:	STR.W	R8, [R5, R6, LSL #3]	;(R8=0xFFFFFFFF R5=0xCBC0D094 R6=0x00000019 )
(       libmtguard.so[0xCBBCB000])[05 EB C6 04 ]0x0000CE00:	ADD.W	R4, R5, R6, LSL #3	;(R5=0xCBC0D094 R6=0x00000019 )
(       libmtguard.so[0xCBBCB000])[F6 F7 3A FD ]0x0000CE04:	BL	#0XCBBCE87C	;(PC=0xCBBD7E04 )
(       libmtguard.so[0xCBBCB000])[F0 B5       ]0x0000387C:	PUSH	{R4, R5, R6, R7, LR}	;(SP=0x100FFFC0 R4=0xCBC0D15C R5=0xCBC0D094 R6=0x00000019 R7=0x100FFFE0 LR=0xCBBD7E09 )
(       libmtguard.so[0xCBBCB000])[03 AF       ]0x0000387E:	ADD	R7, SP, #0XC	;(SP=0x100FFFAC )
(       libmtguard.so[0xCBBCB000])[4D F8 04 BD ]0x00003880:	STR	FP, [SP, #-0X4]!	;(FP=0xCBC0B1C4 SP=0x100FFFAC )
(       libmtguard.so[0xCBBCB000])[05 46       ]0x00003884:	MOV	R5, R0	;(R0=0xCBBCFE51 )
(       libmtguard.so[0xCBBCB000])[01 20       ]0x00003886:	MOVS	R0, #1
(       libmtguard.so[0xCBBCB000])[10 21       ]0x00003888:	MOVS	R1, #0X10
(       libmtguard.so[0xCBBCB000])[00 22       ]0x0000388A:	MOVS	R2, #0
(       libmtguard.so[0xCBBCB000])[00 23       ]0x0000388C:	MOVS	R3, #0
(       libmtguard.so[0xCBBCB000])[00 26       ]0x0000388E:	MOVS	R6, #0
(       libmtguard.so[0xCBBCB000])[00 F0 C6 FA ]0x00003890:	BL	#0XCBBCEE20	;(PC=0xCBBCE890 )
(       libmtguard.so[0xCBBCB000])[B0 B5       ]0x00003E20:	PUSH	{R4, R5, R7, LR}	;(SP=0x100FFFA8 R4=0xCBC0D15C R5=0xCBBCFE51 R7=0x100FFFB8 LR=0xCBBCE895 )
(       libmtguard.so[0xCBBCB000])[02 AF       ]0x00003E22:	ADD	R7, SP, #8	;(SP=0x100FFF98 )
(       libmtguard.so[0xCBBCB000])[01 FB 00 F5 ]0x00003E24:	MUL	R5, R1, R0	;(R1=0x00000010 R0=0x00000001 )
(       libmtguard.so[0xCBBCB000])[4D B1       ]0x00003E28:	CBZ	R5, #0XCBBCEE3E	;(R5=0x00000010 )
(       libmtguard.so[0xCBBCB000])[28 46       ]0x00003E2A:	MOV	R0, R5	;(R5=0x00000010 )
(       libmtguard.so[0xCBBCB000])[FE F7 C8 EB ]0x00003E2C:	BLX	#0XCBBCD5C0	;(PC=0xCBBCEE2C )
(       libmtguard.so[0xCBBCB000])[00 C6 8F E2 ]0x000025C0:	ADD	IP, PC, #0, #12	;(PC=0xCBBCD5C0 )
(       libmtguard.so[0xCBBCB000])[3D CA 8C E2 ]0x000025C4:	ADD	IP, IP, #0X3D000	;(IP=0xCBBCD5C8 )
(       libmtguard.so[0xCBBCB000])[04 F9 BC E5 ]0x000025C8:	LDR	PC, [IP, #0X904]!	;(IP=0xCBC0A5C8 )
(       libmtguard.so[0xCBBCB000])[04 46       ]0x00003E30:	MOV	R4, R0	;(R0=0x30041748 )
(       libmtguard.so[0xCBBCB000])[24 B1       ]0x00003E32:	CBZ	R4, #0XCBBCEE3E	;(R4=0x30041748 )
(       libmtguard.so[0xCBBCB000])[20 46       ]0x00003E34:	MOV	R0, R4	;(R4=0x30041748 )
(       libmtguard.so[0xCBBCB000])[29 46       ]0x00003E36:	MOV	R1, R5	;(R5=0x00000010 )
(       libmtguard.so[0xCBBCB000])[FE F7 CE EB ]0x00003E38:	BLX	#0XCBBCD5D8	;(PC=0xCBBCEE38 )
(       libmtguard.so[0xCBBCB000])[00 C6 8F E2 ]0x000025D8:	ADD	IP, PC, #0, #12	;(PC=0xCBBCD5D8 )
(       libmtguard.so[0xCBBCB000])[3D CA 8C E2 ]0x000025DC:	ADD	IP, IP, #0X3D000	;(IP=0xCBBCD5E0 )
(       libmtguard.so[0xCBBCB000])[F4 F8 BC E5 ]0x000025E0:	LDR	PC, [IP, #0X8F4]!	;(IP=0xCBC0A5E0 )
(       libmtguard.so[0xCBBCB000])[00 E0       ]0x00003E3C:	B	#0XCBBCEE40
(       libmtguard.so[0xCBBCB000])[20 46       ]0x00003E40:	MOV	R0, R4	;(R4=0x30041748 )
(       libmtguard.so[0xCBBCB000])[B0 BD       ]0x00003E42:	POP	{R4, R5, R7, PC}	;(SP=0x100FFF98 )
(       libmtguard.so[0xCBBCB000])[04 46       ]0x00003894:	MOV	R4, R0	;(R0=0x30041748 )
(       libmtguard.so[0xCBBCB000])[94 B1       ]0x00003896:	CBZ	R4, #0XCBBCE8BE	;(R4=0x30041748 )
(       libmtguard.so[0xCBBCB000])[0B 20       ]0x00003898:	MOVS	R0, #0XB
(       libmtguard.so[0xCBBCB000])[C4 E9 00 66 ]0x0000389A:	STRD	R6, R6, [R4]	;(R6=0x00000000 R4=0x30041748 )
(       libmtguard.so[0xCBBCB000])[C4 E9 02 05 ]0x0000389E:	STRD	R0, R5, [R4, #8]	;(R0=0x0000000B R5=0xCBBCFE51 R4=0x30041748 )
(       libmtguard.so[0xCBBCB000])[04 20       ]0x000038A2:	MOVS	R0, #4
(       libmtguard.so[0xCBBCB000])[0B 21       ]0x000038A4:	MOVS	R1, #0XB
(       libmtguard.so[0xCBBCB000])[00 22       ]0x000038A6:	MOVS	R2, #0
(       libmtguard.so[0xCBBCB000])[00 23       ]0x000038A8:	MOVS	R3, #0
(       libmtguard.so[0xCBBCB000])[00 F0 B9 FA ]0x000038AA:	BL	#0XCBBCEE20	;(PC=0xCBBCE8AA )
(       libmtguard.so[0xCBBCB000])[B0 B5       ]0x00003E20:	PUSH	{R4, R5, R7, LR}	;(SP=0x100FFFA8 R4=0x30041748 R5=0xCBBCFE51 R7=0x100FFFB8 LR=0xCBBCE8AF )
(       libmtguard.so[0xCBBCB000])[02 AF       ]0x00003E22:	ADD	R7, SP, #8	;(SP=0x100FFF98 )
(       libmtguard.so[0xCBBCB000])[01 FB 00 F5 ]0x00003E24:	MUL	R5, R1, R0	;(R1=0x0000000B R0=0x00000004 )
(       libmtguard.so[0xCBBCB000])[4D B1       ]0x00003E28:	CBZ	R5, #0XCBBCEE3E	;(R5=0x0000002C )
(       libmtguard.so[0xCBBCB000])[28 46       ]0x00003E2A:	MOV	R0, R5	;(R5=0x0000002C )
(       libmtguard.so[0xCBBCB000])[FE F7 C8 EB ]0x00003E2C:	BLX	#0XCBBCD5C0	;(PC=0xCBBCEE2C )
(       libmtguard.so[0xCBBCB000])[00 C6 8F E2 ]0x000025C0:	ADD	IP, PC, #0, #12	;(PC=0xCBBCD5C0 )
(       libmtguard.so[0xCBBCB000])[3D CA 8C E2 ]0x000025C4:	ADD	IP, IP, #0X3D000	;(IP=0xCBBCD5C8 )
(       libmtguard.so[0xCBBCB000])[04 F9 BC E5 ]0x000025C8:	LDR	PC, [IP, #0X904]!	;(IP=0xCBC0A5C8 )
(       libmtguard.so[0xCBBCB000])[04 46       ]0x00003E30:	MOV	R4, R0	;(R0=0x30041760 )
(       libmtguard.so[0xCBBCB000])[24 B1       ]0x00003E32:	CBZ	R4, #0XCBBCEE3E	;(R4=0x30041760 )
(       libmtguard.so[0xCBBCB000])[20 46       ]0x00003E34:	MOV	R0, R4	;(R4=0x30041760 )
(       libmtguard.so[0xCBBCB000])[29 46       ]0x00003E36:	MOV	R1, R5	;(R5=0x0000002C )
(       libmtguard.so[0xCBBCB000])[FE F7 CE EB ]0x00003E38:	BLX	#0XCBBCD5D8	;(PC=0xCBBCEE38 )
(       libmtguard.so[0xCBBCB000])[00 C6 8F E2 ]0x000025D8:	ADD	IP, PC, #0, #12	;(PC=0xCBBCD5D8 )
(       libmtguard.so[0xCBBCB000])[3D CA 8C E2 ]0x000025DC:	ADD	IP, IP, #0X3D000	;(IP=0xCBBCD5E0 )
(       libmtguard.so[0xCBBCB000])[F4 F8 BC E5 ]0x000025E0:	LDR	PC, [IP, #0X8F4]!	;(IP=0xCBC0A5E0 )
(       libmtguard.so[0xCBBCB000])[00 E0       ]0x00003E3C:	B	#0XCBBCEE40
(       libmtguard.so[0xCBBCB000])[20 46       ]0x00003E40:	MOV	R0, R4	;(R4=0x30041760 )
(       libmtguard.so[0xCBBCB000])[B0 BD       ]0x00003E42:	POP	{R4, R5, R7, PC}	;(SP=0x100FFF98 )
(       libmtguard.so[0xCBBCB000])[00 28       ]0x000038AE:	CMP	R0, #0	;(R0=0x30041760 )
(       libmtguard.so[0xCBBCB000])[20 60       ]0x000038B0:	STR	R0, [R4]	;(R0=0x30041760 R4=0x30041748 )
(       libmtguard.so[0xCBBCB000])[05 D1       ]0x000038B2:	BNE	#0XCBBCE8C0
(       libmtguard.so[0xCBBCB000])[20 46       ]0x000038C0:	MOV	R0, R4	;(R4=0x30041748 )
(       libmtguard.so[0xCBBCB000])[5D F8 04 BB ]0x000038C2:	LDR	FP, [SP], #4	;(SP=0x100FFFA8 )
(       libmtguard.so[0xCBBCB000])[F0 BD       ]0x000038C6:	POP	{R4, R5, R6, R7, PC}	;(SP=0x100FFFAC )
(       libmtguard.so[0xCBBCB000])[01 36       ]0x0000CE08:	ADDS	R6, #1	;(R6=0x00000019 )
(       libmtguard.so[0xCBBCB000])[60 60       ]0x0000CE0A:	STR	R0, [R4, #4]	;(R0=0x30041748 R4=0xCBC0D15C )
(       libmtguard.so[0xCBBCB000])[B6 F5 7C 7F ]0x0000CE0C:	CMP.W	R6, #0X3F0	;(R6=0x0000001A )
(       libmtguard.so[0xCBBCB000])[F3 D1       ]0x0000CE10:	BNE	#0XCBBD7DFA
(       libmtguard.so[0xCBBCB000])[48 46       ]0x0000CDFA:	MOV	R0, SB	;(SB=0xCBBCFE51 )
(       libmtguard.so[0xCBBCB000])[45 F8 36 80 ]0x0000CDFC:	STR.W	R8, [R5, R6, LSL #3]	;(R8=0xFFFFFFFF R5=0xCBC0D094 R6=0x0000001A )
(       libmtguard.so[0xCBBCB000])[05 EB C6 04 ]0x0000CE00:	ADD.W	R4, R5, R6, LSL #3	;(R5=0xCBC0D094 R6=0x0000001A )
(       libmtguard.so[0xCBBCB000])[F6 F7 3A FD ]0x0000CE04:	BL	#0XCBBCE87C	;(PC=0xCBBD7E04 )
(       libmtguard.so[0xCBBCB000])[F0 B5       ]0x0000387C:	PUSH	{R4, R5, R6, R7, LR}	;(SP=0x100FFFC0 R4=0xCBC0D164 R5=0xCBC0D094 R6=0x0000001A R7=0x100FFFE0 LR=0xCBBD7E09 )
(       libmtguard.so[0xCBBCB000])[03 AF       ]0x0000387E:	ADD	R7, SP, #0XC	;(SP=0x100FFFAC )
(       libmtguard.so[0xCBBCB000])[4D F8 04 BD ]0x00003880:	STR	FP, [SP, #-0X4]!	;(FP=0xCBC0B1C4 SP=0x100FFFAC )
(       libmtguard.so[0xCBBCB000])[05 46       ]0x00003884:	MOV	R5, R0	;(R0=0xCBBCFE51 )
(       libmtguard.so[0xCBBCB000])[01 20       ]0x00003886:	MOVS	R0, #1
(       libmtguard.so[0xCBBCB000])[10 21       ]0x00003888:	MOVS	R1, #0X10
(       libmtguard.so[0xCBBCB000])[00 22       ]0x0000388A:	MOVS	R2, #0
(       libmtguard.so[0xCBBCB000])[00 23       ]0x0000388C:	MOVS	R3, #0
(       libmtguard.so[0xCBBCB000])[00 26       ]0x0000388E:	MOVS	R6, #0
(       libmtguard.so[0xCBBCB000])[00 F0 C6 FA ]0x00003890:	BL	#0XCBBCEE20	;(PC=0xCBBCE890 )
(       libmtguard.so[0xCBBCB000])[B0 B5       ]0x00003E20:	PUSH	{R4, R5, R7, LR}	;(SP=0x100FFFA8 R4=0xCBC0D164 R5=0xCBBCFE51 R7=0x100FFFB8 LR=0xCBBCE895 )
(       libmtguard.so[0xCBBCB000])[02 AF       ]0x00003E22:	ADD	R7, SP, #8	;(SP=0x100FFF98 )
(       libmtguard.so[0xCBBCB000])[01 FB 00 F5 ]0x00003E24:	MUL	R5, R1, R0	;(R1=0x00000010 R0=0x00000001 )
(       libmtguard.so[0xCBBCB000])[4D B1       ]0x00003E28:	CBZ	R5, #0XCBBCEE3E	;(R5=0x00000010 )
(       libmtguard.so[0xCBBCB000])[28 46       ]0x00003E2A:	MOV	R0, R5	;(R5=0x00000010 )
(       libmtguard.so[0xCBBCB000])[FE F7 C8 EB ]0x00003E2C:	BLX	#0XCBBCD5C0	;(PC=0xCBBCEE2C )
(       libmtguard.so[0xCBBCB000])[00 C6 8F E2 ]0x000025C0:	ADD	IP, PC, #0, #12	;(PC=0xCBBCD5C0 )
(       libmtguard.so[0xCBBCB000])[3D CA 8C E2 ]0x000025C4:	ADD	IP, IP, #0X3D000	;(IP=0xCBBCD5C8 )
(       libmtguard.so[0xCBBCB000])[04 F9 BC E5 ]0x000025C8:	LDR	PC, [IP, #0X904]!	;(IP=0xCBC0A5C8 )
(       libmtguard.so[0xCBBCB000])[04 46       ]0x00003E30:	MOV	R4, R0	;(R0=0x30041790 )
(       libmtguard.so[0xCBBCB000])[24 B1       ]0x00003E32:	CBZ	R4, #0XCBBCEE3E	;(R4=0x30041790 )
(       libmtguard.so[0xCBBCB000])[20 46       ]0x00003E34:	MOV	R0, R4	;(R4=0x30041790 )
(       libmtguard.so[0xCBBCB000])[29 46       ]0x00003E36:	MOV	R1, R5	;(R5=0x00000010 )
(       libmtguard.so[0xCBBCB000])[FE F7 CE EB ]0x00003E38:	BLX	#0XCBBCD5D8	;(PC=0xCBBCEE38 )
(       libmtguard.so[0xCBBCB000])[00 C6 8F E2 ]0x000025D8:	ADD	IP, PC, #0, #12	;(PC=0xCBBCD5D8 )
(       libmtguard.so[0xCBBCB000])[3D CA 8C E2 ]0x000025DC:	ADD	IP, IP, #0X3D000	;(IP=0xCBBCD5E0 )
(       libmtguard.so[0xCBBCB000])[F4 F8 BC E5 ]0x000025E0:	LDR	PC, [IP, #0X8F4]!	;(IP=0xCBC0A5E0 )
(       libmtguard.so[0xCBBCB000])[00 E0       ]0x00003E3C:	B	#0XCBBCEE40
(       libmtguard.so[0xCBBCB000])[20 46       ]0x00003E40:	MOV	R0, R4	;(R4=0x30041790 )
(       libmtguard.so[0xCBBCB000])[B0 BD       ]0x00003E42:	POP	{R4, R5, R7, PC}	;(SP=0x100FFF98 )
(       libmtguard.so[0xCBBCB000])[04 46       ]0x00003894:	MOV	R4, R0	;(R0=0x30041790 )
(       libmtguard.so[0xCBBCB000])[94 B1       ]0x00003896:	CBZ	R4, #0XCBBCE8BE	;(R4=0x30041790 )
(       libmtguard.so[0xCBBCB000])[0B 20       ]0x00003898:	MOVS	R0, #0XB
(       libmtguard.so[0xCBBCB000])[C4 E9 00 66 ]0x0000389A:	STRD	R6, R6, [R4]	;(R6=0x00000000 R4=0x30041790 )
(       libmtguard.so[0xCBBCB000])[C4 E9 02 05 ]0x0000389E:	STRD	R0, R5, [R4, #8]	;(R0=0x0000000B R5=0xCBBCFE51 R4=0x30041790 )
(       libmtguard.so[0xCBBCB000])[04 20       ]0x000038A2:	MOVS	R0, #4
(       libmtguard.so[0xCBBCB000])[0B 21       ]0x000038A4:	MOVS	R1, #0XB
(       libmtguard.so[0xCBBCB000])[00 22       ]0x000038A6:	MOVS	R2, #0
(       libmtguard.so[0xCBBCB000])[00 23       ]0x000038A8:	MOVS	R3, #0
(       libmtguard.so[0xCBBCB000])[00 F0 B9 FA ]0x000038AA:	BL	#0XCBBCEE20	;(PC=0xCBBCE8AA )
(       libmtguard.so[0xCBBCB000])[B0 B5       ]0x00003E20:	PUSH	{R4, R5, R7, LR}	;(SP=0x100FFFA8 R4=0x30041790 R5=0xCBBCFE51 R7=0x100FFFB8 LR=0xCBBCE8AF )
(       libmtguard.so[0xCBBCB000])[02 AF       ]0x00003E22:	ADD	R7, SP, #8	;(SP=0x100FFF98 )
(       libmtguard.so[0xCBBCB000])[01 FB 00 F5 ]0x00003E24:	MUL	R5, R1, R0	;(R1=0x0000000B R0=0x00000004 )
(       libmtguard.so[0xCBBCB000])[4D B1       ]0x00003E28:	CBZ	R5, #0XCBBCEE3E	;(R5=0x0000002C )
(       libmtguard.so[0xCBBCB000])[28 46       ]0x00003E2A:	MOV	R0, R5	;(R5=0x0000002C )
(       libmtguard.so[0xCBBCB000])[FE F7 C8 EB ]0x00003E2C:	BLX	#0XCBBCD5C0	;(PC=0xCBBCEE2C )
(       libmtguard.so[0xCBBCB000])[00 C6 8F E2 ]0x000025C0:	ADD	IP, PC, #0, #12	;(PC=0xCBBCD5C0 )
(       libmtguard.so[0xCBBCB000])[3D CA 8C E2 ]0x000025C4:	ADD	IP, IP, #0X3D000	;(IP=0xCBBCD5C8 )
(       libmtguard.so[0xCBBCB000])[04 F9 BC E5 ]0x000025C8:	LDR	PC, [IP, #0X904]!	;(IP=0xCBC0A5C8 )
(       libmtguard.so[0xCBBCB000])[04 46       ]0x00003E30:	MOV	R4, R0	;(R0=0x300417A8 )
(       libmtguard.so[0xCBBCB000])[24 B1       ]0x00003E32:	CBZ	R4, #0XCBBCEE3E	;(R4=0x300417A8 )
(       libmtguard.so[0xCBBCB000])[20 46       ]0x00003E34:	MOV	R0, R4	;(R4=0x300417A8 )
(       libmtguard.so[0xCBBCB000])[29 46       ]0x00003E36:	MOV	R1, R5	;(R5=0x0000002C )
(       libmtguard.so[0xCBBCB000])[FE F7 CE EB ]0x00003E38:	BLX	#0XCBBCD5D8	;(PC=0xCBBCEE38 )
(       libmtguard.so[0xCBBCB000])[00 C6 8F E2 ]0x000025D8:	ADD	IP, PC, #0, #12	;(PC=0xCBBCD5D8 )
(       libmtguard.so[0xCBBCB000])[3D CA 8C E2 ]0x000025DC:	ADD	IP, IP, #0X3D000	;(IP=0xCBBCD5E0 )
(       libmtguard.so[0xCBBCB000])[F4 F8 BC E5 ]0x000025E0:	LDR	PC, [IP, #0X8F4]!	;(IP=0xCBC0A5E0 )
(       libmtguard.so[0xCBBCB000])[00 E0       ]0x00003E3C:	B	#0XCBBCEE40
(       libmtguard.so[0xCBBCB000])[20 46       ]0x00003E40:	MOV	R0, R4	;(R4=0x300417A8 )
(       libmtguard.so[0xCBBCB000])[B0 BD       ]0x00003E42:	POP	{R4, R5, R7, PC}	;(SP=0x100FFF98 )
(       libmtguard.so[0xCBBCB000])[00 28       ]0x000038AE:	CMP	R0, #0	;(R0=0x300417A8 )
(       libmtguard.so[0xCBBCB000])[20 60       ]0x000038B0:	STR	R0, [R4]	;(R0=0x300417A8 R4=0x30041790 )
(       libmtguard.so[0xCBBCB000])[05 D1       ]0x000038B2:	BNE	#0XCBBCE8C0
(       libmtguard.so[0xCBBCB000])[20 46       ]0x000038C0:	MOV	R0, R4	;(R4=0x30041790 )
(       libmtguard.so[0xCBBCB000])[5D F8 04 BB ]0x000038C2:	LDR	FP, [SP], #4	;(SP=0x100FFFA8 )
(       libmtguard.so[0xCBBCB000])[F0 BD       ]0x000038C6:	POP	{R4, R5, R6, R7, PC}	;(SP=0x100FFFAC )
(       libmtguard.so[0xCBBCB000])[01 36       ]0x0000CE08:	ADDS	R6, #1	;(R6=0x0000001A )
(       libmtguard.so[0xCBBCB000])[60 60       ]0x0000CE0A:	STR	R0, [R4, #4]	;(R0=0x30041790 R4=0xCBC0D164 )
(       libmtguard.so[0xCBBCB000])[B6 F5 7C 7F ]0x0000CE0C:	CMP.W	R6, #0X3F0	;(R6=0x0000001B )
(       libmtguard.so[0xCBBCB000])[F3 D1       ]0x0000CE10:	BNE	#0XCBBD7DFA
(       libmtguard.so[0xCBBCB000])[48 46       ]0x0000CDFA:	MOV	R0, SB	;(SB=0xCBBCFE51 )
(       libmtguard.so[0xCBBCB000])[45 F8 36 80 ]0x0000CDFC:	STR.W	R8, [R5, R6, LSL #3]	;(R8=0xFFFFFFFF R5=0xCBC0D094 R6=0x0000001B )
(       libmtguard.so[0xCBBCB000])[05 EB C6 04 ]0x0000CE00:	ADD.W	R4, R5, R6, LSL #3	;(R5=0xCBC0D094 R6=0x0000001B )
(       libmtguard.so[0xCBBCB000])[F6 F7 3A FD ]0x0000CE04:	BL	#0XCBBCE87C	;(PC=0xCBBD7E04 )
(       libmtguard.so[0xCBBCB000])[F0 B5       ]0x0000387C:	PUSH	{R4, R5, R6, R7, LR}	;(SP=0x100FFFC0 R4=0xCBC0D16C R5=0xCBC0D094 R6=0x0000001B R7=0x100FFFE0 LR=0xCBBD7E09 )
(       libmtguard.so[0xCBBCB000])[03 AF       ]0x0000387E:	ADD	R7, SP, #0XC	;(SP=0x100FFFAC )
(       libmtguard.so[0xCBBCB000])[4D F8 04 BD ]0x00003880:	STR	FP, [SP, #-0X4]!	;(FP=0xCBC0B1C4 SP=0x100FFFAC )
(       libmtguard.so[0xCBBCB000])[05 46       ]0x00003884:	MOV	R5, R0	;(R0=0xCBBCFE51 )
(       libmtguard.so[0xCBBCB000])[01 20       ]0x00003886:	MOVS	R0, #1
(       libmtguard.so[0xCBBCB000])[10 21       ]0x00003888:	MOVS	R1, #0X10
(       libmtguard.so[0xCBBCB000])[00 22       ]0x0000388A:	MOVS	R2, #0
(       libmtguard.so[0xCBBCB000])[00 23       ]0x0000388C:	MOVS	R3, #0
(       libmtguard.so[0xCBBCB000])[00 26       ]0x0000388E:	MOVS	R6, #0
(       libmtguard.so[0xCBBCB000])[00 F0 C6 FA ]0x00003890:	BL	#0XCBBCEE20	;(PC=0xCBBCE890 )
(       libmtguard.so[0xCBBCB000])[B0 B5       ]0x00003E20:	PUSH	{R4, R5, R7, LR}	;(SP=0x100FFFA8 R4=0xCBC0D16C R5=0xCBBCFE51 R7=0x100FFFB8 LR=0xCBBCE895 )
(       libmtguard.so[0xCBBCB000])[02 AF       ]0x00003E22:	ADD	R7, SP, #8	;(SP=0x100FFF98 )
(       libmtguard.so[0xCBBCB000])[01 FB 00 F5 ]0x00003E24:	MUL	R5, R1, R0	;(R1=0x00000010 R0=0x00000001 )
(       libmtguard.so[0xCBBCB000])[4D B1       ]0x00003E28:	CBZ	R5, #0XCBBCEE3E	;(R5=0x00000010 )
(       libmtguard.so[0xCBBCB000])[28 46       ]0x00003E2A:	MOV	R0, R5	;(R5=0x00000010 )
(       libmtguard.so[0xCBBCB000])[FE F7 C8 EB ]0x00003E2C:	BLX	#0XCBBCD5C0	;(PC=0xCBBCEE2C )
(       libmtguard.so[0xCBBCB000])[00 C6 8F E2 ]0x000025C0:	ADD	IP, PC, #0, #12	;(PC=0xCBBCD5C0 )
(       libmtguard.so[0xCBBCB000])[3D CA 8C E2 ]0x000025C4:	ADD	IP, IP, #0X3D000	;(IP=0xCBBCD5C8 )
(       libmtguard.so[0xCBBCB000])[04 F9 BC E5 ]0x000025C8:	LDR	PC, [IP, #0X904]!	;(IP=0xCBC0A5C8 )
(       libmtguard.so[0xCBBCB000])[04 46       ]0x00003E30:	MOV	R4, R0	;(R0=0x300417D8 )
(       libmtguard.so[0xCBBCB000])[24 B1       ]0x00003E32:	CBZ	R4, #0XCBBCEE3E	;(R4=0x300417D8 )
(       libmtguard.so[0xCBBCB000])[20 46       ]0x00003E34:	MOV	R0, R4	;(R4=0x300417D8 )
(       libmtguard.so[0xCBBCB000])[29 46       ]0x00003E36:	MOV	R1, R5	;(R5=0x00000010 )
(       libmtguard.so[0xCBBCB000])[FE F7 CE EB ]0x00003E38:	BLX	#0XCBBCD5D8	;(PC=0xCBBCEE38 )
(       libmtguard.so[0xCBBCB000])[00 C6 8F E2 ]0x000025D8:	ADD	IP, PC, #0, #12	;(PC=0xCBBCD5D8 )
(       libmtguard.so[0xCBBCB000])[3D CA 8C E2 ]0x000025DC:	ADD	IP, IP, #0X3D000	;(IP=0xCBBCD5E0 )
(       libmtguard.so[0xCBBCB000])[F4 F8 BC E5 ]0x000025E0:	LDR	PC, [IP, #0X8F4]!	;(IP=0xCBC0A5E0 )
(       libmtguard.so[0xCBBCB000])[00 E0       ]0x00003E3C:	B	#0XCBBCEE40
(       libmtguard.so[0xCBBCB000])[20 46       ]0x00003E40:	MOV	R0, R4	;(R4=0x300417D8 )
(       libmtguard.so[0xCBBCB000])[B0 BD       ]0x00003E42:	POP	{R4, R5, R7, PC}	;(SP=0x100FFF98 )
(       libmtguard.so[0xCBBCB000])[04 46       ]0x00003894:	MOV	R4, R0	;(R0=0x300417D8 )
(       libmtguard.so[0xCBBCB000])[94 B1       ]0x00003896:	CBZ	R4, #0XCBBCE8BE	;(R4=0x300417D8 )
(       libmtguard.so[0xCBBCB000])[0B 20       ]0x00003898:	MOVS	R0, #0XB
(       libmtguard.so[0xCBBCB000])[C4 E9 00 66 ]0x0000389A:	STRD	R6, R6, [R4]	;(R6=0x00000000 R4=0x300417D8 )
(       libmtguard.so[0xCBBCB000])[C4 E9 02 05 ]0x0000389E:	STRD	R0, R5, [R4, #8]	;(R0=0x0000000B R5=0xCBBCFE51 R4=0x300417D8 )
(       libmtguard.so[0xCBBCB000])[04 20       ]0x000038A2:	MOVS	R0, #4
(       libmtguard.so[0xCBBCB000])[0B 21       ]0x000038A4:	MOVS	R1, #0XB
(       libmtguard.so[0xCBBCB000])[00 22       ]0x000038A6:	MOVS	R2, #0
(       libmtguard.so[0xCBBCB000])[00 23       ]0x000038A8:	MOVS	R3, #0
(       libmtguard.so[0xCBBCB000])[00 F0 B9 FA ]0x000038AA:	BL	#0XCBBCEE20	;(PC=0xCBBCE8AA )
(       libmtguard.so[0xCBBCB000])[B0 B5       ]0x00003E20:	PUSH	{R4, R5, R7, LR}	;(SP=0x100FFFA8 R4=0x300417D8 R5=0xCBBCFE51 R7=0x100FFFB8 LR=0xCBBCE8AF )
(       libmtguard.so[0xCBBCB000])[02 AF       ]0x00003E22:	ADD	R7, SP, #8	;(SP=0x100FFF98 )
(       libmtguard.so[0xCBBCB000])[01 FB 00 F5 ]0x00003E24:	MUL	R5, R1, R0	;(R1=0x0000000B R0=0x00000004 )
(       libmtguard.so[0xCBBCB000])[4D B1       ]0x00003E28:	CBZ	R5, #0XCBBCEE3E	;(R5=0x0000002C )
(       libmtguard.so[0xCBBCB000])[28 46       ]0x00003E2A:	MOV	R0, R5	;(R5=0x0000002C )
(       libmtguard.so[0xCBBCB000])[FE F7 C8 EB ]0x00003E2C:	BLX	#0XCBBCD5C0	;(PC=0xCBBCEE2C )
(       libmtguard.so[0xCBBCB000])[00 C6 8F E2 ]0x000025C0:	ADD	IP, PC, #0, #12	;(PC=0xCBBCD5C0 )
(       libmtguard.so[0xCBBCB000])[3D CA 8C E2 ]0x000025C4:	ADD	IP, IP, #0X3D000	;(IP=0xCBBCD5C8 )
(       libmtguard.so[0xCBBCB000])[04 F9 BC E5 ]0x000025C8:	LDR	PC, [IP, #0X904]!	;(IP=0xCBC0A5C8 )
(       libmtguard.so[0xCBBCB000])[04 46       ]0x00003E30:	MOV	R4, R0	;(R0=0x300417F0 )
(       libmtguard.so[0xCBBCB000])[24 B1       ]0x00003E32:	CBZ	R4, #0XCBBCEE3E	;(R4=0x300417F0 )
(       libmtguard.so[0xCBBCB000])[20 46       ]0x00003E34:	MOV	R0, R4	;(R4=0x300417F0 )
(       libmtguard.so[0xCBBCB000])[29 46       ]0x00003E36:	MOV	R1, R5	;(R5=0x0000002C )
(       libmtguard.so[0xCBBCB000])[FE F7 CE EB ]0x00003E38:	BLX	#0XCBBCD5D8	;(PC=0xCBBCEE38 )
(       libmtguard.so[0xCBBCB000])[00 C6 8F E2 ]0x000025D8:	ADD	IP, PC, #0, #12	;(PC=0xCBBCD5D8 )
(       libmtguard.so[0xCBBCB000])[3D CA 8C E2 ]0x000025DC:	ADD	IP, IP, #0X3D000	;(IP=0xCBBCD5E0 )
(       libmtguard.so[0xCBBCB000])[F4 F8 BC E5 ]0x000025E0:	LDR	PC, [IP, #0X8F4]!	;(IP=0xCBC0A5E0 )
(       libmtguard.so[0xCBBCB000])[00 E0       ]0x00003E3C:	B	#0XCBBCEE40
(       libmtguard.so[0xCBBCB000])[20 46       ]0x00003E40:	MOV	R0, R4	;(R4=0x300417F0 )
(       libmtguard.so[0xCBBCB000])[B0 BD       ]0x00003E42:	POP	{R4, R5, R7, PC}	;(SP=0x100FFF98 )
(       libmtguard.so[0xCBBCB000])[00 28       ]0x000038AE:	CMP	R0, #0	;(R0=0x300417F0 )
(       libmtguard.so[0xCBBCB000])[20 60       ]0x000038B0:	STR	R0, [R4]	;(R0=0x300417F0 R4=0x300417D8 )
(       libmtguard.so[0xCBBCB000])[05 D1       ]0x000038B2:	BNE	#0XCBBCE8C0
(       libmtguard.so[0xCBBCB000])[20 46       ]0x000038C0:	MOV	R0, R4	;(R4=0x300417D8 )
(       libmtguard.so[0xCBBCB000])[5D F8 04 BB ]0x000038C2:	LDR	FP, [SP], #4	;(SP=0x100FFFA8 )
(       libmtguard.so[0xCBBCB000])[F0 BD       ]0x000038C6:	POP	{R4, R5, R6, R7, PC}	;(SP=0x100FFFAC )
(       libmtguard.so[0xCBBCB000])[01 36       ]0x0000CE08:	ADDS	R6, #1	;(R6=0x0000001B )
(       libmtguard.so[0xCBBCB000])[60 60       ]0x0000CE0A:	STR	R0, [R4, #4]	;(R0=0x300417D8 R4=0xCBC0D16C )
(       libmtguard.so[0xCBBCB000])[B6 F5 7C 7F ]0x0000CE0C:	CMP.W	R6, #0X3F0	;(R6=0x0000001C )
(       libmtguard.so[0xCBBCB000])[F3 D1       ]0x0000CE10:	BNE	#0XCBBD7DFA
(       libmtguard.so[0xCBBCB000])[48 46       ]0x0000CDFA:	MOV	R0, SB	;(SB=0xCBBCFE51 )
(       libmtguard.so[0xCBBCB000])[45 F8 36 80 ]0x0000CDFC:	STR.W	R8, [R5, R6, LSL #3]	;(R8=0xFFFFFFFF R5=0xCBC0D094 R6=0x0000001C )
(       libmtguard.so[0xCBBCB000])[05 EB C6 04 ]0x0000CE00:	ADD.W	R4, R5, R6, LSL #3	;(R5=0xCBC0D094 R6=0x0000001C )
(       libmtguard.so[0xCBBCB000])[F6 F7 3A FD ]0x0000CE04:	BL	#0XCBBCE87C	;(PC=0xCBBD7E04 )
(       libmtguard.so[0xCBBCB000])[F0 B5       ]0x0000387C:	PUSH	{R4, R5, R6, R7, LR}	;(SP=0x100FFFC0 R4=0xCBC0D174 R5=0xCBC0D094 R6=0x0000001C R7=0x100FFFE0 LR=0xCBBD7E09 )
(       libmtguard.so[0xCBBCB000])[03 AF       ]0x0000387E:	ADD	R7, SP, #0XC	;(SP=0x100FFFAC )
(       libmtguard.so[0xCBBCB000])[4D F8 04 BD ]0x00003880:	STR	FP, [SP, #-0X4]!	;(FP=0xCBC0B1C4 SP=0x100FFFAC )
(       libmtguard.so[0xCBBCB000])[05 46       ]0x00003884:	MOV	R5, R0	;(R0=0xCBBCFE51 )
(       libmtguard.so[0xCBBCB000])[01 20       ]0x00003886:	MOVS	R0, #1
(       libmtguard.so[0xCBBCB000])[10 21       ]0x00003888:	MOVS	R1, #0X10
(       libmtguard.so[0xCBBCB000])[00 22       ]0x0000388A:	MOVS	R2, #0
(       libmtguard.so[0xCBBCB000])[00 23       ]0x0000388C:	MOVS	R3, #0
(       libmtguard.so[0xCBBCB000])[00 26       ]0x0000388E:	MOVS	R6, #0
(       libmtguard.so[0xCBBCB000])[00 F0 C6 FA ]0x00003890:	BL	#0XCBBCEE20	;(PC=0xCBBCE890 )
(       libmtguard.so[0xCBBCB000])[B0 B5       ]0x00003E20:	PUSH	{R4, R5, R7, LR}	;(SP=0x100FFFA8 R4=0xCBC0D174 R5=0xCBBCFE51 R7=0x100FFFB8 LR=0xCBBCE895 )
(       libmtguard.so[0xCBBCB000])[02 AF       ]0x00003E22:	ADD	R7, SP, #8	;(SP=0x100FFF98 )
(       libmtguard.so[0xCBBCB000])[01 FB 00 F5 ]0x00003E24:	MUL	R5, R1, R0	;(R1=0x00000010 R0=0x00000001 )
(       libmtguard.so[0xCBBCB000])[4D B1       ]0x00003E28:	CBZ	R5, #0XCBBCEE3E	;(R5=0x00000010 )
(       libmtguard.so[0xCBBCB000])[28 46       ]0x00003E2A:	MOV	R0, R5	;(R5=0x00000010 )
(       libmtguard.so[0xCBBCB000])[FE F7 C8 EB ]0x00003E2C:	BLX	#0XCBBCD5C0	;(PC=0xCBBCEE2C )
(       libmtguard.so[0xCBBCB000])[00 C6 8F E2 ]0x000025C0:	ADD	IP, PC, #0, #12	;(PC=0xCBBCD5C0 )
(       libmtguard.so[0xCBBCB000])[3D CA 8C E2 ]0x000025C4:	ADD	IP, IP, #0X3D000	;(IP=0xCBBCD5C8 )
(       libmtguard.so[0xCBBCB000])[04 F9 BC E5 ]0x000025C8:	LDR	PC, [IP, #0X904]!	;(IP=0xCBC0A5C8 )
(       libmtguard.so[0xCBBCB000])[04 46       ]0x00003E30:	MOV	R4, R0	;(R0=0x30041820 )
(       libmtguard.so[0xCBBCB000])[24 B1       ]0x00003E32:	CBZ	R4, #0XCBBCEE3E	;(R4=0x30041820 )
(       libmtguard.so[0xCBBCB000])[20 46       ]0x00003E34:	MOV	R0, R4	;(R4=0x30041820 )
(       libmtguard.so[0xCBBCB000])[29 46       ]0x00003E36:	MOV	R1, R5	;(R5=0x00000010 )
(       libmtguard.so[0xCBBCB000])[FE F7 CE EB ]0x00003E38:	BLX	#0XCBBCD5D8	;(PC=0xCBBCEE38 )
(       libmtguard.so[0xCBBCB000])[00 C6 8F E2 ]0x000025D8:	ADD	IP, PC, #0, #12	;(PC=0xCBBCD5D8 )
(       libmtguard.so[0xCBBCB000])[3D CA 8C E2 ]0x000025DC:	ADD	IP, IP, #0X3D000	;(IP=0xCBBCD5E0 )
(       libmtguard.so[0xCBBCB000])[F4 F8 BC E5 ]0x000025E0:	LDR	PC, [IP, #0X8F4]!	;(IP=0xCBC0A5E0 )
(       libmtguard.so[0xCBBCB000])[00 E0       ]0x00003E3C:	B	#0XCBBCEE40
(       libmtguard.so[0xCBBCB000])[20 46       ]0x00003E40:	MOV	R0, R4	;(R4=0x30041820 )
(       libmtguard.so[0xCBBCB000])[B0 BD       ]0x00003E42:	POP	{R4, R5, R7, PC}	;(SP=0x100FFF98 )
(       libmtguard.so[0xCBBCB000])[04 46       ]0x00003894:	MOV	R4, R0	;(R0=0x30041820 )
(       libmtguard.so[0xCBBCB000])[94 B1       ]0x00003896:	CBZ	R4, #0XCBBCE8BE	;(R4=0x30041820 )
(       libmtguard.so[0xCBBCB000])[0B 20       ]0x00003898:	MOVS	R0, #0XB
(       libmtguard.so[0xCBBCB000])[C4 E9 00 66 ]0x0000389A:	STRD	R6, R6, [R4]	;(R6=0x00000000 R4=0x30041820 )
(       libmtguard.so[0xCBBCB000])[C4 E9 02 05 ]0x0000389E:	STRD	R0, R5, [R4, #8]	;(R0=0x0000000B R5=0xCBBCFE51 R4=0x30041820 )
(       libmtguard.so[0xCBBCB000])[04 20       ]0x000038A2:	MOVS	R0, #4
(       libmtguard.so[0xCBBCB000])[0B 21       ]0x000038A4:	MOVS	R1, #0XB
(       libmtguard.so[0xCBBCB000])[00 22       ]0x000038A6:	MOVS	R2, #0
(       libmtguard.so[0xCBBCB000])[00 23       ]0x000038A8:	MOVS	R3, #0
(       libmtguard.so[0xCBBCB000])[00 F0 B9 FA ]0x000038AA:	BL	#0XCBBCEE20	;(PC=0xCBBCE8AA )
(       libmtguard.so[0xCBBCB000])[B0 B5       ]0x00003E20:	PUSH	{R4, R5, R7, LR}	;(SP=0x100FFFA8 R4=0x30041820 R5=0xCBBCFE51 R7=0x100FFFB8 LR=0xCBBCE8AF )
(       libmtguard.so[0xCBBCB000])[02 AF       ]0x00003E22:	ADD	R7, SP, #8	;(SP=0x100FFF98 )
(       libmtguard.so[0xCBBCB000])[01 FB 00 F5 ]0x00003E24:	MUL	R5, R1, R0	;(R1=0x0000000B R0=0x00000004 )
(       libmtguard.so[0xCBBCB000])[4D B1       ]0x00003E28:	CBZ	R5, #0XCBBCEE3E	;(R5=0x0000002C )
(       libmtguard.so[0xCBBCB000])[28 46       ]0x00003E2A:	MOV	R0, R5	;(R5=0x0000002C )
(       libmtguard.so[0xCBBCB000])[FE F7 C8 EB ]0x00003E2C:	BLX	#0XCBBCD5C0	;(PC=0xCBBCEE2C )
(       libmtguard.so[0xCBBCB000])[00 C6 8F E2 ]0x000025C0:	ADD	IP, PC, #0, #12	;(PC=0xCBBCD5C0 )
(       libmtguard.so[0xCBBCB000])[3D CA 8C E2 ]0x000025C4:	ADD	IP, IP, #0X3D000	;(IP=0xCBBCD5C8 )
(       libmtguard.so[0xCBBCB000])[04 F9 BC E5 ]0x000025C8:	LDR	PC, [IP, #0X904]!	;(IP=0xCBC0A5C8 )
(       libmtguard.so[0xCBBCB000])[04 46       ]0x00003E30:	MOV	R4, R0	;(R0=0x30041838 )
(       libmtguard.so[0xCBBCB000])[24 B1       ]0x00003E32:	CBZ	R4, #0XCBBCEE3E	;(R4=0x30041838 )
(       libmtguard.so[0xCBBCB000])[20 46       ]0x00003E34:	MOV	R0, R4	;(R4=0x30041838 )
(       libmtguard.so[0xCBBCB000])[29 46       ]0x00003E36:	MOV	R1, R5	;(R5=0x0000002C )
(       libmtguard.so[0xCBBCB000])[FE F7 CE EB ]0x00003E38:	BLX	#0XCBBCD5D8	;(PC=0xCBBCEE38 )
(       libmtguard.so[0xCBBCB000])[00 C6 8F E2 ]0x000025D8:	ADD	IP, PC, #0, #12	;(PC=0xCBBCD5D8 )
(       libmtguard.so[0xCBBCB000])[3D CA 8C E2 ]0x000025DC:	ADD	IP, IP, #0X3D000	;(IP=0xCBBCD5E0 )
(       libmtguard.so[0xCBBCB000])[F4 F8 BC E5 ]0x000025E0:	LDR	PC, [IP, #0X8F4]!	;(IP=0xCBC0A5E0 )
(       libmtguard.so[0xCBBCB000])[00 E0       ]0x00003E3C:	B	#0XCBBCEE40
(       libmtguard.so[0xCBBCB000])[20 46       ]0x00003E40:	MOV	R0, R4	;(R4=0x30041838 )
(       libmtguard.so[0xCBBCB000])[B0 BD       ]0x00003E42:	POP	{R4, R5, R7, PC}	;(SP=0x100FFF98 )
(       libmtguard.so[0xCBBCB000])[00 28       ]0x000038AE:	CMP	R0, #0	;(R0=0x30041838 )
(       libmtguard.so[0xCBBCB000])[20 60       ]0x000038B0:	STR	R0, [R4]	;(R0=0x30041838 R4=0x30041820 )
(       libmtguard.so[0xCBBCB000])[05 D1       ]0x000038B2:	BNE	#0XCBBCE8C0
(       libmtguard.so[0xCBBCB000])[20 46       ]0x000038C0:	MOV	R0, R4	;(R4=0x30041820 )
(       libmtguard.so[0xCBBCB000])[5D F8 04 BB ]0x000038C2:	LDR	FP, [SP], #4	;(SP=0x100FFFA8 )
(       libmtguard.so[0xCBBCB000])[F0 BD       ]0x000038C6:	POP	{R4, R5, R6, R7, PC}	;(SP=0x100FFFAC )
(       libmtguard.so[0xCBBCB000])[01 36       ]0x0000CE08:	ADDS	R6, #1	;(R6=0x0000001C )
(       libmtguard.so[0xCBBCB000])[60 60       ]0x0000CE0A:	STR	R0, [R4, #4]	;(R0=0x30041820 R4=0xCBC0D174 )
(       libmtguard.so[0xCBBCB000])[B6 F5 7C 7F ]0x0000CE0C:	CMP.W	R6, #0X3F0	;(R6=0x0000001D )
(       libmtguard.so[0xCBBCB000])[F3 D1       ]0x0000CE10:	BNE	#0XCBBD7DFA
(       libmtguard.so[0xCBBCB000])[48 46       ]0x0000CDFA:	MOV	R0, SB	;(SB=0xCBBCFE51 )
(       libmtguard.so[0xCBBCB000])[45 F8 36 80 ]0x0000CDFC:	STR.W	R8, [R5, R6, LSL #3]	;(R8=0xFFFFFFFF R5=0xCBC0D094 R6=0x0000001D )
(       libmtguard.so[0xCBBCB000])[05 EB C6 04 ]0x0000CE00:	ADD.W	R4, R5, R6, LSL #3	;(R5=0xCBC0D094 R6=0x0000001D )
(       libmtguard.so[0xCBBCB000])[F6 F7 3A FD ]0x0000CE04:	BL	#0XCBBCE87C	;(PC=0xCBBD7E04 )
(       libmtguard.so[0xCBBCB000])[F0 B5       ]0x0000387C:	PUSH	{R4, R5, R6, R7, LR}	;(SP=0x100FFFC0 R4=0xCBC0D17C R5=0xCBC0D094 R6=0x0000001D R7=0x100FFFE0 LR=0xCBBD7E09 )
(       libmtguard.so[0xCBBCB000])[03 AF       ]0x0000387E:	ADD	R7, SP, #0XC	;(SP=0x100FFFAC )
(       libmtguard.so[0xCBBCB000])[4D F8 04 BD ]0x00003880:	STR	FP, [SP, #-0X4]!	;(FP=0xCBC0B1C4 SP=0x100FFFAC )
(       libmtguard.so[0xCBBCB000])[05 46       ]0x00003884:	MOV	R5, R0	;(R0=0xCBBCFE51 )
(       libmtguard.so[0xCBBCB000])[01 20       ]0x00003886:	MOVS	R0, #1
(       libmtguard.so[0xCBBCB000])[10 21       ]0x00003888:	MOVS	R1, #0X10
(       libmtguard.so[0xCBBCB000])[00 22       ]0x0000388A:	MOVS	R2, #0
(       libmtguard.so[0xCBBCB000])[00 23       ]0x0000388C:	MOVS	R3, #0
(       libmtguard.so[0xCBBCB000])[00 26       ]0x0000388E:	MOVS	R6, #0
(       libmtguard.so[0xCBBCB000])[00 F0 C6 FA ]0x00003890:	BL	#0XCBBCEE20	;(PC=0xCBBCE890 )
(       libmtguard.so[0xCBBCB000])[B0 B5       ]0x00003E20:	PUSH	{R4, R5, R7, LR}	;(SP=0x100FFFA8 R4=0xCBC0D17C R5=0xCBBCFE51 R7=0x100FFFB8 LR=0xCBBCE895 )
(       libmtguard.so[0xCBBCB000])[02 AF       ]0x00003E22:	ADD	R7, SP, #8	;(SP=0x100FFF98 )
(       libmtguard.so[0xCBBCB000])[01 FB 00 F5 ]0x00003E24:	MUL	R5, R1, R0	;(R1=0x00000010 R0=0x00000001 )
(       libmtguard.so[0xCBBCB000])[4D B1       ]0x00003E28:	CBZ	R5, #0XCBBCEE3E	;(R5=0x00000010 )
(       libmtguard.so[0xCBBCB000])[28 46       ]0x00003E2A:	MOV	R0, R5	;(R5=0x00000010 )
(       libmtguard.so[0xCBBCB000])[FE F7 C8 EB ]0x00003E2C:	BLX	#0XCBBCD5C0	;(PC=0xCBBCEE2C )
(       libmtguard.so[0xCBBCB000])[00 C6 8F E2 ]0x000025C0:	ADD	IP, PC, #0, #12	;(PC=0xCBBCD5C0 )
(       libmtguard.so[0xCBBCB000])[3D CA 8C E2 ]0x000025C4:	ADD	IP, IP, #0X3D000	;(IP=0xCBBCD5C8 )
(       libmtguard.so[0xCBBCB000])[04 F9 BC E5 ]0x000025C8:	LDR	PC, [IP, #0X904]!	;(IP=0xCBC0A5C8 )
(       libmtguard.so[0xCBBCB000])[04 46       ]0x00003E30:	MOV	R4, R0	;(R0=0x30041868 )
(       libmtguard.so[0xCBBCB000])[24 B1       ]0x00003E32:	CBZ	R4, #0XCBBCEE3E	;(R4=0x30041868 )
(       libmtguard.so[0xCBBCB000])[20 46       ]0x00003E34:	MOV	R0, R4	;(R4=0x30041868 )
(       libmtguard.so[0xCBBCB000])[29 46       ]0x00003E36:	MOV	R1, R5	;(R5=0x00000010 )
(       libmtguard.so[0xCBBCB000])[FE F7 CE EB ]0x00003E38:	BLX	#0XCBBCD5D8	;(PC=0xCBBCEE38 )
(       libmtguard.so[0xCBBCB000])[00 C6 8F E2 ]0x000025D8:	ADD	IP, PC, #0, #12	;(PC=0xCBBCD5D8 )
(       libmtguard.so[0xCBBCB000])[3D CA 8C E2 ]0x000025DC:	ADD	IP, IP, #0X3D000	;(IP=0xCBBCD5E0 )
(       libmtguard.so[0xCBBCB000])[F4 F8 BC E5 ]0x000025E0:	LDR	PC, [IP, #0X8F4]!	;(IP=0xCBC0A5E0 )
(       libmtguard.so[0xCBBCB000])[00 E0       ]0x00003E3C:	B	#0XCBBCEE40
(       libmtguard.so[0xCBBCB000])[20 46       ]0x00003E40:	MOV	R0, R4	;(R4=0x30041868 )
(       libmtguard.so[0xCBBCB000])[B0 BD       ]0x00003E42:	POP	{R4, R5, R7, PC}	;(SP=0x100FFF98 )
(       libmtguard.so[0xCBBCB000])[04 46       ]0x00003894:	MOV	R4, R0	;(R0=0x30041868 )
(       libmtguard.so[0xCBBCB000])[94 B1       ]0x00003896:	CBZ	R4, #0XCBBCE8BE	;(R4=0x30041868 )
(       libmtguard.so[0xCBBCB000])[0B 20       ]0x00003898:	MOVS	R0, #0XB
(       libmtguard.so[0xCBBCB000])[C4 E9 00 66 ]0x0000389A:	STRD	R6, R6, [R4]	;(R6=0x00000000 R4=0x30041868 )
(       libmtguard.so[0xCBBCB000])[C4 E9 02 05 ]0x0000389E:	STRD	R0, R5, [R4, #8]	;(R0=0x0000000B R5=0xCBBCFE51 R4=0x30041868 )
(       libmtguard.so[0xCBBCB000])[04 20       ]0x000038A2:	MOVS	R0, #4
(       libmtguard.so[0xCBBCB000])[0B 21       ]0x000038A4:	MOVS	R1, #0XB
(       libmtguard.so[0xCBBCB000])[00 22       ]0x000038A6:	MOVS	R2, #0
(       libmtguard.so[0xCBBCB000])[00 23       ]0x000038A8:	MOVS	R3, #0
(       libmtguard.so[0xCBBCB000])[00 F0 B9 FA ]0x000038AA:	BL	#0XCBBCEE20	;(PC=0xCBBCE8AA )
(       libmtguard.so[0xCBBCB000])[B0 B5       ]0x00003E20:	PUSH	{R4, R5, R7, LR}	;(SP=0x100FFFA8 R4=0x30041868 R5=0xCBBCFE51 R7=0x100FFFB8 LR=0xCBBCE8AF )
(       libmtguard.so[0xCBBCB000])[02 AF       ]0x00003E22:	ADD	R7, SP, #8	;(SP=0x100FFF98 )
(       libmtguard.so[0xCBBCB000])[01 FB 00 F5 ]0x00003E24:	MUL	R5, R1, R0	;(R1=0x0000000B R0=0x00000004 )
(       libmtguard.so[0xCBBCB000])[4D B1       ]0x00003E28:	CBZ	R5, #0XCBBCEE3E	;(R5=0x0000002C )
(       libmtguard.so[0xCBBCB000])[28 46       ]0x00003E2A:	MOV	R0, R5	;(R5=0x0000002C )
(       libmtguard.so[0xCBBCB000])[FE F7 C8 EB ]0x00003E2C:	BLX	#0XCBBCD5C0	;(PC=0xCBBCEE2C )
(       libmtguard.so[0xCBBCB000])[00 C6 8F E2 ]0x000025C0:	ADD	IP, PC, #0, #12	;(PC=0xCBBCD5C0 )
(       libmtguard.so[0xCBBCB000])[3D CA 8C E2 ]0x000025C4:	ADD	IP, IP, #0X3D000	;(IP=0xCBBCD5C8 )
(       libmtguard.so[0xCBBCB000])[04 F9 BC E5 ]0x000025C8:	LDR	PC, [IP, #0X904]!	;(IP=0xCBC0A5C8 )
(       libmtguard.so[0xCBBCB000])[04 46       ]0x00003E30:	MOV	R4, R0	;(R0=0x30041880 )
(       libmtguard.so[0xCBBCB000])[24 B1       ]0x00003E32:	CBZ	R4, #0XCBBCEE3E	;(R4=0x30041880 )
(       libmtguard.so[0xCBBCB000])[20 46       ]0x00003E34:	MOV	R0, R4	;(R4=0x30041880 )
(       libmtguard.so[0xCBBCB000])[29 46       ]0x00003E36:	MOV	R1, R5	;(R5=0x0000002C )
(       libmtguard.so[0xCBBCB000])[FE F7 CE EB ]0x00003E38:	BLX	#0XCBBCD5D8	;(PC=0xCBBCEE38 )
(       libmtguard.so[0xCBBCB000])[00 C6 8F E2 ]0x000025D8:	ADD	IP, PC, #0, #12	;(PC=0xCBBCD5D8 )
(       libmtguard.so[0xCBBCB000])[3D CA 8C E2 ]0x000025DC:	ADD	IP, IP, #0X3D000	;(IP=0xCBBCD5E0 )
(       libmtguard.so[0xCBBCB000])[F4 F8 BC E5 ]0x000025E0:	LDR	PC, [IP, #0X8F4]!	;(IP=0xCBC0A5E0 )
(       libmtguard.so[0xCBBCB000])[00 E0       ]0x00003E3C:	B	#0XCBBCEE40
(       libmtguard.so[0xCBBCB000])[20 46       ]0x00003E40:	MOV	R0, R4	;(R4=0x30041880 )
(       libmtguard.so[0xCBBCB000])[B0 BD       ]0x00003E42:	POP	{R4, R5, R7, PC}	;(SP=0x100FFF98 )
(       libmtguard.so[0xCBBCB000])[00 28       ]0x000038AE:	CMP	R0, #0	;(R0=0x30041880 )
(       libmtguard.so[0xCBBCB000])[20 60       ]0x000038B0:	STR	R0, [R4]	;(R0=0x30041880 R4=0x30041868 )
(       libmtguard.so[0xCBBCB000])[05 D1       ]0x000038B2:	BNE	#0XCBBCE8C0
(       libmtguard.so[0xCBBCB000])[20 46       ]0x000038C0:	MOV	R0, R4	;(R4=0x30041868 )
(       libmtguard.so[0xCBBCB000])[5D F8 04 BB ]0x000038C2:	LDR	FP, [SP], #4	;(SP=0x100FFFA8 )
(       libmtguard.so[0xCBBCB000])[F0 BD       ]0x000038C6:	POP	{R4, R5, R6, R7, PC}	;(SP=0x100FFFAC )
(       libmtguard.so[0xCBBCB000])[01 36       ]0x0000CE08:	ADDS	R6, #1	;(R6=0x0000001D )
(       libmtguard.so[0xCBBCB000])[60 60       ]0x0000CE0A:	STR	R0, [R4, #4]	;(R0=0x30041868 R4=0xCBC0D17C )
(       libmtguard.so[0xCBBCB000])[B6 F5 7C 7F ]0x0000CE0C:	CMP.W	R6, #0X3F0	;(R6=0x0000001E )
(       libmtguard.so[0xCBBCB000])[F3 D1       ]0x0000CE10:	BNE	#0XCBBD7DFA
(       libmtguard.so[0xCBBCB000])[48 46       ]0x0000CDFA:	MOV	R0, SB	;(SB=0xCBBCFE51 )
(       libmtguard.so[0xCBBCB000])[45 F8 36 80 ]0x0000CDFC:	STR.W	R8, [R5, R6, LSL #3]	;(R8=0xFFFFFFFF R5=0xCBC0D094 R6=0x0000001E )
(       libmtguard.so[0xCBBCB000])[05 EB C6 04 ]0x0000CE00:	ADD.W	R4, R5, R6, LSL #3	;(R5=0xCBC0D094 R6=0x0000001E )
(       libmtguard.so[0xCBBCB000])[F6 F7 3A FD ]0x0000CE04:	BL	#0XCBBCE87C	;(PC=0xCBBD7E04 )
(       libmtguard.so[0xCBBCB000])[F0 B5       ]0x0000387C:	PUSH	{R4, R5, R6, R7, LR}	;(SP=0x100FFFC0 R4=0xCBC0D184 R5=0xCBC0D094 R6=0x0000001E R7=0x100FFFE0 LR=0xCBBD7E09 )
(       libmtguard.so[0xCBBCB000])[03 AF       ]0x0000387E:	ADD	R7, SP, #0XC	;(SP=0x100FFFAC )
(       libmtguard.so[0xCBBCB000])[4D F8 04 BD ]0x00003880:	STR	FP, [SP, #-0X4]!	;(FP=0xCBC0B1C4 SP=0x100FFFAC )
(       libmtguard.so[0xCBBCB000])[05 46       ]0x00003884:	MOV	R5, R0	;(R0=0xCBBCFE51 )
(       libmtguard.so[0xCBBCB000])[01 20       ]0x00003886:	MOVS	R0, #1
(       libmtguard.so[0xCBBCB000])[10 21       ]0x00003888:	MOVS	R1, #0X10
(       libmtguard.so[0xCBBCB000])[00 22       ]0x0000388A:	MOVS	R2, #0
(       libmtguard.so[0xCBBCB000])[00 23       ]0x0000388C:	MOVS	R3, #0
(       libmtguard.so[0xCBBCB000])[00 26       ]0x0000388E:	MOVS	R6, #0
(       libmtguard.so[0xCBBCB000])[00 F0 C6 FA ]0x00003890:	BL	#0XCBBCEE20	;(PC=0xCBBCE890 )
(       libmtguard.so[0xCBBCB000])[B0 B5       ]0x00003E20:	PUSH	{R4, R5, R7, LR}	;(SP=0x100FFFA8 R4=0xCBC0D184 R5=0xCBBCFE51 R7=0x100FFFB8 LR=0xCBBCE895 )
(       libmtguard.so[0xCBBCB000])[02 AF       ]0x00003E22:	ADD	R7, SP, #8	;(SP=0x100FFF98 )
(       libmtguard.so[0xCBBCB000])[01 FB 00 F5 ]0x00003E24:	MUL	R5, R1, R0	;(R1=0x00000010 R0=0x00000001 )
(       libmtguard.so[0xCBBCB000])[4D B1       ]0x00003E28:	CBZ	R5, #0XCBBCEE3E	;(R5=0x00000010 )
(       libmtguard.so[0xCBBCB000])[28 46       ]0x00003E2A:	MOV	R0, R5	;(R5=0x00000010 )
(       libmtguard.so[0xCBBCB000])[FE F7 C8 EB ]0x00003E2C:	BLX	#0XCBBCD5C0	;(PC=0xCBBCEE2C )
(       libmtguard.so[0xCBBCB000])[00 C6 8F E2 ]0x000025C0:	ADD	IP, PC, #0, #12	;(PC=0xCBBCD5C0 )
(       libmtguard.so[0xCBBCB000])[3D CA 8C E2 ]0x000025C4:	ADD	IP, IP, #0X3D000	;(IP=0xCBBCD5C8 )
(       libmtguard.so[0xCBBCB000])[04 F9 BC E5 ]0x000025C8:	LDR	PC, [IP, #0X904]!	;(IP=0xCBC0A5C8 )
(       libmtguard.so[0xCBBCB000])[04 46       ]0x00003E30:	MOV	R4, R0	;(R0=0x300418B0 )
(       libmtguard.so[0xCBBCB000])[24 B1       ]0x00003E32:	CBZ	R4, #0XCBBCEE3E	;(R4=0x300418B0 )
(       libmtguard.so[0xCBBCB000])[20 46       ]0x00003E34:	MOV	R0, R4	;(R4=0x300418B0 )
(       libmtguard.so[0xCBBCB000])[29 46       ]0x00003E36:	MOV	R1, R5	;(R5=0x00000010 )
(       libmtguard.so[0xCBBCB000])[FE F7 CE EB ]0x00003E38:	BLX	#0XCBBCD5D8	;(PC=0xCBBCEE38 )
(       libmtguard.so[0xCBBCB000])[00 C6 8F E2 ]0x000025D8:	ADD	IP, PC, #0, #12	;(PC=0xCBBCD5D8 )
(       libmtguard.so[0xCBBCB000])[3D CA 8C E2 ]0x000025DC:	ADD	IP, IP, #0X3D000	;(IP=0xCBBCD5E0 )
(       libmtguard.so[0xCBBCB000])[F4 F8 BC E5 ]0x000025E0:	LDR	PC, [IP, #0X8F4]!	;(IP=0xCBC0A5E0 )
(       libmtguard.so[0xCBBCB000])[00 E0       ]0x00003E3C:	B	#0XCBBCEE40
(       libmtguard.so[0xCBBCB000])[20 46       ]0x00003E40:	MOV	R0, R4	;(R4=0x300418B0 )
(       libmtguard.so[0xCBBCB000])[B0 BD       ]0x00003E42:	POP	{R4, R5, R7, PC}	;(SP=0x100FFF98 )
(       libmtguard.so[0xCBBCB000])[04 46       ]0x00003894:	MOV	R4, R0	;(R0=0x300418B0 )
(       libmtguard.so[0xCBBCB000])[94 B1       ]0x00003896:	CBZ	R4, #0XCBBCE8BE	;(R4=0x300418B0 )
(       libmtguard.so[0xCBBCB000])[0B 20       ]0x00003898:	MOVS	R0, #0XB
(       libmtguard.so[0xCBBCB000])[C4 E9 00 66 ]0x0000389A:	STRD	R6, R6, [R4]	;(R6=0x00000000 R4=0x300418B0 )
(       libmtguard.so[0xCBBCB000])[C4 E9 02 05 ]0x0000389E:	STRD	R0, R5, [R4, #8]	;(R0=0x0000000B R5=0xCBBCFE51 R4=0x300418B0 )
(       libmtguard.so[0xCBBCB000])[04 20       ]0x000038A2:	MOVS	R0, #4
(       libmtguard.so[0xCBBCB000])[0B 21       ]0x000038A4:	MOVS	R1, #0XB
(       libmtguard.so[0xCBBCB000])[00 22       ]0x000038A6:	MOVS	R2, #0
(       libmtguard.so[0xCBBCB000])[00 23       ]0x000038A8:	MOVS	R3, #0
(       libmtguard.so[0xCBBCB000])[00 F0 B9 FA ]0x000038AA:	BL	#0XCBBCEE20	;(PC=0xCBBCE8AA )
(       libmtguard.so[0xCBBCB000])[B0 B5       ]0x00003E20:	PUSH	{R4, R5, R7, LR}	;(SP=0x100FFFA8 R4=0x300418B0 R5=0xCBBCFE51 R7=0x100FFFB8 LR=0xCBBCE8AF )
(       libmtguard.so[0xCBBCB000])[02 AF       ]0x00003E22:	ADD	R7, SP, #8	;(SP=0x100FFF98 )
(       libmtguard.so[0xCBBCB000])[01 FB 00 F5 ]0x00003E24:	MUL	R5, R1, R0	;(R1=0x0000000B R0=0x00000004 )
(       libmtguard.so[0xCBBCB000])[4D B1       ]0x00003E28:	CBZ	R5, #0XCBBCEE3E	;(R5=0x0000002C )
(       libmtguard.so[0xCBBCB000])[28 46       ]0x00003E2A:	MOV	R0, R5	;(R5=0x0000002C )
(       libmtguard.so[0xCBBCB000])[FE F7 C8 EB ]0x00003E2C:	BLX	#0XCBBCD5C0	;(PC=0xCBBCEE2C )
(       libmtguard.so[0xCBBCB000])[00 C6 8F E2 ]0x000025C0:	ADD	IP, PC, #0, #12	;(PC=0xCBBCD5C0 )
(       libmtguard.so[0xCBBCB000])[3D CA 8C E2 ]0x000025C4:	ADD	IP, IP, #0X3D000	;(IP=0xCBBCD5C8 )
(       libmtguard.so[0xCBBCB000])[04 F9 BC E5 ]0x000025C8:	LDR	PC, [IP, #0X904]!	;(IP=0xCBC0A5C8 )
(       libmtguard.so[0xCBBCB000])[04 46       ]0x00003E30:	MOV	R4, R0	;(R0=0x300418C8 )
(       libmtguard.so[0xCBBCB000])[24 B1       ]0x00003E32:	CBZ	R4, #0XCBBCEE3E	;(R4=0x300418C8 )
(       libmtguard.so[0xCBBCB000])[20 46       ]0x00003E34:	MOV	R0, R4	;(R4=0x300418C8 )
(       libmtguard.so[0xCBBCB000])[29 46       ]0x00003E36:	MOV	R1, R5	;(R5=0x0000002C )
(       libmtguard.so[0xCBBCB000])[FE F7 CE EB ]0x00003E38:	BLX	#0XCBBCD5D8	;(PC=0xCBBCEE38 )
(       libmtguard.so[0xCBBCB000])[00 C6 8F E2 ]0x000025D8:	ADD	IP, PC, #0, #12	;(PC=0xCBBCD5D8 )
(       libmtguard.so[0xCBBCB000])[3D CA 8C E2 ]0x000025DC:	ADD	IP, IP, #0X3D000	;(IP=0xCBBCD5E0 )
(       libmtguard.so[0xCBBCB000])[F4 F8 BC E5 ]0x000025E0:	LDR	PC, [IP, #0X8F4]!	;(IP=0xCBC0A5E0 )
(       libmtguard.so[0xCBBCB000])[00 E0       ]0x00003E3C:	B	#0XCBBCEE40
(       libmtguard.so[0xCBBCB000])[20 46       ]0x00003E40:	MOV	R0, R4	;(R4=0x300418C8 )
(       libmtguard.so[0xCBBCB000])[B0 BD       ]0x00003E42:	POP	{R4, R5, R7, PC}	;(SP=0x100FFF98 )
(       libmtguard.so[0xCBBCB000])[00 28       ]0x000038AE:	CMP	R0, #0	;(R0=0x300418C8 )
(       libmtguard.so[0xCBBCB000])[20 60       ]0x000038B0:	STR	R0, [R4]	;(R0=0x300418C8 R4=0x300418B0 )
(       libmtguard.so[0xCBBCB000])[05 D1       ]0x000038B2:	BNE	#0XCBBCE8C0
(       libmtguard.so[0xCBBCB000])[20 46       ]0x000038C0:	MOV	R0, R4	;(R4=0x300418B0 )
(       libmtguard.so[0xCBBCB000])[5D F8 04 BB ]0x000038C2:	LDR	FP, [SP], #4	;(SP=0x100FFFA8 )
(       libmtguard.so[0xCBBCB000])[F0 BD       ]0x000038C6:	POP	{R4, R5, R6, R7, PC}	;(SP=0x100FFFAC )
(       libmtguard.so[0xCBBCB000])[01 36       ]0x0000CE08:	ADDS	R6, #1	;(R6=0x0000001E )
(       libmtguard.so[0xCBBCB000])[60 60       ]0x0000CE0A:	STR	R0, [R4, #4]	;(R0=0x300418B0 R4=0xCBC0D184 )
(       libmtguard.so[0xCBBCB000])[B6 F5 7C 7F ]0x0000CE0C:	CMP.W	R6, #0X3F0	;(R6=0x0000001F )
(       libmtguard.so[0xCBBCB000])[F3 D1       ]0x0000CE10:	BNE	#0XCBBD7DFA
(       libmtguard.so[0xCBBCB000])[48 46       ]0x0000CDFA:	MOV	R0, SB	;(SB=0xCBBCFE51 )
(       libmtguard.so[0xCBBCB000])[45 F8 36 80 ]0x0000CDFC:	STR.W	R8, [R5, R6, LSL #3]	;(R8=0xFFFFFFFF R5=0xCBC0D094 R6=0x0000001F )
(       libmtguard.so[0xCBBCB000])[05 EB C6 04 ]0x0000CE00:	ADD.W	R4, R5, R6, LSL #3	;(R5=0xCBC0D094 R6=0x0000001F )
(       libmtguard.so[0xCBBCB000])[F6 F7 3A FD ]0x0000CE04:	BL	#0XCBBCE87C	;(PC=0xCBBD7E04 )
(       libmtguard.so[0xCBBCB000])[F0 B5       ]0x0000387C:	PUSH	{R4, R5, R6, R7, LR}	;(SP=0x100FFFC0 R4=0xCBC0D18C R5=0xCBC0D094 R6=0x0000001F R7=0x100FFFE0 LR=0xCBBD7E09 )
(       libmtguard.so[0xCBBCB000])[03 AF       ]0x0000387E:	ADD	R7, SP, #0XC	;(SP=0x100FFFAC )
(       libmtguard.so[0xCBBCB000])[4D F8 04 BD ]0x00003880:	STR	FP, [SP, #-0X4]!	;(FP=0xCBC0B1C4 SP=0x100FFFAC )
(       libmtguard.so[0xCBBCB000])[05 46       ]0x00003884:	MOV	R5, R0	;(R0=0xCBBCFE51 )
(       libmtguard.so[0xCBBCB000])[01 20       ]0x00003886:	MOVS	R0, #1
(       libmtguard.so[0xCBBCB000])[10 21       ]0x00003888:	MOVS	R1, #0X10
(       libmtguard.so[0xCBBCB000])[00 22       ]0x0000388A:	MOVS	R2, #0
(       libmtguard.so[0xCBBCB000])[00 23       ]0x0000388C:	MOVS	R3, #0
(       libmtguard.so[0xCBBCB000])[00 26       ]0x0000388E:	MOVS	R6, #0
(       libmtguard.so[0xCBBCB000])[00 F0 C6 FA ]0x00003890:	BL	#0XCBBCEE20	;(PC=0xCBBCE890 )
(       libmtguard.so[0xCBBCB000])[B0 B5       ]0x00003E20:	PUSH	{R4, R5, R7, LR}	;(SP=0x100FFFA8 R4=0xCBC0D18C R5=0xCBBCFE51 R7=0x100FFFB8 LR=0xCBBCE895 )
(       libmtguard.so[0xCBBCB000])[02 AF       ]0x00003E22:	ADD	R7, SP, #8	;(SP=0x100FFF98 )
(       libmtguard.so[0xCBBCB000])[01 FB 00 F5 ]0x00003E24:	MUL	R5, R1, R0	;(R1=0x00000010 R0=0x00000001 )
(       libmtguard.so[0xCBBCB000])[4D B1       ]0x00003E28:	CBZ	R5, #0XCBBCEE3E	;(R5=0x00000010 )
(       libmtguard.so[0xCBBCB000])[28 46       ]0x00003E2A:	MOV	R0, R5	;(R5=0x00000010 )
(       libmtguard.so[0xCBBCB000])[FE F7 C8 EB ]0x00003E2C:	BLX	#0XCBBCD5C0	;(PC=0xCBBCEE2C )
(       libmtguard.so[0xCBBCB000])[00 C6 8F E2 ]0x000025C0:	ADD	IP, PC, #0, #12	;(PC=0xCBBCD5C0 )
(       libmtguard.so[0xCBBCB000])[3D CA 8C E2 ]0x000025C4:	ADD	IP, IP, #0X3D000	;(IP=0xCBBCD5C8 )
(       libmtguard.so[0xCBBCB000])[04 F9 BC E5 ]0x000025C8:	LDR	PC, [IP, #0X904]!	;(IP=0xCBC0A5C8 )
(       libmtguard.so[0xCBBCB000])[04 46       ]0x00003E30:	MOV	R4, R0	;(R0=0x300418F8 )
(       libmtguard.so[0xCBBCB000])[24 B1       ]0x00003E32:	CBZ	R4, #0XCBBCEE3E	;(R4=0x300418F8 )
(       libmtguard.so[0xCBBCB000])[20 46       ]0x00003E34:	MOV	R0, R4	;(R4=0x300418F8 )
(       libmtguard.so[0xCBBCB000])[29 46       ]0x00003E36:	MOV	R1, R5	;(R5=0x00000010 )
(       libmtguard.so[0xCBBCB000])[FE F7 CE EB ]0x00003E38:	BLX	#0XCBBCD5D8	;(PC=0xCBBCEE38 )
(       libmtguard.so[0xCBBCB000])[00 C6 8F E2 ]0x000025D8:	ADD	IP, PC, #0, #12	;(PC=0xCBBCD5D8 )
(       libmtguard.so[0xCBBCB000])[3D CA 8C E2 ]0x000025DC:	ADD	IP, IP, #0X3D000	;(IP=0xCBBCD5E0 )
(       libmtguard.so[0xCBBCB000])[F4 F8 BC E5 ]0x000025E0:	LDR	PC, [IP, #0X8F4]!	;(IP=0xCBC0A5E0 )
(       libmtguard.so[0xCBBCB000])[00 E0       ]0x00003E3C:	B	#0XCBBCEE40
(       libmtguard.so[0xCBBCB000])[20 46       ]0x00003E40:	MOV	R0, R4	;(R4=0x300418F8 )
(       libmtguard.so[0xCBBCB000])[B0 BD       ]0x00003E42:	POP	{R4, R5, R7, PC}	;(SP=0x100FFF98 )
(       libmtguard.so[0xCBBCB000])[04 46       ]0x00003894:	MOV	R4, R0	;(R0=0x300418F8 )
(       libmtguard.so[0xCBBCB000])[94 B1       ]0x00003896:	CBZ	R4, #0XCBBCE8BE	;(R4=0x300418F8 )
(       libmtguard.so[0xCBBCB000])[0B 20       ]0x00003898:	MOVS	R0, #0XB
(       libmtguard.so[0xCBBCB000])[C4 E9 00 66 ]0x0000389A:	STRD	R6, R6, [R4]	;(R6=0x00000000 R4=0x300418F8 )
(       libmtguard.so[0xCBBCB000])[C4 E9 02 05 ]0x0000389E:	STRD	R0, R5, [R4, #8]	;(R0=0x0000000B R5=0xCBBCFE51 R4=0x300418F8 )
(       libmtguard.so[0xCBBCB000])[04 20       ]0x000038A2:	MOVS	R0, #4
(       libmtguard.so[0xCBBCB000])[0B 21       ]0x000038A4:	MOVS	R1, #0XB
(       libmtguard.so[0xCBBCB000])[00 22       ]0x000038A6:	MOVS	R2, #0
(       libmtguard.so[0xCBBCB000])[00 23       ]0x000038A8:	MOVS	R3, #0
(       libmtguard.so[0xCBBCB000])[00 F0 B9 FA ]0x000038AA:	BL	#0XCBBCEE20	;(PC=0xCBBCE8AA )
(       libmtguard.so[0xCBBCB000])[B0 B5       ]0x00003E20:	PUSH	{R4, R5, R7, LR}	;(SP=0x100FFFA8 R4=0x300418F8 R5=0xCBBCFE51 R7=0x100FFFB8 LR=0xCBBCE8AF )
(       libmtguard.so[0xCBBCB000])[02 AF       ]0x00003E22:	ADD	R7, SP, #8	;(SP=0x100FFF98 )
(       libmtguard.so[0xCBBCB000])[01 FB 00 F5 ]0x00003E24:	MUL	R5, R1, R0	;(R1=0x0000000B R0=0x00000004 )
(       libmtguard.so[0xCBBCB000])[4D B1       ]0x00003E28:	CBZ	R5, #0XCBBCEE3E	;(R5=0x0000002C )
(       libmtguard.so[0xCBBCB000])[28 46       ]0x00003E2A:	MOV	R0, R5	;(R5=0x0000002C )
(       libmtguard.so[0xCBBCB000])[FE F7 C8 EB ]0x00003E2C:	BLX	#0XCBBCD5C0	;(PC=0xCBBCEE2C )
(       libmtguard.so[0xCBBCB000])[00 C6 8F E2 ]0x000025C0:	ADD	IP, PC, #0, #12	;(PC=0xCBBCD5C0 )
(       libmtguard.so[0xCBBCB000])[3D CA 8C E2 ]0x000025C4:	ADD	IP, IP, #0X3D000	;(IP=0xCBBCD5C8 )
(       libmtguard.so[0xCBBCB000])[04 F9 BC E5 ]0x000025C8:	LDR	PC, [IP, #0X904]!	;(IP=0xCBC0A5C8 )
(       libmtguard.so[0xCBBCB000])[04 46       ]0x00003E30:	MOV	R4, R0	;(R0=0x30041910 )
(       libmtguard.so[0xCBBCB000])[24 B1       ]0x00003E32:	CBZ	R4, #0XCBBCEE3E	;(R4=0x30041910 )
(       libmtguard.so[0xCBBCB000])[20 46       ]0x00003E34:	MOV	R0, R4	;(R4=0x30041910 )
(       libmtguard.so[0xCBBCB000])[29 46       ]0x00003E36:	MOV	R1, R5	;(R5=0x0000002C )
(       libmtguard.so[0xCBBCB000])[FE F7 CE EB ]0x00003E38:	BLX	#0XCBBCD5D8	;(PC=0xCBBCEE38 )
(       libmtguard.so[0xCBBCB000])[00 C6 8F E2 ]0x000025D8:	ADD	IP, PC, #0, #12	;(PC=0xCBBCD5D8 )
(       libmtguard.so[0xCBBCB000])[3D CA 8C E2 ]0x000025DC:	ADD	IP, IP, #0X3D000	;(IP=0xCBBCD5E0 )
(       libmtguard.so[0xCBBCB000])[F4 F8 BC E5 ]0x000025E0:	LDR	PC, [IP, #0X8F4]!	;(IP=0xCBC0A5E0 )
(       libmtguard.so[0xCBBCB000])[00 E0       ]0x00003E3C:	B	#0XCBBCEE40
(       libmtguard.so[0xCBBCB000])[20 46       ]0x00003E40:	MOV	R0, R4	;(R4=0x30041910 )
(       libmtguard.so[0xCBBCB000])[B0 BD       ]0x00003E42:	POP	{R4, R5, R7, PC}	;(SP=0x100FFF98 )
(       libmtguard.so[0xCBBCB000])[00 28       ]0x000038AE:	CMP	R0, #0	;(R0=0x30041910 )
(       libmtguard.so[0xCBBCB000])[20 60       ]0x000038B0:	STR	R0, [R4]	;(R0=0x30041910 R4=0x300418F8 )
(       libmtguard.so[0xCBBCB000])[05 D1       ]0x000038B2:	BNE	#0XCBBCE8C0
(       libmtguard.so[0xCBBCB000])[20 46       ]0x000038C0:	MOV	R0, R4	;(R4=0x300418F8 )
(       libmtguard.so[0xCBBCB000])[5D F8 04 BB ]0x000038C2:	LDR	FP, [SP], #4	;(SP=0x100FFFA8 )
(       libmtguard.so[0xCBBCB000])[F0 BD       ]0x000038C6:	POP	{R4, R5, R6, R7, PC}	;(SP=0x100FFFAC )
(       libmtguard.so[0xCBBCB000])[01 36       ]0x0000CE08:	ADDS	R6, #1	;(R6=0x0000001F )
(       libmtguard.so[0xCBBCB000])[60 60       ]0x0000CE0A:	STR	R0, [R4, #4]	;(R0=0x300418F8 R4=0xCBC0D18C )
(       libmtguard.so[0xCBBCB000])[B6 F5 7C 7F ]0x0000CE0C:	CMP.W	R6, #0X3F0	;(R6=0x00000020 )
(       libmtguard.so[0xCBBCB000])[F3 D1       ]0x0000CE10:	BNE	#0XCBBD7DFA
(       libmtguard.so[0xCBBCB000])[48 46       ]0x0000CDFA:	MOV	R0, SB	;(SB=0xCBBCFE51 )
(       libmtguard.so[0xCBBCB000])[45 F8 36 80 ]0x0000CDFC:	STR.W	R8, [R5, R6, LSL #3]	;(R8=0xFFFFFFFF R5=0xCBC0D094 R6=0x00000020 )
(       libmtguard.so[0xCBBCB000])[05 EB C6 04 ]0x0000CE00:	ADD.W	R4, R5, R6, LSL #3	;(R5=0xCBC0D094 R6=0x00000020 )
(       libmtguard.so[0xCBBCB000])[F6 F7 3A FD ]0x0000CE04:	BL	#0XCBBCE87C	;(PC=0xCBBD7E04 )
(       libmtguard.so[0xCBBCB000])[F0 B5       ]0x0000387C:	PUSH	{R4, R5, R6, R7, LR}	;(SP=0x100FFFC0 R4=0xCBC0D194 R5=0xCBC0D094 R6=0x00000020 R7=0x100FFFE0 LR=0xCBBD7E09 )
(       libmtguard.so[0xCBBCB000])[03 AF       ]0x0000387E:	ADD	R7, SP, #0XC	;(SP=0x100FFFAC )
(       libmtguard.so[0xCBBCB000])[4D F8 04 BD ]0x00003880:	STR	FP, [SP, #-0X4]!	;(FP=0xCBC0B1C4 SP=0x100FFFAC )
(       libmtguard.so[0xCBBCB000])[05 46       ]0x00003884:	MOV	R5, R0	;(R0=0xCBBCFE51 )
(       libmtguard.so[0xCBBCB000])[01 20       ]0x00003886:	MOVS	R0, #1
(       libmtguard.so[0xCBBCB000])[10 21       ]0x00003888:	MOVS	R1, #0X10
(       libmtguard.so[0xCBBCB000])[00 22       ]0x0000388A:	MOVS	R2, #0
(       libmtguard.so[0xCBBCB000])[00 23       ]0x0000388C:	MOVS	R3, #0
(       libmtguard.so[0xCBBCB000])[00 26       ]0x0000388E:	MOVS	R6, #0
(       libmtguard.so[0xCBBCB000])[00 F0 C6 FA ]0x00003890:	BL	#0XCBBCEE20	;(PC=0xCBBCE890 )
(       libmtguard.so[0xCBBCB000])[B0 B5       ]0x00003E20:	PUSH	{R4, R5, R7, LR}	;(SP=0x100FFFA8 R4=0xCBC0D194 R5=0xCBBCFE51 R7=0x100FFFB8 LR=0xCBBCE895 )
(       libmtguard.so[0xCBBCB000])[02 AF       ]0x00003E22:	ADD	R7, SP, #8	;(SP=0x100FFF98 )
(       libmtguard.so[0xCBBCB000])[01 FB 00 F5 ]0x00003E24:	MUL	R5, R1, R0	;(R1=0x00000010 R0=0x00000001 )
(       libmtguard.so[0xCBBCB000])[4D B1       ]0x00003E28:	CBZ	R5, #0XCBBCEE3E	;(R5=0x00000010 )
(       libmtguard.so[0xCBBCB000])[28 46       ]0x00003E2A:	MOV	R0, R5	;(R5=0x00000010 )
(       libmtguard.so[0xCBBCB000])[FE F7 C8 EB ]0x00003E2C:	BLX	#0XCBBCD5C0	;(PC=0xCBBCEE2C )
(       libmtguard.so[0xCBBCB000])[00 C6 8F E2 ]0x000025C0:	ADD	IP, PC, #0, #12	;(PC=0xCBBCD5C0 )
(       libmtguard.so[0xCBBCB000])[3D CA 8C E2 ]0x000025C4:	ADD	IP, IP, #0X3D000	;(IP=0xCBBCD5C8 )
(       libmtguard.so[0xCBBCB000])[04 F9 BC E5 ]0x000025C8:	LDR	PC, [IP, #0X904]!	;(IP=0xCBC0A5C8 )
(       libmtguard.so[0xCBBCB000])[04 46       ]0x00003E30:	MOV	R4, R0	;(R0=0x30041940 )
(       libmtguard.so[0xCBBCB000])[24 B1       ]0x00003E32:	CBZ	R4, #0XCBBCEE3E	;(R4=0x30041940 )
(       libmtguard.so[0xCBBCB000])[20 46       ]0x00003E34:	MOV	R0, R4	;(R4=0x30041940 )
(       libmtguard.so[0xCBBCB000])[29 46       ]0x00003E36:	MOV	R1, R5	;(R5=0x00000010 )
(       libmtguard.so[0xCBBCB000])[FE F7 CE EB ]0x00003E38:	BLX	#0XCBBCD5D8	;(PC=0xCBBCEE38 )
(       libmtguard.so[0xCBBCB000])[00 C6 8F E2 ]0x000025D8:	ADD	IP, PC, #0, #12	;(PC=0xCBBCD5D8 )
(       libmtguard.so[0xCBBCB000])[3D CA 8C E2 ]0x000025DC:	ADD	IP, IP, #0X3D000	;(IP=0xCBBCD5E0 )
(       libmtguard.so[0xCBBCB000])[F4 F8 BC E5 ]0x000025E0:	LDR	PC, [IP, #0X8F4]!	;(IP=0xCBC0A5E0 )
(       libmtguard.so[0xCBBCB000])[00 E0       ]0x00003E3C:	B	#0XCBBCEE40
(       libmtguard.so[0xCBBCB000])[20 46       ]0x00003E40:	MOV	R0, R4	;(R4=0x30041940 )
(       libmtguard.so[0xCBBCB000])[B0 BD       ]0x00003E42:	POP	{R4, R5, R7, PC}	;(SP=0x100FFF98 )
(       libmtguard.so[0xCBBCB000])[04 46       ]0x00003894:	MOV	R4, R0	;(R0=0x30041940 )
(       libmtguard.so[0xCBBCB000])[94 B1       ]0x00003896:	CBZ	R4, #0XCBBCE8BE	;(R4=0x30041940 )
(       libmtguard.so[0xCBBCB000])[0B 20       ]0x00003898:	MOVS	R0, #0XB
(       libmtguard.so[0xCBBCB000])[C4 E9 00 66 ]0x0000389A:	STRD	R6, R6, [R4]	;(R6=0x00000000 R4=0x30041940 )
(       libmtguard.so[0xCBBCB000])[C4 E9 02 05 ]0x0000389E:	STRD	R0, R5, [R4, #8]	;(R0=0x0000000B R5=0xCBBCFE51 R4=0x30041940 )
(       libmtguard.so[0xCBBCB000])[04 20       ]0x000038A2:	MOVS	R0, #4
(       libmtguard.so[0xCBBCB000])[0B 21       ]0x000038A4:	MOVS	R1, #0XB
(       libmtguard.so[0xCBBCB000])[00 22       ]0x000038A6:	MOVS	R2, #0
(       libmtguard.so[0xCBBCB000])[00 23       ]0x000038A8:	MOVS	R3, #0
(       libmtguard.so[0xCBBCB000])[00 F0 B9 FA ]0x000038AA:	BL	#0XCBBCEE20	;(PC=0xCBBCE8AA )
(       libmtguard.so[0xCBBCB000])[B0 B5       ]0x00003E20:	PUSH	{R4, R5, R7, LR}	;(SP=0x100FFFA8 R4=0x30041940 R5=0xCBBCFE51 R7=0x100FFFB8 LR=0xCBBCE8AF )
(       libmtguard.so[0xCBBCB000])[02 AF       ]0x00003E22:	ADD	R7, SP, #8	;(SP=0x100FFF98 )
(       libmtguard.so[0xCBBCB000])[01 FB 00 F5 ]0x00003E24:	MUL	R5, R1, R0	;(R1=0x0000000B R0=0x00000004 )
(       libmtguard.so[0xCBBCB000])[4D B1       ]0x00003E28:	CBZ	R5, #0XCBBCEE3E	;(R5=0x0000002C )
(       libmtguard.so[0xCBBCB000])[28 46       ]0x00003E2A:	MOV	R0, R5	;(R5=0x0000002C )
(       libmtguard.so[0xCBBCB000])[FE F7 C8 EB ]0x00003E2C:	BLX	#0XCBBCD5C0	;(PC=0xCBBCEE2C )
(       libmtguard.so[0xCBBCB000])[00 C6 8F E2 ]0x000025C0:	ADD	IP, PC, #0, #12	;(PC=0xCBBCD5C0 )
(       libmtguard.so[0xCBBCB000])[3D CA 8C E2 ]0x000025C4:	ADD	IP, IP, #0X3D000	;(IP=0xCBBCD5C8 )
(       libmtguard.so[0xCBBCB000])[04 F9 BC E5 ]0x000025C8:	LDR	PC, [IP, #0X904]!	;(IP=0xCBC0A5C8 )
(       libmtguard.so[0xCBBCB000])[04 46       ]0x00003E30:	MOV	R4, R0	;(R0=0x30041958 )
(       libmtguard.so[0xCBBCB000])[24 B1       ]0x00003E32:	CBZ	R4, #0XCBBCEE3E	;(R4=0x30041958 )
(       libmtguard.so[0xCBBCB000])[20 46       ]0x00003E34:	MOV	R0, R4	;(R4=0x30041958 )
(       libmtguard.so[0xCBBCB000])[29 46       ]0x00003E36:	MOV	R1, R5	;(R5=0x0000002C )
(       libmtguard.so[0xCBBCB000])[FE F7 CE EB ]0x00003E38:	BLX	#0XCBBCD5D8	;(PC=0xCBBCEE38 )
(       libmtguard.so[0xCBBCB000])[00 C6 8F E2 ]0x000025D8:	ADD	IP, PC, #0, #12	;(PC=0xCBBCD5D8 )
(       libmtguard.so[0xCBBCB000])[3D CA 8C E2 ]0x000025DC:	ADD	IP, IP, #0X3D000	;(IP=0xCBBCD5E0 )
(       libmtguard.so[0xCBBCB000])[F4 F8 BC E5 ]0x000025E0:	LDR	PC, [IP, #0X8F4]!	;(IP=0xCBC0A5E0 )
(       libmtguard.so[0xCBBCB000])[00 E0       ]0x00003E3C:	B	#0XCBBCEE40
(       libmtguard.so[0xCBBCB000])[20 46       ]0x00003E40:	MOV	R0, R4	;(R4=0x30041958 )
(       libmtguard.so[0xCBBCB000])[B0 BD       ]0x00003E42:	POP	{R4, R5, R7, PC}	;(SP=0x100FFF98 )
(       libmtguard.so[0xCBBCB000])[00 28       ]0x000038AE:	CMP	R0, #0	;(R0=0x30041958 )
(       libmtguard.so[0xCBBCB000])[20 60       ]0x000038B0:	STR	R0, [R4]	;(R0=0x30041958 R4=0x30041940 )
(       libmtguard.so[0xCBBCB000])[05 D1       ]0x000038B2:	BNE	#0XCBBCE8C0
(       libmtguard.so[0xCBBCB000])[20 46       ]0x000038C0:	MOV	R0, R4	;(R4=0x30041940 )
(       libmtguard.so[0xCBBCB000])[5D F8 04 BB ]0x000038C2:	LDR	FP, [SP], #4	;(SP=0x100FFFA8 )
(       libmtguard.so[0xCBBCB000])[F0 BD       ]0x000038C6:	POP	{R4, R5, R6, R7, PC}	;(SP=0x100FFFAC )
(       libmtguard.so[0xCBBCB000])[01 36       ]0x0000CE08:	ADDS	R6, #1	;(R6=0x00000020 )
(       libmtguard.so[0xCBBCB000])[60 60       ]0x0000CE0A:	STR	R0, [R4, #4]	;(R0=0x30041940 R4=0xCBC0D194 )
(       libmtguard.so[0xCBBCB000])[B6 F5 7C 7F ]0x0000CE0C:	CMP.W	R6, #0X3F0	;(R6=0x00000021 )
(       libmtguard.so[0xCBBCB000])[F3 D1       ]0x0000CE10:	BNE	#0XCBBD7DFA
(       libmtguard.so[0xCBBCB000])[48 46       ]0x0000CDFA:	MOV	R0, SB	;(SB=0xCBBCFE51 )
(       libmtguard.so[0xCBBCB000])[45 F8 36 80 ]0x0000CDFC:	STR.W	R8, [R5, R6, LSL #3]	;(R8=0xFFFFFFFF R5=0xCBC0D094 R6=0x00000021 )
(       libmtguard.so[0xCBBCB000])[05 EB C6 04 ]0x0000CE00:	ADD.W	R4, R5, R6, LSL #3	;(R5=0xCBC0D094 R6=0x00000021 )
(       libmtguard.so[0xCBBCB000])[F6 F7 3A FD ]0x0000CE04:	BL	#0XCBBCE87C	;(PC=0xCBBD7E04 )
(       libmtguard.so[0xCBBCB000])[F0 B5       ]0x0000387C:	PUSH	{R4, R5, R6, R7, LR}	;(SP=0x100FFFC0 R4=0xCBC0D19C R5=0xCBC0D094 R6=0x00000021 R7=0x100FFFE0 LR=0xCBBD7E09 )
(       libmtguard.so[0xCBBCB000])[03 AF       ]0x0000387E:	ADD	R7, SP, #0XC	;(SP=0x100FFFAC )
(       libmtguard.so[0xCBBCB000])[4D F8 04 BD ]0x00003880:	STR	FP, [SP, #-0X4]!	;(FP=0xCBC0B1C4 SP=0x100FFFAC )
(       libmtguard.so[0xCBBCB000])[05 46       ]0x00003884:	MOV	R5, R0	;(R0=0xCBBCFE51 )
(       libmtguard.so[0xCBBCB000])[01 20       ]0x00003886:	MOVS	R0, #1
(       libmtguard.so[0xCBBCB000])[10 21       ]0x00003888:	MOVS	R1, #0X10
(       libmtguard.so[0xCBBCB000])[00 22       ]0x0000388A:	MOVS	R2, #0
(       libmtguard.so[0xCBBCB000])[00 23       ]0x0000388C:	MOVS	R3, #0
(       libmtguard.so[0xCBBCB000])[00 26       ]0x0000388E:	MOVS	R6, #0
(       libmtguard.so[0xCBBCB000])[00 F0 C6 FA ]0x00003890:	BL	#0XCBBCEE20	;(PC=0xCBBCE890 )
(       libmtguard.so[0xCBBCB000])[B0 B5       ]0x00003E20:	PUSH	{R4, R5, R7, LR}	;(SP=0x100FFFA8 R4=0xCBC0D19C R5=0xCBBCFE51 R7=0x100FFFB8 LR=0xCBBCE895 )
(       libmtguard.so[0xCBBCB000])[02 AF       ]0x00003E22:	ADD	R7, SP, #8	;(SP=0x100FFF98 )
(       libmtguard.so[0xCBBCB000])[01 FB 00 F5 ]0x00003E24:	MUL	R5, R1, R0	;(R1=0x00000010 R0=0x00000001 )
(       libmtguard.so[0xCBBCB000])[4D B1       ]0x00003E28:	CBZ	R5, #0XCBBCEE3E	;(R5=0x00000010 )
(       libmtguard.so[0xCBBCB000])[28 46       ]0x00003E2A:	MOV	R0, R5	;(R5=0x00000010 )
(       libmtguard.so[0xCBBCB000])[FE F7 C8 EB ]0x00003E2C:	BLX	#0XCBBCD5C0	;(PC=0xCBBCEE2C )
(       libmtguard.so[0xCBBCB000])[00 C6 8F E2 ]0x000025C0:	ADD	IP, PC, #0, #12	;(PC=0xCBBCD5C0 )
(       libmtguard.so[0xCBBCB000])[3D CA 8C E2 ]0x000025C4:	ADD	IP, IP, #0X3D000	;(IP=0xCBBCD5C8 )
(       libmtguard.so[0xCBBCB000])[04 F9 BC E5 ]0x000025C8:	LDR	PC, [IP, #0X904]!	;(IP=0xCBC0A5C8 )
(       libmtguard.so[0xCBBCB000])[04 46       ]0x00003E30:	MOV	R4, R0	;(R0=0x30041988 )
(       libmtguard.so[0xCBBCB000])[24 B1       ]0x00003E32:	CBZ	R4, #0XCBBCEE3E	;(R4=0x30041988 )
(       libmtguard.so[0xCBBCB000])[20 46       ]0x00003E34:	MOV	R0, R4	;(R4=0x30041988 )
(       libmtguard.so[0xCBBCB000])[29 46       ]0x00003E36:	MOV	R1, R5	;(R5=0x00000010 )
(       libmtguard.so[0xCBBCB000])[FE F7 CE EB ]0x00003E38:	BLX	#0XCBBCD5D8	;(PC=0xCBBCEE38 )
(       libmtguard.so[0xCBBCB000])[00 C6 8F E2 ]0x000025D8:	ADD	IP, PC, #0, #12	;(PC=0xCBBCD5D8 )
(       libmtguard.so[0xCBBCB000])[3D CA 8C E2 ]0x000025DC:	ADD	IP, IP, #0X3D000	;(IP=0xCBBCD5E0 )
(       libmtguard.so[0xCBBCB000])[F4 F8 BC E5 ]0x000025E0:	LDR	PC, [IP, #0X8F4]!	;(IP=0xCBC0A5E0 )
(       libmtguard.so[0xCBBCB000])[00 E0       ]0x00003E3C:	B	#0XCBBCEE40
(       libmtguard.so[0xCBBCB000])[20 46       ]0x00003E40:	MOV	R0, R4	;(R4=0x30041988 )
(       libmtguard.so[0xCBBCB000])[B0 BD       ]0x00003E42:	POP	{R4, R5, R7, PC}	;(SP=0x100FFF98 )
(       libmtguard.so[0xCBBCB000])[04 46       ]0x00003894:	MOV	R4, R0	;(R0=0x30041988 )
(       libmtguard.so[0xCBBCB000])[94 B1       ]0x00003896:	CBZ	R4, #0XCBBCE8BE	;(R4=0x30041988 )
(       libmtguard.so[0xCBBCB000])[0B 20       ]0x00003898:	MOVS	R0, #0XB
(       libmtguard.so[0xCBBCB000])[C4 E9 00 66 ]0x0000389A:	STRD	R6, R6, [R4]	;(R6=0x00000000 R4=0x30041988 )
(       libmtguard.so[0xCBBCB000])[C4 E9 02 05 ]0x0000389E:	STRD	R0, R5, [R4, #8]	;(R0=0x0000000B R5=0xCBBCFE51 R4=0x30041988 )
(       libmtguard.so[0xCBBCB000])[04 20       ]0x000038A2:	MOVS	R0, #4
(       libmtguard.so[0xCBBCB000])[0B 21       ]0x000038A4:	MOVS	R1, #0XB
(       libmtguard.so[0xCBBCB000])[00 22       ]0x000038A6:	MOVS	R2, #0
(       libmtguard.so[0xCBBCB000])[00 23       ]0x000038A8:	MOVS	R3, #0
(       libmtguard.so[0xCBBCB000])[00 F0 B9 FA ]0x000038AA:	BL	#0XCBBCEE20	;(PC=0xCBBCE8AA )
(       libmtguard.so[0xCBBCB000])[B0 B5       ]0x00003E20:	PUSH	{R4, R5, R7, LR}	;(SP=0x100FFFA8 R4=0x30041988 R5=0xCBBCFE51 R7=0x100FFFB8 LR=0xCBBCE8AF )
(       libmtguard.so[0xCBBCB000])[02 AF       ]0x00003E22:	ADD	R7, SP, #8	;(SP=0x100FFF98 )
(       libmtguard.so[0xCBBCB000])[01 FB 00 F5 ]0x00003E24:	MUL	R5, R1, R0	;(R1=0x0000000B R0=0x00000004 )
(       libmtguard.so[0xCBBCB000])[4D B1       ]0x00003E28:	CBZ	R5, #0XCBBCEE3E	;(R5=0x0000002C )
(       libmtguard.so[0xCBBCB000])[28 46       ]0x00003E2A:	MOV	R0, R5	;(R5=0x0000002C )
(       libmtguard.so[0xCBBCB000])[FE F7 C8 EB ]0x00003E2C:	BLX	#0XCBBCD5C0	;(PC=0xCBBCEE2C )
(       libmtguard.so[0xCBBCB000])[00 C6 8F E2 ]0x000025C0:	ADD	IP, PC, #0, #12	;(PC=0xCBBCD5C0 )
(       libmtguard.so[0xCBBCB000])[3D CA 8C E2 ]0x000025C4:	ADD	IP, IP, #0X3D000	;(IP=0xCBBCD5C8 )
(       libmtguard.so[0xCBBCB000])[04 F9 BC E5 ]0x000025C8:	LDR	PC, [IP, #0X904]!	;(IP=0xCBC0A5C8 )
(       libmtguard.so[0xCBBCB000])[04 46       ]0x00003E30:	MOV	R4, R0	;(R0=0x300419A0 )
(       libmtguard.so[0xCBBCB000])[24 B1       ]0x00003E32:	CBZ	R4, #0XCBBCEE3E	;(R4=0x300419A0 )
(       libmtguard.so[0xCBBCB000])[20 46       ]0x00003E34:	MOV	R0, R4	;(R4=0x300419A0 )
(       libmtguard.so[0xCBBCB000])[29 46       ]0x00003E36:	MOV	R1, R5	;(R5=0x0000002C )
(       libmtguard.so[0xCBBCB000])[FE F7 CE EB ]0x00003E38:	BLX	#0XCBBCD5D8	;(PC=0xCBBCEE38 )
(       libmtguard.so[0xCBBCB000])[00 C6 8F E2 ]0x000025D8:	ADD	IP, PC, #0, #12	;(PC=0xCBBCD5D8 )
(       libmtguard.so[0xCBBCB000])[3D CA 8C E2 ]0x000025DC:	ADD	IP, IP, #0X3D000	;(IP=0xCBBCD5E0 )
(       libmtguard.so[0xCBBCB000])[F4 F8 BC E5 ]0x000025E0:	LDR	PC, [IP, #0X8F4]!	;(IP=0xCBC0A5E0 )
(       libmtguard.so[0xCBBCB000])[00 E0       ]0x00003E3C:	B	#0XCBBCEE40
(       libmtguard.so[0xCBBCB000])[20 46       ]0x00003E40:	MOV	R0, R4	;(R4=0x300419A0 )
(       libmtguard.so[0xCBBCB000])[B0 BD       ]0x00003E42:	POP	{R4, R5, R7, PC}	;(SP=0x100FFF98 )
(       libmtguard.so[0xCBBCB000])[00 28       ]0x000038AE:	CMP	R0, #0	;(R0=0x300419A0 )
(       libmtguard.so[0xCBBCB000])[20 60       ]0x000038B0:	STR	R0, [R4]	;(R0=0x300419A0 R4=0x30041988 )
(       libmtguard.so[0xCBBCB000])[05 D1       ]0x000038B2:	BNE	#0XCBBCE8C0
(       libmtguard.so[0xCBBCB000])[20 46       ]0x000038C0:	MOV	R0, R4	;(R4=0x30041988 )
(       libmtguard.so[0xCBBCB000])[5D F8 04 BB ]0x000038C2:	LDR	FP, [SP], #4	;(SP=0x100FFFA8 )
(       libmtguard.so[0xCBBCB000])[F0 BD       ]0x000038C6:	POP	{R4, R5, R6, R7, PC}	;(SP=0x100FFFAC )
(       libmtguard.so[0xCBBCB000])[01 36       ]0x0000CE08:	ADDS	R6, #1	;(R6=0x00000021 )
(       libmtguard.so[0xCBBCB000])[60 60       ]0x0000CE0A:	STR	R0, [R4, #4]	;(R0=0x30041988 R4=0xCBC0D19C )
(       libmtguard.so[0xCBBCB000])[B6 F5 7C 7F ]0x0000CE0C:	CMP.W	R6, #0X3F0	;(R6=0x00000022 )
(       libmtguard.so[0xCBBCB000])[F3 D1       ]0x0000CE10:	BNE	#0XCBBD7DFA
(       libmtguard.so[0xCBBCB000])[48 46       ]0x0000CDFA:	MOV	R0, SB	;(SB=0xCBBCFE51 )
(       libmtguard.so[0xCBBCB000])[45 F8 36 80 ]0x0000CDFC:	STR.W	R8, [R5, R6, LSL #3]	;(R8=0xFFFFFFFF R5=0xCBC0D094 R6=0x00000022 )
(       libmtguard.so[0xCBBCB000])[05 EB C6 04 ]0x0000CE00:	ADD.W	R4, R5, R6, LSL #3	;(R5=0xCBC0D094 R6=0x00000022 )
(       libmtguard.so[0xCBBCB000])[F6 F7 3A FD ]0x0000CE04:	BL	#0XCBBCE87C	;(PC=0xCBBD7E04 )
(       libmtguard.so[0xCBBCB000])[F0 B5       ]0x0000387C:	PUSH	{R4, R5, R6, R7, LR}	;(SP=0x100FFFC0 R4=0xCBC0D1A4 R5=0xCBC0D094 R6=0x00000022 R7=0x100FFFE0 LR=0xCBBD7E09 )
(       libmtguard.so[0xCBBCB000])[03 AF       ]0x0000387E:	ADD	R7, SP, #0XC	;(SP=0x100FFFAC )
(       libmtguard.so[0xCBBCB000])[4D F8 04 BD ]0x00003880:	STR	FP, [SP, #-0X4]!	;(FP=0xCBC0B1C4 SP=0x100FFFAC )
(       libmtguard.so[0xCBBCB000])[05 46       ]0x00003884:	MOV	R5, R0	;(R0=0xCBBCFE51 )
(       libmtguard.so[0xCBBCB000])[01 20       ]0x00003886:	MOVS	R0, #1
(       libmtguard.so[0xCBBCB000])[10 21       ]0x00003888:	MOVS	R1, #0X10
(       libmtguard.so[0xCBBCB000])[00 22       ]0x0000388A:	MOVS	R2, #0
(       libmtguard.so[0xCBBCB000])[00 23       ]0x0000388C:	MOVS	R3, #0
(       libmtguard.so[0xCBBCB000])[00 26       ]0x0000388E:	MOVS	R6, #0
(       libmtguard.so[0xCBBCB000])[00 F0 C6 FA ]0x00003890:	BL	#0XCBBCEE20	;(PC=0xCBBCE890 )
(       libmtguard.so[0xCBBCB000])[B0 B5       ]0x00003E20:	PUSH	{R4, R5, R7, LR}	;(SP=0x100FFFA8 R4=0xCBC0D1A4 R5=0xCBBCFE51 R7=0x100FFFB8 LR=0xCBBCE895 )
(       libmtguard.so[0xCBBCB000])[02 AF       ]0x00003E22:	ADD	R7, SP, #8	;(SP=0x100FFF98 )
(       libmtguard.so[0xCBBCB000])[01 FB 00 F5 ]0x00003E24:	MUL	R5, R1, R0	;(R1=0x00000010 R0=0x00000001 )
(       libmtguard.so[0xCBBCB000])[4D B1       ]0x00003E28:	CBZ	R5, #0XCBBCEE3E	;(R5=0x00000010 )
(       libmtguard.so[0xCBBCB000])[28 46       ]0x00003E2A:	MOV	R0, R5	;(R5=0x00000010 )
(       libmtguard.so[0xCBBCB000])[FE F7 C8 EB ]0x00003E2C:	BLX	#0XCBBCD5C0	;(PC=0xCBBCEE2C )
(       libmtguard.so[0xCBBCB000])[00 C6 8F E2 ]0x000025C0:	ADD	IP, PC, #0, #12	;(PC=0xCBBCD5C0 )
(       libmtguard.so[0xCBBCB000])[3D CA 8C E2 ]0x000025C4:	ADD	IP, IP, #0X3D000	;(IP=0xCBBCD5C8 )
(       libmtguard.so[0xCBBCB000])[04 F9 BC E5 ]0x000025C8:	LDR	PC, [IP, #0X904]!	;(IP=0xCBC0A5C8 )
(       libmtguard.so[0xCBBCB000])[04 46       ]0x00003E30:	MOV	R4, R0	;(R0=0x300419D0 )
(       libmtguard.so[0xCBBCB000])[24 B1       ]0x00003E32:	CBZ	R4, #0XCBBCEE3E	;(R4=0x300419D0 )
(       libmtguard.so[0xCBBCB000])[20 46       ]0x00003E34:	MOV	R0, R4	;(R4=0x300419D0 )
(       libmtguard.so[0xCBBCB000])[29 46       ]0x00003E36:	MOV	R1, R5	;(R5=0x00000010 )
(       libmtguard.so[0xCBBCB000])[FE F7 CE EB ]0x00003E38:	BLX	#0XCBBCD5D8	;(PC=0xCBBCEE38 )
(       libmtguard.so[0xCBBCB000])[00 C6 8F E2 ]0x000025D8:	ADD	IP, PC, #0, #12	;(PC=0xCBBCD5D8 )
(       libmtguard.so[0xCBBCB000])[3D CA 8C E2 ]0x000025DC:	ADD	IP, IP, #0X3D000	;(IP=0xCBBCD5E0 )
(       libmtguard.so[0xCBBCB000])[F4 F8 BC E5 ]0x000025E0:	LDR	PC, [IP, #0X8F4]!	;(IP=0xCBC0A5E0 )
(       libmtguard.so[0xCBBCB000])[00 E0       ]0x00003E3C:	B	#0XCBBCEE40
(       libmtguard.so[0xCBBCB000])[20 46       ]0x00003E40:	MOV	R0, R4	;(R4=0x300419D0 )
(       libmtguard.so[0xCBBCB000])[B0 BD       ]0x00003E42:	POP	{R4, R5, R7, PC}	;(SP=0x100FFF98 )
(       libmtguard.so[0xCBBCB000])[04 46       ]0x00003894:	MOV	R4, R0	;(R0=0x300419D0 )
(       libmtguard.so[0xCBBCB000])[94 B1       ]0x00003896:	CBZ	R4, #0XCBBCE8BE	;(R4=0x300419D0 )
(       libmtguard.so[0xCBBCB000])[0B 20       ]0x00003898:	MOVS	R0, #0XB
(       libmtguard.so[0xCBBCB000])[C4 E9 00 66 ]0x0000389A:	STRD	R6, R6, [R4]	;(R6=0x00000000 R4=0x300419D0 )
(       libmtguard.so[0xCBBCB000])[C4 E9 02 05 ]0x0000389E:	STRD	R0, R5, [R4, #8]	;(R0=0x0000000B R5=0xCBBCFE51 R4=0x300419D0 )
(       libmtguard.so[0xCBBCB000])[04 20       ]0x000038A2:	MOVS	R0, #4
(       libmtguard.so[0xCBBCB000])[0B 21       ]0x000038A4:	MOVS	R1, #0XB
(       libmtguard.so[0xCBBCB000])[00 22       ]0x000038A6:	MOVS	R2, #0
(       libmtguard.so[0xCBBCB000])[00 23       ]0x000038A8:	MOVS	R3, #0
(       libmtguard.so[0xCBBCB000])[00 F0 B9 FA ]0x000038AA:	BL	#0XCBBCEE20	;(PC=0xCBBCE8AA )
(       libmtguard.so[0xCBBCB000])[B0 B5       ]0x00003E20:	PUSH	{R4, R5, R7, LR}	;(SP=0x100FFFA8 R4=0x300419D0 R5=0xCBBCFE51 R7=0x100FFFB8 LR=0xCBBCE8AF )
(       libmtguard.so[0xCBBCB000])[02 AF       ]0x00003E22:	ADD	R7, SP, #8	;(SP=0x100FFF98 )
(       libmtguard.so[0xCBBCB000])[01 FB 00 F5 ]0x00003E24:	MUL	R5, R1, R0	;(R1=0x0000000B R0=0x00000004 )
(       libmtguard.so[0xCBBCB000])[4D B1       ]0x00003E28:	CBZ	R5, #0XCBBCEE3E	;(R5=0x0000002C )
(       libmtguard.so[0xCBBCB000])[28 46       ]0x00003E2A:	MOV	R0, R5	;(R5=0x0000002C )
(       libmtguard.so[0xCBBCB000])[FE F7 C8 EB ]0x00003E2C:	BLX	#0XCBBCD5C0	;(PC=0xCBBCEE2C )
(       libmtguard.so[0xCBBCB000])[00 C6 8F E2 ]0x000025C0:	ADD	IP, PC, #0, #12	;(PC=0xCBBCD5C0 )
(       libmtguard.so[0xCBBCB000])[3D CA 8C E2 ]0x000025C4:	ADD	IP, IP, #0X3D000	;(IP=0xCBBCD5C8 )
(       libmtguard.so[0xCBBCB000])[04 F9 BC E5 ]0x000025C8:	LDR	PC, [IP, #0X904]!	;(IP=0xCBC0A5C8 )
(       libmtguard.so[0xCBBCB000])[04 46       ]0x00003E30:	MOV	R4, R0	;(R0=0x300419E8 )
(       libmtguard.so[0xCBBCB000])[24 B1       ]0x00003E32:	CBZ	R4, #0XCBBCEE3E	;(R4=0x300419E8 )
(       libmtguard.so[0xCBBCB000])[20 46       ]0x00003E34:	MOV	R0, R4	;(R4=0x300419E8 )
(       libmtguard.so[0xCBBCB000])[29 46       ]0x00003E36:	MOV	R1, R5	;(R5=0x0000002C )
(       libmtguard.so[0xCBBCB000])[FE F7 CE EB ]0x00003E38:	BLX	#0XCBBCD5D8	;(PC=0xCBBCEE38 )
(       libmtguard.so[0xCBBCB000])[00 C6 8F E2 ]0x000025D8:	ADD	IP, PC, #0, #12	;(PC=0xCBBCD5D8 )
(       libmtguard.so[0xCBBCB000])[3D CA 8C E2 ]0x000025DC:	ADD	IP, IP, #0X3D000	;(IP=0xCBBCD5E0 )
(       libmtguard.so[0xCBBCB000])[F4 F8 BC E5 ]0x000025E0:	LDR	PC, [IP, #0X8F4]!	;(IP=0xCBC0A5E0 )
(       libmtguard.so[0xCBBCB000])[00 E0       ]0x00003E3C:	B	#0XCBBCEE40
(       libmtguard.so[0xCBBCB000])[20 46       ]0x00003E40:	MOV	R0, R4	;(R4=0x300419E8 )
(       libmtguard.so[0xCBBCB000])[B0 BD       ]0x00003E42:	POP	{R4, R5, R7, PC}	;(SP=0x100FFF98 )
(       libmtguard.so[0xCBBCB000])[00 28       ]0x000038AE:	CMP	R0, #0	;(R0=0x300419E8 )
(       libmtguard.so[0xCBBCB000])[20 60       ]0x000038B0:	STR	R0, [R4]	;(R0=0x300419E8 R4=0x300419D0 )
(       libmtguard.so[0xCBBCB000])[05 D1       ]0x000038B2:	BNE	#0XCBBCE8C0
(       libmtguard.so[0xCBBCB000])[20 46       ]0x000038C0:	MOV	R0, R4	;(R4=0x300419D0 )
(       libmtguard.so[0xCBBCB000])[5D F8 04 BB ]0x000038C2:	LDR	FP, [SP], #4	;(SP=0x100FFFA8 )
(       libmtguard.so[0xCBBCB000])[F0 BD       ]0x000038C6:	POP	{R4, R5, R6, R7, PC}	;(SP=0x100FFFAC )
(       libmtguard.so[0xCBBCB000])[01 36       ]0x0000CE08:	ADDS	R6, #1	;(R6=0x00000022 )
(       libmtguard.so[0xCBBCB000])[60 60       ]0x0000CE0A:	STR	R0, [R4, #4]	;(R0=0x300419D0 R4=0xCBC0D1A4 )
(       libmtguard.so[0xCBBCB000])[B6 F5 7C 7F ]0x0000CE0C:	CMP.W	R6, #0X3F0	;(R6=0x00000023 )
(       libmtguard.so[0xCBBCB000])[F3 D1       ]0x0000CE10:	BNE	#0XCBBD7DFA
(       libmtguard.so[0xCBBCB000])[48 46       ]0x0000CDFA:	MOV	R0, SB	;(SB=0xCBBCFE51 )
(       libmtguard.so[0xCBBCB000])[45 F8 36 80 ]0x0000CDFC:	STR.W	R8, [R5, R6, LSL #3]	;(R8=0xFFFFFFFF R5=0xCBC0D094 R6=0x00000023 )
(       libmtguard.so[0xCBBCB000])[05 EB C6 04 ]0x0000CE00:	ADD.W	R4, R5, R6, LSL #3	;(R5=0xCBC0D094 R6=0x00000023 )
(       libmtguard.so[0xCBBCB000])[F6 F7 3A FD ]0x0000CE04:	BL	#0XCBBCE87C	;(PC=0xCBBD7E04 )
(       libmtguard.so[0xCBBCB000])[F0 B5       ]0x0000387C:	PUSH	{R4, R5, R6, R7, LR}	;(SP=0x100FFFC0 R4=0xCBC0D1AC R5=0xCBC0D094 R6=0x00000023 R7=0x100FFFE0 LR=0xCBBD7E09 )
(       libmtguard.so[0xCBBCB000])[03 AF       ]0x0000387E:	ADD	R7, SP, #0XC	;(SP=0x100FFFAC )
(       libmtguard.so[0xCBBCB000])[4D F8 04 BD ]0x00003880:	STR	FP, [SP, #-0X4]!	;(FP=0xCBC0B1C4 SP=0x100FFFAC )
(       libmtguard.so[0xCBBCB000])[05 46       ]0x00003884:	MOV	R5, R0	;(R0=0xCBBCFE51 )
(       libmtguard.so[0xCBBCB000])[01 20       ]0x00003886:	MOVS	R0, #1
(       libmtguard.so[0xCBBCB000])[10 21       ]0x00003888:	MOVS	R1, #0X10
(       libmtguard.so[0xCBBCB000])[00 22       ]0x0000388A:	MOVS	R2, #0
(       libmtguard.so[0xCBBCB000])[00 23       ]0x0000388C:	MOVS	R3, #0
(       libmtguard.so[0xCBBCB000])[00 26       ]0x0000388E:	MOVS	R6, #0
(       libmtguard.so[0xCBBCB000])[00 F0 C6 FA ]0x00003890:	BL	#0XCBBCEE20	;(PC=0xCBBCE890 )
(       libmtguard.so[0xCBBCB000])[B0 B5       ]0x00003E20:	PUSH	{R4, R5, R7, LR}	;(SP=0x100FFFA8 R4=0xCBC0D1AC R5=0xCBBCFE51 R7=0x100FFFB8 LR=0xCBBCE895 )
(       libmtguard.so[0xCBBCB000])[02 AF       ]0x00003E22:	ADD	R7, SP, #8	;(SP=0x100FFF98 )
(       libmtguard.so[0xCBBCB000])[01 FB 00 F5 ]0x00003E24:	MUL	R5, R1, R0	;(R1=0x00000010 R0=0x00000001 )
(       libmtguard.so[0xCBBCB000])[4D B1       ]0x00003E28:	CBZ	R5, #0XCBBCEE3E	;(R5=0x00000010 )
(       libmtguard.so[0xCBBCB000])[28 46       ]0x00003E2A:	MOV	R0, R5	;(R5=0x00000010 )
(       libmtguard.so[0xCBBCB000])[FE F7 C8 EB ]0x00003E2C:	BLX	#0XCBBCD5C0	;(PC=0xCBBCEE2C )
(       libmtguard.so[0xCBBCB000])[00 C6 8F E2 ]0x000025C0:	ADD	IP, PC, #0, #12	;(PC=0xCBBCD5C0 )
(       libmtguard.so[0xCBBCB000])[3D CA 8C E2 ]0x000025C4:	ADD	IP, IP, #0X3D000	;(IP=0xCBBCD5C8 )
(       libmtguard.so[0xCBBCB000])[04 F9 BC E5 ]0x000025C8:	LDR	PC, [IP, #0X904]!	;(IP=0xCBC0A5C8 )
(       libmtguard.so[0xCBBCB000])[04 46       ]0x00003E30:	MOV	R4, R0	;(R0=0x30041A18 )
(       libmtguard.so[0xCBBCB000])[24 B1       ]0x00003E32:	CBZ	R4, #0XCBBCEE3E	;(R4=0x30041A18 )
(       libmtguard.so[0xCBBCB000])[20 46       ]0x00003E34:	MOV	R0, R4	;(R4=0x30041A18 )
(       libmtguard.so[0xCBBCB000])[29 46       ]0x00003E36:	MOV	R1, R5	;(R5=0x00000010 )
(       libmtguard.so[0xCBBCB000])[FE F7 CE EB ]0x00003E38:	BLX	#0XCBBCD5D8	;(PC=0xCBBCEE38 )
(       libmtguard.so[0xCBBCB000])[00 C6 8F E2 ]0x000025D8:	ADD	IP, PC, #0, #12	;(PC=0xCBBCD5D8 )
(       libmtguard.so[0xCBBCB000])[3D CA 8C E2 ]0x000025DC:	ADD	IP, IP, #0X3D000	;(IP=0xCBBCD5E0 )
(       libmtguard.so[0xCBBCB000])[F4 F8 BC E5 ]0x000025E0:	LDR	PC, [IP, #0X8F4]!	;(IP=0xCBC0A5E0 )
(       libmtguard.so[0xCBBCB000])[00 E0       ]0x00003E3C:	B	#0XCBBCEE40
(       libmtguard.so[0xCBBCB000])[20 46       ]0x00003E40:	MOV	R0, R4	;(R4=0x30041A18 )
(       libmtguard.so[0xCBBCB000])[B0 BD       ]0x00003E42:	POP	{R4, R5, R7, PC}	;(SP=0x100FFF98 )
(       libmtguard.so[0xCBBCB000])[04 46       ]0x00003894:	MOV	R4, R0	;(R0=0x30041A18 )
(       libmtguard.so[0xCBBCB000])[94 B1       ]0x00003896:	CBZ	R4, #0XCBBCE8BE	;(R4=0x30041A18 )
(       libmtguard.so[0xCBBCB000])[0B 20       ]0x00003898:	MOVS	R0, #0XB
(       libmtguard.so[0xCBBCB000])[C4 E9 00 66 ]0x0000389A:	STRD	R6, R6, [R4]	;(R6=0x00000000 R4=0x30041A18 )
(       libmtguard.so[0xCBBCB000])[C4 E9 02 05 ]0x0000389E:	STRD	R0, R5, [R4, #8]	;(R0=0x0000000B R5=0xCBBCFE51 R4=0x30041A18 )
(       libmtguard.so[0xCBBCB000])[04 20       ]0x000038A2:	MOVS	R0, #4
(       libmtguard.so[0xCBBCB000])[0B 21       ]0x000038A4:	MOVS	R1, #0XB
(       libmtguard.so[0xCBBCB000])[00 22       ]0x000038A6:	MOVS	R2, #0
(       libmtguard.so[0xCBBCB000])[00 23       ]0x000038A8:	MOVS	R3, #0
(       libmtguard.so[0xCBBCB000])[00 F0 B9 FA ]0x000038AA:	BL	#0XCBBCEE20	;(PC=0xCBBCE8AA )
(       libmtguard.so[0xCBBCB000])[B0 B5       ]0x00003E20:	PUSH	{R4, R5, R7, LR}	;(SP=0x100FFFA8 R4=0x30041A18 R5=0xCBBCFE51 R7=0x100FFFB8 LR=0xCBBCE8AF )
(       libmtguard.so[0xCBBCB000])[02 AF       ]0x00003E22:	ADD	R7, SP, #8	;(SP=0x100FFF98 )
(       libmtguard.so[0xCBBCB000])[01 FB 00 F5 ]0x00003E24:	MUL	R5, R1, R0	;(R1=0x0000000B R0=0x00000004 )
(       libmtguard.so[0xCBBCB000])[4D B1       ]0x00003E28:	CBZ	R5, #0XCBBCEE3E	;(R5=0x0000002C )
(       libmtguard.so[0xCBBCB000])[28 46       ]0x00003E2A:	MOV	R0, R5	;(R5=0x0000002C )
(       libmtguard.so[0xCBBCB000])[FE F7 C8 EB ]0x00003E2C:	BLX	#0XCBBCD5C0	;(PC=0xCBBCEE2C )
(       libmtguard.so[0xCBBCB000])[00 C6 8F E2 ]0x000025C0:	ADD	IP, PC, #0, #12	;(PC=0xCBBCD5C0 )
(       libmtguard.so[0xCBBCB000])[3D CA 8C E2 ]0x000025C4:	ADD	IP, IP, #0X3D000	;(IP=0xCBBCD5C8 )
(       libmtguard.so[0xCBBCB000])[04 F9 BC E5 ]0x000025C8:	LDR	PC, [IP, #0X904]!	;(IP=0xCBC0A5C8 )
(       libmtguard.so[0xCBBCB000])[04 46       ]0x00003E30:	MOV	R4, R0	;(R0=0x30041A30 )
(       libmtguard.so[0xCBBCB000])[24 B1       ]0x00003E32:	CBZ	R4, #0XCBBCEE3E	;(R4=0x30041A30 )
(       libmtguard.so[0xCBBCB000])[20 46       ]0x00003E34:	MOV	R0, R4	;(R4=0x30041A30 )
(       libmtguard.so[0xCBBCB000])[29 46       ]0x00003E36:	MOV	R1, R5	;(R5=0x0000002C )
(       libmtguard.so[0xCBBCB000])[FE F7 CE EB ]0x00003E38:	BLX	#0XCBBCD5D8	;(PC=0xCBBCEE38 )
(       libmtguard.so[0xCBBCB000])[00 C6 8F E2 ]0x000025D8:	ADD	IP, PC, #0, #12	;(PC=0xCBBCD5D8 )
(       libmtguard.so[0xCBBCB000])[3D CA 8C E2 ]0x000025DC:	ADD	IP, IP, #0X3D000	;(IP=0xCBBCD5E0 )
(       libmtguard.so[0xCBBCB000])[F4 F8 BC E5 ]0x000025E0:	LDR	PC, [IP, #0X8F4]!	;(IP=0xCBC0A5E0 )
(       libmtguard.so[0xCBBCB000])[00 E0       ]0x00003E3C:	B	#0XCBBCEE40
(       libmtguard.so[0xCBBCB000])[20 46       ]0x00003E40:	MOV	R0, R4	;(R4=0x30041A30 )
(       libmtguard.so[0xCBBCB000])[B0 BD       ]0x00003E42:	POP	{R4, R5, R7, PC}	;(SP=0x100FFF98 )
(       libmtguard.so[0xCBBCB000])[00 28       ]0x000038AE:	CMP	R0, #0	;(R0=0x30041A30 )
(       libmtguard.so[0xCBBCB000])[20 60       ]0x000038B0:	STR	R0, [R4]	;(R0=0x30041A30 R4=0x30041A18 )
(       libmtguard.so[0xCBBCB000])[05 D1       ]0x000038B2:	BNE	#0XCBBCE8C0
(       libmtguard.so[0xCBBCB000])[20 46       ]0x000038C0:	MOV	R0, R4	;(R4=0x30041A18 )
(       libmtguard.so[0xCBBCB000])[5D F8 04 BB ]0x000038C2:	LDR	FP, [SP], #4	;(SP=0x100FFFA8 )
(       libmtguard.so[0xCBBCB000])[F0 BD       ]0x000038C6:	POP	{R4, R5, R6, R7, PC}	;(SP=0x100FFFAC )
(       libmtguard.so[0xCBBCB000])[01 36       ]0x0000CE08:	ADDS	R6, #1	;(R6=0x00000023 )
(       libmtguard.so[0xCBBCB000])[60 60       ]0x0000CE0A:	STR	R0, [R4, #4]	;(R0=0x30041A18 R4=0xCBC0D1AC )
(       libmtguard.so[0xCBBCB000])[B6 F5 7C 7F ]0x0000CE0C:	CMP.W	R6, #0X3F0	;(R6=0x00000024 )
(       libmtguard.so[0xCBBCB000])[F3 D1       ]0x0000CE10:	BNE	#0XCBBD7DFA
(       libmtguard.so[0xCBBCB000])[48 46       ]0x0000CDFA:	MOV	R0, SB	;(SB=0xCBBCFE51 )
(       libmtguard.so[0xCBBCB000])[45 F8 36 80 ]0x0000CDFC:	STR.W	R8, [R5, R6, LSL #3]	;(R8=0xFFFFFFFF R5=0xCBC0D094 R6=0x00000024 )
(       libmtguard.so[0xCBBCB000])[05 EB C6 04 ]0x0000CE00:	ADD.W	R4, R5, R6, LSL #3	;(R5=0xCBC0D094 R6=0x00000024 )
(       libmtguard.so[0xCBBCB000])[F6 F7 3A FD ]0x0000CE04:	BL	#0XCBBCE87C	;(PC=0xCBBD7E04 )
(       libmtguard.so[0xCBBCB000])[F0 B5       ]0x0000387C:	PUSH	{R4, R5, R6, R7, LR}	;(SP=0x100FFFC0 R4=0xCBC0D1B4 R5=0xCBC0D094 R6=0x00000024 R7=0x100FFFE0 LR=0xCBBD7E09 )
(       libmtguard.so[0xCBBCB000])[03 AF       ]0x0000387E:	ADD	R7, SP, #0XC	;(SP=0x100FFFAC )
(       libmtguard.so[0xCBBCB000])[4D F8 04 BD ]0x00003880:	STR	FP, [SP, #-0X4]!	;(FP=0xCBC0B1C4 SP=0x100FFFAC )
(       libmtguard.so[0xCBBCB000])[05 46       ]0x00003884:	MOV	R5, R0	;(R0=0xCBBCFE51 )
(       libmtguard.so[0xCBBCB000])[01 20       ]0x00003886:	MOVS	R0, #1
(       libmtguard.so[0xCBBCB000])[10 21       ]0x00003888:	MOVS	R1, #0X10
(       libmtguard.so[0xCBBCB000])[00 22       ]0x0000388A:	MOVS	R2, #0
(       libmtguard.so[0xCBBCB000])[00 23       ]0x0000388C:	MOVS	R3, #0
(       libmtguard.so[0xCBBCB000])[00 26       ]0x0000388E:	MOVS	R6, #0
(       libmtguard.so[0xCBBCB000])[00 F0 C6 FA ]0x00003890:	BL	#0XCBBCEE20	;(PC=0xCBBCE890 )
(       libmtguard.so[0xCBBCB000])[B0 B5       ]0x00003E20:	PUSH	{R4, R5, R7, LR}	;(SP=0x100FFFA8 R4=0xCBC0D1B4 R5=0xCBBCFE51 R7=0x100FFFB8 LR=0xCBBCE895 )
(       libmtguard.so[0xCBBCB000])[02 AF       ]0x00003E22:	ADD	R7, SP, #8	;(SP=0x100FFF98 )
(       libmtguard.so[0xCBBCB000])[01 FB 00 F5 ]0x00003E24:	MUL	R5, R1, R0	;(R1=0x00000010 R0=0x00000001 )
(       libmtguard.so[0xCBBCB000])[4D B1       ]0x00003E28:	CBZ	R5, #0XCBBCEE3E	;(R5=0x00000010 )
(       libmtguard.so[0xCBBCB000])[28 46       ]0x00003E2A:	MOV	R0, R5	;(R5=0x00000010 )
(       libmtguard.so[0xCBBCB000])[FE F7 C8 EB ]0x00003E2C:	BLX	#0XCBBCD5C0	;(PC=0xCBBCEE2C )
(       libmtguard.so[0xCBBCB000])[00 C6 8F E2 ]0x000025C0:	ADD	IP, PC, #0, #12	;(PC=0xCBBCD5C0 )
(       libmtguard.so[0xCBBCB000])[3D CA 8C E2 ]0x000025C4:	ADD	IP, IP, #0X3D000	;(IP=0xCBBCD5C8 )
(       libmtguard.so[0xCBBCB000])[04 F9 BC E5 ]0x000025C8:	LDR	PC, [IP, #0X904]!	;(IP=0xCBC0A5C8 )
(       libmtguard.so[0xCBBCB000])[04 46       ]0x00003E30:	MOV	R4, R0	;(R0=0x30041A60 )
(       libmtguard.so[0xCBBCB000])[24 B1       ]0x00003E32:	CBZ	R4, #0XCBBCEE3E	;(R4=0x30041A60 )
(       libmtguard.so[0xCBBCB000])[20 46       ]0x00003E34:	MOV	R0, R4	;(R4=0x30041A60 )
(       libmtguard.so[0xCBBCB000])[29 46       ]0x00003E36:	MOV	R1, R5	;(R5=0x00000010 )
(       libmtguard.so[0xCBBCB000])[FE F7 CE EB ]0x00003E38:	BLX	#0XCBBCD5D8	;(PC=0xCBBCEE38 )
(       libmtguard.so[0xCBBCB000])[00 C6 8F E2 ]0x000025D8:	ADD	IP, PC, #0, #12	;(PC=0xCBBCD5D8 )
(       libmtguard.so[0xCBBCB000])[3D CA 8C E2 ]0x000025DC:	ADD	IP, IP, #0X3D000	;(IP=0xCBBCD5E0 )
(       libmtguard.so[0xCBBCB000])[F4 F8 BC E5 ]0x000025E0:	LDR	PC, [IP, #0X8F4]!	;(IP=0xCBC0A5E0 )
(       libmtguard.so[0xCBBCB000])[00 E0       ]0x00003E3C:	B	#0XCBBCEE40
(       libmtguard.so[0xCBBCB000])[20 46       ]0x00003E40:	MOV	R0, R4	;(R4=0x30041A60 )
(       libmtguard.so[0xCBBCB000])[B0 BD       ]0x00003E42:	POP	{R4, R5, R7, PC}	;(SP=0x100FFF98 )
(       libmtguard.so[0xCBBCB000])[04 46       ]0x00003894:	MOV	R4, R0	;(R0=0x30041A60 )
(       libmtguard.so[0xCBBCB000])[94 B1       ]0x00003896:	CBZ	R4, #0XCBBCE8BE	;(R4=0x30041A60 )
(       libmtguard.so[0xCBBCB000])[0B 20       ]0x00003898:	MOVS	R0, #0XB
(       libmtguard.so[0xCBBCB000])[C4 E9 00 66 ]0x0000389A:	STRD	R6, R6, [R4]	;(R6=0x00000000 R4=0x30041A60 )
(       libmtguard.so[0xCBBCB000])[C4 E9 02 05 ]0x0000389E:	STRD	R0, R5, [R4, #8]	;(R0=0x0000000B R5=0xCBBCFE51 R4=0x30041A60 )
(       libmtguard.so[0xCBBCB000])[04 20       ]0x000038A2:	MOVS	R0, #4
(       libmtguard.so[0xCBBCB000])[0B 21       ]0x000038A4:	MOVS	R1, #0XB
(       libmtguard.so[0xCBBCB000])[00 22       ]0x000038A6:	MOVS	R2, #0
(       libmtguard.so[0xCBBCB000])[00 23       ]0x000038A8:	MOVS	R3, #0
(       libmtguard.so[0xCBBCB000])[00 F0 B9 FA ]0x000038AA:	BL	#0XCBBCEE20	;(PC=0xCBBCE8AA )
(       libmtguard.so[0xCBBCB000])[B0 B5       ]0x00003E20:	PUSH	{R4, R5, R7, LR}	;(SP=0x100FFFA8 R4=0x30041A60 R5=0xCBBCFE51 R7=0x100FFFB8 LR=0xCBBCE8AF )
(       libmtguard.so[0xCBBCB000])[02 AF       ]0x00003E22:	ADD	R7, SP, #8	;(SP=0x100FFF98 )
(       libmtguard.so[0xCBBCB000])[01 FB 00 F5 ]0x00003E24:	MUL	R5, R1, R0	;(R1=0x0000000B R0=0x00000004 )
(       libmtguard.so[0xCBBCB000])[4D B1       ]0x00003E28:	CBZ	R5, #0XCBBCEE3E	;(R5=0x0000002C )
(       libmtguard.so[0xCBBCB000])[28 46       ]0x00003E2A:	MOV	R0, R5	;(R5=0x0000002C )
(       libmtguard.so[0xCBBCB000])[FE F7 C8 EB ]0x00003E2C:	BLX	#0XCBBCD5C0	;(PC=0xCBBCEE2C )
(       libmtguard.so[0xCBBCB000])[00 C6 8F E2 ]0x000025C0:	ADD	IP, PC, #0, #12	;(PC=0xCBBCD5C0 )
(       libmtguard.so[0xCBBCB000])[3D CA 8C E2 ]0x000025C4:	ADD	IP, IP, #0X3D000	;(IP=0xCBBCD5C8 )
(       libmtguard.so[0xCBBCB000])[04 F9 BC E5 ]0x000025C8:	LDR	PC, [IP, #0X904]!	;(IP=0xCBC0A5C8 )
(       libmtguard.so[0xCBBCB000])[04 46       ]0x00003E30:	MOV	R4, R0	;(R0=0x30041A78 )
(       libmtguard.so[0xCBBCB000])[24 B1       ]0x00003E32:	CBZ	R4, #0XCBBCEE3E	;(R4=0x30041A78 )
(       libmtguard.so[0xCBBCB000])[20 46       ]0x00003E34:	MOV	R0, R4	;(R4=0x30041A78 )
(       libmtguard.so[0xCBBCB000])[29 46       ]0x00003E36:	MOV	R1, R5	;(R5=0x0000002C )
(       libmtguard.so[0xCBBCB000])[FE F7 CE EB ]0x00003E38:	BLX	#0XCBBCD5D8	;(PC=0xCBBCEE38 )
(       libmtguard.so[0xCBBCB000])[00 C6 8F E2 ]0x000025D8:	ADD	IP, PC, #0, #12	;(PC=0xCBBCD5D8 )
(       libmtguard.so[0xCBBCB000])[3D CA 8C E2 ]0x000025DC:	ADD	IP, IP, #0X3D000	;(IP=0xCBBCD5E0 )
(       libmtguard.so[0xCBBCB000])[F4 F8 BC E5 ]0x000025E0:	LDR	PC, [IP, #0X8F4]!	;(IP=0xCBC0A5E0 )
(       libmtguard.so[0xCBBCB000])[00 E0       ]0x00003E3C:	B	#0XCBBCEE40
(       libmtguard.so[0xCBBCB000])[20 46       ]0x00003E40:	MOV	R0, R4	;(R4=0x30041A78 )
(       libmtguard.so[0xCBBCB000])[B0 BD       ]0x00003E42:	POP	{R4, R5, R7, PC}	;(SP=0x100FFF98 )
(       libmtguard.so[0xCBBCB000])[00 28       ]0x000038AE:	CMP	R0, #0	;(R0=0x30041A78 )
(       libmtguard.so[0xCBBCB000])[20 60       ]0x000038B0:	STR	R0, [R4]	;(R0=0x30041A78 R4=0x30041A60 )
(       libmtguard.so[0xCBBCB000])[05 D1       ]0x000038B2:	BNE	#0XCBBCE8C0
(       libmtguard.so[0xCBBCB000])[20 46       ]0x000038C0:	MOV	R0, R4	;(R4=0x30041A60 )
(       libmtguard.so[0xCBBCB000])[5D F8 04 BB ]0x000038C2:	LDR	FP, [SP], #4	;(SP=0x100FFFA8 )
(       libmtguard.so[0xCBBCB000])[F0 BD       ]0x000038C6:	POP	{R4, R5, R6, R7, PC}	;(SP=0x100FFFAC )
(       libmtguard.so[0xCBBCB000])[01 36       ]0x0000CE08:	ADDS	R6, #1	;(R6=0x00000024 )
(       libmtguard.so[0xCBBCB000])[60 60       ]0x0000CE0A:	STR	R0, [R4, #4]	;(R0=0x30041A60 R4=0xCBC0D1B4 )
(       libmtguard.so[0xCBBCB000])[B6 F5 7C 7F ]0x0000CE0C:	CMP.W	R6, #0X3F0	;(R6=0x00000025 )
(       libmtguard.so[0xCBBCB000])[F3 D1       ]0x0000CE10:	BNE	#0XCBBD7DFA
(       libmtguard.so[0xCBBCB000])[48 46       ]0x0000CDFA:	MOV	R0, SB	;(SB=0xCBBCFE51 )
(       libmtguard.so[0xCBBCB000])[45 F8 36 80 ]0x0000CDFC:	STR.W	R8, [R5, R6, LSL #3]	;(R8=0xFFFFFFFF R5=0xCBC0D094 R6=0x00000025 )
(       libmtguard.so[0xCBBCB000])[05 EB C6 04 ]0x0000CE00:	ADD.W	R4, R5, R6, LSL #3	;(R5=0xCBC0D094 R6=0x00000025 )
(       libmtguard.so[0xCBBCB000])[F6 F7 3A FD ]0x0000CE04:	BL	#0XCBBCE87C	;(PC=0xCBBD7E04 )
(       libmtguard.so[0xCBBCB000])[F0 B5       ]0x0000387C:	PUSH	{R4, R5, R6, R7, LR}	;(SP=0x100FFFC0 R4=0xCBC0D1BC R5=0xCBC0D094 R6=0x00000025 R7=0x100FFFE0 LR=0xCBBD7E09 )
(       libmtguard.so[0xCBBCB000])[03 AF       ]0x0000387E:	ADD	R7, SP, #0XC	;(SP=0x100FFFAC )
(       libmtguard.so[0xCBBCB000])[4D F8 04 BD ]0x00003880:	STR	FP, [SP, #-0X4]!	;(FP=0xCBC0B1C4 SP=0x100FFFAC )
(       libmtguard.so[0xCBBCB000])[05 46       ]0x00003884:	MOV	R5, R0	;(R0=0xCBBCFE51 )
(       libmtguard.so[0xCBBCB000])[01 20       ]0x00003886:	MOVS	R0, #1
(       libmtguard.so[0xCBBCB000])[10 21       ]0x00003888:	MOVS	R1, #0X10
(       libmtguard.so[0xCBBCB000])[00 22       ]0x0000388A:	MOVS	R2, #0
(       libmtguard.so[0xCBBCB000])[00 23       ]0x0000388C:	MOVS	R3, #0
(       libmtguard.so[0xCBBCB000])[00 26       ]0x0000388E:	MOVS	R6, #0
(       libmtguard.so[0xCBBCB000])[00 F0 C6 FA ]0x00003890:	BL	#0XCBBCEE20	;(PC=0xCBBCE890 )
(       libmtguard.so[0xCBBCB000])[B0 B5       ]0x00003E20:	PUSH	{R4, R5, R7, LR}	;(SP=0x100FFFA8 R4=0xCBC0D1BC R5=0xCBBCFE51 R7=0x100FFFB8 LR=0xCBBCE895 )
(       libmtguard.so[0xCBBCB000])[02 AF       ]0x00003E22:	ADD	R7, SP, #8	;(SP=0x100FFF98 )
(       libmtguard.so[0xCBBCB000])[01 FB 00 F5 ]0x00003E24:	MUL	R5, R1, R0	;(R1=0x00000010 R0=0x00000001 )
(       libmtguard.so[0xCBBCB000])[4D B1       ]0x00003E28:	CBZ	R5, #0XCBBCEE3E	;(R5=0x00000010 )
(       libmtguard.so[0xCBBCB000])[28 46       ]0x00003E2A:	MOV	R0, R5	;(R5=0x00000010 )
(       libmtguard.so[0xCBBCB000])[FE F7 C8 EB ]0x00003E2C:	BLX	#0XCBBCD5C0	;(PC=0xCBBCEE2C )
(       libmtguard.so[0xCBBCB000])[00 C6 8F E2 ]0x000025C0:	ADD	IP, PC, #0, #12	;(PC=0xCBBCD5C0 )
(       libmtguard.so[0xCBBCB000])[3D CA 8C E2 ]0x000025C4:	ADD	IP, IP, #0X3D000	;(IP=0xCBBCD5C8 )
(       libmtguard.so[0xCBBCB000])[04 F9 BC E5 ]0x000025C8:	LDR	PC, [IP, #0X904]!	;(IP=0xCBC0A5C8 )
(       libmtguard.so[0xCBBCB000])[04 46       ]0x00003E30:	MOV	R4, R0	;(R0=0x30041AA8 )
(       libmtguard.so[0xCBBCB000])[24 B1       ]0x00003E32:	CBZ	R4, #0XCBBCEE3E	;(R4=0x30041AA8 )
(       libmtguard.so[0xCBBCB000])[20 46       ]0x00003E34:	MOV	R0, R4	;(R4=0x30041AA8 )
(       libmtguard.so[0xCBBCB000])[29 46       ]0x00003E36:	MOV	R1, R5	;(R5=0x00000010 )
(       libmtguard.so[0xCBBCB000])[FE F7 CE EB ]0x00003E38:	BLX	#0XCBBCD5D8	;(PC=0xCBBCEE38 )
(       libmtguard.so[0xCBBCB000])[00 C6 8F E2 ]0x000025D8:	ADD	IP, PC, #0, #12	;(PC=0xCBBCD5D8 )
(       libmtguard.so[0xCBBCB000])[3D CA 8C E2 ]0x000025DC:	ADD	IP, IP, #0X3D000	;(IP=0xCBBCD5E0 )
(       libmtguard.so[0xCBBCB000])[F4 F8 BC E5 ]0x000025E0:	LDR	PC, [IP, #0X8F4]!	;(IP=0xCBC0A5E0 )
(       libmtguard.so[0xCBBCB000])[00 E0       ]0x00003E3C:	B	#0XCBBCEE40
(       libmtguard.so[0xCBBCB000])[20 46       ]0x00003E40:	MOV	R0, R4	;(R4=0x30041AA8 )
(       libmtguard.so[0xCBBCB000])[B0 BD       ]0x00003E42:	POP	{R4, R5, R7, PC}	;(SP=0x100FFF98 )
(       libmtguard.so[0xCBBCB000])[04 46       ]0x00003894:	MOV	R4, R0	;(R0=0x30041AA8 )
(       libmtguard.so[0xCBBCB000])[94 B1       ]0x00003896:	CBZ	R4, #0XCBBCE8BE	;(R4=0x30041AA8 )
(       libmtguard.so[0xCBBCB000])[0B 20       ]0x00003898:	MOVS	R0, #0XB
(       libmtguard.so[0xCBBCB000])[C4 E9 00 66 ]0x0000389A:	STRD	R6, R6, [R4]	;(R6=0x00000000 R4=0x30041AA8 )
(       libmtguard.so[0xCBBCB000])[C4 E9 02 05 ]0x0000389E:	STRD	R0, R5, [R4, #8]	;(R0=0x0000000B R5=0xCBBCFE51 R4=0x30041AA8 )
(       libmtguard.so[0xCBBCB000])[04 20       ]0x000038A2:	MOVS	R0, #4
(       libmtguard.so[0xCBBCB000])[0B 21       ]0x000038A4:	MOVS	R1, #0XB
(       libmtguard.so[0xCBBCB000])[00 22       ]0x000038A6:	MOVS	R2, #0
(       libmtguard.so[0xCBBCB000])[00 23       ]0x000038A8:	MOVS	R3, #0
(       libmtguard.so[0xCBBCB000])[00 F0 B9 FA ]0x000038AA:	BL	#0XCBBCEE20	;(PC=0xCBBCE8AA )
(       libmtguard.so[0xCBBCB000])[B0 B5       ]0x00003E20:	PUSH	{R4, R5, R7, LR}	;(SP=0x100FFFA8 R4=0x30041AA8 R5=0xCBBCFE51 R7=0x100FFFB8 LR=0xCBBCE8AF )
(       libmtguard.so[0xCBBCB000])[02 AF       ]0x00003E22:	ADD	R7, SP, #8	;(SP=0x100FFF98 )
(       libmtguard.so[0xCBBCB000])[01 FB 00 F5 ]0x00003E24:	MUL	R5, R1, R0	;(R1=0x0000000B R0=0x00000004 )
(       libmtguard.so[0xCBBCB000])[4D B1       ]0x00003E28:	CBZ	R5, #0XCBBCEE3E	;(R5=0x0000002C )
(       libmtguard.so[0xCBBCB000])[28 46       ]0x00003E2A:	MOV	R0, R5	;(R5=0x0000002C )
(       libmtguard.so[0xCBBCB000])[FE F7 C8 EB ]0x00003E2C:	BLX	#0XCBBCD5C0	;(PC=0xCBBCEE2C )
(       libmtguard.so[0xCBBCB000])[00 C6 8F E2 ]0x000025C0:	ADD	IP, PC, #0, #12	;(PC=0xCBBCD5C0 )
(       libmtguard.so[0xCBBCB000])[3D CA 8C E2 ]0x000025C4:	ADD	IP, IP, #0X3D000	;(IP=0xCBBCD5C8 )
(       libmtguard.so[0xCBBCB000])[04 F9 BC E5 ]0x000025C8:	LDR	PC, [IP, #0X904]!	;(IP=0xCBC0A5C8 )
(       libmtguard.so[0xCBBCB000])[04 46       ]0x00003E30:	MOV	R4, R0	;(R0=0x30041AC0 )
(       libmtguard.so[0xCBBCB000])[24 B1       ]0x00003E32:	CBZ	R4, #0XCBBCEE3E	;(R4=0x30041AC0 )
(       libmtguard.so[0xCBBCB000])[20 46       ]0x00003E34:	MOV	R0, R4	;(R4=0x30041AC0 )
(       libmtguard.so[0xCBBCB000])[29 46       ]0x00003E36:	MOV	R1, R5	;(R5=0x0000002C )
(       libmtguard.so[0xCBBCB000])[FE F7 CE EB ]0x00003E38:	BLX	#0XCBBCD5D8	;(PC=0xCBBCEE38 )
(       libmtguard.so[0xCBBCB000])[00 C6 8F E2 ]0x000025D8:	ADD	IP, PC, #0, #12	;(PC=0xCBBCD5D8 )
(       libmtguard.so[0xCBBCB000])[3D CA 8C E2 ]0x000025DC:	ADD	IP, IP, #0X3D000	;(IP=0xCBBCD5E0 )
(       libmtguard.so[0xCBBCB000])[F4 F8 BC E5 ]0x000025E0:	LDR	PC, [IP, #0X8F4]!	;(IP=0xCBC0A5E0 )
(       libmtguard.so[0xCBBCB000])[00 E0       ]0x00003E3C:	B	#0XCBBCEE40
(       libmtguard.so[0xCBBCB000])[20 46       ]0x00003E40:	MOV	R0, R4	;(R4=0x30041AC0 )
(       libmtguard.so[0xCBBCB000])[B0 BD       ]0x00003E42:	POP	{R4, R5, R7, PC}	;(SP=0x100FFF98 )
(       libmtguard.so[0xCBBCB000])[00 28       ]0x000038AE:	CMP	R0, #0	;(R0=0x30041AC0 )
(       libmtguard.so[0xCBBCB000])[20 60       ]0x000038B0:	STR	R0, [R4]	;(R0=0x30041AC0 R4=0x30041AA8 )
(       libmtguard.so[0xCBBCB000])[05 D1       ]0x000038B2:	BNE	#0XCBBCE8C0
(       libmtguard.so[0xCBBCB000])[20 46       ]0x000038C0:	MOV	R0, R4	;(R4=0x30041AA8 )
(       libmtguard.so[0xCBBCB000])[5D F8 04 BB ]0x000038C2:	LDR	FP, [SP], #4	;(SP=0x100FFFA8 )
(       libmtguard.so[0xCBBCB000])[F0 BD       ]0x000038C6:	POP	{R4, R5, R6, R7, PC}	;(SP=0x100FFFAC )
(       libmtguard.so[0xCBBCB000])[01 36       ]0x0000CE08:	ADDS	R6, #1	;(R6=0x00000025 )
(       libmtguard.so[0xCBBCB000])[60 60       ]0x0000CE0A:	STR	R0, [R4, #4]	;(R0=0x30041AA8 R4=0xCBC0D1BC )
(       libmtguard.so[0xCBBCB000])[B6 F5 7C 7F ]0x0000CE0C:	CMP.W	R6, #0X3F0	;(R6=0x00000026 )
(       libmtguard.so[0xCBBCB000])[F3 D1       ]0x0000CE10:	BNE	#0XCBBD7DFA
(       libmtguard.so[0xCBBCB000])[48 46       ]0x0000CDFA:	MOV	R0, SB	;(SB=0xCBBCFE51 )
(       libmtguard.so[0xCBBCB000])[45 F8 36 80 ]0x0000CDFC:	STR.W	R8, [R5, R6, LSL #3]	;(R8=0xFFFFFFFF R5=0xCBC0D094 R6=0x00000026 )
(       libmtguard.so[0xCBBCB000])[05 EB C6 04 ]0x0000CE00:	ADD.W	R4, R5, R6, LSL #3	;(R5=0xCBC0D094 R6=0x00000026 )
(       libmtguard.so[0xCBBCB000])[F6 F7 3A FD ]0x0000CE04:	BL	#0XCBBCE87C	;(PC=0xCBBD7E04 )
(       libmtguard.so[0xCBBCB000])[F0 B5       ]0x0000387C:	PUSH	{R4, R5, R6, R7, LR}	;(SP=0x100FFFC0 R4=0xCBC0D1C4 R5=0xCBC0D094 R6=0x00000026 R7=0x100FFFE0 LR=0xCBBD7E09 )
(       libmtguard.so[0xCBBCB000])[03 AF       ]0x0000387E:	ADD	R7, SP, #0XC	;(SP=0x100FFFAC )
(       libmtguard.so[0xCBBCB000])[4D F8 04 BD ]0x00003880:	STR	FP, [SP, #-0X4]!	;(FP=0xCBC0B1C4 SP=0x100FFFAC )
(       libmtguard.so[0xCBBCB000])[05 46       ]0x00003884:	MOV	R5, R0	;(R0=0xCBBCFE51 )
(       libmtguard.so[0xCBBCB000])[01 20       ]0x00003886:	MOVS	R0, #1
(       libmtguard.so[0xCBBCB000])[10 21       ]0x00003888:	MOVS	R1, #0X10
(       libmtguard.so[0xCBBCB000])[00 22       ]0x0000388A:	MOVS	R2, #0
(       libmtguard.so[0xCBBCB000])[00 23       ]0x0000388C:	MOVS	R3, #0
(       libmtguard.so[0xCBBCB000])[00 26       ]0x0000388E:	MOVS	R6, #0
(       libmtguard.so[0xCBBCB000])[00 F0 C6 FA ]0x00003890:	BL	#0XCBBCEE20	;(PC=0xCBBCE890 )
(       libmtguard.so[0xCBBCB000])[B0 B5       ]0x00003E20:	PUSH	{R4, R5, R7, LR}	;(SP=0x100FFFA8 R4=0xCBC0D1C4 R5=0xCBBCFE51 R7=0x100FFFB8 LR=0xCBBCE895 )
(       libmtguard.so[0xCBBCB000])[02 AF       ]0x00003E22:	ADD	R7, SP, #8	;(SP=0x100FFF98 )
(       libmtguard.so[0xCBBCB000])[01 FB 00 F5 ]0x00003E24:	MUL	R5, R1, R0	;(R1=0x00000010 R0=0x00000001 )
(       libmtguard.so[0xCBBCB000])[4D B1       ]0x00003E28:	CBZ	R5, #0XCBBCEE3E	;(R5=0x00000010 )
(       libmtguard.so[0xCBBCB000])[28 46       ]0x00003E2A:	MOV	R0, R5	;(R5=0x00000010 )
(       libmtguard.so[0xCBBCB000])[FE F7 C8 EB ]0x00003E2C:	BLX	#0XCBBCD5C0	;(PC=0xCBBCEE2C )
(       libmtguard.so[0xCBBCB000])[00 C6 8F E2 ]0x000025C0:	ADD	IP, PC, #0, #12	;(PC=0xCBBCD5C0 )
(       libmtguard.so[0xCBBCB000])[3D CA 8C E2 ]0x000025C4:	ADD	IP, IP, #0X3D000	;(IP=0xCBBCD5C8 )
(       libmtguard.so[0xCBBCB000])[04 F9 BC E5 ]0x000025C8:	LDR	PC, [IP, #0X904]!	;(IP=0xCBC0A5C8 )
(       libmtguard.so[0xCBBCB000])[04 46       ]0x00003E30:	MOV	R4, R0	;(R0=0x30041AF0 )
(       libmtguard.so[0xCBBCB000])[24 B1       ]0x00003E32:	CBZ	R4, #0XCBBCEE3E	;(R4=0x30041AF0 )
(       libmtguard.so[0xCBBCB000])[20 46       ]0x00003E34:	MOV	R0, R4	;(R4=0x30041AF0 )
(       libmtguard.so[0xCBBCB000])[29 46       ]0x00003E36:	MOV	R1, R5	;(R5=0x00000010 )
(       libmtguard.so[0xCBBCB000])[FE F7 CE EB ]0x00003E38:	BLX	#0XCBBCD5D8	;(PC=0xCBBCEE38 )
(       libmtguard.so[0xCBBCB000])[00 C6 8F E2 ]0x000025D8:	ADD	IP, PC, #0, #12	;(PC=0xCBBCD5D8 )
(       libmtguard.so[0xCBBCB000])[3D CA 8C E2 ]0x000025DC:	ADD	IP, IP, #0X3D000	;(IP=0xCBBCD5E0 )
(       libmtguard.so[0xCBBCB000])[F4 F8 BC E5 ]0x000025E0:	LDR	PC, [IP, #0X8F4]!	;(IP=0xCBC0A5E0 )
(       libmtguard.so[0xCBBCB000])[00 E0       ]0x00003E3C:	B	#0XCBBCEE40
(       libmtguard.so[0xCBBCB000])[20 46       ]0x00003E40:	MOV	R0, R4	;(R4=0x30041AF0 )
(       libmtguard.so[0xCBBCB000])[B0 BD       ]0x00003E42:	POP	{R4, R5, R7, PC}	;(SP=0x100FFF98 )
(       libmtguard.so[0xCBBCB000])[04 46       ]0x00003894:	MOV	R4, R0	;(R0=0x30041AF0 )
(       libmtguard.so[0xCBBCB000])[94 B1       ]0x00003896:	CBZ	R4, #0XCBBCE8BE	;(R4=0x30041AF0 )
(       libmtguard.so[0xCBBCB000])[0B 20       ]0x00003898:	MOVS	R0, #0XB
(       libmtguard.so[0xCBBCB000])[C4 E9 00 66 ]0x0000389A:	STRD	R6, R6, [R4]	;(R6=0x00000000 R4=0x30041AF0 )
(       libmtguard.so[0xCBBCB000])[C4 E9 02 05 ]0x0000389E:	STRD	R0, R5, [R4, #8]	;(R0=0x0000000B R5=0xCBBCFE51 R4=0x30041AF0 )
(       libmtguard.so[0xCBBCB000])[04 20       ]0x000038A2:	MOVS	R0, #4
(       libmtguard.so[0xCBBCB000])[0B 21       ]0x000038A4:	MOVS	R1, #0XB
(       libmtguard.so[0xCBBCB000])[00 22       ]0x000038A6:	MOVS	R2, #0
(       libmtguard.so[0xCBBCB000])[00 23       ]0x000038A8:	MOVS	R3, #0
(       libmtguard.so[0xCBBCB000])[00 F0 B9 FA ]0x000038AA:	BL	#0XCBBCEE20	;(PC=0xCBBCE8AA )
(       libmtguard.so[0xCBBCB000])[B0 B5       ]0x00003E20:	PUSH	{R4, R5, R7, LR}	;(SP=0x100FFFA8 R4=0x30041AF0 R5=0xCBBCFE51 R7=0x100FFFB8 LR=0xCBBCE8AF )
(       libmtguard.so[0xCBBCB000])[02 AF       ]0x00003E22:	ADD	R7, SP, #8	;(SP=0x100FFF98 )
(       libmtguard.so[0xCBBCB000])[01 FB 00 F5 ]0x00003E24:	MUL	R5, R1, R0	;(R1=0x0000000B R0=0x00000004 )
(       libmtguard.so[0xCBBCB000])[4D B1       ]0x00003E28:	CBZ	R5, #0XCBBCEE3E	;(R5=0x0000002C )
(       libmtguard.so[0xCBBCB000])[28 46       ]0x00003E2A:	MOV	R0, R5	;(R5=0x0000002C )
(       libmtguard.so[0xCBBCB000])[FE F7 C8 EB ]0x00003E2C:	BLX	#0XCBBCD5C0	;(PC=0xCBBCEE2C )
(       libmtguard.so[0xCBBCB000])[00 C6 8F E2 ]0x000025C0:	ADD	IP, PC, #0, #12	;(PC=0xCBBCD5C0 )
(       libmtguard.so[0xCBBCB000])[3D CA 8C E2 ]0x000025C4:	ADD	IP, IP, #0X3D000	;(IP=0xCBBCD5C8 )
(       libmtguard.so[0xCBBCB000])[04 F9 BC E5 ]0x000025C8:	LDR	PC, [IP, #0X904]!	;(IP=0xCBC0A5C8 )
(       libmtguard.so[0xCBBCB000])[04 46       ]0x00003E30:	MOV	R4, R0	;(R0=0x30041B08 )
(       libmtguard.so[0xCBBCB000])[24 B1       ]0x00003E32:	CBZ	R4, #0XCBBCEE3E	;(R4=0x30041B08 )
(       libmtguard.so[0xCBBCB000])[20 46       ]0x00003E34:	MOV	R0, R4	;(R4=0x30041B08 )
(       libmtguard.so[0xCBBCB000])[29 46       ]0x00003E36:	MOV	R1, R5	;(R5=0x0000002C )
(       libmtguard.so[0xCBBCB000])[FE F7 CE EB ]0x00003E38:	BLX	#0XCBBCD5D8	;(PC=0xCBBCEE38 )
(       libmtguard.so[0xCBBCB000])[00 C6 8F E2 ]0x000025D8:	ADD	IP, PC, #0, #12	;(PC=0xCBBCD5D8 )
(       libmtguard.so[0xCBBCB000])[3D CA 8C E2 ]0x000025DC:	ADD	IP, IP, #0X3D000	;(IP=0xCBBCD5E0 )
(       libmtguard.so[0xCBBCB000])[F4 F8 BC E5 ]0x000025E0:	LDR	PC, [IP, #0X8F4]!	;(IP=0xCBC0A5E0 )
(       libmtguard.so[0xCBBCB000])[00 E0       ]0x00003E3C:	B	#0XCBBCEE40
(       libmtguard.so[0xCBBCB000])[20 46       ]0x00003E40:	MOV	R0, R4	;(R4=0x30041B08 )
(       libmtguard.so[0xCBBCB000])[B0 BD       ]0x00003E42:	POP	{R4, R5, R7, PC}	;(SP=0x100FFF98 )
(       libmtguard.so[0xCBBCB000])[00 28       ]0x000038AE:	CMP	R0, #0	;(R0=0x30041B08 )
(       libmtguard.so[0xCBBCB000])[20 60       ]0x000038B0:	STR	R0, [R4]	;(R0=0x30041B08 R4=0x30041AF0 )
(       libmtguard.so[0xCBBCB000])[05 D1       ]0x000038B2:	BNE	#0XCBBCE8C0
(       libmtguard.so[0xCBBCB000])[20 46       ]0x000038C0:	MOV	R0, R4	;(R4=0x30041AF0 )
(       libmtguard.so[0xCBBCB000])[5D F8 04 BB ]0x000038C2:	LDR	FP, [SP], #4	;(SP=0x100FFFA8 )
(       libmtguard.so[0xCBBCB000])[F0 BD       ]0x000038C6:	POP	{R4, R5, R6, R7, PC}	;(SP=0x100FFFAC )
(       libmtguard.so[0xCBBCB000])[01 36       ]0x0000CE08:	ADDS	R6, #1	;(R6=0x00000026 )
(       libmtguard.so[0xCBBCB000])[60 60       ]0x0000CE0A:	STR	R0, [R4, #4]	;(R0=0x30041AF0 R4=0xCBC0D1C4 )
(       libmtguard.so[0xCBBCB000])[B6 F5 7C 7F ]0x0000CE0C:	CMP.W	R6, #0X3F0	;(R6=0x00000027 )
(       libmtguard.so[0xCBBCB000])[F3 D1       ]0x0000CE10:	BNE	#0XCBBD7DFA
(       libmtguard.so[0xCBBCB000])[48 46       ]0x0000CDFA:	MOV	R0, SB	;(SB=0xCBBCFE51 )
(       libmtguard.so[0xCBBCB000])[45 F8 36 80 ]0x0000CDFC:	STR.W	R8, [R5, R6, LSL #3]	;(R8=0xFFFFFFFF R5=0xCBC0D094 R6=0x00000027 )
(       libmtguard.so[0xCBBCB000])[05 EB C6 04 ]0x0000CE00:	ADD.W	R4, R5, R6, LSL #3	;(R5=0xCBC0D094 R6=0x00000027 )
(       libmtguard.so[0xCBBCB000])[F6 F7 3A FD ]0x0000CE04:	BL	#0XCBBCE87C	;(PC=0xCBBD7E04 )
(       libmtguard.so[0xCBBCB000])[F0 B5       ]0x0000387C:	PUSH	{R4, R5, R6, R7, LR}	;(SP=0x100FFFC0 R4=0xCBC0D1CC R5=0xCBC0D094 R6=0x00000027 R7=0x100FFFE0 LR=0xCBBD7E09 )
(       libmtguard.so[0xCBBCB000])[03 AF       ]0x0000387E:	ADD	R7, SP, #0XC	;(SP=0x100FFFAC )
(       libmtguard.so[0xCBBCB000])[4D F8 04 BD ]0x00003880:	STR	FP, [SP, #-0X4]!	;(FP=0xCBC0B1C4 SP=0x100FFFAC )
(       libmtguard.so[0xCBBCB000])[05 46       ]0x00003884:	MOV	R5, R0	;(R0=0xCBBCFE51 )
(       libmtguard.so[0xCBBCB000])[01 20       ]0x00003886:	MOVS	R0, #1
(       libmtguard.so[0xCBBCB000])[10 21       ]0x00003888:	MOVS	R1, #0X10
(       libmtguard.so[0xCBBCB000])[00 22       ]0x0000388A:	MOVS	R2, #0
(       libmtguard.so[0xCBBCB000])[00 23       ]0x0000388C:	MOVS	R3, #0
(       libmtguard.so[0xCBBCB000])[00 26       ]0x0000388E:	MOVS	R6, #0
(       libmtguard.so[0xCBBCB000])[00 F0 C6 FA ]0x00003890:	BL	#0XCBBCEE20	;(PC=0xCBBCE890 )
(       libmtguard.so[0xCBBCB000])[B0 B5       ]0x00003E20:	PUSH	{R4, R5, R7, LR}	;(SP=0x100FFFA8 R4=0xCBC0D1CC R5=0xCBBCFE51 R7=0x100FFFB8 LR=0xCBBCE895 )
(       libmtguard.so[0xCBBCB000])[02 AF       ]0x00003E22:	ADD	R7, SP, #8	;(SP=0x100FFF98 )
(       libmtguard.so[0xCBBCB000])[01 FB 00 F5 ]0x00003E24:	MUL	R5, R1, R0	;(R1=0x00000010 R0=0x00000001 )
(       libmtguard.so[0xCBBCB000])[4D B1       ]0x00003E28:	CBZ	R5, #0XCBBCEE3E	;(R5=0x00000010 )
(       libmtguard.so[0xCBBCB000])[28 46       ]0x00003E2A:	MOV	R0, R5	;(R5=0x00000010 )
(       libmtguard.so[0xCBBCB000])[FE F7 C8 EB ]0x00003E2C:	BLX	#0XCBBCD5C0	;(PC=0xCBBCEE2C )
(       libmtguard.so[0xCBBCB000])[00 C6 8F E2 ]0x000025C0:	ADD	IP, PC, #0, #12	;(PC=0xCBBCD5C0 )
(       libmtguard.so[0xCBBCB000])[3D CA 8C E2 ]0x000025C4:	ADD	IP, IP, #0X3D000	;(IP=0xCBBCD5C8 )
(       libmtguard.so[0xCBBCB000])[04 F9 BC E5 ]0x000025C8:	LDR	PC, [IP, #0X904]!	;(IP=0xCBC0A5C8 )
(       libmtguard.so[0xCBBCB000])[04 46       ]0x00003E30:	MOV	R4, R0	;(R0=0x30041B38 )
(       libmtguard.so[0xCBBCB000])[24 B1       ]0x00003E32:	CBZ	R4, #0XCBBCEE3E	;(R4=0x30041B38 )
(       libmtguard.so[0xCBBCB000])[20 46       ]0x00003E34:	MOV	R0, R4	;(R4=0x30041B38 )
(       libmtguard.so[0xCBBCB000])[29 46       ]0x00003E36:	MOV	R1, R5	;(R5=0x00000010 )
(       libmtguard.so[0xCBBCB000])[FE F7 CE EB ]0x00003E38:	BLX	#0XCBBCD5D8	;(PC=0xCBBCEE38 )
(       libmtguard.so[0xCBBCB000])[00 C6 8F E2 ]0x000025D8:	ADD	IP, PC, #0, #12	;(PC=0xCBBCD5D8 )
(       libmtguard.so[0xCBBCB000])[3D CA 8C E2 ]0x000025DC:	ADD	IP, IP, #0X3D000	;(IP=0xCBBCD5E0 )
(       libmtguard.so[0xCBBCB000])[F4 F8 BC E5 ]0x000025E0:	LDR	PC, [IP, #0X8F4]!	;(IP=0xCBC0A5E0 )
(       libmtguard.so[0xCBBCB000])[00 E0       ]0x00003E3C:	B	#0XCBBCEE40
(       libmtguard.so[0xCBBCB000])[20 46       ]0x00003E40:	MOV	R0, R4	;(R4=0x30041B38 )
(       libmtguard.so[0xCBBCB000])[B0 BD       ]0x00003E42:	POP	{R4, R5, R7, PC}	;(SP=0x100FFF98 )
(       libmtguard.so[0xCBBCB000])[04 46       ]0x00003894:	MOV	R4, R0	;(R0=0x30041B38 )
(       libmtguard.so[0xCBBCB000])[94 B1       ]0x00003896:	CBZ	R4, #0XCBBCE8BE	;(R4=0x30041B38 )
(       libmtguard.so[0xCBBCB000])[0B 20       ]0x00003898:	MOVS	R0, #0XB
(       libmtguard.so[0xCBBCB000])[C4 E9 00 66 ]0x0000389A:	STRD	R6, R6, [R4]	;(R6=0x00000000 R4=0x30041B38 )
(       libmtguard.so[0xCBBCB000])[C4 E9 02 05 ]0x0000389E:	STRD	R0, R5, [R4, #8]	;(R0=0x0000000B R5=0xCBBCFE51 R4=0x30041B38 )
(       libmtguard.so[0xCBBCB000])[04 20       ]0x000038A2:	MOVS	R0, #4
(       libmtguard.so[0xCBBCB000])[0B 21       ]0x000038A4:	MOVS	R1, #0XB
(       libmtguard.so[0xCBBCB000])[00 22       ]0x000038A6:	MOVS	R2, #0
(       libmtguard.so[0xCBBCB000])[00 23       ]0x000038A8:	MOVS	R3, #0
(       libmtguard.so[0xCBBCB000])[00 F0 B9 FA ]0x000038AA:	BL	#0XCBBCEE20	;(PC=0xCBBCE8AA )
(       libmtguard.so[0xCBBCB000])[B0 B5       ]0x00003E20:	PUSH	{R4, R5, R7, LR}	;(SP=0x100FFFA8 R4=0x30041B38 R5=0xCBBCFE51 R7=0x100FFFB8 LR=0xCBBCE8AF )
(       libmtguard.so[0xCBBCB000])[02 AF       ]0x00003E22:	ADD	R7, SP, #8	;(SP=0x100FFF98 )
(       libmtguard.so[0xCBBCB000])[01 FB 00 F5 ]0x00003E24:	MUL	R5, R1, R0	;(R1=0x0000000B R0=0x00000004 )
(       libmtguard.so[0xCBBCB000])[4D B1       ]0x00003E28:	CBZ	R5, #0XCBBCEE3E	;(R5=0x0000002C )
(       libmtguard.so[0xCBBCB000])[28 46       ]0x00003E2A:	MOV	R0, R5	;(R5=0x0000002C )
(       libmtguard.so[0xCBBCB000])[FE F7 C8 EB ]0x00003E2C:	BLX	#0XCBBCD5C0	;(PC=0xCBBCEE2C )
(       libmtguard.so[0xCBBCB000])[00 C6 8F E2 ]0x000025C0:	ADD	IP, PC, #0, #12	;(PC=0xCBBCD5C0 )
(       libmtguard.so[0xCBBCB000])[3D CA 8C E2 ]0x000025C4:	ADD	IP, IP, #0X3D000	;(IP=0xCBBCD5C8 )
(       libmtguard.so[0xCBBCB000])[04 F9 BC E5 ]0x000025C8:	LDR	PC, [IP, #0X904]!	;(IP=0xCBC0A5C8 )
(       libmtguard.so[0xCBBCB000])[04 46       ]0x00003E30:	MOV	R4, R0	;(R0=0x30041B50 )
(       libmtguard.so[0xCBBCB000])[24 B1       ]0x00003E32:	CBZ	R4, #0XCBBCEE3E	;(R4=0x30041B50 )
(       libmtguard.so[0xCBBCB000])[20 46       ]0x00003E34:	MOV	R0, R4	;(R4=0x30041B50 )
(       libmtguard.so[0xCBBCB000])[29 46       ]0x00003E36:	MOV	R1, R5	;(R5=0x0000002C )
(       libmtguard.so[0xCBBCB000])[FE F7 CE EB ]0x00003E38:	BLX	#0XCBBCD5D8	;(PC=0xCBBCEE38 )
(       libmtguard.so[0xCBBCB000])[00 C6 8F E2 ]0x000025D8:	ADD	IP, PC, #0, #12	;(PC=0xCBBCD5D8 )
(       libmtguard.so[0xCBBCB000])[3D CA 8C E2 ]0x000025DC:	ADD	IP, IP, #0X3D000	;(IP=0xCBBCD5E0 )
(       libmtguard.so[0xCBBCB000])[F4 F8 BC E5 ]0x000025E0:	LDR	PC, [IP, #0X8F4]!	;(IP=0xCBC0A5E0 )
(       libmtguard.so[0xCBBCB000])[00 E0       ]0x00003E3C:	B	#0XCBBCEE40
(       libmtguard.so[0xCBBCB000])[20 46       ]0x00003E40:	MOV	R0, R4	;(R4=0x30041B50 )
(       libmtguard.so[0xCBBCB000])[B0 BD       ]0x00003E42:	POP	{R4, R5, R7, PC}	;(SP=0x100FFF98 )
(       libmtguard.so[0xCBBCB000])[00 28       ]0x000038AE:	CMP	R0, #0	;(R0=0x30041B50 )
(       libmtguard.so[0xCBBCB000])[20 60       ]0x000038B0:	STR	R0, [R4]	;(R0=0x30041B50 R4=0x30041B38 )
(       libmtguard.so[0xCBBCB000])[05 D1       ]0x000038B2:	BNE	#0XCBBCE8C0
(       libmtguard.so[0xCBBCB000])[20 46       ]0x000038C0:	MOV	R0, R4	;(R4=0x30041B38 )
(       libmtguard.so[0xCBBCB000])[5D F8 04 BB ]0x000038C2:	LDR	FP, [SP], #4	;(SP=0x100FFFA8 )
(       libmtguard.so[0xCBBCB000])[F0 BD       ]0x000038C6:	POP	{R4, R5, R6, R7, PC}	;(SP=0x100FFFAC )
(       libmtguard.so[0xCBBCB000])[01 36       ]0x0000CE08:	ADDS	R6, #1	;(R6=0x00000027 )
(       libmtguard.so[0xCBBCB000])[60 60       ]0x0000CE0A:	STR	R0, [R4, #4]	;(R0=0x30041B38 R4=0xCBC0D1CC )
(       libmtguard.so[0xCBBCB000])[B6 F5 7C 7F ]0x0000CE0C:	CMP.W	R6, #0X3F0	;(R6=0x00000028 )
(       libmtguard.so[0xCBBCB000])[F3 D1       ]0x0000CE10:	BNE	#0XCBBD7DFA
(       libmtguard.so[0xCBBCB000])[48 46       ]0x0000CDFA:	MOV	R0, SB	;(SB=0xCBBCFE51 )
(       libmtguard.so[0xCBBCB000])[45 F8 36 80 ]0x0000CDFC:	STR.W	R8, [R5, R6, LSL #3]	;(R8=0xFFFFFFFF R5=0xCBC0D094 R6=0x00000028 )
(       libmtguard.so[0xCBBCB000])[05 EB C6 04 ]0x0000CE00:	ADD.W	R4, R5, R6, LSL #3	;(R5=0xCBC0D094 R6=0x00000028 )
(       libmtguard.so[0xCBBCB000])[F6 F7 3A FD ]0x0000CE04:	BL	#0XCBBCE87C	;(PC=0xCBBD7E04 )
(       libmtguard.so[0xCBBCB000])[F0 B5       ]0x0000387C:	PUSH	{R4, R5, R6, R7, LR}	;(SP=0x100FFFC0 R4=0xCBC0D1D4 R5=0xCBC0D094 R6=0x00000028 R7=0x100FFFE0 LR=0xCBBD7E09 )
(       libmtguard.so[0xCBBCB000])[03 AF       ]0x0000387E:	ADD	R7, SP, #0XC	;(SP=0x100FFFAC )
(       libmtguard.so[0xCBBCB000])[4D F8 04 BD ]0x00003880:	STR	FP, [SP, #-0X4]!	;(FP=0xCBC0B1C4 SP=0x100FFFAC )
(       libmtguard.so[0xCBBCB000])[05 46       ]0x00003884:	MOV	R5, R0	;(R0=0xCBBCFE51 )
(       libmtguard.so[0xCBBCB000])[01 20       ]0x00003886:	MOVS	R0, #1
(       libmtguard.so[0xCBBCB000])[10 21       ]0x00003888:	MOVS	R1, #0X10
(       libmtguard.so[0xCBBCB000])[00 22       ]0x0000388A:	MOVS	R2, #0
(       libmtguard.so[0xCBBCB000])[00 23       ]0x0000388C:	MOVS	R3, #0
(       libmtguard.so[0xCBBCB000])[00 26       ]0x0000388E:	MOVS	R6, #0
(       libmtguard.so[0xCBBCB000])[00 F0 C6 FA ]0x00003890:	BL	#0XCBBCEE20	;(PC=0xCBBCE890 )
(       libmtguard.so[0xCBBCB000])[B0 B5       ]0x00003E20:	PUSH	{R4, R5, R7, LR}	;(SP=0x100FFFA8 R4=0xCBC0D1D4 R5=0xCBBCFE51 R7=0x100FFFB8 LR=0xCBBCE895 )
(       libmtguard.so[0xCBBCB000])[02 AF       ]0x00003E22:	ADD	R7, SP, #8	;(SP=0x100FFF98 )
(       libmtguard.so[0xCBBCB000])[01 FB 00 F5 ]0x00003E24:	MUL	R5, R1, R0	;(R1=0x00000010 R0=0x00000001 )
(       libmtguard.so[0xCBBCB000])[4D B1       ]0x00003E28:	CBZ	R5, #0XCBBCEE3E	;(R5=0x00000010 )
(       libmtguard.so[0xCBBCB000])[28 46       ]0x00003E2A:	MOV	R0, R5	;(R5=0x00000010 )
(       libmtguard.so[0xCBBCB000])[FE F7 C8 EB ]0x00003E2C:	BLX	#0XCBBCD5C0	;(PC=0xCBBCEE2C )
(       libmtguard.so[0xCBBCB000])[00 C6 8F E2 ]0x000025C0:	ADD	IP, PC, #0, #12	;(PC=0xCBBCD5C0 )
(       libmtguard.so[0xCBBCB000])[3D CA 8C E2 ]0x000025C4:	ADD	IP, IP, #0X3D000	;(IP=0xCBBCD5C8 )
(       libmtguard.so[0xCBBCB000])[04 F9 BC E5 ]0x000025C8:	LDR	PC, [IP, #0X904]!	;(IP=0xCBC0A5C8 )
(       libmtguard.so[0xCBBCB000])[04 46       ]0x00003E30:	MOV	R4, R0	;(R0=0x30041B80 )
(       libmtguard.so[0xCBBCB000])[24 B1       ]0x00003E32:	CBZ	R4, #0XCBBCEE3E	;(R4=0x30041B80 )
(       libmtguard.so[0xCBBCB000])[20 46       ]0x00003E34:	MOV	R0, R4	;(R4=0x30041B80 )
(       libmtguard.so[0xCBBCB000])[29 46       ]0x00003E36:	MOV	R1, R5	;(R5=0x00000010 )
(       libmtguard.so[0xCBBCB000])[FE F7 CE EB ]0x00003E38:	BLX	#0XCBBCD5D8	;(PC=0xCBBCEE38 )
(       libmtguard.so[0xCBBCB000])[00 C6 8F E2 ]0x000025D8:	ADD	IP, PC, #0, #12	;(PC=0xCBBCD5D8 )
(       libmtguard.so[0xCBBCB000])[3D CA 8C E2 ]0x000025DC:	ADD	IP, IP, #0X3D000	;(IP=0xCBBCD5E0 )
(       libmtguard.so[0xCBBCB000])[F4 F8 BC E5 ]0x000025E0:	LDR	PC, [IP, #0X8F4]!	;(IP=0xCBC0A5E0 )
(       libmtguard.so[0xCBBCB000])[00 E0       ]0x00003E3C:	B	#0XCBBCEE40
(       libmtguard.so[0xCBBCB000])[20 46       ]0x00003E40:	MOV	R0, R4	;(R4=0x30041B80 )
(       libmtguard.so[0xCBBCB000])[B0 BD       ]0x00003E42:	POP	{R4, R5, R7, PC}	;(SP=0x100FFF98 )
(       libmtguard.so[0xCBBCB000])[04 46       ]0x00003894:	MOV	R4, R0	;(R0=0x30041B80 )
(       libmtguard.so[0xCBBCB000])[94 B1       ]0x00003896:	CBZ	R4, #0XCBBCE8BE	;(R4=0x30041B80 )
(       libmtguard.so[0xCBBCB000])[0B 20       ]0x00003898:	MOVS	R0, #0XB
(       libmtguard.so[0xCBBCB000])[C4 E9 00 66 ]0x0000389A:	STRD	R6, R6, [R4]	;(R6=0x00000000 R4=0x30041B80 )
(       libmtguard.so[0xCBBCB000])[C4 E9 02 05 ]0x0000389E:	STRD	R0, R5, [R4, #8]	;(R0=0x0000000B R5=0xCBBCFE51 R4=0x30041B80 )
(       libmtguard.so[0xCBBCB000])[04 20       ]0x000038A2:	MOVS	R0, #4
(       libmtguard.so[0xCBBCB000])[0B 21       ]0x000038A4:	MOVS	R1, #0XB
(       libmtguard.so[0xCBBCB000])[00 22       ]0x000038A6:	MOVS	R2, #0
(       libmtguard.so[0xCBBCB000])[00 23       ]0x000038A8:	MOVS	R3, #0
(       libmtguard.so[0xCBBCB000])[00 F0 B9 FA ]0x000038AA:	BL	#0XCBBCEE20	;(PC=0xCBBCE8AA )
(       libmtguard.so[0xCBBCB000])[B0 B5       ]0x00003E20:	PUSH	{R4, R5, R7, LR}	;(SP=0x100FFFA8 R4=0x30041B80 R5=0xCBBCFE51 R7=0x100FFFB8 LR=0xCBBCE8AF )
(       libmtguard.so[0xCBBCB000])[02 AF       ]0x00003E22:	ADD	R7, SP, #8	;(SP=0x100FFF98 )
(       libmtguard.so[0xCBBCB000])[01 FB 00 F5 ]0x00003E24:	MUL	R5, R1, R0	;(R1=0x0000000B R0=0x00000004 )
(       libmtguard.so[0xCBBCB000])[4D B1       ]0x00003E28:	CBZ	R5, #0XCBBCEE3E	;(R5=0x0000002C )
(       libmtguard.so[0xCBBCB000])[28 46       ]0x00003E2A:	MOV	R0, R5	;(R5=0x0000002C )
(       libmtguard.so[0xCBBCB000])[FE F7 C8 EB ]0x00003E2C:	BLX	#0XCBBCD5C0	;(PC=0xCBBCEE2C )
(       libmtguard.so[0xCBBCB000])[00 C6 8F E2 ]0x000025C0:	ADD	IP, PC, #0, #12	;(PC=0xCBBCD5C0 )
(       libmtguard.so[0xCBBCB000])[3D CA 8C E2 ]0x000025C4:	ADD	IP, IP, #0X3D000	;(IP=0xCBBCD5C8 )
(       libmtguard.so[0xCBBCB000])[04 F9 BC E5 ]0x000025C8:	LDR	PC, [IP, #0X904]!	;(IP=0xCBC0A5C8 )
(       libmtguard.so[0xCBBCB000])[04 46       ]0x00003E30:	MOV	R4, R0	;(R0=0x30041B98 )
(       libmtguard.so[0xCBBCB000])[24 B1       ]0x00003E32:	CBZ	R4, #0XCBBCEE3E	;(R4=0x30041B98 )
(       libmtguard.so[0xCBBCB000])[20 46       ]0x00003E34:	MOV	R0, R4	;(R4=0x30041B98 )
(       libmtguard.so[0xCBBCB000])[29 46       ]0x00003E36:	MOV	R1, R5	;(R5=0x0000002C )
(       libmtguard.so[0xCBBCB000])[FE F7 CE EB ]0x00003E38:	BLX	#0XCBBCD5D8	;(PC=0xCBBCEE38 )
(       libmtguard.so[0xCBBCB000])[00 C6 8F E2 ]0x000025D8:	ADD	IP, PC, #0, #12	;(PC=0xCBBCD5D8 )
(       libmtguard.so[0xCBBCB000])[3D CA 8C E2 ]0x000025DC:	ADD	IP, IP, #0X3D000	;(IP=0xCBBCD5E0 )
(       libmtguard.so[0xCBBCB000])[F4 F8 BC E5 ]0x000025E0:	LDR	PC, [IP, #0X8F4]!	;(IP=0xCBC0A5E0 )
(       libmtguard.so[0xCBBCB000])[00 E0       ]0x00003E3C:	B	#0XCBBCEE40
(       libmtguard.so[0xCBBCB000])[20 46       ]0x00003E40:	MOV	R0, R4	;(R4=0x30041B98 )
(       libmtguard.so[0xCBBCB000])[B0 BD       ]0x00003E42:	POP	{R4, R5, R7, PC}	;(SP=0x100FFF98 )
(       libmtguard.so[0xCBBCB000])[00 28       ]0x000038AE:	CMP	R0, #0	;(R0=0x30041B98 )
(       libmtguard.so[0xCBBCB000])[20 60       ]0x000038B0:	STR	R0, [R4]	;(R0=0x30041B98 R4=0x30041B80 )
(       libmtguard.so[0xCBBCB000])[05 D1       ]0x000038B2:	BNE	#0XCBBCE8C0
(       libmtguard.so[0xCBBCB000])[20 46       ]0x000038C0:	MOV	R0, R4	;(R4=0x30041B80 )
(       libmtguard.so[0xCBBCB000])[5D F8 04 BB ]0x000038C2:	LDR	FP, [SP], #4	;(SP=0x100FFFA8 )
(       libmtguard.so[0xCBBCB000])[F0 BD       ]0x000038C6:	POP	{R4, R5, R6, R7, PC}	;(SP=0x100FFFAC )
(       libmtguard.so[0xCBBCB000])[01 36       ]0x0000CE08:	ADDS	R6, #1	;(R6=0x00000028 )
(       libmtguard.so[0xCBBCB000])[60 60       ]0x0000CE0A:	STR	R0, [R4, #4]	;(R0=0x30041B80 R4=0xCBC0D1D4 )
(       libmtguard.so[0xCBBCB000])[B6 F5 7C 7F ]0x0000CE0C:	CMP.W	R6, #0X3F0	;(R6=0x00000029 )
(       libmtguard.so[0xCBBCB000])[F3 D1       ]0x0000CE10:	BNE	#0XCBBD7DFA
(       libmtguard.so[0xCBBCB000])[48 46       ]0x0000CDFA:	MOV	R0, SB	;(SB=0xCBBCFE51 )
(       libmtguard.so[0xCBBCB000])[45 F8 36 80 ]0x0000CDFC:	STR.W	R8, [R5, R6, LSL #3]	;(R8=0xFFFFFFFF R5=0xCBC0D094 R6=0x00000029 )
(       libmtguard.so[0xCBBCB000])[05 EB C6 04 ]0x0000CE00:	ADD.W	R4, R5, R6, LSL #3	;(R5=0xCBC0D094 R6=0x00000029 )
(       libmtguard.so[0xCBBCB000])[F6 F7 3A FD ]0x0000CE04:	BL	#0XCBBCE87C	;(PC=0xCBBD7E04 )
(       libmtguard.so[0xCBBCB000])[F0 B5       ]0x0000387C:	PUSH	{R4, R5, R6, R7, LR}	;(SP=0x100FFFC0 R4=0xCBC0D1DC R5=0xCBC0D094 R6=0x00000029 R7=0x100FFFE0 LR=0xCBBD7E09 )
(       libmtguard.so[0xCBBCB000])[03 AF       ]0x0000387E:	ADD	R7, SP, #0XC	;(SP=0x100FFFAC )
(       libmtguard.so[0xCBBCB000])[4D F8 04 BD ]0x00003880:	STR	FP, [SP, #-0X4]!	;(FP=0xCBC0B1C4 SP=0x100FFFAC )
(       libmtguard.so[0xCBBCB000])[05 46       ]0x00003884:	MOV	R5, R0	;(R0=0xCBBCFE51 )
(       libmtguard.so[0xCBBCB000])[01 20       ]0x00003886:	MOVS	R0, #1
(       libmtguard.so[0xCBBCB000])[10 21       ]0x00003888:	MOVS	R1, #0X10
(       libmtguard.so[0xCBBCB000])[00 22       ]0x0000388A:	MOVS	R2, #0
(       libmtguard.so[0xCBBCB000])[00 23       ]0x0000388C:	MOVS	R3, #0
(       libmtguard.so[0xCBBCB000])[00 26       ]0x0000388E:	MOVS	R6, #0
(       libmtguard.so[0xCBBCB000])[00 F0 C6 FA ]0x00003890:	BL	#0XCBBCEE20	;(PC=0xCBBCE890 )
(       libmtguard.so[0xCBBCB000])[B0 B5       ]0x00003E20:	PUSH	{R4, R5, R7, LR}	;(SP=0x100FFFA8 R4=0xCBC0D1DC R5=0xCBBCFE51 R7=0x100FFFB8 LR=0xCBBCE895 )
(       libmtguard.so[0xCBBCB000])[02 AF       ]0x00003E22:	ADD	R7, SP, #8	;(SP=0x100FFF98 )
(       libmtguard.so[0xCBBCB000])[01 FB 00 F5 ]0x00003E24:	MUL	R5, R1, R0	;(R1=0x00000010 R0=0x00000001 )
(       libmtguard.so[0xCBBCB000])[4D B1       ]0x00003E28:	CBZ	R5, #0XCBBCEE3E	;(R5=0x00000010 )
(       libmtguard.so[0xCBBCB000])[28 46       ]0x00003E2A:	MOV	R0, R5	;(R5=0x00000010 )
(       libmtguard.so[0xCBBCB000])[FE F7 C8 EB ]0x00003E2C:	BLX	#0XCBBCD5C0	;(PC=0xCBBCEE2C )
(       libmtguard.so[0xCBBCB000])[00 C6 8F E2 ]0x000025C0:	ADD	IP, PC, #0, #12	;(PC=0xCBBCD5C0 )
(       libmtguard.so[0xCBBCB000])[3D CA 8C E2 ]0x000025C4:	ADD	IP, IP, #0X3D000	;(IP=0xCBBCD5C8 )
(       libmtguard.so[0xCBBCB000])[04 F9 BC E5 ]0x000025C8:	LDR	PC, [IP, #0X904]!	;(IP=0xCBC0A5C8 )
(       libmtguard.so[0xCBBCB000])[04 46       ]0x00003E30:	MOV	R4, R0	;(R0=0x30041BC8 )
(       libmtguard.so[0xCBBCB000])[24 B1       ]0x00003E32:	CBZ	R4, #0XCBBCEE3E	;(R4=0x30041BC8 )
(       libmtguard.so[0xCBBCB000])[20 46       ]0x00003E34:	MOV	R0, R4	;(R4=0x30041BC8 )
(       libmtguard.so[0xCBBCB000])[29 46       ]0x00003E36:	MOV	R1, R5	;(R5=0x00000010 )
(       libmtguard.so[0xCBBCB000])[FE F7 CE EB ]0x00003E38:	BLX	#0XCBBCD5D8	;(PC=0xCBBCEE38 )
(       libmtguard.so[0xCBBCB000])[00 C6 8F E2 ]0x000025D8:	ADD	IP, PC, #0, #12	;(PC=0xCBBCD5D8 )
(       libmtguard.so[0xCBBCB000])[3D CA 8C E2 ]0x000025DC:	ADD	IP, IP, #0X3D000	;(IP=0xCBBCD5E0 )
(       libmtguard.so[0xCBBCB000])[F4 F8 BC E5 ]0x000025E0:	LDR	PC, [IP, #0X8F4]!	;(IP=0xCBC0A5E0 )
(       libmtguard.so[0xCBBCB000])[00 E0       ]0x00003E3C:	B	#0XCBBCEE40
(       libmtguard.so[0xCBBCB000])[20 46       ]0x00003E40:	MOV	R0, R4	;(R4=0x30041BC8 )
(       libmtguard.so[0xCBBCB000])[B0 BD       ]0x00003E42:	POP	{R4, R5, R7, PC}	;(SP=0x100FFF98 )
(       libmtguard.so[0xCBBCB000])[04 46       ]0x00003894:	MOV	R4, R0	;(R0=0x30041BC8 )
(       libmtguard.so[0xCBBCB000])[94 B1       ]0x00003896:	CBZ	R4, #0XCBBCE8BE	;(R4=0x30041BC8 )
(       libmtguard.so[0xCBBCB000])[0B 20       ]0x00003898:	MOVS	R0, #0XB
(       libmtguard.so[0xCBBCB000])[C4 E9 00 66 ]0x0000389A:	STRD	R6, R6, [R4]	;(R6=0x00000000 R4=0x30041BC8 )
(       libmtguard.so[0xCBBCB000])[C4 E9 02 05 ]0x0000389E:	STRD	R0, R5, [R4, #8]	;(R0=0x0000000B R5=0xCBBCFE51 R4=0x30041BC8 )
(       libmtguard.so[0xCBBCB000])[04 20       ]0x000038A2:	MOVS	R0, #4
(       libmtguard.so[0xCBBCB000])[0B 21       ]0x000038A4:	MOVS	R1, #0XB
(       libmtguard.so[0xCBBCB000])[00 22       ]0x000038A6:	MOVS	R2, #0
(       libmtguard.so[0xCBBCB000])[00 23       ]0x000038A8:	MOVS	R3, #0
(       libmtguard.so[0xCBBCB000])[00 F0 B9 FA ]0x000038AA:	BL	#0XCBBCEE20	;(PC=0xCBBCE8AA )
(       libmtguard.so[0xCBBCB000])[B0 B5       ]0x00003E20:	PUSH	{R4, R5, R7, LR}	;(SP=0x100FFFA8 R4=0x30041BC8 R5=0xCBBCFE51 R7=0x100FFFB8 LR=0xCBBCE8AF )
(       libmtguard.so[0xCBBCB000])[02 AF       ]0x00003E22:	ADD	R7, SP, #8	;(SP=0x100FFF98 )
(       libmtguard.so[0xCBBCB000])[01 FB 00 F5 ]0x00003E24:	MUL	R5, R1, R0	;(R1=0x0000000B R0=0x00000004 )
(       libmtguard.so[0xCBBCB000])[4D B1       ]0x00003E28:	CBZ	R5, #0XCBBCEE3E	;(R5=0x0000002C )
(       libmtguard.so[0xCBBCB000])[28 46       ]0x00003E2A:	MOV	R0, R5	;(R5=0x0000002C )
(       libmtguard.so[0xCBBCB000])[FE F7 C8 EB ]0x00003E2C:	BLX	#0XCBBCD5C0	;(PC=0xCBBCEE2C )
(       libmtguard.so[0xCBBCB000])[00 C6 8F E2 ]0x000025C0:	ADD	IP, PC, #0, #12	;(PC=0xCBBCD5C0 )
(       libmtguard.so[0xCBBCB000])[3D CA 8C E2 ]0x000025C4:	ADD	IP, IP, #0X3D000	;(IP=0xCBBCD5C8 )
(       libmtguard.so[0xCBBCB000])[04 F9 BC E5 ]0x000025C8:	LDR	PC, [IP, #0X904]!	;(IP=0xCBC0A5C8 )
(       libmtguard.so[0xCBBCB000])[04 46       ]0x00003E30:	MOV	R4, R0	;(R0=0x30041BE0 )
(       libmtguard.so[0xCBBCB000])[24 B1       ]0x00003E32:	CBZ	R4, #0XCBBCEE3E	;(R4=0x30041BE0 )
(       libmtguard.so[0xCBBCB000])[20 46       ]0x00003E34:	MOV	R0, R4	;(R4=0x30041BE0 )
(       libmtguard.so[0xCBBCB000])[29 46       ]0x00003E36:	MOV	R1, R5	;(R5=0x0000002C )
(       libmtguard.so[0xCBBCB000])[FE F7 CE EB ]0x00003E38:	BLX	#0XCBBCD5D8	;(PC=0xCBBCEE38 )
(       libmtguard.so[0xCBBCB000])[00 C6 8F E2 ]0x000025D8:	ADD	IP, PC, #0, #12	;(PC=0xCBBCD5D8 )
(       libmtguard.so[0xCBBCB000])[3D CA 8C E2 ]0x000025DC:	ADD	IP, IP, #0X3D000	;(IP=0xCBBCD5E0 )
(       libmtguard.so[0xCBBCB000])[F4 F8 BC E5 ]0x000025E0:	LDR	PC, [IP, #0X8F4]!	;(IP=0xCBC0A5E0 )
(       libmtguard.so[0xCBBCB000])[00 E0       ]0x00003E3C:	B	#0XCBBCEE40
(       libmtguard.so[0xCBBCB000])[20 46       ]0x00003E40:	MOV	R0, R4	;(R4=0x30041BE0 )
(       libmtguard.so[0xCBBCB000])[B0 BD       ]0x00003E42:	POP	{R4, R5, R7, PC}	;(SP=0x100FFF98 )
(       libmtguard.so[0xCBBCB000])[00 28       ]0x000038AE:	CMP	R0, #0	;(R0=0x30041BE0 )
(       libmtguard.so[0xCBBCB000])[20 60       ]0x000038B0:	STR	R0, [R4]	;(R0=0x30041BE0 R4=0x30041BC8 )
(       libmtguard.so[0xCBBCB000])[05 D1       ]0x000038B2:	BNE	#0XCBBCE8C0
(       libmtguard.so[0xCBBCB000])[20 46       ]0x000038C0:	MOV	R0, R4	;(R4=0x30041BC8 )
(       libmtguard.so[0xCBBCB000])[5D F8 04 BB ]0x000038C2:	LDR	FP, [SP], #4	;(SP=0x100FFFA8 )
(       libmtguard.so[0xCBBCB000])[F0 BD       ]0x000038C6:	POP	{R4, R5, R6, R7, PC}	;(SP=0x100FFFAC )
(       libmtguard.so[0xCBBCB000])[01 36       ]0x0000CE08:	ADDS	R6, #1	;(R6=0x00000029 )
(       libmtguard.so[0xCBBCB000])[60 60       ]0x0000CE0A:	STR	R0, [R4, #4]	;(R0=0x30041BC8 R4=0xCBC0D1DC )
(       libmtguard.so[0xCBBCB000])[B6 F5 7C 7F ]0x0000CE0C:	CMP.W	R6, #0X3F0	;(R6=0x0000002A )
(       libmtguard.so[0xCBBCB000])[F3 D1       ]0x0000CE10:	BNE	#0XCBBD7DFA
(       libmtguard.so[0xCBBCB000])[48 46       ]0x0000CDFA:	MOV	R0, SB	;(SB=0xCBBCFE51 )
(       libmtguard.so[0xCBBCB000])[45 F8 36 80 ]0x0000CDFC:	STR.W	R8, [R5, R6, LSL #3]	;(R8=0xFFFFFFFF R5=0xCBC0D094 R6=0x0000002A )
(       libmtguard.so[0xCBBCB000])[05 EB C6 04 ]0x0000CE00:	ADD.W	R4, R5, R6, LSL #3	;(R5=0xCBC0D094 R6=0x0000002A )
(       libmtguard.so[0xCBBCB000])[F6 F7 3A FD ]0x0000CE04:	BL	#0XCBBCE87C	;(PC=0xCBBD7E04 )
(       libmtguard.so[0xCBBCB000])[F0 B5       ]0x0000387C:	PUSH	{R4, R5, R6, R7, LR}	;(SP=0x100FFFC0 R4=0xCBC0D1E4 R5=0xCBC0D094 R6=0x0000002A R7=0x100FFFE0 LR=0xCBBD7E09 )
(       libmtguard.so[0xCBBCB000])[03 AF       ]0x0000387E:	ADD	R7, SP, #0XC	;(SP=0x100FFFAC )
(       libmtguard.so[0xCBBCB000])[4D F8 04 BD ]0x00003880:	STR	FP, [SP, #-0X4]!	;(FP=0xCBC0B1C4 SP=0x100FFFAC )
(       libmtguard.so[0xCBBCB000])[05 46       ]0x00003884:	MOV	R5, R0	;(R0=0xCBBCFE51 )
(       libmtguard.so[0xCBBCB000])[01 20       ]0x00003886:	MOVS	R0, #1
(       libmtguard.so[0xCBBCB000])[10 21       ]0x00003888:	MOVS	R1, #0X10
(       libmtguard.so[0xCBBCB000])[00 22       ]0x0000388A:	MOVS	R2, #0
(       libmtguard.so[0xCBBCB000])[00 23       ]0x0000388C:	MOVS	R3, #0
(       libmtguard.so[0xCBBCB000])[00 26       ]0x0000388E:	MOVS	R6, #0
(       libmtguard.so[0xCBBCB000])[00 F0 C6 FA ]0x00003890:	BL	#0XCBBCEE20	;(PC=0xCBBCE890 )
(       libmtguard.so[0xCBBCB000])[B0 B5       ]0x00003E20:	PUSH	{R4, R5, R7, LR}	;(SP=0x100FFFA8 R4=0xCBC0D1E4 R5=0xCBBCFE51 R7=0x100FFFB8 LR=0xCBBCE895 )
(       libmtguard.so[0xCBBCB000])[02 AF       ]0x00003E22:	ADD	R7, SP, #8	;(SP=0x100FFF98 )
(       libmtguard.so[0xCBBCB000])[01 FB 00 F5 ]0x00003E24:	MUL	R5, R1, R0	;(R1=0x00000010 R0=0x00000001 )
(       libmtguard.so[0xCBBCB000])[4D B1       ]0x00003E28:	CBZ	R5, #0XCBBCEE3E	;(R5=0x00000010 )
(       libmtguard.so[0xCBBCB000])[28 46       ]0x00003E2A:	MOV	R0, R5	;(R5=0x00000010 )
(       libmtguard.so[0xCBBCB000])[FE F7 C8 EB ]0x00003E2C:	BLX	#0XCBBCD5C0	;(PC=0xCBBCEE2C )
(       libmtguard.so[0xCBBCB000])[00 C6 8F E2 ]0x000025C0:	ADD	IP, PC, #0, #12	;(PC=0xCBBCD5C0 )
(       libmtguard.so[0xCBBCB000])[3D CA 8C E2 ]0x000025C4:	ADD	IP, IP, #0X3D000	;(IP=0xCBBCD5C8 )
(       libmtguard.so[0xCBBCB000])[04 F9 BC E5 ]0x000025C8:	LDR	PC, [IP, #0X904]!	;(IP=0xCBC0A5C8 )
(       libmtguard.so[0xCBBCB000])[04 46       ]0x00003E30:	MOV	R4, R0	;(R0=0x30041C10 )
(       libmtguard.so[0xCBBCB000])[24 B1       ]0x00003E32:	CBZ	R4, #0XCBBCEE3E	;(R4=0x30041C10 )
(       libmtguard.so[0xCBBCB000])[20 46       ]0x00003E34:	MOV	R0, R4	;(R4=0x30041C10 )
(       libmtguard.so[0xCBBCB000])[29 46       ]0x00003E36:	MOV	R1, R5	;(R5=0x00000010 )
(       libmtguard.so[0xCBBCB000])[FE F7 CE EB ]0x00003E38:	BLX	#0XCBBCD5D8	;(PC=0xCBBCEE38 )
(       libmtguard.so[0xCBBCB000])[00 C6 8F E2 ]0x000025D8:	ADD	IP, PC, #0, #12	;(PC=0xCBBCD5D8 )
(       libmtguard.so[0xCBBCB000])[3D CA 8C E2 ]0x000025DC:	ADD	IP, IP, #0X3D000	;(IP=0xCBBCD5E0 )
(       libmtguard.so[0xCBBCB000])[F4 F8 BC E5 ]0x000025E0:	LDR	PC, [IP, #0X8F4]!	;(IP=0xCBC0A5E0 )
(       libmtguard.so[0xCBBCB000])[00 E0       ]0x00003E3C:	B	#0XCBBCEE40
(       libmtguard.so[0xCBBCB000])[20 46       ]0x00003E40:	MOV	R0, R4	;(R4=0x30041C10 )
(       libmtguard.so[0xCBBCB000])[B0 BD       ]0x00003E42:	POP	{R4, R5, R7, PC}	;(SP=0x100FFF98 )
(       libmtguard.so[0xCBBCB000])[04 46       ]0x00003894:	MOV	R4, R0	;(R0=0x30041C10 )
(       libmtguard.so[0xCBBCB000])[94 B1       ]0x00003896:	CBZ	R4, #0XCBBCE8BE	;(R4=0x30041C10 )
(       libmtguard.so[0xCBBCB000])[0B 20       ]0x00003898:	MOVS	R0, #0XB
(       libmtguard.so[0xCBBCB000])[C4 E9 00 66 ]0x0000389A:	STRD	R6, R6, [R4]	;(R6=0x00000000 R4=0x30041C10 )
(       libmtguard.so[0xCBBCB000])[C4 E9 02 05 ]0x0000389E:	STRD	R0, R5, [R4, #8]	;(R0=0x0000000B R5=0xCBBCFE51 R4=0x30041C10 )
(       libmtguard.so[0xCBBCB000])[04 20       ]0x000038A2:	MOVS	R0, #4
(       libmtguard.so[0xCBBCB000])[0B 21       ]0x000038A4:	MOVS	R1, #0XB
(       libmtguard.so[0xCBBCB000])[00 22       ]0x000038A6:	MOVS	R2, #0
(       libmtguard.so[0xCBBCB000])[00 23       ]0x000038A8:	MOVS	R3, #0
(       libmtguard.so[0xCBBCB000])[00 F0 B9 FA ]0x000038AA:	BL	#0XCBBCEE20	;(PC=0xCBBCE8AA )
(       libmtguard.so[0xCBBCB000])[B0 B5       ]0x00003E20:	PUSH	{R4, R5, R7, LR}	;(SP=0x100FFFA8 R4=0x30041C10 R5=0xCBBCFE51 R7=0x100FFFB8 LR=0xCBBCE8AF )
(       libmtguard.so[0xCBBCB000])[02 AF       ]0x00003E22:	ADD	R7, SP, #8	;(SP=0x100FFF98 )
(       libmtguard.so[0xCBBCB000])[01 FB 00 F5 ]0x00003E24:	MUL	R5, R1, R0	;(R1=0x0000000B R0=0x00000004 )
(       libmtguard.so[0xCBBCB000])[4D B1       ]0x00003E28:	CBZ	R5, #0XCBBCEE3E	;(R5=0x0000002C )
(       libmtguard.so[0xCBBCB000])[28 46       ]0x00003E2A:	MOV	R0, R5	;(R5=0x0000002C )
(       libmtguard.so[0xCBBCB000])[FE F7 C8 EB ]0x00003E2C:	BLX	#0XCBBCD5C0	;(PC=0xCBBCEE2C )
(       libmtguard.so[0xCBBCB000])[00 C6 8F E2 ]0x000025C0:	ADD	IP, PC, #0, #12	;(PC=0xCBBCD5C0 )
(       libmtguard.so[0xCBBCB000])[3D CA 8C E2 ]0x000025C4:	ADD	IP, IP, #0X3D000	;(IP=0xCBBCD5C8 )
(       libmtguard.so[0xCBBCB000])[04 F9 BC E5 ]0x000025C8:	LDR	PC, [IP, #0X904]!	;(IP=0xCBC0A5C8 )
(       libmtguard.so[0xCBBCB000])[04 46       ]0x00003E30:	MOV	R4, R0	;(R0=0x30041C28 )
(       libmtguard.so[0xCBBCB000])[24 B1       ]0x00003E32:	CBZ	R4, #0XCBBCEE3E	;(R4=0x30041C28 )
(       libmtguard.so[0xCBBCB000])[20 46       ]0x00003E34:	MOV	R0, R4	;(R4=0x30041C28 )
(       libmtguard.so[0xCBBCB000])[29 46       ]0x00003E36:	MOV	R1, R5	;(R5=0x0000002C )
(       libmtguard.so[0xCBBCB000])[FE F7 CE EB ]0x00003E38:	BLX	#0XCBBCD5D8	;(PC=0xCBBCEE38 )
(       libmtguard.so[0xCBBCB000])[00 C6 8F E2 ]0x000025D8:	ADD	IP, PC, #0, #12	;(PC=0xCBBCD5D8 )
(       libmtguard.so[0xCBBCB000])[3D CA 8C E2 ]0x000025DC:	ADD	IP, IP, #0X3D000	;(IP=0xCBBCD5E0 )
(       libmtguard.so[0xCBBCB000])[F4 F8 BC E5 ]0x000025E0:	LDR	PC, [IP, #0X8F4]!	;(IP=0xCBC0A5E0 )
(       libmtguard.so[0xCBBCB000])[00 E0       ]0x00003E3C:	B	#0XCBBCEE40
(       libmtguard.so[0xCBBCB000])[20 46       ]0x00003E40:	MOV	R0, R4	;(R4=0x30041C28 )
(       libmtguard.so[0xCBBCB000])[B0 BD       ]0x00003E42:	POP	{R4, R5, R7, PC}	;(SP=0x100FFF98 )
(       libmtguard.so[0xCBBCB000])[00 28       ]0x000038AE:	CMP	R0, #0	;(R0=0x30041C28 )
(       libmtguard.so[0xCBBCB000])[20 60       ]0x000038B0:	STR	R0, [R4]	;(R0=0x30041C28 R4=0x30041C10 )
(       libmtguard.so[0xCBBCB000])[05 D1       ]0x000038B2:	BNE	#0XCBBCE8C0
(       libmtguard.so[0xCBBCB000])[20 46       ]0x000038C0:	MOV	R0, R4	;(R4=0x30041C10 )
(       libmtguard.so[0xCBBCB000])[5D F8 04 BB ]0x000038C2:	LDR	FP, [SP], #4	;(SP=0x100FFFA8 )
(       libmtguard.so[0xCBBCB000])[F0 BD       ]0x000038C6:	POP	{R4, R5, R6, R7, PC}	;(SP=0x100FFFAC )
(       libmtguard.so[0xCBBCB000])[01 36       ]0x0000CE08:	ADDS	R6, #1	;(R6=0x0000002A )
(       libmtguard.so[0xCBBCB000])[60 60       ]0x0000CE0A:	STR	R0, [R4, #4]	;(R0=0x30041C10 R4=0xCBC0D1E4 )
(       libmtguard.so[0xCBBCB000])[B6 F5 7C 7F ]0x0000CE0C:	CMP.W	R6, #0X3F0	;(R6=0x0000002B )
(       libmtguard.so[0xCBBCB000])[F3 D1       ]0x0000CE10:	BNE	#0XCBBD7DFA
(       libmtguard.so[0xCBBCB000])[48 46       ]0x0000CDFA:	MOV	R0, SB	;(SB=0xCBBCFE51 )
(       libmtguard.so[0xCBBCB000])[45 F8 36 80 ]0x0000CDFC:	STR.W	R8, [R5, R6, LSL #3]	;(R8=0xFFFFFFFF R5=0xCBC0D094 R6=0x0000002B )
(       libmtguard.so[0xCBBCB000])[05 EB C6 04 ]0x0000CE00:	ADD.W	R4, R5, R6, LSL #3	;(R5=0xCBC0D094 R6=0x0000002B )
(       libmtguard.so[0xCBBCB000])[F6 F7 3A FD ]0x0000CE04:	BL	#0XCBBCE87C	;(PC=0xCBBD7E04 )
(       libmtguard.so[0xCBBCB000])[F0 B5       ]0x0000387C:	PUSH	{R4, R5, R6, R7, LR}	;(SP=0x100FFFC0 R4=0xCBC0D1EC R5=0xCBC0D094 R6=0x0000002B R7=0x100FFFE0 LR=0xCBBD7E09 )
(       libmtguard.so[0xCBBCB000])[03 AF       ]0x0000387E:	ADD	R7, SP, #0XC	;(SP=0x100FFFAC )
(       libmtguard.so[0xCBBCB000])[4D F8 04 BD ]0x00003880:	STR	FP, [SP, #-0X4]!	;(FP=0xCBC0B1C4 SP=0x100FFFAC )
(       libmtguard.so[0xCBBCB000])[05 46       ]0x00003884:	MOV	R5, R0	;(R0=0xCBBCFE51 )
(       libmtguard.so[0xCBBCB000])[01 20       ]0x00003886:	MOVS	R0, #1
(       libmtguard.so[0xCBBCB000])[10 21       ]0x00003888:	MOVS	R1, #0X10
(       libmtguard.so[0xCBBCB000])[00 22       ]0x0000388A:	MOVS	R2, #0
(       libmtguard.so[0xCBBCB000])[00 23       ]0x0000388C:	MOVS	R3, #0
(       libmtguard.so[0xCBBCB000])[00 26       ]0x0000388E:	MOVS	R6, #0
(       libmtguard.so[0xCBBCB000])[00 F0 C6 FA ]0x00003890:	BL	#0XCBBCEE20	;(PC=0xCBBCE890 )
(       libmtguard.so[0xCBBCB000])[B0 B5       ]0x00003E20:	PUSH	{R4, R5, R7, LR}	;(SP=0x100FFFA8 R4=0xCBC0D1EC R5=0xCBBCFE51 R7=0x100FFFB8 LR=0xCBBCE895 )
(       libmtguard.so[0xCBBCB000])[02 AF       ]0x00003E22:	ADD	R7, SP, #8	;(SP=0x100FFF98 )
(       libmtguard.so[0xCBBCB000])[01 FB 00 F5 ]0x00003E24:	MUL	R5, R1, R0	;(R1=0x00000010 R0=0x00000001 )
(       libmtguard.so[0xCBBCB000])[4D B1       ]0x00003E28:	CBZ	R5, #0XCBBCEE3E	;(R5=0x00000010 )
(       libmtguard.so[0xCBBCB000])[28 46       ]0x00003E2A:	MOV	R0, R5	;(R5=0x00000010 )
(       libmtguard.so[0xCBBCB000])[FE F7 C8 EB ]0x00003E2C:	BLX	#0XCBBCD5C0	;(PC=0xCBBCEE2C )
(       libmtguard.so[0xCBBCB000])[00 C6 8F E2 ]0x000025C0:	ADD	IP, PC, #0, #12	;(PC=0xCBBCD5C0 )
(       libmtguard.so[0xCBBCB000])[3D CA 8C E2 ]0x000025C4:	ADD	IP, IP, #0X3D000	;(IP=0xCBBCD5C8 )
(       libmtguard.so[0xCBBCB000])[04 F9 BC E5 ]0x000025C8:	LDR	PC, [IP, #0X904]!	;(IP=0xCBC0A5C8 )
(       libmtguard.so[0xCBBCB000])[04 46       ]0x00003E30:	MOV	R4, R0	;(R0=0x30041C58 )
(       libmtguard.so[0xCBBCB000])[24 B1       ]0x00003E32:	CBZ	R4, #0XCBBCEE3E	;(R4=0x30041C58 )
(       libmtguard.so[0xCBBCB000])[20 46       ]0x00003E34:	MOV	R0, R4	;(R4=0x30041C58 )
(       libmtguard.so[0xCBBCB000])[29 46       ]0x00003E36:	MOV	R1, R5	;(R5=0x00000010 )
(       libmtguard.so[0xCBBCB000])[FE F7 CE EB ]0x00003E38:	BLX	#0XCBBCD5D8	;(PC=0xCBBCEE38 )
(       libmtguard.so[0xCBBCB000])[00 C6 8F E2 ]0x000025D8:	ADD	IP, PC, #0, #12	;(PC=0xCBBCD5D8 )
(       libmtguard.so[0xCBBCB000])[3D CA 8C E2 ]0x000025DC:	ADD	IP, IP, #0X3D000	;(IP=0xCBBCD5E0 )
(       libmtguard.so[0xCBBCB000])[F4 F8 BC E5 ]0x000025E0:	LDR	PC, [IP, #0X8F4]!	;(IP=0xCBC0A5E0 )
(       libmtguard.so[0xCBBCB000])[00 E0       ]0x00003E3C:	B	#0XCBBCEE40
(       libmtguard.so[0xCBBCB000])[20 46       ]0x00003E40:	MOV	R0, R4	;(R4=0x30041C58 )
(       libmtguard.so[0xCBBCB000])[B0 BD       ]0x00003E42:	POP	{R4, R5, R7, PC}	;(SP=0x100FFF98 )
(       libmtguard.so[0xCBBCB000])[04 46       ]0x00003894:	MOV	R4, R0	;(R0=0x30041C58 )
(       libmtguard.so[0xCBBCB000])[94 B1       ]0x00003896:	CBZ	R4, #0XCBBCE8BE	;(R4=0x30041C58 )
(       libmtguard.so[0xCBBCB000])[0B 20       ]0x00003898:	MOVS	R0, #0XB
(       libmtguard.so[0xCBBCB000])[C4 E9 00 66 ]0x0000389A:	STRD	R6, R6, [R4]	;(R6=0x00000000 R4=0x30041C58 )
(       libmtguard.so[0xCBBCB000])[C4 E9 02 05 ]0x0000389E:	STRD	R0, R5, [R4, #8]	;(R0=0x0000000B R5=0xCBBCFE51 R4=0x30041C58 )
(       libmtguard.so[0xCBBCB000])[04 20       ]0x000038A2:	MOVS	R0, #4
(       libmtguard.so[0xCBBCB000])[0B 21       ]0x000038A4:	MOVS	R1, #0XB
(       libmtguard.so[0xCBBCB000])[00 22       ]0x000038A6:	MOVS	R2, #0
(       libmtguard.so[0xCBBCB000])[00 23       ]0x000038A8:	MOVS	R3, #0
(       libmtguard.so[0xCBBCB000])[00 F0 B9 FA ]0x000038AA:	BL	#0XCBBCEE20	;(PC=0xCBBCE8AA )
(       libmtguard.so[0xCBBCB000])[B0 B5       ]0x00003E20:	PUSH	{R4, R5, R7, LR}	;(SP=0x100FFFA8 R4=0x30041C58 R5=0xCBBCFE51 R7=0x100FFFB8 LR=0xCBBCE8AF )
(       libmtguard.so[0xCBBCB000])[02 AF       ]0x00003E22:	ADD	R7, SP, #8	;(SP=0x100FFF98 )
(       libmtguard.so[0xCBBCB000])[01 FB 00 F5 ]0x00003E24:	MUL	R5, R1, R0	;(R1=0x0000000B R0=0x00000004 )
(       libmtguard.so[0xCBBCB000])[4D B1       ]0x00003E28:	CBZ	R5, #0XCBBCEE3E	;(R5=0x0000002C )
(       libmtguard.so[0xCBBCB000])[28 46       ]0x00003E2A:	MOV	R0, R5	;(R5=0x0000002C )
(       libmtguard.so[0xCBBCB000])[FE F7 C8 EB ]0x00003E2C:	BLX	#0XCBBCD5C0	;(PC=0xCBBCEE2C )
(       libmtguard.so[0xCBBCB000])[00 C6 8F E2 ]0x000025C0:	ADD	IP, PC, #0, #12	;(PC=0xCBBCD5C0 )
(       libmtguard.so[0xCBBCB000])[3D CA 8C E2 ]0x000025C4:	ADD	IP, IP, #0X3D000	;(IP=0xCBBCD5C8 )
(       libmtguard.so[0xCBBCB000])[04 F9 BC E5 ]0x000025C8:	LDR	PC, [IP, #0X904]!	;(IP=0xCBC0A5C8 )
(       libmtguard.so[0xCBBCB000])[04 46       ]0x00003E30:	MOV	R4, R0	;(R0=0x30041C70 )
(       libmtguard.so[0xCBBCB000])[24 B1       ]0x00003E32:	CBZ	R4, #0XCBBCEE3E	;(R4=0x30041C70 )
(       libmtguard.so[0xCBBCB000])[20 46       ]0x00003E34:	MOV	R0, R4	;(R4=0x30041C70 )
(       libmtguard.so[0xCBBCB000])[29 46       ]0x00003E36:	MOV	R1, R5	;(R5=0x0000002C )
(       libmtguard.so[0xCBBCB000])[FE F7 CE EB ]0x00003E38:	BLX	#0XCBBCD5D8	;(PC=0xCBBCEE38 )
(       libmtguard.so[0xCBBCB000])[00 C6 8F E2 ]0x000025D8:	ADD	IP, PC, #0, #12	;(PC=0xCBBCD5D8 )
(       libmtguard.so[0xCBBCB000])[3D CA 8C E2 ]0x000025DC:	ADD	IP, IP, #0X3D000	;(IP=0xCBBCD5E0 )
(       libmtguard.so[0xCBBCB000])[F4 F8 BC E5 ]0x000025E0:	LDR	PC, [IP, #0X8F4]!	;(IP=0xCBC0A5E0 )
(       libmtguard.so[0xCBBCB000])[00 E0       ]0x00003E3C:	B	#0XCBBCEE40
(       libmtguard.so[0xCBBCB000])[20 46       ]0x00003E40:	MOV	R0, R4	;(R4=0x30041C70 )
(       libmtguard.so[0xCBBCB000])[B0 BD       ]0x00003E42:	POP	{R4, R5, R7, PC}	;(SP=0x100FFF98 )
(       libmtguard.so[0xCBBCB000])[00 28       ]0x000038AE:	CMP	R0, #0	;(R0=0x30041C70 )
(       libmtguard.so[0xCBBCB000])[20 60       ]0x000038B0:	STR	R0, [R4]	;(R0=0x30041C70 R4=0x30041C58 )
(       libmtguard.so[0xCBBCB000])[05 D1       ]0x000038B2:	BNE	#0XCBBCE8C0
(       libmtguard.so[0xCBBCB000])[20 46       ]0x000038C0:	MOV	R0, R4	;(R4=0x30041C58 )
(       libmtguard.so[0xCBBCB000])[5D F8 04 BB ]0x000038C2:	LDR	FP, [SP], #4	;(SP=0x100FFFA8 )
(       libmtguard.so[0xCBBCB000])[F0 BD       ]0x000038C6:	POP	{R4, R5, R6, R7, PC}	;(SP=0x100FFFAC )
(       libmtguard.so[0xCBBCB000])[01 36       ]0x0000CE08:	ADDS	R6, #1	;(R6=0x0000002B )
(       libmtguard.so[0xCBBCB000])[60 60       ]0x0000CE0A:	STR	R0, [R4, #4]	;(R0=0x30041C58 R4=0xCBC0D1EC )
(       libmtguard.so[0xCBBCB000])[B6 F5 7C 7F ]0x0000CE0C:	CMP.W	R6, #0X3F0	;(R6=0x0000002C )
(       libmtguard.so[0xCBBCB000])[F3 D1       ]0x0000CE10:	BNE	#0XCBBD7DFA
(       libmtguard.so[0xCBBCB000])[48 46       ]0x0000CDFA:	MOV	R0, SB	;(SB=0xCBBCFE51 )
(       libmtguard.so[0xCBBCB000])[45 F8 36 80 ]0x0000CDFC:	STR.W	R8, [R5, R6, LSL #3]	;(R8=0xFFFFFFFF R5=0xCBC0D094 R6=0x0000002C )
(       libmtguard.so[0xCBBCB000])[05 EB C6 04 ]0x0000CE00:	ADD.W	R4, R5, R6, LSL #3	;(R5=0xCBC0D094 R6=0x0000002C )
(       libmtguard.so[0xCBBCB000])[F6 F7 3A FD ]0x0000CE04:	BL	#0XCBBCE87C	;(PC=0xCBBD7E04 )
(       libmtguard.so[0xCBBCB000])[F0 B5       ]0x0000387C:	PUSH	{R4, R5, R6, R7, LR}	;(SP=0x100FFFC0 R4=0xCBC0D1F4 R5=0xCBC0D094 R6=0x0000002C R7=0x100FFFE0 LR=0xCBBD7E09 )
(       libmtguard.so[0xCBBCB000])[03 AF       ]0x0000387E:	ADD	R7, SP, #0XC	;(SP=0x100FFFAC )
(       libmtguard.so[0xCBBCB000])[4D F8 04 BD ]0x00003880:	STR	FP, [SP, #-0X4]!	;(FP=0xCBC0B1C4 SP=0x100FFFAC )
(       libmtguard.so[0xCBBCB000])[05 46       ]0x00003884:	MOV	R5, R0	;(R0=0xCBBCFE51 )
(       libmtguard.so[0xCBBCB000])[01 20       ]0x00003886:	MOVS	R0, #1
(       libmtguard.so[0xCBBCB000])[10 21       ]0x00003888:	MOVS	R1, #0X10
(       libmtguard.so[0xCBBCB000])[00 22       ]0x0000388A:	MOVS	R2, #0
(       libmtguard.so[0xCBBCB000])[00 23       ]0x0000388C:	MOVS	R3, #0
(       libmtguard.so[0xCBBCB000])[00 26       ]0x0000388E:	MOVS	R6, #0
(       libmtguard.so[0xCBBCB000])[00 F0 C6 FA ]0x00003890:	BL	#0XCBBCEE20	;(PC=0xCBBCE890 )
(       libmtguard.so[0xCBBCB000])[B0 B5       ]0x00003E20:	PUSH	{R4, R5, R7, LR}	;(SP=0x100FFFA8 R4=0xCBC0D1F4 R5=0xCBBCFE51 R7=0x100FFFB8 LR=0xCBBCE895 )
(       libmtguard.so[0xCBBCB000])[02 AF       ]0x00003E22:	ADD	R7, SP, #8	;(SP=0x100FFF98 )
(       libmtguard.so[0xCBBCB000])[01 FB 00 F5 ]0x00003E24:	MUL	R5, R1, R0	;(R1=0x00000010 R0=0x00000001 )
(       libmtguard.so[0xCBBCB000])[4D B1       ]0x00003E28:	CBZ	R5, #0XCBBCEE3E	;(R5=0x00000010 )
(       libmtguard.so[0xCBBCB000])[28 46       ]0x00003E2A:	MOV	R0, R5	;(R5=0x00000010 )
(       libmtguard.so[0xCBBCB000])[FE F7 C8 EB ]0x00003E2C:	BLX	#0XCBBCD5C0	;(PC=0xCBBCEE2C )
(       libmtguard.so[0xCBBCB000])[00 C6 8F E2 ]0x000025C0:	ADD	IP, PC, #0, #12	;(PC=0xCBBCD5C0 )
(       libmtguard.so[0xCBBCB000])[3D CA 8C E2 ]0x000025C4:	ADD	IP, IP, #0X3D000	;(IP=0xCBBCD5C8 )
(       libmtguard.so[0xCBBCB000])[04 F9 BC E5 ]0x000025C8:	LDR	PC, [IP, #0X904]!	;(IP=0xCBC0A5C8 )
(       libmtguard.so[0xCBBCB000])[04 46       ]0x00003E30:	MOV	R4, R0	;(R0=0x30041CA0 )
(       libmtguard.so[0xCBBCB000])[24 B1       ]0x00003E32:	CBZ	R4, #0XCBBCEE3E	;(R4=0x30041CA0 )
(       libmtguard.so[0xCBBCB000])[20 46       ]0x00003E34:	MOV	R0, R4	;(R4=0x30041CA0 )
(       libmtguard.so[0xCBBCB000])[29 46       ]0x00003E36:	MOV	R1, R5	;(R5=0x00000010 )
(       libmtguard.so[0xCBBCB000])[FE F7 CE EB ]0x00003E38:	BLX	#0XCBBCD5D8	;(PC=0xCBBCEE38 )
(       libmtguard.so[0xCBBCB000])[00 C6 8F E2 ]0x000025D8:	ADD	IP, PC, #0, #12	;(PC=0xCBBCD5D8 )
(       libmtguard.so[0xCBBCB000])[3D CA 8C E2 ]0x000025DC:	ADD	IP, IP, #0X3D000	;(IP=0xCBBCD5E0 )
(       libmtguard.so[0xCBBCB000])[F4 F8 BC E5 ]0x000025E0:	LDR	PC, [IP, #0X8F4]!	;(IP=0xCBC0A5E0 )
(       libmtguard.so[0xCBBCB000])[00 E0       ]0x00003E3C:	B	#0XCBBCEE40
(       libmtguard.so[0xCBBCB000])[20 46       ]0x00003E40:	MOV	R0, R4	;(R4=0x30041CA0 )
(       libmtguard.so[0xCBBCB000])[B0 BD       ]0x00003E42:	POP	{R4, R5, R7, PC}	;(SP=0x100FFF98 )
(       libmtguard.so[0xCBBCB000])[04 46       ]0x00003894:	MOV	R4, R0	;(R0=0x30041CA0 )
(       libmtguard.so[0xCBBCB000])[94 B1       ]0x00003896:	CBZ	R4, #0XCBBCE8BE	;(R4=0x30041CA0 )
(       libmtguard.so[0xCBBCB000])[0B 20       ]0x00003898:	MOVS	R0, #0XB
(       libmtguard.so[0xCBBCB000])[C4 E9 00 66 ]0x0000389A:	STRD	R6, R6, [R4]	;(R6=0x00000000 R4=0x30041CA0 )
(       libmtguard.so[0xCBBCB000])[C4 E9 02 05 ]0x0000389E:	STRD	R0, R5, [R4, #8]	;(R0=0x0000000B R5=0xCBBCFE51 R4=0x30041CA0 )
(       libmtguard.so[0xCBBCB000])[04 20       ]0x000038A2:	MOVS	R0, #4
(       libmtguard.so[0xCBBCB000])[0B 21       ]0x000038A4:	MOVS	R1, #0XB
(       libmtguard.so[0xCBBCB000])[00 22       ]0x000038A6:	MOVS	R2, #0
(       libmtguard.so[0xCBBCB000])[00 23       ]0x000038A8:	MOVS	R3, #0
(       libmtguard.so[0xCBBCB000])[00 F0 B9 FA ]0x000038AA:	BL	#0XCBBCEE20	;(PC=0xCBBCE8AA )
(       libmtguard.so[0xCBBCB000])[B0 B5       ]0x00003E20:	PUSH	{R4, R5, R7, LR}	;(SP=0x100FFFA8 R4=0x30041CA0 R5=0xCBBCFE51 R7=0x100FFFB8 LR=0xCBBCE8AF )
(       libmtguard.so[0xCBBCB000])[02 AF       ]0x00003E22:	ADD	R7, SP, #8	;(SP=0x100FFF98 )
(       libmtguard.so[0xCBBCB000])[01 FB 00 F5 ]0x00003E24:	MUL	R5, R1, R0	;(R1=0x0000000B R0=0x00000004 )
(       libmtguard.so[0xCBBCB000])[4D B1       ]0x00003E28:	CBZ	R5, #0XCBBCEE3E	;(R5=0x0000002C )
(       libmtguard.so[0xCBBCB000])[28 46       ]0x00003E2A:	MOV	R0, R5	;(R5=0x0000002C )
(       libmtguard.so[0xCBBCB000])[FE F7 C8 EB ]0x00003E2C:	BLX	#0XCBBCD5C0	;(PC=0xCBBCEE2C )
(       libmtguard.so[0xCBBCB000])[00 C6 8F E2 ]0x000025C0:	ADD	IP, PC, #0, #12	;(PC=0xCBBCD5C0 )
(       libmtguard.so[0xCBBCB000])[3D CA 8C E2 ]0x000025C4:	ADD	IP, IP, #0X3D000	;(IP=0xCBBCD5C8 )
(       libmtguard.so[0xCBBCB000])[04 F9 BC E5 ]0x000025C8:	LDR	PC, [IP, #0X904]!	;(IP=0xCBC0A5C8 )
(       libmtguard.so[0xCBBCB000])[04 46       ]0x00003E30:	MOV	R4, R0	;(R0=0x30041CB8 )
(       libmtguard.so[0xCBBCB000])[24 B1       ]0x00003E32:	CBZ	R4, #0XCBBCEE3E	;(R4=0x30041CB8 )
(       libmtguard.so[0xCBBCB000])[20 46       ]0x00003E34:	MOV	R0, R4	;(R4=0x30041CB8 )
(       libmtguard.so[0xCBBCB000])[29 46       ]0x00003E36:	MOV	R1, R5	;(R5=0x0000002C )
(       libmtguard.so[0xCBBCB000])[FE F7 CE EB ]0x00003E38:	BLX	#0XCBBCD5D8	;(PC=0xCBBCEE38 )
(       libmtguard.so[0xCBBCB000])[00 C6 8F E2 ]0x000025D8:	ADD	IP, PC, #0, #12	;(PC=0xCBBCD5D8 )
(       libmtguard.so[0xCBBCB000])[3D CA 8C E2 ]0x000025DC:	ADD	IP, IP, #0X3D000	;(IP=0xCBBCD5E0 )
(       libmtguard.so[0xCBBCB000])[F4 F8 BC E5 ]0x000025E0:	LDR	PC, [IP, #0X8F4]!	;(IP=0xCBC0A5E0 )
(       libmtguard.so[0xCBBCB000])[00 E0       ]0x00003E3C:	B	#0XCBBCEE40
(       libmtguard.so[0xCBBCB000])[20 46       ]0x00003E40:	MOV	R0, R4	;(R4=0x30041CB8 )
(       libmtguard.so[0xCBBCB000])[B0 BD       ]0x00003E42:	POP	{R4, R5, R7, PC}	;(SP=0x100FFF98 )
(       libmtguard.so[0xCBBCB000])[00 28       ]0x000038AE:	CMP	R0, #0	;(R0=0x30041CB8 )
(       libmtguard.so[0xCBBCB000])[20 60       ]0x000038B0:	STR	R0, [R4]	;(R0=0x30041CB8 R4=0x30041CA0 )
(       libmtguard.so[0xCBBCB000])[05 D1       ]0x000038B2:	BNE	#0XCBBCE8C0
(       libmtguard.so[0xCBBCB000])[20 46       ]0x000038C0:	MOV	R0, R4	;(R4=0x30041CA0 )
(       libmtguard.so[0xCBBCB000])[5D F8 04 BB ]0x000038C2:	LDR	FP, [SP], #4	;(SP=0x100FFFA8 )
(       libmtguard.so[0xCBBCB000])[F0 BD       ]0x000038C6:	POP	{R4, R5, R6, R7, PC}	;(SP=0x100FFFAC )
(       libmtguard.so[0xCBBCB000])[01 36       ]0x0000CE08:	ADDS	R6, #1	;(R6=0x0000002C )
(       libmtguard.so[0xCBBCB000])[60 60       ]0x0000CE0A:	STR	R0, [R4, #4]	;(R0=0x30041CA0 R4=0xCBC0D1F4 )
(       libmtguard.so[0xCBBCB000])[B6 F5 7C 7F ]0x0000CE0C:	CMP.W	R6, #0X3F0	;(R6=0x0000002D )
(       libmtguard.so[0xCBBCB000])[F3 D1       ]0x0000CE10:	BNE	#0XCBBD7DFA
(       libmtguard.so[0xCBBCB000])[48 46       ]0x0000CDFA:	MOV	R0, SB	;(SB=0xCBBCFE51 )
(       libmtguard.so[0xCBBCB000])[45 F8 36 80 ]0x0000CDFC:	STR.W	R8, [R5, R6, LSL #3]	;(R8=0xFFFFFFFF R5=0xCBC0D094 R6=0x0000002D )
(       libmtguard.so[0xCBBCB000])[05 EB C6 04 ]0x0000CE00:	ADD.W	R4, R5, R6, LSL #3	;(R5=0xCBC0D094 R6=0x0000002D )
(       libmtguard.so[0xCBBCB000])[F6 F7 3A FD ]0x0000CE04:	BL	#0XCBBCE87C	;(PC=0xCBBD7E04 )
(       libmtguard.so[0xCBBCB000])[F0 B5       ]0x0000387C:	PUSH	{R4, R5, R6, R7, LR}	;(SP=0x100FFFC0 R4=0xCBC0D1FC R5=0xCBC0D094 R6=0x0000002D R7=0x100FFFE0 LR=0xCBBD7E09 )
(       libmtguard.so[0xCBBCB000])[03 AF       ]0x0000387E:	ADD	R7, SP, #0XC	;(SP=0x100FFFAC )
(       libmtguard.so[0xCBBCB000])[4D F8 04 BD ]0x00003880:	STR	FP, [SP, #-0X4]!	;(FP=0xCBC0B1C4 SP=0x100FFFAC )
(       libmtguard.so[0xCBBCB000])[05 46       ]0x00003884:	MOV	R5, R0	;(R0=0xCBBCFE51 )
(       libmtguard.so[0xCBBCB000])[01 20       ]0x00003886:	MOVS	R0, #1
(       libmtguard.so[0xCBBCB000])[10 21       ]0x00003888:	MOVS	R1, #0X10
(       libmtguard.so[0xCBBCB000])[00 22       ]0x0000388A:	MOVS	R2, #0
(       libmtguard.so[0xCBBCB000])[00 23       ]0x0000388C:	MOVS	R3, #0
(       libmtguard.so[0xCBBCB000])[00 26       ]0x0000388E:	MOVS	R6, #0
(       libmtguard.so[0xCBBCB000])[00 F0 C6 FA ]0x00003890:	BL	#0XCBBCEE20	;(PC=0xCBBCE890 )
(       libmtguard.so[0xCBBCB000])[B0 B5       ]0x00003E20:	PUSH	{R4, R5, R7, LR}	;(SP=0x100FFFA8 R4=0xCBC0D1FC R5=0xCBBCFE51 R7=0x100FFFB8 LR=0xCBBCE895 )
(       libmtguard.so[0xCBBCB000])[02 AF       ]0x00003E22:	ADD	R7, SP, #8	;(SP=0x100FFF98 )
(       libmtguard.so[0xCBBCB000])[01 FB 00 F5 ]0x00003E24:	MUL	R5, R1, R0	;(R1=0x00000010 R0=0x00000001 )
(       libmtguard.so[0xCBBCB000])[4D B1       ]0x00003E28:	CBZ	R5, #0XCBBCEE3E	;(R5=0x00000010 )
(       libmtguard.so[0xCBBCB000])[28 46       ]0x00003E2A:	MOV	R0, R5	;(R5=0x00000010 )
(       libmtguard.so[0xCBBCB000])[FE F7 C8 EB ]0x00003E2C:	BLX	#0XCBBCD5C0	;(PC=0xCBBCEE2C )
(       libmtguard.so[0xCBBCB000])[00 C6 8F E2 ]0x000025C0:	ADD	IP, PC, #0, #12	;(PC=0xCBBCD5C0 )
(       libmtguard.so[0xCBBCB000])[3D CA 8C E2 ]0x000025C4:	ADD	IP, IP, #0X3D000	;(IP=0xCBBCD5C8 )
(       libmtguard.so[0xCBBCB000])[04 F9 BC E5 ]0x000025C8:	LDR	PC, [IP, #0X904]!	;(IP=0xCBC0A5C8 )
(       libmtguard.so[0xCBBCB000])[04 46       ]0x00003E30:	MOV	R4, R0	;(R0=0x30041CE8 )
(       libmtguard.so[0xCBBCB000])[24 B1       ]0x00003E32:	CBZ	R4, #0XCBBCEE3E	;(R4=0x30041CE8 )
(       libmtguard.so[0xCBBCB000])[20 46       ]0x00003E34:	MOV	R0, R4	;(R4=0x30041CE8 )
(       libmtguard.so[0xCBBCB000])[29 46       ]0x00003E36:	MOV	R1, R5	;(R5=0x00000010 )
(       libmtguard.so[0xCBBCB000])[FE F7 CE EB ]0x00003E38:	BLX	#0XCBBCD5D8	;(PC=0xCBBCEE38 )
(       libmtguard.so[0xCBBCB000])[00 C6 8F E2 ]0x000025D8:	ADD	IP, PC, #0, #12	;(PC=0xCBBCD5D8 )
(       libmtguard.so[0xCBBCB000])[3D CA 8C E2 ]0x000025DC:	ADD	IP, IP, #0X3D000	;(IP=0xCBBCD5E0 )
(       libmtguard.so[0xCBBCB000])[F4 F8 BC E5 ]0x000025E0:	LDR	PC, [IP, #0X8F4]!	;(IP=0xCBC0A5E0 )
(       libmtguard.so[0xCBBCB000])[00 E0       ]0x00003E3C:	B	#0XCBBCEE40
(       libmtguard.so[0xCBBCB000])[20 46       ]0x00003E40:	MOV	R0, R4	;(R4=0x30041CE8 )
(       libmtguard.so[0xCBBCB000])[B0 BD       ]0x00003E42:	POP	{R4, R5, R7, PC}	;(SP=0x100FFF98 )
(       libmtguard.so[0xCBBCB000])[04 46       ]0x00003894:	MOV	R4, R0	;(R0=0x30041CE8 )
(       libmtguard.so[0xCBBCB000])[94 B1       ]0x00003896:	CBZ	R4, #0XCBBCE8BE	;(R4=0x30041CE8 )
(       libmtguard.so[0xCBBCB000])[0B 20       ]0x00003898:	MOVS	R0, #0XB
(       libmtguard.so[0xCBBCB000])[C4 E9 00 66 ]0x0000389A:	STRD	R6, R6, [R4]	;(R6=0x00000000 R4=0x30041CE8 )
(       libmtguard.so[0xCBBCB000])[C4 E9 02 05 ]0x0000389E:	STRD	R0, R5, [R4, #8]	;(R0=0x0000000B R5=0xCBBCFE51 R4=0x30041CE8 )
(       libmtguard.so[0xCBBCB000])[04 20       ]0x000038A2:	MOVS	R0, #4
(       libmtguard.so[0xCBBCB000])[0B 21       ]0x000038A4:	MOVS	R1, #0XB
(       libmtguard.so[0xCBBCB000])[00 22       ]0x000038A6:	MOVS	R2, #0
(       libmtguard.so[0xCBBCB000])[00 23       ]0x000038A8:	MOVS	R3, #0
(       libmtguard.so[0xCBBCB000])[00 F0 B9 FA ]0x000038AA:	BL	#0XCBBCEE20	;(PC=0xCBBCE8AA )
(       libmtguard.so[0xCBBCB000])[B0 B5       ]0x00003E20:	PUSH	{R4, R5, R7, LR}	;(SP=0x100FFFA8 R4=0x30041CE8 R5=0xCBBCFE51 R7=0x100FFFB8 LR=0xCBBCE8AF )
(       libmtguard.so[0xCBBCB000])[02 AF       ]0x00003E22:	ADD	R7, SP, #8	;(SP=0x100FFF98 )
(       libmtguard.so[0xCBBCB000])[01 FB 00 F5 ]0x00003E24:	MUL	R5, R1, R0	;(R1=0x0000000B R0=0x00000004 )
(       libmtguard.so[0xCBBCB000])[4D B1       ]0x00003E28:	CBZ	R5, #0XCBBCEE3E	;(R5=0x0000002C )
(       libmtguard.so[0xCBBCB000])[28 46       ]0x00003E2A:	MOV	R0, R5	;(R5=0x0000002C )
(       libmtguard.so[0xCBBCB000])[FE F7 C8 EB ]0x00003E2C:	BLX	#0XCBBCD5C0	;(PC=0xCBBCEE2C )
(       libmtguard.so[0xCBBCB000])[00 C6 8F E2 ]0x000025C0:	ADD	IP, PC, #0, #12	;(PC=0xCBBCD5C0 )
(       libmtguard.so[0xCBBCB000])[3D CA 8C E2 ]0x000025C4:	ADD	IP, IP, #0X3D000	;(IP=0xCBBCD5C8 )
(       libmtguard.so[0xCBBCB000])[04 F9 BC E5 ]0x000025C8:	LDR	PC, [IP, #0X904]!	;(IP=0xCBC0A5C8 )
(       libmtguard.so[0xCBBCB000])[04 46       ]0x00003E30:	MOV	R4, R0	;(R0=0x30041D00 )
(       libmtguard.so[0xCBBCB000])[24 B1       ]0x00003E32:	CBZ	R4, #0XCBBCEE3E	;(R4=0x30041D00 )
(       libmtguard.so[0xCBBCB000])[20 46       ]0x00003E34:	MOV	R0, R4	;(R4=0x30041D00 )
(       libmtguard.so[0xCBBCB000])[29 46       ]0x00003E36:	MOV	R1, R5	;(R5=0x0000002C )
(       libmtguard.so[0xCBBCB000])[FE F7 CE EB ]0x00003E38:	BLX	#0XCBBCD5D8	;(PC=0xCBBCEE38 )
(       libmtguard.so[0xCBBCB000])[00 C6 8F E2 ]0x000025D8:	ADD	IP, PC, #0, #12	;(PC=0xCBBCD5D8 )
(       libmtguard.so[0xCBBCB000])[3D CA 8C E2 ]0x000025DC:	ADD	IP, IP, #0X3D000	;(IP=0xCBBCD5E0 )
(       libmtguard.so[0xCBBCB000])[F4 F8 BC E5 ]0x000025E0:	LDR	PC, [IP, #0X8F4]!	;(IP=0xCBC0A5E0 )
(       libmtguard.so[0xCBBCB000])[00 E0       ]0x00003E3C:	B	#0XCBBCEE40
(       libmtguard.so[0xCBBCB000])[20 46       ]0x00003E40:	MOV	R0, R4	;(R4=0x30041D00 )
(       libmtguard.so[0xCBBCB000])[B0 BD       ]0x00003E42:	POP	{R4, R5, R7, PC}	;(SP=0x100FFF98 )
(       libmtguard.so[0xCBBCB000])[00 28       ]0x000038AE:	CMP	R0, #0	;(R0=0x30041D00 )
(       libmtguard.so[0xCBBCB000])[20 60       ]0x000038B0:	STR	R0, [R4]	;(R0=0x30041D00 R4=0x30041CE8 )
(       libmtguard.so[0xCBBCB000])[05 D1       ]0x000038B2:	BNE	#0XCBBCE8C0
(       libmtguard.so[0xCBBCB000])[20 46       ]0x000038C0:	MOV	R0, R4	;(R4=0x30041CE8 )
(       libmtguard.so[0xCBBCB000])[5D F8 04 BB ]0x000038C2:	LDR	FP, [SP], #4	;(SP=0x100FFFA8 )
(       libmtguard.so[0xCBBCB000])[F0 BD       ]0x000038C6:	POP	{R4, R5, R6, R7, PC}	;(SP=0x100FFFAC )
(       libmtguard.so[0xCBBCB000])[01 36       ]0x0000CE08:	ADDS	R6, #1	;(R6=0x0000002D )
(       libmtguard.so[0xCBBCB000])[60 60       ]0x0000CE0A:	STR	R0, [R4, #4]	;(R0=0x30041CE8 R4=0xCBC0D1FC )
(       libmtguard.so[0xCBBCB000])[B6 F5 7C 7F ]0x0000CE0C:	CMP.W	R6, #0X3F0	;(R6=0x0000002E )
(       libmtguard.so[0xCBBCB000])[F3 D1       ]0x0000CE10:	BNE	#0XCBBD7DFA
(       libmtguard.so[0xCBBCB000])[48 46       ]0x0000CDFA:	MOV	R0, SB	;(SB=0xCBBCFE51 )
(       libmtguard.so[0xCBBCB000])[45 F8 36 80 ]0x0000CDFC:	STR.W	R8, [R5, R6, LSL #3]	;(R8=0xFFFFFFFF R5=0xCBC0D094 R6=0x0000002E )
(       libmtguard.so[0xCBBCB000])[05 EB C6 04 ]0x0000CE00:	ADD.W	R4, R5, R6, LSL #3	;(R5=0xCBC0D094 R6=0x0000002E )
(       libmtguard.so[0xCBBCB000])[F6 F7 3A FD ]0x0000CE04:	BL	#0XCBBCE87C	;(PC=0xCBBD7E04 )
(       libmtguard.so[0xCBBCB000])[F0 B5       ]0x0000387C:	PUSH	{R4, R5, R6, R7, LR}	;(SP=0x100FFFC0 R4=0xCBC0D204 R5=0xCBC0D094 R6=0x0000002E R7=0x100FFFE0 LR=0xCBBD7E09 )
(       libmtguard.so[0xCBBCB000])[03 AF       ]0x0000387E:	ADD	R7, SP, #0XC	;(SP=0x100FFFAC )
(       libmtguard.so[0xCBBCB000])[4D F8 04 BD ]0x00003880:	STR	FP, [SP, #-0X4]!	;(FP=0xCBC0B1C4 SP=0x100FFFAC )
(       libmtguard.so[0xCBBCB000])[05 46       ]0x00003884:	MOV	R5, R0	;(R0=0xCBBCFE51 )
(       libmtguard.so[0xCBBCB000])[01 20       ]0x00003886:	MOVS	R0, #1
(       libmtguard.so[0xCBBCB000])[10 21       ]0x00003888:	MOVS	R1, #0X10
(       libmtguard.so[0xCBBCB000])[00 22       ]0x0000388A:	MOVS	R2, #0
(       libmtguard.so[0xCBBCB000])[00 23       ]0x0000388C:	MOVS	R3, #0
(       libmtguard.so[0xCBBCB000])[00 26       ]0x0000388E:	MOVS	R6, #0
(       libmtguard.so[0xCBBCB000])[00 F0 C6 FA ]0x00003890:	BL	#0XCBBCEE20	;(PC=0xCBBCE890 )
(       libmtguard.so[0xCBBCB000])[B0 B5       ]0x00003E20:	PUSH	{R4, R5, R7, LR}	;(SP=0x100FFFA8 R4=0xCBC0D204 R5=0xCBBCFE51 R7=0x100FFFB8 LR=0xCBBCE895 )
(       libmtguard.so[0xCBBCB000])[02 AF       ]0x00003E22:	ADD	R7, SP, #8	;(SP=0x100FFF98 )
(       libmtguard.so[0xCBBCB000])[01 FB 00 F5 ]0x00003E24:	MUL	R5, R1, R0	;(R1=0x00000010 R0=0x00000001 )
(       libmtguard.so[0xCBBCB000])[4D B1       ]0x00003E28:	CBZ	R5, #0XCBBCEE3E	;(R5=0x00000010 )
(       libmtguard.so[0xCBBCB000])[28 46       ]0x00003E2A:	MOV	R0, R5	;(R5=0x00000010 )
(       libmtguard.so[0xCBBCB000])[FE F7 C8 EB ]0x00003E2C:	BLX	#0XCBBCD5C0	;(PC=0xCBBCEE2C )
(       libmtguard.so[0xCBBCB000])[00 C6 8F E2 ]0x000025C0:	ADD	IP, PC, #0, #12	;(PC=0xCBBCD5C0 )
(       libmtguard.so[0xCBBCB000])[3D CA 8C E2 ]0x000025C4:	ADD	IP, IP, #0X3D000	;(IP=0xCBBCD5C8 )
(       libmtguard.so[0xCBBCB000])[04 F9 BC E5 ]0x000025C8:	LDR	PC, [IP, #0X904]!	;(IP=0xCBC0A5C8 )
(       libmtguard.so[0xCBBCB000])[04 46       ]0x00003E30:	MOV	R4, R0	;(R0=0x30041D30 )
(       libmtguard.so[0xCBBCB000])[24 B1       ]0x00003E32:	CBZ	R4, #0XCBBCEE3E	;(R4=0x30041D30 )
(       libmtguard.so[0xCBBCB000])[20 46       ]0x00003E34:	MOV	R0, R4	;(R4=0x30041D30 )
(       libmtguard.so[0xCBBCB000])[29 46       ]0x00003E36:	MOV	R1, R5	;(R5=0x00000010 )
(       libmtguard.so[0xCBBCB000])[FE F7 CE EB ]0x00003E38:	BLX	#0XCBBCD5D8	;(PC=0xCBBCEE38 )
(       libmtguard.so[0xCBBCB000])[00 C6 8F E2 ]0x000025D8:	ADD	IP, PC, #0, #12	;(PC=0xCBBCD5D8 )
(       libmtguard.so[0xCBBCB000])[3D CA 8C E2 ]0x000025DC:	ADD	IP, IP, #0X3D000	;(IP=0xCBBCD5E0 )
(       libmtguard.so[0xCBBCB000])[F4 F8 BC E5 ]0x000025E0:	LDR	PC, [IP, #0X8F4]!	;(IP=0xCBC0A5E0 )
(       libmtguard.so[0xCBBCB000])[00 E0       ]0x00003E3C:	B	#0XCBBCEE40
(       libmtguard.so[0xCBBCB000])[20 46       ]0x00003E40:	MOV	R0, R4	;(R4=0x30041D30 )
(       libmtguard.so[0xCBBCB000])[B0 BD       ]0x00003E42:	POP	{R4, R5, R7, PC}	;(SP=0x100FFF98 )
(       libmtguard.so[0xCBBCB000])[04 46       ]0x00003894:	MOV	R4, R0	;(R0=0x30041D30 )
(       libmtguard.so[0xCBBCB000])[94 B1       ]0x00003896:	CBZ	R4, #0XCBBCE8BE	;(R4=0x30041D30 )
(       libmtguard.so[0xCBBCB000])[0B 20       ]0x00003898:	MOVS	R0, #0XB
(       libmtguard.so[0xCBBCB000])[C4 E9 00 66 ]0x0000389A:	STRD	R6, R6, [R4]	;(R6=0x00000000 R4=0x30041D30 )
(       libmtguard.so[0xCBBCB000])[C4 E9 02 05 ]0x0000389E:	STRD	R0, R5, [R4, #8]	;(R0=0x0000000B R5=0xCBBCFE51 R4=0x30041D30 )
(       libmtguard.so[0xCBBCB000])[04 20       ]0x000038A2:	MOVS	R0, #4
(       libmtguard.so[0xCBBCB000])[0B 21       ]0x000038A4:	MOVS	R1, #0XB
(       libmtguard.so[0xCBBCB000])[00 22       ]0x000038A6:	MOVS	R2, #0
(       libmtguard.so[0xCBBCB000])[00 23       ]0x000038A8:	MOVS	R3, #0
(       libmtguard.so[0xCBBCB000])[00 F0 B9 FA ]0x000038AA:	BL	#0XCBBCEE20	;(PC=0xCBBCE8AA )
(       libmtguard.so[0xCBBCB000])[B0 B5       ]0x00003E20:	PUSH	{R4, R5, R7, LR}	;(SP=0x100FFFA8 R4=0x30041D30 R5=0xCBBCFE51 R7=0x100FFFB8 LR=0xCBBCE8AF )
(       libmtguard.so[0xCBBCB000])[02 AF       ]0x00003E22:	ADD	R7, SP, #8	;(SP=0x100FFF98 )
(       libmtguard.so[0xCBBCB000])[01 FB 00 F5 ]0x00003E24:	MUL	R5, R1, R0	;(R1=0x0000000B R0=0x00000004 )
(       libmtguard.so[0xCBBCB000])[4D B1       ]0x00003E28:	CBZ	R5, #0XCBBCEE3E	;(R5=0x0000002C )
(       libmtguard.so[0xCBBCB000])[28 46       ]0x00003E2A:	MOV	R0, R5	;(R5=0x0000002C )
(       libmtguard.so[0xCBBCB000])[FE F7 C8 EB ]0x00003E2C:	BLX	#0XCBBCD5C0	;(PC=0xCBBCEE2C )
(       libmtguard.so[0xCBBCB000])[00 C6 8F E2 ]0x000025C0:	ADD	IP, PC, #0, #12	;(PC=0xCBBCD5C0 )
(       libmtguard.so[0xCBBCB000])[3D CA 8C E2 ]0x000025C4:	ADD	IP, IP, #0X3D000	;(IP=0xCBBCD5C8 )
(       libmtguard.so[0xCBBCB000])[04 F9 BC E5 ]0x000025C8:	LDR	PC, [IP, #0X904]!	;(IP=0xCBC0A5C8 )
(       libmtguard.so[0xCBBCB000])[04 46       ]0x00003E30:	MOV	R4, R0	;(R0=0x30041D48 )
(       libmtguard.so[0xCBBCB000])[24 B1       ]0x00003E32:	CBZ	R4, #0XCBBCEE3E	;(R4=0x30041D48 )
(       libmtguard.so[0xCBBCB000])[20 46       ]0x00003E34:	MOV	R0, R4	;(R4=0x30041D48 )
(       libmtguard.so[0xCBBCB000])[29 46       ]0x00003E36:	MOV	R1, R5	;(R5=0x0000002C )
(       libmtguard.so[0xCBBCB000])[FE F7 CE EB ]0x00003E38:	BLX	#0XCBBCD5D8	;(PC=0xCBBCEE38 )
(       libmtguard.so[0xCBBCB000])[00 C6 8F E2 ]0x000025D8:	ADD	IP, PC, #0, #12	;(PC=0xCBBCD5D8 )
(       libmtguard.so[0xCBBCB000])[3D CA 8C E2 ]0x000025DC:	ADD	IP, IP, #0X3D000	;(IP=0xCBBCD5E0 )
(       libmtguard.so[0xCBBCB000])[F4 F8 BC E5 ]0x000025E0:	LDR	PC, [IP, #0X8F4]!	;(IP=0xCBC0A5E0 )
(       libmtguard.so[0xCBBCB000])[00 E0       ]0x00003E3C:	B	#0XCBBCEE40
(       libmtguard.so[0xCBBCB000])[20 46       ]0x00003E40:	MOV	R0, R4	;(R4=0x30041D48 )
(       libmtguard.so[0xCBBCB000])[B0 BD       ]0x00003E42:	POP	{R4, R5, R7, PC}	;(SP=0x100FFF98 )
(       libmtguard.so[0xCBBCB000])[00 28       ]0x000038AE:	CMP	R0, #0	;(R0=0x30041D48 )
(       libmtguard.so[0xCBBCB000])[20 60       ]0x000038B0:	STR	R0, [R4]	;(R0=0x30041D48 R4=0x30041D30 )
(       libmtguard.so[0xCBBCB000])[05 D1       ]0x000038B2:	BNE	#0XCBBCE8C0
(       libmtguard.so[0xCBBCB000])[20 46       ]0x000038C0:	MOV	R0, R4	;(R4=0x30041D30 )
(       libmtguard.so[0xCBBCB000])[5D F8 04 BB ]0x000038C2:	LDR	FP, [SP], #4	;(SP=0x100FFFA8 )
(       libmtguard.so[0xCBBCB000])[F0 BD       ]0x000038C6:	POP	{R4, R5, R6, R7, PC}	;(SP=0x100FFFAC )
(       libmtguard.so[0xCBBCB000])[01 36       ]0x0000CE08:	ADDS	R6, #1	;(R6=0x0000002E )
(       libmtguard.so[0xCBBCB000])[60 60       ]0x0000CE0A:	STR	R0, [R4, #4]	;(R0=0x30041D30 R4=0xCBC0D204 )
(       libmtguard.so[0xCBBCB000])[B6 F5 7C 7F ]0x0000CE0C:	CMP.W	R6, #0X3F0	;(R6=0x0000002F )
(       libmtguard.so[0xCBBCB000])[F3 D1       ]0x0000CE10:	BNE	#0XCBBD7DFA
(       libmtguard.so[0xCBBCB000])[48 46       ]0x0000CDFA:	MOV	R0, SB	;(SB=0xCBBCFE51 )
(       libmtguard.so[0xCBBCB000])[45 F8 36 80 ]0x0000CDFC:	STR.W	R8, [R5, R6, LSL #3]	;(R8=0xFFFFFFFF R5=0xCBC0D094 R6=0x0000002F )
(       libmtguard.so[0xCBBCB000])[05 EB C6 04 ]0x0000CE00:	ADD.W	R4, R5, R6, LSL #3	;(R5=0xCBC0D094 R6=0x0000002F )
(       libmtguard.so[0xCBBCB000])[F6 F7 3A FD ]0x0000CE04:	BL	#0XCBBCE87C	;(PC=0xCBBD7E04 )
(       libmtguard.so[0xCBBCB000])[F0 B5       ]0x0000387C:	PUSH	{R4, R5, R6, R7, LR}	;(SP=0x100FFFC0 R4=0xCBC0D20C R5=0xCBC0D094 R6=0x0000002F R7=0x100FFFE0 LR=0xCBBD7E09 )
(       libmtguard.so[0xCBBCB000])[03 AF       ]0x0000387E:	ADD	R7, SP, #0XC	;(SP=0x100FFFAC )
(       libmtguard.so[0xCBBCB000])[4D F8 04 BD ]0x00003880:	STR	FP, [SP, #-0X4]!	;(FP=0xCBC0B1C4 SP=0x100FFFAC )
(       libmtguard.so[0xCBBCB000])[05 46       ]0x00003884:	MOV	R5, R0	;(R0=0xCBBCFE51 )
(       libmtguard.so[0xCBBCB000])[01 20       ]0x00003886:	MOVS	R0, #1
(       libmtguard.so[0xCBBCB000])[10 21       ]0x00003888:	MOVS	R1, #0X10
(       libmtguard.so[0xCBBCB000])[00 22       ]0x0000388A:	MOVS	R2, #0
(       libmtguard.so[0xCBBCB000])[00 23       ]0x0000388C:	MOVS	R3, #0
(       libmtguard.so[0xCBBCB000])[00 26       ]0x0000388E:	MOVS	R6, #0
(       libmtguard.so[0xCBBCB000])[00 F0 C6 FA ]0x00003890:	BL	#0XCBBCEE20	;(PC=0xCBBCE890 )
(       libmtguard.so[0xCBBCB000])[B0 B5       ]0x00003E20:	PUSH	{R4, R5, R7, LR}	;(SP=0x100FFFA8 R4=0xCBC0D20C R5=0xCBBCFE51 R7=0x100FFFB8 LR=0xCBBCE895 )
(       libmtguard.so[0xCBBCB000])[02 AF       ]0x00003E22:	ADD	R7, SP, #8	;(SP=0x100FFF98 )
(       libmtguard.so[0xCBBCB000])[01 FB 00 F5 ]0x00003E24:	MUL	R5, R1, R0	;(R1=0x00000010 R0=0x00000001 )
(       libmtguard.so[0xCBBCB000])[4D B1       ]0x00003E28:	CBZ	R5, #0XCBBCEE3E	;(R5=0x00000010 )
(       libmtguard.so[0xCBBCB000])[28 46       ]0x00003E2A:	MOV	R0, R5	;(R5=0x00000010 )
(       libmtguard.so[0xCBBCB000])[FE F7 C8 EB ]0x00003E2C:	BLX	#0XCBBCD5C0	;(PC=0xCBBCEE2C )
(       libmtguard.so[0xCBBCB000])[00 C6 8F E2 ]0x000025C0:	ADD	IP, PC, #0, #12	;(PC=0xCBBCD5C0 )
(       libmtguard.so[0xCBBCB000])[3D CA 8C E2 ]0x000025C4:	ADD	IP, IP, #0X3D000	;(IP=0xCBBCD5C8 )
(       libmtguard.so[0xCBBCB000])[04 F9 BC E5 ]0x000025C8:	LDR	PC, [IP, #0X904]!	;(IP=0xCBC0A5C8 )
(       libmtguard.so[0xCBBCB000])[04 46       ]0x00003E30:	MOV	R4, R0	;(R0=0x30041D78 )
(       libmtguard.so[0xCBBCB000])[24 B1       ]0x00003E32:	CBZ	R4, #0XCBBCEE3E	;(R4=0x30041D78 )
(       libmtguard.so[0xCBBCB000])[20 46       ]0x00003E34:	MOV	R0, R4	;(R4=0x30041D78 )
(       libmtguard.so[0xCBBCB000])[29 46       ]0x00003E36:	MOV	R1, R5	;(R5=0x00000010 )
(       libmtguard.so[0xCBBCB000])[FE F7 CE EB ]0x00003E38:	BLX	#0XCBBCD5D8	;(PC=0xCBBCEE38 )
(       libmtguard.so[0xCBBCB000])[00 C6 8F E2 ]0x000025D8:	ADD	IP, PC, #0, #12	;(PC=0xCBBCD5D8 )
(       libmtguard.so[0xCBBCB000])[3D CA 8C E2 ]0x000025DC:	ADD	IP, IP, #0X3D000	;(IP=0xCBBCD5E0 )
(       libmtguard.so[0xCBBCB000])[F4 F8 BC E5 ]0x000025E0:	LDR	PC, [IP, #0X8F4]!	;(IP=0xCBC0A5E0 )
(       libmtguard.so[0xCBBCB000])[00 E0       ]0x00003E3C:	B	#0XCBBCEE40
(       libmtguard.so[0xCBBCB000])[20 46       ]0x00003E40:	MOV	R0, R4	;(R4=0x30041D78 )
(       libmtguard.so[0xCBBCB000])[B0 BD       ]0x00003E42:	POP	{R4, R5, R7, PC}	;(SP=0x100FFF98 )
(       libmtguard.so[0xCBBCB000])[04 46       ]0x00003894:	MOV	R4, R0	;(R0=0x30041D78 )
(       libmtguard.so[0xCBBCB000])[94 B1       ]0x00003896:	CBZ	R4, #0XCBBCE8BE	;(R4=0x30041D78 )
(       libmtguard.so[0xCBBCB000])[0B 20       ]0x00003898:	MOVS	R0, #0XB
(       libmtguard.so[0xCBBCB000])[C4 E9 00 66 ]0x0000389A:	STRD	R6, R6, [R4]	;(R6=0x00000000 R4=0x30041D78 )
(       libmtguard.so[0xCBBCB000])[C4 E9 02 05 ]0x0000389E:	STRD	R0, R5, [R4, #8]	;(R0=0x0000000B R5=0xCBBCFE51 R4=0x30041D78 )
(       libmtguard.so[0xCBBCB000])[04 20       ]0x000038A2:	MOVS	R0, #4
(       libmtguard.so[0xCBBCB000])[0B 21       ]0x000038A4:	MOVS	R1, #0XB
(       libmtguard.so[0xCBBCB000])[00 22       ]0x000038A6:	MOVS	R2, #0
(       libmtguard.so[0xCBBCB000])[00 23       ]0x000038A8:	MOVS	R3, #0
(       libmtguard.so[0xCBBCB000])[00 F0 B9 FA ]0x000038AA:	BL	#0XCBBCEE20	;(PC=0xCBBCE8AA )
(       libmtguard.so[0xCBBCB000])[B0 B5       ]0x00003E20:	PUSH	{R4, R5, R7, LR}	;(SP=0x100FFFA8 R4=0x30041D78 R5=0xCBBCFE51 R7=0x100FFFB8 LR=0xCBBCE8AF )
(       libmtguard.so[0xCBBCB000])[02 AF       ]0x00003E22:	ADD	R7, SP, #8	;(SP=0x100FFF98 )
(       libmtguard.so[0xCBBCB000])[01 FB 00 F5 ]0x00003E24:	MUL	R5, R1, R0	;(R1=0x0000000B R0=0x00000004 )
(       libmtguard.so[0xCBBCB000])[4D B1       ]0x00003E28:	CBZ	R5, #0XCBBCEE3E	;(R5=0x0000002C )
(       libmtguard.so[0xCBBCB000])[28 46       ]0x00003E2A:	MOV	R0, R5	;(R5=0x0000002C )
(       libmtguard.so[0xCBBCB000])[FE F7 C8 EB ]0x00003E2C:	BLX	#0XCBBCD5C0	;(PC=0xCBBCEE2C )
(       libmtguard.so[0xCBBCB000])[00 C6 8F E2 ]0x000025C0:	ADD	IP, PC, #0, #12	;(PC=0xCBBCD5C0 )
(       libmtguard.so[0xCBBCB000])[3D CA 8C E2 ]0x000025C4:	ADD	IP, IP, #0X3D000	;(IP=0xCBBCD5C8 )
(       libmtguard.so[0xCBBCB000])[04 F9 BC E5 ]0x000025C8:	LDR	PC, [IP, #0X904]!	;(IP=0xCBC0A5C8 )
(       libmtguard.so[0xCBBCB000])[04 46       ]0x00003E30:	MOV	R4, R0	;(R0=0x30041D90 )
(       libmtguard.so[0xCBBCB000])[24 B1       ]0x00003E32:	CBZ	R4, #0XCBBCEE3E	;(R4=0x30041D90 )
(       libmtguard.so[0xCBBCB000])[20 46       ]0x00003E34:	MOV	R0, R4	;(R4=0x30041D90 )
(       libmtguard.so[0xCBBCB000])[29 46       ]0x00003E36:	MOV	R1, R5	;(R5=0x0000002C )
(       libmtguard.so[0xCBBCB000])[FE F7 CE EB ]0x00003E38:	BLX	#0XCBBCD5D8	;(PC=0xCBBCEE38 )
(       libmtguard.so[0xCBBCB000])[00 C6 8F E2 ]0x000025D8:	ADD	IP, PC, #0, #12	;(PC=0xCBBCD5D8 )
(       libmtguard.so[0xCBBCB000])[3D CA 8C E2 ]0x000025DC:	ADD	IP, IP, #0X3D000	;(IP=0xCBBCD5E0 )
(       libmtguard.so[0xCBBCB000])[F4 F8 BC E5 ]0x000025E0:	LDR	PC, [IP, #0X8F4]!	;(IP=0xCBC0A5E0 )
(       libmtguard.so[0xCBBCB000])[00 E0       ]0x00003E3C:	B	#0XCBBCEE40
(       libmtguard.so[0xCBBCB000])[20 46       ]0x00003E40:	MOV	R0, R4	;(R4=0x30041D90 )
(       libmtguard.so[0xCBBCB000])[B0 BD       ]0x00003E42:	POP	{R4, R5, R7, PC}	;(SP=0x100FFF98 )
(       libmtguard.so[0xCBBCB000])[00 28       ]0x000038AE:	CMP	R0, #0	;(R0=0x30041D90 )
(       libmtguard.so[0xCBBCB000])[20 60       ]0x000038B0:	STR	R0, [R4]	;(R0=0x30041D90 R4=0x30041D78 )
(       libmtguard.so[0xCBBCB000])[05 D1       ]0x000038B2:	BNE	#0XCBBCE8C0
(       libmtguard.so[0xCBBCB000])[20 46       ]0x000038C0:	MOV	R0, R4	;(R4=0x30041D78 )
(       libmtguard.so[0xCBBCB000])[5D F8 04 BB ]0x000038C2:	LDR	FP, [SP], #4	;(SP=0x100FFFA8 )
(       libmtguard.so[0xCBBCB000])[F0 BD       ]0x000038C6:	POP	{R4, R5, R6, R7, PC}	;(SP=0x100FFFAC )
(       libmtguard.so[0xCBBCB000])[01 36       ]0x0000CE08:	ADDS	R6, #1	;(R6=0x0000002F )
(       libmtguard.so[0xCBBCB000])[60 60       ]0x0000CE0A:	STR	R0, [R4, #4]	;(R0=0x30041D78 R4=0xCBC0D20C )
(       libmtguard.so[0xCBBCB000])[B6 F5 7C 7F ]0x0000CE0C:	CMP.W	R6, #0X3F0	;(R6=0x00000030 )
(       libmtguard.so[0xCBBCB000])[F3 D1       ]0x0000CE10:	BNE	#0XCBBD7DFA
(       libmtguard.so[0xCBBCB000])[48 46       ]0x0000CDFA:	MOV	R0, SB	;(SB=0xCBBCFE51 )
(       libmtguard.so[0xCBBCB000])[45 F8 36 80 ]0x0000CDFC:	STR.W	R8, [R5, R6, LSL #3]	;(R8=0xFFFFFFFF R5=0xCBC0D094 R6=0x00000030 )
(       libmtguard.so[0xCBBCB000])[05 EB C6 04 ]0x0000CE00:	ADD.W	R4, R5, R6, LSL #3	;(R5=0xCBC0D094 R6=0x00000030 )
(       libmtguard.so[0xCBBCB000])[F6 F7 3A FD ]0x0000CE04:	BL	#0XCBBCE87C	;(PC=0xCBBD7E04 )
(       libmtguard.so[0xCBBCB000])[F0 B5       ]0x0000387C:	PUSH	{R4, R5, R6, R7, LR}	;(SP=0x100FFFC0 R4=0xCBC0D214 R5=0xCBC0D094 R6=0x00000030 R7=0x100FFFE0 LR=0xCBBD7E09 )
(       libmtguard.so[0xCBBCB000])[03 AF       ]0x0000387E:	ADD	R7, SP, #0XC	;(SP=0x100FFFAC )
(       libmtguard.so[0xCBBCB000])[4D F8 04 BD ]0x00003880:	STR	FP, [SP, #-0X4]!	;(FP=0xCBC0B1C4 SP=0x100FFFAC )
(       libmtguard.so[0xCBBCB000])[05 46       ]0x00003884:	MOV	R5, R0	;(R0=0xCBBCFE51 )
(       libmtguard.so[0xCBBCB000])[01 20       ]0x00003886:	MOVS	R0, #1
(       libmtguard.so[0xCBBCB000])[10 21       ]0x00003888:	MOVS	R1, #0X10
(       libmtguard.so[0xCBBCB000])[00 22       ]0x0000388A:	MOVS	R2, #0
(       libmtguard.so[0xCBBCB000])[00 23       ]0x0000388C:	MOVS	R3, #0
(       libmtguard.so[0xCBBCB000])[00 26       ]0x0000388E:	MOVS	R6, #0
(       libmtguard.so[0xCBBCB000])[00 F0 C6 FA ]0x00003890:	BL	#0XCBBCEE20	;(PC=0xCBBCE890 )
(       libmtguard.so[0xCBBCB000])[B0 B5       ]0x00003E20:	PUSH	{R4, R5, R7, LR}	;(SP=0x100FFFA8 R4=0xCBC0D214 R5=0xCBBCFE51 R7=0x100FFFB8 LR=0xCBBCE895 )
(       libmtguard.so[0xCBBCB000])[02 AF       ]0x00003E22:	ADD	R7, SP, #8	;(SP=0x100FFF98 )
(       libmtguard.so[0xCBBCB000])[01 FB 00 F5 ]0x00003E24:	MUL	R5, R1, R0	;(R1=0x00000010 R0=0x00000001 )
(       libmtguard.so[0xCBBCB000])[4D B1       ]0x00003E28:	CBZ	R5, #0XCBBCEE3E	;(R5=0x00000010 )
(       libmtguard.so[0xCBBCB000])[28 46       ]0x00003E2A:	MOV	R0, R5	;(R5=0x00000010 )
(       libmtguard.so[0xCBBCB000])[FE F7 C8 EB ]0x00003E2C:	BLX	#0XCBBCD5C0	;(PC=0xCBBCEE2C )
(       libmtguard.so[0xCBBCB000])[00 C6 8F E2 ]0x000025C0:	ADD	IP, PC, #0, #12	;(PC=0xCBBCD5C0 )
(       libmtguard.so[0xCBBCB000])[3D CA 8C E2 ]0x000025C4:	ADD	IP, IP, #0X3D000	;(IP=0xCBBCD5C8 )
(       libmtguard.so[0xCBBCB000])[04 F9 BC E5 ]0x000025C8:	LDR	PC, [IP, #0X904]!	;(IP=0xCBC0A5C8 )
(       libmtguard.so[0xCBBCB000])[04 46       ]0x00003E30:	MOV	R4, R0	;(R0=0x30041DC0 )
(       libmtguard.so[0xCBBCB000])[24 B1       ]0x00003E32:	CBZ	R4, #0XCBBCEE3E	;(R4=0x30041DC0 )
(       libmtguard.so[0xCBBCB000])[20 46       ]0x00003E34:	MOV	R0, R4	;(R4=0x30041DC0 )
(       libmtguard.so[0xCBBCB000])[29 46       ]0x00003E36:	MOV	R1, R5	;(R5=0x00000010 )
(       libmtguard.so[0xCBBCB000])[FE F7 CE EB ]0x00003E38:	BLX	#0XCBBCD5D8	;(PC=0xCBBCEE38 )
(       libmtguard.so[0xCBBCB000])[00 C6 8F E2 ]0x000025D8:	ADD	IP, PC, #0, #12	;(PC=0xCBBCD5D8 )
(       libmtguard.so[0xCBBCB000])[3D CA 8C E2 ]0x000025DC:	ADD	IP, IP, #0X3D000	;(IP=0xCBBCD5E0 )
(       libmtguard.so[0xCBBCB000])[F4 F8 BC E5 ]0x000025E0:	LDR	PC, [IP, #0X8F4]!	;(IP=0xCBC0A5E0 )
(       libmtguard.so[0xCBBCB000])[00 E0       ]0x00003E3C:	B	#0XCBBCEE40
(       libmtguard.so[0xCBBCB000])[20 46       ]0x00003E40:	MOV	R0, R4	;(R4=0x30041DC0 )
(       libmtguard.so[0xCBBCB000])[B0 BD       ]0x00003E42:	POP	{R4, R5, R7, PC}	;(SP=0x100FFF98 )
(       libmtguard.so[0xCBBCB000])[04 46       ]0x00003894:	MOV	R4, R0	;(R0=0x30041DC0 )
(       libmtguard.so[0xCBBCB000])[94 B1       ]0x00003896:	CBZ	R4, #0XCBBCE8BE	;(R4=0x30041DC0 )
(       libmtguard.so[0xCBBCB000])[0B 20       ]0x00003898:	MOVS	R0, #0XB
(       libmtguard.so[0xCBBCB000])[C4 E9 00 66 ]0x0000389A:	STRD	R6, R6, [R4]	;(R6=0x00000000 R4=0x30041DC0 )
(       libmtguard.so[0xCBBCB000])[C4 E9 02 05 ]0x0000389E:	STRD	R0, R5, [R4, #8]	;(R0=0x0000000B R5=0xCBBCFE51 R4=0x30041DC0 )
(       libmtguard.so[0xCBBCB000])[04 20       ]0x000038A2:	MOVS	R0, #4
(       libmtguard.so[0xCBBCB000])[0B 21       ]0x000038A4:	MOVS	R1, #0XB
(       libmtguard.so[0xCBBCB000])[00 22       ]0x000038A6:	MOVS	R2, #0
(       libmtguard.so[0xCBBCB000])[00 23       ]0x000038A8:	MOVS	R3, #0
(       libmtguard.so[0xCBBCB000])[00 F0 B9 FA ]0x000038AA:	BL	#0XCBBCEE20	;(PC=0xCBBCE8AA )
(       libmtguard.so[0xCBBCB000])[B0 B5       ]0x00003E20:	PUSH	{R4, R5, R7, LR}	;(SP=0x100FFFA8 R4=0x30041DC0 R5=0xCBBCFE51 R7=0x100FFFB8 LR=0xCBBCE8AF )
(       libmtguard.so[0xCBBCB000])[02 AF       ]0x00003E22:	ADD	R7, SP, #8	;(SP=0x100FFF98 )
(       libmtguard.so[0xCBBCB000])[01 FB 00 F5 ]0x00003E24:	MUL	R5, R1, R0	;(R1=0x0000000B R0=0x00000004 )
(       libmtguard.so[0xCBBCB000])[4D B1       ]0x00003E28:	CBZ	R5, #0XCBBCEE3E	;(R5=0x0000002C )
(       libmtguard.so[0xCBBCB000])[28 46       ]0x00003E2A:	MOV	R0, R5	;(R5=0x0000002C )
(       libmtguard.so[0xCBBCB000])[FE F7 C8 EB ]0x00003E2C:	BLX	#0XCBBCD5C0	;(PC=0xCBBCEE2C )
(       libmtguard.so[0xCBBCB000])[00 C6 8F E2 ]0x000025C0:	ADD	IP, PC, #0, #12	;(PC=0xCBBCD5C0 )
(       libmtguard.so[0xCBBCB000])[3D CA 8C E2 ]0x000025C4:	ADD	IP, IP, #0X3D000	;(IP=0xCBBCD5C8 )
(       libmtguard.so[0xCBBCB000])[04 F9 BC E5 ]0x000025C8:	LDR	PC, [IP, #0X904]!	;(IP=0xCBC0A5C8 )
(       libmtguard.so[0xCBBCB000])[04 46       ]0x00003E30:	MOV	R4, R0	;(R0=0x30041DD8 )
(       libmtguard.so[0xCBBCB000])[24 B1       ]0x00003E32:	CBZ	R4, #0XCBBCEE3E	;(R4=0x30041DD8 )
(       libmtguard.so[0xCBBCB000])[20 46       ]0x00003E34:	MOV	R0, R4	;(R4=0x30041DD8 )
(       libmtguard.so[0xCBBCB000])[29 46       ]0x00003E36:	MOV	R1, R5	;(R5=0x0000002C )
(       libmtguard.so[0xCBBCB000])[FE F7 CE EB ]0x00003E38:	BLX	#0XCBBCD5D8	;(PC=0xCBBCEE38 )
(       libmtguard.so[0xCBBCB000])[00 C6 8F E2 ]0x000025D8:	ADD	IP, PC, #0, #12	;(PC=0xCBBCD5D8 )
(       libmtguard.so[0xCBBCB000])[3D CA 8C E2 ]0x000025DC:	ADD	IP, IP, #0X3D000	;(IP=0xCBBCD5E0 )
(       libmtguard.so[0xCBBCB000])[F4 F8 BC E5 ]0x000025E0:	LDR	PC, [IP, #0X8F4]!	;(IP=0xCBC0A5E0 )
(       libmtguard.so[0xCBBCB000])[00 E0       ]0x00003E3C:	B	#0XCBBCEE40
(       libmtguard.so[0xCBBCB000])[20 46       ]0x00003E40:	MOV	R0, R4	;(R4=0x30041DD8 )
(       libmtguard.so[0xCBBCB000])[B0 BD       ]0x00003E42:	POP	{R4, R5, R7, PC}	;(SP=0x100FFF98 )
(       libmtguard.so[0xCBBCB000])[00 28       ]0x000038AE:	CMP	R0, #0	;(R0=0x30041DD8 )
(       libmtguard.so[0xCBBCB000])[20 60       ]0x000038B0:	STR	R0, [R4]	;(R0=0x30041DD8 R4=0x30041DC0 )
(       libmtguard.so[0xCBBCB000])[05 D1       ]0x000038B2:	BNE	#0XCBBCE8C0
(       libmtguard.so[0xCBBCB000])[20 46       ]0x000038C0:	MOV	R0, R4	;(R4=0x30041DC0 )
(       libmtguard.so[0xCBBCB000])[5D F8 04 BB ]0x000038C2:	LDR	FP, [SP], #4	;(SP=0x100FFFA8 )
(       libmtguard.so[0xCBBCB000])[F0 BD       ]0x000038C6:	POP	{R4, R5, R6, R7, PC}	;(SP=0x100FFFAC )
(       libmtguard.so[0xCBBCB000])[01 36       ]0x0000CE08:	ADDS	R6, #1	;(R6=0x00000030 )
(       libmtguard.so[0xCBBCB000])[60 60       ]0x0000CE0A:	STR	R0, [R4, #4]	;(R0=0x30041DC0 R4=0xCBC0D214 )
(       libmtguard.so[0xCBBCB000])[B6 F5 7C 7F ]0x0000CE0C:	CMP.W	R6, #0X3F0	;(R6=0x00000031 )
(       libmtguard.so[0xCBBCB000])[F3 D1       ]0x0000CE10:	BNE	#0XCBBD7DFA
(       libmtguard.so[0xCBBCB000])[48 46       ]0x0000CDFA:	MOV	R0, SB	;(SB=0xCBBCFE51 )
(       libmtguard.so[0xCBBCB000])[45 F8 36 80 ]0x0000CDFC:	STR.W	R8, [R5, R6, LSL #3]	;(R8=0xFFFFFFFF R5=0xCBC0D094 R6=0x00000031 )
(       libmtguard.so[0xCBBCB000])[05 EB C6 04 ]0x0000CE00:	ADD.W	R4, R5, R6, LSL #3	;(R5=0xCBC0D094 R6=0x00000031 )
(       libmtguard.so[0xCBBCB000])[F6 F7 3A FD ]0x0000CE04:	BL	#0XCBBCE87C	;(PC=0xCBBD7E04 )
(       libmtguard.so[0xCBBCB000])[F0 B5       ]0x0000387C:	PUSH	{R4, R5, R6, R7, LR}	;(SP=0x100FFFC0 R4=0xCBC0D21C R5=0xCBC0D094 R6=0x00000031 R7=0x100FFFE0 LR=0xCBBD7E09 )
(       libmtguard.so[0xCBBCB000])[03 AF       ]0x0000387E:	ADD	R7, SP, #0XC	;(SP=0x100FFFAC )
(       libmtguard.so[0xCBBCB000])[4D F8 04 BD ]0x00003880:	STR	FP, [SP, #-0X4]!	;(FP=0xCBC0B1C4 SP=0x100FFFAC )
(       libmtguard.so[0xCBBCB000])[05 46       ]0x00003884:	MOV	R5, R0	;(R0=0xCBBCFE51 )
(       libmtguard.so[0xCBBCB000])[01 20       ]0x00003886:	MOVS	R0, #1
(       libmtguard.so[0xCBBCB000])[10 21       ]0x00003888:	MOVS	R1, #0X10
(       libmtguard.so[0xCBBCB000])[00 22       ]0x0000388A:	MOVS	R2, #0
(       libmtguard.so[0xCBBCB000])[00 23       ]0x0000388C:	MOVS	R3, #0
(       libmtguard.so[0xCBBCB000])[00 26       ]0x0000388E:	MOVS	R6, #0
(       libmtguard.so[0xCBBCB000])[00 F0 C6 FA ]0x00003890:	BL	#0XCBBCEE20	;(PC=0xCBBCE890 )
(       libmtguard.so[0xCBBCB000])[B0 B5       ]0x00003E20:	PUSH	{R4, R5, R7, LR}	;(SP=0x100FFFA8 R4=0xCBC0D21C R5=0xCBBCFE51 R7=0x100FFFB8 LR=0xCBBCE895 )
(       libmtguard.so[0xCBBCB000])[02 AF       ]0x00003E22:	ADD	R7, SP, #8	;(SP=0x100FFF98 )
(       libmtguard.so[0xCBBCB000])[01 FB 00 F5 ]0x00003E24:	MUL	R5, R1, R0	;(R1=0x00000010 R0=0x00000001 )
(       libmtguard.so[0xCBBCB000])[4D B1       ]0x00003E28:	CBZ	R5, #0XCBBCEE3E	;(R5=0x00000010 )
(       libmtguard.so[0xCBBCB000])[28 46       ]0x00003E2A:	MOV	R0, R5	;(R5=0x00000010 )
(       libmtguard.so[0xCBBCB000])[FE F7 C8 EB ]0x00003E2C:	BLX	#0XCBBCD5C0	;(PC=0xCBBCEE2C )
(       libmtguard.so[0xCBBCB000])[00 C6 8F E2 ]0x000025C0:	ADD	IP, PC, #0, #12	;(PC=0xCBBCD5C0 )
(       libmtguard.so[0xCBBCB000])[3D CA 8C E2 ]0x000025C4:	ADD	IP, IP, #0X3D000	;(IP=0xCBBCD5C8 )
(       libmtguard.so[0xCBBCB000])[04 F9 BC E5 ]0x000025C8:	LDR	PC, [IP, #0X904]!	;(IP=0xCBC0A5C8 )
(       libmtguard.so[0xCBBCB000])[04 46       ]0x00003E30:	MOV	R4, R0	;(R0=0x30041E08 )
(       libmtguard.so[0xCBBCB000])[24 B1       ]0x00003E32:	CBZ	R4, #0XCBBCEE3E	;(R4=0x30041E08 )
(       libmtguard.so[0xCBBCB000])[20 46       ]0x00003E34:	MOV	R0, R4	;(R4=0x30041E08 )
(       libmtguard.so[0xCBBCB000])[29 46       ]0x00003E36:	MOV	R1, R5	;(R5=0x00000010 )
(       libmtguard.so[0xCBBCB000])[FE F7 CE EB ]0x00003E38:	BLX	#0XCBBCD5D8	;(PC=0xCBBCEE38 )
(       libmtguard.so[0xCBBCB000])[00 C6 8F E2 ]0x000025D8:	ADD	IP, PC, #0, #12	;(PC=0xCBBCD5D8 )
(       libmtguard.so[0xCBBCB000])[3D CA 8C E2 ]0x000025DC:	ADD	IP, IP, #0X3D000	;(IP=0xCBBCD5E0 )
(       libmtguard.so[0xCBBCB000])[F4 F8 BC E5 ]0x000025E0:	LDR	PC, [IP, #0X8F4]!	;(IP=0xCBC0A5E0 )
(       libmtguard.so[0xCBBCB000])[00 E0       ]0x00003E3C:	B	#0XCBBCEE40
(       libmtguard.so[0xCBBCB000])[20 46       ]0x00003E40:	MOV	R0, R4	;(R4=0x30041E08 )
(       libmtguard.so[0xCBBCB000])[B0 BD       ]0x00003E42:	POP	{R4, R5, R7, PC}	;(SP=0x100FFF98 )
(       libmtguard.so[0xCBBCB000])[04 46       ]0x00003894:	MOV	R4, R0	;(R0=0x30041E08 )
(       libmtguard.so[0xCBBCB000])[94 B1       ]0x00003896:	CBZ	R4, #0XCBBCE8BE	;(R4=0x30041E08 )
(       libmtguard.so[0xCBBCB000])[0B 20       ]0x00003898:	MOVS	R0, #0XB
(       libmtguard.so[0xCBBCB000])[C4 E9 00 66 ]0x0000389A:	STRD	R6, R6, [R4]	;(R6=0x00000000 R4=0x30041E08 )
(       libmtguard.so[0xCBBCB000])[C4 E9 02 05 ]0x0000389E:	STRD	R0, R5, [R4, #8]	;(R0=0x0000000B R5=0xCBBCFE51 R4=0x30041E08 )
(       libmtguard.so[0xCBBCB000])[04 20       ]0x000038A2:	MOVS	R0, #4
(       libmtguard.so[0xCBBCB000])[0B 21       ]0x000038A4:	MOVS	R1, #0XB
(       libmtguard.so[0xCBBCB000])[00 22       ]0x000038A6:	MOVS	R2, #0
(       libmtguard.so[0xCBBCB000])[00 23       ]0x000038A8:	MOVS	R3, #0
(       libmtguard.so[0xCBBCB000])[00 F0 B9 FA ]0x000038AA:	BL	#0XCBBCEE20	;(PC=0xCBBCE8AA )
(       libmtguard.so[0xCBBCB000])[B0 B5       ]0x00003E20:	PUSH	{R4, R5, R7, LR}	;(SP=0x100FFFA8 R4=0x30041E08 R5=0xCBBCFE51 R7=0x100FFFB8 LR=0xCBBCE8AF )
(       libmtguard.so[0xCBBCB000])[02 AF       ]0x00003E22:	ADD	R7, SP, #8	;(SP=0x100FFF98 )
(       libmtguard.so[0xCBBCB000])[01 FB 00 F5 ]0x00003E24:	MUL	R5, R1, R0	;(R1=0x0000000B R0=0x00000004 )
(       libmtguard.so[0xCBBCB000])[4D B1       ]0x00003E28:	CBZ	R5, #0XCBBCEE3E	;(R5=0x0000002C )
(       libmtguard.so[0xCBBCB000])[28 46       ]0x00003E2A:	MOV	R0, R5	;(R5=0x0000002C )
(       libmtguard.so[0xCBBCB000])[FE F7 C8 EB ]0x00003E2C:	BLX	#0XCBBCD5C0	;(PC=0xCBBCEE2C )
(       libmtguard.so[0xCBBCB000])[00 C6 8F E2 ]0x000025C0:	ADD	IP, PC, #0, #12	;(PC=0xCBBCD5C0 )
(       libmtguard.so[0xCBBCB000])[3D CA 8C E2 ]0x000025C4:	ADD	IP, IP, #0X3D000	;(IP=0xCBBCD5C8 )
(       libmtguard.so[0xCBBCB000])[04 F9 BC E5 ]0x000025C8:	LDR	PC, [IP, #0X904]!	;(IP=0xCBC0A5C8 )
(       libmtguard.so[0xCBBCB000])[04 46       ]0x00003E30:	MOV	R4, R0	;(R0=0x30041E20 )
(       libmtguard.so[0xCBBCB000])[24 B1       ]0x00003E32:	CBZ	R4, #0XCBBCEE3E	;(R4=0x30041E20 )
(       libmtguard.so[0xCBBCB000])[20 46       ]0x00003E34:	MOV	R0, R4	;(R4=0x30041E20 )
(       libmtguard.so[0xCBBCB000])[29 46       ]0x00003E36:	MOV	R1, R5	;(R5=0x0000002C )
(       libmtguard.so[0xCBBCB000])[FE F7 CE EB ]0x00003E38:	BLX	#0XCBBCD5D8	;(PC=0xCBBCEE38 )
(       libmtguard.so[0xCBBCB000])[00 C6 8F E2 ]0x000025D8:	ADD	IP, PC, #0, #12	;(PC=0xCBBCD5D8 )
(       libmtguard.so[0xCBBCB000])[3D CA 8C E2 ]0x000025DC:	ADD	IP, IP, #0X3D000	;(IP=0xCBBCD5E0 )
(       libmtguard.so[0xCBBCB000])[F4 F8 BC E5 ]0x000025E0:	LDR	PC, [IP, #0X8F4]!	;(IP=0xCBC0A5E0 )
(       libmtguard.so[0xCBBCB000])[00 E0       ]0x00003E3C:	B	#0XCBBCEE40
(       libmtguard.so[0xCBBCB000])[20 46       ]0x00003E40:	MOV	R0, R4	;(R4=0x30041E20 )
(       libmtguard.so[0xCBBCB000])[B0 BD       ]0x00003E42:	POP	{R4, R5, R7, PC}	;(SP=0x100FFF98 )
(       libmtguard.so[0xCBBCB000])[00 28       ]0x000038AE:	CMP	R0, #0	;(R0=0x30041E20 )
(       libmtguard.so[0xCBBCB000])[20 60       ]0x000038B0:	STR	R0, [R4]	;(R0=0x30041E20 R4=0x30041E08 )
(       libmtguard.so[0xCBBCB000])[05 D1       ]0x000038B2:	BNE	#0XCBBCE8C0
(       libmtguard.so[0xCBBCB000])[20 46       ]0x000038C0:	MOV	R0, R4	;(R4=0x30041E08 )
(       libmtguard.so[0xCBBCB000])[5D F8 04 BB ]0x000038C2:	LDR	FP, [SP], #4	;(SP=0x100FFFA8 )
(       libmtguard.so[0xCBBCB000])[F0 BD       ]0x000038C6:	POP	{R4, R5, R6, R7, PC}	;(SP=0x100FFFAC )
(       libmtguard.so[0xCBBCB000])[01 36       ]0x0000CE08:	ADDS	R6, #1	;(R6=0x00000031 )
(       libmtguard.so[0xCBBCB000])[60 60       ]0x0000CE0A:	STR	R0, [R4, #4]	;(R0=0x30041E08 R4=0xCBC0D21C )
(       libmtguard.so[0xCBBCB000])[B6 F5 7C 7F ]0x0000CE0C:	CMP.W	R6, #0X3F0	;(R6=0x00000032 )
(       libmtguard.so[0xCBBCB000])[F3 D1       ]0x0000CE10:	BNE	#0XCBBD7DFA
(       libmtguard.so[0xCBBCB000])[48 46       ]0x0000CDFA:	MOV	R0, SB	;(SB=0xCBBCFE51 )
(       libmtguard.so[0xCBBCB000])[45 F8 36 80 ]0x0000CDFC:	STR.W	R8, [R5, R6, LSL #3]	;(R8=0xFFFFFFFF R5=0xCBC0D094 R6=0x00000032 )
(       libmtguard.so[0xCBBCB000])[05 EB C6 04 ]0x0000CE00:	ADD.W	R4, R5, R6, LSL #3	;(R5=0xCBC0D094 R6=0x00000032 )
(       libmtguard.so[0xCBBCB000])[F6 F7 3A FD ]0x0000CE04:	BL	#0XCBBCE87C	;(PC=0xCBBD7E04 )
(       libmtguard.so[0xCBBCB000])[F0 B5       ]0x0000387C:	PUSH	{R4, R5, R6, R7, LR}	;(SP=0x100FFFC0 R4=0xCBC0D224 R5=0xCBC0D094 R6=0x00000032 R7=0x100FFFE0 LR=0xCBBD7E09 )
(       libmtguard.so[0xCBBCB000])[03 AF       ]0x0000387E:	ADD	R7, SP, #0XC	;(SP=0x100FFFAC )
(       libmtguard.so[0xCBBCB000])[4D F8 04 BD ]0x00003880:	STR	FP, [SP, #-0X4]!	;(FP=0xCBC0B1C4 SP=0x100FFFAC )
(       libmtguard.so[0xCBBCB000])[05 46       ]0x00003884:	MOV	R5, R0	;(R0=0xCBBCFE51 )
(       libmtguard.so[0xCBBCB000])[01 20       ]0x00003886:	MOVS	R0, #1
(       libmtguard.so[0xCBBCB000])[10 21       ]0x00003888:	MOVS	R1, #0X10
(       libmtguard.so[0xCBBCB000])[00 22       ]0x0000388A:	MOVS	R2, #0
(       libmtguard.so[0xCBBCB000])[00 23       ]0x0000388C:	MOVS	R3, #0
(       libmtguard.so[0xCBBCB000])[00 26       ]0x0000388E:	MOVS	R6, #0
(       libmtguard.so[0xCBBCB000])[00 F0 C6 FA ]0x00003890:	BL	#0XCBBCEE20	;(PC=0xCBBCE890 )
(       libmtguard.so[0xCBBCB000])[B0 B5       ]0x00003E20:	PUSH	{R4, R5, R7, LR}	;(SP=0x100FFFA8 R4=0xCBC0D224 R5=0xCBBCFE51 R7=0x100FFFB8 LR=0xCBBCE895 )
(       libmtguard.so[0xCBBCB000])[02 AF       ]0x00003E22:	ADD	R7, SP, #8	;(SP=0x100FFF98 )
(       libmtguard.so[0xCBBCB000])[01 FB 00 F5 ]0x00003E24:	MUL	R5, R1, R0	;(R1=0x00000010 R0=0x00000001 )
(       libmtguard.so[0xCBBCB000])[4D B1       ]0x00003E28:	CBZ	R5, #0XCBBCEE3E	;(R5=0x00000010 )
(       libmtguard.so[0xCBBCB000])[28 46       ]0x00003E2A:	MOV	R0, R5	;(R5=0x00000010 )
(       libmtguard.so[0xCBBCB000])[FE F7 C8 EB ]0x00003E2C:	BLX	#0XCBBCD5C0	;(PC=0xCBBCEE2C )
(       libmtguard.so[0xCBBCB000])[00 C6 8F E2 ]0x000025C0:	ADD	IP, PC, #0, #12	;(PC=0xCBBCD5C0 )
(       libmtguard.so[0xCBBCB000])[3D CA 8C E2 ]0x000025C4:	ADD	IP, IP, #0X3D000	;(IP=0xCBBCD5C8 )
(       libmtguard.so[0xCBBCB000])[04 F9 BC E5 ]0x000025C8:	LDR	PC, [IP, #0X904]!	;(IP=0xCBC0A5C8 )
(       libmtguard.so[0xCBBCB000])[04 46       ]0x00003E30:	MOV	R4, R0	;(R0=0x30041E50 )
(       libmtguard.so[0xCBBCB000])[24 B1       ]0x00003E32:	CBZ	R4, #0XCBBCEE3E	;(R4=0x30041E50 )
(       libmtguard.so[0xCBBCB000])[20 46       ]0x00003E34:	MOV	R0, R4	;(R4=0x30041E50 )
(       libmtguard.so[0xCBBCB000])[29 46       ]0x00003E36:	MOV	R1, R5	;(R5=0x00000010 )
(       libmtguard.so[0xCBBCB000])[FE F7 CE EB ]0x00003E38:	BLX	#0XCBBCD5D8	;(PC=0xCBBCEE38 )
(       libmtguard.so[0xCBBCB000])[00 C6 8F E2 ]0x000025D8:	ADD	IP, PC, #0, #12	;(PC=0xCBBCD5D8 )
(       libmtguard.so[0xCBBCB000])[3D CA 8C E2 ]0x000025DC:	ADD	IP, IP, #0X3D000	;(IP=0xCBBCD5E0 )
(       libmtguard.so[0xCBBCB000])[F4 F8 BC E5 ]0x000025E0:	LDR	PC, [IP, #0X8F4]!	;(IP=0xCBC0A5E0 )
(       libmtguard.so[0xCBBCB000])[00 E0       ]0x00003E3C:	B	#0XCBBCEE40
(       libmtguard.so[0xCBBCB000])[20 46       ]0x00003E40:	MOV	R0, R4	;(R4=0x30041E50 )
(       libmtguard.so[0xCBBCB000])[B0 BD       ]0x00003E42:	POP	{R4, R5, R7, PC}	;(SP=0x100FFF98 )
(       libmtguard.so[0xCBBCB000])[04 46       ]0x00003894:	MOV	R4, R0	;(R0=0x30041E50 )
(       libmtguard.so[0xCBBCB000])[94 B1       ]0x00003896:	CBZ	R4, #0XCBBCE8BE	;(R4=0x30041E50 )
(       libmtguard.so[0xCBBCB000])[0B 20       ]0x00003898:	MOVS	R0, #0XB
(       libmtguard.so[0xCBBCB000])[C4 E9 00 66 ]0x0000389A:	STRD	R6, R6, [R4]	;(R6=0x00000000 R4=0x30041E50 )
(       libmtguard.so[0xCBBCB000])[C4 E9 02 05 ]0x0000389E:	STRD	R0, R5, [R4, #8]	;(R0=0x0000000B R5=0xCBBCFE51 R4=0x30041E50 )
(       libmtguard.so[0xCBBCB000])[04 20       ]0x000038A2:	MOVS	R0, #4
(       libmtguard.so[0xCBBCB000])[0B 21       ]0x000038A4:	MOVS	R1, #0XB
(       libmtguard.so[0xCBBCB000])[00 22       ]0x000038A6:	MOVS	R2, #0
(       libmtguard.so[0xCBBCB000])[00 23       ]0x000038A8:	MOVS	R3, #0
(       libmtguard.so[0xCBBCB000])[00 F0 B9 FA ]0x000038AA:	BL	#0XCBBCEE20	;(PC=0xCBBCE8AA )
(       libmtguard.so[0xCBBCB000])[B0 B5       ]0x00003E20:	PUSH	{R4, R5, R7, LR}	;(SP=0x100FFFA8 R4=0x30041E50 R5=0xCBBCFE51 R7=0x100FFFB8 LR=0xCBBCE8AF )
(       libmtguard.so[0xCBBCB000])[02 AF       ]0x00003E22:	ADD	R7, SP, #8	;(SP=0x100FFF98 )
(       libmtguard.so[0xCBBCB000])[01 FB 00 F5 ]0x00003E24:	MUL	R5, R1, R0	;(R1=0x0000000B R0=0x00000004 )
(       libmtguard.so[0xCBBCB000])[4D B1       ]0x00003E28:	CBZ	R5, #0XCBBCEE3E	;(R5=0x0000002C )
(       libmtguard.so[0xCBBCB000])[28 46       ]0x00003E2A:	MOV	R0, R5	;(R5=0x0000002C )
(       libmtguard.so[0xCBBCB000])[FE F7 C8 EB ]0x00003E2C:	BLX	#0XCBBCD5C0	;(PC=0xCBBCEE2C )
(       libmtguard.so[0xCBBCB000])[00 C6 8F E2 ]0x000025C0:	ADD	IP, PC, #0, #12	;(PC=0xCBBCD5C0 )
(       libmtguard.so[0xCBBCB000])[3D CA 8C E2 ]0x000025C4:	ADD	IP, IP, #0X3D000	;(IP=0xCBBCD5C8 )
(       libmtguard.so[0xCBBCB000])[04 F9 BC E5 ]0x000025C8:	LDR	PC, [IP, #0X904]!	;(IP=0xCBC0A5C8 )
(       libmtguard.so[0xCBBCB000])[04 46       ]0x00003E30:	MOV	R4, R0	;(R0=0x30041E68 )
(       libmtguard.so[0xCBBCB000])[24 B1       ]0x00003E32:	CBZ	R4, #0XCBBCEE3E	;(R4=0x30041E68 )
(       libmtguard.so[0xCBBCB000])[20 46       ]0x00003E34:	MOV	R0, R4	;(R4=0x30041E68 )
(       libmtguard.so[0xCBBCB000])[29 46       ]0x00003E36:	MOV	R1, R5	;(R5=0x0000002C )
(       libmtguard.so[0xCBBCB000])[FE F7 CE EB ]0x00003E38:	BLX	#0XCBBCD5D8	;(PC=0xCBBCEE38 )
(       libmtguard.so[0xCBBCB000])[00 C6 8F E2 ]0x000025D8:	ADD	IP, PC, #0, #12	;(PC=0xCBBCD5D8 )
(       libmtguard.so[0xCBBCB000])[3D CA 8C E2 ]0x000025DC:	ADD	IP, IP, #0X3D000	;(IP=0xCBBCD5E0 )
(       libmtguard.so[0xCBBCB000])[F4 F8 BC E5 ]0x000025E0:	LDR	PC, [IP, #0X8F4]!	;(IP=0xCBC0A5E0 )
(       libmtguard.so[0xCBBCB000])[00 E0       ]0x00003E3C:	B	#0XCBBCEE40
(       libmtguard.so[0xCBBCB000])[20 46       ]0x00003E40:	MOV	R0, R4	;(R4=0x30041E68 )
(       libmtguard.so[0xCBBCB000])[B0 BD       ]0x00003E42:	POP	{R4, R5, R7, PC}	;(SP=0x100FFF98 )
(       libmtguard.so[0xCBBCB000])[00 28       ]0x000038AE:	CMP	R0, #0	;(R0=0x30041E68 )
(       libmtguard.so[0xCBBCB000])[20 60       ]0x000038B0:	STR	R0, [R4]	;(R0=0x30041E68 R4=0x30041E50 )
(       libmtguard.so[0xCBBCB000])[05 D1       ]0x000038B2:	BNE	#0XCBBCE8C0
(       libmtguard.so[0xCBBCB000])[20 46       ]0x000038C0:	MOV	R0, R4	;(R4=0x30041E50 )
(       libmtguard.so[0xCBBCB000])[5D F8 04 BB ]0x000038C2:	LDR	FP, [SP], #4	;(SP=0x100FFFA8 )
(       libmtguard.so[0xCBBCB000])[F0 BD       ]0x000038C6:	POP	{R4, R5, R6, R7, PC}	;(SP=0x100FFFAC )
(       libmtguard.so[0xCBBCB000])[01 36       ]0x0000CE08:	ADDS	R6, #1	;(R6=0x00000032 )
(       libmtguard.so[0xCBBCB000])[60 60       ]0x0000CE0A:	STR	R0, [R4, #4]	;(R0=0x30041E50 R4=0xCBC0D224 )
(       libmtguard.so[0xCBBCB000])[B6 F5 7C 7F ]0x0000CE0C:	CMP.W	R6, #0X3F0	;(R6=0x00000033 )
(       libmtguard.so[0xCBBCB000])[F3 D1       ]0x0000CE10:	BNE	#0XCBBD7DFA
(       libmtguard.so[0xCBBCB000])[48 46       ]0x0000CDFA:	MOV	R0, SB	;(SB=0xCBBCFE51 )
(       libmtguard.so[0xCBBCB000])[45 F8 36 80 ]0x0000CDFC:	STR.W	R8, [R5, R6, LSL #3]	;(R8=0xFFFFFFFF R5=0xCBC0D094 R6=0x00000033 )
(       libmtguard.so[0xCBBCB000])[05 EB C6 04 ]0x0000CE00:	ADD.W	R4, R5, R6, LSL #3	;(R5=0xCBC0D094 R6=0x00000033 )
(       libmtguard.so[0xCBBCB000])[F6 F7 3A FD ]0x0000CE04:	BL	#0XCBBCE87C	;(PC=0xCBBD7E04 )
(       libmtguard.so[0xCBBCB000])[F0 B5       ]0x0000387C:	PUSH	{R4, R5, R6, R7, LR}	;(SP=0x100FFFC0 R4=0xCBC0D22C R5=0xCBC0D094 R6=0x00000033 R7=0x100FFFE0 LR=0xCBBD7E09 )
(       libmtguard.so[0xCBBCB000])[03 AF       ]0x0000387E:	ADD	R7, SP, #0XC	;(SP=0x100FFFAC )
(       libmtguard.so[0xCBBCB000])[4D F8 04 BD ]0x00003880:	STR	FP, [SP, #-0X4]!	;(FP=0xCBC0B1C4 SP=0x100FFFAC )
(       libmtguard.so[0xCBBCB000])[05 46       ]0x00003884:	MOV	R5, R0	;(R0=0xCBBCFE51 )
(       libmtguard.so[0xCBBCB000])[01 20       ]0x00003886:	MOVS	R0, #1
(       libmtguard.so[0xCBBCB000])[10 21       ]0x00003888:	MOVS	R1, #0X10
(       libmtguard.so[0xCBBCB000])[00 22       ]0x0000388A:	MOVS	R2, #0
(       libmtguard.so[0xCBBCB000])[00 23       ]0x0000388C:	MOVS	R3, #0
(       libmtguard.so[0xCBBCB000])[00 26       ]0x0000388E:	MOVS	R6, #0
(       libmtguard.so[0xCBBCB000])[00 F0 C6 FA ]0x00003890:	BL	#0XCBBCEE20	;(PC=0xCBBCE890 )
(       libmtguard.so[0xCBBCB000])[B0 B5       ]0x00003E20:	PUSH	{R4, R5, R7, LR}	;(SP=0x100FFFA8 R4=0xCBC0D22C R5=0xCBBCFE51 R7=0x100FFFB8 LR=0xCBBCE895 )
(       libmtguard.so[0xCBBCB000])[02 AF       ]0x00003E22:	ADD	R7, SP, #8	;(SP=0x100FFF98 )
(       libmtguard.so[0xCBBCB000])[01 FB 00 F5 ]0x00003E24:	MUL	R5, R1, R0	;(R1=0x00000010 R0=0x00000001 )
(       libmtguard.so[0xCBBCB000])[4D B1       ]0x00003E28:	CBZ	R5, #0XCBBCEE3E	;(R5=0x00000010 )
(       libmtguard.so[0xCBBCB000])[28 46       ]0x00003E2A:	MOV	R0, R5	;(R5=0x00000010 )
(       libmtguard.so[0xCBBCB000])[FE F7 C8 EB ]0x00003E2C:	BLX	#0XCBBCD5C0	;(PC=0xCBBCEE2C )
(       libmtguard.so[0xCBBCB000])[00 C6 8F E2 ]0x000025C0:	ADD	IP, PC, #0, #12	;(PC=0xCBBCD5C0 )
(       libmtguard.so[0xCBBCB000])[3D CA 8C E2 ]0x000025C4:	ADD	IP, IP, #0X3D000	;(IP=0xCBBCD5C8 )
(       libmtguard.so[0xCBBCB000])[04 F9 BC E5 ]0x000025C8:	LDR	PC, [IP, #0X904]!	;(IP=0xCBC0A5C8 )
(       libmtguard.so[0xCBBCB000])[04 46       ]0x00003E30:	MOV	R4, R0	;(R0=0x30041E98 )
(       libmtguard.so[0xCBBCB000])[24 B1       ]0x00003E32:	CBZ	R4, #0XCBBCEE3E	;(R4=0x30041E98 )
(       libmtguard.so[0xCBBCB000])[20 46       ]0x00003E34:	MOV	R0, R4	;(R4=0x30041E98 )
(       libmtguard.so[0xCBBCB000])[29 46       ]0x00003E36:	MOV	R1, R5	;(R5=0x00000010 )
(       libmtguard.so[0xCBBCB000])[FE F7 CE EB ]0x00003E38:	BLX	#0XCBBCD5D8	;(PC=0xCBBCEE38 )
(       libmtguard.so[0xCBBCB000])[00 C6 8F E2 ]0x000025D8:	ADD	IP, PC, #0, #12	;(PC=0xCBBCD5D8 )
(       libmtguard.so[0xCBBCB000])[3D CA 8C E2 ]0x000025DC:	ADD	IP, IP, #0X3D000	;(IP=0xCBBCD5E0 )
(       libmtguard.so[0xCBBCB000])[F4 F8 BC E5 ]0x000025E0:	LDR	PC, [IP, #0X8F4]!	;(IP=0xCBC0A5E0 )
(       libmtguard.so[0xCBBCB000])[00 E0       ]0x00003E3C:	B	#0XCBBCEE40
(       libmtguard.so[0xCBBCB000])[20 46       ]0x00003E40:	MOV	R0, R4	;(R4=0x30041E98 )
(       libmtguard.so[0xCBBCB000])[B0 BD       ]0x00003E42:	POP	{R4, R5, R7, PC}	;(SP=0x100FFF98 )
(       libmtguard.so[0xCBBCB000])[04 46       ]0x00003894:	MOV	R4, R0	;(R0=0x30041E98 )
(       libmtguard.so[0xCBBCB000])[94 B1       ]0x00003896:	CBZ	R4, #0XCBBCE8BE	;(R4=0x30041E98 )
(       libmtguard.so[0xCBBCB000])[0B 20       ]0x00003898:	MOVS	R0, #0XB
(       libmtguard.so[0xCBBCB000])[C4 E9 00 66 ]0x0000389A:	STRD	R6, R6, [R4]	;(R6=0x00000000 R4=0x30041E98 )
(       libmtguard.so[0xCBBCB000])[C4 E9 02 05 ]0x0000389E:	STRD	R0, R5, [R4, #8]	;(R0=0x0000000B R5=0xCBBCFE51 R4=0x30041E98 )
(       libmtguard.so[0xCBBCB000])[04 20       ]0x000038A2:	MOVS	R0, #4
(       libmtguard.so[0xCBBCB000])[0B 21       ]0x000038A4:	MOVS	R1, #0XB
(       libmtguard.so[0xCBBCB000])[00 22       ]0x000038A6:	MOVS	R2, #0
(       libmtguard.so[0xCBBCB000])[00 23       ]0x000038A8:	MOVS	R3, #0
(       libmtguard.so[0xCBBCB000])[00 F0 B9 FA ]0x000038AA:	BL	#0XCBBCEE20	;(PC=0xCBBCE8AA )
(       libmtguard.so[0xCBBCB000])[B0 B5       ]0x00003E20:	PUSH	{R4, R5, R7, LR}	;(SP=0x100FFFA8 R4=0x30041E98 R5=0xCBBCFE51 R7=0x100FFFB8 LR=0xCBBCE8AF )
(       libmtguard.so[0xCBBCB000])[02 AF       ]0x00003E22:	ADD	R7, SP, #8	;(SP=0x100FFF98 )
(       libmtguard.so[0xCBBCB000])[01 FB 00 F5 ]0x00003E24:	MUL	R5, R1, R0	;(R1=0x0000000B R0=0x00000004 )
(       libmtguard.so[0xCBBCB000])[4D B1       ]0x00003E28:	CBZ	R5, #0XCBBCEE3E	;(R5=0x0000002C )
(       libmtguard.so[0xCBBCB000])[28 46       ]0x00003E2A:	MOV	R0, R5	;(R5=0x0000002C )
(       libmtguard.so[0xCBBCB000])[FE F7 C8 EB ]0x00003E2C:	BLX	#0XCBBCD5C0	;(PC=0xCBBCEE2C )
(       libmtguard.so[0xCBBCB000])[00 C6 8F E2 ]0x000025C0:	ADD	IP, PC, #0, #12	;(PC=0xCBBCD5C0 )
(       libmtguard.so[0xCBBCB000])[3D CA 8C E2 ]0x000025C4:	ADD	IP, IP, #0X3D000	;(IP=0xCBBCD5C8 )
(       libmtguard.so[0xCBBCB000])[04 F9 BC E5 ]0x000025C8:	LDR	PC, [IP, #0X904]!	;(IP=0xCBC0A5C8 )
(       libmtguard.so[0xCBBCB000])[04 46       ]0x00003E30:	MOV	R4, R0	;(R0=0x30041EB0 )
(       libmtguard.so[0xCBBCB000])[24 B1       ]0x00003E32:	CBZ	R4, #0XCBBCEE3E	;(R4=0x30041EB0 )
(       libmtguard.so[0xCBBCB000])[20 46       ]0x00003E34:	MOV	R0, R4	;(R4=0x30041EB0 )
(       libmtguard.so[0xCBBCB000])[29 46       ]0x00003E36:	MOV	R1, R5	;(R5=0x0000002C )
(       libmtguard.so[0xCBBCB000])[FE F7 CE EB ]0x00003E38:	BLX	#0XCBBCD5D8	;(PC=0xCBBCEE38 )
(       libmtguard.so[0xCBBCB000])[00 C6 8F E2 ]0x000025D8:	ADD	IP, PC, #0, #12	;(PC=0xCBBCD5D8 )
(       libmtguard.so[0xCBBCB000])[3D CA 8C E2 ]0x000025DC:	ADD	IP, IP, #0X3D000	;(IP=0xCBBCD5E0 )
(       libmtguard.so[0xCBBCB000])[F4 F8 BC E5 ]0x000025E0:	LDR	PC, [IP, #0X8F4]!	;(IP=0xCBC0A5E0 )
(       libmtguard.so[0xCBBCB000])[00 E0       ]0x00003E3C:	B	#0XCBBCEE40
(       libmtguard.so[0xCBBCB000])[20 46       ]0x00003E40:	MOV	R0, R4	;(R4=0x30041EB0 )
(       libmtguard.so[0xCBBCB000])[B0 BD       ]0x00003E42:	POP	{R4, R5, R7, PC}	;(SP=0x100FFF98 )
(       libmtguard.so[0xCBBCB000])[00 28       ]0x000038AE:	CMP	R0, #0	;(R0=0x30041EB0 )
(       libmtguard.so[0xCBBCB000])[20 60       ]0x000038B0:	STR	R0, [R4]	;(R0=0x30041EB0 R4=0x30041E98 )
(       libmtguard.so[0xCBBCB000])[05 D1       ]0x000038B2:	BNE	#0XCBBCE8C0
(       libmtguard.so[0xCBBCB000])[20 46       ]0x000038C0:	MOV	R0, R4	;(R4=0x30041E98 )
(       libmtguard.so[0xCBBCB000])[5D F8 04 BB ]0x000038C2:	LDR	FP, [SP], #4	;(SP=0x100FFFA8 )
(       libmtguard.so[0xCBBCB000])[F0 BD       ]0x000038C6:	POP	{R4, R5, R6, R7, PC}	;(SP=0x100FFFAC )
(       libmtguard.so[0xCBBCB000])[01 36       ]0x0000CE08:	ADDS	R6, #1	;(R6=0x00000033 )
(       libmtguard.so[0xCBBCB000])[60 60       ]0x0000CE0A:	STR	R0, [R4, #4]	;(R0=0x30041E98 R4=0xCBC0D22C )
(       libmtguard.so[0xCBBCB000])[B6 F5 7C 7F ]0x0000CE0C:	CMP.W	R6, #0X3F0	;(R6=0x00000034 )
(       libmtguard.so[0xCBBCB000])[F3 D1       ]0x0000CE10:	BNE	#0XCBBD7DFA
(       libmtguard.so[0xCBBCB000])[48 46       ]0x0000CDFA:	MOV	R0, SB	;(SB=0xCBBCFE51 )
(       libmtguard.so[0xCBBCB000])[45 F8 36 80 ]0x0000CDFC:	STR.W	R8, [R5, R6, LSL #3]	;(R8=0xFFFFFFFF R5=0xCBC0D094 R6=0x00000034 )
(       libmtguard.so[0xCBBCB000])[05 EB C6 04 ]0x0000CE00:	ADD.W	R4, R5, R6, LSL #3	;(R5=0xCBC0D094 R6=0x00000034 )
(       libmtguard.so[0xCBBCB000])[F6 F7 3A FD ]0x0000CE04:	BL	#0XCBBCE87C	;(PC=0xCBBD7E04 )
(       libmtguard.so[0xCBBCB000])[F0 B5       ]0x0000387C:	PUSH	{R4, R5, R6, R7, LR}	;(SP=0x100FFFC0 R4=0xCBC0D234 R5=0xCBC0D094 R6=0x00000034 R7=0x100FFFE0 LR=0xCBBD7E09 )
(       libmtguard.so[0xCBBCB000])[03 AF       ]0x0000387E:	ADD	R7, SP, #0XC	;(SP=0x100FFFAC )
(       libmtguard.so[0xCBBCB000])[4D F8 04 BD ]0x00003880:	STR	FP, [SP, #-0X4]!	;(FP=0xCBC0B1C4 SP=0x100FFFAC )
(       libmtguard.so[0xCBBCB000])[05 46       ]0x00003884:	MOV	R5, R0	;(R0=0xCBBCFE51 )
(       libmtguard.so[0xCBBCB000])[01 20       ]0x00003886:	MOVS	R0, #1
(       libmtguard.so[0xCBBCB000])[10 21       ]0x00003888:	MOVS	R1, #0X10
(       libmtguard.so[0xCBBCB000])[00 22       ]0x0000388A:	MOVS	R2, #0
(       libmtguard.so[0xCBBCB000])[00 23       ]0x0000388C:	MOVS	R3, #0
(       libmtguard.so[0xCBBCB000])[00 26       ]0x0000388E:	MOVS	R6, #0
(       libmtguard.so[0xCBBCB000])[00 F0 C6 FA ]0x00003890:	BL	#0XCBBCEE20	;(PC=0xCBBCE890 )
(       libmtguard.so[0xCBBCB000])[B0 B5       ]0x00003E20:	PUSH	{R4, R5, R7, LR}	;(SP=0x100FFFA8 R4=0xCBC0D234 R5=0xCBBCFE51 R7=0x100FFFB8 LR=0xCBBCE895 )
(       libmtguard.so[0xCBBCB000])[02 AF       ]0x00003E22:	ADD	R7, SP, #8	;(SP=0x100FFF98 )
(       libmtguard.so[0xCBBCB000])[01 FB 00 F5 ]0x00003E24:	MUL	R5, R1, R0	;(R1=0x00000010 R0=0x00000001 )
(       libmtguard.so[0xCBBCB000])[4D B1       ]0x00003E28:	CBZ	R5, #0XCBBCEE3E	;(R5=0x00000010 )
(       libmtguard.so[0xCBBCB000])[28 46       ]0x00003E2A:	MOV	R0, R5	;(R5=0x00000010 )
(       libmtguard.so[0xCBBCB000])[FE F7 C8 EB ]0x00003E2C:	BLX	#0XCBBCD5C0	;(PC=0xCBBCEE2C )
(       libmtguard.so[0xCBBCB000])[00 C6 8F E2 ]0x000025C0:	ADD	IP, PC, #0, #12	;(PC=0xCBBCD5C0 )
(       libmtguard.so[0xCBBCB000])[3D CA 8C E2 ]0x000025C4:	ADD	IP, IP, #0X3D000	;(IP=0xCBBCD5C8 )
(       libmtguard.so[0xCBBCB000])[04 F9 BC E5 ]0x000025C8:	LDR	PC, [IP, #0X904]!	;(IP=0xCBC0A5C8 )
(       libmtguard.so[0xCBBCB000])[04 46       ]0x00003E30:	MOV	R4, R0	;(R0=0x30041EE0 )
(       libmtguard.so[0xCBBCB000])[24 B1       ]0x00003E32:	CBZ	R4, #0XCBBCEE3E	;(R4=0x30041EE0 )
(       libmtguard.so[0xCBBCB000])[20 46       ]0x00003E34:	MOV	R0, R4	;(R4=0x30041EE0 )
(       libmtguard.so[0xCBBCB000])[29 46       ]0x00003E36:	MOV	R1, R5	;(R5=0x00000010 )
(       libmtguard.so[0xCBBCB000])[FE F7 CE EB ]0x00003E38:	BLX	#0XCBBCD5D8	;(PC=0xCBBCEE38 )
(       libmtguard.so[0xCBBCB000])[00 C6 8F E2 ]0x000025D8:	ADD	IP, PC, #0, #12	;(PC=0xCBBCD5D8 )
(       libmtguard.so[0xCBBCB000])[3D CA 8C E2 ]0x000025DC:	ADD	IP, IP, #0X3D000	;(IP=0xCBBCD5E0 )
(       libmtguard.so[0xCBBCB000])[F4 F8 BC E5 ]0x000025E0:	LDR	PC, [IP, #0X8F4]!	;(IP=0xCBC0A5E0 )
(       libmtguard.so[0xCBBCB000])[00 E0       ]0x00003E3C:	B	#0XCBBCEE40
(       libmtguard.so[0xCBBCB000])[20 46       ]0x00003E40:	MOV	R0, R4	;(R4=0x30041EE0 )
(       libmtguard.so[0xCBBCB000])[B0 BD       ]0x00003E42:	POP	{R4, R5, R7, PC}	;(SP=0x100FFF98 )
(       libmtguard.so[0xCBBCB000])[04 46       ]0x00003894:	MOV	R4, R0	;(R0=0x30041EE0 )
(       libmtguard.so[0xCBBCB000])[94 B1       ]0x00003896:	CBZ	R4, #0XCBBCE8BE	;(R4=0x30041EE0 )
(       libmtguard.so[0xCBBCB000])[0B 20       ]0x00003898:	MOVS	R0, #0XB
(       libmtguard.so[0xCBBCB000])[C4 E9 00 66 ]0x0000389A:	STRD	R6, R6, [R4]	;(R6=0x00000000 R4=0x30041EE0 )
(       libmtguard.so[0xCBBCB000])[C4 E9 02 05 ]0x0000389E:	STRD	R0, R5, [R4, #8]	;(R0=0x0000000B R5=0xCBBCFE51 R4=0x30041EE0 )
(       libmtguard.so[0xCBBCB000])[04 20       ]0x000038A2:	MOVS	R0, #4
(       libmtguard.so[0xCBBCB000])[0B 21       ]0x000038A4:	MOVS	R1, #0XB
(       libmtguard.so[0xCBBCB000])[00 22       ]0x000038A6:	MOVS	R2, #0
(       libmtguard.so[0xCBBCB000])[00 23       ]0x000038A8:	MOVS	R3, #0
(       libmtguard.so[0xCBBCB000])[00 F0 B9 FA ]0x000038AA:	BL	#0XCBBCEE20	;(PC=0xCBBCE8AA )
(       libmtguard.so[0xCBBCB000])[B0 B5       ]0x00003E20:	PUSH	{R4, R5, R7, LR}	;(SP=0x100FFFA8 R4=0x30041EE0 R5=0xCBBCFE51 R7=0x100FFFB8 LR=0xCBBCE8AF )
(       libmtguard.so[0xCBBCB000])[02 AF       ]0x00003E22:	ADD	R7, SP, #8	;(SP=0x100FFF98 )
(       libmtguard.so[0xCBBCB000])[01 FB 00 F5 ]0x00003E24:	MUL	R5, R1, R0	;(R1=0x0000000B R0=0x00000004 )
(       libmtguard.so[0xCBBCB000])[4D B1       ]0x00003E28:	CBZ	R5, #0XCBBCEE3E	;(R5=0x0000002C )
(       libmtguard.so[0xCBBCB000])[28 46       ]0x00003E2A:	MOV	R0, R5	;(R5=0x0000002C )
(       libmtguard.so[0xCBBCB000])[FE F7 C8 EB ]0x00003E2C:	BLX	#0XCBBCD5C0	;(PC=0xCBBCEE2C )
(       libmtguard.so[0xCBBCB000])[00 C6 8F E2 ]0x000025C0:	ADD	IP, PC, #0, #12	;(PC=0xCBBCD5C0 )
(       libmtguard.so[0xCBBCB000])[3D CA 8C E2 ]0x000025C4:	ADD	IP, IP, #0X3D000	;(IP=0xCBBCD5C8 )
(       libmtguard.so[0xCBBCB000])[04 F9 BC E5 ]0x000025C8:	LDR	PC, [IP, #0X904]!	;(IP=0xCBC0A5C8 )
(       libmtguard.so[0xCBBCB000])[04 46       ]0x00003E30:	MOV	R4, R0	;(R0=0x30041EF8 )
(       libmtguard.so[0xCBBCB000])[24 B1       ]0x00003E32:	CBZ	R4, #0XCBBCEE3E	;(R4=0x30041EF8 )
(       libmtguard.so[0xCBBCB000])[20 46       ]0x00003E34:	MOV	R0, R4	;(R4=0x30041EF8 )
(       libmtguard.so[0xCBBCB000])[29 46       ]0x00003E36:	MOV	R1, R5	;(R5=0x0000002C )
(       libmtguard.so[0xCBBCB000])[FE F7 CE EB ]0x00003E38:	BLX	#0XCBBCD5D8	;(PC=0xCBBCEE38 )
(       libmtguard.so[0xCBBCB000])[00 C6 8F E2 ]0x000025D8:	ADD	IP, PC, #0, #12	;(PC=0xCBBCD5D8 )
(       libmtguard.so[0xCBBCB000])[3D CA 8C E2 ]0x000025DC:	ADD	IP, IP, #0X3D000	;(IP=0xCBBCD5E0 )
(       libmtguard.so[0xCBBCB000])[F4 F8 BC E5 ]0x000025E0:	LDR	PC, [IP, #0X8F4]!	;(IP=0xCBC0A5E0 )
(       libmtguard.so[0xCBBCB000])[00 E0       ]0x00003E3C:	B	#0XCBBCEE40
(       libmtguard.so[0xCBBCB000])[20 46       ]0x00003E40:	MOV	R0, R4	;(R4=0x30041EF8 )
(       libmtguard.so[0xCBBCB000])[B0 BD       ]0x00003E42:	POP	{R4, R5, R7, PC}	;(SP=0x100FFF98 )
(       libmtguard.so[0xCBBCB000])[00 28       ]0x000038AE:	CMP	R0, #0	;(R0=0x30041EF8 )
(       libmtguard.so[0xCBBCB000])[20 60       ]0x000038B0:	STR	R0, [R4]	;(R0=0x30041EF8 R4=0x30041EE0 )
(       libmtguard.so[0xCBBCB000])[05 D1       ]0x000038B2:	BNE	#0XCBBCE8C0
(       libmtguard.so[0xCBBCB000])[20 46       ]0x000038C0:	MOV	R0, R4	;(R4=0x30041EE0 )
(       libmtguard.so[0xCBBCB000])[5D F8 04 BB ]0x000038C2:	LDR	FP, [SP], #4	;(SP=0x100FFFA8 )
(       libmtguard.so[0xCBBCB000])[F0 BD       ]0x000038C6:	POP	{R4, R5, R6, R7, PC}	;(SP=0x100FFFAC )
(       libmtguard.so[0xCBBCB000])[01 36       ]0x0000CE08:	ADDS	R6, #1	;(R6=0x00000034 )
(       libmtguard.so[0xCBBCB000])[60 60       ]0x0000CE0A:	STR	R0, [R4, #4]	;(R0=0x30041EE0 R4=0xCBC0D234 )
(       libmtguard.so[0xCBBCB000])[B6 F5 7C 7F ]0x0000CE0C:	CMP.W	R6, #0X3F0	;(R6=0x00000035 )
(       libmtguard.so[0xCBBCB000])[F3 D1       ]0x0000CE10:	BNE	#0XCBBD7DFA
(       libmtguard.so[0xCBBCB000])[48 46       ]0x0000CDFA:	MOV	R0, SB	;(SB=0xCBBCFE51 )
(       libmtguard.so[0xCBBCB000])[45 F8 36 80 ]0x0000CDFC:	STR.W	R8, [R5, R6, LSL #3]	;(R8=0xFFFFFFFF R5=0xCBC0D094 R6=0x00000035 )
(       libmtguard.so[0xCBBCB000])[05 EB C6 04 ]0x0000CE00:	ADD.W	R4, R5, R6, LSL #3	;(R5=0xCBC0D094 R6=0x00000035 )
(       libmtguard.so[0xCBBCB000])[F6 F7 3A FD ]0x0000CE04:	BL	#0XCBBCE87C	;(PC=0xCBBD7E04 )
(       libmtguard.so[0xCBBCB000])[F0 B5       ]0x0000387C:	PUSH	{R4, R5, R6, R7, LR}	;(SP=0x100FFFC0 R4=0xCBC0D23C R5=0xCBC0D094 R6=0x00000035 R7=0x100FFFE0 LR=0xCBBD7E09 )
(       libmtguard.so[0xCBBCB000])[03 AF       ]0x0000387E:	ADD	R7, SP, #0XC	;(SP=0x100FFFAC )
(       libmtguard.so[0xCBBCB000])[4D F8 04 BD ]0x00003880:	STR	FP, [SP, #-0X4]!	;(FP=0xCBC0B1C4 SP=0x100FFFAC )
(       libmtguard.so[0xCBBCB000])[05 46       ]0x00003884:	MOV	R5, R0	;(R0=0xCBBCFE51 )
(       libmtguard.so[0xCBBCB000])[01 20       ]0x00003886:	MOVS	R0, #1
(       libmtguard.so[0xCBBCB000])[10 21       ]0x00003888:	MOVS	R1, #0X10
(       libmtguard.so[0xCBBCB000])[00 22       ]0x0000388A:	MOVS	R2, #0
(       libmtguard.so[0xCBBCB000])[00 23       ]0x0000388C:	MOVS	R3, #0
(       libmtguard.so[0xCBBCB000])[00 26       ]0x0000388E:	MOVS	R6, #0
(       libmtguard.so[0xCBBCB000])[00 F0 C6 FA ]0x00003890:	BL	#0XCBBCEE20	;(PC=0xCBBCE890 )
(       libmtguard.so[0xCBBCB000])[B0 B5       ]0x00003E20:	PUSH	{R4, R5, R7, LR}	;(SP=0x100FFFA8 R4=0xCBC0D23C R5=0xCBBCFE51 R7=0x100FFFB8 LR=0xCBBCE895 )
(       libmtguard.so[0xCBBCB000])[02 AF       ]0x00003E22:	ADD	R7, SP, #8	;(SP=0x100FFF98 )
(       libmtguard.so[0xCBBCB000])[01 FB 00 F5 ]0x00003E24:	MUL	R5, R1, R0	;(R1=0x00000010 R0=0x00000001 )
(       libmtguard.so[0xCBBCB000])[4D B1       ]0x00003E28:	CBZ	R5, #0XCBBCEE3E	;(R5=0x00000010 )
(       libmtguard.so[0xCBBCB000])[28 46       ]0x00003E2A:	MOV	R0, R5	;(R5=0x00000010 )
(       libmtguard.so[0xCBBCB000])[FE F7 C8 EB ]0x00003E2C:	BLX	#0XCBBCD5C0	;(PC=0xCBBCEE2C )
(       libmtguard.so[0xCBBCB000])[00 C6 8F E2 ]0x000025C0:	ADD	IP, PC, #0, #12	;(PC=0xCBBCD5C0 )
(       libmtguard.so[0xCBBCB000])[3D CA 8C E2 ]0x000025C4:	ADD	IP, IP, #0X3D000	;(IP=0xCBBCD5C8 )
(       libmtguard.so[0xCBBCB000])[04 F9 BC E5 ]0x000025C8:	LDR	PC, [IP, #0X904]!	;(IP=0xCBC0A5C8 )
(       libmtguard.so[0xCBBCB000])[04 46       ]0x00003E30:	MOV	R4, R0	;(R0=0x30041F28 )
(       libmtguard.so[0xCBBCB000])[24 B1       ]0x00003E32:	CBZ	R4, #0XCBBCEE3E	;(R4=0x30041F28 )
(       libmtguard.so[0xCBBCB000])[20 46       ]0x00003E34:	MOV	R0, R4	;(R4=0x30041F28 )
(       libmtguard.so[0xCBBCB000])[29 46       ]0x00003E36:	MOV	R1, R5	;(R5=0x00000010 )
(       libmtguard.so[0xCBBCB000])[FE F7 CE EB ]0x00003E38:	BLX	#0XCBBCD5D8	;(PC=0xCBBCEE38 )
(       libmtguard.so[0xCBBCB000])[00 C6 8F E2 ]0x000025D8:	ADD	IP, PC, #0, #12	;(PC=0xCBBCD5D8 )
(       libmtguard.so[0xCBBCB000])[3D CA 8C E2 ]0x000025DC:	ADD	IP, IP, #0X3D000	;(IP=0xCBBCD5E0 )
(       libmtguard.so[0xCBBCB000])[F4 F8 BC E5 ]0x000025E0:	LDR	PC, [IP, #0X8F4]!	;(IP=0xCBC0A5E0 )
(       libmtguard.so[0xCBBCB000])[00 E0       ]0x00003E3C:	B	#0XCBBCEE40
(       libmtguard.so[0xCBBCB000])[20 46       ]0x00003E40:	MOV	R0, R4	;(R4=0x30041F28 )
(       libmtguard.so[0xCBBCB000])[B0 BD       ]0x00003E42:	POP	{R4, R5, R7, PC}	;(SP=0x100FFF98 )
(       libmtguard.so[0xCBBCB000])[04 46       ]0x00003894:	MOV	R4, R0	;(R0=0x30041F28 )
(       libmtguard.so[0xCBBCB000])[94 B1       ]0x00003896:	CBZ	R4, #0XCBBCE8BE	;(R4=0x30041F28 )
(       libmtguard.so[0xCBBCB000])[0B 20       ]0x00003898:	MOVS	R0, #0XB
(       libmtguard.so[0xCBBCB000])[C4 E9 00 66 ]0x0000389A:	STRD	R6, R6, [R4]	;(R6=0x00000000 R4=0x30041F28 )
(       libmtguard.so[0xCBBCB000])[C4 E9 02 05 ]0x0000389E:	STRD	R0, R5, [R4, #8]	;(R0=0x0000000B R5=0xCBBCFE51 R4=0x30041F28 )
(       libmtguard.so[0xCBBCB000])[04 20       ]0x000038A2:	MOVS	R0, #4
(       libmtguard.so[0xCBBCB000])[0B 21       ]0x000038A4:	MOVS	R1, #0XB
(       libmtguard.so[0xCBBCB000])[00 22       ]0x000038A6:	MOVS	R2, #0
(       libmtguard.so[0xCBBCB000])[00 23       ]0x000038A8:	MOVS	R3, #0
(       libmtguard.so[0xCBBCB000])[00 F0 B9 FA ]0x000038AA:	BL	#0XCBBCEE20	;(PC=0xCBBCE8AA )
(       libmtguard.so[0xCBBCB000])[B0 B5       ]0x00003E20:	PUSH	{R4, R5, R7, LR}	;(SP=0x100FFFA8 R4=0x30041F28 R5=0xCBBCFE51 R7=0x100FFFB8 LR=0xCBBCE8AF )
(       libmtguard.so[0xCBBCB000])[02 AF       ]0x00003E22:	ADD	R7, SP, #8	;(SP=0x100FFF98 )
(       libmtguard.so[0xCBBCB000])[01 FB 00 F5 ]0x00003E24:	MUL	R5, R1, R0	;(R1=0x0000000B R0=0x00000004 )
(       libmtguard.so[0xCBBCB000])[4D B1       ]0x00003E28:	CBZ	R5, #0XCBBCEE3E	;(R5=0x0000002C )
(       libmtguard.so[0xCBBCB000])[28 46       ]0x00003E2A:	MOV	R0, R5	;(R5=0x0000002C )
(       libmtguard.so[0xCBBCB000])[FE F7 C8 EB ]0x00003E2C:	BLX	#0XCBBCD5C0	;(PC=0xCBBCEE2C )
(       libmtguard.so[0xCBBCB000])[00 C6 8F E2 ]0x000025C0:	ADD	IP, PC, #0, #12	;(PC=0xCBBCD5C0 )
(       libmtguard.so[0xCBBCB000])[3D CA 8C E2 ]0x000025C4:	ADD	IP, IP, #0X3D000	;(IP=0xCBBCD5C8 )
(       libmtguard.so[0xCBBCB000])[04 F9 BC E5 ]0x000025C8:	LDR	PC, [IP, #0X904]!	;(IP=0xCBC0A5C8 )
(       libmtguard.so[0xCBBCB000])[04 46       ]0x00003E30:	MOV	R4, R0	;(R0=0x30041F40 )
(       libmtguard.so[0xCBBCB000])[24 B1       ]0x00003E32:	CBZ	R4, #0XCBBCEE3E	;(R4=0x30041F40 )
(       libmtguard.so[0xCBBCB000])[20 46       ]0x00003E34:	MOV	R0, R4	;(R4=0x30041F40 )
(       libmtguard.so[0xCBBCB000])[29 46       ]0x00003E36:	MOV	R1, R5	;(R5=0x0000002C )
(       libmtguard.so[0xCBBCB000])[FE F7 CE EB ]0x00003E38:	BLX	#0XCBBCD5D8	;(PC=0xCBBCEE38 )
(       libmtguard.so[0xCBBCB000])[00 C6 8F E2 ]0x000025D8:	ADD	IP, PC, #0, #12	;(PC=0xCBBCD5D8 )
(       libmtguard.so[0xCBBCB000])[3D CA 8C E2 ]0x000025DC:	ADD	IP, IP, #0X3D000	;(IP=0xCBBCD5E0 )
(       libmtguard.so[0xCBBCB000])[F4 F8 BC E5 ]0x000025E0:	LDR	PC, [IP, #0X8F4]!	;(IP=0xCBC0A5E0 )
(       libmtguard.so[0xCBBCB000])[00 E0       ]0x00003E3C:	B	#0XCBBCEE40
(       libmtguard.so[0xCBBCB000])[20 46       ]0x00003E40:	MOV	R0, R4	;(R4=0x30041F40 )
(       libmtguard.so[0xCBBCB000])[B0 BD       ]0x00003E42:	POP	{R4, R5, R7, PC}	;(SP=0x100FFF98 )
(       libmtguard.so[0xCBBCB000])[00 28       ]0x000038AE:	CMP	R0, #0	;(R0=0x30041F40 )
(       libmtguard.so[0xCBBCB000])[20 60       ]0x000038B0:	STR	R0, [R4]	;(R0=0x30041F40 R4=0x30041F28 )
(       libmtguard.so[0xCBBCB000])[05 D1       ]0x000038B2:	BNE	#0XCBBCE8C0
(       libmtguard.so[0xCBBCB000])[20 46       ]0x000038C0:	MOV	R0, R4	;(R4=0x30041F28 )
(       libmtguard.so[0xCBBCB000])[5D F8 04 BB ]0x000038C2:	LDR	FP, [SP], #4	;(SP=0x100FFFA8 )
(       libmtguard.so[0xCBBCB000])[F0 BD       ]0x000038C6:	POP	{R4, R5, R6, R7, PC}	;(SP=0x100FFFAC )
(       libmtguard.so[0xCBBCB000])[01 36       ]0x0000CE08:	ADDS	R6, #1	;(R6=0x00000035 )
(       libmtguard.so[0xCBBCB000])[60 60       ]0x0000CE0A:	STR	R0, [R4, #4]	;(R0=0x30041F28 R4=0xCBC0D23C )
(       libmtguard.so[0xCBBCB000])[B6 F5 7C 7F ]0x0000CE0C:	CMP.W	R6, #0X3F0	;(R6=0x00000036 )
(       libmtguard.so[0xCBBCB000])[F3 D1       ]0x0000CE10:	BNE	#0XCBBD7DFA
(       libmtguard.so[0xCBBCB000])[48 46       ]0x0000CDFA:	MOV	R0, SB	;(SB=0xCBBCFE51 )
(       libmtguard.so[0xCBBCB000])[45 F8 36 80 ]0x0000CDFC:	STR.W	R8, [R5, R6, LSL #3]	;(R8=0xFFFFFFFF R5=0xCBC0D094 R6=0x00000036 )
(       libmtguard.so[0xCBBCB000])[05 EB C6 04 ]0x0000CE00:	ADD.W	R4, R5, R6, LSL #3	;(R5=0xCBC0D094 R6=0x00000036 )
(       libmtguard.so[0xCBBCB000])[F6 F7 3A FD ]0x0000CE04:	BL	#0XCBBCE87C	;(PC=0xCBBD7E04 )
(       libmtguard.so[0xCBBCB000])[F0 B5       ]0x0000387C:	PUSH	{R4, R5, R6, R7, LR}	;(SP=0x100FFFC0 R4=0xCBC0D244 R5=0xCBC0D094 R6=0x00000036 R7=0x100FFFE0 LR=0xCBBD7E09 )
(       libmtguard.so[0xCBBCB000])[03 AF       ]0x0000387E:	ADD	R7, SP, #0XC	;(SP=0x100FFFAC )
(       libmtguard.so[0xCBBCB000])[4D F8 04 BD ]0x00003880:	STR	FP, [SP, #-0X4]!	;(FP=0xCBC0B1C4 SP=0x100FFFAC )
(       libmtguard.so[0xCBBCB000])[05 46       ]0x00003884:	MOV	R5, R0	;(R0=0xCBBCFE51 )
(       libmtguard.so[0xCBBCB000])[01 20       ]0x00003886:	MOVS	R0, #1
(       libmtguard.so[0xCBBCB000])[10 21       ]0x00003888:	MOVS	R1, #0X10
(       libmtguard.so[0xCBBCB000])[00 22       ]0x0000388A:	MOVS	R2, #0
(       libmtguard.so[0xCBBCB000])[00 23       ]0x0000388C:	MOVS	R3, #0
(       libmtguard.so[0xCBBCB000])[00 26       ]0x0000388E:	MOVS	R6, #0
(       libmtguard.so[0xCBBCB000])[00 F0 C6 FA ]0x00003890:	BL	#0XCBBCEE20	;(PC=0xCBBCE890 )
(       libmtguard.so[0xCBBCB000])[B0 B5       ]0x00003E20:	PUSH	{R4, R5, R7, LR}	;(SP=0x100FFFA8 R4=0xCBC0D244 R5=0xCBBCFE51 R7=0x100FFFB8 LR=0xCBBCE895 )
(       libmtguard.so[0xCBBCB000])[02 AF       ]0x00003E22:	ADD	R7, SP, #8	;(SP=0x100FFF98 )
(       libmtguard.so[0xCBBCB000])[01 FB 00 F5 ]0x00003E24:	MUL	R5, R1, R0	;(R1=0x00000010 R0=0x00000001 )
(       libmtguard.so[0xCBBCB000])[4D B1       ]0x00003E28:	CBZ	R5, #0XCBBCEE3E	;(R5=0x00000010 )
(       libmtguard.so[0xCBBCB000])[28 46       ]0x00003E2A:	MOV	R0, R5	;(R5=0x00000010 )
(       libmtguard.so[0xCBBCB000])[FE F7 C8 EB ]0x00003E2C:	BLX	#0XCBBCD5C0	;(PC=0xCBBCEE2C )
(       libmtguard.so[0xCBBCB000])[00 C6 8F E2 ]0x000025C0:	ADD	IP, PC, #0, #12	;(PC=0xCBBCD5C0 )
(       libmtguard.so[0xCBBCB000])[3D CA 8C E2 ]0x000025C4:	ADD	IP, IP, #0X3D000	;(IP=0xCBBCD5C8 )
(       libmtguard.so[0xCBBCB000])[04 F9 BC E5 ]0x000025C8:	LDR	PC, [IP, #0X904]!	;(IP=0xCBC0A5C8 )
(       libmtguard.so[0xCBBCB000])[04 46       ]0x00003E30:	MOV	R4, R0	;(R0=0x30041F70 )
(       libmtguard.so[0xCBBCB000])[24 B1       ]0x00003E32:	CBZ	R4, #0XCBBCEE3E	;(R4=0x30041F70 )
(       libmtguard.so[0xCBBCB000])[20 46       ]0x00003E34:	MOV	R0, R4	;(R4=0x30041F70 )
(       libmtguard.so[0xCBBCB000])[29 46       ]0x00003E36:	MOV	R1, R5	;(R5=0x00000010 )
(       libmtguard.so[0xCBBCB000])[FE F7 CE EB ]0x00003E38:	BLX	#0XCBBCD5D8	;(PC=0xCBBCEE38 )
(       libmtguard.so[0xCBBCB000])[00 C6 8F E2 ]0x000025D8:	ADD	IP, PC, #0, #12	;(PC=0xCBBCD5D8 )
(       libmtguard.so[0xCBBCB000])[3D CA 8C E2 ]0x000025DC:	ADD	IP, IP, #0X3D000	;(IP=0xCBBCD5E0 )
(       libmtguard.so[0xCBBCB000])[F4 F8 BC E5 ]0x000025E0:	LDR	PC, [IP, #0X8F4]!	;(IP=0xCBC0A5E0 )
(       libmtguard.so[0xCBBCB000])[00 E0       ]0x00003E3C:	B	#0XCBBCEE40
(       libmtguard.so[0xCBBCB000])[20 46       ]0x00003E40:	MOV	R0, R4	;(R4=0x30041F70 )
(       libmtguard.so[0xCBBCB000])[B0 BD       ]0x00003E42:	POP	{R4, R5, R7, PC}	;(SP=0x100FFF98 )
(       libmtguard.so[0xCBBCB000])[04 46       ]0x00003894:	MOV	R4, R0	;(R0=0x30041F70 )
(       libmtguard.so[0xCBBCB000])[94 B1       ]0x00003896:	CBZ	R4, #0XCBBCE8BE	;(R4=0x30041F70 )
(       libmtguard.so[0xCBBCB000])[0B 20       ]0x00003898:	MOVS	R0, #0XB
(       libmtguard.so[0xCBBCB000])[C4 E9 00 66 ]0x0000389A:	STRD	R6, R6, [R4]	;(R6=0x00000000 R4=0x30041F70 )
(       libmtguard.so[0xCBBCB000])[C4 E9 02 05 ]0x0000389E:	STRD	R0, R5, [R4, #8]	;(R0=0x0000000B R5=0xCBBCFE51 R4=0x30041F70 )
(       libmtguard.so[0xCBBCB000])[04 20       ]0x000038A2:	MOVS	R0, #4
(       libmtguard.so[0xCBBCB000])[0B 21       ]0x000038A4:	MOVS	R1, #0XB
(       libmtguard.so[0xCBBCB000])[00 22       ]0x000038A6:	MOVS	R2, #0
(       libmtguard.so[0xCBBCB000])[00 23       ]0x000038A8:	MOVS	R3, #0
(       libmtguard.so[0xCBBCB000])[00 F0 B9 FA ]0x000038AA:	BL	#0XCBBCEE20	;(PC=0xCBBCE8AA )
(       libmtguard.so[0xCBBCB000])[B0 B5       ]0x00003E20:	PUSH	{R4, R5, R7, LR}	;(SP=0x100FFFA8 R4=0x30041F70 R5=0xCBBCFE51 R7=0x100FFFB8 LR=0xCBBCE8AF )
(       libmtguard.so[0xCBBCB000])[02 AF       ]0x00003E22:	ADD	R7, SP, #8	;(SP=0x100FFF98 )
(       libmtguard.so[0xCBBCB000])[01 FB 00 F5 ]0x00003E24:	MUL	R5, R1, R0	;(R1=0x0000000B R0=0x00000004 )
(       libmtguard.so[0xCBBCB000])[4D B1       ]0x00003E28:	CBZ	R5, #0XCBBCEE3E	;(R5=0x0000002C )
(       libmtguard.so[0xCBBCB000])[28 46       ]0x00003E2A:	MOV	R0, R5	;(R5=0x0000002C )
(       libmtguard.so[0xCBBCB000])[FE F7 C8 EB ]0x00003E2C:	BLX	#0XCBBCD5C0	;(PC=0xCBBCEE2C )
(       libmtguard.so[0xCBBCB000])[00 C6 8F E2 ]0x000025C0:	ADD	IP, PC, #0, #12	;(PC=0xCBBCD5C0 )
(       libmtguard.so[0xCBBCB000])[3D CA 8C E2 ]0x000025C4:	ADD	IP, IP, #0X3D000	;(IP=0xCBBCD5C8 )
(       libmtguard.so[0xCBBCB000])[04 F9 BC E5 ]0x000025C8:	LDR	PC, [IP, #0X904]!	;(IP=0xCBC0A5C8 )
(       libmtguard.so[0xCBBCB000])[04 46       ]0x00003E30:	MOV	R4, R0	;(R0=0x30041F88 )
(       libmtguard.so[0xCBBCB000])[24 B1       ]0x00003E32:	CBZ	R4, #0XCBBCEE3E	;(R4=0x30041F88 )
(       libmtguard.so[0xCBBCB000])[20 46       ]0x00003E34:	MOV	R0, R4	;(R4=0x30041F88 )
(       libmtguard.so[0xCBBCB000])[29 46       ]0x00003E36:	MOV	R1, R5	;(R5=0x0000002C )
(       libmtguard.so[0xCBBCB000])[FE F7 CE EB ]0x00003E38:	BLX	#0XCBBCD5D8	;(PC=0xCBBCEE38 )
(       libmtguard.so[0xCBBCB000])[00 C6 8F E2 ]0x000025D8:	ADD	IP, PC, #0, #12	;(PC=0xCBBCD5D8 )
(       libmtguard.so[0xCBBCB000])[3D CA 8C E2 ]0x000025DC:	ADD	IP, IP, #0X3D000	;(IP=0xCBBCD5E0 )
(       libmtguard.so[0xCBBCB000])[F4 F8 BC E5 ]0x000025E0:	LDR	PC, [IP, #0X8F4]!	;(IP=0xCBC0A5E0 )
(       libmtguard.so[0xCBBCB000])[00 E0       ]0x00003E3C:	B	#0XCBBCEE40
(       libmtguard.so[0xCBBCB000])[20 46       ]0x00003E40:	MOV	R0, R4	;(R4=0x30041F88 )
(       libmtguard.so[0xCBBCB000])[B0 BD       ]0x00003E42:	POP	{R4, R5, R7, PC}	;(SP=0x100FFF98 )
(       libmtguard.so[0xCBBCB000])[00 28       ]0x000038AE:	CMP	R0, #0	;(R0=0x30041F88 )
(       libmtguard.so[0xCBBCB000])[20 60       ]0x000038B0:	STR	R0, [R4]	;(R0=0x30041F88 R4=0x30041F70 )
(       libmtguard.so[0xCBBCB000])[05 D1       ]0x000038B2:	BNE	#0XCBBCE8C0
(       libmtguard.so[0xCBBCB000])[20 46       ]0x000038C0:	MOV	R0, R4	;(R4=0x30041F70 )
(       libmtguard.so[0xCBBCB000])[5D F8 04 BB ]0x000038C2:	LDR	FP, [SP], #4	;(SP=0x100FFFA8 )
(       libmtguard.so[0xCBBCB000])[F0 BD       ]0x000038C6:	POP	{R4, R5, R6, R7, PC}	;(SP=0x100FFFAC )
(       libmtguard.so[0xCBBCB000])[01 36       ]0x0000CE08:	ADDS	R6, #1	;(R6=0x00000036 )
(       libmtguard.so[0xCBBCB000])[60 60       ]0x0000CE0A:	STR	R0, [R4, #4]	;(R0=0x30041F70 R4=0xCBC0D244 )
(       libmtguard.so[0xCBBCB000])[B6 F5 7C 7F ]0x0000CE0C:	CMP.W	R6, #0X3F0	;(R6=0x00000037 )
(       libmtguard.so[0xCBBCB000])[F3 D1       ]0x0000CE10:	BNE	#0XCBBD7DFA
(       libmtguard.so[0xCBBCB000])[48 46       ]0x0000CDFA:	MOV	R0, SB	;(SB=0xCBBCFE51 )
(       libmtguard.so[0xCBBCB000])[45 F8 36 80 ]0x0000CDFC:	STR.W	R8, [R5, R6, LSL #3]	;(R8=0xFFFFFFFF R5=0xCBC0D094 R6=0x00000037 )
(       libmtguard.so[0xCBBCB000])[05 EB C6 04 ]0x0000CE00:	ADD.W	R4, R5, R6, LSL #3	;(R5=0xCBC0D094 R6=0x00000037 )
(       libmtguard.so[0xCBBCB000])[F6 F7 3A FD ]0x0000CE04:	BL	#0XCBBCE87C	;(PC=0xCBBD7E04 )
(       libmtguard.so[0xCBBCB000])[F0 B5       ]0x0000387C:	PUSH	{R4, R5, R6, R7, LR}	;(SP=0x100FFFC0 R4=0xCBC0D24C R5=0xCBC0D094 R6=0x00000037 R7=0x100FFFE0 LR=0xCBBD7E09 )
(       libmtguard.so[0xCBBCB000])[03 AF       ]0x0000387E:	ADD	R7, SP, #0XC	;(SP=0x100FFFAC )
(       libmtguard.so[0xCBBCB000])[4D F8 04 BD ]0x00003880:	STR	FP, [SP, #-0X4]!	;(FP=0xCBC0B1C4 SP=0x100FFFAC )
(       libmtguard.so[0xCBBCB000])[05 46       ]0x00003884:	MOV	R5, R0	;(R0=0xCBBCFE51 )
(       libmtguard.so[0xCBBCB000])[01 20       ]0x00003886:	MOVS	R0, #1
(       libmtguard.so[0xCBBCB000])[10 21       ]0x00003888:	MOVS	R1, #0X10
(       libmtguard.so[0xCBBCB000])[00 22       ]0x0000388A:	MOVS	R2, #0
(       libmtguard.so[0xCBBCB000])[00 23       ]0x0000388C:	MOVS	R3, #0
(       libmtguard.so[0xCBBCB000])[00 26       ]0x0000388E:	MOVS	R6, #0
(       libmtguard.so[0xCBBCB000])[00 F0 C6 FA ]0x00003890:	BL	#0XCBBCEE20	;(PC=0xCBBCE890 )
(       libmtguard.so[0xCBBCB000])[B0 B5       ]0x00003E20:	PUSH	{R4, R5, R7, LR}	;(SP=0x100FFFA8 R4=0xCBC0D24C R5=0xCBBCFE51 R7=0x100FFFB8 LR=0xCBBCE895 )
(       libmtguard.so[0xCBBCB000])[02 AF       ]0x00003E22:	ADD	R7, SP, #8	;(SP=0x100FFF98 )
(       libmtguard.so[0xCBBCB000])[01 FB 00 F5 ]0x00003E24:	MUL	R5, R1, R0	;(R1=0x00000010 R0=0x00000001 )
(       libmtguard.so[0xCBBCB000])[4D B1       ]0x00003E28:	CBZ	R5, #0XCBBCEE3E	;(R5=0x00000010 )
(       libmtguard.so[0xCBBCB000])[28 46       ]0x00003E2A:	MOV	R0, R5	;(R5=0x00000010 )
(       libmtguard.so[0xCBBCB000])[FE F7 C8 EB ]0x00003E2C:	BLX	#0XCBBCD5C0	;(PC=0xCBBCEE2C )
(       libmtguard.so[0xCBBCB000])[00 C6 8F E2 ]0x000025C0:	ADD	IP, PC, #0, #12	;(PC=0xCBBCD5C0 )
(       libmtguard.so[0xCBBCB000])[3D CA 8C E2 ]0x000025C4:	ADD	IP, IP, #0X3D000	;(IP=0xCBBCD5C8 )
(       libmtguard.so[0xCBBCB000])[04 F9 BC E5 ]0x000025C8:	LDR	PC, [IP, #0X904]!	;(IP=0xCBC0A5C8 )
(       libmtguard.so[0xCBBCB000])[04 46       ]0x00003E30:	MOV	R4, R0	;(R0=0x30041FB8 )
(       libmtguard.so[0xCBBCB000])[24 B1       ]0x00003E32:	CBZ	R4, #0XCBBCEE3E	;(R4=0x30041FB8 )
(       libmtguard.so[0xCBBCB000])[20 46       ]0x00003E34:	MOV	R0, R4	;(R4=0x30041FB8 )
(       libmtguard.so[0xCBBCB000])[29 46       ]0x00003E36:	MOV	R1, R5	;(R5=0x00000010 )
(       libmtguard.so[0xCBBCB000])[FE F7 CE EB ]0x00003E38:	BLX	#0XCBBCD5D8	;(PC=0xCBBCEE38 )
(       libmtguard.so[0xCBBCB000])[00 C6 8F E2 ]0x000025D8:	ADD	IP, PC, #0, #12	;(PC=0xCBBCD5D8 )
(       libmtguard.so[0xCBBCB000])[3D CA 8C E2 ]0x000025DC:	ADD	IP, IP, #0X3D000	;(IP=0xCBBCD5E0 )
(       libmtguard.so[0xCBBCB000])[F4 F8 BC E5 ]0x000025E0:	LDR	PC, [IP, #0X8F4]!	;(IP=0xCBC0A5E0 )
(       libmtguard.so[0xCBBCB000])[00 E0       ]0x00003E3C:	B	#0XCBBCEE40
(       libmtguard.so[0xCBBCB000])[20 46       ]0x00003E40:	MOV	R0, R4	;(R4=0x30041FB8 )
(       libmtguard.so[0xCBBCB000])[B0 BD       ]0x00003E42:	POP	{R4, R5, R7, PC}	;(SP=0x100FFF98 )
(       libmtguard.so[0xCBBCB000])[04 46       ]0x00003894:	MOV	R4, R0	;(R0=0x30041FB8 )
(       libmtguard.so[0xCBBCB000])[94 B1       ]0x00003896:	CBZ	R4, #0XCBBCE8BE	;(R4=0x30041FB8 )
(       libmtguard.so[0xCBBCB000])[0B 20       ]0x00003898:	MOVS	R0, #0XB
(       libmtguard.so[0xCBBCB000])[C4 E9 00 66 ]0x0000389A:	STRD	R6, R6, [R4]	;(R6=0x00000000 R4=0x30041FB8 )
(       libmtguard.so[0xCBBCB000])[C4 E9 02 05 ]0x0000389E:	STRD	R0, R5, [R4, #8]	;(R0=0x0000000B R5=0xCBBCFE51 R4=0x30041FB8 )
(       libmtguard.so[0xCBBCB000])[04 20       ]0x000038A2:	MOVS	R0, #4
(       libmtguard.so[0xCBBCB000])[0B 21       ]0x000038A4:	MOVS	R1, #0XB
(       libmtguard.so[0xCBBCB000])[00 22       ]0x000038A6:	MOVS	R2, #0
(       libmtguard.so[0xCBBCB000])[00 23       ]0x000038A8:	MOVS	R3, #0
(       libmtguard.so[0xCBBCB000])[00 F0 B9 FA ]0x000038AA:	BL	#0XCBBCEE20	;(PC=0xCBBCE8AA )
(       libmtguard.so[0xCBBCB000])[B0 B5       ]0x00003E20:	PUSH	{R4, R5, R7, LR}	;(SP=0x100FFFA8 R4=0x30041FB8 R5=0xCBBCFE51 R7=0x100FFFB8 LR=0xCBBCE8AF )
(       libmtguard.so[0xCBBCB000])[02 AF       ]0x00003E22:	ADD	R7, SP, #8	;(SP=0x100FFF98 )
(       libmtguard.so[0xCBBCB000])[01 FB 00 F5 ]0x00003E24:	MUL	R5, R1, R0	;(R1=0x0000000B R0=0x00000004 )
(       libmtguard.so[0xCBBCB000])[4D B1       ]0x00003E28:	CBZ	R5, #0XCBBCEE3E	;(R5=0x0000002C )
(       libmtguard.so[0xCBBCB000])[28 46       ]0x00003E2A:	MOV	R0, R5	;(R5=0x0000002C )
(       libmtguard.so[0xCBBCB000])[FE F7 C8 EB ]0x00003E2C:	BLX	#0XCBBCD5C0	;(PC=0xCBBCEE2C )
(       libmtguard.so[0xCBBCB000])[00 C6 8F E2 ]0x000025C0:	ADD	IP, PC, #0, #12	;(PC=0xCBBCD5C0 )
(       libmtguard.so[0xCBBCB000])[3D CA 8C E2 ]0x000025C4:	ADD	IP, IP, #0X3D000	;(IP=0xCBBCD5C8 )
(       libmtguard.so[0xCBBCB000])[04 F9 BC E5 ]0x000025C8:	LDR	PC, [IP, #0X904]!	;(IP=0xCBC0A5C8 )
(       libmtguard.so[0xCBBCB000])[04 46       ]0x00003E30:	MOV	R4, R0	;(R0=0x30043008 )
(       libmtguard.so[0xCBBCB000])[24 B1       ]0x00003E32:	CBZ	R4, #0XCBBCEE3E	;(R4=0x30043008 )
(       libmtguard.so[0xCBBCB000])[20 46       ]0x00003E34:	MOV	R0, R4	;(R4=0x30043008 )
(       libmtguard.so[0xCBBCB000])[29 46       ]0x00003E36:	MOV	R1, R5	;(R5=0x0000002C )
(       libmtguard.so[0xCBBCB000])[FE F7 CE EB ]0x00003E38:	BLX	#0XCBBCD5D8	;(PC=0xCBBCEE38 )
(       libmtguard.so[0xCBBCB000])[00 C6 8F E2 ]0x000025D8:	ADD	IP, PC, #0, #12	;(PC=0xCBBCD5D8 )
(       libmtguard.so[0xCBBCB000])[3D CA 8C E2 ]0x000025DC:	ADD	IP, IP, #0X3D000	;(IP=0xCBBCD5E0 )
(       libmtguard.so[0xCBBCB000])[F4 F8 BC E5 ]0x000025E0:	LDR	PC, [IP, #0X8F4]!	;(IP=0xCBC0A5E0 )
(       libmtguard.so[0xCBBCB000])[00 E0       ]0x00003E3C:	B	#0XCBBCEE40
(       libmtguard.so[0xCBBCB000])[20 46       ]0x00003E40:	MOV	R0, R4	;(R4=0x30043008 )
(       libmtguard.so[0xCBBCB000])[B0 BD       ]0x00003E42:	POP	{R4, R5, R7, PC}	;(SP=0x100FFF98 )
(       libmtguard.so[0xCBBCB000])[00 28       ]0x000038AE:	CMP	R0, #0	;(R0=0x30043008 )
(       libmtguard.so[0xCBBCB000])[20 60       ]0x000038B0:	STR	R0, [R4]	;(R0=0x30043008 R4=0x30041FB8 )
(       libmtguard.so[0xCBBCB000])[05 D1       ]0x000038B2:	BNE	#0XCBBCE8C0
(       libmtguard.so[0xCBBCB000])[20 46       ]0x000038C0:	MOV	R0, R4	;(R4=0x30041FB8 )
(       libmtguard.so[0xCBBCB000])[5D F8 04 BB ]0x000038C2:	LDR	FP, [SP], #4	;(SP=0x100FFFA8 )
(       libmtguard.so[0xCBBCB000])[F0 BD       ]0x000038C6:	POP	{R4, R5, R6, R7, PC}	;(SP=0x100FFFAC )
(       libmtguard.so[0xCBBCB000])[01 36       ]0x0000CE08:	ADDS	R6, #1	;(R6=0x00000037 )
(       libmtguard.so[0xCBBCB000])[60 60       ]0x0000CE0A:	STR	R0, [R4, #4]	;(R0=0x30041FB8 R4=0xCBC0D24C )
(       libmtguard.so[0xCBBCB000])[B6 F5 7C 7F ]0x0000CE0C:	CMP.W	R6, #0X3F0	;(R6=0x00000038 )
(       libmtguard.so[0xCBBCB000])[F3 D1       ]0x0000CE10:	BNE	#0XCBBD7DFA
(       libmtguard.so[0xCBBCB000])[48 46       ]0x0000CDFA:	MOV	R0, SB	;(SB=0xCBBCFE51 )
(       libmtguard.so[0xCBBCB000])[45 F8 36 80 ]0x0000CDFC:	STR.W	R8, [R5, R6, LSL #3]	;(R8=0xFFFFFFFF R5=0xCBC0D094 R6=0x00000038 )
(       libmtguard.so[0xCBBCB000])[05 EB C6 04 ]0x0000CE00:	ADD.W	R4, R5, R6, LSL #3	;(R5=0xCBC0D094 R6=0x00000038 )
(       libmtguard.so[0xCBBCB000])[F6 F7 3A FD ]0x0000CE04:	BL	#0XCBBCE87C	;(PC=0xCBBD7E04 )
(       libmtguard.so[0xCBBCB000])[F0 B5       ]0x0000387C:	PUSH	{R4, R5, R6, R7, LR}	;(SP=0x100FFFC0 R4=0xCBC0D254 R5=0xCBC0D094 R6=0x00000038 R7=0x100FFFE0 LR=0xCBBD7E09 )
(       libmtguard.so[0xCBBCB000])[03 AF       ]0x0000387E:	ADD	R7, SP, #0XC	;(SP=0x100FFFAC )
(       libmtguard.so[0xCBBCB000])[4D F8 04 BD ]0x00003880:	STR	FP, [SP, #-0X4]!	;(FP=0xCBC0B1C4 SP=0x100FFFAC )
(       libmtguard.so[0xCBBCB000])[05 46       ]0x00003884:	MOV	R5, R0	;(R0=0xCBBCFE51 )
(       libmtguard.so[0xCBBCB000])[01 20       ]0x00003886:	MOVS	R0, #1
(       libmtguard.so[0xCBBCB000])[10 21       ]0x00003888:	MOVS	R1, #0X10
(       libmtguard.so[0xCBBCB000])[00 22       ]0x0000388A:	MOVS	R2, #0
(       libmtguard.so[0xCBBCB000])[00 23       ]0x0000388C:	MOVS	R3, #0
(       libmtguard.so[0xCBBCB000])[00 26       ]0x0000388E:	MOVS	R6, #0
(       libmtguard.so[0xCBBCB000])[00 F0 C6 FA ]0x00003890:	BL	#0XCBBCEE20	;(PC=0xCBBCE890 )
(       libmtguard.so[0xCBBCB000])[B0 B5       ]0x00003E20:	PUSH	{R4, R5, R7, LR}	;(SP=0x100FFFA8 R4=0xCBC0D254 R5=0xCBBCFE51 R7=0x100FFFB8 LR=0xCBBCE895 )
(       libmtguard.so[0xCBBCB000])[02 AF       ]0x00003E22:	ADD	R7, SP, #8	;(SP=0x100FFF98 )
(       libmtguard.so[0xCBBCB000])[01 FB 00 F5 ]0x00003E24:	MUL	R5, R1, R0	;(R1=0x00000010 R0=0x00000001 )
(       libmtguard.so[0xCBBCB000])[4D B1       ]0x00003E28:	CBZ	R5, #0XCBBCEE3E	;(R5=0x00000010 )
(       libmtguard.so[0xCBBCB000])[28 46       ]0x00003E2A:	MOV	R0, R5	;(R5=0x00000010 )
(       libmtguard.so[0xCBBCB000])[FE F7 C8 EB ]0x00003E2C:	BLX	#0XCBBCD5C0	;(PC=0xCBBCEE2C )
(       libmtguard.so[0xCBBCB000])[00 C6 8F E2 ]0x000025C0:	ADD	IP, PC, #0, #12	;(PC=0xCBBCD5C0 )
(       libmtguard.so[0xCBBCB000])[3D CA 8C E2 ]0x000025C4:	ADD	IP, IP, #0X3D000	;(IP=0xCBBCD5C8 )
(       libmtguard.so[0xCBBCB000])[04 F9 BC E5 ]0x000025C8:	LDR	PC, [IP, #0X904]!	;(IP=0xCBC0A5C8 )
(       libmtguard.so[0xCBBCB000])[04 46       ]0x00003E30:	MOV	R4, R0	;(R0=0x30043038 )
(       libmtguard.so[0xCBBCB000])[24 B1       ]0x00003E32:	CBZ	R4, #0XCBBCEE3E	;(R4=0x30043038 )
(       libmtguard.so[0xCBBCB000])[20 46       ]0x00003E34:	MOV	R0, R4	;(R4=0x30043038 )
(       libmtguard.so[0xCBBCB000])[29 46       ]0x00003E36:	MOV	R1, R5	;(R5=0x00000010 )
(       libmtguard.so[0xCBBCB000])[FE F7 CE EB ]0x00003E38:	BLX	#0XCBBCD5D8	;(PC=0xCBBCEE38 )
(       libmtguard.so[0xCBBCB000])[00 C6 8F E2 ]0x000025D8:	ADD	IP, PC, #0, #12	;(PC=0xCBBCD5D8 )
(       libmtguard.so[0xCBBCB000])[3D CA 8C E2 ]0x000025DC:	ADD	IP, IP, #0X3D000	;(IP=0xCBBCD5E0 )
(       libmtguard.so[0xCBBCB000])[F4 F8 BC E5 ]0x000025E0:	LDR	PC, [IP, #0X8F4]!	;(IP=0xCBC0A5E0 )
(       libmtguard.so[0xCBBCB000])[00 E0       ]0x00003E3C:	B	#0XCBBCEE40
(       libmtguard.so[0xCBBCB000])[20 46       ]0x00003E40:	MOV	R0, R4	;(R4=0x30043038 )
(       libmtguard.so[0xCBBCB000])[B0 BD       ]0x00003E42:	POP	{R4, R5, R7, PC}	;(SP=0x100FFF98 )
(       libmtguard.so[0xCBBCB000])[04 46       ]0x00003894:	MOV	R4, R0	;(R0=0x30043038 )
(       libmtguard.so[0xCBBCB000])[94 B1       ]0x00003896:	CBZ	R4, #0XCBBCE8BE	;(R4=0x30043038 )
(       libmtguard.so[0xCBBCB000])[0B 20       ]0x00003898:	MOVS	R0, #0XB
(       libmtguard.so[0xCBBCB000])[C4 E9 00 66 ]0x0000389A:	STRD	R6, R6, [R4]	;(R6=0x00000000 R4=0x30043038 )
(       libmtguard.so[0xCBBCB000])[C4 E9 02 05 ]0x0000389E:	STRD	R0, R5, [R4, #8]	;(R0=0x0000000B R5=0xCBBCFE51 R4=0x30043038 )
(       libmtguard.so[0xCBBCB000])[04 20       ]0x000038A2:	MOVS	R0, #4
(       libmtguard.so[0xCBBCB000])[0B 21       ]0x000038A4:	MOVS	R1, #0XB
(       libmtguard.so[0xCBBCB000])[00 22       ]0x000038A6:	MOVS	R2, #0
(       libmtguard.so[0xCBBCB000])[00 23       ]0x000038A8:	MOVS	R3, #0
(       libmtguard.so[0xCBBCB000])[00 F0 B9 FA ]0x000038AA:	BL	#0XCBBCEE20	;(PC=0xCBBCE8AA )
(       libmtguard.so[0xCBBCB000])[B0 B5       ]0x00003E20:	PUSH	{R4, R5, R7, LR}	;(SP=0x100FFFA8 R4=0x30043038 R5=0xCBBCFE51 R7=0x100FFFB8 LR=0xCBBCE8AF )
(       libmtguard.so[0xCBBCB000])[02 AF       ]0x00003E22:	ADD	R7, SP, #8	;(SP=0x100FFF98 )
(       libmtguard.so[0xCBBCB000])[01 FB 00 F5 ]0x00003E24:	MUL	R5, R1, R0	;(R1=0x0000000B R0=0x00000004 )
(       libmtguard.so[0xCBBCB000])[4D B1       ]0x00003E28:	CBZ	R5, #0XCBBCEE3E	;(R5=0x0000002C )
(       libmtguard.so[0xCBBCB000])[28 46       ]0x00003E2A:	MOV	R0, R5	;(R5=0x0000002C )
(       libmtguard.so[0xCBBCB000])[FE F7 C8 EB ]0x00003E2C:	BLX	#0XCBBCD5C0	;(PC=0xCBBCEE2C )
(       libmtguard.so[0xCBBCB000])[00 C6 8F E2 ]0x000025C0:	ADD	IP, PC, #0, #12	;(PC=0xCBBCD5C0 )
(       libmtguard.so[0xCBBCB000])[3D CA 8C E2 ]0x000025C4:	ADD	IP, IP, #0X3D000	;(IP=0xCBBCD5C8 )
(       libmtguard.so[0xCBBCB000])[04 F9 BC E5 ]0x000025C8:	LDR	PC, [IP, #0X904]!	;(IP=0xCBC0A5C8 )
(       libmtguard.so[0xCBBCB000])[04 46       ]0x00003E30:	MOV	R4, R0	;(R0=0x30043050 )
(       libmtguard.so[0xCBBCB000])[24 B1       ]0x00003E32:	CBZ	R4, #0XCBBCEE3E	;(R4=0x30043050 )
(       libmtguard.so[0xCBBCB000])[20 46       ]0x00003E34:	MOV	R0, R4	;(R4=0x30043050 )
(       libmtguard.so[0xCBBCB000])[29 46       ]0x00003E36:	MOV	R1, R5	;(R5=0x0000002C )
(       libmtguard.so[0xCBBCB000])[FE F7 CE EB ]0x00003E38:	BLX	#0XCBBCD5D8	;(PC=0xCBBCEE38 )
(       libmtguard.so[0xCBBCB000])[00 C6 8F E2 ]0x000025D8:	ADD	IP, PC, #0, #12	;(PC=0xCBBCD5D8 )
(       libmtguard.so[0xCBBCB000])[3D CA 8C E2 ]0x000025DC:	ADD	IP, IP, #0X3D000	;(IP=0xCBBCD5E0 )
(       libmtguard.so[0xCBBCB000])[F4 F8 BC E5 ]0x000025E0:	LDR	PC, [IP, #0X8F4]!	;(IP=0xCBC0A5E0 )
(       libmtguard.so[0xCBBCB000])[00 E0       ]0x00003E3C:	B	#0XCBBCEE40
(       libmtguard.so[0xCBBCB000])[20 46       ]0x00003E40:	MOV	R0, R4	;(R4=0x30043050 )
(       libmtguard.so[0xCBBCB000])[B0 BD       ]0x00003E42:	POP	{R4, R5, R7, PC}	;(SP=0x100FFF98 )
(       libmtguard.so[0xCBBCB000])[00 28       ]0x000038AE:	CMP	R0, #0	;(R0=0x30043050 )
(       libmtguard.so[0xCBBCB000])[20 60       ]0x000038B0:	STR	R0, [R4]	;(R0=0x30043050 R4=0x30043038 )
(       libmtguard.so[0xCBBCB000])[05 D1       ]0x000038B2:	BNE	#0XCBBCE8C0
(       libmtguard.so[0xCBBCB000])[20 46       ]0x000038C0:	MOV	R0, R4	;(R4=0x30043038 )
(       libmtguard.so[0xCBBCB000])[5D F8 04 BB ]0x000038C2:	LDR	FP, [SP], #4	;(SP=0x100FFFA8 )
(       libmtguard.so[0xCBBCB000])[F0 BD       ]0x000038C6:	POP	{R4, R5, R6, R7, PC}	;(SP=0x100FFFAC )
(       libmtguard.so[0xCBBCB000])[01 36       ]0x0000CE08:	ADDS	R6, #1	;(R6=0x00000038 )
(       libmtguard.so[0xCBBCB000])[60 60       ]0x0000CE0A:	STR	R0, [R4, #4]	;(R0=0x30043038 R4=0xCBC0D254 )
(       libmtguard.so[0xCBBCB000])[B6 F5 7C 7F ]0x0000CE0C:	CMP.W	R6, #0X3F0	;(R6=0x00000039 )
(       libmtguard.so[0xCBBCB000])[F3 D1       ]0x0000CE10:	BNE	#0XCBBD7DFA
(       libmtguard.so[0xCBBCB000])[48 46       ]0x0000CDFA:	MOV	R0, SB	;(SB=0xCBBCFE51 )
(       libmtguard.so[0xCBBCB000])[45 F8 36 80 ]0x0000CDFC:	STR.W	R8, [R5, R6, LSL #3]	;(R8=0xFFFFFFFF R5=0xCBC0D094 R6=0x00000039 )
(       libmtguard.so[0xCBBCB000])[05 EB C6 04 ]0x0000CE00:	ADD.W	R4, R5, R6, LSL #3	;(R5=0xCBC0D094 R6=0x00000039 )
(       libmtguard.so[0xCBBCB000])[F6 F7 3A FD ]0x0000CE04:	BL	#0XCBBCE87C	;(PC=0xCBBD7E04 )
(       libmtguard.so[0xCBBCB000])[F0 B5       ]0x0000387C:	PUSH	{R4, R5, R6, R7, LR}	;(SP=0x100FFFC0 R4=0xCBC0D25C R5=0xCBC0D094 R6=0x00000039 R7=0x100FFFE0 LR=0xCBBD7E09 )
(       libmtguard.so[0xCBBCB000])[03 AF       ]0x0000387E:	ADD	R7, SP, #0XC	;(SP=0x100FFFAC )
(       libmtguard.so[0xCBBCB000])[4D F8 04 BD ]0x00003880:	STR	FP, [SP, #-0X4]!	;(FP=0xCBC0B1C4 SP=0x100FFFAC )
(       libmtguard.so[0xCBBCB000])[05 46       ]0x00003884:	MOV	R5, R0	;(R0=0xCBBCFE51 )
(       libmtguard.so[0xCBBCB000])[01 20       ]0x00003886:	MOVS	R0, #1
(       libmtguard.so[0xCBBCB000])[10 21       ]0x00003888:	MOVS	R1, #0X10
(       libmtguard.so[0xCBBCB000])[00 22       ]0x0000388A:	MOVS	R2, #0
(       libmtguard.so[0xCBBCB000])[00 23       ]0x0000388C:	MOVS	R3, #0
(       libmtguard.so[0xCBBCB000])[00 26       ]0x0000388E:	MOVS	R6, #0
(       libmtguard.so[0xCBBCB000])[00 F0 C6 FA ]0x00003890:	BL	#0XCBBCEE20	;(PC=0xCBBCE890 )
(       libmtguard.so[0xCBBCB000])[B0 B5       ]0x00003E20:	PUSH	{R4, R5, R7, LR}	;(SP=0x100FFFA8 R4=0xCBC0D25C R5=0xCBBCFE51 R7=0x100FFFB8 LR=0xCBBCE895 )
(       libmtguard.so[0xCBBCB000])[02 AF       ]0x00003E22:	ADD	R7, SP, #8	;(SP=0x100FFF98 )
(       libmtguard.so[0xCBBCB000])[01 FB 00 F5 ]0x00003E24:	MUL	R5, R1, R0	;(R1=0x00000010 R0=0x00000001 )
(       libmtguard.so[0xCBBCB000])[4D B1       ]0x00003E28:	CBZ	R5, #0XCBBCEE3E	;(R5=0x00000010 )
(       libmtguard.so[0xCBBCB000])[28 46       ]0x00003E2A:	MOV	R0, R5	;(R5=0x00000010 )
(       libmtguard.so[0xCBBCB000])[FE F7 C8 EB ]0x00003E2C:	BLX	#0XCBBCD5C0	;(PC=0xCBBCEE2C )
(       libmtguard.so[0xCBBCB000])[00 C6 8F E2 ]0x000025C0:	ADD	IP, PC, #0, #12	;(PC=0xCBBCD5C0 )
(       libmtguard.so[0xCBBCB000])[3D CA 8C E2 ]0x000025C4:	ADD	IP, IP, #0X3D000	;(IP=0xCBBCD5C8 )
(       libmtguard.so[0xCBBCB000])[04 F9 BC E5 ]0x000025C8:	LDR	PC, [IP, #0X904]!	;(IP=0xCBC0A5C8 )
(       libmtguard.so[0xCBBCB000])[04 46       ]0x00003E30:	MOV	R4, R0	;(R0=0x30043080 )
(       libmtguard.so[0xCBBCB000])[24 B1       ]0x00003E32:	CBZ	R4, #0XCBBCEE3E	;(R4=0x30043080 )
(       libmtguard.so[0xCBBCB000])[20 46       ]0x00003E34:	MOV	R0, R4	;(R4=0x30043080 )
(       libmtguard.so[0xCBBCB000])[29 46       ]0x00003E36:	MOV	R1, R5	;(R5=0x00000010 )
(       libmtguard.so[0xCBBCB000])[FE F7 CE EB ]0x00003E38:	BLX	#0XCBBCD5D8	;(PC=0xCBBCEE38 )
(       libmtguard.so[0xCBBCB000])[00 C6 8F E2 ]0x000025D8:	ADD	IP, PC, #0, #12	;(PC=0xCBBCD5D8 )
(       libmtguard.so[0xCBBCB000])[3D CA 8C E2 ]0x000025DC:	ADD	IP, IP, #0X3D000	;(IP=0xCBBCD5E0 )
(       libmtguard.so[0xCBBCB000])[F4 F8 BC E5 ]0x000025E0:	LDR	PC, [IP, #0X8F4]!	;(IP=0xCBC0A5E0 )
(       libmtguard.so[0xCBBCB000])[00 E0       ]0x00003E3C:	B	#0XCBBCEE40
(       libmtguard.so[0xCBBCB000])[20 46       ]0x00003E40:	MOV	R0, R4	;(R4=0x30043080 )
(       libmtguard.so[0xCBBCB000])[B0 BD       ]0x00003E42:	POP	{R4, R5, R7, PC}	;(SP=0x100FFF98 )
(       libmtguard.so[0xCBBCB000])[04 46       ]0x00003894:	MOV	R4, R0	;(R0=0x30043080 )
(       libmtguard.so[0xCBBCB000])[94 B1       ]0x00003896:	CBZ	R4, #0XCBBCE8BE	;(R4=0x30043080 )
(       libmtguard.so[0xCBBCB000])[0B 20       ]0x00003898:	MOVS	R0, #0XB
(       libmtguard.so[0xCBBCB000])[C4 E9 00 66 ]0x0000389A:	STRD	R6, R6, [R4]	;(R6=0x00000000 R4=0x30043080 )
(       libmtguard.so[0xCBBCB000])[C4 E9 02 05 ]0x0000389E:	STRD	R0, R5, [R4, #8]	;(R0=0x0000000B R5=0xCBBCFE51 R4=0x30043080 )
(       libmtguard.so[0xCBBCB000])[04 20       ]0x000038A2:	MOVS	R0, #4
(       libmtguard.so[0xCBBCB000])[0B 21       ]0x000038A4:	MOVS	R1, #0XB
(       libmtguard.so[0xCBBCB000])[00 22       ]0x000038A6:	MOVS	R2, #0
(       libmtguard.so[0xCBBCB000])[00 23       ]0x000038A8:	MOVS	R3, #0
(       libmtguard.so[0xCBBCB000])[00 F0 B9 FA ]0x000038AA:	BL	#0XCBBCEE20	;(PC=0xCBBCE8AA )
(       libmtguard.so[0xCBBCB000])[B0 B5       ]0x00003E20:	PUSH	{R4, R5, R7, LR}	;(SP=0x100FFFA8 R4=0x30043080 R5=0xCBBCFE51 R7=0x100FFFB8 LR=0xCBBCE8AF )
(       libmtguard.so[0xCBBCB000])[02 AF       ]0x00003E22:	ADD	R7, SP, #8	;(SP=0x100FFF98 )
(       libmtguard.so[0xCBBCB000])[01 FB 00 F5 ]0x00003E24:	MUL	R5, R1, R0	;(R1=0x0000000B R0=0x00000004 )
(       libmtguard.so[0xCBBCB000])[4D B1       ]0x00003E28:	CBZ	R5, #0XCBBCEE3E	;(R5=0x0000002C )
(       libmtguard.so[0xCBBCB000])[28 46       ]0x00003E2A:	MOV	R0, R5	;(R5=0x0000002C )
(       libmtguard.so[0xCBBCB000])[FE F7 C8 EB ]0x00003E2C:	BLX	#0XCBBCD5C0	;(PC=0xCBBCEE2C )
(       libmtguard.so[0xCBBCB000])[00 C6 8F E2 ]0x000025C0:	ADD	IP, PC, #0, #12	;(PC=0xCBBCD5C0 )
(       libmtguard.so[0xCBBCB000])[3D CA 8C E2 ]0x000025C4:	ADD	IP, IP, #0X3D000	;(IP=0xCBBCD5C8 )
(       libmtguard.so[0xCBBCB000])[04 F9 BC E5 ]0x000025C8:	LDR	PC, [IP, #0X904]!	;(IP=0xCBC0A5C8 )
(       libmtguard.so[0xCBBCB000])[04 46       ]0x00003E30:	MOV	R4, R0	;(R0=0x30043098 )
(       libmtguard.so[0xCBBCB000])[24 B1       ]0x00003E32:	CBZ	R4, #0XCBBCEE3E	;(R4=0x30043098 )
(       libmtguard.so[0xCBBCB000])[20 46       ]0x00003E34:	MOV	R0, R4	;(R4=0x30043098 )
(       libmtguard.so[0xCBBCB000])[29 46       ]0x00003E36:	MOV	R1, R5	;(R5=0x0000002C )
(       libmtguard.so[0xCBBCB000])[FE F7 CE EB ]0x00003E38:	BLX	#0XCBBCD5D8	;(PC=0xCBBCEE38 )
(       libmtguard.so[0xCBBCB000])[00 C6 8F E2 ]0x000025D8:	ADD	IP, PC, #0, #12	;(PC=0xCBBCD5D8 )
(       libmtguard.so[0xCBBCB000])[3D CA 8C E2 ]0x000025DC:	ADD	IP, IP, #0X3D000	;(IP=0xCBBCD5E0 )
(       libmtguard.so[0xCBBCB000])[F4 F8 BC E5 ]0x000025E0:	LDR	PC, [IP, #0X8F4]!	;(IP=0xCBC0A5E0 )
(       libmtguard.so[0xCBBCB000])[00 E0       ]0x00003E3C:	B	#0XCBBCEE40
(       libmtguard.so[0xCBBCB000])[20 46       ]0x00003E40:	MOV	R0, R4	;(R4=0x30043098 )
(       libmtguard.so[0xCBBCB000])[B0 BD       ]0x00003E42:	POP	{R4, R5, R7, PC}	;(SP=0x100FFF98 )
(       libmtguard.so[0xCBBCB000])[00 28       ]0x000038AE:	CMP	R0, #0	;(R0=0x30043098 )
(       libmtguard.so[0xCBBCB000])[20 60       ]0x000038B0:	STR	R0, [R4]	;(R0=0x30043098 R4=0x30043080 )
(       libmtguard.so[0xCBBCB000])[05 D1       ]0x000038B2:	BNE	#0XCBBCE8C0
(       libmtguard.so[0xCBBCB000])[20 46       ]0x000038C0:	MOV	R0, R4	;(R4=0x30043080 )
(       libmtguard.so[0xCBBCB000])[5D F8 04 BB ]0x000038C2:	LDR	FP, [SP], #4	;(SP=0x100FFFA8 )
(       libmtguard.so[0xCBBCB000])[F0 BD       ]0x000038C6:	POP	{R4, R5, R6, R7, PC}	;(SP=0x100FFFAC )
(       libmtguard.so[0xCBBCB000])[01 36       ]0x0000CE08:	ADDS	R6, #1	;(R6=0x00000039 )
(       libmtguard.so[0xCBBCB000])[60 60       ]0x0000CE0A:	STR	R0, [R4, #4]	;(R0=0x30043080 R4=0xCBC0D25C )
(       libmtguard.so[0xCBBCB000])[B6 F5 7C 7F ]0x0000CE0C:	CMP.W	R6, #0X3F0	;(R6=0x0000003A )
(       libmtguard.so[0xCBBCB000])[F3 D1       ]0x0000CE10:	BNE	#0XCBBD7DFA
(       libmtguard.so[0xCBBCB000])[48 46       ]0x0000CDFA:	MOV	R0, SB	;(SB=0xCBBCFE51 )
(       libmtguard.so[0xCBBCB000])[45 F8 36 80 ]0x0000CDFC:	STR.W	R8, [R5, R6, LSL #3]	;(R8=0xFFFFFFFF R5=0xCBC0D094 R6=0x0000003A )
(       libmtguard.so[0xCBBCB000])[05 EB C6 04 ]0x0000CE00:	ADD.W	R4, R5, R6, LSL #3	;(R5=0xCBC0D094 R6=0x0000003A )
(       libmtguard.so[0xCBBCB000])[F6 F7 3A FD ]0x0000CE04:	BL	#0XCBBCE87C	;(PC=0xCBBD7E04 )
(       libmtguard.so[0xCBBCB000])[F0 B5       ]0x0000387C:	PUSH	{R4, R5, R6, R7, LR}	;(SP=0x100FFFC0 R4=0xCBC0D264 R5=0xCBC0D094 R6=0x0000003A R7=0x100FFFE0 LR=0xCBBD7E09 )
(       libmtguard.so[0xCBBCB000])[03 AF       ]0x0000387E:	ADD	R7, SP, #0XC	;(SP=0x100FFFAC )
(       libmtguard.so[0xCBBCB000])[4D F8 04 BD ]0x00003880:	STR	FP, [SP, #-0X4]!	;(FP=0xCBC0B1C4 SP=0x100FFFAC )
(       libmtguard.so[0xCBBCB000])[05 46       ]0x00003884:	MOV	R5, R0	;(R0=0xCBBCFE51 )
(       libmtguard.so[0xCBBCB000])[01 20       ]0x00003886:	MOVS	R0, #1
(       libmtguard.so[0xCBBCB000])[10 21       ]0x00003888:	MOVS	R1, #0X10
(       libmtguard.so[0xCBBCB000])[00 22       ]0x0000388A:	MOVS	R2, #0
(       libmtguard.so[0xCBBCB000])[00 23       ]0x0000388C:	MOVS	R3, #0
(       libmtguard.so[0xCBBCB000])[00 26       ]0x0000388E:	MOVS	R6, #0
(       libmtguard.so[0xCBBCB000])[00 F0 C6 FA ]0x00003890:	BL	#0XCBBCEE20	;(PC=0xCBBCE890 )
(       libmtguard.so[0xCBBCB000])[B0 B5       ]0x00003E20:	PUSH	{R4, R5, R7, LR}	;(SP=0x100FFFA8 R4=0xCBC0D264 R5=0xCBBCFE51 R7=0x100FFFB8 LR=0xCBBCE895 )
(       libmtguard.so[0xCBBCB000])[02 AF       ]0x00003E22:	ADD	R7, SP, #8	;(SP=0x100FFF98 )
(       libmtguard.so[0xCBBCB000])[01 FB 00 F5 ]0x00003E24:	MUL	R5, R1, R0	;(R1=0x00000010 R0=0x00000001 )
(       libmtguard.so[0xCBBCB000])[4D B1       ]0x00003E28:	CBZ	R5, #0XCBBCEE3E	;(R5=0x00000010 )
(       libmtguard.so[0xCBBCB000])[28 46       ]0x00003E2A:	MOV	R0, R5	;(R5=0x00000010 )
(       libmtguard.so[0xCBBCB000])[FE F7 C8 EB ]0x00003E2C:	BLX	#0XCBBCD5C0	;(PC=0xCBBCEE2C )
(       libmtguard.so[0xCBBCB000])[00 C6 8F E2 ]0x000025C0:	ADD	IP, PC, #0, #12	;(PC=0xCBBCD5C0 )
(       libmtguard.so[0xCBBCB000])[3D CA 8C E2 ]0x000025C4:	ADD	IP, IP, #0X3D000	;(IP=0xCBBCD5C8 )
(       libmtguard.so[0xCBBCB000])[04 F9 BC E5 ]0x000025C8:	LDR	PC, [IP, #0X904]!	;(IP=0xCBC0A5C8 )
(       libmtguard.so[0xCBBCB000])[04 46       ]0x00003E30:	MOV	R4, R0	;(R0=0x300430C8 )
(       libmtguard.so[0xCBBCB000])[24 B1       ]0x00003E32:	CBZ	R4, #0XCBBCEE3E	;(R4=0x300430C8 )
(       libmtguard.so[0xCBBCB000])[20 46       ]0x00003E34:	MOV	R0, R4	;(R4=0x300430C8 )
(       libmtguard.so[0xCBBCB000])[29 46       ]0x00003E36:	MOV	R1, R5	;(R5=0x00000010 )
(       libmtguard.so[0xCBBCB000])[FE F7 CE EB ]0x00003E38:	BLX	#0XCBBCD5D8	;(PC=0xCBBCEE38 )
(       libmtguard.so[0xCBBCB000])[00 C6 8F E2 ]0x000025D8:	ADD	IP, PC, #0, #12	;(PC=0xCBBCD5D8 )
(       libmtguard.so[0xCBBCB000])[3D CA 8C E2 ]0x000025DC:	ADD	IP, IP, #0X3D000	;(IP=0xCBBCD5E0 )
(       libmtguard.so[0xCBBCB000])[F4 F8 BC E5 ]0x000025E0:	LDR	PC, [IP, #0X8F4]!	;(IP=0xCBC0A5E0 )
(       libmtguard.so[0xCBBCB000])[00 E0       ]0x00003E3C:	B	#0XCBBCEE40
(       libmtguard.so[0xCBBCB000])[20 46       ]0x00003E40:	MOV	R0, R4	;(R4=0x300430C8 )
(       libmtguard.so[0xCBBCB000])[B0 BD       ]0x00003E42:	POP	{R4, R5, R7, PC}	;(SP=0x100FFF98 )
(       libmtguard.so[0xCBBCB000])[04 46       ]0x00003894:	MOV	R4, R0	;(R0=0x300430C8 )
(       libmtguard.so[0xCBBCB000])[94 B1       ]0x00003896:	CBZ	R4, #0XCBBCE8BE	;(R4=0x300430C8 )
(       libmtguard.so[0xCBBCB000])[0B 20       ]0x00003898:	MOVS	R0, #0XB
(       libmtguard.so[0xCBBCB000])[C4 E9 00 66 ]0x0000389A:	STRD	R6, R6, [R4]	;(R6=0x00000000 R4=0x300430C8 )
(       libmtguard.so[0xCBBCB000])[C4 E9 02 05 ]0x0000389E:	STRD	R0, R5, [R4, #8]	;(R0=0x0000000B R5=0xCBBCFE51 R4=0x300430C8 )
(       libmtguard.so[0xCBBCB000])[04 20       ]0x000038A2:	MOVS	R0, #4
(       libmtguard.so[0xCBBCB000])[0B 21       ]0x000038A4:	MOVS	R1, #0XB
(       libmtguard.so[0xCBBCB000])[00 22       ]0x000038A6:	MOVS	R2, #0
(       libmtguard.so[0xCBBCB000])[00 23       ]0x000038A8:	MOVS	R3, #0
(       libmtguard.so[0xCBBCB000])[00 F0 B9 FA ]0x000038AA:	BL	#0XCBBCEE20	;(PC=0xCBBCE8AA )
(       libmtguard.so[0xCBBCB000])[B0 B5       ]0x00003E20:	PUSH	{R4, R5, R7, LR}	;(SP=0x100FFFA8 R4=0x300430C8 R5=0xCBBCFE51 R7=0x100FFFB8 LR=0xCBBCE8AF )
(       libmtguard.so[0xCBBCB000])[02 AF       ]0x00003E22:	ADD	R7, SP, #8	;(SP=0x100FFF98 )
(       libmtguard.so[0xCBBCB000])[01 FB 00 F5 ]0x00003E24:	MUL	R5, R1, R0	;(R1=0x0000000B R0=0x00000004 )
(       libmtguard.so[0xCBBCB000])[4D B1       ]0x00003E28:	CBZ	R5, #0XCBBCEE3E	;(R5=0x0000002C )
(       libmtguard.so[0xCBBCB000])[28 46       ]0x00003E2A:	MOV	R0, R5	;(R5=0x0000002C )
(       libmtguard.so[0xCBBCB000])[FE F7 C8 EB ]0x00003E2C:	BLX	#0XCBBCD5C0	;(PC=0xCBBCEE2C )
(       libmtguard.so[0xCBBCB000])[00 C6 8F E2 ]0x000025C0:	ADD	IP, PC, #0, #12	;(PC=0xCBBCD5C0 )
(       libmtguard.so[0xCBBCB000])[3D CA 8C E2 ]0x000025C4:	ADD	IP, IP, #0X3D000	;(IP=0xCBBCD5C8 )
(       libmtguard.so[0xCBBCB000])[04 F9 BC E5 ]0x000025C8:	LDR	PC, [IP, #0X904]!	;(IP=0xCBC0A5C8 )
(       libmtguard.so[0xCBBCB000])[04 46       ]0x00003E30:	MOV	R4, R0	;(R0=0x300430E0 )
(       libmtguard.so[0xCBBCB000])[24 B1       ]0x00003E32:	CBZ	R4, #0XCBBCEE3E	;(R4=0x300430E0 )
(       libmtguard.so[0xCBBCB000])[20 46       ]0x00003E34:	MOV	R0, R4	;(R4=0x300430E0 )
(       libmtguard.so[0xCBBCB000])[29 46       ]0x00003E36:	MOV	R1, R5	;(R5=0x0000002C )
(       libmtguard.so[0xCBBCB000])[FE F7 CE EB ]0x00003E38:	BLX	#0XCBBCD5D8	;(PC=0xCBBCEE38 )
(       libmtguard.so[0xCBBCB000])[00 C6 8F E2 ]0x000025D8:	ADD	IP, PC, #0, #12	;(PC=0xCBBCD5D8 )
(       libmtguard.so[0xCBBCB000])[3D CA 8C E2 ]0x000025DC:	ADD	IP, IP, #0X3D000	;(IP=0xCBBCD5E0 )
(       libmtguard.so[0xCBBCB000])[F4 F8 BC E5 ]0x000025E0:	LDR	PC, [IP, #0X8F4]!	;(IP=0xCBC0A5E0 )
(       libmtguard.so[0xCBBCB000])[00 E0       ]0x00003E3C:	B	#0XCBBCEE40
(       libmtguard.so[0xCBBCB000])[20 46       ]0x00003E40:	MOV	R0, R4	;(R4=0x300430E0 )
(       libmtguard.so[0xCBBCB000])[B0 BD       ]0x00003E42:	POP	{R4, R5, R7, PC}	;(SP=0x100FFF98 )
(       libmtguard.so[0xCBBCB000])[00 28       ]0x000038AE:	CMP	R0, #0	;(R0=0x300430E0 )
(       libmtguard.so[0xCBBCB000])[20 60       ]0x000038B0:	STR	R0, [R4]	;(R0=0x300430E0 R4=0x300430C8 )
(       libmtguard.so[0xCBBCB000])[05 D1       ]0x000038B2:	BNE	#0XCBBCE8C0
(       libmtguard.so[0xCBBCB000])[20 46       ]0x000038C0:	MOV	R0, R4	;(R4=0x300430C8 )
(       libmtguard.so[0xCBBCB000])[5D F8 04 BB ]0x000038C2:	LDR	FP, [SP], #4	;(SP=0x100FFFA8 )
(       libmtguard.so[0xCBBCB000])[F0 BD       ]0x000038C6:	POP	{R4, R5, R6, R7, PC}	;(SP=0x100FFFAC )
(       libmtguard.so[0xCBBCB000])[01 36       ]0x0000CE08:	ADDS	R6, #1	;(R6=0x0000003A )
(       libmtguard.so[0xCBBCB000])[60 60       ]0x0000CE0A:	STR	R0, [R4, #4]	;(R0=0x300430C8 R4=0xCBC0D264 )
(       libmtguard.so[0xCBBCB000])[B6 F5 7C 7F ]0x0000CE0C:	CMP.W	R6, #0X3F0	;(R6=0x0000003B )
(       libmtguard.so[0xCBBCB000])[F3 D1       ]0x0000CE10:	BNE	#0XCBBD7DFA
(       libmtguard.so[0xCBBCB000])[48 46       ]0x0000CDFA:	MOV	R0, SB	;(SB=0xCBBCFE51 )
(       libmtguard.so[0xCBBCB000])[45 F8 36 80 ]0x0000CDFC:	STR.W	R8, [R5, R6, LSL #3]	;(R8=0xFFFFFFFF R5=0xCBC0D094 R6=0x0000003B )
(       libmtguard.so[0xCBBCB000])[05 EB C6 04 ]0x0000CE00:	ADD.W	R4, R5, R6, LSL #3	;(R5=0xCBC0D094 R6=0x0000003B )
(       libmtguard.so[0xCBBCB000])[F6 F7 3A FD ]0x0000CE04:	BL	#0XCBBCE87C	;(PC=0xCBBD7E04 )
(       libmtguard.so[0xCBBCB000])[F0 B5       ]0x0000387C:	PUSH	{R4, R5, R6, R7, LR}	;(SP=0x100FFFC0 R4=0xCBC0D26C R5=0xCBC0D094 R6=0x0000003B R7=0x100FFFE0 LR=0xCBBD7E09 )
(       libmtguard.so[0xCBBCB000])[03 AF       ]0x0000387E:	ADD	R7, SP, #0XC	;(SP=0x100FFFAC )
(       libmtguard.so[0xCBBCB000])[4D F8 04 BD ]0x00003880:	STR	FP, [SP, #-0X4]!	;(FP=0xCBC0B1C4 SP=0x100FFFAC )
(       libmtguard.so[0xCBBCB000])[05 46       ]0x00003884:	MOV	R5, R0	;(R0=0xCBBCFE51 )
(       libmtguard.so[0xCBBCB000])[01 20       ]0x00003886:	MOVS	R0, #1
(       libmtguard.so[0xCBBCB000])[10 21       ]0x00003888:	MOVS	R1, #0X10
(       libmtguard.so[0xCBBCB000])[00 22       ]0x0000388A:	MOVS	R2, #0
(       libmtguard.so[0xCBBCB000])[00 23       ]0x0000388C:	MOVS	R3, #0
(       libmtguard.so[0xCBBCB000])[00 26       ]0x0000388E:	MOVS	R6, #0
(       libmtguard.so[0xCBBCB000])[00 F0 C6 FA ]0x00003890:	BL	#0XCBBCEE20	;(PC=0xCBBCE890 )
(       libmtguard.so[0xCBBCB000])[B0 B5       ]0x00003E20:	PUSH	{R4, R5, R7, LR}	;(SP=0x100FFFA8 R4=0xCBC0D26C R5=0xCBBCFE51 R7=0x100FFFB8 LR=0xCBBCE895 )
(       libmtguard.so[0xCBBCB000])[02 AF       ]0x00003E22:	ADD	R7, SP, #8	;(SP=0x100FFF98 )
(       libmtguard.so[0xCBBCB000])[01 FB 00 F5 ]0x00003E24:	MUL	R5, R1, R0	;(R1=0x00000010 R0=0x00000001 )
(       libmtguard.so[0xCBBCB000])[4D B1       ]0x00003E28:	CBZ	R5, #0XCBBCEE3E	;(R5=0x00000010 )
(       libmtguard.so[0xCBBCB000])[28 46       ]0x00003E2A:	MOV	R0, R5	;(R5=0x00000010 )
(       libmtguard.so[0xCBBCB000])[FE F7 C8 EB ]0x00003E2C:	BLX	#0XCBBCD5C0	;(PC=0xCBBCEE2C )
(       libmtguard.so[0xCBBCB000])[00 C6 8F E2 ]0x000025C0:	ADD	IP, PC, #0, #12	;(PC=0xCBBCD5C0 )
(       libmtguard.so[0xCBBCB000])[3D CA 8C E2 ]0x000025C4:	ADD	IP, IP, #0X3D000	;(IP=0xCBBCD5C8 )
(       libmtguard.so[0xCBBCB000])[04 F9 BC E5 ]0x000025C8:	LDR	PC, [IP, #0X904]!	;(IP=0xCBC0A5C8 )
(       libmtguard.so[0xCBBCB000])[04 46       ]0x00003E30:	MOV	R4, R0	;(R0=0x30043110 )
(       libmtguard.so[0xCBBCB000])[24 B1       ]0x00003E32:	CBZ	R4, #0XCBBCEE3E	;(R4=0x30043110 )
(       libmtguard.so[0xCBBCB000])[20 46       ]0x00003E34:	MOV	R0, R4	;(R4=0x30043110 )
(       libmtguard.so[0xCBBCB000])[29 46       ]0x00003E36:	MOV	R1, R5	;(R5=0x00000010 )
(       libmtguard.so[0xCBBCB000])[FE F7 CE EB ]0x00003E38:	BLX	#0XCBBCD5D8	;(PC=0xCBBCEE38 )
(       libmtguard.so[0xCBBCB000])[00 C6 8F E2 ]0x000025D8:	ADD	IP, PC, #0, #12	;(PC=0xCBBCD5D8 )
(       libmtguard.so[0xCBBCB000])[3D CA 8C E2 ]0x000025DC:	ADD	IP, IP, #0X3D000	;(IP=0xCBBCD5E0 )
(       libmtguard.so[0xCBBCB000])[F4 F8 BC E5 ]0x000025E0:	LDR	PC, [IP, #0X8F4]!	;(IP=0xCBC0A5E0 )
(       libmtguard.so[0xCBBCB000])[00 E0       ]0x00003E3C:	B	#0XCBBCEE40
(       libmtguard.so[0xCBBCB000])[20 46       ]0x00003E40:	MOV	R0, R4	;(R4=0x30043110 )
(       libmtguard.so[0xCBBCB000])[B0 BD       ]0x00003E42:	POP	{R4, R5, R7, PC}	;(SP=0x100FFF98 )
(       libmtguard.so[0xCBBCB000])[04 46       ]0x00003894:	MOV	R4, R0	;(R0=0x30043110 )
(       libmtguard.so[0xCBBCB000])[94 B1       ]0x00003896:	CBZ	R4, #0XCBBCE8BE	;(R4=0x30043110 )
(       libmtguard.so[0xCBBCB000])[0B 20       ]0x00003898:	MOVS	R0, #0XB
(       libmtguard.so[0xCBBCB000])[C4 E9 00 66 ]0x0000389A:	STRD	R6, R6, [R4]	;(R6=0x00000000 R4=0x30043110 )
(       libmtguard.so[0xCBBCB000])[C4 E9 02 05 ]0x0000389E:	STRD	R0, R5, [R4, #8]	;(R0=0x0000000B R5=0xCBBCFE51 R4=0x30043110 )
(       libmtguard.so[0xCBBCB000])[04 20       ]0x000038A2:	MOVS	R0, #4
(       libmtguard.so[0xCBBCB000])[0B 21       ]0x000038A4:	MOVS	R1, #0XB
(       libmtguard.so[0xCBBCB000])[00 22       ]0x000038A6:	MOVS	R2, #0
(       libmtguard.so[0xCBBCB000])[00 23       ]0x000038A8:	MOVS	R3, #0
(       libmtguard.so[0xCBBCB000])[00 F0 B9 FA ]0x000038AA:	BL	#0XCBBCEE20	;(PC=0xCBBCE8AA )
(       libmtguard.so[0xCBBCB000])[B0 B5       ]0x00003E20:	PUSH	{R4, R5, R7, LR}	;(SP=0x100FFFA8 R4=0x30043110 R5=0xCBBCFE51 R7=0x100FFFB8 LR=0xCBBCE8AF )
(       libmtguard.so[0xCBBCB000])[02 AF       ]0x00003E22:	ADD	R7, SP, #8	;(SP=0x100FFF98 )
(       libmtguard.so[0xCBBCB000])[01 FB 00 F5 ]0x00003E24:	MUL	R5, R1, R0	;(R1=0x0000000B R0=0x00000004 )
(       libmtguard.so[0xCBBCB000])[4D B1       ]0x00003E28:	CBZ	R5, #0XCBBCEE3E	;(R5=0x0000002C )
(       libmtguard.so[0xCBBCB000])[28 46       ]0x00003E2A:	MOV	R0, R5	;(R5=0x0000002C )
(       libmtguard.so[0xCBBCB000])[FE F7 C8 EB ]0x00003E2C:	BLX	#0XCBBCD5C0	;(PC=0xCBBCEE2C )
(       libmtguard.so[0xCBBCB000])[00 C6 8F E2 ]0x000025C0:	ADD	IP, PC, #0, #12	;(PC=0xCBBCD5C0 )
(       libmtguard.so[0xCBBCB000])[3D CA 8C E2 ]0x000025C4:	ADD	IP, IP, #0X3D000	;(IP=0xCBBCD5C8 )
(       libmtguard.so[0xCBBCB000])[04 F9 BC E5 ]0x000025C8:	LDR	PC, [IP, #0X904]!	;(IP=0xCBC0A5C8 )
(       libmtguard.so[0xCBBCB000])[04 46       ]0x00003E30:	MOV	R4, R0	;(R0=0x30043128 )
(       libmtguard.so[0xCBBCB000])[24 B1       ]0x00003E32:	CBZ	R4, #0XCBBCEE3E	;(R4=0x30043128 )
(       libmtguard.so[0xCBBCB000])[20 46       ]0x00003E34:	MOV	R0, R4	;(R4=0x30043128 )
(       libmtguard.so[0xCBBCB000])[29 46       ]0x00003E36:	MOV	R1, R5	;(R5=0x0000002C )
(       libmtguard.so[0xCBBCB000])[FE F7 CE EB ]0x00003E38:	BLX	#0XCBBCD5D8	;(PC=0xCBBCEE38 )
(       libmtguard.so[0xCBBCB000])[00 C6 8F E2 ]0x000025D8:	ADD	IP, PC, #0, #12	;(PC=0xCBBCD5D8 )
(       libmtguard.so[0xCBBCB000])[3D CA 8C E2 ]0x000025DC:	ADD	IP, IP, #0X3D000	;(IP=0xCBBCD5E0 )
(       libmtguard.so[0xCBBCB000])[F4 F8 BC E5 ]0x000025E0:	LDR	PC, [IP, #0X8F4]!	;(IP=0xCBC0A5E0 )
(       libmtguard.so[0xCBBCB000])[00 E0       ]0x00003E3C:	B	#0XCBBCEE40
(       libmtguard.so[0xCBBCB000])[20 46       ]0x00003E40:	MOV	R0, R4	;(R4=0x30043128 )
(       libmtguard.so[0xCBBCB000])[B0 BD       ]0x00003E42:	POP	{R4, R5, R7, PC}	;(SP=0x100FFF98 )
(       libmtguard.so[0xCBBCB000])[00 28       ]0x000038AE:	CMP	R0, #0	;(R0=0x30043128 )
(       libmtguard.so[0xCBBCB000])[20 60       ]0x000038B0:	STR	R0, [R4]	;(R0=0x30043128 R4=0x30043110 )
(       libmtguard.so[0xCBBCB000])[05 D1       ]0x000038B2:	BNE	#0XCBBCE8C0
(       libmtguard.so[0xCBBCB000])[20 46       ]0x000038C0:	MOV	R0, R4	;(R4=0x30043110 )
(       libmtguard.so[0xCBBCB000])[5D F8 04 BB ]0x000038C2:	LDR	FP, [SP], #4	;(SP=0x100FFFA8 )
(       libmtguard.so[0xCBBCB000])[F0 BD       ]0x000038C6:	POP	{R4, R5, R6, R7, PC}	;(SP=0x100FFFAC )
(       libmtguard.so[0xCBBCB000])[01 36       ]0x0000CE08:	ADDS	R6, #1	;(R6=0x0000003B )
(       libmtguard.so[0xCBBCB000])[60 60       ]0x0000CE0A:	STR	R0, [R4, #4]	;(R0=0x30043110 R4=0xCBC0D26C )
(       libmtguard.so[0xCBBCB000])[B6 F5 7C 7F ]0x0000CE0C:	CMP.W	R6, #0X3F0	;(R6=0x0000003C )
(       libmtguard.so[0xCBBCB000])[F3 D1       ]0x0000CE10:	BNE	#0XCBBD7DFA
(       libmtguard.so[0xCBBCB000])[48 46       ]0x0000CDFA:	MOV	R0, SB	;(SB=0xCBBCFE51 )
(       libmtguard.so[0xCBBCB000])[45 F8 36 80 ]0x0000CDFC:	STR.W	R8, [R5, R6, LSL #3]	;(R8=0xFFFFFFFF R5=0xCBC0D094 R6=0x0000003C )
(       libmtguard.so[0xCBBCB000])[05 EB C6 04 ]0x0000CE00:	ADD.W	R4, R5, R6, LSL #3	;(R5=0xCBC0D094 R6=0x0000003C )
(       libmtguard.so[0xCBBCB000])[F6 F7 3A FD ]0x0000CE04:	BL	#0XCBBCE87C	;(PC=0xCBBD7E04 )
(       libmtguard.so[0xCBBCB000])[F0 B5       ]0x0000387C:	PUSH	{R4, R5, R6, R7, LR}	;(SP=0x100FFFC0 R4=0xCBC0D274 R5=0xCBC0D094 R6=0x0000003C R7=0x100FFFE0 LR=0xCBBD7E09 )
(       libmtguard.so[0xCBBCB000])[03 AF       ]0x0000387E:	ADD	R7, SP, #0XC	;(SP=0x100FFFAC )
(       libmtguard.so[0xCBBCB000])[4D F8 04 BD ]0x00003880:	STR	FP, [SP, #-0X4]!	;(FP=0xCBC0B1C4 SP=0x100FFFAC )
(       libmtguard.so[0xCBBCB000])[05 46       ]0x00003884:	MOV	R5, R0	;(R0=0xCBBCFE51 )
(       libmtguard.so[0xCBBCB000])[01 20       ]0x00003886:	MOVS	R0, #1
(       libmtguard.so[0xCBBCB000])[10 21       ]0x00003888:	MOVS	R1, #0X10
(       libmtguard.so[0xCBBCB000])[00 22       ]0x0000388A:	MOVS	R2, #0
(       libmtguard.so[0xCBBCB000])[00 23       ]0x0000388C:	MOVS	R3, #0
(       libmtguard.so[0xCBBCB000])[00 26       ]0x0000388E:	MOVS	R6, #0
(       libmtguard.so[0xCBBCB000])[00 F0 C6 FA ]0x00003890:	BL	#0XCBBCEE20	;(PC=0xCBBCE890 )
(       libmtguard.so[0xCBBCB000])[B0 B5       ]0x00003E20:	PUSH	{R4, R5, R7, LR}	;(SP=0x100FFFA8 R4=0xCBC0D274 R5=0xCBBCFE51 R7=0x100FFFB8 LR=0xCBBCE895 )
(       libmtguard.so[0xCBBCB000])[02 AF       ]0x00003E22:	ADD	R7, SP, #8	;(SP=0x100FFF98 )
(       libmtguard.so[0xCBBCB000])[01 FB 00 F5 ]0x00003E24:	MUL	R5, R1, R0	;(R1=0x00000010 R0=0x00000001 )
(       libmtguard.so[0xCBBCB000])[4D B1       ]0x00003E28:	CBZ	R5, #0XCBBCEE3E	;(R5=0x00000010 )
(       libmtguard.so[0xCBBCB000])[28 46       ]0x00003E2A:	MOV	R0, R5	;(R5=0x00000010 )
(       libmtguard.so[0xCBBCB000])[FE F7 C8 EB ]0x00003E2C:	BLX	#0XCBBCD5C0	;(PC=0xCBBCEE2C )
(       libmtguard.so[0xCBBCB000])[00 C6 8F E2 ]0x000025C0:	ADD	IP, PC, #0, #12	;(PC=0xCBBCD5C0 )
(       libmtguard.so[0xCBBCB000])[3D CA 8C E2 ]0x000025C4:	ADD	IP, IP, #0X3D000	;(IP=0xCBBCD5C8 )
(       libmtguard.so[0xCBBCB000])[04 F9 BC E5 ]0x000025C8:	LDR	PC, [IP, #0X904]!	;(IP=0xCBC0A5C8 )
(       libmtguard.so[0xCBBCB000])[04 46       ]0x00003E30:	MOV	R4, R0	;(R0=0x30043158 )
(       libmtguard.so[0xCBBCB000])[24 B1       ]0x00003E32:	CBZ	R4, #0XCBBCEE3E	;(R4=0x30043158 )
(       libmtguard.so[0xCBBCB000])[20 46       ]0x00003E34:	MOV	R0, R4	;(R4=0x30043158 )
(       libmtguard.so[0xCBBCB000])[29 46       ]0x00003E36:	MOV	R1, R5	;(R5=0x00000010 )
(       libmtguard.so[0xCBBCB000])[FE F7 CE EB ]0x00003E38:	BLX	#0XCBBCD5D8	;(PC=0xCBBCEE38 )
(       libmtguard.so[0xCBBCB000])[00 C6 8F E2 ]0x000025D8:	ADD	IP, PC, #0, #12	;(PC=0xCBBCD5D8 )
(       libmtguard.so[0xCBBCB000])[3D CA 8C E2 ]0x000025DC:	ADD	IP, IP, #0X3D000	;(IP=0xCBBCD5E0 )
(       libmtguard.so[0xCBBCB000])[F4 F8 BC E5 ]0x000025E0:	LDR	PC, [IP, #0X8F4]!	;(IP=0xCBC0A5E0 )
(       libmtguard.so[0xCBBCB000])[00 E0       ]0x00003E3C:	B	#0XCBBCEE40
(       libmtguard.so[0xCBBCB000])[20 46       ]0x00003E40:	MOV	R0, R4	;(R4=0x30043158 )
(       libmtguard.so[0xCBBCB000])[B0 BD       ]0x00003E42:	POP	{R4, R5, R7, PC}	;(SP=0x100FFF98 )
(       libmtguard.so[0xCBBCB000])[04 46       ]0x00003894:	MOV	R4, R0	;(R0=0x30043158 )
(       libmtguard.so[0xCBBCB000])[94 B1       ]0x00003896:	CBZ	R4, #0XCBBCE8BE	;(R4=0x30043158 )
(       libmtguard.so[0xCBBCB000])[0B 20       ]0x00003898:	MOVS	R0, #0XB
(       libmtguard.so[0xCBBCB000])[C4 E9 00 66 ]0x0000389A:	STRD	R6, R6, [R4]	;(R6=0x00000000 R4=0x30043158 )
(       libmtguard.so[0xCBBCB000])[C4 E9 02 05 ]0x0000389E:	STRD	R0, R5, [R4, #8]	;(R0=0x0000000B R5=0xCBBCFE51 R4=0x30043158 )
(       libmtguard.so[0xCBBCB000])[04 20       ]0x000038A2:	MOVS	R0, #4
(       libmtguard.so[0xCBBCB000])[0B 21       ]0x000038A4:	MOVS	R1, #0XB
(       libmtguard.so[0xCBBCB000])[00 22       ]0x000038A6:	MOVS	R2, #0
(       libmtguard.so[0xCBBCB000])[00 23       ]0x000038A8:	MOVS	R3, #0
(       libmtguard.so[0xCBBCB000])[00 F0 B9 FA ]0x000038AA:	BL	#0XCBBCEE20	;(PC=0xCBBCE8AA )
(       libmtguard.so[0xCBBCB000])[B0 B5       ]0x00003E20:	PUSH	{R4, R5, R7, LR}	;(SP=0x100FFFA8 R4=0x30043158 R5=0xCBBCFE51 R7=0x100FFFB8 LR=0xCBBCE8AF )
(       libmtguard.so[0xCBBCB000])[02 AF       ]0x00003E22:	ADD	R7, SP, #8	;(SP=0x100FFF98 )
(       libmtguard.so[0xCBBCB000])[01 FB 00 F5 ]0x00003E24:	MUL	R5, R1, R0	;(R1=0x0000000B R0=0x00000004 )
(       libmtguard.so[0xCBBCB000])[4D B1       ]0x00003E28:	CBZ	R5, #0XCBBCEE3E	;(R5=0x0000002C )
(       libmtguard.so[0xCBBCB000])[28 46       ]0x00003E2A:	MOV	R0, R5	;(R5=0x0000002C )
(       libmtguard.so[0xCBBCB000])[FE F7 C8 EB ]0x00003E2C:	BLX	#0XCBBCD5C0	;(PC=0xCBBCEE2C )
(       libmtguard.so[0xCBBCB000])[00 C6 8F E2 ]0x000025C0:	ADD	IP, PC, #0, #12	;(PC=0xCBBCD5C0 )
(       libmtguard.so[0xCBBCB000])[3D CA 8C E2 ]0x000025C4:	ADD	IP, IP, #0X3D000	;(IP=0xCBBCD5C8 )
(       libmtguard.so[0xCBBCB000])[04 F9 BC E5 ]0x000025C8:	LDR	PC, [IP, #0X904]!	;(IP=0xCBC0A5C8 )
(       libmtguard.so[0xCBBCB000])[04 46       ]0x00003E30:	MOV	R4, R0	;(R0=0x30043170 )
(       libmtguard.so[0xCBBCB000])[24 B1       ]0x00003E32:	CBZ	R4, #0XCBBCEE3E	;(R4=0x30043170 )
(       libmtguard.so[0xCBBCB000])[20 46       ]0x00003E34:	MOV	R0, R4	;(R4=0x30043170 )
(       libmtguard.so[0xCBBCB000])[29 46       ]0x00003E36:	MOV	R1, R5	;(R5=0x0000002C )
(       libmtguard.so[0xCBBCB000])[FE F7 CE EB ]0x00003E38:	BLX	#0XCBBCD5D8	;(PC=0xCBBCEE38 )
(       libmtguard.so[0xCBBCB000])[00 C6 8F E2 ]0x000025D8:	ADD	IP, PC, #0, #12	;(PC=0xCBBCD5D8 )
(       libmtguard.so[0xCBBCB000])[3D CA 8C E2 ]0x000025DC:	ADD	IP, IP, #0X3D000	;(IP=0xCBBCD5E0 )
(       libmtguard.so[0xCBBCB000])[F4 F8 BC E5 ]0x000025E0:	LDR	PC, [IP, #0X8F4]!	;(IP=0xCBC0A5E0 )
(       libmtguard.so[0xCBBCB000])[00 E0       ]0x00003E3C:	B	#0XCBBCEE40
(       libmtguard.so[0xCBBCB000])[20 46       ]0x00003E40:	MOV	R0, R4	;(R4=0x30043170 )
(       libmtguard.so[0xCBBCB000])[B0 BD       ]0x00003E42:	POP	{R4, R5, R7, PC}	;(SP=0x100FFF98 )
(       libmtguard.so[0xCBBCB000])[00 28       ]0x000038AE:	CMP	R0, #0	;(R0=0x30043170 )
(       libmtguard.so[0xCBBCB000])[20 60       ]0x000038B0:	STR	R0, [R4]	;(R0=0x30043170 R4=0x30043158 )
(       libmtguard.so[0xCBBCB000])[05 D1       ]0x000038B2:	BNE	#0XCBBCE8C0
(       libmtguard.so[0xCBBCB000])[20 46       ]0x000038C0:	MOV	R0, R4	;(R4=0x30043158 )
(       libmtguard.so[0xCBBCB000])[5D F8 04 BB ]0x000038C2:	LDR	FP, [SP], #4	;(SP=0x100FFFA8 )
(       libmtguard.so[0xCBBCB000])[F0 BD       ]0x000038C6:	POP	{R4, R5, R6, R7, PC}	;(SP=0x100FFFAC )
(       libmtguard.so[0xCBBCB000])[01 36       ]0x0000CE08:	ADDS	R6, #1	;(R6=0x0000003C )
(       libmtguard.so[0xCBBCB000])[60 60       ]0x0000CE0A:	STR	R0, [R4, #4]	;(R0=0x30043158 R4=0xCBC0D274 )
(       libmtguard.so[0xCBBCB000])[B6 F5 7C 7F ]0x0000CE0C:	CMP.W	R6, #0X3F0	;(R6=0x0000003D )
(       libmtguard.so[0xCBBCB000])[F3 D1       ]0x0000CE10:	BNE	#0XCBBD7DFA
(       libmtguard.so[0xCBBCB000])[48 46       ]0x0000CDFA:	MOV	R0, SB	;(SB=0xCBBCFE51 )
(       libmtguard.so[0xCBBCB000])[45 F8 36 80 ]0x0000CDFC:	STR.W	R8, [R5, R6, LSL #3]	;(R8=0xFFFFFFFF R5=0xCBC0D094 R6=0x0000003D )
(       libmtguard.so[0xCBBCB000])[05 EB C6 04 ]0x0000CE00:	ADD.W	R4, R5, R6, LSL #3	;(R5=0xCBC0D094 R6=0x0000003D )
(       libmtguard.so[0xCBBCB000])[F6 F7 3A FD ]0x0000CE04:	BL	#0XCBBCE87C	;(PC=0xCBBD7E04 )
(       libmtguard.so[0xCBBCB000])[F0 B5       ]0x0000387C:	PUSH	{R4, R5, R6, R7, LR}	;(SP=0x100FFFC0 R4=0xCBC0D27C R5=0xCBC0D094 R6=0x0000003D R7=0x100FFFE0 LR=0xCBBD7E09 )
(       libmtguard.so[0xCBBCB000])[03 AF       ]0x0000387E:	ADD	R7, SP, #0XC	;(SP=0x100FFFAC )
(       libmtguard.so[0xCBBCB000])[4D F8 04 BD ]0x00003880:	STR	FP, [SP, #-0X4]!	;(FP=0xCBC0B1C4 SP=0x100FFFAC )
(       libmtguard.so[0xCBBCB000])[05 46       ]0x00003884:	MOV	R5, R0	;(R0=0xCBBCFE51 )
(       libmtguard.so[0xCBBCB000])[01 20       ]0x00003886:	MOVS	R0, #1
(       libmtguard.so[0xCBBCB000])[10 21       ]0x00003888:	MOVS	R1, #0X10
(       libmtguard.so[0xCBBCB000])[00 22       ]0x0000388A:	MOVS	R2, #0
(       libmtguard.so[0xCBBCB000])[00 23       ]0x0000388C:	MOVS	R3, #0
(       libmtguard.so[0xCBBCB000])[00 26       ]0x0000388E:	MOVS	R6, #0
(       libmtguard.so[0xCBBCB000])[00 F0 C6 FA ]0x00003890:	BL	#0XCBBCEE20	;(PC=0xCBBCE890 )
(       libmtguard.so[0xCBBCB000])[B0 B5       ]0x00003E20:	PUSH	{R4, R5, R7, LR}	;(SP=0x100FFFA8 R4=0xCBC0D27C R5=0xCBBCFE51 R7=0x100FFFB8 LR=0xCBBCE895 )
(       libmtguard.so[0xCBBCB000])[02 AF       ]0x00003E22:	ADD	R7, SP, #8	;(SP=0x100FFF98 )
(       libmtguard.so[0xCBBCB000])[01 FB 00 F5 ]0x00003E24:	MUL	R5, R1, R0	;(R1=0x00000010 R0=0x00000001 )
(       libmtguard.so[0xCBBCB000])[4D B1       ]0x00003E28:	CBZ	R5, #0XCBBCEE3E	;(R5=0x00000010 )
(       libmtguard.so[0xCBBCB000])[28 46       ]0x00003E2A:	MOV	R0, R5	;(R5=0x00000010 )
(       libmtguard.so[0xCBBCB000])[FE F7 C8 EB ]0x00003E2C:	BLX	#0XCBBCD5C0	;(PC=0xCBBCEE2C )
(       libmtguard.so[0xCBBCB000])[00 C6 8F E2 ]0x000025C0:	ADD	IP, PC, #0, #12	;(PC=0xCBBCD5C0 )
(       libmtguard.so[0xCBBCB000])[3D CA 8C E2 ]0x000025C4:	ADD	IP, IP, #0X3D000	;(IP=0xCBBCD5C8 )
(       libmtguard.so[0xCBBCB000])[04 F9 BC E5 ]0x000025C8:	LDR	PC, [IP, #0X904]!	;(IP=0xCBC0A5C8 )
(       libmtguard.so[0xCBBCB000])[04 46       ]0x00003E30:	MOV	R4, R0	;(R0=0x300431A0 )
(       libmtguard.so[0xCBBCB000])[24 B1       ]0x00003E32:	CBZ	R4, #0XCBBCEE3E	;(R4=0x300431A0 )
(       libmtguard.so[0xCBBCB000])[20 46       ]0x00003E34:	MOV	R0, R4	;(R4=0x300431A0 )
(       libmtguard.so[0xCBBCB000])[29 46       ]0x00003E36:	MOV	R1, R5	;(R5=0x00000010 )
(       libmtguard.so[0xCBBCB000])[FE F7 CE EB ]0x00003E38:	BLX	#0XCBBCD5D8	;(PC=0xCBBCEE38 )
(       libmtguard.so[0xCBBCB000])[00 C6 8F E2 ]0x000025D8:	ADD	IP, PC, #0, #12	;(PC=0xCBBCD5D8 )
(       libmtguard.so[0xCBBCB000])[3D CA 8C E2 ]0x000025DC:	ADD	IP, IP, #0X3D000	;(IP=0xCBBCD5E0 )
(       libmtguard.so[0xCBBCB000])[F4 F8 BC E5 ]0x000025E0:	LDR	PC, [IP, #0X8F4]!	;(IP=0xCBC0A5E0 )
(       libmtguard.so[0xCBBCB000])[00 E0       ]0x00003E3C:	B	#0XCBBCEE40
(       libmtguard.so[0xCBBCB000])[20 46       ]0x00003E40:	MOV	R0, R4	;(R4=0x300431A0 )
(       libmtguard.so[0xCBBCB000])[B0 BD       ]0x00003E42:	POP	{R4, R5, R7, PC}	;(SP=0x100FFF98 )
(       libmtguard.so[0xCBBCB000])[04 46       ]0x00003894:	MOV	R4, R0	;(R0=0x300431A0 )
(       libmtguard.so[0xCBBCB000])[94 B1       ]0x00003896:	CBZ	R4, #0XCBBCE8BE	;(R4=0x300431A0 )
(       libmtguard.so[0xCBBCB000])[0B 20       ]0x00003898:	MOVS	R0, #0XB
(       libmtguard.so[0xCBBCB000])[C4 E9 00 66 ]0x0000389A:	STRD	R6, R6, [R4]	;(R6=0x00000000 R4=0x300431A0 )
(       libmtguard.so[0xCBBCB000])[C4 E9 02 05 ]0x0000389E:	STRD	R0, R5, [R4, #8]	;(R0=0x0000000B R5=0xCBBCFE51 R4=0x300431A0 )
(       libmtguard.so[0xCBBCB000])[04 20       ]0x000038A2:	MOVS	R0, #4
(       libmtguard.so[0xCBBCB000])[0B 21       ]0x000038A4:	MOVS	R1, #0XB
(       libmtguard.so[0xCBBCB000])[00 22       ]0x000038A6:	MOVS	R2, #0
(       libmtguard.so[0xCBBCB000])[00 23       ]0x000038A8:	MOVS	R3, #0
(       libmtguard.so[0xCBBCB000])[00 F0 B9 FA ]0x000038AA:	BL	#0XCBBCEE20	;(PC=0xCBBCE8AA )
(       libmtguard.so[0xCBBCB000])[B0 B5       ]0x00003E20:	PUSH	{R4, R5, R7, LR}	;(SP=0x100FFFA8 R4=0x300431A0 R5=0xCBBCFE51 R7=0x100FFFB8 LR=0xCBBCE8AF )
(       libmtguard.so[0xCBBCB000])[02 AF       ]0x00003E22:	ADD	R7, SP, #8	;(SP=0x100FFF98 )
(       libmtguard.so[0xCBBCB000])[01 FB 00 F5 ]0x00003E24:	MUL	R5, R1, R0	;(R1=0x0000000B R0=0x00000004 )
(       libmtguard.so[0xCBBCB000])[4D B1       ]0x00003E28:	CBZ	R5, #0XCBBCEE3E	;(R5=0x0000002C )
(       libmtguard.so[0xCBBCB000])[28 46       ]0x00003E2A:	MOV	R0, R5	;(R5=0x0000002C )
(       libmtguard.so[0xCBBCB000])[FE F7 C8 EB ]0x00003E2C:	BLX	#0XCBBCD5C0	;(PC=0xCBBCEE2C )
(       libmtguard.so[0xCBBCB000])[00 C6 8F E2 ]0x000025C0:	ADD	IP, PC, #0, #12	;(PC=0xCBBCD5C0 )
(       libmtguard.so[0xCBBCB000])[3D CA 8C E2 ]0x000025C4:	ADD	IP, IP, #0X3D000	;(IP=0xCBBCD5C8 )
(       libmtguard.so[0xCBBCB000])[04 F9 BC E5 ]0x000025C8:	LDR	PC, [IP, #0X904]!	;(IP=0xCBC0A5C8 )
(       libmtguard.so[0xCBBCB000])[04 46       ]0x00003E30:	MOV	R4, R0	;(R0=0x300431B8 )
(       libmtguard.so[0xCBBCB000])[24 B1       ]0x00003E32:	CBZ	R4, #0XCBBCEE3E	;(R4=0x300431B8 )
(       libmtguard.so[0xCBBCB000])[20 46       ]0x00003E34:	MOV	R0, R4	;(R4=0x300431B8 )
(       libmtguard.so[0xCBBCB000])[29 46       ]0x00003E36:	MOV	R1, R5	;(R5=0x0000002C )
(       libmtguard.so[0xCBBCB000])[FE F7 CE EB ]0x00003E38:	BLX	#0XCBBCD5D8	;(PC=0xCBBCEE38 )
(       libmtguard.so[0xCBBCB000])[00 C6 8F E2 ]0x000025D8:	ADD	IP, PC, #0, #12	;(PC=0xCBBCD5D8 )
(       libmtguard.so[0xCBBCB000])[3D CA 8C E2 ]0x000025DC:	ADD	IP, IP, #0X3D000	;(IP=0xCBBCD5E0 )
(       libmtguard.so[0xCBBCB000])[F4 F8 BC E5 ]0x000025E0:	LDR	PC, [IP, #0X8F4]!	;(IP=0xCBC0A5E0 )
(       libmtguard.so[0xCBBCB000])[00 E0       ]0x00003E3C:	B	#0XCBBCEE40
(       libmtguard.so[0xCBBCB000])[20 46       ]0x00003E40:	MOV	R0, R4	;(R4=0x300431B8 )
(       libmtguard.so[0xCBBCB000])[B0 BD       ]0x00003E42:	POP	{R4, R5, R7, PC}	;(SP=0x100FFF98 )
(       libmtguard.so[0xCBBCB000])[00 28       ]0x000038AE:	CMP	R0, #0	;(R0=0x300431B8 )
(       libmtguard.so[0xCBBCB000])[20 60       ]0x000038B0:	STR	R0, [R4]	;(R0=0x300431B8 R4=0x300431A0 )
(       libmtguard.so[0xCBBCB000])[05 D1       ]0x000038B2:	BNE	#0XCBBCE8C0
(       libmtguard.so[0xCBBCB000])[20 46       ]0x000038C0:	MOV	R0, R4	;(R4=0x300431A0 )
(       libmtguard.so[0xCBBCB000])[5D F8 04 BB ]0x000038C2:	LDR	FP, [SP], #4	;(SP=0x100FFFA8 )
(       libmtguard.so[0xCBBCB000])[F0 BD       ]0x000038C6:	POP	{R4, R5, R6, R7, PC}	;(SP=0x100FFFAC )
(       libmtguard.so[0xCBBCB000])[01 36       ]0x0000CE08:	ADDS	R6, #1	;(R6=0x0000003D )
(       libmtguard.so[0xCBBCB000])[60 60       ]0x0000CE0A:	STR	R0, [R4, #4]	;(R0=0x300431A0 R4=0xCBC0D27C )
(       libmtguard.so[0xCBBCB000])[B6 F5 7C 7F ]0x0000CE0C:	CMP.W	R6, #0X3F0	;(R6=0x0000003E )
(       libmtguard.so[0xCBBCB000])[F3 D1       ]0x0000CE10:	BNE	#0XCBBD7DFA
(       libmtguard.so[0xCBBCB000])[48 46       ]0x0000CDFA:	MOV	R0, SB	;(SB=0xCBBCFE51 )
(       libmtguard.so[0xCBBCB000])[45 F8 36 80 ]0x0000CDFC:	STR.W	R8, [R5, R6, LSL #3]	;(R8=0xFFFFFFFF R5=0xCBC0D094 R6=0x0000003E )
(       libmtguard.so[0xCBBCB000])[05 EB C6 04 ]0x0000CE00:	ADD.W	R4, R5, R6, LSL #3	;(R5=0xCBC0D094 R6=0x0000003E )
(       libmtguard.so[0xCBBCB000])[F6 F7 3A FD ]0x0000CE04:	BL	#0XCBBCE87C	;(PC=0xCBBD7E04 )
(       libmtguard.so[0xCBBCB000])[F0 B5       ]0x0000387C:	PUSH	{R4, R5, R6, R7, LR}	;(SP=0x100FFFC0 R4=0xCBC0D284 R5=0xCBC0D094 R6=0x0000003E R7=0x100FFFE0 LR=0xCBBD7E09 )
(       libmtguard.so[0xCBBCB000])[03 AF       ]0x0000387E:	ADD	R7, SP, #0XC	;(SP=0x100FFFAC )
(       libmtguard.so[0xCBBCB000])[4D F8 04 BD ]0x00003880:	STR	FP, [SP, #-0X4]!	;(FP=0xCBC0B1C4 SP=0x100FFFAC )
(       libmtguard.so[0xCBBCB000])[05 46       ]0x00003884:	MOV	R5, R0	;(R0=0xCBBCFE51 )
(       libmtguard.so[0xCBBCB000])[01 20       ]0x00003886:	MOVS	R0, #1
(       libmtguard.so[0xCBBCB000])[10 21       ]0x00003888:	MOVS	R1, #0X10
(       libmtguard.so[0xCBBCB000])[00 22       ]0x0000388A:	MOVS	R2, #0
(       libmtguard.so[0xCBBCB000])[00 23       ]0x0000388C:	MOVS	R3, #0
(       libmtguard.so[0xCBBCB000])[00 26       ]0x0000388E:	MOVS	R6, #0
(       libmtguard.so[0xCBBCB000])[00 F0 C6 FA ]0x00003890:	BL	#0XCBBCEE20	;(PC=0xCBBCE890 )
(       libmtguard.so[0xCBBCB000])[B0 B5       ]0x00003E20:	PUSH	{R4, R5, R7, LR}	;(SP=0x100FFFA8 R4=0xCBC0D284 R5=0xCBBCFE51 R7=0x100FFFB8 LR=0xCBBCE895 )
(       libmtguard.so[0xCBBCB000])[02 AF       ]0x00003E22:	ADD	R7, SP, #8	;(SP=0x100FFF98 )
(       libmtguard.so[0xCBBCB000])[01 FB 00 F5 ]0x00003E24:	MUL	R5, R1, R0	;(R1=0x00000010 R0=0x00000001 )
(       libmtguard.so[0xCBBCB000])[4D B1       ]0x00003E28:	CBZ	R5, #0XCBBCEE3E	;(R5=0x00000010 )
(       libmtguard.so[0xCBBCB000])[28 46       ]0x00003E2A:	MOV	R0, R5	;(R5=0x00000010 )
(       libmtguard.so[0xCBBCB000])[FE F7 C8 EB ]0x00003E2C:	BLX	#0XCBBCD5C0	;(PC=0xCBBCEE2C )
(       libmtguard.so[0xCBBCB000])[00 C6 8F E2 ]0x000025C0:	ADD	IP, PC, #0, #12	;(PC=0xCBBCD5C0 )
(       libmtguard.so[0xCBBCB000])[3D CA 8C E2 ]0x000025C4:	ADD	IP, IP, #0X3D000	;(IP=0xCBBCD5C8 )
(       libmtguard.so[0xCBBCB000])[04 F9 BC E5 ]0x000025C8:	LDR	PC, [IP, #0X904]!	;(IP=0xCBC0A5C8 )
(       libmtguard.so[0xCBBCB000])[04 46       ]0x00003E30:	MOV	R4, R0	;(R0=0x300431E8 )
(       libmtguard.so[0xCBBCB000])[24 B1       ]0x00003E32:	CBZ	R4, #0XCBBCEE3E	;(R4=0x300431E8 )
(       libmtguard.so[0xCBBCB000])[20 46       ]0x00003E34:	MOV	R0, R4	;(R4=0x300431E8 )
(       libmtguard.so[0xCBBCB000])[29 46       ]0x00003E36:	MOV	R1, R5	;(R5=0x00000010 )
(       libmtguard.so[0xCBBCB000])[FE F7 CE EB ]0x00003E38:	BLX	#0XCBBCD5D8	;(PC=0xCBBCEE38 )
(       libmtguard.so[0xCBBCB000])[00 C6 8F E2 ]0x000025D8:	ADD	IP, PC, #0, #12	;(PC=0xCBBCD5D8 )
(       libmtguard.so[0xCBBCB000])[3D CA 8C E2 ]0x000025DC:	ADD	IP, IP, #0X3D000	;(IP=0xCBBCD5E0 )
(       libmtguard.so[0xCBBCB000])[F4 F8 BC E5 ]0x000025E0:	LDR	PC, [IP, #0X8F4]!	;(IP=0xCBC0A5E0 )
(       libmtguard.so[0xCBBCB000])[00 E0       ]0x00003E3C:	B	#0XCBBCEE40
(       libmtguard.so[0xCBBCB000])[20 46       ]0x00003E40:	MOV	R0, R4	;(R4=0x300431E8 )
(       libmtguard.so[0xCBBCB000])[B0 BD       ]0x00003E42:	POP	{R4, R5, R7, PC}	;(SP=0x100FFF98 )
(       libmtguard.so[0xCBBCB000])[04 46       ]0x00003894:	MOV	R4, R0	;(R0=0x300431E8 )
(       libmtguard.so[0xCBBCB000])[94 B1       ]0x00003896:	CBZ	R4, #0XCBBCE8BE	;(R4=0x300431E8 )
(       libmtguard.so[0xCBBCB000])[0B 20       ]0x00003898:	MOVS	R0, #0XB
(       libmtguard.so[0xCBBCB000])[C4 E9 00 66 ]0x0000389A:	STRD	R6, R6, [R4]	;(R6=0x00000000 R4=0x300431E8 )
(       libmtguard.so[0xCBBCB000])[C4 E9 02 05 ]0x0000389E:	STRD	R0, R5, [R4, #8]	;(R0=0x0000000B R5=0xCBBCFE51 R4=0x300431E8 )
(       libmtguard.so[0xCBBCB000])[04 20       ]0x000038A2:	MOVS	R0, #4
(       libmtguard.so[0xCBBCB000])[0B 21       ]0x000038A4:	MOVS	R1, #0XB
(       libmtguard.so[0xCBBCB000])[00 22       ]0x000038A6:	MOVS	R2, #0
(       libmtguard.so[0xCBBCB000])[00 23       ]0x000038A8:	MOVS	R3, #0
(       libmtguard.so[0xCBBCB000])[00 F0 B9 FA ]0x000038AA:	BL	#0XCBBCEE20	;(PC=0xCBBCE8AA )
(       libmtguard.so[0xCBBCB000])[B0 B5       ]0x00003E20:	PUSH	{R4, R5, R7, LR}	;(SP=0x100FFFA8 R4=0x300431E8 R5=0xCBBCFE51 R7=0x100FFFB8 LR=0xCBBCE8AF )
(       libmtguard.so[0xCBBCB000])[02 AF       ]0x00003E22:	ADD	R7, SP, #8	;(SP=0x100FFF98 )
(       libmtguard.so[0xCBBCB000])[01 FB 00 F5 ]0x00003E24:	MUL	R5, R1, R0	;(R1=0x0000000B R0=0x00000004 )
(       libmtguard.so[0xCBBCB000])[4D B1       ]0x00003E28:	CBZ	R5, #0XCBBCEE3E	;(R5=0x0000002C )
(       libmtguard.so[0xCBBCB000])[28 46       ]0x00003E2A:	MOV	R0, R5	;(R5=0x0000002C )
(       libmtguard.so[0xCBBCB000])[FE F7 C8 EB ]0x00003E2C:	BLX	#0XCBBCD5C0	;(PC=0xCBBCEE2C )
(       libmtguard.so[0xCBBCB000])[00 C6 8F E2 ]0x000025C0:	ADD	IP, PC, #0, #12	;(PC=0xCBBCD5C0 )
(       libmtguard.so[0xCBBCB000])[3D CA 8C E2 ]0x000025C4:	ADD	IP, IP, #0X3D000	;(IP=0xCBBCD5C8 )
(       libmtguard.so[0xCBBCB000])[04 F9 BC E5 ]0x000025C8:	LDR	PC, [IP, #0X904]!	;(IP=0xCBC0A5C8 )
(       libmtguard.so[0xCBBCB000])[04 46       ]0x00003E30:	MOV	R4, R0	;(R0=0x30043200 )
(       libmtguard.so[0xCBBCB000])[24 B1       ]0x00003E32:	CBZ	R4, #0XCBBCEE3E	;(R4=0x30043200 )
(       libmtguard.so[0xCBBCB000])[20 46       ]0x00003E34:	MOV	R0, R4	;(R4=0x30043200 )
(       libmtguard.so[0xCBBCB000])[29 46       ]0x00003E36:	MOV	R1, R5	;(R5=0x0000002C )
(       libmtguard.so[0xCBBCB000])[FE F7 CE EB ]0x00003E38:	BLX	#0XCBBCD5D8	;(PC=0xCBBCEE38 )
(       libmtguard.so[0xCBBCB000])[00 C6 8F E2 ]0x000025D8:	ADD	IP, PC, #0, #12	;(PC=0xCBBCD5D8 )
(       libmtguard.so[0xCBBCB000])[3D CA 8C E2 ]0x000025DC:	ADD	IP, IP, #0X3D000	;(IP=0xCBBCD5E0 )
(       libmtguard.so[0xCBBCB000])[F4 F8 BC E5 ]0x000025E0:	LDR	PC, [IP, #0X8F4]!	;(IP=0xCBC0A5E0 )
(       libmtguard.so[0xCBBCB000])[00 E0       ]0x00003E3C:	B	#0XCBBCEE40
(       libmtguard.so[0xCBBCB000])[20 46       ]0x00003E40:	MOV	R0, R4	;(R4=0x30043200 )
(       libmtguard.so[0xCBBCB000])[B0 BD       ]0x00003E42:	POP	{R4, R5, R7, PC}	;(SP=0x100FFF98 )
(       libmtguard.so[0xCBBCB000])[00 28       ]0x000038AE:	CMP	R0, #0	;(R0=0x30043200 )
(       libmtguard.so[0xCBBCB000])[20 60       ]0x000038B0:	STR	R0, [R4]	;(R0=0x30043200 R4=0x300431E8 )
(       libmtguard.so[0xCBBCB000])[05 D1       ]0x000038B2:	BNE	#0XCBBCE8C0
(       libmtguard.so[0xCBBCB000])[20 46       ]0x000038C0:	MOV	R0, R4	;(R4=0x300431E8 )
(       libmtguard.so[0xCBBCB000])[5D F8 04 BB ]0x000038C2:	LDR	FP, [SP], #4	;(SP=0x100FFFA8 )
(       libmtguard.so[0xCBBCB000])[F0 BD       ]0x000038C6:	POP	{R4, R5, R6, R7, PC}	;(SP=0x100FFFAC )
(       libmtguard.so[0xCBBCB000])[01 36       ]0x0000CE08:	ADDS	R6, #1	;(R6=0x0000003E )
(       libmtguard.so[0xCBBCB000])[60 60       ]0x0000CE0A:	STR	R0, [R4, #4]	;(R0=0x300431E8 R4=0xCBC0D284 )
(       libmtguard.so[0xCBBCB000])[B6 F5 7C 7F ]0x0000CE0C:	CMP.W	R6, #0X3F0	;(R6=0x0000003F )
(       libmtguard.so[0xCBBCB000])[F3 D1       ]0x0000CE10:	BNE	#0XCBBD7DFA
(       libmtguard.so[0xCBBCB000])[48 46       ]0x0000CDFA:	MOV	R0, SB	;(SB=0xCBBCFE51 )
(       libmtguard.so[0xCBBCB000])[45 F8 36 80 ]0x0000CDFC:	STR.W	R8, [R5, R6, LSL #3]	;(R8=0xFFFFFFFF R5=0xCBC0D094 R6=0x0000003F )
(       libmtguard.so[0xCBBCB000])[05 EB C6 04 ]0x0000CE00:	ADD.W	R4, R5, R6, LSL #3	;(R5=0xCBC0D094 R6=0x0000003F )
(       libmtguard.so[0xCBBCB000])[F6 F7 3A FD ]0x0000CE04:	BL	#0XCBBCE87C	;(PC=0xCBBD7E04 )
(       libmtguard.so[0xCBBCB000])[F0 B5       ]0x0000387C:	PUSH	{R4, R5, R6, R7, LR}	;(SP=0x100FFFC0 R4=0xCBC0D28C R5=0xCBC0D094 R6=0x0000003F R7=0x100FFFE0 LR=0xCBBD7E09 )
(       libmtguard.so[0xCBBCB000])[03 AF       ]0x0000387E:	ADD	R7, SP, #0XC	;(SP=0x100FFFAC )
(       libmtguard.so[0xCBBCB000])[4D F8 04 BD ]0x00003880:	STR	FP, [SP, #-0X4]!	;(FP=0xCBC0B1C4 SP=0x100FFFAC )
(       libmtguard.so[0xCBBCB000])[05 46       ]0x00003884:	MOV	R5, R0	;(R0=0xCBBCFE51 )
(       libmtguard.so[0xCBBCB000])[01 20       ]0x00003886:	MOVS	R0, #1
(       libmtguard.so[0xCBBCB000])[10 21       ]0x00003888:	MOVS	R1, #0X10
(       libmtguard.so[0xCBBCB000])[00 22       ]0x0000388A:	MOVS	R2, #0
(       libmtguard.so[0xCBBCB000])[00 23       ]0x0000388C:	MOVS	R3, #0
(       libmtguard.so[0xCBBCB000])[00 26       ]0x0000388E:	MOVS	R6, #0
(       libmtguard.so[0xCBBCB000])[00 F0 C6 FA ]0x00003890:	BL	#0XCBBCEE20	;(PC=0xCBBCE890 )
(       libmtguard.so[0xCBBCB000])[B0 B5       ]0x00003E20:	PUSH	{R4, R5, R7, LR}	;(SP=0x100FFFA8 R4=0xCBC0D28C R5=0xCBBCFE51 R7=0x100FFFB8 LR=0xCBBCE895 )
(       libmtguard.so[0xCBBCB000])[02 AF       ]0x00003E22:	ADD	R7, SP, #8	;(SP=0x100FFF98 )
(       libmtguard.so[0xCBBCB000])[01 FB 00 F5 ]0x00003E24:	MUL	R5, R1, R0	;(R1=0x00000010 R0=0x00000001 )
(       libmtguard.so[0xCBBCB000])[4D B1       ]0x00003E28:	CBZ	R5, #0XCBBCEE3E	;(R5=0x00000010 )
(       libmtguard.so[0xCBBCB000])[28 46       ]0x00003E2A:	MOV	R0, R5	;(R5=0x00000010 )
(       libmtguard.so[0xCBBCB000])[FE F7 C8 EB ]0x00003E2C:	BLX	#0XCBBCD5C0	;(PC=0xCBBCEE2C )
(       libmtguard.so[0xCBBCB000])[00 C6 8F E2 ]0x000025C0:	ADD	IP, PC, #0, #12	;(PC=0xCBBCD5C0 )
(       libmtguard.so[0xCBBCB000])[3D CA 8C E2 ]0x000025C4:	ADD	IP, IP, #0X3D000	;(IP=0xCBBCD5C8 )
(       libmtguard.so[0xCBBCB000])[04 F9 BC E5 ]0x000025C8:	LDR	PC, [IP, #0X904]!	;(IP=0xCBC0A5C8 )
(       libmtguard.so[0xCBBCB000])[04 46       ]0x00003E30:	MOV	R4, R0	;(R0=0x30043230 )
(       libmtguard.so[0xCBBCB000])[24 B1       ]0x00003E32:	CBZ	R4, #0XCBBCEE3E	;(R4=0x30043230 )
(       libmtguard.so[0xCBBCB000])[20 46       ]0x00003E34:	MOV	R0, R4	;(R4=0x30043230 )
(       libmtguard.so[0xCBBCB000])[29 46       ]0x00003E36:	MOV	R1, R5	;(R5=0x00000010 )
(       libmtguard.so[0xCBBCB000])[FE F7 CE EB ]0x00003E38:	BLX	#0XCBBCD5D8	;(PC=0xCBBCEE38 )
(       libmtguard.so[0xCBBCB000])[00 C6 8F E2 ]0x000025D8:	ADD	IP, PC, #0, #12	;(PC=0xCBBCD5D8 )
(       libmtguard.so[0xCBBCB000])[3D CA 8C E2 ]0x000025DC:	ADD	IP, IP, #0X3D000	;(IP=0xCBBCD5E0 )
(       libmtguard.so[0xCBBCB000])[F4 F8 BC E5 ]0x000025E0:	LDR	PC, [IP, #0X8F4]!	;(IP=0xCBC0A5E0 )
(       libmtguard.so[0xCBBCB000])[00 E0       ]0x00003E3C:	B	#0XCBBCEE40
(       libmtguard.so[0xCBBCB000])[20 46       ]0x00003E40:	MOV	R0, R4	;(R4=0x30043230 )
(       libmtguard.so[0xCBBCB000])[B0 BD       ]0x00003E42:	POP	{R4, R5, R7, PC}	;(SP=0x100FFF98 )
(       libmtguard.so[0xCBBCB000])[04 46       ]0x00003894:	MOV	R4, R0	;(R0=0x30043230 )
(       libmtguard.so[0xCBBCB000])[94 B1       ]0x00003896:	CBZ	R4, #0XCBBCE8BE	;(R4=0x30043230 )
(       libmtguard.so[0xCBBCB000])[0B 20       ]0x00003898:	MOVS	R0, #0XB
(       libmtguard.so[0xCBBCB000])[C4 E9 00 66 ]0x0000389A:	STRD	R6, R6, [R4]	;(R6=0x00000000 R4=0x30043230 )
(       libmtguard.so[0xCBBCB000])[C4 E9 02 05 ]0x0000389E:	STRD	R0, R5, [R4, #8]	;(R0=0x0000000B R5=0xCBBCFE51 R4=0x30043230 )
(       libmtguard.so[0xCBBCB000])[04 20       ]0x000038A2:	MOVS	R0, #4
(       libmtguard.so[0xCBBCB000])[0B 21       ]0x000038A4:	MOVS	R1, #0XB
(       libmtguard.so[0xCBBCB000])[00 22       ]0x000038A6:	MOVS	R2, #0
(       libmtguard.so[0xCBBCB000])[00 23       ]0x000038A8:	MOVS	R3, #0
(       libmtguard.so[0xCBBCB000])[00 F0 B9 FA ]0x000038AA:	BL	#0XCBBCEE20	;(PC=0xCBBCE8AA )
(       libmtguard.so[0xCBBCB000])[B0 B5       ]0x00003E20:	PUSH	{R4, R5, R7, LR}	;(SP=0x100FFFA8 R4=0x30043230 R5=0xCBBCFE51 R7=0x100FFFB8 LR=0xCBBCE8AF )
(       libmtguard.so[0xCBBCB000])[02 AF       ]0x00003E22:	ADD	R7, SP, #8	;(SP=0x100FFF98 )
(       libmtguard.so[0xCBBCB000])[01 FB 00 F5 ]0x00003E24:	MUL	R5, R1, R0	;(R1=0x0000000B R0=0x00000004 )
(       libmtguard.so[0xCBBCB000])[4D B1       ]0x00003E28:	CBZ	R5, #0XCBBCEE3E	;(R5=0x0000002C )
(       libmtguard.so[0xCBBCB000])[28 46       ]0x00003E2A:	MOV	R0, R5	;(R5=0x0000002C )
(       libmtguard.so[0xCBBCB000])[FE F7 C8 EB ]0x00003E2C:	BLX	#0XCBBCD5C0	;(PC=0xCBBCEE2C )
(       libmtguard.so[0xCBBCB000])[00 C6 8F E2 ]0x000025C0:	ADD	IP, PC, #0, #12	;(PC=0xCBBCD5C0 )
(       libmtguard.so[0xCBBCB000])[3D CA 8C E2 ]0x000025C4:	ADD	IP, IP, #0X3D000	;(IP=0xCBBCD5C8 )
(       libmtguard.so[0xCBBCB000])[04 F9 BC E5 ]0x000025C8:	LDR	PC, [IP, #0X904]!	;(IP=0xCBC0A5C8 )
(       libmtguard.so[0xCBBCB000])[04 46       ]0x00003E30:	MOV	R4, R0	;(R0=0x30043248 )
(       libmtguard.so[0xCBBCB000])[24 B1       ]0x00003E32:	CBZ	R4, #0XCBBCEE3E	;(R4=0x30043248 )
(       libmtguard.so[0xCBBCB000])[20 46       ]0x00003E34:	MOV	R0, R4	;(R4=0x30043248 )
(       libmtguard.so[0xCBBCB000])[29 46       ]0x00003E36:	MOV	R1, R5	;(R5=0x0000002C )
(       libmtguard.so[0xCBBCB000])[FE F7 CE EB ]0x00003E38:	BLX	#0XCBBCD5D8	;(PC=0xCBBCEE38 )
(       libmtguard.so[0xCBBCB000])[00 C6 8F E2 ]0x000025D8:	ADD	IP, PC, #0, #12	;(PC=0xCBBCD5D8 )
(       libmtguard.so[0xCBBCB000])[3D CA 8C E2 ]0x000025DC:	ADD	IP, IP, #0X3D000	;(IP=0xCBBCD5E0 )
(       libmtguard.so[0xCBBCB000])[F4 F8 BC E5 ]0x000025E0:	LDR	PC, [IP, #0X8F4]!	;(IP=0xCBC0A5E0 )
(       libmtguard.so[0xCBBCB000])[00 E0       ]0x00003E3C:	B	#0XCBBCEE40
(       libmtguard.so[0xCBBCB000])[20 46       ]0x00003E40:	MOV	R0, R4	;(R4=0x30043248 )
(       libmtguard.so[0xCBBCB000])[B0 BD       ]0x00003E42:	POP	{R4, R5, R7, PC}	;(SP=0x100FFF98 )
(       libmtguard.so[0xCBBCB000])[00 28       ]0x000038AE:	CMP	R0, #0	;(R0=0x30043248 )
(       libmtguard.so[0xCBBCB000])[20 60       ]0x000038B0:	STR	R0, [R4]	;(R0=0x30043248 R4=0x30043230 )
(       libmtguard.so[0xCBBCB000])[05 D1       ]0x000038B2:	BNE	#0XCBBCE8C0
(       libmtguard.so[0xCBBCB000])[20 46       ]0x000038C0:	MOV	R0, R4	;(R4=0x30043230 )
(       libmtguard.so[0xCBBCB000])[5D F8 04 BB ]0x000038C2:	LDR	FP, [SP], #4	;(SP=0x100FFFA8 )
(       libmtguard.so[0xCBBCB000])[F0 BD       ]0x000038C6:	POP	{R4, R5, R6, R7, PC}	;(SP=0x100FFFAC )
(       libmtguard.so[0xCBBCB000])[01 36       ]0x0000CE08:	ADDS	R6, #1	;(R6=0x0000003F )
(       libmtguard.so[0xCBBCB000])[60 60       ]0x0000CE0A:	STR	R0, [R4, #4]	;(R0=0x30043230 R4=0xCBC0D28C )
(       libmtguard.so[0xCBBCB000])[B6 F5 7C 7F ]0x0000CE0C:	CMP.W	R6, #0X3F0	;(R6=0x00000040 )
(       libmtguard.so[0xCBBCB000])[F3 D1       ]0x0000CE10:	BNE	#0XCBBD7DFA
(       libmtguard.so[0xCBBCB000])[48 46       ]0x0000CDFA:	MOV	R0, SB	;(SB=0xCBBCFE51 )
(       libmtguard.so[0xCBBCB000])[45 F8 36 80 ]0x0000CDFC:	STR.W	R8, [R5, R6, LSL #3]	;(R8=0xFFFFFFFF R5=0xCBC0D094 R6=0x00000040 )
(       libmtguard.so[0xCBBCB000])[05 EB C6 04 ]0x0000CE00:	ADD.W	R4, R5, R6, LSL #3	;(R5=0xCBC0D094 R6=0x00000040 )
(       libmtguard.so[0xCBBCB000])[F6 F7 3A FD ]0x0000CE04:	BL	#0XCBBCE87C	;(PC=0xCBBD7E04 )
(       libmtguard.so[0xCBBCB000])[F0 B5       ]0x0000387C:	PUSH	{R4, R5, R6, R7, LR}	;(SP=0x100FFFC0 R4=0xCBC0D294 R5=0xCBC0D094 R6=0x00000040 R7=0x100FFFE0 LR=0xCBBD7E09 )
(       libmtguard.so[0xCBBCB000])[03 AF       ]0x0000387E:	ADD	R7, SP, #0XC	;(SP=0x100FFFAC )
(       libmtguard.so[0xCBBCB000])[4D F8 04 BD ]0x00003880:	STR	FP, [SP, #-0X4]!	;(FP=0xCBC0B1C4 SP=0x100FFFAC )
(       libmtguard.so[0xCBBCB000])[05 46       ]0x00003884:	MOV	R5, R0	;(R0=0xCBBCFE51 )
(       libmtguard.so[0xCBBCB000])[01 20       ]0x00003886:	MOVS	R0, #1
(       libmtguard.so[0xCBBCB000])[10 21       ]0x00003888:	MOVS	R1, #0X10
(       libmtguard.so[0xCBBCB000])[00 22       ]0x0000388A:	MOVS	R2, #0
(       libmtguard.so[0xCBBCB000])[00 23       ]0x0000388C:	MOVS	R3, #0
(       libmtguard.so[0xCBBCB000])[00 26       ]0x0000388E:	MOVS	R6, #0
(       libmtguard.so[0xCBBCB000])[00 F0 C6 FA ]0x00003890:	BL	#0XCBBCEE20	;(PC=0xCBBCE890 )
(       libmtguard.so[0xCBBCB000])[B0 B5       ]0x00003E20:	PUSH	{R4, R5, R7, LR}	;(SP=0x100FFFA8 R4=0xCBC0D294 R5=0xCBBCFE51 R7=0x100FFFB8 LR=0xCBBCE895 )
(       libmtguard.so[0xCBBCB000])[02 AF       ]0x00003E22:	ADD	R7, SP, #8	;(SP=0x100FFF98 )
(       libmtguard.so[0xCBBCB000])[01 FB 00 F5 ]0x00003E24:	MUL	R5, R1, R0	;(R1=0x00000010 R0=0x00000001 )
(       libmtguard.so[0xCBBCB000])[4D B1       ]0x00003E28:	CBZ	R5, #0XCBBCEE3E	;(R5=0x00000010 )
(       libmtguard.so[0xCBBCB000])[28 46       ]0x00003E2A:	MOV	R0, R5	;(R5=0x00000010 )
(       libmtguard.so[0xCBBCB000])[FE F7 C8 EB ]0x00003E2C:	BLX	#0XCBBCD5C0	;(PC=0xCBBCEE2C )
(       libmtguard.so[0xCBBCB000])[00 C6 8F E2 ]0x000025C0:	ADD	IP, PC, #0, #12	;(PC=0xCBBCD5C0 )
(       libmtguard.so[0xCBBCB000])[3D CA 8C E2 ]0x000025C4:	ADD	IP, IP, #0X3D000	;(IP=0xCBBCD5C8 )
(       libmtguard.so[0xCBBCB000])[04 F9 BC E5 ]0x000025C8:	LDR	PC, [IP, #0X904]!	;(IP=0xCBC0A5C8 )
(       libmtguard.so[0xCBBCB000])[04 46       ]0x00003E30:	MOV	R4, R0	;(R0=0x30043278 )
(       libmtguard.so[0xCBBCB000])[24 B1       ]0x00003E32:	CBZ	R4, #0XCBBCEE3E	;(R4=0x30043278 )
(       libmtguard.so[0xCBBCB000])[20 46       ]0x00003E34:	MOV	R0, R4	;(R4=0x30043278 )
(       libmtguard.so[0xCBBCB000])[29 46       ]0x00003E36:	MOV	R1, R5	;(R5=0x00000010 )
(       libmtguard.so[0xCBBCB000])[FE F7 CE EB ]0x00003E38:	BLX	#0XCBBCD5D8	;(PC=0xCBBCEE38 )
(       libmtguard.so[0xCBBCB000])[00 C6 8F E2 ]0x000025D8:	ADD	IP, PC, #0, #12	;(PC=0xCBBCD5D8 )
(       libmtguard.so[0xCBBCB000])[3D CA 8C E2 ]0x000025DC:	ADD	IP, IP, #0X3D000	;(IP=0xCBBCD5E0 )
(       libmtguard.so[0xCBBCB000])[F4 F8 BC E5 ]0x000025E0:	LDR	PC, [IP, #0X8F4]!	;(IP=0xCBC0A5E0 )
(       libmtguard.so[0xCBBCB000])[00 E0       ]0x00003E3C:	B	#0XCBBCEE40
(       libmtguard.so[0xCBBCB000])[20 46       ]0x00003E40:	MOV	R0, R4	;(R4=0x30043278 )
(       libmtguard.so[0xCBBCB000])[B0 BD       ]0x00003E42:	POP	{R4, R5, R7, PC}	;(SP=0x100FFF98 )
(       libmtguard.so[0xCBBCB000])[04 46       ]0x00003894:	MOV	R4, R0	;(R0=0x30043278 )
(       libmtguard.so[0xCBBCB000])[94 B1       ]0x00003896:	CBZ	R4, #0XCBBCE8BE	;(R4=0x30043278 )
(       libmtguard.so[0xCBBCB000])[0B 20       ]0x00003898:	MOVS	R0, #0XB
(       libmtguard.so[0xCBBCB000])[C4 E9 00 66 ]0x0000389A:	STRD	R6, R6, [R4]	;(R6=0x00000000 R4=0x30043278 )
(       libmtguard.so[0xCBBCB000])[C4 E9 02 05 ]0x0000389E:	STRD	R0, R5, [R4, #8]	;(R0=0x0000000B R5=0xCBBCFE51 R4=0x30043278 )
(       libmtguard.so[0xCBBCB000])[04 20       ]0x000038A2:	MOVS	R0, #4
(       libmtguard.so[0xCBBCB000])[0B 21       ]0x000038A4:	MOVS	R1, #0XB
(       libmtguard.so[0xCBBCB000])[00 22       ]0x000038A6:	MOVS	R2, #0
(       libmtguard.so[0xCBBCB000])[00 23       ]0x000038A8:	MOVS	R3, #0
(       libmtguard.so[0xCBBCB000])[00 F0 B9 FA ]0x000038AA:	BL	#0XCBBCEE20	;(PC=0xCBBCE8AA )
(       libmtguard.so[0xCBBCB000])[B0 B5       ]0x00003E20:	PUSH	{R4, R5, R7, LR}	;(SP=0x100FFFA8 R4=0x30043278 R5=0xCBBCFE51 R7=0x100FFFB8 LR=0xCBBCE8AF )
(       libmtguard.so[0xCBBCB000])[02 AF       ]0x00003E22:	ADD	R7, SP, #8	;(SP=0x100FFF98 )
(       libmtguard.so[0xCBBCB000])[01 FB 00 F5 ]0x00003E24:	MUL	R5, R1, R0	;(R1=0x0000000B R0=0x00000004 )
(       libmtguard.so[0xCBBCB000])[4D B1       ]0x00003E28:	CBZ	R5, #0XCBBCEE3E	;(R5=0x0000002C )
(       libmtguard.so[0xCBBCB000])[28 46       ]0x00003E2A:	MOV	R0, R5	;(R5=0x0000002C )
(       libmtguard.so[0xCBBCB000])[FE F7 C8 EB ]0x00003E2C:	BLX	#0XCBBCD5C0	;(PC=0xCBBCEE2C )
(       libmtguard.so[0xCBBCB000])[00 C6 8F E2 ]0x000025C0:	ADD	IP, PC, #0, #12	;(PC=0xCBBCD5C0 )
(       libmtguard.so[0xCBBCB000])[3D CA 8C E2 ]0x000025C4:	ADD	IP, IP, #0X3D000	;(IP=0xCBBCD5C8 )
(       libmtguard.so[0xCBBCB000])[04 F9 BC E5 ]0x000025C8:	LDR	PC, [IP, #0X904]!	;(IP=0xCBC0A5C8 )
(       libmtguard.so[0xCBBCB000])[04 46       ]0x00003E30:	MOV	R4, R0	;(R0=0x30043290 )
(       libmtguard.so[0xCBBCB000])[24 B1       ]0x00003E32:	CBZ	R4, #0XCBBCEE3E	;(R4=0x30043290 )
(       libmtguard.so[0xCBBCB000])[20 46       ]0x00003E34:	MOV	R0, R4	;(R4=0x30043290 )
(       libmtguard.so[0xCBBCB000])[29 46       ]0x00003E36:	MOV	R1, R5	;(R5=0x0000002C )
(       libmtguard.so[0xCBBCB000])[FE F7 CE EB ]0x00003E38:	BLX	#0XCBBCD5D8	;(PC=0xCBBCEE38 )
(       libmtguard.so[0xCBBCB000])[00 C6 8F E2 ]0x000025D8:	ADD	IP, PC, #0, #12	;(PC=0xCBBCD5D8 )
(       libmtguard.so[0xCBBCB000])[3D CA 8C E2 ]0x000025DC:	ADD	IP, IP, #0X3D000	;(IP=0xCBBCD5E0 )
(       libmtguard.so[0xCBBCB000])[F4 F8 BC E5 ]0x000025E0:	LDR	PC, [IP, #0X8F4]!	;(IP=0xCBC0A5E0 )
(       libmtguard.so[0xCBBCB000])[00 E0       ]0x00003E3C:	B	#0XCBBCEE40
(       libmtguard.so[0xCBBCB000])[20 46       ]0x00003E40:	MOV	R0, R4	;(R4=0x30043290 )
(       libmtguard.so[0xCBBCB000])[B0 BD       ]0x00003E42:	POP	{R4, R5, R7, PC}	;(SP=0x100FFF98 )
(       libmtguard.so[0xCBBCB000])[00 28       ]0x000038AE:	CMP	R0, #0	;(R0=0x30043290 )
(       libmtguard.so[0xCBBCB000])[20 60       ]0x000038B0:	STR	R0, [R4]	;(R0=0x30043290 R4=0x30043278 )
(       libmtguard.so[0xCBBCB000])[05 D1       ]0x000038B2:	BNE	#0XCBBCE8C0
(       libmtguard.so[0xCBBCB000])[20 46       ]0x000038C0:	MOV	R0, R4	;(R4=0x30043278 )
(       libmtguard.so[0xCBBCB000])[5D F8 04 BB ]0x000038C2:	LDR	FP, [SP], #4	;(SP=0x100FFFA8 )
(       libmtguard.so[0xCBBCB000])[F0 BD       ]0x000038C6:	POP	{R4, R5, R6, R7, PC}	;(SP=0x100FFFAC )
(       libmtguard.so[0xCBBCB000])[01 36       ]0x0000CE08:	ADDS	R6, #1	;(R6=0x00000040 )
(       libmtguard.so[0xCBBCB000])[60 60       ]0x0000CE0A:	STR	R0, [R4, #4]	;(R0=0x30043278 R4=0xCBC0D294 )
(       libmtguard.so[0xCBBCB000])[B6 F5 7C 7F ]0x0000CE0C:	CMP.W	R6, #0X3F0	;(R6=0x00000041 )
(       libmtguard.so[0xCBBCB000])[F3 D1       ]0x0000CE10:	BNE	#0XCBBD7DFA
(       libmtguard.so[0xCBBCB000])[48 46       ]0x0000CDFA:	MOV	R0, SB	;(SB=0xCBBCFE51 )
(       libmtguard.so[0xCBBCB000])[45 F8 36 80 ]0x0000CDFC:	STR.W	R8, [R5, R6, LSL #3]	;(R8=0xFFFFFFFF R5=0xCBC0D094 R6=0x00000041 )
(       libmtguard.so[0xCBBCB000])[05 EB C6 04 ]0x0000CE00:	ADD.W	R4, R5, R6, LSL #3	;(R5=0xCBC0D094 R6=0x00000041 )
(       libmtguard.so[0xCBBCB000])[F6 F7 3A FD ]0x0000CE04:	BL	#0XCBBCE87C	;(PC=0xCBBD7E04 )
(       libmtguard.so[0xCBBCB000])[F0 B5       ]0x0000387C:	PUSH	{R4, R5, R6, R7, LR}	;(SP=0x100FFFC0 R4=0xCBC0D29C R5=0xCBC0D094 R6=0x00000041 R7=0x100FFFE0 LR=0xCBBD7E09 )
(       libmtguard.so[0xCBBCB000])[03 AF       ]0x0000387E:	ADD	R7, SP, #0XC	;(SP=0x100FFFAC )
(       libmtguard.so[0xCBBCB000])[4D F8 04 BD ]0x00003880:	STR	FP, [SP, #-0X4]!	;(FP=0xCBC0B1C4 SP=0x100FFFAC )
(       libmtguard.so[0xCBBCB000])[05 46       ]0x00003884:	MOV	R5, R0	;(R0=0xCBBCFE51 )
(       libmtguard.so[0xCBBCB000])[01 20       ]0x00003886:	MOVS	R0, #1
(       libmtguard.so[0xCBBCB000])[10 21       ]0x00003888:	MOVS	R1, #0X10
(       libmtguard.so[0xCBBCB000])[00 22       ]0x0000388A:	MOVS	R2, #0
(       libmtguard.so[0xCBBCB000])[00 23       ]0x0000388C:	MOVS	R3, #0
(       libmtguard.so[0xCBBCB000])[00 26       ]0x0000388E:	MOVS	R6, #0
(       libmtguard.so[0xCBBCB000])[00 F0 C6 FA ]0x00003890:	BL	#0XCBBCEE20	;(PC=0xCBBCE890 )
(       libmtguard.so[0xCBBCB000])[B0 B5       ]0x00003E20:	PUSH	{R4, R5, R7, LR}	;(SP=0x100FFFA8 R4=0xCBC0D29C R5=0xCBBCFE51 R7=0x100FFFB8 LR=0xCBBCE895 )
(       libmtguard.so[0xCBBCB000])[02 AF       ]0x00003E22:	ADD	R7, SP, #8	;(SP=0x100FFF98 )
(       libmtguard.so[0xCBBCB000])[01 FB 00 F5 ]0x00003E24:	MUL	R5, R1, R0	;(R1=0x00000010 R0=0x00000001 )
(       libmtguard.so[0xCBBCB000])[4D B1       ]0x00003E28:	CBZ	R5, #0XCBBCEE3E	;(R5=0x00000010 )
(       libmtguard.so[0xCBBCB000])[28 46       ]0x00003E2A:	MOV	R0, R5	;(R5=0x00000010 )
(       libmtguard.so[0xCBBCB000])[FE F7 C8 EB ]0x00003E2C:	BLX	#0XCBBCD5C0	;(PC=0xCBBCEE2C )
(       libmtguard.so[0xCBBCB000])[00 C6 8F E2 ]0x000025C0:	ADD	IP, PC, #0, #12	;(PC=0xCBBCD5C0 )
(       libmtguard.so[0xCBBCB000])[3D CA 8C E2 ]0x000025C4:	ADD	IP, IP, #0X3D000	;(IP=0xCBBCD5C8 )
(       libmtguard.so[0xCBBCB000])[04 F9 BC E5 ]0x000025C8:	LDR	PC, [IP, #0X904]!	;(IP=0xCBC0A5C8 )
(       libmtguard.so[0xCBBCB000])[04 46       ]0x00003E30:	MOV	R4, R0	;(R0=0x300432C0 )
(       libmtguard.so[0xCBBCB000])[24 B1       ]0x00003E32:	CBZ	R4, #0XCBBCEE3E	;(R4=0x300432C0 )
(       libmtguard.so[0xCBBCB000])[20 46       ]0x00003E34:	MOV	R0, R4	;(R4=0x300432C0 )
(       libmtguard.so[0xCBBCB000])[29 46       ]0x00003E36:	MOV	R1, R5	;(R5=0x00000010 )
(       libmtguard.so[0xCBBCB000])[FE F7 CE EB ]0x00003E38:	BLX	#0XCBBCD5D8	;(PC=0xCBBCEE38 )
(       libmtguard.so[0xCBBCB000])[00 C6 8F E2 ]0x000025D8:	ADD	IP, PC, #0, #12	;(PC=0xCBBCD5D8 )
(       libmtguard.so[0xCBBCB000])[3D CA 8C E2 ]0x000025DC:	ADD	IP, IP, #0X3D000	;(IP=0xCBBCD5E0 )
(       libmtguard.so[0xCBBCB000])[F4 F8 BC E5 ]0x000025E0:	LDR	PC, [IP, #0X8F4]!	;(IP=0xCBC0A5E0 )
(       libmtguard.so[0xCBBCB000])[00 E0       ]0x00003E3C:	B	#0XCBBCEE40
(       libmtguard.so[0xCBBCB000])[20 46       ]0x00003E40:	MOV	R0, R4	;(R4=0x300432C0 )
(       libmtguard.so[0xCBBCB000])[B0 BD       ]0x00003E42:	POP	{R4, R5, R7, PC}	;(SP=0x100FFF98 )
(       libmtguard.so[0xCBBCB000])[04 46       ]0x00003894:	MOV	R4, R0	;(R0=0x300432C0 )
(       libmtguard.so[0xCBBCB000])[94 B1       ]0x00003896:	CBZ	R4, #0XCBBCE8BE	;(R4=0x300432C0 )
(       libmtguard.so[0xCBBCB000])[0B 20       ]0x00003898:	MOVS	R0, #0XB
(       libmtguard.so[0xCBBCB000])[C4 E9 00 66 ]0x0000389A:	STRD	R6, R6, [R4]	;(R6=0x00000000 R4=0x300432C0 )
(       libmtguard.so[0xCBBCB000])[C4 E9 02 05 ]0x0000389E:	STRD	R0, R5, [R4, #8]	;(R0=0x0000000B R5=0xCBBCFE51 R4=0x300432C0 )
(       libmtguard.so[0xCBBCB000])[04 20       ]0x000038A2:	MOVS	R0, #4
(       libmtguard.so[0xCBBCB000])[0B 21       ]0x000038A4:	MOVS	R1, #0XB
(       libmtguard.so[0xCBBCB000])[00 22       ]0x000038A6:	MOVS	R2, #0
(       libmtguard.so[0xCBBCB000])[00 23       ]0x000038A8:	MOVS	R3, #0
(       libmtguard.so[0xCBBCB000])[00 F0 B9 FA ]0x000038AA:	BL	#0XCBBCEE20	;(PC=0xCBBCE8AA )
(       libmtguard.so[0xCBBCB000])[B0 B5       ]0x00003E20:	PUSH	{R4, R5, R7, LR}	;(SP=0x100FFFA8 R4=0x300432C0 R5=0xCBBCFE51 R7=0x100FFFB8 LR=0xCBBCE8AF )
(       libmtguard.so[0xCBBCB000])[02 AF       ]0x00003E22:	ADD	R7, SP, #8	;(SP=0x100FFF98 )
(       libmtguard.so[0xCBBCB000])[01 FB 00 F5 ]0x00003E24:	MUL	R5, R1, R0	;(R1=0x0000000B R0=0x00000004 )
(       libmtguard.so[0xCBBCB000])[4D B1       ]0x00003E28:	CBZ	R5, #0XCBBCEE3E	;(R5=0x0000002C )
(       libmtguard.so[0xCBBCB000])[28 46       ]0x00003E2A:	MOV	R0, R5	;(R5=0x0000002C )
(       libmtguard.so[0xCBBCB000])[FE F7 C8 EB ]0x00003E2C:	BLX	#0XCBBCD5C0	;(PC=0xCBBCEE2C )
(       libmtguard.so[0xCBBCB000])[00 C6 8F E2 ]0x000025C0:	ADD	IP, PC, #0, #12	;(PC=0xCBBCD5C0 )
(       libmtguard.so[0xCBBCB000])[3D CA 8C E2 ]0x000025C4:	ADD	IP, IP, #0X3D000	;(IP=0xCBBCD5C8 )
(       libmtguard.so[0xCBBCB000])[04 F9 BC E5 ]0x000025C8:	LDR	PC, [IP, #0X904]!	;(IP=0xCBC0A5C8 )
(       libmtguard.so[0xCBBCB000])[04 46       ]0x00003E30:	MOV	R4, R0	;(R0=0x300432D8 )
(       libmtguard.so[0xCBBCB000])[24 B1       ]0x00003E32:	CBZ	R4, #0XCBBCEE3E	;(R4=0x300432D8 )
(       libmtguard.so[0xCBBCB000])[20 46       ]0x00003E34:	MOV	R0, R4	;(R4=0x300432D8 )
(       libmtguard.so[0xCBBCB000])[29 46       ]0x00003E36:	MOV	R1, R5	;(R5=0x0000002C )
(       libmtguard.so[0xCBBCB000])[FE F7 CE EB ]0x00003E38:	BLX	#0XCBBCD5D8	;(PC=0xCBBCEE38 )
(       libmtguard.so[0xCBBCB000])[00 C6 8F E2 ]0x000025D8:	ADD	IP, PC, #0, #12	;(PC=0xCBBCD5D8 )
(       libmtguard.so[0xCBBCB000])[3D CA 8C E2 ]0x000025DC:	ADD	IP, IP, #0X3D000	;(IP=0xCBBCD5E0 )
(       libmtguard.so[0xCBBCB000])[F4 F8 BC E5 ]0x000025E0:	LDR	PC, [IP, #0X8F4]!	;(IP=0xCBC0A5E0 )
(       libmtguard.so[0xCBBCB000])[00 E0       ]0x00003E3C:	B	#0XCBBCEE40
(       libmtguard.so[0xCBBCB000])[20 46       ]0x00003E40:	MOV	R0, R4	;(R4=0x300432D8 )
(       libmtguard.so[0xCBBCB000])[B0 BD       ]0x00003E42:	POP	{R4, R5, R7, PC}	;(SP=0x100FFF98 )
(       libmtguard.so[0xCBBCB000])[00 28       ]0x000038AE:	CMP	R0, #0	;(R0=0x300432D8 )
(       libmtguard.so[0xCBBCB000])[20 60       ]0x000038B0:	STR	R0, [R4]	;(R0=0x300432D8 R4=0x300432C0 )
(       libmtguard.so[0xCBBCB000])[05 D1       ]0x000038B2:	BNE	#0XCBBCE8C0
(       libmtguard.so[0xCBBCB000])[20 46       ]0x000038C0:	MOV	R0, R4	;(R4=0x300432C0 )
(       libmtguard.so[0xCBBCB000])[5D F8 04 BB ]0x000038C2:	LDR	FP, [SP], #4	;(SP=0x100FFFA8 )
(       libmtguard.so[0xCBBCB000])[F0 BD       ]0x000038C6:	POP	{R4, R5, R6, R7, PC}	;(SP=0x100FFFAC )
(       libmtguard.so[0xCBBCB000])[01 36       ]0x0000CE08:	ADDS	R6, #1	;(R6=0x00000041 )
(       libmtguard.so[0xCBBCB000])[60 60       ]0x0000CE0A:	STR	R0, [R4, #4]	;(R0=0x300432C0 R4=0xCBC0D29C )
(       libmtguard.so[0xCBBCB000])[B6 F5 7C 7F ]0x0000CE0C:	CMP.W	R6, #0X3F0	;(R6=0x00000042 )
(       libmtguard.so[0xCBBCB000])[F3 D1       ]0x0000CE10:	BNE	#0XCBBD7DFA
(       libmtguard.so[0xCBBCB000])[48 46       ]0x0000CDFA:	MOV	R0, SB	;(SB=0xCBBCFE51 )
(       libmtguard.so[0xCBBCB000])[45 F8 36 80 ]0x0000CDFC:	STR.W	R8, [R5, R6, LSL #3]	;(R8=0xFFFFFFFF R5=0xCBC0D094 R6=0x00000042 )
(       libmtguard.so[0xCBBCB000])[05 EB C6 04 ]0x0000CE00:	ADD.W	R4, R5, R6, LSL #3	;(R5=0xCBC0D094 R6=0x00000042 )
(       libmtguard.so[0xCBBCB000])[F6 F7 3A FD ]0x0000CE04:	BL	#0XCBBCE87C	;(PC=0xCBBD7E04 )
(       libmtguard.so[0xCBBCB000])[F0 B5       ]0x0000387C:	PUSH	{R4, R5, R6, R7, LR}	;(SP=0x100FFFC0 R4=0xCBC0D2A4 R5=0xCBC0D094 R6=0x00000042 R7=0x100FFFE0 LR=0xCBBD7E09 )
(       libmtguard.so[0xCBBCB000])[03 AF       ]0x0000387E:	ADD	R7, SP, #0XC	;(SP=0x100FFFAC )
(       libmtguard.so[0xCBBCB000])[4D F8 04 BD ]0x00003880:	STR	FP, [SP, #-0X4]!	;(FP=0xCBC0B1C4 SP=0x100FFFAC )
(       libmtguard.so[0xCBBCB000])[05 46       ]0x00003884:	MOV	R5, R0	;(R0=0xCBBCFE51 )
(       libmtguard.so[0xCBBCB000])[01 20       ]0x00003886:	MOVS	R0, #1
(       libmtguard.so[0xCBBCB000])[10 21       ]0x00003888:	MOVS	R1, #0X10
(       libmtguard.so[0xCBBCB000])[00 22       ]0x0000388A:	MOVS	R2, #0
(       libmtguard.so[0xCBBCB000])[00 23       ]0x0000388C:	MOVS	R3, #0
(       libmtguard.so[0xCBBCB000])[00 26       ]0x0000388E:	MOVS	R6, #0
(       libmtguard.so[0xCBBCB000])[00 F0 C6 FA ]0x00003890:	BL	#0XCBBCEE20	;(PC=0xCBBCE890 )
(       libmtguard.so[0xCBBCB000])[B0 B5       ]0x00003E20:	PUSH	{R4, R5, R7, LR}	;(SP=0x100FFFA8 R4=0xCBC0D2A4 R5=0xCBBCFE51 R7=0x100FFFB8 LR=0xCBBCE895 )
(       libmtguard.so[0xCBBCB000])[02 AF       ]0x00003E22:	ADD	R7, SP, #8	;(SP=0x100FFF98 )
(       libmtguard.so[0xCBBCB000])[01 FB 00 F5 ]0x00003E24:	MUL	R5, R1, R0	;(R1=0x00000010 R0=0x00000001 )
(       libmtguard.so[0xCBBCB000])[4D B1       ]0x00003E28:	CBZ	R5, #0XCBBCEE3E	;(R5=0x00000010 )
(       libmtguard.so[0xCBBCB000])[28 46       ]0x00003E2A:	MOV	R0, R5	;(R5=0x00000010 )
(       libmtguard.so[0xCBBCB000])[FE F7 C8 EB ]0x00003E2C:	BLX	#0XCBBCD5C0	;(PC=0xCBBCEE2C )
(       libmtguard.so[0xCBBCB000])[00 C6 8F E2 ]0x000025C0:	ADD	IP, PC, #0, #12	;(PC=0xCBBCD5C0 )
(       libmtguard.so[0xCBBCB000])[3D CA 8C E2 ]0x000025C4:	ADD	IP, IP, #0X3D000	;(IP=0xCBBCD5C8 )
(       libmtguard.so[0xCBBCB000])[04 F9 BC E5 ]0x000025C8:	LDR	PC, [IP, #0X904]!	;(IP=0xCBC0A5C8 )
(       libmtguard.so[0xCBBCB000])[04 46       ]0x00003E30:	MOV	R4, R0	;(R0=0x30043308 )
(       libmtguard.so[0xCBBCB000])[24 B1       ]0x00003E32:	CBZ	R4, #0XCBBCEE3E	;(R4=0x30043308 )
(       libmtguard.so[0xCBBCB000])[20 46       ]0x00003E34:	MOV	R0, R4	;(R4=0x30043308 )
(       libmtguard.so[0xCBBCB000])[29 46       ]0x00003E36:	MOV	R1, R5	;(R5=0x00000010 )
(       libmtguard.so[0xCBBCB000])[FE F7 CE EB ]0x00003E38:	BLX	#0XCBBCD5D8	;(PC=0xCBBCEE38 )
(       libmtguard.so[0xCBBCB000])[00 C6 8F E2 ]0x000025D8:	ADD	IP, PC, #0, #12	;(PC=0xCBBCD5D8 )
(       libmtguard.so[0xCBBCB000])[3D CA 8C E2 ]0x000025DC:	ADD	IP, IP, #0X3D000	;(IP=0xCBBCD5E0 )
(       libmtguard.so[0xCBBCB000])[F4 F8 BC E5 ]0x000025E0:	LDR	PC, [IP, #0X8F4]!	;(IP=0xCBC0A5E0 )
(       libmtguard.so[0xCBBCB000])[00 E0       ]0x00003E3C:	B	#0XCBBCEE40
(       libmtguard.so[0xCBBCB000])[20 46       ]0x00003E40:	MOV	R0, R4	;(R4=0x30043308 )
(       libmtguard.so[0xCBBCB000])[B0 BD       ]0x00003E42:	POP	{R4, R5, R7, PC}	;(SP=0x100FFF98 )
(       libmtguard.so[0xCBBCB000])[04 46       ]0x00003894:	MOV	R4, R0	;(R0=0x30043308 )
(       libmtguard.so[0xCBBCB000])[94 B1       ]0x00003896:	CBZ	R4, #0XCBBCE8BE	;(R4=0x30043308 )
(       libmtguard.so[0xCBBCB000])[0B 20       ]0x00003898:	MOVS	R0, #0XB
(       libmtguard.so[0xCBBCB000])[C4 E9 00 66 ]0x0000389A:	STRD	R6, R6, [R4]	;(R6=0x00000000 R4=0x30043308 )
(       libmtguard.so[0xCBBCB000])[C4 E9 02 05 ]0x0000389E:	STRD	R0, R5, [R4, #8]	;(R0=0x0000000B R5=0xCBBCFE51 R4=0x30043308 )
(       libmtguard.so[0xCBBCB000])[04 20       ]0x000038A2:	MOVS	R0, #4
(       libmtguard.so[0xCBBCB000])[0B 21       ]0x000038A4:	MOVS	R1, #0XB
(       libmtguard.so[0xCBBCB000])[00 22       ]0x000038A6:	MOVS	R2, #0
(       libmtguard.so[0xCBBCB000])[00 23       ]0x000038A8:	MOVS	R3, #0
(       libmtguard.so[0xCBBCB000])[00 F0 B9 FA ]0x000038AA:	BL	#0XCBBCEE20	;(PC=0xCBBCE8AA )
(       libmtguard.so[0xCBBCB000])[B0 B5       ]0x00003E20:	PUSH	{R4, R5, R7, LR}	;(SP=0x100FFFA8 R4=0x30043308 R5=0xCBBCFE51 R7=0x100FFFB8 LR=0xCBBCE8AF )
(       libmtguard.so[0xCBBCB000])[02 AF       ]0x00003E22:	ADD	R7, SP, #8	;(SP=0x100FFF98 )
(       libmtguard.so[0xCBBCB000])[01 FB 00 F5 ]0x00003E24:	MUL	R5, R1, R0	;(R1=0x0000000B R0=0x00000004 )
(       libmtguard.so[0xCBBCB000])[4D B1       ]0x00003E28:	CBZ	R5, #0XCBBCEE3E	;(R5=0x0000002C )
(       libmtguard.so[0xCBBCB000])[28 46       ]0x00003E2A:	MOV	R0, R5	;(R5=0x0000002C )
(       libmtguard.so[0xCBBCB000])[FE F7 C8 EB ]0x00003E2C:	BLX	#0XCBBCD5C0	;(PC=0xCBBCEE2C )
(       libmtguard.so[0xCBBCB000])[00 C6 8F E2 ]0x000025C0:	ADD	IP, PC, #0, #12	;(PC=0xCBBCD5C0 )
(       libmtguard.so[0xCBBCB000])[3D CA 8C E2 ]0x000025C4:	ADD	IP, IP, #0X3D000	;(IP=0xCBBCD5C8 )
(       libmtguard.so[0xCBBCB000])[04 F9 BC E5 ]0x000025C8:	LDR	PC, [IP, #0X904]!	;(IP=0xCBC0A5C8 )
(       libmtguard.so[0xCBBCB000])[04 46       ]0x00003E30:	MOV	R4, R0	;(R0=0x30043320 )
(       libmtguard.so[0xCBBCB000])[24 B1       ]0x00003E32:	CBZ	R4, #0XCBBCEE3E	;(R4=0x30043320 )
(       libmtguard.so[0xCBBCB000])[20 46       ]0x00003E34:	MOV	R0, R4	;(R4=0x30043320 )
(       libmtguard.so[0xCBBCB000])[29 46       ]0x00003E36:	MOV	R1, R5	;(R5=0x0000002C )
(       libmtguard.so[0xCBBCB000])[FE F7 CE EB ]0x00003E38:	BLX	#0XCBBCD5D8	;(PC=0xCBBCEE38 )
(       libmtguard.so[0xCBBCB000])[00 C6 8F E2 ]0x000025D8:	ADD	IP, PC, #0, #12	;(PC=0xCBBCD5D8 )
(       libmtguard.so[0xCBBCB000])[3D CA 8C E2 ]0x000025DC:	ADD	IP, IP, #0X3D000	;(IP=0xCBBCD5E0 )
(       libmtguard.so[0xCBBCB000])[F4 F8 BC E5 ]0x000025E0:	LDR	PC, [IP, #0X8F4]!	;(IP=0xCBC0A5E0 )
(       libmtguard.so[0xCBBCB000])[00 E0       ]0x00003E3C:	B	#0XCBBCEE40
(       libmtguard.so[0xCBBCB000])[20 46       ]0x00003E40:	MOV	R0, R4	;(R4=0x30043320 )
(       libmtguard.so[0xCBBCB000])[B0 BD       ]0x00003E42:	POP	{R4, R5, R7, PC}	;(SP=0x100FFF98 )
(       libmtguard.so[0xCBBCB000])[00 28       ]0x000038AE:	CMP	R0, #0	;(R0=0x30043320 )
(       libmtguard.so[0xCBBCB000])[20 60       ]0x000038B0:	STR	R0, [R4]	;(R0=0x30043320 R4=0x30043308 )
(       libmtguard.so[0xCBBCB000])[05 D1       ]0x000038B2:	BNE	#0XCBBCE8C0
(       libmtguard.so[0xCBBCB000])[20 46       ]0x000038C0:	MOV	R0, R4	;(R4=0x30043308 )
(       libmtguard.so[0xCBBCB000])[5D F8 04 BB ]0x000038C2:	LDR	FP, [SP], #4	;(SP=0x100FFFA8 )
(       libmtguard.so[0xCBBCB000])[F0 BD       ]0x000038C6:	POP	{R4, R5, R6, R7, PC}	;(SP=0x100FFFAC )
(       libmtguard.so[0xCBBCB000])[01 36       ]0x0000CE08:	ADDS	R6, #1	;(R6=0x00000042 )
(       libmtguard.so[0xCBBCB000])[60 60       ]0x0000CE0A:	STR	R0, [R4, #4]	;(R0=0x30043308 R4=0xCBC0D2A4 )
(       libmtguard.so[0xCBBCB000])[B6 F5 7C 7F ]0x0000CE0C:	CMP.W	R6, #0X3F0	;(R6=0x00000043 )
(       libmtguard.so[0xCBBCB000])[F3 D1       ]0x0000CE10:	BNE	#0XCBBD7DFA
(       libmtguard.so[0xCBBCB000])[48 46       ]0x0000CDFA:	MOV	R0, SB	;(SB=0xCBBCFE51 )
(       libmtguard.so[0xCBBCB000])[45 F8 36 80 ]0x0000CDFC:	STR.W	R8, [R5, R6, LSL #3]	;(R8=0xFFFFFFFF R5=0xCBC0D094 R6=0x00000043 )
(       libmtguard.so[0xCBBCB000])[05 EB C6 04 ]0x0000CE00:	ADD.W	R4, R5, R6, LSL #3	;(R5=0xCBC0D094 R6=0x00000043 )
(       libmtguard.so[0xCBBCB000])[F6 F7 3A FD ]0x0000CE04:	BL	#0XCBBCE87C	;(PC=0xCBBD7E04 )
(       libmtguard.so[0xCBBCB000])[F0 B5       ]0x0000387C:	PUSH	{R4, R5, R6, R7, LR}	;(SP=0x100FFFC0 R4=0xCBC0D2AC R5=0xCBC0D094 R6=0x00000043 R7=0x100FFFE0 LR=0xCBBD7E09 )
(       libmtguard.so[0xCBBCB000])[03 AF       ]0x0000387E:	ADD	R7, SP, #0XC	;(SP=0x100FFFAC )
(       libmtguard.so[0xCBBCB000])[4D F8 04 BD ]0x00003880:	STR	FP, [SP, #-0X4]!	;(FP=0xCBC0B1C4 SP=0x100FFFAC )
(       libmtguard.so[0xCBBCB000])[05 46       ]0x00003884:	MOV	R5, R0	;(R0=0xCBBCFE51 )
(       libmtguard.so[0xCBBCB000])[01 20       ]0x00003886:	MOVS	R0, #1
(       libmtguard.so[0xCBBCB000])[10 21       ]0x00003888:	MOVS	R1, #0X10
(       libmtguard.so[0xCBBCB000])[00 22       ]0x0000388A:	MOVS	R2, #0
(       libmtguard.so[0xCBBCB000])[00 23       ]0x0000388C:	MOVS	R3, #0
(       libmtguard.so[0xCBBCB000])[00 26       ]0x0000388E:	MOVS	R6, #0
(       libmtguard.so[0xCBBCB000])[00 F0 C6 FA ]0x00003890:	BL	#0XCBBCEE20	;(PC=0xCBBCE890 )
(       libmtguard.so[0xCBBCB000])[B0 B5       ]0x00003E20:	PUSH	{R4, R5, R7, LR}	;(SP=0x100FFFA8 R4=0xCBC0D2AC R5=0xCBBCFE51 R7=0x100FFFB8 LR=0xCBBCE895 )
(       libmtguard.so[0xCBBCB000])[02 AF       ]0x00003E22:	ADD	R7, SP, #8	;(SP=0x100FFF98 )
(       libmtguard.so[0xCBBCB000])[01 FB 00 F5 ]0x00003E24:	MUL	R5, R1, R0	;(R1=0x00000010 R0=0x00000001 )
(       libmtguard.so[0xCBBCB000])[4D B1       ]0x00003E28:	CBZ	R5, #0XCBBCEE3E	;(R5=0x00000010 )
(       libmtguard.so[0xCBBCB000])[28 46       ]0x00003E2A:	MOV	R0, R5	;(R5=0x00000010 )
(       libmtguard.so[0xCBBCB000])[FE F7 C8 EB ]0x00003E2C:	BLX	#0XCBBCD5C0	;(PC=0xCBBCEE2C )
(       libmtguard.so[0xCBBCB000])[00 C6 8F E2 ]0x000025C0:	ADD	IP, PC, #0, #12	;(PC=0xCBBCD5C0 )
(       libmtguard.so[0xCBBCB000])[3D CA 8C E2 ]0x000025C4:	ADD	IP, IP, #0X3D000	;(IP=0xCBBCD5C8 )
(       libmtguard.so[0xCBBCB000])[04 F9 BC E5 ]0x000025C8:	LDR	PC, [IP, #0X904]!	;(IP=0xCBC0A5C8 )
(       libmtguard.so[0xCBBCB000])[04 46       ]0x00003E30:	MOV	R4, R0	;(R0=0x30043350 )
(       libmtguard.so[0xCBBCB000])[24 B1       ]0x00003E32:	CBZ	R4, #0XCBBCEE3E	;(R4=0x30043350 )
(       libmtguard.so[0xCBBCB000])[20 46       ]0x00003E34:	MOV	R0, R4	;(R4=0x30043350 )
(       libmtguard.so[0xCBBCB000])[29 46       ]0x00003E36:	MOV	R1, R5	;(R5=0x00000010 )
(       libmtguard.so[0xCBBCB000])[FE F7 CE EB ]0x00003E38:	BLX	#0XCBBCD5D8	;(PC=0xCBBCEE38 )
(       libmtguard.so[0xCBBCB000])[00 C6 8F E2 ]0x000025D8:	ADD	IP, PC, #0, #12	;(PC=0xCBBCD5D8 )
(       libmtguard.so[0xCBBCB000])[3D CA 8C E2 ]0x000025DC:	ADD	IP, IP, #0X3D000	;(IP=0xCBBCD5E0 )
(       libmtguard.so[0xCBBCB000])[F4 F8 BC E5 ]0x000025E0:	LDR	PC, [IP, #0X8F4]!	;(IP=0xCBC0A5E0 )
(       libmtguard.so[0xCBBCB000])[00 E0       ]0x00003E3C:	B	#0XCBBCEE40
(       libmtguard.so[0xCBBCB000])[20 46       ]0x00003E40:	MOV	R0, R4	;(R4=0x30043350 )
(       libmtguard.so[0xCBBCB000])[B0 BD       ]0x00003E42:	POP	{R4, R5, R7, PC}	;(SP=0x100FFF98 )
(       libmtguard.so[0xCBBCB000])[04 46       ]0x00003894:	MOV	R4, R0	;(R0=0x30043350 )
(       libmtguard.so[0xCBBCB000])[94 B1       ]0x00003896:	CBZ	R4, #0XCBBCE8BE	;(R4=0x30043350 )
(       libmtguard.so[0xCBBCB000])[0B 20       ]0x00003898:	MOVS	R0, #0XB
(       libmtguard.so[0xCBBCB000])[C4 E9 00 66 ]0x0000389A:	STRD	R6, R6, [R4]	;(R6=0x00000000 R4=0x30043350 )
(       libmtguard.so[0xCBBCB000])[C4 E9 02 05 ]0x0000389E:	STRD	R0, R5, [R4, #8]	;(R0=0x0000000B R5=0xCBBCFE51 R4=0x30043350 )
(       libmtguard.so[0xCBBCB000])[04 20       ]0x000038A2:	MOVS	R0, #4
(       libmtguard.so[0xCBBCB000])[0B 21       ]0x000038A4:	MOVS	R1, #0XB
(       libmtguard.so[0xCBBCB000])[00 22       ]0x000038A6:	MOVS	R2, #0
(       libmtguard.so[0xCBBCB000])[00 23       ]0x000038A8:	MOVS	R3, #0
(       libmtguard.so[0xCBBCB000])[00 F0 B9 FA ]0x000038AA:	BL	#0XCBBCEE20	;(PC=0xCBBCE8AA )
(       libmtguard.so[0xCBBCB000])[B0 B5       ]0x00003E20:	PUSH	{R4, R5, R7, LR}	;(SP=0x100FFFA8 R4=0x30043350 R5=0xCBBCFE51 R7=0x100FFFB8 LR=0xCBBCE8AF )
(       libmtguard.so[0xCBBCB000])[02 AF       ]0x00003E22:	ADD	R7, SP, #8	;(SP=0x100FFF98 )
(       libmtguard.so[0xCBBCB000])[01 FB 00 F5 ]0x00003E24:	MUL	R5, R1, R0	;(R1=0x0000000B R0=0x00000004 )
(       libmtguard.so[0xCBBCB000])[4D B1       ]0x00003E28:	CBZ	R5, #0XCBBCEE3E	;(R5=0x0000002C )
(       libmtguard.so[0xCBBCB000])[28 46       ]0x00003E2A:	MOV	R0, R5	;(R5=0x0000002C )
(       libmtguard.so[0xCBBCB000])[FE F7 C8 EB ]0x00003E2C:	BLX	#0XCBBCD5C0	;(PC=0xCBBCEE2C )
(       libmtguard.so[0xCBBCB000])[00 C6 8F E2 ]0x000025C0:	ADD	IP, PC, #0, #12	;(PC=0xCBBCD5C0 )
(       libmtguard.so[0xCBBCB000])[3D CA 8C E2 ]0x000025C4:	ADD	IP, IP, #0X3D000	;(IP=0xCBBCD5C8 )
(       libmtguard.so[0xCBBCB000])[04 F9 BC E5 ]0x000025C8:	LDR	PC, [IP, #0X904]!	;(IP=0xCBC0A5C8 )
(       libmtguard.so[0xCBBCB000])[04 46       ]0x00003E30:	MOV	R4, R0	;(R0=0x30043368 )
(       libmtguard.so[0xCBBCB000])[24 B1       ]0x00003E32:	CBZ	R4, #0XCBBCEE3E	;(R4=0x30043368 )
(       libmtguard.so[0xCBBCB000])[20 46       ]0x00003E34:	MOV	R0, R4	;(R4=0x30043368 )
(       libmtguard.so[0xCBBCB000])[29 46       ]0x00003E36:	MOV	R1, R5	;(R5=0x0000002C )
(       libmtguard.so[0xCBBCB000])[FE F7 CE EB ]0x00003E38:	BLX	#0XCBBCD5D8	;(PC=0xCBBCEE38 )
(       libmtguard.so[0xCBBCB000])[00 C6 8F E2 ]0x000025D8:	ADD	IP, PC, #0, #12	;(PC=0xCBBCD5D8 )
(       libmtguard.so[0xCBBCB000])[3D CA 8C E2 ]0x000025DC:	ADD	IP, IP, #0X3D000	;(IP=0xCBBCD5E0 )
(       libmtguard.so[0xCBBCB000])[F4 F8 BC E5 ]0x000025E0:	LDR	PC, [IP, #0X8F4]!	;(IP=0xCBC0A5E0 )
(       libmtguard.so[0xCBBCB000])[00 E0       ]0x00003E3C:	B	#0XCBBCEE40
(       libmtguard.so[0xCBBCB000])[20 46       ]0x00003E40:	MOV	R0, R4	;(R4=0x30043368 )
(       libmtguard.so[0xCBBCB000])[B0 BD       ]0x00003E42:	POP	{R4, R5, R7, PC}	;(SP=0x100FFF98 )
(       libmtguard.so[0xCBBCB000])[00 28       ]0x000038AE:	CMP	R0, #0	;(R0=0x30043368 )
(       libmtguard.so[0xCBBCB000])[20 60       ]0x000038B0:	STR	R0, [R4]	;(R0=0x30043368 R4=0x30043350 )
(       libmtguard.so[0xCBBCB000])[05 D1       ]0x000038B2:	BNE	#0XCBBCE8C0
(       libmtguard.so[0xCBBCB000])[20 46       ]0x000038C0:	MOV	R0, R4	;(R4=0x30043350 )
(       libmtguard.so[0xCBBCB000])[5D F8 04 BB ]0x000038C2:	LDR	FP, [SP], #4	;(SP=0x100FFFA8 )
(       libmtguard.so[0xCBBCB000])[F0 BD       ]0x000038C6:	POP	{R4, R5, R6, R7, PC}	;(SP=0x100FFFAC )
(       libmtguard.so[0xCBBCB000])[01 36       ]0x0000CE08:	ADDS	R6, #1	;(R6=0x00000043 )
(       libmtguard.so[0xCBBCB000])[60 60       ]0x0000CE0A:	STR	R0, [R4, #4]	;(R0=0x30043350 R4=0xCBC0D2AC )
(       libmtguard.so[0xCBBCB000])[B6 F5 7C 7F ]0x0000CE0C:	CMP.W	R6, #0X3F0	;(R6=0x00000044 )
(       libmtguard.so[0xCBBCB000])[F3 D1       ]0x0000CE10:	BNE	#0XCBBD7DFA
(       libmtguard.so[0xCBBCB000])[48 46       ]0x0000CDFA:	MOV	R0, SB	;(SB=0xCBBCFE51 )
(       libmtguard.so[0xCBBCB000])[45 F8 36 80 ]0x0000CDFC:	STR.W	R8, [R5, R6, LSL #3]	;(R8=0xFFFFFFFF R5=0xCBC0D094 R6=0x00000044 )
(       libmtguard.so[0xCBBCB000])[05 EB C6 04 ]0x0000CE00:	ADD.W	R4, R5, R6, LSL #3	;(R5=0xCBC0D094 R6=0x00000044 )
(       libmtguard.so[0xCBBCB000])[F6 F7 3A FD ]0x0000CE04:	BL	#0XCBBCE87C	;(PC=0xCBBD7E04 )
(       libmtguard.so[0xCBBCB000])[F0 B5       ]0x0000387C:	PUSH	{R4, R5, R6, R7, LR}	;(SP=0x100FFFC0 R4=0xCBC0D2B4 R5=0xCBC0D094 R6=0x00000044 R7=0x100FFFE0 LR=0xCBBD7E09 )
(       libmtguard.so[0xCBBCB000])[03 AF       ]0x0000387E:	ADD	R7, SP, #0XC	;(SP=0x100FFFAC )
(       libmtguard.so[0xCBBCB000])[4D F8 04 BD ]0x00003880:	STR	FP, [SP, #-0X4]!	;(FP=0xCBC0B1C4 SP=0x100FFFAC )
(       libmtguard.so[0xCBBCB000])[05 46       ]0x00003884:	MOV	R5, R0	;(R0=0xCBBCFE51 )
(       libmtguard.so[0xCBBCB000])[01 20       ]0x00003886:	MOVS	R0, #1
(       libmtguard.so[0xCBBCB000])[10 21       ]0x00003888:	MOVS	R1, #0X10
(       libmtguard.so[0xCBBCB000])[00 22       ]0x0000388A:	MOVS	R2, #0
(       libmtguard.so[0xCBBCB000])[00 23       ]0x0000388C:	MOVS	R3, #0
(       libmtguard.so[0xCBBCB000])[00 26       ]0x0000388E:	MOVS	R6, #0
(       libmtguard.so[0xCBBCB000])[00 F0 C6 FA ]0x00003890:	BL	#0XCBBCEE20	;(PC=0xCBBCE890 )
(       libmtguard.so[0xCBBCB000])[B0 B5       ]0x00003E20:	PUSH	{R4, R5, R7, LR}	;(SP=0x100FFFA8 R4=0xCBC0D2B4 R5=0xCBBCFE51 R7=0x100FFFB8 LR=0xCBBCE895 )
(       libmtguard.so[0xCBBCB000])[02 AF       ]0x00003E22:	ADD	R7, SP, #8	;(SP=0x100FFF98 )
(       libmtguard.so[0xCBBCB000])[01 FB 00 F5 ]0x00003E24:	MUL	R5, R1, R0	;(R1=0x00000010 R0=0x00000001 )
(       libmtguard.so[0xCBBCB000])[4D B1       ]0x00003E28:	CBZ	R5, #0XCBBCEE3E	;(R5=0x00000010 )
(       libmtguard.so[0xCBBCB000])[28 46       ]0x00003E2A:	MOV	R0, R5	;(R5=0x00000010 )
(       libmtguard.so[0xCBBCB000])[FE F7 C8 EB ]0x00003E2C:	BLX	#0XCBBCD5C0	;(PC=0xCBBCEE2C )
(       libmtguard.so[0xCBBCB000])[00 C6 8F E2 ]0x000025C0:	ADD	IP, PC, #0, #12	;(PC=0xCBBCD5C0 )
(       libmtguard.so[0xCBBCB000])[3D CA 8C E2 ]0x000025C4:	ADD	IP, IP, #0X3D000	;(IP=0xCBBCD5C8 )
(       libmtguard.so[0xCBBCB000])[04 F9 BC E5 ]0x000025C8:	LDR	PC, [IP, #0X904]!	;(IP=0xCBC0A5C8 )
(       libmtguard.so[0xCBBCB000])[04 46       ]0x00003E30:	MOV	R4, R0	;(R0=0x30043398 )
(       libmtguard.so[0xCBBCB000])[24 B1       ]0x00003E32:	CBZ	R4, #0XCBBCEE3E	;(R4=0x30043398 )
(       libmtguard.so[0xCBBCB000])[20 46       ]0x00003E34:	MOV	R0, R4	;(R4=0x30043398 )
(       libmtguard.so[0xCBBCB000])[29 46       ]0x00003E36:	MOV	R1, R5	;(R5=0x00000010 )
(       libmtguard.so[0xCBBCB000])[FE F7 CE EB ]0x00003E38:	BLX	#0XCBBCD5D8	;(PC=0xCBBCEE38 )
(       libmtguard.so[0xCBBCB000])[00 C6 8F E2 ]0x000025D8:	ADD	IP, PC, #0, #12	;(PC=0xCBBCD5D8 )
(       libmtguard.so[0xCBBCB000])[3D CA 8C E2 ]0x000025DC:	ADD	IP, IP, #0X3D000	;(IP=0xCBBCD5E0 )
(       libmtguard.so[0xCBBCB000])[F4 F8 BC E5 ]0x000025E0:	LDR	PC, [IP, #0X8F4]!	;(IP=0xCBC0A5E0 )
(       libmtguard.so[0xCBBCB000])[00 E0       ]0x00003E3C:	B	#0XCBBCEE40
(       libmtguard.so[0xCBBCB000])[20 46       ]0x00003E40:	MOV	R0, R4	;(R4=0x30043398 )
(       libmtguard.so[0xCBBCB000])[B0 BD       ]0x00003E42:	POP	{R4, R5, R7, PC}	;(SP=0x100FFF98 )
(       libmtguard.so[0xCBBCB000])[04 46       ]0x00003894:	MOV	R4, R0	;(R0=0x30043398 )
(       libmtguard.so[0xCBBCB000])[94 B1       ]0x00003896:	CBZ	R4, #0XCBBCE8BE	;(R4=0x30043398 )
(       libmtguard.so[0xCBBCB000])[0B 20       ]0x00003898:	MOVS	R0, #0XB
(       libmtguard.so[0xCBBCB000])[C4 E9 00 66 ]0x0000389A:	STRD	R6, R6, [R4]	;(R6=0x00000000 R4=0x30043398 )
(       libmtguard.so[0xCBBCB000])[C4 E9 02 05 ]0x0000389E:	STRD	R0, R5, [R4, #8]	;(R0=0x0000000B R5=0xCBBCFE51 R4=0x30043398 )
(       libmtguard.so[0xCBBCB000])[04 20       ]0x000038A2:	MOVS	R0, #4
(       libmtguard.so[0xCBBCB000])[0B 21       ]0x000038A4:	MOVS	R1, #0XB
(       libmtguard.so[0xCBBCB000])[00 22       ]0x000038A6:	MOVS	R2, #0
(       libmtguard.so[0xCBBCB000])[00 23       ]0x000038A8:	MOVS	R3, #0
(       libmtguard.so[0xCBBCB000])[00 F0 B9 FA ]0x000038AA:	BL	#0XCBBCEE20	;(PC=0xCBBCE8AA )
(       libmtguard.so[0xCBBCB000])[B0 B5       ]0x00003E20:	PUSH	{R4, R5, R7, LR}	;(SP=0x100FFFA8 R4=0x30043398 R5=0xCBBCFE51 R7=0x100FFFB8 LR=0xCBBCE8AF )
(       libmtguard.so[0xCBBCB000])[02 AF       ]0x00003E22:	ADD	R7, SP, #8	;(SP=0x100FFF98 )
(       libmtguard.so[0xCBBCB000])[01 FB 00 F5 ]0x00003E24:	MUL	R5, R1, R0	;(R1=0x0000000B R0=0x00000004 )
(       libmtguard.so[0xCBBCB000])[4D B1       ]0x00003E28:	CBZ	R5, #0XCBBCEE3E	;(R5=0x0000002C )
(       libmtguard.so[0xCBBCB000])[28 46       ]0x00003E2A:	MOV	R0, R5	;(R5=0x0000002C )
(       libmtguard.so[0xCBBCB000])[FE F7 C8 EB ]0x00003E2C:	BLX	#0XCBBCD5C0	;(PC=0xCBBCEE2C )
(       libmtguard.so[0xCBBCB000])[00 C6 8F E2 ]0x000025C0:	ADD	IP, PC, #0, #12	;(PC=0xCBBCD5C0 )
(       libmtguard.so[0xCBBCB000])[3D CA 8C E2 ]0x000025C4:	ADD	IP, IP, #0X3D000	;(IP=0xCBBCD5C8 )
(       libmtguard.so[0xCBBCB000])[04 F9 BC E5 ]0x000025C8:	LDR	PC, [IP, #0X904]!	;(IP=0xCBC0A5C8 )
(       libmtguard.so[0xCBBCB000])[04 46       ]0x00003E30:	MOV	R4, R0	;(R0=0x300433B0 )
(       libmtguard.so[0xCBBCB000])[24 B1       ]0x00003E32:	CBZ	R4, #0XCBBCEE3E	;(R4=0x300433B0 )
(       libmtguard.so[0xCBBCB000])[20 46       ]0x00003E34:	MOV	R0, R4	;(R4=0x300433B0 )
(       libmtguard.so[0xCBBCB000])[29 46       ]0x00003E36:	MOV	R1, R5	;(R5=0x0000002C )
(       libmtguard.so[0xCBBCB000])[FE F7 CE EB ]0x00003E38:	BLX	#0XCBBCD5D8	;(PC=0xCBBCEE38 )
(       libmtguard.so[0xCBBCB000])[00 C6 8F E2 ]0x000025D8:	ADD	IP, PC, #0, #12	;(PC=0xCBBCD5D8 )
(       libmtguard.so[0xCBBCB000])[3D CA 8C E2 ]0x000025DC:	ADD	IP, IP, #0X3D000	;(IP=0xCBBCD5E0 )
(       libmtguard.so[0xCBBCB000])[F4 F8 BC E5 ]0x000025E0:	LDR	PC, [IP, #0X8F4]!	;(IP=0xCBC0A5E0 )
(       libmtguard.so[0xCBBCB000])[00 E0       ]0x00003E3C:	B	#0XCBBCEE40
(       libmtguard.so[0xCBBCB000])[20 46       ]0x00003E40:	MOV	R0, R4	;(R4=0x300433B0 )
(       libmtguard.so[0xCBBCB000])[B0 BD       ]0x00003E42:	POP	{R4, R5, R7, PC}	;(SP=0x100FFF98 )
(       libmtguard.so[0xCBBCB000])[00 28       ]0x000038AE:	CMP	R0, #0	;(R0=0x300433B0 )
(       libmtguard.so[0xCBBCB000])[20 60       ]0x000038B0:	STR	R0, [R4]	;(R0=0x300433B0 R4=0x30043398 )
(       libmtguard.so[0xCBBCB000])[05 D1       ]0x000038B2:	BNE	#0XCBBCE8C0
(       libmtguard.so[0xCBBCB000])[20 46       ]0x000038C0:	MOV	R0, R4	;(R4=0x30043398 )
(       libmtguard.so[0xCBBCB000])[5D F8 04 BB ]0x000038C2:	LDR	FP, [SP], #4	;(SP=0x100FFFA8 )
(       libmtguard.so[0xCBBCB000])[F0 BD       ]0x000038C6:	POP	{R4, R5, R6, R7, PC}	;(SP=0x100FFFAC )
(       libmtguard.so[0xCBBCB000])[01 36       ]0x0000CE08:	ADDS	R6, #1	;(R6=0x00000044 )
(       libmtguard.so[0xCBBCB000])[60 60       ]0x0000CE0A:	STR	R0, [R4, #4]	;(R0=0x30043398 R4=0xCBC0D2B4 )
(       libmtguard.so[0xCBBCB000])[B6 F5 7C 7F ]0x0000CE0C:	CMP.W	R6, #0X3F0	;(R6=0x00000045 )
(       libmtguard.so[0xCBBCB000])[F3 D1       ]0x0000CE10:	BNE	#0XCBBD7DFA
(       libmtguard.so[0xCBBCB000])[48 46       ]0x0000CDFA:	MOV	R0, SB	;(SB=0xCBBCFE51 )
(       libmtguard.so[0xCBBCB000])[45 F8 36 80 ]0x0000CDFC:	STR.W	R8, [R5, R6, LSL #3]	;(R8=0xFFFFFFFF R5=0xCBC0D094 R6=0x00000045 )
(       libmtguard.so[0xCBBCB000])[05 EB C6 04 ]0x0000CE00:	ADD.W	R4, R5, R6, LSL #3	;(R5=0xCBC0D094 R6=0x00000045 )
(       libmtguard.so[0xCBBCB000])[F6 F7 3A FD ]0x0000CE04:	BL	#0XCBBCE87C	;(PC=0xCBBD7E04 )
(       libmtguard.so[0xCBBCB000])[F0 B5       ]0x0000387C:	PUSH	{R4, R5, R6, R7, LR}	;(SP=0x100FFFC0 R4=0xCBC0D2BC R5=0xCBC0D094 R6=0x00000045 R7=0x100FFFE0 LR=0xCBBD7E09 )
(       libmtguard.so[0xCBBCB000])[03 AF       ]0x0000387E:	ADD	R7, SP, #0XC	;(SP=0x100FFFAC )
(       libmtguard.so[0xCBBCB000])[4D F8 04 BD ]0x00003880:	STR	FP, [SP, #-0X4]!	;(FP=0xCBC0B1C4 SP=0x100FFFAC )
(       libmtguard.so[0xCBBCB000])[05 46       ]0x00003884:	MOV	R5, R0	;(R0=0xCBBCFE51 )
(       libmtguard.so[0xCBBCB000])[01 20       ]0x00003886:	MOVS	R0, #1
(       libmtguard.so[0xCBBCB000])[10 21       ]0x00003888:	MOVS	R1, #0X10
(       libmtguard.so[0xCBBCB000])[00 22       ]0x0000388A:	MOVS	R2, #0
(       libmtguard.so[0xCBBCB000])[00 23       ]0x0000388C:	MOVS	R3, #0
(       libmtguard.so[0xCBBCB000])[00 26       ]0x0000388E:	MOVS	R6, #0
(       libmtguard.so[0xCBBCB000])[00 F0 C6 FA ]0x00003890:	BL	#0XCBBCEE20	;(PC=0xCBBCE890 )
(       libmtguard.so[0xCBBCB000])[B0 B5       ]0x00003E20:	PUSH	{R4, R5, R7, LR}	;(SP=0x100FFFA8 R4=0xCBC0D2BC R5=0xCBBCFE51 R7=0x100FFFB8 LR=0xCBBCE895 )
(       libmtguard.so[0xCBBCB000])[02 AF       ]0x00003E22:	ADD	R7, SP, #8	;(SP=0x100FFF98 )
(       libmtguard.so[0xCBBCB000])[01 FB 00 F5 ]0x00003E24:	MUL	R5, R1, R0	;(R1=0x00000010 R0=0x00000001 )
(       libmtguard.so[0xCBBCB000])[4D B1       ]0x00003E28:	CBZ	R5, #0XCBBCEE3E	;(R5=0x00000010 )
(       libmtguard.so[0xCBBCB000])[28 46       ]0x00003E2A:	MOV	R0, R5	;(R5=0x00000010 )
(       libmtguard.so[0xCBBCB000])[FE F7 C8 EB ]0x00003E2C:	BLX	#0XCBBCD5C0	;(PC=0xCBBCEE2C )
(       libmtguard.so[0xCBBCB000])[00 C6 8F E2 ]0x000025C0:	ADD	IP, PC, #0, #12	;(PC=0xCBBCD5C0 )
(       libmtguard.so[0xCBBCB000])[3D CA 8C E2 ]0x000025C4:	ADD	IP, IP, #0X3D000	;(IP=0xCBBCD5C8 )
(       libmtguard.so[0xCBBCB000])[04 F9 BC E5 ]0x000025C8:	LDR	PC, [IP, #0X904]!	;(IP=0xCBC0A5C8 )
(       libmtguard.so[0xCBBCB000])[04 46       ]0x00003E30:	MOV	R4, R0	;(R0=0x300433E0 )
(       libmtguard.so[0xCBBCB000])[24 B1       ]0x00003E32:	CBZ	R4, #0XCBBCEE3E	;(R4=0x300433E0 )
(       libmtguard.so[0xCBBCB000])[20 46       ]0x00003E34:	MOV	R0, R4	;(R4=0x300433E0 )
(       libmtguard.so[0xCBBCB000])[29 46       ]0x00003E36:	MOV	R1, R5	;(R5=0x00000010 )
(       libmtguard.so[0xCBBCB000])[FE F7 CE EB ]0x00003E38:	BLX	#0XCBBCD5D8	;(PC=0xCBBCEE38 )
(       libmtguard.so[0xCBBCB000])[00 C6 8F E2 ]0x000025D8:	ADD	IP, PC, #0, #12	;(PC=0xCBBCD5D8 )
(       libmtguard.so[0xCBBCB000])[3D CA 8C E2 ]0x000025DC:	ADD	IP, IP, #0X3D000	;(IP=0xCBBCD5E0 )
(       libmtguard.so[0xCBBCB000])[F4 F8 BC E5 ]0x000025E0:	LDR	PC, [IP, #0X8F4]!	;(IP=0xCBC0A5E0 )
(       libmtguard.so[0xCBBCB000])[00 E0       ]0x00003E3C:	B	#0XCBBCEE40
(       libmtguard.so[0xCBBCB000])[20 46       ]0x00003E40:	MOV	R0, R4	;(R4=0x300433E0 )
(       libmtguard.so[0xCBBCB000])[B0 BD       ]0x00003E42:	POP	{R4, R5, R7, PC}	;(SP=0x100FFF98 )
(       libmtguard.so[0xCBBCB000])[04 46       ]0x00003894:	MOV	R4, R0	;(R0=0x300433E0 )
(       libmtguard.so[0xCBBCB000])[94 B1       ]0x00003896:	CBZ	R4, #0XCBBCE8BE	;(R4=0x300433E0 )
(       libmtguard.so[0xCBBCB000])[0B 20       ]0x00003898:	MOVS	R0, #0XB
(       libmtguard.so[0xCBBCB000])[C4 E9 00 66 ]0x0000389A:	STRD	R6, R6, [R4]	;(R6=0x00000000 R4=0x300433E0 )
(       libmtguard.so[0xCBBCB000])[C4 E9 02 05 ]0x0000389E:	STRD	R0, R5, [R4, #8]	;(R0=0x0000000B R5=0xCBBCFE51 R4=0x300433E0 )
(       libmtguard.so[0xCBBCB000])[04 20       ]0x000038A2:	MOVS	R0, #4
(       libmtguard.so[0xCBBCB000])[0B 21       ]0x000038A4:	MOVS	R1, #0XB
(       libmtguard.so[0xCBBCB000])[00 22       ]0x000038A6:	MOVS	R2, #0
(       libmtguard.so[0xCBBCB000])[00 23       ]0x000038A8:	MOVS	R3, #0
(       libmtguard.so[0xCBBCB000])[00 F0 B9 FA ]0x000038AA:	BL	#0XCBBCEE20	;(PC=0xCBBCE8AA )
(       libmtguard.so[0xCBBCB000])[B0 B5       ]0x00003E20:	PUSH	{R4, R5, R7, LR}	;(SP=0x100FFFA8 R4=0x300433E0 R5=0xCBBCFE51 R7=0x100FFFB8 LR=0xCBBCE8AF )
(       libmtguard.so[0xCBBCB000])[02 AF       ]0x00003E22:	ADD	R7, SP, #8	;(SP=0x100FFF98 )
(       libmtguard.so[0xCBBCB000])[01 FB 00 F5 ]0x00003E24:	MUL	R5, R1, R0	;(R1=0x0000000B R0=0x00000004 )
(       libmtguard.so[0xCBBCB000])[4D B1       ]0x00003E28:	CBZ	R5, #0XCBBCEE3E	;(R5=0x0000002C )
(       libmtguard.so[0xCBBCB000])[28 46       ]0x00003E2A:	MOV	R0, R5	;(R5=0x0000002C )
(       libmtguard.so[0xCBBCB000])[FE F7 C8 EB ]0x00003E2C:	BLX	#0XCBBCD5C0	;(PC=0xCBBCEE2C )
(       libmtguard.so[0xCBBCB000])[00 C6 8F E2 ]0x000025C0:	ADD	IP, PC, #0, #12	;(PC=0xCBBCD5C0 )
(       libmtguard.so[0xCBBCB000])[3D CA 8C E2 ]0x000025C4:	ADD	IP, IP, #0X3D000	;(IP=0xCBBCD5C8 )
(       libmtguard.so[0xCBBCB000])[04 F9 BC E5 ]0x000025C8:	LDR	PC, [IP, #0X904]!	;(IP=0xCBC0A5C8 )
(       libmtguard.so[0xCBBCB000])[04 46       ]0x00003E30:	MOV	R4, R0	;(R0=0x300433F8 )
(       libmtguard.so[0xCBBCB000])[24 B1       ]0x00003E32:	CBZ	R4, #0XCBBCEE3E	;(R4=0x300433F8 )
(       libmtguard.so[0xCBBCB000])[20 46       ]0x00003E34:	MOV	R0, R4	;(R4=0x300433F8 )
(       libmtguard.so[0xCBBCB000])[29 46       ]0x00003E36:	MOV	R1, R5	;(R5=0x0000002C )
(       libmtguard.so[0xCBBCB000])[FE F7 CE EB ]0x00003E38:	BLX	#0XCBBCD5D8	;(PC=0xCBBCEE38 )
(       libmtguard.so[0xCBBCB000])[00 C6 8F E2 ]0x000025D8:	ADD	IP, PC, #0, #12	;(PC=0xCBBCD5D8 )
(       libmtguard.so[0xCBBCB000])[3D CA 8C E2 ]0x000025DC:	ADD	IP, IP, #0X3D000	;(IP=0xCBBCD5E0 )
(       libmtguard.so[0xCBBCB000])[F4 F8 BC E5 ]0x000025E0:	LDR	PC, [IP, #0X8F4]!	;(IP=0xCBC0A5E0 )
(       libmtguard.so[0xCBBCB000])[00 E0       ]0x00003E3C:	B	#0XCBBCEE40
(       libmtguard.so[0xCBBCB000])[20 46       ]0x00003E40:	MOV	R0, R4	;(R4=0x300433F8 )
(       libmtguard.so[0xCBBCB000])[B0 BD       ]0x00003E42:	POP	{R4, R5, R7, PC}	;(SP=0x100FFF98 )
(       libmtguard.so[0xCBBCB000])[00 28       ]0x000038AE:	CMP	R0, #0	;(R0=0x300433F8 )
(       libmtguard.so[0xCBBCB000])[20 60       ]0x000038B0:	STR	R0, [R4]	;(R0=0x300433F8 R4=0x300433E0 )
(       libmtguard.so[0xCBBCB000])[05 D1       ]0x000038B2:	BNE	#0XCBBCE8C0
(       libmtguard.so[0xCBBCB000])[20 46       ]0x000038C0:	MOV	R0, R4	;(R4=0x300433E0 )
(       libmtguard.so[0xCBBCB000])[5D F8 04 BB ]0x000038C2:	LDR	FP, [SP], #4	;(SP=0x100FFFA8 )
(       libmtguard.so[0xCBBCB000])[F0 BD       ]0x000038C6:	POP	{R4, R5, R6, R7, PC}	;(SP=0x100FFFAC )
(       libmtguard.so[0xCBBCB000])[01 36       ]0x0000CE08:	ADDS	R6, #1	;(R6=0x00000045 )
(       libmtguard.so[0xCBBCB000])[60 60       ]0x0000CE0A:	STR	R0, [R4, #4]	;(R0=0x300433E0 R4=0xCBC0D2BC )
(       libmtguard.so[0xCBBCB000])[B6 F5 7C 7F ]0x0000CE0C:	CMP.W	R6, #0X3F0	;(R6=0x00000046 )
(       libmtguard.so[0xCBBCB000])[F3 D1       ]0x0000CE10:	BNE	#0XCBBD7DFA
(       libmtguard.so[0xCBBCB000])[48 46       ]0x0000CDFA:	MOV	R0, SB	;(SB=0xCBBCFE51 )
(       libmtguard.so[0xCBBCB000])[45 F8 36 80 ]0x0000CDFC:	STR.W	R8, [R5, R6, LSL #3]	;(R8=0xFFFFFFFF R5=0xCBC0D094 R6=0x00000046 )
(       libmtguard.so[0xCBBCB000])[05 EB C6 04 ]0x0000CE00:	ADD.W	R4, R5, R6, LSL #3	;(R5=0xCBC0D094 R6=0x00000046 )
(       libmtguard.so[0xCBBCB000])[F6 F7 3A FD ]0x0000CE04:	BL	#0XCBBCE87C	;(PC=0xCBBD7E04 )
(       libmtguard.so[0xCBBCB000])[F0 B5       ]0x0000387C:	PUSH	{R4, R5, R6, R7, LR}	;(SP=0x100FFFC0 R4=0xCBC0D2C4 R5=0xCBC0D094 R6=0x00000046 R7=0x100FFFE0 LR=0xCBBD7E09 )
(       libmtguard.so[0xCBBCB000])[03 AF       ]0x0000387E:	ADD	R7, SP, #0XC	;(SP=0x100FFFAC )
(       libmtguard.so[0xCBBCB000])[4D F8 04 BD ]0x00003880:	STR	FP, [SP, #-0X4]!	;(FP=0xCBC0B1C4 SP=0x100FFFAC )
(       libmtguard.so[0xCBBCB000])[05 46       ]0x00003884:	MOV	R5, R0	;(R0=0xCBBCFE51 )
(       libmtguard.so[0xCBBCB000])[01 20       ]0x00003886:	MOVS	R0, #1
(       libmtguard.so[0xCBBCB000])[10 21       ]0x00003888:	MOVS	R1, #0X10
(       libmtguard.so[0xCBBCB000])[00 22       ]0x0000388A:	MOVS	R2, #0
(       libmtguard.so[0xCBBCB000])[00 23       ]0x0000388C:	MOVS	R3, #0
(       libmtguard.so[0xCBBCB000])[00 26       ]0x0000388E:	MOVS	R6, #0
(       libmtguard.so[0xCBBCB000])[00 F0 C6 FA ]0x00003890:	BL	#0XCBBCEE20	;(PC=0xCBBCE890 )
(       libmtguard.so[0xCBBCB000])[B0 B5       ]0x00003E20:	PUSH	{R4, R5, R7, LR}	;(SP=0x100FFFA8 R4=0xCBC0D2C4 R5=0xCBBCFE51 R7=0x100FFFB8 LR=0xCBBCE895 )
(       libmtguard.so[0xCBBCB000])[02 AF       ]0x00003E22:	ADD	R7, SP, #8	;(SP=0x100FFF98 )
(       libmtguard.so[0xCBBCB000])[01 FB 00 F5 ]0x00003E24:	MUL	R5, R1, R0	;(R1=0x00000010 R0=0x00000001 )
(       libmtguard.so[0xCBBCB000])[4D B1       ]0x00003E28:	CBZ	R5, #0XCBBCEE3E	;(R5=0x00000010 )
(       libmtguard.so[0xCBBCB000])[28 46       ]0x00003E2A:	MOV	R0, R5	;(R5=0x00000010 )
(       libmtguard.so[0xCBBCB000])[FE F7 C8 EB ]0x00003E2C:	BLX	#0XCBBCD5C0	;(PC=0xCBBCEE2C )
(       libmtguard.so[0xCBBCB000])[00 C6 8F E2 ]0x000025C0:	ADD	IP, PC, #0, #12	;(PC=0xCBBCD5C0 )
(       libmtguard.so[0xCBBCB000])[3D CA 8C E2 ]0x000025C4:	ADD	IP, IP, #0X3D000	;(IP=0xCBBCD5C8 )
(       libmtguard.so[0xCBBCB000])[04 F9 BC E5 ]0x000025C8:	LDR	PC, [IP, #0X904]!	;(IP=0xCBC0A5C8 )
(       libmtguard.so[0xCBBCB000])[04 46       ]0x00003E30:	MOV	R4, R0	;(R0=0x30043428 )
(       libmtguard.so[0xCBBCB000])[24 B1       ]0x00003E32:	CBZ	R4, #0XCBBCEE3E	;(R4=0x30043428 )
(       libmtguard.so[0xCBBCB000])[20 46       ]0x00003E34:	MOV	R0, R4	;(R4=0x30043428 )
(       libmtguard.so[0xCBBCB000])[29 46       ]0x00003E36:	MOV	R1, R5	;(R5=0x00000010 )
(       libmtguard.so[0xCBBCB000])[FE F7 CE EB ]0x00003E38:	BLX	#0XCBBCD5D8	;(PC=0xCBBCEE38 )
(       libmtguard.so[0xCBBCB000])[00 C6 8F E2 ]0x000025D8:	ADD	IP, PC, #0, #12	;(PC=0xCBBCD5D8 )
(       libmtguard.so[0xCBBCB000])[3D CA 8C E2 ]0x000025DC:	ADD	IP, IP, #0X3D000	;(IP=0xCBBCD5E0 )
(       libmtguard.so[0xCBBCB000])[F4 F8 BC E5 ]0x000025E0:	LDR	PC, [IP, #0X8F4]!	;(IP=0xCBC0A5E0 )
(       libmtguard.so[0xCBBCB000])[00 E0       ]0x00003E3C:	B	#0XCBBCEE40
(       libmtguard.so[0xCBBCB000])[20 46       ]0x00003E40:	MOV	R0, R4	;(R4=0x30043428 )
(       libmtguard.so[0xCBBCB000])[B0 BD       ]0x00003E42:	POP	{R4, R5, R7, PC}	;(SP=0x100FFF98 )
(       libmtguard.so[0xCBBCB000])[04 46       ]0x00003894:	MOV	R4, R0	;(R0=0x30043428 )
(       libmtguard.so[0xCBBCB000])[94 B1       ]0x00003896:	CBZ	R4, #0XCBBCE8BE	;(R4=0x30043428 )
(       libmtguard.so[0xCBBCB000])[0B 20       ]0x00003898:	MOVS	R0, #0XB
(       libmtguard.so[0xCBBCB000])[C4 E9 00 66 ]0x0000389A:	STRD	R6, R6, [R4]	;(R6=0x00000000 R4=0x30043428 )
(       libmtguard.so[0xCBBCB000])[C4 E9 02 05 ]0x0000389E:	STRD	R0, R5, [R4, #8]	;(R0=0x0000000B R5=0xCBBCFE51 R4=0x30043428 )
(       libmtguard.so[0xCBBCB000])[04 20       ]0x000038A2:	MOVS	R0, #4
(       libmtguard.so[0xCBBCB000])[0B 21       ]0x000038A4:	MOVS	R1, #0XB
(       libmtguard.so[0xCBBCB000])[00 22       ]0x000038A6:	MOVS	R2, #0
(       libmtguard.so[0xCBBCB000])[00 23       ]0x000038A8:	MOVS	R3, #0
(       libmtguard.so[0xCBBCB000])[00 F0 B9 FA ]0x000038AA:	BL	#0XCBBCEE20	;(PC=0xCBBCE8AA )
(       libmtguard.so[0xCBBCB000])[B0 B5       ]0x00003E20:	PUSH	{R4, R5, R7, LR}	;(SP=0x100FFFA8 R4=0x30043428 R5=0xCBBCFE51 R7=0x100FFFB8 LR=0xCBBCE8AF )
(       libmtguard.so[0xCBBCB000])[02 AF       ]0x00003E22:	ADD	R7, SP, #8	;(SP=0x100FFF98 )
(       libmtguard.so[0xCBBCB000])[01 FB 00 F5 ]0x00003E24:	MUL	R5, R1, R0	;(R1=0x0000000B R0=0x00000004 )
(       libmtguard.so[0xCBBCB000])[4D B1       ]0x00003E28:	CBZ	R5, #0XCBBCEE3E	;(R5=0x0000002C )
(       libmtguard.so[0xCBBCB000])[28 46       ]0x00003E2A:	MOV	R0, R5	;(R5=0x0000002C )
(       libmtguard.so[0xCBBCB000])[FE F7 C8 EB ]0x00003E2C:	BLX	#0XCBBCD5C0	;(PC=0xCBBCEE2C )
(       libmtguard.so[0xCBBCB000])[00 C6 8F E2 ]0x000025C0:	ADD	IP, PC, #0, #12	;(PC=0xCBBCD5C0 )
(       libmtguard.so[0xCBBCB000])[3D CA 8C E2 ]0x000025C4:	ADD	IP, IP, #0X3D000	;(IP=0xCBBCD5C8 )
(       libmtguard.so[0xCBBCB000])[04 F9 BC E5 ]0x000025C8:	LDR	PC, [IP, #0X904]!	;(IP=0xCBC0A5C8 )
(       libmtguard.so[0xCBBCB000])[04 46       ]0x00003E30:	MOV	R4, R0	;(R0=0x30043440 )
(       libmtguard.so[0xCBBCB000])[24 B1       ]0x00003E32:	CBZ	R4, #0XCBBCEE3E	;(R4=0x30043440 )
(       libmtguard.so[0xCBBCB000])[20 46       ]0x00003E34:	MOV	R0, R4	;(R4=0x30043440 )
(       libmtguard.so[0xCBBCB000])[29 46       ]0x00003E36:	MOV	R1, R5	;(R5=0x0000002C )
(       libmtguard.so[0xCBBCB000])[FE F7 CE EB ]0x00003E38:	BLX	#0XCBBCD5D8	;(PC=0xCBBCEE38 )
(       libmtguard.so[0xCBBCB000])[00 C6 8F E2 ]0x000025D8:	ADD	IP, PC, #0, #12	;(PC=0xCBBCD5D8 )
(       libmtguard.so[0xCBBCB000])[3D CA 8C E2 ]0x000025DC:	ADD	IP, IP, #0X3D000	;(IP=0xCBBCD5E0 )
(       libmtguard.so[0xCBBCB000])[F4 F8 BC E5 ]0x000025E0:	LDR	PC, [IP, #0X8F4]!	;(IP=0xCBC0A5E0 )
(       libmtguard.so[0xCBBCB000])[00 E0       ]0x00003E3C:	B	#0XCBBCEE40
(       libmtguard.so[0xCBBCB000])[20 46       ]0x00003E40:	MOV	R0, R4	;(R4=0x30043440 )
(       libmtguard.so[0xCBBCB000])[B0 BD       ]0x00003E42:	POP	{R4, R5, R7, PC}	;(SP=0x100FFF98 )
(       libmtguard.so[0xCBBCB000])[00 28       ]0x000038AE:	CMP	R0, #0	;(R0=0x30043440 )
(       libmtguard.so[0xCBBCB000])[20 60       ]0x000038B0:	STR	R0, [R4]	;(R0=0x30043440 R4=0x30043428 )
(       libmtguard.so[0xCBBCB000])[05 D1       ]0x000038B2:	BNE	#0XCBBCE8C0
(       libmtguard.so[0xCBBCB000])[20 46       ]0x000038C0:	MOV	R0, R4	;(R4=0x30043428 )
(       libmtguard.so[0xCBBCB000])[5D F8 04 BB ]0x000038C2:	LDR	FP, [SP], #4	;(SP=0x100FFFA8 )
(       libmtguard.so[0xCBBCB000])[F0 BD       ]0x000038C6:	POP	{R4, R5, R6, R7, PC}	;(SP=0x100FFFAC )
(       libmtguard.so[0xCBBCB000])[01 36       ]0x0000CE08:	ADDS	R6, #1	;(R6=0x00000046 )
(       libmtguard.so[0xCBBCB000])[60 60       ]0x0000CE0A:	STR	R0, [R4, #4]	;(R0=0x30043428 R4=0xCBC0D2C4 )
(       libmtguard.so[0xCBBCB000])[B6 F5 7C 7F ]0x0000CE0C:	CMP.W	R6, #0X3F0	;(R6=0x00000047 )
(       libmtguard.so[0xCBBCB000])[F3 D1       ]0x0000CE10:	BNE	#0XCBBD7DFA
(       libmtguard.so[0xCBBCB000])[48 46       ]0x0000CDFA:	MOV	R0, SB	;(SB=0xCBBCFE51 )
(       libmtguard.so[0xCBBCB000])[45 F8 36 80 ]0x0000CDFC:	STR.W	R8, [R5, R6, LSL #3]	;(R8=0xFFFFFFFF R5=0xCBC0D094 R6=0x00000047 )
(       libmtguard.so[0xCBBCB000])[05 EB C6 04 ]0x0000CE00:	ADD.W	R4, R5, R6, LSL #3	;(R5=0xCBC0D094 R6=0x00000047 )
(       libmtguard.so[0xCBBCB000])[F6 F7 3A FD ]0x0000CE04:	BL	#0XCBBCE87C	;(PC=0xCBBD7E04 )
(       libmtguard.so[0xCBBCB000])[F0 B5       ]0x0000387C:	PUSH	{R4, R5, R6, R7, LR}	;(SP=0x100FFFC0 R4=0xCBC0D2CC R5=0xCBC0D094 R6=0x00000047 R7=0x100FFFE0 LR=0xCBBD7E09 )
(       libmtguard.so[0xCBBCB000])[03 AF       ]0x0000387E:	ADD	R7, SP, #0XC	;(SP=0x100FFFAC )
(       libmtguard.so[0xCBBCB000])[4D F8 04 BD ]0x00003880:	STR	FP, [SP, #-0X4]!	;(FP=0xCBC0B1C4 SP=0x100FFFAC )
(       libmtguard.so[0xCBBCB000])[05 46       ]0x00003884:	MOV	R5, R0	;(R0=0xCBBCFE51 )
(       libmtguard.so[0xCBBCB000])[01 20       ]0x00003886:	MOVS	R0, #1
(       libmtguard.so[0xCBBCB000])[10 21       ]0x00003888:	MOVS	R1, #0X10
(       libmtguard.so[0xCBBCB000])[00 22       ]0x0000388A:	MOVS	R2, #0
(       libmtguard.so[0xCBBCB000])[00 23       ]0x0000388C:	MOVS	R3, #0
(       libmtguard.so[0xCBBCB000])[00 26       ]0x0000388E:	MOVS	R6, #0
(       libmtguard.so[0xCBBCB000])[00 F0 C6 FA ]0x00003890:	BL	#0XCBBCEE20	;(PC=0xCBBCE890 )
(       libmtguard.so[0xCBBCB000])[B0 B5       ]0x00003E20:	PUSH	{R4, R5, R7, LR}	;(SP=0x100FFFA8 R4=0xCBC0D2CC R5=0xCBBCFE51 R7=0x100FFFB8 LR=0xCBBCE895 )
(       libmtguard.so[0xCBBCB000])[02 AF       ]0x00003E22:	ADD	R7, SP, #8	;(SP=0x100FFF98 )
(       libmtguard.so[0xCBBCB000])[01 FB 00 F5 ]0x00003E24:	MUL	R5, R1, R0	;(R1=0x00000010 R0=0x00000001 )
(       libmtguard.so[0xCBBCB000])[4D B1       ]0x00003E28:	CBZ	R5, #0XCBBCEE3E	;(R5=0x00000010 )
(       libmtguard.so[0xCBBCB000])[28 46       ]0x00003E2A:	MOV	R0, R5	;(R5=0x00000010 )
(       libmtguard.so[0xCBBCB000])[FE F7 C8 EB ]0x00003E2C:	BLX	#0XCBBCD5C0	;(PC=0xCBBCEE2C )
(       libmtguard.so[0xCBBCB000])[00 C6 8F E2 ]0x000025C0:	ADD	IP, PC, #0, #12	;(PC=0xCBBCD5C0 )
(       libmtguard.so[0xCBBCB000])[3D CA 8C E2 ]0x000025C4:	ADD	IP, IP, #0X3D000	;(IP=0xCBBCD5C8 )
(       libmtguard.so[0xCBBCB000])[04 F9 BC E5 ]0x000025C8:	LDR	PC, [IP, #0X904]!	;(IP=0xCBC0A5C8 )
(       libmtguard.so[0xCBBCB000])[04 46       ]0x00003E30:	MOV	R4, R0	;(R0=0x30043470 )
(       libmtguard.so[0xCBBCB000])[24 B1       ]0x00003E32:	CBZ	R4, #0XCBBCEE3E	;(R4=0x30043470 )
(       libmtguard.so[0xCBBCB000])[20 46       ]0x00003E34:	MOV	R0, R4	;(R4=0x30043470 )
(       libmtguard.so[0xCBBCB000])[29 46       ]0x00003E36:	MOV	R1, R5	;(R5=0x00000010 )
(       libmtguard.so[0xCBBCB000])[FE F7 CE EB ]0x00003E38:	BLX	#0XCBBCD5D8	;(PC=0xCBBCEE38 )
(       libmtguard.so[0xCBBCB000])[00 C6 8F E2 ]0x000025D8:	ADD	IP, PC, #0, #12	;(PC=0xCBBCD5D8 )
(       libmtguard.so[0xCBBCB000])[3D CA 8C E2 ]0x000025DC:	ADD	IP, IP, #0X3D000	;(IP=0xCBBCD5E0 )
(       libmtguard.so[0xCBBCB000])[F4 F8 BC E5 ]0x000025E0:	LDR	PC, [IP, #0X8F4]!	;(IP=0xCBC0A5E0 )
(       libmtguard.so[0xCBBCB000])[00 E0       ]0x00003E3C:	B	#0XCBBCEE40
(       libmtguard.so[0xCBBCB000])[20 46       ]0x00003E40:	MOV	R0, R4	;(R4=0x30043470 )
(       libmtguard.so[0xCBBCB000])[B0 BD       ]0x00003E42:	POP	{R4, R5, R7, PC}	;(SP=0x100FFF98 )
(       libmtguard.so[0xCBBCB000])[04 46       ]0x00003894:	MOV	R4, R0	;(R0=0x30043470 )
(       libmtguard.so[0xCBBCB000])[94 B1       ]0x00003896:	CBZ	R4, #0XCBBCE8BE	;(R4=0x30043470 )
(       libmtguard.so[0xCBBCB000])[0B 20       ]0x00003898:	MOVS	R0, #0XB
(       libmtguard.so[0xCBBCB000])[C4 E9 00 66 ]0x0000389A:	STRD	R6, R6, [R4]	;(R6=0x00000000 R4=0x30043470 )
(       libmtguard.so[0xCBBCB000])[C4 E9 02 05 ]0x0000389E:	STRD	R0, R5, [R4, #8]	;(R0=0x0000000B R5=0xCBBCFE51 R4=0x30043470 )
(       libmtguard.so[0xCBBCB000])[04 20       ]0x000038A2:	MOVS	R0, #4
(       libmtguard.so[0xCBBCB000])[0B 21       ]0x000038A4:	MOVS	R1, #0XB
(       libmtguard.so[0xCBBCB000])[00 22       ]0x000038A6:	MOVS	R2, #0
(       libmtguard.so[0xCBBCB000])[00 23       ]0x000038A8:	MOVS	R3, #0
(       libmtguard.so[0xCBBCB000])[00 F0 B9 FA ]0x000038AA:	BL	#0XCBBCEE20	;(PC=0xCBBCE8AA )
(       libmtguard.so[0xCBBCB000])[B0 B5       ]0x00003E20:	PUSH	{R4, R5, R7, LR}	;(SP=0x100FFFA8 R4=0x30043470 R5=0xCBBCFE51 R7=0x100FFFB8 LR=0xCBBCE8AF )
(       libmtguard.so[0xCBBCB000])[02 AF       ]0x00003E22:	ADD	R7, SP, #8	;(SP=0x100FFF98 )
(       libmtguard.so[0xCBBCB000])[01 FB 00 F5 ]0x00003E24:	MUL	R5, R1, R0	;(R1=0x0000000B R0=0x00000004 )
(       libmtguard.so[0xCBBCB000])[4D B1       ]0x00003E28:	CBZ	R5, #0XCBBCEE3E	;(R5=0x0000002C )
(       libmtguard.so[0xCBBCB000])[28 46       ]0x00003E2A:	MOV	R0, R5	;(R5=0x0000002C )
(       libmtguard.so[0xCBBCB000])[FE F7 C8 EB ]0x00003E2C:	BLX	#0XCBBCD5C0	;(PC=0xCBBCEE2C )
(       libmtguard.so[0xCBBCB000])[00 C6 8F E2 ]0x000025C0:	ADD	IP, PC, #0, #12	;(PC=0xCBBCD5C0 )
(       libmtguard.so[0xCBBCB000])[3D CA 8C E2 ]0x000025C4:	ADD	IP, IP, #0X3D000	;(IP=0xCBBCD5C8 )
(       libmtguard.so[0xCBBCB000])[04 F9 BC E5 ]0x000025C8:	LDR	PC, [IP, #0X904]!	;(IP=0xCBC0A5C8 )
(       libmtguard.so[0xCBBCB000])[04 46       ]0x00003E30:	MOV	R4, R0	;(R0=0x30043488 )
(       libmtguard.so[0xCBBCB000])[24 B1       ]0x00003E32:	CBZ	R4, #0XCBBCEE3E	;(R4=0x30043488 )
(       libmtguard.so[0xCBBCB000])[20 46       ]0x00003E34:	MOV	R0, R4	;(R4=0x30043488 )
(       libmtguard.so[0xCBBCB000])[29 46       ]0x00003E36:	MOV	R1, R5	;(R5=0x0000002C )
(       libmtguard.so[0xCBBCB000])[FE F7 CE EB ]0x00003E38:	BLX	#0XCBBCD5D8	;(PC=0xCBBCEE38 )
(       libmtguard.so[0xCBBCB000])[00 C6 8F E2 ]0x000025D8:	ADD	IP, PC, #0, #12	;(PC=0xCBBCD5D8 )
(       libmtguard.so[0xCBBCB000])[3D CA 8C E2 ]0x000025DC:	ADD	IP, IP, #0X3D000	;(IP=0xCBBCD5E0 )
(       libmtguard.so[0xCBBCB000])[F4 F8 BC E5 ]0x000025E0:	LDR	PC, [IP, #0X8F4]!	;(IP=0xCBC0A5E0 )
(       libmtguard.so[0xCBBCB000])[00 E0       ]0x00003E3C:	B	#0XCBBCEE40
(       libmtguard.so[0xCBBCB000])[20 46       ]0x00003E40:	MOV	R0, R4	;(R4=0x30043488 )
(       libmtguard.so[0xCBBCB000])[B0 BD       ]0x00003E42:	POP	{R4, R5, R7, PC}	;(SP=0x100FFF98 )
(       libmtguard.so[0xCBBCB000])[00 28       ]0x000038AE:	CMP	R0, #0	;(R0=0x30043488 )
(       libmtguard.so[0xCBBCB000])[20 60       ]0x000038B0:	STR	R0, [R4]	;(R0=0x30043488 R4=0x30043470 )
(       libmtguard.so[0xCBBCB000])[05 D1       ]0x000038B2:	BNE	#0XCBBCE8C0
(       libmtguard.so[0xCBBCB000])[20 46       ]0x000038C0:	MOV	R0, R4	;(R4=0x30043470 )
(       libmtguard.so[0xCBBCB000])[5D F8 04 BB ]0x000038C2:	LDR	FP, [SP], #4	;(SP=0x100FFFA8 )
(       libmtguard.so[0xCBBCB000])[F0 BD       ]0x000038C6:	POP	{R4, R5, R6, R7, PC}	;(SP=0x100FFFAC )
(       libmtguard.so[0xCBBCB000])[01 36       ]0x0000CE08:	ADDS	R6, #1	;(R6=0x00000047 )
(       libmtguard.so[0xCBBCB000])[60 60       ]0x0000CE0A:	STR	R0, [R4, #4]	;(R0=0x30043470 R4=0xCBC0D2CC )
(       libmtguard.so[0xCBBCB000])[B6 F5 7C 7F ]0x0000CE0C:	CMP.W	R6, #0X3F0	;(R6=0x00000048 )
(       libmtguard.so[0xCBBCB000])[F3 D1       ]0x0000CE10:	BNE	#0XCBBD7DFA
(       libmtguard.so[0xCBBCB000])[48 46       ]0x0000CDFA:	MOV	R0, SB	;(SB=0xCBBCFE51 )
(       libmtguard.so[0xCBBCB000])[45 F8 36 80 ]0x0000CDFC:	STR.W	R8, [R5, R6, LSL #3]	;(R8=0xFFFFFFFF R5=0xCBC0D094 R6=0x00000048 )
(       libmtguard.so[0xCBBCB000])[05 EB C6 04 ]0x0000CE00:	ADD.W	R4, R5, R6, LSL #3	;(R5=0xCBC0D094 R6=0x00000048 )
(       libmtguard.so[0xCBBCB000])[F6 F7 3A FD ]0x0000CE04:	BL	#0XCBBCE87C	;(PC=0xCBBD7E04 )
(       libmtguard.so[0xCBBCB000])[F0 B5       ]0x0000387C:	PUSH	{R4, R5, R6, R7, LR}	;(SP=0x100FFFC0 R4=0xCBC0D2D4 R5=0xCBC0D094 R6=0x00000048 R7=0x100FFFE0 LR=0xCBBD7E09 )
(       libmtguard.so[0xCBBCB000])[03 AF       ]0x0000387E:	ADD	R7, SP, #0XC	;(SP=0x100FFFAC )
(       libmtguard.so[0xCBBCB000])[4D F8 04 BD ]0x00003880:	STR	FP, [SP, #-0X4]!	;(FP=0xCBC0B1C4 SP=0x100FFFAC )
(       libmtguard.so[0xCBBCB000])[05 46       ]0x00003884:	MOV	R5, R0	;(R0=0xCBBCFE51 )
(       libmtguard.so[0xCBBCB000])[01 20       ]0x00003886:	MOVS	R0, #1
(       libmtguard.so[0xCBBCB000])[10 21       ]0x00003888:	MOVS	R1, #0X10
(       libmtguard.so[0xCBBCB000])[00 22       ]0x0000388A:	MOVS	R2, #0
(       libmtguard.so[0xCBBCB000])[00 23       ]0x0000388C:	MOVS	R3, #0
(       libmtguard.so[0xCBBCB000])[00 26       ]0x0000388E:	MOVS	R6, #0
(       libmtguard.so[0xCBBCB000])[00 F0 C6 FA ]0x00003890:	BL	#0XCBBCEE20	;(PC=0xCBBCE890 )
(       libmtguard.so[0xCBBCB000])[B0 B5       ]0x00003E20:	PUSH	{R4, R5, R7, LR}	;(SP=0x100FFFA8 R4=0xCBC0D2D4 R5=0xCBBCFE51 R7=0x100FFFB8 LR=0xCBBCE895 )
(       libmtguard.so[0xCBBCB000])[02 AF       ]0x00003E22:	ADD	R7, SP, #8	;(SP=0x100FFF98 )
(       libmtguard.so[0xCBBCB000])[01 FB 00 F5 ]0x00003E24:	MUL	R5, R1, R0	;(R1=0x00000010 R0=0x00000001 )
(       libmtguard.so[0xCBBCB000])[4D B1       ]0x00003E28:	CBZ	R5, #0XCBBCEE3E	;(R5=0x00000010 )
(       libmtguard.so[0xCBBCB000])[28 46       ]0x00003E2A:	MOV	R0, R5	;(R5=0x00000010 )
(       libmtguard.so[0xCBBCB000])[FE F7 C8 EB ]0x00003E2C:	BLX	#0XCBBCD5C0	;(PC=0xCBBCEE2C )
(       libmtguard.so[0xCBBCB000])[00 C6 8F E2 ]0x000025C0:	ADD	IP, PC, #0, #12	;(PC=0xCBBCD5C0 )
(       libmtguard.so[0xCBBCB000])[3D CA 8C E2 ]0x000025C4:	ADD	IP, IP, #0X3D000	;(IP=0xCBBCD5C8 )
(       libmtguard.so[0xCBBCB000])[04 F9 BC E5 ]0x000025C8:	LDR	PC, [IP, #0X904]!	;(IP=0xCBC0A5C8 )
(       libmtguard.so[0xCBBCB000])[04 46       ]0x00003E30:	MOV	R4, R0	;(R0=0x300434B8 )
(       libmtguard.so[0xCBBCB000])[24 B1       ]0x00003E32:	CBZ	R4, #0XCBBCEE3E	;(R4=0x300434B8 )
(       libmtguard.so[0xCBBCB000])[20 46       ]0x00003E34:	MOV	R0, R4	;(R4=0x300434B8 )
(       libmtguard.so[0xCBBCB000])[29 46       ]0x00003E36:	MOV	R1, R5	;(R5=0x00000010 )
(       libmtguard.so[0xCBBCB000])[FE F7 CE EB ]0x00003E38:	BLX	#0XCBBCD5D8	;(PC=0xCBBCEE38 )
(       libmtguard.so[0xCBBCB000])[00 C6 8F E2 ]0x000025D8:	ADD	IP, PC, #0, #12	;(PC=0xCBBCD5D8 )
(       libmtguard.so[0xCBBCB000])[3D CA 8C E2 ]0x000025DC:	ADD	IP, IP, #0X3D000	;(IP=0xCBBCD5E0 )
(       libmtguard.so[0xCBBCB000])[F4 F8 BC E5 ]0x000025E0:	LDR	PC, [IP, #0X8F4]!	;(IP=0xCBC0A5E0 )
(       libmtguard.so[0xCBBCB000])[00 E0       ]0x00003E3C:	B	#0XCBBCEE40
(       libmtguard.so[0xCBBCB000])[20 46       ]0x00003E40:	MOV	R0, R4	;(R4=0x300434B8 )
(       libmtguard.so[0xCBBCB000])[B0 BD       ]0x00003E42:	POP	{R4, R5, R7, PC}	;(SP=0x100FFF98 )
(       libmtguard.so[0xCBBCB000])[04 46       ]0x00003894:	MOV	R4, R0	;(R0=0x300434B8 )
(       libmtguard.so[0xCBBCB000])[94 B1       ]0x00003896:	CBZ	R4, #0XCBBCE8BE	;(R4=0x300434B8 )
(       libmtguard.so[0xCBBCB000])[0B 20       ]0x00003898:	MOVS	R0, #0XB
(       libmtguard.so[0xCBBCB000])[C4 E9 00 66 ]0x0000389A:	STRD	R6, R6, [R4]	;(R6=0x00000000 R4=0x300434B8 )
(       libmtguard.so[0xCBBCB000])[C4 E9 02 05 ]0x0000389E:	STRD	R0, R5, [R4, #8]	;(R0=0x0000000B R5=0xCBBCFE51 R4=0x300434B8 )
(       libmtguard.so[0xCBBCB000])[04 20       ]0x000038A2:	MOVS	R0, #4
(       libmtguard.so[0xCBBCB000])[0B 21       ]0x000038A4:	MOVS	R1, #0XB
(       libmtguard.so[0xCBBCB000])[00 22       ]0x000038A6:	MOVS	R2, #0
(       libmtguard.so[0xCBBCB000])[00 23       ]0x000038A8:	MOVS	R3, #0
(       libmtguard.so[0xCBBCB000])[00 F0 B9 FA ]0x000038AA:	BL	#0XCBBCEE20	;(PC=0xCBBCE8AA )
(       libmtguard.so[0xCBBCB000])[B0 B5       ]0x00003E20:	PUSH	{R4, R5, R7, LR}	;(SP=0x100FFFA8 R4=0x300434B8 R5=0xCBBCFE51 R7=0x100FFFB8 LR=0xCBBCE8AF )
(       libmtguard.so[0xCBBCB000])[02 AF       ]0x00003E22:	ADD	R7, SP, #8	;(SP=0x100FFF98 )
(       libmtguard.so[0xCBBCB000])[01 FB 00 F5 ]0x00003E24:	MUL	R5, R1, R0	;(R1=0x0000000B R0=0x00000004 )
(       libmtguard.so[0xCBBCB000])[4D B1       ]0x00003E28:	CBZ	R5, #0XCBBCEE3E	;(R5=0x0000002C )
(       libmtguard.so[0xCBBCB000])[28 46       ]0x00003E2A:	MOV	R0, R5	;(R5=0x0000002C )
(       libmtguard.so[0xCBBCB000])[FE F7 C8 EB ]0x00003E2C:	BLX	#0XCBBCD5C0	;(PC=0xCBBCEE2C )
(       libmtguard.so[0xCBBCB000])[00 C6 8F E2 ]0x000025C0:	ADD	IP, PC, #0, #12	;(PC=0xCBBCD5C0 )
(       libmtguard.so[0xCBBCB000])[3D CA 8C E2 ]0x000025C4:	ADD	IP, IP, #0X3D000	;(IP=0xCBBCD5C8 )
(       libmtguard.so[0xCBBCB000])[04 F9 BC E5 ]0x000025C8:	LDR	PC, [IP, #0X904]!	;(IP=0xCBC0A5C8 )
(       libmtguard.so[0xCBBCB000])[04 46       ]0x00003E30:	MOV	R4, R0	;(R0=0x300434D0 )
(       libmtguard.so[0xCBBCB000])[24 B1       ]0x00003E32:	CBZ	R4, #0XCBBCEE3E	;(R4=0x300434D0 )
(       libmtguard.so[0xCBBCB000])[20 46       ]0x00003E34:	MOV	R0, R4	;(R4=0x300434D0 )
(       libmtguard.so[0xCBBCB000])[29 46       ]0x00003E36:	MOV	R1, R5	;(R5=0x0000002C )
(       libmtguard.so[0xCBBCB000])[FE F7 CE EB ]0x00003E38:	BLX	#0XCBBCD5D8	;(PC=0xCBBCEE38 )
(       libmtguard.so[0xCBBCB000])[00 C6 8F E2 ]0x000025D8:	ADD	IP, PC, #0, #12	;(PC=0xCBBCD5D8 )
(       libmtguard.so[0xCBBCB000])[3D CA 8C E2 ]0x000025DC:	ADD	IP, IP, #0X3D000	;(IP=0xCBBCD5E0 )
(       libmtguard.so[0xCBBCB000])[F4 F8 BC E5 ]0x000025E0:	LDR	PC, [IP, #0X8F4]!	;(IP=0xCBC0A5E0 )
(       libmtguard.so[0xCBBCB000])[00 E0       ]0x00003E3C:	B	#0XCBBCEE40
(       libmtguard.so[0xCBBCB000])[20 46       ]0x00003E40:	MOV	R0, R4	;(R4=0x300434D0 )
(       libmtguard.so[0xCBBCB000])[B0 BD       ]0x00003E42:	POP	{R4, R5, R7, PC}	;(SP=0x100FFF98 )
(       libmtguard.so[0xCBBCB000])[00 28       ]0x000038AE:	CMP	R0, #0	;(R0=0x300434D0 )
(       libmtguard.so[0xCBBCB000])[20 60       ]0x000038B0:	STR	R0, [R4]	;(R0=0x300434D0 R4=0x300434B8 )
(       libmtguard.so[0xCBBCB000])[05 D1       ]0x000038B2:	BNE	#0XCBBCE8C0
(       libmtguard.so[0xCBBCB000])[20 46       ]0x000038C0:	MOV	R0, R4	;(R4=0x300434B8 )
(       libmtguard.so[0xCBBCB000])[5D F8 04 BB ]0x000038C2:	LDR	FP, [SP], #4	;(SP=0x100FFFA8 )
(       libmtguard.so[0xCBBCB000])[F0 BD       ]0x000038C6:	POP	{R4, R5, R6, R7, PC}	;(SP=0x100FFFAC )
(       libmtguard.so[0xCBBCB000])[01 36       ]0x0000CE08:	ADDS	R6, #1	;(R6=0x00000048 )
(       libmtguard.so[0xCBBCB000])[60 60       ]0x0000CE0A:	STR	R0, [R4, #4]	;(R0=0x300434B8 R4=0xCBC0D2D4 )
(       libmtguard.so[0xCBBCB000])[B6 F5 7C 7F ]0x0000CE0C:	CMP.W	R6, #0X3F0	;(R6=0x00000049 )
(       libmtguard.so[0xCBBCB000])[F3 D1       ]0x0000CE10:	BNE	#0XCBBD7DFA
(       libmtguard.so[0xCBBCB000])[48 46       ]0x0000CDFA:	MOV	R0, SB	;(SB=0xCBBCFE51 )
(       libmtguard.so[0xCBBCB000])[45 F8 36 80 ]0x0000CDFC:	STR.W	R8, [R5, R6, LSL #3]	;(R8=0xFFFFFFFF R5=0xCBC0D094 R6=0x00000049 )
(       libmtguard.so[0xCBBCB000])[05 EB C6 04 ]0x0000CE00:	ADD.W	R4, R5, R6, LSL #3	;(R5=0xCBC0D094 R6=0x00000049 )
(       libmtguard.so[0xCBBCB000])[F6 F7 3A FD ]0x0000CE04:	BL	#0XCBBCE87C	;(PC=0xCBBD7E04 )
(       libmtguard.so[0xCBBCB000])[F0 B5       ]0x0000387C:	PUSH	{R4, R5, R6, R7, LR}	;(SP=0x100FFFC0 R4=0xCBC0D2DC R5=0xCBC0D094 R6=0x00000049 R7=0x100FFFE0 LR=0xCBBD7E09 )
(       libmtguard.so[0xCBBCB000])[03 AF       ]0x0000387E:	ADD	R7, SP, #0XC	;(SP=0x100FFFAC )
(       libmtguard.so[0xCBBCB000])[4D F8 04 BD ]0x00003880:	STR	FP, [SP, #-0X4]!	;(FP=0xCBC0B1C4 SP=0x100FFFAC )
(       libmtguard.so[0xCBBCB000])[05 46       ]0x00003884:	MOV	R5, R0	;(R0=0xCBBCFE51 )
(       libmtguard.so[0xCBBCB000])[01 20       ]0x00003886:	MOVS	R0, #1
(       libmtguard.so[0xCBBCB000])[10 21       ]0x00003888:	MOVS	R1, #0X10
(       libmtguard.so[0xCBBCB000])[00 22       ]0x0000388A:	MOVS	R2, #0
(       libmtguard.so[0xCBBCB000])[00 23       ]0x0000388C:	MOVS	R3, #0
(       libmtguard.so[0xCBBCB000])[00 26       ]0x0000388E:	MOVS	R6, #0
(       libmtguard.so[0xCBBCB000])[00 F0 C6 FA ]0x00003890:	BL	#0XCBBCEE20	;(PC=0xCBBCE890 )
(       libmtguard.so[0xCBBCB000])[B0 B5       ]0x00003E20:	PUSH	{R4, R5, R7, LR}	;(SP=0x100FFFA8 R4=0xCBC0D2DC R5=0xCBBCFE51 R7=0x100FFFB8 LR=0xCBBCE895 )
(       libmtguard.so[0xCBBCB000])[02 AF       ]0x00003E22:	ADD	R7, SP, #8	;(SP=0x100FFF98 )
(       libmtguard.so[0xCBBCB000])[01 FB 00 F5 ]0x00003E24:	MUL	R5, R1, R0	;(R1=0x00000010 R0=0x00000001 )
(       libmtguard.so[0xCBBCB000])[4D B1       ]0x00003E28:	CBZ	R5, #0XCBBCEE3E	;(R5=0x00000010 )
(       libmtguard.so[0xCBBCB000])[28 46       ]0x00003E2A:	MOV	R0, R5	;(R5=0x00000010 )
(       libmtguard.so[0xCBBCB000])[FE F7 C8 EB ]0x00003E2C:	BLX	#0XCBBCD5C0	;(PC=0xCBBCEE2C )
(       libmtguard.so[0xCBBCB000])[00 C6 8F E2 ]0x000025C0:	ADD	IP, PC, #0, #12	;(PC=0xCBBCD5C0 )
(       libmtguard.so[0xCBBCB000])[3D CA 8C E2 ]0x000025C4:	ADD	IP, IP, #0X3D000	;(IP=0xCBBCD5C8 )
(       libmtguard.so[0xCBBCB000])[04 F9 BC E5 ]0x000025C8:	LDR	PC, [IP, #0X904]!	;(IP=0xCBC0A5C8 )
(       libmtguard.so[0xCBBCB000])[04 46       ]0x00003E30:	MOV	R4, R0	;(R0=0x30043500 )
(       libmtguard.so[0xCBBCB000])[24 B1       ]0x00003E32:	CBZ	R4, #0XCBBCEE3E	;(R4=0x30043500 )
(       libmtguard.so[0xCBBCB000])[20 46       ]0x00003E34:	MOV	R0, R4	;(R4=0x30043500 )
(       libmtguard.so[0xCBBCB000])[29 46       ]0x00003E36:	MOV	R1, R5	;(R5=0x00000010 )
(       libmtguard.so[0xCBBCB000])[FE F7 CE EB ]0x00003E38:	BLX	#0XCBBCD5D8	;(PC=0xCBBCEE38 )
(       libmtguard.so[0xCBBCB000])[00 C6 8F E2 ]0x000025D8:	ADD	IP, PC, #0, #12	;(PC=0xCBBCD5D8 )
(       libmtguard.so[0xCBBCB000])[3D CA 8C E2 ]0x000025DC:	ADD	IP, IP, #0X3D000	;(IP=0xCBBCD5E0 )
(       libmtguard.so[0xCBBCB000])[F4 F8 BC E5 ]0x000025E0:	LDR	PC, [IP, #0X8F4]!	;(IP=0xCBC0A5E0 )
(       libmtguard.so[0xCBBCB000])[00 E0       ]0x00003E3C:	B	#0XCBBCEE40
(       libmtguard.so[0xCBBCB000])[20 46       ]0x00003E40:	MOV	R0, R4	;(R4=0x30043500 )
(       libmtguard.so[0xCBBCB000])[B0 BD       ]0x00003E42:	POP	{R4, R5, R7, PC}	;(SP=0x100FFF98 )
(       libmtguard.so[0xCBBCB000])[04 46       ]0x00003894:	MOV	R4, R0	;(R0=0x30043500 )
(       libmtguard.so[0xCBBCB000])[94 B1       ]0x00003896:	CBZ	R4, #0XCBBCE8BE	;(R4=0x30043500 )
(       libmtguard.so[0xCBBCB000])[0B 20       ]0x00003898:	MOVS	R0, #0XB
(       libmtguard.so[0xCBBCB000])[C4 E9 00 66 ]0x0000389A:	STRD	R6, R6, [R4]	;(R6=0x00000000 R4=0x30043500 )
(       libmtguard.so[0xCBBCB000])[C4 E9 02 05 ]0x0000389E:	STRD	R0, R5, [R4, #8]	;(R0=0x0000000B R5=0xCBBCFE51 R4=0x30043500 )
(       libmtguard.so[0xCBBCB000])[04 20       ]0x000038A2:	MOVS	R0, #4
(       libmtguard.so[0xCBBCB000])[0B 21       ]0x000038A4:	MOVS	R1, #0XB
(       libmtguard.so[0xCBBCB000])[00 22       ]0x000038A6:	MOVS	R2, #0
(       libmtguard.so[0xCBBCB000])[00 23       ]0x000038A8:	MOVS	R3, #0
(       libmtguard.so[0xCBBCB000])[00 F0 B9 FA ]0x000038AA:	BL	#0XCBBCEE20	;(PC=0xCBBCE8AA )
(       libmtguard.so[0xCBBCB000])[B0 B5       ]0x00003E20:	PUSH	{R4, R5, R7, LR}	;(SP=0x100FFFA8 R4=0x30043500 R5=0xCBBCFE51 R7=0x100FFFB8 LR=0xCBBCE8AF )
(       libmtguard.so[0xCBBCB000])[02 AF       ]0x00003E22:	ADD	R7, SP, #8	;(SP=0x100FFF98 )
(       libmtguard.so[0xCBBCB000])[01 FB 00 F5 ]0x00003E24:	MUL	R5, R1, R0	;(R1=0x0000000B R0=0x00000004 )
(       libmtguard.so[0xCBBCB000])[4D B1       ]0x00003E28:	CBZ	R5, #0XCBBCEE3E	;(R5=0x0000002C )
(       libmtguard.so[0xCBBCB000])[28 46       ]0x00003E2A:	MOV	R0, R5	;(R5=0x0000002C )
(       libmtguard.so[0xCBBCB000])[FE F7 C8 EB ]0x00003E2C:	BLX	#0XCBBCD5C0	;(PC=0xCBBCEE2C )
(       libmtguard.so[0xCBBCB000])[00 C6 8F E2 ]0x000025C0:	ADD	IP, PC, #0, #12	;(PC=0xCBBCD5C0 )
(       libmtguard.so[0xCBBCB000])[3D CA 8C E2 ]0x000025C4:	ADD	IP, IP, #0X3D000	;(IP=0xCBBCD5C8 )
(       libmtguard.so[0xCBBCB000])[04 F9 BC E5 ]0x000025C8:	LDR	PC, [IP, #0X904]!	;(IP=0xCBC0A5C8 )
(       libmtguard.so[0xCBBCB000])[04 46       ]0x00003E30:	MOV	R4, R0	;(R0=0x30043518 )
(       libmtguard.so[0xCBBCB000])[24 B1       ]0x00003E32:	CBZ	R4, #0XCBBCEE3E	;(R4=0x30043518 )
(       libmtguard.so[0xCBBCB000])[20 46       ]0x00003E34:	MOV	R0, R4	;(R4=0x30043518 )
(       libmtguard.so[0xCBBCB000])[29 46       ]0x00003E36:	MOV	R1, R5	;(R5=0x0000002C )
(       libmtguard.so[0xCBBCB000])[FE F7 CE EB ]0x00003E38:	BLX	#0XCBBCD5D8	;(PC=0xCBBCEE38 )
(       libmtguard.so[0xCBBCB000])[00 C6 8F E2 ]0x000025D8:	ADD	IP, PC, #0, #12	;(PC=0xCBBCD5D8 )
(       libmtguard.so[0xCBBCB000])[3D CA 8C E2 ]0x000025DC:	ADD	IP, IP, #0X3D000	;(IP=0xCBBCD5E0 )
(       libmtguard.so[0xCBBCB000])[F4 F8 BC E5 ]0x000025E0:	LDR	PC, [IP, #0X8F4]!	;(IP=0xCBC0A5E0 )
(       libmtguard.so[0xCBBCB000])[00 E0       ]0x00003E3C:	B	#0XCBBCEE40
(       libmtguard.so[0xCBBCB000])[20 46       ]0x00003E40:	MOV	R0, R4	;(R4=0x30043518 )
(       libmtguard.so[0xCBBCB000])[B0 BD       ]0x00003E42:	POP	{R4, R5, R7, PC}	;(SP=0x100FFF98 )
(       libmtguard.so[0xCBBCB000])[00 28       ]0x000038AE:	CMP	R0, #0	;(R0=0x30043518 )
(       libmtguard.so[0xCBBCB000])[20 60       ]0x000038B0:	STR	R0, [R4]	;(R0=0x30043518 R4=0x30043500 )
(       libmtguard.so[0xCBBCB000])[05 D1       ]0x000038B2:	BNE	#0XCBBCE8C0
(       libmtguard.so[0xCBBCB000])[20 46       ]0x000038C0:	MOV	R0, R4	;(R4=0x30043500 )
(       libmtguard.so[0xCBBCB000])[5D F8 04 BB ]0x000038C2:	LDR	FP, [SP], #4	;(SP=0x100FFFA8 )
(       libmtguard.so[0xCBBCB000])[F0 BD       ]0x000038C6:	POP	{R4, R5, R6, R7, PC}	;(SP=0x100FFFAC )
(       libmtguard.so[0xCBBCB000])[01 36       ]0x0000CE08:	ADDS	R6, #1	;(R6=0x00000049 )
(       libmtguard.so[0xCBBCB000])[60 60       ]0x0000CE0A:	STR	R0, [R4, #4]	;(R0=0x30043500 R4=0xCBC0D2DC )
(       libmtguard.so[0xCBBCB000])[B6 F5 7C 7F ]0x0000CE0C:	CMP.W	R6, #0X3F0	;(R6=0x0000004A )
(       libmtguard.so[0xCBBCB000])[F3 D1       ]0x0000CE10:	BNE	#0XCBBD7DFA
(       libmtguard.so[0xCBBCB000])[48 46       ]0x0000CDFA:	MOV	R0, SB	;(SB=0xCBBCFE51 )
(       libmtguard.so[0xCBBCB000])[45 F8 36 80 ]0x0000CDFC:	STR.W	R8, [R5, R6, LSL #3]	;(R8=0xFFFFFFFF R5=0xCBC0D094 R6=0x0000004A )
(       libmtguard.so[0xCBBCB000])[05 EB C6 04 ]0x0000CE00:	ADD.W	R4, R5, R6, LSL #3	;(R5=0xCBC0D094 R6=0x0000004A )
(       libmtguard.so[0xCBBCB000])[F6 F7 3A FD ]0x0000CE04:	BL	#0XCBBCE87C	;(PC=0xCBBD7E04 )
(       libmtguard.so[0xCBBCB000])[F0 B5       ]0x0000387C:	PUSH	{R4, R5, R6, R7, LR}	;(SP=0x100FFFC0 R4=0xCBC0D2E4 R5=0xCBC0D094 R6=0x0000004A R7=0x100FFFE0 LR=0xCBBD7E09 )
(       libmtguard.so[0xCBBCB000])[03 AF       ]0x0000387E:	ADD	R7, SP, #0XC	;(SP=0x100FFFAC )
(       libmtguard.so[0xCBBCB000])[4D F8 04 BD ]0x00003880:	STR	FP, [SP, #-0X4]!	;(FP=0xCBC0B1C4 SP=0x100FFFAC )
(       libmtguard.so[0xCBBCB000])[05 46       ]0x00003884:	MOV	R5, R0	;(R0=0xCBBCFE51 )
(       libmtguard.so[0xCBBCB000])[01 20       ]0x00003886:	MOVS	R0, #1
(       libmtguard.so[0xCBBCB000])[10 21       ]0x00003888:	MOVS	R1, #0X10
(       libmtguard.so[0xCBBCB000])[00 22       ]0x0000388A:	MOVS	R2, #0
(       libmtguard.so[0xCBBCB000])[00 23       ]0x0000388C:	MOVS	R3, #0
(       libmtguard.so[0xCBBCB000])[00 26       ]0x0000388E:	MOVS	R6, #0
(       libmtguard.so[0xCBBCB000])[00 F0 C6 FA ]0x00003890:	BL	#0XCBBCEE20	;(PC=0xCBBCE890 )
(       libmtguard.so[0xCBBCB000])[B0 B5       ]0x00003E20:	PUSH	{R4, R5, R7, LR}	;(SP=0x100FFFA8 R4=0xCBC0D2E4 R5=0xCBBCFE51 R7=0x100FFFB8 LR=0xCBBCE895 )
(       libmtguard.so[0xCBBCB000])[02 AF       ]0x00003E22:	ADD	R7, SP, #8	;(SP=0x100FFF98 )
(       libmtguard.so[0xCBBCB000])[01 FB 00 F5 ]0x00003E24:	MUL	R5, R1, R0	;(R1=0x00000010 R0=0x00000001 )
(       libmtguard.so[0xCBBCB000])[4D B1       ]0x00003E28:	CBZ	R5, #0XCBBCEE3E	;(R5=0x00000010 )
(       libmtguard.so[0xCBBCB000])[28 46       ]0x00003E2A:	MOV	R0, R5	;(R5=0x00000010 )
(       libmtguard.so[0xCBBCB000])[FE F7 C8 EB ]0x00003E2C:	BLX	#0XCBBCD5C0	;(PC=0xCBBCEE2C )
(       libmtguard.so[0xCBBCB000])[00 C6 8F E2 ]0x000025C0:	ADD	IP, PC, #0, #12	;(PC=0xCBBCD5C0 )
(       libmtguard.so[0xCBBCB000])[3D CA 8C E2 ]0x000025C4:	ADD	IP, IP, #0X3D000	;(IP=0xCBBCD5C8 )
(       libmtguard.so[0xCBBCB000])[04 F9 BC E5 ]0x000025C8:	LDR	PC, [IP, #0X904]!	;(IP=0xCBC0A5C8 )
(       libmtguard.so[0xCBBCB000])[04 46       ]0x00003E30:	MOV	R4, R0	;(R0=0x30043548 )
(       libmtguard.so[0xCBBCB000])[24 B1       ]0x00003E32:	CBZ	R4, #0XCBBCEE3E	;(R4=0x30043548 )
(       libmtguard.so[0xCBBCB000])[20 46       ]0x00003E34:	MOV	R0, R4	;(R4=0x30043548 )
(       libmtguard.so[0xCBBCB000])[29 46       ]0x00003E36:	MOV	R1, R5	;(R5=0x00000010 )
(       libmtguard.so[0xCBBCB000])[FE F7 CE EB ]0x00003E38:	BLX	#0XCBBCD5D8	;(PC=0xCBBCEE38 )
(       libmtguard.so[0xCBBCB000])[00 C6 8F E2 ]0x000025D8:	ADD	IP, PC, #0, #12	;(PC=0xCBBCD5D8 )
(       libmtguard.so[0xCBBCB000])[3D CA 8C E2 ]0x000025DC:	ADD	IP, IP, #0X3D000	;(IP=0xCBBCD5E0 )
(       libmtguard.so[0xCBBCB000])[F4 F8 BC E5 ]0x000025E0:	LDR	PC, [IP, #0X8F4]!	;(IP=0xCBC0A5E0 )
(       libmtguard.so[0xCBBCB000])[00 E0       ]0x00003E3C:	B	#0XCBBCEE40
(       libmtguard.so[0xCBBCB000])[20 46       ]0x00003E40:	MOV	R0, R4	;(R4=0x30043548 )
(       libmtguard.so[0xCBBCB000])[B0 BD       ]0x00003E42:	POP	{R4, R5, R7, PC}	;(SP=0x100FFF98 )
(       libmtguard.so[0xCBBCB000])[04 46       ]0x00003894:	MOV	R4, R0	;(R0=0x30043548 )
(       libmtguard.so[0xCBBCB000])[94 B1       ]0x00003896:	CBZ	R4, #0XCBBCE8BE	;(R4=0x30043548 )
(       libmtguard.so[0xCBBCB000])[0B 20       ]0x00003898:	MOVS	R0, #0XB
(       libmtguard.so[0xCBBCB000])[C4 E9 00 66 ]0x0000389A:	STRD	R6, R6, [R4]	;(R6=0x00000000 R4=0x30043548 )
(       libmtguard.so[0xCBBCB000])[C4 E9 02 05 ]0x0000389E:	STRD	R0, R5, [R4, #8]	;(R0=0x0000000B R5=0xCBBCFE51 R4=0x30043548 )
(       libmtguard.so[0xCBBCB000])[04 20       ]0x000038A2:	MOVS	R0, #4
(       libmtguard.so[0xCBBCB000])[0B 21       ]0x000038A4:	MOVS	R1, #0XB
(       libmtguard.so[0xCBBCB000])[00 22       ]0x000038A6:	MOVS	R2, #0
(       libmtguard.so[0xCBBCB000])[00 23       ]0x000038A8:	MOVS	R3, #0
(       libmtguard.so[0xCBBCB000])[00 F0 B9 FA ]0x000038AA:	BL	#0XCBBCEE20	;(PC=0xCBBCE8AA )
(       libmtguard.so[0xCBBCB000])[B0 B5       ]0x00003E20:	PUSH	{R4, R5, R7, LR}	;(SP=0x100FFFA8 R4=0x30043548 R5=0xCBBCFE51 R7=0x100FFFB8 LR=0xCBBCE8AF )
(       libmtguard.so[0xCBBCB000])[02 AF       ]0x00003E22:	ADD	R7, SP, #8	;(SP=0x100FFF98 )
(       libmtguard.so[0xCBBCB000])[01 FB 00 F5 ]0x00003E24:	MUL	R5, R1, R0	;(R1=0x0000000B R0=0x00000004 )
(       libmtguard.so[0xCBBCB000])[4D B1       ]0x00003E28:	CBZ	R5, #0XCBBCEE3E	;(R5=0x0000002C )
(       libmtguard.so[0xCBBCB000])[28 46       ]0x00003E2A:	MOV	R0, R5	;(R5=0x0000002C )
(       libmtguard.so[0xCBBCB000])[FE F7 C8 EB ]0x00003E2C:	BLX	#0XCBBCD5C0	;(PC=0xCBBCEE2C )
(       libmtguard.so[0xCBBCB000])[00 C6 8F E2 ]0x000025C0:	ADD	IP, PC, #0, #12	;(PC=0xCBBCD5C0 )
(       libmtguard.so[0xCBBCB000])[3D CA 8C E2 ]0x000025C4:	ADD	IP, IP, #0X3D000	;(IP=0xCBBCD5C8 )
(       libmtguard.so[0xCBBCB000])[04 F9 BC E5 ]0x000025C8:	LDR	PC, [IP, #0X904]!	;(IP=0xCBC0A5C8 )
(       libmtguard.so[0xCBBCB000])[04 46       ]0x00003E30:	MOV	R4, R0	;(R0=0x30043560 )
(       libmtguard.so[0xCBBCB000])[24 B1       ]0x00003E32:	CBZ	R4, #0XCBBCEE3E	;(R4=0x30043560 )
(       libmtguard.so[0xCBBCB000])[20 46       ]0x00003E34:	MOV	R0, R4	;(R4=0x30043560 )
(       libmtguard.so[0xCBBCB000])[29 46       ]0x00003E36:	MOV	R1, R5	;(R5=0x0000002C )
(       libmtguard.so[0xCBBCB000])[FE F7 CE EB ]0x00003E38:	BLX	#0XCBBCD5D8	;(PC=0xCBBCEE38 )
(       libmtguard.so[0xCBBCB000])[00 C6 8F E2 ]0x000025D8:	ADD	IP, PC, #0, #12	;(PC=0xCBBCD5D8 )
(       libmtguard.so[0xCBBCB000])[3D CA 8C E2 ]0x000025DC:	ADD	IP, IP, #0X3D000	;(IP=0xCBBCD5E0 )
(       libmtguard.so[0xCBBCB000])[F4 F8 BC E5 ]0x000025E0:	LDR	PC, [IP, #0X8F4]!	;(IP=0xCBC0A5E0 )
(       libmtguard.so[0xCBBCB000])[00 E0       ]0x00003E3C:	B	#0XCBBCEE40
(       libmtguard.so[0xCBBCB000])[20 46       ]0x00003E40:	MOV	R0, R4	;(R4=0x30043560 )
(       libmtguard.so[0xCBBCB000])[B0 BD       ]0x00003E42:	POP	{R4, R5, R7, PC}	;(SP=0x100FFF98 )
(       libmtguard.so[0xCBBCB000])[00 28       ]0x000038AE:	CMP	R0, #0	;(R0=0x30043560 )
(       libmtguard.so[0xCBBCB000])[20 60       ]0x000038B0:	STR	R0, [R4]	;(R0=0x30043560 R4=0x30043548 )
(       libmtguard.so[0xCBBCB000])[05 D1       ]0x000038B2:	BNE	#0XCBBCE8C0
(       libmtguard.so[0xCBBCB000])[20 46       ]0x000038C0:	MOV	R0, R4	;(R4=0x30043548 )
(       libmtguard.so[0xCBBCB000])[5D F8 04 BB ]0x000038C2:	LDR	FP, [SP], #4	;(SP=0x100FFFA8 )
(       libmtguard.so[0xCBBCB000])[F0 BD       ]0x000038C6:	POP	{R4, R5, R6, R7, PC}	;(SP=0x100FFFAC )
(       libmtguard.so[0xCBBCB000])[01 36       ]0x0000CE08:	ADDS	R6, #1	;(R6=0x0000004A )
(       libmtguard.so[0xCBBCB000])[60 60       ]0x0000CE0A:	STR	R0, [R4, #4]	;(R0=0x30043548 R4=0xCBC0D2E4 )
(       libmtguard.so[0xCBBCB000])[B6 F5 7C 7F ]0x0000CE0C:	CMP.W	R6, #0X3F0	;(R6=0x0000004B )
(       libmtguard.so[0xCBBCB000])[F3 D1       ]0x0000CE10:	BNE	#0XCBBD7DFA
(       libmtguard.so[0xCBBCB000])[48 46       ]0x0000CDFA:	MOV	R0, SB	;(SB=0xCBBCFE51 )
(       libmtguard.so[0xCBBCB000])[45 F8 36 80 ]0x0000CDFC:	STR.W	R8, [R5, R6, LSL #3]	;(R8=0xFFFFFFFF R5=0xCBC0D094 R6=0x0000004B )
(       libmtguard.so[0xCBBCB000])[05 EB C6 04 ]0x0000CE00:	ADD.W	R4, R5, R6, LSL #3	;(R5=0xCBC0D094 R6=0x0000004B )
(       libmtguard.so[0xCBBCB000])[F6 F7 3A FD ]0x0000CE04:	BL	#0XCBBCE87C	;(PC=0xCBBD7E04 )
(       libmtguard.so[0xCBBCB000])[F0 B5       ]0x0000387C:	PUSH	{R4, R5, R6, R7, LR}	;(SP=0x100FFFC0 R4=0xCBC0D2EC R5=0xCBC0D094 R6=0x0000004B R7=0x100FFFE0 LR=0xCBBD7E09 )
(       libmtguard.so[0xCBBCB000])[03 AF       ]0x0000387E:	ADD	R7, SP, #0XC	;(SP=0x100FFFAC )
(       libmtguard.so[0xCBBCB000])[4D F8 04 BD ]0x00003880:	STR	FP, [SP, #-0X4]!	;(FP=0xCBC0B1C4 SP=0x100FFFAC )
(       libmtguard.so[0xCBBCB000])[05 46       ]0x00003884:	MOV	R5, R0	;(R0=0xCBBCFE51 )
(       libmtguard.so[0xCBBCB000])[01 20       ]0x00003886:	MOVS	R0, #1
(       libmtguard.so[0xCBBCB000])[10 21       ]0x00003888:	MOVS	R1, #0X10
(       libmtguard.so[0xCBBCB000])[00 22       ]0x0000388A:	MOVS	R2, #0
(       libmtguard.so[0xCBBCB000])[00 23       ]0x0000388C:	MOVS	R3, #0
(       libmtguard.so[0xCBBCB000])[00 26       ]0x0000388E:	MOVS	R6, #0
(       libmtguard.so[0xCBBCB000])[00 F0 C6 FA ]0x00003890:	BL	#0XCBBCEE20	;(PC=0xCBBCE890 )
(       libmtguard.so[0xCBBCB000])[B0 B5       ]0x00003E20:	PUSH	{R4, R5, R7, LR}	;(SP=0x100FFFA8 R4=0xCBC0D2EC R5=0xCBBCFE51 R7=0x100FFFB8 LR=0xCBBCE895 )
(       libmtguard.so[0xCBBCB000])[02 AF       ]0x00003E22:	ADD	R7, SP, #8	;(SP=0x100FFF98 )
(       libmtguard.so[0xCBBCB000])[01 FB 00 F5 ]0x00003E24:	MUL	R5, R1, R0	;(R1=0x00000010 R0=0x00000001 )
(       libmtguard.so[0xCBBCB000])[4D B1       ]0x00003E28:	CBZ	R5, #0XCBBCEE3E	;(R5=0x00000010 )
(       libmtguard.so[0xCBBCB000])[28 46       ]0x00003E2A:	MOV	R0, R5	;(R5=0x00000010 )
(       libmtguard.so[0xCBBCB000])[FE F7 C8 EB ]0x00003E2C:	BLX	#0XCBBCD5C0	;(PC=0xCBBCEE2C )
(       libmtguard.so[0xCBBCB000])[00 C6 8F E2 ]0x000025C0:	ADD	IP, PC, #0, #12	;(PC=0xCBBCD5C0 )
(       libmtguard.so[0xCBBCB000])[3D CA 8C E2 ]0x000025C4:	ADD	IP, IP, #0X3D000	;(IP=0xCBBCD5C8 )
(       libmtguard.so[0xCBBCB000])[04 F9 BC E5 ]0x000025C8:	LDR	PC, [IP, #0X904]!	;(IP=0xCBC0A5C8 )
(       libmtguard.so[0xCBBCB000])[04 46       ]0x00003E30:	MOV	R4, R0	;(R0=0x30043590 )
(       libmtguard.so[0xCBBCB000])[24 B1       ]0x00003E32:	CBZ	R4, #0XCBBCEE3E	;(R4=0x30043590 )
(       libmtguard.so[0xCBBCB000])[20 46       ]0x00003E34:	MOV	R0, R4	;(R4=0x30043590 )
(       libmtguard.so[0xCBBCB000])[29 46       ]0x00003E36:	MOV	R1, R5	;(R5=0x00000010 )
(       libmtguard.so[0xCBBCB000])[FE F7 CE EB ]0x00003E38:	BLX	#0XCBBCD5D8	;(PC=0xCBBCEE38 )
(       libmtguard.so[0xCBBCB000])[00 C6 8F E2 ]0x000025D8:	ADD	IP, PC, #0, #12	;(PC=0xCBBCD5D8 )
(       libmtguard.so[0xCBBCB000])[3D CA 8C E2 ]0x000025DC:	ADD	IP, IP, #0X3D000	;(IP=0xCBBCD5E0 )
(       libmtguard.so[0xCBBCB000])[F4 F8 BC E5 ]0x000025E0:	LDR	PC, [IP, #0X8F4]!	;(IP=0xCBC0A5E0 )
(       libmtguard.so[0xCBBCB000])[00 E0       ]0x00003E3C:	B	#0XCBBCEE40
(       libmtguard.so[0xCBBCB000])[20 46       ]0x00003E40:	MOV	R0, R4	;(R4=0x30043590 )
(       libmtguard.so[0xCBBCB000])[B0 BD       ]0x00003E42:	POP	{R4, R5, R7, PC}	;(SP=0x100FFF98 )
(       libmtguard.so[0xCBBCB000])[04 46       ]0x00003894:	MOV	R4, R0	;(R0=0x30043590 )
(       libmtguard.so[0xCBBCB000])[94 B1       ]0x00003896:	CBZ	R4, #0XCBBCE8BE	;(R4=0x30043590 )
(       libmtguard.so[0xCBBCB000])[0B 20       ]0x00003898:	MOVS	R0, #0XB
(       libmtguard.so[0xCBBCB000])[C4 E9 00 66 ]0x0000389A:	STRD	R6, R6, [R4]	;(R6=0x00000000 R4=0x30043590 )
(       libmtguard.so[0xCBBCB000])[C4 E9 02 05 ]0x0000389E:	STRD	R0, R5, [R4, #8]	;(R0=0x0000000B R5=0xCBBCFE51 R4=0x30043590 )
(       libmtguard.so[0xCBBCB000])[04 20       ]0x000038A2:	MOVS	R0, #4
(       libmtguard.so[0xCBBCB000])[0B 21       ]0x000038A4:	MOVS	R1, #0XB
(       libmtguard.so[0xCBBCB000])[00 22       ]0x000038A6:	MOVS	R2, #0
(       libmtguard.so[0xCBBCB000])[00 23       ]0x000038A8:	MOVS	R3, #0
(       libmtguard.so[0xCBBCB000])[00 F0 B9 FA ]0x000038AA:	BL	#0XCBBCEE20	;(PC=0xCBBCE8AA )
(       libmtguard.so[0xCBBCB000])[B0 B5       ]0x00003E20:	PUSH	{R4, R5, R7, LR}	;(SP=0x100FFFA8 R4=0x30043590 R5=0xCBBCFE51 R7=0x100FFFB8 LR=0xCBBCE8AF )
(       libmtguard.so[0xCBBCB000])[02 AF       ]0x00003E22:	ADD	R7, SP, #8	;(SP=0x100FFF98 )
(       libmtguard.so[0xCBBCB000])[01 FB 00 F5 ]0x00003E24:	MUL	R5, R1, R0	;(R1=0x0000000B R0=0x00000004 )
(       libmtguard.so[0xCBBCB000])[4D B1       ]0x00003E28:	CBZ	R5, #0XCBBCEE3E	;(R5=0x0000002C )
(       libmtguard.so[0xCBBCB000])[28 46       ]0x00003E2A:	MOV	R0, R5	;(R5=0x0000002C )
(       libmtguard.so[0xCBBCB000])[FE F7 C8 EB ]0x00003E2C:	BLX	#0XCBBCD5C0	;(PC=0xCBBCEE2C )
(       libmtguard.so[0xCBBCB000])[00 C6 8F E2 ]0x000025C0:	ADD	IP, PC, #0, #12	;(PC=0xCBBCD5C0 )
(       libmtguard.so[0xCBBCB000])[3D CA 8C E2 ]0x000025C4:	ADD	IP, IP, #0X3D000	;(IP=0xCBBCD5C8 )
(       libmtguard.so[0xCBBCB000])[04 F9 BC E5 ]0x000025C8:	LDR	PC, [IP, #0X904]!	;(IP=0xCBC0A5C8 )
(       libmtguard.so[0xCBBCB000])[04 46       ]0x00003E30:	MOV	R4, R0	;(R0=0x300435A8 )
(       libmtguard.so[0xCBBCB000])[24 B1       ]0x00003E32:	CBZ	R4, #0XCBBCEE3E	;(R4=0x300435A8 )
(       libmtguard.so[0xCBBCB000])[20 46       ]0x00003E34:	MOV	R0, R4	;(R4=0x300435A8 )
(       libmtguard.so[0xCBBCB000])[29 46       ]0x00003E36:	MOV	R1, R5	;(R5=0x0000002C )
(       libmtguard.so[0xCBBCB000])[FE F7 CE EB ]0x00003E38:	BLX	#0XCBBCD5D8	;(PC=0xCBBCEE38 )
(       libmtguard.so[0xCBBCB000])[00 C6 8F E2 ]0x000025D8:	ADD	IP, PC, #0, #12	;(PC=0xCBBCD5D8 )
(       libmtguard.so[0xCBBCB000])[3D CA 8C E2 ]0x000025DC:	ADD	IP, IP, #0X3D000	;(IP=0xCBBCD5E0 )
(       libmtguard.so[0xCBBCB000])[F4 F8 BC E5 ]0x000025E0:	LDR	PC, [IP, #0X8F4]!	;(IP=0xCBC0A5E0 )
(       libmtguard.so[0xCBBCB000])[00 E0       ]0x00003E3C:	B	#0XCBBCEE40
(       libmtguard.so[0xCBBCB000])[20 46       ]0x00003E40:	MOV	R0, R4	;(R4=0x300435A8 )
(       libmtguard.so[0xCBBCB000])[B0 BD       ]0x00003E42:	POP	{R4, R5, R7, PC}	;(SP=0x100FFF98 )
(       libmtguard.so[0xCBBCB000])[00 28       ]0x000038AE:	CMP	R0, #0	;(R0=0x300435A8 )
(       libmtguard.so[0xCBBCB000])[20 60       ]0x000038B0:	STR	R0, [R4]	;(R0=0x300435A8 R4=0x30043590 )
(       libmtguard.so[0xCBBCB000])[05 D1       ]0x000038B2:	BNE	#0XCBBCE8C0
(       libmtguard.so[0xCBBCB000])[20 46       ]0x000038C0:	MOV	R0, R4	;(R4=0x30043590 )
(       libmtguard.so[0xCBBCB000])[5D F8 04 BB ]0x000038C2:	LDR	FP, [SP], #4	;(SP=0x100FFFA8 )
(       libmtguard.so[0xCBBCB000])[F0 BD       ]0x000038C6:	POP	{R4, R5, R6, R7, PC}	;(SP=0x100FFFAC )
(       libmtguard.so[0xCBBCB000])[01 36       ]0x0000CE08:	ADDS	R6, #1	;(R6=0x0000004B )
(       libmtguard.so[0xCBBCB000])[60 60       ]0x0000CE0A:	STR	R0, [R4, #4]	;(R0=0x30043590 R4=0xCBC0D2EC )
(       libmtguard.so[0xCBBCB000])[B6 F5 7C 7F ]0x0000CE0C:	CMP.W	R6, #0X3F0	;(R6=0x0000004C )
(       libmtguard.so[0xCBBCB000])[F3 D1       ]0x0000CE10:	BNE	#0XCBBD7DFA
(       libmtguard.so[0xCBBCB000])[48 46       ]0x0000CDFA:	MOV	R0, SB	;(SB=0xCBBCFE51 )
(       libmtguard.so[0xCBBCB000])[45 F8 36 80 ]0x0000CDFC:	STR.W	R8, [R5, R6, LSL #3]	;(R8=0xFFFFFFFF R5=0xCBC0D094 R6=0x0000004C )
(       libmtguard.so[0xCBBCB000])[05 EB C6 04 ]0x0000CE00:	ADD.W	R4, R5, R6, LSL #3	;(R5=0xCBC0D094 R6=0x0000004C )
(       libmtguard.so[0xCBBCB000])[F6 F7 3A FD ]0x0000CE04:	BL	#0XCBBCE87C	;(PC=0xCBBD7E04 )
(       libmtguard.so[0xCBBCB000])[F0 B5       ]0x0000387C:	PUSH	{R4, R5, R6, R7, LR}	;(SP=0x100FFFC0 R4=0xCBC0D2F4 R5=0xCBC0D094 R6=0x0000004C R7=0x100FFFE0 LR=0xCBBD7E09 )
(       libmtguard.so[0xCBBCB000])[03 AF       ]0x0000387E:	ADD	R7, SP, #0XC	;(SP=0x100FFFAC )
(       libmtguard.so[0xCBBCB000])[4D F8 04 BD ]0x00003880:	STR	FP, [SP, #-0X4]!	;(FP=0xCBC0B1C4 SP=0x100FFFAC )
(       libmtguard.so[0xCBBCB000])[05 46       ]0x00003884:	MOV	R5, R0	;(R0=0xCBBCFE51 )
(       libmtguard.so[0xCBBCB000])[01 20       ]0x00003886:	MOVS	R0, #1
(       libmtguard.so[0xCBBCB000])[10 21       ]0x00003888:	MOVS	R1, #0X10
(       libmtguard.so[0xCBBCB000])[00 22       ]0x0000388A:	MOVS	R2, #0
(       libmtguard.so[0xCBBCB000])[00 23       ]0x0000388C:	MOVS	R3, #0
(       libmtguard.so[0xCBBCB000])[00 26       ]0x0000388E:	MOVS	R6, #0
(       libmtguard.so[0xCBBCB000])[00 F0 C6 FA ]0x00003890:	BL	#0XCBBCEE20	;(PC=0xCBBCE890 )
(       libmtguard.so[0xCBBCB000])[B0 B5       ]0x00003E20:	PUSH	{R4, R5, R7, LR}	;(SP=0x100FFFA8 R4=0xCBC0D2F4 R5=0xCBBCFE51 R7=0x100FFFB8 LR=0xCBBCE895 )
(       libmtguard.so[0xCBBCB000])[02 AF       ]0x00003E22:	ADD	R7, SP, #8	;(SP=0x100FFF98 )
(       libmtguard.so[0xCBBCB000])[01 FB 00 F5 ]0x00003E24:	MUL	R5, R1, R0	;(R1=0x00000010 R0=0x00000001 )
(       libmtguard.so[0xCBBCB000])[4D B1       ]0x00003E28:	CBZ	R5, #0XCBBCEE3E	;(R5=0x00000010 )
(       libmtguard.so[0xCBBCB000])[28 46       ]0x00003E2A:	MOV	R0, R5	;(R5=0x00000010 )
(       libmtguard.so[0xCBBCB000])[FE F7 C8 EB ]0x00003E2C:	BLX	#0XCBBCD5C0	;(PC=0xCBBCEE2C )
(       libmtguard.so[0xCBBCB000])[00 C6 8F E2 ]0x000025C0:	ADD	IP, PC, #0, #12	;(PC=0xCBBCD5C0 )
(       libmtguard.so[0xCBBCB000])[3D CA 8C E2 ]0x000025C4:	ADD	IP, IP, #0X3D000	;(IP=0xCBBCD5C8 )
(       libmtguard.so[0xCBBCB000])[04 F9 BC E5 ]0x000025C8:	LDR	PC, [IP, #0X904]!	;(IP=0xCBC0A5C8 )
(       libmtguard.so[0xCBBCB000])[04 46       ]0x00003E30:	MOV	R4, R0	;(R0=0x300435D8 )
(       libmtguard.so[0xCBBCB000])[24 B1       ]0x00003E32:	CBZ	R4, #0XCBBCEE3E	;(R4=0x300435D8 )
(       libmtguard.so[0xCBBCB000])[20 46       ]0x00003E34:	MOV	R0, R4	;(R4=0x300435D8 )
(       libmtguard.so[0xCBBCB000])[29 46       ]0x00003E36:	MOV	R1, R5	;(R5=0x00000010 )
(       libmtguard.so[0xCBBCB000])[FE F7 CE EB ]0x00003E38:	BLX	#0XCBBCD5D8	;(PC=0xCBBCEE38 )
(       libmtguard.so[0xCBBCB000])[00 C6 8F E2 ]0x000025D8:	ADD	IP, PC, #0, #12	;(PC=0xCBBCD5D8 )
(       libmtguard.so[0xCBBCB000])[3D CA 8C E2 ]0x000025DC:	ADD	IP, IP, #0X3D000	;(IP=0xCBBCD5E0 )
(       libmtguard.so[0xCBBCB000])[F4 F8 BC E5 ]0x000025E0:	LDR	PC, [IP, #0X8F4]!	;(IP=0xCBC0A5E0 )
(       libmtguard.so[0xCBBCB000])[00 E0       ]0x00003E3C:	B	#0XCBBCEE40
(       libmtguard.so[0xCBBCB000])[20 46       ]0x00003E40:	MOV	R0, R4	;(R4=0x300435D8 )
(       libmtguard.so[0xCBBCB000])[B0 BD       ]0x00003E42:	POP	{R4, R5, R7, PC}	;(SP=0x100FFF98 )
(       libmtguard.so[0xCBBCB000])[04 46       ]0x00003894:	MOV	R4, R0	;(R0=0x300435D8 )
(       libmtguard.so[0xCBBCB000])[94 B1       ]0x00003896:	CBZ	R4, #0XCBBCE8BE	;(R4=0x300435D8 )
(       libmtguard.so[0xCBBCB000])[0B 20       ]0x00003898:	MOVS	R0, #0XB
(       libmtguard.so[0xCBBCB000])[C4 E9 00 66 ]0x0000389A:	STRD	R6, R6, [R4]	;(R6=0x00000000 R4=0x300435D8 )
(       libmtguard.so[0xCBBCB000])[C4 E9 02 05 ]0x0000389E:	STRD	R0, R5, [R4, #8]	;(R0=0x0000000B R5=0xCBBCFE51 R4=0x300435D8 )
(       libmtguard.so[0xCBBCB000])[04 20       ]0x000038A2:	MOVS	R0, #4
(       libmtguard.so[0xCBBCB000])[0B 21       ]0x000038A4:	MOVS	R1, #0XB
(       libmtguard.so[0xCBBCB000])[00 22       ]0x000038A6:	MOVS	R2, #0
(       libmtguard.so[0xCBBCB000])[00 23       ]0x000038A8:	MOVS	R3, #0
(       libmtguard.so[0xCBBCB000])[00 F0 B9 FA ]0x000038AA:	BL	#0XCBBCEE20	;(PC=0xCBBCE8AA )
(       libmtguard.so[0xCBBCB000])[B0 B5       ]0x00003E20:	PUSH	{R4, R5, R7, LR}	;(SP=0x100FFFA8 R4=0x300435D8 R5=0xCBBCFE51 R7=0x100FFFB8 LR=0xCBBCE8AF )
(       libmtguard.so[0xCBBCB000])[02 AF       ]0x00003E22:	ADD	R7, SP, #8	;(SP=0x100FFF98 )
(       libmtguard.so[0xCBBCB000])[01 FB 00 F5 ]0x00003E24:	MUL	R5, R1, R0	;(R1=0x0000000B R0=0x00000004 )
(       libmtguard.so[0xCBBCB000])[4D B1       ]0x00003E28:	CBZ	R5, #0XCBBCEE3E	;(R5=0x0000002C )
(       libmtguard.so[0xCBBCB000])[28 46       ]0x00003E2A:	MOV	R0, R5	;(R5=0x0000002C )
(       libmtguard.so[0xCBBCB000])[FE F7 C8 EB ]0x00003E2C:	BLX	#0XCBBCD5C0	;(PC=0xCBBCEE2C )
(       libmtguard.so[0xCBBCB000])[00 C6 8F E2 ]0x000025C0:	ADD	IP, PC, #0, #12	;(PC=0xCBBCD5C0 )
(       libmtguard.so[0xCBBCB000])[3D CA 8C E2 ]0x000025C4:	ADD	IP, IP, #0X3D000	;(IP=0xCBBCD5C8 )
(       libmtguard.so[0xCBBCB000])[04 F9 BC E5 ]0x000025C8:	LDR	PC, [IP, #0X904]!	;(IP=0xCBC0A5C8 )
(       libmtguard.so[0xCBBCB000])[04 46       ]0x00003E30:	MOV	R4, R0	;(R0=0x300435F0 )
(       libmtguard.so[0xCBBCB000])[24 B1       ]0x00003E32:	CBZ	R4, #0XCBBCEE3E	;(R4=0x300435F0 )
(       libmtguard.so[0xCBBCB000])[20 46       ]0x00003E34:	MOV	R0, R4	;(R4=0x300435F0 )
(       libmtguard.so[0xCBBCB000])[29 46       ]0x00003E36:	MOV	R1, R5	;(R5=0x0000002C )
(       libmtguard.so[0xCBBCB000])[FE F7 CE EB ]0x00003E38:	BLX	#0XCBBCD5D8	;(PC=0xCBBCEE38 )
(       libmtguard.so[0xCBBCB000])[00 C6 8F E2 ]0x000025D8:	ADD	IP, PC, #0, #12	;(PC=0xCBBCD5D8 )
(       libmtguard.so[0xCBBCB000])[3D CA 8C E2 ]0x000025DC:	ADD	IP, IP, #0X3D000	;(IP=0xCBBCD5E0 )
(       libmtguard.so[0xCBBCB000])[F4 F8 BC E5 ]0x000025E0:	LDR	PC, [IP, #0X8F4]!	;(IP=0xCBC0A5E0 )
(       libmtguard.so[0xCBBCB000])[00 E0       ]0x00003E3C:	B	#0XCBBCEE40
(       libmtguard.so[0xCBBCB000])[20 46       ]0x00003E40:	MOV	R0, R4	;(R4=0x300435F0 )
(       libmtguard.so[0xCBBCB000])[B0 BD       ]0x00003E42:	POP	{R4, R5, R7, PC}	;(SP=0x100FFF98 )
(       libmtguard.so[0xCBBCB000])[00 28       ]0x000038AE:	CMP	R0, #0	;(R0=0x300435F0 )
(       libmtguard.so[0xCBBCB000])[20 60       ]0x000038B0:	STR	R0, [R4]	;(R0=0x300435F0 R4=0x300435D8 )
(       libmtguard.so[0xCBBCB000])[05 D1       ]0x000038B2:	BNE	#0XCBBCE8C0
(       libmtguard.so[0xCBBCB000])[20 46       ]0x000038C0:	MOV	R0, R4	;(R4=0x300435D8 )
(       libmtguard.so[0xCBBCB000])[5D F8 04 BB ]0x000038C2:	LDR	FP, [SP], #4	;(SP=0x100FFFA8 )
(       libmtguard.so[0xCBBCB000])[F0 BD       ]0x000038C6:	POP	{R4, R5, R6, R7, PC}	;(SP=0x100FFFAC )
(       libmtguard.so[0xCBBCB000])[01 36       ]0x0000CE08:	ADDS	R6, #1	;(R6=0x0000004C )
(       libmtguard.so[0xCBBCB000])[60 60       ]0x0000CE0A:	STR	R0, [R4, #4]	;(R0=0x300435D8 R4=0xCBC0D2F4 )
(       libmtguard.so[0xCBBCB000])[B6 F5 7C 7F ]0x0000CE0C:	CMP.W	R6, #0X3F0	;(R6=0x0000004D )
(       libmtguard.so[0xCBBCB000])[F3 D1       ]0x0000CE10:	BNE	#0XCBBD7DFA
(       libmtguard.so[0xCBBCB000])[48 46       ]0x0000CDFA:	MOV	R0, SB	;(SB=0xCBBCFE51 )
(       libmtguard.so[0xCBBCB000])[45 F8 36 80 ]0x0000CDFC:	STR.W	R8, [R5, R6, LSL #3]	;(R8=0xFFFFFFFF R5=0xCBC0D094 R6=0x0000004D )
(       libmtguard.so[0xCBBCB000])[05 EB C6 04 ]0x0000CE00:	ADD.W	R4, R5, R6, LSL #3	;(R5=0xCBC0D094 R6=0x0000004D )
(       libmtguard.so[0xCBBCB000])[F6 F7 3A FD ]0x0000CE04:	BL	#0XCBBCE87C	;(PC=0xCBBD7E04 )
(       libmtguard.so[0xCBBCB000])[F0 B5       ]0x0000387C:	PUSH	{R4, R5, R6, R7, LR}	;(SP=0x100FFFC0 R4=0xCBC0D2FC R5=0xCBC0D094 R6=0x0000004D R7=0x100FFFE0 LR=0xCBBD7E09 )
(       libmtguard.so[0xCBBCB000])[03 AF       ]0x0000387E:	ADD	R7, SP, #0XC	;(SP=0x100FFFAC )
(       libmtguard.so[0xCBBCB000])[4D F8 04 BD ]0x00003880:	STR	FP, [SP, #-0X4]!	;(FP=0xCBC0B1C4 SP=0x100FFFAC )
(       libmtguard.so[0xCBBCB000])[05 46       ]0x00003884:	MOV	R5, R0	;(R0=0xCBBCFE51 )
(       libmtguard.so[0xCBBCB000])[01 20       ]0x00003886:	MOVS	R0, #1
(       libmtguard.so[0xCBBCB000])[10 21       ]0x00003888:	MOVS	R1, #0X10
(       libmtguard.so[0xCBBCB000])[00 22       ]0x0000388A:	MOVS	R2, #0
(       libmtguard.so[0xCBBCB000])[00 23       ]0x0000388C:	MOVS	R3, #0
(       libmtguard.so[0xCBBCB000])[00 26       ]0x0000388E:	MOVS	R6, #0
(       libmtguard.so[0xCBBCB000])[00 F0 C6 FA ]0x00003890:	BL	#0XCBBCEE20	;(PC=0xCBBCE890 )
(       libmtguard.so[0xCBBCB000])[B0 B5       ]0x00003E20:	PUSH	{R4, R5, R7, LR}	;(SP=0x100FFFA8 R4=0xCBC0D2FC R5=0xCBBCFE51 R7=0x100FFFB8 LR=0xCBBCE895 )
(       libmtguard.so[0xCBBCB000])[02 AF       ]0x00003E22:	ADD	R7, SP, #8	;(SP=0x100FFF98 )
(       libmtguard.so[0xCBBCB000])[01 FB 00 F5 ]0x00003E24:	MUL	R5, R1, R0	;(R1=0x00000010 R0=0x00000001 )
(       libmtguard.so[0xCBBCB000])[4D B1       ]0x00003E28:	CBZ	R5, #0XCBBCEE3E	;(R5=0x00000010 )
(       libmtguard.so[0xCBBCB000])[28 46       ]0x00003E2A:	MOV	R0, R5	;(R5=0x00000010 )
(       libmtguard.so[0xCBBCB000])[FE F7 C8 EB ]0x00003E2C:	BLX	#0XCBBCD5C0	;(PC=0xCBBCEE2C )
(       libmtguard.so[0xCBBCB000])[00 C6 8F E2 ]0x000025C0:	ADD	IP, PC, #0, #12	;(PC=0xCBBCD5C0 )
(       libmtguard.so[0xCBBCB000])[3D CA 8C E2 ]0x000025C4:	ADD	IP, IP, #0X3D000	;(IP=0xCBBCD5C8 )
(       libmtguard.so[0xCBBCB000])[04 F9 BC E5 ]0x000025C8:	LDR	PC, [IP, #0X904]!	;(IP=0xCBC0A5C8 )
(       libmtguard.so[0xCBBCB000])[04 46       ]0x00003E30:	MOV	R4, R0	;(R0=0x30043620 )
(       libmtguard.so[0xCBBCB000])[24 B1       ]0x00003E32:	CBZ	R4, #0XCBBCEE3E	;(R4=0x30043620 )
(       libmtguard.so[0xCBBCB000])[20 46       ]0x00003E34:	MOV	R0, R4	;(R4=0x30043620 )
(       libmtguard.so[0xCBBCB000])[29 46       ]0x00003E36:	MOV	R1, R5	;(R5=0x00000010 )
(       libmtguard.so[0xCBBCB000])[FE F7 CE EB ]0x00003E38:	BLX	#0XCBBCD5D8	;(PC=0xCBBCEE38 )
(       libmtguard.so[0xCBBCB000])[00 C6 8F E2 ]0x000025D8:	ADD	IP, PC, #0, #12	;(PC=0xCBBCD5D8 )
(       libmtguard.so[0xCBBCB000])[3D CA 8C E2 ]0x000025DC:	ADD	IP, IP, #0X3D000	;(IP=0xCBBCD5E0 )
(       libmtguard.so[0xCBBCB000])[F4 F8 BC E5 ]0x000025E0:	LDR	PC, [IP, #0X8F4]!	;(IP=0xCBC0A5E0 )
(       libmtguard.so[0xCBBCB000])[00 E0       ]0x00003E3C:	B	#0XCBBCEE40
(       libmtguard.so[0xCBBCB000])[20 46       ]0x00003E40:	MOV	R0, R4	;(R4=0x30043620 )
(       libmtguard.so[0xCBBCB000])[B0 BD       ]0x00003E42:	POP	{R4, R5, R7, PC}	;(SP=0x100FFF98 )
(       libmtguard.so[0xCBBCB000])[04 46       ]0x00003894:	MOV	R4, R0	;(R0=0x30043620 )
(       libmtguard.so[0xCBBCB000])[94 B1       ]0x00003896:	CBZ	R4, #0XCBBCE8BE	;(R4=0x30043620 )
(       libmtguard.so[0xCBBCB000])[0B 20       ]0x00003898:	MOVS	R0, #0XB
(       libmtguard.so[0xCBBCB000])[C4 E9 00 66 ]0x0000389A:	STRD	R6, R6, [R4]	;(R6=0x00000000 R4=0x30043620 )
(       libmtguard.so[0xCBBCB000])[C4 E9 02 05 ]0x0000389E:	STRD	R0, R5, [R4, #8]	;(R0=0x0000000B R5=0xCBBCFE51 R4=0x30043620 )
(       libmtguard.so[0xCBBCB000])[04 20       ]0x000038A2:	MOVS	R0, #4
(       libmtguard.so[0xCBBCB000])[0B 21       ]0x000038A4:	MOVS	R1, #0XB
(       libmtguard.so[0xCBBCB000])[00 22       ]0x000038A6:	MOVS	R2, #0
(       libmtguard.so[0xCBBCB000])[00 23       ]0x000038A8:	MOVS	R3, #0
(       libmtguard.so[0xCBBCB000])[00 F0 B9 FA ]0x000038AA:	BL	#0XCBBCEE20	;(PC=0xCBBCE8AA )
(       libmtguard.so[0xCBBCB000])[B0 B5       ]0x00003E20:	PUSH	{R4, R5, R7, LR}	;(SP=0x100FFFA8 R4=0x30043620 R5=0xCBBCFE51 R7=0x100FFFB8 LR=0xCBBCE8AF )
(       libmtguard.so[0xCBBCB000])[02 AF       ]0x00003E22:	ADD	R7, SP, #8	;(SP=0x100FFF98 )
(       libmtguard.so[0xCBBCB000])[01 FB 00 F5 ]0x00003E24:	MUL	R5, R1, R0	;(R1=0x0000000B R0=0x00000004 )
(       libmtguard.so[0xCBBCB000])[4D B1       ]0x00003E28:	CBZ	R5, #0XCBBCEE3E	;(R5=0x0000002C )
(       libmtguard.so[0xCBBCB000])[28 46       ]0x00003E2A:	MOV	R0, R5	;(R5=0x0000002C )
(       libmtguard.so[0xCBBCB000])[FE F7 C8 EB ]0x00003E2C:	BLX	#0XCBBCD5C0	;(PC=0xCBBCEE2C )
(       libmtguard.so[0xCBBCB000])[00 C6 8F E2 ]0x000025C0:	ADD	IP, PC, #0, #12	;(PC=0xCBBCD5C0 )
(       libmtguard.so[0xCBBCB000])[3D CA 8C E2 ]0x000025C4:	ADD	IP, IP, #0X3D000	;(IP=0xCBBCD5C8 )
(       libmtguard.so[0xCBBCB000])[04 F9 BC E5 ]0x000025C8:	LDR	PC, [IP, #0X904]!	;(IP=0xCBC0A5C8 )
(       libmtguard.so[0xCBBCB000])[04 46       ]0x00003E30:	MOV	R4, R0	;(R0=0x30043638 )
(       libmtguard.so[0xCBBCB000])[24 B1       ]0x00003E32:	CBZ	R4, #0XCBBCEE3E	;(R4=0x30043638 )
(       libmtguard.so[0xCBBCB000])[20 46       ]0x00003E34:	MOV	R0, R4	;(R4=0x30043638 )
(       libmtguard.so[0xCBBCB000])[29 46       ]0x00003E36:	MOV	R1, R5	;(R5=0x0000002C )
(       libmtguard.so[0xCBBCB000])[FE F7 CE EB ]0x00003E38:	BLX	#0XCBBCD5D8	;(PC=0xCBBCEE38 )
(       libmtguard.so[0xCBBCB000])[00 C6 8F E2 ]0x000025D8:	ADD	IP, PC, #0, #12	;(PC=0xCBBCD5D8 )
(       libmtguard.so[0xCBBCB000])[3D CA 8C E2 ]0x000025DC:	ADD	IP, IP, #0X3D000	;(IP=0xCBBCD5E0 )
(       libmtguard.so[0xCBBCB000])[F4 F8 BC E5 ]0x000025E0:	LDR	PC, [IP, #0X8F4]!	;(IP=0xCBC0A5E0 )
(       libmtguard.so[0xCBBCB000])[00 E0       ]0x00003E3C:	B	#0XCBBCEE40
(       libmtguard.so[0xCBBCB000])[20 46       ]0x00003E40:	MOV	R0, R4	;(R4=0x30043638 )
(       libmtguard.so[0xCBBCB000])[B0 BD       ]0x00003E42:	POP	{R4, R5, R7, PC}	;(SP=0x100FFF98 )
(       libmtguard.so[0xCBBCB000])[00 28       ]0x000038AE:	CMP	R0, #0	;(R0=0x30043638 )
(       libmtguard.so[0xCBBCB000])[20 60       ]0x000038B0:	STR	R0, [R4]	;(R0=0x30043638 R4=0x30043620 )
(       libmtguard.so[0xCBBCB000])[05 D1       ]0x000038B2:	BNE	#0XCBBCE8C0
(       libmtguard.so[0xCBBCB000])[20 46       ]0x000038C0:	MOV	R0, R4	;(R4=0x30043620 )
(       libmtguard.so[0xCBBCB000])[5D F8 04 BB ]0x000038C2:	LDR	FP, [SP], #4	;(SP=0x100FFFA8 )
(       libmtguard.so[0xCBBCB000])[F0 BD       ]0x000038C6:	POP	{R4, R5, R6, R7, PC}	;(SP=0x100FFFAC )
(       libmtguard.so[0xCBBCB000])[01 36       ]0x0000CE08:	ADDS	R6, #1	;(R6=0x0000004D )
(       libmtguard.so[0xCBBCB000])[60 60       ]0x0000CE0A:	STR	R0, [R4, #4]	;(R0=0x30043620 R4=0xCBC0D2FC )
(       libmtguard.so[0xCBBCB000])[B6 F5 7C 7F ]0x0000CE0C:	CMP.W	R6, #0X3F0	;(R6=0x0000004E )
(       libmtguard.so[0xCBBCB000])[F3 D1       ]0x0000CE10:	BNE	#0XCBBD7DFA
(       libmtguard.so[0xCBBCB000])[48 46       ]0x0000CDFA:	MOV	R0, SB	;(SB=0xCBBCFE51 )
(       libmtguard.so[0xCBBCB000])[45 F8 36 80 ]0x0000CDFC:	STR.W	R8, [R5, R6, LSL #3]	;(R8=0xFFFFFFFF R5=0xCBC0D094 R6=0x0000004E )
(       libmtguard.so[0xCBBCB000])[05 EB C6 04 ]0x0000CE00:	ADD.W	R4, R5, R6, LSL #3	;(R5=0xCBC0D094 R6=0x0000004E )
(       libmtguard.so[0xCBBCB000])[F6 F7 3A FD ]0x0000CE04:	BL	#0XCBBCE87C	;(PC=0xCBBD7E04 )
(       libmtguard.so[0xCBBCB000])[F0 B5       ]0x0000387C:	PUSH	{R4, R5, R6, R7, LR}	;(SP=0x100FFFC0 R4=0xCBC0D304 R5=0xCBC0D094 R6=0x0000004E R7=0x100FFFE0 LR=0xCBBD7E09 )
(       libmtguard.so[0xCBBCB000])[03 AF       ]0x0000387E:	ADD	R7, SP, #0XC	;(SP=0x100FFFAC )
(       libmtguard.so[0xCBBCB000])[4D F8 04 BD ]0x00003880:	STR	FP, [SP, #-0X4]!	;(FP=0xCBC0B1C4 SP=0x100FFFAC )
(       libmtguard.so[0xCBBCB000])[05 46       ]0x00003884:	MOV	R5, R0	;(R0=0xCBBCFE51 )
(       libmtguard.so[0xCBBCB000])[01 20       ]0x00003886:	MOVS	R0, #1
(       libmtguard.so[0xCBBCB000])[10 21       ]0x00003888:	MOVS	R1, #0X10
(       libmtguard.so[0xCBBCB000])[00 22       ]0x0000388A:	MOVS	R2, #0
(       libmtguard.so[0xCBBCB000])[00 23       ]0x0000388C:	MOVS	R3, #0
(       libmtguard.so[0xCBBCB000])[00 26       ]0x0000388E:	MOVS	R6, #0
(       libmtguard.so[0xCBBCB000])[00 F0 C6 FA ]0x00003890:	BL	#0XCBBCEE20	;(PC=0xCBBCE890 )
(       libmtguard.so[0xCBBCB000])[B0 B5       ]0x00003E20:	PUSH	{R4, R5, R7, LR}	;(SP=0x100FFFA8 R4=0xCBC0D304 R5=0xCBBCFE51 R7=0x100FFFB8 LR=0xCBBCE895 )
(       libmtguard.so[0xCBBCB000])[02 AF       ]0x00003E22:	ADD	R7, SP, #8	;(SP=0x100FFF98 )
(       libmtguard.so[0xCBBCB000])[01 FB 00 F5 ]0x00003E24:	MUL	R5, R1, R0	;(R1=0x00000010 R0=0x00000001 )
(       libmtguard.so[0xCBBCB000])[4D B1       ]0x00003E28:	CBZ	R5, #0XCBBCEE3E	;(R5=0x00000010 )
(       libmtguard.so[0xCBBCB000])[28 46       ]0x00003E2A:	MOV	R0, R5	;(R5=0x00000010 )
(       libmtguard.so[0xCBBCB000])[FE F7 C8 EB ]0x00003E2C:	BLX	#0XCBBCD5C0	;(PC=0xCBBCEE2C )
(       libmtguard.so[0xCBBCB000])[00 C6 8F E2 ]0x000025C0:	ADD	IP, PC, #0, #12	;(PC=0xCBBCD5C0 )
(       libmtguard.so[0xCBBCB000])[3D CA 8C E2 ]0x000025C4:	ADD	IP, IP, #0X3D000	;(IP=0xCBBCD5C8 )
(       libmtguard.so[0xCBBCB000])[04 F9 BC E5 ]0x000025C8:	LDR	PC, [IP, #0X904]!	;(IP=0xCBC0A5C8 )
(       libmtguard.so[0xCBBCB000])[04 46       ]0x00003E30:	MOV	R4, R0	;(R0=0x30043668 )
(       libmtguard.so[0xCBBCB000])[24 B1       ]0x00003E32:	CBZ	R4, #0XCBBCEE3E	;(R4=0x30043668 )
(       libmtguard.so[0xCBBCB000])[20 46       ]0x00003E34:	MOV	R0, R4	;(R4=0x30043668 )
(       libmtguard.so[0xCBBCB000])[29 46       ]0x00003E36:	MOV	R1, R5	;(R5=0x00000010 )
(       libmtguard.so[0xCBBCB000])[FE F7 CE EB ]0x00003E38:	BLX	#0XCBBCD5D8	;(PC=0xCBBCEE38 )
(       libmtguard.so[0xCBBCB000])[00 C6 8F E2 ]0x000025D8:	ADD	IP, PC, #0, #12	;(PC=0xCBBCD5D8 )
(       libmtguard.so[0xCBBCB000])[3D CA 8C E2 ]0x000025DC:	ADD	IP, IP, #0X3D000	;(IP=0xCBBCD5E0 )
(       libmtguard.so[0xCBBCB000])[F4 F8 BC E5 ]0x000025E0:	LDR	PC, [IP, #0X8F4]!	;(IP=0xCBC0A5E0 )
(       libmtguard.so[0xCBBCB000])[00 E0       ]0x00003E3C:	B	#0XCBBCEE40
(       libmtguard.so[0xCBBCB000])[20 46       ]0x00003E40:	MOV	R0, R4	;(R4=0x30043668 )
(       libmtguard.so[0xCBBCB000])[B0 BD       ]0x00003E42:	POP	{R4, R5, R7, PC}	;(SP=0x100FFF98 )
(       libmtguard.so[0xCBBCB000])[04 46       ]0x00003894:	MOV	R4, R0	;(R0=0x30043668 )
(       libmtguard.so[0xCBBCB000])[94 B1       ]0x00003896:	CBZ	R4, #0XCBBCE8BE	;(R4=0x30043668 )
(       libmtguard.so[0xCBBCB000])[0B 20       ]0x00003898:	MOVS	R0, #0XB
(       libmtguard.so[0xCBBCB000])[C4 E9 00 66 ]0x0000389A:	STRD	R6, R6, [R4]	;(R6=0x00000000 R4=0x30043668 )
(       libmtguard.so[0xCBBCB000])[C4 E9 02 05 ]0x0000389E:	STRD	R0, R5, [R4, #8]	;(R0=0x0000000B R5=0xCBBCFE51 R4=0x30043668 )
(       libmtguard.so[0xCBBCB000])[04 20       ]0x000038A2:	MOVS	R0, #4
(       libmtguard.so[0xCBBCB000])[0B 21       ]0x000038A4:	MOVS	R1, #0XB
(       libmtguard.so[0xCBBCB000])[00 22       ]0x000038A6:	MOVS	R2, #0
(       libmtguard.so[0xCBBCB000])[00 23       ]0x000038A8:	MOVS	R3, #0
(       libmtguard.so[0xCBBCB000])[00 F0 B9 FA ]0x000038AA:	BL	#0XCBBCEE20	;(PC=0xCBBCE8AA )
(       libmtguard.so[0xCBBCB000])[B0 B5       ]0x00003E20:	PUSH	{R4, R5, R7, LR}	;(SP=0x100FFFA8 R4=0x30043668 R5=0xCBBCFE51 R7=0x100FFFB8 LR=0xCBBCE8AF )
(       libmtguard.so[0xCBBCB000])[02 AF       ]0x00003E22:	ADD	R7, SP, #8	;(SP=0x100FFF98 )
(       libmtguard.so[0xCBBCB000])[01 FB 00 F5 ]0x00003E24:	MUL	R5, R1, R0	;(R1=0x0000000B R0=0x00000004 )
(       libmtguard.so[0xCBBCB000])[4D B1       ]0x00003E28:	CBZ	R5, #0XCBBCEE3E	;(R5=0x0000002C )
(       libmtguard.so[0xCBBCB000])[28 46       ]0x00003E2A:	MOV	R0, R5	;(R5=0x0000002C )
(       libmtguard.so[0xCBBCB000])[FE F7 C8 EB ]0x00003E2C:	BLX	#0XCBBCD5C0	;(PC=0xCBBCEE2C )
(       libmtguard.so[0xCBBCB000])[00 C6 8F E2 ]0x000025C0:	ADD	IP, PC, #0, #12	;(PC=0xCBBCD5C0 )
(       libmtguard.so[0xCBBCB000])[3D CA 8C E2 ]0x000025C4:	ADD	IP, IP, #0X3D000	;(IP=0xCBBCD5C8 )
(       libmtguard.so[0xCBBCB000])[04 F9 BC E5 ]0x000025C8:	LDR	PC, [IP, #0X904]!	;(IP=0xCBC0A5C8 )
(       libmtguard.so[0xCBBCB000])[04 46       ]0x00003E30:	MOV	R4, R0	;(R0=0x30043680 )
(       libmtguard.so[0xCBBCB000])[24 B1       ]0x00003E32:	CBZ	R4, #0XCBBCEE3E	;(R4=0x30043680 )
(       libmtguard.so[0xCBBCB000])[20 46       ]0x00003E34:	MOV	R0, R4	;(R4=0x30043680 )
(       libmtguard.so[0xCBBCB000])[29 46       ]0x00003E36:	MOV	R1, R5	;(R5=0x0000002C )
(       libmtguard.so[0xCBBCB000])[FE F7 CE EB ]0x00003E38:	BLX	#0XCBBCD5D8	;(PC=0xCBBCEE38 )
(       libmtguard.so[0xCBBCB000])[00 C6 8F E2 ]0x000025D8:	ADD	IP, PC, #0, #12	;(PC=0xCBBCD5D8 )
(       libmtguard.so[0xCBBCB000])[3D CA 8C E2 ]0x000025DC:	ADD	IP, IP, #0X3D000	;(IP=0xCBBCD5E0 )
(       libmtguard.so[0xCBBCB000])[F4 F8 BC E5 ]0x000025E0:	LDR	PC, [IP, #0X8F4]!	;(IP=0xCBC0A5E0 )
(       libmtguard.so[0xCBBCB000])[00 E0       ]0x00003E3C:	B	#0XCBBCEE40
(       libmtguard.so[0xCBBCB000])[20 46       ]0x00003E40:	MOV	R0, R4	;(R4=0x30043680 )
(       libmtguard.so[0xCBBCB000])[B0 BD       ]0x00003E42:	POP	{R4, R5, R7, PC}	;(SP=0x100FFF98 )
(       libmtguard.so[0xCBBCB000])[00 28       ]0x000038AE:	CMP	R0, #0	;(R0=0x30043680 )
(       libmtguard.so[0xCBBCB000])[20 60       ]0x000038B0:	STR	R0, [R4]	;(R0=0x30043680 R4=0x30043668 )
(       libmtguard.so[0xCBBCB000])[05 D1       ]0x000038B2:	BNE	#0XCBBCE8C0
(       libmtguard.so[0xCBBCB000])[20 46       ]0x000038C0:	MOV	R0, R4	;(R4=0x30043668 )
(       libmtguard.so[0xCBBCB000])[5D F8 04 BB ]0x000038C2:	LDR	FP, [SP], #4	;(SP=0x100FFFA8 )
(       libmtguard.so[0xCBBCB000])[F0 BD       ]0x000038C6:	POP	{R4, R5, R6, R7, PC}	;(SP=0x100FFFAC )
(       libmtguard.so[0xCBBCB000])[01 36       ]0x0000CE08:	ADDS	R6, #1	;(R6=0x0000004E )
(       libmtguard.so[0xCBBCB000])[60 60       ]0x0000CE0A:	STR	R0, [R4, #4]	;(R0=0x30043668 R4=0xCBC0D304 )
(       libmtguard.so[0xCBBCB000])[B6 F5 7C 7F ]0x0000CE0C:	CMP.W	R6, #0X3F0	;(R6=0x0000004F )
(       libmtguard.so[0xCBBCB000])[F3 D1       ]0x0000CE10:	BNE	#0XCBBD7DFA
(       libmtguard.so[0xCBBCB000])[48 46       ]0x0000CDFA:	MOV	R0, SB	;(SB=0xCBBCFE51 )
(       libmtguard.so[0xCBBCB000])[45 F8 36 80 ]0x0000CDFC:	STR.W	R8, [R5, R6, LSL #3]	;(R8=0xFFFFFFFF R5=0xCBC0D094 R6=0x0000004F )
(       libmtguard.so[0xCBBCB000])[05 EB C6 04 ]0x0000CE00:	ADD.W	R4, R5, R6, LSL #3	;(R5=0xCBC0D094 R6=0x0000004F )
(       libmtguard.so[0xCBBCB000])[F6 F7 3A FD ]0x0000CE04:	BL	#0XCBBCE87C	;(PC=0xCBBD7E04 )
(       libmtguard.so[0xCBBCB000])[F0 B5       ]0x0000387C:	PUSH	{R4, R5, R6, R7, LR}	;(SP=0x100FFFC0 R4=0xCBC0D30C R5=0xCBC0D094 R6=0x0000004F R7=0x100FFFE0 LR=0xCBBD7E09 )
(       libmtguard.so[0xCBBCB000])[03 AF       ]0x0000387E:	ADD	R7, SP, #0XC	;(SP=0x100FFFAC )
(       libmtguard.so[0xCBBCB000])[4D F8 04 BD ]0x00003880:	STR	FP, [SP, #-0X4]!	;(FP=0xCBC0B1C4 SP=0x100FFFAC )
(       libmtguard.so[0xCBBCB000])[05 46       ]0x00003884:	MOV	R5, R0	;(R0=0xCBBCFE51 )
(       libmtguard.so[0xCBBCB000])[01 20       ]0x00003886:	MOVS	R0, #1
(       libmtguard.so[0xCBBCB000])[10 21       ]0x00003888:	MOVS	R1, #0X10
(       libmtguard.so[0xCBBCB000])[00 22       ]0x0000388A:	MOVS	R2, #0
(       libmtguard.so[0xCBBCB000])[00 23       ]0x0000388C:	MOVS	R3, #0
(       libmtguard.so[0xCBBCB000])[00 26       ]0x0000388E:	MOVS	R6, #0
(       libmtguard.so[0xCBBCB000])[00 F0 C6 FA ]0x00003890:	BL	#0XCBBCEE20	;(PC=0xCBBCE890 )
(       libmtguard.so[0xCBBCB000])[B0 B5       ]0x00003E20:	PUSH	{R4, R5, R7, LR}	;(SP=0x100FFFA8 R4=0xCBC0D30C R5=0xCBBCFE51 R7=0x100FFFB8 LR=0xCBBCE895 )
(       libmtguard.so[0xCBBCB000])[02 AF       ]0x00003E22:	ADD	R7, SP, #8	;(SP=0x100FFF98 )
(       libmtguard.so[0xCBBCB000])[01 FB 00 F5 ]0x00003E24:	MUL	R5, R1, R0	;(R1=0x00000010 R0=0x00000001 )
(       libmtguard.so[0xCBBCB000])[4D B1       ]0x00003E28:	CBZ	R5, #0XCBBCEE3E	;(R5=0x00000010 )
(       libmtguard.so[0xCBBCB000])[28 46       ]0x00003E2A:	MOV	R0, R5	;(R5=0x00000010 )
(       libmtguard.so[0xCBBCB000])[FE F7 C8 EB ]0x00003E2C:	BLX	#0XCBBCD5C0	;(PC=0xCBBCEE2C )
(       libmtguard.so[0xCBBCB000])[00 C6 8F E2 ]0x000025C0:	ADD	IP, PC, #0, #12	;(PC=0xCBBCD5C0 )
(       libmtguard.so[0xCBBCB000])[3D CA 8C E2 ]0x000025C4:	ADD	IP, IP, #0X3D000	;(IP=0xCBBCD5C8 )
(       libmtguard.so[0xCBBCB000])[04 F9 BC E5 ]0x000025C8:	LDR	PC, [IP, #0X904]!	;(IP=0xCBC0A5C8 )
(       libmtguard.so[0xCBBCB000])[04 46       ]0x00003E30:	MOV	R4, R0	;(R0=0x300436B0 )
(       libmtguard.so[0xCBBCB000])[24 B1       ]0x00003E32:	CBZ	R4, #0XCBBCEE3E	;(R4=0x300436B0 )
(       libmtguard.so[0xCBBCB000])[20 46       ]0x00003E34:	MOV	R0, R4	;(R4=0x300436B0 )
(       libmtguard.so[0xCBBCB000])[29 46       ]0x00003E36:	MOV	R1, R5	;(R5=0x00000010 )
(       libmtguard.so[0xCBBCB000])[FE F7 CE EB ]0x00003E38:	BLX	#0XCBBCD5D8	;(PC=0xCBBCEE38 )
(       libmtguard.so[0xCBBCB000])[00 C6 8F E2 ]0x000025D8:	ADD	IP, PC, #0, #12	;(PC=0xCBBCD5D8 )
(       libmtguard.so[0xCBBCB000])[3D CA 8C E2 ]0x000025DC:	ADD	IP, IP, #0X3D000	;(IP=0xCBBCD5E0 )
(       libmtguard.so[0xCBBCB000])[F4 F8 BC E5 ]0x000025E0:	LDR	PC, [IP, #0X8F4]!	;(IP=0xCBC0A5E0 )
(       libmtguard.so[0xCBBCB000])[00 E0       ]0x00003E3C:	B	#0XCBBCEE40
(       libmtguard.so[0xCBBCB000])[20 46       ]0x00003E40:	MOV	R0, R4	;(R4=0x300436B0 )
(       libmtguard.so[0xCBBCB000])[B0 BD       ]0x00003E42:	POP	{R4, R5, R7, PC}	;(SP=0x100FFF98 )
(       libmtguard.so[0xCBBCB000])[04 46       ]0x00003894:	MOV	R4, R0	;(R0=0x300436B0 )
(       libmtguard.so[0xCBBCB000])[94 B1       ]0x00003896:	CBZ	R4, #0XCBBCE8BE	;(R4=0x300436B0 )
(       libmtguard.so[0xCBBCB000])[0B 20       ]0x00003898:	MOVS	R0, #0XB
(       libmtguard.so[0xCBBCB000])[C4 E9 00 66 ]0x0000389A:	STRD	R6, R6, [R4]	;(R6=0x00000000 R4=0x300436B0 )
(       libmtguard.so[0xCBBCB000])[C4 E9 02 05 ]0x0000389E:	STRD	R0, R5, [R4, #8]	;(R0=0x0000000B R5=0xCBBCFE51 R4=0x300436B0 )
(       libmtguard.so[0xCBBCB000])[04 20       ]0x000038A2:	MOVS	R0, #4
(       libmtguard.so[0xCBBCB000])[0B 21       ]0x000038A4:	MOVS	R1, #0XB
(       libmtguard.so[0xCBBCB000])[00 22       ]0x000038A6:	MOVS	R2, #0
(       libmtguard.so[0xCBBCB000])[00 23       ]0x000038A8:	MOVS	R3, #0
(       libmtguard.so[0xCBBCB000])[00 F0 B9 FA ]0x000038AA:	BL	#0XCBBCEE20	;(PC=0xCBBCE8AA )
(       libmtguard.so[0xCBBCB000])[B0 B5       ]0x00003E20:	PUSH	{R4, R5, R7, LR}	;(SP=0x100FFFA8 R4=0x300436B0 R5=0xCBBCFE51 R7=0x100FFFB8 LR=0xCBBCE8AF )
(       libmtguard.so[0xCBBCB000])[02 AF       ]0x00003E22:	ADD	R7, SP, #8	;(SP=0x100FFF98 )
(       libmtguard.so[0xCBBCB000])[01 FB 00 F5 ]0x00003E24:	MUL	R5, R1, R0	;(R1=0x0000000B R0=0x00000004 )
(       libmtguard.so[0xCBBCB000])[4D B1       ]0x00003E28:	CBZ	R5, #0XCBBCEE3E	;(R5=0x0000002C )
(       libmtguard.so[0xCBBCB000])[28 46       ]0x00003E2A:	MOV	R0, R5	;(R5=0x0000002C )
(       libmtguard.so[0xCBBCB000])[FE F7 C8 EB ]0x00003E2C:	BLX	#0XCBBCD5C0	;(PC=0xCBBCEE2C )
(       libmtguard.so[0xCBBCB000])[00 C6 8F E2 ]0x000025C0:	ADD	IP, PC, #0, #12	;(PC=0xCBBCD5C0 )
(       libmtguard.so[0xCBBCB000])[3D CA 8C E2 ]0x000025C4:	ADD	IP, IP, #0X3D000	;(IP=0xCBBCD5C8 )
(       libmtguard.so[0xCBBCB000])[04 F9 BC E5 ]0x000025C8:	LDR	PC, [IP, #0X904]!	;(IP=0xCBC0A5C8 )
(       libmtguard.so[0xCBBCB000])[04 46       ]0x00003E30:	MOV	R4, R0	;(R0=0x300436C8 )
(       libmtguard.so[0xCBBCB000])[24 B1       ]0x00003E32:	CBZ	R4, #0XCBBCEE3E	;(R4=0x300436C8 )
(       libmtguard.so[0xCBBCB000])[20 46       ]0x00003E34:	MOV	R0, R4	;(R4=0x300436C8 )
(       libmtguard.so[0xCBBCB000])[29 46       ]0x00003E36:	MOV	R1, R5	;(R5=0x0000002C )
(       libmtguard.so[0xCBBCB000])[FE F7 CE EB ]0x00003E38:	BLX	#0XCBBCD5D8	;(PC=0xCBBCEE38 )
(       libmtguard.so[0xCBBCB000])[00 C6 8F E2 ]0x000025D8:	ADD	IP, PC, #0, #12	;(PC=0xCBBCD5D8 )
(       libmtguard.so[0xCBBCB000])[3D CA 8C E2 ]0x000025DC:	ADD	IP, IP, #0X3D000	;(IP=0xCBBCD5E0 )
(       libmtguard.so[0xCBBCB000])[F4 F8 BC E5 ]0x000025E0:	LDR	PC, [IP, #0X8F4]!	;(IP=0xCBC0A5E0 )
(       libmtguard.so[0xCBBCB000])[00 E0       ]0x00003E3C:	B	#0XCBBCEE40
(       libmtguard.so[0xCBBCB000])[20 46       ]0x00003E40:	MOV	R0, R4	;(R4=0x300436C8 )
(       libmtguard.so[0xCBBCB000])[B0 BD       ]0x00003E42:	POP	{R4, R5, R7, PC}	;(SP=0x100FFF98 )
(       libmtguard.so[0xCBBCB000])[00 28       ]0x000038AE:	CMP	R0, #0	;(R0=0x300436C8 )
(       libmtguard.so[0xCBBCB000])[20 60       ]0x000038B0:	STR	R0, [R4]	;(R0=0x300436C8 R4=0x300436B0 )
(       libmtguard.so[0xCBBCB000])[05 D1       ]0x000038B2:	BNE	#0XCBBCE8C0
(       libmtguard.so[0xCBBCB000])[20 46       ]0x000038C0:	MOV	R0, R4	;(R4=0x300436B0 )
(       libmtguard.so[0xCBBCB000])[5D F8 04 BB ]0x000038C2:	LDR	FP, [SP], #4	;(SP=0x100FFFA8 )
(       libmtguard.so[0xCBBCB000])[F0 BD       ]0x000038C6:	POP	{R4, R5, R6, R7, PC}	;(SP=0x100FFFAC )
(       libmtguard.so[0xCBBCB000])[01 36       ]0x0000CE08:	ADDS	R6, #1	;(R6=0x0000004F )
(       libmtguard.so[0xCBBCB000])[60 60       ]0x0000CE0A:	STR	R0, [R4, #4]	;(R0=0x300436B0 R4=0xCBC0D30C )
(       libmtguard.so[0xCBBCB000])[B6 F5 7C 7F ]0x0000CE0C:	CMP.W	R6, #0X3F0	;(R6=0x00000050 )
(       libmtguard.so[0xCBBCB000])[F3 D1       ]0x0000CE10:	BNE	#0XCBBD7DFA
(       libmtguard.so[0xCBBCB000])[48 46       ]0x0000CDFA:	MOV	R0, SB	;(SB=0xCBBCFE51 )
(       libmtguard.so[0xCBBCB000])[45 F8 36 80 ]0x0000CDFC:	STR.W	R8, [R5, R6, LSL #3]	;(R8=0xFFFFFFFF R5=0xCBC0D094 R6=0x00000050 )
(       libmtguard.so[0xCBBCB000])[05 EB C6 04 ]0x0000CE00:	ADD.W	R4, R5, R6, LSL #3	;(R5=0xCBC0D094 R6=0x00000050 )
(       libmtguard.so[0xCBBCB000])[F6 F7 3A FD ]0x0000CE04:	BL	#0XCBBCE87C	;(PC=0xCBBD7E04 )
(       libmtguard.so[0xCBBCB000])[F0 B5       ]0x0000387C:	PUSH	{R4, R5, R6, R7, LR}	;(SP=0x100FFFC0 R4=0xCBC0D314 R5=0xCBC0D094 R6=0x00000050 R7=0x100FFFE0 LR=0xCBBD7E09 )
(       libmtguard.so[0xCBBCB000])[03 AF       ]0x0000387E:	ADD	R7, SP, #0XC	;(SP=0x100FFFAC )
(       libmtguard.so[0xCBBCB000])[4D F8 04 BD ]0x00003880:	STR	FP, [SP, #-0X4]!	;(FP=0xCBC0B1C4 SP=0x100FFFAC )
(       libmtguard.so[0xCBBCB000])[05 46       ]0x00003884:	MOV	R5, R0	;(R0=0xCBBCFE51 )
(       libmtguard.so[0xCBBCB000])[01 20       ]0x00003886:	MOVS	R0, #1
(       libmtguard.so[0xCBBCB000])[10 21       ]0x00003888:	MOVS	R1, #0X10
(       libmtguard.so[0xCBBCB000])[00 22       ]0x0000388A:	MOVS	R2, #0
(       libmtguard.so[0xCBBCB000])[00 23       ]0x0000388C:	MOVS	R3, #0
(       libmtguard.so[0xCBBCB000])[00 26       ]0x0000388E:	MOVS	R6, #0
(       libmtguard.so[0xCBBCB000])[00 F0 C6 FA ]0x00003890:	BL	#0XCBBCEE20	;(PC=0xCBBCE890 )
(       libmtguard.so[0xCBBCB000])[B0 B5       ]0x00003E20:	PUSH	{R4, R5, R7, LR}	;(SP=0x100FFFA8 R4=0xCBC0D314 R5=0xCBBCFE51 R7=0x100FFFB8 LR=0xCBBCE895 )
(       libmtguard.so[0xCBBCB000])[02 AF       ]0x00003E22:	ADD	R7, SP, #8	;(SP=0x100FFF98 )
(       libmtguard.so[0xCBBCB000])[01 FB 00 F5 ]0x00003E24:	MUL	R5, R1, R0	;(R1=0x00000010 R0=0x00000001 )
(       libmtguard.so[0xCBBCB000])[4D B1       ]0x00003E28:	CBZ	R5, #0XCBBCEE3E	;(R5=0x00000010 )
(       libmtguard.so[0xCBBCB000])[28 46       ]0x00003E2A:	MOV	R0, R5	;(R5=0x00000010 )
(       libmtguard.so[0xCBBCB000])[FE F7 C8 EB ]0x00003E2C:	BLX	#0XCBBCD5C0	;(PC=0xCBBCEE2C )
(       libmtguard.so[0xCBBCB000])[00 C6 8F E2 ]0x000025C0:	ADD	IP, PC, #0, #12	;(PC=0xCBBCD5C0 )
(       libmtguard.so[0xCBBCB000])[3D CA 8C E2 ]0x000025C4:	ADD	IP, IP, #0X3D000	;(IP=0xCBBCD5C8 )
(       libmtguard.so[0xCBBCB000])[04 F9 BC E5 ]0x000025C8:	LDR	PC, [IP, #0X904]!	;(IP=0xCBC0A5C8 )
(       libmtguard.so[0xCBBCB000])[04 46       ]0x00003E30:	MOV	R4, R0	;(R0=0x300436F8 )
(       libmtguard.so[0xCBBCB000])[24 B1       ]0x00003E32:	CBZ	R4, #0XCBBCEE3E	;(R4=0x300436F8 )
(       libmtguard.so[0xCBBCB000])[20 46       ]0x00003E34:	MOV	R0, R4	;(R4=0x300436F8 )
(       libmtguard.so[0xCBBCB000])[29 46       ]0x00003E36:	MOV	R1, R5	;(R5=0x00000010 )
(       libmtguard.so[0xCBBCB000])[FE F7 CE EB ]0x00003E38:	BLX	#0XCBBCD5D8	;(PC=0xCBBCEE38 )
(       libmtguard.so[0xCBBCB000])[00 C6 8F E2 ]0x000025D8:	ADD	IP, PC, #0, #12	;(PC=0xCBBCD5D8 )
(       libmtguard.so[0xCBBCB000])[3D CA 8C E2 ]0x000025DC:	ADD	IP, IP, #0X3D000	;(IP=0xCBBCD5E0 )
(       libmtguard.so[0xCBBCB000])[F4 F8 BC E5 ]0x000025E0:	LDR	PC, [IP, #0X8F4]!	;(IP=0xCBC0A5E0 )
(       libmtguard.so[0xCBBCB000])[00 E0       ]0x00003E3C:	B	#0XCBBCEE40
(       libmtguard.so[0xCBBCB000])[20 46       ]0x00003E40:	MOV	R0, R4	;(R4=0x300436F8 )
(       libmtguard.so[0xCBBCB000])[B0 BD       ]0x00003E42:	POP	{R4, R5, R7, PC}	;(SP=0x100FFF98 )
(       libmtguard.so[0xCBBCB000])[04 46       ]0x00003894:	MOV	R4, R0	;(R0=0x300436F8 )
(       libmtguard.so[0xCBBCB000])[94 B1       ]0x00003896:	CBZ	R4, #0XCBBCE8BE	;(R4=0x300436F8 )
(       libmtguard.so[0xCBBCB000])[0B 20       ]0x00003898:	MOVS	R0, #0XB
(       libmtguard.so[0xCBBCB000])[C4 E9 00 66 ]0x0000389A:	STRD	R6, R6, [R4]	;(R6=0x00000000 R4=0x300436F8 )
(       libmtguard.so[0xCBBCB000])[C4 E9 02 05 ]0x0000389E:	STRD	R0, R5, [R4, #8]	;(R0=0x0000000B R5=0xCBBCFE51 R4=0x300436F8 )
(       libmtguard.so[0xCBBCB000])[04 20       ]0x000038A2:	MOVS	R0, #4
(       libmtguard.so[0xCBBCB000])[0B 21       ]0x000038A4:	MOVS	R1, #0XB
(       libmtguard.so[0xCBBCB000])[00 22       ]0x000038A6:	MOVS	R2, #0
(       libmtguard.so[0xCBBCB000])[00 23       ]0x000038A8:	MOVS	R3, #0
(       libmtguard.so[0xCBBCB000])[00 F0 B9 FA ]0x000038AA:	BL	#0XCBBCEE20	;(PC=0xCBBCE8AA )
(       libmtguard.so[0xCBBCB000])[B0 B5       ]0x00003E20:	PUSH	{R4, R5, R7, LR}	;(SP=0x100FFFA8 R4=0x300436F8 R5=0xCBBCFE51 R7=0x100FFFB8 LR=0xCBBCE8AF )
(       libmtguard.so[0xCBBCB000])[02 AF       ]0x00003E22:	ADD	R7, SP, #8	;(SP=0x100FFF98 )
(       libmtguard.so[0xCBBCB000])[01 FB 00 F5 ]0x00003E24:	MUL	R5, R1, R0	;(R1=0x0000000B R0=0x00000004 )
(       libmtguard.so[0xCBBCB000])[4D B1       ]0x00003E28:	CBZ	R5, #0XCBBCEE3E	;(R5=0x0000002C )
(       libmtguard.so[0xCBBCB000])[28 46       ]0x00003E2A:	MOV	R0, R5	;(R5=0x0000002C )
(       libmtguard.so[0xCBBCB000])[FE F7 C8 EB ]0x00003E2C:	BLX	#0XCBBCD5C0	;(PC=0xCBBCEE2C )
(       libmtguard.so[0xCBBCB000])[00 C6 8F E2 ]0x000025C0:	ADD	IP, PC, #0, #12	;(PC=0xCBBCD5C0 )
(       libmtguard.so[0xCBBCB000])[3D CA 8C E2 ]0x000025C4:	ADD	IP, IP, #0X3D000	;(IP=0xCBBCD5C8 )
(       libmtguard.so[0xCBBCB000])[04 F9 BC E5 ]0x000025C8:	LDR	PC, [IP, #0X904]!	;(IP=0xCBC0A5C8 )
(       libmtguard.so[0xCBBCB000])[04 46       ]0x00003E30:	MOV	R4, R0	;(R0=0x30043710 )
(       libmtguard.so[0xCBBCB000])[24 B1       ]0x00003E32:	CBZ	R4, #0XCBBCEE3E	;(R4=0x30043710 )
(       libmtguard.so[0xCBBCB000])[20 46       ]0x00003E34:	MOV	R0, R4	;(R4=0x30043710 )
(       libmtguard.so[0xCBBCB000])[29 46       ]0x00003E36:	MOV	R1, R5	;(R5=0x0000002C )
(       libmtguard.so[0xCBBCB000])[FE F7 CE EB ]0x00003E38:	BLX	#0XCBBCD5D8	;(PC=0xCBBCEE38 )
(       libmtguard.so[0xCBBCB000])[00 C6 8F E2 ]0x000025D8:	ADD	IP, PC, #0, #12	;(PC=0xCBBCD5D8 )
(       libmtguard.so[0xCBBCB000])[3D CA 8C E2 ]0x000025DC:	ADD	IP, IP, #0X3D000	;(IP=0xCBBCD5E0 )
(       libmtguard.so[0xCBBCB000])[F4 F8 BC E5 ]0x000025E0:	LDR	PC, [IP, #0X8F4]!	;(IP=0xCBC0A5E0 )
(       libmtguard.so[0xCBBCB000])[00 E0       ]0x00003E3C:	B	#0XCBBCEE40
(       libmtguard.so[0xCBBCB000])[20 46       ]0x00003E40:	MOV	R0, R4	;(R4=0x30043710 )
(       libmtguard.so[0xCBBCB000])[B0 BD       ]0x00003E42:	POP	{R4, R5, R7, PC}	;(SP=0x100FFF98 )
(       libmtguard.so[0xCBBCB000])[00 28       ]0x000038AE:	CMP	R0, #0	;(R0=0x30043710 )
(       libmtguard.so[0xCBBCB000])[20 60       ]0x000038B0:	STR	R0, [R4]	;(R0=0x30043710 R4=0x300436F8 )
(       libmtguard.so[0xCBBCB000])[05 D1       ]0x000038B2:	BNE	#0XCBBCE8C0
(       libmtguard.so[0xCBBCB000])[20 46       ]0x000038C0:	MOV	R0, R4	;(R4=0x300436F8 )
(       libmtguard.so[0xCBBCB000])[5D F8 04 BB ]0x000038C2:	LDR	FP, [SP], #4	;(SP=0x100FFFA8 )
(       libmtguard.so[0xCBBCB000])[F0 BD       ]0x000038C6:	POP	{R4, R5, R6, R7, PC}	;(SP=0x100FFFAC )
(       libmtguard.so[0xCBBCB000])[01 36       ]0x0000CE08:	ADDS	R6, #1	;(R6=0x00000050 )
(       libmtguard.so[0xCBBCB000])[60 60       ]0x0000CE0A:	STR	R0, [R4, #4]	;(R0=0x300436F8 R4=0xCBC0D314 )
(       libmtguard.so[0xCBBCB000])[B6 F5 7C 7F ]0x0000CE0C:	CMP.W	R6, #0X3F0	;(R6=0x00000051 )
(       libmtguard.so[0xCBBCB000])[F3 D1       ]0x0000CE10:	BNE	#0XCBBD7DFA
(       libmtguard.so[0xCBBCB000])[48 46       ]0x0000CDFA:	MOV	R0, SB	;(SB=0xCBBCFE51 )
(       libmtguard.so[0xCBBCB000])[45 F8 36 80 ]0x0000CDFC:	STR.W	R8, [R5, R6, LSL #3]	;(R8=0xFFFFFFFF R5=0xCBC0D094 R6=0x00000051 )
(       libmtguard.so[0xCBBCB000])[05 EB C6 04 ]0x0000CE00:	ADD.W	R4, R5, R6, LSL #3	;(R5=0xCBC0D094 R6=0x00000051 )
(       libmtguard.so[0xCBBCB000])[F6 F7 3A FD ]0x0000CE04:	BL	#0XCBBCE87C	;(PC=0xCBBD7E04 )
(       libmtguard.so[0xCBBCB000])[F0 B5       ]0x0000387C:	PUSH	{R4, R5, R6, R7, LR}	;(SP=0x100FFFC0 R4=0xCBC0D31C R5=0xCBC0D094 R6=0x00000051 R7=0x100FFFE0 LR=0xCBBD7E09 )
(       libmtguard.so[0xCBBCB000])[03 AF       ]0x0000387E:	ADD	R7, SP, #0XC	;(SP=0x100FFFAC )
(       libmtguard.so[0xCBBCB000])[4D F8 04 BD ]0x00003880:	STR	FP, [SP, #-0X4]!	;(FP=0xCBC0B1C4 SP=0x100FFFAC )
(       libmtguard.so[0xCBBCB000])[05 46       ]0x00003884:	MOV	R5, R0	;(R0=0xCBBCFE51 )
(       libmtguard.so[0xCBBCB000])[01 20       ]0x00003886:	MOVS	R0, #1
(       libmtguard.so[0xCBBCB000])[10 21       ]0x00003888:	MOVS	R1, #0X10
(       libmtguard.so[0xCBBCB000])[00 22       ]0x0000388A:	MOVS	R2, #0
(       libmtguard.so[0xCBBCB000])[00 23       ]0x0000388C:	MOVS	R3, #0
(       libmtguard.so[0xCBBCB000])[00 26       ]0x0000388E:	MOVS	R6, #0
(       libmtguard.so[0xCBBCB000])[00 F0 C6 FA ]0x00003890:	BL	#0XCBBCEE20	;(PC=0xCBBCE890 )
(       libmtguard.so[0xCBBCB000])[B0 B5       ]0x00003E20:	PUSH	{R4, R5, R7, LR}	;(SP=0x100FFFA8 R4=0xCBC0D31C R5=0xCBBCFE51 R7=0x100FFFB8 LR=0xCBBCE895 )
(       libmtguard.so[0xCBBCB000])[02 AF       ]0x00003E22:	ADD	R7, SP, #8	;(SP=0x100FFF98 )
(       libmtguard.so[0xCBBCB000])[01 FB 00 F5 ]0x00003E24:	MUL	R5, R1, R0	;(R1=0x00000010 R0=0x00000001 )
(       libmtguard.so[0xCBBCB000])[4D B1       ]0x00003E28:	CBZ	R5, #0XCBBCEE3E	;(R5=0x00000010 )
(       libmtguard.so[0xCBBCB000])[28 46       ]0x00003E2A:	MOV	R0, R5	;(R5=0x00000010 )
(       libmtguard.so[0xCBBCB000])[FE F7 C8 EB ]0x00003E2C:	BLX	#0XCBBCD5C0	;(PC=0xCBBCEE2C )
(       libmtguard.so[0xCBBCB000])[00 C6 8F E2 ]0x000025C0:	ADD	IP, PC, #0, #12	;(PC=0xCBBCD5C0 )
(       libmtguard.so[0xCBBCB000])[3D CA 8C E2 ]0x000025C4:	ADD	IP, IP, #0X3D000	;(IP=0xCBBCD5C8 )
(       libmtguard.so[0xCBBCB000])[04 F9 BC E5 ]0x000025C8:	LDR	PC, [IP, #0X904]!	;(IP=0xCBC0A5C8 )
(       libmtguard.so[0xCBBCB000])[04 46       ]0x00003E30:	MOV	R4, R0	;(R0=0x30043740 )
(       libmtguard.so[0xCBBCB000])[24 B1       ]0x00003E32:	CBZ	R4, #0XCBBCEE3E	;(R4=0x30043740 )
(       libmtguard.so[0xCBBCB000])[20 46       ]0x00003E34:	MOV	R0, R4	;(R4=0x30043740 )
(       libmtguard.so[0xCBBCB000])[29 46       ]0x00003E36:	MOV	R1, R5	;(R5=0x00000010 )
(       libmtguard.so[0xCBBCB000])[FE F7 CE EB ]0x00003E38:	BLX	#0XCBBCD5D8	;(PC=0xCBBCEE38 )
(       libmtguard.so[0xCBBCB000])[00 C6 8F E2 ]0x000025D8:	ADD	IP, PC, #0, #12	;(PC=0xCBBCD5D8 )
(       libmtguard.so[0xCBBCB000])[3D CA 8C E2 ]0x000025DC:	ADD	IP, IP, #0X3D000	;(IP=0xCBBCD5E0 )
(       libmtguard.so[0xCBBCB000])[F4 F8 BC E5 ]0x000025E0:	LDR	PC, [IP, #0X8F4]!	;(IP=0xCBC0A5E0 )
(       libmtguard.so[0xCBBCB000])[00 E0       ]0x00003E3C:	B	#0XCBBCEE40
(       libmtguard.so[0xCBBCB000])[20 46       ]0x00003E40:	MOV	R0, R4	;(R4=0x30043740 )
(       libmtguard.so[0xCBBCB000])[B0 BD       ]0x00003E42:	POP	{R4, R5, R7, PC}	;(SP=0x100FFF98 )
(       libmtguard.so[0xCBBCB000])[04 46       ]0x00003894:	MOV	R4, R0	;(R0=0x30043740 )
(       libmtguard.so[0xCBBCB000])[94 B1       ]0x00003896:	CBZ	R4, #0XCBBCE8BE	;(R4=0x30043740 )
(       libmtguard.so[0xCBBCB000])[0B 20       ]0x00003898:	MOVS	R0, #0XB
(       libmtguard.so[0xCBBCB000])[C4 E9 00 66 ]0x0000389A:	STRD	R6, R6, [R4]	;(R6=0x00000000 R4=0x30043740 )
(       libmtguard.so[0xCBBCB000])[C4 E9 02 05 ]0x0000389E:	STRD	R0, R5, [R4, #8]	;(R0=0x0000000B R5=0xCBBCFE51 R4=0x30043740 )
(       libmtguard.so[0xCBBCB000])[04 20       ]0x000038A2:	MOVS	R0, #4
(       libmtguard.so[0xCBBCB000])[0B 21       ]0x000038A4:	MOVS	R1, #0XB
(       libmtguard.so[0xCBBCB000])[00 22       ]0x000038A6:	MOVS	R2, #0
(       libmtguard.so[0xCBBCB000])[00 23       ]0x000038A8:	MOVS	R3, #0
(       libmtguard.so[0xCBBCB000])[00 F0 B9 FA ]0x000038AA:	BL	#0XCBBCEE20	;(PC=0xCBBCE8AA )
(       libmtguard.so[0xCBBCB000])[B0 B5       ]0x00003E20:	PUSH	{R4, R5, R7, LR}	;(SP=0x100FFFA8 R4=0x30043740 R5=0xCBBCFE51 R7=0x100FFFB8 LR=0xCBBCE8AF )
(       libmtguard.so[0xCBBCB000])[02 AF       ]0x00003E22:	ADD	R7, SP, #8	;(SP=0x100FFF98 )
(       libmtguard.so[0xCBBCB000])[01 FB 00 F5 ]0x00003E24:	MUL	R5, R1, R0	;(R1=0x0000000B R0=0x00000004 )
(       libmtguard.so[0xCBBCB000])[4D B1       ]0x00003E28:	CBZ	R5, #0XCBBCEE3E	;(R5=0x0000002C )
(       libmtguard.so[0xCBBCB000])[28 46       ]0x00003E2A:	MOV	R0, R5	;(R5=0x0000002C )
(       libmtguard.so[0xCBBCB000])[FE F7 C8 EB ]0x00003E2C:	BLX	#0XCBBCD5C0	;(PC=0xCBBCEE2C )
(       libmtguard.so[0xCBBCB000])[00 C6 8F E2 ]0x000025C0:	ADD	IP, PC, #0, #12	;(PC=0xCBBCD5C0 )
(       libmtguard.so[0xCBBCB000])[3D CA 8C E2 ]0x000025C4:	ADD	IP, IP, #0X3D000	;(IP=0xCBBCD5C8 )
(       libmtguard.so[0xCBBCB000])[04 F9 BC E5 ]0x000025C8:	LDR	PC, [IP, #0X904]!	;(IP=0xCBC0A5C8 )
(       libmtguard.so[0xCBBCB000])[04 46       ]0x00003E30:	MOV	R4, R0	;(R0=0x30043758 )
(       libmtguard.so[0xCBBCB000])[24 B1       ]0x00003E32:	CBZ	R4, #0XCBBCEE3E	;(R4=0x30043758 )
(       libmtguard.so[0xCBBCB000])[20 46       ]0x00003E34:	MOV	R0, R4	;(R4=0x30043758 )
(       libmtguard.so[0xCBBCB000])[29 46       ]0x00003E36:	MOV	R1, R5	;(R5=0x0000002C )
(       libmtguard.so[0xCBBCB000])[FE F7 CE EB ]0x00003E38:	BLX	#0XCBBCD5D8	;(PC=0xCBBCEE38 )
(       libmtguard.so[0xCBBCB000])[00 C6 8F E2 ]0x000025D8:	ADD	IP, PC, #0, #12	;(PC=0xCBBCD5D8 )
(       libmtguard.so[0xCBBCB000])[3D CA 8C E2 ]0x000025DC:	ADD	IP, IP, #0X3D000	;(IP=0xCBBCD5E0 )
(       libmtguard.so[0xCBBCB000])[F4 F8 BC E5 ]0x000025E0:	LDR	PC, [IP, #0X8F4]!	;(IP=0xCBC0A5E0 )
(       libmtguard.so[0xCBBCB000])[00 E0       ]0x00003E3C:	B	#0XCBBCEE40
(       libmtguard.so[0xCBBCB000])[20 46       ]0x00003E40:	MOV	R0, R4	;(R4=0x30043758 )
(       libmtguard.so[0xCBBCB000])[B0 BD       ]0x00003E42:	POP	{R4, R5, R7, PC}	;(SP=0x100FFF98 )
(       libmtguard.so[0xCBBCB000])[00 28       ]0x000038AE:	CMP	R0, #0	;(R0=0x30043758 )
(       libmtguard.so[0xCBBCB000])[20 60       ]0x000038B0:	STR	R0, [R4]	;(R0=0x30043758 R4=0x30043740 )
(       libmtguard.so[0xCBBCB000])[05 D1       ]0x000038B2:	BNE	#0XCBBCE8C0
(       libmtguard.so[0xCBBCB000])[20 46       ]0x000038C0:	MOV	R0, R4	;(R4=0x30043740 )
(       libmtguard.so[0xCBBCB000])[5D F8 04 BB ]0x000038C2:	LDR	FP, [SP], #4	;(SP=0x100FFFA8 )
(       libmtguard.so[0xCBBCB000])[F0 BD       ]0x000038C6:	POP	{R4, R5, R6, R7, PC}	;(SP=0x100FFFAC )
(       libmtguard.so[0xCBBCB000])[01 36       ]0x0000CE08:	ADDS	R6, #1	;(R6=0x00000051 )
(       libmtguard.so[0xCBBCB000])[60 60       ]0x0000CE0A:	STR	R0, [R4, #4]	;(R0=0x30043740 R4=0xCBC0D31C )
(       libmtguard.so[0xCBBCB000])[B6 F5 7C 7F ]0x0000CE0C:	CMP.W	R6, #0X3F0	;(R6=0x00000052 )
(       libmtguard.so[0xCBBCB000])[F3 D1       ]0x0000CE10:	BNE	#0XCBBD7DFA
(       libmtguard.so[0xCBBCB000])[48 46       ]0x0000CDFA:	MOV	R0, SB	;(SB=0xCBBCFE51 )
(       libmtguard.so[0xCBBCB000])[45 F8 36 80 ]0x0000CDFC:	STR.W	R8, [R5, R6, LSL #3]	;(R8=0xFFFFFFFF R5=0xCBC0D094 R6=0x00000052 )
(       libmtguard.so[0xCBBCB000])[05 EB C6 04 ]0x0000CE00:	ADD.W	R4, R5, R6, LSL #3	;(R5=0xCBC0D094 R6=0x00000052 )
(       libmtguard.so[0xCBBCB000])[F6 F7 3A FD ]0x0000CE04:	BL	#0XCBBCE87C	;(PC=0xCBBD7E04 )
(       libmtguard.so[0xCBBCB000])[F0 B5       ]0x0000387C:	PUSH	{R4, R5, R6, R7, LR}	;(SP=0x100FFFC0 R4=0xCBC0D324 R5=0xCBC0D094 R6=0x00000052 R7=0x100FFFE0 LR=0xCBBD7E09 )
(       libmtguard.so[0xCBBCB000])[03 AF       ]0x0000387E:	ADD	R7, SP, #0XC	;(SP=0x100FFFAC )
(       libmtguard.so[0xCBBCB000])[4D F8 04 BD ]0x00003880:	STR	FP, [SP, #-0X4]!	;(FP=0xCBC0B1C4 SP=0x100FFFAC )
(       libmtguard.so[0xCBBCB000])[05 46       ]0x00003884:	MOV	R5, R0	;(R0=0xCBBCFE51 )
(       libmtguard.so[0xCBBCB000])[01 20       ]0x00003886:	MOVS	R0, #1
(       libmtguard.so[0xCBBCB000])[10 21       ]0x00003888:	MOVS	R1, #0X10
(       libmtguard.so[0xCBBCB000])[00 22       ]0x0000388A:	MOVS	R2, #0
(       libmtguard.so[0xCBBCB000])[00 23       ]0x0000388C:	MOVS	R3, #0
(       libmtguard.so[0xCBBCB000])[00 26       ]0x0000388E:	MOVS	R6, #0
(       libmtguard.so[0xCBBCB000])[00 F0 C6 FA ]0x00003890:	BL	#0XCBBCEE20	;(PC=0xCBBCE890 )
(       libmtguard.so[0xCBBCB000])[B0 B5       ]0x00003E20:	PUSH	{R4, R5, R7, LR}	;(SP=0x100FFFA8 R4=0xCBC0D324 R5=0xCBBCFE51 R7=0x100FFFB8 LR=0xCBBCE895 )
(       libmtguard.so[0xCBBCB000])[02 AF       ]0x00003E22:	ADD	R7, SP, #8	;(SP=0x100FFF98 )
(       libmtguard.so[0xCBBCB000])[01 FB 00 F5 ]0x00003E24:	MUL	R5, R1, R0	;(R1=0x00000010 R0=0x00000001 )
(       libmtguard.so[0xCBBCB000])[4D B1       ]0x00003E28:	CBZ	R5, #0XCBBCEE3E	;(R5=0x00000010 )
(       libmtguard.so[0xCBBCB000])[28 46       ]0x00003E2A:	MOV	R0, R5	;(R5=0x00000010 )
(       libmtguard.so[0xCBBCB000])[FE F7 C8 EB ]0x00003E2C:	BLX	#0XCBBCD5C0	;(PC=0xCBBCEE2C )
(       libmtguard.so[0xCBBCB000])[00 C6 8F E2 ]0x000025C0:	ADD	IP, PC, #0, #12	;(PC=0xCBBCD5C0 )
(       libmtguard.so[0xCBBCB000])[3D CA 8C E2 ]0x000025C4:	ADD	IP, IP, #0X3D000	;(IP=0xCBBCD5C8 )
(       libmtguard.so[0xCBBCB000])[04 F9 BC E5 ]0x000025C8:	LDR	PC, [IP, #0X904]!	;(IP=0xCBC0A5C8 )
(       libmtguard.so[0xCBBCB000])[04 46       ]0x00003E30:	MOV	R4, R0	;(R0=0x30043788 )
(       libmtguard.so[0xCBBCB000])[24 B1       ]0x00003E32:	CBZ	R4, #0XCBBCEE3E	;(R4=0x30043788 )
(       libmtguard.so[0xCBBCB000])[20 46       ]0x00003E34:	MOV	R0, R4	;(R4=0x30043788 )
(       libmtguard.so[0xCBBCB000])[29 46       ]0x00003E36:	MOV	R1, R5	;(R5=0x00000010 )
(       libmtguard.so[0xCBBCB000])[FE F7 CE EB ]0x00003E38:	BLX	#0XCBBCD5D8	;(PC=0xCBBCEE38 )
(       libmtguard.so[0xCBBCB000])[00 C6 8F E2 ]0x000025D8:	ADD	IP, PC, #0, #12	;(PC=0xCBBCD5D8 )
(       libmtguard.so[0xCBBCB000])[3D CA 8C E2 ]0x000025DC:	ADD	IP, IP, #0X3D000	;(IP=0xCBBCD5E0 )
(       libmtguard.so[0xCBBCB000])[F4 F8 BC E5 ]0x000025E0:	LDR	PC, [IP, #0X8F4]!	;(IP=0xCBC0A5E0 )
(       libmtguard.so[0xCBBCB000])[00 E0       ]0x00003E3C:	B	#0XCBBCEE40
(       libmtguard.so[0xCBBCB000])[20 46       ]0x00003E40:	MOV	R0, R4	;(R4=0x30043788 )
(       libmtguard.so[0xCBBCB000])[B0 BD       ]0x00003E42:	POP	{R4, R5, R7, PC}	;(SP=0x100FFF98 )
(       libmtguard.so[0xCBBCB000])[04 46       ]0x00003894:	MOV	R4, R0	;(R0=0x30043788 )
(       libmtguard.so[0xCBBCB000])[94 B1       ]0x00003896:	CBZ	R4, #0XCBBCE8BE	;(R4=0x30043788 )
(       libmtguard.so[0xCBBCB000])[0B 20       ]0x00003898:	MOVS	R0, #0XB
(       libmtguard.so[0xCBBCB000])[C4 E9 00 66 ]0x0000389A:	STRD	R6, R6, [R4]	;(R6=0x00000000 R4=0x30043788 )
(       libmtguard.so[0xCBBCB000])[C4 E9 02 05 ]0x0000389E:	STRD	R0, R5, [R4, #8]	;(R0=0x0000000B R5=0xCBBCFE51 R4=0x30043788 )
(       libmtguard.so[0xCBBCB000])[04 20       ]0x000038A2:	MOVS	R0, #4
(       libmtguard.so[0xCBBCB000])[0B 21       ]0x000038A4:	MOVS	R1, #0XB
(       libmtguard.so[0xCBBCB000])[00 22       ]0x000038A6:	MOVS	R2, #0
(       libmtguard.so[0xCBBCB000])[00 23       ]0x000038A8:	MOVS	R3, #0
(       libmtguard.so[0xCBBCB000])[00 F0 B9 FA ]0x000038AA:	BL	#0XCBBCEE20	;(PC=0xCBBCE8AA )
(       libmtguard.so[0xCBBCB000])[B0 B5       ]0x00003E20:	PUSH	{R4, R5, R7, LR}	;(SP=0x100FFFA8 R4=0x30043788 R5=0xCBBCFE51 R7=0x100FFFB8 LR=0xCBBCE8AF )
(       libmtguard.so[0xCBBCB000])[02 AF       ]0x00003E22:	ADD	R7, SP, #8	;(SP=0x100FFF98 )
(       libmtguard.so[0xCBBCB000])[01 FB 00 F5 ]0x00003E24:	MUL	R5, R1, R0	;(R1=0x0000000B R0=0x00000004 )
(       libmtguard.so[0xCBBCB000])[4D B1       ]0x00003E28:	CBZ	R5, #0XCBBCEE3E	;(R5=0x0000002C )
(       libmtguard.so[0xCBBCB000])[28 46       ]0x00003E2A:	MOV	R0, R5	;(R5=0x0000002C )
(       libmtguard.so[0xCBBCB000])[FE F7 C8 EB ]0x00003E2C:	BLX	#0XCBBCD5C0	;(PC=0xCBBCEE2C )
(       libmtguard.so[0xCBBCB000])[00 C6 8F E2 ]0x000025C0:	ADD	IP, PC, #0, #12	;(PC=0xCBBCD5C0 )
(       libmtguard.so[0xCBBCB000])[3D CA 8C E2 ]0x000025C4:	ADD	IP, IP, #0X3D000	;(IP=0xCBBCD5C8 )
(       libmtguard.so[0xCBBCB000])[04 F9 BC E5 ]0x000025C8:	LDR	PC, [IP, #0X904]!	;(IP=0xCBC0A5C8 )
(       libmtguard.so[0xCBBCB000])[04 46       ]0x00003E30:	MOV	R4, R0	;(R0=0x300437A0 )
(       libmtguard.so[0xCBBCB000])[24 B1       ]0x00003E32:	CBZ	R4, #0XCBBCEE3E	;(R4=0x300437A0 )
(       libmtguard.so[0xCBBCB000])[20 46       ]0x00003E34:	MOV	R0, R4	;(R4=0x300437A0 )
(       libmtguard.so[0xCBBCB000])[29 46       ]0x00003E36:	MOV	R1, R5	;(R5=0x0000002C )
(       libmtguard.so[0xCBBCB000])[FE F7 CE EB ]0x00003E38:	BLX	#0XCBBCD5D8	;(PC=0xCBBCEE38 )
(       libmtguard.so[0xCBBCB000])[00 C6 8F E2 ]0x000025D8:	ADD	IP, PC, #0, #12	;(PC=0xCBBCD5D8 )
(       libmtguard.so[0xCBBCB000])[3D CA 8C E2 ]0x000025DC:	ADD	IP, IP, #0X3D000	;(IP=0xCBBCD5E0 )
(       libmtguard.so[0xCBBCB000])[F4 F8 BC E5 ]0x000025E0:	LDR	PC, [IP, #0X8F4]!	;(IP=0xCBC0A5E0 )
(       libmtguard.so[0xCBBCB000])[00 E0       ]0x00003E3C:	B	#0XCBBCEE40
(       libmtguard.so[0xCBBCB000])[20 46       ]0x00003E40:	MOV	R0, R4	;(R4=0x300437A0 )
(       libmtguard.so[0xCBBCB000])[B0 BD       ]0x00003E42:	POP	{R4, R5, R7, PC}	;(SP=0x100FFF98 )
(       libmtguard.so[0xCBBCB000])[00 28       ]0x000038AE:	CMP	R0, #0	;(R0=0x300437A0 )
(       libmtguard.so[0xCBBCB000])[20 60       ]0x000038B0:	STR	R0, [R4]	;(R0=0x300437A0 R4=0x30043788 )
(       libmtguard.so[0xCBBCB000])[05 D1       ]0x000038B2:	BNE	#0XCBBCE8C0
(       libmtguard.so[0xCBBCB000])[20 46       ]0x000038C0:	MOV	R0, R4	;(R4=0x30043788 )
(       libmtguard.so[0xCBBCB000])[5D F8 04 BB ]0x000038C2:	LDR	FP, [SP], #4	;(SP=0x100FFFA8 )
(       libmtguard.so[0xCBBCB000])[F0 BD       ]0x000038C6:	POP	{R4, R5, R6, R7, PC}	;(SP=0x100FFFAC )
(       libmtguard.so[0xCBBCB000])[01 36       ]0x0000CE08:	ADDS	R6, #1	;(R6=0x00000052 )
(       libmtguard.so[0xCBBCB000])[60 60       ]0x0000CE0A:	STR	R0, [R4, #4]	;(R0=0x30043788 R4=0xCBC0D324 )
(       libmtguard.so[0xCBBCB000])[B6 F5 7C 7F ]0x0000CE0C:	CMP.W	R6, #0X3F0	;(R6=0x00000053 )
(       libmtguard.so[0xCBBCB000])[F3 D1       ]0x0000CE10:	BNE	#0XCBBD7DFA
(       libmtguard.so[0xCBBCB000])[48 46       ]0x0000CDFA:	MOV	R0, SB	;(SB=0xCBBCFE51 )
(       libmtguard.so[0xCBBCB000])[45 F8 36 80 ]0x0000CDFC:	STR.W	R8, [R5, R6, LSL #3]	;(R8=0xFFFFFFFF R5=0xCBC0D094 R6=0x00000053 )
(       libmtguard.so[0xCBBCB000])[05 EB C6 04 ]0x0000CE00:	ADD.W	R4, R5, R6, LSL #3	;(R5=0xCBC0D094 R6=0x00000053 )
(       libmtguard.so[0xCBBCB000])[F6 F7 3A FD ]0x0000CE04:	BL	#0XCBBCE87C	;(PC=0xCBBD7E04 )
(       libmtguard.so[0xCBBCB000])[F0 B5       ]0x0000387C:	PUSH	{R4, R5, R6, R7, LR}	;(SP=0x100FFFC0 R4=0xCBC0D32C R5=0xCBC0D094 R6=0x00000053 R7=0x100FFFE0 LR=0xCBBD7E09 )
(       libmtguard.so[0xCBBCB000])[03 AF       ]0x0000387E:	ADD	R7, SP, #0XC	;(SP=0x100FFFAC )
(       libmtguard.so[0xCBBCB000])[4D F8 04 BD ]0x00003880:	STR	FP, [SP, #-0X4]!	;(FP=0xCBC0B1C4 SP=0x100FFFAC )
(       libmtguard.so[0xCBBCB000])[05 46       ]0x00003884:	MOV	R5, R0	;(R0=0xCBBCFE51 )
(       libmtguard.so[0xCBBCB000])[01 20       ]0x00003886:	MOVS	R0, #1
(       libmtguard.so[0xCBBCB000])[10 21       ]0x00003888:	MOVS	R1, #0X10
(       libmtguard.so[0xCBBCB000])[00 22       ]0x0000388A:	MOVS	R2, #0
(       libmtguard.so[0xCBBCB000])[00 23       ]0x0000388C:	MOVS	R3, #0
(       libmtguard.so[0xCBBCB000])[00 26       ]0x0000388E:	MOVS	R6, #0
(       libmtguard.so[0xCBBCB000])[00 F0 C6 FA ]0x00003890:	BL	#0XCBBCEE20	;(PC=0xCBBCE890 )
(       libmtguard.so[0xCBBCB000])[B0 B5       ]0x00003E20:	PUSH	{R4, R5, R7, LR}	;(SP=0x100FFFA8 R4=0xCBC0D32C R5=0xCBBCFE51 R7=0x100FFFB8 LR=0xCBBCE895 )
(       libmtguard.so[0xCBBCB000])[02 AF       ]0x00003E22:	ADD	R7, SP, #8	;(SP=0x100FFF98 )
(       libmtguard.so[0xCBBCB000])[01 FB 00 F5 ]0x00003E24:	MUL	R5, R1, R0	;(R1=0x00000010 R0=0x00000001 )
(       libmtguard.so[0xCBBCB000])[4D B1       ]0x00003E28:	CBZ	R5, #0XCBBCEE3E	;(R5=0x00000010 )
(       libmtguard.so[0xCBBCB000])[28 46       ]0x00003E2A:	MOV	R0, R5	;(R5=0x00000010 )
(       libmtguard.so[0xCBBCB000])[FE F7 C8 EB ]0x00003E2C:	BLX	#0XCBBCD5C0	;(PC=0xCBBCEE2C )
(       libmtguard.so[0xCBBCB000])[00 C6 8F E2 ]0x000025C0:	ADD	IP, PC, #0, #12	;(PC=0xCBBCD5C0 )
(       libmtguard.so[0xCBBCB000])[3D CA 8C E2 ]0x000025C4:	ADD	IP, IP, #0X3D000	;(IP=0xCBBCD5C8 )
(       libmtguard.so[0xCBBCB000])[04 F9 BC E5 ]0x000025C8:	LDR	PC, [IP, #0X904]!	;(IP=0xCBC0A5C8 )
(       libmtguard.so[0xCBBCB000])[04 46       ]0x00003E30:	MOV	R4, R0	;(R0=0x300437D0 )
(       libmtguard.so[0xCBBCB000])[24 B1       ]0x00003E32:	CBZ	R4, #0XCBBCEE3E	;(R4=0x300437D0 )
(       libmtguard.so[0xCBBCB000])[20 46       ]0x00003E34:	MOV	R0, R4	;(R4=0x300437D0 )
(       libmtguard.so[0xCBBCB000])[29 46       ]0x00003E36:	MOV	R1, R5	;(R5=0x00000010 )
(       libmtguard.so[0xCBBCB000])[FE F7 CE EB ]0x00003E38:	BLX	#0XCBBCD5D8	;(PC=0xCBBCEE38 )
(       libmtguard.so[0xCBBCB000])[00 C6 8F E2 ]0x000025D8:	ADD	IP, PC, #0, #12	;(PC=0xCBBCD5D8 )
(       libmtguard.so[0xCBBCB000])[3D CA 8C E2 ]0x000025DC:	ADD	IP, IP, #0X3D000	;(IP=0xCBBCD5E0 )
(       libmtguard.so[0xCBBCB000])[F4 F8 BC E5 ]0x000025E0:	LDR	PC, [IP, #0X8F4]!	;(IP=0xCBC0A5E0 )
(       libmtguard.so[0xCBBCB000])[00 E0       ]0x00003E3C:	B	#0XCBBCEE40
(       libmtguard.so[0xCBBCB000])[20 46       ]0x00003E40:	MOV	R0, R4	;(R4=0x300437D0 )
(       libmtguard.so[0xCBBCB000])[B0 BD       ]0x00003E42:	POP	{R4, R5, R7, PC}	;(SP=0x100FFF98 )
(       libmtguard.so[0xCBBCB000])[04 46       ]0x00003894:	MOV	R4, R0	;(R0=0x300437D0 )
(       libmtguard.so[0xCBBCB000])[94 B1       ]0x00003896:	CBZ	R4, #0XCBBCE8BE	;(R4=0x300437D0 )
(       libmtguard.so[0xCBBCB000])[0B 20       ]0x00003898:	MOVS	R0, #0XB
(       libmtguard.so[0xCBBCB000])[C4 E9 00 66 ]0x0000389A:	STRD	R6, R6, [R4]	;(R6=0x00000000 R4=0x300437D0 )
(       libmtguard.so[0xCBBCB000])[C4 E9 02 05 ]0x0000389E:	STRD	R0, R5, [R4, #8]	;(R0=0x0000000B R5=0xCBBCFE51 R4=0x300437D0 )
(       libmtguard.so[0xCBBCB000])[04 20       ]0x000038A2:	MOVS	R0, #4
(       libmtguard.so[0xCBBCB000])[0B 21       ]0x000038A4:	MOVS	R1, #0XB
(       libmtguard.so[0xCBBCB000])[00 22       ]0x000038A6:	MOVS	R2, #0
(       libmtguard.so[0xCBBCB000])[00 23       ]0x000038A8:	MOVS	R3, #0
(       libmtguard.so[0xCBBCB000])[00 F0 B9 FA ]0x000038AA:	BL	#0XCBBCEE20	;(PC=0xCBBCE8AA )
(       libmtguard.so[0xCBBCB000])[B0 B5       ]0x00003E20:	PUSH	{R4, R5, R7, LR}	;(SP=0x100FFFA8 R4=0x300437D0 R5=0xCBBCFE51 R7=0x100FFFB8 LR=0xCBBCE8AF )
(       libmtguard.so[0xCBBCB000])[02 AF       ]0x00003E22:	ADD	R7, SP, #8	;(SP=0x100FFF98 )
(       libmtguard.so[0xCBBCB000])[01 FB 00 F5 ]0x00003E24:	MUL	R5, R1, R0	;(R1=0x0000000B R0=0x00000004 )
(       libmtguard.so[0xCBBCB000])[4D B1       ]0x00003E28:	CBZ	R5, #0XCBBCEE3E	;(R5=0x0000002C )
(       libmtguard.so[0xCBBCB000])[28 46       ]0x00003E2A:	MOV	R0, R5	;(R5=0x0000002C )
(       libmtguard.so[0xCBBCB000])[FE F7 C8 EB ]0x00003E2C:	BLX	#0XCBBCD5C0	;(PC=0xCBBCEE2C )
(       libmtguard.so[0xCBBCB000])[00 C6 8F E2 ]0x000025C0:	ADD	IP, PC, #0, #12	;(PC=0xCBBCD5C0 )
(       libmtguard.so[0xCBBCB000])[3D CA 8C E2 ]0x000025C4:	ADD	IP, IP, #0X3D000	;(IP=0xCBBCD5C8 )
(       libmtguard.so[0xCBBCB000])[04 F9 BC E5 ]0x000025C8:	LDR	PC, [IP, #0X904]!	;(IP=0xCBC0A5C8 )
(       libmtguard.so[0xCBBCB000])[04 46       ]0x00003E30:	MOV	R4, R0	;(R0=0x300437E8 )
(       libmtguard.so[0xCBBCB000])[24 B1       ]0x00003E32:	CBZ	R4, #0XCBBCEE3E	;(R4=0x300437E8 )
(       libmtguard.so[0xCBBCB000])[20 46       ]0x00003E34:	MOV	R0, R4	;(R4=0x300437E8 )
(       libmtguard.so[0xCBBCB000])[29 46       ]0x00003E36:	MOV	R1, R5	;(R5=0x0000002C )
(       libmtguard.so[0xCBBCB000])[FE F7 CE EB ]0x00003E38:	BLX	#0XCBBCD5D8	;(PC=0xCBBCEE38 )
(       libmtguard.so[0xCBBCB000])[00 C6 8F E2 ]0x000025D8:	ADD	IP, PC, #0, #12	;(PC=0xCBBCD5D8 )
(       libmtguard.so[0xCBBCB000])[3D CA 8C E2 ]0x000025DC:	ADD	IP, IP, #0X3D000	;(IP=0xCBBCD5E0 )
(       libmtguard.so[0xCBBCB000])[F4 F8 BC E5 ]0x000025E0:	LDR	PC, [IP, #0X8F4]!	;(IP=0xCBC0A5E0 )
(       libmtguard.so[0xCBBCB000])[00 E0       ]0x00003E3C:	B	#0XCBBCEE40
(       libmtguard.so[0xCBBCB000])[20 46       ]0x00003E40:	MOV	R0, R4	;(R4=0x300437E8 )
(       libmtguard.so[0xCBBCB000])[B0 BD       ]0x00003E42:	POP	{R4, R5, R7, PC}	;(SP=0x100FFF98 )
(       libmtguard.so[0xCBBCB000])[00 28       ]0x000038AE:	CMP	R0, #0	;(R0=0x300437E8 )
(       libmtguard.so[0xCBBCB000])[20 60       ]0x000038B0:	STR	R0, [R4]	;(R0=0x300437E8 R4=0x300437D0 )
(       libmtguard.so[0xCBBCB000])[05 D1       ]0x000038B2:	BNE	#0XCBBCE8C0
(       libmtguard.so[0xCBBCB000])[20 46       ]0x000038C0:	MOV	R0, R4	;(R4=0x300437D0 )
(       libmtguard.so[0xCBBCB000])[5D F8 04 BB ]0x000038C2:	LDR	FP, [SP], #4	;(SP=0x100FFFA8 )
(       libmtguard.so[0xCBBCB000])[F0 BD       ]0x000038C6:	POP	{R4, R5, R6, R7, PC}	;(SP=0x100FFFAC )
(       libmtguard.so[0xCBBCB000])[01 36       ]0x0000CE08:	ADDS	R6, #1	;(R6=0x00000053 )
(       libmtguard.so[0xCBBCB000])[60 60       ]0x0000CE0A:	STR	R0, [R4, #4]	;(R0=0x300437D0 R4=0xCBC0D32C )
(       libmtguard.so[0xCBBCB000])[B6 F5 7C 7F ]0x0000CE0C:	CMP.W	R6, #0X3F0	;(R6=0x00000054 )
(       libmtguard.so[0xCBBCB000])[F3 D1       ]0x0000CE10:	BNE	#0XCBBD7DFA
(       libmtguard.so[0xCBBCB000])[48 46       ]0x0000CDFA:	MOV	R0, SB	;(SB=0xCBBCFE51 )
(       libmtguard.so[0xCBBCB000])[45 F8 36 80 ]0x0000CDFC:	STR.W	R8, [R5, R6, LSL #3]	;(R8=0xFFFFFFFF R5=0xCBC0D094 R6=0x00000054 )
(       libmtguard.so[0xCBBCB000])[05 EB C6 04 ]0x0000CE00:	ADD.W	R4, R5, R6, LSL #3	;(R5=0xCBC0D094 R6=0x00000054 )
(       libmtguard.so[0xCBBCB000])[F6 F7 3A FD ]0x0000CE04:	BL	#0XCBBCE87C	;(PC=0xCBBD7E04 )
(       libmtguard.so[0xCBBCB000])[F0 B5       ]0x0000387C:	PUSH	{R4, R5, R6, R7, LR}	;(SP=0x100FFFC0 R4=0xCBC0D334 R5=0xCBC0D094 R6=0x00000054 R7=0x100FFFE0 LR=0xCBBD7E09 )
(       libmtguard.so[0xCBBCB000])[03 AF       ]0x0000387E:	ADD	R7, SP, #0XC	;(SP=0x100FFFAC )
(       libmtguard.so[0xCBBCB000])[4D F8 04 BD ]0x00003880:	STR	FP, [SP, #-0X4]!	;(FP=0xCBC0B1C4 SP=0x100FFFAC )
(       libmtguard.so[0xCBBCB000])[05 46       ]0x00003884:	MOV	R5, R0	;(R0=0xCBBCFE51 )
(       libmtguard.so[0xCBBCB000])[01 20       ]0x00003886:	MOVS	R0, #1
(       libmtguard.so[0xCBBCB000])[10 21       ]0x00003888:	MOVS	R1, #0X10
(       libmtguard.so[0xCBBCB000])[00 22       ]0x0000388A:	MOVS	R2, #0
(       libmtguard.so[0xCBBCB000])[00 23       ]0x0000388C:	MOVS	R3, #0
(       libmtguard.so[0xCBBCB000])[00 26       ]0x0000388E:	MOVS	R6, #0
(       libmtguard.so[0xCBBCB000])[00 F0 C6 FA ]0x00003890:	BL	#0XCBBCEE20	;(PC=0xCBBCE890 )
(       libmtguard.so[0xCBBCB000])[B0 B5       ]0x00003E20:	PUSH	{R4, R5, R7, LR}	;(SP=0x100FFFA8 R4=0xCBC0D334 R5=0xCBBCFE51 R7=0x100FFFB8 LR=0xCBBCE895 )
(       libmtguard.so[0xCBBCB000])[02 AF       ]0x00003E22:	ADD	R7, SP, #8	;(SP=0x100FFF98 )
(       libmtguard.so[0xCBBCB000])[01 FB 00 F5 ]0x00003E24:	MUL	R5, R1, R0	;(R1=0x00000010 R0=0x00000001 )
(       libmtguard.so[0xCBBCB000])[4D B1       ]0x00003E28:	CBZ	R5, #0XCBBCEE3E	;(R5=0x00000010 )
(       libmtguard.so[0xCBBCB000])[28 46       ]0x00003E2A:	MOV	R0, R5	;(R5=0x00000010 )
(       libmtguard.so[0xCBBCB000])[FE F7 C8 EB ]0x00003E2C:	BLX	#0XCBBCD5C0	;(PC=0xCBBCEE2C )
(       libmtguard.so[0xCBBCB000])[00 C6 8F E2 ]0x000025C0:	ADD	IP, PC, #0, #12	;(PC=0xCBBCD5C0 )
(       libmtguard.so[0xCBBCB000])[3D CA 8C E2 ]0x000025C4:	ADD	IP, IP, #0X3D000	;(IP=0xCBBCD5C8 )
(       libmtguard.so[0xCBBCB000])[04 F9 BC E5 ]0x000025C8:	LDR	PC, [IP, #0X904]!	;(IP=0xCBC0A5C8 )
(       libmtguard.so[0xCBBCB000])[04 46       ]0x00003E30:	MOV	R4, R0	;(R0=0x30043818 )
(       libmtguard.so[0xCBBCB000])[24 B1       ]0x00003E32:	CBZ	R4, #0XCBBCEE3E	;(R4=0x30043818 )
(       libmtguard.so[0xCBBCB000])[20 46       ]0x00003E34:	MOV	R0, R4	;(R4=0x30043818 )
(       libmtguard.so[0xCBBCB000])[29 46       ]0x00003E36:	MOV	R1, R5	;(R5=0x00000010 )
(       libmtguard.so[0xCBBCB000])[FE F7 CE EB ]0x00003E38:	BLX	#0XCBBCD5D8	;(PC=0xCBBCEE38 )
(       libmtguard.so[0xCBBCB000])[00 C6 8F E2 ]0x000025D8:	ADD	IP, PC, #0, #12	;(PC=0xCBBCD5D8 )
(       libmtguard.so[0xCBBCB000])[3D CA 8C E2 ]0x000025DC:	ADD	IP, IP, #0X3D000	;(IP=0xCBBCD5E0 )
(       libmtguard.so[0xCBBCB000])[F4 F8 BC E5 ]0x000025E0:	LDR	PC, [IP, #0X8F4]!	;(IP=0xCBC0A5E0 )
(       libmtguard.so[0xCBBCB000])[00 E0       ]0x00003E3C:	B	#0XCBBCEE40
(       libmtguard.so[0xCBBCB000])[20 46       ]0x00003E40:	MOV	R0, R4	;(R4=0x30043818 )
(       libmtguard.so[0xCBBCB000])[B0 BD       ]0x00003E42:	POP	{R4, R5, R7, PC}	;(SP=0x100FFF98 )
(       libmtguard.so[0xCBBCB000])[04 46       ]0x00003894:	MOV	R4, R0	;(R0=0x30043818 )
(       libmtguard.so[0xCBBCB000])[94 B1       ]0x00003896:	CBZ	R4, #0XCBBCE8BE	;(R4=0x30043818 )
(       libmtguard.so[0xCBBCB000])[0B 20       ]0x00003898:	MOVS	R0, #0XB
(       libmtguard.so[0xCBBCB000])[C4 E9 00 66 ]0x0000389A:	STRD	R6, R6, [R4]	;(R6=0x00000000 R4=0x30043818 )
(       libmtguard.so[0xCBBCB000])[C4 E9 02 05 ]0x0000389E:	STRD	R0, R5, [R4, #8]	;(R0=0x0000000B R5=0xCBBCFE51 R4=0x30043818 )
(       libmtguard.so[0xCBBCB000])[04 20       ]0x000038A2:	MOVS	R0, #4
(       libmtguard.so[0xCBBCB000])[0B 21       ]0x000038A4:	MOVS	R1, #0XB
(       libmtguard.so[0xCBBCB000])[00 22       ]0x000038A6:	MOVS	R2, #0
(       libmtguard.so[0xCBBCB000])[00 23       ]0x000038A8:	MOVS	R3, #0
(       libmtguard.so[0xCBBCB000])[00 F0 B9 FA ]0x000038AA:	BL	#0XCBBCEE20	;(PC=0xCBBCE8AA )
(       libmtguard.so[0xCBBCB000])[B0 B5       ]0x00003E20:	PUSH	{R4, R5, R7, LR}	;(SP=0x100FFFA8 R4=0x30043818 R5=0xCBBCFE51 R7=0x100FFFB8 LR=0xCBBCE8AF )
(       libmtguard.so[0xCBBCB000])[02 AF       ]0x00003E22:	ADD	R7, SP, #8	;(SP=0x100FFF98 )
(       libmtguard.so[0xCBBCB000])[01 FB 00 F5 ]0x00003E24:	MUL	R5, R1, R0	;(R1=0x0000000B R0=0x00000004 )
(       libmtguard.so[0xCBBCB000])[4D B1       ]0x00003E28:	CBZ	R5, #0XCBBCEE3E	;(R5=0x0000002C )
(       libmtguard.so[0xCBBCB000])[28 46       ]0x00003E2A:	MOV	R0, R5	;(R5=0x0000002C )
(       libmtguard.so[0xCBBCB000])[FE F7 C8 EB ]0x00003E2C:	BLX	#0XCBBCD5C0	;(PC=0xCBBCEE2C )
(       libmtguard.so[0xCBBCB000])[00 C6 8F E2 ]0x000025C0:	ADD	IP, PC, #0, #12	;(PC=0xCBBCD5C0 )
(       libmtguard.so[0xCBBCB000])[3D CA 8C E2 ]0x000025C4:	ADD	IP, IP, #0X3D000	;(IP=0xCBBCD5C8 )
(       libmtguard.so[0xCBBCB000])[04 F9 BC E5 ]0x000025C8:	LDR	PC, [IP, #0X904]!	;(IP=0xCBC0A5C8 )
(       libmtguard.so[0xCBBCB000])[04 46       ]0x00003E30:	MOV	R4, R0	;(R0=0x30043830 )
(       libmtguard.so[0xCBBCB000])[24 B1       ]0x00003E32:	CBZ	R4, #0XCBBCEE3E	;(R4=0x30043830 )
(       libmtguard.so[0xCBBCB000])[20 46       ]0x00003E34:	MOV	R0, R4	;(R4=0x30043830 )
(       libmtguard.so[0xCBBCB000])[29 46       ]0x00003E36:	MOV	R1, R5	;(R5=0x0000002C )
(       libmtguard.so[0xCBBCB000])[FE F7 CE EB ]0x00003E38:	BLX	#0XCBBCD5D8	;(PC=0xCBBCEE38 )
(       libmtguard.so[0xCBBCB000])[00 C6 8F E2 ]0x000025D8:	ADD	IP, PC, #0, #12	;(PC=0xCBBCD5D8 )
(       libmtguard.so[0xCBBCB000])[3D CA 8C E2 ]0x000025DC:	ADD	IP, IP, #0X3D000	;(IP=0xCBBCD5E0 )
(       libmtguard.so[0xCBBCB000])[F4 F8 BC E5 ]0x000025E0:	LDR	PC, [IP, #0X8F4]!	;(IP=0xCBC0A5E0 )
(       libmtguard.so[0xCBBCB000])[00 E0       ]0x00003E3C:	B	#0XCBBCEE40
(       libmtguard.so[0xCBBCB000])[20 46       ]0x00003E40:	MOV	R0, R4	;(R4=0x30043830 )
(       libmtguard.so[0xCBBCB000])[B0 BD       ]0x00003E42:	POP	{R4, R5, R7, PC}	;(SP=0x100FFF98 )
(       libmtguard.so[0xCBBCB000])[00 28       ]0x000038AE:	CMP	R0, #0	;(R0=0x30043830 )
(       libmtguard.so[0xCBBCB000])[20 60       ]0x000038B0:	STR	R0, [R4]	;(R0=0x30043830 R4=0x30043818 )
(       libmtguard.so[0xCBBCB000])[05 D1       ]0x000038B2:	BNE	#0XCBBCE8C0
(       libmtguard.so[0xCBBCB000])[20 46       ]0x000038C0:	MOV	R0, R4	;(R4=0x30043818 )
(       libmtguard.so[0xCBBCB000])[5D F8 04 BB ]0x000038C2:	LDR	FP, [SP], #4	;(SP=0x100FFFA8 )
(       libmtguard.so[0xCBBCB000])[F0 BD       ]0x000038C6:	POP	{R4, R5, R6, R7, PC}	;(SP=0x100FFFAC )
(       libmtguard.so[0xCBBCB000])[01 36       ]0x0000CE08:	ADDS	R6, #1	;(R6=0x00000054 )
(       libmtguard.so[0xCBBCB000])[60 60       ]0x0000CE0A:	STR	R0, [R4, #4]	;(R0=0x30043818 R4=0xCBC0D334 )
(       libmtguard.so[0xCBBCB000])[B6 F5 7C 7F ]0x0000CE0C:	CMP.W	R6, #0X3F0	;(R6=0x00000055 )
(       libmtguard.so[0xCBBCB000])[F3 D1       ]0x0000CE10:	BNE	#0XCBBD7DFA
(       libmtguard.so[0xCBBCB000])[48 46       ]0x0000CDFA:	MOV	R0, SB	;(SB=0xCBBCFE51 )
(       libmtguard.so[0xCBBCB000])[45 F8 36 80 ]0x0000CDFC:	STR.W	R8, [R5, R6, LSL #3]	;(R8=0xFFFFFFFF R5=0xCBC0D094 R6=0x00000055 )
(       libmtguard.so[0xCBBCB000])[05 EB C6 04 ]0x0000CE00:	ADD.W	R4, R5, R6, LSL #3	;(R5=0xCBC0D094 R6=0x00000055 )
(       libmtguard.so[0xCBBCB000])[F6 F7 3A FD ]0x0000CE04:	BL	#0XCBBCE87C	;(PC=0xCBBD7E04 )
(       libmtguard.so[0xCBBCB000])[F0 B5       ]0x0000387C:	PUSH	{R4, R5, R6, R7, LR}	;(SP=0x100FFFC0 R4=0xCBC0D33C R5=0xCBC0D094 R6=0x00000055 R7=0x100FFFE0 LR=0xCBBD7E09 )
(       libmtguard.so[0xCBBCB000])[03 AF       ]0x0000387E:	ADD	R7, SP, #0XC	;(SP=0x100FFFAC )
(       libmtguard.so[0xCBBCB000])[4D F8 04 BD ]0x00003880:	STR	FP, [SP, #-0X4]!	;(FP=0xCBC0B1C4 SP=0x100FFFAC )
(       libmtguard.so[0xCBBCB000])[05 46       ]0x00003884:	MOV	R5, R0	;(R0=0xCBBCFE51 )
(       libmtguard.so[0xCBBCB000])[01 20       ]0x00003886:	MOVS	R0, #1
(       libmtguard.so[0xCBBCB000])[10 21       ]0x00003888:	MOVS	R1, #0X10
(       libmtguard.so[0xCBBCB000])[00 22       ]0x0000388A:	MOVS	R2, #0
(       libmtguard.so[0xCBBCB000])[00 23       ]0x0000388C:	MOVS	R3, #0
(       libmtguard.so[0xCBBCB000])[00 26       ]0x0000388E:	MOVS	R6, #0
(       libmtguard.so[0xCBBCB000])[00 F0 C6 FA ]0x00003890:	BL	#0XCBBCEE20	;(PC=0xCBBCE890 )
(       libmtguard.so[0xCBBCB000])[B0 B5       ]0x00003E20:	PUSH	{R4, R5, R7, LR}	;(SP=0x100FFFA8 R4=0xCBC0D33C R5=0xCBBCFE51 R7=0x100FFFB8 LR=0xCBBCE895 )
(       libmtguard.so[0xCBBCB000])[02 AF       ]0x00003E22:	ADD	R7, SP, #8	;(SP=0x100FFF98 )
(       libmtguard.so[0xCBBCB000])[01 FB 00 F5 ]0x00003E24:	MUL	R5, R1, R0	;(R1=0x00000010 R0=0x00000001 )
(       libmtguard.so[0xCBBCB000])[4D B1       ]0x00003E28:	CBZ	R5, #0XCBBCEE3E	;(R5=0x00000010 )
(       libmtguard.so[0xCBBCB000])[28 46       ]0x00003E2A:	MOV	R0, R5	;(R5=0x00000010 )
(       libmtguard.so[0xCBBCB000])[FE F7 C8 EB ]0x00003E2C:	BLX	#0XCBBCD5C0	;(PC=0xCBBCEE2C )
(       libmtguard.so[0xCBBCB000])[00 C6 8F E2 ]0x000025C0:	ADD	IP, PC, #0, #12	;(PC=0xCBBCD5C0 )
(       libmtguard.so[0xCBBCB000])[3D CA 8C E2 ]0x000025C4:	ADD	IP, IP, #0X3D000	;(IP=0xCBBCD5C8 )
(       libmtguard.so[0xCBBCB000])[04 F9 BC E5 ]0x000025C8:	LDR	PC, [IP, #0X904]!	;(IP=0xCBC0A5C8 )
(       libmtguard.so[0xCBBCB000])[04 46       ]0x00003E30:	MOV	R4, R0	;(R0=0x30043860 )
(       libmtguard.so[0xCBBCB000])[24 B1       ]0x00003E32:	CBZ	R4, #0XCBBCEE3E	;(R4=0x30043860 )
(       libmtguard.so[0xCBBCB000])[20 46       ]0x00003E34:	MOV	R0, R4	;(R4=0x30043860 )
(       libmtguard.so[0xCBBCB000])[29 46       ]0x00003E36:	MOV	R1, R5	;(R5=0x00000010 )
(       libmtguard.so[0xCBBCB000])[FE F7 CE EB ]0x00003E38:	BLX	#0XCBBCD5D8	;(PC=0xCBBCEE38 )
(       libmtguard.so[0xCBBCB000])[00 C6 8F E2 ]0x000025D8:	ADD	IP, PC, #0, #12	;(PC=0xCBBCD5D8 )
(       libmtguard.so[0xCBBCB000])[3D CA 8C E2 ]0x000025DC:	ADD	IP, IP, #0X3D000	;(IP=0xCBBCD5E0 )
(       libmtguard.so[0xCBBCB000])[F4 F8 BC E5 ]0x000025E0:	LDR	PC, [IP, #0X8F4]!	;(IP=0xCBC0A5E0 )
(       libmtguard.so[0xCBBCB000])[00 E0       ]0x00003E3C:	B	#0XCBBCEE40
(       libmtguard.so[0xCBBCB000])[20 46       ]0x00003E40:	MOV	R0, R4	;(R4=0x30043860 )
(       libmtguard.so[0xCBBCB000])[B0 BD       ]0x00003E42:	POP	{R4, R5, R7, PC}	;(SP=0x100FFF98 )
(       libmtguard.so[0xCBBCB000])[04 46       ]0x00003894:	MOV	R4, R0	;(R0=0x30043860 )
(       libmtguard.so[0xCBBCB000])[94 B1       ]0x00003896:	CBZ	R4, #0XCBBCE8BE	;(R4=0x30043860 )
(       libmtguard.so[0xCBBCB000])[0B 20       ]0x00003898:	MOVS	R0, #0XB
(       libmtguard.so[0xCBBCB000])[C4 E9 00 66 ]0x0000389A:	STRD	R6, R6, [R4]	;(R6=0x00000000 R4=0x30043860 )
(       libmtguard.so[0xCBBCB000])[C4 E9 02 05 ]0x0000389E:	STRD	R0, R5, [R4, #8]	;(R0=0x0000000B R5=0xCBBCFE51 R4=0x30043860 )
(       libmtguard.so[0xCBBCB000])[04 20       ]0x000038A2:	MOVS	R0, #4
(       libmtguard.so[0xCBBCB000])[0B 21       ]0x000038A4:	MOVS	R1, #0XB
(       libmtguard.so[0xCBBCB000])[00 22       ]0x000038A6:	MOVS	R2, #0
(       libmtguard.so[0xCBBCB000])[00 23       ]0x000038A8:	MOVS	R3, #0
(       libmtguard.so[0xCBBCB000])[00 F0 B9 FA ]0x000038AA:	BL	#0XCBBCEE20	;(PC=0xCBBCE8AA )
(       libmtguard.so[0xCBBCB000])[B0 B5       ]0x00003E20:	PUSH	{R4, R5, R7, LR}	;(SP=0x100FFFA8 R4=0x30043860 R5=0xCBBCFE51 R7=0x100FFFB8 LR=0xCBBCE8AF )
(       libmtguard.so[0xCBBCB000])[02 AF       ]0x00003E22:	ADD	R7, SP, #8	;(SP=0x100FFF98 )
(       libmtguard.so[0xCBBCB000])[01 FB 00 F5 ]0x00003E24:	MUL	R5, R1, R0	;(R1=0x0000000B R0=0x00000004 )
(       libmtguard.so[0xCBBCB000])[4D B1       ]0x00003E28:	CBZ	R5, #0XCBBCEE3E	;(R5=0x0000002C )
(       libmtguard.so[0xCBBCB000])[28 46       ]0x00003E2A:	MOV	R0, R5	;(R5=0x0000002C )
(       libmtguard.so[0xCBBCB000])[FE F7 C8 EB ]0x00003E2C:	BLX	#0XCBBCD5C0	;(PC=0xCBBCEE2C )
(       libmtguard.so[0xCBBCB000])[00 C6 8F E2 ]0x000025C0:	ADD	IP, PC, #0, #12	;(PC=0xCBBCD5C0 )
(       libmtguard.so[0xCBBCB000])[3D CA 8C E2 ]0x000025C4:	ADD	IP, IP, #0X3D000	;(IP=0xCBBCD5C8 )
(       libmtguard.so[0xCBBCB000])[04 F9 BC E5 ]0x000025C8:	LDR	PC, [IP, #0X904]!	;(IP=0xCBC0A5C8 )
(       libmtguard.so[0xCBBCB000])[04 46       ]0x00003E30:	MOV	R4, R0	;(R0=0x30043878 )
(       libmtguard.so[0xCBBCB000])[24 B1       ]0x00003E32:	CBZ	R4, #0XCBBCEE3E	;(R4=0x30043878 )
(       libmtguard.so[0xCBBCB000])[20 46       ]0x00003E34:	MOV	R0, R4	;(R4=0x30043878 )
(       libmtguard.so[0xCBBCB000])[29 46       ]0x00003E36:	MOV	R1, R5	;(R5=0x0000002C )
(       libmtguard.so[0xCBBCB000])[FE F7 CE EB ]0x00003E38:	BLX	#0XCBBCD5D8	;(PC=0xCBBCEE38 )
(       libmtguard.so[0xCBBCB000])[00 C6 8F E2 ]0x000025D8:	ADD	IP, PC, #0, #12	;(PC=0xCBBCD5D8 )
(       libmtguard.so[0xCBBCB000])[3D CA 8C E2 ]0x000025DC:	ADD	IP, IP, #0X3D000	;(IP=0xCBBCD5E0 )
(       libmtguard.so[0xCBBCB000])[F4 F8 BC E5 ]0x000025E0:	LDR	PC, [IP, #0X8F4]!	;(IP=0xCBC0A5E0 )
(       libmtguard.so[0xCBBCB000])[00 E0       ]0x00003E3C:	B	#0XCBBCEE40
(       libmtguard.so[0xCBBCB000])[20 46       ]0x00003E40:	MOV	R0, R4	;(R4=0x30043878 )
(       libmtguard.so[0xCBBCB000])[B0 BD       ]0x00003E42:	POP	{R4, R5, R7, PC}	;(SP=0x100FFF98 )
(       libmtguard.so[0xCBBCB000])[00 28       ]0x000038AE:	CMP	R0, #0	;(R0=0x30043878 )
(       libmtguard.so[0xCBBCB000])[20 60       ]0x000038B0:	STR	R0, [R4]	;(R0=0x30043878 R4=0x30043860 )
(       libmtguard.so[0xCBBCB000])[05 D1       ]0x000038B2:	BNE	#0XCBBCE8C0
(       libmtguard.so[0xCBBCB000])[20 46       ]0x000038C0:	MOV	R0, R4	;(R4=0x30043860 )
(       libmtguard.so[0xCBBCB000])[5D F8 04 BB ]0x000038C2:	LDR	FP, [SP], #4	;(SP=0x100FFFA8 )
(       libmtguard.so[0xCBBCB000])[F0 BD       ]0x000038C6:	POP	{R4, R5, R6, R7, PC}	;(SP=0x100FFFAC )
(       libmtguard.so[0xCBBCB000])[01 36       ]0x0000CE08:	ADDS	R6, #1	;(R6=0x00000055 )
(       libmtguard.so[0xCBBCB000])[60 60       ]0x0000CE0A:	STR	R0, [R4, #4]	;(R0=0x30043860 R4=0xCBC0D33C )
(       libmtguard.so[0xCBBCB000])[B6 F5 7C 7F ]0x0000CE0C:	CMP.W	R6, #0X3F0	;(R6=0x00000056 )
(       libmtguard.so[0xCBBCB000])[F3 D1       ]0x0000CE10:	BNE	#0XCBBD7DFA
(       libmtguard.so[0xCBBCB000])[48 46       ]0x0000CDFA:	MOV	R0, SB	;(SB=0xCBBCFE51 )
(       libmtguard.so[0xCBBCB000])[45 F8 36 80 ]0x0000CDFC:	STR.W	R8, [R5, R6, LSL #3]	;(R8=0xFFFFFFFF R5=0xCBC0D094 R6=0x00000056 )
(       libmtguard.so[0xCBBCB000])[05 EB C6 04 ]0x0000CE00:	ADD.W	R4, R5, R6, LSL #3	;(R5=0xCBC0D094 R6=0x00000056 )
(       libmtguard.so[0xCBBCB000])[F6 F7 3A FD ]0x0000CE04:	BL	#0XCBBCE87C	;(PC=0xCBBD7E04 )
(       libmtguard.so[0xCBBCB000])[F0 B5       ]0x0000387C:	PUSH	{R4, R5, R6, R7, LR}	;(SP=0x100FFFC0 R4=0xCBC0D344 R5=0xCBC0D094 R6=0x00000056 R7=0x100FFFE0 LR=0xCBBD7E09 )
(       libmtguard.so[0xCBBCB000])[03 AF       ]0x0000387E:	ADD	R7, SP, #0XC	;(SP=0x100FFFAC )
(       libmtguard.so[0xCBBCB000])[4D F8 04 BD ]0x00003880:	STR	FP, [SP, #-0X4]!	;(FP=0xCBC0B1C4 SP=0x100FFFAC )
(       libmtguard.so[0xCBBCB000])[05 46       ]0x00003884:	MOV	R5, R0	;(R0=0xCBBCFE51 )
(       libmtguard.so[0xCBBCB000])[01 20       ]0x00003886:	MOVS	R0, #1
(       libmtguard.so[0xCBBCB000])[10 21       ]0x00003888:	MOVS	R1, #0X10
(       libmtguard.so[0xCBBCB000])[00 22       ]0x0000388A:	MOVS	R2, #0
(       libmtguard.so[0xCBBCB000])[00 23       ]0x0000388C:	MOVS	R3, #0
(       libmtguard.so[0xCBBCB000])[00 26       ]0x0000388E:	MOVS	R6, #0
(       libmtguard.so[0xCBBCB000])[00 F0 C6 FA ]0x00003890:	BL	#0XCBBCEE20	;(PC=0xCBBCE890 )
(       libmtguard.so[0xCBBCB000])[B0 B5       ]0x00003E20:	PUSH	{R4, R5, R7, LR}	;(SP=0x100FFFA8 R4=0xCBC0D344 R5=0xCBBCFE51 R7=0x100FFFB8 LR=0xCBBCE895 )
(       libmtguard.so[0xCBBCB000])[02 AF       ]0x00003E22:	ADD	R7, SP, #8	;(SP=0x100FFF98 )
(       libmtguard.so[0xCBBCB000])[01 FB 00 F5 ]0x00003E24:	MUL	R5, R1, R0	;(R1=0x00000010 R0=0x00000001 )
(       libmtguard.so[0xCBBCB000])[4D B1       ]0x00003E28:	CBZ	R5, #0XCBBCEE3E	;(R5=0x00000010 )
(       libmtguard.so[0xCBBCB000])[28 46       ]0x00003E2A:	MOV	R0, R5	;(R5=0x00000010 )
(       libmtguard.so[0xCBBCB000])[FE F7 C8 EB ]0x00003E2C:	BLX	#0XCBBCD5C0	;(PC=0xCBBCEE2C )
(       libmtguard.so[0xCBBCB000])[00 C6 8F E2 ]0x000025C0:	ADD	IP, PC, #0, #12	;(PC=0xCBBCD5C0 )
(       libmtguard.so[0xCBBCB000])[3D CA 8C E2 ]0x000025C4:	ADD	IP, IP, #0X3D000	;(IP=0xCBBCD5C8 )
(       libmtguard.so[0xCBBCB000])[04 F9 BC E5 ]0x000025C8:	LDR	PC, [IP, #0X904]!	;(IP=0xCBC0A5C8 )
(       libmtguard.so[0xCBBCB000])[04 46       ]0x00003E30:	MOV	R4, R0	;(R0=0x300438A8 )
(       libmtguard.so[0xCBBCB000])[24 B1       ]0x00003E32:	CBZ	R4, #0XCBBCEE3E	;(R4=0x300438A8 )
(       libmtguard.so[0xCBBCB000])[20 46       ]0x00003E34:	MOV	R0, R4	;(R4=0x300438A8 )
(       libmtguard.so[0xCBBCB000])[29 46       ]0x00003E36:	MOV	R1, R5	;(R5=0x00000010 )
(       libmtguard.so[0xCBBCB000])[FE F7 CE EB ]0x00003E38:	BLX	#0XCBBCD5D8	;(PC=0xCBBCEE38 )
(       libmtguard.so[0xCBBCB000])[00 C6 8F E2 ]0x000025D8:	ADD	IP, PC, #0, #12	;(PC=0xCBBCD5D8 )
(       libmtguard.so[0xCBBCB000])[3D CA 8C E2 ]0x000025DC:	ADD	IP, IP, #0X3D000	;(IP=0xCBBCD5E0 )
(       libmtguard.so[0xCBBCB000])[F4 F8 BC E5 ]0x000025E0:	LDR	PC, [IP, #0X8F4]!	;(IP=0xCBC0A5E0 )
(       libmtguard.so[0xCBBCB000])[00 E0       ]0x00003E3C:	B	#0XCBBCEE40
(       libmtguard.so[0xCBBCB000])[20 46       ]0x00003E40:	MOV	R0, R4	;(R4=0x300438A8 )
(       libmtguard.so[0xCBBCB000])[B0 BD       ]0x00003E42:	POP	{R4, R5, R7, PC}	;(SP=0x100FFF98 )
(       libmtguard.so[0xCBBCB000])[04 46       ]0x00003894:	MOV	R4, R0	;(R0=0x300438A8 )
(       libmtguard.so[0xCBBCB000])[94 B1       ]0x00003896:	CBZ	R4, #0XCBBCE8BE	;(R4=0x300438A8 )
(       libmtguard.so[0xCBBCB000])[0B 20       ]0x00003898:	MOVS	R0, #0XB
(       libmtguard.so[0xCBBCB000])[C4 E9 00 66 ]0x0000389A:	STRD	R6, R6, [R4]	;(R6=0x00000000 R4=0x300438A8 )
(       libmtguard.so[0xCBBCB000])[C4 E9 02 05 ]0x0000389E:	STRD	R0, R5, [R4, #8]	;(R0=0x0000000B R5=0xCBBCFE51 R4=0x300438A8 )
(       libmtguard.so[0xCBBCB000])[04 20       ]0x000038A2:	MOVS	R0, #4
(       libmtguard.so[0xCBBCB000])[0B 21       ]0x000038A4:	MOVS	R1, #0XB
(       libmtguard.so[0xCBBCB000])[00 22       ]0x000038A6:	MOVS	R2, #0
(       libmtguard.so[0xCBBCB000])[00 23       ]0x000038A8:	MOVS	R3, #0
(       libmtguard.so[0xCBBCB000])[00 F0 B9 FA ]0x000038AA:	BL	#0XCBBCEE20	;(PC=0xCBBCE8AA )
(       libmtguard.so[0xCBBCB000])[B0 B5       ]0x00003E20:	PUSH	{R4, R5, R7, LR}	;(SP=0x100FFFA8 R4=0x300438A8 R5=0xCBBCFE51 R7=0x100FFFB8 LR=0xCBBCE8AF )
(       libmtguard.so[0xCBBCB000])[02 AF       ]0x00003E22:	ADD	R7, SP, #8	;(SP=0x100FFF98 )
(       libmtguard.so[0xCBBCB000])[01 FB 00 F5 ]0x00003E24:	MUL	R5, R1, R0	;(R1=0x0000000B R0=0x00000004 )
(       libmtguard.so[0xCBBCB000])[4D B1       ]0x00003E28:	CBZ	R5, #0XCBBCEE3E	;(R5=0x0000002C )
(       libmtguard.so[0xCBBCB000])[28 46       ]0x00003E2A:	MOV	R0, R5	;(R5=0x0000002C )
(       libmtguard.so[0xCBBCB000])[FE F7 C8 EB ]0x00003E2C:	BLX	#0XCBBCD5C0	;(PC=0xCBBCEE2C )
(       libmtguard.so[0xCBBCB000])[00 C6 8F E2 ]0x000025C0:	ADD	IP, PC, #0, #12	;(PC=0xCBBCD5C0 )
(       libmtguard.so[0xCBBCB000])[3D CA 8C E2 ]0x000025C4:	ADD	IP, IP, #0X3D000	;(IP=0xCBBCD5C8 )
(       libmtguard.so[0xCBBCB000])[04 F9 BC E5 ]0x000025C8:	LDR	PC, [IP, #0X904]!	;(IP=0xCBC0A5C8 )
(       libmtguard.so[0xCBBCB000])[04 46       ]0x00003E30:	MOV	R4, R0	;(R0=0x300438C0 )
(       libmtguard.so[0xCBBCB000])[24 B1       ]0x00003E32:	CBZ	R4, #0XCBBCEE3E	;(R4=0x300438C0 )
(       libmtguard.so[0xCBBCB000])[20 46       ]0x00003E34:	MOV	R0, R4	;(R4=0x300438C0 )
(       libmtguard.so[0xCBBCB000])[29 46       ]0x00003E36:	MOV	R1, R5	;(R5=0x0000002C )
(       libmtguard.so[0xCBBCB000])[FE F7 CE EB ]0x00003E38:	BLX	#0XCBBCD5D8	;(PC=0xCBBCEE38 )
(       libmtguard.so[0xCBBCB000])[00 C6 8F E2 ]0x000025D8:	ADD	IP, PC, #0, #12	;(PC=0xCBBCD5D8 )
(       libmtguard.so[0xCBBCB000])[3D CA 8C E2 ]0x000025DC:	ADD	IP, IP, #0X3D000	;(IP=0xCBBCD5E0 )
(       libmtguard.so[0xCBBCB000])[F4 F8 BC E5 ]0x000025E0:	LDR	PC, [IP, #0X8F4]!	;(IP=0xCBC0A5E0 )
(       libmtguard.so[0xCBBCB000])[00 E0       ]0x00003E3C:	B	#0XCBBCEE40
(       libmtguard.so[0xCBBCB000])[20 46       ]0x00003E40:	MOV	R0, R4	;(R4=0x300438C0 )
(       libmtguard.so[0xCBBCB000])[B0 BD       ]0x00003E42:	POP	{R4, R5, R7, PC}	;(SP=0x100FFF98 )
(       libmtguard.so[0xCBBCB000])[00 28       ]0x000038AE:	CMP	R0, #0	;(R0=0x300438C0 )
(       libmtguard.so[0xCBBCB000])[20 60       ]0x000038B0:	STR	R0, [R4]	;(R0=0x300438C0 R4=0x300438A8 )
(       libmtguard.so[0xCBBCB000])[05 D1       ]0x000038B2:	BNE	#0XCBBCE8C0
(       libmtguard.so[0xCBBCB000])[20 46       ]0x000038C0:	MOV	R0, R4	;(R4=0x300438A8 )
(       libmtguard.so[0xCBBCB000])[5D F8 04 BB ]0x000038C2:	LDR	FP, [SP], #4	;(SP=0x100FFFA8 )
(       libmtguard.so[0xCBBCB000])[F0 BD       ]0x000038C6:	POP	{R4, R5, R6, R7, PC}	;(SP=0x100FFFAC )
(       libmtguard.so[0xCBBCB000])[01 36       ]0x0000CE08:	ADDS	R6, #1	;(R6=0x00000056 )
(       libmtguard.so[0xCBBCB000])[60 60       ]0x0000CE0A:	STR	R0, [R4, #4]	;(R0=0x300438A8 R4=0xCBC0D344 )
(       libmtguard.so[0xCBBCB000])[B6 F5 7C 7F ]0x0000CE0C:	CMP.W	R6, #0X3F0	;(R6=0x00000057 )
(       libmtguard.so[0xCBBCB000])[F3 D1       ]0x0000CE10:	BNE	#0XCBBD7DFA
(       libmtguard.so[0xCBBCB000])[48 46       ]0x0000CDFA:	MOV	R0, SB	;(SB=0xCBBCFE51 )
(       libmtguard.so[0xCBBCB000])[45 F8 36 80 ]0x0000CDFC:	STR.W	R8, [R5, R6, LSL #3]	;(R8=0xFFFFFFFF R5=0xCBC0D094 R6=0x00000057 )
(       libmtguard.so[0xCBBCB000])[05 EB C6 04 ]0x0000CE00:	ADD.W	R4, R5, R6, LSL #3	;(R5=0xCBC0D094 R6=0x00000057 )
(       libmtguard.so[0xCBBCB000])[F6 F7 3A FD ]0x0000CE04:	BL	#0XCBBCE87C	;(PC=0xCBBD7E04 )
(       libmtguard.so[0xCBBCB000])[F0 B5       ]0x0000387C:	PUSH	{R4, R5, R6, R7, LR}	;(SP=0x100FFFC0 R4=0xCBC0D34C R5=0xCBC0D094 R6=0x00000057 R7=0x100FFFE0 LR=0xCBBD7E09 )
(       libmtguard.so[0xCBBCB000])[03 AF       ]0x0000387E:	ADD	R7, SP, #0XC	;(SP=0x100FFFAC )
(       libmtguard.so[0xCBBCB000])[4D F8 04 BD ]0x00003880:	STR	FP, [SP, #-0X4]!	;(FP=0xCBC0B1C4 SP=0x100FFFAC )
(       libmtguard.so[0xCBBCB000])[05 46       ]0x00003884:	MOV	R5, R0	;(R0=0xCBBCFE51 )
(       libmtguard.so[0xCBBCB000])[01 20       ]0x00003886:	MOVS	R0, #1
(       libmtguard.so[0xCBBCB000])[10 21       ]0x00003888:	MOVS	R1, #0X10
(       libmtguard.so[0xCBBCB000])[00 22       ]0x0000388A:	MOVS	R2, #0
(       libmtguard.so[0xCBBCB000])[00 23       ]0x0000388C:	MOVS	R3, #0
(       libmtguard.so[0xCBBCB000])[00 26       ]0x0000388E:	MOVS	R6, #0
(       libmtguard.so[0xCBBCB000])[00 F0 C6 FA ]0x00003890:	BL	#0XCBBCEE20	;(PC=0xCBBCE890 )
(       libmtguard.so[0xCBBCB000])[B0 B5       ]0x00003E20:	PUSH	{R4, R5, R7, LR}	;(SP=0x100FFFA8 R4=0xCBC0D34C R5=0xCBBCFE51 R7=0x100FFFB8 LR=0xCBBCE895 )
(       libmtguard.so[0xCBBCB000])[02 AF       ]0x00003E22:	ADD	R7, SP, #8	;(SP=0x100FFF98 )
(       libmtguard.so[0xCBBCB000])[01 FB 00 F5 ]0x00003E24:	MUL	R5, R1, R0	;(R1=0x00000010 R0=0x00000001 )
(       libmtguard.so[0xCBBCB000])[4D B1       ]0x00003E28:	CBZ	R5, #0XCBBCEE3E	;(R5=0x00000010 )
(       libmtguard.so[0xCBBCB000])[28 46       ]0x00003E2A:	MOV	R0, R5	;(R5=0x00000010 )
(       libmtguard.so[0xCBBCB000])[FE F7 C8 EB ]0x00003E2C:	BLX	#0XCBBCD5C0	;(PC=0xCBBCEE2C )
(       libmtguard.so[0xCBBCB000])[00 C6 8F E2 ]0x000025C0:	ADD	IP, PC, #0, #12	;(PC=0xCBBCD5C0 )
(       libmtguard.so[0xCBBCB000])[3D CA 8C E2 ]0x000025C4:	ADD	IP, IP, #0X3D000	;(IP=0xCBBCD5C8 )
(       libmtguard.so[0xCBBCB000])[04 F9 BC E5 ]0x000025C8:	LDR	PC, [IP, #0X904]!	;(IP=0xCBC0A5C8 )
(       libmtguard.so[0xCBBCB000])[04 46       ]0x00003E30:	MOV	R4, R0	;(R0=0x300438F0 )
(       libmtguard.so[0xCBBCB000])[24 B1       ]0x00003E32:	CBZ	R4, #0XCBBCEE3E	;(R4=0x300438F0 )
(       libmtguard.so[0xCBBCB000])[20 46       ]0x00003E34:	MOV	R0, R4	;(R4=0x300438F0 )
(       libmtguard.so[0xCBBCB000])[29 46       ]0x00003E36:	MOV	R1, R5	;(R5=0x00000010 )
(       libmtguard.so[0xCBBCB000])[FE F7 CE EB ]0x00003E38:	BLX	#0XCBBCD5D8	;(PC=0xCBBCEE38 )
(       libmtguard.so[0xCBBCB000])[00 C6 8F E2 ]0x000025D8:	ADD	IP, PC, #0, #12	;(PC=0xCBBCD5D8 )
(       libmtguard.so[0xCBBCB000])[3D CA 8C E2 ]0x000025DC:	ADD	IP, IP, #0X3D000	;(IP=0xCBBCD5E0 )
(       libmtguard.so[0xCBBCB000])[F4 F8 BC E5 ]0x000025E0:	LDR	PC, [IP, #0X8F4]!	;(IP=0xCBC0A5E0 )
(       libmtguard.so[0xCBBCB000])[00 E0       ]0x00003E3C:	B	#0XCBBCEE40
(       libmtguard.so[0xCBBCB000])[20 46       ]0x00003E40:	MOV	R0, R4	;(R4=0x300438F0 )
(       libmtguard.so[0xCBBCB000])[B0 BD       ]0x00003E42:	POP	{R4, R5, R7, PC}	;(SP=0x100FFF98 )
(       libmtguard.so[0xCBBCB000])[04 46       ]0x00003894:	MOV	R4, R0	;(R0=0x300438F0 )
(       libmtguard.so[0xCBBCB000])[94 B1       ]0x00003896:	CBZ	R4, #0XCBBCE8BE	;(R4=0x300438F0 )
(       libmtguard.so[0xCBBCB000])[0B 20       ]0x00003898:	MOVS	R0, #0XB
(       libmtguard.so[0xCBBCB000])[C4 E9 00 66 ]0x0000389A:	STRD	R6, R6, [R4]	;(R6=0x00000000 R4=0x300438F0 )
(       libmtguard.so[0xCBBCB000])[C4 E9 02 05 ]0x0000389E:	STRD	R0, R5, [R4, #8]	;(R0=0x0000000B R5=0xCBBCFE51 R4=0x300438F0 )
(       libmtguard.so[0xCBBCB000])[04 20       ]0x000038A2:	MOVS	R0, #4
(       libmtguard.so[0xCBBCB000])[0B 21       ]0x000038A4:	MOVS	R1, #0XB
(       libmtguard.so[0xCBBCB000])[00 22       ]0x000038A6:	MOVS	R2, #0
(       libmtguard.so[0xCBBCB000])[00 23       ]0x000038A8:	MOVS	R3, #0
(       libmtguard.so[0xCBBCB000])[00 F0 B9 FA ]0x000038AA:	BL	#0XCBBCEE20	;(PC=0xCBBCE8AA )
(       libmtguard.so[0xCBBCB000])[B0 B5       ]0x00003E20:	PUSH	{R4, R5, R7, LR}	;(SP=0x100FFFA8 R4=0x300438F0 R5=0xCBBCFE51 R7=0x100FFFB8 LR=0xCBBCE8AF )
(       libmtguard.so[0xCBBCB000])[02 AF       ]0x00003E22:	ADD	R7, SP, #8	;(SP=0x100FFF98 )
(       libmtguard.so[0xCBBCB000])[01 FB 00 F5 ]0x00003E24:	MUL	R5, R1, R0	;(R1=0x0000000B R0=0x00000004 )
(       libmtguard.so[0xCBBCB000])[4D B1       ]0x00003E28:	CBZ	R5, #0XCBBCEE3E	;(R5=0x0000002C )
(       libmtguard.so[0xCBBCB000])[28 46       ]0x00003E2A:	MOV	R0, R5	;(R5=0x0000002C )
(       libmtguard.so[0xCBBCB000])[FE F7 C8 EB ]0x00003E2C:	BLX	#0XCBBCD5C0	;(PC=0xCBBCEE2C )
(       libmtguard.so[0xCBBCB000])[00 C6 8F E2 ]0x000025C0:	ADD	IP, PC, #0, #12	;(PC=0xCBBCD5C0 )
(       libmtguard.so[0xCBBCB000])[3D CA 8C E2 ]0x000025C4:	ADD	IP, IP, #0X3D000	;(IP=0xCBBCD5C8 )
(       libmtguard.so[0xCBBCB000])[04 F9 BC E5 ]0x000025C8:	LDR	PC, [IP, #0X904]!	;(IP=0xCBC0A5C8 )
(       libmtguard.so[0xCBBCB000])[04 46       ]0x00003E30:	MOV	R4, R0	;(R0=0x30043908 )
(       libmtguard.so[0xCBBCB000])[24 B1       ]0x00003E32:	CBZ	R4, #0XCBBCEE3E	;(R4=0x30043908 )
(       libmtguard.so[0xCBBCB000])[20 46       ]0x00003E34:	MOV	R0, R4	;(R4=0x30043908 )
(       libmtguard.so[0xCBBCB000])[29 46       ]0x00003E36:	MOV	R1, R5	;(R5=0x0000002C )
(       libmtguard.so[0xCBBCB000])[FE F7 CE EB ]0x00003E38:	BLX	#0XCBBCD5D8	;(PC=0xCBBCEE38 )
(       libmtguard.so[0xCBBCB000])[00 C6 8F E2 ]0x000025D8:	ADD	IP, PC, #0, #12	;(PC=0xCBBCD5D8 )
(       libmtguard.so[0xCBBCB000])[3D CA 8C E2 ]0x000025DC:	ADD	IP, IP, #0X3D000	;(IP=0xCBBCD5E0 )
(       libmtguard.so[0xCBBCB000])[F4 F8 BC E5 ]0x000025E0:	LDR	PC, [IP, #0X8F4]!	;(IP=0xCBC0A5E0 )
(       libmtguard.so[0xCBBCB000])[00 E0       ]0x00003E3C:	B	#0XCBBCEE40
(       libmtguard.so[0xCBBCB000])[20 46       ]0x00003E40:	MOV	R0, R4	;(R4=0x30043908 )
(       libmtguard.so[0xCBBCB000])[B0 BD       ]0x00003E42:	POP	{R4, R5, R7, PC}	;(SP=0x100FFF98 )
(       libmtguard.so[0xCBBCB000])[00 28       ]0x000038AE:	CMP	R0, #0	;(R0=0x30043908 )
(       libmtguard.so[0xCBBCB000])[20 60       ]0x000038B0:	STR	R0, [R4]	;(R0=0x30043908 R4=0x300438F0 )
(       libmtguard.so[0xCBBCB000])[05 D1       ]0x000038B2:	BNE	#0XCBBCE8C0
(       libmtguard.so[0xCBBCB000])[20 46       ]0x000038C0:	MOV	R0, R4	;(R4=0x300438F0 )
(       libmtguard.so[0xCBBCB000])[5D F8 04 BB ]0x000038C2:	LDR	FP, [SP], #4	;(SP=0x100FFFA8 )
(       libmtguard.so[0xCBBCB000])[F0 BD       ]0x000038C6:	POP	{R4, R5, R6, R7, PC}	;(SP=0x100FFFAC )
(       libmtguard.so[0xCBBCB000])[01 36       ]0x0000CE08:	ADDS	R6, #1	;(R6=0x00000057 )
(       libmtguard.so[0xCBBCB000])[60 60       ]0x0000CE0A:	STR	R0, [R4, #4]	;(R0=0x300438F0 R4=0xCBC0D34C )
(       libmtguard.so[0xCBBCB000])[B6 F5 7C 7F ]0x0000CE0C:	CMP.W	R6, #0X3F0	;(R6=0x00000058 )
(       libmtguard.so[0xCBBCB000])[F3 D1       ]0x0000CE10:	BNE	#0XCBBD7DFA
(       libmtguard.so[0xCBBCB000])[48 46       ]0x0000CDFA:	MOV	R0, SB	;(SB=0xCBBCFE51 )
(       libmtguard.so[0xCBBCB000])[45 F8 36 80 ]0x0000CDFC:	STR.W	R8, [R5, R6, LSL #3]	;(R8=0xFFFFFFFF R5=0xCBC0D094 R6=0x00000058 )
(       libmtguard.so[0xCBBCB000])[05 EB C6 04 ]0x0000CE00:	ADD.W	R4, R5, R6, LSL #3	;(R5=0xCBC0D094 R6=0x00000058 )
(       libmtguard.so[0xCBBCB000])[F6 F7 3A FD ]0x0000CE04:	BL	#0XCBBCE87C	;(PC=0xCBBD7E04 )
(       libmtguard.so[0xCBBCB000])[F0 B5       ]0x0000387C:	PUSH	{R4, R5, R6, R7, LR}	;(SP=0x100FFFC0 R4=0xCBC0D354 R5=0xCBC0D094 R6=0x00000058 R7=0x100FFFE0 LR=0xCBBD7E09 )
(       libmtguard.so[0xCBBCB000])[03 AF       ]0x0000387E:	ADD	R7, SP, #0XC	;(SP=0x100FFFAC )
(       libmtguard.so[0xCBBCB000])[4D F8 04 BD ]0x00003880:	STR	FP, [SP, #-0X4]!	;(FP=0xCBC0B1C4 SP=0x100FFFAC )
(       libmtguard.so[0xCBBCB000])[05 46       ]0x00003884:	MOV	R5, R0	;(R0=0xCBBCFE51 )
(       libmtguard.so[0xCBBCB000])[01 20       ]0x00003886:	MOVS	R0, #1
(       libmtguard.so[0xCBBCB000])[10 21       ]0x00003888:	MOVS	R1, #0X10
(       libmtguard.so[0xCBBCB000])[00 22       ]0x0000388A:	MOVS	R2, #0
(       libmtguard.so[0xCBBCB000])[00 23       ]0x0000388C:	MOVS	R3, #0
(       libmtguard.so[0xCBBCB000])[00 26       ]0x0000388E:	MOVS	R6, #0
(       libmtguard.so[0xCBBCB000])[00 F0 C6 FA ]0x00003890:	BL	#0XCBBCEE20	;(PC=0xCBBCE890 )
(       libmtguard.so[0xCBBCB000])[B0 B5       ]0x00003E20:	PUSH	{R4, R5, R7, LR}	;(SP=0x100FFFA8 R4=0xCBC0D354 R5=0xCBBCFE51 R7=0x100FFFB8 LR=0xCBBCE895 )
(       libmtguard.so[0xCBBCB000])[02 AF       ]0x00003E22:	ADD	R7, SP, #8	;(SP=0x100FFF98 )
(       libmtguard.so[0xCBBCB000])[01 FB 00 F5 ]0x00003E24:	MUL	R5, R1, R0	;(R1=0x00000010 R0=0x00000001 )
(       libmtguard.so[0xCBBCB000])[4D B1       ]0x00003E28:	CBZ	R5, #0XCBBCEE3E	;(R5=0x00000010 )
(       libmtguard.so[0xCBBCB000])[28 46       ]0x00003E2A:	MOV	R0, R5	;(R5=0x00000010 )
(       libmtguard.so[0xCBBCB000])[FE F7 C8 EB ]0x00003E2C:	BLX	#0XCBBCD5C0	;(PC=0xCBBCEE2C )
(       libmtguard.so[0xCBBCB000])[00 C6 8F E2 ]0x000025C0:	ADD	IP, PC, #0, #12	;(PC=0xCBBCD5C0 )
(       libmtguard.so[0xCBBCB000])[3D CA 8C E2 ]0x000025C4:	ADD	IP, IP, #0X3D000	;(IP=0xCBBCD5C8 )
(       libmtguard.so[0xCBBCB000])[04 F9 BC E5 ]0x000025C8:	LDR	PC, [IP, #0X904]!	;(IP=0xCBC0A5C8 )
(       libmtguard.so[0xCBBCB000])[04 46       ]0x00003E30:	MOV	R4, R0	;(R0=0x30043938 )
(       libmtguard.so[0xCBBCB000])[24 B1       ]0x00003E32:	CBZ	R4, #0XCBBCEE3E	;(R4=0x30043938 )
(       libmtguard.so[0xCBBCB000])[20 46       ]0x00003E34:	MOV	R0, R4	;(R4=0x30043938 )
(       libmtguard.so[0xCBBCB000])[29 46       ]0x00003E36:	MOV	R1, R5	;(R5=0x00000010 )
(       libmtguard.so[0xCBBCB000])[FE F7 CE EB ]0x00003E38:	BLX	#0XCBBCD5D8	;(PC=0xCBBCEE38 )
(       libmtguard.so[0xCBBCB000])[00 C6 8F E2 ]0x000025D8:	ADD	IP, PC, #0, #12	;(PC=0xCBBCD5D8 )
(       libmtguard.so[0xCBBCB000])[3D CA 8C E2 ]0x000025DC:	ADD	IP, IP, #0X3D000	;(IP=0xCBBCD5E0 )
(       libmtguard.so[0xCBBCB000])[F4 F8 BC E5 ]0x000025E0:	LDR	PC, [IP, #0X8F4]!	;(IP=0xCBC0A5E0 )
(       libmtguard.so[0xCBBCB000])[00 E0       ]0x00003E3C:	B	#0XCBBCEE40
(       libmtguard.so[0xCBBCB000])[20 46       ]0x00003E40:	MOV	R0, R4	;(R4=0x30043938 )
(       libmtguard.so[0xCBBCB000])[B0 BD       ]0x00003E42:	POP	{R4, R5, R7, PC}	;(SP=0x100FFF98 )
(       libmtguard.so[0xCBBCB000])[04 46       ]0x00003894:	MOV	R4, R0	;(R0=0x30043938 )
(       libmtguard.so[0xCBBCB000])[94 B1       ]0x00003896:	CBZ	R4, #0XCBBCE8BE	;(R4=0x30043938 )
(       libmtguard.so[0xCBBCB000])[0B 20       ]0x00003898:	MOVS	R0, #0XB
(       libmtguard.so[0xCBBCB000])[C4 E9 00 66 ]0x0000389A:	STRD	R6, R6, [R4]	;(R6=0x00000000 R4=0x30043938 )
(       libmtguard.so[0xCBBCB000])[C4 E9 02 05 ]0x0000389E:	STRD	R0, R5, [R4, #8]	;(R0=0x0000000B R5=0xCBBCFE51 R4=0x30043938 )
(       libmtguard.so[0xCBBCB000])[04 20       ]0x000038A2:	MOVS	R0, #4
(       libmtguard.so[0xCBBCB000])[0B 21       ]0x000038A4:	MOVS	R1, #0XB
(       libmtguard.so[0xCBBCB000])[00 22       ]0x000038A6:	MOVS	R2, #0
(       libmtguard.so[0xCBBCB000])[00 23       ]0x000038A8:	MOVS	R3, #0
(       libmtguard.so[0xCBBCB000])[00 F0 B9 FA ]0x000038AA:	BL	#0XCBBCEE20	;(PC=0xCBBCE8AA )
(       libmtguard.so[0xCBBCB000])[B0 B5       ]0x00003E20:	PUSH	{R4, R5, R7, LR}	;(SP=0x100FFFA8 R4=0x30043938 R5=0xCBBCFE51 R7=0x100FFFB8 LR=0xCBBCE8AF )
(       libmtguard.so[0xCBBCB000])[02 AF       ]0x00003E22:	ADD	R7, SP, #8	;(SP=0x100FFF98 )
(       libmtguard.so[0xCBBCB000])[01 FB 00 F5 ]0x00003E24:	MUL	R5, R1, R0	;(R1=0x0000000B R0=0x00000004 )
(       libmtguard.so[0xCBBCB000])[4D B1       ]0x00003E28:	CBZ	R5, #0XCBBCEE3E	;(R5=0x0000002C )
(       libmtguard.so[0xCBBCB000])[28 46       ]0x00003E2A:	MOV	R0, R5	;(R5=0x0000002C )
(       libmtguard.so[0xCBBCB000])[FE F7 C8 EB ]0x00003E2C:	BLX	#0XCBBCD5C0	;(PC=0xCBBCEE2C )
(       libmtguard.so[0xCBBCB000])[00 C6 8F E2 ]0x000025C0:	ADD	IP, PC, #0, #12	;(PC=0xCBBCD5C0 )
(       libmtguard.so[0xCBBCB000])[3D CA 8C E2 ]0x000025C4:	ADD	IP, IP, #0X3D000	;(IP=0xCBBCD5C8 )
(       libmtguard.so[0xCBBCB000])[04 F9 BC E5 ]0x000025C8:	LDR	PC, [IP, #0X904]!	;(IP=0xCBC0A5C8 )
(       libmtguard.so[0xCBBCB000])[04 46       ]0x00003E30:	MOV	R4, R0	;(R0=0x30043950 )
(       libmtguard.so[0xCBBCB000])[24 B1       ]0x00003E32:	CBZ	R4, #0XCBBCEE3E	;(R4=0x30043950 )
(       libmtguard.so[0xCBBCB000])[20 46       ]0x00003E34:	MOV	R0, R4	;(R4=0x30043950 )
(       libmtguard.so[0xCBBCB000])[29 46       ]0x00003E36:	MOV	R1, R5	;(R5=0x0000002C )
(       libmtguard.so[0xCBBCB000])[FE F7 CE EB ]0x00003E38:	BLX	#0XCBBCD5D8	;(PC=0xCBBCEE38 )
(       libmtguard.so[0xCBBCB000])[00 C6 8F E2 ]0x000025D8:	ADD	IP, PC, #0, #12	;(PC=0xCBBCD5D8 )
(       libmtguard.so[0xCBBCB000])[3D CA 8C E2 ]0x000025DC:	ADD	IP, IP, #0X3D000	;(IP=0xCBBCD5E0 )
(       libmtguard.so[0xCBBCB000])[F4 F8 BC E5 ]0x000025E0:	LDR	PC, [IP, #0X8F4]!	;(IP=0xCBC0A5E0 )
(       libmtguard.so[0xCBBCB000])[00 E0       ]0x00003E3C:	B	#0XCBBCEE40
(       libmtguard.so[0xCBBCB000])[20 46       ]0x00003E40:	MOV	R0, R4	;(R4=0x30043950 )
(       libmtguard.so[0xCBBCB000])[B0 BD       ]0x00003E42:	POP	{R4, R5, R7, PC}	;(SP=0x100FFF98 )
(       libmtguard.so[0xCBBCB000])[00 28       ]0x000038AE:	CMP	R0, #0	;(R0=0x30043950 )
(       libmtguard.so[0xCBBCB000])[20 60       ]0x000038B0:	STR	R0, [R4]	;(R0=0x30043950 R4=0x30043938 )
(       libmtguard.so[0xCBBCB000])[05 D1       ]0x000038B2:	BNE	#0XCBBCE8C0
(       libmtguard.so[0xCBBCB000])[20 46       ]0x000038C0:	MOV	R0, R4	;(R4=0x30043938 )
(       libmtguard.so[0xCBBCB000])[5D F8 04 BB ]0x000038C2:	LDR	FP, [SP], #4	;(SP=0x100FFFA8 )
(       libmtguard.so[0xCBBCB000])[F0 BD       ]0x000038C6:	POP	{R4, R5, R6, R7, PC}	;(SP=0x100FFFAC )
(       libmtguard.so[0xCBBCB000])[01 36       ]0x0000CE08:	ADDS	R6, #1	;(R6=0x00000058 )
(       libmtguard.so[0xCBBCB000])[60 60       ]0x0000CE0A:	STR	R0, [R4, #4]	;(R0=0x30043938 R4=0xCBC0D354 )
(       libmtguard.so[0xCBBCB000])[B6 F5 7C 7F ]0x0000CE0C:	CMP.W	R6, #0X3F0	;(R6=0x00000059 )
(       libmtguard.so[0xCBBCB000])[F3 D1       ]0x0000CE10:	BNE	#0XCBBD7DFA
(       libmtguard.so[0xCBBCB000])[48 46       ]0x0000CDFA:	MOV	R0, SB	;(SB=0xCBBCFE51 )
(       libmtguard.so[0xCBBCB000])[45 F8 36 80 ]0x0000CDFC:	STR.W	R8, [R5, R6, LSL #3]	;(R8=0xFFFFFFFF R5=0xCBC0D094 R6=0x00000059 )
(       libmtguard.so[0xCBBCB000])[05 EB C6 04 ]0x0000CE00:	ADD.W	R4, R5, R6, LSL #3	;(R5=0xCBC0D094 R6=0x00000059 )
(       libmtguard.so[0xCBBCB000])[F6 F7 3A FD ]0x0000CE04:	BL	#0XCBBCE87C	;(PC=0xCBBD7E04 )
(       libmtguard.so[0xCBBCB000])[F0 B5       ]0x0000387C:	PUSH	{R4, R5, R6, R7, LR}	;(SP=0x100FFFC0 R4=0xCBC0D35C R5=0xCBC0D094 R6=0x00000059 R7=0x100FFFE0 LR=0xCBBD7E09 )
(       libmtguard.so[0xCBBCB000])[03 AF       ]0x0000387E:	ADD	R7, SP, #0XC	;(SP=0x100FFFAC )
(       libmtguard.so[0xCBBCB000])[4D F8 04 BD ]0x00003880:	STR	FP, [SP, #-0X4]!	;(FP=0xCBC0B1C4 SP=0x100FFFAC )
(       libmtguard.so[0xCBBCB000])[05 46       ]0x00003884:	MOV	R5, R0	;(R0=0xCBBCFE51 )
(       libmtguard.so[0xCBBCB000])[01 20       ]0x00003886:	MOVS	R0, #1
(       libmtguard.so[0xCBBCB000])[10 21       ]0x00003888:	MOVS	R1, #0X10
(       libmtguard.so[0xCBBCB000])[00 22       ]0x0000388A:	MOVS	R2, #0
(       libmtguard.so[0xCBBCB000])[00 23       ]0x0000388C:	MOVS	R3, #0
(       libmtguard.so[0xCBBCB000])[00 26       ]0x0000388E:	MOVS	R6, #0
(       libmtguard.so[0xCBBCB000])[00 F0 C6 FA ]0x00003890:	BL	#0XCBBCEE20	;(PC=0xCBBCE890 )
(       libmtguard.so[0xCBBCB000])[B0 B5       ]0x00003E20:	PUSH	{R4, R5, R7, LR}	;(SP=0x100FFFA8 R4=0xCBC0D35C R5=0xCBBCFE51 R7=0x100FFFB8 LR=0xCBBCE895 )
(       libmtguard.so[0xCBBCB000])[02 AF       ]0x00003E22:	ADD	R7, SP, #8	;(SP=0x100FFF98 )
(       libmtguard.so[0xCBBCB000])[01 FB 00 F5 ]0x00003E24:	MUL	R5, R1, R0	;(R1=0x00000010 R0=0x00000001 )
(       libmtguard.so[0xCBBCB000])[4D B1       ]0x00003E28:	CBZ	R5, #0XCBBCEE3E	;(R5=0x00000010 )
(       libmtguard.so[0xCBBCB000])[28 46       ]0x00003E2A:	MOV	R0, R5	;(R5=0x00000010 )
(       libmtguard.so[0xCBBCB000])[FE F7 C8 EB ]0x00003E2C:	BLX	#0XCBBCD5C0	;(PC=0xCBBCEE2C )
(       libmtguard.so[0xCBBCB000])[00 C6 8F E2 ]0x000025C0:	ADD	IP, PC, #0, #12	;(PC=0xCBBCD5C0 )
(       libmtguard.so[0xCBBCB000])[3D CA 8C E2 ]0x000025C4:	ADD	IP, IP, #0X3D000	;(IP=0xCBBCD5C8 )
(       libmtguard.so[0xCBBCB000])[04 F9 BC E5 ]0x000025C8:	LDR	PC, [IP, #0X904]!	;(IP=0xCBC0A5C8 )
(       libmtguard.so[0xCBBCB000])[04 46       ]0x00003E30:	MOV	R4, R0	;(R0=0x30043980 )
(       libmtguard.so[0xCBBCB000])[24 B1       ]0x00003E32:	CBZ	R4, #0XCBBCEE3E	;(R4=0x30043980 )
(       libmtguard.so[0xCBBCB000])[20 46       ]0x00003E34:	MOV	R0, R4	;(R4=0x30043980 )
(       libmtguard.so[0xCBBCB000])[29 46       ]0x00003E36:	MOV	R1, R5	;(R5=0x00000010 )
(       libmtguard.so[0xCBBCB000])[FE F7 CE EB ]0x00003E38:	BLX	#0XCBBCD5D8	;(PC=0xCBBCEE38 )
(       libmtguard.so[0xCBBCB000])[00 C6 8F E2 ]0x000025D8:	ADD	IP, PC, #0, #12	;(PC=0xCBBCD5D8 )
(       libmtguard.so[0xCBBCB000])[3D CA 8C E2 ]0x000025DC:	ADD	IP, IP, #0X3D000	;(IP=0xCBBCD5E0 )
(       libmtguard.so[0xCBBCB000])[F4 F8 BC E5 ]0x000025E0:	LDR	PC, [IP, #0X8F4]!	;(IP=0xCBC0A5E0 )
(       libmtguard.so[0xCBBCB000])[00 E0       ]0x00003E3C:	B	#0XCBBCEE40
(       libmtguard.so[0xCBBCB000])[20 46       ]0x00003E40:	MOV	R0, R4	;(R4=0x30043980 )
(       libmtguard.so[0xCBBCB000])[B0 BD       ]0x00003E42:	POP	{R4, R5, R7, PC}	;(SP=0x100FFF98 )
(       libmtguard.so[0xCBBCB000])[04 46       ]0x00003894:	MOV	R4, R0	;(R0=0x30043980 )
(       libmtguard.so[0xCBBCB000])[94 B1       ]0x00003896:	CBZ	R4, #0XCBBCE8BE	;(R4=0x30043980 )
(       libmtguard.so[0xCBBCB000])[0B 20       ]0x00003898:	MOVS	R0, #0XB
(       libmtguard.so[0xCBBCB000])[C4 E9 00 66 ]0x0000389A:	STRD	R6, R6, [R4]	;(R6=0x00000000 R4=0x30043980 )
(       libmtguard.so[0xCBBCB000])[C4 E9 02 05 ]0x0000389E:	STRD	R0, R5, [R4, #8]	;(R0=0x0000000B R5=0xCBBCFE51 R4=0x30043980 )
(       libmtguard.so[0xCBBCB000])[04 20       ]0x000038A2:	MOVS	R0, #4
(       libmtguard.so[0xCBBCB000])[0B 21       ]0x000038A4:	MOVS	R1, #0XB
(       libmtguard.so[0xCBBCB000])[00 22       ]0x000038A6:	MOVS	R2, #0
(       libmtguard.so[0xCBBCB000])[00 23       ]0x000038A8:	MOVS	R3, #0
(       libmtguard.so[0xCBBCB000])[00 F0 B9 FA ]0x000038AA:	BL	#0XCBBCEE20	;(PC=0xCBBCE8AA )
(       libmtguard.so[0xCBBCB000])[B0 B5       ]0x00003E20:	PUSH	{R4, R5, R7, LR}	;(SP=0x100FFFA8 R4=0x30043980 R5=0xCBBCFE51 R7=0x100FFFB8 LR=0xCBBCE8AF )
(       libmtguard.so[0xCBBCB000])[02 AF       ]0x00003E22:	ADD	R7, SP, #8	;(SP=0x100FFF98 )
(       libmtguard.so[0xCBBCB000])[01 FB 00 F5 ]0x00003E24:	MUL	R5, R1, R0	;(R1=0x0000000B R0=0x00000004 )
(       libmtguard.so[0xCBBCB000])[4D B1       ]0x00003E28:	CBZ	R5, #0XCBBCEE3E	;(R5=0x0000002C )
(       libmtguard.so[0xCBBCB000])[28 46       ]0x00003E2A:	MOV	R0, R5	;(R5=0x0000002C )
(       libmtguard.so[0xCBBCB000])[FE F7 C8 EB ]0x00003E2C:	BLX	#0XCBBCD5C0	;(PC=0xCBBCEE2C )
(       libmtguard.so[0xCBBCB000])[00 C6 8F E2 ]0x000025C0:	ADD	IP, PC, #0, #12	;(PC=0xCBBCD5C0 )
(       libmtguard.so[0xCBBCB000])[3D CA 8C E2 ]0x000025C4:	ADD	IP, IP, #0X3D000	;(IP=0xCBBCD5C8 )
(       libmtguard.so[0xCBBCB000])[04 F9 BC E5 ]0x000025C8:	LDR	PC, [IP, #0X904]!	;(IP=0xCBC0A5C8 )
(       libmtguard.so[0xCBBCB000])[04 46       ]0x00003E30:	MOV	R4, R0	;(R0=0x30043998 )
(       libmtguard.so[0xCBBCB000])[24 B1       ]0x00003E32:	CBZ	R4, #0XCBBCEE3E	;(R4=0x30043998 )
(       libmtguard.so[0xCBBCB000])[20 46       ]0x00003E34:	MOV	R0, R4	;(R4=0x30043998 )
(       libmtguard.so[0xCBBCB000])[29 46       ]0x00003E36:	MOV	R1, R5	;(R5=0x0000002C )
(       libmtguard.so[0xCBBCB000])[FE F7 CE EB ]0x00003E38:	BLX	#0XCBBCD5D8	;(PC=0xCBBCEE38 )
(       libmtguard.so[0xCBBCB000])[00 C6 8F E2 ]0x000025D8:	ADD	IP, PC, #0, #12	;(PC=0xCBBCD5D8 )
(       libmtguard.so[0xCBBCB000])[3D CA 8C E2 ]0x000025DC:	ADD	IP, IP, #0X3D000	;(IP=0xCBBCD5E0 )
(       libmtguard.so[0xCBBCB000])[F4 F8 BC E5 ]0x000025E0:	LDR	PC, [IP, #0X8F4]!	;(IP=0xCBC0A5E0 )
(       libmtguard.so[0xCBBCB000])[00 E0       ]0x00003E3C:	B	#0XCBBCEE40
(       libmtguard.so[0xCBBCB000])[20 46       ]0x00003E40:	MOV	R0, R4	;(R4=0x30043998 )
(       libmtguard.so[0xCBBCB000])[B0 BD       ]0x00003E42:	POP	{R4, R5, R7, PC}	;(SP=0x100FFF98 )
(       libmtguard.so[0xCBBCB000])[00 28       ]0x000038AE:	CMP	R0, #0	;(R0=0x30043998 )
(       libmtguard.so[0xCBBCB000])[20 60       ]0x000038B0:	STR	R0, [R4]	;(R0=0x30043998 R4=0x30043980 )
(       libmtguard.so[0xCBBCB000])[05 D1       ]0x000038B2:	BNE	#0XCBBCE8C0
(       libmtguard.so[0xCBBCB000])[20 46       ]0x000038C0:	MOV	R0, R4	;(R4=0x30043980 )
(       libmtguard.so[0xCBBCB000])[5D F8 04 BB ]0x000038C2:	LDR	FP, [SP], #4	;(SP=0x100FFFA8 )
(       libmtguard.so[0xCBBCB000])[F0 BD       ]0x000038C6:	POP	{R4, R5, R6, R7, PC}	;(SP=0x100FFFAC )
(       libmtguard.so[0xCBBCB000])[01 36       ]0x0000CE08:	ADDS	R6, #1	;(R6=0x00000059 )
(       libmtguard.so[0xCBBCB000])[60 60       ]0x0000CE0A:	STR	R0, [R4, #4]	;(R0=0x30043980 R4=0xCBC0D35C )
(       libmtguard.so[0xCBBCB000])[B6 F5 7C 7F ]0x0000CE0C:	CMP.W	R6, #0X3F0	;(R6=0x0000005A )
(       libmtguard.so[0xCBBCB000])[F3 D1       ]0x0000CE10:	BNE	#0XCBBD7DFA
(       libmtguard.so[0xCBBCB000])[48 46       ]0x0000CDFA:	MOV	R0, SB	;(SB=0xCBBCFE51 )
(       libmtguard.so[0xCBBCB000])[45 F8 36 80 ]0x0000CDFC:	STR.W	R8, [R5, R6, LSL #3]	;(R8=0xFFFFFFFF R5=0xCBC0D094 R6=0x0000005A )
(       libmtguard.so[0xCBBCB000])[05 EB C6 04 ]0x0000CE00:	ADD.W	R4, R5, R6, LSL #3	;(R5=0xCBC0D094 R6=0x0000005A )
(       libmtguard.so[0xCBBCB000])[F6 F7 3A FD ]0x0000CE04:	BL	#0XCBBCE87C	;(PC=0xCBBD7E04 )
(       libmtguard.so[0xCBBCB000])[F0 B5       ]0x0000387C:	PUSH	{R4, R5, R6, R7, LR}	;(SP=0x100FFFC0 R4=0xCBC0D364 R5=0xCBC0D094 R6=0x0000005A R7=0x100FFFE0 LR=0xCBBD7E09 )
(       libmtguard.so[0xCBBCB000])[03 AF       ]0x0000387E:	ADD	R7, SP, #0XC	;(SP=0x100FFFAC )
(       libmtguard.so[0xCBBCB000])[4D F8 04 BD ]0x00003880:	STR	FP, [SP, #-0X4]!	;(FP=0xCBC0B1C4 SP=0x100FFFAC )
(       libmtguard.so[0xCBBCB000])[05 46       ]0x00003884:	MOV	R5, R0	;(R0=0xCBBCFE51 )
(       libmtguard.so[0xCBBCB000])[01 20       ]0x00003886:	MOVS	R0, #1
(       libmtguard.so[0xCBBCB000])[10 21       ]0x00003888:	MOVS	R1, #0X10
(       libmtguard.so[0xCBBCB000])[00 22       ]0x0000388A:	MOVS	R2, #0
(       libmtguard.so[0xCBBCB000])[00 23       ]0x0000388C:	MOVS	R3, #0
(       libmtguard.so[0xCBBCB000])[00 26       ]0x0000388E:	MOVS	R6, #0
(       libmtguard.so[0xCBBCB000])[00 F0 C6 FA ]0x00003890:	BL	#0XCBBCEE20	;(PC=0xCBBCE890 )
(       libmtguard.so[0xCBBCB000])[B0 B5       ]0x00003E20:	PUSH	{R4, R5, R7, LR}	;(SP=0x100FFFA8 R4=0xCBC0D364 R5=0xCBBCFE51 R7=0x100FFFB8 LR=0xCBBCE895 )
(       libmtguard.so[0xCBBCB000])[02 AF       ]0x00003E22:	ADD	R7, SP, #8	;(SP=0x100FFF98 )
(       libmtguard.so[0xCBBCB000])[01 FB 00 F5 ]0x00003E24:	MUL	R5, R1, R0	;(R1=0x00000010 R0=0x00000001 )
(       libmtguard.so[0xCBBCB000])[4D B1       ]0x00003E28:	CBZ	R5, #0XCBBCEE3E	;(R5=0x00000010 )
(       libmtguard.so[0xCBBCB000])[28 46       ]0x00003E2A:	MOV	R0, R5	;(R5=0x00000010 )
(       libmtguard.so[0xCBBCB000])[FE F7 C8 EB ]0x00003E2C:	BLX	#0XCBBCD5C0	;(PC=0xCBBCEE2C )
(       libmtguard.so[0xCBBCB000])[00 C6 8F E2 ]0x000025C0:	ADD	IP, PC, #0, #12	;(PC=0xCBBCD5C0 )
(       libmtguard.so[0xCBBCB000])[3D CA 8C E2 ]0x000025C4:	ADD	IP, IP, #0X3D000	;(IP=0xCBBCD5C8 )
(       libmtguard.so[0xCBBCB000])[04 F9 BC E5 ]0x000025C8:	LDR	PC, [IP, #0X904]!	;(IP=0xCBC0A5C8 )
(       libmtguard.so[0xCBBCB000])[04 46       ]0x00003E30:	MOV	R4, R0	;(R0=0x300439C8 )
(       libmtguard.so[0xCBBCB000])[24 B1       ]0x00003E32:	CBZ	R4, #0XCBBCEE3E	;(R4=0x300439C8 )
(       libmtguard.so[0xCBBCB000])[20 46       ]0x00003E34:	MOV	R0, R4	;(R4=0x300439C8 )
(       libmtguard.so[0xCBBCB000])[29 46       ]0x00003E36:	MOV	R1, R5	;(R5=0x00000010 )
(       libmtguard.so[0xCBBCB000])[FE F7 CE EB ]0x00003E38:	BLX	#0XCBBCD5D8	;(PC=0xCBBCEE38 )
(       libmtguard.so[0xCBBCB000])[00 C6 8F E2 ]0x000025D8:	ADD	IP, PC, #0, #12	;(PC=0xCBBCD5D8 )
(       libmtguard.so[0xCBBCB000])[3D CA 8C E2 ]0x000025DC:	ADD	IP, IP, #0X3D000	;(IP=0xCBBCD5E0 )
(       libmtguard.so[0xCBBCB000])[F4 F8 BC E5 ]0x000025E0:	LDR	PC, [IP, #0X8F4]!	;(IP=0xCBC0A5E0 )
(       libmtguard.so[0xCBBCB000])[00 E0       ]0x00003E3C:	B	#0XCBBCEE40
(       libmtguard.so[0xCBBCB000])[20 46       ]0x00003E40:	MOV	R0, R4	;(R4=0x300439C8 )
(       libmtguard.so[0xCBBCB000])[B0 BD       ]0x00003E42:	POP	{R4, R5, R7, PC}	;(SP=0x100FFF98 )
(       libmtguard.so[0xCBBCB000])[04 46       ]0x00003894:	MOV	R4, R0	;(R0=0x300439C8 )
(       libmtguard.so[0xCBBCB000])[94 B1       ]0x00003896:	CBZ	R4, #0XCBBCE8BE	;(R4=0x300439C8 )
(       libmtguard.so[0xCBBCB000])[0B 20       ]0x00003898:	MOVS	R0, #0XB
(       libmtguard.so[0xCBBCB000])[C4 E9 00 66 ]0x0000389A:	STRD	R6, R6, [R4]	;(R6=0x00000000 R4=0x300439C8 )
(       libmtguard.so[0xCBBCB000])[C4 E9 02 05 ]0x0000389E:	STRD	R0, R5, [R4, #8]	;(R0=0x0000000B R5=0xCBBCFE51 R4=0x300439C8 )
(       libmtguard.so[0xCBBCB000])[04 20       ]0x000038A2:	MOVS	R0, #4
(       libmtguard.so[0xCBBCB000])[0B 21       ]0x000038A4:	MOVS	R1, #0XB
(       libmtguard.so[0xCBBCB000])[00 22       ]0x000038A6:	MOVS	R2, #0
(       libmtguard.so[0xCBBCB000])[00 23       ]0x000038A8:	MOVS	R3, #0
(       libmtguard.so[0xCBBCB000])[00 F0 B9 FA ]0x000038AA:	BL	#0XCBBCEE20	;(PC=0xCBBCE8AA )
(       libmtguard.so[0xCBBCB000])[B0 B5       ]0x00003E20:	PUSH	{R4, R5, R7, LR}	;(SP=0x100FFFA8 R4=0x300439C8 R5=0xCBBCFE51 R7=0x100FFFB8 LR=0xCBBCE8AF )
(       libmtguard.so[0xCBBCB000])[02 AF       ]0x00003E22:	ADD	R7, SP, #8	;(SP=0x100FFF98 )
(       libmtguard.so[0xCBBCB000])[01 FB 00 F5 ]0x00003E24:	MUL	R5, R1, R0	;(R1=0x0000000B R0=0x00000004 )
(       libmtguard.so[0xCBBCB000])[4D B1       ]0x00003E28:	CBZ	R5, #0XCBBCEE3E	;(R5=0x0000002C )
(       libmtguard.so[0xCBBCB000])[28 46       ]0x00003E2A:	MOV	R0, R5	;(R5=0x0000002C )
(       libmtguard.so[0xCBBCB000])[FE F7 C8 EB ]0x00003E2C:	BLX	#0XCBBCD5C0	;(PC=0xCBBCEE2C )
(       libmtguard.so[0xCBBCB000])[00 C6 8F E2 ]0x000025C0:	ADD	IP, PC, #0, #12	;(PC=0xCBBCD5C0 )
(       libmtguard.so[0xCBBCB000])[3D CA 8C E2 ]0x000025C4:	ADD	IP, IP, #0X3D000	;(IP=0xCBBCD5C8 )
(       libmtguard.so[0xCBBCB000])[04 F9 BC E5 ]0x000025C8:	LDR	PC, [IP, #0X904]!	;(IP=0xCBC0A5C8 )
(       libmtguard.so[0xCBBCB000])[04 46       ]0x00003E30:	MOV	R4, R0	;(R0=0x300439E0 )
(       libmtguard.so[0xCBBCB000])[24 B1       ]0x00003E32:	CBZ	R4, #0XCBBCEE3E	;(R4=0x300439E0 )
(       libmtguard.so[0xCBBCB000])[20 46       ]0x00003E34:	MOV	R0, R4	;(R4=0x300439E0 )
(       libmtguard.so[0xCBBCB000])[29 46       ]0x00003E36:	MOV	R1, R5	;(R5=0x0000002C )
(       libmtguard.so[0xCBBCB000])[FE F7 CE EB ]0x00003E38:	BLX	#0XCBBCD5D8	;(PC=0xCBBCEE38 )
(       libmtguard.so[0xCBBCB000])[00 C6 8F E2 ]0x000025D8:	ADD	IP, PC, #0, #12	;(PC=0xCBBCD5D8 )
(       libmtguard.so[0xCBBCB000])[3D CA 8C E2 ]0x000025DC:	ADD	IP, IP, #0X3D000	;(IP=0xCBBCD5E0 )
(       libmtguard.so[0xCBBCB000])[F4 F8 BC E5 ]0x000025E0:	LDR	PC, [IP, #0X8F4]!	;(IP=0xCBC0A5E0 )
(       libmtguard.so[0xCBBCB000])[00 E0       ]0x00003E3C:	B	#0XCBBCEE40
(       libmtguard.so[0xCBBCB000])[20 46       ]0x00003E40:	MOV	R0, R4	;(R4=0x300439E0 )
(       libmtguard.so[0xCBBCB000])[B0 BD       ]0x00003E42:	POP	{R4, R5, R7, PC}	;(SP=0x100FFF98 )
(       libmtguard.so[0xCBBCB000])[00 28       ]0x000038AE:	CMP	R0, #0	;(R0=0x300439E0 )
(       libmtguard.so[0xCBBCB000])[20 60       ]0x000038B0:	STR	R0, [R4]	;(R0=0x300439E0 R4=0x300439C8 )
(       libmtguard.so[0xCBBCB000])[05 D1       ]0x000038B2:	BNE	#0XCBBCE8C0
(       libmtguard.so[0xCBBCB000])[20 46       ]0x000038C0:	MOV	R0, R4	;(R4=0x300439C8 )
(       libmtguard.so[0xCBBCB000])[5D F8 04 BB ]0x000038C2:	LDR	FP, [SP], #4	;(SP=0x100FFFA8 )
(       libmtguard.so[0xCBBCB000])[F0 BD       ]0x000038C6:	POP	{R4, R5, R6, R7, PC}	;(SP=0x100FFFAC )
(       libmtguard.so[0xCBBCB000])[01 36       ]0x0000CE08:	ADDS	R6, #1	;(R6=0x0000005A )
(       libmtguard.so[0xCBBCB000])[60 60       ]0x0000CE0A:	STR	R0, [R4, #4]	;(R0=0x300439C8 R4=0xCBC0D364 )
(       libmtguard.so[0xCBBCB000])[B6 F5 7C 7F ]0x0000CE0C:	CMP.W	R6, #0X3F0	;(R6=0x0000005B )
(       libmtguard.so[0xCBBCB000])[F3 D1       ]0x0000CE10:	BNE	#0XCBBD7DFA
(       libmtguard.so[0xCBBCB000])[48 46       ]0x0000CDFA:	MOV	R0, SB	;(SB=0xCBBCFE51 )
(       libmtguard.so[0xCBBCB000])[45 F8 36 80 ]0x0000CDFC:	STR.W	R8, [R5, R6, LSL #3]	;(R8=0xFFFFFFFF R5=0xCBC0D094 R6=0x0000005B )
(       libmtguard.so[0xCBBCB000])[05 EB C6 04 ]0x0000CE00:	ADD.W	R4, R5, R6, LSL #3	;(R5=0xCBC0D094 R6=0x0000005B )
(       libmtguard.so[0xCBBCB000])[F6 F7 3A FD ]0x0000CE04:	BL	#0XCBBCE87C	;(PC=0xCBBD7E04 )
(       libmtguard.so[0xCBBCB000])[F0 B5       ]0x0000387C:	PUSH	{R4, R5, R6, R7, LR}	;(SP=0x100FFFC0 R4=0xCBC0D36C R5=0xCBC0D094 R6=0x0000005B R7=0x100FFFE0 LR=0xCBBD7E09 )
(       libmtguard.so[0xCBBCB000])[03 AF       ]0x0000387E:	ADD	R7, SP, #0XC	;(SP=0x100FFFAC )
(       libmtguard.so[0xCBBCB000])[4D F8 04 BD ]0x00003880:	STR	FP, [SP, #-0X4]!	;(FP=0xCBC0B1C4 SP=0x100FFFAC )
(       libmtguard.so[0xCBBCB000])[05 46       ]0x00003884:	MOV	R5, R0	;(R0=0xCBBCFE51 )
(       libmtguard.so[0xCBBCB000])[01 20       ]0x00003886:	MOVS	R0, #1
(       libmtguard.so[0xCBBCB000])[10 21       ]0x00003888:	MOVS	R1, #0X10
(       libmtguard.so[0xCBBCB000])[00 22       ]0x0000388A:	MOVS	R2, #0
(       libmtguard.so[0xCBBCB000])[00 23       ]0x0000388C:	MOVS	R3, #0
(       libmtguard.so[0xCBBCB000])[00 26       ]0x0000388E:	MOVS	R6, #0
(       libmtguard.so[0xCBBCB000])[00 F0 C6 FA ]0x00003890:	BL	#0XCBBCEE20	;(PC=0xCBBCE890 )
(       libmtguard.so[0xCBBCB000])[B0 B5       ]0x00003E20:	PUSH	{R4, R5, R7, LR}	;(SP=0x100FFFA8 R4=0xCBC0D36C R5=0xCBBCFE51 R7=0x100FFFB8 LR=0xCBBCE895 )
(       libmtguard.so[0xCBBCB000])[02 AF       ]0x00003E22:	ADD	R7, SP, #8	;(SP=0x100FFF98 )
(       libmtguard.so[0xCBBCB000])[01 FB 00 F5 ]0x00003E24:	MUL	R5, R1, R0	;(R1=0x00000010 R0=0x00000001 )
(       libmtguard.so[0xCBBCB000])[4D B1       ]0x00003E28:	CBZ	R5, #0XCBBCEE3E	;(R5=0x00000010 )
(       libmtguard.so[0xCBBCB000])[28 46       ]0x00003E2A:	MOV	R0, R5	;(R5=0x00000010 )
(       libmtguard.so[0xCBBCB000])[FE F7 C8 EB ]0x00003E2C:	BLX	#0XCBBCD5C0	;(PC=0xCBBCEE2C )
(       libmtguard.so[0xCBBCB000])[00 C6 8F E2 ]0x000025C0:	ADD	IP, PC, #0, #12	;(PC=0xCBBCD5C0 )
(       libmtguard.so[0xCBBCB000])[3D CA 8C E2 ]0x000025C4:	ADD	IP, IP, #0X3D000	;(IP=0xCBBCD5C8 )
(       libmtguard.so[0xCBBCB000])[04 F9 BC E5 ]0x000025C8:	LDR	PC, [IP, #0X904]!	;(IP=0xCBC0A5C8 )
(       libmtguard.so[0xCBBCB000])[04 46       ]0x00003E30:	MOV	R4, R0	;(R0=0x30043A10 )
(       libmtguard.so[0xCBBCB000])[24 B1       ]0x00003E32:	CBZ	R4, #0XCBBCEE3E	;(R4=0x30043A10 )
(       libmtguard.so[0xCBBCB000])[20 46       ]0x00003E34:	MOV	R0, R4	;(R4=0x30043A10 )
(       libmtguard.so[0xCBBCB000])[29 46       ]0x00003E36:	MOV	R1, R5	;(R5=0x00000010 )
(       libmtguard.so[0xCBBCB000])[FE F7 CE EB ]0x00003E38:	BLX	#0XCBBCD5D8	;(PC=0xCBBCEE38 )
(       libmtguard.so[0xCBBCB000])[00 C6 8F E2 ]0x000025D8:	ADD	IP, PC, #0, #12	;(PC=0xCBBCD5D8 )
(       libmtguard.so[0xCBBCB000])[3D CA 8C E2 ]0x000025DC:	ADD	IP, IP, #0X3D000	;(IP=0xCBBCD5E0 )
(       libmtguard.so[0xCBBCB000])[F4 F8 BC E5 ]0x000025E0:	LDR	PC, [IP, #0X8F4]!	;(IP=0xCBC0A5E0 )
(       libmtguard.so[0xCBBCB000])[00 E0       ]0x00003E3C:	B	#0XCBBCEE40
(       libmtguard.so[0xCBBCB000])[20 46       ]0x00003E40:	MOV	R0, R4	;(R4=0x30043A10 )
(       libmtguard.so[0xCBBCB000])[B0 BD       ]0x00003E42:	POP	{R4, R5, R7, PC}	;(SP=0x100FFF98 )
(       libmtguard.so[0xCBBCB000])[04 46       ]0x00003894:	MOV	R4, R0	;(R0=0x30043A10 )
(       libmtguard.so[0xCBBCB000])[94 B1       ]0x00003896:	CBZ	R4, #0XCBBCE8BE	;(R4=0x30043A10 )
(       libmtguard.so[0xCBBCB000])[0B 20       ]0x00003898:	MOVS	R0, #0XB
(       libmtguard.so[0xCBBCB000])[C4 E9 00 66 ]0x0000389A:	STRD	R6, R6, [R4]	;(R6=0x00000000 R4=0x30043A10 )
(       libmtguard.so[0xCBBCB000])[C4 E9 02 05 ]0x0000389E:	STRD	R0, R5, [R4, #8]	;(R0=0x0000000B R5=0xCBBCFE51 R4=0x30043A10 )
(       libmtguard.so[0xCBBCB000])[04 20       ]0x000038A2:	MOVS	R0, #4
(       libmtguard.so[0xCBBCB000])[0B 21       ]0x000038A4:	MOVS	R1, #0XB
(       libmtguard.so[0xCBBCB000])[00 22       ]0x000038A6:	MOVS	R2, #0
(       libmtguard.so[0xCBBCB000])[00 23       ]0x000038A8:	MOVS	R3, #0
(       libmtguard.so[0xCBBCB000])[00 F0 B9 FA ]0x000038AA:	BL	#0XCBBCEE20	;(PC=0xCBBCE8AA )
(       libmtguard.so[0xCBBCB000])[B0 B5       ]0x00003E20:	PUSH	{R4, R5, R7, LR}	;(SP=0x100FFFA8 R4=0x30043A10 R5=0xCBBCFE51 R7=0x100FFFB8 LR=0xCBBCE8AF )
(       libmtguard.so[0xCBBCB000])[02 AF       ]0x00003E22:	ADD	R7, SP, #8	;(SP=0x100FFF98 )
(       libmtguard.so[0xCBBCB000])[01 FB 00 F5 ]0x00003E24:	MUL	R5, R1, R0	;(R1=0x0000000B R0=0x00000004 )
(       libmtguard.so[0xCBBCB000])[4D B1       ]0x00003E28:	CBZ	R5, #0XCBBCEE3E	;(R5=0x0000002C )
(       libmtguard.so[0xCBBCB000])[28 46       ]0x00003E2A:	MOV	R0, R5	;(R5=0x0000002C )
(       libmtguard.so[0xCBBCB000])[FE F7 C8 EB ]0x00003E2C:	BLX	#0XCBBCD5C0	;(PC=0xCBBCEE2C )
(       libmtguard.so[0xCBBCB000])[00 C6 8F E2 ]0x000025C0:	ADD	IP, PC, #0, #12	;(PC=0xCBBCD5C0 )
(       libmtguard.so[0xCBBCB000])[3D CA 8C E2 ]0x000025C4:	ADD	IP, IP, #0X3D000	;(IP=0xCBBCD5C8 )
(       libmtguard.so[0xCBBCB000])[04 F9 BC E5 ]0x000025C8:	LDR	PC, [IP, #0X904]!	;(IP=0xCBC0A5C8 )
(       libmtguard.so[0xCBBCB000])[04 46       ]0x00003E30:	MOV	R4, R0	;(R0=0x30043A28 )
(       libmtguard.so[0xCBBCB000])[24 B1       ]0x00003E32:	CBZ	R4, #0XCBBCEE3E	;(R4=0x30043A28 )
(       libmtguard.so[0xCBBCB000])[20 46       ]0x00003E34:	MOV	R0, R4	;(R4=0x30043A28 )
(       libmtguard.so[0xCBBCB000])[29 46       ]0x00003E36:	MOV	R1, R5	;(R5=0x0000002C )
(       libmtguard.so[0xCBBCB000])[FE F7 CE EB ]0x00003E38:	BLX	#0XCBBCD5D8	;(PC=0xCBBCEE38 )
(       libmtguard.so[0xCBBCB000])[00 C6 8F E2 ]0x000025D8:	ADD	IP, PC, #0, #12	;(PC=0xCBBCD5D8 )
(       libmtguard.so[0xCBBCB000])[3D CA 8C E2 ]0x000025DC:	ADD	IP, IP, #0X3D000	;(IP=0xCBBCD5E0 )
(       libmtguard.so[0xCBBCB000])[F4 F8 BC E5 ]0x000025E0:	LDR	PC, [IP, #0X8F4]!	;(IP=0xCBC0A5E0 )
(       libmtguard.so[0xCBBCB000])[00 E0       ]0x00003E3C:	B	#0XCBBCEE40
(       libmtguard.so[0xCBBCB000])[20 46       ]0x00003E40:	MOV	R0, R4	;(R4=0x30043A28 )
(       libmtguard.so[0xCBBCB000])[B0 BD       ]0x00003E42:	POP	{R4, R5, R7, PC}	;(SP=0x100FFF98 )
(       libmtguard.so[0xCBBCB000])[00 28       ]0x000038AE:	CMP	R0, #0	;(R0=0x30043A28 )
(       libmtguard.so[0xCBBCB000])[20 60       ]0x000038B0:	STR	R0, [R4]	;(R0=0x30043A28 R4=0x30043A10 )
(       libmtguard.so[0xCBBCB000])[05 D1       ]0x000038B2:	BNE	#0XCBBCE8C0
(       libmtguard.so[0xCBBCB000])[20 46       ]0x000038C0:	MOV	R0, R4	;(R4=0x30043A10 )
(       libmtguard.so[0xCBBCB000])[5D F8 04 BB ]0x000038C2:	LDR	FP, [SP], #4	;(SP=0x100FFFA8 )
(       libmtguard.so[0xCBBCB000])[F0 BD       ]0x000038C6:	POP	{R4, R5, R6, R7, PC}	;(SP=0x100FFFAC )
(       libmtguard.so[0xCBBCB000])[01 36       ]0x0000CE08:	ADDS	R6, #1	;(R6=0x0000005B )
(       libmtguard.so[0xCBBCB000])[60 60       ]0x0000CE0A:	STR	R0, [R4, #4]	;(R0=0x30043A10 R4=0xCBC0D36C )
(       libmtguard.so[0xCBBCB000])[B6 F5 7C 7F ]0x0000CE0C:	CMP.W	R6, #0X3F0	;(R6=0x0000005C )
(       libmtguard.so[0xCBBCB000])[F3 D1       ]0x0000CE10:	BNE	#0XCBBD7DFA
(       libmtguard.so[0xCBBCB000])[48 46       ]0x0000CDFA:	MOV	R0, SB	;(SB=0xCBBCFE51 )
(       libmtguard.so[0xCBBCB000])[45 F8 36 80 ]0x0000CDFC:	STR.W	R8, [R5, R6, LSL #3]	;(R8=0xFFFFFFFF R5=0xCBC0D094 R6=0x0000005C )
(       libmtguard.so[0xCBBCB000])[05 EB C6 04 ]0x0000CE00:	ADD.W	R4, R5, R6, LSL #3	;(R5=0xCBC0D094 R6=0x0000005C )
(       libmtguard.so[0xCBBCB000])[F6 F7 3A FD ]0x0000CE04:	BL	#0XCBBCE87C	;(PC=0xCBBD7E04 )
(       libmtguard.so[0xCBBCB000])[F0 B5       ]0x0000387C:	PUSH	{R4, R5, R6, R7, LR}	;(SP=0x100FFFC0 R4=0xCBC0D374 R5=0xCBC0D094 R6=0x0000005C R7=0x100FFFE0 LR=0xCBBD7E09 )
(       libmtguard.so[0xCBBCB000])[03 AF       ]0x0000387E:	ADD	R7, SP, #0XC	;(SP=0x100FFFAC )
(       libmtguard.so[0xCBBCB000])[4D F8 04 BD ]0x00003880:	STR	FP, [SP, #-0X4]!	;(FP=0xCBC0B1C4 SP=0x100FFFAC )
(       libmtguard.so[0xCBBCB000])[05 46       ]0x00003884:	MOV	R5, R0	;(R0=0xCBBCFE51 )
(       libmtguard.so[0xCBBCB000])[01 20       ]0x00003886:	MOVS	R0, #1
(       libmtguard.so[0xCBBCB000])[10 21       ]0x00003888:	MOVS	R1, #0X10
(       libmtguard.so[0xCBBCB000])[00 22       ]0x0000388A:	MOVS	R2, #0
(       libmtguard.so[0xCBBCB000])[00 23       ]0x0000388C:	MOVS	R3, #0
(       libmtguard.so[0xCBBCB000])[00 26       ]0x0000388E:	MOVS	R6, #0
(       libmtguard.so[0xCBBCB000])[00 F0 C6 FA ]0x00003890:	BL	#0XCBBCEE20	;(PC=0xCBBCE890 )
(       libmtguard.so[0xCBBCB000])[B0 B5       ]0x00003E20:	PUSH	{R4, R5, R7, LR}	;(SP=0x100FFFA8 R4=0xCBC0D374 R5=0xCBBCFE51 R7=0x100FFFB8 LR=0xCBBCE895 )
(       libmtguard.so[0xCBBCB000])[02 AF       ]0x00003E22:	ADD	R7, SP, #8	;(SP=0x100FFF98 )
(       libmtguard.so[0xCBBCB000])[01 FB 00 F5 ]0x00003E24:	MUL	R5, R1, R0	;(R1=0x00000010 R0=0x00000001 )
(       libmtguard.so[0xCBBCB000])[4D B1       ]0x00003E28:	CBZ	R5, #0XCBBCEE3E	;(R5=0x00000010 )
(       libmtguard.so[0xCBBCB000])[28 46       ]0x00003E2A:	MOV	R0, R5	;(R5=0x00000010 )
(       libmtguard.so[0xCBBCB000])[FE F7 C8 EB ]0x00003E2C:	BLX	#0XCBBCD5C0	;(PC=0xCBBCEE2C )
(       libmtguard.so[0xCBBCB000])[00 C6 8F E2 ]0x000025C0:	ADD	IP, PC, #0, #12	;(PC=0xCBBCD5C0 )
(       libmtguard.so[0xCBBCB000])[3D CA 8C E2 ]0x000025C4:	ADD	IP, IP, #0X3D000	;(IP=0xCBBCD5C8 )
(       libmtguard.so[0xCBBCB000])[04 F9 BC E5 ]0x000025C8:	LDR	PC, [IP, #0X904]!	;(IP=0xCBC0A5C8 )
(       libmtguard.so[0xCBBCB000])[04 46       ]0x00003E30:	MOV	R4, R0	;(R0=0x30043A58 )
(       libmtguard.so[0xCBBCB000])[24 B1       ]0x00003E32:	CBZ	R4, #0XCBBCEE3E	;(R4=0x30043A58 )
(       libmtguard.so[0xCBBCB000])[20 46       ]0x00003E34:	MOV	R0, R4	;(R4=0x30043A58 )
(       libmtguard.so[0xCBBCB000])[29 46       ]0x00003E36:	MOV	R1, R5	;(R5=0x00000010 )
(       libmtguard.so[0xCBBCB000])[FE F7 CE EB ]0x00003E38:	BLX	#0XCBBCD5D8	;(PC=0xCBBCEE38 )
(       libmtguard.so[0xCBBCB000])[00 C6 8F E2 ]0x000025D8:	ADD	IP, PC, #0, #12	;(PC=0xCBBCD5D8 )
(       libmtguard.so[0xCBBCB000])[3D CA 8C E2 ]0x000025DC:	ADD	IP, IP, #0X3D000	;(IP=0xCBBCD5E0 )
(       libmtguard.so[0xCBBCB000])[F4 F8 BC E5 ]0x000025E0:	LDR	PC, [IP, #0X8F4]!	;(IP=0xCBC0A5E0 )
(       libmtguard.so[0xCBBCB000])[00 E0       ]0x00003E3C:	B	#0XCBBCEE40
(       libmtguard.so[0xCBBCB000])[20 46       ]0x00003E40:	MOV	R0, R4	;(R4=0x30043A58 )
(       libmtguard.so[0xCBBCB000])[B0 BD       ]0x00003E42:	POP	{R4, R5, R7, PC}	;(SP=0x100FFF98 )
(       libmtguard.so[0xCBBCB000])[04 46       ]0x00003894:	MOV	R4, R0	;(R0=0x30043A58 )
(       libmtguard.so[0xCBBCB000])[94 B1       ]0x00003896:	CBZ	R4, #0XCBBCE8BE	;(R4=0x30043A58 )
(       libmtguard.so[0xCBBCB000])[0B 20       ]0x00003898:	MOVS	R0, #0XB
(       libmtguard.so[0xCBBCB000])[C4 E9 00 66 ]0x0000389A:	STRD	R6, R6, [R4]	;(R6=0x00000000 R4=0x30043A58 )
(       libmtguard.so[0xCBBCB000])[C4 E9 02 05 ]0x0000389E:	STRD	R0, R5, [R4, #8]	;(R0=0x0000000B R5=0xCBBCFE51 R4=0x30043A58 )
(       libmtguard.so[0xCBBCB000])[04 20       ]0x000038A2:	MOVS	R0, #4
(       libmtguard.so[0xCBBCB000])[0B 21       ]0x000038A4:	MOVS	R1, #0XB
(       libmtguard.so[0xCBBCB000])[00 22       ]0x000038A6:	MOVS	R2, #0
(       libmtguard.so[0xCBBCB000])[00 23       ]0x000038A8:	MOVS	R3, #0
(       libmtguard.so[0xCBBCB000])[00 F0 B9 FA ]0x000038AA:	BL	#0XCBBCEE20	;(PC=0xCBBCE8AA )
(       libmtguard.so[0xCBBCB000])[B0 B5       ]0x00003E20:	PUSH	{R4, R5, R7, LR}	;(SP=0x100FFFA8 R4=0x30043A58 R5=0xCBBCFE51 R7=0x100FFFB8 LR=0xCBBCE8AF )
(       libmtguard.so[0xCBBCB000])[02 AF       ]0x00003E22:	ADD	R7, SP, #8	;(SP=0x100FFF98 )
(       libmtguard.so[0xCBBCB000])[01 FB 00 F5 ]0x00003E24:	MUL	R5, R1, R0	;(R1=0x0000000B R0=0x00000004 )
(       libmtguard.so[0xCBBCB000])[4D B1       ]0x00003E28:	CBZ	R5, #0XCBBCEE3E	;(R5=0x0000002C )
(       libmtguard.so[0xCBBCB000])[28 46       ]0x00003E2A:	MOV	R0, R5	;(R5=0x0000002C )
(       libmtguard.so[0xCBBCB000])[FE F7 C8 EB ]0x00003E2C:	BLX	#0XCBBCD5C0	;(PC=0xCBBCEE2C )
(       libmtguard.so[0xCBBCB000])[00 C6 8F E2 ]0x000025C0:	ADD	IP, PC, #0, #12	;(PC=0xCBBCD5C0 )
(       libmtguard.so[0xCBBCB000])[3D CA 8C E2 ]0x000025C4:	ADD	IP, IP, #0X3D000	;(IP=0xCBBCD5C8 )
(       libmtguard.so[0xCBBCB000])[04 F9 BC E5 ]0x000025C8:	LDR	PC, [IP, #0X904]!	;(IP=0xCBC0A5C8 )
(       libmtguard.so[0xCBBCB000])[04 46       ]0x00003E30:	MOV	R4, R0	;(R0=0x30043A70 )
(       libmtguard.so[0xCBBCB000])[24 B1       ]0x00003E32:	CBZ	R4, #0XCBBCEE3E	;(R4=0x30043A70 )
(       libmtguard.so[0xCBBCB000])[20 46       ]0x00003E34:	MOV	R0, R4	;(R4=0x30043A70 )
(       libmtguard.so[0xCBBCB000])[29 46       ]0x00003E36:	MOV	R1, R5	;(R5=0x0000002C )
(       libmtguard.so[0xCBBCB000])[FE F7 CE EB ]0x00003E38:	BLX	#0XCBBCD5D8	;(PC=0xCBBCEE38 )
(       libmtguard.so[0xCBBCB000])[00 C6 8F E2 ]0x000025D8:	ADD	IP, PC, #0, #12	;(PC=0xCBBCD5D8 )
(       libmtguard.so[0xCBBCB000])[3D CA 8C E2 ]0x000025DC:	ADD	IP, IP, #0X3D000	;(IP=0xCBBCD5E0 )
(       libmtguard.so[0xCBBCB000])[F4 F8 BC E5 ]0x000025E0:	LDR	PC, [IP, #0X8F4]!	;(IP=0xCBC0A5E0 )
(       libmtguard.so[0xCBBCB000])[00 E0       ]0x00003E3C:	B	#0XCBBCEE40
(       libmtguard.so[0xCBBCB000])[20 46       ]0x00003E40:	MOV	R0, R4	;(R4=0x30043A70 )
(       libmtguard.so[0xCBBCB000])[B0 BD       ]0x00003E42:	POP	{R4, R5, R7, PC}	;(SP=0x100FFF98 )
(       libmtguard.so[0xCBBCB000])[00 28       ]0x000038AE:	CMP	R0, #0	;(R0=0x30043A70 )
(       libmtguard.so[0xCBBCB000])[20 60       ]0x000038B0:	STR	R0, [R4]	;(R0=0x30043A70 R4=0x30043A58 )
(       libmtguard.so[0xCBBCB000])[05 D1       ]0x000038B2:	BNE	#0XCBBCE8C0
(       libmtguard.so[0xCBBCB000])[20 46       ]0x000038C0:	MOV	R0, R4	;(R4=0x30043A58 )
(       libmtguard.so[0xCBBCB000])[5D F8 04 BB ]0x000038C2:	LDR	FP, [SP], #4	;(SP=0x100FFFA8 )
(       libmtguard.so[0xCBBCB000])[F0 BD       ]0x000038C6:	POP	{R4, R5, R6, R7, PC}	;(SP=0x100FFFAC )
(       libmtguard.so[0xCBBCB000])[01 36       ]0x0000CE08:	ADDS	R6, #1	;(R6=0x0000005C )
(       libmtguard.so[0xCBBCB000])[60 60       ]0x0000CE0A:	STR	R0, [R4, #4]	;(R0=0x30043A58 R4=0xCBC0D374 )
(       libmtguard.so[0xCBBCB000])[B6 F5 7C 7F ]0x0000CE0C:	CMP.W	R6, #0X3F0	;(R6=0x0000005D )
(       libmtguard.so[0xCBBCB000])[F3 D1       ]0x0000CE10:	BNE	#0XCBBD7DFA
(       libmtguard.so[0xCBBCB000])[48 46       ]0x0000CDFA:	MOV	R0, SB	;(SB=0xCBBCFE51 )
(       libmtguard.so[0xCBBCB000])[45 F8 36 80 ]0x0000CDFC:	STR.W	R8, [R5, R6, LSL #3]	;(R8=0xFFFFFFFF R5=0xCBC0D094 R6=0x0000005D )
(       libmtguard.so[0xCBBCB000])[05 EB C6 04 ]0x0000CE00:	ADD.W	R4, R5, R6, LSL #3	;(R5=0xCBC0D094 R6=0x0000005D )
(       libmtguard.so[0xCBBCB000])[F6 F7 3A FD ]0x0000CE04:	BL	#0XCBBCE87C	;(PC=0xCBBD7E04 )
(       libmtguard.so[0xCBBCB000])[F0 B5       ]0x0000387C:	PUSH	{R4, R5, R6, R7, LR}	;(SP=0x100FFFC0 R4=0xCBC0D37C R5=0xCBC0D094 R6=0x0000005D R7=0x100FFFE0 LR=0xCBBD7E09 )
(       libmtguard.so[0xCBBCB000])[03 AF       ]0x0000387E:	ADD	R7, SP, #0XC	;(SP=0x100FFFAC )
(       libmtguard.so[0xCBBCB000])[4D F8 04 BD ]0x00003880:	STR	FP, [SP, #-0X4]!	;(FP=0xCBC0B1C4 SP=0x100FFFAC )
(       libmtguard.so[0xCBBCB000])[05 46       ]0x00003884:	MOV	R5, R0	;(R0=0xCBBCFE51 )
(       libmtguard.so[0xCBBCB000])[01 20       ]0x00003886:	MOVS	R0, #1
(       libmtguard.so[0xCBBCB000])[10 21       ]0x00003888:	MOVS	R1, #0X10
(       libmtguard.so[0xCBBCB000])[00 22       ]0x0000388A:	MOVS	R2, #0
(       libmtguard.so[0xCBBCB000])[00 23       ]0x0000388C:	MOVS	R3, #0
(       libmtguard.so[0xCBBCB000])[00 26       ]0x0000388E:	MOVS	R6, #0
(       libmtguard.so[0xCBBCB000])[00 F0 C6 FA ]0x00003890:	BL	#0XCBBCEE20	;(PC=0xCBBCE890 )
(       libmtguard.so[0xCBBCB000])[B0 B5       ]0x00003E20:	PUSH	{R4, R5, R7, LR}	;(SP=0x100FFFA8 R4=0xCBC0D37C R5=0xCBBCFE51 R7=0x100FFFB8 LR=0xCBBCE895 )
(       libmtguard.so[0xCBBCB000])[02 AF       ]0x00003E22:	ADD	R7, SP, #8	;(SP=0x100FFF98 )
(       libmtguard.so[0xCBBCB000])[01 FB 00 F5 ]0x00003E24:	MUL	R5, R1, R0	;(R1=0x00000010 R0=0x00000001 )
(       libmtguard.so[0xCBBCB000])[4D B1       ]0x00003E28:	CBZ	R5, #0XCBBCEE3E	;(R5=0x00000010 )
(       libmtguard.so[0xCBBCB000])[28 46       ]0x00003E2A:	MOV	R0, R5	;(R5=0x00000010 )
(       libmtguard.so[0xCBBCB000])[FE F7 C8 EB ]0x00003E2C:	BLX	#0XCBBCD5C0	;(PC=0xCBBCEE2C )
(       libmtguard.so[0xCBBCB000])[00 C6 8F E2 ]0x000025C0:	ADD	IP, PC, #0, #12	;(PC=0xCBBCD5C0 )
(       libmtguard.so[0xCBBCB000])[3D CA 8C E2 ]0x000025C4:	ADD	IP, IP, #0X3D000	;(IP=0xCBBCD5C8 )
(       libmtguard.so[0xCBBCB000])[04 F9 BC E5 ]0x000025C8:	LDR	PC, [IP, #0X904]!	;(IP=0xCBC0A5C8 )
(       libmtguard.so[0xCBBCB000])[04 46       ]0x00003E30:	MOV	R4, R0	;(R0=0x30043AA0 )
(       libmtguard.so[0xCBBCB000])[24 B1       ]0x00003E32:	CBZ	R4, #0XCBBCEE3E	;(R4=0x30043AA0 )
(       libmtguard.so[0xCBBCB000])[20 46       ]0x00003E34:	MOV	R0, R4	;(R4=0x30043AA0 )
(       libmtguard.so[0xCBBCB000])[29 46       ]0x00003E36:	MOV	R1, R5	;(R5=0x00000010 )
(       libmtguard.so[0xCBBCB000])[FE F7 CE EB ]0x00003E38:	BLX	#0XCBBCD5D8	;(PC=0xCBBCEE38 )
(       libmtguard.so[0xCBBCB000])[00 C6 8F E2 ]0x000025D8:	ADD	IP, PC, #0, #12	;(PC=0xCBBCD5D8 )
(       libmtguard.so[0xCBBCB000])[3D CA 8C E2 ]0x000025DC:	ADD	IP, IP, #0X3D000	;(IP=0xCBBCD5E0 )
(       libmtguard.so[0xCBBCB000])[F4 F8 BC E5 ]0x000025E0:	LDR	PC, [IP, #0X8F4]!	;(IP=0xCBC0A5E0 )
(       libmtguard.so[0xCBBCB000])[00 E0       ]0x00003E3C:	B	#0XCBBCEE40
(       libmtguard.so[0xCBBCB000])[20 46       ]0x00003E40:	MOV	R0, R4	;(R4=0x30043AA0 )
(       libmtguard.so[0xCBBCB000])[B0 BD       ]0x00003E42:	POP	{R4, R5, R7, PC}	;(SP=0x100FFF98 )
(       libmtguard.so[0xCBBCB000])[04 46       ]0x00003894:	MOV	R4, R0	;(R0=0x30043AA0 )
(       libmtguard.so[0xCBBCB000])[94 B1       ]0x00003896:	CBZ	R4, #0XCBBCE8BE	;(R4=0x30043AA0 )
(       libmtguard.so[0xCBBCB000])[0B 20       ]0x00003898:	MOVS	R0, #0XB
(       libmtguard.so[0xCBBCB000])[C4 E9 00 66 ]0x0000389A:	STRD	R6, R6, [R4]	;(R6=0x00000000 R4=0x30043AA0 )
(       libmtguard.so[0xCBBCB000])[C4 E9 02 05 ]0x0000389E:	STRD	R0, R5, [R4, #8]	;(R0=0x0000000B R5=0xCBBCFE51 R4=0x30043AA0 )
(       libmtguard.so[0xCBBCB000])[04 20       ]0x000038A2:	MOVS	R0, #4
(       libmtguard.so[0xCBBCB000])[0B 21       ]0x000038A4:	MOVS	R1, #0XB
(       libmtguard.so[0xCBBCB000])[00 22       ]0x000038A6:	MOVS	R2, #0
(       libmtguard.so[0xCBBCB000])[00 23       ]0x000038A8:	MOVS	R3, #0
(       libmtguard.so[0xCBBCB000])[00 F0 B9 FA ]0x000038AA:	BL	#0XCBBCEE20	;(PC=0xCBBCE8AA )
(       libmtguard.so[0xCBBCB000])[B0 B5       ]0x00003E20:	PUSH	{R4, R5, R7, LR}	;(SP=0x100FFFA8 R4=0x30043AA0 R5=0xCBBCFE51 R7=0x100FFFB8 LR=0xCBBCE8AF )
(       libmtguard.so[0xCBBCB000])[02 AF       ]0x00003E22:	ADD	R7, SP, #8	;(SP=0x100FFF98 )
(       libmtguard.so[0xCBBCB000])[01 FB 00 F5 ]0x00003E24:	MUL	R5, R1, R0	;(R1=0x0000000B R0=0x00000004 )
(       libmtguard.so[0xCBBCB000])[4D B1       ]0x00003E28:	CBZ	R5, #0XCBBCEE3E	;(R5=0x0000002C )
(       libmtguard.so[0xCBBCB000])[28 46       ]0x00003E2A:	MOV	R0, R5	;(R5=0x0000002C )
(       libmtguard.so[0xCBBCB000])[FE F7 C8 EB ]0x00003E2C:	BLX	#0XCBBCD5C0	;(PC=0xCBBCEE2C )
(       libmtguard.so[0xCBBCB000])[00 C6 8F E2 ]0x000025C0:	ADD	IP, PC, #0, #12	;(PC=0xCBBCD5C0 )
(       libmtguard.so[0xCBBCB000])[3D CA 8C E2 ]0x000025C4:	ADD	IP, IP, #0X3D000	;(IP=0xCBBCD5C8 )
(       libmtguard.so[0xCBBCB000])[04 F9 BC E5 ]0x000025C8:	LDR	PC, [IP, #0X904]!	;(IP=0xCBC0A5C8 )
(       libmtguard.so[0xCBBCB000])[04 46       ]0x00003E30:	MOV	R4, R0	;(R0=0x30043AB8 )
(       libmtguard.so[0xCBBCB000])[24 B1       ]0x00003E32:	CBZ	R4, #0XCBBCEE3E	;(R4=0x30043AB8 )
(       libmtguard.so[0xCBBCB000])[20 46       ]0x00003E34:	MOV	R0, R4	;(R4=0x30043AB8 )
(       libmtguard.so[0xCBBCB000])[29 46       ]0x00003E36:	MOV	R1, R5	;(R5=0x0000002C )
(       libmtguard.so[0xCBBCB000])[FE F7 CE EB ]0x00003E38:	BLX	#0XCBBCD5D8	;(PC=0xCBBCEE38 )
(       libmtguard.so[0xCBBCB000])[00 C6 8F E2 ]0x000025D8:	ADD	IP, PC, #0, #12	;(PC=0xCBBCD5D8 )
(       libmtguard.so[0xCBBCB000])[3D CA 8C E2 ]0x000025DC:	ADD	IP, IP, #0X3D000	;(IP=0xCBBCD5E0 )
(       libmtguard.so[0xCBBCB000])[F4 F8 BC E5 ]0x000025E0:	LDR	PC, [IP, #0X8F4]!	;(IP=0xCBC0A5E0 )
(       libmtguard.so[0xCBBCB000])[00 E0       ]0x00003E3C:	B	#0XCBBCEE40
(       libmtguard.so[0xCBBCB000])[20 46       ]0x00003E40:	MOV	R0, R4	;(R4=0x30043AB8 )
(       libmtguard.so[0xCBBCB000])[B0 BD       ]0x00003E42:	POP	{R4, R5, R7, PC}	;(SP=0x100FFF98 )
(       libmtguard.so[0xCBBCB000])[00 28       ]0x000038AE:	CMP	R0, #0	;(R0=0x30043AB8 )
(       libmtguard.so[0xCBBCB000])[20 60       ]0x000038B0:	STR	R0, [R4]	;(R0=0x30043AB8 R4=0x30043AA0 )
(       libmtguard.so[0xCBBCB000])[05 D1       ]0x000038B2:	BNE	#0XCBBCE8C0
(       libmtguard.so[0xCBBCB000])[20 46       ]0x000038C0:	MOV	R0, R4	;(R4=0x30043AA0 )
(       libmtguard.so[0xCBBCB000])[5D F8 04 BB ]0x000038C2:	LDR	FP, [SP], #4	;(SP=0x100FFFA8 )
(       libmtguard.so[0xCBBCB000])[F0 BD       ]0x000038C6:	POP	{R4, R5, R6, R7, PC}	;(SP=0x100FFFAC )
(       libmtguard.so[0xCBBCB000])[01 36       ]0x0000CE08:	ADDS	R6, #1	;(R6=0x0000005D )
(       libmtguard.so[0xCBBCB000])[60 60       ]0x0000CE0A:	STR	R0, [R4, #4]	;(R0=0x30043AA0 R4=0xCBC0D37C )
(       libmtguard.so[0xCBBCB000])[B6 F5 7C 7F ]0x0000CE0C:	CMP.W	R6, #0X3F0	;(R6=0x0000005E )
(       libmtguard.so[0xCBBCB000])[F3 D1       ]0x0000CE10:	BNE	#0XCBBD7DFA
(       libmtguard.so[0xCBBCB000])[48 46       ]0x0000CDFA:	MOV	R0, SB	;(SB=0xCBBCFE51 )
(       libmtguard.so[0xCBBCB000])[45 F8 36 80 ]0x0000CDFC:	STR.W	R8, [R5, R6, LSL #3]	;(R8=0xFFFFFFFF R5=0xCBC0D094 R6=0x0000005E )
(       libmtguard.so[0xCBBCB000])[05 EB C6 04 ]0x0000CE00:	ADD.W	R4, R5, R6, LSL #3	;(R5=0xCBC0D094 R6=0x0000005E )
(       libmtguard.so[0xCBBCB000])[F6 F7 3A FD ]0x0000CE04:	BL	#0XCBBCE87C	;(PC=0xCBBD7E04 )
(       libmtguard.so[0xCBBCB000])[F0 B5       ]0x0000387C:	PUSH	{R4, R5, R6, R7, LR}	;(SP=0x100FFFC0 R4=0xCBC0D384 R5=0xCBC0D094 R6=0x0000005E R7=0x100FFFE0 LR=0xCBBD7E09 )
(       libmtguard.so[0xCBBCB000])[03 AF       ]0x0000387E:	ADD	R7, SP, #0XC	;(SP=0x100FFFAC )
(       libmtguard.so[0xCBBCB000])[4D F8 04 BD ]0x00003880:	STR	FP, [SP, #-0X4]!	;(FP=0xCBC0B1C4 SP=0x100FFFAC )
(       libmtguard.so[0xCBBCB000])[05 46       ]0x00003884:	MOV	R5, R0	;(R0=0xCBBCFE51 )
(       libmtguard.so[0xCBBCB000])[01 20       ]0x00003886:	MOVS	R0, #1
(       libmtguard.so[0xCBBCB000])[10 21       ]0x00003888:	MOVS	R1, #0X10
(       libmtguard.so[0xCBBCB000])[00 22       ]0x0000388A:	MOVS	R2, #0
(       libmtguard.so[0xCBBCB000])[00 23       ]0x0000388C:	MOVS	R3, #0
(       libmtguard.so[0xCBBCB000])[00 26       ]0x0000388E:	MOVS	R6, #0
(       libmtguard.so[0xCBBCB000])[00 F0 C6 FA ]0x00003890:	BL	#0XCBBCEE20	;(PC=0xCBBCE890 )
(       libmtguard.so[0xCBBCB000])[B0 B5       ]0x00003E20:	PUSH	{R4, R5, R7, LR}	;(SP=0x100FFFA8 R4=0xCBC0D384 R5=0xCBBCFE51 R7=0x100FFFB8 LR=0xCBBCE895 )
(       libmtguard.so[0xCBBCB000])[02 AF       ]0x00003E22:	ADD	R7, SP, #8	;(SP=0x100FFF98 )
(       libmtguard.so[0xCBBCB000])[01 FB 00 F5 ]0x00003E24:	MUL	R5, R1, R0	;(R1=0x00000010 R0=0x00000001 )
(       libmtguard.so[0xCBBCB000])[4D B1       ]0x00003E28:	CBZ	R5, #0XCBBCEE3E	;(R5=0x00000010 )
(       libmtguard.so[0xCBBCB000])[28 46       ]0x00003E2A:	MOV	R0, R5	;(R5=0x00000010 )
(       libmtguard.so[0xCBBCB000])[FE F7 C8 EB ]0x00003E2C:	BLX	#0XCBBCD5C0	;(PC=0xCBBCEE2C )
(       libmtguard.so[0xCBBCB000])[00 C6 8F E2 ]0x000025C0:	ADD	IP, PC, #0, #12	;(PC=0xCBBCD5C0 )
(       libmtguard.so[0xCBBCB000])[3D CA 8C E2 ]0x000025C4:	ADD	IP, IP, #0X3D000	;(IP=0xCBBCD5C8 )
(       libmtguard.so[0xCBBCB000])[04 F9 BC E5 ]0x000025C8:	LDR	PC, [IP, #0X904]!	;(IP=0xCBC0A5C8 )
(       libmtguard.so[0xCBBCB000])[04 46       ]0x00003E30:	MOV	R4, R0	;(R0=0x30043AE8 )
(       libmtguard.so[0xCBBCB000])[24 B1       ]0x00003E32:	CBZ	R4, #0XCBBCEE3E	;(R4=0x30043AE8 )
(       libmtguard.so[0xCBBCB000])[20 46       ]0x00003E34:	MOV	R0, R4	;(R4=0x30043AE8 )
(       libmtguard.so[0xCBBCB000])[29 46       ]0x00003E36:	MOV	R1, R5	;(R5=0x00000010 )
(       libmtguard.so[0xCBBCB000])[FE F7 CE EB ]0x00003E38:	BLX	#0XCBBCD5D8	;(PC=0xCBBCEE38 )
(       libmtguard.so[0xCBBCB000])[00 C6 8F E2 ]0x000025D8:	ADD	IP, PC, #0, #12	;(PC=0xCBBCD5D8 )
(       libmtguard.so[0xCBBCB000])[3D CA 8C E2 ]0x000025DC:	ADD	IP, IP, #0X3D000	;(IP=0xCBBCD5E0 )
(       libmtguard.so[0xCBBCB000])[F4 F8 BC E5 ]0x000025E0:	LDR	PC, [IP, #0X8F4]!	;(IP=0xCBC0A5E0 )
(       libmtguard.so[0xCBBCB000])[00 E0       ]0x00003E3C:	B	#0XCBBCEE40
(       libmtguard.so[0xCBBCB000])[20 46       ]0x00003E40:	MOV	R0, R4	;(R4=0x30043AE8 )
(       libmtguard.so[0xCBBCB000])[B0 BD       ]0x00003E42:	POP	{R4, R5, R7, PC}	;(SP=0x100FFF98 )
(       libmtguard.so[0xCBBCB000])[04 46       ]0x00003894:	MOV	R4, R0	;(R0=0x30043AE8 )
(       libmtguard.so[0xCBBCB000])[94 B1       ]0x00003896:	CBZ	R4, #0XCBBCE8BE	;(R4=0x30043AE8 )
(       libmtguard.so[0xCBBCB000])[0B 20       ]0x00003898:	MOVS	R0, #0XB
(       libmtguard.so[0xCBBCB000])[C4 E9 00 66 ]0x0000389A:	STRD	R6, R6, [R4]	;(R6=0x00000000 R4=0x30043AE8 )
(       libmtguard.so[0xCBBCB000])[C4 E9 02 05 ]0x0000389E:	STRD	R0, R5, [R4, #8]	;(R0=0x0000000B R5=0xCBBCFE51 R4=0x30043AE8 )
(       libmtguard.so[0xCBBCB000])[04 20       ]0x000038A2:	MOVS	R0, #4
(       libmtguard.so[0xCBBCB000])[0B 21       ]0x000038A4:	MOVS	R1, #0XB
(       libmtguard.so[0xCBBCB000])[00 22       ]0x000038A6:	MOVS	R2, #0
(       libmtguard.so[0xCBBCB000])[00 23       ]0x000038A8:	MOVS	R3, #0
(       libmtguard.so[0xCBBCB000])[00 F0 B9 FA ]0x000038AA:	BL	#0XCBBCEE20	;(PC=0xCBBCE8AA )
(       libmtguard.so[0xCBBCB000])[B0 B5       ]0x00003E20:	PUSH	{R4, R5, R7, LR}	;(SP=0x100FFFA8 R4=0x30043AE8 R5=0xCBBCFE51 R7=0x100FFFB8 LR=0xCBBCE8AF )
(       libmtguard.so[0xCBBCB000])[02 AF       ]0x00003E22:	ADD	R7, SP, #8	;(SP=0x100FFF98 )
(       libmtguard.so[0xCBBCB000])[01 FB 00 F5 ]0x00003E24:	MUL	R5, R1, R0	;(R1=0x0000000B R0=0x00000004 )
(       libmtguard.so[0xCBBCB000])[4D B1       ]0x00003E28:	CBZ	R5, #0XCBBCEE3E	;(R5=0x0000002C )
(       libmtguard.so[0xCBBCB000])[28 46       ]0x00003E2A:	MOV	R0, R5	;(R5=0x0000002C )
(       libmtguard.so[0xCBBCB000])[FE F7 C8 EB ]0x00003E2C:	BLX	#0XCBBCD5C0	;(PC=0xCBBCEE2C )
(       libmtguard.so[0xCBBCB000])[00 C6 8F E2 ]0x000025C0:	ADD	IP, PC, #0, #12	;(PC=0xCBBCD5C0 )
(       libmtguard.so[0xCBBCB000])[3D CA 8C E2 ]0x000025C4:	ADD	IP, IP, #0X3D000	;(IP=0xCBBCD5C8 )
(       libmtguard.so[0xCBBCB000])[04 F9 BC E5 ]0x000025C8:	LDR	PC, [IP, #0X904]!	;(IP=0xCBC0A5C8 )
(       libmtguard.so[0xCBBCB000])[04 46       ]0x00003E30:	MOV	R4, R0	;(R0=0x30043B00 )
(       libmtguard.so[0xCBBCB000])[24 B1       ]0x00003E32:	CBZ	R4, #0XCBBCEE3E	;(R4=0x30043B00 )
(       libmtguard.so[0xCBBCB000])[20 46       ]0x00003E34:	MOV	R0, R4	;(R4=0x30043B00 )
(       libmtguard.so[0xCBBCB000])[29 46       ]0x00003E36:	MOV	R1, R5	;(R5=0x0000002C )
(       libmtguard.so[0xCBBCB000])[FE F7 CE EB ]0x00003E38:	BLX	#0XCBBCD5D8	;(PC=0xCBBCEE38 )
(       libmtguard.so[0xCBBCB000])[00 C6 8F E2 ]0x000025D8:	ADD	IP, PC, #0, #12	;(PC=0xCBBCD5D8 )
(       libmtguard.so[0xCBBCB000])[3D CA 8C E2 ]0x000025DC:	ADD	IP, IP, #0X3D000	;(IP=0xCBBCD5E0 )
(       libmtguard.so[0xCBBCB000])[F4 F8 BC E5 ]0x000025E0:	LDR	PC, [IP, #0X8F4]!	;(IP=0xCBC0A5E0 )
(       libmtguard.so[0xCBBCB000])[00 E0       ]0x00003E3C:	B	#0XCBBCEE40
(       libmtguard.so[0xCBBCB000])[20 46       ]0x00003E40:	MOV	R0, R4	;(R4=0x30043B00 )
(       libmtguard.so[0xCBBCB000])[B0 BD       ]0x00003E42:	POP	{R4, R5, R7, PC}	;(SP=0x100FFF98 )
(       libmtguard.so[0xCBBCB000])[00 28       ]0x000038AE:	CMP	R0, #0	;(R0=0x30043B00 )
(       libmtguard.so[0xCBBCB000])[20 60       ]0x000038B0:	STR	R0, [R4]	;(R0=0x30043B00 R4=0x30043AE8 )
(       libmtguard.so[0xCBBCB000])[05 D1       ]0x000038B2:	BNE	#0XCBBCE8C0
(       libmtguard.so[0xCBBCB000])[20 46       ]0x000038C0:	MOV	R0, R4	;(R4=0x30043AE8 )
(       libmtguard.so[0xCBBCB000])[5D F8 04 BB ]0x000038C2:	LDR	FP, [SP], #4	;(SP=0x100FFFA8 )
(       libmtguard.so[0xCBBCB000])[F0 BD       ]0x000038C6:	POP	{R4, R5, R6, R7, PC}	;(SP=0x100FFFAC )
(       libmtguard.so[0xCBBCB000])[01 36       ]0x0000CE08:	ADDS	R6, #1	;(R6=0x0000005E )
(       libmtguard.so[0xCBBCB000])[60 60       ]0x0000CE0A:	STR	R0, [R4, #4]	;(R0=0x30043AE8 R4=0xCBC0D384 )
(       libmtguard.so[0xCBBCB000])[B6 F5 7C 7F ]0x0000CE0C:	CMP.W	R6, #0X3F0	;(R6=0x0000005F )
(       libmtguard.so[0xCBBCB000])[F3 D1       ]0x0000CE10:	BNE	#0XCBBD7DFA
(       libmtguard.so[0xCBBCB000])[48 46       ]0x0000CDFA:	MOV	R0, SB	;(SB=0xCBBCFE51 )
(       libmtguard.so[0xCBBCB000])[45 F8 36 80 ]0x0000CDFC:	STR.W	R8, [R5, R6, LSL #3]	;(R8=0xFFFFFFFF R5=0xCBC0D094 R6=0x0000005F )
(       libmtguard.so[0xCBBCB000])[05 EB C6 04 ]0x0000CE00:	ADD.W	R4, R5, R6, LSL #3	;(R5=0xCBC0D094 R6=0x0000005F )
(       libmtguard.so[0xCBBCB000])[F6 F7 3A FD ]0x0000CE04:	BL	#0XCBBCE87C	;(PC=0xCBBD7E04 )
(       libmtguard.so[0xCBBCB000])[F0 B5       ]0x0000387C:	PUSH	{R4, R5, R6, R7, LR}	;(SP=0x100FFFC0 R4=0xCBC0D38C R5=0xCBC0D094 R6=0x0000005F R7=0x100FFFE0 LR=0xCBBD7E09 )
(       libmtguard.so[0xCBBCB000])[03 AF       ]0x0000387E:	ADD	R7, SP, #0XC	;(SP=0x100FFFAC )
(       libmtguard.so[0xCBBCB000])[4D F8 04 BD ]0x00003880:	STR	FP, [SP, #-0X4]!	;(FP=0xCBC0B1C4 SP=0x100FFFAC )
(       libmtguard.so[0xCBBCB000])[05 46       ]0x00003884:	MOV	R5, R0	;(R0=0xCBBCFE51 )
(       libmtguard.so[0xCBBCB000])[01 20       ]0x00003886:	MOVS	R0, #1
(       libmtguard.so[0xCBBCB000])[10 21       ]0x00003888:	MOVS	R1, #0X10
(       libmtguard.so[0xCBBCB000])[00 22       ]0x0000388A:	MOVS	R2, #0
(       libmtguard.so[0xCBBCB000])[00 23       ]0x0000388C:	MOVS	R3, #0
(       libmtguard.so[0xCBBCB000])[00 26       ]0x0000388E:	MOVS	R6, #0
(       libmtguard.so[0xCBBCB000])[00 F0 C6 FA ]0x00003890:	BL	#0XCBBCEE20	;(PC=0xCBBCE890 )
(       libmtguard.so[0xCBBCB000])[B0 B5       ]0x00003E20:	PUSH	{R4, R5, R7, LR}	;(SP=0x100FFFA8 R4=0xCBC0D38C R5=0xCBBCFE51 R7=0x100FFFB8 LR=0xCBBCE895 )
(       libmtguard.so[0xCBBCB000])[02 AF       ]0x00003E22:	ADD	R7, SP, #8	;(SP=0x100FFF98 )
(       libmtguard.so[0xCBBCB000])[01 FB 00 F5 ]0x00003E24:	MUL	R5, R1, R0	;(R1=0x00000010 R0=0x00000001 )
(       libmtguard.so[0xCBBCB000])[4D B1       ]0x00003E28:	CBZ	R5, #0XCBBCEE3E	;(R5=0x00000010 )
(       libmtguard.so[0xCBBCB000])[28 46       ]0x00003E2A:	MOV	R0, R5	;(R5=0x00000010 )
(       libmtguard.so[0xCBBCB000])[FE F7 C8 EB ]0x00003E2C:	BLX	#0XCBBCD5C0	;(PC=0xCBBCEE2C )
(       libmtguard.so[0xCBBCB000])[00 C6 8F E2 ]0x000025C0:	ADD	IP, PC, #0, #12	;(PC=0xCBBCD5C0 )
(       libmtguard.so[0xCBBCB000])[3D CA 8C E2 ]0x000025C4:	ADD	IP, IP, #0X3D000	;(IP=0xCBBCD5C8 )
(       libmtguard.so[0xCBBCB000])[04 F9 BC E5 ]0x000025C8:	LDR	PC, [IP, #0X904]!	;(IP=0xCBC0A5C8 )
(       libmtguard.so[0xCBBCB000])[04 46       ]0x00003E30:	MOV	R4, R0	;(R0=0x30043B30 )
(       libmtguard.so[0xCBBCB000])[24 B1       ]0x00003E32:	CBZ	R4, #0XCBBCEE3E	;(R4=0x30043B30 )
(       libmtguard.so[0xCBBCB000])[20 46       ]0x00003E34:	MOV	R0, R4	;(R4=0x30043B30 )
(       libmtguard.so[0xCBBCB000])[29 46       ]0x00003E36:	MOV	R1, R5	;(R5=0x00000010 )
(       libmtguard.so[0xCBBCB000])[FE F7 CE EB ]0x00003E38:	BLX	#0XCBBCD5D8	;(PC=0xCBBCEE38 )
(       libmtguard.so[0xCBBCB000])[00 C6 8F E2 ]0x000025D8:	ADD	IP, PC, #0, #12	;(PC=0xCBBCD5D8 )
(       libmtguard.so[0xCBBCB000])[3D CA 8C E2 ]0x000025DC:	ADD	IP, IP, #0X3D000	;(IP=0xCBBCD5E0 )
(       libmtguard.so[0xCBBCB000])[F4 F8 BC E5 ]0x000025E0:	LDR	PC, [IP, #0X8F4]!	;(IP=0xCBC0A5E0 )
(       libmtguard.so[0xCBBCB000])[00 E0       ]0x00003E3C:	B	#0XCBBCEE40
(       libmtguard.so[0xCBBCB000])[20 46       ]0x00003E40:	MOV	R0, R4	;(R4=0x30043B30 )
(       libmtguard.so[0xCBBCB000])[B0 BD       ]0x00003E42:	POP	{R4, R5, R7, PC}	;(SP=0x100FFF98 )
(       libmtguard.so[0xCBBCB000])[04 46       ]0x00003894:	MOV	R4, R0	;(R0=0x30043B30 )
(       libmtguard.so[0xCBBCB000])[94 B1       ]0x00003896:	CBZ	R4, #0XCBBCE8BE	;(R4=0x30043B30 )
(       libmtguard.so[0xCBBCB000])[0B 20       ]0x00003898:	MOVS	R0, #0XB
(       libmtguard.so[0xCBBCB000])[C4 E9 00 66 ]0x0000389A:	STRD	R6, R6, [R4]	;(R6=0x00000000 R4=0x30043B30 )
(       libmtguard.so[0xCBBCB000])[C4 E9 02 05 ]0x0000389E:	STRD	R0, R5, [R4, #8]	;(R0=0x0000000B R5=0xCBBCFE51 R4=0x30043B30 )
(       libmtguard.so[0xCBBCB000])[04 20       ]0x000038A2:	MOVS	R0, #4
(       libmtguard.so[0xCBBCB000])[0B 21       ]0x000038A4:	MOVS	R1, #0XB
(       libmtguard.so[0xCBBCB000])[00 22       ]0x000038A6:	MOVS	R2, #0
(       libmtguard.so[0xCBBCB000])[00 23       ]0x000038A8:	MOVS	R3, #0
(       libmtguard.so[0xCBBCB000])[00 F0 B9 FA ]0x000038AA:	BL	#0XCBBCEE20	;(PC=0xCBBCE8AA )
(       libmtguard.so[0xCBBCB000])[B0 B5       ]0x00003E20:	PUSH	{R4, R5, R7, LR}	;(SP=0x100FFFA8 R4=0x30043B30 R5=0xCBBCFE51 R7=0x100FFFB8 LR=0xCBBCE8AF )
(       libmtguard.so[0xCBBCB000])[02 AF       ]0x00003E22:	ADD	R7, SP, #8	;(SP=0x100FFF98 )
(       libmtguard.so[0xCBBCB000])[01 FB 00 F5 ]0x00003E24:	MUL	R5, R1, R0	;(R1=0x0000000B R0=0x00000004 )
(       libmtguard.so[0xCBBCB000])[4D B1       ]0x00003E28:	CBZ	R5, #0XCBBCEE3E	;(R5=0x0000002C )
(       libmtguard.so[0xCBBCB000])[28 46       ]0x00003E2A:	MOV	R0, R5	;(R5=0x0000002C )
(       libmtguard.so[0xCBBCB000])[FE F7 C8 EB ]0x00003E2C:	BLX	#0XCBBCD5C0	;(PC=0xCBBCEE2C )
(       libmtguard.so[0xCBBCB000])[00 C6 8F E2 ]0x000025C0:	ADD	IP, PC, #0, #12	;(PC=0xCBBCD5C0 )
(       libmtguard.so[0xCBBCB000])[3D CA 8C E2 ]0x000025C4:	ADD	IP, IP, #0X3D000	;(IP=0xCBBCD5C8 )
(       libmtguard.so[0xCBBCB000])[04 F9 BC E5 ]0x000025C8:	LDR	PC, [IP, #0X904]!	;(IP=0xCBC0A5C8 )
(       libmtguard.so[0xCBBCB000])[04 46       ]0x00003E30:	MOV	R4, R0	;(R0=0x30043B48 )
(       libmtguard.so[0xCBBCB000])[24 B1       ]0x00003E32:	CBZ	R4, #0XCBBCEE3E	;(R4=0x30043B48 )
(       libmtguard.so[0xCBBCB000])[20 46       ]0x00003E34:	MOV	R0, R4	;(R4=0x30043B48 )
(       libmtguard.so[0xCBBCB000])[29 46       ]0x00003E36:	MOV	R1, R5	;(R5=0x0000002C )
(       libmtguard.so[0xCBBCB000])[FE F7 CE EB ]0x00003E38:	BLX	#0XCBBCD5D8	;(PC=0xCBBCEE38 )
(       libmtguard.so[0xCBBCB000])[00 C6 8F E2 ]0x000025D8:	ADD	IP, PC, #0, #12	;(PC=0xCBBCD5D8 )
(       libmtguard.so[0xCBBCB000])[3D CA 8C E2 ]0x000025DC:	ADD	IP, IP, #0X3D000	;(IP=0xCBBCD5E0 )
(       libmtguard.so[0xCBBCB000])[F4 F8 BC E5 ]0x000025E0:	LDR	PC, [IP, #0X8F4]!	;(IP=0xCBC0A5E0 )
(       libmtguard.so[0xCBBCB000])[00 E0       ]0x00003E3C:	B	#0XCBBCEE40
(       libmtguard.so[0xCBBCB000])[20 46       ]0x00003E40:	MOV	R0, R4	;(R4=0x30043B48 )
(       libmtguard.so[0xCBBCB000])[B0 BD       ]0x00003E42:	POP	{R4, R5, R7, PC}	;(SP=0x100FFF98 )
(       libmtguard.so[0xCBBCB000])[00 28       ]0x000038AE:	CMP	R0, #0	;(R0=0x30043B48 )
(       libmtguard.so[0xCBBCB000])[20 60       ]0x000038B0:	STR	R0, [R4]	;(R0=0x30043B48 R4=0x30043B30 )
(       libmtguard.so[0xCBBCB000])[05 D1       ]0x000038B2:	BNE	#0XCBBCE8C0
(       libmtguard.so[0xCBBCB000])[20 46       ]0x000038C0:	MOV	R0, R4	;(R4=0x30043B30 )
(       libmtguard.so[0xCBBCB000])[5D F8 04 BB ]0x000038C2:	LDR	FP, [SP], #4	;(SP=0x100FFFA8 )
(       libmtguard.so[0xCBBCB000])[F0 BD       ]0x000038C6:	POP	{R4, R5, R6, R7, PC}	;(SP=0x100FFFAC )
(       libmtguard.so[0xCBBCB000])[01 36       ]0x0000CE08:	ADDS	R6, #1	;(R6=0x0000005F )
(       libmtguard.so[0xCBBCB000])[60 60       ]0x0000CE0A:	STR	R0, [R4, #4]	;(R0=0x30043B30 R4=0xCBC0D38C )
(       libmtguard.so[0xCBBCB000])[B6 F5 7C 7F ]0x0000CE0C:	CMP.W	R6, #0X3F0	;(R6=0x00000060 )
(       libmtguard.so[0xCBBCB000])[F3 D1       ]0x0000CE10:	BNE	#0XCBBD7DFA
(       libmtguard.so[0xCBBCB000])[48 46       ]0x0000CDFA:	MOV	R0, SB	;(SB=0xCBBCFE51 )
(       libmtguard.so[0xCBBCB000])[45 F8 36 80 ]0x0000CDFC:	STR.W	R8, [R5, R6, LSL #3]	;(R8=0xFFFFFFFF R5=0xCBC0D094 R6=0x00000060 )
(       libmtguard.so[0xCBBCB000])[05 EB C6 04 ]0x0000CE00:	ADD.W	R4, R5, R6, LSL #3	;(R5=0xCBC0D094 R6=0x00000060 )
(       libmtguard.so[0xCBBCB000])[F6 F7 3A FD ]0x0000CE04:	BL	#0XCBBCE87C	;(PC=0xCBBD7E04 )
(       libmtguard.so[0xCBBCB000])[F0 B5       ]0x0000387C:	PUSH	{R4, R5, R6, R7, LR}	;(SP=0x100FFFC0 R4=0xCBC0D394 R5=0xCBC0D094 R6=0x00000060 R7=0x100FFFE0 LR=0xCBBD7E09 )
(       libmtguard.so[0xCBBCB000])[03 AF       ]0x0000387E:	ADD	R7, SP, #0XC	;(SP=0x100FFFAC )
(       libmtguard.so[0xCBBCB000])[4D F8 04 BD ]0x00003880:	STR	FP, [SP, #-0X4]!	;(FP=0xCBC0B1C4 SP=0x100FFFAC )
(       libmtguard.so[0xCBBCB000])[05 46       ]0x00003884:	MOV	R5, R0	;(R0=0xCBBCFE51 )
(       libmtguard.so[0xCBBCB000])[01 20       ]0x00003886:	MOVS	R0, #1
(       libmtguard.so[0xCBBCB000])[10 21       ]0x00003888:	MOVS	R1, #0X10
(       libmtguard.so[0xCBBCB000])[00 22       ]0x0000388A:	MOVS	R2, #0
(       libmtguard.so[0xCBBCB000])[00 23       ]0x0000388C:	MOVS	R3, #0
(       libmtguard.so[0xCBBCB000])[00 26       ]0x0000388E:	MOVS	R6, #0
(       libmtguard.so[0xCBBCB000])[00 F0 C6 FA ]0x00003890:	BL	#0XCBBCEE20	;(PC=0xCBBCE890 )
(       libmtguard.so[0xCBBCB000])[B0 B5       ]0x00003E20:	PUSH	{R4, R5, R7, LR}	;(SP=0x100FFFA8 R4=0xCBC0D394 R5=0xCBBCFE51 R7=0x100FFFB8 LR=0xCBBCE895 )
(       libmtguard.so[0xCBBCB000])[02 AF       ]0x00003E22:	ADD	R7, SP, #8	;(SP=0x100FFF98 )
(       libmtguard.so[0xCBBCB000])[01 FB 00 F5 ]0x00003E24:	MUL	R5, R1, R0	;(R1=0x00000010 R0=0x00000001 )
(       libmtguard.so[0xCBBCB000])[4D B1       ]0x00003E28:	CBZ	R5, #0XCBBCEE3E	;(R5=0x00000010 )
(       libmtguard.so[0xCBBCB000])[28 46       ]0x00003E2A:	MOV	R0, R5	;(R5=0x00000010 )
(       libmtguard.so[0xCBBCB000])[FE F7 C8 EB ]0x00003E2C:	BLX	#0XCBBCD5C0	;(PC=0xCBBCEE2C )
(       libmtguard.so[0xCBBCB000])[00 C6 8F E2 ]0x000025C0:	ADD	IP, PC, #0, #12	;(PC=0xCBBCD5C0 )
(       libmtguard.so[0xCBBCB000])[3D CA 8C E2 ]0x000025C4:	ADD	IP, IP, #0X3D000	;(IP=0xCBBCD5C8 )
(       libmtguard.so[0xCBBCB000])[04 F9 BC E5 ]0x000025C8:	LDR	PC, [IP, #0X904]!	;(IP=0xCBC0A5C8 )
(       libmtguard.so[0xCBBCB000])[04 46       ]0x00003E30:	MOV	R4, R0	;(R0=0x30043B78 )
(       libmtguard.so[0xCBBCB000])[24 B1       ]0x00003E32:	CBZ	R4, #0XCBBCEE3E	;(R4=0x30043B78 )
(       libmtguard.so[0xCBBCB000])[20 46       ]0x00003E34:	MOV	R0, R4	;(R4=0x30043B78 )
(       libmtguard.so[0xCBBCB000])[29 46       ]0x00003E36:	MOV	R1, R5	;(R5=0x00000010 )
(       libmtguard.so[0xCBBCB000])[FE F7 CE EB ]0x00003E38:	BLX	#0XCBBCD5D8	;(PC=0xCBBCEE38 )
(       libmtguard.so[0xCBBCB000])[00 C6 8F E2 ]0x000025D8:	ADD	IP, PC, #0, #12	;(PC=0xCBBCD5D8 )
(       libmtguard.so[0xCBBCB000])[3D CA 8C E2 ]0x000025DC:	ADD	IP, IP, #0X3D000	;(IP=0xCBBCD5E0 )
(       libmtguard.so[0xCBBCB000])[F4 F8 BC E5 ]0x000025E0:	LDR	PC, [IP, #0X8F4]!	;(IP=0xCBC0A5E0 )
(       libmtguard.so[0xCBBCB000])[00 E0       ]0x00003E3C:	B	#0XCBBCEE40
(       libmtguard.so[0xCBBCB000])[20 46       ]0x00003E40:	MOV	R0, R4	;(R4=0x30043B78 )
(       libmtguard.so[0xCBBCB000])[B0 BD       ]0x00003E42:	POP	{R4, R5, R7, PC}	;(SP=0x100FFF98 )
(       libmtguard.so[0xCBBCB000])[04 46       ]0x00003894:	MOV	R4, R0	;(R0=0x30043B78 )
(       libmtguard.so[0xCBBCB000])[94 B1       ]0x00003896:	CBZ	R4, #0XCBBCE8BE	;(R4=0x30043B78 )
(       libmtguard.so[0xCBBCB000])[0B 20       ]0x00003898:	MOVS	R0, #0XB
(       libmtguard.so[0xCBBCB000])[C4 E9 00 66 ]0x0000389A:	STRD	R6, R6, [R4]	;(R6=0x00000000 R4=0x30043B78 )
(       libmtguard.so[0xCBBCB000])[C4 E9 02 05 ]0x0000389E:	STRD	R0, R5, [R4, #8]	;(R0=0x0000000B R5=0xCBBCFE51 R4=0x30043B78 )
(       libmtguard.so[0xCBBCB000])[04 20       ]0x000038A2:	MOVS	R0, #4
(       libmtguard.so[0xCBBCB000])[0B 21       ]0x000038A4:	MOVS	R1, #0XB
(       libmtguard.so[0xCBBCB000])[00 22       ]0x000038A6:	MOVS	R2, #0
(       libmtguard.so[0xCBBCB000])[00 23       ]0x000038A8:	MOVS	R3, #0
(       libmtguard.so[0xCBBCB000])[00 F0 B9 FA ]0x000038AA:	BL	#0XCBBCEE20	;(PC=0xCBBCE8AA )
(       libmtguard.so[0xCBBCB000])[B0 B5       ]0x00003E20:	PUSH	{R4, R5, R7, LR}	;(SP=0x100FFFA8 R4=0x30043B78 R5=0xCBBCFE51 R7=0x100FFFB8 LR=0xCBBCE8AF )
(       libmtguard.so[0xCBBCB000])[02 AF       ]0x00003E22:	ADD	R7, SP, #8	;(SP=0x100FFF98 )
(       libmtguard.so[0xCBBCB000])[01 FB 00 F5 ]0x00003E24:	MUL	R5, R1, R0	;(R1=0x0000000B R0=0x00000004 )
(       libmtguard.so[0xCBBCB000])[4D B1       ]0x00003E28:	CBZ	R5, #0XCBBCEE3E	;(R5=0x0000002C )
(       libmtguard.so[0xCBBCB000])[28 46       ]0x00003E2A:	MOV	R0, R5	;(R5=0x0000002C )
(       libmtguard.so[0xCBBCB000])[FE F7 C8 EB ]0x00003E2C:	BLX	#0XCBBCD5C0	;(PC=0xCBBCEE2C )
(       libmtguard.so[0xCBBCB000])[00 C6 8F E2 ]0x000025C0:	ADD	IP, PC, #0, #12	;(PC=0xCBBCD5C0 )
(       libmtguard.so[0xCBBCB000])[3D CA 8C E2 ]0x000025C4:	ADD	IP, IP, #0X3D000	;(IP=0xCBBCD5C8 )
(       libmtguard.so[0xCBBCB000])[04 F9 BC E5 ]0x000025C8:	LDR	PC, [IP, #0X904]!	;(IP=0xCBC0A5C8 )
(       libmtguard.so[0xCBBCB000])[04 46       ]0x00003E30:	MOV	R4, R0	;(R0=0x30043B90 )
(       libmtguard.so[0xCBBCB000])[24 B1       ]0x00003E32:	CBZ	R4, #0XCBBCEE3E	;(R4=0x30043B90 )
(       libmtguard.so[0xCBBCB000])[20 46       ]0x00003E34:	MOV	R0, R4	;(R4=0x30043B90 )
(       libmtguard.so[0xCBBCB000])[29 46       ]0x00003E36:	MOV	R1, R5	;(R5=0x0000002C )
(       libmtguard.so[0xCBBCB000])[FE F7 CE EB ]0x00003E38:	BLX	#0XCBBCD5D8	;(PC=0xCBBCEE38 )
(       libmtguard.so[0xCBBCB000])[00 C6 8F E2 ]0x000025D8:	ADD	IP, PC, #0, #12	;(PC=0xCBBCD5D8 )
(       libmtguard.so[0xCBBCB000])[3D CA 8C E2 ]0x000025DC:	ADD	IP, IP, #0X3D000	;(IP=0xCBBCD5E0 )
(       libmtguard.so[0xCBBCB000])[F4 F8 BC E5 ]0x000025E0:	LDR	PC, [IP, #0X8F4]!	;(IP=0xCBC0A5E0 )
(       libmtguard.so[0xCBBCB000])[00 E0       ]0x00003E3C:	B	#0XCBBCEE40
(       libmtguard.so[0xCBBCB000])[20 46       ]0x00003E40:	MOV	R0, R4	;(R4=0x30043B90 )
(       libmtguard.so[0xCBBCB000])[B0 BD       ]0x00003E42:	POP	{R4, R5, R7, PC}	;(SP=0x100FFF98 )
(       libmtguard.so[0xCBBCB000])[00 28       ]0x000038AE:	CMP	R0, #0	;(R0=0x30043B90 )
(       libmtguard.so[0xCBBCB000])[20 60       ]0x000038B0:	STR	R0, [R4]	;(R0=0x30043B90 R4=0x30043B78 )
(       libmtguard.so[0xCBBCB000])[05 D1       ]0x000038B2:	BNE	#0XCBBCE8C0
(       libmtguard.so[0xCBBCB000])[20 46       ]0x000038C0:	MOV	R0, R4	;(R4=0x30043B78 )
(       libmtguard.so[0xCBBCB000])[5D F8 04 BB ]0x000038C2:	LDR	FP, [SP], #4	;(SP=0x100FFFA8 )
(       libmtguard.so[0xCBBCB000])[F0 BD       ]0x000038C6:	POP	{R4, R5, R6, R7, PC}	;(SP=0x100FFFAC )
(       libmtguard.so[0xCBBCB000])[01 36       ]0x0000CE08:	ADDS	R6, #1	;(R6=0x00000060 )
(       libmtguard.so[0xCBBCB000])[60 60       ]0x0000CE0A:	STR	R0, [R4, #4]	;(R0=0x30043B78 R4=0xCBC0D394 )
(       libmtguard.so[0xCBBCB000])[B6 F5 7C 7F ]0x0000CE0C:	CMP.W	R6, #0X3F0	;(R6=0x00000061 )
(       libmtguard.so[0xCBBCB000])[F3 D1       ]0x0000CE10:	BNE	#0XCBBD7DFA
(       libmtguard.so[0xCBBCB000])[48 46       ]0x0000CDFA:	MOV	R0, SB	;(SB=0xCBBCFE51 )
(       libmtguard.so[0xCBBCB000])[45 F8 36 80 ]0x0000CDFC:	STR.W	R8, [R5, R6, LSL #3]	;(R8=0xFFFFFFFF R5=0xCBC0D094 R6=0x00000061 )
(       libmtguard.so[0xCBBCB000])[05 EB C6 04 ]0x0000CE00:	ADD.W	R4, R5, R6, LSL #3	;(R5=0xCBC0D094 R6=0x00000061 )
(       libmtguard.so[0xCBBCB000])[F6 F7 3A FD ]0x0000CE04:	BL	#0XCBBCE87C	;(PC=0xCBBD7E04 )
(       libmtguard.so[0xCBBCB000])[F0 B5       ]0x0000387C:	PUSH	{R4, R5, R6, R7, LR}	;(SP=0x100FFFC0 R4=0xCBC0D39C R5=0xCBC0D094 R6=0x00000061 R7=0x100FFFE0 LR=0xCBBD7E09 )
(       libmtguard.so[0xCBBCB000])[03 AF       ]0x0000387E:	ADD	R7, SP, #0XC	;(SP=0x100FFFAC )
(       libmtguard.so[0xCBBCB000])[4D F8 04 BD ]0x00003880:	STR	FP, [SP, #-0X4]!	;(FP=0xCBC0B1C4 SP=0x100FFFAC )
(       libmtguard.so[0xCBBCB000])[05 46       ]0x00003884:	MOV	R5, R0	;(R0=0xCBBCFE51 )
(       libmtguard.so[0xCBBCB000])[01 20       ]0x00003886:	MOVS	R0, #1
(       libmtguard.so[0xCBBCB000])[10 21       ]0x00003888:	MOVS	R1, #0X10
(       libmtguard.so[0xCBBCB000])[00 22       ]0x0000388A:	MOVS	R2, #0
(       libmtguard.so[0xCBBCB000])[00 23       ]0x0000388C:	MOVS	R3, #0
(       libmtguard.so[0xCBBCB000])[00 26       ]0x0000388E:	MOVS	R6, #0
(       libmtguard.so[0xCBBCB000])[00 F0 C6 FA ]0x00003890:	BL	#0XCBBCEE20	;(PC=0xCBBCE890 )
(       libmtguard.so[0xCBBCB000])[B0 B5       ]0x00003E20:	PUSH	{R4, R5, R7, LR}	;(SP=0x100FFFA8 R4=0xCBC0D39C R5=0xCBBCFE51 R7=0x100FFFB8 LR=0xCBBCE895 )
(       libmtguard.so[0xCBBCB000])[02 AF       ]0x00003E22:	ADD	R7, SP, #8	;(SP=0x100FFF98 )
(       libmtguard.so[0xCBBCB000])[01 FB 00 F5 ]0x00003E24:	MUL	R5, R1, R0	;(R1=0x00000010 R0=0x00000001 )
(       libmtguard.so[0xCBBCB000])[4D B1       ]0x00003E28:	CBZ	R5, #0XCBBCEE3E	;(R5=0x00000010 )
(       libmtguard.so[0xCBBCB000])[28 46       ]0x00003E2A:	MOV	R0, R5	;(R5=0x00000010 )
(       libmtguard.so[0xCBBCB000])[FE F7 C8 EB ]0x00003E2C:	BLX	#0XCBBCD5C0	;(PC=0xCBBCEE2C )
(       libmtguard.so[0xCBBCB000])[00 C6 8F E2 ]0x000025C0:	ADD	IP, PC, #0, #12	;(PC=0xCBBCD5C0 )
(       libmtguard.so[0xCBBCB000])[3D CA 8C E2 ]0x000025C4:	ADD	IP, IP, #0X3D000	;(IP=0xCBBCD5C8 )
(       libmtguard.so[0xCBBCB000])[04 F9 BC E5 ]0x000025C8:	LDR	PC, [IP, #0X904]!	;(IP=0xCBC0A5C8 )
(       libmtguard.so[0xCBBCB000])[04 46       ]0x00003E30:	MOV	R4, R0	;(R0=0x30043BC0 )
(       libmtguard.so[0xCBBCB000])[24 B1       ]0x00003E32:	CBZ	R4, #0XCBBCEE3E	;(R4=0x30043BC0 )
(       libmtguard.so[0xCBBCB000])[20 46       ]0x00003E34:	MOV	R0, R4	;(R4=0x30043BC0 )
(       libmtguard.so[0xCBBCB000])[29 46       ]0x00003E36:	MOV	R1, R5	;(R5=0x00000010 )
(       libmtguard.so[0xCBBCB000])[FE F7 CE EB ]0x00003E38:	BLX	#0XCBBCD5D8	;(PC=0xCBBCEE38 )
(       libmtguard.so[0xCBBCB000])[00 C6 8F E2 ]0x000025D8:	ADD	IP, PC, #0, #12	;(PC=0xCBBCD5D8 )
(       libmtguard.so[0xCBBCB000])[3D CA 8C E2 ]0x000025DC:	ADD	IP, IP, #0X3D000	;(IP=0xCBBCD5E0 )
(       libmtguard.so[0xCBBCB000])[F4 F8 BC E5 ]0x000025E0:	LDR	PC, [IP, #0X8F4]!	;(IP=0xCBC0A5E0 )
(       libmtguard.so[0xCBBCB000])[00 E0       ]0x00003E3C:	B	#0XCBBCEE40
(       libmtguard.so[0xCBBCB000])[20 46       ]0x00003E40:	MOV	R0, R4	;(R4=0x30043BC0 )
(       libmtguard.so[0xCBBCB000])[B0 BD       ]0x00003E42:	POP	{R4, R5, R7, PC}	;(SP=0x100FFF98 )
(       libmtguard.so[0xCBBCB000])[04 46       ]0x00003894:	MOV	R4, R0	;(R0=0x30043BC0 )
(       libmtguard.so[0xCBBCB000])[94 B1       ]0x00003896:	CBZ	R4, #0XCBBCE8BE	;(R4=0x30043BC0 )
(       libmtguard.so[0xCBBCB000])[0B 20       ]0x00003898:	MOVS	R0, #0XB
(       libmtguard.so[0xCBBCB000])[C4 E9 00 66 ]0x0000389A:	STRD	R6, R6, [R4]	;(R6=0x00000000 R4=0x30043BC0 )
(       libmtguard.so[0xCBBCB000])[C4 E9 02 05 ]0x0000389E:	STRD	R0, R5, [R4, #8]	;(R0=0x0000000B R5=0xCBBCFE51 R4=0x30043BC0 )
(       libmtguard.so[0xCBBCB000])[04 20       ]0x000038A2:	MOVS	R0, #4
(       libmtguard.so[0xCBBCB000])[0B 21       ]0x000038A4:	MOVS	R1, #0XB
(       libmtguard.so[0xCBBCB000])[00 22       ]0x000038A6:	MOVS	R2, #0
(       libmtguard.so[0xCBBCB000])[00 23       ]0x000038A8:	MOVS	R3, #0
(       libmtguard.so[0xCBBCB000])[00 F0 B9 FA ]0x000038AA:	BL	#0XCBBCEE20	;(PC=0xCBBCE8AA )
(       libmtguard.so[0xCBBCB000])[B0 B5       ]0x00003E20:	PUSH	{R4, R5, R7, LR}	;(SP=0x100FFFA8 R4=0x30043BC0 R5=0xCBBCFE51 R7=0x100FFFB8 LR=0xCBBCE8AF )
(       libmtguard.so[0xCBBCB000])[02 AF       ]0x00003E22:	ADD	R7, SP, #8	;(SP=0x100FFF98 )
(       libmtguard.so[0xCBBCB000])[01 FB 00 F5 ]0x00003E24:	MUL	R5, R1, R0	;(R1=0x0000000B R0=0x00000004 )
(       libmtguard.so[0xCBBCB000])[4D B1       ]0x00003E28:	CBZ	R5, #0XCBBCEE3E	;(R5=0x0000002C )
(       libmtguard.so[0xCBBCB000])[28 46       ]0x00003E2A:	MOV	R0, R5	;(R5=0x0000002C )
(       libmtguard.so[0xCBBCB000])[FE F7 C8 EB ]0x00003E2C:	BLX	#0XCBBCD5C0	;(PC=0xCBBCEE2C )
(       libmtguard.so[0xCBBCB000])[00 C6 8F E2 ]0x000025C0:	ADD	IP, PC, #0, #12	;(PC=0xCBBCD5C0 )
(       libmtguard.so[0xCBBCB000])[3D CA 8C E2 ]0x000025C4:	ADD	IP, IP, #0X3D000	;(IP=0xCBBCD5C8 )
(       libmtguard.so[0xCBBCB000])[04 F9 BC E5 ]0x000025C8:	LDR	PC, [IP, #0X904]!	;(IP=0xCBC0A5C8 )
(       libmtguard.so[0xCBBCB000])[04 46       ]0x00003E30:	MOV	R4, R0	;(R0=0x30043BD8 )
(       libmtguard.so[0xCBBCB000])[24 B1       ]0x00003E32:	CBZ	R4, #0XCBBCEE3E	;(R4=0x30043BD8 )
(       libmtguard.so[0xCBBCB000])[20 46       ]0x00003E34:	MOV	R0, R4	;(R4=0x30043BD8 )
(       libmtguard.so[0xCBBCB000])[29 46       ]0x00003E36:	MOV	R1, R5	;(R5=0x0000002C )
(       libmtguard.so[0xCBBCB000])[FE F7 CE EB ]0x00003E38:	BLX	#0XCBBCD5D8	;(PC=0xCBBCEE38 )
(       libmtguard.so[0xCBBCB000])[00 C6 8F E2 ]0x000025D8:	ADD	IP, PC, #0, #12	;(PC=0xCBBCD5D8 )
(       libmtguard.so[0xCBBCB000])[3D CA 8C E2 ]0x000025DC:	ADD	IP, IP, #0X3D000	;(IP=0xCBBCD5E0 )
(       libmtguard.so[0xCBBCB000])[F4 F8 BC E5 ]0x000025E0:	LDR	PC, [IP, #0X8F4]!	;(IP=0xCBC0A5E0 )
(       libmtguard.so[0xCBBCB000])[00 E0       ]0x00003E3C:	B	#0XCBBCEE40
(       libmtguard.so[0xCBBCB000])[20 46       ]0x00003E40:	MOV	R0, R4	;(R4=0x30043BD8 )
(       libmtguard.so[0xCBBCB000])[B0 BD       ]0x00003E42:	POP	{R4, R5, R7, PC}	;(SP=0x100FFF98 )
(       libmtguard.so[0xCBBCB000])[00 28       ]0x000038AE:	CMP	R0, #0	;(R0=0x30043BD8 )
(       libmtguard.so[0xCBBCB000])[20 60       ]0x000038B0:	STR	R0, [R4]	;(R0=0x30043BD8 R4=0x30043BC0 )
(       libmtguard.so[0xCBBCB000])[05 D1       ]0x000038B2:	BNE	#0XCBBCE8C0
(       libmtguard.so[0xCBBCB000])[20 46       ]0x000038C0:	MOV	R0, R4	;(R4=0x30043BC0 )
(       libmtguard.so[0xCBBCB000])[5D F8 04 BB ]0x000038C2:	LDR	FP, [SP], #4	;(SP=0x100FFFA8 )
(       libmtguard.so[0xCBBCB000])[F0 BD       ]0x000038C6:	POP	{R4, R5, R6, R7, PC}	;(SP=0x100FFFAC )
(       libmtguard.so[0xCBBCB000])[01 36       ]0x0000CE08:	ADDS	R6, #1	;(R6=0x00000061 )
(       libmtguard.so[0xCBBCB000])[60 60       ]0x0000CE0A:	STR	R0, [R4, #4]	;(R0=0x30043BC0 R4=0xCBC0D39C )
(       libmtguard.so[0xCBBCB000])[B6 F5 7C 7F ]0x0000CE0C:	CMP.W	R6, #0X3F0	;(R6=0x00000062 )
(       libmtguard.so[0xCBBCB000])[F3 D1       ]0x0000CE10:	BNE	#0XCBBD7DFA
(       libmtguard.so[0xCBBCB000])[48 46       ]0x0000CDFA:	MOV	R0, SB	;(SB=0xCBBCFE51 )
(       libmtguard.so[0xCBBCB000])[45 F8 36 80 ]0x0000CDFC:	STR.W	R8, [R5, R6, LSL #3]	;(R8=0xFFFFFFFF R5=0xCBC0D094 R6=0x00000062 )
(       libmtguard.so[0xCBBCB000])[05 EB C6 04 ]0x0000CE00:	ADD.W	R4, R5, R6, LSL #3	;(R5=0xCBC0D094 R6=0x00000062 )
(       libmtguard.so[0xCBBCB000])[F6 F7 3A FD ]0x0000CE04:	BL	#0XCBBCE87C	;(PC=0xCBBD7E04 )
(       libmtguard.so[0xCBBCB000])[F0 B5       ]0x0000387C:	PUSH	{R4, R5, R6, R7, LR}	;(SP=0x100FFFC0 R4=0xCBC0D3A4 R5=0xCBC0D094 R6=0x00000062 R7=0x100FFFE0 LR=0xCBBD7E09 )
(       libmtguard.so[0xCBBCB000])[03 AF       ]0x0000387E:	ADD	R7, SP, #0XC	;(SP=0x100FFFAC )
(       libmtguard.so[0xCBBCB000])[4D F8 04 BD ]0x00003880:	STR	FP, [SP, #-0X4]!	;(FP=0xCBC0B1C4 SP=0x100FFFAC )
(       libmtguard.so[0xCBBCB000])[05 46       ]0x00003884:	MOV	R5, R0	;(R0=0xCBBCFE51 )
(       libmtguard.so[0xCBBCB000])[01 20       ]0x00003886:	MOVS	R0, #1
(       libmtguard.so[0xCBBCB000])[10 21       ]0x00003888:	MOVS	R1, #0X10
(       libmtguard.so[0xCBBCB000])[00 22       ]0x0000388A:	MOVS	R2, #0
(       libmtguard.so[0xCBBCB000])[00 23       ]0x0000388C:	MOVS	R3, #0
(       libmtguard.so[0xCBBCB000])[00 26       ]0x0000388E:	MOVS	R6, #0
(       libmtguard.so[0xCBBCB000])[00 F0 C6 FA ]0x00003890:	BL	#0XCBBCEE20	;(PC=0xCBBCE890 )
(       libmtguard.so[0xCBBCB000])[B0 B5       ]0x00003E20:	PUSH	{R4, R5, R7, LR}	;(SP=0x100FFFA8 R4=0xCBC0D3A4 R5=0xCBBCFE51 R7=0x100FFFB8 LR=0xCBBCE895 )
(       libmtguard.so[0xCBBCB000])[02 AF       ]0x00003E22:	ADD	R7, SP, #8	;(SP=0x100FFF98 )
(       libmtguard.so[0xCBBCB000])[01 FB 00 F5 ]0x00003E24:	MUL	R5, R1, R0	;(R1=0x00000010 R0=0x00000001 )
(       libmtguard.so[0xCBBCB000])[4D B1       ]0x00003E28:	CBZ	R5, #0XCBBCEE3E	;(R5=0x00000010 )
(       libmtguard.so[0xCBBCB000])[28 46       ]0x00003E2A:	MOV	R0, R5	;(R5=0x00000010 )
(       libmtguard.so[0xCBBCB000])[FE F7 C8 EB ]0x00003E2C:	BLX	#0XCBBCD5C0	;(PC=0xCBBCEE2C )
(       libmtguard.so[0xCBBCB000])[00 C6 8F E2 ]0x000025C0:	ADD	IP, PC, #0, #12	;(PC=0xCBBCD5C0 )
(       libmtguard.so[0xCBBCB000])[3D CA 8C E2 ]0x000025C4:	ADD	IP, IP, #0X3D000	;(IP=0xCBBCD5C8 )
(       libmtguard.so[0xCBBCB000])[04 F9 BC E5 ]0x000025C8:	LDR	PC, [IP, #0X904]!	;(IP=0xCBC0A5C8 )
(       libmtguard.so[0xCBBCB000])[04 46       ]0x00003E30:	MOV	R4, R0	;(R0=0x30043C08 )
(       libmtguard.so[0xCBBCB000])[24 B1       ]0x00003E32:	CBZ	R4, #0XCBBCEE3E	;(R4=0x30043C08 )
(       libmtguard.so[0xCBBCB000])[20 46       ]0x00003E34:	MOV	R0, R4	;(R4=0x30043C08 )
(       libmtguard.so[0xCBBCB000])[29 46       ]0x00003E36:	MOV	R1, R5	;(R5=0x00000010 )
(       libmtguard.so[0xCBBCB000])[FE F7 CE EB ]0x00003E38:	BLX	#0XCBBCD5D8	;(PC=0xCBBCEE38 )
(       libmtguard.so[0xCBBCB000])[00 C6 8F E2 ]0x000025D8:	ADD	IP, PC, #0, #12	;(PC=0xCBBCD5D8 )
(       libmtguard.so[0xCBBCB000])[3D CA 8C E2 ]0x000025DC:	ADD	IP, IP, #0X3D000	;(IP=0xCBBCD5E0 )
(       libmtguard.so[0xCBBCB000])[F4 F8 BC E5 ]0x000025E0:	LDR	PC, [IP, #0X8F4]!	;(IP=0xCBC0A5E0 )
(       libmtguard.so[0xCBBCB000])[00 E0       ]0x00003E3C:	B	#0XCBBCEE40
(       libmtguard.so[0xCBBCB000])[20 46       ]0x00003E40:	MOV	R0, R4	;(R4=0x30043C08 )
(       libmtguard.so[0xCBBCB000])[B0 BD       ]0x00003E42:	POP	{R4, R5, R7, PC}	;(SP=0x100FFF98 )
(       libmtguard.so[0xCBBCB000])[04 46       ]0x00003894:	MOV	R4, R0	;(R0=0x30043C08 )
(       libmtguard.so[0xCBBCB000])[94 B1       ]0x00003896:	CBZ	R4, #0XCBBCE8BE	;(R4=0x30043C08 )
(       libmtguard.so[0xCBBCB000])[0B 20       ]0x00003898:	MOVS	R0, #0XB
(       libmtguard.so[0xCBBCB000])[C4 E9 00 66 ]0x0000389A:	STRD	R6, R6, [R4]	;(R6=0x00000000 R4=0x30043C08 )
(       libmtguard.so[0xCBBCB000])[C4 E9 02 05 ]0x0000389E:	STRD	R0, R5, [R4, #8]	;(R0=0x0000000B R5=0xCBBCFE51 R4=0x30043C08 )
(       libmtguard.so[0xCBBCB000])[04 20       ]0x000038A2:	MOVS	R0, #4
(       libmtguard.so[0xCBBCB000])[0B 21       ]0x000038A4:	MOVS	R1, #0XB
(       libmtguard.so[0xCBBCB000])[00 22       ]0x000038A6:	MOVS	R2, #0
(       libmtguard.so[0xCBBCB000])[00 23       ]0x000038A8:	MOVS	R3, #0
(       libmtguard.so[0xCBBCB000])[00 F0 B9 FA ]0x000038AA:	BL	#0XCBBCEE20	;(PC=0xCBBCE8AA )
(       libmtguard.so[0xCBBCB000])[B0 B5       ]0x00003E20:	PUSH	{R4, R5, R7, LR}	;(SP=0x100FFFA8 R4=0x30043C08 R5=0xCBBCFE51 R7=0x100FFFB8 LR=0xCBBCE8AF )
(       libmtguard.so[0xCBBCB000])[02 AF       ]0x00003E22:	ADD	R7, SP, #8	;(SP=0x100FFF98 )
(       libmtguard.so[0xCBBCB000])[01 FB 00 F5 ]0x00003E24:	MUL	R5, R1, R0	;(R1=0x0000000B R0=0x00000004 )
(       libmtguard.so[0xCBBCB000])[4D B1       ]0x00003E28:	CBZ	R5, #0XCBBCEE3E	;(R5=0x0000002C )
(       libmtguard.so[0xCBBCB000])[28 46       ]0x00003E2A:	MOV	R0, R5	;(R5=0x0000002C )
(       libmtguard.so[0xCBBCB000])[FE F7 C8 EB ]0x00003E2C:	BLX	#0XCBBCD5C0	;(PC=0xCBBCEE2C )
(       libmtguard.so[0xCBBCB000])[00 C6 8F E2 ]0x000025C0:	ADD	IP, PC, #0, #12	;(PC=0xCBBCD5C0 )
(       libmtguard.so[0xCBBCB000])[3D CA 8C E2 ]0x000025C4:	ADD	IP, IP, #0X3D000	;(IP=0xCBBCD5C8 )
(       libmtguard.so[0xCBBCB000])[04 F9 BC E5 ]0x000025C8:	LDR	PC, [IP, #0X904]!	;(IP=0xCBC0A5C8 )
(       libmtguard.so[0xCBBCB000])[04 46       ]0x00003E30:	MOV	R4, R0	;(R0=0x30043C20 )
(       libmtguard.so[0xCBBCB000])[24 B1       ]0x00003E32:	CBZ	R4, #0XCBBCEE3E	;(R4=0x30043C20 )
(       libmtguard.so[0xCBBCB000])[20 46       ]0x00003E34:	MOV	R0, R4	;(R4=0x30043C20 )
(       libmtguard.so[0xCBBCB000])[29 46       ]0x00003E36:	MOV	R1, R5	;(R5=0x0000002C )
(       libmtguard.so[0xCBBCB000])[FE F7 CE EB ]0x00003E38:	BLX	#0XCBBCD5D8	;(PC=0xCBBCEE38 )
(       libmtguard.so[0xCBBCB000])[00 C6 8F E2 ]0x000025D8:	ADD	IP, PC, #0, #12	;(PC=0xCBBCD5D8 )
(       libmtguard.so[0xCBBCB000])[3D CA 8C E2 ]0x000025DC:	ADD	IP, IP, #0X3D000	;(IP=0xCBBCD5E0 )
(       libmtguard.so[0xCBBCB000])[F4 F8 BC E5 ]0x000025E0:	LDR	PC, [IP, #0X8F4]!	;(IP=0xCBC0A5E0 )
(       libmtguard.so[0xCBBCB000])[00 E0       ]0x00003E3C:	B	#0XCBBCEE40
(       libmtguard.so[0xCBBCB000])[20 46       ]0x00003E40:	MOV	R0, R4	;(R4=0x30043C20 )
(       libmtguard.so[0xCBBCB000])[B0 BD       ]0x00003E42:	POP	{R4, R5, R7, PC}	;(SP=0x100FFF98 )
(       libmtguard.so[0xCBBCB000])[00 28       ]0x000038AE:	CMP	R0, #0	;(R0=0x30043C20 )
(       libmtguard.so[0xCBBCB000])[20 60       ]0x000038B0:	STR	R0, [R4]	;(R0=0x30043C20 R4=0x30043C08 )
(       libmtguard.so[0xCBBCB000])[05 D1       ]0x000038B2:	BNE	#0XCBBCE8C0
(       libmtguard.so[0xCBBCB000])[20 46       ]0x000038C0:	MOV	R0, R4	;(R4=0x30043C08 )
(       libmtguard.so[0xCBBCB000])[5D F8 04 BB ]0x000038C2:	LDR	FP, [SP], #4	;(SP=0x100FFFA8 )
(       libmtguard.so[0xCBBCB000])[F0 BD       ]0x000038C6:	POP	{R4, R5, R6, R7, PC}	;(SP=0x100FFFAC )
(       libmtguard.so[0xCBBCB000])[01 36       ]0x0000CE08:	ADDS	R6, #1	;(R6=0x00000062 )
(       libmtguard.so[0xCBBCB000])[60 60       ]0x0000CE0A:	STR	R0, [R4, #4]	;(R0=0x30043C08 R4=0xCBC0D3A4 )
(       libmtguard.so[0xCBBCB000])[B6 F5 7C 7F ]0x0000CE0C:	CMP.W	R6, #0X3F0	;(R6=0x00000063 )
(       libmtguard.so[0xCBBCB000])[F3 D1       ]0x0000CE10:	BNE	#0XCBBD7DFA
(       libmtguard.so[0xCBBCB000])[48 46       ]0x0000CDFA:	MOV	R0, SB	;(SB=0xCBBCFE51 )
(       libmtguard.so[0xCBBCB000])[45 F8 36 80 ]0x0000CDFC:	STR.W	R8, [R5, R6, LSL #3]	;(R8=0xFFFFFFFF R5=0xCBC0D094 R6=0x00000063 )
(       libmtguard.so[0xCBBCB000])[05 EB C6 04 ]0x0000CE00:	ADD.W	R4, R5, R6, LSL #3	;(R5=0xCBC0D094 R6=0x00000063 )
(       libmtguard.so[0xCBBCB000])[F6 F7 3A FD ]0x0000CE04:	BL	#0XCBBCE87C	;(PC=0xCBBD7E04 )
(       libmtguard.so[0xCBBCB000])[F0 B5       ]0x0000387C:	PUSH	{R4, R5, R6, R7, LR}	;(SP=0x100FFFC0 R4=0xCBC0D3AC R5=0xCBC0D094 R6=0x00000063 R7=0x100FFFE0 LR=0xCBBD7E09 )
(       libmtguard.so[0xCBBCB000])[03 AF       ]0x0000387E:	ADD	R7, SP, #0XC	;(SP=0x100FFFAC )
(       libmtguard.so[0xCBBCB000])[4D F8 04 BD ]0x00003880:	STR	FP, [SP, #-0X4]!	;(FP=0xCBC0B1C4 SP=0x100FFFAC )
(       libmtguard.so[0xCBBCB000])[05 46       ]0x00003884:	MOV	R5, R0	;(R0=0xCBBCFE51 )
(       libmtguard.so[0xCBBCB000])[01 20       ]0x00003886:	MOVS	R0, #1
(       libmtguard.so[0xCBBCB000])[10 21       ]0x00003888:	MOVS	R1, #0X10
(       libmtguard.so[0xCBBCB000])[00 22       ]0x0000388A:	MOVS	R2, #0
(       libmtguard.so[0xCBBCB000])[00 23       ]0x0000388C:	MOVS	R3, #0
(       libmtguard.so[0xCBBCB000])[00 26       ]0x0000388E:	MOVS	R6, #0
(       libmtguard.so[0xCBBCB000])[00 F0 C6 FA ]0x00003890:	BL	#0XCBBCEE20	;(PC=0xCBBCE890 )
(       libmtguard.so[0xCBBCB000])[B0 B5       ]0x00003E20:	PUSH	{R4, R5, R7, LR}	;(SP=0x100FFFA8 R4=0xCBC0D3AC R5=0xCBBCFE51 R7=0x100FFFB8 LR=0xCBBCE895 )
(       libmtguard.so[0xCBBCB000])[02 AF       ]0x00003E22:	ADD	R7, SP, #8	;(SP=0x100FFF98 )
(       libmtguard.so[0xCBBCB000])[01 FB 00 F5 ]0x00003E24:	MUL	R5, R1, R0	;(R1=0x00000010 R0=0x00000001 )
(       libmtguard.so[0xCBBCB000])[4D B1       ]0x00003E28:	CBZ	R5, #0XCBBCEE3E	;(R5=0x00000010 )
(       libmtguard.so[0xCBBCB000])[28 46       ]0x00003E2A:	MOV	R0, R5	;(R5=0x00000010 )
(       libmtguard.so[0xCBBCB000])[FE F7 C8 EB ]0x00003E2C:	BLX	#0XCBBCD5C0	;(PC=0xCBBCEE2C )
(       libmtguard.so[0xCBBCB000])[00 C6 8F E2 ]0x000025C0:	ADD	IP, PC, #0, #12	;(PC=0xCBBCD5C0 )
(       libmtguard.so[0xCBBCB000])[3D CA 8C E2 ]0x000025C4:	ADD	IP, IP, #0X3D000	;(IP=0xCBBCD5C8 )
(       libmtguard.so[0xCBBCB000])[04 F9 BC E5 ]0x000025C8:	LDR	PC, [IP, #0X904]!	;(IP=0xCBC0A5C8 )
(       libmtguard.so[0xCBBCB000])[04 46       ]0x00003E30:	MOV	R4, R0	;(R0=0x30043C50 )
(       libmtguard.so[0xCBBCB000])[24 B1       ]0x00003E32:	CBZ	R4, #0XCBBCEE3E	;(R4=0x30043C50 )
(       libmtguard.so[0xCBBCB000])[20 46       ]0x00003E34:	MOV	R0, R4	;(R4=0x30043C50 )
(       libmtguard.so[0xCBBCB000])[29 46       ]0x00003E36:	MOV	R1, R5	;(R5=0x00000010 )
(       libmtguard.so[0xCBBCB000])[FE F7 CE EB ]0x00003E38:	BLX	#0XCBBCD5D8	;(PC=0xCBBCEE38 )
(       libmtguard.so[0xCBBCB000])[00 C6 8F E2 ]0x000025D8:	ADD	IP, PC, #0, #12	;(PC=0xCBBCD5D8 )
(       libmtguard.so[0xCBBCB000])[3D CA 8C E2 ]0x000025DC:	ADD	IP, IP, #0X3D000	;(IP=0xCBBCD5E0 )
(       libmtguard.so[0xCBBCB000])[F4 F8 BC E5 ]0x000025E0:	LDR	PC, [IP, #0X8F4]!	;(IP=0xCBC0A5E0 )
(       libmtguard.so[0xCBBCB000])[00 E0       ]0x00003E3C:	B	#0XCBBCEE40
(       libmtguard.so[0xCBBCB000])[20 46       ]0x00003E40:	MOV	R0, R4	;(R4=0x30043C50 )
(       libmtguard.so[0xCBBCB000])[B0 BD       ]0x00003E42:	POP	{R4, R5, R7, PC}	;(SP=0x100FFF98 )
(       libmtguard.so[0xCBBCB000])[04 46       ]0x00003894:	MOV	R4, R0	;(R0=0x30043C50 )
(       libmtguard.so[0xCBBCB000])[94 B1       ]0x00003896:	CBZ	R4, #0XCBBCE8BE	;(R4=0x30043C50 )
(       libmtguard.so[0xCBBCB000])[0B 20       ]0x00003898:	MOVS	R0, #0XB
(       libmtguard.so[0xCBBCB000])[C4 E9 00 66 ]0x0000389A:	STRD	R6, R6, [R4]	;(R6=0x00000000 R4=0x30043C50 )
(       libmtguard.so[0xCBBCB000])[C4 E9 02 05 ]0x0000389E:	STRD	R0, R5, [R4, #8]	;(R0=0x0000000B R5=0xCBBCFE51 R4=0x30043C50 )
(       libmtguard.so[0xCBBCB000])[04 20       ]0x000038A2:	MOVS	R0, #4
(       libmtguard.so[0xCBBCB000])[0B 21       ]0x000038A4:	MOVS	R1, #0XB
(       libmtguard.so[0xCBBCB000])[00 22       ]0x000038A6:	MOVS	R2, #0
(       libmtguard.so[0xCBBCB000])[00 23       ]0x000038A8:	MOVS	R3, #0
(       libmtguard.so[0xCBBCB000])[00 F0 B9 FA ]0x000038AA:	BL	#0XCBBCEE20	;(PC=0xCBBCE8AA )
(       libmtguard.so[0xCBBCB000])[B0 B5       ]0x00003E20:	PUSH	{R4, R5, R7, LR}	;(SP=0x100FFFA8 R4=0x30043C50 R5=0xCBBCFE51 R7=0x100FFFB8 LR=0xCBBCE8AF )
(       libmtguard.so[0xCBBCB000])[02 AF       ]0x00003E22:	ADD	R7, SP, #8	;(SP=0x100FFF98 )
(       libmtguard.so[0xCBBCB000])[01 FB 00 F5 ]0x00003E24:	MUL	R5, R1, R0	;(R1=0x0000000B R0=0x00000004 )
(       libmtguard.so[0xCBBCB000])[4D B1       ]0x00003E28:	CBZ	R5, #0XCBBCEE3E	;(R5=0x0000002C )
(       libmtguard.so[0xCBBCB000])[28 46       ]0x00003E2A:	MOV	R0, R5	;(R5=0x0000002C )
(       libmtguard.so[0xCBBCB000])[FE F7 C8 EB ]0x00003E2C:	BLX	#0XCBBCD5C0	;(PC=0xCBBCEE2C )
(       libmtguard.so[0xCBBCB000])[00 C6 8F E2 ]0x000025C0:	ADD	IP, PC, #0, #12	;(PC=0xCBBCD5C0 )
(       libmtguard.so[0xCBBCB000])[3D CA 8C E2 ]0x000025C4:	ADD	IP, IP, #0X3D000	;(IP=0xCBBCD5C8 )
(       libmtguard.so[0xCBBCB000])[04 F9 BC E5 ]0x000025C8:	LDR	PC, [IP, #0X904]!	;(IP=0xCBC0A5C8 )
(       libmtguard.so[0xCBBCB000])[04 46       ]0x00003E30:	MOV	R4, R0	;(R0=0x30043C68 )
(       libmtguard.so[0xCBBCB000])[24 B1       ]0x00003E32:	CBZ	R4, #0XCBBCEE3E	;(R4=0x30043C68 )
(       libmtguard.so[0xCBBCB000])[20 46       ]0x00003E34:	MOV	R0, R4	;(R4=0x30043C68 )
(       libmtguard.so[0xCBBCB000])[29 46       ]0x00003E36:	MOV	R1, R5	;(R5=0x0000002C )
(       libmtguard.so[0xCBBCB000])[FE F7 CE EB ]0x00003E38:	BLX	#0XCBBCD5D8	;(PC=0xCBBCEE38 )
(       libmtguard.so[0xCBBCB000])[00 C6 8F E2 ]0x000025D8:	ADD	IP, PC, #0, #12	;(PC=0xCBBCD5D8 )
(       libmtguard.so[0xCBBCB000])[3D CA 8C E2 ]0x000025DC:	ADD	IP, IP, #0X3D000	;(IP=0xCBBCD5E0 )
(       libmtguard.so[0xCBBCB000])[F4 F8 BC E5 ]0x000025E0:	LDR	PC, [IP, #0X8F4]!	;(IP=0xCBC0A5E0 )
(       libmtguard.so[0xCBBCB000])[00 E0       ]0x00003E3C:	B	#0XCBBCEE40
(       libmtguard.so[0xCBBCB000])[20 46       ]0x00003E40:	MOV	R0, R4	;(R4=0x30043C68 )
(       libmtguard.so[0xCBBCB000])[B0 BD       ]0x00003E42:	POP	{R4, R5, R7, PC}	;(SP=0x100FFF98 )
(       libmtguard.so[0xCBBCB000])[00 28       ]0x000038AE:	CMP	R0, #0	;(R0=0x30043C68 )
(       libmtguard.so[0xCBBCB000])[20 60       ]0x000038B0:	STR	R0, [R4]	;(R0=0x30043C68 R4=0x30043C50 )
(       libmtguard.so[0xCBBCB000])[05 D1       ]0x000038B2:	BNE	#0XCBBCE8C0
(       libmtguard.so[0xCBBCB000])[20 46       ]0x000038C0:	MOV	R0, R4	;(R4=0x30043C50 )
(       libmtguard.so[0xCBBCB000])[5D F8 04 BB ]0x000038C2:	LDR	FP, [SP], #4	;(SP=0x100FFFA8 )
(       libmtguard.so[0xCBBCB000])[F0 BD       ]0x000038C6:	POP	{R4, R5, R6, R7, PC}	;(SP=0x100FFFAC )
(       libmtguard.so[0xCBBCB000])[01 36       ]0x0000CE08:	ADDS	R6, #1	;(R6=0x00000063 )
(       libmtguard.so[0xCBBCB000])[60 60       ]0x0000CE0A:	STR	R0, [R4, #4]	;(R0=0x30043C50 R4=0xCBC0D3AC )
(       libmtguard.so[0xCBBCB000])[B6 F5 7C 7F ]0x0000CE0C:	CMP.W	R6, #0X3F0	;(R6=0x00000064 )
(       libmtguard.so[0xCBBCB000])[F3 D1       ]0x0000CE10:	BNE	#0XCBBD7DFA
(       libmtguard.so[0xCBBCB000])[48 46       ]0x0000CDFA:	MOV	R0, SB	;(SB=0xCBBCFE51 )
(       libmtguard.so[0xCBBCB000])[45 F8 36 80 ]0x0000CDFC:	STR.W	R8, [R5, R6, LSL #3]	;(R8=0xFFFFFFFF R5=0xCBC0D094 R6=0x00000064 )
(       libmtguard.so[0xCBBCB000])[05 EB C6 04 ]0x0000CE00:	ADD.W	R4, R5, R6, LSL #3	;(R5=0xCBC0D094 R6=0x00000064 )
(       libmtguard.so[0xCBBCB000])[F6 F7 3A FD ]0x0000CE04:	BL	#0XCBBCE87C	;(PC=0xCBBD7E04 )
(       libmtguard.so[0xCBBCB000])[F0 B5       ]0x0000387C:	PUSH	{R4, R5, R6, R7, LR}	;(SP=0x100FFFC0 R4=0xCBC0D3B4 R5=0xCBC0D094 R6=0x00000064 R7=0x100FFFE0 LR=0xCBBD7E09 )
(       libmtguard.so[0xCBBCB000])[03 AF       ]0x0000387E:	ADD	R7, SP, #0XC	;(SP=0x100FFFAC )
(       libmtguard.so[0xCBBCB000])[4D F8 04 BD ]0x00003880:	STR	FP, [SP, #-0X4]!	;(FP=0xCBC0B1C4 SP=0x100FFFAC )
(       libmtguard.so[0xCBBCB000])[05 46       ]0x00003884:	MOV	R5, R0	;(R0=0xCBBCFE51 )
(       libmtguard.so[0xCBBCB000])[01 20       ]0x00003886:	MOVS	R0, #1
(       libmtguard.so[0xCBBCB000])[10 21       ]0x00003888:	MOVS	R1, #0X10
(       libmtguard.so[0xCBBCB000])[00 22       ]0x0000388A:	MOVS	R2, #0
(       libmtguard.so[0xCBBCB000])[00 23       ]0x0000388C:	MOVS	R3, #0
(       libmtguard.so[0xCBBCB000])[00 26       ]0x0000388E:	MOVS	R6, #0
(       libmtguard.so[0xCBBCB000])[00 F0 C6 FA ]0x00003890:	BL	#0XCBBCEE20	;(PC=0xCBBCE890 )
(       libmtguard.so[0xCBBCB000])[B0 B5       ]0x00003E20:	PUSH	{R4, R5, R7, LR}	;(SP=0x100FFFA8 R4=0xCBC0D3B4 R5=0xCBBCFE51 R7=0x100FFFB8 LR=0xCBBCE895 )
(       libmtguard.so[0xCBBCB000])[02 AF       ]0x00003E22:	ADD	R7, SP, #8	;(SP=0x100FFF98 )
(       libmtguard.so[0xCBBCB000])[01 FB 00 F5 ]0x00003E24:	MUL	R5, R1, R0	;(R1=0x00000010 R0=0x00000001 )
(       libmtguard.so[0xCBBCB000])[4D B1       ]0x00003E28:	CBZ	R5, #0XCBBCEE3E	;(R5=0x00000010 )
(       libmtguard.so[0xCBBCB000])[28 46       ]0x00003E2A:	MOV	R0, R5	;(R5=0x00000010 )
(       libmtguard.so[0xCBBCB000])[FE F7 C8 EB ]0x00003E2C:	BLX	#0XCBBCD5C0	;(PC=0xCBBCEE2C )
(       libmtguard.so[0xCBBCB000])[00 C6 8F E2 ]0x000025C0:	ADD	IP, PC, #0, #12	;(PC=0xCBBCD5C0 )
(       libmtguard.so[0xCBBCB000])[3D CA 8C E2 ]0x000025C4:	ADD	IP, IP, #0X3D000	;(IP=0xCBBCD5C8 )
(       libmtguard.so[0xCBBCB000])[04 F9 BC E5 ]0x000025C8:	LDR	PC, [IP, #0X904]!	;(IP=0xCBC0A5C8 )
(       libmtguard.so[0xCBBCB000])[04 46       ]0x00003E30:	MOV	R4, R0	;(R0=0x30043C98 )
(       libmtguard.so[0xCBBCB000])[24 B1       ]0x00003E32:	CBZ	R4, #0XCBBCEE3E	;(R4=0x30043C98 )
(       libmtguard.so[0xCBBCB000])[20 46       ]0x00003E34:	MOV	R0, R4	;(R4=0x30043C98 )
(       libmtguard.so[0xCBBCB000])[29 46       ]0x00003E36:	MOV	R1, R5	;(R5=0x00000010 )
(       libmtguard.so[0xCBBCB000])[FE F7 CE EB ]0x00003E38:	BLX	#0XCBBCD5D8	;(PC=0xCBBCEE38 )
(       libmtguard.so[0xCBBCB000])[00 C6 8F E2 ]0x000025D8:	ADD	IP, PC, #0, #12	;(PC=0xCBBCD5D8 )
(       libmtguard.so[0xCBBCB000])[3D CA 8C E2 ]0x000025DC:	ADD	IP, IP, #0X3D000	;(IP=0xCBBCD5E0 )
(       libmtguard.so[0xCBBCB000])[F4 F8 BC E5 ]0x000025E0:	LDR	PC, [IP, #0X8F4]!	;(IP=0xCBC0A5E0 )
(       libmtguard.so[0xCBBCB000])[00 E0       ]0x00003E3C:	B	#0XCBBCEE40
(       libmtguard.so[0xCBBCB000])[20 46       ]0x00003E40:	MOV	R0, R4	;(R4=0x30043C98 )
(       libmtguard.so[0xCBBCB000])[B0 BD       ]0x00003E42:	POP	{R4, R5, R7, PC}	;(SP=0x100FFF98 )
(       libmtguard.so[0xCBBCB000])[04 46       ]0x00003894:	MOV	R4, R0	;(R0=0x30043C98 )
(       libmtguard.so[0xCBBCB000])[94 B1       ]0x00003896:	CBZ	R4, #0XCBBCE8BE	;(R4=0x30043C98 )
(       libmtguard.so[0xCBBCB000])[0B 20       ]0x00003898:	MOVS	R0, #0XB
(       libmtguard.so[0xCBBCB000])[C4 E9 00 66 ]0x0000389A:	STRD	R6, R6, [R4]	;(R6=0x00000000 R4=0x30043C98 )
(       libmtguard.so[0xCBBCB000])[C4 E9 02 05 ]0x0000389E:	STRD	R0, R5, [R4, #8]	;(R0=0x0000000B R5=0xCBBCFE51 R4=0x30043C98 )
(       libmtguard.so[0xCBBCB000])[04 20       ]0x000038A2:	MOVS	R0, #4
(       libmtguard.so[0xCBBCB000])[0B 21       ]0x000038A4:	MOVS	R1, #0XB
(       libmtguard.so[0xCBBCB000])[00 22       ]0x000038A6:	MOVS	R2, #0
(       libmtguard.so[0xCBBCB000])[00 23       ]0x000038A8:	MOVS	R3, #0
(       libmtguard.so[0xCBBCB000])[00 F0 B9 FA ]0x000038AA:	BL	#0XCBBCEE20	;(PC=0xCBBCE8AA )
(       libmtguard.so[0xCBBCB000])[B0 B5       ]0x00003E20:	PUSH	{R4, R5, R7, LR}	;(SP=0x100FFFA8 R4=0x30043C98 R5=0xCBBCFE51 R7=0x100FFFB8 LR=0xCBBCE8AF )
(       libmtguard.so[0xCBBCB000])[02 AF       ]0x00003E22:	ADD	R7, SP, #8	;(SP=0x100FFF98 )
(       libmtguard.so[0xCBBCB000])[01 FB 00 F5 ]0x00003E24:	MUL	R5, R1, R0	;(R1=0x0000000B R0=0x00000004 )
(       libmtguard.so[0xCBBCB000])[4D B1       ]0x00003E28:	CBZ	R5, #0XCBBCEE3E	;(R5=0x0000002C )
(       libmtguard.so[0xCBBCB000])[28 46       ]0x00003E2A:	MOV	R0, R5	;(R5=0x0000002C )
(       libmtguard.so[0xCBBCB000])[FE F7 C8 EB ]0x00003E2C:	BLX	#0XCBBCD5C0	;(PC=0xCBBCEE2C )
(       libmtguard.so[0xCBBCB000])[00 C6 8F E2 ]0x000025C0:	ADD	IP, PC, #0, #12	;(PC=0xCBBCD5C0 )
(       libmtguard.so[0xCBBCB000])[3D CA 8C E2 ]0x000025C4:	ADD	IP, IP, #0X3D000	;(IP=0xCBBCD5C8 )
(       libmtguard.so[0xCBBCB000])[04 F9 BC E5 ]0x000025C8:	LDR	PC, [IP, #0X904]!	;(IP=0xCBC0A5C8 )
(       libmtguard.so[0xCBBCB000])[04 46       ]0x00003E30:	MOV	R4, R0	;(R0=0x30043CB0 )
(       libmtguard.so[0xCBBCB000])[24 B1       ]0x00003E32:	CBZ	R4, #0XCBBCEE3E	;(R4=0x30043CB0 )
(       libmtguard.so[0xCBBCB000])[20 46       ]0x00003E34:	MOV	R0, R4	;(R4=0x30043CB0 )
(       libmtguard.so[0xCBBCB000])[29 46       ]0x00003E36:	MOV	R1, R5	;(R5=0x0000002C )
(       libmtguard.so[0xCBBCB000])[FE F7 CE EB ]0x00003E38:	BLX	#0XCBBCD5D8	;(PC=0xCBBCEE38 )
(       libmtguard.so[0xCBBCB000])[00 C6 8F E2 ]0x000025D8:	ADD	IP, PC, #0, #12	;(PC=0xCBBCD5D8 )
(       libmtguard.so[0xCBBCB000])[3D CA 8C E2 ]0x000025DC:	ADD	IP, IP, #0X3D000	;(IP=0xCBBCD5E0 )
(       libmtguard.so[0xCBBCB000])[F4 F8 BC E5 ]0x000025E0:	LDR	PC, [IP, #0X8F4]!	;(IP=0xCBC0A5E0 )
(       libmtguard.so[0xCBBCB000])[00 E0       ]0x00003E3C:	B	#0XCBBCEE40
(       libmtguard.so[0xCBBCB000])[20 46       ]0x00003E40:	MOV	R0, R4	;(R4=0x30043CB0 )
(       libmtguard.so[0xCBBCB000])[B0 BD       ]0x00003E42:	POP	{R4, R5, R7, PC}	;(SP=0x100FFF98 )
(       libmtguard.so[0xCBBCB000])[00 28       ]0x000038AE:	CMP	R0, #0	;(R0=0x30043CB0 )
(       libmtguard.so[0xCBBCB000])[20 60       ]0x000038B0:	STR	R0, [R4]	;(R0=0x30043CB0 R4=0x30043C98 )
(       libmtguard.so[0xCBBCB000])[05 D1       ]0x000038B2:	BNE	#0XCBBCE8C0
(       libmtguard.so[0xCBBCB000])[20 46       ]0x000038C0:	MOV	R0, R4	;(R4=0x30043C98 )
(       libmtguard.so[0xCBBCB000])[5D F8 04 BB ]0x000038C2:	LDR	FP, [SP], #4	;(SP=0x100FFFA8 )
(       libmtguard.so[0xCBBCB000])[F0 BD       ]0x000038C6:	POP	{R4, R5, R6, R7, PC}	;(SP=0x100FFFAC )
(       libmtguard.so[0xCBBCB000])[01 36       ]0x0000CE08:	ADDS	R6, #1	;(R6=0x00000064 )
(       libmtguard.so[0xCBBCB000])[60 60       ]0x0000CE0A:	STR	R0, [R4, #4]	;(R0=0x30043C98 R4=0xCBC0D3B4 )
(       libmtguard.so[0xCBBCB000])[B6 F5 7C 7F ]0x0000CE0C:	CMP.W	R6, #0X3F0	;(R6=0x00000065 )
(       libmtguard.so[0xCBBCB000])[F3 D1       ]0x0000CE10:	BNE	#0XCBBD7DFA
(       libmtguard.so[0xCBBCB000])[48 46       ]0x0000CDFA:	MOV	R0, SB	;(SB=0xCBBCFE51 )
(       libmtguard.so[0xCBBCB000])[45 F8 36 80 ]0x0000CDFC:	STR.W	R8, [R5, R6, LSL #3]	;(R8=0xFFFFFFFF R5=0xCBC0D094 R6=0x00000065 )
(       libmtguard.so[0xCBBCB000])[05 EB C6 04 ]0x0000CE00:	ADD.W	R4, R5, R6, LSL #3	;(R5=0xCBC0D094 R6=0x00000065 )
(       libmtguard.so[0xCBBCB000])[F6 F7 3A FD ]0x0000CE04:	BL	#0XCBBCE87C	;(PC=0xCBBD7E04 )
(       libmtguard.so[0xCBBCB000])[F0 B5       ]0x0000387C:	PUSH	{R4, R5, R6, R7, LR}	;(SP=0x100FFFC0 R4=0xCBC0D3BC R5=0xCBC0D094 R6=0x00000065 R7=0x100FFFE0 LR=0xCBBD7E09 )
(       libmtguard.so[0xCBBCB000])[03 AF       ]0x0000387E:	ADD	R7, SP, #0XC	;(SP=0x100FFFAC )
(       libmtguard.so[0xCBBCB000])[4D F8 04 BD ]0x00003880:	STR	FP, [SP, #-0X4]!	;(FP=0xCBC0B1C4 SP=0x100FFFAC )
(       libmtguard.so[0xCBBCB000])[05 46       ]0x00003884:	MOV	R5, R0	;(R0=0xCBBCFE51 )
(       libmtguard.so[0xCBBCB000])[01 20       ]0x00003886:	MOVS	R0, #1
(       libmtguard.so[0xCBBCB000])[10 21       ]0x00003888:	MOVS	R1, #0X10
(       libmtguard.so[0xCBBCB000])[00 22       ]0x0000388A:	MOVS	R2, #0
(       libmtguard.so[0xCBBCB000])[00 23       ]0x0000388C:	MOVS	R3, #0
(       libmtguard.so[0xCBBCB000])[00 26       ]0x0000388E:	MOVS	R6, #0
(       libmtguard.so[0xCBBCB000])[00 F0 C6 FA ]0x00003890:	BL	#0XCBBCEE20	;(PC=0xCBBCE890 )
(       libmtguard.so[0xCBBCB000])[B0 B5       ]0x00003E20:	PUSH	{R4, R5, R7, LR}	;(SP=0x100FFFA8 R4=0xCBC0D3BC R5=0xCBBCFE51 R7=0x100FFFB8 LR=0xCBBCE895 )
(       libmtguard.so[0xCBBCB000])[02 AF       ]0x00003E22:	ADD	R7, SP, #8	;(SP=0x100FFF98 )
(       libmtguard.so[0xCBBCB000])[01 FB 00 F5 ]0x00003E24:	MUL	R5, R1, R0	;(R1=0x00000010 R0=0x00000001 )
(       libmtguard.so[0xCBBCB000])[4D B1       ]0x00003E28:	CBZ	R5, #0XCBBCEE3E	;(R5=0x00000010 )
(       libmtguard.so[0xCBBCB000])[28 46       ]0x00003E2A:	MOV	R0, R5	;(R5=0x00000010 )
(       libmtguard.so[0xCBBCB000])[FE F7 C8 EB ]0x00003E2C:	BLX	#0XCBBCD5C0	;(PC=0xCBBCEE2C )
(       libmtguard.so[0xCBBCB000])[00 C6 8F E2 ]0x000025C0:	ADD	IP, PC, #0, #12	;(PC=0xCBBCD5C0 )
(       libmtguard.so[0xCBBCB000])[3D CA 8C E2 ]0x000025C4:	ADD	IP, IP, #0X3D000	;(IP=0xCBBCD5C8 )
(       libmtguard.so[0xCBBCB000])[04 F9 BC E5 ]0x000025C8:	LDR	PC, [IP, #0X904]!	;(IP=0xCBC0A5C8 )
(       libmtguard.so[0xCBBCB000])[04 46       ]0x00003E30:	MOV	R4, R0	;(R0=0x30043CE0 )
(       libmtguard.so[0xCBBCB000])[24 B1       ]0x00003E32:	CBZ	R4, #0XCBBCEE3E	;(R4=0x30043CE0 )
(       libmtguard.so[0xCBBCB000])[20 46       ]0x00003E34:	MOV	R0, R4	;(R4=0x30043CE0 )
(       libmtguard.so[0xCBBCB000])[29 46       ]0x00003E36:	MOV	R1, R5	;(R5=0x00000010 )
(       libmtguard.so[0xCBBCB000])[FE F7 CE EB ]0x00003E38:	BLX	#0XCBBCD5D8	;(PC=0xCBBCEE38 )
(       libmtguard.so[0xCBBCB000])[00 C6 8F E2 ]0x000025D8:	ADD	IP, PC, #0, #12	;(PC=0xCBBCD5D8 )
(       libmtguard.so[0xCBBCB000])[3D CA 8C E2 ]0x000025DC:	ADD	IP, IP, #0X3D000	;(IP=0xCBBCD5E0 )
(       libmtguard.so[0xCBBCB000])[F4 F8 BC E5 ]0x000025E0:	LDR	PC, [IP, #0X8F4]!	;(IP=0xCBC0A5E0 )
(       libmtguard.so[0xCBBCB000])[00 E0       ]0x00003E3C:	B	#0XCBBCEE40
(       libmtguard.so[0xCBBCB000])[20 46       ]0x00003E40:	MOV	R0, R4	;(R4=0x30043CE0 )
(       libmtguard.so[0xCBBCB000])[B0 BD       ]0x00003E42:	POP	{R4, R5, R7, PC}	;(SP=0x100FFF98 )
(       libmtguard.so[0xCBBCB000])[04 46       ]0x00003894:	MOV	R4, R0	;(R0=0x30043CE0 )
(       libmtguard.so[0xCBBCB000])[94 B1       ]0x00003896:	CBZ	R4, #0XCBBCE8BE	;(R4=0x30043CE0 )
(       libmtguard.so[0xCBBCB000])[0B 20       ]0x00003898:	MOVS	R0, #0XB
(       libmtguard.so[0xCBBCB000])[C4 E9 00 66 ]0x0000389A:	STRD	R6, R6, [R4]	;(R6=0x00000000 R4=0x30043CE0 )
(       libmtguard.so[0xCBBCB000])[C4 E9 02 05 ]0x0000389E:	STRD	R0, R5, [R4, #8]	;(R0=0x0000000B R5=0xCBBCFE51 R4=0x30043CE0 )
(       libmtguard.so[0xCBBCB000])[04 20       ]0x000038A2:	MOVS	R0, #4
(       libmtguard.so[0xCBBCB000])[0B 21       ]0x000038A4:	MOVS	R1, #0XB
(       libmtguard.so[0xCBBCB000])[00 22       ]0x000038A6:	MOVS	R2, #0
(       libmtguard.so[0xCBBCB000])[00 23       ]0x000038A8:	MOVS	R3, #0
(       libmtguard.so[0xCBBCB000])[00 F0 B9 FA ]0x000038AA:	BL	#0XCBBCEE20	;(PC=0xCBBCE8AA )
(       libmtguard.so[0xCBBCB000])[B0 B5       ]0x00003E20:	PUSH	{R4, R5, R7, LR}	;(SP=0x100FFFA8 R4=0x30043CE0 R5=0xCBBCFE51 R7=0x100FFFB8 LR=0xCBBCE8AF )
(       libmtguard.so[0xCBBCB000])[02 AF       ]0x00003E22:	ADD	R7, SP, #8	;(SP=0x100FFF98 )
(       libmtguard.so[0xCBBCB000])[01 FB 00 F5 ]0x00003E24:	MUL	R5, R1, R0	;(R1=0x0000000B R0=0x00000004 )
(       libmtguard.so[0xCBBCB000])[4D B1       ]0x00003E28:	CBZ	R5, #0XCBBCEE3E	;(R5=0x0000002C )
(       libmtguard.so[0xCBBCB000])[28 46       ]0x00003E2A:	MOV	R0, R5	;(R5=0x0000002C )
(       libmtguard.so[0xCBBCB000])[FE F7 C8 EB ]0x00003E2C:	BLX	#0XCBBCD5C0	;(PC=0xCBBCEE2C )
(       libmtguard.so[0xCBBCB000])[00 C6 8F E2 ]0x000025C0:	ADD	IP, PC, #0, #12	;(PC=0xCBBCD5C0 )
(       libmtguard.so[0xCBBCB000])[3D CA 8C E2 ]0x000025C4:	ADD	IP, IP, #0X3D000	;(IP=0xCBBCD5C8 )
(       libmtguard.so[0xCBBCB000])[04 F9 BC E5 ]0x000025C8:	LDR	PC, [IP, #0X904]!	;(IP=0xCBC0A5C8 )
(       libmtguard.so[0xCBBCB000])[04 46       ]0x00003E30:	MOV	R4, R0	;(R0=0x30043CF8 )
(       libmtguard.so[0xCBBCB000])[24 B1       ]0x00003E32:	CBZ	R4, #0XCBBCEE3E	;(R4=0x30043CF8 )
(       libmtguard.so[0xCBBCB000])[20 46       ]0x00003E34:	MOV	R0, R4	;(R4=0x30043CF8 )
(       libmtguard.so[0xCBBCB000])[29 46       ]0x00003E36:	MOV	R1, R5	;(R5=0x0000002C )
(       libmtguard.so[0xCBBCB000])[FE F7 CE EB ]0x00003E38:	BLX	#0XCBBCD5D8	;(PC=0xCBBCEE38 )
(       libmtguard.so[0xCBBCB000])[00 C6 8F E2 ]0x000025D8:	ADD	IP, PC, #0, #12	;(PC=0xCBBCD5D8 )
(       libmtguard.so[0xCBBCB000])[3D CA 8C E2 ]0x000025DC:	ADD	IP, IP, #0X3D000	;(IP=0xCBBCD5E0 )
(       libmtguard.so[0xCBBCB000])[F4 F8 BC E5 ]0x000025E0:	LDR	PC, [IP, #0X8F4]!	;(IP=0xCBC0A5E0 )
(       libmtguard.so[0xCBBCB000])[00 E0       ]0x00003E3C:	B	#0XCBBCEE40
(       libmtguard.so[0xCBBCB000])[20 46       ]0x00003E40:	MOV	R0, R4	;(R4=0x30043CF8 )
(       libmtguard.so[0xCBBCB000])[B0 BD       ]0x00003E42:	POP	{R4, R5, R7, PC}	;(SP=0x100FFF98 )
(       libmtguard.so[0xCBBCB000])[00 28       ]0x000038AE:	CMP	R0, #0	;(R0=0x30043CF8 )
(       libmtguard.so[0xCBBCB000])[20 60       ]0x000038B0:	STR	R0, [R4]	;(R0=0x30043CF8 R4=0x30043CE0 )
(       libmtguard.so[0xCBBCB000])[05 D1       ]0x000038B2:	BNE	#0XCBBCE8C0
(       libmtguard.so[0xCBBCB000])[20 46       ]0x000038C0:	MOV	R0, R4	;(R4=0x30043CE0 )
(       libmtguard.so[0xCBBCB000])[5D F8 04 BB ]0x000038C2:	LDR	FP, [SP], #4	;(SP=0x100FFFA8 )
(       libmtguard.so[0xCBBCB000])[F0 BD       ]0x000038C6:	POP	{R4, R5, R6, R7, PC}	;(SP=0x100FFFAC )
(       libmtguard.so[0xCBBCB000])[01 36       ]0x0000CE08:	ADDS	R6, #1	;(R6=0x00000065 )
(       libmtguard.so[0xCBBCB000])[60 60       ]0x0000CE0A:	STR	R0, [R4, #4]	;(R0=0x30043CE0 R4=0xCBC0D3BC )
(       libmtguard.so[0xCBBCB000])[B6 F5 7C 7F ]0x0000CE0C:	CMP.W	R6, #0X3F0	;(R6=0x00000066 )
(       libmtguard.so[0xCBBCB000])[F3 D1       ]0x0000CE10:	BNE	#0XCBBD7DFA
(       libmtguard.so[0xCBBCB000])[48 46       ]0x0000CDFA:	MOV	R0, SB	;(SB=0xCBBCFE51 )
(       libmtguard.so[0xCBBCB000])[45 F8 36 80 ]0x0000CDFC:	STR.W	R8, [R5, R6, LSL #3]	;(R8=0xFFFFFFFF R5=0xCBC0D094 R6=0x00000066 )
(       libmtguard.so[0xCBBCB000])[05 EB C6 04 ]0x0000CE00:	ADD.W	R4, R5, R6, LSL #3	;(R5=0xCBC0D094 R6=0x00000066 )
(       libmtguard.so[0xCBBCB000])[F6 F7 3A FD ]0x0000CE04:	BL	#0XCBBCE87C	;(PC=0xCBBD7E04 )
(       libmtguard.so[0xCBBCB000])[F0 B5       ]0x0000387C:	PUSH	{R4, R5, R6, R7, LR}	;(SP=0x100FFFC0 R4=0xCBC0D3C4 R5=0xCBC0D094 R6=0x00000066 R7=0x100FFFE0 LR=0xCBBD7E09 )
(       libmtguard.so[0xCBBCB000])[03 AF       ]0x0000387E:	ADD	R7, SP, #0XC	;(SP=0x100FFFAC )
(       libmtguard.so[0xCBBCB000])[4D F8 04 BD ]0x00003880:	STR	FP, [SP, #-0X4]!	;(FP=0xCBC0B1C4 SP=0x100FFFAC )
(       libmtguard.so[0xCBBCB000])[05 46       ]0x00003884:	MOV	R5, R0	;(R0=0xCBBCFE51 )
(       libmtguard.so[0xCBBCB000])[01 20       ]0x00003886:	MOVS	R0, #1
(       libmtguard.so[0xCBBCB000])[10 21       ]0x00003888:	MOVS	R1, #0X10
(       libmtguard.so[0xCBBCB000])[00 22       ]0x0000388A:	MOVS	R2, #0
(       libmtguard.so[0xCBBCB000])[00 23       ]0x0000388C:	MOVS	R3, #0
(       libmtguard.so[0xCBBCB000])[00 26       ]0x0000388E:	MOVS	R6, #0
(       libmtguard.so[0xCBBCB000])[00 F0 C6 FA ]0x00003890:	BL	#0XCBBCEE20	;(PC=0xCBBCE890 )
(       libmtguard.so[0xCBBCB000])[B0 B5       ]0x00003E20:	PUSH	{R4, R5, R7, LR}	;(SP=0x100FFFA8 R4=0xCBC0D3C4 R5=0xCBBCFE51 R7=0x100FFFB8 LR=0xCBBCE895 )
(       libmtguard.so[0xCBBCB000])[02 AF       ]0x00003E22:	ADD	R7, SP, #8	;(SP=0x100FFF98 )
(       libmtguard.so[0xCBBCB000])[01 FB 00 F5 ]0x00003E24:	MUL	R5, R1, R0	;(R1=0x00000010 R0=0x00000001 )
(       libmtguard.so[0xCBBCB000])[4D B1       ]0x00003E28:	CBZ	R5, #0XCBBCEE3E	;(R5=0x00000010 )
(       libmtguard.so[0xCBBCB000])[28 46       ]0x00003E2A:	MOV	R0, R5	;(R5=0x00000010 )
(       libmtguard.so[0xCBBCB000])[FE F7 C8 EB ]0x00003E2C:	BLX	#0XCBBCD5C0	;(PC=0xCBBCEE2C )
(       libmtguard.so[0xCBBCB000])[00 C6 8F E2 ]0x000025C0:	ADD	IP, PC, #0, #12	;(PC=0xCBBCD5C0 )
(       libmtguard.so[0xCBBCB000])[3D CA 8C E2 ]0x000025C4:	ADD	IP, IP, #0X3D000	;(IP=0xCBBCD5C8 )
(       libmtguard.so[0xCBBCB000])[04 F9 BC E5 ]0x000025C8:	LDR	PC, [IP, #0X904]!	;(IP=0xCBC0A5C8 )
(       libmtguard.so[0xCBBCB000])[04 46       ]0x00003E30:	MOV	R4, R0	;(R0=0x30043D28 )
(       libmtguard.so[0xCBBCB000])[24 B1       ]0x00003E32:	CBZ	R4, #0XCBBCEE3E	;(R4=0x30043D28 )
(       libmtguard.so[0xCBBCB000])[20 46       ]0x00003E34:	MOV	R0, R4	;(R4=0x30043D28 )
(       libmtguard.so[0xCBBCB000])[29 46       ]0x00003E36:	MOV	R1, R5	;(R5=0x00000010 )
(       libmtguard.so[0xCBBCB000])[FE F7 CE EB ]0x00003E38:	BLX	#0XCBBCD5D8	;(PC=0xCBBCEE38 )
(       libmtguard.so[0xCBBCB000])[00 C6 8F E2 ]0x000025D8:	ADD	IP, PC, #0, #12	;(PC=0xCBBCD5D8 )
(       libmtguard.so[0xCBBCB000])[3D CA 8C E2 ]0x000025DC:	ADD	IP, IP, #0X3D000	;(IP=0xCBBCD5E0 )
(       libmtguard.so[0xCBBCB000])[F4 F8 BC E5 ]0x000025E0:	LDR	PC, [IP, #0X8F4]!	;(IP=0xCBC0A5E0 )
(       libmtguard.so[0xCBBCB000])[00 E0       ]0x00003E3C:	B	#0XCBBCEE40
(       libmtguard.so[0xCBBCB000])[20 46       ]0x00003E40:	MOV	R0, R4	;(R4=0x30043D28 )
(       libmtguard.so[0xCBBCB000])[B0 BD       ]0x00003E42:	POP	{R4, R5, R7, PC}	;(SP=0x100FFF98 )
(       libmtguard.so[0xCBBCB000])[04 46       ]0x00003894:	MOV	R4, R0	;(R0=0x30043D28 )
(       libmtguard.so[0xCBBCB000])[94 B1       ]0x00003896:	CBZ	R4, #0XCBBCE8BE	;(R4=0x30043D28 )
(       libmtguard.so[0xCBBCB000])[0B 20       ]0x00003898:	MOVS	R0, #0XB
(       libmtguard.so[0xCBBCB000])[C4 E9 00 66 ]0x0000389A:	STRD	R6, R6, [R4]	;(R6=0x00000000 R4=0x30043D28 )
(       libmtguard.so[0xCBBCB000])[C4 E9 02 05 ]0x0000389E:	STRD	R0, R5, [R4, #8]	;(R0=0x0000000B R5=0xCBBCFE51 R4=0x30043D28 )
(       libmtguard.so[0xCBBCB000])[04 20       ]0x000038A2:	MOVS	R0, #4
(       libmtguard.so[0xCBBCB000])[0B 21       ]0x000038A4:	MOVS	R1, #0XB
(       libmtguard.so[0xCBBCB000])[00 22       ]0x000038A6:	MOVS	R2, #0
(       libmtguard.so[0xCBBCB000])[00 23       ]0x000038A8:	MOVS	R3, #0
(       libmtguard.so[0xCBBCB000])[00 F0 B9 FA ]0x000038AA:	BL	#0XCBBCEE20	;(PC=0xCBBCE8AA )
(       libmtguard.so[0xCBBCB000])[B0 B5       ]0x00003E20:	PUSH	{R4, R5, R7, LR}	;(SP=0x100FFFA8 R4=0x30043D28 R5=0xCBBCFE51 R7=0x100FFFB8 LR=0xCBBCE8AF )
(       libmtguard.so[0xCBBCB000])[02 AF       ]0x00003E22:	ADD	R7, SP, #8	;(SP=0x100FFF98 )
(       libmtguard.so[0xCBBCB000])[01 FB 00 F5 ]0x00003E24:	MUL	R5, R1, R0	;(R1=0x0000000B R0=0x00000004 )
(       libmtguard.so[0xCBBCB000])[4D B1       ]0x00003E28:	CBZ	R5, #0XCBBCEE3E	;(R5=0x0000002C )
(       libmtguard.so[0xCBBCB000])[28 46       ]0x00003E2A:	MOV	R0, R5	;(R5=0x0000002C )
(       libmtguard.so[0xCBBCB000])[FE F7 C8 EB ]0x00003E2C:	BLX	#0XCBBCD5C0	;(PC=0xCBBCEE2C )
(       libmtguard.so[0xCBBCB000])[00 C6 8F E2 ]0x000025C0:	ADD	IP, PC, #0, #12	;(PC=0xCBBCD5C0 )
(       libmtguard.so[0xCBBCB000])[3D CA 8C E2 ]0x000025C4:	ADD	IP, IP, #0X3D000	;(IP=0xCBBCD5C8 )
(       libmtguard.so[0xCBBCB000])[04 F9 BC E5 ]0x000025C8:	LDR	PC, [IP, #0X904]!	;(IP=0xCBC0A5C8 )
(       libmtguard.so[0xCBBCB000])[04 46       ]0x00003E30:	MOV	R4, R0	;(R0=0x30043D40 )
(       libmtguard.so[0xCBBCB000])[24 B1       ]0x00003E32:	CBZ	R4, #0XCBBCEE3E	;(R4=0x30043D40 )
(       libmtguard.so[0xCBBCB000])[20 46       ]0x00003E34:	MOV	R0, R4	;(R4=0x30043D40 )
(       libmtguard.so[0xCBBCB000])[29 46       ]0x00003E36:	MOV	R1, R5	;(R5=0x0000002C )
(       libmtguard.so[0xCBBCB000])[FE F7 CE EB ]0x00003E38:	BLX	#0XCBBCD5D8	;(PC=0xCBBCEE38 )
(       libmtguard.so[0xCBBCB000])[00 C6 8F E2 ]0x000025D8:	ADD	IP, PC, #0, #12	;(PC=0xCBBCD5D8 )
(       libmtguard.so[0xCBBCB000])[3D CA 8C E2 ]0x000025DC:	ADD	IP, IP, #0X3D000	;(IP=0xCBBCD5E0 )
(       libmtguard.so[0xCBBCB000])[F4 F8 BC E5 ]0x000025E0:	LDR	PC, [IP, #0X8F4]!	;(IP=0xCBC0A5E0 )
(       libmtguard.so[0xCBBCB000])[00 E0       ]0x00003E3C:	B	#0XCBBCEE40
(       libmtguard.so[0xCBBCB000])[20 46       ]0x00003E40:	MOV	R0, R4	;(R4=0x30043D40 )
(       libmtguard.so[0xCBBCB000])[B0 BD       ]0x00003E42:	POP	{R4, R5, R7, PC}	;(SP=0x100FFF98 )
(       libmtguard.so[0xCBBCB000])[00 28       ]0x000038AE:	CMP	R0, #0	;(R0=0x30043D40 )
(       libmtguard.so[0xCBBCB000])[20 60       ]0x000038B0:	STR	R0, [R4]	;(R0=0x30043D40 R4=0x30043D28 )
(       libmtguard.so[0xCBBCB000])[05 D1       ]0x000038B2:	BNE	#0XCBBCE8C0
(       libmtguard.so[0xCBBCB000])[20 46       ]0x000038C0:	MOV	R0, R4	;(R4=0x30043D28 )
(       libmtguard.so[0xCBBCB000])[5D F8 04 BB ]0x000038C2:	LDR	FP, [SP], #4	;(SP=0x100FFFA8 )
(       libmtguard.so[0xCBBCB000])[F0 BD       ]0x000038C6:	POP	{R4, R5, R6, R7, PC}	;(SP=0x100FFFAC )
(       libmtguard.so[0xCBBCB000])[01 36       ]0x0000CE08:	ADDS	R6, #1	;(R6=0x00000066 )
(       libmtguard.so[0xCBBCB000])[60 60       ]0x0000CE0A:	STR	R0, [R4, #4]	;(R0=0x30043D28 R4=0xCBC0D3C4 )
(       libmtguard.so[0xCBBCB000])[B6 F5 7C 7F ]0x0000CE0C:	CMP.W	R6, #0X3F0	;(R6=0x00000067 )
(       libmtguard.so[0xCBBCB000])[F3 D1       ]0x0000CE10:	BNE	#0XCBBD7DFA
(       libmtguard.so[0xCBBCB000])[48 46       ]0x0000CDFA:	MOV	R0, SB	;(SB=0xCBBCFE51 )
(       libmtguard.so[0xCBBCB000])[45 F8 36 80 ]0x0000CDFC:	STR.W	R8, [R5, R6, LSL #3]	;(R8=0xFFFFFFFF R5=0xCBC0D094 R6=0x00000067 )
(       libmtguard.so[0xCBBCB000])[05 EB C6 04 ]0x0000CE00:	ADD.W	R4, R5, R6, LSL #3	;(R5=0xCBC0D094 R6=0x00000067 )
(       libmtguard.so[0xCBBCB000])[F6 F7 3A FD ]0x0000CE04:	BL	#0XCBBCE87C	;(PC=0xCBBD7E04 )
(       libmtguard.so[0xCBBCB000])[F0 B5       ]0x0000387C:	PUSH	{R4, R5, R6, R7, LR}	;(SP=0x100FFFC0 R4=0xCBC0D3CC R5=0xCBC0D094 R6=0x00000067 R7=0x100FFFE0 LR=0xCBBD7E09 )
(       libmtguard.so[0xCBBCB000])[03 AF       ]0x0000387E:	ADD	R7, SP, #0XC	;(SP=0x100FFFAC )
(       libmtguard.so[0xCBBCB000])[4D F8 04 BD ]0x00003880:	STR	FP, [SP, #-0X4]!	;(FP=0xCBC0B1C4 SP=0x100FFFAC )
(       libmtguard.so[0xCBBCB000])[05 46       ]0x00003884:	MOV	R5, R0	;(R0=0xCBBCFE51 )
(       libmtguard.so[0xCBBCB000])[01 20       ]0x00003886:	MOVS	R0, #1
(       libmtguard.so[0xCBBCB000])[10 21       ]0x00003888:	MOVS	R1, #0X10
(       libmtguard.so[0xCBBCB000])[00 22       ]0x0000388A:	MOVS	R2, #0
(       libmtguard.so[0xCBBCB000])[00 23       ]0x0000388C:	MOVS	R3, #0
(       libmtguard.so[0xCBBCB000])[00 26       ]0x0000388E:	MOVS	R6, #0
(       libmtguard.so[0xCBBCB000])[00 F0 C6 FA ]0x00003890:	BL	#0XCBBCEE20	;(PC=0xCBBCE890 )
(       libmtguard.so[0xCBBCB000])[B0 B5       ]0x00003E20:	PUSH	{R4, R5, R7, LR}	;(SP=0x100FFFA8 R4=0xCBC0D3CC R5=0xCBBCFE51 R7=0x100FFFB8 LR=0xCBBCE895 )
(       libmtguard.so[0xCBBCB000])[02 AF       ]0x00003E22:	ADD	R7, SP, #8	;(SP=0x100FFF98 )
(       libmtguard.so[0xCBBCB000])[01 FB 00 F5 ]0x00003E24:	MUL	R5, R1, R0	;(R1=0x00000010 R0=0x00000001 )
(       libmtguard.so[0xCBBCB000])[4D B1       ]0x00003E28:	CBZ	R5, #0XCBBCEE3E	;(R5=0x00000010 )
(       libmtguard.so[0xCBBCB000])[28 46       ]0x00003E2A:	MOV	R0, R5	;(R5=0x00000010 )
(       libmtguard.so[0xCBBCB000])[FE F7 C8 EB ]0x00003E2C:	BLX	#0XCBBCD5C0	;(PC=0xCBBCEE2C )
(       libmtguard.so[0xCBBCB000])[00 C6 8F E2 ]0x000025C0:	ADD	IP, PC, #0, #12	;(PC=0xCBBCD5C0 )
(       libmtguard.so[0xCBBCB000])[3D CA 8C E2 ]0x000025C4:	ADD	IP, IP, #0X3D000	;(IP=0xCBBCD5C8 )
(       libmtguard.so[0xCBBCB000])[04 F9 BC E5 ]0x000025C8:	LDR	PC, [IP, #0X904]!	;(IP=0xCBC0A5C8 )
(       libmtguard.so[0xCBBCB000])[04 46       ]0x00003E30:	MOV	R4, R0	;(R0=0x30043D70 )
(       libmtguard.so[0xCBBCB000])[24 B1       ]0x00003E32:	CBZ	R4, #0XCBBCEE3E	;(R4=0x30043D70 )
(       libmtguard.so[0xCBBCB000])[20 46       ]0x00003E34:	MOV	R0, R4	;(R4=0x30043D70 )
(       libmtguard.so[0xCBBCB000])[29 46       ]0x00003E36:	MOV	R1, R5	;(R5=0x00000010 )
(       libmtguard.so[0xCBBCB000])[FE F7 CE EB ]0x00003E38:	BLX	#0XCBBCD5D8	;(PC=0xCBBCEE38 )
(       libmtguard.so[0xCBBCB000])[00 C6 8F E2 ]0x000025D8:	ADD	IP, PC, #0, #12	;(PC=0xCBBCD5D8 )
(       libmtguard.so[0xCBBCB000])[3D CA 8C E2 ]0x000025DC:	ADD	IP, IP, #0X3D000	;(IP=0xCBBCD5E0 )
(       libmtguard.so[0xCBBCB000])[F4 F8 BC E5 ]0x000025E0:	LDR	PC, [IP, #0X8F4]!	;(IP=0xCBC0A5E0 )
(       libmtguard.so[0xCBBCB000])[00 E0       ]0x00003E3C:	B	#0XCBBCEE40
(       libmtguard.so[0xCBBCB000])[20 46       ]0x00003E40:	MOV	R0, R4	;(R4=0x30043D70 )
(       libmtguard.so[0xCBBCB000])[B0 BD       ]0x00003E42:	POP	{R4, R5, R7, PC}	;(SP=0x100FFF98 )
(       libmtguard.so[0xCBBCB000])[04 46       ]0x00003894:	MOV	R4, R0	;(R0=0x30043D70 )
(       libmtguard.so[0xCBBCB000])[94 B1       ]0x00003896:	CBZ	R4, #0XCBBCE8BE	;(R4=0x30043D70 )
(       libmtguard.so[0xCBBCB000])[0B 20       ]0x00003898:	MOVS	R0, #0XB
(       libmtguard.so[0xCBBCB000])[C4 E9 00 66 ]0x0000389A:	STRD	R6, R6, [R4]	;(R6=0x00000000 R4=0x30043D70 )
(       libmtguard.so[0xCBBCB000])[C4 E9 02 05 ]0x0000389E:	STRD	R0, R5, [R4, #8]	;(R0=0x0000000B R5=0xCBBCFE51 R4=0x30043D70 )
(       libmtguard.so[0xCBBCB000])[04 20       ]0x000038A2:	MOVS	R0, #4
(       libmtguard.so[0xCBBCB000])[0B 21       ]0x000038A4:	MOVS	R1, #0XB
(       libmtguard.so[0xCBBCB000])[00 22       ]0x000038A6:	MOVS	R2, #0
(       libmtguard.so[0xCBBCB000])[00 23       ]0x000038A8:	MOVS	R3, #0
(       libmtguard.so[0xCBBCB000])[00 F0 B9 FA ]0x000038AA:	BL	#0XCBBCEE20	;(PC=0xCBBCE8AA )
(       libmtguard.so[0xCBBCB000])[B0 B5       ]0x00003E20:	PUSH	{R4, R5, R7, LR}	;(SP=0x100FFFA8 R4=0x30043D70 R5=0xCBBCFE51 R7=0x100FFFB8 LR=0xCBBCE8AF )
(       libmtguard.so[0xCBBCB000])[02 AF       ]0x00003E22:	ADD	R7, SP, #8	;(SP=0x100FFF98 )
(       libmtguard.so[0xCBBCB000])[01 FB 00 F5 ]0x00003E24:	MUL	R5, R1, R0	;(R1=0x0000000B R0=0x00000004 )
(       libmtguard.so[0xCBBCB000])[4D B1       ]0x00003E28:	CBZ	R5, #0XCBBCEE3E	;(R5=0x0000002C )
(       libmtguard.so[0xCBBCB000])[28 46       ]0x00003E2A:	MOV	R0, R5	;(R5=0x0000002C )
(       libmtguard.so[0xCBBCB000])[FE F7 C8 EB ]0x00003E2C:	BLX	#0XCBBCD5C0	;(PC=0xCBBCEE2C )
(       libmtguard.so[0xCBBCB000])[00 C6 8F E2 ]0x000025C0:	ADD	IP, PC, #0, #12	;(PC=0xCBBCD5C0 )
(       libmtguard.so[0xCBBCB000])[3D CA 8C E2 ]0x000025C4:	ADD	IP, IP, #0X3D000	;(IP=0xCBBCD5C8 )
(       libmtguard.so[0xCBBCB000])[04 F9 BC E5 ]0x000025C8:	LDR	PC, [IP, #0X904]!	;(IP=0xCBC0A5C8 )
(       libmtguard.so[0xCBBCB000])[04 46       ]0x00003E30:	MOV	R4, R0	;(R0=0x30043D88 )
(       libmtguard.so[0xCBBCB000])[24 B1       ]0x00003E32:	CBZ	R4, #0XCBBCEE3E	;(R4=0x30043D88 )
(       libmtguard.so[0xCBBCB000])[20 46       ]0x00003E34:	MOV	R0, R4	;(R4=0x30043D88 )
(       libmtguard.so[0xCBBCB000])[29 46       ]0x00003E36:	MOV	R1, R5	;(R5=0x0000002C )
(       libmtguard.so[0xCBBCB000])[FE F7 CE EB ]0x00003E38:	BLX	#0XCBBCD5D8	;(PC=0xCBBCEE38 )
(       libmtguard.so[0xCBBCB000])[00 C6 8F E2 ]0x000025D8:	ADD	IP, PC, #0, #12	;(PC=0xCBBCD5D8 )
(       libmtguard.so[0xCBBCB000])[3D CA 8C E2 ]0x000025DC:	ADD	IP, IP, #0X3D000	;(IP=0xCBBCD5E0 )
(       libmtguard.so[0xCBBCB000])[F4 F8 BC E5 ]0x000025E0:	LDR	PC, [IP, #0X8F4]!	;(IP=0xCBC0A5E0 )
(       libmtguard.so[0xCBBCB000])[00 E0       ]0x00003E3C:	B	#0XCBBCEE40
(       libmtguard.so[0xCBBCB000])[20 46       ]0x00003E40:	MOV	R0, R4	;(R4=0x30043D88 )
(       libmtguard.so[0xCBBCB000])[B0 BD       ]0x00003E42:	POP	{R4, R5, R7, PC}	;(SP=0x100FFF98 )
(       libmtguard.so[0xCBBCB000])[00 28       ]0x000038AE:	CMP	R0, #0	;(R0=0x30043D88 )
(       libmtguard.so[0xCBBCB000])[20 60       ]0x000038B0:	STR	R0, [R4]	;(R0=0x30043D88 R4=0x30043D70 )
(       libmtguard.so[0xCBBCB000])[05 D1       ]0x000038B2:	BNE	#0XCBBCE8C0
(       libmtguard.so[0xCBBCB000])[20 46       ]0x000038C0:	MOV	R0, R4	;(R4=0x30043D70 )
(       libmtguard.so[0xCBBCB000])[5D F8 04 BB ]0x000038C2:	LDR	FP, [SP], #4	;(SP=0x100FFFA8 )
(       libmtguard.so[0xCBBCB000])[F0 BD       ]0x000038C6:	POP	{R4, R5, R6, R7, PC}	;(SP=0x100FFFAC )
(       libmtguard.so[0xCBBCB000])[01 36       ]0x0000CE08:	ADDS	R6, #1	;(R6=0x00000067 )
(       libmtguard.so[0xCBBCB000])[60 60       ]0x0000CE0A:	STR	R0, [R4, #4]	;(R0=0x30043D70 R4=0xCBC0D3CC )
(       libmtguard.so[0xCBBCB000])[B6 F5 7C 7F ]0x0000CE0C:	CMP.W	R6, #0X3F0	;(R6=0x00000068 )
(       libmtguard.so[0xCBBCB000])[F3 D1       ]0x0000CE10:	BNE	#0XCBBD7DFA
(       libmtguard.so[0xCBBCB000])[48 46       ]0x0000CDFA:	MOV	R0, SB	;(SB=0xCBBCFE51 )
(       libmtguard.so[0xCBBCB000])[45 F8 36 80 ]0x0000CDFC:	STR.W	R8, [R5, R6, LSL #3]	;(R8=0xFFFFFFFF R5=0xCBC0D094 R6=0x00000068 )
(       libmtguard.so[0xCBBCB000])[05 EB C6 04 ]0x0000CE00:	ADD.W	R4, R5, R6, LSL #3	;(R5=0xCBC0D094 R6=0x00000068 )
(       libmtguard.so[0xCBBCB000])[F6 F7 3A FD ]0x0000CE04:	BL	#0XCBBCE87C	;(PC=0xCBBD7E04 )
(       libmtguard.so[0xCBBCB000])[F0 B5       ]0x0000387C:	PUSH	{R4, R5, R6, R7, LR}	;(SP=0x100FFFC0 R4=0xCBC0D3D4 R5=0xCBC0D094 R6=0x00000068 R7=0x100FFFE0 LR=0xCBBD7E09 )
(       libmtguard.so[0xCBBCB000])[03 AF       ]0x0000387E:	ADD	R7, SP, #0XC	;(SP=0x100FFFAC )
(       libmtguard.so[0xCBBCB000])[4D F8 04 BD ]0x00003880:	STR	FP, [SP, #-0X4]!	;(FP=0xCBC0B1C4 SP=0x100FFFAC )
(       libmtguard.so[0xCBBCB000])[05 46       ]0x00003884:	MOV	R5, R0	;(R0=0xCBBCFE51 )
(       libmtguard.so[0xCBBCB000])[01 20       ]0x00003886:	MOVS	R0, #1
(       libmtguard.so[0xCBBCB000])[10 21       ]0x00003888:	MOVS	R1, #0X10
(       libmtguard.so[0xCBBCB000])[00 22       ]0x0000388A:	MOVS	R2, #0
(       libmtguard.so[0xCBBCB000])[00 23       ]0x0000388C:	MOVS	R3, #0
(       libmtguard.so[0xCBBCB000])[00 26       ]0x0000388E:	MOVS	R6, #0
(       libmtguard.so[0xCBBCB000])[00 F0 C6 FA ]0x00003890:	BL	#0XCBBCEE20	;(PC=0xCBBCE890 )
(       libmtguard.so[0xCBBCB000])[B0 B5       ]0x00003E20:	PUSH	{R4, R5, R7, LR}	;(SP=0x100FFFA8 R4=0xCBC0D3D4 R5=0xCBBCFE51 R7=0x100FFFB8 LR=0xCBBCE895 )
(       libmtguard.so[0xCBBCB000])[02 AF       ]0x00003E22:	ADD	R7, SP, #8	;(SP=0x100FFF98 )
(       libmtguard.so[0xCBBCB000])[01 FB 00 F5 ]0x00003E24:	MUL	R5, R1, R0	;(R1=0x00000010 R0=0x00000001 )
(       libmtguard.so[0xCBBCB000])[4D B1       ]0x00003E28:	CBZ	R5, #0XCBBCEE3E	;(R5=0x00000010 )
(       libmtguard.so[0xCBBCB000])[28 46       ]0x00003E2A:	MOV	R0, R5	;(R5=0x00000010 )
(       libmtguard.so[0xCBBCB000])[FE F7 C8 EB ]0x00003E2C:	BLX	#0XCBBCD5C0	;(PC=0xCBBCEE2C )
(       libmtguard.so[0xCBBCB000])[00 C6 8F E2 ]0x000025C0:	ADD	IP, PC, #0, #12	;(PC=0xCBBCD5C0 )
(       libmtguard.so[0xCBBCB000])[3D CA 8C E2 ]0x000025C4:	ADD	IP, IP, #0X3D000	;(IP=0xCBBCD5C8 )
(       libmtguard.so[0xCBBCB000])[04 F9 BC E5 ]0x000025C8:	LDR	PC, [IP, #0X904]!	;(IP=0xCBC0A5C8 )
(       libmtguard.so[0xCBBCB000])[04 46       ]0x00003E30:	MOV	R4, R0	;(R0=0x30043DB8 )
(       libmtguard.so[0xCBBCB000])[24 B1       ]0x00003E32:	CBZ	R4, #0XCBBCEE3E	;(R4=0x30043DB8 )
(       libmtguard.so[0xCBBCB000])[20 46       ]0x00003E34:	MOV	R0, R4	;(R4=0x30043DB8 )
(       libmtguard.so[0xCBBCB000])[29 46       ]0x00003E36:	MOV	R1, R5	;(R5=0x00000010 )
(       libmtguard.so[0xCBBCB000])[FE F7 CE EB ]0x00003E38:	BLX	#0XCBBCD5D8	;(PC=0xCBBCEE38 )
(       libmtguard.so[0xCBBCB000])[00 C6 8F E2 ]0x000025D8:	ADD	IP, PC, #0, #12	;(PC=0xCBBCD5D8 )
(       libmtguard.so[0xCBBCB000])[3D CA 8C E2 ]0x000025DC:	ADD	IP, IP, #0X3D000	;(IP=0xCBBCD5E0 )
(       libmtguard.so[0xCBBCB000])[F4 F8 BC E5 ]0x000025E0:	LDR	PC, [IP, #0X8F4]!	;(IP=0xCBC0A5E0 )
(       libmtguard.so[0xCBBCB000])[00 E0       ]0x00003E3C:	B	#0XCBBCEE40
(       libmtguard.so[0xCBBCB000])[20 46       ]0x00003E40:	MOV	R0, R4	;(R4=0x30043DB8 )
(       libmtguard.so[0xCBBCB000])[B0 BD       ]0x00003E42:	POP	{R4, R5, R7, PC}	;(SP=0x100FFF98 )
(       libmtguard.so[0xCBBCB000])[04 46       ]0x00003894:	MOV	R4, R0	;(R0=0x30043DB8 )
(       libmtguard.so[0xCBBCB000])[94 B1       ]0x00003896:	CBZ	R4, #0XCBBCE8BE	;(R4=0x30043DB8 )
(       libmtguard.so[0xCBBCB000])[0B 20       ]0x00003898:	MOVS	R0, #0XB
(       libmtguard.so[0xCBBCB000])[C4 E9 00 66 ]0x0000389A:	STRD	R6, R6, [R4]	;(R6=0x00000000 R4=0x30043DB8 )
(       libmtguard.so[0xCBBCB000])[C4 E9 02 05 ]0x0000389E:	STRD	R0, R5, [R4, #8]	;(R0=0x0000000B R5=0xCBBCFE51 R4=0x30043DB8 )
(       libmtguard.so[0xCBBCB000])[04 20       ]0x000038A2:	MOVS	R0, #4
(       libmtguard.so[0xCBBCB000])[0B 21       ]0x000038A4:	MOVS	R1, #0XB
(       libmtguard.so[0xCBBCB000])[00 22       ]0x000038A6:	MOVS	R2, #0
(       libmtguard.so[0xCBBCB000])[00 23       ]0x000038A8:	MOVS	R3, #0
(       libmtguard.so[0xCBBCB000])[00 F0 B9 FA ]0x000038AA:	BL	#0XCBBCEE20	;(PC=0xCBBCE8AA )
(       libmtguard.so[0xCBBCB000])[B0 B5       ]0x00003E20:	PUSH	{R4, R5, R7, LR}	;(SP=0x100FFFA8 R4=0x30043DB8 R5=0xCBBCFE51 R7=0x100FFFB8 LR=0xCBBCE8AF )
(       libmtguard.so[0xCBBCB000])[02 AF       ]0x00003E22:	ADD	R7, SP, #8	;(SP=0x100FFF98 )
(       libmtguard.so[0xCBBCB000])[01 FB 00 F5 ]0x00003E24:	MUL	R5, R1, R0	;(R1=0x0000000B R0=0x00000004 )
(       libmtguard.so[0xCBBCB000])[4D B1       ]0x00003E28:	CBZ	R5, #0XCBBCEE3E	;(R5=0x0000002C )
(       libmtguard.so[0xCBBCB000])[28 46       ]0x00003E2A:	MOV	R0, R5	;(R5=0x0000002C )
(       libmtguard.so[0xCBBCB000])[FE F7 C8 EB ]0x00003E2C:	BLX	#0XCBBCD5C0	;(PC=0xCBBCEE2C )
(       libmtguard.so[0xCBBCB000])[00 C6 8F E2 ]0x000025C0:	ADD	IP, PC, #0, #12	;(PC=0xCBBCD5C0 )
(       libmtguard.so[0xCBBCB000])[3D CA 8C E2 ]0x000025C4:	ADD	IP, IP, #0X3D000	;(IP=0xCBBCD5C8 )
(       libmtguard.so[0xCBBCB000])[04 F9 BC E5 ]0x000025C8:	LDR	PC, [IP, #0X904]!	;(IP=0xCBC0A5C8 )
(       libmtguard.so[0xCBBCB000])[04 46       ]0x00003E30:	MOV	R4, R0	;(R0=0x30043DD0 )
(       libmtguard.so[0xCBBCB000])[24 B1       ]0x00003E32:	CBZ	R4, #0XCBBCEE3E	;(R4=0x30043DD0 )
(       libmtguard.so[0xCBBCB000])[20 46       ]0x00003E34:	MOV	R0, R4	;(R4=0x30043DD0 )
(       libmtguard.so[0xCBBCB000])[29 46       ]0x00003E36:	MOV	R1, R5	;(R5=0x0000002C )
(       libmtguard.so[0xCBBCB000])[FE F7 CE EB ]0x00003E38:	BLX	#0XCBBCD5D8	;(PC=0xCBBCEE38 )
(       libmtguard.so[0xCBBCB000])[00 C6 8F E2 ]0x000025D8:	ADD	IP, PC, #0, #12	;(PC=0xCBBCD5D8 )
(       libmtguard.so[0xCBBCB000])[3D CA 8C E2 ]0x000025DC:	ADD	IP, IP, #0X3D000	;(IP=0xCBBCD5E0 )
(       libmtguard.so[0xCBBCB000])[F4 F8 BC E5 ]0x000025E0:	LDR	PC, [IP, #0X8F4]!	;(IP=0xCBC0A5E0 )
(       libmtguard.so[0xCBBCB000])[00 E0       ]0x00003E3C:	B	#0XCBBCEE40
(       libmtguard.so[0xCBBCB000])[20 46       ]0x00003E40:	MOV	R0, R4	;(R4=0x30043DD0 )
(       libmtguard.so[0xCBBCB000])[B0 BD       ]0x00003E42:	POP	{R4, R5, R7, PC}	;(SP=0x100FFF98 )
(       libmtguard.so[0xCBBCB000])[00 28       ]0x000038AE:	CMP	R0, #0	;(R0=0x30043DD0 )
(       libmtguard.so[0xCBBCB000])[20 60       ]0x000038B0:	STR	R0, [R4]	;(R0=0x30043DD0 R4=0x30043DB8 )
(       libmtguard.so[0xCBBCB000])[05 D1       ]0x000038B2:	BNE	#0XCBBCE8C0
(       libmtguard.so[0xCBBCB000])[20 46       ]0x000038C0:	MOV	R0, R4	;(R4=0x30043DB8 )
(       libmtguard.so[0xCBBCB000])[5D F8 04 BB ]0x000038C2:	LDR	FP, [SP], #4	;(SP=0x100FFFA8 )
(       libmtguard.so[0xCBBCB000])[F0 BD       ]0x000038C6:	POP	{R4, R5, R6, R7, PC}	;(SP=0x100FFFAC )
(       libmtguard.so[0xCBBCB000])[01 36       ]0x0000CE08:	ADDS	R6, #1	;(R6=0x00000068 )
(       libmtguard.so[0xCBBCB000])[60 60       ]0x0000CE0A:	STR	R0, [R4, #4]	;(R0=0x30043DB8 R4=0xCBC0D3D4 )
(       libmtguard.so[0xCBBCB000])[B6 F5 7C 7F ]0x0000CE0C:	CMP.W	R6, #0X3F0	;(R6=0x00000069 )
(       libmtguard.so[0xCBBCB000])[F3 D1       ]0x0000CE10:	BNE	#0XCBBD7DFA
(       libmtguard.so[0xCBBCB000])[48 46       ]0x0000CDFA:	MOV	R0, SB	;(SB=0xCBBCFE51 )
(       libmtguard.so[0xCBBCB000])[45 F8 36 80 ]0x0000CDFC:	STR.W	R8, [R5, R6, LSL #3]	;(R8=0xFFFFFFFF R5=0xCBC0D094 R6=0x00000069 )
(       libmtguard.so[0xCBBCB000])[05 EB C6 04 ]0x0000CE00:	ADD.W	R4, R5, R6, LSL #3	;(R5=0xCBC0D094 R6=0x00000069 )
(       libmtguard.so[0xCBBCB000])[F6 F7 3A FD ]0x0000CE04:	BL	#0XCBBCE87C	;(PC=0xCBBD7E04 )
(       libmtguard.so[0xCBBCB000])[F0 B5       ]0x0000387C:	PUSH	{R4, R5, R6, R7, LR}	;(SP=0x100FFFC0 R4=0xCBC0D3DC R5=0xCBC0D094 R6=0x00000069 R7=0x100FFFE0 LR=0xCBBD7E09 )
(       libmtguard.so[0xCBBCB000])[03 AF       ]0x0000387E:	ADD	R7, SP, #0XC	;(SP=0x100FFFAC )
(       libmtguard.so[0xCBBCB000])[4D F8 04 BD ]0x00003880:	STR	FP, [SP, #-0X4]!	;(FP=0xCBC0B1C4 SP=0x100FFFAC )
(       libmtguard.so[0xCBBCB000])[05 46       ]0x00003884:	MOV	R5, R0	;(R0=0xCBBCFE51 )
(       libmtguard.so[0xCBBCB000])[01 20       ]0x00003886:	MOVS	R0, #1
(       libmtguard.so[0xCBBCB000])[10 21       ]0x00003888:	MOVS	R1, #0X10
(       libmtguard.so[0xCBBCB000])[00 22       ]0x0000388A:	MOVS	R2, #0
(       libmtguard.so[0xCBBCB000])[00 23       ]0x0000388C:	MOVS	R3, #0
(       libmtguard.so[0xCBBCB000])[00 26       ]0x0000388E:	MOVS	R6, #0
(       libmtguard.so[0xCBBCB000])[00 F0 C6 FA ]0x00003890:	BL	#0XCBBCEE20	;(PC=0xCBBCE890 )
(       libmtguard.so[0xCBBCB000])[B0 B5       ]0x00003E20:	PUSH	{R4, R5, R7, LR}	;(SP=0x100FFFA8 R4=0xCBC0D3DC R5=0xCBBCFE51 R7=0x100FFFB8 LR=0xCBBCE895 )
(       libmtguard.so[0xCBBCB000])[02 AF       ]0x00003E22:	ADD	R7, SP, #8	;(SP=0x100FFF98 )
(       libmtguard.so[0xCBBCB000])[01 FB 00 F5 ]0x00003E24:	MUL	R5, R1, R0	;(R1=0x00000010 R0=0x00000001 )
(       libmtguard.so[0xCBBCB000])[4D B1       ]0x00003E28:	CBZ	R5, #0XCBBCEE3E	;(R5=0x00000010 )
(       libmtguard.so[0xCBBCB000])[28 46       ]0x00003E2A:	MOV	R0, R5	;(R5=0x00000010 )
(       libmtguard.so[0xCBBCB000])[FE F7 C8 EB ]0x00003E2C:	BLX	#0XCBBCD5C0	;(PC=0xCBBCEE2C )
(       libmtguard.so[0xCBBCB000])[00 C6 8F E2 ]0x000025C0:	ADD	IP, PC, #0, #12	;(PC=0xCBBCD5C0 )
(       libmtguard.so[0xCBBCB000])[3D CA 8C E2 ]0x000025C4:	ADD	IP, IP, #0X3D000	;(IP=0xCBBCD5C8 )
(       libmtguard.so[0xCBBCB000])[04 F9 BC E5 ]0x000025C8:	LDR	PC, [IP, #0X904]!	;(IP=0xCBC0A5C8 )
(       libmtguard.so[0xCBBCB000])[04 46       ]0x00003E30:	MOV	R4, R0	;(R0=0x30043E00 )
(       libmtguard.so[0xCBBCB000])[24 B1       ]0x00003E32:	CBZ	R4, #0XCBBCEE3E	;(R4=0x30043E00 )
(       libmtguard.so[0xCBBCB000])[20 46       ]0x00003E34:	MOV	R0, R4	;(R4=0x30043E00 )
(       libmtguard.so[0xCBBCB000])[29 46       ]0x00003E36:	MOV	R1, R5	;(R5=0x00000010 )
(       libmtguard.so[0xCBBCB000])[FE F7 CE EB ]0x00003E38:	BLX	#0XCBBCD5D8	;(PC=0xCBBCEE38 )
(       libmtguard.so[0xCBBCB000])[00 C6 8F E2 ]0x000025D8:	ADD	IP, PC, #0, #12	;(PC=0xCBBCD5D8 )
(       libmtguard.so[0xCBBCB000])[3D CA 8C E2 ]0x000025DC:	ADD	IP, IP, #0X3D000	;(IP=0xCBBCD5E0 )
(       libmtguard.so[0xCBBCB000])[F4 F8 BC E5 ]0x000025E0:	LDR	PC, [IP, #0X8F4]!	;(IP=0xCBC0A5E0 )
(       libmtguard.so[0xCBBCB000])[00 E0       ]0x00003E3C:	B	#0XCBBCEE40
(       libmtguard.so[0xCBBCB000])[20 46       ]0x00003E40:	MOV	R0, R4	;(R4=0x30043E00 )
(       libmtguard.so[0xCBBCB000])[B0 BD       ]0x00003E42:	POP	{R4, R5, R7, PC}	;(SP=0x100FFF98 )
(       libmtguard.so[0xCBBCB000])[04 46       ]0x00003894:	MOV	R4, R0	;(R0=0x30043E00 )
(       libmtguard.so[0xCBBCB000])[94 B1       ]0x00003896:	CBZ	R4, #0XCBBCE8BE	;(R4=0x30043E00 )
(       libmtguard.so[0xCBBCB000])[0B 20       ]0x00003898:	MOVS	R0, #0XB
(       libmtguard.so[0xCBBCB000])[C4 E9 00 66 ]0x0000389A:	STRD	R6, R6, [R4]	;(R6=0x00000000 R4=0x30043E00 )
(       libmtguard.so[0xCBBCB000])[C4 E9 02 05 ]0x0000389E:	STRD	R0, R5, [R4, #8]	;(R0=0x0000000B R5=0xCBBCFE51 R4=0x30043E00 )
(       libmtguard.so[0xCBBCB000])[04 20       ]0x000038A2:	MOVS	R0, #4
(       libmtguard.so[0xCBBCB000])[0B 21       ]0x000038A4:	MOVS	R1, #0XB
(       libmtguard.so[0xCBBCB000])[00 22       ]0x000038A6:	MOVS	R2, #0
(       libmtguard.so[0xCBBCB000])[00 23       ]0x000038A8:	MOVS	R3, #0
(       libmtguard.so[0xCBBCB000])[00 F0 B9 FA ]0x000038AA:	BL	#0XCBBCEE20	;(PC=0xCBBCE8AA )
(       libmtguard.so[0xCBBCB000])[B0 B5       ]0x00003E20:	PUSH	{R4, R5, R7, LR}	;(SP=0x100FFFA8 R4=0x30043E00 R5=0xCBBCFE51 R7=0x100FFFB8 LR=0xCBBCE8AF )
(       libmtguard.so[0xCBBCB000])[02 AF       ]0x00003E22:	ADD	R7, SP, #8	;(SP=0x100FFF98 )
(       libmtguard.so[0xCBBCB000])[01 FB 00 F5 ]0x00003E24:	MUL	R5, R1, R0	;(R1=0x0000000B R0=0x00000004 )
(       libmtguard.so[0xCBBCB000])[4D B1       ]0x00003E28:	CBZ	R5, #0XCBBCEE3E	;(R5=0x0000002C )
(       libmtguard.so[0xCBBCB000])[28 46       ]0x00003E2A:	MOV	R0, R5	;(R5=0x0000002C )
(       libmtguard.so[0xCBBCB000])[FE F7 C8 EB ]0x00003E2C:	BLX	#0XCBBCD5C0	;(PC=0xCBBCEE2C )
(       libmtguard.so[0xCBBCB000])[00 C6 8F E2 ]0x000025C0:	ADD	IP, PC, #0, #12	;(PC=0xCBBCD5C0 )
(       libmtguard.so[0xCBBCB000])[3D CA 8C E2 ]0x000025C4:	ADD	IP, IP, #0X3D000	;(IP=0xCBBCD5C8 )
(       libmtguard.so[0xCBBCB000])[04 F9 BC E5 ]0x000025C8:	LDR	PC, [IP, #0X904]!	;(IP=0xCBC0A5C8 )
(       libmtguard.so[0xCBBCB000])[04 46       ]0x00003E30:	MOV	R4, R0	;(R0=0x30043E18 )
(       libmtguard.so[0xCBBCB000])[24 B1       ]0x00003E32:	CBZ	R4, #0XCBBCEE3E	;(R4=0x30043E18 )
(       libmtguard.so[0xCBBCB000])[20 46       ]0x00003E34:	MOV	R0, R4	;(R4=0x30043E18 )
(       libmtguard.so[0xCBBCB000])[29 46       ]0x00003E36:	MOV	R1, R5	;(R5=0x0000002C )
(       libmtguard.so[0xCBBCB000])[FE F7 CE EB ]0x00003E38:	BLX	#0XCBBCD5D8	;(PC=0xCBBCEE38 )
(       libmtguard.so[0xCBBCB000])[00 C6 8F E2 ]0x000025D8:	ADD	IP, PC, #0, #12	;(PC=0xCBBCD5D8 )
(       libmtguard.so[0xCBBCB000])[3D CA 8C E2 ]0x000025DC:	ADD	IP, IP, #0X3D000	;(IP=0xCBBCD5E0 )
(       libmtguard.so[0xCBBCB000])[F4 F8 BC E5 ]0x000025E0:	LDR	PC, [IP, #0X8F4]!	;(IP=0xCBC0A5E0 )
(       libmtguard.so[0xCBBCB000])[00 E0       ]0x00003E3C:	B	#0XCBBCEE40
(       libmtguard.so[0xCBBCB000])[20 46       ]0x00003E40:	MOV	R0, R4	;(R4=0x30043E18 )
(       libmtguard.so[0xCBBCB000])[B0 BD       ]0x00003E42:	POP	{R4, R5, R7, PC}	;(SP=0x100FFF98 )
(       libmtguard.so[0xCBBCB000])[00 28       ]0x000038AE:	CMP	R0, #0	;(R0=0x30043E18 )
(       libmtguard.so[0xCBBCB000])[20 60       ]0x000038B0:	STR	R0, [R4]	;(R0=0x30043E18 R4=0x30043E00 )
(       libmtguard.so[0xCBBCB000])[05 D1       ]0x000038B2:	BNE	#0XCBBCE8C0
(       libmtguard.so[0xCBBCB000])[20 46       ]0x000038C0:	MOV	R0, R4	;(R4=0x30043E00 )
(       libmtguard.so[0xCBBCB000])[5D F8 04 BB ]0x000038C2:	LDR	FP, [SP], #4	;(SP=0x100FFFA8 )
(       libmtguard.so[0xCBBCB000])[F0 BD       ]0x000038C6:	POP	{R4, R5, R6, R7, PC}	;(SP=0x100FFFAC )
(       libmtguard.so[0xCBBCB000])[01 36       ]0x0000CE08:	ADDS	R6, #1	;(R6=0x00000069 )
(       libmtguard.so[0xCBBCB000])[60 60       ]0x0000CE0A:	STR	R0, [R4, #4]	;(R0=0x30043E00 R4=0xCBC0D3DC )
(       libmtguard.so[0xCBBCB000])[B6 F5 7C 7F ]0x0000CE0C:	CMP.W	R6, #0X3F0	;(R6=0x0000006A )
(       libmtguard.so[0xCBBCB000])[F3 D1       ]0x0000CE10:	BNE	#0XCBBD7DFA
(       libmtguard.so[0xCBBCB000])[48 46       ]0x0000CDFA:	MOV	R0, SB	;(SB=0xCBBCFE51 )
(       libmtguard.so[0xCBBCB000])[45 F8 36 80 ]0x0000CDFC:	STR.W	R8, [R5, R6, LSL #3]	;(R8=0xFFFFFFFF R5=0xCBC0D094 R6=0x0000006A )
(       libmtguard.so[0xCBBCB000])[05 EB C6 04 ]0x0000CE00:	ADD.W	R4, R5, R6, LSL #3	;(R5=0xCBC0D094 R6=0x0000006A )
(       libmtguard.so[0xCBBCB000])[F6 F7 3A FD ]0x0000CE04:	BL	#0XCBBCE87C	;(PC=0xCBBD7E04 )
(       libmtguard.so[0xCBBCB000])[F0 B5       ]0x0000387C:	PUSH	{R4, R5, R6, R7, LR}	;(SP=0x100FFFC0 R4=0xCBC0D3E4 R5=0xCBC0D094 R6=0x0000006A R7=0x100FFFE0 LR=0xCBBD7E09 )
(       libmtguard.so[0xCBBCB000])[03 AF       ]0x0000387E:	ADD	R7, SP, #0XC	;(SP=0x100FFFAC )
(       libmtguard.so[0xCBBCB000])[4D F8 04 BD ]0x00003880:	STR	FP, [SP, #-0X4]!	;(FP=0xCBC0B1C4 SP=0x100FFFAC )
(       libmtguard.so[0xCBBCB000])[05 46       ]0x00003884:	MOV	R5, R0	;(R0=0xCBBCFE51 )
(       libmtguard.so[0xCBBCB000])[01 20       ]0x00003886:	MOVS	R0, #1
(       libmtguard.so[0xCBBCB000])[10 21       ]0x00003888:	MOVS	R1, #0X10
(       libmtguard.so[0xCBBCB000])[00 22       ]0x0000388A:	MOVS	R2, #0
(       libmtguard.so[0xCBBCB000])[00 23       ]0x0000388C:	MOVS	R3, #0
(       libmtguard.so[0xCBBCB000])[00 26       ]0x0000388E:	MOVS	R6, #0
(       libmtguard.so[0xCBBCB000])[00 F0 C6 FA ]0x00003890:	BL	#0XCBBCEE20	;(PC=0xCBBCE890 )
(       libmtguard.so[0xCBBCB000])[B0 B5       ]0x00003E20:	PUSH	{R4, R5, R7, LR}	;(SP=0x100FFFA8 R4=0xCBC0D3E4 R5=0xCBBCFE51 R7=0x100FFFB8 LR=0xCBBCE895 )
(       libmtguard.so[0xCBBCB000])[02 AF       ]0x00003E22:	ADD	R7, SP, #8	;(SP=0x100FFF98 )
(       libmtguard.so[0xCBBCB000])[01 FB 00 F5 ]0x00003E24:	MUL	R5, R1, R0	;(R1=0x00000010 R0=0x00000001 )
(       libmtguard.so[0xCBBCB000])[4D B1       ]0x00003E28:	CBZ	R5, #0XCBBCEE3E	;(R5=0x00000010 )
(       libmtguard.so[0xCBBCB000])[28 46       ]0x00003E2A:	MOV	R0, R5	;(R5=0x00000010 )
(       libmtguard.so[0xCBBCB000])[FE F7 C8 EB ]0x00003E2C:	BLX	#0XCBBCD5C0	;(PC=0xCBBCEE2C )
(       libmtguard.so[0xCBBCB000])[00 C6 8F E2 ]0x000025C0:	ADD	IP, PC, #0, #12	;(PC=0xCBBCD5C0 )
(       libmtguard.so[0xCBBCB000])[3D CA 8C E2 ]0x000025C4:	ADD	IP, IP, #0X3D000	;(IP=0xCBBCD5C8 )
(       libmtguard.so[0xCBBCB000])[04 F9 BC E5 ]0x000025C8:	LDR	PC, [IP, #0X904]!	;(IP=0xCBC0A5C8 )
(       libmtguard.so[0xCBBCB000])[04 46       ]0x00003E30:	MOV	R4, R0	;(R0=0x30043E48 )
(       libmtguard.so[0xCBBCB000])[24 B1       ]0x00003E32:	CBZ	R4, #0XCBBCEE3E	;(R4=0x30043E48 )
(       libmtguard.so[0xCBBCB000])[20 46       ]0x00003E34:	MOV	R0, R4	;(R4=0x30043E48 )
(       libmtguard.so[0xCBBCB000])[29 46       ]0x00003E36:	MOV	R1, R5	;(R5=0x00000010 )
(       libmtguard.so[0xCBBCB000])[FE F7 CE EB ]0x00003E38:	BLX	#0XCBBCD5D8	;(PC=0xCBBCEE38 )
(       libmtguard.so[0xCBBCB000])[00 C6 8F E2 ]0x000025D8:	ADD	IP, PC, #0, #12	;(PC=0xCBBCD5D8 )
(       libmtguard.so[0xCBBCB000])[3D CA 8C E2 ]0x000025DC:	ADD	IP, IP, #0X3D000	;(IP=0xCBBCD5E0 )
(       libmtguard.so[0xCBBCB000])[F4 F8 BC E5 ]0x000025E0:	LDR	PC, [IP, #0X8F4]!	;(IP=0xCBC0A5E0 )
(       libmtguard.so[0xCBBCB000])[00 E0       ]0x00003E3C:	B	#0XCBBCEE40
(       libmtguard.so[0xCBBCB000])[20 46       ]0x00003E40:	MOV	R0, R4	;(R4=0x30043E48 )
(       libmtguard.so[0xCBBCB000])[B0 BD       ]0x00003E42:	POP	{R4, R5, R7, PC}	;(SP=0x100FFF98 )
(       libmtguard.so[0xCBBCB000])[04 46       ]0x00003894:	MOV	R4, R0	;(R0=0x30043E48 )
(       libmtguard.so[0xCBBCB000])[94 B1       ]0x00003896:	CBZ	R4, #0XCBBCE8BE	;(R4=0x30043E48 )
(       libmtguard.so[0xCBBCB000])[0B 20       ]0x00003898:	MOVS	R0, #0XB
(       libmtguard.so[0xCBBCB000])[C4 E9 00 66 ]0x0000389A:	STRD	R6, R6, [R4]	;(R6=0x00000000 R4=0x30043E48 )
(       libmtguard.so[0xCBBCB000])[C4 E9 02 05 ]0x0000389E:	STRD	R0, R5, [R4, #8]	;(R0=0x0000000B R5=0xCBBCFE51 R4=0x30043E48 )
(       libmtguard.so[0xCBBCB000])[04 20       ]0x000038A2:	MOVS	R0, #4
(       libmtguard.so[0xCBBCB000])[0B 21       ]0x000038A4:	MOVS	R1, #0XB
(       libmtguard.so[0xCBBCB000])[00 22       ]0x000038A6:	MOVS	R2, #0
(       libmtguard.so[0xCBBCB000])[00 23       ]0x000038A8:	MOVS	R3, #0
(       libmtguard.so[0xCBBCB000])[00 F0 B9 FA ]0x000038AA:	BL	#0XCBBCEE20	;(PC=0xCBBCE8AA )
(       libmtguard.so[0xCBBCB000])[B0 B5       ]0x00003E20:	PUSH	{R4, R5, R7, LR}	;(SP=0x100FFFA8 R4=0x30043E48 R5=0xCBBCFE51 R7=0x100FFFB8 LR=0xCBBCE8AF )
(       libmtguard.so[0xCBBCB000])[02 AF       ]0x00003E22:	ADD	R7, SP, #8	;(SP=0x100FFF98 )
(       libmtguard.so[0xCBBCB000])[01 FB 00 F5 ]0x00003E24:	MUL	R5, R1, R0	;(R1=0x0000000B R0=0x00000004 )
(       libmtguard.so[0xCBBCB000])[4D B1       ]0x00003E28:	CBZ	R5, #0XCBBCEE3E	;(R5=0x0000002C )
(       libmtguard.so[0xCBBCB000])[28 46       ]0x00003E2A:	MOV	R0, R5	;(R5=0x0000002C )
(       libmtguard.so[0xCBBCB000])[FE F7 C8 EB ]0x00003E2C:	BLX	#0XCBBCD5C0	;(PC=0xCBBCEE2C )
(       libmtguard.so[0xCBBCB000])[00 C6 8F E2 ]0x000025C0:	ADD	IP, PC, #0, #12	;(PC=0xCBBCD5C0 )
(       libmtguard.so[0xCBBCB000])[3D CA 8C E2 ]0x000025C4:	ADD	IP, IP, #0X3D000	;(IP=0xCBBCD5C8 )
(       libmtguard.so[0xCBBCB000])[04 F9 BC E5 ]0x000025C8:	LDR	PC, [IP, #0X904]!	;(IP=0xCBC0A5C8 )
(       libmtguard.so[0xCBBCB000])[04 46       ]0x00003E30:	MOV	R4, R0	;(R0=0x30043E60 )
(       libmtguard.so[0xCBBCB000])[24 B1       ]0x00003E32:	CBZ	R4, #0XCBBCEE3E	;(R4=0x30043E60 )
(       libmtguard.so[0xCBBCB000])[20 46       ]0x00003E34:	MOV	R0, R4	;(R4=0x30043E60 )
(       libmtguard.so[0xCBBCB000])[29 46       ]0x00003E36:	MOV	R1, R5	;(R5=0x0000002C )
(       libmtguard.so[0xCBBCB000])[FE F7 CE EB ]0x00003E38:	BLX	#0XCBBCD5D8	;(PC=0xCBBCEE38 )
(       libmtguard.so[0xCBBCB000])[00 C6 8F E2 ]0x000025D8:	ADD	IP, PC, #0, #12	;(PC=0xCBBCD5D8 )
(       libmtguard.so[0xCBBCB000])[3D CA 8C E2 ]0x000025DC:	ADD	IP, IP, #0X3D000	;(IP=0xCBBCD5E0 )
(       libmtguard.so[0xCBBCB000])[F4 F8 BC E5 ]0x000025E0:	LDR	PC, [IP, #0X8F4]!	;(IP=0xCBC0A5E0 )
(       libmtguard.so[0xCBBCB000])[00 E0       ]0x00003E3C:	B	#0XCBBCEE40
(       libmtguard.so[0xCBBCB000])[20 46       ]0x00003E40:	MOV	R0, R4	;(R4=0x30043E60 )
(       libmtguard.so[0xCBBCB000])[B0 BD       ]0x00003E42:	POP	{R4, R5, R7, PC}	;(SP=0x100FFF98 )
(       libmtguard.so[0xCBBCB000])[00 28       ]0x000038AE:	CMP	R0, #0	;(R0=0x30043E60 )
(       libmtguard.so[0xCBBCB000])[20 60       ]0x000038B0:	STR	R0, [R4]	;(R0=0x30043E60 R4=0x30043E48 )
(       libmtguard.so[0xCBBCB000])[05 D1       ]0x000038B2:	BNE	#0XCBBCE8C0
(       libmtguard.so[0xCBBCB000])[20 46       ]0x000038C0:	MOV	R0, R4	;(R4=0x30043E48 )
(       libmtguard.so[0xCBBCB000])[5D F8 04 BB ]0x000038C2:	LDR	FP, [SP], #4	;(SP=0x100FFFA8 )
(       libmtguard.so[0xCBBCB000])[F0 BD       ]0x000038C6:	POP	{R4, R5, R6, R7, PC}	;(SP=0x100FFFAC )
(       libmtguard.so[0xCBBCB000])[01 36       ]0x0000CE08:	ADDS	R6, #1	;(R6=0x0000006A )
(       libmtguard.so[0xCBBCB000])[60 60       ]0x0000CE0A:	STR	R0, [R4, #4]	;(R0=0x30043E48 R4=0xCBC0D3E4 )
(       libmtguard.so[0xCBBCB000])[B6 F5 7C 7F ]0x0000CE0C:	CMP.W	R6, #0X3F0	;(R6=0x0000006B )
(       libmtguard.so[0xCBBCB000])[F3 D1       ]0x0000CE10:	BNE	#0XCBBD7DFA
(       libmtguard.so[0xCBBCB000])[48 46       ]0x0000CDFA:	MOV	R0, SB	;(SB=0xCBBCFE51 )
(       libmtguard.so[0xCBBCB000])[45 F8 36 80 ]0x0000CDFC:	STR.W	R8, [R5, R6, LSL #3]	;(R8=0xFFFFFFFF R5=0xCBC0D094 R6=0x0000006B )
(       libmtguard.so[0xCBBCB000])[05 EB C6 04 ]0x0000CE00:	ADD.W	R4, R5, R6, LSL #3	;(R5=0xCBC0D094 R6=0x0000006B )
(       libmtguard.so[0xCBBCB000])[F6 F7 3A FD ]0x0000CE04:	BL	#0XCBBCE87C	;(PC=0xCBBD7E04 )
(       libmtguard.so[0xCBBCB000])[F0 B5       ]0x0000387C:	PUSH	{R4, R5, R6, R7, LR}	;(SP=0x100FFFC0 R4=0xCBC0D3EC R5=0xCBC0D094 R6=0x0000006B R7=0x100FFFE0 LR=0xCBBD7E09 )
(       libmtguard.so[0xCBBCB000])[03 AF       ]0x0000387E:	ADD	R7, SP, #0XC	;(SP=0x100FFFAC )
(       libmtguard.so[0xCBBCB000])[4D F8 04 BD ]0x00003880:	STR	FP, [SP, #-0X4]!	;(FP=0xCBC0B1C4 SP=0x100FFFAC )
(       libmtguard.so[0xCBBCB000])[05 46       ]0x00003884:	MOV	R5, R0	;(R0=0xCBBCFE51 )
(       libmtguard.so[0xCBBCB000])[01 20       ]0x00003886:	MOVS	R0, #1
(       libmtguard.so[0xCBBCB000])[10 21       ]0x00003888:	MOVS	R1, #0X10
(       libmtguard.so[0xCBBCB000])[00 22       ]0x0000388A:	MOVS	R2, #0
(       libmtguard.so[0xCBBCB000])[00 23       ]0x0000388C:	MOVS	R3, #0
(       libmtguard.so[0xCBBCB000])[00 26       ]0x0000388E:	MOVS	R6, #0
(       libmtguard.so[0xCBBCB000])[00 F0 C6 FA ]0x00003890:	BL	#0XCBBCEE20	;(PC=0xCBBCE890 )
(       libmtguard.so[0xCBBCB000])[B0 B5       ]0x00003E20:	PUSH	{R4, R5, R7, LR}	;(SP=0x100FFFA8 R4=0xCBC0D3EC R5=0xCBBCFE51 R7=0x100FFFB8 LR=0xCBBCE895 )
(       libmtguard.so[0xCBBCB000])[02 AF       ]0x00003E22:	ADD	R7, SP, #8	;(SP=0x100FFF98 )
(       libmtguard.so[0xCBBCB000])[01 FB 00 F5 ]0x00003E24:	MUL	R5, R1, R0	;(R1=0x00000010 R0=0x00000001 )
(       libmtguard.so[0xCBBCB000])[4D B1       ]0x00003E28:	CBZ	R5, #0XCBBCEE3E	;(R5=0x00000010 )
(       libmtguard.so[0xCBBCB000])[28 46       ]0x00003E2A:	MOV	R0, R5	;(R5=0x00000010 )
(       libmtguard.so[0xCBBCB000])[FE F7 C8 EB ]0x00003E2C:	BLX	#0XCBBCD5C0	;(PC=0xCBBCEE2C )
(       libmtguard.so[0xCBBCB000])[00 C6 8F E2 ]0x000025C0:	ADD	IP, PC, #0, #12	;(PC=0xCBBCD5C0 )
(       libmtguard.so[0xCBBCB000])[3D CA 8C E2 ]0x000025C4:	ADD	IP, IP, #0X3D000	;(IP=0xCBBCD5C8 )
(       libmtguard.so[0xCBBCB000])[04 F9 BC E5 ]0x000025C8:	LDR	PC, [IP, #0X904]!	;(IP=0xCBC0A5C8 )
(       libmtguard.so[0xCBBCB000])[04 46       ]0x00003E30:	MOV	R4, R0	;(R0=0x30043E90 )
(       libmtguard.so[0xCBBCB000])[24 B1       ]0x00003E32:	CBZ	R4, #0XCBBCEE3E	;(R4=0x30043E90 )
(       libmtguard.so[0xCBBCB000])[20 46       ]0x00003E34:	MOV	R0, R4	;(R4=0x30043E90 )
(       libmtguard.so[0xCBBCB000])[29 46       ]0x00003E36:	MOV	R1, R5	;(R5=0x00000010 )
(       libmtguard.so[0xCBBCB000])[FE F7 CE EB ]0x00003E38:	BLX	#0XCBBCD5D8	;(PC=0xCBBCEE38 )
(       libmtguard.so[0xCBBCB000])[00 C6 8F E2 ]0x000025D8:	ADD	IP, PC, #0, #12	;(PC=0xCBBCD5D8 )
(       libmtguard.so[0xCBBCB000])[3D CA 8C E2 ]0x000025DC:	ADD	IP, IP, #0X3D000	;(IP=0xCBBCD5E0 )
(       libmtguard.so[0xCBBCB000])[F4 F8 BC E5 ]0x000025E0:	LDR	PC, [IP, #0X8F4]!	;(IP=0xCBC0A5E0 )
(       libmtguard.so[0xCBBCB000])[00 E0       ]0x00003E3C:	B	#0XCBBCEE40
(       libmtguard.so[0xCBBCB000])[20 46       ]0x00003E40:	MOV	R0, R4	;(R4=0x30043E90 )
(       libmtguard.so[0xCBBCB000])[B0 BD       ]0x00003E42:	POP	{R4, R5, R7, PC}	;(SP=0x100FFF98 )
(       libmtguard.so[0xCBBCB000])[04 46       ]0x00003894:	MOV	R4, R0	;(R0=0x30043E90 )
(       libmtguard.so[0xCBBCB000])[94 B1       ]0x00003896:	CBZ	R4, #0XCBBCE8BE	;(R4=0x30043E90 )
(       libmtguard.so[0xCBBCB000])[0B 20       ]0x00003898:	MOVS	R0, #0XB
(       libmtguard.so[0xCBBCB000])[C4 E9 00 66 ]0x0000389A:	STRD	R6, R6, [R4]	;(R6=0x00000000 R4=0x30043E90 )
(       libmtguard.so[0xCBBCB000])[C4 E9 02 05 ]0x0000389E:	STRD	R0, R5, [R4, #8]	;(R0=0x0000000B R5=0xCBBCFE51 R4=0x30043E90 )
(       libmtguard.so[0xCBBCB000])[04 20       ]0x000038A2:	MOVS	R0, #4
(       libmtguard.so[0xCBBCB000])[0B 21       ]0x000038A4:	MOVS	R1, #0XB
(       libmtguard.so[0xCBBCB000])[00 22       ]0x000038A6:	MOVS	R2, #0
(       libmtguard.so[0xCBBCB000])[00 23       ]0x000038A8:	MOVS	R3, #0
(       libmtguard.so[0xCBBCB000])[00 F0 B9 FA ]0x000038AA:	BL	#0XCBBCEE20	;(PC=0xCBBCE8AA )
(       libmtguard.so[0xCBBCB000])[B0 B5       ]0x00003E20:	PUSH	{R4, R5, R7, LR}	;(SP=0x100FFFA8 R4=0x30043E90 R5=0xCBBCFE51 R7=0x100FFFB8 LR=0xCBBCE8AF )
(       libmtguard.so[0xCBBCB000])[02 AF       ]0x00003E22:	ADD	R7, SP, #8	;(SP=0x100FFF98 )
(       libmtguard.so[0xCBBCB000])[01 FB 00 F5 ]0x00003E24:	MUL	R5, R1, R0	;(R1=0x0000000B R0=0x00000004 )
(       libmtguard.so[0xCBBCB000])[4D B1       ]0x00003E28:	CBZ	R5, #0XCBBCEE3E	;(R5=0x0000002C )
(       libmtguard.so[0xCBBCB000])[28 46       ]0x00003E2A:	MOV	R0, R5	;(R5=0x0000002C )
(       libmtguard.so[0xCBBCB000])[FE F7 C8 EB ]0x00003E2C:	BLX	#0XCBBCD5C0	;(PC=0xCBBCEE2C )
(       libmtguard.so[0xCBBCB000])[00 C6 8F E2 ]0x000025C0:	ADD	IP, PC, #0, #12	;(PC=0xCBBCD5C0 )
(       libmtguard.so[0xCBBCB000])[3D CA 8C E2 ]0x000025C4:	ADD	IP, IP, #0X3D000	;(IP=0xCBBCD5C8 )
(       libmtguard.so[0xCBBCB000])[04 F9 BC E5 ]0x000025C8:	LDR	PC, [IP, #0X904]!	;(IP=0xCBC0A5C8 )
(       libmtguard.so[0xCBBCB000])[04 46       ]0x00003E30:	MOV	R4, R0	;(R0=0x30043EA8 )
(       libmtguard.so[0xCBBCB000])[24 B1       ]0x00003E32:	CBZ	R4, #0XCBBCEE3E	;(R4=0x30043EA8 )
(       libmtguard.so[0xCBBCB000])[20 46       ]0x00003E34:	MOV	R0, R4	;(R4=0x30043EA8 )
(       libmtguard.so[0xCBBCB000])[29 46       ]0x00003E36:	MOV	R1, R5	;(R5=0x0000002C )
(       libmtguard.so[0xCBBCB000])[FE F7 CE EB ]0x00003E38:	BLX	#0XCBBCD5D8	;(PC=0xCBBCEE38 )
(       libmtguard.so[0xCBBCB000])[00 C6 8F E2 ]0x000025D8:	ADD	IP, PC, #0, #12	;(PC=0xCBBCD5D8 )
(       libmtguard.so[0xCBBCB000])[3D CA 8C E2 ]0x000025DC:	ADD	IP, IP, #0X3D000	;(IP=0xCBBCD5E0 )
(       libmtguard.so[0xCBBCB000])[F4 F8 BC E5 ]0x000025E0:	LDR	PC, [IP, #0X8F4]!	;(IP=0xCBC0A5E0 )
(       libmtguard.so[0xCBBCB000])[00 E0       ]0x00003E3C:	B	#0XCBBCEE40
(       libmtguard.so[0xCBBCB000])[20 46       ]0x00003E40:	MOV	R0, R4	;(R4=0x30043EA8 )
(       libmtguard.so[0xCBBCB000])[B0 BD       ]0x00003E42:	POP	{R4, R5, R7, PC}	;(SP=0x100FFF98 )
(       libmtguard.so[0xCBBCB000])[00 28       ]0x000038AE:	CMP	R0, #0	;(R0=0x30043EA8 )
(       libmtguard.so[0xCBBCB000])[20 60       ]0x000038B0:	STR	R0, [R4]	;(R0=0x30043EA8 R4=0x30043E90 )
(       libmtguard.so[0xCBBCB000])[05 D1       ]0x000038B2:	BNE	#0XCBBCE8C0
(       libmtguard.so[0xCBBCB000])[20 46       ]0x000038C0:	MOV	R0, R4	;(R4=0x30043E90 )
(       libmtguard.so[0xCBBCB000])[5D F8 04 BB ]0x000038C2:	LDR	FP, [SP], #4	;(SP=0x100FFFA8 )
(       libmtguard.so[0xCBBCB000])[F0 BD       ]0x000038C6:	POP	{R4, R5, R6, R7, PC}	;(SP=0x100FFFAC )
(       libmtguard.so[0xCBBCB000])[01 36       ]0x0000CE08:	ADDS	R6, #1	;(R6=0x0000006B )
(       libmtguard.so[0xCBBCB000])[60 60       ]0x0000CE0A:	STR	R0, [R4, #4]	;(R0=0x30043E90 R4=0xCBC0D3EC )
(       libmtguard.so[0xCBBCB000])[B6 F5 7C 7F ]0x0000CE0C:	CMP.W	R6, #0X3F0	;(R6=0x0000006C )
(       libmtguard.so[0xCBBCB000])[F3 D1       ]0x0000CE10:	BNE	#0XCBBD7DFA
(       libmtguard.so[0xCBBCB000])[48 46       ]0x0000CDFA:	MOV	R0, SB	;(SB=0xCBBCFE51 )
(       libmtguard.so[0xCBBCB000])[45 F8 36 80 ]0x0000CDFC:	STR.W	R8, [R5, R6, LSL #3]	;(R8=0xFFFFFFFF R5=0xCBC0D094 R6=0x0000006C )
(       libmtguard.so[0xCBBCB000])[05 EB C6 04 ]0x0000CE00:	ADD.W	R4, R5, R6, LSL #3	;(R5=0xCBC0D094 R6=0x0000006C )
(       libmtguard.so[0xCBBCB000])[F6 F7 3A FD ]0x0000CE04:	BL	#0XCBBCE87C	;(PC=0xCBBD7E04 )
(       libmtguard.so[0xCBBCB000])[F0 B5       ]0x0000387C:	PUSH	{R4, R5, R6, R7, LR}	;(SP=0x100FFFC0 R4=0xCBC0D3F4 R5=0xCBC0D094 R6=0x0000006C R7=0x100FFFE0 LR=0xCBBD7E09 )
(       libmtguard.so[0xCBBCB000])[03 AF       ]0x0000387E:	ADD	R7, SP, #0XC	;(SP=0x100FFFAC )
(       libmtguard.so[0xCBBCB000])[4D F8 04 BD ]0x00003880:	STR	FP, [SP, #-0X4]!	;(FP=0xCBC0B1C4 SP=0x100FFFAC )
(       libmtguard.so[0xCBBCB000])[05 46       ]0x00003884:	MOV	R5, R0	;(R0=0xCBBCFE51 )
(       libmtguard.so[0xCBBCB000])[01 20       ]0x00003886:	MOVS	R0, #1
(       libmtguard.so[0xCBBCB000])[10 21       ]0x00003888:	MOVS	R1, #0X10
(       libmtguard.so[0xCBBCB000])[00 22       ]0x0000388A:	MOVS	R2, #0
(       libmtguard.so[0xCBBCB000])[00 23       ]0x0000388C:	MOVS	R3, #0
(       libmtguard.so[0xCBBCB000])[00 26       ]0x0000388E:	MOVS	R6, #0
(       libmtguard.so[0xCBBCB000])[00 F0 C6 FA ]0x00003890:	BL	#0XCBBCEE20	;(PC=0xCBBCE890 )
(       libmtguard.so[0xCBBCB000])[B0 B5       ]0x00003E20:	PUSH	{R4, R5, R7, LR}	;(SP=0x100FFFA8 R4=0xCBC0D3F4 R5=0xCBBCFE51 R7=0x100FFFB8 LR=0xCBBCE895 )
(       libmtguard.so[0xCBBCB000])[02 AF       ]0x00003E22:	ADD	R7, SP, #8	;(SP=0x100FFF98 )
(       libmtguard.so[0xCBBCB000])[01 FB 00 F5 ]0x00003E24:	MUL	R5, R1, R0	;(R1=0x00000010 R0=0x00000001 )
(       libmtguard.so[0xCBBCB000])[4D B1       ]0x00003E28:	CBZ	R5, #0XCBBCEE3E	;(R5=0x00000010 )
(       libmtguard.so[0xCBBCB000])[28 46       ]0x00003E2A:	MOV	R0, R5	;(R5=0x00000010 )
(       libmtguard.so[0xCBBCB000])[FE F7 C8 EB ]0x00003E2C:	BLX	#0XCBBCD5C0	;(PC=0xCBBCEE2C )
(       libmtguard.so[0xCBBCB000])[00 C6 8F E2 ]0x000025C0:	ADD	IP, PC, #0, #12	;(PC=0xCBBCD5C0 )
(       libmtguard.so[0xCBBCB000])[3D CA 8C E2 ]0x000025C4:	ADD	IP, IP, #0X3D000	;(IP=0xCBBCD5C8 )
(       libmtguard.so[0xCBBCB000])[04 F9 BC E5 ]0x000025C8:	LDR	PC, [IP, #0X904]!	;(IP=0xCBC0A5C8 )
(       libmtguard.so[0xCBBCB000])[04 46       ]0x00003E30:	MOV	R4, R0	;(R0=0x30043ED8 )
(       libmtguard.so[0xCBBCB000])[24 B1       ]0x00003E32:	CBZ	R4, #0XCBBCEE3E	;(R4=0x30043ED8 )
(       libmtguard.so[0xCBBCB000])[20 46       ]0x00003E34:	MOV	R0, R4	;(R4=0x30043ED8 )
(       libmtguard.so[0xCBBCB000])[29 46       ]0x00003E36:	MOV	R1, R5	;(R5=0x00000010 )
(       libmtguard.so[0xCBBCB000])[FE F7 CE EB ]0x00003E38:	BLX	#0XCBBCD5D8	;(PC=0xCBBCEE38 )
(       libmtguard.so[0xCBBCB000])[00 C6 8F E2 ]0x000025D8:	ADD	IP, PC, #0, #12	;(PC=0xCBBCD5D8 )
(       libmtguard.so[0xCBBCB000])[3D CA 8C E2 ]0x000025DC:	ADD	IP, IP, #0X3D000	;(IP=0xCBBCD5E0 )
(       libmtguard.so[0xCBBCB000])[F4 F8 BC E5 ]0x000025E0:	LDR	PC, [IP, #0X8F4]!	;(IP=0xCBC0A5E0 )
(       libmtguard.so[0xCBBCB000])[00 E0       ]0x00003E3C:	B	#0XCBBCEE40
(       libmtguard.so[0xCBBCB000])[20 46       ]0x00003E40:	MOV	R0, R4	;(R4=0x30043ED8 )
(       libmtguard.so[0xCBBCB000])[B0 BD       ]0x00003E42:	POP	{R4, R5, R7, PC}	;(SP=0x100FFF98 )
(       libmtguard.so[0xCBBCB000])[04 46       ]0x00003894:	MOV	R4, R0	;(R0=0x30043ED8 )
(       libmtguard.so[0xCBBCB000])[94 B1       ]0x00003896:	CBZ	R4, #0XCBBCE8BE	;(R4=0x30043ED8 )
(       libmtguard.so[0xCBBCB000])[0B 20       ]0x00003898:	MOVS	R0, #0XB
(       libmtguard.so[0xCBBCB000])[C4 E9 00 66 ]0x0000389A:	STRD	R6, R6, [R4]	;(R6=0x00000000 R4=0x30043ED8 )
(       libmtguard.so[0xCBBCB000])[C4 E9 02 05 ]0x0000389E:	STRD	R0, R5, [R4, #8]	;(R0=0x0000000B R5=0xCBBCFE51 R4=0x30043ED8 )
(       libmtguard.so[0xCBBCB000])[04 20       ]0x000038A2:	MOVS	R0, #4
(       libmtguard.so[0xCBBCB000])[0B 21       ]0x000038A4:	MOVS	R1, #0XB
(       libmtguard.so[0xCBBCB000])[00 22       ]0x000038A6:	MOVS	R2, #0
(       libmtguard.so[0xCBBCB000])[00 23       ]0x000038A8:	MOVS	R3, #0
(       libmtguard.so[0xCBBCB000])[00 F0 B9 FA ]0x000038AA:	BL	#0XCBBCEE20	;(PC=0xCBBCE8AA )
(       libmtguard.so[0xCBBCB000])[B0 B5       ]0x00003E20:	PUSH	{R4, R5, R7, LR}	;(SP=0x100FFFA8 R4=0x30043ED8 R5=0xCBBCFE51 R7=0x100FFFB8 LR=0xCBBCE8AF )
(       libmtguard.so[0xCBBCB000])[02 AF       ]0x00003E22:	ADD	R7, SP, #8	;(SP=0x100FFF98 )
(       libmtguard.so[0xCBBCB000])[01 FB 00 F5 ]0x00003E24:	MUL	R5, R1, R0	;(R1=0x0000000B R0=0x00000004 )
(       libmtguard.so[0xCBBCB000])[4D B1       ]0x00003E28:	CBZ	R5, #0XCBBCEE3E	;(R5=0x0000002C )
(       libmtguard.so[0xCBBCB000])[28 46       ]0x00003E2A:	MOV	R0, R5	;(R5=0x0000002C )
(       libmtguard.so[0xCBBCB000])[FE F7 C8 EB ]0x00003E2C:	BLX	#0XCBBCD5C0	;(PC=0xCBBCEE2C )
(       libmtguard.so[0xCBBCB000])[00 C6 8F E2 ]0x000025C0:	ADD	IP, PC, #0, #12	;(PC=0xCBBCD5C0 )
(       libmtguard.so[0xCBBCB000])[3D CA 8C E2 ]0x000025C4:	ADD	IP, IP, #0X3D000	;(IP=0xCBBCD5C8 )
(       libmtguard.so[0xCBBCB000])[04 F9 BC E5 ]0x000025C8:	LDR	PC, [IP, #0X904]!	;(IP=0xCBC0A5C8 )
(       libmtguard.so[0xCBBCB000])[04 46       ]0x00003E30:	MOV	R4, R0	;(R0=0x30043EF0 )
(       libmtguard.so[0xCBBCB000])[24 B1       ]0x00003E32:	CBZ	R4, #0XCBBCEE3E	;(R4=0x30043EF0 )
(       libmtguard.so[0xCBBCB000])[20 46       ]0x00003E34:	MOV	R0, R4	;(R4=0x30043EF0 )
(       libmtguard.so[0xCBBCB000])[29 46       ]0x00003E36:	MOV	R1, R5	;(R5=0x0000002C )
(       libmtguard.so[0xCBBCB000])[FE F7 CE EB ]0x00003E38:	BLX	#0XCBBCD5D8	;(PC=0xCBBCEE38 )
(       libmtguard.so[0xCBBCB000])[00 C6 8F E2 ]0x000025D8:	ADD	IP, PC, #0, #12	;(PC=0xCBBCD5D8 )
(       libmtguard.so[0xCBBCB000])[3D CA 8C E2 ]0x000025DC:	ADD	IP, IP, #0X3D000	;(IP=0xCBBCD5E0 )
(       libmtguard.so[0xCBBCB000])[F4 F8 BC E5 ]0x000025E0:	LDR	PC, [IP, #0X8F4]!	;(IP=0xCBC0A5E0 )
(       libmtguard.so[0xCBBCB000])[00 E0       ]0x00003E3C:	B	#0XCBBCEE40
(       libmtguard.so[0xCBBCB000])[20 46       ]0x00003E40:	MOV	R0, R4	;(R4=0x30043EF0 )
(       libmtguard.so[0xCBBCB000])[B0 BD       ]0x00003E42:	POP	{R4, R5, R7, PC}	;(SP=0x100FFF98 )
(       libmtguard.so[0xCBBCB000])[00 28       ]0x000038AE:	CMP	R0, #0	;(R0=0x30043EF0 )
(       libmtguard.so[0xCBBCB000])[20 60       ]0x000038B0:	STR	R0, [R4]	;(R0=0x30043EF0 R4=0x30043ED8 )
(       libmtguard.so[0xCBBCB000])[05 D1       ]0x000038B2:	BNE	#0XCBBCE8C0
(       libmtguard.so[0xCBBCB000])[20 46       ]0x000038C0:	MOV	R0, R4	;(R4=0x30043ED8 )
(       libmtguard.so[0xCBBCB000])[5D F8 04 BB ]0x000038C2:	LDR	FP, [SP], #4	;(SP=0x100FFFA8 )
(       libmtguard.so[0xCBBCB000])[F0 BD       ]0x000038C6:	POP	{R4, R5, R6, R7, PC}	;(SP=0x100FFFAC )
(       libmtguard.so[0xCBBCB000])[01 36       ]0x0000CE08:	ADDS	R6, #1	;(R6=0x0000006C )
(       libmtguard.so[0xCBBCB000])[60 60       ]0x0000CE0A:	STR	R0, [R4, #4]	;(R0=0x30043ED8 R4=0xCBC0D3F4 )
(       libmtguard.so[0xCBBCB000])[B6 F5 7C 7F ]0x0000CE0C:	CMP.W	R6, #0X3F0	;(R6=0x0000006D )
(       libmtguard.so[0xCBBCB000])[F3 D1       ]0x0000CE10:	BNE	#0XCBBD7DFA
(       libmtguard.so[0xCBBCB000])[48 46       ]0x0000CDFA:	MOV	R0, SB	;(SB=0xCBBCFE51 )
(       libmtguard.so[0xCBBCB000])[45 F8 36 80 ]0x0000CDFC:	STR.W	R8, [R5, R6, LSL #3]	;(R8=0xFFFFFFFF R5=0xCBC0D094 R6=0x0000006D )
(       libmtguard.so[0xCBBCB000])[05 EB C6 04 ]0x0000CE00:	ADD.W	R4, R5, R6, LSL #3	;(R5=0xCBC0D094 R6=0x0000006D )
(       libmtguard.so[0xCBBCB000])[F6 F7 3A FD ]0x0000CE04:	BL	#0XCBBCE87C	;(PC=0xCBBD7E04 )
(       libmtguard.so[0xCBBCB000])[F0 B5       ]0x0000387C:	PUSH	{R4, R5, R6, R7, LR}	;(SP=0x100FFFC0 R4=0xCBC0D3FC R5=0xCBC0D094 R6=0x0000006D R7=0x100FFFE0 LR=0xCBBD7E09 )
(       libmtguard.so[0xCBBCB000])[03 AF       ]0x0000387E:	ADD	R7, SP, #0XC	;(SP=0x100FFFAC )
(       libmtguard.so[0xCBBCB000])[4D F8 04 BD ]0x00003880:	STR	FP, [SP, #-0X4]!	;(FP=0xCBC0B1C4 SP=0x100FFFAC )
(       libmtguard.so[0xCBBCB000])[05 46       ]0x00003884:	MOV	R5, R0	;(R0=0xCBBCFE51 )
(       libmtguard.so[0xCBBCB000])[01 20       ]0x00003886:	MOVS	R0, #1
(       libmtguard.so[0xCBBCB000])[10 21       ]0x00003888:	MOVS	R1, #0X10
(       libmtguard.so[0xCBBCB000])[00 22       ]0x0000388A:	MOVS	R2, #0
(       libmtguard.so[0xCBBCB000])[00 23       ]0x0000388C:	MOVS	R3, #0
(       libmtguard.so[0xCBBCB000])[00 26       ]0x0000388E:	MOVS	R6, #0
(       libmtguard.so[0xCBBCB000])[00 F0 C6 FA ]0x00003890:	BL	#0XCBBCEE20	;(PC=0xCBBCE890 )
(       libmtguard.so[0xCBBCB000])[B0 B5       ]0x00003E20:	PUSH	{R4, R5, R7, LR}	;(SP=0x100FFFA8 R4=0xCBC0D3FC R5=0xCBBCFE51 R7=0x100FFFB8 LR=0xCBBCE895 )
(       libmtguard.so[0xCBBCB000])[02 AF       ]0x00003E22:	ADD	R7, SP, #8	;(SP=0x100FFF98 )
(       libmtguard.so[0xCBBCB000])[01 FB 00 F5 ]0x00003E24:	MUL	R5, R1, R0	;(R1=0x00000010 R0=0x00000001 )
(       libmtguard.so[0xCBBCB000])[4D B1       ]0x00003E28:	CBZ	R5, #0XCBBCEE3E	;(R5=0x00000010 )
(       libmtguard.so[0xCBBCB000])[28 46       ]0x00003E2A:	MOV	R0, R5	;(R5=0x00000010 )
(       libmtguard.so[0xCBBCB000])[FE F7 C8 EB ]0x00003E2C:	BLX	#0XCBBCD5C0	;(PC=0xCBBCEE2C )
(       libmtguard.so[0xCBBCB000])[00 C6 8F E2 ]0x000025C0:	ADD	IP, PC, #0, #12	;(PC=0xCBBCD5C0 )
(       libmtguard.so[0xCBBCB000])[3D CA 8C E2 ]0x000025C4:	ADD	IP, IP, #0X3D000	;(IP=0xCBBCD5C8 )
(       libmtguard.so[0xCBBCB000])[04 F9 BC E5 ]0x000025C8:	LDR	PC, [IP, #0X904]!	;(IP=0xCBC0A5C8 )
(       libmtguard.so[0xCBBCB000])[04 46       ]0x00003E30:	MOV	R4, R0	;(R0=0x30043F20 )
(       libmtguard.so[0xCBBCB000])[24 B1       ]0x00003E32:	CBZ	R4, #0XCBBCEE3E	;(R4=0x30043F20 )
(       libmtguard.so[0xCBBCB000])[20 46       ]0x00003E34:	MOV	R0, R4	;(R4=0x30043F20 )
(       libmtguard.so[0xCBBCB000])[29 46       ]0x00003E36:	MOV	R1, R5	;(R5=0x00000010 )
(       libmtguard.so[0xCBBCB000])[FE F7 CE EB ]0x00003E38:	BLX	#0XCBBCD5D8	;(PC=0xCBBCEE38 )
(       libmtguard.so[0xCBBCB000])[00 C6 8F E2 ]0x000025D8:	ADD	IP, PC, #0, #12	;(PC=0xCBBCD5D8 )
(       libmtguard.so[0xCBBCB000])[3D CA 8C E2 ]0x000025DC:	ADD	IP, IP, #0X3D000	;(IP=0xCBBCD5E0 )
(       libmtguard.so[0xCBBCB000])[F4 F8 BC E5 ]0x000025E0:	LDR	PC, [IP, #0X8F4]!	;(IP=0xCBC0A5E0 )
(       libmtguard.so[0xCBBCB000])[00 E0       ]0x00003E3C:	B	#0XCBBCEE40
(       libmtguard.so[0xCBBCB000])[20 46       ]0x00003E40:	MOV	R0, R4	;(R4=0x30043F20 )
(       libmtguard.so[0xCBBCB000])[B0 BD       ]0x00003E42:	POP	{R4, R5, R7, PC}	;(SP=0x100FFF98 )
(       libmtguard.so[0xCBBCB000])[04 46       ]0x00003894:	MOV	R4, R0	;(R0=0x30043F20 )
(       libmtguard.so[0xCBBCB000])[94 B1       ]0x00003896:	CBZ	R4, #0XCBBCE8BE	;(R4=0x30043F20 )
(       libmtguard.so[0xCBBCB000])[0B 20       ]0x00003898:	MOVS	R0, #0XB
(       libmtguard.so[0xCBBCB000])[C4 E9 00 66 ]0x0000389A:	STRD	R6, R6, [R4]	;(R6=0x00000000 R4=0x30043F20 )
(       libmtguard.so[0xCBBCB000])[C4 E9 02 05 ]0x0000389E:	STRD	R0, R5, [R4, #8]	;(R0=0x0000000B R5=0xCBBCFE51 R4=0x30043F20 )
(       libmtguard.so[0xCBBCB000])[04 20       ]0x000038A2:	MOVS	R0, #4
(       libmtguard.so[0xCBBCB000])[0B 21       ]0x000038A4:	MOVS	R1, #0XB
(       libmtguard.so[0xCBBCB000])[00 22       ]0x000038A6:	MOVS	R2, #0
(       libmtguard.so[0xCBBCB000])[00 23       ]0x000038A8:	MOVS	R3, #0
(       libmtguard.so[0xCBBCB000])[00 F0 B9 FA ]0x000038AA:	BL	#0XCBBCEE20	;(PC=0xCBBCE8AA )
(       libmtguard.so[0xCBBCB000])[B0 B5       ]0x00003E20:	PUSH	{R4, R5, R7, LR}	;(SP=0x100FFFA8 R4=0x30043F20 R5=0xCBBCFE51 R7=0x100FFFB8 LR=0xCBBCE8AF )
(       libmtguard.so[0xCBBCB000])[02 AF       ]0x00003E22:	ADD	R7, SP, #8	;(SP=0x100FFF98 )
(       libmtguard.so[0xCBBCB000])[01 FB 00 F5 ]0x00003E24:	MUL	R5, R1, R0	;(R1=0x0000000B R0=0x00000004 )
(       libmtguard.so[0xCBBCB000])[4D B1       ]0x00003E28:	CBZ	R5, #0XCBBCEE3E	;(R5=0x0000002C )
(       libmtguard.so[0xCBBCB000])[28 46       ]0x00003E2A:	MOV	R0, R5	;(R5=0x0000002C )
(       libmtguard.so[0xCBBCB000])[FE F7 C8 EB ]0x00003E2C:	BLX	#0XCBBCD5C0	;(PC=0xCBBCEE2C )
(       libmtguard.so[0xCBBCB000])[00 C6 8F E2 ]0x000025C0:	ADD	IP, PC, #0, #12	;(PC=0xCBBCD5C0 )
(       libmtguard.so[0xCBBCB000])[3D CA 8C E2 ]0x000025C4:	ADD	IP, IP, #0X3D000	;(IP=0xCBBCD5C8 )
(       libmtguard.so[0xCBBCB000])[04 F9 BC E5 ]0x000025C8:	LDR	PC, [IP, #0X904]!	;(IP=0xCBC0A5C8 )
(       libmtguard.so[0xCBBCB000])[04 46       ]0x00003E30:	MOV	R4, R0	;(R0=0x30043F38 )
(       libmtguard.so[0xCBBCB000])[24 B1       ]0x00003E32:	CBZ	R4, #0XCBBCEE3E	;(R4=0x30043F38 )
(       libmtguard.so[0xCBBCB000])[20 46       ]0x00003E34:	MOV	R0, R4	;(R4=0x30043F38 )
(       libmtguard.so[0xCBBCB000])[29 46       ]0x00003E36:	MOV	R1, R5	;(R5=0x0000002C )
(       libmtguard.so[0xCBBCB000])[FE F7 CE EB ]0x00003E38:	BLX	#0XCBBCD5D8	;(PC=0xCBBCEE38 )
(       libmtguard.so[0xCBBCB000])[00 C6 8F E2 ]0x000025D8:	ADD	IP, PC, #0, #12	;(PC=0xCBBCD5D8 )
(       libmtguard.so[0xCBBCB000])[3D CA 8C E2 ]0x000025DC:	ADD	IP, IP, #0X3D000	;(IP=0xCBBCD5E0 )
(       libmtguard.so[0xCBBCB000])[F4 F8 BC E5 ]0x000025E0:	LDR	PC, [IP, #0X8F4]!	;(IP=0xCBC0A5E0 )
(       libmtguard.so[0xCBBCB000])[00 E0       ]0x00003E3C:	B	#0XCBBCEE40
(       libmtguard.so[0xCBBCB000])[20 46       ]0x00003E40:	MOV	R0, R4	;(R4=0x30043F38 )
(       libmtguard.so[0xCBBCB000])[B0 BD       ]0x00003E42:	POP	{R4, R5, R7, PC}	;(SP=0x100FFF98 )
(       libmtguard.so[0xCBBCB000])[00 28       ]0x000038AE:	CMP	R0, #0	;(R0=0x30043F38 )
(       libmtguard.so[0xCBBCB000])[20 60       ]0x000038B0:	STR	R0, [R4]	;(R0=0x30043F38 R4=0x30043F20 )
(       libmtguard.so[0xCBBCB000])[05 D1       ]0x000038B2:	BNE	#0XCBBCE8C0
(       libmtguard.so[0xCBBCB000])[20 46       ]0x000038C0:	MOV	R0, R4	;(R4=0x30043F20 )
(       libmtguard.so[0xCBBCB000])[5D F8 04 BB ]0x000038C2:	LDR	FP, [SP], #4	;(SP=0x100FFFA8 )
(       libmtguard.so[0xCBBCB000])[F0 BD       ]0x000038C6:	POP	{R4, R5, R6, R7, PC}	;(SP=0x100FFFAC )
(       libmtguard.so[0xCBBCB000])[01 36       ]0x0000CE08:	ADDS	R6, #1	;(R6=0x0000006D )
(       libmtguard.so[0xCBBCB000])[60 60       ]0x0000CE0A:	STR	R0, [R4, #4]	;(R0=0x30043F20 R4=0xCBC0D3FC )
(       libmtguard.so[0xCBBCB000])[B6 F5 7C 7F ]0x0000CE0C:	CMP.W	R6, #0X3F0	;(R6=0x0000006E )
(       libmtguard.so[0xCBBCB000])[F3 D1       ]0x0000CE10:	BNE	#0XCBBD7DFA
(       libmtguard.so[0xCBBCB000])[48 46       ]0x0000CDFA:	MOV	R0, SB	;(SB=0xCBBCFE51 )
(       libmtguard.so[0xCBBCB000])[45 F8 36 80 ]0x0000CDFC:	STR.W	R8, [R5, R6, LSL #3]	;(R8=0xFFFFFFFF R5=0xCBC0D094 R6=0x0000006E )
(       libmtguard.so[0xCBBCB000])[05 EB C6 04 ]0x0000CE00:	ADD.W	R4, R5, R6, LSL #3	;(R5=0xCBC0D094 R6=0x0000006E )
(       libmtguard.so[0xCBBCB000])[F6 F7 3A FD ]0x0000CE04:	BL	#0XCBBCE87C	;(PC=0xCBBD7E04 )
(       libmtguard.so[0xCBBCB000])[F0 B5       ]0x0000387C:	PUSH	{R4, R5, R6, R7, LR}	;(SP=0x100FFFC0 R4=0xCBC0D404 R5=0xCBC0D094 R6=0x0000006E R7=0x100FFFE0 LR=0xCBBD7E09 )
(       libmtguard.so[0xCBBCB000])[03 AF       ]0x0000387E:	ADD	R7, SP, #0XC	;(SP=0x100FFFAC )
(       libmtguard.so[0xCBBCB000])[4D F8 04 BD ]0x00003880:	STR	FP, [SP, #-0X4]!	;(FP=0xCBC0B1C4 SP=0x100FFFAC )
(       libmtguard.so[0xCBBCB000])[05 46       ]0x00003884:	MOV	R5, R0	;(R0=0xCBBCFE51 )
(       libmtguard.so[0xCBBCB000])[01 20       ]0x00003886:	MOVS	R0, #1
(       libmtguard.so[0xCBBCB000])[10 21       ]0x00003888:	MOVS	R1, #0X10
(       libmtguard.so[0xCBBCB000])[00 22       ]0x0000388A:	MOVS	R2, #0
(       libmtguard.so[0xCBBCB000])[00 23       ]0x0000388C:	MOVS	R3, #0
(       libmtguard.so[0xCBBCB000])[00 26       ]0x0000388E:	MOVS	R6, #0
(       libmtguard.so[0xCBBCB000])[00 F0 C6 FA ]0x00003890:	BL	#0XCBBCEE20	;(PC=0xCBBCE890 )
(       libmtguard.so[0xCBBCB000])[B0 B5       ]0x00003E20:	PUSH	{R4, R5, R7, LR}	;(SP=0x100FFFA8 R4=0xCBC0D404 R5=0xCBBCFE51 R7=0x100FFFB8 LR=0xCBBCE895 )
(       libmtguard.so[0xCBBCB000])[02 AF       ]0x00003E22:	ADD	R7, SP, #8	;(SP=0x100FFF98 )
(       libmtguard.so[0xCBBCB000])[01 FB 00 F5 ]0x00003E24:	MUL	R5, R1, R0	;(R1=0x00000010 R0=0x00000001 )
(       libmtguard.so[0xCBBCB000])[4D B1       ]0x00003E28:	CBZ	R5, #0XCBBCEE3E	;(R5=0x00000010 )
(       libmtguard.so[0xCBBCB000])[28 46       ]0x00003E2A:	MOV	R0, R5	;(R5=0x00000010 )
(       libmtguard.so[0xCBBCB000])[FE F7 C8 EB ]0x00003E2C:	BLX	#0XCBBCD5C0	;(PC=0xCBBCEE2C )
(       libmtguard.so[0xCBBCB000])[00 C6 8F E2 ]0x000025C0:	ADD	IP, PC, #0, #12	;(PC=0xCBBCD5C0 )
(       libmtguard.so[0xCBBCB000])[3D CA 8C E2 ]0x000025C4:	ADD	IP, IP, #0X3D000	;(IP=0xCBBCD5C8 )
(       libmtguard.so[0xCBBCB000])[04 F9 BC E5 ]0x000025C8:	LDR	PC, [IP, #0X904]!	;(IP=0xCBC0A5C8 )
(       libmtguard.so[0xCBBCB000])[04 46       ]0x00003E30:	MOV	R4, R0	;(R0=0x30043F68 )
(       libmtguard.so[0xCBBCB000])[24 B1       ]0x00003E32:	CBZ	R4, #0XCBBCEE3E	;(R4=0x30043F68 )
(       libmtguard.so[0xCBBCB000])[20 46       ]0x00003E34:	MOV	R0, R4	;(R4=0x30043F68 )
(       libmtguard.so[0xCBBCB000])[29 46       ]0x00003E36:	MOV	R1, R5	;(R5=0x00000010 )
(       libmtguard.so[0xCBBCB000])[FE F7 CE EB ]0x00003E38:	BLX	#0XCBBCD5D8	;(PC=0xCBBCEE38 )
(       libmtguard.so[0xCBBCB000])[00 C6 8F E2 ]0x000025D8:	ADD	IP, PC, #0, #12	;(PC=0xCBBCD5D8 )
(       libmtguard.so[0xCBBCB000])[3D CA 8C E2 ]0x000025DC:	ADD	IP, IP, #0X3D000	;(IP=0xCBBCD5E0 )
(       libmtguard.so[0xCBBCB000])[F4 F8 BC E5 ]0x000025E0:	LDR	PC, [IP, #0X8F4]!	;(IP=0xCBC0A5E0 )
(       libmtguard.so[0xCBBCB000])[00 E0       ]0x00003E3C:	B	#0XCBBCEE40
(       libmtguard.so[0xCBBCB000])[20 46       ]0x00003E40:	MOV	R0, R4	;(R4=0x30043F68 )
(       libmtguard.so[0xCBBCB000])[B0 BD       ]0x00003E42:	POP	{R4, R5, R7, PC}	;(SP=0x100FFF98 )
(       libmtguard.so[0xCBBCB000])[04 46       ]0x00003894:	MOV	R4, R0	;(R0=0x30043F68 )
(       libmtguard.so[0xCBBCB000])[94 B1       ]0x00003896:	CBZ	R4, #0XCBBCE8BE	;(R4=0x30043F68 )
(       libmtguard.so[0xCBBCB000])[0B 20       ]0x00003898:	MOVS	R0, #0XB
(       libmtguard.so[0xCBBCB000])[C4 E9 00 66 ]0x0000389A:	STRD	R6, R6, [R4]	;(R6=0x00000000 R4=0x30043F68 )
(       libmtguard.so[0xCBBCB000])[C4 E9 02 05 ]0x0000389E:	STRD	R0, R5, [R4, #8]	;(R0=0x0000000B R5=0xCBBCFE51 R4=0x30043F68 )
(       libmtguard.so[0xCBBCB000])[04 20       ]0x000038A2:	MOVS	R0, #4
(       libmtguard.so[0xCBBCB000])[0B 21       ]0x000038A4:	MOVS	R1, #0XB
(       libmtguard.so[0xCBBCB000])[00 22       ]0x000038A6:	MOVS	R2, #0
(       libmtguard.so[0xCBBCB000])[00 23       ]0x000038A8:	MOVS	R3, #0
(       libmtguard.so[0xCBBCB000])[00 F0 B9 FA ]0x000038AA:	BL	#0XCBBCEE20	;(PC=0xCBBCE8AA )
(       libmtguard.so[0xCBBCB000])[B0 B5       ]0x00003E20:	PUSH	{R4, R5, R7, LR}	;(SP=0x100FFFA8 R4=0x30043F68 R5=0xCBBCFE51 R7=0x100FFFB8 LR=0xCBBCE8AF )
(       libmtguard.so[0xCBBCB000])[02 AF       ]0x00003E22:	ADD	R7, SP, #8	;(SP=0x100FFF98 )
(       libmtguard.so[0xCBBCB000])[01 FB 00 F5 ]0x00003E24:	MUL	R5, R1, R0	;(R1=0x0000000B R0=0x00000004 )
(       libmtguard.so[0xCBBCB000])[4D B1       ]0x00003E28:	CBZ	R5, #0XCBBCEE3E	;(R5=0x0000002C )
(       libmtguard.so[0xCBBCB000])[28 46       ]0x00003E2A:	MOV	R0, R5	;(R5=0x0000002C )
(       libmtguard.so[0xCBBCB000])[FE F7 C8 EB ]0x00003E2C:	BLX	#0XCBBCD5C0	;(PC=0xCBBCEE2C )
(       libmtguard.so[0xCBBCB000])[00 C6 8F E2 ]0x000025C0:	ADD	IP, PC, #0, #12	;(PC=0xCBBCD5C0 )
(       libmtguard.so[0xCBBCB000])[3D CA 8C E2 ]0x000025C4:	ADD	IP, IP, #0X3D000	;(IP=0xCBBCD5C8 )
(       libmtguard.so[0xCBBCB000])[04 F9 BC E5 ]0x000025C8:	LDR	PC, [IP, #0X904]!	;(IP=0xCBC0A5C8 )
(       libmtguard.so[0xCBBCB000])[04 46       ]0x00003E30:	MOV	R4, R0	;(R0=0x30043F80 )
(       libmtguard.so[0xCBBCB000])[24 B1       ]0x00003E32:	CBZ	R4, #0XCBBCEE3E	;(R4=0x30043F80 )
(       libmtguard.so[0xCBBCB000])[20 46       ]0x00003E34:	MOV	R0, R4	;(R4=0x30043F80 )
(       libmtguard.so[0xCBBCB000])[29 46       ]0x00003E36:	MOV	R1, R5	;(R5=0x0000002C )
(       libmtguard.so[0xCBBCB000])[FE F7 CE EB ]0x00003E38:	BLX	#0XCBBCD5D8	;(PC=0xCBBCEE38 )
(       libmtguard.so[0xCBBCB000])[00 C6 8F E2 ]0x000025D8:	ADD	IP, PC, #0, #12	;(PC=0xCBBCD5D8 )
(       libmtguard.so[0xCBBCB000])[3D CA 8C E2 ]0x000025DC:	ADD	IP, IP, #0X3D000	;(IP=0xCBBCD5E0 )
(       libmtguard.so[0xCBBCB000])[F4 F8 BC E5 ]0x000025E0:	LDR	PC, [IP, #0X8F4]!	;(IP=0xCBC0A5E0 )
(       libmtguard.so[0xCBBCB000])[00 E0       ]0x00003E3C:	B	#0XCBBCEE40
(       libmtguard.so[0xCBBCB000])[20 46       ]0x00003E40:	MOV	R0, R4	;(R4=0x30043F80 )
(       libmtguard.so[0xCBBCB000])[B0 BD       ]0x00003E42:	POP	{R4, R5, R7, PC}	;(SP=0x100FFF98 )
(       libmtguard.so[0xCBBCB000])[00 28       ]0x000038AE:	CMP	R0, #0	;(R0=0x30043F80 )
(       libmtguard.so[0xCBBCB000])[20 60       ]0x000038B0:	STR	R0, [R4]	;(R0=0x30043F80 R4=0x30043F68 )
(       libmtguard.so[0xCBBCB000])[05 D1       ]0x000038B2:	BNE	#0XCBBCE8C0
(       libmtguard.so[0xCBBCB000])[20 46       ]0x000038C0:	MOV	R0, R4	;(R4=0x30043F68 )
(       libmtguard.so[0xCBBCB000])[5D F8 04 BB ]0x000038C2:	LDR	FP, [SP], #4	;(SP=0x100FFFA8 )
(       libmtguard.so[0xCBBCB000])[F0 BD       ]0x000038C6:	POP	{R4, R5, R6, R7, PC}	;(SP=0x100FFFAC )
(       libmtguard.so[0xCBBCB000])[01 36       ]0x0000CE08:	ADDS	R6, #1	;(R6=0x0000006E )
(       libmtguard.so[0xCBBCB000])[60 60       ]0x0000CE0A:	STR	R0, [R4, #4]	;(R0=0x30043F68 R4=0xCBC0D404 )
(       libmtguard.so[0xCBBCB000])[B6 F5 7C 7F ]0x0000CE0C:	CMP.W	R6, #0X3F0	;(R6=0x0000006F )
(       libmtguard.so[0xCBBCB000])[F3 D1       ]0x0000CE10:	BNE	#0XCBBD7DFA
(       libmtguard.so[0xCBBCB000])[48 46       ]0x0000CDFA:	MOV	R0, SB	;(SB=0xCBBCFE51 )
(       libmtguard.so[0xCBBCB000])[45 F8 36 80 ]0x0000CDFC:	STR.W	R8, [R5, R6, LSL #3]	;(R8=0xFFFFFFFF R5=0xCBC0D094 R6=0x0000006F )
(       libmtguard.so[0xCBBCB000])[05 EB C6 04 ]0x0000CE00:	ADD.W	R4, R5, R6, LSL #3	;(R5=0xCBC0D094 R6=0x0000006F )
(       libmtguard.so[0xCBBCB000])[F6 F7 3A FD ]0x0000CE04:	BL	#0XCBBCE87C	;(PC=0xCBBD7E04 )
(       libmtguard.so[0xCBBCB000])[F0 B5       ]0x0000387C:	PUSH	{R4, R5, R6, R7, LR}	;(SP=0x100FFFC0 R4=0xCBC0D40C R5=0xCBC0D094 R6=0x0000006F R7=0x100FFFE0 LR=0xCBBD7E09 )
(       libmtguard.so[0xCBBCB000])[03 AF       ]0x0000387E:	ADD	R7, SP, #0XC	;(SP=0x100FFFAC )
(       libmtguard.so[0xCBBCB000])[4D F8 04 BD ]0x00003880:	STR	FP, [SP, #-0X4]!	;(FP=0xCBC0B1C4 SP=0x100FFFAC )
(       libmtguard.so[0xCBBCB000])[05 46       ]0x00003884:	MOV	R5, R0	;(R0=0xCBBCFE51 )
(       libmtguard.so[0xCBBCB000])[01 20       ]0x00003886:	MOVS	R0, #1
(       libmtguard.so[0xCBBCB000])[10 21       ]0x00003888:	MOVS	R1, #0X10
(       libmtguard.so[0xCBBCB000])[00 22       ]0x0000388A:	MOVS	R2, #0
(       libmtguard.so[0xCBBCB000])[00 23       ]0x0000388C:	MOVS	R3, #0
(       libmtguard.so[0xCBBCB000])[00 26       ]0x0000388E:	MOVS	R6, #0
(       libmtguard.so[0xCBBCB000])[00 F0 C6 FA ]0x00003890:	BL	#0XCBBCEE20	;(PC=0xCBBCE890 )
(       libmtguard.so[0xCBBCB000])[B0 B5       ]0x00003E20:	PUSH	{R4, R5, R7, LR}	;(SP=0x100FFFA8 R4=0xCBC0D40C R5=0xCBBCFE51 R7=0x100FFFB8 LR=0xCBBCE895 )
(       libmtguard.so[0xCBBCB000])[02 AF       ]0x00003E22:	ADD	R7, SP, #8	;(SP=0x100FFF98 )
(       libmtguard.so[0xCBBCB000])[01 FB 00 F5 ]0x00003E24:	MUL	R5, R1, R0	;(R1=0x00000010 R0=0x00000001 )
(       libmtguard.so[0xCBBCB000])[4D B1       ]0x00003E28:	CBZ	R5, #0XCBBCEE3E	;(R5=0x00000010 )
(       libmtguard.so[0xCBBCB000])[28 46       ]0x00003E2A:	MOV	R0, R5	;(R5=0x00000010 )
(       libmtguard.so[0xCBBCB000])[FE F7 C8 EB ]0x00003E2C:	BLX	#0XCBBCD5C0	;(PC=0xCBBCEE2C )
(       libmtguard.so[0xCBBCB000])[00 C6 8F E2 ]0x000025C0:	ADD	IP, PC, #0, #12	;(PC=0xCBBCD5C0 )
(       libmtguard.so[0xCBBCB000])[3D CA 8C E2 ]0x000025C4:	ADD	IP, IP, #0X3D000	;(IP=0xCBBCD5C8 )
(       libmtguard.so[0xCBBCB000])[04 F9 BC E5 ]0x000025C8:	LDR	PC, [IP, #0X904]!	;(IP=0xCBC0A5C8 )
(       libmtguard.so[0xCBBCB000])[04 46       ]0x00003E30:	MOV	R4, R0	;(R0=0x30043FB0 )
(       libmtguard.so[0xCBBCB000])[24 B1       ]0x00003E32:	CBZ	R4, #0XCBBCEE3E	;(R4=0x30043FB0 )
(       libmtguard.so[0xCBBCB000])[20 46       ]0x00003E34:	MOV	R0, R4	;(R4=0x30043FB0 )
(       libmtguard.so[0xCBBCB000])[29 46       ]0x00003E36:	MOV	R1, R5	;(R5=0x00000010 )
(       libmtguard.so[0xCBBCB000])[FE F7 CE EB ]0x00003E38:	BLX	#0XCBBCD5D8	;(PC=0xCBBCEE38 )
(       libmtguard.so[0xCBBCB000])[00 C6 8F E2 ]0x000025D8:	ADD	IP, PC, #0, #12	;(PC=0xCBBCD5D8 )
(       libmtguard.so[0xCBBCB000])[3D CA 8C E2 ]0x000025DC:	ADD	IP, IP, #0X3D000	;(IP=0xCBBCD5E0 )
(       libmtguard.so[0xCBBCB000])[F4 F8 BC E5 ]0x000025E0:	LDR	PC, [IP, #0X8F4]!	;(IP=0xCBC0A5E0 )
(       libmtguard.so[0xCBBCB000])[00 E0       ]0x00003E3C:	B	#0XCBBCEE40
(       libmtguard.so[0xCBBCB000])[20 46       ]0x00003E40:	MOV	R0, R4	;(R4=0x30043FB0 )
(       libmtguard.so[0xCBBCB000])[B0 BD       ]0x00003E42:	POP	{R4, R5, R7, PC}	;(SP=0x100FFF98 )
(       libmtguard.so[0xCBBCB000])[04 46       ]0x00003894:	MOV	R4, R0	;(R0=0x30043FB0 )
(       libmtguard.so[0xCBBCB000])[94 B1       ]0x00003896:	CBZ	R4, #0XCBBCE8BE	;(R4=0x30043FB0 )
(       libmtguard.so[0xCBBCB000])[0B 20       ]0x00003898:	MOVS	R0, #0XB
(       libmtguard.so[0xCBBCB000])[C4 E9 00 66 ]0x0000389A:	STRD	R6, R6, [R4]	;(R6=0x00000000 R4=0x30043FB0 )
(       libmtguard.so[0xCBBCB000])[C4 E9 02 05 ]0x0000389E:	STRD	R0, R5, [R4, #8]	;(R0=0x0000000B R5=0xCBBCFE51 R4=0x30043FB0 )
(       libmtguard.so[0xCBBCB000])[04 20       ]0x000038A2:	MOVS	R0, #4
(       libmtguard.so[0xCBBCB000])[0B 21       ]0x000038A4:	MOVS	R1, #0XB
(       libmtguard.so[0xCBBCB000])[00 22       ]0x000038A6:	MOVS	R2, #0
(       libmtguard.so[0xCBBCB000])[00 23       ]0x000038A8:	MOVS	R3, #0
(       libmtguard.so[0xCBBCB000])[00 F0 B9 FA ]0x000038AA:	BL	#0XCBBCEE20	;(PC=0xCBBCE8AA )
(       libmtguard.so[0xCBBCB000])[B0 B5       ]0x00003E20:	PUSH	{R4, R5, R7, LR}	;(SP=0x100FFFA8 R4=0x30043FB0 R5=0xCBBCFE51 R7=0x100FFFB8 LR=0xCBBCE8AF )
(       libmtguard.so[0xCBBCB000])[02 AF       ]0x00003E22:	ADD	R7, SP, #8	;(SP=0x100FFF98 )
(       libmtguard.so[0xCBBCB000])[01 FB 00 F5 ]0x00003E24:	MUL	R5, R1, R0	;(R1=0x0000000B R0=0x00000004 )
(       libmtguard.so[0xCBBCB000])[4D B1       ]0x00003E28:	CBZ	R5, #0XCBBCEE3E	;(R5=0x0000002C )
(       libmtguard.so[0xCBBCB000])[28 46       ]0x00003E2A:	MOV	R0, R5	;(R5=0x0000002C )
(       libmtguard.so[0xCBBCB000])[FE F7 C8 EB ]0x00003E2C:	BLX	#0XCBBCD5C0	;(PC=0xCBBCEE2C )
(       libmtguard.so[0xCBBCB000])[00 C6 8F E2 ]0x000025C0:	ADD	IP, PC, #0, #12	;(PC=0xCBBCD5C0 )
(       libmtguard.so[0xCBBCB000])[3D CA 8C E2 ]0x000025C4:	ADD	IP, IP, #0X3D000	;(IP=0xCBBCD5C8 )
(       libmtguard.so[0xCBBCB000])[04 F9 BC E5 ]0x000025C8:	LDR	PC, [IP, #0X904]!	;(IP=0xCBC0A5C8 )
(       libmtguard.so[0xCBBCB000])[04 46       ]0x00003E30:	MOV	R4, R0	;(R0=0x30045008 )
(       libmtguard.so[0xCBBCB000])[24 B1       ]0x00003E32:	CBZ	R4, #0XCBBCEE3E	;(R4=0x30045008 )
(       libmtguard.so[0xCBBCB000])[20 46       ]0x00003E34:	MOV	R0, R4	;(R4=0x30045008 )
(       libmtguard.so[0xCBBCB000])[29 46       ]0x00003E36:	MOV	R1, R5	;(R5=0x0000002C )
(       libmtguard.so[0xCBBCB000])[FE F7 CE EB ]0x00003E38:	BLX	#0XCBBCD5D8	;(PC=0xCBBCEE38 )
(       libmtguard.so[0xCBBCB000])[00 C6 8F E2 ]0x000025D8:	ADD	IP, PC, #0, #12	;(PC=0xCBBCD5D8 )
(       libmtguard.so[0xCBBCB000])[3D CA 8C E2 ]0x000025DC:	ADD	IP, IP, #0X3D000	;(IP=0xCBBCD5E0 )
(       libmtguard.so[0xCBBCB000])[F4 F8 BC E5 ]0x000025E0:	LDR	PC, [IP, #0X8F4]!	;(IP=0xCBC0A5E0 )
(       libmtguard.so[0xCBBCB000])[00 E0       ]0x00003E3C:	B	#0XCBBCEE40
(       libmtguard.so[0xCBBCB000])[20 46       ]0x00003E40:	MOV	R0, R4	;(R4=0x30045008 )
(       libmtguard.so[0xCBBCB000])[B0 BD       ]0x00003E42:	POP	{R4, R5, R7, PC}	;(SP=0x100FFF98 )
(       libmtguard.so[0xCBBCB000])[00 28       ]0x000038AE:	CMP	R0, #0	;(R0=0x30045008 )
(       libmtguard.so[0xCBBCB000])[20 60       ]0x000038B0:	STR	R0, [R4]	;(R0=0x30045008 R4=0x30043FB0 )
(       libmtguard.so[0xCBBCB000])[05 D1       ]0x000038B2:	BNE	#0XCBBCE8C0
(       libmtguard.so[0xCBBCB000])[20 46       ]0x000038C0:	MOV	R0, R4	;(R4=0x30043FB0 )
(       libmtguard.so[0xCBBCB000])[5D F8 04 BB ]0x000038C2:	LDR	FP, [SP], #4	;(SP=0x100FFFA8 )
(       libmtguard.so[0xCBBCB000])[F0 BD       ]0x000038C6:	POP	{R4, R5, R6, R7, PC}	;(SP=0x100FFFAC )
(       libmtguard.so[0xCBBCB000])[01 36       ]0x0000CE08:	ADDS	R6, #1	;(R6=0x0000006F )
(       libmtguard.so[0xCBBCB000])[60 60       ]0x0000CE0A:	STR	R0, [R4, #4]	;(R0=0x30043FB0 R4=0xCBC0D40C )
(       libmtguard.so[0xCBBCB000])[B6 F5 7C 7F ]0x0000CE0C:	CMP.W	R6, #0X3F0	;(R6=0x00000070 )
(       libmtguard.so[0xCBBCB000])[F3 D1       ]0x0000CE10:	BNE	#0XCBBD7DFA
(       libmtguard.so[0xCBBCB000])[48 46       ]0x0000CDFA:	MOV	R0, SB	;(SB=0xCBBCFE51 )
(       libmtguard.so[0xCBBCB000])[45 F8 36 80 ]0x0000CDFC:	STR.W	R8, [R5, R6, LSL #3]	;(R8=0xFFFFFFFF R5=0xCBC0D094 R6=0x00000070 )
(       libmtguard.so[0xCBBCB000])[05 EB C6 04 ]0x0000CE00:	ADD.W	R4, R5, R6, LSL #3	;(R5=0xCBC0D094 R6=0x00000070 )
(       libmtguard.so[0xCBBCB000])[F6 F7 3A FD ]0x0000CE04:	BL	#0XCBBCE87C	;(PC=0xCBBD7E04 )
(       libmtguard.so[0xCBBCB000])[F0 B5       ]0x0000387C:	PUSH	{R4, R5, R6, R7, LR}	;(SP=0x100FFFC0 R4=0xCBC0D414 R5=0xCBC0D094 R6=0x00000070 R7=0x100FFFE0 LR=0xCBBD7E09 )
(       libmtguard.so[0xCBBCB000])[03 AF       ]0x0000387E:	ADD	R7, SP, #0XC	;(SP=0x100FFFAC )
(       libmtguard.so[0xCBBCB000])[4D F8 04 BD ]0x00003880:	STR	FP, [SP, #-0X4]!	;(FP=0xCBC0B1C4 SP=0x100FFFAC )
(       libmtguard.so[0xCBBCB000])[05 46       ]0x00003884:	MOV	R5, R0	;(R0=0xCBBCFE51 )
(       libmtguard.so[0xCBBCB000])[01 20       ]0x00003886:	MOVS	R0, #1
(       libmtguard.so[0xCBBCB000])[10 21       ]0x00003888:	MOVS	R1, #0X10
(       libmtguard.so[0xCBBCB000])[00 22       ]0x0000388A:	MOVS	R2, #0
(       libmtguard.so[0xCBBCB000])[00 23       ]0x0000388C:	MOVS	R3, #0
(       libmtguard.so[0xCBBCB000])[00 26       ]0x0000388E:	MOVS	R6, #0
(       libmtguard.so[0xCBBCB000])[00 F0 C6 FA ]0x00003890:	BL	#0XCBBCEE20	;(PC=0xCBBCE890 )
(       libmtguard.so[0xCBBCB000])[B0 B5       ]0x00003E20:	PUSH	{R4, R5, R7, LR}	;(SP=0x100FFFA8 R4=0xCBC0D414 R5=0xCBBCFE51 R7=0x100FFFB8 LR=0xCBBCE895 )
(       libmtguard.so[0xCBBCB000])[02 AF       ]0x00003E22:	ADD	R7, SP, #8	;(SP=0x100FFF98 )
(       libmtguard.so[0xCBBCB000])[01 FB 00 F5 ]0x00003E24:	MUL	R5, R1, R0	;(R1=0x00000010 R0=0x00000001 )
(       libmtguard.so[0xCBBCB000])[4D B1       ]0x00003E28:	CBZ	R5, #0XCBBCEE3E	;(R5=0x00000010 )
(       libmtguard.so[0xCBBCB000])[28 46       ]0x00003E2A:	MOV	R0, R5	;(R5=0x00000010 )
(       libmtguard.so[0xCBBCB000])[FE F7 C8 EB ]0x00003E2C:	BLX	#0XCBBCD5C0	;(PC=0xCBBCEE2C )
(       libmtguard.so[0xCBBCB000])[00 C6 8F E2 ]0x000025C0:	ADD	IP, PC, #0, #12	;(PC=0xCBBCD5C0 )
(       libmtguard.so[0xCBBCB000])[3D CA 8C E2 ]0x000025C4:	ADD	IP, IP, #0X3D000	;(IP=0xCBBCD5C8 )
(       libmtguard.so[0xCBBCB000])[04 F9 BC E5 ]0x000025C8:	LDR	PC, [IP, #0X904]!	;(IP=0xCBC0A5C8 )
(       libmtguard.so[0xCBBCB000])[04 46       ]0x00003E30:	MOV	R4, R0	;(R0=0x30043FC8 )
(       libmtguard.so[0xCBBCB000])[24 B1       ]0x00003E32:	CBZ	R4, #0XCBBCEE3E	;(R4=0x30043FC8 )
(       libmtguard.so[0xCBBCB000])[20 46       ]0x00003E34:	MOV	R0, R4	;(R4=0x30043FC8 )
(       libmtguard.so[0xCBBCB000])[29 46       ]0x00003E36:	MOV	R1, R5	;(R5=0x00000010 )
(       libmtguard.so[0xCBBCB000])[FE F7 CE EB ]0x00003E38:	BLX	#0XCBBCD5D8	;(PC=0xCBBCEE38 )
(       libmtguard.so[0xCBBCB000])[00 C6 8F E2 ]0x000025D8:	ADD	IP, PC, #0, #12	;(PC=0xCBBCD5D8 )
(       libmtguard.so[0xCBBCB000])[3D CA 8C E2 ]0x000025DC:	ADD	IP, IP, #0X3D000	;(IP=0xCBBCD5E0 )
(       libmtguard.so[0xCBBCB000])[F4 F8 BC E5 ]0x000025E0:	LDR	PC, [IP, #0X8F4]!	;(IP=0xCBC0A5E0 )
(       libmtguard.so[0xCBBCB000])[00 E0       ]0x00003E3C:	B	#0XCBBCEE40
(       libmtguard.so[0xCBBCB000])[20 46       ]0x00003E40:	MOV	R0, R4	;(R4=0x30043FC8 )
(       libmtguard.so[0xCBBCB000])[B0 BD       ]0x00003E42:	POP	{R4, R5, R7, PC}	;(SP=0x100FFF98 )
(       libmtguard.so[0xCBBCB000])[04 46       ]0x00003894:	MOV	R4, R0	;(R0=0x30043FC8 )
(       libmtguard.so[0xCBBCB000])[94 B1       ]0x00003896:	CBZ	R4, #0XCBBCE8BE	;(R4=0x30043FC8 )
(       libmtguard.so[0xCBBCB000])[0B 20       ]0x00003898:	MOVS	R0, #0XB
(       libmtguard.so[0xCBBCB000])[C4 E9 00 66 ]0x0000389A:	STRD	R6, R6, [R4]	;(R6=0x00000000 R4=0x30043FC8 )
(       libmtguard.so[0xCBBCB000])[C4 E9 02 05 ]0x0000389E:	STRD	R0, R5, [R4, #8]	;(R0=0x0000000B R5=0xCBBCFE51 R4=0x30043FC8 )
(       libmtguard.so[0xCBBCB000])[04 20       ]0x000038A2:	MOVS	R0, #4
(       libmtguard.so[0xCBBCB000])[0B 21       ]0x000038A4:	MOVS	R1, #0XB
(       libmtguard.so[0xCBBCB000])[00 22       ]0x000038A6:	MOVS	R2, #0
(       libmtguard.so[0xCBBCB000])[00 23       ]0x000038A8:	MOVS	R3, #0
(       libmtguard.so[0xCBBCB000])[00 F0 B9 FA ]0x000038AA:	BL	#0XCBBCEE20	;(PC=0xCBBCE8AA )
(       libmtguard.so[0xCBBCB000])[B0 B5       ]0x00003E20:	PUSH	{R4, R5, R7, LR}	;(SP=0x100FFFA8 R4=0x30043FC8 R5=0xCBBCFE51 R7=0x100FFFB8 LR=0xCBBCE8AF )
(       libmtguard.so[0xCBBCB000])[02 AF       ]0x00003E22:	ADD	R7, SP, #8	;(SP=0x100FFF98 )
(       libmtguard.so[0xCBBCB000])[01 FB 00 F5 ]0x00003E24:	MUL	R5, R1, R0	;(R1=0x0000000B R0=0x00000004 )
(       libmtguard.so[0xCBBCB000])[4D B1       ]0x00003E28:	CBZ	R5, #0XCBBCEE3E	;(R5=0x0000002C )
(       libmtguard.so[0xCBBCB000])[28 46       ]0x00003E2A:	MOV	R0, R5	;(R5=0x0000002C )
(       libmtguard.so[0xCBBCB000])[FE F7 C8 EB ]0x00003E2C:	BLX	#0XCBBCD5C0	;(PC=0xCBBCEE2C )
(       libmtguard.so[0xCBBCB000])[00 C6 8F E2 ]0x000025C0:	ADD	IP, PC, #0, #12	;(PC=0xCBBCD5C0 )
(       libmtguard.so[0xCBBCB000])[3D CA 8C E2 ]0x000025C4:	ADD	IP, IP, #0X3D000	;(IP=0xCBBCD5C8 )
(       libmtguard.so[0xCBBCB000])[04 F9 BC E5 ]0x000025C8:	LDR	PC, [IP, #0X904]!	;(IP=0xCBC0A5C8 )
(       libmtguard.so[0xCBBCB000])[04 46       ]0x00003E30:	MOV	R4, R0	;(R0=0x30045038 )
(       libmtguard.so[0xCBBCB000])[24 B1       ]0x00003E32:	CBZ	R4, #0XCBBCEE3E	;(R4=0x30045038 )
(       libmtguard.so[0xCBBCB000])[20 46       ]0x00003E34:	MOV	R0, R4	;(R4=0x30045038 )
(       libmtguard.so[0xCBBCB000])[29 46       ]0x00003E36:	MOV	R1, R5	;(R5=0x0000002C )
(       libmtguard.so[0xCBBCB000])[FE F7 CE EB ]0x00003E38:	BLX	#0XCBBCD5D8	;(PC=0xCBBCEE38 )
(       libmtguard.so[0xCBBCB000])[00 C6 8F E2 ]0x000025D8:	ADD	IP, PC, #0, #12	;(PC=0xCBBCD5D8 )
(       libmtguard.so[0xCBBCB000])[3D CA 8C E2 ]0x000025DC:	ADD	IP, IP, #0X3D000	;(IP=0xCBBCD5E0 )
(       libmtguard.so[0xCBBCB000])[F4 F8 BC E5 ]0x000025E0:	LDR	PC, [IP, #0X8F4]!	;(IP=0xCBC0A5E0 )
(       libmtguard.so[0xCBBCB000])[00 E0       ]0x00003E3C:	B	#0XCBBCEE40
(       libmtguard.so[0xCBBCB000])[20 46       ]0x00003E40:	MOV	R0, R4	;(R4=0x30045038 )
(       libmtguard.so[0xCBBCB000])[B0 BD       ]0x00003E42:	POP	{R4, R5, R7, PC}	;(SP=0x100FFF98 )
(       libmtguard.so[0xCBBCB000])[00 28       ]0x000038AE:	CMP	R0, #0	;(R0=0x30045038 )
(       libmtguard.so[0xCBBCB000])[20 60       ]0x000038B0:	STR	R0, [R4]	;(R0=0x30045038 R4=0x30043FC8 )
(       libmtguard.so[0xCBBCB000])[05 D1       ]0x000038B2:	BNE	#0XCBBCE8C0
(       libmtguard.so[0xCBBCB000])[20 46       ]0x000038C0:	MOV	R0, R4	;(R4=0x30043FC8 )
(       libmtguard.so[0xCBBCB000])[5D F8 04 BB ]0x000038C2:	LDR	FP, [SP], #4	;(SP=0x100FFFA8 )
(       libmtguard.so[0xCBBCB000])[F0 BD       ]0x000038C6:	POP	{R4, R5, R6, R7, PC}	;(SP=0x100FFFAC )
(       libmtguard.so[0xCBBCB000])[01 36       ]0x0000CE08:	ADDS	R6, #1	;(R6=0x00000070 )
(       libmtguard.so[0xCBBCB000])[60 60       ]0x0000CE0A:	STR	R0, [R4, #4]	;(R0=0x30043FC8 R4=0xCBC0D414 )
(       libmtguard.so[0xCBBCB000])[B6 F5 7C 7F ]0x0000CE0C:	CMP.W	R6, #0X3F0	;(R6=0x00000071 )
(       libmtguard.so[0xCBBCB000])[F3 D1       ]0x0000CE10:	BNE	#0XCBBD7DFA
(       libmtguard.so[0xCBBCB000])[48 46       ]0x0000CDFA:	MOV	R0, SB	;(SB=0xCBBCFE51 )
(       libmtguard.so[0xCBBCB000])[45 F8 36 80 ]0x0000CDFC:	STR.W	R8, [R5, R6, LSL #3]	;(R8=0xFFFFFFFF R5=0xCBC0D094 R6=0x00000071 )
(       libmtguard.so[0xCBBCB000])[05 EB C6 04 ]0x0000CE00:	ADD.W	R4, R5, R6, LSL #3	;(R5=0xCBC0D094 R6=0x00000071 )
(       libmtguard.so[0xCBBCB000])[F6 F7 3A FD ]0x0000CE04:	BL	#0XCBBCE87C	;(PC=0xCBBD7E04 )
(       libmtguard.so[0xCBBCB000])[F0 B5       ]0x0000387C:	PUSH	{R4, R5, R6, R7, LR}	;(SP=0x100FFFC0 R4=0xCBC0D41C R5=0xCBC0D094 R6=0x00000071 R7=0x100FFFE0 LR=0xCBBD7E09 )
(       libmtguard.so[0xCBBCB000])[03 AF       ]0x0000387E:	ADD	R7, SP, #0XC	;(SP=0x100FFFAC )
(       libmtguard.so[0xCBBCB000])[4D F8 04 BD ]0x00003880:	STR	FP, [SP, #-0X4]!	;(FP=0xCBC0B1C4 SP=0x100FFFAC )
(       libmtguard.so[0xCBBCB000])[05 46       ]0x00003884:	MOV	R5, R0	;(R0=0xCBBCFE51 )
(       libmtguard.so[0xCBBCB000])[01 20       ]0x00003886:	MOVS	R0, #1
(       libmtguard.so[0xCBBCB000])[10 21       ]0x00003888:	MOVS	R1, #0X10
(       libmtguard.so[0xCBBCB000])[00 22       ]0x0000388A:	MOVS	R2, #0
(       libmtguard.so[0xCBBCB000])[00 23       ]0x0000388C:	MOVS	R3, #0
(       libmtguard.so[0xCBBCB000])[00 26       ]0x0000388E:	MOVS	R6, #0
(       libmtguard.so[0xCBBCB000])[00 F0 C6 FA ]0x00003890:	BL	#0XCBBCEE20	;(PC=0xCBBCE890 )
(       libmtguard.so[0xCBBCB000])[B0 B5       ]0x00003E20:	PUSH	{R4, R5, R7, LR}	;(SP=0x100FFFA8 R4=0xCBC0D41C R5=0xCBBCFE51 R7=0x100FFFB8 LR=0xCBBCE895 )
(       libmtguard.so[0xCBBCB000])[02 AF       ]0x00003E22:	ADD	R7, SP, #8	;(SP=0x100FFF98 )
(       libmtguard.so[0xCBBCB000])[01 FB 00 F5 ]0x00003E24:	MUL	R5, R1, R0	;(R1=0x00000010 R0=0x00000001 )
(       libmtguard.so[0xCBBCB000])[4D B1       ]0x00003E28:	CBZ	R5, #0XCBBCEE3E	;(R5=0x00000010 )
(       libmtguard.so[0xCBBCB000])[28 46       ]0x00003E2A:	MOV	R0, R5	;(R5=0x00000010 )
(       libmtguard.so[0xCBBCB000])[FE F7 C8 EB ]0x00003E2C:	BLX	#0XCBBCD5C0	;(PC=0xCBBCEE2C )
(       libmtguard.so[0xCBBCB000])[00 C6 8F E2 ]0x000025C0:	ADD	IP, PC, #0, #12	;(PC=0xCBBCD5C0 )
(       libmtguard.so[0xCBBCB000])[3D CA 8C E2 ]0x000025C4:	ADD	IP, IP, #0X3D000	;(IP=0xCBBCD5C8 )
(       libmtguard.so[0xCBBCB000])[04 F9 BC E5 ]0x000025C8:	LDR	PC, [IP, #0X904]!	;(IP=0xCBC0A5C8 )
(       libmtguard.so[0xCBBCB000])[04 46       ]0x00003E30:	MOV	R4, R0	;(R0=0x30045068 )
(       libmtguard.so[0xCBBCB000])[24 B1       ]0x00003E32:	CBZ	R4, #0XCBBCEE3E	;(R4=0x30045068 )
(       libmtguard.so[0xCBBCB000])[20 46       ]0x00003E34:	MOV	R0, R4	;(R4=0x30045068 )
(       libmtguard.so[0xCBBCB000])[29 46       ]0x00003E36:	MOV	R1, R5	;(R5=0x00000010 )
(       libmtguard.so[0xCBBCB000])[FE F7 CE EB ]0x00003E38:	BLX	#0XCBBCD5D8	;(PC=0xCBBCEE38 )
(       libmtguard.so[0xCBBCB000])[00 C6 8F E2 ]0x000025D8:	ADD	IP, PC, #0, #12	;(PC=0xCBBCD5D8 )
(       libmtguard.so[0xCBBCB000])[3D CA 8C E2 ]0x000025DC:	ADD	IP, IP, #0X3D000	;(IP=0xCBBCD5E0 )
(       libmtguard.so[0xCBBCB000])[F4 F8 BC E5 ]0x000025E0:	LDR	PC, [IP, #0X8F4]!	;(IP=0xCBC0A5E0 )
(       libmtguard.so[0xCBBCB000])[00 E0       ]0x00003E3C:	B	#0XCBBCEE40
(       libmtguard.so[0xCBBCB000])[20 46       ]0x00003E40:	MOV	R0, R4	;(R4=0x30045068 )
(       libmtguard.so[0xCBBCB000])[B0 BD       ]0x00003E42:	POP	{R4, R5, R7, PC}	;(SP=0x100FFF98 )
(       libmtguard.so[0xCBBCB000])[04 46       ]0x00003894:	MOV	R4, R0	;(R0=0x30045068 )
(       libmtguard.so[0xCBBCB000])[94 B1       ]0x00003896:	CBZ	R4, #0XCBBCE8BE	;(R4=0x30045068 )
(       libmtguard.so[0xCBBCB000])[0B 20       ]0x00003898:	MOVS	R0, #0XB
(       libmtguard.so[0xCBBCB000])[C4 E9 00 66 ]0x0000389A:	STRD	R6, R6, [R4]	;(R6=0x00000000 R4=0x30045068 )
(       libmtguard.so[0xCBBCB000])[C4 E9 02 05 ]0x0000389E:	STRD	R0, R5, [R4, #8]	;(R0=0x0000000B R5=0xCBBCFE51 R4=0x30045068 )
(       libmtguard.so[0xCBBCB000])[04 20       ]0x000038A2:	MOVS	R0, #4
(       libmtguard.so[0xCBBCB000])[0B 21       ]0x000038A4:	MOVS	R1, #0XB
(       libmtguard.so[0xCBBCB000])[00 22       ]0x000038A6:	MOVS	R2, #0
(       libmtguard.so[0xCBBCB000])[00 23       ]0x000038A8:	MOVS	R3, #0
(       libmtguard.so[0xCBBCB000])[00 F0 B9 FA ]0x000038AA:	BL	#0XCBBCEE20	;(PC=0xCBBCE8AA )
(       libmtguard.so[0xCBBCB000])[B0 B5       ]0x00003E20:	PUSH	{R4, R5, R7, LR}	;(SP=0x100FFFA8 R4=0x30045068 R5=0xCBBCFE51 R7=0x100FFFB8 LR=0xCBBCE8AF )
(       libmtguard.so[0xCBBCB000])[02 AF       ]0x00003E22:	ADD	R7, SP, #8	;(SP=0x100FFF98 )
(       libmtguard.so[0xCBBCB000])[01 FB 00 F5 ]0x00003E24:	MUL	R5, R1, R0	;(R1=0x0000000B R0=0x00000004 )
(       libmtguard.so[0xCBBCB000])[4D B1       ]0x00003E28:	CBZ	R5, #0XCBBCEE3E	;(R5=0x0000002C )
(       libmtguard.so[0xCBBCB000])[28 46       ]0x00003E2A:	MOV	R0, R5	;(R5=0x0000002C )
(       libmtguard.so[0xCBBCB000])[FE F7 C8 EB ]0x00003E2C:	BLX	#0XCBBCD5C0	;(PC=0xCBBCEE2C )
(       libmtguard.so[0xCBBCB000])[00 C6 8F E2 ]0x000025C0:	ADD	IP, PC, #0, #12	;(PC=0xCBBCD5C0 )
(       libmtguard.so[0xCBBCB000])[3D CA 8C E2 ]0x000025C4:	ADD	IP, IP, #0X3D000	;(IP=0xCBBCD5C8 )
(       libmtguard.so[0xCBBCB000])[04 F9 BC E5 ]0x000025C8:	LDR	PC, [IP, #0X904]!	;(IP=0xCBC0A5C8 )
(       libmtguard.so[0xCBBCB000])[04 46       ]0x00003E30:	MOV	R4, R0	;(R0=0x30045080 )
(       libmtguard.so[0xCBBCB000])[24 B1       ]0x00003E32:	CBZ	R4, #0XCBBCEE3E	;(R4=0x30045080 )
(       libmtguard.so[0xCBBCB000])[20 46       ]0x00003E34:	MOV	R0, R4	;(R4=0x30045080 )
(       libmtguard.so[0xCBBCB000])[29 46       ]0x00003E36:	MOV	R1, R5	;(R5=0x0000002C )
(       libmtguard.so[0xCBBCB000])[FE F7 CE EB ]0x00003E38:	BLX	#0XCBBCD5D8	;(PC=0xCBBCEE38 )
(       libmtguard.so[0xCBBCB000])[00 C6 8F E2 ]0x000025D8:	ADD	IP, PC, #0, #12	;(PC=0xCBBCD5D8 )
(       libmtguard.so[0xCBBCB000])[3D CA 8C E2 ]0x000025DC:	ADD	IP, IP, #0X3D000	;(IP=0xCBBCD5E0 )
(       libmtguard.so[0xCBBCB000])[F4 F8 BC E5 ]0x000025E0:	LDR	PC, [IP, #0X8F4]!	;(IP=0xCBC0A5E0 )
(       libmtguard.so[0xCBBCB000])[00 E0       ]0x00003E3C:	B	#0XCBBCEE40
(       libmtguard.so[0xCBBCB000])[20 46       ]0x00003E40:	MOV	R0, R4	;(R4=0x30045080 )
(       libmtguard.so[0xCBBCB000])[B0 BD       ]0x00003E42:	POP	{R4, R5, R7, PC}	;(SP=0x100FFF98 )
(       libmtguard.so[0xCBBCB000])[00 28       ]0x000038AE:	CMP	R0, #0	;(R0=0x30045080 )
(       libmtguard.so[0xCBBCB000])[20 60       ]0x000038B0:	STR	R0, [R4]	;(R0=0x30045080 R4=0x30045068 )
(       libmtguard.so[0xCBBCB000])[05 D1       ]0x000038B2:	BNE	#0XCBBCE8C0
(       libmtguard.so[0xCBBCB000])[20 46       ]0x000038C0:	MOV	R0, R4	;(R4=0x30045068 )
(       libmtguard.so[0xCBBCB000])[5D F8 04 BB ]0x000038C2:	LDR	FP, [SP], #4	;(SP=0x100FFFA8 )
(       libmtguard.so[0xCBBCB000])[F0 BD       ]0x000038C6:	POP	{R4, R5, R6, R7, PC}	;(SP=0x100FFFAC )
(       libmtguard.so[0xCBBCB000])[01 36       ]0x0000CE08:	ADDS	R6, #1	;(R6=0x00000071 )
(       libmtguard.so[0xCBBCB000])[60 60       ]0x0000CE0A:	STR	R0, [R4, #4]	;(R0=0x30045068 R4=0xCBC0D41C )
(       libmtguard.so[0xCBBCB000])[B6 F5 7C 7F ]0x0000CE0C:	CMP.W	R6, #0X3F0	;(R6=0x00000072 )
(       libmtguard.so[0xCBBCB000])[F3 D1       ]0x0000CE10:	BNE	#0XCBBD7DFA
(       libmtguard.so[0xCBBCB000])[48 46       ]0x0000CDFA:	MOV	R0, SB	;(SB=0xCBBCFE51 )
(       libmtguard.so[0xCBBCB000])[45 F8 36 80 ]0x0000CDFC:	STR.W	R8, [R5, R6, LSL #3]	;(R8=0xFFFFFFFF R5=0xCBC0D094 R6=0x00000072 )
(       libmtguard.so[0xCBBCB000])[05 EB C6 04 ]0x0000CE00:	ADD.W	R4, R5, R6, LSL #3	;(R5=0xCBC0D094 R6=0x00000072 )
(       libmtguard.so[0xCBBCB000])[F6 F7 3A FD ]0x0000CE04:	BL	#0XCBBCE87C	;(PC=0xCBBD7E04 )
(       libmtguard.so[0xCBBCB000])[F0 B5       ]0x0000387C:	PUSH	{R4, R5, R6, R7, LR}	;(SP=0x100FFFC0 R4=0xCBC0D424 R5=0xCBC0D094 R6=0x00000072 R7=0x100FFFE0 LR=0xCBBD7E09 )
(       libmtguard.so[0xCBBCB000])[03 AF       ]0x0000387E:	ADD	R7, SP, #0XC	;(SP=0x100FFFAC )
(       libmtguard.so[0xCBBCB000])[4D F8 04 BD ]0x00003880:	STR	FP, [SP, #-0X4]!	;(FP=0xCBC0B1C4 SP=0x100FFFAC )
(       libmtguard.so[0xCBBCB000])[05 46       ]0x00003884:	MOV	R5, R0	;(R0=0xCBBCFE51 )
(       libmtguard.so[0xCBBCB000])[01 20       ]0x00003886:	MOVS	R0, #1
(       libmtguard.so[0xCBBCB000])[10 21       ]0x00003888:	MOVS	R1, #0X10
(       libmtguard.so[0xCBBCB000])[00 22       ]0x0000388A:	MOVS	R2, #0
(       libmtguard.so[0xCBBCB000])[00 23       ]0x0000388C:	MOVS	R3, #0
(       libmtguard.so[0xCBBCB000])[00 26       ]0x0000388E:	MOVS	R6, #0
(       libmtguard.so[0xCBBCB000])[00 F0 C6 FA ]0x00003890:	BL	#0XCBBCEE20	;(PC=0xCBBCE890 )
(       libmtguard.so[0xCBBCB000])[B0 B5       ]0x00003E20:	PUSH	{R4, R5, R7, LR}	;(SP=0x100FFFA8 R4=0xCBC0D424 R5=0xCBBCFE51 R7=0x100FFFB8 LR=0xCBBCE895 )
(       libmtguard.so[0xCBBCB000])[02 AF       ]0x00003E22:	ADD	R7, SP, #8	;(SP=0x100FFF98 )
(       libmtguard.so[0xCBBCB000])[01 FB 00 F5 ]0x00003E24:	MUL	R5, R1, R0	;(R1=0x00000010 R0=0x00000001 )
(       libmtguard.so[0xCBBCB000])[4D B1       ]0x00003E28:	CBZ	R5, #0XCBBCEE3E	;(R5=0x00000010 )
(       libmtguard.so[0xCBBCB000])[28 46       ]0x00003E2A:	MOV	R0, R5	;(R5=0x00000010 )
(       libmtguard.so[0xCBBCB000])[FE F7 C8 EB ]0x00003E2C:	BLX	#0XCBBCD5C0	;(PC=0xCBBCEE2C )
(       libmtguard.so[0xCBBCB000])[00 C6 8F E2 ]0x000025C0:	ADD	IP, PC, #0, #12	;(PC=0xCBBCD5C0 )
(       libmtguard.so[0xCBBCB000])[3D CA 8C E2 ]0x000025C4:	ADD	IP, IP, #0X3D000	;(IP=0xCBBCD5C8 )
(       libmtguard.so[0xCBBCB000])[04 F9 BC E5 ]0x000025C8:	LDR	PC, [IP, #0X904]!	;(IP=0xCBC0A5C8 )
(       libmtguard.so[0xCBBCB000])[04 46       ]0x00003E30:	MOV	R4, R0	;(R0=0x300450B0 )
(       libmtguard.so[0xCBBCB000])[24 B1       ]0x00003E32:	CBZ	R4, #0XCBBCEE3E	;(R4=0x300450B0 )
(       libmtguard.so[0xCBBCB000])[20 46       ]0x00003E34:	MOV	R0, R4	;(R4=0x300450B0 )
(       libmtguard.so[0xCBBCB000])[29 46       ]0x00003E36:	MOV	R1, R5	;(R5=0x00000010 )
(       libmtguard.so[0xCBBCB000])[FE F7 CE EB ]0x00003E38:	BLX	#0XCBBCD5D8	;(PC=0xCBBCEE38 )
(       libmtguard.so[0xCBBCB000])[00 C6 8F E2 ]0x000025D8:	ADD	IP, PC, #0, #12	;(PC=0xCBBCD5D8 )
(       libmtguard.so[0xCBBCB000])[3D CA 8C E2 ]0x000025DC:	ADD	IP, IP, #0X3D000	;(IP=0xCBBCD5E0 )
(       libmtguard.so[0xCBBCB000])[F4 F8 BC E5 ]0x000025E0:	LDR	PC, [IP, #0X8F4]!	;(IP=0xCBC0A5E0 )
(       libmtguard.so[0xCBBCB000])[00 E0       ]0x00003E3C:	B	#0XCBBCEE40
(       libmtguard.so[0xCBBCB000])[20 46       ]0x00003E40:	MOV	R0, R4	;(R4=0x300450B0 )
(       libmtguard.so[0xCBBCB000])[B0 BD       ]0x00003E42:	POP	{R4, R5, R7, PC}	;(SP=0x100FFF98 )
(       libmtguard.so[0xCBBCB000])[04 46       ]0x00003894:	MOV	R4, R0	;(R0=0x300450B0 )
(       libmtguard.so[0xCBBCB000])[94 B1       ]0x00003896:	CBZ	R4, #0XCBBCE8BE	;(R4=0x300450B0 )
(       libmtguard.so[0xCBBCB000])[0B 20       ]0x00003898:	MOVS	R0, #0XB
(       libmtguard.so[0xCBBCB000])[C4 E9 00 66 ]0x0000389A:	STRD	R6, R6, [R4]	;(R6=0x00000000 R4=0x300450B0 )
(       libmtguard.so[0xCBBCB000])[C4 E9 02 05 ]0x0000389E:	STRD	R0, R5, [R4, #8]	;(R0=0x0000000B R5=0xCBBCFE51 R4=0x300450B0 )
(       libmtguard.so[0xCBBCB000])[04 20       ]0x000038A2:	MOVS	R0, #4
(       libmtguard.so[0xCBBCB000])[0B 21       ]0x000038A4:	MOVS	R1, #0XB
(       libmtguard.so[0xCBBCB000])[00 22       ]0x000038A6:	MOVS	R2, #0
(       libmtguard.so[0xCBBCB000])[00 23       ]0x000038A8:	MOVS	R3, #0
(       libmtguard.so[0xCBBCB000])[00 F0 B9 FA ]0x000038AA:	BL	#0XCBBCEE20	;(PC=0xCBBCE8AA )
(       libmtguard.so[0xCBBCB000])[B0 B5       ]0x00003E20:	PUSH	{R4, R5, R7, LR}	;(SP=0x100FFFA8 R4=0x300450B0 R5=0xCBBCFE51 R7=0x100FFFB8 LR=0xCBBCE8AF )
(       libmtguard.so[0xCBBCB000])[02 AF       ]0x00003E22:	ADD	R7, SP, #8	;(SP=0x100FFF98 )
(       libmtguard.so[0xCBBCB000])[01 FB 00 F5 ]0x00003E24:	MUL	R5, R1, R0	;(R1=0x0000000B R0=0x00000004 )
(       libmtguard.so[0xCBBCB000])[4D B1       ]0x00003E28:	CBZ	R5, #0XCBBCEE3E	;(R5=0x0000002C )
(       libmtguard.so[0xCBBCB000])[28 46       ]0x00003E2A:	MOV	R0, R5	;(R5=0x0000002C )
(       libmtguard.so[0xCBBCB000])[FE F7 C8 EB ]0x00003E2C:	BLX	#0XCBBCD5C0	;(PC=0xCBBCEE2C )
(       libmtguard.so[0xCBBCB000])[00 C6 8F E2 ]0x000025C0:	ADD	IP, PC, #0, #12	;(PC=0xCBBCD5C0 )
(       libmtguard.so[0xCBBCB000])[3D CA 8C E2 ]0x000025C4:	ADD	IP, IP, #0X3D000	;(IP=0xCBBCD5C8 )
(       libmtguard.so[0xCBBCB000])[04 F9 BC E5 ]0x000025C8:	LDR	PC, [IP, #0X904]!	;(IP=0xCBC0A5C8 )
(       libmtguard.so[0xCBBCB000])[04 46       ]0x00003E30:	MOV	R4, R0	;(R0=0x300450C8 )
(       libmtguard.so[0xCBBCB000])[24 B1       ]0x00003E32:	CBZ	R4, #0XCBBCEE3E	;(R4=0x300450C8 )
(       libmtguard.so[0xCBBCB000])[20 46       ]0x00003E34:	MOV	R0, R4	;(R4=0x300450C8 )
(       libmtguard.so[0xCBBCB000])[29 46       ]0x00003E36:	MOV	R1, R5	;(R5=0x0000002C )
(       libmtguard.so[0xCBBCB000])[FE F7 CE EB ]0x00003E38:	BLX	#0XCBBCD5D8	;(PC=0xCBBCEE38 )
(       libmtguard.so[0xCBBCB000])[00 C6 8F E2 ]0x000025D8:	ADD	IP, PC, #0, #12	;(PC=0xCBBCD5D8 )
(       libmtguard.so[0xCBBCB000])[3D CA 8C E2 ]0x000025DC:	ADD	IP, IP, #0X3D000	;(IP=0xCBBCD5E0 )
(       libmtguard.so[0xCBBCB000])[F4 F8 BC E5 ]0x000025E0:	LDR	PC, [IP, #0X8F4]!	;(IP=0xCBC0A5E0 )
(       libmtguard.so[0xCBBCB000])[00 E0       ]0x00003E3C:	B	#0XCBBCEE40
(       libmtguard.so[0xCBBCB000])[20 46       ]0x00003E40:	MOV	R0, R4	;(R4=0x300450C8 )
(       libmtguard.so[0xCBBCB000])[B0 BD       ]0x00003E42:	POP	{R4, R5, R7, PC}	;(SP=0x100FFF98 )
(       libmtguard.so[0xCBBCB000])[00 28       ]0x000038AE:	CMP	R0, #0	;(R0=0x300450C8 )
(       libmtguard.so[0xCBBCB000])[20 60       ]0x000038B0:	STR	R0, [R4]	;(R0=0x300450C8 R4=0x300450B0 )
(       libmtguard.so[0xCBBCB000])[05 D1       ]0x000038B2:	BNE	#0XCBBCE8C0
(       libmtguard.so[0xCBBCB000])[20 46       ]0x000038C0:	MOV	R0, R4	;(R4=0x300450B0 )
(       libmtguard.so[0xCBBCB000])[5D F8 04 BB ]0x000038C2:	LDR	FP, [SP], #4	;(SP=0x100FFFA8 )
(       libmtguard.so[0xCBBCB000])[F0 BD       ]0x000038C6:	POP	{R4, R5, R6, R7, PC}	;(SP=0x100FFFAC )
(       libmtguard.so[0xCBBCB000])[01 36       ]0x0000CE08:	ADDS	R6, #1	;(R6=0x00000072 )
(       libmtguard.so[0xCBBCB000])[60 60       ]0x0000CE0A:	STR	R0, [R4, #4]	;(R0=0x300450B0 R4=0xCBC0D424 )
(       libmtguard.so[0xCBBCB000])[B6 F5 7C 7F ]0x0000CE0C:	CMP.W	R6, #0X3F0	;(R6=0x00000073 )
(       libmtguard.so[0xCBBCB000])[F3 D1       ]0x0000CE10:	BNE	#0XCBBD7DFA
(       libmtguard.so[0xCBBCB000])[48 46       ]0x0000CDFA:	MOV	R0, SB	;(SB=0xCBBCFE51 )
(       libmtguard.so[0xCBBCB000])[45 F8 36 80 ]0x0000CDFC:	STR.W	R8, [R5, R6, LSL #3]	;(R8=0xFFFFFFFF R5=0xCBC0D094 R6=0x00000073 )
(       libmtguard.so[0xCBBCB000])[05 EB C6 04 ]0x0000CE00:	ADD.W	R4, R5, R6, LSL #3	;(R5=0xCBC0D094 R6=0x00000073 )
(       libmtguard.so[0xCBBCB000])[F6 F7 3A FD ]0x0000CE04:	BL	#0XCBBCE87C	;(PC=0xCBBD7E04 )
(       libmtguard.so[0xCBBCB000])[F0 B5       ]0x0000387C:	PUSH	{R4, R5, R6, R7, LR}	;(SP=0x100FFFC0 R4=0xCBC0D42C R5=0xCBC0D094 R6=0x00000073 R7=0x100FFFE0 LR=0xCBBD7E09 )
(       libmtguard.so[0xCBBCB000])[03 AF       ]0x0000387E:	ADD	R7, SP, #0XC	;(SP=0x100FFFAC )
(       libmtguard.so[0xCBBCB000])[4D F8 04 BD ]0x00003880:	STR	FP, [SP, #-0X4]!	;(FP=0xCBC0B1C4 SP=0x100FFFAC )
(       libmtguard.so[0xCBBCB000])[05 46       ]0x00003884:	MOV	R5, R0	;(R0=0xCBBCFE51 )
(       libmtguard.so[0xCBBCB000])[01 20       ]0x00003886:	MOVS	R0, #1
(       libmtguard.so[0xCBBCB000])[10 21       ]0x00003888:	MOVS	R1, #0X10
(       libmtguard.so[0xCBBCB000])[00 22       ]0x0000388A:	MOVS	R2, #0
(       libmtguard.so[0xCBBCB000])[00 23       ]0x0000388C:	MOVS	R3, #0
(       libmtguard.so[0xCBBCB000])[00 26       ]0x0000388E:	MOVS	R6, #0
(       libmtguard.so[0xCBBCB000])[00 F0 C6 FA ]0x00003890:	BL	#0XCBBCEE20	;(PC=0xCBBCE890 )
(       libmtguard.so[0xCBBCB000])[B0 B5       ]0x00003E20:	PUSH	{R4, R5, R7, LR}	;(SP=0x100FFFA8 R4=0xCBC0D42C R5=0xCBBCFE51 R7=0x100FFFB8 LR=0xCBBCE895 )
(       libmtguard.so[0xCBBCB000])[02 AF       ]0x00003E22:	ADD	R7, SP, #8	;(SP=0x100FFF98 )
(       libmtguard.so[0xCBBCB000])[01 FB 00 F5 ]0x00003E24:	MUL	R5, R1, R0	;(R1=0x00000010 R0=0x00000001 )
(       libmtguard.so[0xCBBCB000])[4D B1       ]0x00003E28:	CBZ	R5, #0XCBBCEE3E	;(R5=0x00000010 )
(       libmtguard.so[0xCBBCB000])[28 46       ]0x00003E2A:	MOV	R0, R5	;(R5=0x00000010 )
(       libmtguard.so[0xCBBCB000])[FE F7 C8 EB ]0x00003E2C:	BLX	#0XCBBCD5C0	;(PC=0xCBBCEE2C )
(       libmtguard.so[0xCBBCB000])[00 C6 8F E2 ]0x000025C0:	ADD	IP, PC, #0, #12	;(PC=0xCBBCD5C0 )
(       libmtguard.so[0xCBBCB000])[3D CA 8C E2 ]0x000025C4:	ADD	IP, IP, #0X3D000	;(IP=0xCBBCD5C8 )
(       libmtguard.so[0xCBBCB000])[04 F9 BC E5 ]0x000025C8:	LDR	PC, [IP, #0X904]!	;(IP=0xCBC0A5C8 )
(       libmtguard.so[0xCBBCB000])[04 46       ]0x00003E30:	MOV	R4, R0	;(R0=0x300450F8 )
(       libmtguard.so[0xCBBCB000])[24 B1       ]0x00003E32:	CBZ	R4, #0XCBBCEE3E	;(R4=0x300450F8 )
(       libmtguard.so[0xCBBCB000])[20 46       ]0x00003E34:	MOV	R0, R4	;(R4=0x300450F8 )
(       libmtguard.so[0xCBBCB000])[29 46       ]0x00003E36:	MOV	R1, R5	;(R5=0x00000010 )
(       libmtguard.so[0xCBBCB000])[FE F7 CE EB ]0x00003E38:	BLX	#0XCBBCD5D8	;(PC=0xCBBCEE38 )
(       libmtguard.so[0xCBBCB000])[00 C6 8F E2 ]0x000025D8:	ADD	IP, PC, #0, #12	;(PC=0xCBBCD5D8 )
(       libmtguard.so[0xCBBCB000])[3D CA 8C E2 ]0x000025DC:	ADD	IP, IP, #0X3D000	;(IP=0xCBBCD5E0 )
(       libmtguard.so[0xCBBCB000])[F4 F8 BC E5 ]0x000025E0:	LDR	PC, [IP, #0X8F4]!	;(IP=0xCBC0A5E0 )
(       libmtguard.so[0xCBBCB000])[00 E0       ]0x00003E3C:	B	#0XCBBCEE40
(       libmtguard.so[0xCBBCB000])[20 46       ]0x00003E40:	MOV	R0, R4	;(R4=0x300450F8 )
(       libmtguard.so[0xCBBCB000])[B0 BD       ]0x00003E42:	POP	{R4, R5, R7, PC}	;(SP=0x100FFF98 )
(       libmtguard.so[0xCBBCB000])[04 46       ]0x00003894:	MOV	R4, R0	;(R0=0x300450F8 )
(       libmtguard.so[0xCBBCB000])[94 B1       ]0x00003896:	CBZ	R4, #0XCBBCE8BE	;(R4=0x300450F8 )
(       libmtguard.so[0xCBBCB000])[0B 20       ]0x00003898:	MOVS	R0, #0XB
(       libmtguard.so[0xCBBCB000])[C4 E9 00 66 ]0x0000389A:	STRD	R6, R6, [R4]	;(R6=0x00000000 R4=0x300450F8 )
(       libmtguard.so[0xCBBCB000])[C4 E9 02 05 ]0x0000389E:	STRD	R0, R5, [R4, #8]	;(R0=0x0000000B R5=0xCBBCFE51 R4=0x300450F8 )
(       libmtguard.so[0xCBBCB000])[04 20       ]0x000038A2:	MOVS	R0, #4
(       libmtguard.so[0xCBBCB000])[0B 21       ]0x000038A4:	MOVS	R1, #0XB
(       libmtguard.so[0xCBBCB000])[00 22       ]0x000038A6:	MOVS	R2, #0
(       libmtguard.so[0xCBBCB000])[00 23       ]0x000038A8:	MOVS	R3, #0
(       libmtguard.so[0xCBBCB000])[00 F0 B9 FA ]0x000038AA:	BL	#0XCBBCEE20	;(PC=0xCBBCE8AA )
(       libmtguard.so[0xCBBCB000])[B0 B5       ]0x00003E20:	PUSH	{R4, R5, R7, LR}	;(SP=0x100FFFA8 R4=0x300450F8 R5=0xCBBCFE51 R7=0x100FFFB8 LR=0xCBBCE8AF )
(       libmtguard.so[0xCBBCB000])[02 AF       ]0x00003E22:	ADD	R7, SP, #8	;(SP=0x100FFF98 )
(       libmtguard.so[0xCBBCB000])[01 FB 00 F5 ]0x00003E24:	MUL	R5, R1, R0	;(R1=0x0000000B R0=0x00000004 )
(       libmtguard.so[0xCBBCB000])[4D B1       ]0x00003E28:	CBZ	R5, #0XCBBCEE3E	;(R5=0x0000002C )
(       libmtguard.so[0xCBBCB000])[28 46       ]0x00003E2A:	MOV	R0, R5	;(R5=0x0000002C )
(       libmtguard.so[0xCBBCB000])[FE F7 C8 EB ]0x00003E2C:	BLX	#0XCBBCD5C0	;(PC=0xCBBCEE2C )
(       libmtguard.so[0xCBBCB000])[00 C6 8F E2 ]0x000025C0:	ADD	IP, PC, #0, #12	;(PC=0xCBBCD5C0 )
(       libmtguard.so[0xCBBCB000])[3D CA 8C E2 ]0x000025C4:	ADD	IP, IP, #0X3D000	;(IP=0xCBBCD5C8 )
(       libmtguard.so[0xCBBCB000])[04 F9 BC E5 ]0x000025C8:	LDR	PC, [IP, #0X904]!	;(IP=0xCBC0A5C8 )
(       libmtguard.so[0xCBBCB000])[04 46       ]0x00003E30:	MOV	R4, R0	;(R0=0x30045110 )
(       libmtguard.so[0xCBBCB000])[24 B1       ]0x00003E32:	CBZ	R4, #0XCBBCEE3E	;(R4=0x30045110 )
(       libmtguard.so[0xCBBCB000])[20 46       ]0x00003E34:	MOV	R0, R4	;(R4=0x30045110 )
(       libmtguard.so[0xCBBCB000])[29 46       ]0x00003E36:	MOV	R1, R5	;(R5=0x0000002C )
(       libmtguard.so[0xCBBCB000])[FE F7 CE EB ]0x00003E38:	BLX	#0XCBBCD5D8	;(PC=0xCBBCEE38 )
(       libmtguard.so[0xCBBCB000])[00 C6 8F E2 ]0x000025D8:	ADD	IP, PC, #0, #12	;(PC=0xCBBCD5D8 )
(       libmtguard.so[0xCBBCB000])[3D CA 8C E2 ]0x000025DC:	ADD	IP, IP, #0X3D000	;(IP=0xCBBCD5E0 )
(       libmtguard.so[0xCBBCB000])[F4 F8 BC E5 ]0x000025E0:	LDR	PC, [IP, #0X8F4]!	;(IP=0xCBC0A5E0 )
(       libmtguard.so[0xCBBCB000])[00 E0       ]0x00003E3C:	B	#0XCBBCEE40
(       libmtguard.so[0xCBBCB000])[20 46       ]0x00003E40:	MOV	R0, R4	;(R4=0x30045110 )
(       libmtguard.so[0xCBBCB000])[B0 BD       ]0x00003E42:	POP	{R4, R5, R7, PC}	;(SP=0x100FFF98 )
(       libmtguard.so[0xCBBCB000])[00 28       ]0x000038AE:	CMP	R0, #0	;(R0=0x30045110 )
(       libmtguard.so[0xCBBCB000])[20 60       ]0x000038B0:	STR	R0, [R4]	;(R0=0x30045110 R4=0x300450F8 )
(       libmtguard.so[0xCBBCB000])[05 D1       ]0x000038B2:	BNE	#0XCBBCE8C0
(       libmtguard.so[0xCBBCB000])[20 46       ]0x000038C0:	MOV	R0, R4	;(R4=0x300450F8 )
(       libmtguard.so[0xCBBCB000])[5D F8 04 BB ]0x000038C2:	LDR	FP, [SP], #4	;(SP=0x100FFFA8 )
(       libmtguard.so[0xCBBCB000])[F0 BD       ]0x000038C6:	POP	{R4, R5, R6, R7, PC}	;(SP=0x100FFFAC )
(       libmtguard.so[0xCBBCB000])[01 36       ]0x0000CE08:	ADDS	R6, #1	;(R6=0x00000073 )
(       libmtguard.so[0xCBBCB000])[60 60       ]0x0000CE0A:	STR	R0, [R4, #4]	;(R0=0x300450F8 R4=0xCBC0D42C )
(       libmtguard.so[0xCBBCB000])[B6 F5 7C 7F ]0x0000CE0C:	CMP.W	R6, #0X3F0	;(R6=0x00000074 )
(       libmtguard.so[0xCBBCB000])[F3 D1       ]0x0000CE10:	BNE	#0XCBBD7DFA
(       libmtguard.so[0xCBBCB000])[48 46       ]0x0000CDFA:	MOV	R0, SB	;(SB=0xCBBCFE51 )
(       libmtguard.so[0xCBBCB000])[45 F8 36 80 ]0x0000CDFC:	STR.W	R8, [R5, R6, LSL #3]	;(R8=0xFFFFFFFF R5=0xCBC0D094 R6=0x00000074 )
(       libmtguard.so[0xCBBCB000])[05 EB C6 04 ]0x0000CE00:	ADD.W	R4, R5, R6, LSL #3	;(R5=0xCBC0D094 R6=0x00000074 )
(       libmtguard.so[0xCBBCB000])[F6 F7 3A FD ]0x0000CE04:	BL	#0XCBBCE87C	;(PC=0xCBBD7E04 )
(       libmtguard.so[0xCBBCB000])[F0 B5       ]0x0000387C:	PUSH	{R4, R5, R6, R7, LR}	;(SP=0x100FFFC0 R4=0xCBC0D434 R5=0xCBC0D094 R6=0x00000074 R7=0x100FFFE0 LR=0xCBBD7E09 )
(       libmtguard.so[0xCBBCB000])[03 AF       ]0x0000387E:	ADD	R7, SP, #0XC	;(SP=0x100FFFAC )
(       libmtguard.so[0xCBBCB000])[4D F8 04 BD ]0x00003880:	STR	FP, [SP, #-0X4]!	;(FP=0xCBC0B1C4 SP=0x100FFFAC )
(       libmtguard.so[0xCBBCB000])[05 46       ]0x00003884:	MOV	R5, R0	;(R0=0xCBBCFE51 )
(       libmtguard.so[0xCBBCB000])[01 20       ]0x00003886:	MOVS	R0, #1
(       libmtguard.so[0xCBBCB000])[10 21       ]0x00003888:	MOVS	R1, #0X10
(       libmtguard.so[0xCBBCB000])[00 22       ]0x0000388A:	MOVS	R2, #0
(       libmtguard.so[0xCBBCB000])[00 23       ]0x0000388C:	MOVS	R3, #0
(       libmtguard.so[0xCBBCB000])[00 26       ]0x0000388E:	MOVS	R6, #0
(       libmtguard.so[0xCBBCB000])[00 F0 C6 FA ]0x00003890:	BL	#0XCBBCEE20	;(PC=0xCBBCE890 )
(       libmtguard.so[0xCBBCB000])[B0 B5       ]0x00003E20:	PUSH	{R4, R5, R7, LR}	;(SP=0x100FFFA8 R4=0xCBC0D434 R5=0xCBBCFE51 R7=0x100FFFB8 LR=0xCBBCE895 )
(       libmtguard.so[0xCBBCB000])[02 AF       ]0x00003E22:	ADD	R7, SP, #8	;(SP=0x100FFF98 )
(       libmtguard.so[0xCBBCB000])[01 FB 00 F5 ]0x00003E24:	MUL	R5, R1, R0	;(R1=0x00000010 R0=0x00000001 )
(       libmtguard.so[0xCBBCB000])[4D B1       ]0x00003E28:	CBZ	R5, #0XCBBCEE3E	;(R5=0x00000010 )
(       libmtguard.so[0xCBBCB000])[28 46       ]0x00003E2A:	MOV	R0, R5	;(R5=0x00000010 )
(       libmtguard.so[0xCBBCB000])[FE F7 C8 EB ]0x00003E2C:	BLX	#0XCBBCD5C0	;(PC=0xCBBCEE2C )
(       libmtguard.so[0xCBBCB000])[00 C6 8F E2 ]0x000025C0:	ADD	IP, PC, #0, #12	;(PC=0xCBBCD5C0 )
(       libmtguard.so[0xCBBCB000])[3D CA 8C E2 ]0x000025C4:	ADD	IP, IP, #0X3D000	;(IP=0xCBBCD5C8 )
(       libmtguard.so[0xCBBCB000])[04 F9 BC E5 ]0x000025C8:	LDR	PC, [IP, #0X904]!	;(IP=0xCBC0A5C8 )
(       libmtguard.so[0xCBBCB000])[04 46       ]0x00003E30:	MOV	R4, R0	;(R0=0x30045140 )
(       libmtguard.so[0xCBBCB000])[24 B1       ]0x00003E32:	CBZ	R4, #0XCBBCEE3E	;(R4=0x30045140 )
(       libmtguard.so[0xCBBCB000])[20 46       ]0x00003E34:	MOV	R0, R4	;(R4=0x30045140 )
(       libmtguard.so[0xCBBCB000])[29 46       ]0x00003E36:	MOV	R1, R5	;(R5=0x00000010 )
(       libmtguard.so[0xCBBCB000])[FE F7 CE EB ]0x00003E38:	BLX	#0XCBBCD5D8	;(PC=0xCBBCEE38 )
(       libmtguard.so[0xCBBCB000])[00 C6 8F E2 ]0x000025D8:	ADD	IP, PC, #0, #12	;(PC=0xCBBCD5D8 )
(       libmtguard.so[0xCBBCB000])[3D CA 8C E2 ]0x000025DC:	ADD	IP, IP, #0X3D000	;(IP=0xCBBCD5E0 )
(       libmtguard.so[0xCBBCB000])[F4 F8 BC E5 ]0x000025E0:	LDR	PC, [IP, #0X8F4]!	;(IP=0xCBC0A5E0 )
(       libmtguard.so[0xCBBCB000])[00 E0       ]0x00003E3C:	B	#0XCBBCEE40
(       libmtguard.so[0xCBBCB000])[20 46       ]0x00003E40:	MOV	R0, R4	;(R4=0x30045140 )
(       libmtguard.so[0xCBBCB000])[B0 BD       ]0x00003E42:	POP	{R4, R5, R7, PC}	;(SP=0x100FFF98 )
(       libmtguard.so[0xCBBCB000])[04 46       ]0x00003894:	MOV	R4, R0	;(R0=0x30045140 )
(       libmtguard.so[0xCBBCB000])[94 B1       ]0x00003896:	CBZ	R4, #0XCBBCE8BE	;(R4=0x30045140 )
(       libmtguard.so[0xCBBCB000])[0B 20       ]0x00003898:	MOVS	R0, #0XB
(       libmtguard.so[0xCBBCB000])[C4 E9 00 66 ]0x0000389A:	STRD	R6, R6, [R4]	;(R6=0x00000000 R4=0x30045140 )
(       libmtguard.so[0xCBBCB000])[C4 E9 02 05 ]0x0000389E:	STRD	R0, R5, [R4, #8]	;(R0=0x0000000B R5=0xCBBCFE51 R4=0x30045140 )
(       libmtguard.so[0xCBBCB000])[04 20       ]0x000038A2:	MOVS	R0, #4
(       libmtguard.so[0xCBBCB000])[0B 21       ]0x000038A4:	MOVS	R1, #0XB
(       libmtguard.so[0xCBBCB000])[00 22       ]0x000038A6:	MOVS	R2, #0
(       libmtguard.so[0xCBBCB000])[00 23       ]0x000038A8:	MOVS	R3, #0
(       libmtguard.so[0xCBBCB000])[00 F0 B9 FA ]0x000038AA:	BL	#0XCBBCEE20	;(PC=0xCBBCE8AA )
(       libmtguard.so[0xCBBCB000])[B0 B5       ]0x00003E20:	PUSH	{R4, R5, R7, LR}	;(SP=0x100FFFA8 R4=0x30045140 R5=0xCBBCFE51 R7=0x100FFFB8 LR=0xCBBCE8AF )
(       libmtguard.so[0xCBBCB000])[02 AF       ]0x00003E22:	ADD	R7, SP, #8	;(SP=0x100FFF98 )
(       libmtguard.so[0xCBBCB000])[01 FB 00 F5 ]0x00003E24:	MUL	R5, R1, R0	;(R1=0x0000000B R0=0x00000004 )
(       libmtguard.so[0xCBBCB000])[4D B1       ]0x00003E28:	CBZ	R5, #0XCBBCEE3E	;(R5=0x0000002C )
(       libmtguard.so[0xCBBCB000])[28 46       ]0x00003E2A:	MOV	R0, R5	;(R5=0x0000002C )
(       libmtguard.so[0xCBBCB000])[FE F7 C8 EB ]0x00003E2C:	BLX	#0XCBBCD5C0	;(PC=0xCBBCEE2C )
(       libmtguard.so[0xCBBCB000])[00 C6 8F E2 ]0x000025C0:	ADD	IP, PC, #0, #12	;(PC=0xCBBCD5C0 )
(       libmtguard.so[0xCBBCB000])[3D CA 8C E2 ]0x000025C4:	ADD	IP, IP, #0X3D000	;(IP=0xCBBCD5C8 )
(       libmtguard.so[0xCBBCB000])[04 F9 BC E5 ]0x000025C8:	LDR	PC, [IP, #0X904]!	;(IP=0xCBC0A5C8 )
(       libmtguard.so[0xCBBCB000])[04 46       ]0x00003E30:	MOV	R4, R0	;(R0=0x30045158 )
(       libmtguard.so[0xCBBCB000])[24 B1       ]0x00003E32:	CBZ	R4, #0XCBBCEE3E	;(R4=0x30045158 )
(       libmtguard.so[0xCBBCB000])[20 46       ]0x00003E34:	MOV	R0, R4	;(R4=0x30045158 )
(       libmtguard.so[0xCBBCB000])[29 46       ]0x00003E36:	MOV	R1, R5	;(R5=0x0000002C )
(       libmtguard.so[0xCBBCB000])[FE F7 CE EB ]0x00003E38:	BLX	#0XCBBCD5D8	;(PC=0xCBBCEE38 )
(       libmtguard.so[0xCBBCB000])[00 C6 8F E2 ]0x000025D8:	ADD	IP, PC, #0, #12	;(PC=0xCBBCD5D8 )
(       libmtguard.so[0xCBBCB000])[3D CA 8C E2 ]0x000025DC:	ADD	IP, IP, #0X3D000	;(IP=0xCBBCD5E0 )
(       libmtguard.so[0xCBBCB000])[F4 F8 BC E5 ]0x000025E0:	LDR	PC, [IP, #0X8F4]!	;(IP=0xCBC0A5E0 )
(       libmtguard.so[0xCBBCB000])[00 E0       ]0x00003E3C:	B	#0XCBBCEE40
(       libmtguard.so[0xCBBCB000])[20 46       ]0x00003E40:	MOV	R0, R4	;(R4=0x30045158 )
(       libmtguard.so[0xCBBCB000])[B0 BD       ]0x00003E42:	POP	{R4, R5, R7, PC}	;(SP=0x100FFF98 )
(       libmtguard.so[0xCBBCB000])[00 28       ]0x000038AE:	CMP	R0, #0	;(R0=0x30045158 )
(       libmtguard.so[0xCBBCB000])[20 60       ]0x000038B0:	STR	R0, [R4]	;(R0=0x30045158 R4=0x30045140 )
(       libmtguard.so[0xCBBCB000])[05 D1       ]0x000038B2:	BNE	#0XCBBCE8C0
(       libmtguard.so[0xCBBCB000])[20 46       ]0x000038C0:	MOV	R0, R4	;(R4=0x30045140 )
(       libmtguard.so[0xCBBCB000])[5D F8 04 BB ]0x000038C2:	LDR	FP, [SP], #4	;(SP=0x100FFFA8 )
(       libmtguard.so[0xCBBCB000])[F0 BD       ]0x000038C6:	POP	{R4, R5, R6, R7, PC}	;(SP=0x100FFFAC )
(       libmtguard.so[0xCBBCB000])[01 36       ]0x0000CE08:	ADDS	R6, #1	;(R6=0x00000074 )
(       libmtguard.so[0xCBBCB000])[60 60       ]0x0000CE0A:	STR	R0, [R4, #4]	;(R0=0x30045140 R4=0xCBC0D434 )
(       libmtguard.so[0xCBBCB000])[B6 F5 7C 7F ]0x0000CE0C:	CMP.W	R6, #0X3F0	;(R6=0x00000075 )
(       libmtguard.so[0xCBBCB000])[F3 D1       ]0x0000CE10:	BNE	#0XCBBD7DFA
(       libmtguard.so[0xCBBCB000])[48 46       ]0x0000CDFA:	MOV	R0, SB	;(SB=0xCBBCFE51 )
(       libmtguard.so[0xCBBCB000])[45 F8 36 80 ]0x0000CDFC:	STR.W	R8, [R5, R6, LSL #3]	;(R8=0xFFFFFFFF R5=0xCBC0D094 R6=0x00000075 )
(       libmtguard.so[0xCBBCB000])[05 EB C6 04 ]0x0000CE00:	ADD.W	R4, R5, R6, LSL #3	;(R5=0xCBC0D094 R6=0x00000075 )
(       libmtguard.so[0xCBBCB000])[F6 F7 3A FD ]0x0000CE04:	BL	#0XCBBCE87C	;(PC=0xCBBD7E04 )
(       libmtguard.so[0xCBBCB000])[F0 B5       ]0x0000387C:	PUSH	{R4, R5, R6, R7, LR}	;(SP=0x100FFFC0 R4=0xCBC0D43C R5=0xCBC0D094 R6=0x00000075 R7=0x100FFFE0 LR=0xCBBD7E09 )
(       libmtguard.so[0xCBBCB000])[03 AF       ]0x0000387E:	ADD	R7, SP, #0XC	;(SP=0x100FFFAC )
(       libmtguard.so[0xCBBCB000])[4D F8 04 BD ]0x00003880:	STR	FP, [SP, #-0X4]!	;(FP=0xCBC0B1C4 SP=0x100FFFAC )
(       libmtguard.so[0xCBBCB000])[05 46       ]0x00003884:	MOV	R5, R0	;(R0=0xCBBCFE51 )
(       libmtguard.so[0xCBBCB000])[01 20       ]0x00003886:	MOVS	R0, #1
(       libmtguard.so[0xCBBCB000])[10 21       ]0x00003888:	MOVS	R1, #0X10
(       libmtguard.so[0xCBBCB000])[00 22       ]0x0000388A:	MOVS	R2, #0
(       libmtguard.so[0xCBBCB000])[00 23       ]0x0000388C:	MOVS	R3, #0
(       libmtguard.so[0xCBBCB000])[00 26       ]0x0000388E:	MOVS	R6, #0
(       libmtguard.so[0xCBBCB000])[00 F0 C6 FA ]0x00003890:	BL	#0XCBBCEE20	;(PC=0xCBBCE890 )
(       libmtguard.so[0xCBBCB000])[B0 B5       ]0x00003E20:	PUSH	{R4, R5, R7, LR}	;(SP=0x100FFFA8 R4=0xCBC0D43C R5=0xCBBCFE51 R7=0x100FFFB8 LR=0xCBBCE895 )
(       libmtguard.so[0xCBBCB000])[02 AF       ]0x00003E22:	ADD	R7, SP, #8	;(SP=0x100FFF98 )
(       libmtguard.so[0xCBBCB000])[01 FB 00 F5 ]0x00003E24:	MUL	R5, R1, R0	;(R1=0x00000010 R0=0x00000001 )
(       libmtguard.so[0xCBBCB000])[4D B1       ]0x00003E28:	CBZ	R5, #0XCBBCEE3E	;(R5=0x00000010 )
(       libmtguard.so[0xCBBCB000])[28 46       ]0x00003E2A:	MOV	R0, R5	;(R5=0x00000010 )
(       libmtguard.so[0xCBBCB000])[FE F7 C8 EB ]0x00003E2C:	BLX	#0XCBBCD5C0	;(PC=0xCBBCEE2C )
(       libmtguard.so[0xCBBCB000])[00 C6 8F E2 ]0x000025C0:	ADD	IP, PC, #0, #12	;(PC=0xCBBCD5C0 )
(       libmtguard.so[0xCBBCB000])[3D CA 8C E2 ]0x000025C4:	ADD	IP, IP, #0X3D000	;(IP=0xCBBCD5C8 )
(       libmtguard.so[0xCBBCB000])[04 F9 BC E5 ]0x000025C8:	LDR	PC, [IP, #0X904]!	;(IP=0xCBC0A5C8 )
(       libmtguard.so[0xCBBCB000])[04 46       ]0x00003E30:	MOV	R4, R0	;(R0=0x30045188 )
(       libmtguard.so[0xCBBCB000])[24 B1       ]0x00003E32:	CBZ	R4, #0XCBBCEE3E	;(R4=0x30045188 )
(       libmtguard.so[0xCBBCB000])[20 46       ]0x00003E34:	MOV	R0, R4	;(R4=0x30045188 )
(       libmtguard.so[0xCBBCB000])[29 46       ]0x00003E36:	MOV	R1, R5	;(R5=0x00000010 )
(       libmtguard.so[0xCBBCB000])[FE F7 CE EB ]0x00003E38:	BLX	#0XCBBCD5D8	;(PC=0xCBBCEE38 )
(       libmtguard.so[0xCBBCB000])[00 C6 8F E2 ]0x000025D8:	ADD	IP, PC, #0, #12	;(PC=0xCBBCD5D8 )
(       libmtguard.so[0xCBBCB000])[3D CA 8C E2 ]0x000025DC:	ADD	IP, IP, #0X3D000	;(IP=0xCBBCD5E0 )
(       libmtguard.so[0xCBBCB000])[F4 F8 BC E5 ]0x000025E0:	LDR	PC, [IP, #0X8F4]!	;(IP=0xCBC0A5E0 )
(       libmtguard.so[0xCBBCB000])[00 E0       ]0x00003E3C:	B	#0XCBBCEE40
(       libmtguard.so[0xCBBCB000])[20 46       ]0x00003E40:	MOV	R0, R4	;(R4=0x30045188 )
(       libmtguard.so[0xCBBCB000])[B0 BD       ]0x00003E42:	POP	{R4, R5, R7, PC}	;(SP=0x100FFF98 )
(       libmtguard.so[0xCBBCB000])[04 46       ]0x00003894:	MOV	R4, R0	;(R0=0x30045188 )
(       libmtguard.so[0xCBBCB000])[94 B1       ]0x00003896:	CBZ	R4, #0XCBBCE8BE	;(R4=0x30045188 )
(       libmtguard.so[0xCBBCB000])[0B 20       ]0x00003898:	MOVS	R0, #0XB
(       libmtguard.so[0xCBBCB000])[C4 E9 00 66 ]0x0000389A:	STRD	R6, R6, [R4]	;(R6=0x00000000 R4=0x30045188 )
(       libmtguard.so[0xCBBCB000])[C4 E9 02 05 ]0x0000389E:	STRD	R0, R5, [R4, #8]	;(R0=0x0000000B R5=0xCBBCFE51 R4=0x30045188 )
(       libmtguard.so[0xCBBCB000])[04 20       ]0x000038A2:	MOVS	R0, #4
(       libmtguard.so[0xCBBCB000])[0B 21       ]0x000038A4:	MOVS	R1, #0XB
(       libmtguard.so[0xCBBCB000])[00 22       ]0x000038A6:	MOVS	R2, #0
(       libmtguard.so[0xCBBCB000])[00 23       ]0x000038A8:	MOVS	R3, #0
(       libmtguard.so[0xCBBCB000])[00 F0 B9 FA ]0x000038AA:	BL	#0XCBBCEE20	;(PC=0xCBBCE8AA )
(       libmtguard.so[0xCBBCB000])[B0 B5       ]0x00003E20:	PUSH	{R4, R5, R7, LR}	;(SP=0x100FFFA8 R4=0x30045188 R5=0xCBBCFE51 R7=0x100FFFB8 LR=0xCBBCE8AF )
(       libmtguard.so[0xCBBCB000])[02 AF       ]0x00003E22:	ADD	R7, SP, #8	;(SP=0x100FFF98 )
(       libmtguard.so[0xCBBCB000])[01 FB 00 F5 ]0x00003E24:	MUL	R5, R1, R0	;(R1=0x0000000B R0=0x00000004 )
(       libmtguard.so[0xCBBCB000])[4D B1       ]0x00003E28:	CBZ	R5, #0XCBBCEE3E	;(R5=0x0000002C )
(       libmtguard.so[0xCBBCB000])[28 46       ]0x00003E2A:	MOV	R0, R5	;(R5=0x0000002C )
(       libmtguard.so[0xCBBCB000])[FE F7 C8 EB ]0x00003E2C:	BLX	#0XCBBCD5C0	;(PC=0xCBBCEE2C )
(       libmtguard.so[0xCBBCB000])[00 C6 8F E2 ]0x000025C0:	ADD	IP, PC, #0, #12	;(PC=0xCBBCD5C0 )
(       libmtguard.so[0xCBBCB000])[3D CA 8C E2 ]0x000025C4:	ADD	IP, IP, #0X3D000	;(IP=0xCBBCD5C8 )
(       libmtguard.so[0xCBBCB000])[04 F9 BC E5 ]0x000025C8:	LDR	PC, [IP, #0X904]!	;(IP=0xCBC0A5C8 )
(       libmtguard.so[0xCBBCB000])[04 46       ]0x00003E30:	MOV	R4, R0	;(R0=0x300451A0 )
(       libmtguard.so[0xCBBCB000])[24 B1       ]0x00003E32:	CBZ	R4, #0XCBBCEE3E	;(R4=0x300451A0 )
(       libmtguard.so[0xCBBCB000])[20 46       ]0x00003E34:	MOV	R0, R4	;(R4=0x300451A0 )
(       libmtguard.so[0xCBBCB000])[29 46       ]0x00003E36:	MOV	R1, R5	;(R5=0x0000002C )
(       libmtguard.so[0xCBBCB000])[FE F7 CE EB ]0x00003E38:	BLX	#0XCBBCD5D8	;(PC=0xCBBCEE38 )
(       libmtguard.so[0xCBBCB000])[00 C6 8F E2 ]0x000025D8:	ADD	IP, PC, #0, #12	;(PC=0xCBBCD5D8 )
(       libmtguard.so[0xCBBCB000])[3D CA 8C E2 ]0x000025DC:	ADD	IP, IP, #0X3D000	;(IP=0xCBBCD5E0 )
(       libmtguard.so[0xCBBCB000])[F4 F8 BC E5 ]0x000025E0:	LDR	PC, [IP, #0X8F4]!	;(IP=0xCBC0A5E0 )
(       libmtguard.so[0xCBBCB000])[00 E0       ]0x00003E3C:	B	#0XCBBCEE40
(       libmtguard.so[0xCBBCB000])[20 46       ]0x00003E40:	MOV	R0, R4	;(R4=0x300451A0 )
(       libmtguard.so[0xCBBCB000])[B0 BD       ]0x00003E42:	POP	{R4, R5, R7, PC}	;(SP=0x100FFF98 )
(       libmtguard.so[0xCBBCB000])[00 28       ]0x000038AE:	CMP	R0, #0	;(R0=0x300451A0 )
(       libmtguard.so[0xCBBCB000])[20 60       ]0x000038B0:	STR	R0, [R4]	;(R0=0x300451A0 R4=0x30045188 )
(       libmtguard.so[0xCBBCB000])[05 D1       ]0x000038B2:	BNE	#0XCBBCE8C0
(       libmtguard.so[0xCBBCB000])[20 46       ]0x000038C0:	MOV	R0, R4	;(R4=0x30045188 )
(       libmtguard.so[0xCBBCB000])[5D F8 04 BB ]0x000038C2:	LDR	FP, [SP], #4	;(SP=0x100FFFA8 )
(       libmtguard.so[0xCBBCB000])[F0 BD       ]0x000038C6:	POP	{R4, R5, R6, R7, PC}	;(SP=0x100FFFAC )
(       libmtguard.so[0xCBBCB000])[01 36       ]0x0000CE08:	ADDS	R6, #1	;(R6=0x00000075 )
(       libmtguard.so[0xCBBCB000])[60 60       ]0x0000CE0A:	STR	R0, [R4, #4]	;(R0=0x30045188 R4=0xCBC0D43C )
(       libmtguard.so[0xCBBCB000])[B6 F5 7C 7F ]0x0000CE0C:	CMP.W	R6, #0X3F0	;(R6=0x00000076 )
(       libmtguard.so[0xCBBCB000])[F3 D1       ]0x0000CE10:	BNE	#0XCBBD7DFA
(       libmtguard.so[0xCBBCB000])[48 46       ]0x0000CDFA:	MOV	R0, SB	;(SB=0xCBBCFE51 )
(       libmtguard.so[0xCBBCB000])[45 F8 36 80 ]0x0000CDFC:	STR.W	R8, [R5, R6, LSL #3]	;(R8=0xFFFFFFFF R5=0xCBC0D094 R6=0x00000076 )
(       libmtguard.so[0xCBBCB000])[05 EB C6 04 ]0x0000CE00:	ADD.W	R4, R5, R6, LSL #3	;(R5=0xCBC0D094 R6=0x00000076 )
(       libmtguard.so[0xCBBCB000])[F6 F7 3A FD ]0x0000CE04:	BL	#0XCBBCE87C	;(PC=0xCBBD7E04 )
(       libmtguard.so[0xCBBCB000])[F0 B5       ]0x0000387C:	PUSH	{R4, R5, R6, R7, LR}	;(SP=0x100FFFC0 R4=0xCBC0D444 R5=0xCBC0D094 R6=0x00000076 R7=0x100FFFE0 LR=0xCBBD7E09 )
(       libmtguard.so[0xCBBCB000])[03 AF       ]0x0000387E:	ADD	R7, SP, #0XC	;(SP=0x100FFFAC )
(       libmtguard.so[0xCBBCB000])[4D F8 04 BD ]0x00003880:	STR	FP, [SP, #-0X4]!	;(FP=0xCBC0B1C4 SP=0x100FFFAC )
(       libmtguard.so[0xCBBCB000])[05 46       ]0x00003884:	MOV	R5, R0	;(R0=0xCBBCFE51 )
(       libmtguard.so[0xCBBCB000])[01 20       ]0x00003886:	MOVS	R0, #1
(       libmtguard.so[0xCBBCB000])[10 21       ]0x00003888:	MOVS	R1, #0X10
(       libmtguard.so[0xCBBCB000])[00 22       ]0x0000388A:	MOVS	R2, #0
(       libmtguard.so[0xCBBCB000])[00 23       ]0x0000388C:	MOVS	R3, #0
(       libmtguard.so[0xCBBCB000])[00 26       ]0x0000388E:	MOVS	R6, #0
(       libmtguard.so[0xCBBCB000])[00 F0 C6 FA ]0x00003890:	BL	#0XCBBCEE20	;(PC=0xCBBCE890 )
(       libmtguard.so[0xCBBCB000])[B0 B5       ]0x00003E20:	PUSH	{R4, R5, R7, LR}	;(SP=0x100FFFA8 R4=0xCBC0D444 R5=0xCBBCFE51 R7=0x100FFFB8 LR=0xCBBCE895 )
(       libmtguard.so[0xCBBCB000])[02 AF       ]0x00003E22:	ADD	R7, SP, #8	;(SP=0x100FFF98 )
(       libmtguard.so[0xCBBCB000])[01 FB 00 F5 ]0x00003E24:	MUL	R5, R1, R0	;(R1=0x00000010 R0=0x00000001 )
(       libmtguard.so[0xCBBCB000])[4D B1       ]0x00003E28:	CBZ	R5, #0XCBBCEE3E	;(R5=0x00000010 )
(       libmtguard.so[0xCBBCB000])[28 46       ]0x00003E2A:	MOV	R0, R5	;(R5=0x00000010 )
(       libmtguard.so[0xCBBCB000])[FE F7 C8 EB ]0x00003E2C:	BLX	#0XCBBCD5C0	;(PC=0xCBBCEE2C )
(       libmtguard.so[0xCBBCB000])[00 C6 8F E2 ]0x000025C0:	ADD	IP, PC, #0, #12	;(PC=0xCBBCD5C0 )
(       libmtguard.so[0xCBBCB000])[3D CA 8C E2 ]0x000025C4:	ADD	IP, IP, #0X3D000	;(IP=0xCBBCD5C8 )
(       libmtguard.so[0xCBBCB000])[04 F9 BC E5 ]0x000025C8:	LDR	PC, [IP, #0X904]!	;(IP=0xCBC0A5C8 )
(       libmtguard.so[0xCBBCB000])[04 46       ]0x00003E30:	MOV	R4, R0	;(R0=0x300451D0 )
(       libmtguard.so[0xCBBCB000])[24 B1       ]0x00003E32:	CBZ	R4, #0XCBBCEE3E	;(R4=0x300451D0 )
(       libmtguard.so[0xCBBCB000])[20 46       ]0x00003E34:	MOV	R0, R4	;(R4=0x300451D0 )
(       libmtguard.so[0xCBBCB000])[29 46       ]0x00003E36:	MOV	R1, R5	;(R5=0x00000010 )
(       libmtguard.so[0xCBBCB000])[FE F7 CE EB ]0x00003E38:	BLX	#0XCBBCD5D8	;(PC=0xCBBCEE38 )
(       libmtguard.so[0xCBBCB000])[00 C6 8F E2 ]0x000025D8:	ADD	IP, PC, #0, #12	;(PC=0xCBBCD5D8 )
(       libmtguard.so[0xCBBCB000])[3D CA 8C E2 ]0x000025DC:	ADD	IP, IP, #0X3D000	;(IP=0xCBBCD5E0 )
(       libmtguard.so[0xCBBCB000])[F4 F8 BC E5 ]0x000025E0:	LDR	PC, [IP, #0X8F4]!	;(IP=0xCBC0A5E0 )
(       libmtguard.so[0xCBBCB000])[00 E0       ]0x00003E3C:	B	#0XCBBCEE40
(       libmtguard.so[0xCBBCB000])[20 46       ]0x00003E40:	MOV	R0, R4	;(R4=0x300451D0 )
(       libmtguard.so[0xCBBCB000])[B0 BD       ]0x00003E42:	POP	{R4, R5, R7, PC}	;(SP=0x100FFF98 )
(       libmtguard.so[0xCBBCB000])[04 46       ]0x00003894:	MOV	R4, R0	;(R0=0x300451D0 )
(       libmtguard.so[0xCBBCB000])[94 B1       ]0x00003896:	CBZ	R4, #0XCBBCE8BE	;(R4=0x300451D0 )
(       libmtguard.so[0xCBBCB000])[0B 20       ]0x00003898:	MOVS	R0, #0XB
(       libmtguard.so[0xCBBCB000])[C4 E9 00 66 ]0x0000389A:	STRD	R6, R6, [R4]	;(R6=0x00000000 R4=0x300451D0 )
(       libmtguard.so[0xCBBCB000])[C4 E9 02 05 ]0x0000389E:	STRD	R0, R5, [R4, #8]	;(R0=0x0000000B R5=0xCBBCFE51 R4=0x300451D0 )
(       libmtguard.so[0xCBBCB000])[04 20       ]0x000038A2:	MOVS	R0, #4
(       libmtguard.so[0xCBBCB000])[0B 21       ]0x000038A4:	MOVS	R1, #0XB
(       libmtguard.so[0xCBBCB000])[00 22       ]0x000038A6:	MOVS	R2, #0
(       libmtguard.so[0xCBBCB000])[00 23       ]0x000038A8:	MOVS	R3, #0
(       libmtguard.so[0xCBBCB000])[00 F0 B9 FA ]0x000038AA:	BL	#0XCBBCEE20	;(PC=0xCBBCE8AA )
(       libmtguard.so[0xCBBCB000])[B0 B5       ]0x00003E20:	PUSH	{R4, R5, R7, LR}	;(SP=0x100FFFA8 R4=0x300451D0 R5=0xCBBCFE51 R7=0x100FFFB8 LR=0xCBBCE8AF )
(       libmtguard.so[0xCBBCB000])[02 AF       ]0x00003E22:	ADD	R7, SP, #8	;(SP=0x100FFF98 )
(       libmtguard.so[0xCBBCB000])[01 FB 00 F5 ]0x00003E24:	MUL	R5, R1, R0	;(R1=0x0000000B R0=0x00000004 )
(       libmtguard.so[0xCBBCB000])[4D B1       ]0x00003E28:	CBZ	R5, #0XCBBCEE3E	;(R5=0x0000002C )
(       libmtguard.so[0xCBBCB000])[28 46       ]0x00003E2A:	MOV	R0, R5	;(R5=0x0000002C )
(       libmtguard.so[0xCBBCB000])[FE F7 C8 EB ]0x00003E2C:	BLX	#0XCBBCD5C0	;(PC=0xCBBCEE2C )
(       libmtguard.so[0xCBBCB000])[00 C6 8F E2 ]0x000025C0:	ADD	IP, PC, #0, #12	;(PC=0xCBBCD5C0 )
(       libmtguard.so[0xCBBCB000])[3D CA 8C E2 ]0x000025C4:	ADD	IP, IP, #0X3D000	;(IP=0xCBBCD5C8 )
(       libmtguard.so[0xCBBCB000])[04 F9 BC E5 ]0x000025C8:	LDR	PC, [IP, #0X904]!	;(IP=0xCBC0A5C8 )
(       libmtguard.so[0xCBBCB000])[04 46       ]0x00003E30:	MOV	R4, R0	;(R0=0x300451E8 )
(       libmtguard.so[0xCBBCB000])[24 B1       ]0x00003E32:	CBZ	R4, #0XCBBCEE3E	;(R4=0x300451E8 )
(       libmtguard.so[0xCBBCB000])[20 46       ]0x00003E34:	MOV	R0, R4	;(R4=0x300451E8 )
(       libmtguard.so[0xCBBCB000])[29 46       ]0x00003E36:	MOV	R1, R5	;(R5=0x0000002C )
(       libmtguard.so[0xCBBCB000])[FE F7 CE EB ]0x00003E38:	BLX	#0XCBBCD5D8	;(PC=0xCBBCEE38 )
(       libmtguard.so[0xCBBCB000])[00 C6 8F E2 ]0x000025D8:	ADD	IP, PC, #0, #12	;(PC=0xCBBCD5D8 )
(       libmtguard.so[0xCBBCB000])[3D CA 8C E2 ]0x000025DC:	ADD	IP, IP, #0X3D000	;(IP=0xCBBCD5E0 )
(       libmtguard.so[0xCBBCB000])[F4 F8 BC E5 ]0x000025E0:	LDR	PC, [IP, #0X8F4]!	;(IP=0xCBC0A5E0 )
(       libmtguard.so[0xCBBCB000])[00 E0       ]0x00003E3C:	B	#0XCBBCEE40
(       libmtguard.so[0xCBBCB000])[20 46       ]0x00003E40:	MOV	R0, R4	;(R4=0x300451E8 )
(       libmtguard.so[0xCBBCB000])[B0 BD       ]0x00003E42:	POP	{R4, R5, R7, PC}	;(SP=0x100FFF98 )
(       libmtguard.so[0xCBBCB000])[00 28       ]0x000038AE:	CMP	R0, #0	;(R0=0x300451E8 )
(       libmtguard.so[0xCBBCB000])[20 60       ]0x000038B0:	STR	R0, [R4]	;(R0=0x300451E8 R4=0x300451D0 )
(       libmtguard.so[0xCBBCB000])[05 D1       ]0x000038B2:	BNE	#0XCBBCE8C0
(       libmtguard.so[0xCBBCB000])[20 46       ]0x000038C0:	MOV	R0, R4	;(R4=0x300451D0 )
(       libmtguard.so[0xCBBCB000])[5D F8 04 BB ]0x000038C2:	LDR	FP, [SP], #4	;(SP=0x100FFFA8 )
(       libmtguard.so[0xCBBCB000])[F0 BD       ]0x000038C6:	POP	{R4, R5, R6, R7, PC}	;(SP=0x100FFFAC )
(       libmtguard.so[0xCBBCB000])[01 36       ]0x0000CE08:	ADDS	R6, #1	;(R6=0x00000076 )
(       libmtguard.so[0xCBBCB000])[60 60       ]0x0000CE0A:	STR	R0, [R4, #4]	;(R0=0x300451D0 R4=0xCBC0D444 )
(       libmtguard.so[0xCBBCB000])[B6 F5 7C 7F ]0x0000CE0C:	CMP.W	R6, #0X3F0	;(R6=0x00000077 )
(       libmtguard.so[0xCBBCB000])[F3 D1       ]0x0000CE10:	BNE	#0XCBBD7DFA
(       libmtguard.so[0xCBBCB000])[48 46       ]0x0000CDFA:	MOV	R0, SB	;(SB=0xCBBCFE51 )
(       libmtguard.so[0xCBBCB000])[45 F8 36 80 ]0x0000CDFC:	STR.W	R8, [R5, R6, LSL #3]	;(R8=0xFFFFFFFF R5=0xCBC0D094 R6=0x00000077 )
(       libmtguard.so[0xCBBCB000])[05 EB C6 04 ]0x0000CE00:	ADD.W	R4, R5, R6, LSL #3	;(R5=0xCBC0D094 R6=0x00000077 )
(       libmtguard.so[0xCBBCB000])[F6 F7 3A FD ]0x0000CE04:	BL	#0XCBBCE87C	;(PC=0xCBBD7E04 )
(       libmtguard.so[0xCBBCB000])[F0 B5       ]0x0000387C:	PUSH	{R4, R5, R6, R7, LR}	;(SP=0x100FFFC0 R4=0xCBC0D44C R5=0xCBC0D094 R6=0x00000077 R7=0x100FFFE0 LR=0xCBBD7E09 )
(       libmtguard.so[0xCBBCB000])[03 AF       ]0x0000387E:	ADD	R7, SP, #0XC	;(SP=0x100FFFAC )
(       libmtguard.so[0xCBBCB000])[4D F8 04 BD ]0x00003880:	STR	FP, [SP, #-0X4]!	;(FP=0xCBC0B1C4 SP=0x100FFFAC )
(       libmtguard.so[0xCBBCB000])[05 46       ]0x00003884:	MOV	R5, R0	;(R0=0xCBBCFE51 )
(       libmtguard.so[0xCBBCB000])[01 20       ]0x00003886:	MOVS	R0, #1
(       libmtguard.so[0xCBBCB000])[10 21       ]0x00003888:	MOVS	R1, #0X10
(       libmtguard.so[0xCBBCB000])[00 22       ]0x0000388A:	MOVS	R2, #0
(       libmtguard.so[0xCBBCB000])[00 23       ]0x0000388C:	MOVS	R3, #0
(       libmtguard.so[0xCBBCB000])[00 26       ]0x0000388E:	MOVS	R6, #0
(       libmtguard.so[0xCBBCB000])[00 F0 C6 FA ]0x00003890:	BL	#0XCBBCEE20	;(PC=0xCBBCE890 )
(       libmtguard.so[0xCBBCB000])[B0 B5       ]0x00003E20:	PUSH	{R4, R5, R7, LR}	;(SP=0x100FFFA8 R4=0xCBC0D44C R5=0xCBBCFE51 R7=0x100FFFB8 LR=0xCBBCE895 )
(       libmtguard.so[0xCBBCB000])[02 AF       ]0x00003E22:	ADD	R7, SP, #8	;(SP=0x100FFF98 )
(       libmtguard.so[0xCBBCB000])[01 FB 00 F5 ]0x00003E24:	MUL	R5, R1, R0	;(R1=0x00000010 R0=0x00000001 )
(       libmtguard.so[0xCBBCB000])[4D B1       ]0x00003E28:	CBZ	R5, #0XCBBCEE3E	;(R5=0x00000010 )
(       libmtguard.so[0xCBBCB000])[28 46       ]0x00003E2A:	MOV	R0, R5	;(R5=0x00000010 )
(       libmtguard.so[0xCBBCB000])[FE F7 C8 EB ]0x00003E2C:	BLX	#0XCBBCD5C0	;(PC=0xCBBCEE2C )
(       libmtguard.so[0xCBBCB000])[00 C6 8F E2 ]0x000025C0:	ADD	IP, PC, #0, #12	;(PC=0xCBBCD5C0 )
(       libmtguard.so[0xCBBCB000])[3D CA 8C E2 ]0x000025C4:	ADD	IP, IP, #0X3D000	;(IP=0xCBBCD5C8 )
(       libmtguard.so[0xCBBCB000])[04 F9 BC E5 ]0x000025C8:	LDR	PC, [IP, #0X904]!	;(IP=0xCBC0A5C8 )
(       libmtguard.so[0xCBBCB000])[04 46       ]0x00003E30:	MOV	R4, R0	;(R0=0x30045218 )
(       libmtguard.so[0xCBBCB000])[24 B1       ]0x00003E32:	CBZ	R4, #0XCBBCEE3E	;(R4=0x30045218 )
(       libmtguard.so[0xCBBCB000])[20 46       ]0x00003E34:	MOV	R0, R4	;(R4=0x30045218 )
(       libmtguard.so[0xCBBCB000])[29 46       ]0x00003E36:	MOV	R1, R5	;(R5=0x00000010 )
(       libmtguard.so[0xCBBCB000])[FE F7 CE EB ]0x00003E38:	BLX	#0XCBBCD5D8	;(PC=0xCBBCEE38 )
(       libmtguard.so[0xCBBCB000])[00 C6 8F E2 ]0x000025D8:	ADD	IP, PC, #0, #12	;(PC=0xCBBCD5D8 )
(       libmtguard.so[0xCBBCB000])[3D CA 8C E2 ]0x000025DC:	ADD	IP, IP, #0X3D000	;(IP=0xCBBCD5E0 )
(       libmtguard.so[0xCBBCB000])[F4 F8 BC E5 ]0x000025E0:	LDR	PC, [IP, #0X8F4]!	;(IP=0xCBC0A5E0 )
(       libmtguard.so[0xCBBCB000])[00 E0       ]0x00003E3C:	B	#0XCBBCEE40
(       libmtguard.so[0xCBBCB000])[20 46       ]0x00003E40:	MOV	R0, R4	;(R4=0x30045218 )
(       libmtguard.so[0xCBBCB000])[B0 BD       ]0x00003E42:	POP	{R4, R5, R7, PC}	;(SP=0x100FFF98 )
(       libmtguard.so[0xCBBCB000])[04 46       ]0x00003894:	MOV	R4, R0	;(R0=0x30045218 )
(       libmtguard.so[0xCBBCB000])[94 B1       ]0x00003896:	CBZ	R4, #0XCBBCE8BE	;(R4=0x30045218 )
(       libmtguard.so[0xCBBCB000])[0B 20       ]0x00003898:	MOVS	R0, #0XB
(       libmtguard.so[0xCBBCB000])[C4 E9 00 66 ]0x0000389A:	STRD	R6, R6, [R4]	;(R6=0x00000000 R4=0x30045218 )
(       libmtguard.so[0xCBBCB000])[C4 E9 02 05 ]0x0000389E:	STRD	R0, R5, [R4, #8]	;(R0=0x0000000B R5=0xCBBCFE51 R4=0x30045218 )
(       libmtguard.so[0xCBBCB000])[04 20       ]0x000038A2:	MOVS	R0, #4
(       libmtguard.so[0xCBBCB000])[0B 21       ]0x000038A4:	MOVS	R1, #0XB
(       libmtguard.so[0xCBBCB000])[00 22       ]0x000038A6:	MOVS	R2, #0
(       libmtguard.so[0xCBBCB000])[00 23       ]0x000038A8:	MOVS	R3, #0
(       libmtguard.so[0xCBBCB000])[00 F0 B9 FA ]0x000038AA:	BL	#0XCBBCEE20	;(PC=0xCBBCE8AA )
(       libmtguard.so[0xCBBCB000])[B0 B5       ]0x00003E20:	PUSH	{R4, R5, R7, LR}	;(SP=0x100FFFA8 R4=0x30045218 R5=0xCBBCFE51 R7=0x100FFFB8 LR=0xCBBCE8AF )
(       libmtguard.so[0xCBBCB000])[02 AF       ]0x00003E22:	ADD	R7, SP, #8	;(SP=0x100FFF98 )
(       libmtguard.so[0xCBBCB000])[01 FB 00 F5 ]0x00003E24:	MUL	R5, R1, R0	;(R1=0x0000000B R0=0x00000004 )
(       libmtguard.so[0xCBBCB000])[4D B1       ]0x00003E28:	CBZ	R5, #0XCBBCEE3E	;(R5=0x0000002C )
(       libmtguard.so[0xCBBCB000])[28 46       ]0x00003E2A:	MOV	R0, R5	;(R5=0x0000002C )
(       libmtguard.so[0xCBBCB000])[FE F7 C8 EB ]0x00003E2C:	BLX	#0XCBBCD5C0	;(PC=0xCBBCEE2C )
(       libmtguard.so[0xCBBCB000])[00 C6 8F E2 ]0x000025C0:	ADD	IP, PC, #0, #12	;(PC=0xCBBCD5C0 )
(       libmtguard.so[0xCBBCB000])[3D CA 8C E2 ]0x000025C4:	ADD	IP, IP, #0X3D000	;(IP=0xCBBCD5C8 )
(       libmtguard.so[0xCBBCB000])[04 F9 BC E5 ]0x000025C8:	LDR	PC, [IP, #0X904]!	;(IP=0xCBC0A5C8 )
(       libmtguard.so[0xCBBCB000])[04 46       ]0x00003E30:	MOV	R4, R0	;(R0=0x30045230 )
(       libmtguard.so[0xCBBCB000])[24 B1       ]0x00003E32:	CBZ	R4, #0XCBBCEE3E	;(R4=0x30045230 )
(       libmtguard.so[0xCBBCB000])[20 46       ]0x00003E34:	MOV	R0, R4	;(R4=0x30045230 )
(       libmtguard.so[0xCBBCB000])[29 46       ]0x00003E36:	MOV	R1, R5	;(R5=0x0000002C )
(       libmtguard.so[0xCBBCB000])[FE F7 CE EB ]0x00003E38:	BLX	#0XCBBCD5D8	;(PC=0xCBBCEE38 )
(       libmtguard.so[0xCBBCB000])[00 C6 8F E2 ]0x000025D8:	ADD	IP, PC, #0, #12	;(PC=0xCBBCD5D8 )
(       libmtguard.so[0xCBBCB000])[3D CA 8C E2 ]0x000025DC:	ADD	IP, IP, #0X3D000	;(IP=0xCBBCD5E0 )
(       libmtguard.so[0xCBBCB000])[F4 F8 BC E5 ]0x000025E0:	LDR	PC, [IP, #0X8F4]!	;(IP=0xCBC0A5E0 )
(       libmtguard.so[0xCBBCB000])[00 E0       ]0x00003E3C:	B	#0XCBBCEE40
(       libmtguard.so[0xCBBCB000])[20 46       ]0x00003E40:	MOV	R0, R4	;(R4=0x30045230 )
(       libmtguard.so[0xCBBCB000])[B0 BD       ]0x00003E42:	POP	{R4, R5, R7, PC}	;(SP=0x100FFF98 )
(       libmtguard.so[0xCBBCB000])[00 28       ]0x000038AE:	CMP	R0, #0	;(R0=0x30045230 )
(       libmtguard.so[0xCBBCB000])[20 60       ]0x000038B0:	STR	R0, [R4]	;(R0=0x30045230 R4=0x30045218 )
(       libmtguard.so[0xCBBCB000])[05 D1       ]0x000038B2:	BNE	#0XCBBCE8C0
(       libmtguard.so[0xCBBCB000])[20 46       ]0x000038C0:	MOV	R0, R4	;(R4=0x30045218 )
(       libmtguard.so[0xCBBCB000])[5D F8 04 BB ]0x000038C2:	LDR	FP, [SP], #4	;(SP=0x100FFFA8 )
(       libmtguard.so[0xCBBCB000])[F0 BD       ]0x000038C6:	POP	{R4, R5, R6, R7, PC}	;(SP=0x100FFFAC )
(       libmtguard.so[0xCBBCB000])[01 36       ]0x0000CE08:	ADDS	R6, #1	;(R6=0x00000077 )
(       libmtguard.so[0xCBBCB000])[60 60       ]0x0000CE0A:	STR	R0, [R4, #4]	;(R0=0x30045218 R4=0xCBC0D44C )
(       libmtguard.so[0xCBBCB000])[B6 F5 7C 7F ]0x0000CE0C:	CMP.W	R6, #0X3F0	;(R6=0x00000078 )
(       libmtguard.so[0xCBBCB000])[F3 D1       ]0x0000CE10:	BNE	#0XCBBD7DFA
(       libmtguard.so[0xCBBCB000])[48 46       ]0x0000CDFA:	MOV	R0, SB	;(SB=0xCBBCFE51 )
(       libmtguard.so[0xCBBCB000])[45 F8 36 80 ]0x0000CDFC:	STR.W	R8, [R5, R6, LSL #3]	;(R8=0xFFFFFFFF R5=0xCBC0D094 R6=0x00000078 )
(       libmtguard.so[0xCBBCB000])[05 EB C6 04 ]0x0000CE00:	ADD.W	R4, R5, R6, LSL #3	;(R5=0xCBC0D094 R6=0x00000078 )
(       libmtguard.so[0xCBBCB000])[F6 F7 3A FD ]0x0000CE04:	BL	#0XCBBCE87C	;(PC=0xCBBD7E04 )
(       libmtguard.so[0xCBBCB000])[F0 B5       ]0x0000387C:	PUSH	{R4, R5, R6, R7, LR}	;(SP=0x100FFFC0 R4=0xCBC0D454 R5=0xCBC0D094 R6=0x00000078 R7=0x100FFFE0 LR=0xCBBD7E09 )
(       libmtguard.so[0xCBBCB000])[03 AF       ]0x0000387E:	ADD	R7, SP, #0XC	;(SP=0x100FFFAC )
(       libmtguard.so[0xCBBCB000])[4D F8 04 BD ]0x00003880:	STR	FP, [SP, #-0X4]!	;(FP=0xCBC0B1C4 SP=0x100FFFAC )
(       libmtguard.so[0xCBBCB000])[05 46       ]0x00003884:	MOV	R5, R0	;(R0=0xCBBCFE51 )
(       libmtguard.so[0xCBBCB000])[01 20       ]0x00003886:	MOVS	R0, #1
(       libmtguard.so[0xCBBCB000])[10 21       ]0x00003888:	MOVS	R1, #0X10
(       libmtguard.so[0xCBBCB000])[00 22       ]0x0000388A:	MOVS	R2, #0
(       libmtguard.so[0xCBBCB000])[00 23       ]0x0000388C:	MOVS	R3, #0
(       libmtguard.so[0xCBBCB000])[00 26       ]0x0000388E:	MOVS	R6, #0
(       libmtguard.so[0xCBBCB000])[00 F0 C6 FA ]0x00003890:	BL	#0XCBBCEE20	;(PC=0xCBBCE890 )
(       libmtguard.so[0xCBBCB000])[B0 B5       ]0x00003E20:	PUSH	{R4, R5, R7, LR}	;(SP=0x100FFFA8 R4=0xCBC0D454 R5=0xCBBCFE51 R7=0x100FFFB8 LR=0xCBBCE895 )
(       libmtguard.so[0xCBBCB000])[02 AF       ]0x00003E22:	ADD	R7, SP, #8	;(SP=0x100FFF98 )
(       libmtguard.so[0xCBBCB000])[01 FB 00 F5 ]0x00003E24:	MUL	R5, R1, R0	;(R1=0x00000010 R0=0x00000001 )
(       libmtguard.so[0xCBBCB000])[4D B1       ]0x00003E28:	CBZ	R5, #0XCBBCEE3E	;(R5=0x00000010 )
(       libmtguard.so[0xCBBCB000])[28 46       ]0x00003E2A:	MOV	R0, R5	;(R5=0x00000010 )
(       libmtguard.so[0xCBBCB000])[FE F7 C8 EB ]0x00003E2C:	BLX	#0XCBBCD5C0	;(PC=0xCBBCEE2C )
(       libmtguard.so[0xCBBCB000])[00 C6 8F E2 ]0x000025C0:	ADD	IP, PC, #0, #12	;(PC=0xCBBCD5C0 )
(       libmtguard.so[0xCBBCB000])[3D CA 8C E2 ]0x000025C4:	ADD	IP, IP, #0X3D000	;(IP=0xCBBCD5C8 )
(       libmtguard.so[0xCBBCB000])[04 F9 BC E5 ]0x000025C8:	LDR	PC, [IP, #0X904]!	;(IP=0xCBC0A5C8 )
(       libmtguard.so[0xCBBCB000])[04 46       ]0x00003E30:	MOV	R4, R0	;(R0=0x30045260 )
(       libmtguard.so[0xCBBCB000])[24 B1       ]0x00003E32:	CBZ	R4, #0XCBBCEE3E	;(R4=0x30045260 )
(       libmtguard.so[0xCBBCB000])[20 46       ]0x00003E34:	MOV	R0, R4	;(R4=0x30045260 )
(       libmtguard.so[0xCBBCB000])[29 46       ]0x00003E36:	MOV	R1, R5	;(R5=0x00000010 )
(       libmtguard.so[0xCBBCB000])[FE F7 CE EB ]0x00003E38:	BLX	#0XCBBCD5D8	;(PC=0xCBBCEE38 )
(       libmtguard.so[0xCBBCB000])[00 C6 8F E2 ]0x000025D8:	ADD	IP, PC, #0, #12	;(PC=0xCBBCD5D8 )
(       libmtguard.so[0xCBBCB000])[3D CA 8C E2 ]0x000025DC:	ADD	IP, IP, #0X3D000	;(IP=0xCBBCD5E0 )
(       libmtguard.so[0xCBBCB000])[F4 F8 BC E5 ]0x000025E0:	LDR	PC, [IP, #0X8F4]!	;(IP=0xCBC0A5E0 )
(       libmtguard.so[0xCBBCB000])[00 E0       ]0x00003E3C:	B	#0XCBBCEE40
(       libmtguard.so[0xCBBCB000])[20 46       ]0x00003E40:	MOV	R0, R4	;(R4=0x30045260 )
(       libmtguard.so[0xCBBCB000])[B0 BD       ]0x00003E42:	POP	{R4, R5, R7, PC}	;(SP=0x100FFF98 )
(       libmtguard.so[0xCBBCB000])[04 46       ]0x00003894:	MOV	R4, R0	;(R0=0x30045260 )
(       libmtguard.so[0xCBBCB000])[94 B1       ]0x00003896:	CBZ	R4, #0XCBBCE8BE	;(R4=0x30045260 )
(       libmtguard.so[0xCBBCB000])[0B 20       ]0x00003898:	MOVS	R0, #0XB
(       libmtguard.so[0xCBBCB000])[C4 E9 00 66 ]0x0000389A:	STRD	R6, R6, [R4]	;(R6=0x00000000 R4=0x30045260 )
(       libmtguard.so[0xCBBCB000])[C4 E9 02 05 ]0x0000389E:	STRD	R0, R5, [R4, #8]	;(R0=0x0000000B R5=0xCBBCFE51 R4=0x30045260 )
(       libmtguard.so[0xCBBCB000])[04 20       ]0x000038A2:	MOVS	R0, #4
(       libmtguard.so[0xCBBCB000])[0B 21       ]0x000038A4:	MOVS	R1, #0XB
(       libmtguard.so[0xCBBCB000])[00 22       ]0x000038A6:	MOVS	R2, #0
(       libmtguard.so[0xCBBCB000])[00 23       ]0x000038A8:	MOVS	R3, #0
(       libmtguard.so[0xCBBCB000])[00 F0 B9 FA ]0x000038AA:	BL	#0XCBBCEE20	;(PC=0xCBBCE8AA )
(       libmtguard.so[0xCBBCB000])[B0 B5       ]0x00003E20:	PUSH	{R4, R5, R7, LR}	;(SP=0x100FFFA8 R4=0x30045260 R5=0xCBBCFE51 R7=0x100FFFB8 LR=0xCBBCE8AF )
(       libmtguard.so[0xCBBCB000])[02 AF       ]0x00003E22:	ADD	R7, SP, #8	;(SP=0x100FFF98 )
(       libmtguard.so[0xCBBCB000])[01 FB 00 F5 ]0x00003E24:	MUL	R5, R1, R0	;(R1=0x0000000B R0=0x00000004 )
(       libmtguard.so[0xCBBCB000])[4D B1       ]0x00003E28:	CBZ	R5, #0XCBBCEE3E	;(R5=0x0000002C )
(       libmtguard.so[0xCBBCB000])[28 46       ]0x00003E2A:	MOV	R0, R5	;(R5=0x0000002C )
(       libmtguard.so[0xCBBCB000])[FE F7 C8 EB ]0x00003E2C:	BLX	#0XCBBCD5C0	;(PC=0xCBBCEE2C )
(       libmtguard.so[0xCBBCB000])[00 C6 8F E2 ]0x000025C0:	ADD	IP, PC, #0, #12	;(PC=0xCBBCD5C0 )
(       libmtguard.so[0xCBBCB000])[3D CA 8C E2 ]0x000025C4:	ADD	IP, IP, #0X3D000	;(IP=0xCBBCD5C8 )
(       libmtguard.so[0xCBBCB000])[04 F9 BC E5 ]0x000025C8:	LDR	PC, [IP, #0X904]!	;(IP=0xCBC0A5C8 )
(       libmtguard.so[0xCBBCB000])[04 46       ]0x00003E30:	MOV	R4, R0	;(R0=0x30045278 )
(       libmtguard.so[0xCBBCB000])[24 B1       ]0x00003E32:	CBZ	R4, #0XCBBCEE3E	;(R4=0x30045278 )
(       libmtguard.so[0xCBBCB000])[20 46       ]0x00003E34:	MOV	R0, R4	;(R4=0x30045278 )
(       libmtguard.so[0xCBBCB000])[29 46       ]0x00003E36:	MOV	R1, R5	;(R5=0x0000002C )
(       libmtguard.so[0xCBBCB000])[FE F7 CE EB ]0x00003E38:	BLX	#0XCBBCD5D8	;(PC=0xCBBCEE38 )
(       libmtguard.so[0xCBBCB000])[00 C6 8F E2 ]0x000025D8:	ADD	IP, PC, #0, #12	;(PC=0xCBBCD5D8 )
(       libmtguard.so[0xCBBCB000])[3D CA 8C E2 ]0x000025DC:	ADD	IP, IP, #0X3D000	;(IP=0xCBBCD5E0 )
(       libmtguard.so[0xCBBCB000])[F4 F8 BC E5 ]0x000025E0:	LDR	PC, [IP, #0X8F4]!	;(IP=0xCBC0A5E0 )
(       libmtguard.so[0xCBBCB000])[00 E0       ]0x00003E3C:	B	#0XCBBCEE40
(       libmtguard.so[0xCBBCB000])[20 46       ]0x00003E40:	MOV	R0, R4	;(R4=0x30045278 )
(       libmtguard.so[0xCBBCB000])[B0 BD       ]0x00003E42:	POP	{R4, R5, R7, PC}	;(SP=0x100FFF98 )
(       libmtguard.so[0xCBBCB000])[00 28       ]0x000038AE:	CMP	R0, #0	;(R0=0x30045278 )
(       libmtguard.so[0xCBBCB000])[20 60       ]0x000038B0:	STR	R0, [R4]	;(R0=0x30045278 R4=0x30045260 )
(       libmtguard.so[0xCBBCB000])[05 D1       ]0x000038B2:	BNE	#0XCBBCE8C0
(       libmtguard.so[0xCBBCB000])[20 46       ]0x000038C0:	MOV	R0, R4	;(R4=0x30045260 )
(       libmtguard.so[0xCBBCB000])[5D F8 04 BB ]0x000038C2:	LDR	FP, [SP], #4	;(SP=0x100FFFA8 )
(       libmtguard.so[0xCBBCB000])[F0 BD       ]0x000038C6:	POP	{R4, R5, R6, R7, PC}	;(SP=0x100FFFAC )
(       libmtguard.so[0xCBBCB000])[01 36       ]0x0000CE08:	ADDS	R6, #1	;(R6=0x00000078 )
(       libmtguard.so[0xCBBCB000])[60 60       ]0x0000CE0A:	STR	R0, [R4, #4]	;(R0=0x30045260 R4=0xCBC0D454 )
(       libmtguard.so[0xCBBCB000])[B6 F5 7C 7F ]0x0000CE0C:	CMP.W	R6, #0X3F0	;(R6=0x00000079 )
(       libmtguard.so[0xCBBCB000])[F3 D1       ]0x0000CE10:	BNE	#0XCBBD7DFA
(       libmtguard.so[0xCBBCB000])[48 46       ]0x0000CDFA:	MOV	R0, SB	;(SB=0xCBBCFE51 )
(       libmtguard.so[0xCBBCB000])[45 F8 36 80 ]0x0000CDFC:	STR.W	R8, [R5, R6, LSL #3]	;(R8=0xFFFFFFFF R5=0xCBC0D094 R6=0x00000079 )
(       libmtguard.so[0xCBBCB000])[05 EB C6 04 ]0x0000CE00:	ADD.W	R4, R5, R6, LSL #3	;(R5=0xCBC0D094 R6=0x00000079 )
(       libmtguard.so[0xCBBCB000])[F6 F7 3A FD ]0x0000CE04:	BL	#0XCBBCE87C	;(PC=0xCBBD7E04 )
(       libmtguard.so[0xCBBCB000])[F0 B5       ]0x0000387C:	PUSH	{R4, R5, R6, R7, LR}	;(SP=0x100FFFC0 R4=0xCBC0D45C R5=0xCBC0D094 R6=0x00000079 R7=0x100FFFE0 LR=0xCBBD7E09 )
(       libmtguard.so[0xCBBCB000])[03 AF       ]0x0000387E:	ADD	R7, SP, #0XC	;(SP=0x100FFFAC )
(       libmtguard.so[0xCBBCB000])[4D F8 04 BD ]0x00003880:	STR	FP, [SP, #-0X4]!	;(FP=0xCBC0B1C4 SP=0x100FFFAC )
(       libmtguard.so[0xCBBCB000])[05 46       ]0x00003884:	MOV	R5, R0	;(R0=0xCBBCFE51 )
(       libmtguard.so[0xCBBCB000])[01 20       ]0x00003886:	MOVS	R0, #1
(       libmtguard.so[0xCBBCB000])[10 21       ]0x00003888:	MOVS	R1, #0X10
(       libmtguard.so[0xCBBCB000])[00 22       ]0x0000388A:	MOVS	R2, #0
(       libmtguard.so[0xCBBCB000])[00 23       ]0x0000388C:	MOVS	R3, #0
(       libmtguard.so[0xCBBCB000])[00 26       ]0x0000388E:	MOVS	R6, #0
(       libmtguard.so[0xCBBCB000])[00 F0 C6 FA ]0x00003890:	BL	#0XCBBCEE20	;(PC=0xCBBCE890 )
(       libmtguard.so[0xCBBCB000])[B0 B5       ]0x00003E20:	PUSH	{R4, R5, R7, LR}	;(SP=0x100FFFA8 R4=0xCBC0D45C R5=0xCBBCFE51 R7=0x100FFFB8 LR=0xCBBCE895 )
(       libmtguard.so[0xCBBCB000])[02 AF       ]0x00003E22:	ADD	R7, SP, #8	;(SP=0x100FFF98 )
(       libmtguard.so[0xCBBCB000])[01 FB 00 F5 ]0x00003E24:	MUL	R5, R1, R0	;(R1=0x00000010 R0=0x00000001 )
(       libmtguard.so[0xCBBCB000])[4D B1       ]0x00003E28:	CBZ	R5, #0XCBBCEE3E	;(R5=0x00000010 )
(       libmtguard.so[0xCBBCB000])[28 46       ]0x00003E2A:	MOV	R0, R5	;(R5=0x00000010 )
(       libmtguard.so[0xCBBCB000])[FE F7 C8 EB ]0x00003E2C:	BLX	#0XCBBCD5C0	;(PC=0xCBBCEE2C )
(       libmtguard.so[0xCBBCB000])[00 C6 8F E2 ]0x000025C0:	ADD	IP, PC, #0, #12	;(PC=0xCBBCD5C0 )
(       libmtguard.so[0xCBBCB000])[3D CA 8C E2 ]0x000025C4:	ADD	IP, IP, #0X3D000	;(IP=0xCBBCD5C8 )
(       libmtguard.so[0xCBBCB000])[04 F9 BC E5 ]0x000025C8:	LDR	PC, [IP, #0X904]!	;(IP=0xCBC0A5C8 )
(       libmtguard.so[0xCBBCB000])[04 46       ]0x00003E30:	MOV	R4, R0	;(R0=0x300452A8 )
(       libmtguard.so[0xCBBCB000])[24 B1       ]0x00003E32:	CBZ	R4, #0XCBBCEE3E	;(R4=0x300452A8 )
(       libmtguard.so[0xCBBCB000])[20 46       ]0x00003E34:	MOV	R0, R4	;(R4=0x300452A8 )
(       libmtguard.so[0xCBBCB000])[29 46       ]0x00003E36:	MOV	R1, R5	;(R5=0x00000010 )
(       libmtguard.so[0xCBBCB000])[FE F7 CE EB ]0x00003E38:	BLX	#0XCBBCD5D8	;(PC=0xCBBCEE38 )
(       libmtguard.so[0xCBBCB000])[00 C6 8F E2 ]0x000025D8:	ADD	IP, PC, #0, #12	;(PC=0xCBBCD5D8 )
(       libmtguard.so[0xCBBCB000])[3D CA 8C E2 ]0x000025DC:	ADD	IP, IP, #0X3D000	;(IP=0xCBBCD5E0 )
(       libmtguard.so[0xCBBCB000])[F4 F8 BC E5 ]0x000025E0:	LDR	PC, [IP, #0X8F4]!	;(IP=0xCBC0A5E0 )
(       libmtguard.so[0xCBBCB000])[00 E0       ]0x00003E3C:	B	#0XCBBCEE40
(       libmtguard.so[0xCBBCB000])[20 46       ]0x00003E40:	MOV	R0, R4	;(R4=0x300452A8 )
(       libmtguard.so[0xCBBCB000])[B0 BD       ]0x00003E42:	POP	{R4, R5, R7, PC}	;(SP=0x100FFF98 )
(       libmtguard.so[0xCBBCB000])[04 46       ]0x00003894:	MOV	R4, R0	;(R0=0x300452A8 )
(       libmtguard.so[0xCBBCB000])[94 B1       ]0x00003896:	CBZ	R4, #0XCBBCE8BE	;(R4=0x300452A8 )
(       libmtguard.so[0xCBBCB000])[0B 20       ]0x00003898:	MOVS	R0, #0XB
(       libmtguard.so[0xCBBCB000])[C4 E9 00 66 ]0x0000389A:	STRD	R6, R6, [R4]	;(R6=0x00000000 R4=0x300452A8 )
(       libmtguard.so[0xCBBCB000])[C4 E9 02 05 ]0x0000389E:	STRD	R0, R5, [R4, #8]	;(R0=0x0000000B R5=0xCBBCFE51 R4=0x300452A8 )
(       libmtguard.so[0xCBBCB000])[04 20       ]0x000038A2:	MOVS	R0, #4
(       libmtguard.so[0xCBBCB000])[0B 21       ]0x000038A4:	MOVS	R1, #0XB
(       libmtguard.so[0xCBBCB000])[00 22       ]0x000038A6:	MOVS	R2, #0
(       libmtguard.so[0xCBBCB000])[00 23       ]0x000038A8:	MOVS	R3, #0
(       libmtguard.so[0xCBBCB000])[00 F0 B9 FA ]0x000038AA:	BL	#0XCBBCEE20	;(PC=0xCBBCE8AA )
(       libmtguard.so[0xCBBCB000])[B0 B5       ]0x00003E20:	PUSH	{R4, R5, R7, LR}	;(SP=0x100FFFA8 R4=0x300452A8 R5=0xCBBCFE51 R7=0x100FFFB8 LR=0xCBBCE8AF )
(       libmtguard.so[0xCBBCB000])[02 AF       ]0x00003E22:	ADD	R7, SP, #8	;(SP=0x100FFF98 )
(       libmtguard.so[0xCBBCB000])[01 FB 00 F5 ]0x00003E24:	MUL	R5, R1, R0	;(R1=0x0000000B R0=0x00000004 )
(       libmtguard.so[0xCBBCB000])[4D B1       ]0x00003E28:	CBZ	R5, #0XCBBCEE3E	;(R5=0x0000002C )
(       libmtguard.so[0xCBBCB000])[28 46       ]0x00003E2A:	MOV	R0, R5	;(R5=0x0000002C )
(       libmtguard.so[0xCBBCB000])[FE F7 C8 EB ]0x00003E2C:	BLX	#0XCBBCD5C0	;(PC=0xCBBCEE2C )
(       libmtguard.so[0xCBBCB000])[00 C6 8F E2 ]0x000025C0:	ADD	IP, PC, #0, #12	;(PC=0xCBBCD5C0 )
(       libmtguard.so[0xCBBCB000])[3D CA 8C E2 ]0x000025C4:	ADD	IP, IP, #0X3D000	;(IP=0xCBBCD5C8 )
(       libmtguard.so[0xCBBCB000])[04 F9 BC E5 ]0x000025C8:	LDR	PC, [IP, #0X904]!	;(IP=0xCBC0A5C8 )
(       libmtguard.so[0xCBBCB000])[04 46       ]0x00003E30:	MOV	R4, R0	;(R0=0x300452C0 )
(       libmtguard.so[0xCBBCB000])[24 B1       ]0x00003E32:	CBZ	R4, #0XCBBCEE3E	;(R4=0x300452C0 )
(       libmtguard.so[0xCBBCB000])[20 46       ]0x00003E34:	MOV	R0, R4	;(R4=0x300452C0 )
(       libmtguard.so[0xCBBCB000])[29 46       ]0x00003E36:	MOV	R1, R5	;(R5=0x0000002C )
(       libmtguard.so[0xCBBCB000])[FE F7 CE EB ]0x00003E38:	BLX	#0XCBBCD5D8	;(PC=0xCBBCEE38 )
(       libmtguard.so[0xCBBCB000])[00 C6 8F E2 ]0x000025D8:	ADD	IP, PC, #0, #12	;(PC=0xCBBCD5D8 )
(       libmtguard.so[0xCBBCB000])[3D CA 8C E2 ]0x000025DC:	ADD	IP, IP, #0X3D000	;(IP=0xCBBCD5E0 )
(       libmtguard.so[0xCBBCB000])[F4 F8 BC E5 ]0x000025E0:	LDR	PC, [IP, #0X8F4]!	;(IP=0xCBC0A5E0 )
(       libmtguard.so[0xCBBCB000])[00 E0       ]0x00003E3C:	B	#0XCBBCEE40
(       libmtguard.so[0xCBBCB000])[20 46       ]0x00003E40:	MOV	R0, R4	;(R4=0x300452C0 )
(       libmtguard.so[0xCBBCB000])[B0 BD       ]0x00003E42:	POP	{R4, R5, R7, PC}	;(SP=0x100FFF98 )
(       libmtguard.so[0xCBBCB000])[00 28       ]0x000038AE:	CMP	R0, #0	;(R0=0x300452C0 )
(       libmtguard.so[0xCBBCB000])[20 60       ]0x000038B0:	STR	R0, [R4]	;(R0=0x300452C0 R4=0x300452A8 )
(       libmtguard.so[0xCBBCB000])[05 D1       ]0x000038B2:	BNE	#0XCBBCE8C0
(       libmtguard.so[0xCBBCB000])[20 46       ]0x000038C0:	MOV	R0, R4	;(R4=0x300452A8 )
(       libmtguard.so[0xCBBCB000])[5D F8 04 BB ]0x000038C2:	LDR	FP, [SP], #4	;(SP=0x100FFFA8 )
(       libmtguard.so[0xCBBCB000])[F0 BD       ]0x000038C6:	POP	{R4, R5, R6, R7, PC}	;(SP=0x100FFFAC )
(       libmtguard.so[0xCBBCB000])[01 36       ]0x0000CE08:	ADDS	R6, #1	;(R6=0x00000079 )
(       libmtguard.so[0xCBBCB000])[60 60       ]0x0000CE0A:	STR	R0, [R4, #4]	;(R0=0x300452A8 R4=0xCBC0D45C )
(       libmtguard.so[0xCBBCB000])[B6 F5 7C 7F ]0x0000CE0C:	CMP.W	R6, #0X3F0	;(R6=0x0000007A )
(       libmtguard.so[0xCBBCB000])[F3 D1       ]0x0000CE10:	BNE	#0XCBBD7DFA
(       libmtguard.so[0xCBBCB000])[48 46       ]0x0000CDFA:	MOV	R0, SB	;(SB=0xCBBCFE51 )
(       libmtguard.so[0xCBBCB000])[45 F8 36 80 ]0x0000CDFC:	STR.W	R8, [R5, R6, LSL #3]	;(R8=0xFFFFFFFF R5=0xCBC0D094 R6=0x0000007A )
(       libmtguard.so[0xCBBCB000])[05 EB C6 04 ]0x0000CE00:	ADD.W	R4, R5, R6, LSL #3	;(R5=0xCBC0D094 R6=0x0000007A )
(       libmtguard.so[0xCBBCB000])[F6 F7 3A FD ]0x0000CE04:	BL	#0XCBBCE87C	;(PC=0xCBBD7E04 )
(       libmtguard.so[0xCBBCB000])[F0 B5       ]0x0000387C:	PUSH	{R4, R5, R6, R7, LR}	;(SP=0x100FFFC0 R4=0xCBC0D464 R5=0xCBC0D094 R6=0x0000007A R7=0x100FFFE0 LR=0xCBBD7E09 )
(       libmtguard.so[0xCBBCB000])[03 AF       ]0x0000387E:	ADD	R7, SP, #0XC	;(SP=0x100FFFAC )
(       libmtguard.so[0xCBBCB000])[4D F8 04 BD ]0x00003880:	STR	FP, [SP, #-0X4]!	;(FP=0xCBC0B1C4 SP=0x100FFFAC )
(       libmtguard.so[0xCBBCB000])[05 46       ]0x00003884:	MOV	R5, R0	;(R0=0xCBBCFE51 )
(       libmtguard.so[0xCBBCB000])[01 20       ]0x00003886:	MOVS	R0, #1
(       libmtguard.so[0xCBBCB000])[10 21       ]0x00003888:	MOVS	R1, #0X10
(       libmtguard.so[0xCBBCB000])[00 22       ]0x0000388A:	MOVS	R2, #0
(       libmtguard.so[0xCBBCB000])[00 23       ]0x0000388C:	MOVS	R3, #0
(       libmtguard.so[0xCBBCB000])[00 26       ]0x0000388E:	MOVS	R6, #0
(       libmtguard.so[0xCBBCB000])[00 F0 C6 FA ]0x00003890:	BL	#0XCBBCEE20	;(PC=0xCBBCE890 )
(       libmtguard.so[0xCBBCB000])[B0 B5       ]0x00003E20:	PUSH	{R4, R5, R7, LR}	;(SP=0x100FFFA8 R4=0xCBC0D464 R5=0xCBBCFE51 R7=0x100FFFB8 LR=0xCBBCE895 )
(       libmtguard.so[0xCBBCB000])[02 AF       ]0x00003E22:	ADD	R7, SP, #8	;(SP=0x100FFF98 )
(       libmtguard.so[0xCBBCB000])[01 FB 00 F5 ]0x00003E24:	MUL	R5, R1, R0	;(R1=0x00000010 R0=0x00000001 )
(       libmtguard.so[0xCBBCB000])[4D B1       ]0x00003E28:	CBZ	R5, #0XCBBCEE3E	;(R5=0x00000010 )
(       libmtguard.so[0xCBBCB000])[28 46       ]0x00003E2A:	MOV	R0, R5	;(R5=0x00000010 )
(       libmtguard.so[0xCBBCB000])[FE F7 C8 EB ]0x00003E2C:	BLX	#0XCBBCD5C0	;(PC=0xCBBCEE2C )
(       libmtguard.so[0xCBBCB000])[00 C6 8F E2 ]0x000025C0:	ADD	IP, PC, #0, #12	;(PC=0xCBBCD5C0 )
(       libmtguard.so[0xCBBCB000])[3D CA 8C E2 ]0x000025C4:	ADD	IP, IP, #0X3D000	;(IP=0xCBBCD5C8 )
(       libmtguard.so[0xCBBCB000])[04 F9 BC E5 ]0x000025C8:	LDR	PC, [IP, #0X904]!	;(IP=0xCBC0A5C8 )
(       libmtguard.so[0xCBBCB000])[04 46       ]0x00003E30:	MOV	R4, R0	;(R0=0x300452F0 )
(       libmtguard.so[0xCBBCB000])[24 B1       ]0x00003E32:	CBZ	R4, #0XCBBCEE3E	;(R4=0x300452F0 )
(       libmtguard.so[0xCBBCB000])[20 46       ]0x00003E34:	MOV	R0, R4	;(R4=0x300452F0 )
(       libmtguard.so[0xCBBCB000])[29 46       ]0x00003E36:	MOV	R1, R5	;(R5=0x00000010 )
(       libmtguard.so[0xCBBCB000])[FE F7 CE EB ]0x00003E38:	BLX	#0XCBBCD5D8	;(PC=0xCBBCEE38 )
(       libmtguard.so[0xCBBCB000])[00 C6 8F E2 ]0x000025D8:	ADD	IP, PC, #0, #12	;(PC=0xCBBCD5D8 )
(       libmtguard.so[0xCBBCB000])[3D CA 8C E2 ]0x000025DC:	ADD	IP, IP, #0X3D000	;(IP=0xCBBCD5E0 )
(       libmtguard.so[0xCBBCB000])[F4 F8 BC E5 ]0x000025E0:	LDR	PC, [IP, #0X8F4]!	;(IP=0xCBC0A5E0 )
(       libmtguard.so[0xCBBCB000])[00 E0       ]0x00003E3C:	B	#0XCBBCEE40
(       libmtguard.so[0xCBBCB000])[20 46       ]0x00003E40:	MOV	R0, R4	;(R4=0x300452F0 )
(       libmtguard.so[0xCBBCB000])[B0 BD       ]0x00003E42:	POP	{R4, R5, R7, PC}	;(SP=0x100FFF98 )
(       libmtguard.so[0xCBBCB000])[04 46       ]0x00003894:	MOV	R4, R0	;(R0=0x300452F0 )
(       libmtguard.so[0xCBBCB000])[94 B1       ]0x00003896:	CBZ	R4, #0XCBBCE8BE	;(R4=0x300452F0 )
(       libmtguard.so[0xCBBCB000])[0B 20       ]0x00003898:	MOVS	R0, #0XB
(       libmtguard.so[0xCBBCB000])[C4 E9 00 66 ]0x0000389A:	STRD	R6, R6, [R4]	;(R6=0x00000000 R4=0x300452F0 )
(       libmtguard.so[0xCBBCB000])[C4 E9 02 05 ]0x0000389E:	STRD	R0, R5, [R4, #8]	;(R0=0x0000000B R5=0xCBBCFE51 R4=0x300452F0 )
(       libmtguard.so[0xCBBCB000])[04 20       ]0x000038A2:	MOVS	R0, #4
(       libmtguard.so[0xCBBCB000])[0B 21       ]0x000038A4:	MOVS	R1, #0XB
(       libmtguard.so[0xCBBCB000])[00 22       ]0x000038A6:	MOVS	R2, #0
(       libmtguard.so[0xCBBCB000])[00 23       ]0x000038A8:	MOVS	R3, #0
(       libmtguard.so[0xCBBCB000])[00 F0 B9 FA ]0x000038AA:	BL	#0XCBBCEE20	;(PC=0xCBBCE8AA )
(       libmtguard.so[0xCBBCB000])[B0 B5       ]0x00003E20:	PUSH	{R4, R5, R7, LR}	;(SP=0x100FFFA8 R4=0x300452F0 R5=0xCBBCFE51 R7=0x100FFFB8 LR=0xCBBCE8AF )
(       libmtguard.so[0xCBBCB000])[02 AF       ]0x00003E22:	ADD	R7, SP, #8	;(SP=0x100FFF98 )
(       libmtguard.so[0xCBBCB000])[01 FB 00 F5 ]0x00003E24:	MUL	R5, R1, R0	;(R1=0x0000000B R0=0x00000004 )
(       libmtguard.so[0xCBBCB000])[4D B1       ]0x00003E28:	CBZ	R5, #0XCBBCEE3E	;(R5=0x0000002C )
(       libmtguard.so[0xCBBCB000])[28 46       ]0x00003E2A:	MOV	R0, R5	;(R5=0x0000002C )
(       libmtguard.so[0xCBBCB000])[FE F7 C8 EB ]0x00003E2C:	BLX	#0XCBBCD5C0	;(PC=0xCBBCEE2C )
(       libmtguard.so[0xCBBCB000])[00 C6 8F E2 ]0x000025C0:	ADD	IP, PC, #0, #12	;(PC=0xCBBCD5C0 )
(       libmtguard.so[0xCBBCB000])[3D CA 8C E2 ]0x000025C4:	ADD	IP, IP, #0X3D000	;(IP=0xCBBCD5C8 )
(       libmtguard.so[0xCBBCB000])[04 F9 BC E5 ]0x000025C8:	LDR	PC, [IP, #0X904]!	;(IP=0xCBC0A5C8 )
(       libmtguard.so[0xCBBCB000])[04 46       ]0x00003E30:	MOV	R4, R0	;(R0=0x30045308 )
(       libmtguard.so[0xCBBCB000])[24 B1       ]0x00003E32:	CBZ	R4, #0XCBBCEE3E	;(R4=0x30045308 )
(       libmtguard.so[0xCBBCB000])[20 46       ]0x00003E34:	MOV	R0, R4	;(R4=0x30045308 )
(       libmtguard.so[0xCBBCB000])[29 46       ]0x00003E36:	MOV	R1, R5	;(R5=0x0000002C )
(       libmtguard.so[0xCBBCB000])[FE F7 CE EB ]0x00003E38:	BLX	#0XCBBCD5D8	;(PC=0xCBBCEE38 )
(       libmtguard.so[0xCBBCB000])[00 C6 8F E2 ]0x000025D8:	ADD	IP, PC, #0, #12	;(PC=0xCBBCD5D8 )
(       libmtguard.so[0xCBBCB000])[3D CA 8C E2 ]0x000025DC:	ADD	IP, IP, #0X3D000	;(IP=0xCBBCD5E0 )
(       libmtguard.so[0xCBBCB000])[F4 F8 BC E5 ]0x000025E0:	LDR	PC, [IP, #0X8F4]!	;(IP=0xCBC0A5E0 )
(       libmtguard.so[0xCBBCB000])[00 E0       ]0x00003E3C:	B	#0XCBBCEE40
(       libmtguard.so[0xCBBCB000])[20 46       ]0x00003E40:	MOV	R0, R4	;(R4=0x30045308 )
(       libmtguard.so[0xCBBCB000])[B0 BD       ]0x00003E42:	POP	{R4, R5, R7, PC}	;(SP=0x100FFF98 )
(       libmtguard.so[0xCBBCB000])[00 28       ]0x000038AE:	CMP	R0, #0	;(R0=0x30045308 )
(       libmtguard.so[0xCBBCB000])[20 60       ]0x000038B0:	STR	R0, [R4]	;(R0=0x30045308 R4=0x300452F0 )
(       libmtguard.so[0xCBBCB000])[05 D1       ]0x000038B2:	BNE	#0XCBBCE8C0
(       libmtguard.so[0xCBBCB000])[20 46       ]0x000038C0:	MOV	R0, R4	;(R4=0x300452F0 )
(       libmtguard.so[0xCBBCB000])[5D F8 04 BB ]0x000038C2:	LDR	FP, [SP], #4	;(SP=0x100FFFA8 )
(       libmtguard.so[0xCBBCB000])[F0 BD       ]0x000038C6:	POP	{R4, R5, R6, R7, PC}	;(SP=0x100FFFAC )
(       libmtguard.so[0xCBBCB000])[01 36       ]0x0000CE08:	ADDS	R6, #1	;(R6=0x0000007A )
(       libmtguard.so[0xCBBCB000])[60 60       ]0x0000CE0A:	STR	R0, [R4, #4]	;(R0=0x300452F0 R4=0xCBC0D464 )
(       libmtguard.so[0xCBBCB000])[B6 F5 7C 7F ]0x0000CE0C:	CMP.W	R6, #0X3F0	;(R6=0x0000007B )
(       libmtguard.so[0xCBBCB000])[F3 D1       ]0x0000CE10:	BNE	#0XCBBD7DFA
(       libmtguard.so[0xCBBCB000])[48 46       ]0x0000CDFA:	MOV	R0, SB	;(SB=0xCBBCFE51 )
(       libmtguard.so[0xCBBCB000])[45 F8 36 80 ]0x0000CDFC:	STR.W	R8, [R5, R6, LSL #3]	;(R8=0xFFFFFFFF R5=0xCBC0D094 R6=0x0000007B )
(       libmtguard.so[0xCBBCB000])[05 EB C6 04 ]0x0000CE00:	ADD.W	R4, R5, R6, LSL #3	;(R5=0xCBC0D094 R6=0x0000007B )
(       libmtguard.so[0xCBBCB000])[F6 F7 3A FD ]0x0000CE04:	BL	#0XCBBCE87C	;(PC=0xCBBD7E04 )
(       libmtguard.so[0xCBBCB000])[F0 B5       ]0x0000387C:	PUSH	{R4, R5, R6, R7, LR}	;(SP=0x100FFFC0 R4=0xCBC0D46C R5=0xCBC0D094 R6=0x0000007B R7=0x100FFFE0 LR=0xCBBD7E09 )
(       libmtguard.so[0xCBBCB000])[03 AF       ]0x0000387E:	ADD	R7, SP, #0XC	;(SP=0x100FFFAC )
(       libmtguard.so[0xCBBCB000])[4D F8 04 BD ]0x00003880:	STR	FP, [SP, #-0X4]!	;(FP=0xCBC0B1C4 SP=0x100FFFAC )
(       libmtguard.so[0xCBBCB000])[05 46       ]0x00003884:	MOV	R5, R0	;(R0=0xCBBCFE51 )
(       libmtguard.so[0xCBBCB000])[01 20       ]0x00003886:	MOVS	R0, #1
(       libmtguard.so[0xCBBCB000])[10 21       ]0x00003888:	MOVS	R1, #0X10
(       libmtguard.so[0xCBBCB000])[00 22       ]0x0000388A:	MOVS	R2, #0
(       libmtguard.so[0xCBBCB000])[00 23       ]0x0000388C:	MOVS	R3, #0
(       libmtguard.so[0xCBBCB000])[00 26       ]0x0000388E:	MOVS	R6, #0
(       libmtguard.so[0xCBBCB000])[00 F0 C6 FA ]0x00003890:	BL	#0XCBBCEE20	;(PC=0xCBBCE890 )
(       libmtguard.so[0xCBBCB000])[B0 B5       ]0x00003E20:	PUSH	{R4, R5, R7, LR}	;(SP=0x100FFFA8 R4=0xCBC0D46C R5=0xCBBCFE51 R7=0x100FFFB8 LR=0xCBBCE895 )
(       libmtguard.so[0xCBBCB000])[02 AF       ]0x00003E22:	ADD	R7, SP, #8	;(SP=0x100FFF98 )
(       libmtguard.so[0xCBBCB000])[01 FB 00 F5 ]0x00003E24:	MUL	R5, R1, R0	;(R1=0x00000010 R0=0x00000001 )
(       libmtguard.so[0xCBBCB000])[4D B1       ]0x00003E28:	CBZ	R5, #0XCBBCEE3E	;(R5=0x00000010 )
(       libmtguard.so[0xCBBCB000])[28 46       ]0x00003E2A:	MOV	R0, R5	;(R5=0x00000010 )
(       libmtguard.so[0xCBBCB000])[FE F7 C8 EB ]0x00003E2C:	BLX	#0XCBBCD5C0	;(PC=0xCBBCEE2C )
(       libmtguard.so[0xCBBCB000])[00 C6 8F E2 ]0x000025C0:	ADD	IP, PC, #0, #12	;(PC=0xCBBCD5C0 )
(       libmtguard.so[0xCBBCB000])[3D CA 8C E2 ]0x000025C4:	ADD	IP, IP, #0X3D000	;(IP=0xCBBCD5C8 )
(       libmtguard.so[0xCBBCB000])[04 F9 BC E5 ]0x000025C8:	LDR	PC, [IP, #0X904]!	;(IP=0xCBC0A5C8 )
(       libmtguard.so[0xCBBCB000])[04 46       ]0x00003E30:	MOV	R4, R0	;(R0=0x30045338 )
(       libmtguard.so[0xCBBCB000])[24 B1       ]0x00003E32:	CBZ	R4, #0XCBBCEE3E	;(R4=0x30045338 )
(       libmtguard.so[0xCBBCB000])[20 46       ]0x00003E34:	MOV	R0, R4	;(R4=0x30045338 )
(       libmtguard.so[0xCBBCB000])[29 46       ]0x00003E36:	MOV	R1, R5	;(R5=0x00000010 )
(       libmtguard.so[0xCBBCB000])[FE F7 CE EB ]0x00003E38:	BLX	#0XCBBCD5D8	;(PC=0xCBBCEE38 )
(       libmtguard.so[0xCBBCB000])[00 C6 8F E2 ]0x000025D8:	ADD	IP, PC, #0, #12	;(PC=0xCBBCD5D8 )
(       libmtguard.so[0xCBBCB000])[3D CA 8C E2 ]0x000025DC:	ADD	IP, IP, #0X3D000	;(IP=0xCBBCD5E0 )
(       libmtguard.so[0xCBBCB000])[F4 F8 BC E5 ]0x000025E0:	LDR	PC, [IP, #0X8F4]!	;(IP=0xCBC0A5E0 )
(       libmtguard.so[0xCBBCB000])[00 E0       ]0x00003E3C:	B	#0XCBBCEE40
(       libmtguard.so[0xCBBCB000])[20 46       ]0x00003E40:	MOV	R0, R4	;(R4=0x30045338 )
(       libmtguard.so[0xCBBCB000])[B0 BD       ]0x00003E42:	POP	{R4, R5, R7, PC}	;(SP=0x100FFF98 )
(       libmtguard.so[0xCBBCB000])[04 46       ]0x00003894:	MOV	R4, R0	;(R0=0x30045338 )
(       libmtguard.so[0xCBBCB000])[94 B1       ]0x00003896:	CBZ	R4, #0XCBBCE8BE	;(R4=0x30045338 )
(       libmtguard.so[0xCBBCB000])[0B 20       ]0x00003898:	MOVS	R0, #0XB
(       libmtguard.so[0xCBBCB000])[C4 E9 00 66 ]0x0000389A:	STRD	R6, R6, [R4]	;(R6=0x00000000 R4=0x30045338 )
(       libmtguard.so[0xCBBCB000])[C4 E9 02 05 ]0x0000389E:	STRD	R0, R5, [R4, #8]	;(R0=0x0000000B R5=0xCBBCFE51 R4=0x30045338 )
(       libmtguard.so[0xCBBCB000])[04 20       ]0x000038A2:	MOVS	R0, #4
(       libmtguard.so[0xCBBCB000])[0B 21       ]0x000038A4:	MOVS	R1, #0XB
(       libmtguard.so[0xCBBCB000])[00 22       ]0x000038A6:	MOVS	R2, #0
(       libmtguard.so[0xCBBCB000])[00 23       ]0x000038A8:	MOVS	R3, #0
(       libmtguard.so[0xCBBCB000])[00 F0 B9 FA ]0x000038AA:	BL	#0XCBBCEE20	;(PC=0xCBBCE8AA )
(       libmtguard.so[0xCBBCB000])[B0 B5       ]0x00003E20:	PUSH	{R4, R5, R7, LR}	;(SP=0x100FFFA8 R4=0x30045338 R5=0xCBBCFE51 R7=0x100FFFB8 LR=0xCBBCE8AF )
(       libmtguard.so[0xCBBCB000])[02 AF       ]0x00003E22:	ADD	R7, SP, #8	;(SP=0x100FFF98 )
(       libmtguard.so[0xCBBCB000])[01 FB 00 F5 ]0x00003E24:	MUL	R5, R1, R0	;(R1=0x0000000B R0=0x00000004 )
(       libmtguard.so[0xCBBCB000])[4D B1       ]0x00003E28:	CBZ	R5, #0XCBBCEE3E	;(R5=0x0000002C )
(       libmtguard.so[0xCBBCB000])[28 46       ]0x00003E2A:	MOV	R0, R5	;(R5=0x0000002C )
(       libmtguard.so[0xCBBCB000])[FE F7 C8 EB ]0x00003E2C:	BLX	#0XCBBCD5C0	;(PC=0xCBBCEE2C )
(       libmtguard.so[0xCBBCB000])[00 C6 8F E2 ]0x000025C0:	ADD	IP, PC, #0, #12	;(PC=0xCBBCD5C0 )
(       libmtguard.so[0xCBBCB000])[3D CA 8C E2 ]0x000025C4:	ADD	IP, IP, #0X3D000	;(IP=0xCBBCD5C8 )
(       libmtguard.so[0xCBBCB000])[04 F9 BC E5 ]0x000025C8:	LDR	PC, [IP, #0X904]!	;(IP=0xCBC0A5C8 )
(       libmtguard.so[0xCBBCB000])[04 46       ]0x00003E30:	MOV	R4, R0	;(R0=0x30045350 )
(       libmtguard.so[0xCBBCB000])[24 B1       ]0x00003E32:	CBZ	R4, #0XCBBCEE3E	;(R4=0x30045350 )
(       libmtguard.so[0xCBBCB000])[20 46       ]0x00003E34:	MOV	R0, R4	;(R4=0x30045350 )
(       libmtguard.so[0xCBBCB000])[29 46       ]0x00003E36:	MOV	R1, R5	;(R5=0x0000002C )
(       libmtguard.so[0xCBBCB000])[FE F7 CE EB ]0x00003E38:	BLX	#0XCBBCD5D8	;(PC=0xCBBCEE38 )
(       libmtguard.so[0xCBBCB000])[00 C6 8F E2 ]0x000025D8:	ADD	IP, PC, #0, #12	;(PC=0xCBBCD5D8 )
(       libmtguard.so[0xCBBCB000])[3D CA 8C E2 ]0x000025DC:	ADD	IP, IP, #0X3D000	;(IP=0xCBBCD5E0 )
(       libmtguard.so[0xCBBCB000])[F4 F8 BC E5 ]0x000025E0:	LDR	PC, [IP, #0X8F4]!	;(IP=0xCBC0A5E0 )
(       libmtguard.so[0xCBBCB000])[00 E0       ]0x00003E3C:	B	#0XCBBCEE40
(       libmtguard.so[0xCBBCB000])[20 46       ]0x00003E40:	MOV	R0, R4	;(R4=0x30045350 )
(       libmtguard.so[0xCBBCB000])[B0 BD       ]0x00003E42:	POP	{R4, R5, R7, PC}	;(SP=0x100FFF98 )
(       libmtguard.so[0xCBBCB000])[00 28       ]0x000038AE:	CMP	R0, #0	;(R0=0x30045350 )
(       libmtguard.so[0xCBBCB000])[20 60       ]0x000038B0:	STR	R0, [R4]	;(R0=0x30045350 R4=0x30045338 )
(       libmtguard.so[0xCBBCB000])[05 D1       ]0x000038B2:	BNE	#0XCBBCE8C0
(       libmtguard.so[0xCBBCB000])[20 46       ]0x000038C0:	MOV	R0, R4	;(R4=0x30045338 )
(       libmtguard.so[0xCBBCB000])[5D F8 04 BB ]0x000038C2:	LDR	FP, [SP], #4	;(SP=0x100FFFA8 )
(       libmtguard.so[0xCBBCB000])[F0 BD       ]0x000038C6:	POP	{R4, R5, R6, R7, PC}	;(SP=0x100FFFAC )
(       libmtguard.so[0xCBBCB000])[01 36       ]0x0000CE08:	ADDS	R6, #1	;(R6=0x0000007B )
(       libmtguard.so[0xCBBCB000])[60 60       ]0x0000CE0A:	STR	R0, [R4, #4]	;(R0=0x30045338 R4=0xCBC0D46C )
(       libmtguard.so[0xCBBCB000])[B6 F5 7C 7F ]0x0000CE0C:	CMP.W	R6, #0X3F0	;(R6=0x0000007C )
(       libmtguard.so[0xCBBCB000])[F3 D1       ]0x0000CE10:	BNE	#0XCBBD7DFA
(       libmtguard.so[0xCBBCB000])[48 46       ]0x0000CDFA:	MOV	R0, SB	;(SB=0xCBBCFE51 )
(       libmtguard.so[0xCBBCB000])[45 F8 36 80 ]0x0000CDFC:	STR.W	R8, [R5, R6, LSL #3]	;(R8=0xFFFFFFFF R5=0xCBC0D094 R6=0x0000007C )
(       libmtguard.so[0xCBBCB000])[05 EB C6 04 ]0x0000CE00:	ADD.W	R4, R5, R6, LSL #3	;(R5=0xCBC0D094 R6=0x0000007C )
(       libmtguard.so[0xCBBCB000])[F6 F7 3A FD ]0x0000CE04:	BL	#0XCBBCE87C	;(PC=0xCBBD7E04 )
(       libmtguard.so[0xCBBCB000])[F0 B5       ]0x0000387C:	PUSH	{R4, R5, R6, R7, LR}	;(SP=0x100FFFC0 R4=0xCBC0D474 R5=0xCBC0D094 R6=0x0000007C R7=0x100FFFE0 LR=0xCBBD7E09 )
(       libmtguard.so[0xCBBCB000])[03 AF       ]0x0000387E:	ADD	R7, SP, #0XC	;(SP=0x100FFFAC )
(       libmtguard.so[0xCBBCB000])[4D F8 04 BD ]0x00003880:	STR	FP, [SP, #-0X4]!	;(FP=0xCBC0B1C4 SP=0x100FFFAC )
(       libmtguard.so[0xCBBCB000])[05 46       ]0x00003884:	MOV	R5, R0	;(R0=0xCBBCFE51 )
(       libmtguard.so[0xCBBCB000])[01 20       ]0x00003886:	MOVS	R0, #1
(       libmtguard.so[0xCBBCB000])[10 21       ]0x00003888:	MOVS	R1, #0X10
(       libmtguard.so[0xCBBCB000])[00 22       ]0x0000388A:	MOVS	R2, #0
(       libmtguard.so[0xCBBCB000])[00 23       ]0x0000388C:	MOVS	R3, #0
(       libmtguard.so[0xCBBCB000])[00 26       ]0x0000388E:	MOVS	R6, #0
(       libmtguard.so[0xCBBCB000])[00 F0 C6 FA ]0x00003890:	BL	#0XCBBCEE20	;(PC=0xCBBCE890 )
(       libmtguard.so[0xCBBCB000])[B0 B5       ]0x00003E20:	PUSH	{R4, R5, R7, LR}	;(SP=0x100FFFA8 R4=0xCBC0D474 R5=0xCBBCFE51 R7=0x100FFFB8 LR=0xCBBCE895 )
(       libmtguard.so[0xCBBCB000])[02 AF       ]0x00003E22:	ADD	R7, SP, #8	;(SP=0x100FFF98 )
(       libmtguard.so[0xCBBCB000])[01 FB 00 F5 ]0x00003E24:	MUL	R5, R1, R0	;(R1=0x00000010 R0=0x00000001 )
(       libmtguard.so[0xCBBCB000])[4D B1       ]0x00003E28:	CBZ	R5, #0XCBBCEE3E	;(R5=0x00000010 )
(       libmtguard.so[0xCBBCB000])[28 46       ]0x00003E2A:	MOV	R0, R5	;(R5=0x00000010 )
(       libmtguard.so[0xCBBCB000])[FE F7 C8 EB ]0x00003E2C:	BLX	#0XCBBCD5C0	;(PC=0xCBBCEE2C )
(       libmtguard.so[0xCBBCB000])[00 C6 8F E2 ]0x000025C0:	ADD	IP, PC, #0, #12	;(PC=0xCBBCD5C0 )
(       libmtguard.so[0xCBBCB000])[3D CA 8C E2 ]0x000025C4:	ADD	IP, IP, #0X3D000	;(IP=0xCBBCD5C8 )
(       libmtguard.so[0xCBBCB000])[04 F9 BC E5 ]0x000025C8:	LDR	PC, [IP, #0X904]!	;(IP=0xCBC0A5C8 )
(       libmtguard.so[0xCBBCB000])[04 46       ]0x00003E30:	MOV	R4, R0	;(R0=0x30045380 )
(       libmtguard.so[0xCBBCB000])[24 B1       ]0x00003E32:	CBZ	R4, #0XCBBCEE3E	;(R4=0x30045380 )
(       libmtguard.so[0xCBBCB000])[20 46       ]0x00003E34:	MOV	R0, R4	;(R4=0x30045380 )
(       libmtguard.so[0xCBBCB000])[29 46       ]0x00003E36:	MOV	R1, R5	;(R5=0x00000010 )
(       libmtguard.so[0xCBBCB000])[FE F7 CE EB ]0x00003E38:	BLX	#0XCBBCD5D8	;(PC=0xCBBCEE38 )
(       libmtguard.so[0xCBBCB000])[00 C6 8F E2 ]0x000025D8:	ADD	IP, PC, #0, #12	;(PC=0xCBBCD5D8 )
(       libmtguard.so[0xCBBCB000])[3D CA 8C E2 ]0x000025DC:	ADD	IP, IP, #0X3D000	;(IP=0xCBBCD5E0 )
(       libmtguard.so[0xCBBCB000])[F4 F8 BC E5 ]0x000025E0:	LDR	PC, [IP, #0X8F4]!	;(IP=0xCBC0A5E0 )
(       libmtguard.so[0xCBBCB000])[00 E0       ]0x00003E3C:	B	#0XCBBCEE40
(       libmtguard.so[0xCBBCB000])[20 46       ]0x00003E40:	MOV	R0, R4	;(R4=0x30045380 )
(       libmtguard.so[0xCBBCB000])[B0 BD       ]0x00003E42:	POP	{R4, R5, R7, PC}	;(SP=0x100FFF98 )
(       libmtguard.so[0xCBBCB000])[04 46       ]0x00003894:	MOV	R4, R0	;(R0=0x30045380 )
(       libmtguard.so[0xCBBCB000])[94 B1       ]0x00003896:	CBZ	R4, #0XCBBCE8BE	;(R4=0x30045380 )
(       libmtguard.so[0xCBBCB000])[0B 20       ]0x00003898:	MOVS	R0, #0XB
(       libmtguard.so[0xCBBCB000])[C4 E9 00 66 ]0x0000389A:	STRD	R6, R6, [R4]	;(R6=0x00000000 R4=0x30045380 )
(       libmtguard.so[0xCBBCB000])[C4 E9 02 05 ]0x0000389E:	STRD	R0, R5, [R4, #8]	;(R0=0x0000000B R5=0xCBBCFE51 R4=0x30045380 )
(       libmtguard.so[0xCBBCB000])[04 20       ]0x000038A2:	MOVS	R0, #4
(       libmtguard.so[0xCBBCB000])[0B 21       ]0x000038A4:	MOVS	R1, #0XB
(       libmtguard.so[0xCBBCB000])[00 22       ]0x000038A6:	MOVS	R2, #0
(       libmtguard.so[0xCBBCB000])[00 23       ]0x000038A8:	MOVS	R3, #0
(       libmtguard.so[0xCBBCB000])[00 F0 B9 FA ]0x000038AA:	BL	#0XCBBCEE20	;(PC=0xCBBCE8AA )
(       libmtguard.so[0xCBBCB000])[B0 B5       ]0x00003E20:	PUSH	{R4, R5, R7, LR}	;(SP=0x100FFFA8 R4=0x30045380 R5=0xCBBCFE51 R7=0x100FFFB8 LR=0xCBBCE8AF )
(       libmtguard.so[0xCBBCB000])[02 AF       ]0x00003E22:	ADD	R7, SP, #8	;(SP=0x100FFF98 )
(       libmtguard.so[0xCBBCB000])[01 FB 00 F5 ]0x00003E24:	MUL	R5, R1, R0	;(R1=0x0000000B R0=0x00000004 )
(       libmtguard.so[0xCBBCB000])[4D B1       ]0x00003E28:	CBZ	R5, #0XCBBCEE3E	;(R5=0x0000002C )
(       libmtguard.so[0xCBBCB000])[28 46       ]0x00003E2A:	MOV	R0, R5	;(R5=0x0000002C )
(       libmtguard.so[0xCBBCB000])[FE F7 C8 EB ]0x00003E2C:	BLX	#0XCBBCD5C0	;(PC=0xCBBCEE2C )
(       libmtguard.so[0xCBBCB000])[00 C6 8F E2 ]0x000025C0:	ADD	IP, PC, #0, #12	;(PC=0xCBBCD5C0 )
(       libmtguard.so[0xCBBCB000])[3D CA 8C E2 ]0x000025C4:	ADD	IP, IP, #0X3D000	;(IP=0xCBBCD5C8 )
(       libmtguard.so[0xCBBCB000])[04 F9 BC E5 ]0x000025C8:	LDR	PC, [IP, #0X904]!	;(IP=0xCBC0A5C8 )
(       libmtguard.so[0xCBBCB000])[04 46       ]0x00003E30:	MOV	R4, R0	;(R0=0x30045398 )
(       libmtguard.so[0xCBBCB000])[24 B1       ]0x00003E32:	CBZ	R4, #0XCBBCEE3E	;(R4=0x30045398 )
(       libmtguard.so[0xCBBCB000])[20 46       ]0x00003E34:	MOV	R0, R4	;(R4=0x30045398 )
(       libmtguard.so[0xCBBCB000])[29 46       ]0x00003E36:	MOV	R1, R5	;(R5=0x0000002C )
(       libmtguard.so[0xCBBCB000])[FE F7 CE EB ]0x00003E38:	BLX	#0XCBBCD5D8	;(PC=0xCBBCEE38 )
(       libmtguard.so[0xCBBCB000])[00 C6 8F E2 ]0x000025D8:	ADD	IP, PC, #0, #12	;(PC=0xCBBCD5D8 )
(       libmtguard.so[0xCBBCB000])[3D CA 8C E2 ]0x000025DC:	ADD	IP, IP, #0X3D000	;(IP=0xCBBCD5E0 )
(       libmtguard.so[0xCBBCB000])[F4 F8 BC E5 ]0x000025E0:	LDR	PC, [IP, #0X8F4]!	;(IP=0xCBC0A5E0 )
(       libmtguard.so[0xCBBCB000])[00 E0       ]0x00003E3C:	B	#0XCBBCEE40
(       libmtguard.so[0xCBBCB000])[20 46       ]0x00003E40:	MOV	R0, R4	;(R4=0x30045398 )
(       libmtguard.so[0xCBBCB000])[B0 BD       ]0x00003E42:	POP	{R4, R5, R7, PC}	;(SP=0x100FFF98 )
(       libmtguard.so[0xCBBCB000])[00 28       ]0x000038AE:	CMP	R0, #0	;(R0=0x30045398 )
(       libmtguard.so[0xCBBCB000])[20 60       ]0x000038B0:	STR	R0, [R4]	;(R0=0x30045398 R4=0x30045380 )
(       libmtguard.so[0xCBBCB000])[05 D1       ]0x000038B2:	BNE	#0XCBBCE8C0
(       libmtguard.so[0xCBBCB000])[20 46       ]0x000038C0:	MOV	R0, R4	;(R4=0x30045380 )
(       libmtguard.so[0xCBBCB000])[5D F8 04 BB ]0x000038C2:	LDR	FP, [SP], #4	;(SP=0x100FFFA8 )
(       libmtguard.so[0xCBBCB000])[F0 BD       ]0x000038C6:	POP	{R4, R5, R6, R7, PC}	;(SP=0x100FFFAC )
(       libmtguard.so[0xCBBCB000])[01 36       ]0x0000CE08:	ADDS	R6, #1	;(R6=0x0000007C )
(       libmtguard.so[0xCBBCB000])[60 60       ]0x0000CE0A:	STR	R0, [R4, #4]	;(R0=0x30045380 R4=0xCBC0D474 )
(       libmtguard.so[0xCBBCB000])[B6 F5 7C 7F ]0x0000CE0C:	CMP.W	R6, #0X3F0	;(R6=0x0000007D )
(       libmtguard.so[0xCBBCB000])[F3 D1       ]0x0000CE10:	BNE	#0XCBBD7DFA
(       libmtguard.so[0xCBBCB000])[48 46       ]0x0000CDFA:	MOV	R0, SB	;(SB=0xCBBCFE51 )
(       libmtguard.so[0xCBBCB000])[45 F8 36 80 ]0x0000CDFC:	STR.W	R8, [R5, R6, LSL #3]	;(R8=0xFFFFFFFF R5=0xCBC0D094 R6=0x0000007D )
(       libmtguard.so[0xCBBCB000])[05 EB C6 04 ]0x0000CE00:	ADD.W	R4, R5, R6, LSL #3	;(R5=0xCBC0D094 R6=0x0000007D )
(       libmtguard.so[0xCBBCB000])[F6 F7 3A FD ]0x0000CE04:	BL	#0XCBBCE87C	;(PC=0xCBBD7E04 )
(       libmtguard.so[0xCBBCB000])[F0 B5       ]0x0000387C:	PUSH	{R4, R5, R6, R7, LR}	;(SP=0x100FFFC0 R4=0xCBC0D47C R5=0xCBC0D094 R6=0x0000007D R7=0x100FFFE0 LR=0xCBBD7E09 )
(       libmtguard.so[0xCBBCB000])[03 AF       ]0x0000387E:	ADD	R7, SP, #0XC	;(SP=0x100FFFAC )
(       libmtguard.so[0xCBBCB000])[4D F8 04 BD ]0x00003880:	STR	FP, [SP, #-0X4]!	;(FP=0xCBC0B1C4 SP=0x100FFFAC )
(       libmtguard.so[0xCBBCB000])[05 46       ]0x00003884:	MOV	R5, R0	;(R0=0xCBBCFE51 )
(       libmtguard.so[0xCBBCB000])[01 20       ]0x00003886:	MOVS	R0, #1
(       libmtguard.so[0xCBBCB000])[10 21       ]0x00003888:	MOVS	R1, #0X10
(       libmtguard.so[0xCBBCB000])[00 22       ]0x0000388A:	MOVS	R2, #0
(       libmtguard.so[0xCBBCB000])[00 23       ]0x0000388C:	MOVS	R3, #0
(       libmtguard.so[0xCBBCB000])[00 26       ]0x0000388E:	MOVS	R6, #0
(       libmtguard.so[0xCBBCB000])[00 F0 C6 FA ]0x00003890:	BL	#0XCBBCEE20	;(PC=0xCBBCE890 )
(       libmtguard.so[0xCBBCB000])[B0 B5       ]0x00003E20:	PUSH	{R4, R5, R7, LR}	;(SP=0x100FFFA8 R4=0xCBC0D47C R5=0xCBBCFE51 R7=0x100FFFB8 LR=0xCBBCE895 )
(       libmtguard.so[0xCBBCB000])[02 AF       ]0x00003E22:	ADD	R7, SP, #8	;(SP=0x100FFF98 )
(       libmtguard.so[0xCBBCB000])[01 FB 00 F5 ]0x00003E24:	MUL	R5, R1, R0	;(R1=0x00000010 R0=0x00000001 )
(       libmtguard.so[0xCBBCB000])[4D B1       ]0x00003E28:	CBZ	R5, #0XCBBCEE3E	;(R5=0x00000010 )
(       libmtguard.so[0xCBBCB000])[28 46       ]0x00003E2A:	MOV	R0, R5	;(R5=0x00000010 )
(       libmtguard.so[0xCBBCB000])[FE F7 C8 EB ]0x00003E2C:	BLX	#0XCBBCD5C0	;(PC=0xCBBCEE2C )
(       libmtguard.so[0xCBBCB000])[00 C6 8F E2 ]0x000025C0:	ADD	IP, PC, #0, #12	;(PC=0xCBBCD5C0 )
(       libmtguard.so[0xCBBCB000])[3D CA 8C E2 ]0x000025C4:	ADD	IP, IP, #0X3D000	;(IP=0xCBBCD5C8 )
(       libmtguard.so[0xCBBCB000])[04 F9 BC E5 ]0x000025C8:	LDR	PC, [IP, #0X904]!	;(IP=0xCBC0A5C8 )
(       libmtguard.so[0xCBBCB000])[04 46       ]0x00003E30:	MOV	R4, R0	;(R0=0x300453C8 )
(       libmtguard.so[0xCBBCB000])[24 B1       ]0x00003E32:	CBZ	R4, #0XCBBCEE3E	;(R4=0x300453C8 )
(       libmtguard.so[0xCBBCB000])[20 46       ]0x00003E34:	MOV	R0, R4	;(R4=0x300453C8 )
(       libmtguard.so[0xCBBCB000])[29 46       ]0x00003E36:	MOV	R1, R5	;(R5=0x00000010 )
(       libmtguard.so[0xCBBCB000])[FE F7 CE EB ]0x00003E38:	BLX	#0XCBBCD5D8	;(PC=0xCBBCEE38 )
(       libmtguard.so[0xCBBCB000])[00 C6 8F E2 ]0x000025D8:	ADD	IP, PC, #0, #12	;(PC=0xCBBCD5D8 )
(       libmtguard.so[0xCBBCB000])[3D CA 8C E2 ]0x000025DC:	ADD	IP, IP, #0X3D000	;(IP=0xCBBCD5E0 )
(       libmtguard.so[0xCBBCB000])[F4 F8 BC E5 ]0x000025E0:	LDR	PC, [IP, #0X8F4]!	;(IP=0xCBC0A5E0 )
(       libmtguard.so[0xCBBCB000])[00 E0       ]0x00003E3C:	B	#0XCBBCEE40
(       libmtguard.so[0xCBBCB000])[20 46       ]0x00003E40:	MOV	R0, R4	;(R4=0x300453C8 )
(       libmtguard.so[0xCBBCB000])[B0 BD       ]0x00003E42:	POP	{R4, R5, R7, PC}	;(SP=0x100FFF98 )
(       libmtguard.so[0xCBBCB000])[04 46       ]0x00003894:	MOV	R4, R0	;(R0=0x300453C8 )
(       libmtguard.so[0xCBBCB000])[94 B1       ]0x00003896:	CBZ	R4, #0XCBBCE8BE	;(R4=0x300453C8 )
(       libmtguard.so[0xCBBCB000])[0B 20       ]0x00003898:	MOVS	R0, #0XB
(       libmtguard.so[0xCBBCB000])[C4 E9 00 66 ]0x0000389A:	STRD	R6, R6, [R4]	;(R6=0x00000000 R4=0x300453C8 )
(       libmtguard.so[0xCBBCB000])[C4 E9 02 05 ]0x0000389E:	STRD	R0, R5, [R4, #8]	;(R0=0x0000000B R5=0xCBBCFE51 R4=0x300453C8 )
(       libmtguard.so[0xCBBCB000])[04 20       ]0x000038A2:	MOVS	R0, #4
(       libmtguard.so[0xCBBCB000])[0B 21       ]0x000038A4:	MOVS	R1, #0XB
(       libmtguard.so[0xCBBCB000])[00 22       ]0x000038A6:	MOVS	R2, #0
(       libmtguard.so[0xCBBCB000])[00 23       ]0x000038A8:	MOVS	R3, #0
(       libmtguard.so[0xCBBCB000])[00 F0 B9 FA ]0x000038AA:	BL	#0XCBBCEE20	;(PC=0xCBBCE8AA )
(       libmtguard.so[0xCBBCB000])[B0 B5       ]0x00003E20:	PUSH	{R4, R5, R7, LR}	;(SP=0x100FFFA8 R4=0x300453C8 R5=0xCBBCFE51 R7=0x100FFFB8 LR=0xCBBCE8AF )
(       libmtguard.so[0xCBBCB000])[02 AF       ]0x00003E22:	ADD	R7, SP, #8	;(SP=0x100FFF98 )
(       libmtguard.so[0xCBBCB000])[01 FB 00 F5 ]0x00003E24:	MUL	R5, R1, R0	;(R1=0x0000000B R0=0x00000004 )
(       libmtguard.so[0xCBBCB000])[4D B1       ]0x00003E28:	CBZ	R5, #0XCBBCEE3E	;(R5=0x0000002C )
(       libmtguard.so[0xCBBCB000])[28 46       ]0x00003E2A:	MOV	R0, R5	;(R5=0x0000002C )
(       libmtguard.so[0xCBBCB000])[FE F7 C8 EB ]0x00003E2C:	BLX	#0XCBBCD5C0	;(PC=0xCBBCEE2C )
(       libmtguard.so[0xCBBCB000])[00 C6 8F E2 ]0x000025C0:	ADD	IP, PC, #0, #12	;(PC=0xCBBCD5C0 )
(       libmtguard.so[0xCBBCB000])[3D CA 8C E2 ]0x000025C4:	ADD	IP, IP, #0X3D000	;(IP=0xCBBCD5C8 )
(       libmtguard.so[0xCBBCB000])[04 F9 BC E5 ]0x000025C8:	LDR	PC, [IP, #0X904]!	;(IP=0xCBC0A5C8 )
(       libmtguard.so[0xCBBCB000])[04 46       ]0x00003E30:	MOV	R4, R0	;(R0=0x300453E0 )
(       libmtguard.so[0xCBBCB000])[24 B1       ]0x00003E32:	CBZ	R4, #0XCBBCEE3E	;(R4=0x300453E0 )
(       libmtguard.so[0xCBBCB000])[20 46       ]0x00003E34:	MOV	R0, R4	;(R4=0x300453E0 )
(       libmtguard.so[0xCBBCB000])[29 46       ]0x00003E36:	MOV	R1, R5	;(R5=0x0000002C )
(       libmtguard.so[0xCBBCB000])[FE F7 CE EB ]0x00003E38:	BLX	#0XCBBCD5D8	;(PC=0xCBBCEE38 )
(       libmtguard.so[0xCBBCB000])[00 C6 8F E2 ]0x000025D8:	ADD	IP, PC, #0, #12	;(PC=0xCBBCD5D8 )
(       libmtguard.so[0xCBBCB000])[3D CA 8C E2 ]0x000025DC:	ADD	IP, IP, #0X3D000	;(IP=0xCBBCD5E0 )
(       libmtguard.so[0xCBBCB000])[F4 F8 BC E5 ]0x000025E0:	LDR	PC, [IP, #0X8F4]!	;(IP=0xCBC0A5E0 )
(       libmtguard.so[0xCBBCB000])[00 E0       ]0x00003E3C:	B	#0XCBBCEE40
(       libmtguard.so[0xCBBCB000])[20 46       ]0x00003E40:	MOV	R0, R4	;(R4=0x300453E0 )
(       libmtguard.so[0xCBBCB000])[B0 BD       ]0x00003E42:	POP	{R4, R5, R7, PC}	;(SP=0x100FFF98 )
(       libmtguard.so[0xCBBCB000])[00 28       ]0x000038AE:	CMP	R0, #0	;(R0=0x300453E0 )
(       libmtguard.so[0xCBBCB000])[20 60       ]0x000038B0:	STR	R0, [R4]	;(R0=0x300453E0 R4=0x300453C8 )
(       libmtguard.so[0xCBBCB000])[05 D1       ]0x000038B2:	BNE	#0XCBBCE8C0
(       libmtguard.so[0xCBBCB000])[20 46       ]0x000038C0:	MOV	R0, R4	;(R4=0x300453C8 )
(       libmtguard.so[0xCBBCB000])[5D F8 04 BB ]0x000038C2:	LDR	FP, [SP], #4	;(SP=0x100FFFA8 )
(       libmtguard.so[0xCBBCB000])[F0 BD       ]0x000038C6:	POP	{R4, R5, R6, R7, PC}	;(SP=0x100FFFAC )
(       libmtguard.so[0xCBBCB000])[01 36       ]0x0000CE08:	ADDS	R6, #1	;(R6=0x0000007D )
(       libmtguard.so[0xCBBCB000])[60 60       ]0x0000CE0A:	STR	R0, [R4, #4]	;(R0=0x300453C8 R4=0xCBC0D47C )
(       libmtguard.so[0xCBBCB000])[B6 F5 7C 7F ]0x0000CE0C:	CMP.W	R6, #0X3F0	;(R6=0x0000007E )
(       libmtguard.so[0xCBBCB000])[F3 D1       ]0x0000CE10:	BNE	#0XCBBD7DFA
(       libmtguard.so[0xCBBCB000])[48 46       ]0x0000CDFA:	MOV	R0, SB	;(SB=0xCBBCFE51 )
(       libmtguard.so[0xCBBCB000])[45 F8 36 80 ]0x0000CDFC:	STR.W	R8, [R5, R6, LSL #3]	;(R8=0xFFFFFFFF R5=0xCBC0D094 R6=0x0000007E )
(       libmtguard.so[0xCBBCB000])[05 EB C6 04 ]0x0000CE00:	ADD.W	R4, R5, R6, LSL #3	;(R5=0xCBC0D094 R6=0x0000007E )
(       libmtguard.so[0xCBBCB000])[F6 F7 3A FD ]0x0000CE04:	BL	#0XCBBCE87C	;(PC=0xCBBD7E04 )
(       libmtguard.so[0xCBBCB000])[F0 B5       ]0x0000387C:	PUSH	{R4, R5, R6, R7, LR}	;(SP=0x100FFFC0 R4=0xCBC0D484 R5=0xCBC0D094 R6=0x0000007E R7=0x100FFFE0 LR=0xCBBD7E09 )
(       libmtguard.so[0xCBBCB000])[03 AF       ]0x0000387E:	ADD	R7, SP, #0XC	;(SP=0x100FFFAC )
(       libmtguard.so[0xCBBCB000])[4D F8 04 BD ]0x00003880:	STR	FP, [SP, #-0X4]!	;(FP=0xCBC0B1C4 SP=0x100FFFAC )
(       libmtguard.so[0xCBBCB000])[05 46       ]0x00003884:	MOV	R5, R0	;(R0=0xCBBCFE51 )
(       libmtguard.so[0xCBBCB000])[01 20       ]0x00003886:	MOVS	R0, #1
(       libmtguard.so[0xCBBCB000])[10 21       ]0x00003888:	MOVS	R1, #0X10
(       libmtguard.so[0xCBBCB000])[00 22       ]0x0000388A:	MOVS	R2, #0
(       libmtguard.so[0xCBBCB000])[00 23       ]0x0000388C:	MOVS	R3, #0
(       libmtguard.so[0xCBBCB000])[00 26       ]0x0000388E:	MOVS	R6, #0
(       libmtguard.so[0xCBBCB000])[00 F0 C6 FA ]0x00003890:	BL	#0XCBBCEE20	;(PC=0xCBBCE890 )
(       libmtguard.so[0xCBBCB000])[B0 B5       ]0x00003E20:	PUSH	{R4, R5, R7, LR}	;(SP=0x100FFFA8 R4=0xCBC0D484 R5=0xCBBCFE51 R7=0x100FFFB8 LR=0xCBBCE895 )
(       libmtguard.so[0xCBBCB000])[02 AF       ]0x00003E22:	ADD	R7, SP, #8	;(SP=0x100FFF98 )
(       libmtguard.so[0xCBBCB000])[01 FB 00 F5 ]0x00003E24:	MUL	R5, R1, R0	;(R1=0x00000010 R0=0x00000001 )
(       libmtguard.so[0xCBBCB000])[4D B1       ]0x00003E28:	CBZ	R5, #0XCBBCEE3E	;(R5=0x00000010 )
(       libmtguard.so[0xCBBCB000])[28 46       ]0x00003E2A:	MOV	R0, R5	;(R5=0x00000010 )
(       libmtguard.so[0xCBBCB000])[FE F7 C8 EB ]0x00003E2C:	BLX	#0XCBBCD5C0	;(PC=0xCBBCEE2C )
(       libmtguard.so[0xCBBCB000])[00 C6 8F E2 ]0x000025C0:	ADD	IP, PC, #0, #12	;(PC=0xCBBCD5C0 )
(       libmtguard.so[0xCBBCB000])[3D CA 8C E2 ]0x000025C4:	ADD	IP, IP, #0X3D000	;(IP=0xCBBCD5C8 )
(       libmtguard.so[0xCBBCB000])[04 F9 BC E5 ]0x000025C8:	LDR	PC, [IP, #0X904]!	;(IP=0xCBC0A5C8 )
(       libmtguard.so[0xCBBCB000])[04 46       ]0x00003E30:	MOV	R4, R0	;(R0=0x30045410 )
(       libmtguard.so[0xCBBCB000])[24 B1       ]0x00003E32:	CBZ	R4, #0XCBBCEE3E	;(R4=0x30045410 )
(       libmtguard.so[0xCBBCB000])[20 46       ]0x00003E34:	MOV	R0, R4	;(R4=0x30045410 )
(       libmtguard.so[0xCBBCB000])[29 46       ]0x00003E36:	MOV	R1, R5	;(R5=0x00000010 )
(       libmtguard.so[0xCBBCB000])[FE F7 CE EB ]0x00003E38:	BLX	#0XCBBCD5D8	;(PC=0xCBBCEE38 )
(       libmtguard.so[0xCBBCB000])[00 C6 8F E2 ]0x000025D8:	ADD	IP, PC, #0, #12	;(PC=0xCBBCD5D8 )
(       libmtguard.so[0xCBBCB000])[3D CA 8C E2 ]0x000025DC:	ADD	IP, IP, #0X3D000	;(IP=0xCBBCD5E0 )
(       libmtguard.so[0xCBBCB000])[F4 F8 BC E5 ]0x000025E0:	LDR	PC, [IP, #0X8F4]!	;(IP=0xCBC0A5E0 )
(       libmtguard.so[0xCBBCB000])[00 E0       ]0x00003E3C:	B	#0XCBBCEE40
(       libmtguard.so[0xCBBCB000])[20 46       ]0x00003E40:	MOV	R0, R4	;(R4=0x30045410 )
(       libmtguard.so[0xCBBCB000])[B0 BD       ]0x00003E42:	POP	{R4, R5, R7, PC}	;(SP=0x100FFF98 )
(       libmtguard.so[0xCBBCB000])[04 46       ]0x00003894:	MOV	R4, R0	;(R0=0x30045410 )
(       libmtguard.so[0xCBBCB000])[94 B1       ]0x00003896:	CBZ	R4, #0XCBBCE8BE	;(R4=0x30045410 )
(       libmtguard.so[0xCBBCB000])[0B 20       ]0x00003898:	MOVS	R0, #0XB
(       libmtguard.so[0xCBBCB000])[C4 E9 00 66 ]0x0000389A:	STRD	R6, R6, [R4]	;(R6=0x00000000 R4=0x30045410 )
(       libmtguard.so[0xCBBCB000])[C4 E9 02 05 ]0x0000389E:	STRD	R0, R5, [R4, #8]	;(R0=0x0000000B R5=0xCBBCFE51 R4=0x30045410 )
(       libmtguard.so[0xCBBCB000])[04 20       ]0x000038A2:	MOVS	R0, #4
(       libmtguard.so[0xCBBCB000])[0B 21       ]0x000038A4:	MOVS	R1, #0XB
(       libmtguard.so[0xCBBCB000])[00 22       ]0x000038A6:	MOVS	R2, #0
(       libmtguard.so[0xCBBCB000])[00 23       ]0x000038A8:	MOVS	R3, #0
(       libmtguard.so[0xCBBCB000])[00 F0 B9 FA ]0x000038AA:	BL	#0XCBBCEE20	;(PC=0xCBBCE8AA )
(       libmtguard.so[0xCBBCB000])[B0 B5       ]0x00003E20:	PUSH	{R4, R5, R7, LR}	;(SP=0x100FFFA8 R4=0x30045410 R5=0xCBBCFE51 R7=0x100FFFB8 LR=0xCBBCE8AF )
(       libmtguard.so[0xCBBCB000])[02 AF       ]0x00003E22:	ADD	R7, SP, #8	;(SP=0x100FFF98 )
(       libmtguard.so[0xCBBCB000])[01 FB 00 F5 ]0x00003E24:	MUL	R5, R1, R0	;(R1=0x0000000B R0=0x00000004 )
(       libmtguard.so[0xCBBCB000])[4D B1       ]0x00003E28:	CBZ	R5, #0XCBBCEE3E	;(R5=0x0000002C )
(       libmtguard.so[0xCBBCB000])[28 46       ]0x00003E2A:	MOV	R0, R5	;(R5=0x0000002C )
(       libmtguard.so[0xCBBCB000])[FE F7 C8 EB ]0x00003E2C:	BLX	#0XCBBCD5C0	;(PC=0xCBBCEE2C )
(       libmtguard.so[0xCBBCB000])[00 C6 8F E2 ]0x000025C0:	ADD	IP, PC, #0, #12	;(PC=0xCBBCD5C0 )
(       libmtguard.so[0xCBBCB000])[3D CA 8C E2 ]0x000025C4:	ADD	IP, IP, #0X3D000	;(IP=0xCBBCD5C8 )
(       libmtguard.so[0xCBBCB000])[04 F9 BC E5 ]0x000025C8:	LDR	PC, [IP, #0X904]!	;(IP=0xCBC0A5C8 )
(       libmtguard.so[0xCBBCB000])[04 46       ]0x00003E30:	MOV	R4, R0	;(R0=0x30045428 )
(       libmtguard.so[0xCBBCB000])[24 B1       ]0x00003E32:	CBZ	R4, #0XCBBCEE3E	;(R4=0x30045428 )
(       libmtguard.so[0xCBBCB000])[20 46       ]0x00003E34:	MOV	R0, R4	;(R4=0x30045428 )
(       libmtguard.so[0xCBBCB000])[29 46       ]0x00003E36:	MOV	R1, R5	;(R5=0x0000002C )
(       libmtguard.so[0xCBBCB000])[FE F7 CE EB ]0x00003E38:	BLX	#0XCBBCD5D8	;(PC=0xCBBCEE38 )
(       libmtguard.so[0xCBBCB000])[00 C6 8F E2 ]0x000025D8:	ADD	IP, PC, #0, #12	;(PC=0xCBBCD5D8 )
(       libmtguard.so[0xCBBCB000])[3D CA 8C E2 ]0x000025DC:	ADD	IP, IP, #0X3D000	;(IP=0xCBBCD5E0 )
(       libmtguard.so[0xCBBCB000])[F4 F8 BC E5 ]0x000025E0:	LDR	PC, [IP, #0X8F4]!	;(IP=0xCBC0A5E0 )
(       libmtguard.so[0xCBBCB000])[00 E0       ]0x00003E3C:	B	#0XCBBCEE40
(       libmtguard.so[0xCBBCB000])[20 46       ]0x00003E40:	MOV	R0, R4	;(R4=0x30045428 )
(       libmtguard.so[0xCBBCB000])[B0 BD       ]0x00003E42:	POP	{R4, R5, R7, PC}	;(SP=0x100FFF98 )
(       libmtguard.so[0xCBBCB000])[00 28       ]0x000038AE:	CMP	R0, #0	;(R0=0x30045428 )
(       libmtguard.so[0xCBBCB000])[20 60       ]0x000038B0:	STR	R0, [R4]	;(R0=0x30045428 R4=0x30045410 )
(       libmtguard.so[0xCBBCB000])[05 D1       ]0x000038B2:	BNE	#0XCBBCE8C0
(       libmtguard.so[0xCBBCB000])[20 46       ]0x000038C0:	MOV	R0, R4	;(R4=0x30045410 )
(       libmtguard.so[0xCBBCB000])[5D F8 04 BB ]0x000038C2:	LDR	FP, [SP], #4	;(SP=0x100FFFA8 )
(       libmtguard.so[0xCBBCB000])[F0 BD       ]0x000038C6:	POP	{R4, R5, R6, R7, PC}	;(SP=0x100FFFAC )
(       libmtguard.so[0xCBBCB000])[01 36       ]0x0000CE08:	ADDS	R6, #1	;(R6=0x0000007E )
(       libmtguard.so[0xCBBCB000])[60 60       ]0x0000CE0A:	STR	R0, [R4, #4]	;(R0=0x30045410 R4=0xCBC0D484 )
(       libmtguard.so[0xCBBCB000])[B6 F5 7C 7F ]0x0000CE0C:	CMP.W	R6, #0X3F0	;(R6=0x0000007F )
(       libmtguard.so[0xCBBCB000])[F3 D1       ]0x0000CE10:	BNE	#0XCBBD7DFA
(       libmtguard.so[0xCBBCB000])[48 46       ]0x0000CDFA:	MOV	R0, SB	;(SB=0xCBBCFE51 )
(       libmtguard.so[0xCBBCB000])[45 F8 36 80 ]0x0000CDFC:	STR.W	R8, [R5, R6, LSL #3]	;(R8=0xFFFFFFFF R5=0xCBC0D094 R6=0x0000007F )
(       libmtguard.so[0xCBBCB000])[05 EB C6 04 ]0x0000CE00:	ADD.W	R4, R5, R6, LSL #3	;(R5=0xCBC0D094 R6=0x0000007F )
(       libmtguard.so[0xCBBCB000])[F6 F7 3A FD ]0x0000CE04:	BL	#0XCBBCE87C	;(PC=0xCBBD7E04 )
(       libmtguard.so[0xCBBCB000])[F0 B5       ]0x0000387C:	PUSH	{R4, R5, R6, R7, LR}	;(SP=0x100FFFC0 R4=0xCBC0D48C R5=0xCBC0D094 R6=0x0000007F R7=0x100FFFE0 LR=0xCBBD7E09 )
(       libmtguard.so[0xCBBCB000])[03 AF       ]0x0000387E:	ADD	R7, SP, #0XC	;(SP=0x100FFFAC )
(       libmtguard.so[0xCBBCB000])[4D F8 04 BD ]0x00003880:	STR	FP, [SP, #-0X4]!	;(FP=0xCBC0B1C4 SP=0x100FFFAC )
(       libmtguard.so[0xCBBCB000])[05 46       ]0x00003884:	MOV	R5, R0	;(R0=0xCBBCFE51 )
(       libmtguard.so[0xCBBCB000])[01 20       ]0x00003886:	MOVS	R0, #1
(       libmtguard.so[0xCBBCB000])[10 21       ]0x00003888:	MOVS	R1, #0X10
(       libmtguard.so[0xCBBCB000])[00 22       ]0x0000388A:	MOVS	R2, #0
(       libmtguard.so[0xCBBCB000])[00 23       ]0x0000388C:	MOVS	R3, #0
(       libmtguard.so[0xCBBCB000])[00 26       ]0x0000388E:	MOVS	R6, #0
(       libmtguard.so[0xCBBCB000])[00 F0 C6 FA ]0x00003890:	BL	#0XCBBCEE20	;(PC=0xCBBCE890 )
(       libmtguard.so[0xCBBCB000])[B0 B5       ]0x00003E20:	PUSH	{R4, R5, R7, LR}	;(SP=0x100FFFA8 R4=0xCBC0D48C R5=0xCBBCFE51 R7=0x100FFFB8 LR=0xCBBCE895 )
(       libmtguard.so[0xCBBCB000])[02 AF       ]0x00003E22:	ADD	R7, SP, #8	;(SP=0x100FFF98 )
(       libmtguard.so[0xCBBCB000])[01 FB 00 F5 ]0x00003E24:	MUL	R5, R1, R0	;(R1=0x00000010 R0=0x00000001 )
(       libmtguard.so[0xCBBCB000])[4D B1       ]0x00003E28:	CBZ	R5, #0XCBBCEE3E	;(R5=0x00000010 )
(       libmtguard.so[0xCBBCB000])[28 46       ]0x00003E2A:	MOV	R0, R5	;(R5=0x00000010 )
(       libmtguard.so[0xCBBCB000])[FE F7 C8 EB ]0x00003E2C:	BLX	#0XCBBCD5C0	;(PC=0xCBBCEE2C )
(       libmtguard.so[0xCBBCB000])[00 C6 8F E2 ]0x000025C0:	ADD	IP, PC, #0, #12	;(PC=0xCBBCD5C0 )
(       libmtguard.so[0xCBBCB000])[3D CA 8C E2 ]0x000025C4:	ADD	IP, IP, #0X3D000	;(IP=0xCBBCD5C8 )
(       libmtguard.so[0xCBBCB000])[04 F9 BC E5 ]0x000025C8:	LDR	PC, [IP, #0X904]!	;(IP=0xCBC0A5C8 )
(       libmtguard.so[0xCBBCB000])[04 46       ]0x00003E30:	MOV	R4, R0	;(R0=0x30045458 )
(       libmtguard.so[0xCBBCB000])[24 B1       ]0x00003E32:	CBZ	R4, #0XCBBCEE3E	;(R4=0x30045458 )
(       libmtguard.so[0xCBBCB000])[20 46       ]0x00003E34:	MOV	R0, R4	;(R4=0x30045458 )
(       libmtguard.so[0xCBBCB000])[29 46       ]0x00003E36:	MOV	R1, R5	;(R5=0x00000010 )
(       libmtguard.so[0xCBBCB000])[FE F7 CE EB ]0x00003E38:	BLX	#0XCBBCD5D8	;(PC=0xCBBCEE38 )
(       libmtguard.so[0xCBBCB000])[00 C6 8F E2 ]0x000025D8:	ADD	IP, PC, #0, #12	;(PC=0xCBBCD5D8 )
(       libmtguard.so[0xCBBCB000])[3D CA 8C E2 ]0x000025DC:	ADD	IP, IP, #0X3D000	;(IP=0xCBBCD5E0 )
(       libmtguard.so[0xCBBCB000])[F4 F8 BC E5 ]0x000025E0:	LDR	PC, [IP, #0X8F4]!	;(IP=0xCBC0A5E0 )
(       libmtguard.so[0xCBBCB000])[00 E0       ]0x00003E3C:	B	#0XCBBCEE40
(       libmtguard.so[0xCBBCB000])[20 46       ]0x00003E40:	MOV	R0, R4	;(R4=0x30045458 )
(       libmtguard.so[0xCBBCB000])[B0 BD       ]0x00003E42:	POP	{R4, R5, R7, PC}	;(SP=0x100FFF98 )
(       libmtguard.so[0xCBBCB000])[04 46       ]0x00003894:	MOV	R4, R0	;(R0=0x30045458 )
(       libmtguard.so[0xCBBCB000])[94 B1       ]0x00003896:	CBZ	R4, #0XCBBCE8BE	;(R4=0x30045458 )
(       libmtguard.so[0xCBBCB000])[0B 20       ]0x00003898:	MOVS	R0, #0XB
(       libmtguard.so[0xCBBCB000])[C4 E9 00 66 ]0x0000389A:	STRD	R6, R6, [R4]	;(R6=0x00000000 R4=0x30045458 )
(       libmtguard.so[0xCBBCB000])[C4 E9 02 05 ]0x0000389E:	STRD	R0, R5, [R4, #8]	;(R0=0x0000000B R5=0xCBBCFE51 R4=0x30045458 )
(       libmtguard.so[0xCBBCB000])[04 20       ]0x000038A2:	MOVS	R0, #4
(       libmtguard.so[0xCBBCB000])[0B 21       ]0x000038A4:	MOVS	R1, #0XB
(       libmtguard.so[0xCBBCB000])[00 22       ]0x000038A6:	MOVS	R2, #0
(       libmtguard.so[0xCBBCB000])[00 23       ]0x000038A8:	MOVS	R3, #0
(       libmtguard.so[0xCBBCB000])[00 F0 B9 FA ]0x000038AA:	BL	#0XCBBCEE20	;(PC=0xCBBCE8AA )
(       libmtguard.so[0xCBBCB000])[B0 B5       ]0x00003E20:	PUSH	{R4, R5, R7, LR}	;(SP=0x100FFFA8 R4=0x30045458 R5=0xCBBCFE51 R7=0x100FFFB8 LR=0xCBBCE8AF )
(       libmtguard.so[0xCBBCB000])[02 AF       ]0x00003E22:	ADD	R7, SP, #8	;(SP=0x100FFF98 )
(       libmtguard.so[0xCBBCB000])[01 FB 00 F5 ]0x00003E24:	MUL	R5, R1, R0	;(R1=0x0000000B R0=0x00000004 )
(       libmtguard.so[0xCBBCB000])[4D B1       ]0x00003E28:	CBZ	R5, #0XCBBCEE3E	;(R5=0x0000002C )
(       libmtguard.so[0xCBBCB000])[28 46       ]0x00003E2A:	MOV	R0, R5	;(R5=0x0000002C )
(       libmtguard.so[0xCBBCB000])[FE F7 C8 EB ]0x00003E2C:	BLX	#0XCBBCD5C0	;(PC=0xCBBCEE2C )
(       libmtguard.so[0xCBBCB000])[00 C6 8F E2 ]0x000025C0:	ADD	IP, PC, #0, #12	;(PC=0xCBBCD5C0 )
(       libmtguard.so[0xCBBCB000])[3D CA 8C E2 ]0x000025C4:	ADD	IP, IP, #0X3D000	;(IP=0xCBBCD5C8 )
(       libmtguard.so[0xCBBCB000])[04 F9 BC E5 ]0x000025C8:	LDR	PC, [IP, #0X904]!	;(IP=0xCBC0A5C8 )
(       libmtguard.so[0xCBBCB000])[04 46       ]0x00003E30:	MOV	R4, R0	;(R0=0x30045470 )
(       libmtguard.so[0xCBBCB000])[24 B1       ]0x00003E32:	CBZ	R4, #0XCBBCEE3E	;(R4=0x30045470 )
(       libmtguard.so[0xCBBCB000])[20 46       ]0x00003E34:	MOV	R0, R4	;(R4=0x30045470 )
(       libmtguard.so[0xCBBCB000])[29 46       ]0x00003E36:	MOV	R1, R5	;(R5=0x0000002C )
(       libmtguard.so[0xCBBCB000])[FE F7 CE EB ]0x00003E38:	BLX	#0XCBBCD5D8	;(PC=0xCBBCEE38 )
(       libmtguard.so[0xCBBCB000])[00 C6 8F E2 ]0x000025D8:	ADD	IP, PC, #0, #12	;(PC=0xCBBCD5D8 )
(       libmtguard.so[0xCBBCB000])[3D CA 8C E2 ]0x000025DC:	ADD	IP, IP, #0X3D000	;(IP=0xCBBCD5E0 )
(       libmtguard.so[0xCBBCB000])[F4 F8 BC E5 ]0x000025E0:	LDR	PC, [IP, #0X8F4]!	;(IP=0xCBC0A5E0 )
(       libmtguard.so[0xCBBCB000])[00 E0       ]0x00003E3C:	B	#0XCBBCEE40
(       libmtguard.so[0xCBBCB000])[20 46       ]0x00003E40:	MOV	R0, R4	;(R4=0x30045470 )
(       libmtguard.so[0xCBBCB000])[B0 BD       ]0x00003E42:	POP	{R4, R5, R7, PC}	;(SP=0x100FFF98 )
(       libmtguard.so[0xCBBCB000])[00 28       ]0x000038AE:	CMP	R0, #0	;(R0=0x30045470 )
(       libmtguard.so[0xCBBCB000])[20 60       ]0x000038B0:	STR	R0, [R4]	;(R0=0x30045470 R4=0x30045458 )
(       libmtguard.so[0xCBBCB000])[05 D1       ]0x000038B2:	BNE	#0XCBBCE8C0
(       libmtguard.so[0xCBBCB000])[20 46       ]0x000038C0:	MOV	R0, R4	;(R4=0x30045458 )
(       libmtguard.so[0xCBBCB000])[5D F8 04 BB ]0x000038C2:	LDR	FP, [SP], #4	;(SP=0x100FFFA8 )
(       libmtguard.so[0xCBBCB000])[F0 BD       ]0x000038C6:	POP	{R4, R5, R6, R7, PC}	;(SP=0x100FFFAC )
(       libmtguard.so[0xCBBCB000])[01 36       ]0x0000CE08:	ADDS	R6, #1	;(R6=0x0000007F )
(       libmtguard.so[0xCBBCB000])[60 60       ]0x0000CE0A:	STR	R0, [R4, #4]	;(R0=0x30045458 R4=0xCBC0D48C )
(       libmtguard.so[0xCBBCB000])[B6 F5 7C 7F ]0x0000CE0C:	CMP.W	R6, #0X3F0	;(R6=0x00000080 )
(       libmtguard.so[0xCBBCB000])[F3 D1       ]0x0000CE10:	BNE	#0XCBBD7DFA
(       libmtguard.so[0xCBBCB000])[48 46       ]0x0000CDFA:	MOV	R0, SB	;(SB=0xCBBCFE51 )
(       libmtguard.so[0xCBBCB000])[45 F8 36 80 ]0x0000CDFC:	STR.W	R8, [R5, R6, LSL #3]	;(R8=0xFFFFFFFF R5=0xCBC0D094 R6=0x00000080 )
(       libmtguard.so[0xCBBCB000])[05 EB C6 04 ]0x0000CE00:	ADD.W	R4, R5, R6, LSL #3	;(R5=0xCBC0D094 R6=0x00000080 )
(       libmtguard.so[0xCBBCB000])[F6 F7 3A FD ]0x0000CE04:	BL	#0XCBBCE87C	;(PC=0xCBBD7E04 )
(       libmtguard.so[0xCBBCB000])[F0 B5       ]0x0000387C:	PUSH	{R4, R5, R6, R7, LR}	;(SP=0x100FFFC0 R4=0xCBC0D494 R5=0xCBC0D094 R6=0x00000080 R7=0x100FFFE0 LR=0xCBBD7E09 )
(       libmtguard.so[0xCBBCB000])[03 AF       ]0x0000387E:	ADD	R7, SP, #0XC	;(SP=0x100FFFAC )
(       libmtguard.so[0xCBBCB000])[4D F8 04 BD ]0x00003880:	STR	FP, [SP, #-0X4]!	;(FP=0xCBC0B1C4 SP=0x100FFFAC )
(       libmtguard.so[0xCBBCB000])[05 46       ]0x00003884:	MOV	R5, R0	;(R0=0xCBBCFE51 )
(       libmtguard.so[0xCBBCB000])[01 20       ]0x00003886:	MOVS	R0, #1
(       libmtguard.so[0xCBBCB000])[10 21       ]0x00003888:	MOVS	R1, #0X10
(       libmtguard.so[0xCBBCB000])[00 22       ]0x0000388A:	MOVS	R2, #0
(       libmtguard.so[0xCBBCB000])[00 23       ]0x0000388C:	MOVS	R3, #0
(       libmtguard.so[0xCBBCB000])[00 26       ]0x0000388E:	MOVS	R6, #0
(       libmtguard.so[0xCBBCB000])[00 F0 C6 FA ]0x00003890:	BL	#0XCBBCEE20	;(PC=0xCBBCE890 )
(       libmtguard.so[0xCBBCB000])[B0 B5       ]0x00003E20:	PUSH	{R4, R5, R7, LR}	;(SP=0x100FFFA8 R4=0xCBC0D494 R5=0xCBBCFE51 R7=0x100FFFB8 LR=0xCBBCE895 )
(       libmtguard.so[0xCBBCB000])[02 AF       ]0x00003E22:	ADD	R7, SP, #8	;(SP=0x100FFF98 )
(       libmtguard.so[0xCBBCB000])[01 FB 00 F5 ]0x00003E24:	MUL	R5, R1, R0	;(R1=0x00000010 R0=0x00000001 )
(       libmtguard.so[0xCBBCB000])[4D B1       ]0x00003E28:	CBZ	R5, #0XCBBCEE3E	;(R5=0x00000010 )
(       libmtguard.so[0xCBBCB000])[28 46       ]0x00003E2A:	MOV	R0, R5	;(R5=0x00000010 )
(       libmtguard.so[0xCBBCB000])[FE F7 C8 EB ]0x00003E2C:	BLX	#0XCBBCD5C0	;(PC=0xCBBCEE2C )
(       libmtguard.so[0xCBBCB000])[00 C6 8F E2 ]0x000025C0:	ADD	IP, PC, #0, #12	;(PC=0xCBBCD5C0 )
(       libmtguard.so[0xCBBCB000])[3D CA 8C E2 ]0x000025C4:	ADD	IP, IP, #0X3D000	;(IP=0xCBBCD5C8 )
(       libmtguard.so[0xCBBCB000])[04 F9 BC E5 ]0x000025C8:	LDR	PC, [IP, #0X904]!	;(IP=0xCBC0A5C8 )
(       libmtguard.so[0xCBBCB000])[04 46       ]0x00003E30:	MOV	R4, R0	;(R0=0x300454A0 )
(       libmtguard.so[0xCBBCB000])[24 B1       ]0x00003E32:	CBZ	R4, #0XCBBCEE3E	;(R4=0x300454A0 )
(       libmtguard.so[0xCBBCB000])[20 46       ]0x00003E34:	MOV	R0, R4	;(R4=0x300454A0 )
(       libmtguard.so[0xCBBCB000])[29 46       ]0x00003E36:	MOV	R1, R5	;(R5=0x00000010 )
(       libmtguard.so[0xCBBCB000])[FE F7 CE EB ]0x00003E38:	BLX	#0XCBBCD5D8	;(PC=0xCBBCEE38 )
(       libmtguard.so[0xCBBCB000])[00 C6 8F E2 ]0x000025D8:	ADD	IP, PC, #0, #12	;(PC=0xCBBCD5D8 )
(       libmtguard.so[0xCBBCB000])[3D CA 8C E2 ]0x000025DC:	ADD	IP, IP, #0X3D000	;(IP=0xCBBCD5E0 )
(       libmtguard.so[0xCBBCB000])[F4 F8 BC E5 ]0x000025E0:	LDR	PC, [IP, #0X8F4]!	;(IP=0xCBC0A5E0 )
(       libmtguard.so[0xCBBCB000])[00 E0       ]0x00003E3C:	B	#0XCBBCEE40
(       libmtguard.so[0xCBBCB000])[20 46       ]0x00003E40:	MOV	R0, R4	;(R4=0x300454A0 )
(       libmtguard.so[0xCBBCB000])[B0 BD       ]0x00003E42:	POP	{R4, R5, R7, PC}	;(SP=0x100FFF98 )
(       libmtguard.so[0xCBBCB000])[04 46       ]0x00003894:	MOV	R4, R0	;(R0=0x300454A0 )
(       libmtguard.so[0xCBBCB000])[94 B1       ]0x00003896:	CBZ	R4, #0XCBBCE8BE	;(R4=0x300454A0 )
(       libmtguard.so[0xCBBCB000])[0B 20       ]0x00003898:	MOVS	R0, #0XB
(       libmtguard.so[0xCBBCB000])[C4 E9 00 66 ]0x0000389A:	STRD	R6, R6, [R4]	;(R6=0x00000000 R4=0x300454A0 )
(       libmtguard.so[0xCBBCB000])[C4 E9 02 05 ]0x0000389E:	STRD	R0, R5, [R4, #8]	;(R0=0x0000000B R5=0xCBBCFE51 R4=0x300454A0 )
(       libmtguard.so[0xCBBCB000])[04 20       ]0x000038A2:	MOVS	R0, #4
(       libmtguard.so[0xCBBCB000])[0B 21       ]0x000038A4:	MOVS	R1, #0XB
(       libmtguard.so[0xCBBCB000])[00 22       ]0x000038A6:	MOVS	R2, #0
(       libmtguard.so[0xCBBCB000])[00 23       ]0x000038A8:	MOVS	R3, #0
(       libmtguard.so[0xCBBCB000])[00 F0 B9 FA ]0x000038AA:	BL	#0XCBBCEE20	;(PC=0xCBBCE8AA )
(       libmtguard.so[0xCBBCB000])[B0 B5       ]0x00003E20:	PUSH	{R4, R5, R7, LR}	;(SP=0x100FFFA8 R4=0x300454A0 R5=0xCBBCFE51 R7=0x100FFFB8 LR=0xCBBCE8AF )
(       libmtguard.so[0xCBBCB000])[02 AF       ]0x00003E22:	ADD	R7, SP, #8	;(SP=0x100FFF98 )
(       libmtguard.so[0xCBBCB000])[01 FB 00 F5 ]0x00003E24:	MUL	R5, R1, R0	;(R1=0x0000000B R0=0x00000004 )
(       libmtguard.so[0xCBBCB000])[4D B1       ]0x00003E28:	CBZ	R5, #0XCBBCEE3E	;(R5=0x0000002C )
(       libmtguard.so[0xCBBCB000])[28 46       ]0x00003E2A:	MOV	R0, R5	;(R5=0x0000002C )
(       libmtguard.so[0xCBBCB000])[FE F7 C8 EB ]0x00003E2C:	BLX	#0XCBBCD5C0	;(PC=0xCBBCEE2C )
(       libmtguard.so[0xCBBCB000])[00 C6 8F E2 ]0x000025C0:	ADD	IP, PC, #0, #12	;(PC=0xCBBCD5C0 )
(       libmtguard.so[0xCBBCB000])[3D CA 8C E2 ]0x000025C4:	ADD	IP, IP, #0X3D000	;(IP=0xCBBCD5C8 )
(       libmtguard.so[0xCBBCB000])[04 F9 BC E5 ]0x000025C8:	LDR	PC, [IP, #0X904]!	;(IP=0xCBC0A5C8 )
(       libmtguard.so[0xCBBCB000])[04 46       ]0x00003E30:	MOV	R4, R0	;(R0=0x300454B8 )
(       libmtguard.so[0xCBBCB000])[24 B1       ]0x00003E32:	CBZ	R4, #0XCBBCEE3E	;(R4=0x300454B8 )
(       libmtguard.so[0xCBBCB000])[20 46       ]0x00003E34:	MOV	R0, R4	;(R4=0x300454B8 )
(       libmtguard.so[0xCBBCB000])[29 46       ]0x00003E36:	MOV	R1, R5	;(R5=0x0000002C )
(       libmtguard.so[0xCBBCB000])[FE F7 CE EB ]0x00003E38:	BLX	#0XCBBCD5D8	;(PC=0xCBBCEE38 )
(       libmtguard.so[0xCBBCB000])[00 C6 8F E2 ]0x000025D8:	ADD	IP, PC, #0, #12	;(PC=0xCBBCD5D8 )
(       libmtguard.so[0xCBBCB000])[3D CA 8C E2 ]0x000025DC:	ADD	IP, IP, #0X3D000	;(IP=0xCBBCD5E0 )
(       libmtguard.so[0xCBBCB000])[F4 F8 BC E5 ]0x000025E0:	LDR	PC, [IP, #0X8F4]!	;(IP=0xCBC0A5E0 )
(       libmtguard.so[0xCBBCB000])[00 E0       ]0x00003E3C:	B	#0XCBBCEE40
(       libmtguard.so[0xCBBCB000])[20 46       ]0x00003E40:	MOV	R0, R4	;(R4=0x300454B8 )
(       libmtguard.so[0xCBBCB000])[B0 BD       ]0x00003E42:	POP	{R4, R5, R7, PC}	;(SP=0x100FFF98 )
(       libmtguard.so[0xCBBCB000])[00 28       ]0x000038AE:	CMP	R0, #0	;(R0=0x300454B8 )
(       libmtguard.so[0xCBBCB000])[20 60       ]0x000038B0:	STR	R0, [R4]	;(R0=0x300454B8 R4=0x300454A0 )
(       libmtguard.so[0xCBBCB000])[05 D1       ]0x000038B2:	BNE	#0XCBBCE8C0
(       libmtguard.so[0xCBBCB000])[20 46       ]0x000038C0:	MOV	R0, R4	;(R4=0x300454A0 )
(       libmtguard.so[0xCBBCB000])[5D F8 04 BB ]0x000038C2:	LDR	FP, [SP], #4	;(SP=0x100FFFA8 )
(       libmtguard.so[0xCBBCB000])[F0 BD       ]0x000038C6:	POP	{R4, R5, R6, R7, PC}	;(SP=0x100FFFAC )
(       libmtguard.so[0xCBBCB000])[01 36       ]0x0000CE08:	ADDS	R6, #1	;(R6=0x00000080 )
(       libmtguard.so[0xCBBCB000])[60 60       ]0x0000CE0A:	STR	R0, [R4, #4]	;(R0=0x300454A0 R4=0xCBC0D494 )
(       libmtguard.so[0xCBBCB000])[B6 F5 7C 7F ]0x0000CE0C:	CMP.W	R6, #0X3F0	;(R6=0x00000081 )
(       libmtguard.so[0xCBBCB000])[F3 D1       ]0x0000CE10:	BNE	#0XCBBD7DFA
(       libmtguard.so[0xCBBCB000])[48 46       ]0x0000CDFA:	MOV	R0, SB	;(SB=0xCBBCFE51 )
(       libmtguard.so[0xCBBCB000])[45 F8 36 80 ]0x0000CDFC:	STR.W	R8, [R5, R6, LSL #3]	;(R8=0xFFFFFFFF R5=0xCBC0D094 R6=0x00000081 )
(       libmtguard.so[0xCBBCB000])[05 EB C6 04 ]0x0000CE00:	ADD.W	R4, R5, R6, LSL #3	;(R5=0xCBC0D094 R6=0x00000081 )
(       libmtguard.so[0xCBBCB000])[F6 F7 3A FD ]0x0000CE04:	BL	#0XCBBCE87C	;(PC=0xCBBD7E04 )
(       libmtguard.so[0xCBBCB000])[F0 B5       ]0x0000387C:	PUSH	{R4, R5, R6, R7, LR}	;(SP=0x100FFFC0 R4=0xCBC0D49C R5=0xCBC0D094 R6=0x00000081 R7=0x100FFFE0 LR=0xCBBD7E09 )
(       libmtguard.so[0xCBBCB000])[03 AF       ]0x0000387E:	ADD	R7, SP, #0XC	;(SP=0x100FFFAC )
(       libmtguard.so[0xCBBCB000])[4D F8 04 BD ]0x00003880:	STR	FP, [SP, #-0X4]!	;(FP=0xCBC0B1C4 SP=0x100FFFAC )
(       libmtguard.so[0xCBBCB000])[05 46       ]0x00003884:	MOV	R5, R0	;(R0=0xCBBCFE51 )
(       libmtguard.so[0xCBBCB000])[01 20       ]0x00003886:	MOVS	R0, #1
(       libmtguard.so[0xCBBCB000])[10 21       ]0x00003888:	MOVS	R1, #0X10
(       libmtguard.so[0xCBBCB000])[00 22       ]0x0000388A:	MOVS	R2, #0
(       libmtguard.so[0xCBBCB000])[00 23       ]0x0000388C:	MOVS	R3, #0
(       libmtguard.so[0xCBBCB000])[00 26       ]0x0000388E:	MOVS	R6, #0
(       libmtguard.so[0xCBBCB000])[00 F0 C6 FA ]0x00003890:	BL	#0XCBBCEE20	;(PC=0xCBBCE890 )
(       libmtguard.so[0xCBBCB000])[B0 B5       ]0x00003E20:	PUSH	{R4, R5, R7, LR}	;(SP=0x100FFFA8 R4=0xCBC0D49C R5=0xCBBCFE51 R7=0x100FFFB8 LR=0xCBBCE895 )
(       libmtguard.so[0xCBBCB000])[02 AF       ]0x00003E22:	ADD	R7, SP, #8	;(SP=0x100FFF98 )
(       libmtguard.so[0xCBBCB000])[01 FB 00 F5 ]0x00003E24:	MUL	R5, R1, R0	;(R1=0x00000010 R0=0x00000001 )
(       libmtguard.so[0xCBBCB000])[4D B1       ]0x00003E28:	CBZ	R5, #0XCBBCEE3E	;(R5=0x00000010 )
(       libmtguard.so[0xCBBCB000])[28 46       ]0x00003E2A:	MOV	R0, R5	;(R5=0x00000010 )
(       libmtguard.so[0xCBBCB000])[FE F7 C8 EB ]0x00003E2C:	BLX	#0XCBBCD5C0	;(PC=0xCBBCEE2C )
(       libmtguard.so[0xCBBCB000])[00 C6 8F E2 ]0x000025C0:	ADD	IP, PC, #0, #12	;(PC=0xCBBCD5C0 )
(       libmtguard.so[0xCBBCB000])[3D CA 8C E2 ]0x000025C4:	ADD	IP, IP, #0X3D000	;(IP=0xCBBCD5C8 )
(       libmtguard.so[0xCBBCB000])[04 F9 BC E5 ]0x000025C8:	LDR	PC, [IP, #0X904]!	;(IP=0xCBC0A5C8 )
(       libmtguard.so[0xCBBCB000])[04 46       ]0x00003E30:	MOV	R4, R0	;(R0=0x300454E8 )
(       libmtguard.so[0xCBBCB000])[24 B1       ]0x00003E32:	CBZ	R4, #0XCBBCEE3E	;(R4=0x300454E8 )
(       libmtguard.so[0xCBBCB000])[20 46       ]0x00003E34:	MOV	R0, R4	;(R4=0x300454E8 )
(       libmtguard.so[0xCBBCB000])[29 46       ]0x00003E36:	MOV	R1, R5	;(R5=0x00000010 )
(       libmtguard.so[0xCBBCB000])[FE F7 CE EB ]0x00003E38:	BLX	#0XCBBCD5D8	;(PC=0xCBBCEE38 )
(       libmtguard.so[0xCBBCB000])[00 C6 8F E2 ]0x000025D8:	ADD	IP, PC, #0, #12	;(PC=0xCBBCD5D8 )
(       libmtguard.so[0xCBBCB000])[3D CA 8C E2 ]0x000025DC:	ADD	IP, IP, #0X3D000	;(IP=0xCBBCD5E0 )
(       libmtguard.so[0xCBBCB000])[F4 F8 BC E5 ]0x000025E0:	LDR	PC, [IP, #0X8F4]!	;(IP=0xCBC0A5E0 )
(       libmtguard.so[0xCBBCB000])[00 E0       ]0x00003E3C:	B	#0XCBBCEE40
(       libmtguard.so[0xCBBCB000])[20 46       ]0x00003E40:	MOV	R0, R4	;(R4=0x300454E8 )
(       libmtguard.so[0xCBBCB000])[B0 BD       ]0x00003E42:	POP	{R4, R5, R7, PC}	;(SP=0x100FFF98 )
(       libmtguard.so[0xCBBCB000])[04 46       ]0x00003894:	MOV	R4, R0	;(R0=0x300454E8 )
(       libmtguard.so[0xCBBCB000])[94 B1       ]0x00003896:	CBZ	R4, #0XCBBCE8BE	;(R4=0x300454E8 )
(       libmtguard.so[0xCBBCB000])[0B 20       ]0x00003898:	MOVS	R0, #0XB
(       libmtguard.so[0xCBBCB000])[C4 E9 00 66 ]0x0000389A:	STRD	R6, R6, [R4]	;(R6=0x00000000 R4=0x300454E8 )
(       libmtguard.so[0xCBBCB000])[C4 E9 02 05 ]0x0000389E:	STRD	R0, R5, [R4, #8]	;(R0=0x0000000B R5=0xCBBCFE51 R4=0x300454E8 )
(       libmtguard.so[0xCBBCB000])[04 20       ]0x000038A2:	MOVS	R0, #4
(       libmtguard.so[0xCBBCB000])[0B 21       ]0x000038A4:	MOVS	R1, #0XB
(       libmtguard.so[0xCBBCB000])[00 22       ]0x000038A6:	MOVS	R2, #0
(       libmtguard.so[0xCBBCB000])[00 23       ]0x000038A8:	MOVS	R3, #0
(       libmtguard.so[0xCBBCB000])[00 F0 B9 FA ]0x000038AA:	BL	#0XCBBCEE20	;(PC=0xCBBCE8AA )
(       libmtguard.so[0xCBBCB000])[B0 B5       ]0x00003E20:	PUSH	{R4, R5, R7, LR}	;(SP=0x100FFFA8 R4=0x300454E8 R5=0xCBBCFE51 R7=0x100FFFB8 LR=0xCBBCE8AF )
(       libmtguard.so[0xCBBCB000])[02 AF       ]0x00003E22:	ADD	R7, SP, #8	;(SP=0x100FFF98 )
(       libmtguard.so[0xCBBCB000])[01 FB 00 F5 ]0x00003E24:	MUL	R5, R1, R0	;(R1=0x0000000B R0=0x00000004 )
(       libmtguard.so[0xCBBCB000])[4D B1       ]0x00003E28:	CBZ	R5, #0XCBBCEE3E	;(R5=0x0000002C )
(       libmtguard.so[0xCBBCB000])[28 46       ]0x00003E2A:	MOV	R0, R5	;(R5=0x0000002C )
(       libmtguard.so[0xCBBCB000])[FE F7 C8 EB ]0x00003E2C:	BLX	#0XCBBCD5C0	;(PC=0xCBBCEE2C )
(       libmtguard.so[0xCBBCB000])[00 C6 8F E2 ]0x000025C0:	ADD	IP, PC, #0, #12	;(PC=0xCBBCD5C0 )
(       libmtguard.so[0xCBBCB000])[3D CA 8C E2 ]0x000025C4:	ADD	IP, IP, #0X3D000	;(IP=0xCBBCD5C8 )
(       libmtguard.so[0xCBBCB000])[04 F9 BC E5 ]0x000025C8:	LDR	PC, [IP, #0X904]!	;(IP=0xCBC0A5C8 )
(       libmtguard.so[0xCBBCB000])[04 46       ]0x00003E30:	MOV	R4, R0	;(R0=0x30045500 )
(       libmtguard.so[0xCBBCB000])[24 B1       ]0x00003E32:	CBZ	R4, #0XCBBCEE3E	;(R4=0x30045500 )
(       libmtguard.so[0xCBBCB000])[20 46       ]0x00003E34:	MOV	R0, R4	;(R4=0x30045500 )
(       libmtguard.so[0xCBBCB000])[29 46       ]0x00003E36:	MOV	R1, R5	;(R5=0x0000002C )
(       libmtguard.so[0xCBBCB000])[FE F7 CE EB ]0x00003E38:	BLX	#0XCBBCD5D8	;(PC=0xCBBCEE38 )
(       libmtguard.so[0xCBBCB000])[00 C6 8F E2 ]0x000025D8:	ADD	IP, PC, #0, #12	;(PC=0xCBBCD5D8 )
(       libmtguard.so[0xCBBCB000])[3D CA 8C E2 ]0x000025DC:	ADD	IP, IP, #0X3D000	;(IP=0xCBBCD5E0 )
(       libmtguard.so[0xCBBCB000])[F4 F8 BC E5 ]0x000025E0:	LDR	PC, [IP, #0X8F4]!	;(IP=0xCBC0A5E0 )
(       libmtguard.so[0xCBBCB000])[00 E0       ]0x00003E3C:	B	#0XCBBCEE40
(       libmtguard.so[0xCBBCB000])[20 46       ]0x00003E40:	MOV	R0, R4	;(R4=0x30045500 )
(       libmtguard.so[0xCBBCB000])[B0 BD       ]0x00003E42:	POP	{R4, R5, R7, PC}	;(SP=0x100FFF98 )
(       libmtguard.so[0xCBBCB000])[00 28       ]0x000038AE:	CMP	R0, #0	;(R0=0x30045500 )
(       libmtguard.so[0xCBBCB000])[20 60       ]0x000038B0:	STR	R0, [R4]	;(R0=0x30045500 R4=0x300454E8 )
(       libmtguard.so[0xCBBCB000])[05 D1       ]0x000038B2:	BNE	#0XCBBCE8C0
(       libmtguard.so[0xCBBCB000])[20 46       ]0x000038C0:	MOV	R0, R4	;(R4=0x300454E8 )
(       libmtguard.so[0xCBBCB000])[5D F8 04 BB ]0x000038C2:	LDR	FP, [SP], #4	;(SP=0x100FFFA8 )
(       libmtguard.so[0xCBBCB000])[F0 BD       ]0x000038C6:	POP	{R4, R5, R6, R7, PC}	;(SP=0x100FFFAC )
(       libmtguard.so[0xCBBCB000])[01 36       ]0x0000CE08:	ADDS	R6, #1	;(R6=0x00000081 )
(       libmtguard.so[0xCBBCB000])[60 60       ]0x0000CE0A:	STR	R0, [R4, #4]	;(R0=0x300454E8 R4=0xCBC0D49C )
(       libmtguard.so[0xCBBCB000])[B6 F5 7C 7F ]0x0000CE0C:	CMP.W	R6, #0X3F0	;(R6=0x00000082 )
(       libmtguard.so[0xCBBCB000])[F3 D1       ]0x0000CE10:	BNE	#0XCBBD7DFA
(       libmtguard.so[0xCBBCB000])[48 46       ]0x0000CDFA:	MOV	R0, SB	;(SB=0xCBBCFE51 )
(       libmtguard.so[0xCBBCB000])[45 F8 36 80 ]0x0000CDFC:	STR.W	R8, [R5, R6, LSL #3]	;(R8=0xFFFFFFFF R5=0xCBC0D094 R6=0x00000082 )
(       libmtguard.so[0xCBBCB000])[05 EB C6 04 ]0x0000CE00:	ADD.W	R4, R5, R6, LSL #3	;(R5=0xCBC0D094 R6=0x00000082 )
(       libmtguard.so[0xCBBCB000])[F6 F7 3A FD ]0x0000CE04:	BL	#0XCBBCE87C	;(PC=0xCBBD7E04 )
(       libmtguard.so[0xCBBCB000])[F0 B5       ]0x0000387C:	PUSH	{R4, R5, R6, R7, LR}	;(SP=0x100FFFC0 R4=0xCBC0D4A4 R5=0xCBC0D094 R6=0x00000082 R7=0x100FFFE0 LR=0xCBBD7E09 )
(       libmtguard.so[0xCBBCB000])[03 AF       ]0x0000387E:	ADD	R7, SP, #0XC	;(SP=0x100FFFAC )
(       libmtguard.so[0xCBBCB000])[4D F8 04 BD ]0x00003880:	STR	FP, [SP, #-0X4]!	;(FP=0xCBC0B1C4 SP=0x100FFFAC )
(       libmtguard.so[0xCBBCB000])[05 46       ]0x00003884:	MOV	R5, R0	;(R0=0xCBBCFE51 )
(       libmtguard.so[0xCBBCB000])[01 20       ]0x00003886:	MOVS	R0, #1
(       libmtguard.so[0xCBBCB000])[10 21       ]0x00003888:	MOVS	R1, #0X10
(       libmtguard.so[0xCBBCB000])[00 22       ]0x0000388A:	MOVS	R2, #0
(       libmtguard.so[0xCBBCB000])[00 23       ]0x0000388C:	MOVS	R3, #0
(       libmtguard.so[0xCBBCB000])[00 26       ]0x0000388E:	MOVS	R6, #0
(       libmtguard.so[0xCBBCB000])[00 F0 C6 FA ]0x00003890:	BL	#0XCBBCEE20	;(PC=0xCBBCE890 )
(       libmtguard.so[0xCBBCB000])[B0 B5       ]0x00003E20:	PUSH	{R4, R5, R7, LR}	;(SP=0x100FFFA8 R4=0xCBC0D4A4 R5=0xCBBCFE51 R7=0x100FFFB8 LR=0xCBBCE895 )
(       libmtguard.so[0xCBBCB000])[02 AF       ]0x00003E22:	ADD	R7, SP, #8	;(SP=0x100FFF98 )
(       libmtguard.so[0xCBBCB000])[01 FB 00 F5 ]0x00003E24:	MUL	R5, R1, R0	;(R1=0x00000010 R0=0x00000001 )
(       libmtguard.so[0xCBBCB000])[4D B1       ]0x00003E28:	CBZ	R5, #0XCBBCEE3E	;(R5=0x00000010 )
(       libmtguard.so[0xCBBCB000])[28 46       ]0x00003E2A:	MOV	R0, R5	;(R5=0x00000010 )
(       libmtguard.so[0xCBBCB000])[FE F7 C8 EB ]0x00003E2C:	BLX	#0XCBBCD5C0	;(PC=0xCBBCEE2C )
(       libmtguard.so[0xCBBCB000])[00 C6 8F E2 ]0x000025C0:	ADD	IP, PC, #0, #12	;(PC=0xCBBCD5C0 )
(       libmtguard.so[0xCBBCB000])[3D CA 8C E2 ]0x000025C4:	ADD	IP, IP, #0X3D000	;(IP=0xCBBCD5C8 )
(       libmtguard.so[0xCBBCB000])[04 F9 BC E5 ]0x000025C8:	LDR	PC, [IP, #0X904]!	;(IP=0xCBC0A5C8 )
(       libmtguard.so[0xCBBCB000])[04 46       ]0x00003E30:	MOV	R4, R0	;(R0=0x30045530 )
(       libmtguard.so[0xCBBCB000])[24 B1       ]0x00003E32:	CBZ	R4, #0XCBBCEE3E	;(R4=0x30045530 )
(       libmtguard.so[0xCBBCB000])[20 46       ]0x00003E34:	MOV	R0, R4	;(R4=0x30045530 )
(       libmtguard.so[0xCBBCB000])[29 46       ]0x00003E36:	MOV	R1, R5	;(R5=0x00000010 )
(       libmtguard.so[0xCBBCB000])[FE F7 CE EB ]0x00003E38:	BLX	#0XCBBCD5D8	;(PC=0xCBBCEE38 )
(       libmtguard.so[0xCBBCB000])[00 C6 8F E2 ]0x000025D8:	ADD	IP, PC, #0, #12	;(PC=0xCBBCD5D8 )
(       libmtguard.so[0xCBBCB000])[3D CA 8C E2 ]0x000025DC:	ADD	IP, IP, #0X3D000	;(IP=0xCBBCD5E0 )
(       libmtguard.so[0xCBBCB000])[F4 F8 BC E5 ]0x000025E0:	LDR	PC, [IP, #0X8F4]!	;(IP=0xCBC0A5E0 )
(       libmtguard.so[0xCBBCB000])[00 E0       ]0x00003E3C:	B	#0XCBBCEE40
(       libmtguard.so[0xCBBCB000])[20 46       ]0x00003E40:	MOV	R0, R4	;(R4=0x30045530 )
(       libmtguard.so[0xCBBCB000])[B0 BD       ]0x00003E42:	POP	{R4, R5, R7, PC}	;(SP=0x100FFF98 )
(       libmtguard.so[0xCBBCB000])[04 46       ]0x00003894:	MOV	R4, R0	;(R0=0x30045530 )
(       libmtguard.so[0xCBBCB000])[94 B1       ]0x00003896:	CBZ	R4, #0XCBBCE8BE	;(R4=0x30045530 )
(       libmtguard.so[0xCBBCB000])[0B 20       ]0x00003898:	MOVS	R0, #0XB
(       libmtguard.so[0xCBBCB000])[C4 E9 00 66 ]0x0000389A:	STRD	R6, R6, [R4]	;(R6=0x00000000 R4=0x30045530 )
(       libmtguard.so[0xCBBCB000])[C4 E9 02 05 ]0x0000389E:	STRD	R0, R5, [R4, #8]	;(R0=0x0000000B R5=0xCBBCFE51 R4=0x30045530 )
(       libmtguard.so[0xCBBCB000])[04 20       ]0x000038A2:	MOVS	R0, #4
(       libmtguard.so[0xCBBCB000])[0B 21       ]0x000038A4:	MOVS	R1, #0XB
(       libmtguard.so[0xCBBCB000])[00 22       ]0x000038A6:	MOVS	R2, #0
(       libmtguard.so[0xCBBCB000])[00 23       ]0x000038A8:	MOVS	R3, #0
(       libmtguard.so[0xCBBCB000])[00 F0 B9 FA ]0x000038AA:	BL	#0XCBBCEE20	;(PC=0xCBBCE8AA )
(       libmtguard.so[0xCBBCB000])[B0 B5       ]0x00003E20:	PUSH	{R4, R5, R7, LR}	;(SP=0x100FFFA8 R4=0x30045530 R5=0xCBBCFE51 R7=0x100FFFB8 LR=0xCBBCE8AF )
(       libmtguard.so[0xCBBCB000])[02 AF       ]0x00003E22:	ADD	R7, SP, #8	;(SP=0x100FFF98 )
(       libmtguard.so[0xCBBCB000])[01 FB 00 F5 ]0x00003E24:	MUL	R5, R1, R0	;(R1=0x0000000B R0=0x00000004 )
(       libmtguard.so[0xCBBCB000])[4D B1       ]0x00003E28:	CBZ	R5, #0XCBBCEE3E	;(R5=0x0000002C )
(       libmtguard.so[0xCBBCB000])[28 46       ]0x00003E2A:	MOV	R0, R5	;(R5=0x0000002C )
(       libmtguard.so[0xCBBCB000])[FE F7 C8 EB ]0x00003E2C:	BLX	#0XCBBCD5C0	;(PC=0xCBBCEE2C )
(       libmtguard.so[0xCBBCB000])[00 C6 8F E2 ]0x000025C0:	ADD	IP, PC, #0, #12	;(PC=0xCBBCD5C0 )
(       libmtguard.so[0xCBBCB000])[3D CA 8C E2 ]0x000025C4:	ADD	IP, IP, #0X3D000	;(IP=0xCBBCD5C8 )
(       libmtguard.so[0xCBBCB000])[04 F9 BC E5 ]0x000025C8:	LDR	PC, [IP, #0X904]!	;(IP=0xCBC0A5C8 )
(       libmtguard.so[0xCBBCB000])[04 46       ]0x00003E30:	MOV	R4, R0	;(R0=0x30045548 )
(       libmtguard.so[0xCBBCB000])[24 B1       ]0x00003E32:	CBZ	R4, #0XCBBCEE3E	;(R4=0x30045548 )
(       libmtguard.so[0xCBBCB000])[20 46       ]0x00003E34:	MOV	R0, R4	;(R4=0x30045548 )
(       libmtguard.so[0xCBBCB000])[29 46       ]0x00003E36:	MOV	R1, R5	;(R5=0x0000002C )
(       libmtguard.so[0xCBBCB000])[FE F7 CE EB ]0x00003E38:	BLX	#0XCBBCD5D8	;(PC=0xCBBCEE38 )
(       libmtguard.so[0xCBBCB000])[00 C6 8F E2 ]0x000025D8:	ADD	IP, PC, #0, #12	;(PC=0xCBBCD5D8 )
(       libmtguard.so[0xCBBCB000])[3D CA 8C E2 ]0x000025DC:	ADD	IP, IP, #0X3D000	;(IP=0xCBBCD5E0 )
(       libmtguard.so[0xCBBCB000])[F4 F8 BC E5 ]0x000025E0:	LDR	PC, [IP, #0X8F4]!	;(IP=0xCBC0A5E0 )
(       libmtguard.so[0xCBBCB000])[00 E0       ]0x00003E3C:	B	#0XCBBCEE40
(       libmtguard.so[0xCBBCB000])[20 46       ]0x00003E40:	MOV	R0, R4	;(R4=0x30045548 )
(       libmtguard.so[0xCBBCB000])[B0 BD       ]0x00003E42:	POP	{R4, R5, R7, PC}	;(SP=0x100FFF98 )
(       libmtguard.so[0xCBBCB000])[00 28       ]0x000038AE:	CMP	R0, #0	;(R0=0x30045548 )
(       libmtguard.so[0xCBBCB000])[20 60       ]0x000038B0:	STR	R0, [R4]	;(R0=0x30045548 R4=0x30045530 )
(       libmtguard.so[0xCBBCB000])[05 D1       ]0x000038B2:	BNE	#0XCBBCE8C0
(       libmtguard.so[0xCBBCB000])[20 46       ]0x000038C0:	MOV	R0, R4	;(R4=0x30045530 )
(       libmtguard.so[0xCBBCB000])[5D F8 04 BB ]0x000038C2:	LDR	FP, [SP], #4	;(SP=0x100FFFA8 )
(       libmtguard.so[0xCBBCB000])[F0 BD       ]0x000038C6:	POP	{R4, R5, R6, R7, PC}	;(SP=0x100FFFAC )
(       libmtguard.so[0xCBBCB000])[01 36       ]0x0000CE08:	ADDS	R6, #1	;(R6=0x00000082 )
(       libmtguard.so[0xCBBCB000])[60 60       ]0x0000CE0A:	STR	R0, [R4, #4]	;(R0=0x30045530 R4=0xCBC0D4A4 )
(       libmtguard.so[0xCBBCB000])[B6 F5 7C 7F ]0x0000CE0C:	CMP.W	R6, #0X3F0	;(R6=0x00000083 )
(       libmtguard.so[0xCBBCB000])[F3 D1       ]0x0000CE10:	BNE	#0XCBBD7DFA
(       libmtguard.so[0xCBBCB000])[48 46       ]0x0000CDFA:	MOV	R0, SB	;(SB=0xCBBCFE51 )
(       libmtguard.so[0xCBBCB000])[45 F8 36 80 ]0x0000CDFC:	STR.W	R8, [R5, R6, LSL #3]	;(R8=0xFFFFFFFF R5=0xCBC0D094 R6=0x00000083 )
(       libmtguard.so[0xCBBCB000])[05 EB C6 04 ]0x0000CE00:	ADD.W	R4, R5, R6, LSL #3	;(R5=0xCBC0D094 R6=0x00000083 )
(       libmtguard.so[0xCBBCB000])[F6 F7 3A FD ]0x0000CE04:	BL	#0XCBBCE87C	;(PC=0xCBBD7E04 )
(       libmtguard.so[0xCBBCB000])[F0 B5       ]0x0000387C:	PUSH	{R4, R5, R6, R7, LR}	;(SP=0x100FFFC0 R4=0xCBC0D4AC R5=0xCBC0D094 R6=0x00000083 R7=0x100FFFE0 LR=0xCBBD7E09 )
(       libmtguard.so[0xCBBCB000])[03 AF       ]0x0000387E:	ADD	R7, SP, #0XC	;(SP=0x100FFFAC )
(       libmtguard.so[0xCBBCB000])[4D F8 04 BD ]0x00003880:	STR	FP, [SP, #-0X4]!	;(FP=0xCBC0B1C4 SP=0x100FFFAC )
(       libmtguard.so[0xCBBCB000])[05 46       ]0x00003884:	MOV	R5, R0	;(R0=0xCBBCFE51 )
(       libmtguard.so[0xCBBCB000])[01 20       ]0x00003886:	MOVS	R0, #1
(       libmtguard.so[0xCBBCB000])[10 21       ]0x00003888:	MOVS	R1, #0X10
(       libmtguard.so[0xCBBCB000])[00 22       ]0x0000388A:	MOVS	R2, #0
(       libmtguard.so[0xCBBCB000])[00 23       ]0x0000388C:	MOVS	R3, #0
(       libmtguard.so[0xCBBCB000])[00 26       ]0x0000388E:	MOVS	R6, #0
(       libmtguard.so[0xCBBCB000])[00 F0 C6 FA ]0x00003890:	BL	#0XCBBCEE20	;(PC=0xCBBCE890 )
(       libmtguard.so[0xCBBCB000])[B0 B5       ]0x00003E20:	PUSH	{R4, R5, R7, LR}	;(SP=0x100FFFA8 R4=0xCBC0D4AC R5=0xCBBCFE51 R7=0x100FFFB8 LR=0xCBBCE895 )
(       libmtguard.so[0xCBBCB000])[02 AF       ]0x00003E22:	ADD	R7, SP, #8	;(SP=0x100FFF98 )
(       libmtguard.so[0xCBBCB000])[01 FB 00 F5 ]0x00003E24:	MUL	R5, R1, R0	;(R1=0x00000010 R0=0x00000001 )
(       libmtguard.so[0xCBBCB000])[4D B1       ]0x00003E28:	CBZ	R5, #0XCBBCEE3E	;(R5=0x00000010 )
(       libmtguard.so[0xCBBCB000])[28 46       ]0x00003E2A:	MOV	R0, R5	;(R5=0x00000010 )
(       libmtguard.so[0xCBBCB000])[FE F7 C8 EB ]0x00003E2C:	BLX	#0XCBBCD5C0	;(PC=0xCBBCEE2C )
(       libmtguard.so[0xCBBCB000])[00 C6 8F E2 ]0x000025C0:	ADD	IP, PC, #0, #12	;(PC=0xCBBCD5C0 )
(       libmtguard.so[0xCBBCB000])[3D CA 8C E2 ]0x000025C4:	ADD	IP, IP, #0X3D000	;(IP=0xCBBCD5C8 )
(       libmtguard.so[0xCBBCB000])[04 F9 BC E5 ]0x000025C8:	LDR	PC, [IP, #0X904]!	;(IP=0xCBC0A5C8 )
(       libmtguard.so[0xCBBCB000])[04 46       ]0x00003E30:	MOV	R4, R0	;(R0=0x30045578 )
(       libmtguard.so[0xCBBCB000])[24 B1       ]0x00003E32:	CBZ	R4, #0XCBBCEE3E	;(R4=0x30045578 )
(       libmtguard.so[0xCBBCB000])[20 46       ]0x00003E34:	MOV	R0, R4	;(R4=0x30045578 )
(       libmtguard.so[0xCBBCB000])[29 46       ]0x00003E36:	MOV	R1, R5	;(R5=0x00000010 )
(       libmtguard.so[0xCBBCB000])[FE F7 CE EB ]0x00003E38:	BLX	#0XCBBCD5D8	;(PC=0xCBBCEE38 )
(       libmtguard.so[0xCBBCB000])[00 C6 8F E2 ]0x000025D8:	ADD	IP, PC, #0, #12	;(PC=0xCBBCD5D8 )
(       libmtguard.so[0xCBBCB000])[3D CA 8C E2 ]0x000025DC:	ADD	IP, IP, #0X3D000	;(IP=0xCBBCD5E0 )
(       libmtguard.so[0xCBBCB000])[F4 F8 BC E5 ]0x000025E0:	LDR	PC, [IP, #0X8F4]!	;(IP=0xCBC0A5E0 )
(       libmtguard.so[0xCBBCB000])[00 E0       ]0x00003E3C:	B	#0XCBBCEE40
(       libmtguard.so[0xCBBCB000])[20 46       ]0x00003E40:	MOV	R0, R4	;(R4=0x30045578 )
(       libmtguard.so[0xCBBCB000])[B0 BD       ]0x00003E42:	POP	{R4, R5, R7, PC}	;(SP=0x100FFF98 )
(       libmtguard.so[0xCBBCB000])[04 46       ]0x00003894:	MOV	R4, R0	;(R0=0x30045578 )
(       libmtguard.so[0xCBBCB000])[94 B1       ]0x00003896:	CBZ	R4, #0XCBBCE8BE	;(R4=0x30045578 )
(       libmtguard.so[0xCBBCB000])[0B 20       ]0x00003898:	MOVS	R0, #0XB
(       libmtguard.so[0xCBBCB000])[C4 E9 00 66 ]0x0000389A:	STRD	R6, R6, [R4]	;(R6=0x00000000 R4=0x30045578 )
(       libmtguard.so[0xCBBCB000])[C4 E9 02 05 ]0x0000389E:	STRD	R0, R5, [R4, #8]	;(R0=0x0000000B R5=0xCBBCFE51 R4=0x30045578 )
(       libmtguard.so[0xCBBCB000])[04 20       ]0x000038A2:	MOVS	R0, #4
(       libmtguard.so[0xCBBCB000])[0B 21       ]0x000038A4:	MOVS	R1, #0XB
(       libmtguard.so[0xCBBCB000])[00 22       ]0x000038A6:	MOVS	R2, #0
(       libmtguard.so[0xCBBCB000])[00 23       ]0x000038A8:	MOVS	R3, #0
(       libmtguard.so[0xCBBCB000])[00 F0 B9 FA ]0x000038AA:	BL	#0XCBBCEE20	;(PC=0xCBBCE8AA )
(       libmtguard.so[0xCBBCB000])[B0 B5       ]0x00003E20:	PUSH	{R4, R5, R7, LR}	;(SP=0x100FFFA8 R4=0x30045578 R5=0xCBBCFE51 R7=0x100FFFB8 LR=0xCBBCE8AF )
(       libmtguard.so[0xCBBCB000])[02 AF       ]0x00003E22:	ADD	R7, SP, #8	;(SP=0x100FFF98 )
(       libmtguard.so[0xCBBCB000])[01 FB 00 F5 ]0x00003E24:	MUL	R5, R1, R0	;(R1=0x0000000B R0=0x00000004 )
(       libmtguard.so[0xCBBCB000])[4D B1       ]0x00003E28:	CBZ	R5, #0XCBBCEE3E	;(R5=0x0000002C )
(       libmtguard.so[0xCBBCB000])[28 46       ]0x00003E2A:	MOV	R0, R5	;(R5=0x0000002C )
(       libmtguard.so[0xCBBCB000])[FE F7 C8 EB ]0x00003E2C:	BLX	#0XCBBCD5C0	;(PC=0xCBBCEE2C )
(       libmtguard.so[0xCBBCB000])[00 C6 8F E2 ]0x000025C0:	ADD	IP, PC, #0, #12	;(PC=0xCBBCD5C0 )
(       libmtguard.so[0xCBBCB000])[3D CA 8C E2 ]0x000025C4:	ADD	IP, IP, #0X3D000	;(IP=0xCBBCD5C8 )
(       libmtguard.so[0xCBBCB000])[04 F9 BC E5 ]0x000025C8:	LDR	PC, [IP, #0X904]!	;(IP=0xCBC0A5C8 )
(       libmtguard.so[0xCBBCB000])[04 46       ]0x00003E30:	MOV	R4, R0	;(R0=0x30045590 )
(       libmtguard.so[0xCBBCB000])[24 B1       ]0x00003E32:	CBZ	R4, #0XCBBCEE3E	;(R4=0x30045590 )
(       libmtguard.so[0xCBBCB000])[20 46       ]0x00003E34:	MOV	R0, R4	;(R4=0x30045590 )
(       libmtguard.so[0xCBBCB000])[29 46       ]0x00003E36:	MOV	R1, R5	;(R5=0x0000002C )
(       libmtguard.so[0xCBBCB000])[FE F7 CE EB ]0x00003E38:	BLX	#0XCBBCD5D8	;(PC=0xCBBCEE38 )
(       libmtguard.so[0xCBBCB000])[00 C6 8F E2 ]0x000025D8:	ADD	IP, PC, #0, #12	;(PC=0xCBBCD5D8 )
(       libmtguard.so[0xCBBCB000])[3D CA 8C E2 ]0x000025DC:	ADD	IP, IP, #0X3D000	;(IP=0xCBBCD5E0 )
(       libmtguard.so[0xCBBCB000])[F4 F8 BC E5 ]0x000025E0:	LDR	PC, [IP, #0X8F4]!	;(IP=0xCBC0A5E0 )
(       libmtguard.so[0xCBBCB000])[00 E0       ]0x00003E3C:	B	#0XCBBCEE40
(       libmtguard.so[0xCBBCB000])[20 46       ]0x00003E40:	MOV	R0, R4	;(R4=0x30045590 )
(       libmtguard.so[0xCBBCB000])[B0 BD       ]0x00003E42:	POP	{R4, R5, R7, PC}	;(SP=0x100FFF98 )
(       libmtguard.so[0xCBBCB000])[00 28       ]0x000038AE:	CMP	R0, #0	;(R0=0x30045590 )
(       libmtguard.so[0xCBBCB000])[20 60       ]0x000038B0:	STR	R0, [R4]	;(R0=0x30045590 R4=0x30045578 )
(       libmtguard.so[0xCBBCB000])[05 D1       ]0x000038B2:	BNE	#0XCBBCE8C0
(       libmtguard.so[0xCBBCB000])[20 46       ]0x000038C0:	MOV	R0, R4	;(R4=0x30045578 )
(       libmtguard.so[0xCBBCB000])[5D F8 04 BB ]0x000038C2:	LDR	FP, [SP], #4	;(SP=0x100FFFA8 )
(       libmtguard.so[0xCBBCB000])[F0 BD       ]0x000038C6:	POP	{R4, R5, R6, R7, PC}	;(SP=0x100FFFAC )
(       libmtguard.so[0xCBBCB000])[01 36       ]0x0000CE08:	ADDS	R6, #1	;(R6=0x00000083 )
(       libmtguard.so[0xCBBCB000])[60 60       ]0x0000CE0A:	STR	R0, [R4, #4]	;(R0=0x30045578 R4=0xCBC0D4AC )
(       libmtguard.so[0xCBBCB000])[B6 F5 7C 7F ]0x0000CE0C:	CMP.W	R6, #0X3F0	;(R6=0x00000084 )
(       libmtguard.so[0xCBBCB000])[F3 D1       ]0x0000CE10:	BNE	#0XCBBD7DFA
(       libmtguard.so[0xCBBCB000])[48 46       ]0x0000CDFA:	MOV	R0, SB	;(SB=0xCBBCFE51 )
(       libmtguard.so[0xCBBCB000])[45 F8 36 80 ]0x0000CDFC:	STR.W	R8, [R5, R6, LSL #3]	;(R8=0xFFFFFFFF R5=0xCBC0D094 R6=0x00000084 )
(       libmtguard.so[0xCBBCB000])[05 EB C6 04 ]0x0000CE00:	ADD.W	R4, R5, R6, LSL #3	;(R5=0xCBC0D094 R6=0x00000084 )
(       libmtguard.so[0xCBBCB000])[F6 F7 3A FD ]0x0000CE04:	BL	#0XCBBCE87C	;(PC=0xCBBD7E04 )
(       libmtguard.so[0xCBBCB000])[F0 B5       ]0x0000387C:	PUSH	{R4, R5, R6, R7, LR}	;(SP=0x100FFFC0 R4=0xCBC0D4B4 R5=0xCBC0D094 R6=0x00000084 R7=0x100FFFE0 LR=0xCBBD7E09 )
(       libmtguard.so[0xCBBCB000])[03 AF       ]0x0000387E:	ADD	R7, SP, #0XC	;(SP=0x100FFFAC )
(       libmtguard.so[0xCBBCB000])[4D F8 04 BD ]0x00003880:	STR	FP, [SP, #-0X4]!	;(FP=0xCBC0B1C4 SP=0x100FFFAC )
(       libmtguard.so[0xCBBCB000])[05 46       ]0x00003884:	MOV	R5, R0	;(R0=0xCBBCFE51 )
(       libmtguard.so[0xCBBCB000])[01 20       ]0x00003886:	MOVS	R0, #1
(       libmtguard.so[0xCBBCB000])[10 21       ]0x00003888:	MOVS	R1, #0X10
(       libmtguard.so[0xCBBCB000])[00 22       ]0x0000388A:	MOVS	R2, #0
(       libmtguard.so[0xCBBCB000])[00 23       ]0x0000388C:	MOVS	R3, #0
(       libmtguard.so[0xCBBCB000])[00 26       ]0x0000388E:	MOVS	R6, #0
(       libmtguard.so[0xCBBCB000])[00 F0 C6 FA ]0x00003890:	BL	#0XCBBCEE20	;(PC=0xCBBCE890 )
(       libmtguard.so[0xCBBCB000])[B0 B5       ]0x00003E20:	PUSH	{R4, R5, R7, LR}	;(SP=0x100FFFA8 R4=0xCBC0D4B4 R5=0xCBBCFE51 R7=0x100FFFB8 LR=0xCBBCE895 )
(       libmtguard.so[0xCBBCB000])[02 AF       ]0x00003E22:	ADD	R7, SP, #8	;(SP=0x100FFF98 )
(       libmtguard.so[0xCBBCB000])[01 FB 00 F5 ]0x00003E24:	MUL	R5, R1, R0	;(R1=0x00000010 R0=0x00000001 )
(       libmtguard.so[0xCBBCB000])[4D B1       ]0x00003E28:	CBZ	R5, #0XCBBCEE3E	;(R5=0x00000010 )
(       libmtguard.so[0xCBBCB000])[28 46       ]0x00003E2A:	MOV	R0, R5	;(R5=0x00000010 )
(       libmtguard.so[0xCBBCB000])[FE F7 C8 EB ]0x00003E2C:	BLX	#0XCBBCD5C0	;(PC=0xCBBCEE2C )
(       libmtguard.so[0xCBBCB000])[00 C6 8F E2 ]0x000025C0:	ADD	IP, PC, #0, #12	;(PC=0xCBBCD5C0 )
(       libmtguard.so[0xCBBCB000])[3D CA 8C E2 ]0x000025C4:	ADD	IP, IP, #0X3D000	;(IP=0xCBBCD5C8 )
(       libmtguard.so[0xCBBCB000])[04 F9 BC E5 ]0x000025C8:	LDR	PC, [IP, #0X904]!	;(IP=0xCBC0A5C8 )
(       libmtguard.so[0xCBBCB000])[04 46       ]0x00003E30:	MOV	R4, R0	;(R0=0x300455C0 )
(       libmtguard.so[0xCBBCB000])[24 B1       ]0x00003E32:	CBZ	R4, #0XCBBCEE3E	;(R4=0x300455C0 )
(       libmtguard.so[0xCBBCB000])[20 46       ]0x00003E34:	MOV	R0, R4	;(R4=0x300455C0 )
(       libmtguard.so[0xCBBCB000])[29 46       ]0x00003E36:	MOV	R1, R5	;(R5=0x00000010 )
(       libmtguard.so[0xCBBCB000])[FE F7 CE EB ]0x00003E38:	BLX	#0XCBBCD5D8	;(PC=0xCBBCEE38 )
(       libmtguard.so[0xCBBCB000])[00 C6 8F E2 ]0x000025D8:	ADD	IP, PC, #0, #12	;(PC=0xCBBCD5D8 )
(       libmtguard.so[0xCBBCB000])[3D CA 8C E2 ]0x000025DC:	ADD	IP, IP, #0X3D000	;(IP=0xCBBCD5E0 )
(       libmtguard.so[0xCBBCB000])[F4 F8 BC E5 ]0x000025E0:	LDR	PC, [IP, #0X8F4]!	;(IP=0xCBC0A5E0 )
(       libmtguard.so[0xCBBCB000])[00 E0       ]0x00003E3C:	B	#0XCBBCEE40
(       libmtguard.so[0xCBBCB000])[20 46       ]0x00003E40:	MOV	R0, R4	;(R4=0x300455C0 )
(       libmtguard.so[0xCBBCB000])[B0 BD       ]0x00003E42:	POP	{R4, R5, R7, PC}	;(SP=0x100FFF98 )
(       libmtguard.so[0xCBBCB000])[04 46       ]0x00003894:	MOV	R4, R0	;(R0=0x300455C0 )
(       libmtguard.so[0xCBBCB000])[94 B1       ]0x00003896:	CBZ	R4, #0XCBBCE8BE	;(R4=0x300455C0 )
(       libmtguard.so[0xCBBCB000])[0B 20       ]0x00003898:	MOVS	R0, #0XB
(       libmtguard.so[0xCBBCB000])[C4 E9 00 66 ]0x0000389A:	STRD	R6, R6, [R4]	;(R6=0x00000000 R4=0x300455C0 )
(       libmtguard.so[0xCBBCB000])[C4 E9 02 05 ]0x0000389E:	STRD	R0, R5, [R4, #8]	;(R0=0x0000000B R5=0xCBBCFE51 R4=0x300455C0 )
(       libmtguard.so[0xCBBCB000])[04 20       ]0x000038A2:	MOVS	R0, #4
(       libmtguard.so[0xCBBCB000])[0B 21       ]0x000038A4:	MOVS	R1, #0XB
(       libmtguard.so[0xCBBCB000])[00 22       ]0x000038A6:	MOVS	R2, #0
(       libmtguard.so[0xCBBCB000])[00 23       ]0x000038A8:	MOVS	R3, #0
(       libmtguard.so[0xCBBCB000])[00 F0 B9 FA ]0x000038AA:	BL	#0XCBBCEE20	;(PC=0xCBBCE8AA )
(       libmtguard.so[0xCBBCB000])[B0 B5       ]0x00003E20:	PUSH	{R4, R5, R7, LR}	;(SP=0x100FFFA8 R4=0x300455C0 R5=0xCBBCFE51 R7=0x100FFFB8 LR=0xCBBCE8AF )
(       libmtguard.so[0xCBBCB000])[02 AF       ]0x00003E22:	ADD	R7, SP, #8	;(SP=0x100FFF98 )
(       libmtguard.so[0xCBBCB000])[01 FB 00 F5 ]0x00003E24:	MUL	R5, R1, R0	;(R1=0x0000000B R0=0x00000004 )
(       libmtguard.so[0xCBBCB000])[4D B1       ]0x00003E28:	CBZ	R5, #0XCBBCEE3E	;(R5=0x0000002C )
(       libmtguard.so[0xCBBCB000])[28 46       ]0x00003E2A:	MOV	R0, R5	;(R5=0x0000002C )
(       libmtguard.so[0xCBBCB000])[FE F7 C8 EB ]0x00003E2C:	BLX	#0XCBBCD5C0	;(PC=0xCBBCEE2C )
(       libmtguard.so[0xCBBCB000])[00 C6 8F E2 ]0x000025C0:	ADD	IP, PC, #0, #12	;(PC=0xCBBCD5C0 )
(       libmtguard.so[0xCBBCB000])[3D CA 8C E2 ]0x000025C4:	ADD	IP, IP, #0X3D000	;(IP=0xCBBCD5C8 )
(       libmtguard.so[0xCBBCB000])[04 F9 BC E5 ]0x000025C8:	LDR	PC, [IP, #0X904]!	;(IP=0xCBC0A5C8 )
(       libmtguard.so[0xCBBCB000])[04 46       ]0x00003E30:	MOV	R4, R0	;(R0=0x300455D8 )
(       libmtguard.so[0xCBBCB000])[24 B1       ]0x00003E32:	CBZ	R4, #0XCBBCEE3E	;(R4=0x300455D8 )
(       libmtguard.so[0xCBBCB000])[20 46       ]0x00003E34:	MOV	R0, R4	;(R4=0x300455D8 )
(       libmtguard.so[0xCBBCB000])[29 46       ]0x00003E36:	MOV	R1, R5	;(R5=0x0000002C )
(       libmtguard.so[0xCBBCB000])[FE F7 CE EB ]0x00003E38:	BLX	#0XCBBCD5D8	;(PC=0xCBBCEE38 )
(       libmtguard.so[0xCBBCB000])[00 C6 8F E2 ]0x000025D8:	ADD	IP, PC, #0, #12	;(PC=0xCBBCD5D8 )
(       libmtguard.so[0xCBBCB000])[3D CA 8C E2 ]0x000025DC:	ADD	IP, IP, #0X3D000	;(IP=0xCBBCD5E0 )
(       libmtguard.so[0xCBBCB000])[F4 F8 BC E5 ]0x000025E0:	LDR	PC, [IP, #0X8F4]!	;(IP=0xCBC0A5E0 )
(       libmtguard.so[0xCBBCB000])[00 E0       ]0x00003E3C:	B	#0XCBBCEE40
(       libmtguard.so[0xCBBCB000])[20 46       ]0x00003E40:	MOV	R0, R4	;(R4=0x300455D8 )
(       libmtguard.so[0xCBBCB000])[B0 BD       ]0x00003E42:	POP	{R4, R5, R7, PC}	;(SP=0x100FFF98 )
(       libmtguard.so[0xCBBCB000])[00 28       ]0x000038AE:	CMP	R0, #0	;(R0=0x300455D8 )
(       libmtguard.so[0xCBBCB000])[20 60       ]0x000038B0:	STR	R0, [R4]	;(R0=0x300455D8 R4=0x300455C0 )
(       libmtguard.so[0xCBBCB000])[05 D1       ]0x000038B2:	BNE	#0XCBBCE8C0
(       libmtguard.so[0xCBBCB000])[20 46       ]0x000038C0:	MOV	R0, R4	;(R4=0x300455C0 )
(       libmtguard.so[0xCBBCB000])[5D F8 04 BB ]0x000038C2:	LDR	FP, [SP], #4	;(SP=0x100FFFA8 )
(       libmtguard.so[0xCBBCB000])[F0 BD       ]0x000038C6:	POP	{R4, R5, R6, R7, PC}	;(SP=0x100FFFAC )
(       libmtguard.so[0xCBBCB000])[01 36       ]0x0000CE08:	ADDS	R6, #1	;(R6=0x00000084 )
(       libmtguard.so[0xCBBCB000])[60 60       ]0x0000CE0A:	STR	R0, [R4, #4]	;(R0=0x300455C0 R4=0xCBC0D4B4 )
(       libmtguard.so[0xCBBCB000])[B6 F5 7C 7F ]0x0000CE0C:	CMP.W	R6, #0X3F0	;(R6=0x00000085 )
(       libmtguard.so[0xCBBCB000])[F3 D1       ]0x0000CE10:	BNE	#0XCBBD7DFA
(       libmtguard.so[0xCBBCB000])[48 46       ]0x0000CDFA:	MOV	R0, SB	;(SB=0xCBBCFE51 )
(       libmtguard.so[0xCBBCB000])[45 F8 36 80 ]0x0000CDFC:	STR.W	R8, [R5, R6, LSL #3]	;(R8=0xFFFFFFFF R5=0xCBC0D094 R6=0x00000085 )
(       libmtguard.so[0xCBBCB000])[05 EB C6 04 ]0x0000CE00:	ADD.W	R4, R5, R6, LSL #3	;(R5=0xCBC0D094 R6=0x00000085 )
(       libmtguard.so[0xCBBCB000])[F6 F7 3A FD ]0x0000CE04:	BL	#0XCBBCE87C	;(PC=0xCBBD7E04 )
(       libmtguard.so[0xCBBCB000])[F0 B5       ]0x0000387C:	PUSH	{R4, R5, R6, R7, LR}	;(SP=0x100FFFC0 R4=0xCBC0D4BC R5=0xCBC0D094 R6=0x00000085 R7=0x100FFFE0 LR=0xCBBD7E09 )
(       libmtguard.so[0xCBBCB000])[03 AF       ]0x0000387E:	ADD	R7, SP, #0XC	;(SP=0x100FFFAC )
(       libmtguard.so[0xCBBCB000])[4D F8 04 BD ]0x00003880:	STR	FP, [SP, #-0X4]!	;(FP=0xCBC0B1C4 SP=0x100FFFAC )
(       libmtguard.so[0xCBBCB000])[05 46       ]0x00003884:	MOV	R5, R0	;(R0=0xCBBCFE51 )
(       libmtguard.so[0xCBBCB000])[01 20       ]0x00003886:	MOVS	R0, #1
(       libmtguard.so[0xCBBCB000])[10 21       ]0x00003888:	MOVS	R1, #0X10
(       libmtguard.so[0xCBBCB000])[00 22       ]0x0000388A:	MOVS	R2, #0
(       libmtguard.so[0xCBBCB000])[00 23       ]0x0000388C:	MOVS	R3, #0
(       libmtguard.so[0xCBBCB000])[00 26       ]0x0000388E:	MOVS	R6, #0
(       libmtguard.so[0xCBBCB000])[00 F0 C6 FA ]0x00003890:	BL	#0XCBBCEE20	;(PC=0xCBBCE890 )
(       libmtguard.so[0xCBBCB000])[B0 B5       ]0x00003E20:	PUSH	{R4, R5, R7, LR}	;(SP=0x100FFFA8 R4=0xCBC0D4BC R5=0xCBBCFE51 R7=0x100FFFB8 LR=0xCBBCE895 )
(       libmtguard.so[0xCBBCB000])[02 AF       ]0x00003E22:	ADD	R7, SP, #8	;(SP=0x100FFF98 )
(       libmtguard.so[0xCBBCB000])[01 FB 00 F5 ]0x00003E24:	MUL	R5, R1, R0	;(R1=0x00000010 R0=0x00000001 )
(       libmtguard.so[0xCBBCB000])[4D B1       ]0x00003E28:	CBZ	R5, #0XCBBCEE3E	;(R5=0x00000010 )
(       libmtguard.so[0xCBBCB000])[28 46       ]0x00003E2A:	MOV	R0, R5	;(R5=0x00000010 )
(       libmtguard.so[0xCBBCB000])[FE F7 C8 EB ]0x00003E2C:	BLX	#0XCBBCD5C0	;(PC=0xCBBCEE2C )
(       libmtguard.so[0xCBBCB000])[00 C6 8F E2 ]0x000025C0:	ADD	IP, PC, #0, #12	;(PC=0xCBBCD5C0 )
(       libmtguard.so[0xCBBCB000])[3D CA 8C E2 ]0x000025C4:	ADD	IP, IP, #0X3D000	;(IP=0xCBBCD5C8 )
(       libmtguard.so[0xCBBCB000])[04 F9 BC E5 ]0x000025C8:	LDR	PC, [IP, #0X904]!	;(IP=0xCBC0A5C8 )
(       libmtguard.so[0xCBBCB000])[04 46       ]0x00003E30:	MOV	R4, R0	;(R0=0x30045608 )
(       libmtguard.so[0xCBBCB000])[24 B1       ]0x00003E32:	CBZ	R4, #0XCBBCEE3E	;(R4=0x30045608 )
(       libmtguard.so[0xCBBCB000])[20 46       ]0x00003E34:	MOV	R0, R4	;(R4=0x30045608 )
(       libmtguard.so[0xCBBCB000])[29 46       ]0x00003E36:	MOV	R1, R5	;(R5=0x00000010 )
(       libmtguard.so[0xCBBCB000])[FE F7 CE EB ]0x00003E38:	BLX	#0XCBBCD5D8	;(PC=0xCBBCEE38 )
(       libmtguard.so[0xCBBCB000])[00 C6 8F E2 ]0x000025D8:	ADD	IP, PC, #0, #12	;(PC=0xCBBCD5D8 )
(       libmtguard.so[0xCBBCB000])[3D CA 8C E2 ]0x000025DC:	ADD	IP, IP, #0X3D000	;(IP=0xCBBCD5E0 )
(       libmtguard.so[0xCBBCB000])[F4 F8 BC E5 ]0x000025E0:	LDR	PC, [IP, #0X8F4]!	;(IP=0xCBC0A5E0 )
(       libmtguard.so[0xCBBCB000])[00 E0       ]0x00003E3C:	B	#0XCBBCEE40
(       libmtguard.so[0xCBBCB000])[20 46       ]0x00003E40:	MOV	R0, R4	;(R4=0x30045608 )
(       libmtguard.so[0xCBBCB000])[B0 BD       ]0x00003E42:	POP	{R4, R5, R7, PC}	;(SP=0x100FFF98 )
(       libmtguard.so[0xCBBCB000])[04 46       ]0x00003894:	MOV	R4, R0	;(R0=0x30045608 )
(       libmtguard.so[0xCBBCB000])[94 B1       ]0x00003896:	CBZ	R4, #0XCBBCE8BE	;(R4=0x30045608 )
(       libmtguard.so[0xCBBCB000])[0B 20       ]0x00003898:	MOVS	R0, #0XB
(       libmtguard.so[0xCBBCB000])[C4 E9 00 66 ]0x0000389A:	STRD	R6, R6, [R4]	;(R6=0x00000000 R4=0x30045608 )
(       libmtguard.so[0xCBBCB000])[C4 E9 02 05 ]0x0000389E:	STRD	R0, R5, [R4, #8]	;(R0=0x0000000B R5=0xCBBCFE51 R4=0x30045608 )
(       libmtguard.so[0xCBBCB000])[04 20       ]0x000038A2:	MOVS	R0, #4
(       libmtguard.so[0xCBBCB000])[0B 21       ]0x000038A4:	MOVS	R1, #0XB
(       libmtguard.so[0xCBBCB000])[00 22       ]0x000038A6:	MOVS	R2, #0
(       libmtguard.so[0xCBBCB000])[00 23       ]0x000038A8:	MOVS	R3, #0
(       libmtguard.so[0xCBBCB000])[00 F0 B9 FA ]0x000038AA:	BL	#0XCBBCEE20	;(PC=0xCBBCE8AA )
(       libmtguard.so[0xCBBCB000])[B0 B5       ]0x00003E20:	PUSH	{R4, R5, R7, LR}	;(SP=0x100FFFA8 R4=0x30045608 R5=0xCBBCFE51 R7=0x100FFFB8 LR=0xCBBCE8AF )
(       libmtguard.so[0xCBBCB000])[02 AF       ]0x00003E22:	ADD	R7, SP, #8	;(SP=0x100FFF98 )
(       libmtguard.so[0xCBBCB000])[01 FB 00 F5 ]0x00003E24:	MUL	R5, R1, R0	;(R1=0x0000000B R0=0x00000004 )
(       libmtguard.so[0xCBBCB000])[4D B1       ]0x00003E28:	CBZ	R5, #0XCBBCEE3E	;(R5=0x0000002C )
(       libmtguard.so[0xCBBCB000])[28 46       ]0x00003E2A:	MOV	R0, R5	;(R5=0x0000002C )
(       libmtguard.so[0xCBBCB000])[FE F7 C8 EB ]0x00003E2C:	BLX	#0XCBBCD5C0	;(PC=0xCBBCEE2C )
(       libmtguard.so[0xCBBCB000])[00 C6 8F E2 ]0x000025C0:	ADD	IP, PC, #0, #12	;(PC=0xCBBCD5C0 )
(       libmtguard.so[0xCBBCB000])[3D CA 8C E2 ]0x000025C4:	ADD	IP, IP, #0X3D000	;(IP=0xCBBCD5C8 )
(       libmtguard.so[0xCBBCB000])[04 F9 BC E5 ]0x000025C8:	LDR	PC, [IP, #0X904]!	;(IP=0xCBC0A5C8 )
(       libmtguard.so[0xCBBCB000])[04 46       ]0x00003E30:	MOV	R4, R0	;(R0=0x30045620 )
(       libmtguard.so[0xCBBCB000])[24 B1       ]0x00003E32:	CBZ	R4, #0XCBBCEE3E	;(R4=0x30045620 )
(       libmtguard.so[0xCBBCB000])[20 46       ]0x00003E34:	MOV	R0, R4	;(R4=0x30045620 )
(       libmtguard.so[0xCBBCB000])[29 46       ]0x00003E36:	MOV	R1, R5	;(R5=0x0000002C )
(       libmtguard.so[0xCBBCB000])[FE F7 CE EB ]0x00003E38:	BLX	#0XCBBCD5D8	;(PC=0xCBBCEE38 )
(       libmtguard.so[0xCBBCB000])[00 C6 8F E2 ]0x000025D8:	ADD	IP, PC, #0, #12	;(PC=0xCBBCD5D8 )
(       libmtguard.so[0xCBBCB000])[3D CA 8C E2 ]0x000025DC:	ADD	IP, IP, #0X3D000	;(IP=0xCBBCD5E0 )
(       libmtguard.so[0xCBBCB000])[F4 F8 BC E5 ]0x000025E0:	LDR	PC, [IP, #0X8F4]!	;(IP=0xCBC0A5E0 )
(       libmtguard.so[0xCBBCB000])[00 E0       ]0x00003E3C:	B	#0XCBBCEE40
(       libmtguard.so[0xCBBCB000])[20 46       ]0x00003E40:	MOV	R0, R4	;(R4=0x30045620 )
(       libmtguard.so[0xCBBCB000])[B0 BD       ]0x00003E42:	POP	{R4, R5, R7, PC}	;(SP=0x100FFF98 )
(       libmtguard.so[0xCBBCB000])[00 28       ]0x000038AE:	CMP	R0, #0	;(R0=0x30045620 )
(       libmtguard.so[0xCBBCB000])[20 60       ]0x000038B0:	STR	R0, [R4]	;(R0=0x30045620 R4=0x30045608 )
(       libmtguard.so[0xCBBCB000])[05 D1       ]0x000038B2:	BNE	#0XCBBCE8C0
(       libmtguard.so[0xCBBCB000])[20 46       ]0x000038C0:	MOV	R0, R4	;(R4=0x30045608 )
(       libmtguard.so[0xCBBCB000])[5D F8 04 BB ]0x000038C2:	LDR	FP, [SP], #4	;(SP=0x100FFFA8 )
(       libmtguard.so[0xCBBCB000])[F0 BD       ]0x000038C6:	POP	{R4, R5, R6, R7, PC}	;(SP=0x100FFFAC )
(       libmtguard.so[0xCBBCB000])[01 36       ]0x0000CE08:	ADDS	R6, #1	;(R6=0x00000085 )
(       libmtguard.so[0xCBBCB000])[60 60       ]0x0000CE0A:	STR	R0, [R4, #4]	;(R0=0x30045608 R4=0xCBC0D4BC )
(       libmtguard.so[0xCBBCB000])[B6 F5 7C 7F ]0x0000CE0C:	CMP.W	R6, #0X3F0	;(R6=0x00000086 )
(       libmtguard.so[0xCBBCB000])[F3 D1       ]0x0000CE10:	BNE	#0XCBBD7DFA
(       libmtguard.so[0xCBBCB000])[48 46       ]0x0000CDFA:	MOV	R0, SB	;(SB=0xCBBCFE51 )
(       libmtguard.so[0xCBBCB000])[45 F8 36 80 ]0x0000CDFC:	STR.W	R8, [R5, R6, LSL #3]	;(R8=0xFFFFFFFF R5=0xCBC0D094 R6=0x00000086 )
(       libmtguard.so[0xCBBCB000])[05 EB C6 04 ]0x0000CE00:	ADD.W	R4, R5, R6, LSL #3	;(R5=0xCBC0D094 R6=0x00000086 )
(       libmtguard.so[0xCBBCB000])[F6 F7 3A FD ]0x0000CE04:	BL	#0XCBBCE87C	;(PC=0xCBBD7E04 )
(       libmtguard.so[0xCBBCB000])[F0 B5       ]0x0000387C:	PUSH	{R4, R5, R6, R7, LR}	;(SP=0x100FFFC0 R4=0xCBC0D4C4 R5=0xCBC0D094 R6=0x00000086 R7=0x100FFFE0 LR=0xCBBD7E09 )
(       libmtguard.so[0xCBBCB000])[03 AF       ]0x0000387E:	ADD	R7, SP, #0XC	;(SP=0x100FFFAC )
(       libmtguard.so[0xCBBCB000])[4D F8 04 BD ]0x00003880:	STR	FP, [SP, #-0X4]!	;(FP=0xCBC0B1C4 SP=0x100FFFAC )
(       libmtguard.so[0xCBBCB000])[05 46       ]0x00003884:	MOV	R5, R0	;(R0=0xCBBCFE51 )
(       libmtguard.so[0xCBBCB000])[01 20       ]0x00003886:	MOVS	R0, #1
(       libmtguard.so[0xCBBCB000])[10 21       ]0x00003888:	MOVS	R1, #0X10
(       libmtguard.so[0xCBBCB000])[00 22       ]0x0000388A:	MOVS	R2, #0
(       libmtguard.so[0xCBBCB000])[00 23       ]0x0000388C:	MOVS	R3, #0
(       libmtguard.so[0xCBBCB000])[00 26       ]0x0000388E:	MOVS	R6, #0
(       libmtguard.so[0xCBBCB000])[00 F0 C6 FA ]0x00003890:	BL	#0XCBBCEE20	;(PC=0xCBBCE890 )
(       libmtguard.so[0xCBBCB000])[B0 B5       ]0x00003E20:	PUSH	{R4, R5, R7, LR}	;(SP=0x100FFFA8 R4=0xCBC0D4C4 R5=0xCBBCFE51 R7=0x100FFFB8 LR=0xCBBCE895 )
(       libmtguard.so[0xCBBCB000])[02 AF       ]0x00003E22:	ADD	R7, SP, #8	;(SP=0x100FFF98 )
(       libmtguard.so[0xCBBCB000])[01 FB 00 F5 ]0x00003E24:	MUL	R5, R1, R0	;(R1=0x00000010 R0=0x00000001 )
(       libmtguard.so[0xCBBCB000])[4D B1       ]0x00003E28:	CBZ	R5, #0XCBBCEE3E	;(R5=0x00000010 )
(       libmtguard.so[0xCBBCB000])[28 46       ]0x00003E2A:	MOV	R0, R5	;(R5=0x00000010 )
(       libmtguard.so[0xCBBCB000])[FE F7 C8 EB ]0x00003E2C:	BLX	#0XCBBCD5C0	;(PC=0xCBBCEE2C )
(       libmtguard.so[0xCBBCB000])[00 C6 8F E2 ]0x000025C0:	ADD	IP, PC, #0, #12	;(PC=0xCBBCD5C0 )
(       libmtguard.so[0xCBBCB000])[3D CA 8C E2 ]0x000025C4:	ADD	IP, IP, #0X3D000	;(IP=0xCBBCD5C8 )
(       libmtguard.so[0xCBBCB000])[04 F9 BC E5 ]0x000025C8:	LDR	PC, [IP, #0X904]!	;(IP=0xCBC0A5C8 )
(       libmtguard.so[0xCBBCB000])[04 46       ]0x00003E30:	MOV	R4, R0	;(R0=0x30045650 )
(       libmtguard.so[0xCBBCB000])[24 B1       ]0x00003E32:	CBZ	R4, #0XCBBCEE3E	;(R4=0x30045650 )
(       libmtguard.so[0xCBBCB000])[20 46       ]0x00003E34:	MOV	R0, R4	;(R4=0x30045650 )
(       libmtguard.so[0xCBBCB000])[29 46       ]0x00003E36:	MOV	R1, R5	;(R5=0x00000010 )
(       libmtguard.so[0xCBBCB000])[FE F7 CE EB ]0x00003E38:	BLX	#0XCBBCD5D8	;(PC=0xCBBCEE38 )
(       libmtguard.so[0xCBBCB000])[00 C6 8F E2 ]0x000025D8:	ADD	IP, PC, #0, #12	;(PC=0xCBBCD5D8 )
(       libmtguard.so[0xCBBCB000])[3D CA 8C E2 ]0x000025DC:	ADD	IP, IP, #0X3D000	;(IP=0xCBBCD5E0 )
(       libmtguard.so[0xCBBCB000])[F4 F8 BC E5 ]0x000025E0:	LDR	PC, [IP, #0X8F4]!	;(IP=0xCBC0A5E0 )
(       libmtguard.so[0xCBBCB000])[00 E0       ]0x00003E3C:	B	#0XCBBCEE40
(       libmtguard.so[0xCBBCB000])[20 46       ]0x00003E40:	MOV	R0, R4	;(R4=0x30045650 )
(       libmtguard.so[0xCBBCB000])[B0 BD       ]0x00003E42:	POP	{R4, R5, R7, PC}	;(SP=0x100FFF98 )
(       libmtguard.so[0xCBBCB000])[04 46       ]0x00003894:	MOV	R4, R0	;(R0=0x30045650 )
(       libmtguard.so[0xCBBCB000])[94 B1       ]0x00003896:	CBZ	R4, #0XCBBCE8BE	;(R4=0x30045650 )
(       libmtguard.so[0xCBBCB000])[0B 20       ]0x00003898:	MOVS	R0, #0XB
(       libmtguard.so[0xCBBCB000])[C4 E9 00 66 ]0x0000389A:	STRD	R6, R6, [R4]	;(R6=0x00000000 R4=0x30045650 )
(       libmtguard.so[0xCBBCB000])[C4 E9 02 05 ]0x0000389E:	STRD	R0, R5, [R4, #8]	;(R0=0x0000000B R5=0xCBBCFE51 R4=0x30045650 )
(       libmtguard.so[0xCBBCB000])[04 20       ]0x000038A2:	MOVS	R0, #4
(       libmtguard.so[0xCBBCB000])[0B 21       ]0x000038A4:	MOVS	R1, #0XB
(       libmtguard.so[0xCBBCB000])[00 22       ]0x000038A6:	MOVS	R2, #0
(       libmtguard.so[0xCBBCB000])[00 23       ]0x000038A8:	MOVS	R3, #0
(       libmtguard.so[0xCBBCB000])[00 F0 B9 FA ]0x000038AA:	BL	#0XCBBCEE20	;(PC=0xCBBCE8AA )
(       libmtguard.so[0xCBBCB000])[B0 B5       ]0x00003E20:	PUSH	{R4, R5, R7, LR}	;(SP=0x100FFFA8 R4=0x30045650 R5=0xCBBCFE51 R7=0x100FFFB8 LR=0xCBBCE8AF )
(       libmtguard.so[0xCBBCB000])[02 AF       ]0x00003E22:	ADD	R7, SP, #8	;(SP=0x100FFF98 )
(       libmtguard.so[0xCBBCB000])[01 FB 00 F5 ]0x00003E24:	MUL	R5, R1, R0	;(R1=0x0000000B R0=0x00000004 )
(       libmtguard.so[0xCBBCB000])[4D B1       ]0x00003E28:	CBZ	R5, #0XCBBCEE3E	;(R5=0x0000002C )
(       libmtguard.so[0xCBBCB000])[28 46       ]0x00003E2A:	MOV	R0, R5	;(R5=0x0000002C )
(       libmtguard.so[0xCBBCB000])[FE F7 C8 EB ]0x00003E2C:	BLX	#0XCBBCD5C0	;(PC=0xCBBCEE2C )
(       libmtguard.so[0xCBBCB000])[00 C6 8F E2 ]0x000025C0:	ADD	IP, PC, #0, #12	;(PC=0xCBBCD5C0 )
(       libmtguard.so[0xCBBCB000])[3D CA 8C E2 ]0x000025C4:	ADD	IP, IP, #0X3D000	;(IP=0xCBBCD5C8 )
(       libmtguard.so[0xCBBCB000])[04 F9 BC E5 ]0x000025C8:	LDR	PC, [IP, #0X904]!	;(IP=0xCBC0A5C8 )
(       libmtguard.so[0xCBBCB000])[04 46       ]0x00003E30:	MOV	R4, R0	;(R0=0x30045668 )
(       libmtguard.so[0xCBBCB000])[24 B1       ]0x00003E32:	CBZ	R4, #0XCBBCEE3E	;(R4=0x30045668 )
(       libmtguard.so[0xCBBCB000])[20 46       ]0x00003E34:	MOV	R0, R4	;(R4=0x30045668 )
(       libmtguard.so[0xCBBCB000])[29 46       ]0x00003E36:	MOV	R1, R5	;(R5=0x0000002C )
(       libmtguard.so[0xCBBCB000])[FE F7 CE EB ]0x00003E38:	BLX	#0XCBBCD5D8	;(PC=0xCBBCEE38 )
(       libmtguard.so[0xCBBCB000])[00 C6 8F E2 ]0x000025D8:	ADD	IP, PC, #0, #12	;(PC=0xCBBCD5D8 )
(       libmtguard.so[0xCBBCB000])[3D CA 8C E2 ]0x000025DC:	ADD	IP, IP, #0X3D000	;(IP=0xCBBCD5E0 )
(       libmtguard.so[0xCBBCB000])[F4 F8 BC E5 ]0x000025E0:	LDR	PC, [IP, #0X8F4]!	;(IP=0xCBC0A5E0 )
(       libmtguard.so[0xCBBCB000])[00 E0       ]0x00003E3C:	B	#0XCBBCEE40
(       libmtguard.so[0xCBBCB000])[20 46       ]0x00003E40:	MOV	R0, R4	;(R4=0x30045668 )
(       libmtguard.so[0xCBBCB000])[B0 BD       ]0x00003E42:	POP	{R4, R5, R7, PC}	;(SP=0x100FFF98 )
(       libmtguard.so[0xCBBCB000])[00 28       ]0x000038AE:	CMP	R0, #0	;(R0=0x30045668 )
(       libmtguard.so[0xCBBCB000])[20 60       ]0x000038B0:	STR	R0, [R4]	;(R0=0x30045668 R4=0x30045650 )
(       libmtguard.so[0xCBBCB000])[05 D1       ]0x000038B2:	BNE	#0XCBBCE8C0
(       libmtguard.so[0xCBBCB000])[20 46       ]0x000038C0:	MOV	R0, R4	;(R4=0x30045650 )
(       libmtguard.so[0xCBBCB000])[5D F8 04 BB ]0x000038C2:	LDR	FP, [SP], #4	;(SP=0x100FFFA8 )
(       libmtguard.so[0xCBBCB000])[F0 BD       ]0x000038C6:	POP	{R4, R5, R6, R7, PC}	;(SP=0x100FFFAC )
(       libmtguard.so[0xCBBCB000])[01 36       ]0x0000CE08:	ADDS	R6, #1	;(R6=0x00000086 )
(       libmtguard.so[0xCBBCB000])[60 60       ]0x0000CE0A:	STR	R0, [R4, #4]	;(R0=0x30045650 R4=0xCBC0D4C4 )
(       libmtguard.so[0xCBBCB000])[B6 F5 7C 7F ]0x0000CE0C:	CMP.W	R6, #0X3F0	;(R6=0x00000087 )
(       libmtguard.so[0xCBBCB000])[F3 D1       ]0x0000CE10:	BNE	#0XCBBD7DFA
(       libmtguard.so[0xCBBCB000])[48 46       ]0x0000CDFA:	MOV	R0, SB	;(SB=0xCBBCFE51 )
(       libmtguard.so[0xCBBCB000])[45 F8 36 80 ]0x0000CDFC:	STR.W	R8, [R5, R6, LSL #3]	;(R8=0xFFFFFFFF R5=0xCBC0D094 R6=0x00000087 )
(       libmtguard.so[0xCBBCB000])[05 EB C6 04 ]0x0000CE00:	ADD.W	R4, R5, R6, LSL #3	;(R5=0xCBC0D094 R6=0x00000087 )
(       libmtguard.so[0xCBBCB000])[F6 F7 3A FD ]0x0000CE04:	BL	#0XCBBCE87C	;(PC=0xCBBD7E04 )
(       libmtguard.so[0xCBBCB000])[F0 B5       ]0x0000387C:	PUSH	{R4, R5, R6, R7, LR}	;(SP=0x100FFFC0 R4=0xCBC0D4CC R5=0xCBC0D094 R6=0x00000087 R7=0x100FFFE0 LR=0xCBBD7E09 )
(       libmtguard.so[0xCBBCB000])[03 AF       ]0x0000387E:	ADD	R7, SP, #0XC	;(SP=0x100FFFAC )
(       libmtguard.so[0xCBBCB000])[4D F8 04 BD ]0x00003880:	STR	FP, [SP, #-0X4]!	;(FP=0xCBC0B1C4 SP=0x100FFFAC )
(       libmtguard.so[0xCBBCB000])[05 46       ]0x00003884:	MOV	R5, R0	;(R0=0xCBBCFE51 )
(       libmtguard.so[0xCBBCB000])[01 20       ]0x00003886:	MOVS	R0, #1
(       libmtguard.so[0xCBBCB000])[10 21       ]0x00003888:	MOVS	R1, #0X10
(       libmtguard.so[0xCBBCB000])[00 22       ]0x0000388A:	MOVS	R2, #0
(       libmtguard.so[0xCBBCB000])[00 23       ]0x0000388C:	MOVS	R3, #0
(       libmtguard.so[0xCBBCB000])[00 26       ]0x0000388E:	MOVS	R6, #0
(       libmtguard.so[0xCBBCB000])[00 F0 C6 FA ]0x00003890:	BL	#0XCBBCEE20	;(PC=0xCBBCE890 )
(       libmtguard.so[0xCBBCB000])[B0 B5       ]0x00003E20:	PUSH	{R4, R5, R7, LR}	;(SP=0x100FFFA8 R4=0xCBC0D4CC R5=0xCBBCFE51 R7=0x100FFFB8 LR=0xCBBCE895 )
(       libmtguard.so[0xCBBCB000])[02 AF       ]0x00003E22:	ADD	R7, SP, #8	;(SP=0x100FFF98 )
(       libmtguard.so[0xCBBCB000])[01 FB 00 F5 ]0x00003E24:	MUL	R5, R1, R0	;(R1=0x00000010 R0=0x00000001 )
(       libmtguard.so[0xCBBCB000])[4D B1       ]0x00003E28:	CBZ	R5, #0XCBBCEE3E	;(R5=0x00000010 )
(       libmtguard.so[0xCBBCB000])[28 46       ]0x00003E2A:	MOV	R0, R5	;(R5=0x00000010 )
(       libmtguard.so[0xCBBCB000])[FE F7 C8 EB ]0x00003E2C:	BLX	#0XCBBCD5C0	;(PC=0xCBBCEE2C )
(       libmtguard.so[0xCBBCB000])[00 C6 8F E2 ]0x000025C0:	ADD	IP, PC, #0, #12	;(PC=0xCBBCD5C0 )
(       libmtguard.so[0xCBBCB000])[3D CA 8C E2 ]0x000025C4:	ADD	IP, IP, #0X3D000	;(IP=0xCBBCD5C8 )
(       libmtguard.so[0xCBBCB000])[04 F9 BC E5 ]0x000025C8:	LDR	PC, [IP, #0X904]!	;(IP=0xCBC0A5C8 )
(       libmtguard.so[0xCBBCB000])[04 46       ]0x00003E30:	MOV	R4, R0	;(R0=0x30045698 )
(       libmtguard.so[0xCBBCB000])[24 B1       ]0x00003E32:	CBZ	R4, #0XCBBCEE3E	;(R4=0x30045698 )
(       libmtguard.so[0xCBBCB000])[20 46       ]0x00003E34:	MOV	R0, R4	;(R4=0x30045698 )
(       libmtguard.so[0xCBBCB000])[29 46       ]0x00003E36:	MOV	R1, R5	;(R5=0x00000010 )
(       libmtguard.so[0xCBBCB000])[FE F7 CE EB ]0x00003E38:	BLX	#0XCBBCD5D8	;(PC=0xCBBCEE38 )
(       libmtguard.so[0xCBBCB000])[00 C6 8F E2 ]0x000025D8:	ADD	IP, PC, #0, #12	;(PC=0xCBBCD5D8 )
(       libmtguard.so[0xCBBCB000])[3D CA 8C E2 ]0x000025DC:	ADD	IP, IP, #0X3D000	;(IP=0xCBBCD5E0 )
(       libmtguard.so[0xCBBCB000])[F4 F8 BC E5 ]0x000025E0:	LDR	PC, [IP, #0X8F4]!	;(IP=0xCBC0A5E0 )
(       libmtguard.so[0xCBBCB000])[00 E0       ]0x00003E3C:	B	#0XCBBCEE40
(       libmtguard.so[0xCBBCB000])[20 46       ]0x00003E40:	MOV	R0, R4	;(R4=0x30045698 )
(       libmtguard.so[0xCBBCB000])[B0 BD       ]0x00003E42:	POP	{R4, R5, R7, PC}	;(SP=0x100FFF98 )
(       libmtguard.so[0xCBBCB000])[04 46       ]0x00003894:	MOV	R4, R0	;(R0=0x30045698 )
(       libmtguard.so[0xCBBCB000])[94 B1       ]0x00003896:	CBZ	R4, #0XCBBCE8BE	;(R4=0x30045698 )
(       libmtguard.so[0xCBBCB000])[0B 20       ]0x00003898:	MOVS	R0, #0XB
(       libmtguard.so[0xCBBCB000])[C4 E9 00 66 ]0x0000389A:	STRD	R6, R6, [R4]	;(R6=0x00000000 R4=0x30045698 )
(       libmtguard.so[0xCBBCB000])[C4 E9 02 05 ]0x0000389E:	STRD	R0, R5, [R4, #8]	;(R0=0x0000000B R5=0xCBBCFE51 R4=0x30045698 )
(       libmtguard.so[0xCBBCB000])[04 20       ]0x000038A2:	MOVS	R0, #4
(       libmtguard.so[0xCBBCB000])[0B 21       ]0x000038A4:	MOVS	R1, #0XB
(       libmtguard.so[0xCBBCB000])[00 22       ]0x000038A6:	MOVS	R2, #0
(       libmtguard.so[0xCBBCB000])[00 23       ]0x000038A8:	MOVS	R3, #0
(       libmtguard.so[0xCBBCB000])[00 F0 B9 FA ]0x000038AA:	BL	#0XCBBCEE20	;(PC=0xCBBCE8AA )
(       libmtguard.so[0xCBBCB000])[B0 B5       ]0x00003E20:	PUSH	{R4, R5, R7, LR}	;(SP=0x100FFFA8 R4=0x30045698 R5=0xCBBCFE51 R7=0x100FFFB8 LR=0xCBBCE8AF )
(       libmtguard.so[0xCBBCB000])[02 AF       ]0x00003E22:	ADD	R7, SP, #8	;(SP=0x100FFF98 )
(       libmtguard.so[0xCBBCB000])[01 FB 00 F5 ]0x00003E24:	MUL	R5, R1, R0	;(R1=0x0000000B R0=0x00000004 )
(       libmtguard.so[0xCBBCB000])[4D B1       ]0x00003E28:	CBZ	R5, #0XCBBCEE3E	;(R5=0x0000002C )
(       libmtguard.so[0xCBBCB000])[28 46       ]0x00003E2A:	MOV	R0, R5	;(R5=0x0000002C )
(       libmtguard.so[0xCBBCB000])[FE F7 C8 EB ]0x00003E2C:	BLX	#0XCBBCD5C0	;(PC=0xCBBCEE2C )
(       libmtguard.so[0xCBBCB000])[00 C6 8F E2 ]0x000025C0:	ADD	IP, PC, #0, #12	;(PC=0xCBBCD5C0 )
(       libmtguard.so[0xCBBCB000])[3D CA 8C E2 ]0x000025C4:	ADD	IP, IP, #0X3D000	;(IP=0xCBBCD5C8 )
(       libmtguard.so[0xCBBCB000])[04 F9 BC E5 ]0x000025C8:	LDR	PC, [IP, #0X904]!	;(IP=0xCBC0A5C8 )
(       libmtguard.so[0xCBBCB000])[04 46       ]0x00003E30:	MOV	R4, R0	;(R0=0x300456B0 )
(       libmtguard.so[0xCBBCB000])[24 B1       ]0x00003E32:	CBZ	R4, #0XCBBCEE3E	;(R4=0x300456B0 )
(       libmtguard.so[0xCBBCB000])[20 46       ]0x00003E34:	MOV	R0, R4	;(R4=0x300456B0 )
(       libmtguard.so[0xCBBCB000])[29 46       ]0x00003E36:	MOV	R1, R5	;(R5=0x0000002C )
(       libmtguard.so[0xCBBCB000])[FE F7 CE EB ]0x00003E38:	BLX	#0XCBBCD5D8	;(PC=0xCBBCEE38 )
(       libmtguard.so[0xCBBCB000])[00 C6 8F E2 ]0x000025D8:	ADD	IP, PC, #0, #12	;(PC=0xCBBCD5D8 )
(       libmtguard.so[0xCBBCB000])[3D CA 8C E2 ]0x000025DC:	ADD	IP, IP, #0X3D000	;(IP=0xCBBCD5E0 )
(       libmtguard.so[0xCBBCB000])[F4 F8 BC E5 ]0x000025E0:	LDR	PC, [IP, #0X8F4]!	;(IP=0xCBC0A5E0 )
(       libmtguard.so[0xCBBCB000])[00 E0       ]0x00003E3C:	B	#0XCBBCEE40
(       libmtguard.so[0xCBBCB000])[20 46       ]0x00003E40:	MOV	R0, R4	;(R4=0x300456B0 )
(       libmtguard.so[0xCBBCB000])[B0 BD       ]0x00003E42:	POP	{R4, R5, R7, PC}	;(SP=0x100FFF98 )
(       libmtguard.so[0xCBBCB000])[00 28       ]0x000038AE:	CMP	R0, #0	;(R0=0x300456B0 )
(       libmtguard.so[0xCBBCB000])[20 60       ]0x000038B0:	STR	R0, [R4]	;(R0=0x300456B0 R4=0x30045698 )
(       libmtguard.so[0xCBBCB000])[05 D1       ]0x000038B2:	BNE	#0XCBBCE8C0
(       libmtguard.so[0xCBBCB000])[20 46       ]0x000038C0:	MOV	R0, R4	;(R4=0x30045698 )
(       libmtguard.so[0xCBBCB000])[5D F8 04 BB ]0x000038C2:	LDR	FP, [SP], #4	;(SP=0x100FFFA8 )
(       libmtguard.so[0xCBBCB000])[F0 BD       ]0x000038C6:	POP	{R4, R5, R6, R7, PC}	;(SP=0x100FFFAC )
(       libmtguard.so[0xCBBCB000])[01 36       ]0x0000CE08:	ADDS	R6, #1	;(R6=0x00000087 )
(       libmtguard.so[0xCBBCB000])[60 60       ]0x0000CE0A:	STR	R0, [R4, #4]	;(R0=0x30045698 R4=0xCBC0D4CC )
(       libmtguard.so[0xCBBCB000])[B6 F5 7C 7F ]0x0000CE0C:	CMP.W	R6, #0X3F0	;(R6=0x00000088 )
(       libmtguard.so[0xCBBCB000])[F3 D1       ]0x0000CE10:	BNE	#0XCBBD7DFA
(       libmtguard.so[0xCBBCB000])[48 46       ]0x0000CDFA:	MOV	R0, SB	;(SB=0xCBBCFE51 )
(       libmtguard.so[0xCBBCB000])[45 F8 36 80 ]0x0000CDFC:	STR.W	R8, [R5, R6, LSL #3]	;(R8=0xFFFFFFFF R5=0xCBC0D094 R6=0x00000088 )
(       libmtguard.so[0xCBBCB000])[05 EB C6 04 ]0x0000CE00:	ADD.W	R4, R5, R6, LSL #3	;(R5=0xCBC0D094 R6=0x00000088 )
(       libmtguard.so[0xCBBCB000])[F6 F7 3A FD ]0x0000CE04:	BL	#0XCBBCE87C	;(PC=0xCBBD7E04 )
(       libmtguard.so[0xCBBCB000])[F0 B5       ]0x0000387C:	PUSH	{R4, R5, R6, R7, LR}	;(SP=0x100FFFC0 R4=0xCBC0D4D4 R5=0xCBC0D094 R6=0x00000088 R7=0x100FFFE0 LR=0xCBBD7E09 )
(       libmtguard.so[0xCBBCB000])[03 AF       ]0x0000387E:	ADD	R7, SP, #0XC	;(SP=0x100FFFAC )
(       libmtguard.so[0xCBBCB000])[4D F8 04 BD ]0x00003880:	STR	FP, [SP, #-0X4]!	;(FP=0xCBC0B1C4 SP=0x100FFFAC )
(       libmtguard.so[0xCBBCB000])[05 46       ]0x00003884:	MOV	R5, R0	;(R0=0xCBBCFE51 )
(       libmtguard.so[0xCBBCB000])[01 20       ]0x00003886:	MOVS	R0, #1
(       libmtguard.so[0xCBBCB000])[10 21       ]0x00003888:	MOVS	R1, #0X10
(       libmtguard.so[0xCBBCB000])[00 22       ]0x0000388A:	MOVS	R2, #0
(       libmtguard.so[0xCBBCB000])[00 23       ]0x0000388C:	MOVS	R3, #0
(       libmtguard.so[0xCBBCB000])[00 26       ]0x0000388E:	MOVS	R6, #0
(       libmtguard.so[0xCBBCB000])[00 F0 C6 FA ]0x00003890:	BL	#0XCBBCEE20	;(PC=0xCBBCE890 )
(       libmtguard.so[0xCBBCB000])[B0 B5       ]0x00003E20:	PUSH	{R4, R5, R7, LR}	;(SP=0x100FFFA8 R4=0xCBC0D4D4 R5=0xCBBCFE51 R7=0x100FFFB8 LR=0xCBBCE895 )
(       libmtguard.so[0xCBBCB000])[02 AF       ]0x00003E22:	ADD	R7, SP, #8	;(SP=0x100FFF98 )
(       libmtguard.so[0xCBBCB000])[01 FB 00 F5 ]0x00003E24:	MUL	R5, R1, R0	;(R1=0x00000010 R0=0x00000001 )
(       libmtguard.so[0xCBBCB000])[4D B1       ]0x00003E28:	CBZ	R5, #0XCBBCEE3E	;(R5=0x00000010 )
(       libmtguard.so[0xCBBCB000])[28 46       ]0x00003E2A:	MOV	R0, R5	;(R5=0x00000010 )
(       libmtguard.so[0xCBBCB000])[FE F7 C8 EB ]0x00003E2C:	BLX	#0XCBBCD5C0	;(PC=0xCBBCEE2C )
(       libmtguard.so[0xCBBCB000])[00 C6 8F E2 ]0x000025C0:	ADD	IP, PC, #0, #12	;(PC=0xCBBCD5C0 )
(       libmtguard.so[0xCBBCB000])[3D CA 8C E2 ]0x000025C4:	ADD	IP, IP, #0X3D000	;(IP=0xCBBCD5C8 )
(       libmtguard.so[0xCBBCB000])[04 F9 BC E5 ]0x000025C8:	LDR	PC, [IP, #0X904]!	;(IP=0xCBC0A5C8 )
(       libmtguard.so[0xCBBCB000])[04 46       ]0x00003E30:	MOV	R4, R0	;(R0=0x300456E0 )
(       libmtguard.so[0xCBBCB000])[24 B1       ]0x00003E32:	CBZ	R4, #0XCBBCEE3E	;(R4=0x300456E0 )
(       libmtguard.so[0xCBBCB000])[20 46       ]0x00003E34:	MOV	R0, R4	;(R4=0x300456E0 )
(       libmtguard.so[0xCBBCB000])[29 46       ]0x00003E36:	MOV	R1, R5	;(R5=0x00000010 )
(       libmtguard.so[0xCBBCB000])[FE F7 CE EB ]0x00003E38:	BLX	#0XCBBCD5D8	;(PC=0xCBBCEE38 )
(       libmtguard.so[0xCBBCB000])[00 C6 8F E2 ]0x000025D8:	ADD	IP, PC, #0, #12	;(PC=0xCBBCD5D8 )
(       libmtguard.so[0xCBBCB000])[3D CA 8C E2 ]0x000025DC:	ADD	IP, IP, #0X3D000	;(IP=0xCBBCD5E0 )
(       libmtguard.so[0xCBBCB000])[F4 F8 BC E5 ]0x000025E0:	LDR	PC, [IP, #0X8F4]!	;(IP=0xCBC0A5E0 )
(       libmtguard.so[0xCBBCB000])[00 E0       ]0x00003E3C:	B	#0XCBBCEE40
(       libmtguard.so[0xCBBCB000])[20 46       ]0x00003E40:	MOV	R0, R4	;(R4=0x300456E0 )
(       libmtguard.so[0xCBBCB000])[B0 BD       ]0x00003E42:	POP	{R4, R5, R7, PC}	;(SP=0x100FFF98 )
(       libmtguard.so[0xCBBCB000])[04 46       ]0x00003894:	MOV	R4, R0	;(R0=0x300456E0 )
(       libmtguard.so[0xCBBCB000])[94 B1       ]0x00003896:	CBZ	R4, #0XCBBCE8BE	;(R4=0x300456E0 )
(       libmtguard.so[0xCBBCB000])[0B 20       ]0x00003898:	MOVS	R0, #0XB
(       libmtguard.so[0xCBBCB000])[C4 E9 00 66 ]0x0000389A:	STRD	R6, R6, [R4]	;(R6=0x00000000 R4=0x300456E0 )
(       libmtguard.so[0xCBBCB000])[C4 E9 02 05 ]0x0000389E:	STRD	R0, R5, [R4, #8]	;(R0=0x0000000B R5=0xCBBCFE51 R4=0x300456E0 )
(       libmtguard.so[0xCBBCB000])[04 20       ]0x000038A2:	MOVS	R0, #4
(       libmtguard.so[0xCBBCB000])[0B 21       ]0x000038A4:	MOVS	R1, #0XB
(       libmtguard.so[0xCBBCB000])[00 22       ]0x000038A6:	MOVS	R2, #0
(       libmtguard.so[0xCBBCB000])[00 23       ]0x000038A8:	MOVS	R3, #0
(       libmtguard.so[0xCBBCB000])[00 F0 B9 FA ]0x000038AA:	BL	#0XCBBCEE20	;(PC=0xCBBCE8AA )
(       libmtguard.so[0xCBBCB000])[B0 B5       ]0x00003E20:	PUSH	{R4, R5, R7, LR}	;(SP=0x100FFFA8 R4=0x300456E0 R5=0xCBBCFE51 R7=0x100FFFB8 LR=0xCBBCE8AF )
(       libmtguard.so[0xCBBCB000])[02 AF       ]0x00003E22:	ADD	R7, SP, #8	;(SP=0x100FFF98 )
(       libmtguard.so[0xCBBCB000])[01 FB 00 F5 ]0x00003E24:	MUL	R5, R1, R0	;(R1=0x0000000B R0=0x00000004 )
(       libmtguard.so[0xCBBCB000])[4D B1       ]0x00003E28:	CBZ	R5, #0XCBBCEE3E	;(R5=0x0000002C )
(       libmtguard.so[0xCBBCB000])[28 46       ]0x00003E2A:	MOV	R0, R5	;(R5=0x0000002C )
(       libmtguard.so[0xCBBCB000])[FE F7 C8 EB ]0x00003E2C:	BLX	#0XCBBCD5C0	;(PC=0xCBBCEE2C )
(       libmtguard.so[0xCBBCB000])[00 C6 8F E2 ]0x000025C0:	ADD	IP, PC, #0, #12	;(PC=0xCBBCD5C0 )
(       libmtguard.so[0xCBBCB000])[3D CA 8C E2 ]0x000025C4:	ADD	IP, IP, #0X3D000	;(IP=0xCBBCD5C8 )
(       libmtguard.so[0xCBBCB000])[04 F9 BC E5 ]0x000025C8:	LDR	PC, [IP, #0X904]!	;(IP=0xCBC0A5C8 )
(       libmtguard.so[0xCBBCB000])[04 46       ]0x00003E30:	MOV	R4, R0	;(R0=0x300456F8 )
(       libmtguard.so[0xCBBCB000])[24 B1       ]0x00003E32:	CBZ	R4, #0XCBBCEE3E	;(R4=0x300456F8 )
(       libmtguard.so[0xCBBCB000])[20 46       ]0x00003E34:	MOV	R0, R4	;(R4=0x300456F8 )
(       libmtguard.so[0xCBBCB000])[29 46       ]0x00003E36:	MOV	R1, R5	;(R5=0x0000002C )
(       libmtguard.so[0xCBBCB000])[FE F7 CE EB ]0x00003E38:	BLX	#0XCBBCD5D8	;(PC=0xCBBCEE38 )
(       libmtguard.so[0xCBBCB000])[00 C6 8F E2 ]0x000025D8:	ADD	IP, PC, #0, #12	;(PC=0xCBBCD5D8 )
(       libmtguard.so[0xCBBCB000])[3D CA 8C E2 ]0x000025DC:	ADD	IP, IP, #0X3D000	;(IP=0xCBBCD5E0 )
(       libmtguard.so[0xCBBCB000])[F4 F8 BC E5 ]0x000025E0:	LDR	PC, [IP, #0X8F4]!	;(IP=0xCBC0A5E0 )
(       libmtguard.so[0xCBBCB000])[00 E0       ]0x00003E3C:	B	#0XCBBCEE40
(       libmtguard.so[0xCBBCB000])[20 46       ]0x00003E40:	MOV	R0, R4	;(R4=0x300456F8 )
(       libmtguard.so[0xCBBCB000])[B0 BD       ]0x00003E42:	POP	{R4, R5, R7, PC}	;(SP=0x100FFF98 )
(       libmtguard.so[0xCBBCB000])[00 28       ]0x000038AE:	CMP	R0, #0	;(R0=0x300456F8 )
(       libmtguard.so[0xCBBCB000])[20 60       ]0x000038B0:	STR	R0, [R4]	;(R0=0x300456F8 R4=0x300456E0 )
(       libmtguard.so[0xCBBCB000])[05 D1       ]0x000038B2:	BNE	#0XCBBCE8C0
(       libmtguard.so[0xCBBCB000])[20 46       ]0x000038C0:	MOV	R0, R4	;(R4=0x300456E0 )
(       libmtguard.so[0xCBBCB000])[5D F8 04 BB ]0x000038C2:	LDR	FP, [SP], #4	;(SP=0x100FFFA8 )
(       libmtguard.so[0xCBBCB000])[F0 BD       ]0x000038C6:	POP	{R4, R5, R6, R7, PC}	;(SP=0x100FFFAC )
(       libmtguard.so[0xCBBCB000])[01 36       ]0x0000CE08:	ADDS	R6, #1	;(R6=0x00000088 )
(       libmtguard.so[0xCBBCB000])[60 60       ]0x0000CE0A:	STR	R0, [R4, #4]	;(R0=0x300456E0 R4=0xCBC0D4D4 )
(       libmtguard.so[0xCBBCB000])[B6 F5 7C 7F ]0x0000CE0C:	CMP.W	R6, #0X3F0	;(R6=0x00000089 )
(       libmtguard.so[0xCBBCB000])[F3 D1       ]0x0000CE10:	BNE	#0XCBBD7DFA
(       libmtguard.so[0xCBBCB000])[48 46       ]0x0000CDFA:	MOV	R0, SB	;(SB=0xCBBCFE51 )
(       libmtguard.so[0xCBBCB000])[45 F8 36 80 ]0x0000CDFC:	STR.W	R8, [R5, R6, LSL #3]	;(R8=0xFFFFFFFF R5=0xCBC0D094 R6=0x00000089 )
(       libmtguard.so[0xCBBCB000])[05 EB C6 04 ]0x0000CE00:	ADD.W	R4, R5, R6, LSL #3	;(R5=0xCBC0D094 R6=0x00000089 )
(       libmtguard.so[0xCBBCB000])[F6 F7 3A FD ]0x0000CE04:	BL	#0XCBBCE87C	;(PC=0xCBBD7E04 )
(       libmtguard.so[0xCBBCB000])[F0 B5       ]0x0000387C:	PUSH	{R4, R5, R6, R7, LR}	;(SP=0x100FFFC0 R4=0xCBC0D4DC R5=0xCBC0D094 R6=0x00000089 R7=0x100FFFE0 LR=0xCBBD7E09 )
(       libmtguard.so[0xCBBCB000])[03 AF       ]0x0000387E:	ADD	R7, SP, #0XC	;(SP=0x100FFFAC )
(       libmtguard.so[0xCBBCB000])[4D F8 04 BD ]0x00003880:	STR	FP, [SP, #-0X4]!	;(FP=0xCBC0B1C4 SP=0x100FFFAC )
(       libmtguard.so[0xCBBCB000])[05 46       ]0x00003884:	MOV	R5, R0	;(R0=0xCBBCFE51 )
(       libmtguard.so[0xCBBCB000])[01 20       ]0x00003886:	MOVS	R0, #1
(       libmtguard.so[0xCBBCB000])[10 21       ]0x00003888:	MOVS	R1, #0X10
(       libmtguard.so[0xCBBCB000])[00 22       ]0x0000388A:	MOVS	R2, #0
(       libmtguard.so[0xCBBCB000])[00 23       ]0x0000388C:	MOVS	R3, #0
(       libmtguard.so[0xCBBCB000])[00 26       ]0x0000388E:	MOVS	R6, #0
(       libmtguard.so[0xCBBCB000])[00 F0 C6 FA ]0x00003890:	BL	#0XCBBCEE20	;(PC=0xCBBCE890 )
(       libmtguard.so[0xCBBCB000])[B0 B5       ]0x00003E20:	PUSH	{R4, R5, R7, LR}	;(SP=0x100FFFA8 R4=0xCBC0D4DC R5=0xCBBCFE51 R7=0x100FFFB8 LR=0xCBBCE895 )
(       libmtguard.so[0xCBBCB000])[02 AF       ]0x00003E22:	ADD	R7, SP, #8	;(SP=0x100FFF98 )
(       libmtguard.so[0xCBBCB000])[01 FB 00 F5 ]0x00003E24:	MUL	R5, R1, R0	;(R1=0x00000010 R0=0x00000001 )
(       libmtguard.so[0xCBBCB000])[4D B1       ]0x00003E28:	CBZ	R5, #0XCBBCEE3E	;(R5=0x00000010 )
(       libmtguard.so[0xCBBCB000])[28 46       ]0x00003E2A:	MOV	R0, R5	;(R5=0x00000010 )
(       libmtguard.so[0xCBBCB000])[FE F7 C8 EB ]0x00003E2C:	BLX	#0XCBBCD5C0	;(PC=0xCBBCEE2C )
(       libmtguard.so[0xCBBCB000])[00 C6 8F E2 ]0x000025C0:	ADD	IP, PC, #0, #12	;(PC=0xCBBCD5C0 )
(       libmtguard.so[0xCBBCB000])[3D CA 8C E2 ]0x000025C4:	ADD	IP, IP, #0X3D000	;(IP=0xCBBCD5C8 )
(       libmtguard.so[0xCBBCB000])[04 F9 BC E5 ]0x000025C8:	LDR	PC, [IP, #0X904]!	;(IP=0xCBC0A5C8 )
(       libmtguard.so[0xCBBCB000])[04 46       ]0x00003E30:	MOV	R4, R0	;(R0=0x30045728 )
(       libmtguard.so[0xCBBCB000])[24 B1       ]0x00003E32:	CBZ	R4, #0XCBBCEE3E	;(R4=0x30045728 )
(       libmtguard.so[0xCBBCB000])[20 46       ]0x00003E34:	MOV	R0, R4	;(R4=0x30045728 )
(       libmtguard.so[0xCBBCB000])[29 46       ]0x00003E36:	MOV	R1, R5	;(R5=0x00000010 )
(       libmtguard.so[0xCBBCB000])[FE F7 CE EB ]0x00003E38:	BLX	#0XCBBCD5D8	;(PC=0xCBBCEE38 )
(       libmtguard.so[0xCBBCB000])[00 C6 8F E2 ]0x000025D8:	ADD	IP, PC, #0, #12	;(PC=0xCBBCD5D8 )
(       libmtguard.so[0xCBBCB000])[3D CA 8C E2 ]0x000025DC:	ADD	IP, IP, #0X3D000	;(IP=0xCBBCD5E0 )
(       libmtguard.so[0xCBBCB000])[F4 F8 BC E5 ]0x000025E0:	LDR	PC, [IP, #0X8F4]!	;(IP=0xCBC0A5E0 )
(       libmtguard.so[0xCBBCB000])[00 E0       ]0x00003E3C:	B	#0XCBBCEE40
(       libmtguard.so[0xCBBCB000])[20 46       ]0x00003E40:	MOV	R0, R4	;(R4=0x30045728 )
(       libmtguard.so[0xCBBCB000])[B0 BD       ]0x00003E42:	POP	{R4, R5, R7, PC}	;(SP=0x100FFF98 )
(       libmtguard.so[0xCBBCB000])[04 46       ]0x00003894:	MOV	R4, R0	;(R0=0x30045728 )
(       libmtguard.so[0xCBBCB000])[94 B1       ]0x00003896:	CBZ	R4, #0XCBBCE8BE	;(R4=0x30045728 )
(       libmtguard.so[0xCBBCB000])[0B 20       ]0x00003898:	MOVS	R0, #0XB
(       libmtguard.so[0xCBBCB000])[C4 E9 00 66 ]0x0000389A:	STRD	R6, R6, [R4]	;(R6=0x00000000 R4=0x30045728 )
(       libmtguard.so[0xCBBCB000])[C4 E9 02 05 ]0x0000389E:	STRD	R0, R5, [R4, #8]	;(R0=0x0000000B R5=0xCBBCFE51 R4=0x30045728 )
(       libmtguard.so[0xCBBCB000])[04 20       ]0x000038A2:	MOVS	R0, #4
(       libmtguard.so[0xCBBCB000])[0B 21       ]0x000038A4:	MOVS	R1, #0XB
(       libmtguard.so[0xCBBCB000])[00 22       ]0x000038A6:	MOVS	R2, #0
(       libmtguard.so[0xCBBCB000])[00 23       ]0x000038A8:	MOVS	R3, #0
(       libmtguard.so[0xCBBCB000])[00 F0 B9 FA ]0x000038AA:	BL	#0XCBBCEE20	;(PC=0xCBBCE8AA )
(       libmtguard.so[0xCBBCB000])[B0 B5       ]0x00003E20:	PUSH	{R4, R5, R7, LR}	;(SP=0x100FFFA8 R4=0x30045728 R5=0xCBBCFE51 R7=0x100FFFB8 LR=0xCBBCE8AF )
(       libmtguard.so[0xCBBCB000])[02 AF       ]0x00003E22:	ADD	R7, SP, #8	;(SP=0x100FFF98 )
(       libmtguard.so[0xCBBCB000])[01 FB 00 F5 ]0x00003E24:	MUL	R5, R1, R0	;(R1=0x0000000B R0=0x00000004 )
(       libmtguard.so[0xCBBCB000])[4D B1       ]0x00003E28:	CBZ	R5, #0XCBBCEE3E	;(R5=0x0000002C )
(       libmtguard.so[0xCBBCB000])[28 46       ]0x00003E2A:	MOV	R0, R5	;(R5=0x0000002C )
(       libmtguard.so[0xCBBCB000])[FE F7 C8 EB ]0x00003E2C:	BLX	#0XCBBCD5C0	;(PC=0xCBBCEE2C )
(       libmtguard.so[0xCBBCB000])[00 C6 8F E2 ]0x000025C0:	ADD	IP, PC, #0, #12	;(PC=0xCBBCD5C0 )
(       libmtguard.so[0xCBBCB000])[3D CA 8C E2 ]0x000025C4:	ADD	IP, IP, #0X3D000	;(IP=0xCBBCD5C8 )
(       libmtguard.so[0xCBBCB000])[04 F9 BC E5 ]0x000025C8:	LDR	PC, [IP, #0X904]!	;(IP=0xCBC0A5C8 )
(       libmtguard.so[0xCBBCB000])[04 46       ]0x00003E30:	MOV	R4, R0	;(R0=0x30045740 )
(       libmtguard.so[0xCBBCB000])[24 B1       ]0x00003E32:	CBZ	R4, #0XCBBCEE3E	;(R4=0x30045740 )
(       libmtguard.so[0xCBBCB000])[20 46       ]0x00003E34:	MOV	R0, R4	;(R4=0x30045740 )
(       libmtguard.so[0xCBBCB000])[29 46       ]0x00003E36:	MOV	R1, R5	;(R5=0x0000002C )
(       libmtguard.so[0xCBBCB000])[FE F7 CE EB ]0x00003E38:	BLX	#0XCBBCD5D8	;(PC=0xCBBCEE38 )
(       libmtguard.so[0xCBBCB000])[00 C6 8F E2 ]0x000025D8:	ADD	IP, PC, #0, #12	;(PC=0xCBBCD5D8 )
(       libmtguard.so[0xCBBCB000])[3D CA 8C E2 ]0x000025DC:	ADD	IP, IP, #0X3D000	;(IP=0xCBBCD5E0 )
(       libmtguard.so[0xCBBCB000])[F4 F8 BC E5 ]0x000025E0:	LDR	PC, [IP, #0X8F4]!	;(IP=0xCBC0A5E0 )
(       libmtguard.so[0xCBBCB000])[00 E0       ]0x00003E3C:	B	#0XCBBCEE40
(       libmtguard.so[0xCBBCB000])[20 46       ]0x00003E40:	MOV	R0, R4	;(R4=0x30045740 )
(       libmtguard.so[0xCBBCB000])[B0 BD       ]0x00003E42:	POP	{R4, R5, R7, PC}	;(SP=0x100FFF98 )
(       libmtguard.so[0xCBBCB000])[00 28       ]0x000038AE:	CMP	R0, #0	;(R0=0x30045740 )
(       libmtguard.so[0xCBBCB000])[20 60       ]0x000038B0:	STR	R0, [R4]	;(R0=0x30045740 R4=0x30045728 )
(       libmtguard.so[0xCBBCB000])[05 D1       ]0x000038B2:	BNE	#0XCBBCE8C0
(       libmtguard.so[0xCBBCB000])[20 46       ]0x000038C0:	MOV	R0, R4	;(R4=0x30045728 )
(       libmtguard.so[0xCBBCB000])[5D F8 04 BB ]0x000038C2:	LDR	FP, [SP], #4	;(SP=0x100FFFA8 )
(       libmtguard.so[0xCBBCB000])[F0 BD       ]0x000038C6:	POP	{R4, R5, R6, R7, PC}	;(SP=0x100FFFAC )
(       libmtguard.so[0xCBBCB000])[01 36       ]0x0000CE08:	ADDS	R6, #1	;(R6=0x00000089 )
(       libmtguard.so[0xCBBCB000])[60 60       ]0x0000CE0A:	STR	R0, [R4, #4]	;(R0=0x30045728 R4=0xCBC0D4DC )
(       libmtguard.so[0xCBBCB000])[B6 F5 7C 7F ]0x0000CE0C:	CMP.W	R6, #0X3F0	;(R6=0x0000008A )
(       libmtguard.so[0xCBBCB000])[F3 D1       ]0x0000CE10:	BNE	#0XCBBD7DFA
(       libmtguard.so[0xCBBCB000])[48 46       ]0x0000CDFA:	MOV	R0, SB	;(SB=0xCBBCFE51 )
(       libmtguard.so[0xCBBCB000])[45 F8 36 80 ]0x0000CDFC:	STR.W	R8, [R5, R6, LSL #3]	;(R8=0xFFFFFFFF R5=0xCBC0D094 R6=0x0000008A )
(       libmtguard.so[0xCBBCB000])[05 EB C6 04 ]0x0000CE00:	ADD.W	R4, R5, R6, LSL #3	;(R5=0xCBC0D094 R6=0x0000008A )
(       libmtguard.so[0xCBBCB000])[F6 F7 3A FD ]0x0000CE04:	BL	#0XCBBCE87C	;(PC=0xCBBD7E04 )
(       libmtguard.so[0xCBBCB000])[F0 B5       ]0x0000387C:	PUSH	{R4, R5, R6, R7, LR}	;(SP=0x100FFFC0 R4=0xCBC0D4E4 R5=0xCBC0D094 R6=0x0000008A R7=0x100FFFE0 LR=0xCBBD7E09 )
(       libmtguard.so[0xCBBCB000])[03 AF       ]0x0000387E:	ADD	R7, SP, #0XC	;(SP=0x100FFFAC )
(       libmtguard.so[0xCBBCB000])[4D F8 04 BD ]0x00003880:	STR	FP, [SP, #-0X4]!	;(FP=0xCBC0B1C4 SP=0x100FFFAC )
(       libmtguard.so[0xCBBCB000])[05 46       ]0x00003884:	MOV	R5, R0	;(R0=0xCBBCFE51 )
(       libmtguard.so[0xCBBCB000])[01 20       ]0x00003886:	MOVS	R0, #1
(       libmtguard.so[0xCBBCB000])[10 21       ]0x00003888:	MOVS	R1, #0X10
(       libmtguard.so[0xCBBCB000])[00 22       ]0x0000388A:	MOVS	R2, #0
(       libmtguard.so[0xCBBCB000])[00 23       ]0x0000388C:	MOVS	R3, #0
(       libmtguard.so[0xCBBCB000])[00 26       ]0x0000388E:	MOVS	R6, #0
(       libmtguard.so[0xCBBCB000])[00 F0 C6 FA ]0x00003890:	BL	#0XCBBCEE20	;(PC=0xCBBCE890 )
(       libmtguard.so[0xCBBCB000])[B0 B5       ]0x00003E20:	PUSH	{R4, R5, R7, LR}	;(SP=0x100FFFA8 R4=0xCBC0D4E4 R5=0xCBBCFE51 R7=0x100FFFB8 LR=0xCBBCE895 )
(       libmtguard.so[0xCBBCB000])[02 AF       ]0x00003E22:	ADD	R7, SP, #8	;(SP=0x100FFF98 )
(       libmtguard.so[0xCBBCB000])[01 FB 00 F5 ]0x00003E24:	MUL	R5, R1, R0	;(R1=0x00000010 R0=0x00000001 )
(       libmtguard.so[0xCBBCB000])[4D B1       ]0x00003E28:	CBZ	R5, #0XCBBCEE3E	;(R5=0x00000010 )
(       libmtguard.so[0xCBBCB000])[28 46       ]0x00003E2A:	MOV	R0, R5	;(R5=0x00000010 )
(       libmtguard.so[0xCBBCB000])[FE F7 C8 EB ]0x00003E2C:	BLX	#0XCBBCD5C0	;(PC=0xCBBCEE2C )
(       libmtguard.so[0xCBBCB000])[00 C6 8F E2 ]0x000025C0:	ADD	IP, PC, #0, #12	;(PC=0xCBBCD5C0 )
(       libmtguard.so[0xCBBCB000])[3D CA 8C E2 ]0x000025C4:	ADD	IP, IP, #0X3D000	;(IP=0xCBBCD5C8 )
(       libmtguard.so[0xCBBCB000])[04 F9 BC E5 ]0x000025C8:	LDR	PC, [IP, #0X904]!	;(IP=0xCBC0A5C8 )
(       libmtguard.so[0xCBBCB000])[04 46       ]0x00003E30:	MOV	R4, R0	;(R0=0x30045770 )
(       libmtguard.so[0xCBBCB000])[24 B1       ]0x00003E32:	CBZ	R4, #0XCBBCEE3E	;(R4=0x30045770 )
(       libmtguard.so[0xCBBCB000])[20 46       ]0x00003E34:	MOV	R0, R4	;(R4=0x30045770 )
(       libmtguard.so[0xCBBCB000])[29 46       ]0x00003E36:	MOV	R1, R5	;(R5=0x00000010 )
(       libmtguard.so[0xCBBCB000])[FE F7 CE EB ]0x00003E38:	BLX	#0XCBBCD5D8	;(PC=0xCBBCEE38 )
(       libmtguard.so[0xCBBCB000])[00 C6 8F E2 ]0x000025D8:	ADD	IP, PC, #0, #12	;(PC=0xCBBCD5D8 )
(       libmtguard.so[0xCBBCB000])[3D CA 8C E2 ]0x000025DC:	ADD	IP, IP, #0X3D000	;(IP=0xCBBCD5E0 )
(       libmtguard.so[0xCBBCB000])[F4 F8 BC E5 ]0x000025E0:	LDR	PC, [IP, #0X8F4]!	;(IP=0xCBC0A5E0 )
(       libmtguard.so[0xCBBCB000])[00 E0       ]0x00003E3C:	B	#0XCBBCEE40
(       libmtguard.so[0xCBBCB000])[20 46       ]0x00003E40:	MOV	R0, R4	;(R4=0x30045770 )
(       libmtguard.so[0xCBBCB000])[B0 BD       ]0x00003E42:	POP	{R4, R5, R7, PC}	;(SP=0x100FFF98 )
(       libmtguard.so[0xCBBCB000])[04 46       ]0x00003894:	MOV	R4, R0	;(R0=0x30045770 )
(       libmtguard.so[0xCBBCB000])[94 B1       ]0x00003896:	CBZ	R4, #0XCBBCE8BE	;(R4=0x30045770 )
(       libmtguard.so[0xCBBCB000])[0B 20       ]0x00003898:	MOVS	R0, #0XB
(       libmtguard.so[0xCBBCB000])[C4 E9 00 66 ]0x0000389A:	STRD	R6, R6, [R4]	;(R6=0x00000000 R4=0x30045770 )
(       libmtguard.so[0xCBBCB000])[C4 E9 02 05 ]0x0000389E:	STRD	R0, R5, [R4, #8]	;(R0=0x0000000B R5=0xCBBCFE51 R4=0x30045770 )
(       libmtguard.so[0xCBBCB000])[04 20       ]0x000038A2:	MOVS	R0, #4
(       libmtguard.so[0xCBBCB000])[0B 21       ]0x000038A4:	MOVS	R1, #0XB
(       libmtguard.so[0xCBBCB000])[00 22       ]0x000038A6:	MOVS	R2, #0
(       libmtguard.so[0xCBBCB000])[00 23       ]0x000038A8:	MOVS	R3, #0
(       libmtguard.so[0xCBBCB000])[00 F0 B9 FA ]0x000038AA:	BL	#0XCBBCEE20	;(PC=0xCBBCE8AA )
(       libmtguard.so[0xCBBCB000])[B0 B5       ]0x00003E20:	PUSH	{R4, R5, R7, LR}	;(SP=0x100FFFA8 R4=0x30045770 R5=0xCBBCFE51 R7=0x100FFFB8 LR=0xCBBCE8AF )
(       libmtguard.so[0xCBBCB000])[02 AF       ]0x00003E22:	ADD	R7, SP, #8	;(SP=0x100FFF98 )
(       libmtguard.so[0xCBBCB000])[01 FB 00 F5 ]0x00003E24:	MUL	R5, R1, R0	;(R1=0x0000000B R0=0x00000004 )
(       libmtguard.so[0xCBBCB000])[4D B1       ]0x00003E28:	CBZ	R5, #0XCBBCEE3E	;(R5=0x0000002C )
(       libmtguard.so[0xCBBCB000])[28 46       ]0x00003E2A:	MOV	R0, R5	;(R5=0x0000002C )
(       libmtguard.so[0xCBBCB000])[FE F7 C8 EB ]0x00003E2C:	BLX	#0XCBBCD5C0	;(PC=0xCBBCEE2C )
(       libmtguard.so[0xCBBCB000])[00 C6 8F E2 ]0x000025C0:	ADD	IP, PC, #0, #12	;(PC=0xCBBCD5C0 )
(       libmtguard.so[0xCBBCB000])[3D CA 8C E2 ]0x000025C4:	ADD	IP, IP, #0X3D000	;(IP=0xCBBCD5C8 )
(       libmtguard.so[0xCBBCB000])[04 F9 BC E5 ]0x000025C8:	LDR	PC, [IP, #0X904]!	;(IP=0xCBC0A5C8 )
(       libmtguard.so[0xCBBCB000])[04 46       ]0x00003E30:	MOV	R4, R0	;(R0=0x30045788 )
(       libmtguard.so[0xCBBCB000])[24 B1       ]0x00003E32:	CBZ	R4, #0XCBBCEE3E	;(R4=0x30045788 )
(       libmtguard.so[0xCBBCB000])[20 46       ]0x00003E34:	MOV	R0, R4	;(R4=0x30045788 )
(       libmtguard.so[0xCBBCB000])[29 46       ]0x00003E36:	MOV	R1, R5	;(R5=0x0000002C )
(       libmtguard.so[0xCBBCB000])[FE F7 CE EB ]0x00003E38:	BLX	#0XCBBCD5D8	;(PC=0xCBBCEE38 )
(       libmtguard.so[0xCBBCB000])[00 C6 8F E2 ]0x000025D8:	ADD	IP, PC, #0, #12	;(PC=0xCBBCD5D8 )
(       libmtguard.so[0xCBBCB000])[3D CA 8C E2 ]0x000025DC:	ADD	IP, IP, #0X3D000	;(IP=0xCBBCD5E0 )
(       libmtguard.so[0xCBBCB000])[F4 F8 BC E5 ]0x000025E0:	LDR	PC, [IP, #0X8F4]!	;(IP=0xCBC0A5E0 )
(       libmtguard.so[0xCBBCB000])[00 E0       ]0x00003E3C:	B	#0XCBBCEE40
(       libmtguard.so[0xCBBCB000])[20 46       ]0x00003E40:	MOV	R0, R4	;(R4=0x30045788 )
(       libmtguard.so[0xCBBCB000])[B0 BD       ]0x00003E42:	POP	{R4, R5, R7, PC}	;(SP=0x100FFF98 )
(       libmtguard.so[0xCBBCB000])[00 28       ]0x000038AE:	CMP	R0, #0	;(R0=0x30045788 )
(       libmtguard.so[0xCBBCB000])[20 60       ]0x000038B0:	STR	R0, [R4]	;(R0=0x30045788 R4=0x30045770 )
(       libmtguard.so[0xCBBCB000])[05 D1       ]0x000038B2:	BNE	#0XCBBCE8C0
(       libmtguard.so[0xCBBCB000])[20 46       ]0x000038C0:	MOV	R0, R4	;(R4=0x30045770 )
(       libmtguard.so[0xCBBCB000])[5D F8 04 BB ]0x000038C2:	LDR	FP, [SP], #4	;(SP=0x100FFFA8 )
(       libmtguard.so[0xCBBCB000])[F0 BD       ]0x000038C6:	POP	{R4, R5, R6, R7, PC}	;(SP=0x100FFFAC )
(       libmtguard.so[0xCBBCB000])[01 36       ]0x0000CE08:	ADDS	R6, #1	;(R6=0x0000008A )
(       libmtguard.so[0xCBBCB000])[60 60       ]0x0000CE0A:	STR	R0, [R4, #4]	;(R0=0x30045770 R4=0xCBC0D4E4 )
(       libmtguard.so[0xCBBCB000])[B6 F5 7C 7F ]0x0000CE0C:	CMP.W	R6, #0X3F0	;(R6=0x0000008B )
(       libmtguard.so[0xCBBCB000])[F3 D1       ]0x0000CE10:	BNE	#0XCBBD7DFA
(       libmtguard.so[0xCBBCB000])[48 46       ]0x0000CDFA:	MOV	R0, SB	;(SB=0xCBBCFE51 )
(       libmtguard.so[0xCBBCB000])[45 F8 36 80 ]0x0000CDFC:	STR.W	R8, [R5, R6, LSL #3]	;(R8=0xFFFFFFFF R5=0xCBC0D094 R6=0x0000008B )
(       libmtguard.so[0xCBBCB000])[05 EB C6 04 ]0x0000CE00:	ADD.W	R4, R5, R6, LSL #3	;(R5=0xCBC0D094 R6=0x0000008B )
(       libmtguard.so[0xCBBCB000])[F6 F7 3A FD ]0x0000CE04:	BL	#0XCBBCE87C	;(PC=0xCBBD7E04 )
(       libmtguard.so[0xCBBCB000])[F0 B5       ]0x0000387C:	PUSH	{R4, R5, R6, R7, LR}	;(SP=0x100FFFC0 R4=0xCBC0D4EC R5=0xCBC0D094 R6=0x0000008B R7=0x100FFFE0 LR=0xCBBD7E09 )
(       libmtguard.so[0xCBBCB000])[03 AF       ]0x0000387E:	ADD	R7, SP, #0XC	;(SP=0x100FFFAC )
(       libmtguard.so[0xCBBCB000])[4D F8 04 BD ]0x00003880:	STR	FP, [SP, #-0X4]!	;(FP=0xCBC0B1C4 SP=0x100FFFAC )
(       libmtguard.so[0xCBBCB000])[05 46       ]0x00003884:	MOV	R5, R0	;(R0=0xCBBCFE51 )
(       libmtguard.so[0xCBBCB000])[01 20       ]0x00003886:	MOVS	R0, #1
(       libmtguard.so[0xCBBCB000])[10 21       ]0x00003888:	MOVS	R1, #0X10
(       libmtguard.so[0xCBBCB000])[00 22       ]0x0000388A:	MOVS	R2, #0
(       libmtguard.so[0xCBBCB000])[00 23       ]0x0000388C:	MOVS	R3, #0
(       libmtguard.so[0xCBBCB000])[00 26       ]0x0000388E:	MOVS	R6, #0
(       libmtguard.so[0xCBBCB000])[00 F0 C6 FA ]0x00003890:	BL	#0XCBBCEE20	;(PC=0xCBBCE890 )
(       libmtguard.so[0xCBBCB000])[B0 B5       ]0x00003E20:	PUSH	{R4, R5, R7, LR}	;(SP=0x100FFFA8 R4=0xCBC0D4EC R5=0xCBBCFE51 R7=0x100FFFB8 LR=0xCBBCE895 )
(       libmtguard.so[0xCBBCB000])[02 AF       ]0x00003E22:	ADD	R7, SP, #8	;(SP=0x100FFF98 )
(       libmtguard.so[0xCBBCB000])[01 FB 00 F5 ]0x00003E24:	MUL	R5, R1, R0	;(R1=0x00000010 R0=0x00000001 )
(       libmtguard.so[0xCBBCB000])[4D B1       ]0x00003E28:	CBZ	R5, #0XCBBCEE3E	;(R5=0x00000010 )
(       libmtguard.so[0xCBBCB000])[28 46       ]0x00003E2A:	MOV	R0, R5	;(R5=0x00000010 )
(       libmtguard.so[0xCBBCB000])[FE F7 C8 EB ]0x00003E2C:	BLX	#0XCBBCD5C0	;(PC=0xCBBCEE2C )
(       libmtguard.so[0xCBBCB000])[00 C6 8F E2 ]0x000025C0:	ADD	IP, PC, #0, #12	;(PC=0xCBBCD5C0 )
(       libmtguard.so[0xCBBCB000])[3D CA 8C E2 ]0x000025C4:	ADD	IP, IP, #0X3D000	;(IP=0xCBBCD5C8 )
(       libmtguard.so[0xCBBCB000])[04 F9 BC E5 ]0x000025C8:	LDR	PC, [IP, #0X904]!	;(IP=0xCBC0A5C8 )
(       libmtguard.so[0xCBBCB000])[04 46       ]0x00003E30:	MOV	R4, R0	;(R0=0x300457B8 )
(       libmtguard.so[0xCBBCB000])[24 B1       ]0x00003E32:	CBZ	R4, #0XCBBCEE3E	;(R4=0x300457B8 )
(       libmtguard.so[0xCBBCB000])[20 46       ]0x00003E34:	MOV	R0, R4	;(R4=0x300457B8 )
(       libmtguard.so[0xCBBCB000])[29 46       ]0x00003E36:	MOV	R1, R5	;(R5=0x00000010 )
(       libmtguard.so[0xCBBCB000])[FE F7 CE EB ]0x00003E38:	BLX	#0XCBBCD5D8	;(PC=0xCBBCEE38 )
(       libmtguard.so[0xCBBCB000])[00 C6 8F E2 ]0x000025D8:	ADD	IP, PC, #0, #12	;(PC=0xCBBCD5D8 )
(       libmtguard.so[0xCBBCB000])[3D CA 8C E2 ]0x000025DC:	ADD	IP, IP, #0X3D000	;(IP=0xCBBCD5E0 )
(       libmtguard.so[0xCBBCB000])[F4 F8 BC E5 ]0x000025E0:	LDR	PC, [IP, #0X8F4]!	;(IP=0xCBC0A5E0 )
(       libmtguard.so[0xCBBCB000])[00 E0       ]0x00003E3C:	B	#0XCBBCEE40
(       libmtguard.so[0xCBBCB000])[20 46       ]0x00003E40:	MOV	R0, R4	;(R4=0x300457B8 )
(       libmtguard.so[0xCBBCB000])[B0 BD       ]0x00003E42:	POP	{R4, R5, R7, PC}	;(SP=0x100FFF98 )
(       libmtguard.so[0xCBBCB000])[04 46       ]0x00003894:	MOV	R4, R0	;(R0=0x300457B8 )
(       libmtguard.so[0xCBBCB000])[94 B1       ]0x00003896:	CBZ	R4, #0XCBBCE8BE	;(R4=0x300457B8 )
(       libmtguard.so[0xCBBCB000])[0B 20       ]0x00003898:	MOVS	R0, #0XB
(       libmtguard.so[0xCBBCB000])[C4 E9 00 66 ]0x0000389A:	STRD	R6, R6, [R4]	;(R6=0x00000000 R4=0x300457B8 )
(       libmtguard.so[0xCBBCB000])[C4 E9 02 05 ]0x0000389E:	STRD	R0, R5, [R4, #8]	;(R0=0x0000000B R5=0xCBBCFE51 R4=0x300457B8 )
(       libmtguard.so[0xCBBCB000])[04 20       ]0x000038A2:	MOVS	R0, #4
(       libmtguard.so[0xCBBCB000])[0B 21       ]0x000038A4:	MOVS	R1, #0XB
(       libmtguard.so[0xCBBCB000])[00 22       ]0x000038A6:	MOVS	R2, #0
(       libmtguard.so[0xCBBCB000])[00 23       ]0x000038A8:	MOVS	R3, #0
(       libmtguard.so[0xCBBCB000])[00 F0 B9 FA ]0x000038AA:	BL	#0XCBBCEE20	;(PC=0xCBBCE8AA )
(       libmtguard.so[0xCBBCB000])[B0 B5       ]0x00003E20:	PUSH	{R4, R5, R7, LR}	;(SP=0x100FFFA8 R4=0x300457B8 R5=0xCBBCFE51 R7=0x100FFFB8 LR=0xCBBCE8AF )
(       libmtguard.so[0xCBBCB000])[02 AF       ]0x00003E22:	ADD	R7, SP, #8	;(SP=0x100FFF98 )
(       libmtguard.so[0xCBBCB000])[01 FB 00 F5 ]0x00003E24:	MUL	R5, R1, R0	;(R1=0x0000000B R0=0x00000004 )
(       libmtguard.so[0xCBBCB000])[4D B1       ]0x00003E28:	CBZ	R5, #0XCBBCEE3E	;(R5=0x0000002C )
(       libmtguard.so[0xCBBCB000])[28 46       ]0x00003E2A:	MOV	R0, R5	;(R5=0x0000002C )
(       libmtguard.so[0xCBBCB000])[FE F7 C8 EB ]0x00003E2C:	BLX	#0XCBBCD5C0	;(PC=0xCBBCEE2C )
(       libmtguard.so[0xCBBCB000])[00 C6 8F E2 ]0x000025C0:	ADD	IP, PC, #0, #12	;(PC=0xCBBCD5C0 )
(       libmtguard.so[0xCBBCB000])[3D CA 8C E2 ]0x000025C4:	ADD	IP, IP, #0X3D000	;(IP=0xCBBCD5C8 )
(       libmtguard.so[0xCBBCB000])[04 F9 BC E5 ]0x000025C8:	LDR	PC, [IP, #0X904]!	;(IP=0xCBC0A5C8 )
(       libmtguard.so[0xCBBCB000])[04 46       ]0x00003E30:	MOV	R4, R0	;(R0=0x300457D0 )
(       libmtguard.so[0xCBBCB000])[24 B1       ]0x00003E32:	CBZ	R4, #0XCBBCEE3E	;(R4=0x300457D0 )
(       libmtguard.so[0xCBBCB000])[20 46       ]0x00003E34:	MOV	R0, R4	;(R4=0x300457D0 )
(       libmtguard.so[0xCBBCB000])[29 46       ]0x00003E36:	MOV	R1, R5	;(R5=0x0000002C )
(       libmtguard.so[0xCBBCB000])[FE F7 CE EB ]0x00003E38:	BLX	#0XCBBCD5D8	;(PC=0xCBBCEE38 )
(       libmtguard.so[0xCBBCB000])[00 C6 8F E2 ]0x000025D8:	ADD	IP, PC, #0, #12	;(PC=0xCBBCD5D8 )
(       libmtguard.so[0xCBBCB000])[3D CA 8C E2 ]0x000025DC:	ADD	IP, IP, #0X3D000	;(IP=0xCBBCD5E0 )
(       libmtguard.so[0xCBBCB000])[F4 F8 BC E5 ]0x000025E0:	LDR	PC, [IP, #0X8F4]!	;(IP=0xCBC0A5E0 )
(       libmtguard.so[0xCBBCB000])[00 E0       ]0x00003E3C:	B	#0XCBBCEE40
(       libmtguard.so[0xCBBCB000])[20 46       ]0x00003E40:	MOV	R0, R4	;(R4=0x300457D0 )
(       libmtguard.so[0xCBBCB000])[B0 BD       ]0x00003E42:	POP	{R4, R5, R7, PC}	;(SP=0x100FFF98 )
(       libmtguard.so[0xCBBCB000])[00 28       ]0x000038AE:	CMP	R0, #0	;(R0=0x300457D0 )
(       libmtguard.so[0xCBBCB000])[20 60       ]0x000038B0:	STR	R0, [R4]	;(R0=0x300457D0 R4=0x300457B8 )
(       libmtguard.so[0xCBBCB000])[05 D1       ]0x000038B2:	BNE	#0XCBBCE8C0
(       libmtguard.so[0xCBBCB000])[20 46       ]0x000038C0:	MOV	R0, R4	;(R4=0x300457B8 )
(       libmtguard.so[0xCBBCB000])[5D F8 04 BB ]0x000038C2:	LDR	FP, [SP], #4	;(SP=0x100FFFA8 )
(       libmtguard.so[0xCBBCB000])[F0 BD       ]0x000038C6:	POP	{R4, R5, R6, R7, PC}	;(SP=0x100FFFAC )
(       libmtguard.so[0xCBBCB000])[01 36       ]0x0000CE08:	ADDS	R6, #1	;(R6=0x0000008B )
(       libmtguard.so[0xCBBCB000])[60 60       ]0x0000CE0A:	STR	R0, [R4, #4]	;(R0=0x300457B8 R4=0xCBC0D4EC )
(       libmtguard.so[0xCBBCB000])[B6 F5 7C 7F ]0x0000CE0C:	CMP.W	R6, #0X3F0	;(R6=0x0000008C )
(       libmtguard.so[0xCBBCB000])[F3 D1       ]0x0000CE10:	BNE	#0XCBBD7DFA
(       libmtguard.so[0xCBBCB000])[48 46       ]0x0000CDFA:	MOV	R0, SB	;(SB=0xCBBCFE51 )
(       libmtguard.so[0xCBBCB000])[45 F8 36 80 ]0x0000CDFC:	STR.W	R8, [R5, R6, LSL #3]	;(R8=0xFFFFFFFF R5=0xCBC0D094 R6=0x0000008C )
(       libmtguard.so[0xCBBCB000])[05 EB C6 04 ]0x0000CE00:	ADD.W	R4, R5, R6, LSL #3	;(R5=0xCBC0D094 R6=0x0000008C )
(       libmtguard.so[0xCBBCB000])[F6 F7 3A FD ]0x0000CE04:	BL	#0XCBBCE87C	;(PC=0xCBBD7E04 )
(       libmtguard.so[0xCBBCB000])[F0 B5       ]0x0000387C:	PUSH	{R4, R5, R6, R7, LR}	;(SP=0x100FFFC0 R4=0xCBC0D4F4 R5=0xCBC0D094 R6=0x0000008C R7=0x100FFFE0 LR=0xCBBD7E09 )
(       libmtguard.so[0xCBBCB000])[03 AF       ]0x0000387E:	ADD	R7, SP, #0XC	;(SP=0x100FFFAC )
(       libmtguard.so[0xCBBCB000])[4D F8 04 BD ]0x00003880:	STR	FP, [SP, #-0X4]!	;(FP=0xCBC0B1C4 SP=0x100FFFAC )
(       libmtguard.so[0xCBBCB000])[05 46       ]0x00003884:	MOV	R5, R0	;(R0=0xCBBCFE51 )
(       libmtguard.so[0xCBBCB000])[01 20       ]0x00003886:	MOVS	R0, #1
(       libmtguard.so[0xCBBCB000])[10 21       ]0x00003888:	MOVS	R1, #0X10
(       libmtguard.so[0xCBBCB000])[00 22       ]0x0000388A:	MOVS	R2, #0
(       libmtguard.so[0xCBBCB000])[00 23       ]0x0000388C:	MOVS	R3, #0
(       libmtguard.so[0xCBBCB000])[00 26       ]0x0000388E:	MOVS	R6, #0
(       libmtguard.so[0xCBBCB000])[00 F0 C6 FA ]0x00003890:	BL	#0XCBBCEE20	;(PC=0xCBBCE890 )
(       libmtguard.so[0xCBBCB000])[B0 B5       ]0x00003E20:	PUSH	{R4, R5, R7, LR}	;(SP=0x100FFFA8 R4=0xCBC0D4F4 R5=0xCBBCFE51 R7=0x100FFFB8 LR=0xCBBCE895 )
(       libmtguard.so[0xCBBCB000])[02 AF       ]0x00003E22:	ADD	R7, SP, #8	;(SP=0x100FFF98 )
(       libmtguard.so[0xCBBCB000])[01 FB 00 F5 ]0x00003E24:	MUL	R5, R1, R0	;(R1=0x00000010 R0=0x00000001 )
(       libmtguard.so[0xCBBCB000])[4D B1       ]0x00003E28:	CBZ	R5, #0XCBBCEE3E	;(R5=0x00000010 )
(       libmtguard.so[0xCBBCB000])[28 46       ]0x00003E2A:	MOV	R0, R5	;(R5=0x00000010 )
(       libmtguard.so[0xCBBCB000])[FE F7 C8 EB ]0x00003E2C:	BLX	#0XCBBCD5C0	;(PC=0xCBBCEE2C )
(       libmtguard.so[0xCBBCB000])[00 C6 8F E2 ]0x000025C0:	ADD	IP, PC, #0, #12	;(PC=0xCBBCD5C0 )
(       libmtguard.so[0xCBBCB000])[3D CA 8C E2 ]0x000025C4:	ADD	IP, IP, #0X3D000	;(IP=0xCBBCD5C8 )
(       libmtguard.so[0xCBBCB000])[04 F9 BC E5 ]0x000025C8:	LDR	PC, [IP, #0X904]!	;(IP=0xCBC0A5C8 )
(       libmtguard.so[0xCBBCB000])[04 46       ]0x00003E30:	MOV	R4, R0	;(R0=0x30045800 )
(       libmtguard.so[0xCBBCB000])[24 B1       ]0x00003E32:	CBZ	R4, #0XCBBCEE3E	;(R4=0x30045800 )
(       libmtguard.so[0xCBBCB000])[20 46       ]0x00003E34:	MOV	R0, R4	;(R4=0x30045800 )
(       libmtguard.so[0xCBBCB000])[29 46       ]0x00003E36:	MOV	R1, R5	;(R5=0x00000010 )
(       libmtguard.so[0xCBBCB000])[FE F7 CE EB ]0x00003E38:	BLX	#0XCBBCD5D8	;(PC=0xCBBCEE38 )
(       libmtguard.so[0xCBBCB000])[00 C6 8F E2 ]0x000025D8:	ADD	IP, PC, #0, #12	;(PC=0xCBBCD5D8 )
(       libmtguard.so[0xCBBCB000])[3D CA 8C E2 ]0x000025DC:	ADD	IP, IP, #0X3D000	;(IP=0xCBBCD5E0 )
(       libmtguard.so[0xCBBCB000])[F4 F8 BC E5 ]0x000025E0:	LDR	PC, [IP, #0X8F4]!	;(IP=0xCBC0A5E0 )
(       libmtguard.so[0xCBBCB000])[00 E0       ]0x00003E3C:	B	#0XCBBCEE40
(       libmtguard.so[0xCBBCB000])[20 46       ]0x00003E40:	MOV	R0, R4	;(R4=0x30045800 )
(       libmtguard.so[0xCBBCB000])[B0 BD       ]0x00003E42:	POP	{R4, R5, R7, PC}	;(SP=0x100FFF98 )
(       libmtguard.so[0xCBBCB000])[04 46       ]0x00003894:	MOV	R4, R0	;(R0=0x30045800 )
(       libmtguard.so[0xCBBCB000])[94 B1       ]0x00003896:	CBZ	R4, #0XCBBCE8BE	;(R4=0x30045800 )
(       libmtguard.so[0xCBBCB000])[0B 20       ]0x00003898:	MOVS	R0, #0XB
(       libmtguard.so[0xCBBCB000])[C4 E9 00 66 ]0x0000389A:	STRD	R6, R6, [R4]	;(R6=0x00000000 R4=0x30045800 )
(       libmtguard.so[0xCBBCB000])[C4 E9 02 05 ]0x0000389E:	STRD	R0, R5, [R4, #8]	;(R0=0x0000000B R5=0xCBBCFE51 R4=0x30045800 )
(       libmtguard.so[0xCBBCB000])[04 20       ]0x000038A2:	MOVS	R0, #4
(       libmtguard.so[0xCBBCB000])[0B 21       ]0x000038A4:	MOVS	R1, #0XB
(       libmtguard.so[0xCBBCB000])[00 22       ]0x000038A6:	MOVS	R2, #0
(       libmtguard.so[0xCBBCB000])[00 23       ]0x000038A8:	MOVS	R3, #0
(       libmtguard.so[0xCBBCB000])[00 F0 B9 FA ]0x000038AA:	BL	#0XCBBCEE20	;(PC=0xCBBCE8AA )
(       libmtguard.so[0xCBBCB000])[B0 B5       ]0x00003E20:	PUSH	{R4, R5, R7, LR}	;(SP=0x100FFFA8 R4=0x30045800 R5=0xCBBCFE51 R7=0x100FFFB8 LR=0xCBBCE8AF )
(       libmtguard.so[0xCBBCB000])[02 AF       ]0x00003E22:	ADD	R7, SP, #8	;(SP=0x100FFF98 )
(       libmtguard.so[0xCBBCB000])[01 FB 00 F5 ]0x00003E24:	MUL	R5, R1, R0	;(R1=0x0000000B R0=0x00000004 )
(       libmtguard.so[0xCBBCB000])[4D B1       ]0x00003E28:	CBZ	R5, #0XCBBCEE3E	;(R5=0x0000002C )
(       libmtguard.so[0xCBBCB000])[28 46       ]0x00003E2A:	MOV	R0, R5	;(R5=0x0000002C )
(       libmtguard.so[0xCBBCB000])[FE F7 C8 EB ]0x00003E2C:	BLX	#0XCBBCD5C0	;(PC=0xCBBCEE2C )
(       libmtguard.so[0xCBBCB000])[00 C6 8F E2 ]0x000025C0:	ADD	IP, PC, #0, #12	;(PC=0xCBBCD5C0 )
(       libmtguard.so[0xCBBCB000])[3D CA 8C E2 ]0x000025C4:	ADD	IP, IP, #0X3D000	;(IP=0xCBBCD5C8 )
(       libmtguard.so[0xCBBCB000])[04 F9 BC E5 ]0x000025C8:	LDR	PC, [IP, #0X904]!	;(IP=0xCBC0A5C8 )
(       libmtguard.so[0xCBBCB000])[04 46       ]0x00003E30:	MOV	R4, R0	;(R0=0x30045818 )
(       libmtguard.so[0xCBBCB000])[24 B1       ]0x00003E32:	CBZ	R4, #0XCBBCEE3E	;(R4=0x30045818 )
(       libmtguard.so[0xCBBCB000])[20 46       ]0x00003E34:	MOV	R0, R4	;(R4=0x30045818 )
(       libmtguard.so[0xCBBCB000])[29 46       ]0x00003E36:	MOV	R1, R5	;(R5=0x0000002C )
(       libmtguard.so[0xCBBCB000])[FE F7 CE EB ]0x00003E38:	BLX	#0XCBBCD5D8	;(PC=0xCBBCEE38 )
(       libmtguard.so[0xCBBCB000])[00 C6 8F E2 ]0x000025D8:	ADD	IP, PC, #0, #12	;(PC=0xCBBCD5D8 )
(       libmtguard.so[0xCBBCB000])[3D CA 8C E2 ]0x000025DC:	ADD	IP, IP, #0X3D000	;(IP=0xCBBCD5E0 )
(       libmtguard.so[0xCBBCB000])[F4 F8 BC E5 ]0x000025E0:	LDR	PC, [IP, #0X8F4]!	;(IP=0xCBC0A5E0 )
(       libmtguard.so[0xCBBCB000])[00 E0       ]0x00003E3C:	B	#0XCBBCEE40
(       libmtguard.so[0xCBBCB000])[20 46       ]0x00003E40:	MOV	R0, R4	;(R4=0x30045818 )
(       libmtguard.so[0xCBBCB000])[B0 BD       ]0x00003E42:	POP	{R4, R5, R7, PC}	;(SP=0x100FFF98 )
(       libmtguard.so[0xCBBCB000])[00 28       ]0x000038AE:	CMP	R0, #0	;(R0=0x30045818 )
(       libmtguard.so[0xCBBCB000])[20 60       ]0x000038B0:	STR	R0, [R4]	;(R0=0x30045818 R4=0x30045800 )
(       libmtguard.so[0xCBBCB000])[05 D1       ]0x000038B2:	BNE	#0XCBBCE8C0
(       libmtguard.so[0xCBBCB000])[20 46       ]0x000038C0:	MOV	R0, R4	;(R4=0x30045800 )
(       libmtguard.so[0xCBBCB000])[5D F8 04 BB ]0x000038C2:	LDR	FP, [SP], #4	;(SP=0x100FFFA8 )
(       libmtguard.so[0xCBBCB000])[F0 BD       ]0x000038C6:	POP	{R4, R5, R6, R7, PC}	;(SP=0x100FFFAC )
(       libmtguard.so[0xCBBCB000])[01 36       ]0x0000CE08:	ADDS	R6, #1	;(R6=0x0000008C )
(       libmtguard.so[0xCBBCB000])[60 60       ]0x0000CE0A:	STR	R0, [R4, #4]	;(R0=0x30045800 R4=0xCBC0D4F4 )
(       libmtguard.so[0xCBBCB000])[B6 F5 7C 7F ]0x0000CE0C:	CMP.W	R6, #0X3F0	;(R6=0x0000008D )
(       libmtguard.so[0xCBBCB000])[F3 D1       ]0x0000CE10:	BNE	#0XCBBD7DFA
(       libmtguard.so[0xCBBCB000])[48 46       ]0x0000CDFA:	MOV	R0, SB	;(SB=0xCBBCFE51 )
(       libmtguard.so[0xCBBCB000])[45 F8 36 80 ]0x0000CDFC:	STR.W	R8, [R5, R6, LSL #3]	;(R8=0xFFFFFFFF R5=0xCBC0D094 R6=0x0000008D )
(       libmtguard.so[0xCBBCB000])[05 EB C6 04 ]0x0000CE00:	ADD.W	R4, R5, R6, LSL #3	;(R5=0xCBC0D094 R6=0x0000008D )
(       libmtguard.so[0xCBBCB000])[F6 F7 3A FD ]0x0000CE04:	BL	#0XCBBCE87C	;(PC=0xCBBD7E04 )
(       libmtguard.so[0xCBBCB000])[F0 B5       ]0x0000387C:	PUSH	{R4, R5, R6, R7, LR}	;(SP=0x100FFFC0 R4=0xCBC0D4FC R5=0xCBC0D094 R6=0x0000008D R7=0x100FFFE0 LR=0xCBBD7E09 )
(       libmtguard.so[0xCBBCB000])[03 AF       ]0x0000387E:	ADD	R7, SP, #0XC	;(SP=0x100FFFAC )
(       libmtguard.so[0xCBBCB000])[4D F8 04 BD ]0x00003880:	STR	FP, [SP, #-0X4]!	;(FP=0xCBC0B1C4 SP=0x100FFFAC )
(       libmtguard.so[0xCBBCB000])[05 46       ]0x00003884:	MOV	R5, R0	;(R0=0xCBBCFE51 )
(       libmtguard.so[0xCBBCB000])[01 20       ]0x00003886:	MOVS	R0, #1
(       libmtguard.so[0xCBBCB000])[10 21       ]0x00003888:	MOVS	R1, #0X10
(       libmtguard.so[0xCBBCB000])[00 22       ]0x0000388A:	MOVS	R2, #0
(       libmtguard.so[0xCBBCB000])[00 23       ]0x0000388C:	MOVS	R3, #0
(       libmtguard.so[0xCBBCB000])[00 26       ]0x0000388E:	MOVS	R6, #0
(       libmtguard.so[0xCBBCB000])[00 F0 C6 FA ]0x00003890:	BL	#0XCBBCEE20	;(PC=0xCBBCE890 )
(       libmtguard.so[0xCBBCB000])[B0 B5       ]0x00003E20:	PUSH	{R4, R5, R7, LR}	;(SP=0x100FFFA8 R4=0xCBC0D4FC R5=0xCBBCFE51 R7=0x100FFFB8 LR=0xCBBCE895 )
(       libmtguard.so[0xCBBCB000])[02 AF       ]0x00003E22:	ADD	R7, SP, #8	;(SP=0x100FFF98 )
(       libmtguard.so[0xCBBCB000])[01 FB 00 F5 ]0x00003E24:	MUL	R5, R1, R0	;(R1=0x00000010 R0=0x00000001 )
(       libmtguard.so[0xCBBCB000])[4D B1       ]0x00003E28:	CBZ	R5, #0XCBBCEE3E	;(R5=0x00000010 )
(       libmtguard.so[0xCBBCB000])[28 46       ]0x00003E2A:	MOV	R0, R5	;(R5=0x00000010 )
(       libmtguard.so[0xCBBCB000])[FE F7 C8 EB ]0x00003E2C:	BLX	#0XCBBCD5C0	;(PC=0xCBBCEE2C )
(       libmtguard.so[0xCBBCB000])[00 C6 8F E2 ]0x000025C0:	ADD	IP, PC, #0, #12	;(PC=0xCBBCD5C0 )
(       libmtguard.so[0xCBBCB000])[3D CA 8C E2 ]0x000025C4:	ADD	IP, IP, #0X3D000	;(IP=0xCBBCD5C8 )
(       libmtguard.so[0xCBBCB000])[04 F9 BC E5 ]0x000025C8:	LDR	PC, [IP, #0X904]!	;(IP=0xCBC0A5C8 )
(       libmtguard.so[0xCBBCB000])[04 46       ]0x00003E30:	MOV	R4, R0	;(R0=0x30045848 )
(       libmtguard.so[0xCBBCB000])[24 B1       ]0x00003E32:	CBZ	R4, #0XCBBCEE3E	;(R4=0x30045848 )
(       libmtguard.so[0xCBBCB000])[20 46       ]0x00003E34:	MOV	R0, R4	;(R4=0x30045848 )
(       libmtguard.so[0xCBBCB000])[29 46       ]0x00003E36:	MOV	R1, R5	;(R5=0x00000010 )
(       libmtguard.so[0xCBBCB000])[FE F7 CE EB ]0x00003E38:	BLX	#0XCBBCD5D8	;(PC=0xCBBCEE38 )
(       libmtguard.so[0xCBBCB000])[00 C6 8F E2 ]0x000025D8:	ADD	IP, PC, #0, #12	;(PC=0xCBBCD5D8 )
(       libmtguard.so[0xCBBCB000])[3D CA 8C E2 ]0x000025DC:	ADD	IP, IP, #0X3D000	;(IP=0xCBBCD5E0 )
(       libmtguard.so[0xCBBCB000])[F4 F8 BC E5 ]0x000025E0:	LDR	PC, [IP, #0X8F4]!	;(IP=0xCBC0A5E0 )
(       libmtguard.so[0xCBBCB000])[00 E0       ]0x00003E3C:	B	#0XCBBCEE40
(       libmtguard.so[0xCBBCB000])[20 46       ]0x00003E40:	MOV	R0, R4	;(R4=0x30045848 )
(       libmtguard.so[0xCBBCB000])[B0 BD       ]0x00003E42:	POP	{R4, R5, R7, PC}	;(SP=0x100FFF98 )
(       libmtguard.so[0xCBBCB000])[04 46       ]0x00003894:	MOV	R4, R0	;(R0=0x30045848 )
(       libmtguard.so[0xCBBCB000])[94 B1       ]0x00003896:	CBZ	R4, #0XCBBCE8BE	;(R4=0x30045848 )
(       libmtguard.so[0xCBBCB000])[0B 20       ]0x00003898:	MOVS	R0, #0XB
(       libmtguard.so[0xCBBCB000])[C4 E9 00 66 ]0x0000389A:	STRD	R6, R6, [R4]	;(R6=0x00000000 R4=0x30045848 )
(       libmtguard.so[0xCBBCB000])[C4 E9 02 05 ]0x0000389E:	STRD	R0, R5, [R4, #8]	;(R0=0x0000000B R5=0xCBBCFE51 R4=0x30045848 )
(       libmtguard.so[0xCBBCB000])[04 20       ]0x000038A2:	MOVS	R0, #4
(       libmtguard.so[0xCBBCB000])[0B 21       ]0x000038A4:	MOVS	R1, #0XB
(       libmtguard.so[0xCBBCB000])[00 22       ]0x000038A6:	MOVS	R2, #0
(       libmtguard.so[0xCBBCB000])[00 23       ]0x000038A8:	MOVS	R3, #0
(       libmtguard.so[0xCBBCB000])[00 F0 B9 FA ]0x000038AA:	BL	#0XCBBCEE20	;(PC=0xCBBCE8AA )
(       libmtguard.so[0xCBBCB000])[B0 B5       ]0x00003E20:	PUSH	{R4, R5, R7, LR}	;(SP=0x100FFFA8 R4=0x30045848 R5=0xCBBCFE51 R7=0x100FFFB8 LR=0xCBBCE8AF )
(       libmtguard.so[0xCBBCB000])[02 AF       ]0x00003E22:	ADD	R7, SP, #8	;(SP=0x100FFF98 )
(       libmtguard.so[0xCBBCB000])[01 FB 00 F5 ]0x00003E24:	MUL	R5, R1, R0	;(R1=0x0000000B R0=0x00000004 )
(       libmtguard.so[0xCBBCB000])[4D B1       ]0x00003E28:	CBZ	R5, #0XCBBCEE3E	;(R5=0x0000002C )
(       libmtguard.so[0xCBBCB000])[28 46       ]0x00003E2A:	MOV	R0, R5	;(R5=0x0000002C )
(       libmtguard.so[0xCBBCB000])[FE F7 C8 EB ]0x00003E2C:	BLX	#0XCBBCD5C0	;(PC=0xCBBCEE2C )
(       libmtguard.so[0xCBBCB000])[00 C6 8F E2 ]0x000025C0:	ADD	IP, PC, #0, #12	;(PC=0xCBBCD5C0 )
(       libmtguard.so[0xCBBCB000])[3D CA 8C E2 ]0x000025C4:	ADD	IP, IP, #0X3D000	;(IP=0xCBBCD5C8 )
(       libmtguard.so[0xCBBCB000])[04 F9 BC E5 ]0x000025C8:	LDR	PC, [IP, #0X904]!	;(IP=0xCBC0A5C8 )
(       libmtguard.so[0xCBBCB000])[04 46       ]0x00003E30:	MOV	R4, R0	;(R0=0x30045860 )
(       libmtguard.so[0xCBBCB000])[24 B1       ]0x00003E32:	CBZ	R4, #0XCBBCEE3E	;(R4=0x30045860 )
(       libmtguard.so[0xCBBCB000])[20 46       ]0x00003E34:	MOV	R0, R4	;(R4=0x30045860 )
(       libmtguard.so[0xCBBCB000])[29 46       ]0x00003E36:	MOV	R1, R5	;(R5=0x0000002C )
(       libmtguard.so[0xCBBCB000])[FE F7 CE EB ]0x00003E38:	BLX	#0XCBBCD5D8	;(PC=0xCBBCEE38 )
(       libmtguard.so[0xCBBCB000])[00 C6 8F E2 ]0x000025D8:	ADD	IP, PC, #0, #12	;(PC=0xCBBCD5D8 )
(       libmtguard.so[0xCBBCB000])[3D CA 8C E2 ]0x000025DC:	ADD	IP, IP, #0X3D000	;(IP=0xCBBCD5E0 )
(       libmtguard.so[0xCBBCB000])[F4 F8 BC E5 ]0x000025E0:	LDR	PC, [IP, #0X8F4]!	;(IP=0xCBC0A5E0 )
(       libmtguard.so[0xCBBCB000])[00 E0       ]0x00003E3C:	B	#0XCBBCEE40
(       libmtguard.so[0xCBBCB000])[20 46       ]0x00003E40:	MOV	R0, R4	;(R4=0x30045860 )
(       libmtguard.so[0xCBBCB000])[B0 BD       ]0x00003E42:	POP	{R4, R5, R7, PC}	;(SP=0x100FFF98 )
(       libmtguard.so[0xCBBCB000])[00 28       ]0x000038AE:	CMP	R0, #0	;(R0=0x30045860 )
(       libmtguard.so[0xCBBCB000])[20 60       ]0x000038B0:	STR	R0, [R4]	;(R0=0x30045860 R4=0x30045848 )
(       libmtguard.so[0xCBBCB000])[05 D1       ]0x000038B2:	BNE	#0XCBBCE8C0
(       libmtguard.so[0xCBBCB000])[20 46       ]0x000038C0:	MOV	R0, R4	;(R4=0x30045848 )
(       libmtguard.so[0xCBBCB000])[5D F8 04 BB ]0x000038C2:	LDR	FP, [SP], #4	;(SP=0x100FFFA8 )
(       libmtguard.so[0xCBBCB000])[F0 BD       ]0x000038C6:	POP	{R4, R5, R6, R7, PC}	;(SP=0x100FFFAC )
(       libmtguard.so[0xCBBCB000])[01 36       ]0x0000CE08:	ADDS	R6, #1	;(R6=0x0000008D )
(       libmtguard.so[0xCBBCB000])[60 60       ]0x0000CE0A:	STR	R0, [R4, #4]	;(R0=0x30045848 R4=0xCBC0D4FC )
(       libmtguard.so[0xCBBCB000])[B6 F5 7C 7F ]0x0000CE0C:	CMP.W	R6, #0X3F0	;(R6=0x0000008E )
(       libmtguard.so[0xCBBCB000])[F3 D1       ]0x0000CE10:	BNE	#0XCBBD7DFA
(       libmtguard.so[0xCBBCB000])[48 46       ]0x0000CDFA:	MOV	R0, SB	;(SB=0xCBBCFE51 )
(       libmtguard.so[0xCBBCB000])[45 F8 36 80 ]0x0000CDFC:	STR.W	R8, [R5, R6, LSL #3]	;(R8=0xFFFFFFFF R5=0xCBC0D094 R6=0x0000008E )
(       libmtguard.so[0xCBBCB000])[05 EB C6 04 ]0x0000CE00:	ADD.W	R4, R5, R6, LSL #3	;(R5=0xCBC0D094 R6=0x0000008E )
(       libmtguard.so[0xCBBCB000])[F6 F7 3A FD ]0x0000CE04:	BL	#0XCBBCE87C	;(PC=0xCBBD7E04 )
(       libmtguard.so[0xCBBCB000])[F0 B5       ]0x0000387C:	PUSH	{R4, R5, R6, R7, LR}	;(SP=0x100FFFC0 R4=0xCBC0D504 R5=0xCBC0D094 R6=0x0000008E R7=0x100FFFE0 LR=0xCBBD7E09 )
(       libmtguard.so[0xCBBCB000])[03 AF       ]0x0000387E:	ADD	R7, SP, #0XC	;(SP=0x100FFFAC )
(       libmtguard.so[0xCBBCB000])[4D F8 04 BD ]0x00003880:	STR	FP, [SP, #-0X4]!	;(FP=0xCBC0B1C4 SP=0x100FFFAC )
(       libmtguard.so[0xCBBCB000])[05 46       ]0x00003884:	MOV	R5, R0	;(R0=0xCBBCFE51 )
(       libmtguard.so[0xCBBCB000])[01 20       ]0x00003886:	MOVS	R0, #1
(       libmtguard.so[0xCBBCB000])[10 21       ]0x00003888:	MOVS	R1, #0X10
(       libmtguard.so[0xCBBCB000])[00 22       ]0x0000388A:	MOVS	R2, #0
(       libmtguard.so[0xCBBCB000])[00 23       ]0x0000388C:	MOVS	R3, #0
(       libmtguard.so[0xCBBCB000])[00 26       ]0x0000388E:	MOVS	R6, #0
(       libmtguard.so[0xCBBCB000])[00 F0 C6 FA ]0x00003890:	BL	#0XCBBCEE20	;(PC=0xCBBCE890 )
(       libmtguard.so[0xCBBCB000])[B0 B5       ]0x00003E20:	PUSH	{R4, R5, R7, LR}	;(SP=0x100FFFA8 R4=0xCBC0D504 R5=0xCBBCFE51 R7=0x100FFFB8 LR=0xCBBCE895 )
(       libmtguard.so[0xCBBCB000])[02 AF       ]0x00003E22:	ADD	R7, SP, #8	;(SP=0x100FFF98 )
(       libmtguard.so[0xCBBCB000])[01 FB 00 F5 ]0x00003E24:	MUL	R5, R1, R0	;(R1=0x00000010 R0=0x00000001 )
(       libmtguard.so[0xCBBCB000])[4D B1       ]0x00003E28:	CBZ	R5, #0XCBBCEE3E	;(R5=0x00000010 )
(       libmtguard.so[0xCBBCB000])[28 46       ]0x00003E2A:	MOV	R0, R5	;(R5=0x00000010 )
(       libmtguard.so[0xCBBCB000])[FE F7 C8 EB ]0x00003E2C:	BLX	#0XCBBCD5C0	;(PC=0xCBBCEE2C )
(       libmtguard.so[0xCBBCB000])[00 C6 8F E2 ]0x000025C0:	ADD	IP, PC, #0, #12	;(PC=0xCBBCD5C0 )
(       libmtguard.so[0xCBBCB000])[3D CA 8C E2 ]0x000025C4:	ADD	IP, IP, #0X3D000	;(IP=0xCBBCD5C8 )
(       libmtguard.so[0xCBBCB000])[04 F9 BC E5 ]0x000025C8:	LDR	PC, [IP, #0X904]!	;(IP=0xCBC0A5C8 )
(       libmtguard.so[0xCBBCB000])[04 46       ]0x00003E30:	MOV	R4, R0	;(R0=0x30045890 )
(       libmtguard.so[0xCBBCB000])[24 B1       ]0x00003E32:	CBZ	R4, #0XCBBCEE3E	;(R4=0x30045890 )
(       libmtguard.so[0xCBBCB000])[20 46       ]0x00003E34:	MOV	R0, R4	;(R4=0x30045890 )
(       libmtguard.so[0xCBBCB000])[29 46       ]0x00003E36:	MOV	R1, R5	;(R5=0x00000010 )
(       libmtguard.so[0xCBBCB000])[FE F7 CE EB ]0x00003E38:	BLX	#0XCBBCD5D8	;(PC=0xCBBCEE38 )
(       libmtguard.so[0xCBBCB000])[00 C6 8F E2 ]0x000025D8:	ADD	IP, PC, #0, #12	;(PC=0xCBBCD5D8 )
(       libmtguard.so[0xCBBCB000])[3D CA 8C E2 ]0x000025DC:	ADD	IP, IP, #0X3D000	;(IP=0xCBBCD5E0 )
(       libmtguard.so[0xCBBCB000])[F4 F8 BC E5 ]0x000025E0:	LDR	PC, [IP, #0X8F4]!	;(IP=0xCBC0A5E0 )
(       libmtguard.so[0xCBBCB000])[00 E0       ]0x00003E3C:	B	#0XCBBCEE40
(       libmtguard.so[0xCBBCB000])[20 46       ]0x00003E40:	MOV	R0, R4	;(R4=0x30045890 )
(       libmtguard.so[0xCBBCB000])[B0 BD       ]0x00003E42:	POP	{R4, R5, R7, PC}	;(SP=0x100FFF98 )
(       libmtguard.so[0xCBBCB000])[04 46       ]0x00003894:	MOV	R4, R0	;(R0=0x30045890 )
(       libmtguard.so[0xCBBCB000])[94 B1       ]0x00003896:	CBZ	R4, #0XCBBCE8BE	;(R4=0x30045890 )
(       libmtguard.so[0xCBBCB000])[0B 20       ]0x00003898:	MOVS	R0, #0XB
(       libmtguard.so[0xCBBCB000])[C4 E9 00 66 ]0x0000389A:	STRD	R6, R6, [R4]	;(R6=0x00000000 R4=0x30045890 )
(       libmtguard.so[0xCBBCB000])[C4 E9 02 05 ]0x0000389E:	STRD	R0, R5, [R4, #8]	;(R0=0x0000000B R5=0xCBBCFE51 R4=0x30045890 )
(       libmtguard.so[0xCBBCB000])[04 20       ]0x000038A2:	MOVS	R0, #4
(       libmtguard.so[0xCBBCB000])[0B 21       ]0x000038A4:	MOVS	R1, #0XB
(       libmtguard.so[0xCBBCB000])[00 22       ]0x000038A6:	MOVS	R2, #0
(       libmtguard.so[0xCBBCB000])[00 23       ]0x000038A8:	MOVS	R3, #0
(       libmtguard.so[0xCBBCB000])[00 F0 B9 FA ]0x000038AA:	BL	#0XCBBCEE20	;(PC=0xCBBCE8AA )
(       libmtguard.so[0xCBBCB000])[B0 B5       ]0x00003E20:	PUSH	{R4, R5, R7, LR}	;(SP=0x100FFFA8 R4=0x30045890 R5=0xCBBCFE51 R7=0x100FFFB8 LR=0xCBBCE8AF )
(       libmtguard.so[0xCBBCB000])[02 AF       ]0x00003E22:	ADD	R7, SP, #8	;(SP=0x100FFF98 )
(       libmtguard.so[0xCBBCB000])[01 FB 00 F5 ]0x00003E24:	MUL	R5, R1, R0	;(R1=0x0000000B R0=0x00000004 )
(       libmtguard.so[0xCBBCB000])[4D B1       ]0x00003E28:	CBZ	R5, #0XCBBCEE3E	;(R5=0x0000002C )
(       libmtguard.so[0xCBBCB000])[28 46       ]0x00003E2A:	MOV	R0, R5	;(R5=0x0000002C )
(       libmtguard.so[0xCBBCB000])[FE F7 C8 EB ]0x00003E2C:	BLX	#0XCBBCD5C0	;(PC=0xCBBCEE2C )
(       libmtguard.so[0xCBBCB000])[00 C6 8F E2 ]0x000025C0:	ADD	IP, PC, #0, #12	;(PC=0xCBBCD5C0 )
(       libmtguard.so[0xCBBCB000])[3D CA 8C E2 ]0x000025C4:	ADD	IP, IP, #0X3D000	;(IP=0xCBBCD5C8 )
(       libmtguard.so[0xCBBCB000])[04 F9 BC E5 ]0x000025C8:	LDR	PC, [IP, #0X904]!	;(IP=0xCBC0A5C8 )
(       libmtguard.so[0xCBBCB000])[04 46       ]0x00003E30:	MOV	R4, R0	;(R0=0x300458A8 )
(       libmtguard.so[0xCBBCB000])[24 B1       ]0x00003E32:	CBZ	R4, #0XCBBCEE3E	;(R4=0x300458A8 )
(       libmtguard.so[0xCBBCB000])[20 46       ]0x00003E34:	MOV	R0, R4	;(R4=0x300458A8 )
(       libmtguard.so[0xCBBCB000])[29 46       ]0x00003E36:	MOV	R1, R5	;(R5=0x0000002C )
(       libmtguard.so[0xCBBCB000])[FE F7 CE EB ]0x00003E38:	BLX	#0XCBBCD5D8	;(PC=0xCBBCEE38 )
(       libmtguard.so[0xCBBCB000])[00 C6 8F E2 ]0x000025D8:	ADD	IP, PC, #0, #12	;(PC=0xCBBCD5D8 )
(       libmtguard.so[0xCBBCB000])[3D CA 8C E2 ]0x000025DC:	ADD	IP, IP, #0X3D000	;(IP=0xCBBCD5E0 )
(       libmtguard.so[0xCBBCB000])[F4 F8 BC E5 ]0x000025E0:	LDR	PC, [IP, #0X8F4]!	;(IP=0xCBC0A5E0 )
(       libmtguard.so[0xCBBCB000])[00 E0       ]0x00003E3C:	B	#0XCBBCEE40
(       libmtguard.so[0xCBBCB000])[20 46       ]0x00003E40:	MOV	R0, R4	;(R4=0x300458A8 )
(       libmtguard.so[0xCBBCB000])[B0 BD       ]0x00003E42:	POP	{R4, R5, R7, PC}	;(SP=0x100FFF98 )
(       libmtguard.so[0xCBBCB000])[00 28       ]0x000038AE:	CMP	R0, #0	;(R0=0x300458A8 )
(       libmtguard.so[0xCBBCB000])[20 60       ]0x000038B0:	STR	R0, [R4]	;(R0=0x300458A8 R4=0x30045890 )
(       libmtguard.so[0xCBBCB000])[05 D1       ]0x000038B2:	BNE	#0XCBBCE8C0
(       libmtguard.so[0xCBBCB000])[20 46       ]0x000038C0:	MOV	R0, R4	;(R4=0x30045890 )
(       libmtguard.so[0xCBBCB000])[5D F8 04 BB ]0x000038C2:	LDR	FP, [SP], #4	;(SP=0x100FFFA8 )
(       libmtguard.so[0xCBBCB000])[F0 BD       ]0x000038C6:	POP	{R4, R5, R6, R7, PC}	;(SP=0x100FFFAC )
(       libmtguard.so[0xCBBCB000])[01 36       ]0x0000CE08:	ADDS	R6, #1	;(R6=0x0000008E )
(       libmtguard.so[0xCBBCB000])[60 60       ]0x0000CE0A:	STR	R0, [R4, #4]	;(R0=0x30045890 R4=0xCBC0D504 )
(       libmtguard.so[0xCBBCB000])[B6 F5 7C 7F ]0x0000CE0C:	CMP.W	R6, #0X3F0	;(R6=0x0000008F )
(       libmtguard.so[0xCBBCB000])[F3 D1       ]0x0000CE10:	BNE	#0XCBBD7DFA
(       libmtguard.so[0xCBBCB000])[48 46       ]0x0000CDFA:	MOV	R0, SB	;(SB=0xCBBCFE51 )
(       libmtguard.so[0xCBBCB000])[45 F8 36 80 ]0x0000CDFC:	STR.W	R8, [R5, R6, LSL #3]	;(R8=0xFFFFFFFF R5=0xCBC0D094 R6=0x0000008F )
(       libmtguard.so[0xCBBCB000])[05 EB C6 04 ]0x0000CE00:	ADD.W	R4, R5, R6, LSL #3	;(R5=0xCBC0D094 R6=0x0000008F )
(       libmtguard.so[0xCBBCB000])[F6 F7 3A FD ]0x0000CE04:	BL	#0XCBBCE87C	;(PC=0xCBBD7E04 )
(       libmtguard.so[0xCBBCB000])[F0 B5       ]0x0000387C:	PUSH	{R4, R5, R6, R7, LR}	;(SP=0x100FFFC0 R4=0xCBC0D50C R5=0xCBC0D094 R6=0x0000008F R7=0x100FFFE0 LR=0xCBBD7E09 )
(       libmtguard.so[0xCBBCB000])[03 AF       ]0x0000387E:	ADD	R7, SP, #0XC	;(SP=0x100FFFAC )
(       libmtguard.so[0xCBBCB000])[4D F8 04 BD ]0x00003880:	STR	FP, [SP, #-0X4]!	;(FP=0xCBC0B1C4 SP=0x100FFFAC )
(       libmtguard.so[0xCBBCB000])[05 46       ]0x00003884:	MOV	R5, R0	;(R0=0xCBBCFE51 )
(       libmtguard.so[0xCBBCB000])[01 20       ]0x00003886:	MOVS	R0, #1
(       libmtguard.so[0xCBBCB000])[10 21       ]0x00003888:	MOVS	R1, #0X10
(       libmtguard.so[0xCBBCB000])[00 22       ]0x0000388A:	MOVS	R2, #0
(       libmtguard.so[0xCBBCB000])[00 23       ]0x0000388C:	MOVS	R3, #0
(       libmtguard.so[0xCBBCB000])[00 26       ]0x0000388E:	MOVS	R6, #0
(       libmtguard.so[0xCBBCB000])[00 F0 C6 FA ]0x00003890:	BL	#0XCBBCEE20	;(PC=0xCBBCE890 )
(       libmtguard.so[0xCBBCB000])[B0 B5       ]0x00003E20:	PUSH	{R4, R5, R7, LR}	;(SP=0x100FFFA8 R4=0xCBC0D50C R5=0xCBBCFE51 R7=0x100FFFB8 LR=0xCBBCE895 )
(       libmtguard.so[0xCBBCB000])[02 AF       ]0x00003E22:	ADD	R7, SP, #8	;(SP=0x100FFF98 )
(       libmtguard.so[0xCBBCB000])[01 FB 00 F5 ]0x00003E24:	MUL	R5, R1, R0	;(R1=0x00000010 R0=0x00000001 )
(       libmtguard.so[0xCBBCB000])[4D B1       ]0x00003E28:	CBZ	R5, #0XCBBCEE3E	;(R5=0x00000010 )
(       libmtguard.so[0xCBBCB000])[28 46       ]0x00003E2A:	MOV	R0, R5	;(R5=0x00000010 )
(       libmtguard.so[0xCBBCB000])[FE F7 C8 EB ]0x00003E2C:	BLX	#0XCBBCD5C0	;(PC=0xCBBCEE2C )
(       libmtguard.so[0xCBBCB000])[00 C6 8F E2 ]0x000025C0:	ADD	IP, PC, #0, #12	;(PC=0xCBBCD5C0 )
(       libmtguard.so[0xCBBCB000])[3D CA 8C E2 ]0x000025C4:	ADD	IP, IP, #0X3D000	;(IP=0xCBBCD5C8 )
(       libmtguard.so[0xCBBCB000])[04 F9 BC E5 ]0x000025C8:	LDR	PC, [IP, #0X904]!	;(IP=0xCBC0A5C8 )
(       libmtguard.so[0xCBBCB000])[04 46       ]0x00003E30:	MOV	R4, R0	;(R0=0x300458D8 )
(       libmtguard.so[0xCBBCB000])[24 B1       ]0x00003E32:	CBZ	R4, #0XCBBCEE3E	;(R4=0x300458D8 )
(       libmtguard.so[0xCBBCB000])[20 46       ]0x00003E34:	MOV	R0, R4	;(R4=0x300458D8 )
(       libmtguard.so[0xCBBCB000])[29 46       ]0x00003E36:	MOV	R1, R5	;(R5=0x00000010 )
(       libmtguard.so[0xCBBCB000])[FE F7 CE EB ]0x00003E38:	BLX	#0XCBBCD5D8	;(PC=0xCBBCEE38 )
(       libmtguard.so[0xCBBCB000])[00 C6 8F E2 ]0x000025D8:	ADD	IP, PC, #0, #12	;(PC=0xCBBCD5D8 )
(       libmtguard.so[0xCBBCB000])[3D CA 8C E2 ]0x000025DC:	ADD	IP, IP, #0X3D000	;(IP=0xCBBCD5E0 )
(       libmtguard.so[0xCBBCB000])[F4 F8 BC E5 ]0x000025E0:	LDR	PC, [IP, #0X8F4]!	;(IP=0xCBC0A5E0 )
(       libmtguard.so[0xCBBCB000])[00 E0       ]0x00003E3C:	B	#0XCBBCEE40
(       libmtguard.so[0xCBBCB000])[20 46       ]0x00003E40:	MOV	R0, R4	;(R4=0x300458D8 )
(       libmtguard.so[0xCBBCB000])[B0 BD       ]0x00003E42:	POP	{R4, R5, R7, PC}	;(SP=0x100FFF98 )
(       libmtguard.so[0xCBBCB000])[04 46       ]0x00003894:	MOV	R4, R0	;(R0=0x300458D8 )
(       libmtguard.so[0xCBBCB000])[94 B1       ]0x00003896:	CBZ	R4, #0XCBBCE8BE	;(R4=0x300458D8 )
(       libmtguard.so[0xCBBCB000])[0B 20       ]0x00003898:	MOVS	R0, #0XB
(       libmtguard.so[0xCBBCB000])[C4 E9 00 66 ]0x0000389A:	STRD	R6, R6, [R4]	;(R6=0x00000000 R4=0x300458D8 )
(       libmtguard.so[0xCBBCB000])[C4 E9 02 05 ]0x0000389E:	STRD	R0, R5, [R4, #8]	;(R0=0x0000000B R5=0xCBBCFE51 R4=0x300458D8 )
(       libmtguard.so[0xCBBCB000])[04 20       ]0x000038A2:	MOVS	R0, #4
(       libmtguard.so[0xCBBCB000])[0B 21       ]0x000038A4:	MOVS	R1, #0XB
(       libmtguard.so[0xCBBCB000])[00 22       ]0x000038A6:	MOVS	R2, #0
(       libmtguard.so[0xCBBCB000])[00 23       ]0x000038A8:	MOVS	R3, #0
(       libmtguard.so[0xCBBCB000])[00 F0 B9 FA ]0x000038AA:	BL	#0XCBBCEE20	;(PC=0xCBBCE8AA )
(       libmtguard.so[0xCBBCB000])[B0 B5       ]0x00003E20:	PUSH	{R4, R5, R7, LR}	;(SP=0x100FFFA8 R4=0x300458D8 R5=0xCBBCFE51 R7=0x100FFFB8 LR=0xCBBCE8AF )
(       libmtguard.so[0xCBBCB000])[02 AF       ]0x00003E22:	ADD	R7, SP, #8	;(SP=0x100FFF98 )
(       libmtguard.so[0xCBBCB000])[01 FB 00 F5 ]0x00003E24:	MUL	R5, R1, R0	;(R1=0x0000000B R0=0x00000004 )
(       libmtguard.so[0xCBBCB000])[4D B1       ]0x00003E28:	CBZ	R5, #0XCBBCEE3E	;(R5=0x0000002C )
(       libmtguard.so[0xCBBCB000])[28 46       ]0x00003E2A:	MOV	R0, R5	;(R5=0x0000002C )
(       libmtguard.so[0xCBBCB000])[FE F7 C8 EB ]0x00003E2C:	BLX	#0XCBBCD5C0	;(PC=0xCBBCEE2C )
(       libmtguard.so[0xCBBCB000])[00 C6 8F E2 ]0x000025C0:	ADD	IP, PC, #0, #12	;(PC=0xCBBCD5C0 )
(       libmtguard.so[0xCBBCB000])[3D CA 8C E2 ]0x000025C4:	ADD	IP, IP, #0X3D000	;(IP=0xCBBCD5C8 )
(       libmtguard.so[0xCBBCB000])[04 F9 BC E5 ]0x000025C8:	LDR	PC, [IP, #0X904]!	;(IP=0xCBC0A5C8 )
(       libmtguard.so[0xCBBCB000])[04 46       ]0x00003E30:	MOV	R4, R0	;(R0=0x300458F0 )
(       libmtguard.so[0xCBBCB000])[24 B1       ]0x00003E32:	CBZ	R4, #0XCBBCEE3E	;(R4=0x300458F0 )
(       libmtguard.so[0xCBBCB000])[20 46       ]0x00003E34:	MOV	R0, R4	;(R4=0x300458F0 )
(       libmtguard.so[0xCBBCB000])[29 46       ]0x00003E36:	MOV	R1, R5	;(R5=0x0000002C )
(       libmtguard.so[0xCBBCB000])[FE F7 CE EB ]0x00003E38:	BLX	#0XCBBCD5D8	;(PC=0xCBBCEE38 )
(       libmtguard.so[0xCBBCB000])[00 C6 8F E2 ]0x000025D8:	ADD	IP, PC, #0, #12	;(PC=0xCBBCD5D8 )
(       libmtguard.so[0xCBBCB000])[3D CA 8C E2 ]0x000025DC:	ADD	IP, IP, #0X3D000	;(IP=0xCBBCD5E0 )
(       libmtguard.so[0xCBBCB000])[F4 F8 BC E5 ]0x000025E0:	LDR	PC, [IP, #0X8F4]!	;(IP=0xCBC0A5E0 )
(       libmtguard.so[0xCBBCB000])[00 E0       ]0x00003E3C:	B	#0XCBBCEE40
(       libmtguard.so[0xCBBCB000])[20 46       ]0x00003E40:	MOV	R0, R4	;(R4=0x300458F0 )
(       libmtguard.so[0xCBBCB000])[B0 BD       ]0x00003E42:	POP	{R4, R5, R7, PC}	;(SP=0x100FFF98 )
(       libmtguard.so[0xCBBCB000])[00 28       ]0x000038AE:	CMP	R0, #0	;(R0=0x300458F0 )
(       libmtguard.so[0xCBBCB000])[20 60       ]0x000038B0:	STR	R0, [R4]	;(R0=0x300458F0 R4=0x300458D8 )
(       libmtguard.so[0xCBBCB000])[05 D1       ]0x000038B2:	BNE	#0XCBBCE8C0
(       libmtguard.so[0xCBBCB000])[20 46       ]0x000038C0:	MOV	R0, R4	;(R4=0x300458D8 )
(       libmtguard.so[0xCBBCB000])[5D F8 04 BB ]0x000038C2:	LDR	FP, [SP], #4	;(SP=0x100FFFA8 )
(       libmtguard.so[0xCBBCB000])[F0 BD       ]0x000038C6:	POP	{R4, R5, R6, R7, PC}	;(SP=0x100FFFAC )
(       libmtguard.so[0xCBBCB000])[01 36       ]0x0000CE08:	ADDS	R6, #1	;(R6=0x0000008F )
(       libmtguard.so[0xCBBCB000])[60 60       ]0x0000CE0A:	STR	R0, [R4, #4]	;(R0=0x300458D8 R4=0xCBC0D50C )
(       libmtguard.so[0xCBBCB000])[B6 F5 7C 7F ]0x0000CE0C:	CMP.W	R6, #0X3F0	;(R6=0x00000090 )
(       libmtguard.so[0xCBBCB000])[F3 D1       ]0x0000CE10:	BNE	#0XCBBD7DFA
(       libmtguard.so[0xCBBCB000])[48 46       ]0x0000CDFA:	MOV	R0, SB	;(SB=0xCBBCFE51 )
(       libmtguard.so[0xCBBCB000])[45 F8 36 80 ]0x0000CDFC:	STR.W	R8, [R5, R6, LSL #3]	;(R8=0xFFFFFFFF R5=0xCBC0D094 R6=0x00000090 )
(       libmtguard.so[0xCBBCB000])[05 EB C6 04 ]0x0000CE00:	ADD.W	R4, R5, R6, LSL #3	;(R5=0xCBC0D094 R6=0x00000090 )
(       libmtguard.so[0xCBBCB000])[F6 F7 3A FD ]0x0000CE04:	BL	#0XCBBCE87C	;(PC=0xCBBD7E04 )
(       libmtguard.so[0xCBBCB000])[F0 B5       ]0x0000387C:	PUSH	{R4, R5, R6, R7, LR}	;(SP=0x100FFFC0 R4=0xCBC0D514 R5=0xCBC0D094 R6=0x00000090 R7=0x100FFFE0 LR=0xCBBD7E09 )
(       libmtguard.so[0xCBBCB000])[03 AF       ]0x0000387E:	ADD	R7, SP, #0XC	;(SP=0x100FFFAC )
(       libmtguard.so[0xCBBCB000])[4D F8 04 BD ]0x00003880:	STR	FP, [SP, #-0X4]!	;(FP=0xCBC0B1C4 SP=0x100FFFAC )
(       libmtguard.so[0xCBBCB000])[05 46       ]0x00003884:	MOV	R5, R0	;(R0=0xCBBCFE51 )
(       libmtguard.so[0xCBBCB000])[01 20       ]0x00003886:	MOVS	R0, #1
(       libmtguard.so[0xCBBCB000])[10 21       ]0x00003888:	MOVS	R1, #0X10
(       libmtguard.so[0xCBBCB000])[00 22       ]0x0000388A:	MOVS	R2, #0
(       libmtguard.so[0xCBBCB000])[00 23       ]0x0000388C:	MOVS	R3, #0
(       libmtguard.so[0xCBBCB000])[00 26       ]0x0000388E:	MOVS	R6, #0
(       libmtguard.so[0xCBBCB000])[00 F0 C6 FA ]0x00003890:	BL	#0XCBBCEE20	;(PC=0xCBBCE890 )
(       libmtguard.so[0xCBBCB000])[B0 B5       ]0x00003E20:	PUSH	{R4, R5, R7, LR}	;(SP=0x100FFFA8 R4=0xCBC0D514 R5=0xCBBCFE51 R7=0x100FFFB8 LR=0xCBBCE895 )
(       libmtguard.so[0xCBBCB000])[02 AF       ]0x00003E22:	ADD	R7, SP, #8	;(SP=0x100FFF98 )
(       libmtguard.so[0xCBBCB000])[01 FB 00 F5 ]0x00003E24:	MUL	R5, R1, R0	;(R1=0x00000010 R0=0x00000001 )
(       libmtguard.so[0xCBBCB000])[4D B1       ]0x00003E28:	CBZ	R5, #0XCBBCEE3E	;(R5=0x00000010 )
(       libmtguard.so[0xCBBCB000])[28 46       ]0x00003E2A:	MOV	R0, R5	;(R5=0x00000010 )
(       libmtguard.so[0xCBBCB000])[FE F7 C8 EB ]0x00003E2C:	BLX	#0XCBBCD5C0	;(PC=0xCBBCEE2C )
(       libmtguard.so[0xCBBCB000])[00 C6 8F E2 ]0x000025C0:	ADD	IP, PC, #0, #12	;(PC=0xCBBCD5C0 )
(       libmtguard.so[0xCBBCB000])[3D CA 8C E2 ]0x000025C4:	ADD	IP, IP, #0X3D000	;(IP=0xCBBCD5C8 )
(       libmtguard.so[0xCBBCB000])[04 F9 BC E5 ]0x000025C8:	LDR	PC, [IP, #0X904]!	;(IP=0xCBC0A5C8 )
(       libmtguard.so[0xCBBCB000])[04 46       ]0x00003E30:	MOV	R4, R0	;(R0=0x30045920 )
(       libmtguard.so[0xCBBCB000])[24 B1       ]0x00003E32:	CBZ	R4, #0XCBBCEE3E	;(R4=0x30045920 )
(       libmtguard.so[0xCBBCB000])[20 46       ]0x00003E34:	MOV	R0, R4	;(R4=0x30045920 )
(       libmtguard.so[0xCBBCB000])[29 46       ]0x00003E36:	MOV	R1, R5	;(R5=0x00000010 )
(       libmtguard.so[0xCBBCB000])[FE F7 CE EB ]0x00003E38:	BLX	#0XCBBCD5D8	;(PC=0xCBBCEE38 )
(       libmtguard.so[0xCBBCB000])[00 C6 8F E2 ]0x000025D8:	ADD	IP, PC, #0, #12	;(PC=0xCBBCD5D8 )
(       libmtguard.so[0xCBBCB000])[3D CA 8C E2 ]0x000025DC:	ADD	IP, IP, #0X3D000	;(IP=0xCBBCD5E0 )
(       libmtguard.so[0xCBBCB000])[F4 F8 BC E5 ]0x000025E0:	LDR	PC, [IP, #0X8F4]!	;(IP=0xCBC0A5E0 )
(       libmtguard.so[0xCBBCB000])[00 E0       ]0x00003E3C:	B	#0XCBBCEE40
(       libmtguard.so[0xCBBCB000])[20 46       ]0x00003E40:	MOV	R0, R4	;(R4=0x30045920 )
(       libmtguard.so[0xCBBCB000])[B0 BD       ]0x00003E42:	POP	{R4, R5, R7, PC}	;(SP=0x100FFF98 )
(       libmtguard.so[0xCBBCB000])[04 46       ]0x00003894:	MOV	R4, R0	;(R0=0x30045920 )
(       libmtguard.so[0xCBBCB000])[94 B1       ]0x00003896:	CBZ	R4, #0XCBBCE8BE	;(R4=0x30045920 )
(       libmtguard.so[0xCBBCB000])[0B 20       ]0x00003898:	MOVS	R0, #0XB
(       libmtguard.so[0xCBBCB000])[C4 E9 00 66 ]0x0000389A:	STRD	R6, R6, [R4]	;(R6=0x00000000 R4=0x30045920 )
(       libmtguard.so[0xCBBCB000])[C4 E9 02 05 ]0x0000389E:	STRD	R0, R5, [R4, #8]	;(R0=0x0000000B R5=0xCBBCFE51 R4=0x30045920 )
(       libmtguard.so[0xCBBCB000])[04 20       ]0x000038A2:	MOVS	R0, #4
(       libmtguard.so[0xCBBCB000])[0B 21       ]0x000038A4:	MOVS	R1, #0XB
(       libmtguard.so[0xCBBCB000])[00 22       ]0x000038A6:	MOVS	R2, #0
(       libmtguard.so[0xCBBCB000])[00 23       ]0x000038A8:	MOVS	R3, #0
(       libmtguard.so[0xCBBCB000])[00 F0 B9 FA ]0x000038AA:	BL	#0XCBBCEE20	;(PC=0xCBBCE8AA )
(       libmtguard.so[0xCBBCB000])[B0 B5       ]0x00003E20:	PUSH	{R4, R5, R7, LR}	;(SP=0x100FFFA8 R4=0x30045920 R5=0xCBBCFE51 R7=0x100FFFB8 LR=0xCBBCE8AF )
(       libmtguard.so[0xCBBCB000])[02 AF       ]0x00003E22:	ADD	R7, SP, #8	;(SP=0x100FFF98 )
(       libmtguard.so[0xCBBCB000])[01 FB 00 F5 ]0x00003E24:	MUL	R5, R1, R0	;(R1=0x0000000B R0=0x00000004 )
(       libmtguard.so[0xCBBCB000])[4D B1       ]0x00003E28:	CBZ	R5, #0XCBBCEE3E	;(R5=0x0000002C )
(       libmtguard.so[0xCBBCB000])[28 46       ]0x00003E2A:	MOV	R0, R5	;(R5=0x0000002C )
(       libmtguard.so[0xCBBCB000])[FE F7 C8 EB ]0x00003E2C:	BLX	#0XCBBCD5C0	;(PC=0xCBBCEE2C )
(       libmtguard.so[0xCBBCB000])[00 C6 8F E2 ]0x000025C0:	ADD	IP, PC, #0, #12	;(PC=0xCBBCD5C0 )
(       libmtguard.so[0xCBBCB000])[3D CA 8C E2 ]0x000025C4:	ADD	IP, IP, #0X3D000	;(IP=0xCBBCD5C8 )
(       libmtguard.so[0xCBBCB000])[04 F9 BC E5 ]0x000025C8:	LDR	PC, [IP, #0X904]!	;(IP=0xCBC0A5C8 )
(       libmtguard.so[0xCBBCB000])[04 46       ]0x00003E30:	MOV	R4, R0	;(R0=0x30045938 )
(       libmtguard.so[0xCBBCB000])[24 B1       ]0x00003E32:	CBZ	R4, #0XCBBCEE3E	;(R4=0x30045938 )
(       libmtguard.so[0xCBBCB000])[20 46       ]0x00003E34:	MOV	R0, R4	;(R4=0x30045938 )
(       libmtguard.so[0xCBBCB000])[29 46       ]0x00003E36:	MOV	R1, R5	;(R5=0x0000002C )
(       libmtguard.so[0xCBBCB000])[FE F7 CE EB ]0x00003E38:	BLX	#0XCBBCD5D8	;(PC=0xCBBCEE38 )
(       libmtguard.so[0xCBBCB000])[00 C6 8F E2 ]0x000025D8:	ADD	IP, PC, #0, #12	;(PC=0xCBBCD5D8 )
(       libmtguard.so[0xCBBCB000])[3D CA 8C E2 ]0x000025DC:	ADD	IP, IP, #0X3D000	;(IP=0xCBBCD5E0 )
(       libmtguard.so[0xCBBCB000])[F4 F8 BC E5 ]0x000025E0:	LDR	PC, [IP, #0X8F4]!	;(IP=0xCBC0A5E0 )
(       libmtguard.so[0xCBBCB000])[00 E0       ]0x00003E3C:	B	#0XCBBCEE40
(       libmtguard.so[0xCBBCB000])[20 46       ]0x00003E40:	MOV	R0, R4	;(R4=0x30045938 )
(       libmtguard.so[0xCBBCB000])[B0 BD       ]0x00003E42:	POP	{R4, R5, R7, PC}	;(SP=0x100FFF98 )
(       libmtguard.so[0xCBBCB000])[00 28       ]0x000038AE:	CMP	R0, #0	;(R0=0x30045938 )
(       libmtguard.so[0xCBBCB000])[20 60       ]0x000038B0:	STR	R0, [R4]	;(R0=0x30045938 R4=0x30045920 )
(       libmtguard.so[0xCBBCB000])[05 D1       ]0x000038B2:	BNE	#0XCBBCE8C0
(       libmtguard.so[0xCBBCB000])[20 46       ]0x000038C0:	MOV	R0, R4	;(R4=0x30045920 )
(       libmtguard.so[0xCBBCB000])[5D F8 04 BB ]0x000038C2:	LDR	FP, [SP], #4	;(SP=0x100FFFA8 )
(       libmtguard.so[0xCBBCB000])[F0 BD       ]0x000038C6:	POP	{R4, R5, R6, R7, PC}	;(SP=0x100FFFAC )
(       libmtguard.so[0xCBBCB000])[01 36       ]0x0000CE08:	ADDS	R6, #1	;(R6=0x00000090 )
(       libmtguard.so[0xCBBCB000])[60 60       ]0x0000CE0A:	STR	R0, [R4, #4]	;(R0=0x30045920 R4=0xCBC0D514 )
(       libmtguard.so[0xCBBCB000])[B6 F5 7C 7F ]0x0000CE0C:	CMP.W	R6, #0X3F0	;(R6=0x00000091 )
(       libmtguard.so[0xCBBCB000])[F3 D1       ]0x0000CE10:	BNE	#0XCBBD7DFA
(       libmtguard.so[0xCBBCB000])[48 46       ]0x0000CDFA:	MOV	R0, SB	;(SB=0xCBBCFE51 )
(       libmtguard.so[0xCBBCB000])[45 F8 36 80 ]0x0000CDFC:	STR.W	R8, [R5, R6, LSL #3]	;(R8=0xFFFFFFFF R5=0xCBC0D094 R6=0x00000091 )
(       libmtguard.so[0xCBBCB000])[05 EB C6 04 ]0x0000CE00:	ADD.W	R4, R5, R6, LSL #3	;(R5=0xCBC0D094 R6=0x00000091 )
(       libmtguard.so[0xCBBCB000])[F6 F7 3A FD ]0x0000CE04:	BL	#0XCBBCE87C	;(PC=0xCBBD7E04 )
(       libmtguard.so[0xCBBCB000])[F0 B5       ]0x0000387C:	PUSH	{R4, R5, R6, R7, LR}	;(SP=0x100FFFC0 R4=0xCBC0D51C R5=0xCBC0D094 R6=0x00000091 R7=0x100FFFE0 LR=0xCBBD7E09 )
(       libmtguard.so[0xCBBCB000])[03 AF       ]0x0000387E:	ADD	R7, SP, #0XC	;(SP=0x100FFFAC )
(       libmtguard.so[0xCBBCB000])[4D F8 04 BD ]0x00003880:	STR	FP, [SP, #-0X4]!	;(FP=0xCBC0B1C4 SP=0x100FFFAC )
(       libmtguard.so[0xCBBCB000])[05 46       ]0x00003884:	MOV	R5, R0	;(R0=0xCBBCFE51 )
(       libmtguard.so[0xCBBCB000])[01 20       ]0x00003886:	MOVS	R0, #1
(       libmtguard.so[0xCBBCB000])[10 21       ]0x00003888:	MOVS	R1, #0X10
(       libmtguard.so[0xCBBCB000])[00 22       ]0x0000388A:	MOVS	R2, #0
(       libmtguard.so[0xCBBCB000])[00 23       ]0x0000388C:	MOVS	R3, #0
(       libmtguard.so[0xCBBCB000])[00 26       ]0x0000388E:	MOVS	R6, #0
(       libmtguard.so[0xCBBCB000])[00 F0 C6 FA ]0x00003890:	BL	#0XCBBCEE20	;(PC=0xCBBCE890 )
(       libmtguard.so[0xCBBCB000])[B0 B5       ]0x00003E20:	PUSH	{R4, R5, R7, LR}	;(SP=0x100FFFA8 R4=0xCBC0D51C R5=0xCBBCFE51 R7=0x100FFFB8 LR=0xCBBCE895 )
(       libmtguard.so[0xCBBCB000])[02 AF       ]0x00003E22:	ADD	R7, SP, #8	;(SP=0x100FFF98 )
(       libmtguard.so[0xCBBCB000])[01 FB 00 F5 ]0x00003E24:	MUL	R5, R1, R0	;(R1=0x00000010 R0=0x00000001 )
(       libmtguard.so[0xCBBCB000])[4D B1       ]0x00003E28:	CBZ	R5, #0XCBBCEE3E	;(R5=0x00000010 )
(       libmtguard.so[0xCBBCB000])[28 46       ]0x00003E2A:	MOV	R0, R5	;(R5=0x00000010 )
(       libmtguard.so[0xCBBCB000])[FE F7 C8 EB ]0x00003E2C:	BLX	#0XCBBCD5C0	;(PC=0xCBBCEE2C )
(       libmtguard.so[0xCBBCB000])[00 C6 8F E2 ]0x000025C0:	ADD	IP, PC, #0, #12	;(PC=0xCBBCD5C0 )
(       libmtguard.so[0xCBBCB000])[3D CA 8C E2 ]0x000025C4:	ADD	IP, IP, #0X3D000	;(IP=0xCBBCD5C8 )
(       libmtguard.so[0xCBBCB000])[04 F9 BC E5 ]0x000025C8:	LDR	PC, [IP, #0X904]!	;(IP=0xCBC0A5C8 )
(       libmtguard.so[0xCBBCB000])[04 46       ]0x00003E30:	MOV	R4, R0	;(R0=0x30045968 )
(       libmtguard.so[0xCBBCB000])[24 B1       ]0x00003E32:	CBZ	R4, #0XCBBCEE3E	;(R4=0x30045968 )
(       libmtguard.so[0xCBBCB000])[20 46       ]0x00003E34:	MOV	R0, R4	;(R4=0x30045968 )
(       libmtguard.so[0xCBBCB000])[29 46       ]0x00003E36:	MOV	R1, R5	;(R5=0x00000010 )
(       libmtguard.so[0xCBBCB000])[FE F7 CE EB ]0x00003E38:	BLX	#0XCBBCD5D8	;(PC=0xCBBCEE38 )
(       libmtguard.so[0xCBBCB000])[00 C6 8F E2 ]0x000025D8:	ADD	IP, PC, #0, #12	;(PC=0xCBBCD5D8 )
(       libmtguard.so[0xCBBCB000])[3D CA 8C E2 ]0x000025DC:	ADD	IP, IP, #0X3D000	;(IP=0xCBBCD5E0 )
(       libmtguard.so[0xCBBCB000])[F4 F8 BC E5 ]0x000025E0:	LDR	PC, [IP, #0X8F4]!	;(IP=0xCBC0A5E0 )
(       libmtguard.so[0xCBBCB000])[00 E0       ]0x00003E3C:	B	#0XCBBCEE40
(       libmtguard.so[0xCBBCB000])[20 46       ]0x00003E40:	MOV	R0, R4	;(R4=0x30045968 )
(       libmtguard.so[0xCBBCB000])[B0 BD       ]0x00003E42:	POP	{R4, R5, R7, PC}	;(SP=0x100FFF98 )
(       libmtguard.so[0xCBBCB000])[04 46       ]0x00003894:	MOV	R4, R0	;(R0=0x30045968 )
(       libmtguard.so[0xCBBCB000])[94 B1       ]0x00003896:	CBZ	R4, #0XCBBCE8BE	;(R4=0x30045968 )
(       libmtguard.so[0xCBBCB000])[0B 20       ]0x00003898:	MOVS	R0, #0XB
(       libmtguard.so[0xCBBCB000])[C4 E9 00 66 ]0x0000389A:	STRD	R6, R6, [R4]	;(R6=0x00000000 R4=0x30045968 )
(       libmtguard.so[0xCBBCB000])[C4 E9 02 05 ]0x0000389E:	STRD	R0, R5, [R4, #8]	;(R0=0x0000000B R5=0xCBBCFE51 R4=0x30045968 )
(       libmtguard.so[0xCBBCB000])[04 20       ]0x000038A2:	MOVS	R0, #4
(       libmtguard.so[0xCBBCB000])[0B 21       ]0x000038A4:	MOVS	R1, #0XB
(       libmtguard.so[0xCBBCB000])[00 22       ]0x000038A6:	MOVS	R2, #0
(       libmtguard.so[0xCBBCB000])[00 23       ]0x000038A8:	MOVS	R3, #0
(       libmtguard.so[0xCBBCB000])[00 F0 B9 FA ]0x000038AA:	BL	#0XCBBCEE20	;(PC=0xCBBCE8AA )
(       libmtguard.so[0xCBBCB000])[B0 B5       ]0x00003E20:	PUSH	{R4, R5, R7, LR}	;(SP=0x100FFFA8 R4=0x30045968 R5=0xCBBCFE51 R7=0x100FFFB8 LR=0xCBBCE8AF )
(       libmtguard.so[0xCBBCB000])[02 AF       ]0x00003E22:	ADD	R7, SP, #8	;(SP=0x100FFF98 )
(       libmtguard.so[0xCBBCB000])[01 FB 00 F5 ]0x00003E24:	MUL	R5, R1, R0	;(R1=0x0000000B R0=0x00000004 )
(       libmtguard.so[0xCBBCB000])[4D B1       ]0x00003E28:	CBZ	R5, #0XCBBCEE3E	;(R5=0x0000002C )
(       libmtguard.so[0xCBBCB000])[28 46       ]0x00003E2A:	MOV	R0, R5	;(R5=0x0000002C )
(       libmtguard.so[0xCBBCB000])[FE F7 C8 EB ]0x00003E2C:	BLX	#0XCBBCD5C0	;(PC=0xCBBCEE2C )
(       libmtguard.so[0xCBBCB000])[00 C6 8F E2 ]0x000025C0:	ADD	IP, PC, #0, #12	;(PC=0xCBBCD5C0 )
(       libmtguard.so[0xCBBCB000])[3D CA 8C E2 ]0x000025C4:	ADD	IP, IP, #0X3D000	;(IP=0xCBBCD5C8 )
(       libmtguard.so[0xCBBCB000])[04 F9 BC E5 ]0x000025C8:	LDR	PC, [IP, #0X904]!	;(IP=0xCBC0A5C8 )
(       libmtguard.so[0xCBBCB000])[04 46       ]0x00003E30:	MOV	R4, R0	;(R0=0x30045980 )
(       libmtguard.so[0xCBBCB000])[24 B1       ]0x00003E32:	CBZ	R4, #0XCBBCEE3E	;(R4=0x30045980 )
(       libmtguard.so[0xCBBCB000])[20 46       ]0x00003E34:	MOV	R0, R4	;(R4=0x30045980 )
(       libmtguard.so[0xCBBCB000])[29 46       ]0x00003E36:	MOV	R1, R5	;(R5=0x0000002C )
(       libmtguard.so[0xCBBCB000])[FE F7 CE EB ]0x00003E38:	BLX	#0XCBBCD5D8	;(PC=0xCBBCEE38 )
(       libmtguard.so[0xCBBCB000])[00 C6 8F E2 ]0x000025D8:	ADD	IP, PC, #0, #12	;(PC=0xCBBCD5D8 )
(       libmtguard.so[0xCBBCB000])[3D CA 8C E2 ]0x000025DC:	ADD	IP, IP, #0X3D000	;(IP=0xCBBCD5E0 )
(       libmtguard.so[0xCBBCB000])[F4 F8 BC E5 ]0x000025E0:	LDR	PC, [IP, #0X8F4]!	;(IP=0xCBC0A5E0 )
(       libmtguard.so[0xCBBCB000])[00 E0       ]0x00003E3C:	B	#0XCBBCEE40
(       libmtguard.so[0xCBBCB000])[20 46       ]0x00003E40:	MOV	R0, R4	;(R4=0x30045980 )
(       libmtguard.so[0xCBBCB000])[B0 BD       ]0x00003E42:	POP	{R4, R5, R7, PC}	;(SP=0x100FFF98 )
(       libmtguard.so[0xCBBCB000])[00 28       ]0x000038AE:	CMP	R0, #0	;(R0=0x30045980 )
(       libmtguard.so[0xCBBCB000])[20 60       ]0x000038B0:	STR	R0, [R4]	;(R0=0x30045980 R4=0x30045968 )
(       libmtguard.so[0xCBBCB000])[05 D1       ]0x000038B2:	BNE	#0XCBBCE8C0
(       libmtguard.so[0xCBBCB000])[20 46       ]0x000038C0:	MOV	R0, R4	;(R4=0x30045968 )
(       libmtguard.so[0xCBBCB000])[5D F8 04 BB ]0x000038C2:	LDR	FP, [SP], #4	;(SP=0x100FFFA8 )
(       libmtguard.so[0xCBBCB000])[F0 BD       ]0x000038C6:	POP	{R4, R5, R6, R7, PC}	;(SP=0x100FFFAC )
(       libmtguard.so[0xCBBCB000])[01 36       ]0x0000CE08:	ADDS	R6, #1	;(R6=0x00000091 )
(       libmtguard.so[0xCBBCB000])[60 60       ]0x0000CE0A:	STR	R0, [R4, #4]	;(R0=0x30045968 R4=0xCBC0D51C )
(       libmtguard.so[0xCBBCB000])[B6 F5 7C 7F ]0x0000CE0C:	CMP.W	R6, #0X3F0	;(R6=0x00000092 )
(       libmtguard.so[0xCBBCB000])[F3 D1       ]0x0000CE10:	BNE	#0XCBBD7DFA
(       libmtguard.so[0xCBBCB000])[48 46       ]0x0000CDFA:	MOV	R0, SB	;(SB=0xCBBCFE51 )
(       libmtguard.so[0xCBBCB000])[45 F8 36 80 ]0x0000CDFC:	STR.W	R8, [R5, R6, LSL #3]	;(R8=0xFFFFFFFF R5=0xCBC0D094 R6=0x00000092 )
(       libmtguard.so[0xCBBCB000])[05 EB C6 04 ]0x0000CE00:	ADD.W	R4, R5, R6, LSL #3	;(R5=0xCBC0D094 R6=0x00000092 )
(       libmtguard.so[0xCBBCB000])[F6 F7 3A FD ]0x0000CE04:	BL	#0XCBBCE87C	;(PC=0xCBBD7E04 )
(       libmtguard.so[0xCBBCB000])[F0 B5       ]0x0000387C:	PUSH	{R4, R5, R6, R7, LR}	;(SP=0x100FFFC0 R4=0xCBC0D524 R5=0xCBC0D094 R6=0x00000092 R7=0x100FFFE0 LR=0xCBBD7E09 )
(       libmtguard.so[0xCBBCB000])[03 AF       ]0x0000387E:	ADD	R7, SP, #0XC	;(SP=0x100FFFAC )
(       libmtguard.so[0xCBBCB000])[4D F8 04 BD ]0x00003880:	STR	FP, [SP, #-0X4]!	;(FP=0xCBC0B1C4 SP=0x100FFFAC )
(       libmtguard.so[0xCBBCB000])[05 46       ]0x00003884:	MOV	R5, R0	;(R0=0xCBBCFE51 )
(       libmtguard.so[0xCBBCB000])[01 20       ]0x00003886:	MOVS	R0, #1
(       libmtguard.so[0xCBBCB000])[10 21       ]0x00003888:	MOVS	R1, #0X10
(       libmtguard.so[0xCBBCB000])[00 22       ]0x0000388A:	MOVS	R2, #0
(       libmtguard.so[0xCBBCB000])[00 23       ]0x0000388C:	MOVS	R3, #0
(       libmtguard.so[0xCBBCB000])[00 26       ]0x0000388E:	MOVS	R6, #0
(       libmtguard.so[0xCBBCB000])[00 F0 C6 FA ]0x00003890:	BL	#0XCBBCEE20	;(PC=0xCBBCE890 )
(       libmtguard.so[0xCBBCB000])[B0 B5       ]0x00003E20:	PUSH	{R4, R5, R7, LR}	;(SP=0x100FFFA8 R4=0xCBC0D524 R5=0xCBBCFE51 R7=0x100FFFB8 LR=0xCBBCE895 )
(       libmtguard.so[0xCBBCB000])[02 AF       ]0x00003E22:	ADD	R7, SP, #8	;(SP=0x100FFF98 )
(       libmtguard.so[0xCBBCB000])[01 FB 00 F5 ]0x00003E24:	MUL	R5, R1, R0	;(R1=0x00000010 R0=0x00000001 )
(       libmtguard.so[0xCBBCB000])[4D B1       ]0x00003E28:	CBZ	R5, #0XCBBCEE3E	;(R5=0x00000010 )
(       libmtguard.so[0xCBBCB000])[28 46       ]0x00003E2A:	MOV	R0, R5	;(R5=0x00000010 )
(       libmtguard.so[0xCBBCB000])[FE F7 C8 EB ]0x00003E2C:	BLX	#0XCBBCD5C0	;(PC=0xCBBCEE2C )
(       libmtguard.so[0xCBBCB000])[00 C6 8F E2 ]0x000025C0:	ADD	IP, PC, #0, #12	;(PC=0xCBBCD5C0 )
(       libmtguard.so[0xCBBCB000])[3D CA 8C E2 ]0x000025C4:	ADD	IP, IP, #0X3D000	;(IP=0xCBBCD5C8 )
(       libmtguard.so[0xCBBCB000])[04 F9 BC E5 ]0x000025C8:	LDR	PC, [IP, #0X904]!	;(IP=0xCBC0A5C8 )
(       libmtguard.so[0xCBBCB000])[04 46       ]0x00003E30:	MOV	R4, R0	;(R0=0x300459B0 )
(       libmtguard.so[0xCBBCB000])[24 B1       ]0x00003E32:	CBZ	R4, #0XCBBCEE3E	;(R4=0x300459B0 )
(       libmtguard.so[0xCBBCB000])[20 46       ]0x00003E34:	MOV	R0, R4	;(R4=0x300459B0 )
(       libmtguard.so[0xCBBCB000])[29 46       ]0x00003E36:	MOV	R1, R5	;(R5=0x00000010 )
(       libmtguard.so[0xCBBCB000])[FE F7 CE EB ]0x00003E38:	BLX	#0XCBBCD5D8	;(PC=0xCBBCEE38 )
(       libmtguard.so[0xCBBCB000])[00 C6 8F E2 ]0x000025D8:	ADD	IP, PC, #0, #12	;(PC=0xCBBCD5D8 )
(       libmtguard.so[0xCBBCB000])[3D CA 8C E2 ]0x000025DC:	ADD	IP, IP, #0X3D000	;(IP=0xCBBCD5E0 )
(       libmtguard.so[0xCBBCB000])[F4 F8 BC E5 ]0x000025E0:	LDR	PC, [IP, #0X8F4]!	;(IP=0xCBC0A5E0 )
(       libmtguard.so[0xCBBCB000])[00 E0       ]0x00003E3C:	B	#0XCBBCEE40
(       libmtguard.so[0xCBBCB000])[20 46       ]0x00003E40:	MOV	R0, R4	;(R4=0x300459B0 )
(       libmtguard.so[0xCBBCB000])[B0 BD       ]0x00003E42:	POP	{R4, R5, R7, PC}	;(SP=0x100FFF98 )
(       libmtguard.so[0xCBBCB000])[04 46       ]0x00003894:	MOV	R4, R0	;(R0=0x300459B0 )
(       libmtguard.so[0xCBBCB000])[94 B1       ]0x00003896:	CBZ	R4, #0XCBBCE8BE	;(R4=0x300459B0 )
(       libmtguard.so[0xCBBCB000])[0B 20       ]0x00003898:	MOVS	R0, #0XB
(       libmtguard.so[0xCBBCB000])[C4 E9 00 66 ]0x0000389A:	STRD	R6, R6, [R4]	;(R6=0x00000000 R4=0x300459B0 )
(       libmtguard.so[0xCBBCB000])[C4 E9 02 05 ]0x0000389E:	STRD	R0, R5, [R4, #8]	;(R0=0x0000000B R5=0xCBBCFE51 R4=0x300459B0 )
(       libmtguard.so[0xCBBCB000])[04 20       ]0x000038A2:	MOVS	R0, #4
(       libmtguard.so[0xCBBCB000])[0B 21       ]0x000038A4:	MOVS	R1, #0XB
(       libmtguard.so[0xCBBCB000])[00 22       ]0x000038A6:	MOVS	R2, #0
(       libmtguard.so[0xCBBCB000])[00 23       ]0x000038A8:	MOVS	R3, #0
(       libmtguard.so[0xCBBCB000])[00 F0 B9 FA ]0x000038AA:	BL	#0XCBBCEE20	;(PC=0xCBBCE8AA )
(       libmtguard.so[0xCBBCB000])[B0 B5       ]0x00003E20:	PUSH	{R4, R5, R7, LR}	;(SP=0x100FFFA8 R4=0x300459B0 R5=0xCBBCFE51 R7=0x100FFFB8 LR=0xCBBCE8AF )
(       libmtguard.so[0xCBBCB000])[02 AF       ]0x00003E22:	ADD	R7, SP, #8	;(SP=0x100FFF98 )
(       libmtguard.so[0xCBBCB000])[01 FB 00 F5 ]0x00003E24:	MUL	R5, R1, R0	;(R1=0x0000000B R0=0x00000004 )
(       libmtguard.so[0xCBBCB000])[4D B1       ]0x00003E28:	CBZ	R5, #0XCBBCEE3E	;(R5=0x0000002C )
(       libmtguard.so[0xCBBCB000])[28 46       ]0x00003E2A:	MOV	R0, R5	;(R5=0x0000002C )
(       libmtguard.so[0xCBBCB000])[FE F7 C8 EB ]0x00003E2C:	BLX	#0XCBBCD5C0	;(PC=0xCBBCEE2C )
(       libmtguard.so[0xCBBCB000])[00 C6 8F E2 ]0x000025C0:	ADD	IP, PC, #0, #12	;(PC=0xCBBCD5C0 )
(       libmtguard.so[0xCBBCB000])[3D CA 8C E2 ]0x000025C4:	ADD	IP, IP, #0X3D000	;(IP=0xCBBCD5C8 )
(       libmtguard.so[0xCBBCB000])[04 F9 BC E5 ]0x000025C8:	LDR	PC, [IP, #0X904]!	;(IP=0xCBC0A5C8 )
(       libmtguard.so[0xCBBCB000])[04 46       ]0x00003E30:	MOV	R4, R0	;(R0=0x300459C8 )
(       libmtguard.so[0xCBBCB000])[24 B1       ]0x00003E32:	CBZ	R4, #0XCBBCEE3E	;(R4=0x300459C8 )
(       libmtguard.so[0xCBBCB000])[20 46       ]0x00003E34:	MOV	R0, R4	;(R4=0x300459C8 )
(       libmtguard.so[0xCBBCB000])[29 46       ]0x00003E36:	MOV	R1, R5	;(R5=0x0000002C )
(       libmtguard.so[0xCBBCB000])[FE F7 CE EB ]0x00003E38:	BLX	#0XCBBCD5D8	;(PC=0xCBBCEE38 )
(       libmtguard.so[0xCBBCB000])[00 C6 8F E2 ]0x000025D8:	ADD	IP, PC, #0, #12	;(PC=0xCBBCD5D8 )
(       libmtguard.so[0xCBBCB000])[3D CA 8C E2 ]0x000025DC:	ADD	IP, IP, #0X3D000	;(IP=0xCBBCD5E0 )
(       libmtguard.so[0xCBBCB000])[F4 F8 BC E5 ]0x000025E0:	LDR	PC, [IP, #0X8F4]!	;(IP=0xCBC0A5E0 )
(       libmtguard.so[0xCBBCB000])[00 E0       ]0x00003E3C:	B	#0XCBBCEE40
(       libmtguard.so[0xCBBCB000])[20 46       ]0x00003E40:	MOV	R0, R4	;(R4=0x300459C8 )
(       libmtguard.so[0xCBBCB000])[B0 BD       ]0x00003E42:	POP	{R4, R5, R7, PC}	;(SP=0x100FFF98 )
(       libmtguard.so[0xCBBCB000])[00 28       ]0x000038AE:	CMP	R0, #0	;(R0=0x300459C8 )
(       libmtguard.so[0xCBBCB000])[20 60       ]0x000038B0:	STR	R0, [R4]	;(R0=0x300459C8 R4=0x300459B0 )
(       libmtguard.so[0xCBBCB000])[05 D1       ]0x000038B2:	BNE	#0XCBBCE8C0
(       libmtguard.so[0xCBBCB000])[20 46       ]0x000038C0:	MOV	R0, R4	;(R4=0x300459B0 )
(       libmtguard.so[0xCBBCB000])[5D F8 04 BB ]0x000038C2:	LDR	FP, [SP], #4	;(SP=0x100FFFA8 )
(       libmtguard.so[0xCBBCB000])[F0 BD       ]0x000038C6:	POP	{R4, R5, R6, R7, PC}	;(SP=0x100FFFAC )
(       libmtguard.so[0xCBBCB000])[01 36       ]0x0000CE08:	ADDS	R6, #1	;(R6=0x00000092 )
(       libmtguard.so[0xCBBCB000])[60 60       ]0x0000CE0A:	STR	R0, [R4, #4]	;(R0=0x300459B0 R4=0xCBC0D524 )
(       libmtguard.so[0xCBBCB000])[B6 F5 7C 7F ]0x0000CE0C:	CMP.W	R6, #0X3F0	;(R6=0x00000093 )
(       libmtguard.so[0xCBBCB000])[F3 D1       ]0x0000CE10:	BNE	#0XCBBD7DFA
(       libmtguard.so[0xCBBCB000])[48 46       ]0x0000CDFA:	MOV	R0, SB	;(SB=0xCBBCFE51 )
(       libmtguard.so[0xCBBCB000])[45 F8 36 80 ]0x0000CDFC:	STR.W	R8, [R5, R6, LSL #3]	;(R8=0xFFFFFFFF R5=0xCBC0D094 R6=0x00000093 )
(       libmtguard.so[0xCBBCB000])[05 EB C6 04 ]0x0000CE00:	ADD.W	R4, R5, R6, LSL #3	;(R5=0xCBC0D094 R6=0x00000093 )
(       libmtguard.so[0xCBBCB000])[F6 F7 3A FD ]0x0000CE04:	BL	#0XCBBCE87C	;(PC=0xCBBD7E04 )
(       libmtguard.so[0xCBBCB000])[F0 B5       ]0x0000387C:	PUSH	{R4, R5, R6, R7, LR}	;(SP=0x100FFFC0 R4=0xCBC0D52C R5=0xCBC0D094 R6=0x00000093 R7=0x100FFFE0 LR=0xCBBD7E09 )
(       libmtguard.so[0xCBBCB000])[03 AF       ]0x0000387E:	ADD	R7, SP, #0XC	;(SP=0x100FFFAC )
(       libmtguard.so[0xCBBCB000])[4D F8 04 BD ]0x00003880:	STR	FP, [SP, #-0X4]!	;(FP=0xCBC0B1C4 SP=0x100FFFAC )
(       libmtguard.so[0xCBBCB000])[05 46       ]0x00003884:	MOV	R5, R0	;(R0=0xCBBCFE51 )
(       libmtguard.so[0xCBBCB000])[01 20       ]0x00003886:	MOVS	R0, #1
(       libmtguard.so[0xCBBCB000])[10 21       ]0x00003888:	MOVS	R1, #0X10
(       libmtguard.so[0xCBBCB000])[00 22       ]0x0000388A:	MOVS	R2, #0
(       libmtguard.so[0xCBBCB000])[00 23       ]0x0000388C:	MOVS	R3, #0
(       libmtguard.so[0xCBBCB000])[00 26       ]0x0000388E:	MOVS	R6, #0
(       libmtguard.so[0xCBBCB000])[00 F0 C6 FA ]0x00003890:	BL	#0XCBBCEE20	;(PC=0xCBBCE890 )
(       libmtguard.so[0xCBBCB000])[B0 B5       ]0x00003E20:	PUSH	{R4, R5, R7, LR}	;(SP=0x100FFFA8 R4=0xCBC0D52C R5=0xCBBCFE51 R7=0x100FFFB8 LR=0xCBBCE895 )
(       libmtguard.so[0xCBBCB000])[02 AF       ]0x00003E22:	ADD	R7, SP, #8	;(SP=0x100FFF98 )
(       libmtguard.so[0xCBBCB000])[01 FB 00 F5 ]0x00003E24:	MUL	R5, R1, R0	;(R1=0x00000010 R0=0x00000001 )
(       libmtguard.so[0xCBBCB000])[4D B1       ]0x00003E28:	CBZ	R5, #0XCBBCEE3E	;(R5=0x00000010 )
(       libmtguard.so[0xCBBCB000])[28 46       ]0x00003E2A:	MOV	R0, R5	;(R5=0x00000010 )
(       libmtguard.so[0xCBBCB000])[FE F7 C8 EB ]0x00003E2C:	BLX	#0XCBBCD5C0	;(PC=0xCBBCEE2C )
(       libmtguard.so[0xCBBCB000])[00 C6 8F E2 ]0x000025C0:	ADD	IP, PC, #0, #12	;(PC=0xCBBCD5C0 )
(       libmtguard.so[0xCBBCB000])[3D CA 8C E2 ]0x000025C4:	ADD	IP, IP, #0X3D000	;(IP=0xCBBCD5C8 )
(       libmtguard.so[0xCBBCB000])[04 F9 BC E5 ]0x000025C8:	LDR	PC, [IP, #0X904]!	;(IP=0xCBC0A5C8 )
(       libmtguard.so[0xCBBCB000])[04 46       ]0x00003E30:	MOV	R4, R0	;(R0=0x300459F8 )
(       libmtguard.so[0xCBBCB000])[24 B1       ]0x00003E32:	CBZ	R4, #0XCBBCEE3E	;(R4=0x300459F8 )
(       libmtguard.so[0xCBBCB000])[20 46       ]0x00003E34:	MOV	R0, R4	;(R4=0x300459F8 )
(       libmtguard.so[0xCBBCB000])[29 46       ]0x00003E36:	MOV	R1, R5	;(R5=0x00000010 )
(       libmtguard.so[0xCBBCB000])[FE F7 CE EB ]0x00003E38:	BLX	#0XCBBCD5D8	;(PC=0xCBBCEE38 )
(       libmtguard.so[0xCBBCB000])[00 C6 8F E2 ]0x000025D8:	ADD	IP, PC, #0, #12	;(PC=0xCBBCD5D8 )
(       libmtguard.so[0xCBBCB000])[3D CA 8C E2 ]0x000025DC:	ADD	IP, IP, #0X3D000	;(IP=0xCBBCD5E0 )
(       libmtguard.so[0xCBBCB000])[F4 F8 BC E5 ]0x000025E0:	LDR	PC, [IP, #0X8F4]!	;(IP=0xCBC0A5E0 )
(       libmtguard.so[0xCBBCB000])[00 E0       ]0x00003E3C:	B	#0XCBBCEE40
(       libmtguard.so[0xCBBCB000])[20 46       ]0x00003E40:	MOV	R0, R4	;(R4=0x300459F8 )
(       libmtguard.so[0xCBBCB000])[B0 BD       ]0x00003E42:	POP	{R4, R5, R7, PC}	;(SP=0x100FFF98 )
(       libmtguard.so[0xCBBCB000])[04 46       ]0x00003894:	MOV	R4, R0	;(R0=0x300459F8 )
(       libmtguard.so[0xCBBCB000])[94 B1       ]0x00003896:	CBZ	R4, #0XCBBCE8BE	;(R4=0x300459F8 )
(       libmtguard.so[0xCBBCB000])[0B 20       ]0x00003898:	MOVS	R0, #0XB
(       libmtguard.so[0xCBBCB000])[C4 E9 00 66 ]0x0000389A:	STRD	R6, R6, [R4]	;(R6=0x00000000 R4=0x300459F8 )
(       libmtguard.so[0xCBBCB000])[C4 E9 02 05 ]0x0000389E:	STRD	R0, R5, [R4, #8]	;(R0=0x0000000B R5=0xCBBCFE51 R4=0x300459F8 )
(       libmtguard.so[0xCBBCB000])[04 20       ]0x000038A2:	MOVS	R0, #4
(       libmtguard.so[0xCBBCB000])[0B 21       ]0x000038A4:	MOVS	R1, #0XB
(       libmtguard.so[0xCBBCB000])[00 22       ]0x000038A6:	MOVS	R2, #0
(       libmtguard.so[0xCBBCB000])[00 23       ]0x000038A8:	MOVS	R3, #0
(       libmtguard.so[0xCBBCB000])[00 F0 B9 FA ]0x000038AA:	BL	#0XCBBCEE20	;(PC=0xCBBCE8AA )
(       libmtguard.so[0xCBBCB000])[B0 B5       ]0x00003E20:	PUSH	{R4, R5, R7, LR}	;(SP=0x100FFFA8 R4=0x300459F8 R5=0xCBBCFE51 R7=0x100FFFB8 LR=0xCBBCE8AF )
(       libmtguard.so[0xCBBCB000])[02 AF       ]0x00003E22:	ADD	R7, SP, #8	;(SP=0x100FFF98 )
(       libmtguard.so[0xCBBCB000])[01 FB 00 F5 ]0x00003E24:	MUL	R5, R1, R0	;(R1=0x0000000B R0=0x00000004 )
(       libmtguard.so[0xCBBCB000])[4D B1       ]0x00003E28:	CBZ	R5, #0XCBBCEE3E	;(R5=0x0000002C )
(       libmtguard.so[0xCBBCB000])[28 46       ]0x00003E2A:	MOV	R0, R5	;(R5=0x0000002C )
(       libmtguard.so[0xCBBCB000])[FE F7 C8 EB ]0x00003E2C:	BLX	#0XCBBCD5C0	;(PC=0xCBBCEE2C )
(       libmtguard.so[0xCBBCB000])[00 C6 8F E2 ]0x000025C0:	ADD	IP, PC, #0, #12	;(PC=0xCBBCD5C0 )
(       libmtguard.so[0xCBBCB000])[3D CA 8C E2 ]0x000025C4:	ADD	IP, IP, #0X3D000	;(IP=0xCBBCD5C8 )
(       libmtguard.so[0xCBBCB000])[04 F9 BC E5 ]0x000025C8:	LDR	PC, [IP, #0X904]!	;(IP=0xCBC0A5C8 )
(       libmtguard.so[0xCBBCB000])[04 46       ]0x00003E30:	MOV	R4, R0	;(R0=0x30045A10 )
(       libmtguard.so[0xCBBCB000])[24 B1       ]0x00003E32:	CBZ	R4, #0XCBBCEE3E	;(R4=0x30045A10 )
(       libmtguard.so[0xCBBCB000])[20 46       ]0x00003E34:	MOV	R0, R4	;(R4=0x30045A10 )
(       libmtguard.so[0xCBBCB000])[29 46       ]0x00003E36:	MOV	R1, R5	;(R5=0x0000002C )
(       libmtguard.so[0xCBBCB000])[FE F7 CE EB ]0x00003E38:	BLX	#0XCBBCD5D8	;(PC=0xCBBCEE38 )
(       libmtguard.so[0xCBBCB000])[00 C6 8F E2 ]0x000025D8:	ADD	IP, PC, #0, #12	;(PC=0xCBBCD5D8 )
(       libmtguard.so[0xCBBCB000])[3D CA 8C E2 ]0x000025DC:	ADD	IP, IP, #0X3D000	;(IP=0xCBBCD5E0 )
(       libmtguard.so[0xCBBCB000])[F4 F8 BC E5 ]0x000025E0:	LDR	PC, [IP, #0X8F4]!	;(IP=0xCBC0A5E0 )
(       libmtguard.so[0xCBBCB000])[00 E0       ]0x00003E3C:	B	#0XCBBCEE40
(       libmtguard.so[0xCBBCB000])[20 46       ]0x00003E40:	MOV	R0, R4	;(R4=0x30045A10 )
(       libmtguard.so[0xCBBCB000])[B0 BD       ]0x00003E42:	POP	{R4, R5, R7, PC}	;(SP=0x100FFF98 )
(       libmtguard.so[0xCBBCB000])[00 28       ]0x000038AE:	CMP	R0, #0	;(R0=0x30045A10 )
(       libmtguard.so[0xCBBCB000])[20 60       ]0x000038B0:	STR	R0, [R4]	;(R0=0x30045A10 R4=0x300459F8 )
(       libmtguard.so[0xCBBCB000])[05 D1       ]0x000038B2:	BNE	#0XCBBCE8C0
(       libmtguard.so[0xCBBCB000])[20 46       ]0x000038C0:	MOV	R0, R4	;(R4=0x300459F8 )
(       libmtguard.so[0xCBBCB000])[5D F8 04 BB ]0x000038C2:	LDR	FP, [SP], #4	;(SP=0x100FFFA8 )
(       libmtguard.so[0xCBBCB000])[F0 BD       ]0x000038C6:	POP	{R4, R5, R6, R7, PC}	;(SP=0x100FFFAC )
(       libmtguard.so[0xCBBCB000])[01 36       ]0x0000CE08:	ADDS	R6, #1	;(R6=0x00000093 )
(       libmtguard.so[0xCBBCB000])[60 60       ]0x0000CE0A:	STR	R0, [R4, #4]	;(R0=0x300459F8 R4=0xCBC0D52C )
(       libmtguard.so[0xCBBCB000])[B6 F5 7C 7F ]0x0000CE0C:	CMP.W	R6, #0X3F0	;(R6=0x00000094 )
(       libmtguard.so[0xCBBCB000])[F3 D1       ]0x0000CE10:	BNE	#0XCBBD7DFA
(       libmtguard.so[0xCBBCB000])[48 46       ]0x0000CDFA:	MOV	R0, SB	;(SB=0xCBBCFE51 )
(       libmtguard.so[0xCBBCB000])[45 F8 36 80 ]0x0000CDFC:	STR.W	R8, [R5, R6, LSL #3]	;(R8=0xFFFFFFFF R5=0xCBC0D094 R6=0x00000094 )
(       libmtguard.so[0xCBBCB000])[05 EB C6 04 ]0x0000CE00:	ADD.W	R4, R5, R6, LSL #3	;(R5=0xCBC0D094 R6=0x00000094 )
(       libmtguard.so[0xCBBCB000])[F6 F7 3A FD ]0x0000CE04:	BL	#0XCBBCE87C	;(PC=0xCBBD7E04 )
(       libmtguard.so[0xCBBCB000])[F0 B5       ]0x0000387C:	PUSH	{R4, R5, R6, R7, LR}	;(SP=0x100FFFC0 R4=0xCBC0D534 R5=0xCBC0D094 R6=0x00000094 R7=0x100FFFE0 LR=0xCBBD7E09 )
(       libmtguard.so[0xCBBCB000])[03 AF       ]0x0000387E:	ADD	R7, SP, #0XC	;(SP=0x100FFFAC )
(       libmtguard.so[0xCBBCB000])[4D F8 04 BD ]0x00003880:	STR	FP, [SP, #-0X4]!	;(FP=0xCBC0B1C4 SP=0x100FFFAC )
(       libmtguard.so[0xCBBCB000])[05 46       ]0x00003884:	MOV	R5, R0	;(R0=0xCBBCFE51 )
(       libmtguard.so[0xCBBCB000])[01 20       ]0x00003886:	MOVS	R0, #1
(       libmtguard.so[0xCBBCB000])[10 21       ]0x00003888:	MOVS	R1, #0X10
(       libmtguard.so[0xCBBCB000])[00 22       ]0x0000388A:	MOVS	R2, #0
(       libmtguard.so[0xCBBCB000])[00 23       ]0x0000388C:	MOVS	R3, #0
(       libmtguard.so[0xCBBCB000])[00 26       ]0x0000388E:	MOVS	R6, #0
(       libmtguard.so[0xCBBCB000])[00 F0 C6 FA ]0x00003890:	BL	#0XCBBCEE20	;(PC=0xCBBCE890 )
(       libmtguard.so[0xCBBCB000])[B0 B5       ]0x00003E20:	PUSH	{R4, R5, R7, LR}	;(SP=0x100FFFA8 R4=0xCBC0D534 R5=0xCBBCFE51 R7=0x100FFFB8 LR=0xCBBCE895 )
(       libmtguard.so[0xCBBCB000])[02 AF       ]0x00003E22:	ADD	R7, SP, #8	;(SP=0x100FFF98 )
(       libmtguard.so[0xCBBCB000])[01 FB 00 F5 ]0x00003E24:	MUL	R5, R1, R0	;(R1=0x00000010 R0=0x00000001 )
(       libmtguard.so[0xCBBCB000])[4D B1       ]0x00003E28:	CBZ	R5, #0XCBBCEE3E	;(R5=0x00000010 )
(       libmtguard.so[0xCBBCB000])[28 46       ]0x00003E2A:	MOV	R0, R5	;(R5=0x00000010 )
(       libmtguard.so[0xCBBCB000])[FE F7 C8 EB ]0x00003E2C:	BLX	#0XCBBCD5C0	;(PC=0xCBBCEE2C )
(       libmtguard.so[0xCBBCB000])[00 C6 8F E2 ]0x000025C0:	ADD	IP, PC, #0, #12	;(PC=0xCBBCD5C0 )
(       libmtguard.so[0xCBBCB000])[3D CA 8C E2 ]0x000025C4:	ADD	IP, IP, #0X3D000	;(IP=0xCBBCD5C8 )
(       libmtguard.so[0xCBBCB000])[04 F9 BC E5 ]0x000025C8:	LDR	PC, [IP, #0X904]!	;(IP=0xCBC0A5C8 )
(       libmtguard.so[0xCBBCB000])[04 46       ]0x00003E30:	MOV	R4, R0	;(R0=0x30045A40 )
(       libmtguard.so[0xCBBCB000])[24 B1       ]0x00003E32:	CBZ	R4, #0XCBBCEE3E	;(R4=0x30045A40 )
(       libmtguard.so[0xCBBCB000])[20 46       ]0x00003E34:	MOV	R0, R4	;(R4=0x30045A40 )
(       libmtguard.so[0xCBBCB000])[29 46       ]0x00003E36:	MOV	R1, R5	;(R5=0x00000010 )
(       libmtguard.so[0xCBBCB000])[FE F7 CE EB ]0x00003E38:	BLX	#0XCBBCD5D8	;(PC=0xCBBCEE38 )
(       libmtguard.so[0xCBBCB000])[00 C6 8F E2 ]0x000025D8:	ADD	IP, PC, #0, #12	;(PC=0xCBBCD5D8 )
(       libmtguard.so[0xCBBCB000])[3D CA 8C E2 ]0x000025DC:	ADD	IP, IP, #0X3D000	;(IP=0xCBBCD5E0 )
(       libmtguard.so[0xCBBCB000])[F4 F8 BC E5 ]0x000025E0:	LDR	PC, [IP, #0X8F4]!	;(IP=0xCBC0A5E0 )
(       libmtguard.so[0xCBBCB000])[00 E0       ]0x00003E3C:	B	#0XCBBCEE40
(       libmtguard.so[0xCBBCB000])[20 46       ]0x00003E40:	MOV	R0, R4	;(R4=0x30045A40 )
(       libmtguard.so[0xCBBCB000])[B0 BD       ]0x00003E42:	POP	{R4, R5, R7, PC}	;(SP=0x100FFF98 )
(       libmtguard.so[0xCBBCB000])[04 46       ]0x00003894:	MOV	R4, R0	;(R0=0x30045A40 )
(       libmtguard.so[0xCBBCB000])[94 B1       ]0x00003896:	CBZ	R4, #0XCBBCE8BE	;(R4=0x30045A40 )
(       libmtguard.so[0xCBBCB000])[0B 20       ]0x00003898:	MOVS	R0, #0XB
(       libmtguard.so[0xCBBCB000])[C4 E9 00 66 ]0x0000389A:	STRD	R6, R6, [R4]	;(R6=0x00000000 R4=0x30045A40 )
(       libmtguard.so[0xCBBCB000])[C4 E9 02 05 ]0x0000389E:	STRD	R0, R5, [R4, #8]	;(R0=0x0000000B R5=0xCBBCFE51 R4=0x30045A40 )
(       libmtguard.so[0xCBBCB000])[04 20       ]0x000038A2:	MOVS	R0, #4
(       libmtguard.so[0xCBBCB000])[0B 21       ]0x000038A4:	MOVS	R1, #0XB
(       libmtguard.so[0xCBBCB000])[00 22       ]0x000038A6:	MOVS	R2, #0
(       libmtguard.so[0xCBBCB000])[00 23       ]0x000038A8:	MOVS	R3, #0
(       libmtguard.so[0xCBBCB000])[00 F0 B9 FA ]0x000038AA:	BL	#0XCBBCEE20	;(PC=0xCBBCE8AA )
(       libmtguard.so[0xCBBCB000])[B0 B5       ]0x00003E20:	PUSH	{R4, R5, R7, LR}	;(SP=0x100FFFA8 R4=0x30045A40 R5=0xCBBCFE51 R7=0x100FFFB8 LR=0xCBBCE8AF )
(       libmtguard.so[0xCBBCB000])[02 AF       ]0x00003E22:	ADD	R7, SP, #8	;(SP=0x100FFF98 )
(       libmtguard.so[0xCBBCB000])[01 FB 00 F5 ]0x00003E24:	MUL	R5, R1, R0	;(R1=0x0000000B R0=0x00000004 )
(       libmtguard.so[0xCBBCB000])[4D B1       ]0x00003E28:	CBZ	R5, #0XCBBCEE3E	;(R5=0x0000002C )
(       libmtguard.so[0xCBBCB000])[28 46       ]0x00003E2A:	MOV	R0, R5	;(R5=0x0000002C )
(       libmtguard.so[0xCBBCB000])[FE F7 C8 EB ]0x00003E2C:	BLX	#0XCBBCD5C0	;(PC=0xCBBCEE2C )
(       libmtguard.so[0xCBBCB000])[00 C6 8F E2 ]0x000025C0:	ADD	IP, PC, #0, #12	;(PC=0xCBBCD5C0 )
(       libmtguard.so[0xCBBCB000])[3D CA 8C E2 ]0x000025C4:	ADD	IP, IP, #0X3D000	;(IP=0xCBBCD5C8 )
(       libmtguard.so[0xCBBCB000])[04 F9 BC E5 ]0x000025C8:	LDR	PC, [IP, #0X904]!	;(IP=0xCBC0A5C8 )
(       libmtguard.so[0xCBBCB000])[04 46       ]0x00003E30:	MOV	R4, R0	;(R0=0x30045A58 )
(       libmtguard.so[0xCBBCB000])[24 B1       ]0x00003E32:	CBZ	R4, #0XCBBCEE3E	;(R4=0x30045A58 )
(       libmtguard.so[0xCBBCB000])[20 46       ]0x00003E34:	MOV	R0, R4	;(R4=0x30045A58 )
(       libmtguard.so[0xCBBCB000])[29 46       ]0x00003E36:	MOV	R1, R5	;(R5=0x0000002C )
(       libmtguard.so[0xCBBCB000])[FE F7 CE EB ]0x00003E38:	BLX	#0XCBBCD5D8	;(PC=0xCBBCEE38 )
(       libmtguard.so[0xCBBCB000])[00 C6 8F E2 ]0x000025D8:	ADD	IP, PC, #0, #12	;(PC=0xCBBCD5D8 )
(       libmtguard.so[0xCBBCB000])[3D CA 8C E2 ]0x000025DC:	ADD	IP, IP, #0X3D000	;(IP=0xCBBCD5E0 )
(       libmtguard.so[0xCBBCB000])[F4 F8 BC E5 ]0x000025E0:	LDR	PC, [IP, #0X8F4]!	;(IP=0xCBC0A5E0 )
(       libmtguard.so[0xCBBCB000])[00 E0       ]0x00003E3C:	B	#0XCBBCEE40
(       libmtguard.so[0xCBBCB000])[20 46       ]0x00003E40:	MOV	R0, R4	;(R4=0x30045A58 )
(       libmtguard.so[0xCBBCB000])[B0 BD       ]0x00003E42:	POP	{R4, R5, R7, PC}	;(SP=0x100FFF98 )
(       libmtguard.so[0xCBBCB000])[00 28       ]0x000038AE:	CMP	R0, #0	;(R0=0x30045A58 )
(       libmtguard.so[0xCBBCB000])[20 60       ]0x000038B0:	STR	R0, [R4]	;(R0=0x30045A58 R4=0x30045A40 )
(       libmtguard.so[0xCBBCB000])[05 D1       ]0x000038B2:	BNE	#0XCBBCE8C0
(       libmtguard.so[0xCBBCB000])[20 46       ]0x000038C0:	MOV	R0, R4	;(R4=0x30045A40 )
(       libmtguard.so[0xCBBCB000])[5D F8 04 BB ]0x000038C2:	LDR	FP, [SP], #4	;(SP=0x100FFFA8 )
(       libmtguard.so[0xCBBCB000])[F0 BD       ]0x000038C6:	POP	{R4, R5, R6, R7, PC}	;(SP=0x100FFFAC )
(       libmtguard.so[0xCBBCB000])[01 36       ]0x0000CE08:	ADDS	R6, #1	;(R6=0x00000094 )
(       libmtguard.so[0xCBBCB000])[60 60       ]0x0000CE0A:	STR	R0, [R4, #4]	;(R0=0x30045A40 R4=0xCBC0D534 )
(       libmtguard.so[0xCBBCB000])[B6 F5 7C 7F ]0x0000CE0C:	CMP.W	R6, #0X3F0	;(R6=0x00000095 )
(       libmtguard.so[0xCBBCB000])[F3 D1       ]0x0000CE10:	BNE	#0XCBBD7DFA
(       libmtguard.so[0xCBBCB000])[48 46       ]0x0000CDFA:	MOV	R0, SB	;(SB=0xCBBCFE51 )
(       libmtguard.so[0xCBBCB000])[45 F8 36 80 ]0x0000CDFC:	STR.W	R8, [R5, R6, LSL #3]	;(R8=0xFFFFFFFF R5=0xCBC0D094 R6=0x00000095 )
(       libmtguard.so[0xCBBCB000])[05 EB C6 04 ]0x0000CE00:	ADD.W	R4, R5, R6, LSL #3	;(R5=0xCBC0D094 R6=0x00000095 )
(       libmtguard.so[0xCBBCB000])[F6 F7 3A FD ]0x0000CE04:	BL	#0XCBBCE87C	;(PC=0xCBBD7E04 )
(       libmtguard.so[0xCBBCB000])[F0 B5       ]0x0000387C:	PUSH	{R4, R5, R6, R7, LR}	;(SP=0x100FFFC0 R4=0xCBC0D53C R5=0xCBC0D094 R6=0x00000095 R7=0x100FFFE0 LR=0xCBBD7E09 )
(       libmtguard.so[0xCBBCB000])[03 AF       ]0x0000387E:	ADD	R7, SP, #0XC	;(SP=0x100FFFAC )
(       libmtguard.so[0xCBBCB000])[4D F8 04 BD ]0x00003880:	STR	FP, [SP, #-0X4]!	;(FP=0xCBC0B1C4 SP=0x100FFFAC )
(       libmtguard.so[0xCBBCB000])[05 46       ]0x00003884:	MOV	R5, R0	;(R0=0xCBBCFE51 )
(       libmtguard.so[0xCBBCB000])[01 20       ]0x00003886:	MOVS	R0, #1
(       libmtguard.so[0xCBBCB000])[10 21       ]0x00003888:	MOVS	R1, #0X10
(       libmtguard.so[0xCBBCB000])[00 22       ]0x0000388A:	MOVS	R2, #0
(       libmtguard.so[0xCBBCB000])[00 23       ]0x0000388C:	MOVS	R3, #0
(       libmtguard.so[0xCBBCB000])[00 26       ]0x0000388E:	MOVS	R6, #0
(       libmtguard.so[0xCBBCB000])[00 F0 C6 FA ]0x00003890:	BL	#0XCBBCEE20	;(PC=0xCBBCE890 )
(       libmtguard.so[0xCBBCB000])[B0 B5       ]0x00003E20:	PUSH	{R4, R5, R7, LR}	;(SP=0x100FFFA8 R4=0xCBC0D53C R5=0xCBBCFE51 R7=0x100FFFB8 LR=0xCBBCE895 )
(       libmtguard.so[0xCBBCB000])[02 AF       ]0x00003E22:	ADD	R7, SP, #8	;(SP=0x100FFF98 )
(       libmtguard.so[0xCBBCB000])[01 FB 00 F5 ]0x00003E24:	MUL	R5, R1, R0	;(R1=0x00000010 R0=0x00000001 )
(       libmtguard.so[0xCBBCB000])[4D B1       ]0x00003E28:	CBZ	R5, #0XCBBCEE3E	;(R5=0x00000010 )
(       libmtguard.so[0xCBBCB000])[28 46       ]0x00003E2A:	MOV	R0, R5	;(R5=0x00000010 )
(       libmtguard.so[0xCBBCB000])[FE F7 C8 EB ]0x00003E2C:	BLX	#0XCBBCD5C0	;(PC=0xCBBCEE2C )
(       libmtguard.so[0xCBBCB000])[00 C6 8F E2 ]0x000025C0:	ADD	IP, PC, #0, #12	;(PC=0xCBBCD5C0 )
(       libmtguard.so[0xCBBCB000])[3D CA 8C E2 ]0x000025C4:	ADD	IP, IP, #0X3D000	;(IP=0xCBBCD5C8 )
(       libmtguard.so[0xCBBCB000])[04 F9 BC E5 ]0x000025C8:	LDR	PC, [IP, #0X904]!	;(IP=0xCBC0A5C8 )
(       libmtguard.so[0xCBBCB000])[04 46       ]0x00003E30:	MOV	R4, R0	;(R0=0x30045A88 )
(       libmtguard.so[0xCBBCB000])[24 B1       ]0x00003E32:	CBZ	R4, #0XCBBCEE3E	;(R4=0x30045A88 )
(       libmtguard.so[0xCBBCB000])[20 46       ]0x00003E34:	MOV	R0, R4	;(R4=0x30045A88 )
(       libmtguard.so[0xCBBCB000])[29 46       ]0x00003E36:	MOV	R1, R5	;(R5=0x00000010 )
(       libmtguard.so[0xCBBCB000])[FE F7 CE EB ]0x00003E38:	BLX	#0XCBBCD5D8	;(PC=0xCBBCEE38 )
(       libmtguard.so[0xCBBCB000])[00 C6 8F E2 ]0x000025D8:	ADD	IP, PC, #0, #12	;(PC=0xCBBCD5D8 )
(       libmtguard.so[0xCBBCB000])[3D CA 8C E2 ]0x000025DC:	ADD	IP, IP, #0X3D000	;(IP=0xCBBCD5E0 )
(       libmtguard.so[0xCBBCB000])[F4 F8 BC E5 ]0x000025E0:	LDR	PC, [IP, #0X8F4]!	;(IP=0xCBC0A5E0 )
(       libmtguard.so[0xCBBCB000])[00 E0       ]0x00003E3C:	B	#0XCBBCEE40
(       libmtguard.so[0xCBBCB000])[20 46       ]0x00003E40:	MOV	R0, R4	;(R4=0x30045A88 )
(       libmtguard.so[0xCBBCB000])[B0 BD       ]0x00003E42:	POP	{R4, R5, R7, PC}	;(SP=0x100FFF98 )
(       libmtguard.so[0xCBBCB000])[04 46       ]0x00003894:	MOV	R4, R0	;(R0=0x30045A88 )
(       libmtguard.so[0xCBBCB000])[94 B1       ]0x00003896:	CBZ	R4, #0XCBBCE8BE	;(R4=0x30045A88 )
(       libmtguard.so[0xCBBCB000])[0B 20       ]0x00003898:	MOVS	R0, #0XB
(       libmtguard.so[0xCBBCB000])[C4 E9 00 66 ]0x0000389A:	STRD	R6, R6, [R4]	;(R6=0x00000000 R4=0x30045A88 )
(       libmtguard.so[0xCBBCB000])[C4 E9 02 05 ]0x0000389E:	STRD	R0, R5, [R4, #8]	;(R0=0x0000000B R5=0xCBBCFE51 R4=0x30045A88 )
(       libmtguard.so[0xCBBCB000])[04 20       ]0x000038A2:	MOVS	R0, #4
(       libmtguard.so[0xCBBCB000])[0B 21       ]0x000038A4:	MOVS	R1, #0XB
(       libmtguard.so[0xCBBCB000])[00 22       ]0x000038A6:	MOVS	R2, #0
(       libmtguard.so[0xCBBCB000])[00 23       ]0x000038A8:	MOVS	R3, #0
(       libmtguard.so[0xCBBCB000])[00 F0 B9 FA ]0x000038AA:	BL	#0XCBBCEE20	;(PC=0xCBBCE8AA )
(       libmtguard.so[0xCBBCB000])[B0 B5       ]0x00003E20:	PUSH	{R4, R5, R7, LR}	;(SP=0x100FFFA8 R4=0x30045A88 R5=0xCBBCFE51 R7=0x100FFFB8 LR=0xCBBCE8AF )
(       libmtguard.so[0xCBBCB000])[02 AF       ]0x00003E22:	ADD	R7, SP, #8	;(SP=0x100FFF98 )
(       libmtguard.so[0xCBBCB000])[01 FB 00 F5 ]0x00003E24:	MUL	R5, R1, R0	;(R1=0x0000000B R0=0x00000004 )
(       libmtguard.so[0xCBBCB000])[4D B1       ]0x00003E28:	CBZ	R5, #0XCBBCEE3E	;(R5=0x0000002C )
(       libmtguard.so[0xCBBCB000])[28 46       ]0x00003E2A:	MOV	R0, R5	;(R5=0x0000002C )
(       libmtguard.so[0xCBBCB000])[FE F7 C8 EB ]0x00003E2C:	BLX	#0XCBBCD5C0	;(PC=0xCBBCEE2C )
(       libmtguard.so[0xCBBCB000])[00 C6 8F E2 ]0x000025C0:	ADD	IP, PC, #0, #12	;(PC=0xCBBCD5C0 )
(       libmtguard.so[0xCBBCB000])[3D CA 8C E2 ]0x000025C4:	ADD	IP, IP, #0X3D000	;(IP=0xCBBCD5C8 )
(       libmtguard.so[0xCBBCB000])[04 F9 BC E5 ]0x000025C8:	LDR	PC, [IP, #0X904]!	;(IP=0xCBC0A5C8 )
(       libmtguard.so[0xCBBCB000])[04 46       ]0x00003E30:	MOV	R4, R0	;(R0=0x30045AA0 )
(       libmtguard.so[0xCBBCB000])[24 B1       ]0x00003E32:	CBZ	R4, #0XCBBCEE3E	;(R4=0x30045AA0 )
(       libmtguard.so[0xCBBCB000])[20 46       ]0x00003E34:	MOV	R0, R4	;(R4=0x30045AA0 )
(       libmtguard.so[0xCBBCB000])[29 46       ]0x00003E36:	MOV	R1, R5	;(R5=0x0000002C )
(       libmtguard.so[0xCBBCB000])[FE F7 CE EB ]0x00003E38:	BLX	#0XCBBCD5D8	;(PC=0xCBBCEE38 )
(       libmtguard.so[0xCBBCB000])[00 C6 8F E2 ]0x000025D8:	ADD	IP, PC, #0, #12	;(PC=0xCBBCD5D8 )
(       libmtguard.so[0xCBBCB000])[3D CA 8C E2 ]0x000025DC:	ADD	IP, IP, #0X3D000	;(IP=0xCBBCD5E0 )
(       libmtguard.so[0xCBBCB000])[F4 F8 BC E5 ]0x000025E0:	LDR	PC, [IP, #0X8F4]!	;(IP=0xCBC0A5E0 )
(       libmtguard.so[0xCBBCB000])[00 E0       ]0x00003E3C:	B	#0XCBBCEE40
(       libmtguard.so[0xCBBCB000])[20 46       ]0x00003E40:	MOV	R0, R4	;(R4=0x30045AA0 )
(       libmtguard.so[0xCBBCB000])[B0 BD       ]0x00003E42:	POP	{R4, R5, R7, PC}	;(SP=0x100FFF98 )
(       libmtguard.so[0xCBBCB000])[00 28       ]0x000038AE:	CMP	R0, #0	;(R0=0x30045AA0 )
(       libmtguard.so[0xCBBCB000])[20 60       ]0x000038B0:	STR	R0, [R4]	;(R0=0x30045AA0 R4=0x30045A88 )
(       libmtguard.so[0xCBBCB000])[05 D1       ]0x000038B2:	BNE	#0XCBBCE8C0
(       libmtguard.so[0xCBBCB000])[20 46       ]0x000038C0:	MOV	R0, R4	;(R4=0x30045A88 )
(       libmtguard.so[0xCBBCB000])[5D F8 04 BB ]0x000038C2:	LDR	FP, [SP], #4	;(SP=0x100FFFA8 )
(       libmtguard.so[0xCBBCB000])[F0 BD       ]0x000038C6:	POP	{R4, R5, R6, R7, PC}	;(SP=0x100FFFAC )
(       libmtguard.so[0xCBBCB000])[01 36       ]0x0000CE08:	ADDS	R6, #1	;(R6=0x00000095 )
(       libmtguard.so[0xCBBCB000])[60 60       ]0x0000CE0A:	STR	R0, [R4, #4]	;(R0=0x30045A88 R4=0xCBC0D53C )
(       libmtguard.so[0xCBBCB000])[B6 F5 7C 7F ]0x0000CE0C:	CMP.W	R6, #0X3F0	;(R6=0x00000096 )
(       libmtguard.so[0xCBBCB000])[F3 D1       ]0x0000CE10:	BNE	#0XCBBD7DFA
(       libmtguard.so[0xCBBCB000])[48 46       ]0x0000CDFA:	MOV	R0, SB	;(SB=0xCBBCFE51 )
(       libmtguard.so[0xCBBCB000])[45 F8 36 80 ]0x0000CDFC:	STR.W	R8, [R5, R6, LSL #3]	;(R8=0xFFFFFFFF R5=0xCBC0D094 R6=0x00000096 )
(       libmtguard.so[0xCBBCB000])[05 EB C6 04 ]0x0000CE00:	ADD.W	R4, R5, R6, LSL #3	;(R5=0xCBC0D094 R6=0x00000096 )
(       libmtguard.so[0xCBBCB000])[F6 F7 3A FD ]0x0000CE04:	BL	#0XCBBCE87C	;(PC=0xCBBD7E04 )
(       libmtguard.so[0xCBBCB000])[F0 B5       ]0x0000387C:	PUSH	{R4, R5, R6, R7, LR}	;(SP=0x100FFFC0 R4=0xCBC0D544 R5=0xCBC0D094 R6=0x00000096 R7=0x100FFFE0 LR=0xCBBD7E09 )
(       libmtguard.so[0xCBBCB000])[03 AF       ]0x0000387E:	ADD	R7, SP, #0XC	;(SP=0x100FFFAC )
(       libmtguard.so[0xCBBCB000])[4D F8 04 BD ]0x00003880:	STR	FP, [SP, #-0X4]!	;(FP=0xCBC0B1C4 SP=0x100FFFAC )
(       libmtguard.so[0xCBBCB000])[05 46       ]0x00003884:	MOV	R5, R0	;(R0=0xCBBCFE51 )
(       libmtguard.so[0xCBBCB000])[01 20       ]0x00003886:	MOVS	R0, #1
(       libmtguard.so[0xCBBCB000])[10 21       ]0x00003888:	MOVS	R1, #0X10
(       libmtguard.so[0xCBBCB000])[00 22       ]0x0000388A:	MOVS	R2, #0
(       libmtguard.so[0xCBBCB000])[00 23       ]0x0000388C:	MOVS	R3, #0
(       libmtguard.so[0xCBBCB000])[00 26       ]0x0000388E:	MOVS	R6, #0
(       libmtguard.so[0xCBBCB000])[00 F0 C6 FA ]0x00003890:	BL	#0XCBBCEE20	;(PC=0xCBBCE890 )
(       libmtguard.so[0xCBBCB000])[B0 B5       ]0x00003E20:	PUSH	{R4, R5, R7, LR}	;(SP=0x100FFFA8 R4=0xCBC0D544 R5=0xCBBCFE51 R7=0x100FFFB8 LR=0xCBBCE895 )
(       libmtguard.so[0xCBBCB000])[02 AF       ]0x00003E22:	ADD	R7, SP, #8	;(SP=0x100FFF98 )
(       libmtguard.so[0xCBBCB000])[01 FB 00 F5 ]0x00003E24:	MUL	R5, R1, R0	;(R1=0x00000010 R0=0x00000001 )
(       libmtguard.so[0xCBBCB000])[4D B1       ]0x00003E28:	CBZ	R5, #0XCBBCEE3E	;(R5=0x00000010 )
(       libmtguard.so[0xCBBCB000])[28 46       ]0x00003E2A:	MOV	R0, R5	;(R5=0x00000010 )
(       libmtguard.so[0xCBBCB000])[FE F7 C8 EB ]0x00003E2C:	BLX	#0XCBBCD5C0	;(PC=0xCBBCEE2C )
(       libmtguard.so[0xCBBCB000])[00 C6 8F E2 ]0x000025C0:	ADD	IP, PC, #0, #12	;(PC=0xCBBCD5C0 )
(       libmtguard.so[0xCBBCB000])[3D CA 8C E2 ]0x000025C4:	ADD	IP, IP, #0X3D000	;(IP=0xCBBCD5C8 )
(       libmtguard.so[0xCBBCB000])[04 F9 BC E5 ]0x000025C8:	LDR	PC, [IP, #0X904]!	;(IP=0xCBC0A5C8 )
(       libmtguard.so[0xCBBCB000])[04 46       ]0x00003E30:	MOV	R4, R0	;(R0=0x30045AD0 )
(       libmtguard.so[0xCBBCB000])[24 B1       ]0x00003E32:	CBZ	R4, #0XCBBCEE3E	;(R4=0x30045AD0 )
(       libmtguard.so[0xCBBCB000])[20 46       ]0x00003E34:	MOV	R0, R4	;(R4=0x30045AD0 )
(       libmtguard.so[0xCBBCB000])[29 46       ]0x00003E36:	MOV	R1, R5	;(R5=0x00000010 )
(       libmtguard.so[0xCBBCB000])[FE F7 CE EB ]0x00003E38:	BLX	#0XCBBCD5D8	;(PC=0xCBBCEE38 )
(       libmtguard.so[0xCBBCB000])[00 C6 8F E2 ]0x000025D8:	ADD	IP, PC, #0, #12	;(PC=0xCBBCD5D8 )
(       libmtguard.so[0xCBBCB000])[3D CA 8C E2 ]0x000025DC:	ADD	IP, IP, #0X3D000	;(IP=0xCBBCD5E0 )
(       libmtguard.so[0xCBBCB000])[F4 F8 BC E5 ]0x000025E0:	LDR	PC, [IP, #0X8F4]!	;(IP=0xCBC0A5E0 )
(       libmtguard.so[0xCBBCB000])[00 E0       ]0x00003E3C:	B	#0XCBBCEE40
(       libmtguard.so[0xCBBCB000])[20 46       ]0x00003E40:	MOV	R0, R4	;(R4=0x30045AD0 )
(       libmtguard.so[0xCBBCB000])[B0 BD       ]0x00003E42:	POP	{R4, R5, R7, PC}	;(SP=0x100FFF98 )
(       libmtguard.so[0xCBBCB000])[04 46       ]0x00003894:	MOV	R4, R0	;(R0=0x30045AD0 )
(       libmtguard.so[0xCBBCB000])[94 B1       ]0x00003896:	CBZ	R4, #0XCBBCE8BE	;(R4=0x30045AD0 )
(       libmtguard.so[0xCBBCB000])[0B 20       ]0x00003898:	MOVS	R0, #0XB
(       libmtguard.so[0xCBBCB000])[C4 E9 00 66 ]0x0000389A:	STRD	R6, R6, [R4]	;(R6=0x00000000 R4=0x30045AD0 )
(       libmtguard.so[0xCBBCB000])[C4 E9 02 05 ]0x0000389E:	STRD	R0, R5, [R4, #8]	;(R0=0x0000000B R5=0xCBBCFE51 R4=0x30045AD0 )
(       libmtguard.so[0xCBBCB000])[04 20       ]0x000038A2:	MOVS	R0, #4
(       libmtguard.so[0xCBBCB000])[0B 21       ]0x000038A4:	MOVS	R1, #0XB
(       libmtguard.so[0xCBBCB000])[00 22       ]0x000038A6:	MOVS	R2, #0
(       libmtguard.so[0xCBBCB000])[00 23       ]0x000038A8:	MOVS	R3, #0
(       libmtguard.so[0xCBBCB000])[00 F0 B9 FA ]0x000038AA:	BL	#0XCBBCEE20	;(PC=0xCBBCE8AA )
(       libmtguard.so[0xCBBCB000])[B0 B5       ]0x00003E20:	PUSH	{R4, R5, R7, LR}	;(SP=0x100FFFA8 R4=0x30045AD0 R5=0xCBBCFE51 R7=0x100FFFB8 LR=0xCBBCE8AF )
(       libmtguard.so[0xCBBCB000])[02 AF       ]0x00003E22:	ADD	R7, SP, #8	;(SP=0x100FFF98 )
(       libmtguard.so[0xCBBCB000])[01 FB 00 F5 ]0x00003E24:	MUL	R5, R1, R0	;(R1=0x0000000B R0=0x00000004 )
(       libmtguard.so[0xCBBCB000])[4D B1       ]0x00003E28:	CBZ	R5, #0XCBBCEE3E	;(R5=0x0000002C )
(       libmtguard.so[0xCBBCB000])[28 46       ]0x00003E2A:	MOV	R0, R5	;(R5=0x0000002C )
(       libmtguard.so[0xCBBCB000])[FE F7 C8 EB ]0x00003E2C:	BLX	#0XCBBCD5C0	;(PC=0xCBBCEE2C )
(       libmtguard.so[0xCBBCB000])[00 C6 8F E2 ]0x000025C0:	ADD	IP, PC, #0, #12	;(PC=0xCBBCD5C0 )
(       libmtguard.so[0xCBBCB000])[3D CA 8C E2 ]0x000025C4:	ADD	IP, IP, #0X3D000	;(IP=0xCBBCD5C8 )
(       libmtguard.so[0xCBBCB000])[04 F9 BC E5 ]0x000025C8:	LDR	PC, [IP, #0X904]!	;(IP=0xCBC0A5C8 )
(       libmtguard.so[0xCBBCB000])[04 46       ]0x00003E30:	MOV	R4, R0	;(R0=0x30045AE8 )
(       libmtguard.so[0xCBBCB000])[24 B1       ]0x00003E32:	CBZ	R4, #0XCBBCEE3E	;(R4=0x30045AE8 )
(       libmtguard.so[0xCBBCB000])[20 46       ]0x00003E34:	MOV	R0, R4	;(R4=0x30045AE8 )
(       libmtguard.so[0xCBBCB000])[29 46       ]0x00003E36:	MOV	R1, R5	;(R5=0x0000002C )
(       libmtguard.so[0xCBBCB000])[FE F7 CE EB ]0x00003E38:	BLX	#0XCBBCD5D8	;(PC=0xCBBCEE38 )
(       libmtguard.so[0xCBBCB000])[00 C6 8F E2 ]0x000025D8:	ADD	IP, PC, #0, #12	;(PC=0xCBBCD5D8 )
(       libmtguard.so[0xCBBCB000])[3D CA 8C E2 ]0x000025DC:	ADD	IP, IP, #0X3D000	;(IP=0xCBBCD5E0 )
(       libmtguard.so[0xCBBCB000])[F4 F8 BC E5 ]0x000025E0:	LDR	PC, [IP, #0X8F4]!	;(IP=0xCBC0A5E0 )
(       libmtguard.so[0xCBBCB000])[00 E0       ]0x00003E3C:	B	#0XCBBCEE40
(       libmtguard.so[0xCBBCB000])[20 46       ]0x00003E40:	MOV	R0, R4	;(R4=0x30045AE8 )
(       libmtguard.so[0xCBBCB000])[B0 BD       ]0x00003E42:	POP	{R4, R5, R7, PC}	;(SP=0x100FFF98 )
(       libmtguard.so[0xCBBCB000])[00 28       ]0x000038AE:	CMP	R0, #0	;(R0=0x30045AE8 )
(       libmtguard.so[0xCBBCB000])[20 60       ]0x000038B0:	STR	R0, [R4]	;(R0=0x30045AE8 R4=0x30045AD0 )
(       libmtguard.so[0xCBBCB000])[05 D1       ]0x000038B2:	BNE	#0XCBBCE8C0
(       libmtguard.so[0xCBBCB000])[20 46       ]0x000038C0:	MOV	R0, R4	;(R4=0x30045AD0 )
(       libmtguard.so[0xCBBCB000])[5D F8 04 BB ]0x000038C2:	LDR	FP, [SP], #4	;(SP=0x100FFFA8 )
(       libmtguard.so[0xCBBCB000])[F0 BD       ]0x000038C6:	POP	{R4, R5, R6, R7, PC}	;(SP=0x100FFFAC )
(       libmtguard.so[0xCBBCB000])[01 36       ]0x0000CE08:	ADDS	R6, #1	;(R6=0x00000096 )
(       libmtguard.so[0xCBBCB000])[60 60       ]0x0000CE0A:	STR	R0, [R4, #4]	;(R0=0x30045AD0 R4=0xCBC0D544 )
(       libmtguard.so[0xCBBCB000])[B6 F5 7C 7F ]0x0000CE0C:	CMP.W	R6, #0X3F0	;(R6=0x00000097 )
(       libmtguard.so[0xCBBCB000])[F3 D1       ]0x0000CE10:	BNE	#0XCBBD7DFA
(       libmtguard.so[0xCBBCB000])[48 46       ]0x0000CDFA:	MOV	R0, SB	;(SB=0xCBBCFE51 )
(       libmtguard.so[0xCBBCB000])[45 F8 36 80 ]0x0000CDFC:	STR.W	R8, [R5, R6, LSL #3]	;(R8=0xFFFFFFFF R5=0xCBC0D094 R6=0x00000097 )
(       libmtguard.so[0xCBBCB000])[05 EB C6 04 ]0x0000CE00:	ADD.W	R4, R5, R6, LSL #3	;(R5=0xCBC0D094 R6=0x00000097 )
(       libmtguard.so[0xCBBCB000])[F6 F7 3A FD ]0x0000CE04:	BL	#0XCBBCE87C	;(PC=0xCBBD7E04 )
(       libmtguard.so[0xCBBCB000])[F0 B5       ]0x0000387C:	PUSH	{R4, R5, R6, R7, LR}	;(SP=0x100FFFC0 R4=0xCBC0D54C R5=0xCBC0D094 R6=0x00000097 R7=0x100FFFE0 LR=0xCBBD7E09 )
(       libmtguard.so[0xCBBCB000])[03 AF       ]0x0000387E:	ADD	R7, SP, #0XC	;(SP=0x100FFFAC )
(       libmtguard.so[0xCBBCB000])[4D F8 04 BD ]0x00003880:	STR	FP, [SP, #-0X4]!	;(FP=0xCBC0B1C4 SP=0x100FFFAC )
(       libmtguard.so[0xCBBCB000])[05 46       ]0x00003884:	MOV	R5, R0	;(R0=0xCBBCFE51 )
(       libmtguard.so[0xCBBCB000])[01 20       ]0x00003886:	MOVS	R0, #1
(       libmtguard.so[0xCBBCB000])[10 21       ]0x00003888:	MOVS	R1, #0X10
(       libmtguard.so[0xCBBCB000])[00 22       ]0x0000388A:	MOVS	R2, #0
(       libmtguard.so[0xCBBCB000])[00 23       ]0x0000388C:	MOVS	R3, #0
(       libmtguard.so[0xCBBCB000])[00 26       ]0x0000388E:	MOVS	R6, #0
(       libmtguard.so[0xCBBCB000])[00 F0 C6 FA ]0x00003890:	BL	#0XCBBCEE20	;(PC=0xCBBCE890 )
(       libmtguard.so[0xCBBCB000])[B0 B5       ]0x00003E20:	PUSH	{R4, R5, R7, LR}	;(SP=0x100FFFA8 R4=0xCBC0D54C R5=0xCBBCFE51 R7=0x100FFFB8 LR=0xCBBCE895 )
(       libmtguard.so[0xCBBCB000])[02 AF       ]0x00003E22:	ADD	R7, SP, #8	;(SP=0x100FFF98 )
(       libmtguard.so[0xCBBCB000])[01 FB 00 F5 ]0x00003E24:	MUL	R5, R1, R0	;(R1=0x00000010 R0=0x00000001 )
(       libmtguard.so[0xCBBCB000])[4D B1       ]0x00003E28:	CBZ	R5, #0XCBBCEE3E	;(R5=0x00000010 )
(       libmtguard.so[0xCBBCB000])[28 46       ]0x00003E2A:	MOV	R0, R5	;(R5=0x00000010 )
(       libmtguard.so[0xCBBCB000])[FE F7 C8 EB ]0x00003E2C:	BLX	#0XCBBCD5C0	;(PC=0xCBBCEE2C )
(       libmtguard.so[0xCBBCB000])[00 C6 8F E2 ]0x000025C0:	ADD	IP, PC, #0, #12	;(PC=0xCBBCD5C0 )
(       libmtguard.so[0xCBBCB000])[3D CA 8C E2 ]0x000025C4:	ADD	IP, IP, #0X3D000	;(IP=0xCBBCD5C8 )
(       libmtguard.so[0xCBBCB000])[04 F9 BC E5 ]0x000025C8:	LDR	PC, [IP, #0X904]!	;(IP=0xCBC0A5C8 )
(       libmtguard.so[0xCBBCB000])[04 46       ]0x00003E30:	MOV	R4, R0	;(R0=0x30045B18 )
(       libmtguard.so[0xCBBCB000])[24 B1       ]0x00003E32:	CBZ	R4, #0XCBBCEE3E	;(R4=0x30045B18 )
(       libmtguard.so[0xCBBCB000])[20 46       ]0x00003E34:	MOV	R0, R4	;(R4=0x30045B18 )
(       libmtguard.so[0xCBBCB000])[29 46       ]0x00003E36:	MOV	R1, R5	;(R5=0x00000010 )
(       libmtguard.so[0xCBBCB000])[FE F7 CE EB ]0x00003E38:	BLX	#0XCBBCD5D8	;(PC=0xCBBCEE38 )
(       libmtguard.so[0xCBBCB000])[00 C6 8F E2 ]0x000025D8:	ADD	IP, PC, #0, #12	;(PC=0xCBBCD5D8 )
(       libmtguard.so[0xCBBCB000])[3D CA 8C E2 ]0x000025DC:	ADD	IP, IP, #0X3D000	;(IP=0xCBBCD5E0 )
(       libmtguard.so[0xCBBCB000])[F4 F8 BC E5 ]0x000025E0:	LDR	PC, [IP, #0X8F4]!	;(IP=0xCBC0A5E0 )
(       libmtguard.so[0xCBBCB000])[00 E0       ]0x00003E3C:	B	#0XCBBCEE40
(       libmtguard.so[0xCBBCB000])[20 46       ]0x00003E40:	MOV	R0, R4	;(R4=0x30045B18 )
(       libmtguard.so[0xCBBCB000])[B0 BD       ]0x00003E42:	POP	{R4, R5, R7, PC}	;(SP=0x100FFF98 )
(       libmtguard.so[0xCBBCB000])[04 46       ]0x00003894:	MOV	R4, R0	;(R0=0x30045B18 )
(       libmtguard.so[0xCBBCB000])[94 B1       ]0x00003896:	CBZ	R4, #0XCBBCE8BE	;(R4=0x30045B18 )
(       libmtguard.so[0xCBBCB000])[0B 20       ]0x00003898:	MOVS	R0, #0XB
(       libmtguard.so[0xCBBCB000])[C4 E9 00 66 ]0x0000389A:	STRD	R6, R6, [R4]	;(R6=0x00000000 R4=0x30045B18 )
(       libmtguard.so[0xCBBCB000])[C4 E9 02 05 ]0x0000389E:	STRD	R0, R5, [R4, #8]	;(R0=0x0000000B R5=0xCBBCFE51 R4=0x30045B18 )
(       libmtguard.so[0xCBBCB000])[04 20       ]0x000038A2:	MOVS	R0, #4
(       libmtguard.so[0xCBBCB000])[0B 21       ]0x000038A4:	MOVS	R1, #0XB
(       libmtguard.so[0xCBBCB000])[00 22       ]0x000038A6:	MOVS	R2, #0
(       libmtguard.so[0xCBBCB000])[00 23       ]0x000038A8:	MOVS	R3, #0
(       libmtguard.so[0xCBBCB000])[00 F0 B9 FA ]0x000038AA:	BL	#0XCBBCEE20	;(PC=0xCBBCE8AA )
(       libmtguard.so[0xCBBCB000])[B0 B5       ]0x00003E20:	PUSH	{R4, R5, R7, LR}	;(SP=0x100FFFA8 R4=0x30045B18 R5=0xCBBCFE51 R7=0x100FFFB8 LR=0xCBBCE8AF )
(       libmtguard.so[0xCBBCB000])[02 AF       ]0x00003E22:	ADD	R7, SP, #8	;(SP=0x100FFF98 )
(       libmtguard.so[0xCBBCB000])[01 FB 00 F5 ]0x00003E24:	MUL	R5, R1, R0	;(R1=0x0000000B R0=0x00000004 )
(       libmtguard.so[0xCBBCB000])[4D B1       ]0x00003E28:	CBZ	R5, #0XCBBCEE3E	;(R5=0x0000002C )
(       libmtguard.so[0xCBBCB000])[28 46       ]0x00003E2A:	MOV	R0, R5	;(R5=0x0000002C )
(       libmtguard.so[0xCBBCB000])[FE F7 C8 EB ]0x00003E2C:	BLX	#0XCBBCD5C0	;(PC=0xCBBCEE2C )
(       libmtguard.so[0xCBBCB000])[00 C6 8F E2 ]0x000025C0:	ADD	IP, PC, #0, #12	;(PC=0xCBBCD5C0 )
(       libmtguard.so[0xCBBCB000])[3D CA 8C E2 ]0x000025C4:	ADD	IP, IP, #0X3D000	;(IP=0xCBBCD5C8 )
(       libmtguard.so[0xCBBCB000])[04 F9 BC E5 ]0x000025C8:	LDR	PC, [IP, #0X904]!	;(IP=0xCBC0A5C8 )
(       libmtguard.so[0xCBBCB000])[04 46       ]0x00003E30:	MOV	R4, R0	;(R0=0x30045B30 )
(       libmtguard.so[0xCBBCB000])[24 B1       ]0x00003E32:	CBZ	R4, #0XCBBCEE3E	;(R4=0x30045B30 )
(       libmtguard.so[0xCBBCB000])[20 46       ]0x00003E34:	MOV	R0, R4	;(R4=0x30045B30 )
(       libmtguard.so[0xCBBCB000])[29 46       ]0x00003E36:	MOV	R1, R5	;(R5=0x0000002C )
(       libmtguard.so[0xCBBCB000])[FE F7 CE EB ]0x00003E38:	BLX	#0XCBBCD5D8	;(PC=0xCBBCEE38 )
(       libmtguard.so[0xCBBCB000])[00 C6 8F E2 ]0x000025D8:	ADD	IP, PC, #0, #12	;(PC=0xCBBCD5D8 )
(       libmtguard.so[0xCBBCB000])[3D CA 8C E2 ]0x000025DC:	ADD	IP, IP, #0X3D000	;(IP=0xCBBCD5E0 )
(       libmtguard.so[0xCBBCB000])[F4 F8 BC E5 ]0x000025E0:	LDR	PC, [IP, #0X8F4]!	;(IP=0xCBC0A5E0 )
(       libmtguard.so[0xCBBCB000])[00 E0       ]0x00003E3C:	B	#0XCBBCEE40
(       libmtguard.so[0xCBBCB000])[20 46       ]0x00003E40:	MOV	R0, R4	;(R4=0x30045B30 )
(       libmtguard.so[0xCBBCB000])[B0 BD       ]0x00003E42:	POP	{R4, R5, R7, PC}	;(SP=0x100FFF98 )
(       libmtguard.so[0xCBBCB000])[00 28       ]0x000038AE:	CMP	R0, #0	;(R0=0x30045B30 )
(       libmtguard.so[0xCBBCB000])[20 60       ]0x000038B0:	STR	R0, [R4]	;(R0=0x30045B30 R4=0x30045B18 )
(       libmtguard.so[0xCBBCB000])[05 D1       ]0x000038B2:	BNE	#0XCBBCE8C0
(       libmtguard.so[0xCBBCB000])[20 46       ]0x000038C0:	MOV	R0, R4	;(R4=0x30045B18 )
(       libmtguard.so[0xCBBCB000])[5D F8 04 BB ]0x000038C2:	LDR	FP, [SP], #4	;(SP=0x100FFFA8 )
(       libmtguard.so[0xCBBCB000])[F0 BD       ]0x000038C6:	POP	{R4, R5, R6, R7, PC}	;(SP=0x100FFFAC )
(       libmtguard.so[0xCBBCB000])[01 36       ]0x0000CE08:	ADDS	R6, #1	;(R6=0x00000097 )
(       libmtguard.so[0xCBBCB000])[60 60       ]0x0000CE0A:	STR	R0, [R4, #4]	;(R0=0x30045B18 R4=0xCBC0D54C )
(       libmtguard.so[0xCBBCB000])[B6 F5 7C 7F ]0x0000CE0C:	CMP.W	R6, #0X3F0	;(R6=0x00000098 )
(       libmtguard.so[0xCBBCB000])[F3 D1       ]0x0000CE10:	BNE	#0XCBBD7DFA
(       libmtguard.so[0xCBBCB000])[48 46       ]0x0000CDFA:	MOV	R0, SB	;(SB=0xCBBCFE51 )
(       libmtguard.so[0xCBBCB000])[45 F8 36 80 ]0x0000CDFC:	STR.W	R8, [R5, R6, LSL #3]	;(R8=0xFFFFFFFF R5=0xCBC0D094 R6=0x00000098 )
(       libmtguard.so[0xCBBCB000])[05 EB C6 04 ]0x0000CE00:	ADD.W	R4, R5, R6, LSL #3	;(R5=0xCBC0D094 R6=0x00000098 )
(       libmtguard.so[0xCBBCB000])[F6 F7 3A FD ]0x0000CE04:	BL	#0XCBBCE87C	;(PC=0xCBBD7E04 )
(       libmtguard.so[0xCBBCB000])[F0 B5       ]0x0000387C:	PUSH	{R4, R5, R6, R7, LR}	;(SP=0x100FFFC0 R4=0xCBC0D554 R5=0xCBC0D094 R6=0x00000098 R7=0x100FFFE0 LR=0xCBBD7E09 )
(       libmtguard.so[0xCBBCB000])[03 AF       ]0x0000387E:	ADD	R7, SP, #0XC	;(SP=0x100FFFAC )
(       libmtguard.so[0xCBBCB000])[4D F8 04 BD ]0x00003880:	STR	FP, [SP, #-0X4]!	;(FP=0xCBC0B1C4 SP=0x100FFFAC )
(       libmtguard.so[0xCBBCB000])[05 46       ]0x00003884:	MOV	R5, R0	;(R0=0xCBBCFE51 )
(       libmtguard.so[0xCBBCB000])[01 20       ]0x00003886:	MOVS	R0, #1
(       libmtguard.so[0xCBBCB000])[10 21       ]0x00003888:	MOVS	R1, #0X10
(       libmtguard.so[0xCBBCB000])[00 22       ]0x0000388A:	MOVS	R2, #0
(       libmtguard.so[0xCBBCB000])[00 23       ]0x0000388C:	MOVS	R3, #0
(       libmtguard.so[0xCBBCB000])[00 26       ]0x0000388E:	MOVS	R6, #0
(       libmtguard.so[0xCBBCB000])[00 F0 C6 FA ]0x00003890:	BL	#0XCBBCEE20	;(PC=0xCBBCE890 )
(       libmtguard.so[0xCBBCB000])[B0 B5       ]0x00003E20:	PUSH	{R4, R5, R7, LR}	;(SP=0x100FFFA8 R4=0xCBC0D554 R5=0xCBBCFE51 R7=0x100FFFB8 LR=0xCBBCE895 )
(       libmtguard.so[0xCBBCB000])[02 AF       ]0x00003E22:	ADD	R7, SP, #8	;(SP=0x100FFF98 )
(       libmtguard.so[0xCBBCB000])[01 FB 00 F5 ]0x00003E24:	MUL	R5, R1, R0	;(R1=0x00000010 R0=0x00000001 )
(       libmtguard.so[0xCBBCB000])[4D B1       ]0x00003E28:	CBZ	R5, #0XCBBCEE3E	;(R5=0x00000010 )
(       libmtguard.so[0xCBBCB000])[28 46       ]0x00003E2A:	MOV	R0, R5	;(R5=0x00000010 )
(       libmtguard.so[0xCBBCB000])[FE F7 C8 EB ]0x00003E2C:	BLX	#0XCBBCD5C0	;(PC=0xCBBCEE2C )
(       libmtguard.so[0xCBBCB000])[00 C6 8F E2 ]0x000025C0:	ADD	IP, PC, #0, #12	;(PC=0xCBBCD5C0 )
(       libmtguard.so[0xCBBCB000])[3D CA 8C E2 ]0x000025C4:	ADD	IP, IP, #0X3D000	;(IP=0xCBBCD5C8 )
(       libmtguard.so[0xCBBCB000])[04 F9 BC E5 ]0x000025C8:	LDR	PC, [IP, #0X904]!	;(IP=0xCBC0A5C8 )
(       libmtguard.so[0xCBBCB000])[04 46       ]0x00003E30:	MOV	R4, R0	;(R0=0x30045B60 )
(       libmtguard.so[0xCBBCB000])[24 B1       ]0x00003E32:	CBZ	R4, #0XCBBCEE3E	;(R4=0x30045B60 )
(       libmtguard.so[0xCBBCB000])[20 46       ]0x00003E34:	MOV	R0, R4	;(R4=0x30045B60 )
(       libmtguard.so[0xCBBCB000])[29 46       ]0x00003E36:	MOV	R1, R5	;(R5=0x00000010 )
(       libmtguard.so[0xCBBCB000])[FE F7 CE EB ]0x00003E38:	BLX	#0XCBBCD5D8	;(PC=0xCBBCEE38 )
(       libmtguard.so[0xCBBCB000])[00 C6 8F E2 ]0x000025D8:	ADD	IP, PC, #0, #12	;(PC=0xCBBCD5D8 )
(       libmtguard.so[0xCBBCB000])[3D CA 8C E2 ]0x000025DC:	ADD	IP, IP, #0X3D000	;(IP=0xCBBCD5E0 )
(       libmtguard.so[0xCBBCB000])[F4 F8 BC E5 ]0x000025E0:	LDR	PC, [IP, #0X8F4]!	;(IP=0xCBC0A5E0 )
(       libmtguard.so[0xCBBCB000])[00 E0       ]0x00003E3C:	B	#0XCBBCEE40
(       libmtguard.so[0xCBBCB000])[20 46       ]0x00003E40:	MOV	R0, R4	;(R4=0x30045B60 )
(       libmtguard.so[0xCBBCB000])[B0 BD       ]0x00003E42:	POP	{R4, R5, R7, PC}	;(SP=0x100FFF98 )
(       libmtguard.so[0xCBBCB000])[04 46       ]0x00003894:	MOV	R4, R0	;(R0=0x30045B60 )
(       libmtguard.so[0xCBBCB000])[94 B1       ]0x00003896:	CBZ	R4, #0XCBBCE8BE	;(R4=0x30045B60 )
(       libmtguard.so[0xCBBCB000])[0B 20       ]0x00003898:	MOVS	R0, #0XB
(       libmtguard.so[0xCBBCB000])[C4 E9 00 66 ]0x0000389A:	STRD	R6, R6, [R4]	;(R6=0x00000000 R4=0x30045B60 )
(       libmtguard.so[0xCBBCB000])[C4 E9 02 05 ]0x0000389E:	STRD	R0, R5, [R4, #8]	;(R0=0x0000000B R5=0xCBBCFE51 R4=0x30045B60 )
(       libmtguard.so[0xCBBCB000])[04 20       ]0x000038A2:	MOVS	R0, #4
(       libmtguard.so[0xCBBCB000])[0B 21       ]0x000038A4:	MOVS	R1, #0XB
(       libmtguard.so[0xCBBCB000])[00 22       ]0x000038A6:	MOVS	R2, #0
(       libmtguard.so[0xCBBCB000])[00 23       ]0x000038A8:	MOVS	R3, #0
(       libmtguard.so[0xCBBCB000])[00 F0 B9 FA ]0x000038AA:	BL	#0XCBBCEE20	;(PC=0xCBBCE8AA )
(       libmtguard.so[0xCBBCB000])[B0 B5       ]0x00003E20:	PUSH	{R4, R5, R7, LR}	;(SP=0x100FFFA8 R4=0x30045B60 R5=0xCBBCFE51 R7=0x100FFFB8 LR=0xCBBCE8AF )
(       libmtguard.so[0xCBBCB000])[02 AF       ]0x00003E22:	ADD	R7, SP, #8	;(SP=0x100FFF98 )
(       libmtguard.so[0xCBBCB000])[01 FB 00 F5 ]0x00003E24:	MUL	R5, R1, R0	;(R1=0x0000000B R0=0x00000004 )
(       libmtguard.so[0xCBBCB000])[4D B1       ]0x00003E28:	CBZ	R5, #0XCBBCEE3E	;(R5=0x0000002C )
(       libmtguard.so[0xCBBCB000])[28 46       ]0x00003E2A:	MOV	R0, R5	;(R5=0x0000002C )
(       libmtguard.so[0xCBBCB000])[FE F7 C8 EB ]0x00003E2C:	BLX	#0XCBBCD5C0	;(PC=0xCBBCEE2C )
(       libmtguard.so[0xCBBCB000])[00 C6 8F E2 ]0x000025C0:	ADD	IP, PC, #0, #12	;(PC=0xCBBCD5C0 )
(       libmtguard.so[0xCBBCB000])[3D CA 8C E2 ]0x000025C4:	ADD	IP, IP, #0X3D000	;(IP=0xCBBCD5C8 )
(       libmtguard.so[0xCBBCB000])[04 F9 BC E5 ]0x000025C8:	LDR	PC, [IP, #0X904]!	;(IP=0xCBC0A5C8 )
(       libmtguard.so[0xCBBCB000])[04 46       ]0x00003E30:	MOV	R4, R0	;(R0=0x30045B78 )
(       libmtguard.so[0xCBBCB000])[24 B1       ]0x00003E32:	CBZ	R4, #0XCBBCEE3E	;(R4=0x30045B78 )
(       libmtguard.so[0xCBBCB000])[20 46       ]0x00003E34:	MOV	R0, R4	;(R4=0x30045B78 )
(       libmtguard.so[0xCBBCB000])[29 46       ]0x00003E36:	MOV	R1, R5	;(R5=0x0000002C )
(       libmtguard.so[0xCBBCB000])[FE F7 CE EB ]0x00003E38:	BLX	#0XCBBCD5D8	;(PC=0xCBBCEE38 )
(       libmtguard.so[0xCBBCB000])[00 C6 8F E2 ]0x000025D8:	ADD	IP, PC, #0, #12	;(PC=0xCBBCD5D8 )
(       libmtguard.so[0xCBBCB000])[3D CA 8C E2 ]0x000025DC:	ADD	IP, IP, #0X3D000	;(IP=0xCBBCD5E0 )
(       libmtguard.so[0xCBBCB000])[F4 F8 BC E5 ]0x000025E0:	LDR	PC, [IP, #0X8F4]!	;(IP=0xCBC0A5E0 )
(       libmtguard.so[0xCBBCB000])[00 E0       ]0x00003E3C:	B	#0XCBBCEE40
(       libmtguard.so[0xCBBCB000])[20 46       ]0x00003E40:	MOV	R0, R4	;(R4=0x30045B78 )
(       libmtguard.so[0xCBBCB000])[B0 BD       ]0x00003E42:	POP	{R4, R5, R7, PC}	;(SP=0x100FFF98 )
(       libmtguard.so[0xCBBCB000])[00 28       ]0x000038AE:	CMP	R0, #0	;(R0=0x30045B78 )
(       libmtguard.so[0xCBBCB000])[20 60       ]0x000038B0:	STR	R0, [R4]	;(R0=0x30045B78 R4=0x30045B60 )
(       libmtguard.so[0xCBBCB000])[05 D1       ]0x000038B2:	BNE	#0XCBBCE8C0
(       libmtguard.so[0xCBBCB000])[20 46       ]0x000038C0:	MOV	R0, R4	;(R4=0x30045B60 )
(       libmtguard.so[0xCBBCB000])[5D F8 04 BB ]0x000038C2:	LDR	FP, [SP], #4	;(SP=0x100FFFA8 )
(       libmtguard.so[0xCBBCB000])[F0 BD       ]0x000038C6:	POP	{R4, R5, R6, R7, PC}	;(SP=0x100FFFAC )
(       libmtguard.so[0xCBBCB000])[01 36       ]0x0000CE08:	ADDS	R6, #1	;(R6=0x00000098 )
(       libmtguard.so[0xCBBCB000])[60 60       ]0x0000CE0A:	STR	R0, [R4, #4]	;(R0=0x30045B60 R4=0xCBC0D554 )
(       libmtguard.so[0xCBBCB000])[B6 F5 7C 7F ]0x0000CE0C:	CMP.W	R6, #0X3F0	;(R6=0x00000099 )
(       libmtguard.so[0xCBBCB000])[F3 D1       ]0x0000CE10:	BNE	#0XCBBD7DFA
(       libmtguard.so[0xCBBCB000])[48 46       ]0x0000CDFA:	MOV	R0, SB	;(SB=0xCBBCFE51 )
(       libmtguard.so[0xCBBCB000])[45 F8 36 80 ]0x0000CDFC:	STR.W	R8, [R5, R6, LSL #3]	;(R8=0xFFFFFFFF R5=0xCBC0D094 R6=0x00000099 )
(       libmtguard.so[0xCBBCB000])[05 EB C6 04 ]0x0000CE00:	ADD.W	R4, R5, R6, LSL #3	;(R5=0xCBC0D094 R6=0x00000099 )
(       libmtguard.so[0xCBBCB000])[F6 F7 3A FD ]0x0000CE04:	BL	#0XCBBCE87C	;(PC=0xCBBD7E04 )
(       libmtguard.so[0xCBBCB000])[F0 B5       ]0x0000387C:	PUSH	{R4, R5, R6, R7, LR}	;(SP=0x100FFFC0 R4=0xCBC0D55C R5=0xCBC0D094 R6=0x00000099 R7=0x100FFFE0 LR=0xCBBD7E09 )
(       libmtguard.so[0xCBBCB000])[03 AF       ]0x0000387E:	ADD	R7, SP, #0XC	;(SP=0x100FFFAC )
(       libmtguard.so[0xCBBCB000])[4D F8 04 BD ]0x00003880:	STR	FP, [SP, #-0X4]!	;(FP=0xCBC0B1C4 SP=0x100FFFAC )
(       libmtguard.so[0xCBBCB000])[05 46       ]0x00003884:	MOV	R5, R0	;(R0=0xCBBCFE51 )
(       libmtguard.so[0xCBBCB000])[01 20       ]0x00003886:	MOVS	R0, #1
(       libmtguard.so[0xCBBCB000])[10 21       ]0x00003888:	MOVS	R1, #0X10
(       libmtguard.so[0xCBBCB000])[00 22       ]0x0000388A:	MOVS	R2, #0
(       libmtguard.so[0xCBBCB000])[00 23       ]0x0000388C:	MOVS	R3, #0
(       libmtguard.so[0xCBBCB000])[00 26       ]0x0000388E:	MOVS	R6, #0
(       libmtguard.so[0xCBBCB000])[00 F0 C6 FA ]0x00003890:	BL	#0XCBBCEE20	;(PC=0xCBBCE890 )
(       libmtguard.so[0xCBBCB000])[B0 B5       ]0x00003E20:	PUSH	{R4, R5, R7, LR}	;(SP=0x100FFFA8 R4=0xCBC0D55C R5=0xCBBCFE51 R7=0x100FFFB8 LR=0xCBBCE895 )
(       libmtguard.so[0xCBBCB000])[02 AF       ]0x00003E22:	ADD	R7, SP, #8	;(SP=0x100FFF98 )
(       libmtguard.so[0xCBBCB000])[01 FB 00 F5 ]0x00003E24:	MUL	R5, R1, R0	;(R1=0x00000010 R0=0x00000001 )
(       libmtguard.so[0xCBBCB000])[4D B1       ]0x00003E28:	CBZ	R5, #0XCBBCEE3E	;(R5=0x00000010 )
(       libmtguard.so[0xCBBCB000])[28 46       ]0x00003E2A:	MOV	R0, R5	;(R5=0x00000010 )
(       libmtguard.so[0xCBBCB000])[FE F7 C8 EB ]0x00003E2C:	BLX	#0XCBBCD5C0	;(PC=0xCBBCEE2C )
(       libmtguard.so[0xCBBCB000])[00 C6 8F E2 ]0x000025C0:	ADD	IP, PC, #0, #12	;(PC=0xCBBCD5C0 )
(       libmtguard.so[0xCBBCB000])[3D CA 8C E2 ]0x000025C4:	ADD	IP, IP, #0X3D000	;(IP=0xCBBCD5C8 )
(       libmtguard.so[0xCBBCB000])[04 F9 BC E5 ]0x000025C8:	LDR	PC, [IP, #0X904]!	;(IP=0xCBC0A5C8 )
(       libmtguard.so[0xCBBCB000])[04 46       ]0x00003E30:	MOV	R4, R0	;(R0=0x30045BA8 )
(       libmtguard.so[0xCBBCB000])[24 B1       ]0x00003E32:	CBZ	R4, #0XCBBCEE3E	;(R4=0x30045BA8 )
(       libmtguard.so[0xCBBCB000])[20 46       ]0x00003E34:	MOV	R0, R4	;(R4=0x30045BA8 )
(       libmtguard.so[0xCBBCB000])[29 46       ]0x00003E36:	MOV	R1, R5	;(R5=0x00000010 )
(       libmtguard.so[0xCBBCB000])[FE F7 CE EB ]0x00003E38:	BLX	#0XCBBCD5D8	;(PC=0xCBBCEE38 )
(       libmtguard.so[0xCBBCB000])[00 C6 8F E2 ]0x000025D8:	ADD	IP, PC, #0, #12	;(PC=0xCBBCD5D8 )
(       libmtguard.so[0xCBBCB000])[3D CA 8C E2 ]0x000025DC:	ADD	IP, IP, #0X3D000	;(IP=0xCBBCD5E0 )
(       libmtguard.so[0xCBBCB000])[F4 F8 BC E5 ]0x000025E0:	LDR	PC, [IP, #0X8F4]!	;(IP=0xCBC0A5E0 )
(       libmtguard.so[0xCBBCB000])[00 E0       ]0x00003E3C:	B	#0XCBBCEE40
(       libmtguard.so[0xCBBCB000])[20 46       ]0x00003E40:	MOV	R0, R4	;(R4=0x30045BA8 )
(       libmtguard.so[0xCBBCB000])[B0 BD       ]0x00003E42:	POP	{R4, R5, R7, PC}	;(SP=0x100FFF98 )
(       libmtguard.so[0xCBBCB000])[04 46       ]0x00003894:	MOV	R4, R0	;(R0=0x30045BA8 )
(       libmtguard.so[0xCBBCB000])[94 B1       ]0x00003896:	CBZ	R4, #0XCBBCE8BE	;(R4=0x30045BA8 )
(       libmtguard.so[0xCBBCB000])[0B 20       ]0x00003898:	MOVS	R0, #0XB
(       libmtguard.so[0xCBBCB000])[C4 E9 00 66 ]0x0000389A:	STRD	R6, R6, [R4]	;(R6=0x00000000 R4=0x30045BA8 )
(       libmtguard.so[0xCBBCB000])[C4 E9 02 05 ]0x0000389E:	STRD	R0, R5, [R4, #8]	;(R0=0x0000000B R5=0xCBBCFE51 R4=0x30045BA8 )
(       libmtguard.so[0xCBBCB000])[04 20       ]0x000038A2:	MOVS	R0, #4
(       libmtguard.so[0xCBBCB000])[0B 21       ]0x000038A4:	MOVS	R1, #0XB
(       libmtguard.so[0xCBBCB000])[00 22       ]0x000038A6:	MOVS	R2, #0
(       libmtguard.so[0xCBBCB000])[00 23       ]0x000038A8:	MOVS	R3, #0
(       libmtguard.so[0xCBBCB000])[00 F0 B9 FA ]0x000038AA:	BL	#0XCBBCEE20	;(PC=0xCBBCE8AA )
(       libmtguard.so[0xCBBCB000])[B0 B5       ]0x00003E20:	PUSH	{R4, R5, R7, LR}	;(SP=0x100FFFA8 R4=0x30045BA8 R5=0xCBBCFE51 R7=0x100FFFB8 LR=0xCBBCE8AF )
(       libmtguard.so[0xCBBCB000])[02 AF       ]0x00003E22:	ADD	R7, SP, #8	;(SP=0x100FFF98 )
(       libmtguard.so[0xCBBCB000])[01 FB 00 F5 ]0x00003E24:	MUL	R5, R1, R0	;(R1=0x0000000B R0=0x00000004 )
(       libmtguard.so[0xCBBCB000])[4D B1       ]0x00003E28:	CBZ	R5, #0XCBBCEE3E	;(R5=0x0000002C )
(       libmtguard.so[0xCBBCB000])[28 46       ]0x00003E2A:	MOV	R0, R5	;(R5=0x0000002C )
(       libmtguard.so[0xCBBCB000])[FE F7 C8 EB ]0x00003E2C:	BLX	#0XCBBCD5C0	;(PC=0xCBBCEE2C )
(       libmtguard.so[0xCBBCB000])[00 C6 8F E2 ]0x000025C0:	ADD	IP, PC, #0, #12	;(PC=0xCBBCD5C0 )
(       libmtguard.so[0xCBBCB000])[3D CA 8C E2 ]0x000025C4:	ADD	IP, IP, #0X3D000	;(IP=0xCBBCD5C8 )
(       libmtguard.so[0xCBBCB000])[04 F9 BC E5 ]0x000025C8:	LDR	PC, [IP, #0X904]!	;(IP=0xCBC0A5C8 )
(       libmtguard.so[0xCBBCB000])[04 46       ]0x00003E30:	MOV	R4, R0	;(R0=0x30045BC0 )
(       libmtguard.so[0xCBBCB000])[24 B1       ]0x00003E32:	CBZ	R4, #0XCBBCEE3E	;(R4=0x30045BC0 )
(       libmtguard.so[0xCBBCB000])[20 46       ]0x00003E34:	MOV	R0, R4	;(R4=0x30045BC0 )
(       libmtguard.so[0xCBBCB000])[29 46       ]0x00003E36:	MOV	R1, R5	;(R5=0x0000002C )
(       libmtguard.so[0xCBBCB000])[FE F7 CE EB ]0x00003E38:	BLX	#0XCBBCD5D8	;(PC=0xCBBCEE38 )
(       libmtguard.so[0xCBBCB000])[00 C6 8F E2 ]0x000025D8:	ADD	IP, PC, #0, #12	;(PC=0xCBBCD5D8 )
(       libmtguard.so[0xCBBCB000])[3D CA 8C E2 ]0x000025DC:	ADD	IP, IP, #0X3D000	;(IP=0xCBBCD5E0 )
(       libmtguard.so[0xCBBCB000])[F4 F8 BC E5 ]0x000025E0:	LDR	PC, [IP, #0X8F4]!	;(IP=0xCBC0A5E0 )
(       libmtguard.so[0xCBBCB000])[00 E0       ]0x00003E3C:	B	#0XCBBCEE40
(       libmtguard.so[0xCBBCB000])[20 46       ]0x00003E40:	MOV	R0, R4	;(R4=0x30045BC0 )
(       libmtguard.so[0xCBBCB000])[B0 BD       ]0x00003E42:	POP	{R4, R5, R7, PC}	;(SP=0x100FFF98 )
(       libmtguard.so[0xCBBCB000])[00 28       ]0x000038AE:	CMP	R0, #0	;(R0=0x30045BC0 )
(       libmtguard.so[0xCBBCB000])[20 60       ]0x000038B0:	STR	R0, [R4]	;(R0=0x30045BC0 R4=0x30045BA8 )
(       libmtguard.so[0xCBBCB000])[05 D1       ]0x000038B2:	BNE	#0XCBBCE8C0
(       libmtguard.so[0xCBBCB000])[20 46       ]0x000038C0:	MOV	R0, R4	;(R4=0x30045BA8 )
(       libmtguard.so[0xCBBCB000])[5D F8 04 BB ]0x000038C2:	LDR	FP, [SP], #4	;(SP=0x100FFFA8 )
(       libmtguard.so[0xCBBCB000])[F0 BD       ]0x000038C6:	POP	{R4, R5, R6, R7, PC}	;(SP=0x100FFFAC )
(       libmtguard.so[0xCBBCB000])[01 36       ]0x0000CE08:	ADDS	R6, #1	;(R6=0x00000099 )
(       libmtguard.so[0xCBBCB000])[60 60       ]0x0000CE0A:	STR	R0, [R4, #4]	;(R0=0x30045BA8 R4=0xCBC0D55C )
(       libmtguard.so[0xCBBCB000])[B6 F5 7C 7F ]0x0000CE0C:	CMP.W	R6, #0X3F0	;(R6=0x0000009A )
(       libmtguard.so[0xCBBCB000])[F3 D1       ]0x0000CE10:	BNE	#0XCBBD7DFA
(       libmtguard.so[0xCBBCB000])[48 46       ]0x0000CDFA:	MOV	R0, SB	;(SB=0xCBBCFE51 )
(       libmtguard.so[0xCBBCB000])[45 F8 36 80 ]0x0000CDFC:	STR.W	R8, [R5, R6, LSL #3]	;(R8=0xFFFFFFFF R5=0xCBC0D094 R6=0x0000009A )
(       libmtguard.so[0xCBBCB000])[05 EB C6 04 ]0x0000CE00:	ADD.W	R4, R5, R6, LSL #3	;(R5=0xCBC0D094 R6=0x0000009A )
(       libmtguard.so[0xCBBCB000])[F6 F7 3A FD ]0x0000CE04:	BL	#0XCBBCE87C	;(PC=0xCBBD7E04 )
(       libmtguard.so[0xCBBCB000])[F0 B5       ]0x0000387C:	PUSH	{R4, R5, R6, R7, LR}	;(SP=0x100FFFC0 R4=0xCBC0D564 R5=0xCBC0D094 R6=0x0000009A R7=0x100FFFE0 LR=0xCBBD7E09 )
(       libmtguard.so[0xCBBCB000])[03 AF       ]0x0000387E:	ADD	R7, SP, #0XC	;(SP=0x100FFFAC )
(       libmtguard.so[0xCBBCB000])[4D F8 04 BD ]0x00003880:	STR	FP, [SP, #-0X4]!	;(FP=0xCBC0B1C4 SP=0x100FFFAC )
(       libmtguard.so[0xCBBCB000])[05 46       ]0x00003884:	MOV	R5, R0	;(R0=0xCBBCFE51 )
(       libmtguard.so[0xCBBCB000])[01 20       ]0x00003886:	MOVS	R0, #1
(       libmtguard.so[0xCBBCB000])[10 21       ]0x00003888:	MOVS	R1, #0X10
(       libmtguard.so[0xCBBCB000])[00 22       ]0x0000388A:	MOVS	R2, #0
(       libmtguard.so[0xCBBCB000])[00 23       ]0x0000388C:	MOVS	R3, #0
(       libmtguard.so[0xCBBCB000])[00 26       ]0x0000388E:	MOVS	R6, #0
(       libmtguard.so[0xCBBCB000])[00 F0 C6 FA ]0x00003890:	BL	#0XCBBCEE20	;(PC=0xCBBCE890 )
(       libmtguard.so[0xCBBCB000])[B0 B5       ]0x00003E20:	PUSH	{R4, R5, R7, LR}	;(SP=0x100FFFA8 R4=0xCBC0D564 R5=0xCBBCFE51 R7=0x100FFFB8 LR=0xCBBCE895 )
(       libmtguard.so[0xCBBCB000])[02 AF       ]0x00003E22:	ADD	R7, SP, #8	;(SP=0x100FFF98 )
(       libmtguard.so[0xCBBCB000])[01 FB 00 F5 ]0x00003E24:	MUL	R5, R1, R0	;(R1=0x00000010 R0=0x00000001 )
(       libmtguard.so[0xCBBCB000])[4D B1       ]0x00003E28:	CBZ	R5, #0XCBBCEE3E	;(R5=0x00000010 )
(       libmtguard.so[0xCBBCB000])[28 46       ]0x00003E2A:	MOV	R0, R5	;(R5=0x00000010 )
(       libmtguard.so[0xCBBCB000])[FE F7 C8 EB ]0x00003E2C:	BLX	#0XCBBCD5C0	;(PC=0xCBBCEE2C )
(       libmtguard.so[0xCBBCB000])[00 C6 8F E2 ]0x000025C0:	ADD	IP, PC, #0, #12	;(PC=0xCBBCD5C0 )
(       libmtguard.so[0xCBBCB000])[3D CA 8C E2 ]0x000025C4:	ADD	IP, IP, #0X3D000	;(IP=0xCBBCD5C8 )
(       libmtguard.so[0xCBBCB000])[04 F9 BC E5 ]0x000025C8:	LDR	PC, [IP, #0X904]!	;(IP=0xCBC0A5C8 )
(       libmtguard.so[0xCBBCB000])[04 46       ]0x00003E30:	MOV	R4, R0	;(R0=0x30045BF0 )
(       libmtguard.so[0xCBBCB000])[24 B1       ]0x00003E32:	CBZ	R4, #0XCBBCEE3E	;(R4=0x30045BF0 )
(       libmtguard.so[0xCBBCB000])[20 46       ]0x00003E34:	MOV	R0, R4	;(R4=0x30045BF0 )
(       libmtguard.so[0xCBBCB000])[29 46       ]0x00003E36:	MOV	R1, R5	;(R5=0x00000010 )
(       libmtguard.so[0xCBBCB000])[FE F7 CE EB ]0x00003E38:	BLX	#0XCBBCD5D8	;(PC=0xCBBCEE38 )
(       libmtguard.so[0xCBBCB000])[00 C6 8F E2 ]0x000025D8:	ADD	IP, PC, #0, #12	;(PC=0xCBBCD5D8 )
(       libmtguard.so[0xCBBCB000])[3D CA 8C E2 ]0x000025DC:	ADD	IP, IP, #0X3D000	;(IP=0xCBBCD5E0 )
(       libmtguard.so[0xCBBCB000])[F4 F8 BC E5 ]0x000025E0:	LDR	PC, [IP, #0X8F4]!	;(IP=0xCBC0A5E0 )
(       libmtguard.so[0xCBBCB000])[00 E0       ]0x00003E3C:	B	#0XCBBCEE40
(       libmtguard.so[0xCBBCB000])[20 46       ]0x00003E40:	MOV	R0, R4	;(R4=0x30045BF0 )
(       libmtguard.so[0xCBBCB000])[B0 BD       ]0x00003E42:	POP	{R4, R5, R7, PC}	;(SP=0x100FFF98 )
(       libmtguard.so[0xCBBCB000])[04 46       ]0x00003894:	MOV	R4, R0	;(R0=0x30045BF0 )
(       libmtguard.so[0xCBBCB000])[94 B1       ]0x00003896:	CBZ	R4, #0XCBBCE8BE	;(R4=0x30045BF0 )
(       libmtguard.so[0xCBBCB000])[0B 20       ]0x00003898:	MOVS	R0, #0XB
(       libmtguard.so[0xCBBCB000])[C4 E9 00 66 ]0x0000389A:	STRD	R6, R6, [R4]	;(R6=0x00000000 R4=0x30045BF0 )
(       libmtguard.so[0xCBBCB000])[C4 E9 02 05 ]0x0000389E:	STRD	R0, R5, [R4, #8]	;(R0=0x0000000B R5=0xCBBCFE51 R4=0x30045BF0 )
(       libmtguard.so[0xCBBCB000])[04 20       ]0x000038A2:	MOVS	R0, #4
(       libmtguard.so[0xCBBCB000])[0B 21       ]0x000038A4:	MOVS	R1, #0XB
(       libmtguard.so[0xCBBCB000])[00 22       ]0x000038A6:	MOVS	R2, #0
(       libmtguard.so[0xCBBCB000])[00 23       ]0x000038A8:	MOVS	R3, #0
(       libmtguard.so[0xCBBCB000])[00 F0 B9 FA ]0x000038AA:	BL	#0XCBBCEE20	;(PC=0xCBBCE8AA )
(       libmtguard.so[0xCBBCB000])[B0 B5       ]0x00003E20:	PUSH	{R4, R5, R7, LR}	;(SP=0x100FFFA8 R4=0x30045BF0 R5=0xCBBCFE51 R7=0x100FFFB8 LR=0xCBBCE8AF )
(       libmtguard.so[0xCBBCB000])[02 AF       ]0x00003E22:	ADD	R7, SP, #8	;(SP=0x100FFF98 )
(       libmtguard.so[0xCBBCB000])[01 FB 00 F5 ]0x00003E24:	MUL	R5, R1, R0	;(R1=0x0000000B R0=0x00000004 )
(       libmtguard.so[0xCBBCB000])[4D B1       ]0x00003E28:	CBZ	R5, #0XCBBCEE3E	;(R5=0x0000002C )
(       libmtguard.so[0xCBBCB000])[28 46       ]0x00003E2A:	MOV	R0, R5	;(R5=0x0000002C )
(       libmtguard.so[0xCBBCB000])[FE F7 C8 EB ]0x00003E2C:	BLX	#0XCBBCD5C0	;(PC=0xCBBCEE2C )
(       libmtguard.so[0xCBBCB000])[00 C6 8F E2 ]0x000025C0:	ADD	IP, PC, #0, #12	;(PC=0xCBBCD5C0 )
(       libmtguard.so[0xCBBCB000])[3D CA 8C E2 ]0x000025C4:	ADD	IP, IP, #0X3D000	;(IP=0xCBBCD5C8 )
(       libmtguard.so[0xCBBCB000])[04 F9 BC E5 ]0x000025C8:	LDR	PC, [IP, #0X904]!	;(IP=0xCBC0A5C8 )
(       libmtguard.so[0xCBBCB000])[04 46       ]0x00003E30:	MOV	R4, R0	;(R0=0x30045C08 )
(       libmtguard.so[0xCBBCB000])[24 B1       ]0x00003E32:	CBZ	R4, #0XCBBCEE3E	;(R4=0x30045C08 )
(       libmtguard.so[0xCBBCB000])[20 46       ]0x00003E34:	MOV	R0, R4	;(R4=0x30045C08 )
(       libmtguard.so[0xCBBCB000])[29 46       ]0x00003E36:	MOV	R1, R5	;(R5=0x0000002C )
(       libmtguard.so[0xCBBCB000])[FE F7 CE EB ]0x00003E38:	BLX	#0XCBBCD5D8	;(PC=0xCBBCEE38 )
(       libmtguard.so[0xCBBCB000])[00 C6 8F E2 ]0x000025D8:	ADD	IP, PC, #0, #12	;(PC=0xCBBCD5D8 )
(       libmtguard.so[0xCBBCB000])[3D CA 8C E2 ]0x000025DC:	ADD	IP, IP, #0X3D000	;(IP=0xCBBCD5E0 )
(       libmtguard.so[0xCBBCB000])[F4 F8 BC E5 ]0x000025E0:	LDR	PC, [IP, #0X8F4]!	;(IP=0xCBC0A5E0 )
(       libmtguard.so[0xCBBCB000])[00 E0       ]0x00003E3C:	B	#0XCBBCEE40
(       libmtguard.so[0xCBBCB000])[20 46       ]0x00003E40:	MOV	R0, R4	;(R4=0x30045C08 )
(       libmtguard.so[0xCBBCB000])[B0 BD       ]0x00003E42:	POP	{R4, R5, R7, PC}	;(SP=0x100FFF98 )
(       libmtguard.so[0xCBBCB000])[00 28       ]0x000038AE:	CMP	R0, #0	;(R0=0x30045C08 )
(       libmtguard.so[0xCBBCB000])[20 60       ]0x000038B0:	STR	R0, [R4]	;(R0=0x30045C08 R4=0x30045BF0 )
(       libmtguard.so[0xCBBCB000])[05 D1       ]0x000038B2:	BNE	#0XCBBCE8C0
(       libmtguard.so[0xCBBCB000])[20 46       ]0x000038C0:	MOV	R0, R4	;(R4=0x30045BF0 )
(       libmtguard.so[0xCBBCB000])[5D F8 04 BB ]0x000038C2:	LDR	FP, [SP], #4	;(SP=0x100FFFA8 )
(       libmtguard.so[0xCBBCB000])[F0 BD       ]0x000038C6:	POP	{R4, R5, R6, R7, PC}	;(SP=0x100FFFAC )
(       libmtguard.so[0xCBBCB000])[01 36       ]0x0000CE08:	ADDS	R6, #1	;(R6=0x0000009A )
(       libmtguard.so[0xCBBCB000])[60 60       ]0x0000CE0A:	STR	R0, [R4, #4]	;(R0=0x30045BF0 R4=0xCBC0D564 )
(       libmtguard.so[0xCBBCB000])[B6 F5 7C 7F ]0x0000CE0C:	CMP.W	R6, #0X3F0	;(R6=0x0000009B )
(       libmtguard.so[0xCBBCB000])[F3 D1       ]0x0000CE10:	BNE	#0XCBBD7DFA
(       libmtguard.so[0xCBBCB000])[48 46       ]0x0000CDFA:	MOV	R0, SB	;(SB=0xCBBCFE51 )
(       libmtguard.so[0xCBBCB000])[45 F8 36 80 ]0x0000CDFC:	STR.W	R8, [R5, R6, LSL #3]	;(R8=0xFFFFFFFF R5=0xCBC0D094 R6=0x0000009B )
(       libmtguard.so[0xCBBCB000])[05 EB C6 04 ]0x0000CE00:	ADD.W	R4, R5, R6, LSL #3	;(R5=0xCBC0D094 R6=0x0000009B )
(       libmtguard.so[0xCBBCB000])[F6 F7 3A FD ]0x0000CE04:	BL	#0XCBBCE87C	;(PC=0xCBBD7E04 )
(       libmtguard.so[0xCBBCB000])[F0 B5       ]0x0000387C:	PUSH	{R4, R5, R6, R7, LR}	;(SP=0x100FFFC0 R4=0xCBC0D56C R5=0xCBC0D094 R6=0x0000009B R7=0x100FFFE0 LR=0xCBBD7E09 )
(       libmtguard.so[0xCBBCB000])[03 AF       ]0x0000387E:	ADD	R7, SP, #0XC	;(SP=0x100FFFAC )
(       libmtguard.so[0xCBBCB000])[4D F8 04 BD ]0x00003880:	STR	FP, [SP, #-0X4]!	;(FP=0xCBC0B1C4 SP=0x100FFFAC )
(       libmtguard.so[0xCBBCB000])[05 46       ]0x00003884:	MOV	R5, R0	;(R0=0xCBBCFE51 )
(       libmtguard.so[0xCBBCB000])[01 20       ]0x00003886:	MOVS	R0, #1
(       libmtguard.so[0xCBBCB000])[10 21       ]0x00003888:	MOVS	R1, #0X10
(       libmtguard.so[0xCBBCB000])[00 22       ]0x0000388A:	MOVS	R2, #0
(       libmtguard.so[0xCBBCB000])[00 23       ]0x0000388C:	MOVS	R3, #0
(       libmtguard.so[0xCBBCB000])[00 26       ]0x0000388E:	MOVS	R6, #0
(       libmtguard.so[0xCBBCB000])[00 F0 C6 FA ]0x00003890:	BL	#0XCBBCEE20	;(PC=0xCBBCE890 )
(       libmtguard.so[0xCBBCB000])[B0 B5       ]0x00003E20:	PUSH	{R4, R5, R7, LR}	;(SP=0x100FFFA8 R4=0xCBC0D56C R5=0xCBBCFE51 R7=0x100FFFB8 LR=0xCBBCE895 )
(       libmtguard.so[0xCBBCB000])[02 AF       ]0x00003E22:	ADD	R7, SP, #8	;(SP=0x100FFF98 )
(       libmtguard.so[0xCBBCB000])[01 FB 00 F5 ]0x00003E24:	MUL	R5, R1, R0	;(R1=0x00000010 R0=0x00000001 )
(       libmtguard.so[0xCBBCB000])[4D B1       ]0x00003E28:	CBZ	R5, #0XCBBCEE3E	;(R5=0x00000010 )
(       libmtguard.so[0xCBBCB000])[28 46       ]0x00003E2A:	MOV	R0, R5	;(R5=0x00000010 )
(       libmtguard.so[0xCBBCB000])[FE F7 C8 EB ]0x00003E2C:	BLX	#0XCBBCD5C0	;(PC=0xCBBCEE2C )
(       libmtguard.so[0xCBBCB000])[00 C6 8F E2 ]0x000025C0:	ADD	IP, PC, #0, #12	;(PC=0xCBBCD5C0 )
(       libmtguard.so[0xCBBCB000])[3D CA 8C E2 ]0x000025C4:	ADD	IP, IP, #0X3D000	;(IP=0xCBBCD5C8 )
(       libmtguard.so[0xCBBCB000])[04 F9 BC E5 ]0x000025C8:	LDR	PC, [IP, #0X904]!	;(IP=0xCBC0A5C8 )
(       libmtguard.so[0xCBBCB000])[04 46       ]0x00003E30:	MOV	R4, R0	;(R0=0x30045C38 )
(       libmtguard.so[0xCBBCB000])[24 B1       ]0x00003E32:	CBZ	R4, #0XCBBCEE3E	;(R4=0x30045C38 )
(       libmtguard.so[0xCBBCB000])[20 46       ]0x00003E34:	MOV	R0, R4	;(R4=0x30045C38 )
(       libmtguard.so[0xCBBCB000])[29 46       ]0x00003E36:	MOV	R1, R5	;(R5=0x00000010 )
(       libmtguard.so[0xCBBCB000])[FE F7 CE EB ]0x00003E38:	BLX	#0XCBBCD5D8	;(PC=0xCBBCEE38 )
(       libmtguard.so[0xCBBCB000])[00 C6 8F E2 ]0x000025D8:	ADD	IP, PC, #0, #12	;(PC=0xCBBCD5D8 )
(       libmtguard.so[0xCBBCB000])[3D CA 8C E2 ]0x000025DC:	ADD	IP, IP, #0X3D000	;(IP=0xCBBCD5E0 )
(       libmtguard.so[0xCBBCB000])[F4 F8 BC E5 ]0x000025E0:	LDR	PC, [IP, #0X8F4]!	;(IP=0xCBC0A5E0 )
(       libmtguard.so[0xCBBCB000])[00 E0       ]0x00003E3C:	B	#0XCBBCEE40
(       libmtguard.so[0xCBBCB000])[20 46       ]0x00003E40:	MOV	R0, R4	;(R4=0x30045C38 )
(       libmtguard.so[0xCBBCB000])[B0 BD       ]0x00003E42:	POP	{R4, R5, R7, PC}	;(SP=0x100FFF98 )
(       libmtguard.so[0xCBBCB000])[04 46       ]0x00003894:	MOV	R4, R0	;(R0=0x30045C38 )
(       libmtguard.so[0xCBBCB000])[94 B1       ]0x00003896:	CBZ	R4, #0XCBBCE8BE	;(R4=0x30045C38 )
(       libmtguard.so[0xCBBCB000])[0B 20       ]0x00003898:	MOVS	R0, #0XB
(       libmtguard.so[0xCBBCB000])[C4 E9 00 66 ]0x0000389A:	STRD	R6, R6, [R4]	;(R6=0x00000000 R4=0x30045C38 )
(       libmtguard.so[0xCBBCB000])[C4 E9 02 05 ]0x0000389E:	STRD	R0, R5, [R4, #8]	;(R0=0x0000000B R5=0xCBBCFE51 R4=0x30045C38 )
(       libmtguard.so[0xCBBCB000])[04 20       ]0x000038A2:	MOVS	R0, #4
(       libmtguard.so[0xCBBCB000])[0B 21       ]0x000038A4:	MOVS	R1, #0XB
(       libmtguard.so[0xCBBCB000])[00 22       ]0x000038A6:	MOVS	R2, #0
(       libmtguard.so[0xCBBCB000])[00 23       ]0x000038A8:	MOVS	R3, #0
(       libmtguard.so[0xCBBCB000])[00 F0 B9 FA ]0x000038AA:	BL	#0XCBBCEE20	;(PC=0xCBBCE8AA )
(       libmtguard.so[0xCBBCB000])[B0 B5       ]0x00003E20:	PUSH	{R4, R5, R7, LR}	;(SP=0x100FFFA8 R4=0x30045C38 R5=0xCBBCFE51 R7=0x100FFFB8 LR=0xCBBCE8AF )
(       libmtguard.so[0xCBBCB000])[02 AF       ]0x00003E22:	ADD	R7, SP, #8	;(SP=0x100FFF98 )
(       libmtguard.so[0xCBBCB000])[01 FB 00 F5 ]0x00003E24:	MUL	R5, R1, R0	;(R1=0x0000000B R0=0x00000004 )
(       libmtguard.so[0xCBBCB000])[4D B1       ]0x00003E28:	CBZ	R5, #0XCBBCEE3E	;(R5=0x0000002C )
(       libmtguard.so[0xCBBCB000])[28 46       ]0x00003E2A:	MOV	R0, R5	;(R5=0x0000002C )
(       libmtguard.so[0xCBBCB000])[FE F7 C8 EB ]0x00003E2C:	BLX	#0XCBBCD5C0	;(PC=0xCBBCEE2C )
(       libmtguard.so[0xCBBCB000])[00 C6 8F E2 ]0x000025C0:	ADD	IP, PC, #0, #12	;(PC=0xCBBCD5C0 )
(       libmtguard.so[0xCBBCB000])[3D CA 8C E2 ]0x000025C4:	ADD	IP, IP, #0X3D000	;(IP=0xCBBCD5C8 )
(       libmtguard.so[0xCBBCB000])[04 F9 BC E5 ]0x000025C8:	LDR	PC, [IP, #0X904]!	;(IP=0xCBC0A5C8 )
(       libmtguard.so[0xCBBCB000])[04 46       ]0x00003E30:	MOV	R4, R0	;(R0=0x30045C50 )
(       libmtguard.so[0xCBBCB000])[24 B1       ]0x00003E32:	CBZ	R4, #0XCBBCEE3E	;(R4=0x30045C50 )
(       libmtguard.so[0xCBBCB000])[20 46       ]0x00003E34:	MOV	R0, R4	;(R4=0x30045C50 )
(       libmtguard.so[0xCBBCB000])[29 46       ]0x00003E36:	MOV	R1, R5	;(R5=0x0000002C )
(       libmtguard.so[0xCBBCB000])[FE F7 CE EB ]0x00003E38:	BLX	#0XCBBCD5D8	;(PC=0xCBBCEE38 )
(       libmtguard.so[0xCBBCB000])[00 C6 8F E2 ]0x000025D8:	ADD	IP, PC, #0, #12	;(PC=0xCBBCD5D8 )
(       libmtguard.so[0xCBBCB000])[3D CA 8C E2 ]0x000025DC:	ADD	IP, IP, #0X3D000	;(IP=0xCBBCD5E0 )
(       libmtguard.so[0xCBBCB000])[F4 F8 BC E5 ]0x000025E0:	LDR	PC, [IP, #0X8F4]!	;(IP=0xCBC0A5E0 )
(       libmtguard.so[0xCBBCB000])[00 E0       ]0x00003E3C:	B	#0XCBBCEE40
(       libmtguard.so[0xCBBCB000])[20 46       ]0x00003E40:	MOV	R0, R4	;(R4=0x30045C50 )
(       libmtguard.so[0xCBBCB000])[B0 BD       ]0x00003E42:	POP	{R4, R5, R7, PC}	;(SP=0x100FFF98 )
(       libmtguard.so[0xCBBCB000])[00 28       ]0x000038AE:	CMP	R0, #0	;(R0=0x30045C50 )
(       libmtguard.so[0xCBBCB000])[20 60       ]0x000038B0:	STR	R0, [R4]	;(R0=0x30045C50 R4=0x30045C38 )
(       libmtguard.so[0xCBBCB000])[05 D1       ]0x000038B2:	BNE	#0XCBBCE8C0
(       libmtguard.so[0xCBBCB000])[20 46       ]0x000038C0:	MOV	R0, R4	;(R4=0x30045C38 )
(       libmtguard.so[0xCBBCB000])[5D F8 04 BB ]0x000038C2:	LDR	FP, [SP], #4	;(SP=0x100FFFA8 )
(       libmtguard.so[0xCBBCB000])[F0 BD       ]0x000038C6:	POP	{R4, R5, R6, R7, PC}	;(SP=0x100FFFAC )
(       libmtguard.so[0xCBBCB000])[01 36       ]0x0000CE08:	ADDS	R6, #1	;(R6=0x0000009B )
(       libmtguard.so[0xCBBCB000])[60 60       ]0x0000CE0A:	STR	R0, [R4, #4]	;(R0=0x30045C38 R4=0xCBC0D56C )
(       libmtguard.so[0xCBBCB000])[B6 F5 7C 7F ]0x0000CE0C:	CMP.W	R6, #0X3F0	;(R6=0x0000009C )
(       libmtguard.so[0xCBBCB000])[F3 D1       ]0x0000CE10:	BNE	#0XCBBD7DFA
(       libmtguard.so[0xCBBCB000])[48 46       ]0x0000CDFA:	MOV	R0, SB	;(SB=0xCBBCFE51 )
(       libmtguard.so[0xCBBCB000])[45 F8 36 80 ]0x0000CDFC:	STR.W	R8, [R5, R6, LSL #3]	;(R8=0xFFFFFFFF R5=0xCBC0D094 R6=0x0000009C )
(       libmtguard.so[0xCBBCB000])[05 EB C6 04 ]0x0000CE00:	ADD.W	R4, R5, R6, LSL #3	;(R5=0xCBC0D094 R6=0x0000009C )
(       libmtguard.so[0xCBBCB000])[F6 F7 3A FD ]0x0000CE04:	BL	#0XCBBCE87C	;(PC=0xCBBD7E04 )
(       libmtguard.so[0xCBBCB000])[F0 B5       ]0x0000387C:	PUSH	{R4, R5, R6, R7, LR}	;(SP=0x100FFFC0 R4=0xCBC0D574 R5=0xCBC0D094 R6=0x0000009C R7=0x100FFFE0 LR=0xCBBD7E09 )
(       libmtguard.so[0xCBBCB000])[03 AF       ]0x0000387E:	ADD	R7, SP, #0XC	;(SP=0x100FFFAC )
(       libmtguard.so[0xCBBCB000])[4D F8 04 BD ]0x00003880:	STR	FP, [SP, #-0X4]!	;(FP=0xCBC0B1C4 SP=0x100FFFAC )
(       libmtguard.so[0xCBBCB000])[05 46       ]0x00003884:	MOV	R5, R0	;(R0=0xCBBCFE51 )
(       libmtguard.so[0xCBBCB000])[01 20       ]0x00003886:	MOVS	R0, #1
(       libmtguard.so[0xCBBCB000])[10 21       ]0x00003888:	MOVS	R1, #0X10
(       libmtguard.so[0xCBBCB000])[00 22       ]0x0000388A:	MOVS	R2, #0
(       libmtguard.so[0xCBBCB000])[00 23       ]0x0000388C:	MOVS	R3, #0
(       libmtguard.so[0xCBBCB000])[00 26       ]0x0000388E:	MOVS	R6, #0
(       libmtguard.so[0xCBBCB000])[00 F0 C6 FA ]0x00003890:	BL	#0XCBBCEE20	;(PC=0xCBBCE890 )
(       libmtguard.so[0xCBBCB000])[B0 B5       ]0x00003E20:	PUSH	{R4, R5, R7, LR}	;(SP=0x100FFFA8 R4=0xCBC0D574 R5=0xCBBCFE51 R7=0x100FFFB8 LR=0xCBBCE895 )
(       libmtguard.so[0xCBBCB000])[02 AF       ]0x00003E22:	ADD	R7, SP, #8	;(SP=0x100FFF98 )
(       libmtguard.so[0xCBBCB000])[01 FB 00 F5 ]0x00003E24:	MUL	R5, R1, R0	;(R1=0x00000010 R0=0x00000001 )
(       libmtguard.so[0xCBBCB000])[4D B1       ]0x00003E28:	CBZ	R5, #0XCBBCEE3E	;(R5=0x00000010 )
(       libmtguard.so[0xCBBCB000])[28 46       ]0x00003E2A:	MOV	R0, R5	;(R5=0x00000010 )
(       libmtguard.so[0xCBBCB000])[FE F7 C8 EB ]0x00003E2C:	BLX	#0XCBBCD5C0	;(PC=0xCBBCEE2C )
(       libmtguard.so[0xCBBCB000])[00 C6 8F E2 ]0x000025C0:	ADD	IP, PC, #0, #12	;(PC=0xCBBCD5C0 )
(       libmtguard.so[0xCBBCB000])[3D CA 8C E2 ]0x000025C4:	ADD	IP, IP, #0X3D000	;(IP=0xCBBCD5C8 )
(       libmtguard.so[0xCBBCB000])[04 F9 BC E5 ]0x000025C8:	LDR	PC, [IP, #0X904]!	;(IP=0xCBC0A5C8 )
(       libmtguard.so[0xCBBCB000])[04 46       ]0x00003E30:	MOV	R4, R0	;(R0=0x30045C80 )
(       libmtguard.so[0xCBBCB000])[24 B1       ]0x00003E32:	CBZ	R4, #0XCBBCEE3E	;(R4=0x30045C80 )
(       libmtguard.so[0xCBBCB000])[20 46       ]0x00003E34:	MOV	R0, R4	;(R4=0x30045C80 )
(       libmtguard.so[0xCBBCB000])[29 46       ]0x00003E36:	MOV	R1, R5	;(R5=0x00000010 )
(       libmtguard.so[0xCBBCB000])[FE F7 CE EB ]0x00003E38:	BLX	#0XCBBCD5D8	;(PC=0xCBBCEE38 )
(       libmtguard.so[0xCBBCB000])[00 C6 8F E2 ]0x000025D8:	ADD	IP, PC, #0, #12	;(PC=0xCBBCD5D8 )
(       libmtguard.so[0xCBBCB000])[3D CA 8C E2 ]0x000025DC:	ADD	IP, IP, #0X3D000	;(IP=0xCBBCD5E0 )
(       libmtguard.so[0xCBBCB000])[F4 F8 BC E5 ]0x000025E0:	LDR	PC, [IP, #0X8F4]!	;(IP=0xCBC0A5E0 )
(       libmtguard.so[0xCBBCB000])[00 E0       ]0x00003E3C:	B	#0XCBBCEE40
(       libmtguard.so[0xCBBCB000])[20 46       ]0x00003E40:	MOV	R0, R4	;(R4=0x30045C80 )
(       libmtguard.so[0xCBBCB000])[B0 BD       ]0x00003E42:	POP	{R4, R5, R7, PC}	;(SP=0x100FFF98 )
(       libmtguard.so[0xCBBCB000])[04 46       ]0x00003894:	MOV	R4, R0	;(R0=0x30045C80 )
(       libmtguard.so[0xCBBCB000])[94 B1       ]0x00003896:	CBZ	R4, #0XCBBCE8BE	;(R4=0x30045C80 )
(       libmtguard.so[0xCBBCB000])[0B 20       ]0x00003898:	MOVS	R0, #0XB
(       libmtguard.so[0xCBBCB000])[C4 E9 00 66 ]0x0000389A:	STRD	R6, R6, [R4]	;(R6=0x00000000 R4=0x30045C80 )
(       libmtguard.so[0xCBBCB000])[C4 E9 02 05 ]0x0000389E:	STRD	R0, R5, [R4, #8]	;(R0=0x0000000B R5=0xCBBCFE51 R4=0x30045C80 )
(       libmtguard.so[0xCBBCB000])[04 20       ]0x000038A2:	MOVS	R0, #4
(       libmtguard.so[0xCBBCB000])[0B 21       ]0x000038A4:	MOVS	R1, #0XB
(       libmtguard.so[0xCBBCB000])[00 22       ]0x000038A6:	MOVS	R2, #0
(       libmtguard.so[0xCBBCB000])[00 23       ]0x000038A8:	MOVS	R3, #0
(       libmtguard.so[0xCBBCB000])[00 F0 B9 FA ]0x000038AA:	BL	#0XCBBCEE20	;(PC=0xCBBCE8AA )
(       libmtguard.so[0xCBBCB000])[B0 B5       ]0x00003E20:	PUSH	{R4, R5, R7, LR}	;(SP=0x100FFFA8 R4=0x30045C80 R5=0xCBBCFE51 R7=0x100FFFB8 LR=0xCBBCE8AF )
(       libmtguard.so[0xCBBCB000])[02 AF       ]0x00003E22:	ADD	R7, SP, #8	;(SP=0x100FFF98 )
(       libmtguard.so[0xCBBCB000])[01 FB 00 F5 ]0x00003E24:	MUL	R5, R1, R0	;(R1=0x0000000B R0=0x00000004 )
(       libmtguard.so[0xCBBCB000])[4D B1       ]0x00003E28:	CBZ	R5, #0XCBBCEE3E	;(R5=0x0000002C )
(       libmtguard.so[0xCBBCB000])[28 46       ]0x00003E2A:	MOV	R0, R5	;(R5=0x0000002C )
(       libmtguard.so[0xCBBCB000])[FE F7 C8 EB ]0x00003E2C:	BLX	#0XCBBCD5C0	;(PC=0xCBBCEE2C )
(       libmtguard.so[0xCBBCB000])[00 C6 8F E2 ]0x000025C0:	ADD	IP, PC, #0, #12	;(PC=0xCBBCD5C0 )
(       libmtguard.so[0xCBBCB000])[3D CA 8C E2 ]0x000025C4:	ADD	IP, IP, #0X3D000	;(IP=0xCBBCD5C8 )
(       libmtguard.so[0xCBBCB000])[04 F9 BC E5 ]0x000025C8:	LDR	PC, [IP, #0X904]!	;(IP=0xCBC0A5C8 )
(       libmtguard.so[0xCBBCB000])[04 46       ]0x00003E30:	MOV	R4, R0	;(R0=0x30045C98 )
(       libmtguard.so[0xCBBCB000])[24 B1       ]0x00003E32:	CBZ	R4, #0XCBBCEE3E	;(R4=0x30045C98 )
(       libmtguard.so[0xCBBCB000])[20 46       ]0x00003E34:	MOV	R0, R4	;(R4=0x30045C98 )
(       libmtguard.so[0xCBBCB000])[29 46       ]0x00003E36:	MOV	R1, R5	;(R5=0x0000002C )
(       libmtguard.so[0xCBBCB000])[FE F7 CE EB ]0x00003E38:	BLX	#0XCBBCD5D8	;(PC=0xCBBCEE38 )
(       libmtguard.so[0xCBBCB000])[00 C6 8F E2 ]0x000025D8:	ADD	IP, PC, #0, #12	;(PC=0xCBBCD5D8 )
(       libmtguard.so[0xCBBCB000])[3D CA 8C E2 ]0x000025DC:	ADD	IP, IP, #0X3D000	;(IP=0xCBBCD5E0 )
(       libmtguard.so[0xCBBCB000])[F4 F8 BC E5 ]0x000025E0:	LDR	PC, [IP, #0X8F4]!	;(IP=0xCBC0A5E0 )
(       libmtguard.so[0xCBBCB000])[00 E0       ]0x00003E3C:	B	#0XCBBCEE40
(       libmtguard.so[0xCBBCB000])[20 46       ]0x00003E40:	MOV	R0, R4	;(R4=0x30045C98 )
(       libmtguard.so[0xCBBCB000])[B0 BD       ]0x00003E42:	POP	{R4, R5, R7, PC}	;(SP=0x100FFF98 )
(       libmtguard.so[0xCBBCB000])[00 28       ]0x000038AE:	CMP	R0, #0	;(R0=0x30045C98 )
(       libmtguard.so[0xCBBCB000])[20 60       ]0x000038B0:	STR	R0, [R4]	;(R0=0x30045C98 R4=0x30045C80 )
(       libmtguard.so[0xCBBCB000])[05 D1       ]0x000038B2:	BNE	#0XCBBCE8C0
(       libmtguard.so[0xCBBCB000])[20 46       ]0x000038C0:	MOV	R0, R4	;(R4=0x30045C80 )
(       libmtguard.so[0xCBBCB000])[5D F8 04 BB ]0x000038C2:	LDR	FP, [SP], #4	;(SP=0x100FFFA8 )
(       libmtguard.so[0xCBBCB000])[F0 BD       ]0x000038C6:	POP	{R4, R5, R6, R7, PC}	;(SP=0x100FFFAC )
(       libmtguard.so[0xCBBCB000])[01 36       ]0x0000CE08:	ADDS	R6, #1	;(R6=0x0000009C )
(       libmtguard.so[0xCBBCB000])[60 60       ]0x0000CE0A:	STR	R0, [R4, #4]	;(R0=0x30045C80 R4=0xCBC0D574 )
(       libmtguard.so[0xCBBCB000])[B6 F5 7C 7F ]0x0000CE0C:	CMP.W	R6, #0X3F0	;(R6=0x0000009D )
(       libmtguard.so[0xCBBCB000])[F3 D1       ]0x0000CE10:	BNE	#0XCBBD7DFA
(       libmtguard.so[0xCBBCB000])[48 46       ]0x0000CDFA:	MOV	R0, SB	;(SB=0xCBBCFE51 )
(       libmtguard.so[0xCBBCB000])[45 F8 36 80 ]0x0000CDFC:	STR.W	R8, [R5, R6, LSL #3]	;(R8=0xFFFFFFFF R5=0xCBC0D094 R6=0x0000009D )
(       libmtguard.so[0xCBBCB000])[05 EB C6 04 ]0x0000CE00:	ADD.W	R4, R5, R6, LSL #3	;(R5=0xCBC0D094 R6=0x0000009D )
(       libmtguard.so[0xCBBCB000])[F6 F7 3A FD ]0x0000CE04:	BL	#0XCBBCE87C	;(PC=0xCBBD7E04 )
(       libmtguard.so[0xCBBCB000])[F0 B5       ]0x0000387C:	PUSH	{R4, R5, R6, R7, LR}	;(SP=0x100FFFC0 R4=0xCBC0D57C R5=0xCBC0D094 R6=0x0000009D R7=0x100FFFE0 LR=0xCBBD7E09 )
(       libmtguard.so[0xCBBCB000])[03 AF       ]0x0000387E:	ADD	R7, SP, #0XC	;(SP=0x100FFFAC )
(       libmtguard.so[0xCBBCB000])[4D F8 04 BD ]0x00003880:	STR	FP, [SP, #-0X4]!	;(FP=0xCBC0B1C4 SP=0x100FFFAC )
(       libmtguard.so[0xCBBCB000])[05 46       ]0x00003884:	MOV	R5, R0	;(R0=0xCBBCFE51 )
(       libmtguard.so[0xCBBCB000])[01 20       ]0x00003886:	MOVS	R0, #1
(       libmtguard.so[0xCBBCB000])[10 21       ]0x00003888:	MOVS	R1, #0X10
(       libmtguard.so[0xCBBCB000])[00 22       ]0x0000388A:	MOVS	R2, #0
(       libmtguard.so[0xCBBCB000])[00 23       ]0x0000388C:	MOVS	R3, #0
(       libmtguard.so[0xCBBCB000])[00 26       ]0x0000388E:	MOVS	R6, #0
(       libmtguard.so[0xCBBCB000])[00 F0 C6 FA ]0x00003890:	BL	#0XCBBCEE20	;(PC=0xCBBCE890 )
(       libmtguard.so[0xCBBCB000])[B0 B5       ]0x00003E20:	PUSH	{R4, R5, R7, LR}	;(SP=0x100FFFA8 R4=0xCBC0D57C R5=0xCBBCFE51 R7=0x100FFFB8 LR=0xCBBCE895 )
(       libmtguard.so[0xCBBCB000])[02 AF       ]0x00003E22:	ADD	R7, SP, #8	;(SP=0x100FFF98 )
(       libmtguard.so[0xCBBCB000])[01 FB 00 F5 ]0x00003E24:	MUL	R5, R1, R0	;(R1=0x00000010 R0=0x00000001 )
(       libmtguard.so[0xCBBCB000])[4D B1       ]0x00003E28:	CBZ	R5, #0XCBBCEE3E	;(R5=0x00000010 )
(       libmtguard.so[0xCBBCB000])[28 46       ]0x00003E2A:	MOV	R0, R5	;(R5=0x00000010 )
(       libmtguard.so[0xCBBCB000])[FE F7 C8 EB ]0x00003E2C:	BLX	#0XCBBCD5C0	;(PC=0xCBBCEE2C )
(       libmtguard.so[0xCBBCB000])[00 C6 8F E2 ]0x000025C0:	ADD	IP, PC, #0, #12	;(PC=0xCBBCD5C0 )
(       libmtguard.so[0xCBBCB000])[3D CA 8C E2 ]0x000025C4:	ADD	IP, IP, #0X3D000	;(IP=0xCBBCD5C8 )
(       libmtguard.so[0xCBBCB000])[04 F9 BC E5 ]0x000025C8:	LDR	PC, [IP, #0X904]!	;(IP=0xCBC0A5C8 )
(       libmtguard.so[0xCBBCB000])[04 46       ]0x00003E30:	MOV	R4, R0	;(R0=0x30045CC8 )
(       libmtguard.so[0xCBBCB000])[24 B1       ]0x00003E32:	CBZ	R4, #0XCBBCEE3E	;(R4=0x30045CC8 )
(       libmtguard.so[0xCBBCB000])[20 46       ]0x00003E34:	MOV	R0, R4	;(R4=0x30045CC8 )
(       libmtguard.so[0xCBBCB000])[29 46       ]0x00003E36:	MOV	R1, R5	;(R5=0x00000010 )
(       libmtguard.so[0xCBBCB000])[FE F7 CE EB ]0x00003E38:	BLX	#0XCBBCD5D8	;(PC=0xCBBCEE38 )
(       libmtguard.so[0xCBBCB000])[00 C6 8F E2 ]0x000025D8:	ADD	IP, PC, #0, #12	;(PC=0xCBBCD5D8 )
(       libmtguard.so[0xCBBCB000])[3D CA 8C E2 ]0x000025DC:	ADD	IP, IP, #0X3D000	;(IP=0xCBBCD5E0 )
(       libmtguard.so[0xCBBCB000])[F4 F8 BC E5 ]0x000025E0:	LDR	PC, [IP, #0X8F4]!	;(IP=0xCBC0A5E0 )
(       libmtguard.so[0xCBBCB000])[00 E0       ]0x00003E3C:	B	#0XCBBCEE40
(       libmtguard.so[0xCBBCB000])[20 46       ]0x00003E40:	MOV	R0, R4	;(R4=0x30045CC8 )
(       libmtguard.so[0xCBBCB000])[B0 BD       ]0x00003E42:	POP	{R4, R5, R7, PC}	;(SP=0x100FFF98 )
(       libmtguard.so[0xCBBCB000])[04 46       ]0x00003894:	MOV	R4, R0	;(R0=0x30045CC8 )
(       libmtguard.so[0xCBBCB000])[94 B1       ]0x00003896:	CBZ	R4, #0XCBBCE8BE	;(R4=0x30045CC8 )
(       libmtguard.so[0xCBBCB000])[0B 20       ]0x00003898:	MOVS	R0, #0XB
(       libmtguard.so[0xCBBCB000])[C4 E9 00 66 ]0x0000389A:	STRD	R6, R6, [R4]	;(R6=0x00000000 R4=0x30045CC8 )
(       libmtguard.so[0xCBBCB000])[C4 E9 02 05 ]0x0000389E:	STRD	R0, R5, [R4, #8]	;(R0=0x0000000B R5=0xCBBCFE51 R4=0x30045CC8 )
(       libmtguard.so[0xCBBCB000])[04 20       ]0x000038A2:	MOVS	R0, #4
(       libmtguard.so[0xCBBCB000])[0B 21       ]0x000038A4:	MOVS	R1, #0XB
(       libmtguard.so[0xCBBCB000])[00 22       ]0x000038A6:	MOVS	R2, #0
(       libmtguard.so[0xCBBCB000])[00 23       ]0x000038A8:	MOVS	R3, #0
(       libmtguard.so[0xCBBCB000])[00 F0 B9 FA ]0x000038AA:	BL	#0XCBBCEE20	;(PC=0xCBBCE8AA )
(       libmtguard.so[0xCBBCB000])[B0 B5       ]0x00003E20:	PUSH	{R4, R5, R7, LR}	;(SP=0x100FFFA8 R4=0x30045CC8 R5=0xCBBCFE51 R7=0x100FFFB8 LR=0xCBBCE8AF )
(       libmtguard.so[0xCBBCB000])[02 AF       ]0x00003E22:	ADD	R7, SP, #8	;(SP=0x100FFF98 )
(       libmtguard.so[0xCBBCB000])[01 FB 00 F5 ]0x00003E24:	MUL	R5, R1, R0	;(R1=0x0000000B R0=0x00000004 )
(       libmtguard.so[0xCBBCB000])[4D B1       ]0x00003E28:	CBZ	R5, #0XCBBCEE3E	;(R5=0x0000002C )
(       libmtguard.so[0xCBBCB000])[28 46       ]0x00003E2A:	MOV	R0, R5	;(R5=0x0000002C )
(       libmtguard.so[0xCBBCB000])[FE F7 C8 EB ]0x00003E2C:	BLX	#0XCBBCD5C0	;(PC=0xCBBCEE2C )
(       libmtguard.so[0xCBBCB000])[00 C6 8F E2 ]0x000025C0:	ADD	IP, PC, #0, #12	;(PC=0xCBBCD5C0 )
(       libmtguard.so[0xCBBCB000])[3D CA 8C E2 ]0x000025C4:	ADD	IP, IP, #0X3D000	;(IP=0xCBBCD5C8 )
(       libmtguard.so[0xCBBCB000])[04 F9 BC E5 ]0x000025C8:	LDR	PC, [IP, #0X904]!	;(IP=0xCBC0A5C8 )
(       libmtguard.so[0xCBBCB000])[04 46       ]0x00003E30:	MOV	R4, R0	;(R0=0x30045CE0 )
(       libmtguard.so[0xCBBCB000])[24 B1       ]0x00003E32:	CBZ	R4, #0XCBBCEE3E	;(R4=0x30045CE0 )
(       libmtguard.so[0xCBBCB000])[20 46       ]0x00003E34:	MOV	R0, R4	;(R4=0x30045CE0 )
(       libmtguard.so[0xCBBCB000])[29 46       ]0x00003E36:	MOV	R1, R5	;(R5=0x0000002C )
(       libmtguard.so[0xCBBCB000])[FE F7 CE EB ]0x00003E38:	BLX	#0XCBBCD5D8	;(PC=0xCBBCEE38 )
(       libmtguard.so[0xCBBCB000])[00 C6 8F E2 ]0x000025D8:	ADD	IP, PC, #0, #12	;(PC=0xCBBCD5D8 )
(       libmtguard.so[0xCBBCB000])[3D CA 8C E2 ]0x000025DC:	ADD	IP, IP, #0X3D000	;(IP=0xCBBCD5E0 )
(       libmtguard.so[0xCBBCB000])[F4 F8 BC E5 ]0x000025E0:	LDR	PC, [IP, #0X8F4]!	;(IP=0xCBC0A5E0 )
(       libmtguard.so[0xCBBCB000])[00 E0       ]0x00003E3C:	B	#0XCBBCEE40
(       libmtguard.so[0xCBBCB000])[20 46       ]0x00003E40:	MOV	R0, R4	;(R4=0x30045CE0 )
(       libmtguard.so[0xCBBCB000])[B0 BD       ]0x00003E42:	POP	{R4, R5, R7, PC}	;(SP=0x100FFF98 )
(       libmtguard.so[0xCBBCB000])[00 28       ]0x000038AE:	CMP	R0, #0	;(R0=0x30045CE0 )
(       libmtguard.so[0xCBBCB000])[20 60       ]0x000038B0:	STR	R0, [R4]	;(R0=0x30045CE0 R4=0x30045CC8 )
(       libmtguard.so[0xCBBCB000])[05 D1       ]0x000038B2:	BNE	#0XCBBCE8C0
(       libmtguard.so[0xCBBCB000])[20 46       ]0x000038C0:	MOV	R0, R4	;(R4=0x30045CC8 )
(       libmtguard.so[0xCBBCB000])[5D F8 04 BB ]0x000038C2:	LDR	FP, [SP], #4	;(SP=0x100FFFA8 )
(       libmtguard.so[0xCBBCB000])[F0 BD       ]0x000038C6:	POP	{R4, R5, R6, R7, PC}	;(SP=0x100FFFAC )
(       libmtguard.so[0xCBBCB000])[01 36       ]0x0000CE08:	ADDS	R6, #1	;(R6=0x0000009D )
(       libmtguard.so[0xCBBCB000])[60 60       ]0x0000CE0A:	STR	R0, [R4, #4]	;(R0=0x30045CC8 R4=0xCBC0D57C )
(       libmtguard.so[0xCBBCB000])[B6 F5 7C 7F ]0x0000CE0C:	CMP.W	R6, #0X3F0	;(R6=0x0000009E )
(       libmtguard.so[0xCBBCB000])[F3 D1       ]0x0000CE10:	BNE	#0XCBBD7DFA
(       libmtguard.so[0xCBBCB000])[48 46       ]0x0000CDFA:	MOV	R0, SB	;(SB=0xCBBCFE51 )
(       libmtguard.so[0xCBBCB000])[45 F8 36 80 ]0x0000CDFC:	STR.W	R8, [R5, R6, LSL #3]	;(R8=0xFFFFFFFF R5=0xCBC0D094 R6=0x0000009E )
(       libmtguard.so[0xCBBCB000])[05 EB C6 04 ]0x0000CE00:	ADD.W	R4, R5, R6, LSL #3	;(R5=0xCBC0D094 R6=0x0000009E )
(       libmtguard.so[0xCBBCB000])[F6 F7 3A FD ]0x0000CE04:	BL	#0XCBBCE87C	;(PC=0xCBBD7E04 )
(       libmtguard.so[0xCBBCB000])[F0 B5       ]0x0000387C:	PUSH	{R4, R5, R6, R7, LR}	;(SP=0x100FFFC0 R4=0xCBC0D584 R5=0xCBC0D094 R6=0x0000009E R7=0x100FFFE0 LR=0xCBBD7E09 )
(       libmtguard.so[0xCBBCB000])[03 AF       ]0x0000387E:	ADD	R7, SP, #0XC	;(SP=0x100FFFAC )
(       libmtguard.so[0xCBBCB000])[4D F8 04 BD ]0x00003880:	STR	FP, [SP, #-0X4]!	;(FP=0xCBC0B1C4 SP=0x100FFFAC )
(       libmtguard.so[0xCBBCB000])[05 46       ]0x00003884:	MOV	R5, R0	;(R0=0xCBBCFE51 )
(       libmtguard.so[0xCBBCB000])[01 20       ]0x00003886:	MOVS	R0, #1
(       libmtguard.so[0xCBBCB000])[10 21       ]0x00003888:	MOVS	R1, #0X10
(       libmtguard.so[0xCBBCB000])[00 22       ]0x0000388A:	MOVS	R2, #0
(       libmtguard.so[0xCBBCB000])[00 23       ]0x0000388C:	MOVS	R3, #0
(       libmtguard.so[0xCBBCB000])[00 26       ]0x0000388E:	MOVS	R6, #0
(       libmtguard.so[0xCBBCB000])[00 F0 C6 FA ]0x00003890:	BL	#0XCBBCEE20	;(PC=0xCBBCE890 )
(       libmtguard.so[0xCBBCB000])[B0 B5       ]0x00003E20:	PUSH	{R4, R5, R7, LR}	;(SP=0x100FFFA8 R4=0xCBC0D584 R5=0xCBBCFE51 R7=0x100FFFB8 LR=0xCBBCE895 )
(       libmtguard.so[0xCBBCB000])[02 AF       ]0x00003E22:	ADD	R7, SP, #8	;(SP=0x100FFF98 )
(       libmtguard.so[0xCBBCB000])[01 FB 00 F5 ]0x00003E24:	MUL	R5, R1, R0	;(R1=0x00000010 R0=0x00000001 )
(       libmtguard.so[0xCBBCB000])[4D B1       ]0x00003E28:	CBZ	R5, #0XCBBCEE3E	;(R5=0x00000010 )
(       libmtguard.so[0xCBBCB000])[28 46       ]0x00003E2A:	MOV	R0, R5	;(R5=0x00000010 )
(       libmtguard.so[0xCBBCB000])[FE F7 C8 EB ]0x00003E2C:	BLX	#0XCBBCD5C0	;(PC=0xCBBCEE2C )
(       libmtguard.so[0xCBBCB000])[00 C6 8F E2 ]0x000025C0:	ADD	IP, PC, #0, #12	;(PC=0xCBBCD5C0 )
(       libmtguard.so[0xCBBCB000])[3D CA 8C E2 ]0x000025C4:	ADD	IP, IP, #0X3D000	;(IP=0xCBBCD5C8 )
(       libmtguard.so[0xCBBCB000])[04 F9 BC E5 ]0x000025C8:	LDR	PC, [IP, #0X904]!	;(IP=0xCBC0A5C8 )
(       libmtguard.so[0xCBBCB000])[04 46       ]0x00003E30:	MOV	R4, R0	;(R0=0x30045D10 )
(       libmtguard.so[0xCBBCB000])[24 B1       ]0x00003E32:	CBZ	R4, #0XCBBCEE3E	;(R4=0x30045D10 )
(       libmtguard.so[0xCBBCB000])[20 46       ]0x00003E34:	MOV	R0, R4	;(R4=0x30045D10 )
(       libmtguard.so[0xCBBCB000])[29 46       ]0x00003E36:	MOV	R1, R5	;(R5=0x00000010 )
(       libmtguard.so[0xCBBCB000])[FE F7 CE EB ]0x00003E38:	BLX	#0XCBBCD5D8	;(PC=0xCBBCEE38 )
(       libmtguard.so[0xCBBCB000])[00 C6 8F E2 ]0x000025D8:	ADD	IP, PC, #0, #12	;(PC=0xCBBCD5D8 )
(       libmtguard.so[0xCBBCB000])[3D CA 8C E2 ]0x000025DC:	ADD	IP, IP, #0X3D000	;(IP=0xCBBCD5E0 )
(       libmtguard.so[0xCBBCB000])[F4 F8 BC E5 ]0x000025E0:	LDR	PC, [IP, #0X8F4]!	;(IP=0xCBC0A5E0 )
(       libmtguard.so[0xCBBCB000])[00 E0       ]0x00003E3C:	B	#0XCBBCEE40
(       libmtguard.so[0xCBBCB000])[20 46       ]0x00003E40:	MOV	R0, R4	;(R4=0x30045D10 )
(       libmtguard.so[0xCBBCB000])[B0 BD       ]0x00003E42:	POP	{R4, R5, R7, PC}	;(SP=0x100FFF98 )
(       libmtguard.so[0xCBBCB000])[04 46       ]0x00003894:	MOV	R4, R0	;(R0=0x30045D10 )
(       libmtguard.so[0xCBBCB000])[94 B1       ]0x00003896:	CBZ	R4, #0XCBBCE8BE	;(R4=0x30045D10 )
(       libmtguard.so[0xCBBCB000])[0B 20       ]0x00003898:	MOVS	R0, #0XB
(       libmtguard.so[0xCBBCB000])[C4 E9 00 66 ]0x0000389A:	STRD	R6, R6, [R4]	;(R6=0x00000000 R4=0x30045D10 )
(       libmtguard.so[0xCBBCB000])[C4 E9 02 05 ]0x0000389E:	STRD	R0, R5, [R4, #8]	;(R0=0x0000000B R5=0xCBBCFE51 R4=0x30045D10 )
(       libmtguard.so[0xCBBCB000])[04 20       ]0x000038A2:	MOVS	R0, #4
(       libmtguard.so[0xCBBCB000])[0B 21       ]0x000038A4:	MOVS	R1, #0XB
(       libmtguard.so[0xCBBCB000])[00 22       ]0x000038A6:	MOVS	R2, #0
(       libmtguard.so[0xCBBCB000])[00 23       ]0x000038A8:	MOVS	R3, #0
(       libmtguard.so[0xCBBCB000])[00 F0 B9 FA ]0x000038AA:	BL	#0XCBBCEE20	;(PC=0xCBBCE8AA )
(       libmtguard.so[0xCBBCB000])[B0 B5       ]0x00003E20:	PUSH	{R4, R5, R7, LR}	;(SP=0x100FFFA8 R4=0x30045D10 R5=0xCBBCFE51 R7=0x100FFFB8 LR=0xCBBCE8AF )
(       libmtguard.so[0xCBBCB000])[02 AF       ]0x00003E22:	ADD	R7, SP, #8	;(SP=0x100FFF98 )
(       libmtguard.so[0xCBBCB000])[01 FB 00 F5 ]0x00003E24:	MUL	R5, R1, R0	;(R1=0x0000000B R0=0x00000004 )
(       libmtguard.so[0xCBBCB000])[4D B1       ]0x00003E28:	CBZ	R5, #0XCBBCEE3E	;(R5=0x0000002C )
(       libmtguard.so[0xCBBCB000])[28 46       ]0x00003E2A:	MOV	R0, R5	;(R5=0x0000002C )
(       libmtguard.so[0xCBBCB000])[FE F7 C8 EB ]0x00003E2C:	BLX	#0XCBBCD5C0	;(PC=0xCBBCEE2C )
(       libmtguard.so[0xCBBCB000])[00 C6 8F E2 ]0x000025C0:	ADD	IP, PC, #0, #12	;(PC=0xCBBCD5C0 )
(       libmtguard.so[0xCBBCB000])[3D CA 8C E2 ]0x000025C4:	ADD	IP, IP, #0X3D000	;(IP=0xCBBCD5C8 )
(       libmtguard.so[0xCBBCB000])[04 F9 BC E5 ]0x000025C8:	LDR	PC, [IP, #0X904]!	;(IP=0xCBC0A5C8 )
(       libmtguard.so[0xCBBCB000])[04 46       ]0x00003E30:	MOV	R4, R0	;(R0=0x30045D28 )
(       libmtguard.so[0xCBBCB000])[24 B1       ]0x00003E32:	CBZ	R4, #0XCBBCEE3E	;(R4=0x30045D28 )
(       libmtguard.so[0xCBBCB000])[20 46       ]0x00003E34:	MOV	R0, R4	;(R4=0x30045D28 )
(       libmtguard.so[0xCBBCB000])[29 46       ]0x00003E36:	MOV	R1, R5	;(R5=0x0000002C )
(       libmtguard.so[0xCBBCB000])[FE F7 CE EB ]0x00003E38:	BLX	#0XCBBCD5D8	;(PC=0xCBBCEE38 )
(       libmtguard.so[0xCBBCB000])[00 C6 8F E2 ]0x000025D8:	ADD	IP, PC, #0, #12	;(PC=0xCBBCD5D8 )
(       libmtguard.so[0xCBBCB000])[3D CA 8C E2 ]0x000025DC:	ADD	IP, IP, #0X3D000	;(IP=0xCBBCD5E0 )
(       libmtguard.so[0xCBBCB000])[F4 F8 BC E5 ]0x000025E0:	LDR	PC, [IP, #0X8F4]!	;(IP=0xCBC0A5E0 )
(       libmtguard.so[0xCBBCB000])[00 E0       ]0x00003E3C:	B	#0XCBBCEE40
(       libmtguard.so[0xCBBCB000])[20 46       ]0x00003E40:	MOV	R0, R4	;(R4=0x30045D28 )
(       libmtguard.so[0xCBBCB000])[B0 BD       ]0x00003E42:	POP	{R4, R5, R7, PC}	;(SP=0x100FFF98 )
(       libmtguard.so[0xCBBCB000])[00 28       ]0x000038AE:	CMP	R0, #0	;(R0=0x30045D28 )
(       libmtguard.so[0xCBBCB000])[20 60       ]0x000038B0:	STR	R0, [R4]	;(R0=0x30045D28 R4=0x30045D10 )
(       libmtguard.so[0xCBBCB000])[05 D1       ]0x000038B2:	BNE	#0XCBBCE8C0
(       libmtguard.so[0xCBBCB000])[20 46       ]0x000038C0:	MOV	R0, R4	;(R4=0x30045D10 )
(       libmtguard.so[0xCBBCB000])[5D F8 04 BB ]0x000038C2:	LDR	FP, [SP], #4	;(SP=0x100FFFA8 )
(       libmtguard.so[0xCBBCB000])[F0 BD       ]0x000038C6:	POP	{R4, R5, R6, R7, PC}	;(SP=0x100FFFAC )
(       libmtguard.so[0xCBBCB000])[01 36       ]0x0000CE08:	ADDS	R6, #1	;(R6=0x0000009E )
(       libmtguard.so[0xCBBCB000])[60 60       ]0x0000CE0A:	STR	R0, [R4, #4]	;(R0=0x30045D10 R4=0xCBC0D584 )
(       libmtguard.so[0xCBBCB000])[B6 F5 7C 7F ]0x0000CE0C:	CMP.W	R6, #0X3F0	;(R6=0x0000009F )
(       libmtguard.so[0xCBBCB000])[F3 D1       ]0x0000CE10:	BNE	#0XCBBD7DFA
(       libmtguard.so[0xCBBCB000])[48 46       ]0x0000CDFA:	MOV	R0, SB	;(SB=0xCBBCFE51 )
(       libmtguard.so[0xCBBCB000])[45 F8 36 80 ]0x0000CDFC:	STR.W	R8, [R5, R6, LSL #3]	;(R8=0xFFFFFFFF R5=0xCBC0D094 R6=0x0000009F )
(       libmtguard.so[0xCBBCB000])[05 EB C6 04 ]0x0000CE00:	ADD.W	R4, R5, R6, LSL #3	;(R5=0xCBC0D094 R6=0x0000009F )
(       libmtguard.so[0xCBBCB000])[F6 F7 3A FD ]0x0000CE04:	BL	#0XCBBCE87C	;(PC=0xCBBD7E04 )
(       libmtguard.so[0xCBBCB000])[F0 B5       ]0x0000387C:	PUSH	{R4, R5, R6, R7, LR}	;(SP=0x100FFFC0 R4=0xCBC0D58C R5=0xCBC0D094 R6=0x0000009F R7=0x100FFFE0 LR=0xCBBD7E09 )
(       libmtguard.so[0xCBBCB000])[03 AF       ]0x0000387E:	ADD	R7, SP, #0XC	;(SP=0x100FFFAC )
(       libmtguard.so[0xCBBCB000])[4D F8 04 BD ]0x00003880:	STR	FP, [SP, #-0X4]!	;(FP=0xCBC0B1C4 SP=0x100FFFAC )
(       libmtguard.so[0xCBBCB000])[05 46       ]0x00003884:	MOV	R5, R0	;(R0=0xCBBCFE51 )
(       libmtguard.so[0xCBBCB000])[01 20       ]0x00003886:	MOVS	R0, #1
(       libmtguard.so[0xCBBCB000])[10 21       ]0x00003888:	MOVS	R1, #0X10
(       libmtguard.so[0xCBBCB000])[00 22       ]0x0000388A:	MOVS	R2, #0
(       libmtguard.so[0xCBBCB000])[00 23       ]0x0000388C:	MOVS	R3, #0
(       libmtguard.so[0xCBBCB000])[00 26       ]0x0000388E:	MOVS	R6, #0
(       libmtguard.so[0xCBBCB000])[00 F0 C6 FA ]0x00003890:	BL	#0XCBBCEE20	;(PC=0xCBBCE890 )
(       libmtguard.so[0xCBBCB000])[B0 B5       ]0x00003E20:	PUSH	{R4, R5, R7, LR}	;(SP=0x100FFFA8 R4=0xCBC0D58C R5=0xCBBCFE51 R7=0x100FFFB8 LR=0xCBBCE895 )
(       libmtguard.so[0xCBBCB000])[02 AF       ]0x00003E22:	ADD	R7, SP, #8	;(SP=0x100FFF98 )
(       libmtguard.so[0xCBBCB000])[01 FB 00 F5 ]0x00003E24:	MUL	R5, R1, R0	;(R1=0x00000010 R0=0x00000001 )
(       libmtguard.so[0xCBBCB000])[4D B1       ]0x00003E28:	CBZ	R5, #0XCBBCEE3E	;(R5=0x00000010 )
(       libmtguard.so[0xCBBCB000])[28 46       ]0x00003E2A:	MOV	R0, R5	;(R5=0x00000010 )
(       libmtguard.so[0xCBBCB000])[FE F7 C8 EB ]0x00003E2C:	BLX	#0XCBBCD5C0	;(PC=0xCBBCEE2C )
(       libmtguard.so[0xCBBCB000])[00 C6 8F E2 ]0x000025C0:	ADD	IP, PC, #0, #12	;(PC=0xCBBCD5C0 )
(       libmtguard.so[0xCBBCB000])[3D CA 8C E2 ]0x000025C4:	ADD	IP, IP, #0X3D000	;(IP=0xCBBCD5C8 )
(       libmtguard.so[0xCBBCB000])[04 F9 BC E5 ]0x000025C8:	LDR	PC, [IP, #0X904]!	;(IP=0xCBC0A5C8 )
(       libmtguard.so[0xCBBCB000])[04 46       ]0x00003E30:	MOV	R4, R0	;(R0=0x30045D58 )
(       libmtguard.so[0xCBBCB000])[24 B1       ]0x00003E32:	CBZ	R4, #0XCBBCEE3E	;(R4=0x30045D58 )
(       libmtguard.so[0xCBBCB000])[20 46       ]0x00003E34:	MOV	R0, R4	;(R4=0x30045D58 )
(       libmtguard.so[0xCBBCB000])[29 46       ]0x00003E36:	MOV	R1, R5	;(R5=0x00000010 )
(       libmtguard.so[0xCBBCB000])[FE F7 CE EB ]0x00003E38:	BLX	#0XCBBCD5D8	;(PC=0xCBBCEE38 )
(       libmtguard.so[0xCBBCB000])[00 C6 8F E2 ]0x000025D8:	ADD	IP, PC, #0, #12	;(PC=0xCBBCD5D8 )
(       libmtguard.so[0xCBBCB000])[3D CA 8C E2 ]0x000025DC:	ADD	IP, IP, #0X3D000	;(IP=0xCBBCD5E0 )
(       libmtguard.so[0xCBBCB000])[F4 F8 BC E5 ]0x000025E0:	LDR	PC, [IP, #0X8F4]!	;(IP=0xCBC0A5E0 )
(       libmtguard.so[0xCBBCB000])[00 E0       ]0x00003E3C:	B	#0XCBBCEE40
(       libmtguard.so[0xCBBCB000])[20 46       ]0x00003E40:	MOV	R0, R4	;(R4=0x30045D58 )
(       libmtguard.so[0xCBBCB000])[B0 BD       ]0x00003E42:	POP	{R4, R5, R7, PC}	;(SP=0x100FFF98 )
(       libmtguard.so[0xCBBCB000])[04 46       ]0x00003894:	MOV	R4, R0	;(R0=0x30045D58 )
(       libmtguard.so[0xCBBCB000])[94 B1       ]0x00003896:	CBZ	R4, #0XCBBCE8BE	;(R4=0x30045D58 )
(       libmtguard.so[0xCBBCB000])[0B 20       ]0x00003898:	MOVS	R0, #0XB
(       libmtguard.so[0xCBBCB000])[C4 E9 00 66 ]0x0000389A:	STRD	R6, R6, [R4]	;(R6=0x00000000 R4=0x30045D58 )
(       libmtguard.so[0xCBBCB000])[C4 E9 02 05 ]0x0000389E:	STRD	R0, R5, [R4, #8]	;(R0=0x0000000B R5=0xCBBCFE51 R4=0x30045D58 )
(       libmtguard.so[0xCBBCB000])[04 20       ]0x000038A2:	MOVS	R0, #4
(       libmtguard.so[0xCBBCB000])[0B 21       ]0x000038A4:	MOVS	R1, #0XB
(       libmtguard.so[0xCBBCB000])[00 22       ]0x000038A6:	MOVS	R2, #0
(       libmtguard.so[0xCBBCB000])[00 23       ]0x000038A8:	MOVS	R3, #0
(       libmtguard.so[0xCBBCB000])[00 F0 B9 FA ]0x000038AA:	BL	#0XCBBCEE20	;(PC=0xCBBCE8AA )
(       libmtguard.so[0xCBBCB000])[B0 B5       ]0x00003E20:	PUSH	{R4, R5, R7, LR}	;(SP=0x100FFFA8 R4=0x30045D58 R5=0xCBBCFE51 R7=0x100FFFB8 LR=0xCBBCE8AF )
(       libmtguard.so[0xCBBCB000])[02 AF       ]0x00003E22:	ADD	R7, SP, #8	;(SP=0x100FFF98 )
(       libmtguard.so[0xCBBCB000])[01 FB 00 F5 ]0x00003E24:	MUL	R5, R1, R0	;(R1=0x0000000B R0=0x00000004 )
(       libmtguard.so[0xCBBCB000])[4D B1       ]0x00003E28:	CBZ	R5, #0XCBBCEE3E	;(R5=0x0000002C )
(       libmtguard.so[0xCBBCB000])[28 46       ]0x00003E2A:	MOV	R0, R5	;(R5=0x0000002C )
(       libmtguard.so[0xCBBCB000])[FE F7 C8 EB ]0x00003E2C:	BLX	#0XCBBCD5C0	;(PC=0xCBBCEE2C )
(       libmtguard.so[0xCBBCB000])[00 C6 8F E2 ]0x000025C0:	ADD	IP, PC, #0, #12	;(PC=0xCBBCD5C0 )
(       libmtguard.so[0xCBBCB000])[3D CA 8C E2 ]0x000025C4:	ADD	IP, IP, #0X3D000	;(IP=0xCBBCD5C8 )
(       libmtguard.so[0xCBBCB000])[04 F9 BC E5 ]0x000025C8:	LDR	PC, [IP, #0X904]!	;(IP=0xCBC0A5C8 )
(       libmtguard.so[0xCBBCB000])[04 46       ]0x00003E30:	MOV	R4, R0	;(R0=0x30045D70 )
(       libmtguard.so[0xCBBCB000])[24 B1       ]0x00003E32:	CBZ	R4, #0XCBBCEE3E	;(R4=0x30045D70 )
(       libmtguard.so[0xCBBCB000])[20 46       ]0x00003E34:	MOV	R0, R4	;(R4=0x30045D70 )
(       libmtguard.so[0xCBBCB000])[29 46       ]0x00003E36:	MOV	R1, R5	;(R5=0x0000002C )
(       libmtguard.so[0xCBBCB000])[FE F7 CE EB ]0x00003E38:	BLX	#0XCBBCD5D8	;(PC=0xCBBCEE38 )
(       libmtguard.so[0xCBBCB000])[00 C6 8F E2 ]0x000025D8:	ADD	IP, PC, #0, #12	;(PC=0xCBBCD5D8 )
(       libmtguard.so[0xCBBCB000])[3D CA 8C E2 ]0x000025DC:	ADD	IP, IP, #0X3D000	;(IP=0xCBBCD5E0 )
(       libmtguard.so[0xCBBCB000])[F4 F8 BC E5 ]0x000025E0:	LDR	PC, [IP, #0X8F4]!	;(IP=0xCBC0A5E0 )
(       libmtguard.so[0xCBBCB000])[00 E0       ]0x00003E3C:	B	#0XCBBCEE40
(       libmtguard.so[0xCBBCB000])[20 46       ]0x00003E40:	MOV	R0, R4	;(R4=0x30045D70 )
(       libmtguard.so[0xCBBCB000])[B0 BD       ]0x00003E42:	POP	{R4, R5, R7, PC}	;(SP=0x100FFF98 )
(       libmtguard.so[0xCBBCB000])[00 28       ]0x000038AE:	CMP	R0, #0	;(R0=0x30045D70 )
(       libmtguard.so[0xCBBCB000])[20 60       ]0x000038B0:	STR	R0, [R4]	;(R0=0x30045D70 R4=0x30045D58 )
(       libmtguard.so[0xCBBCB000])[05 D1       ]0x000038B2:	BNE	#0XCBBCE8C0
(       libmtguard.so[0xCBBCB000])[20 46       ]0x000038C0:	MOV	R0, R4	;(R4=0x30045D58 )
(       libmtguard.so[0xCBBCB000])[5D F8 04 BB ]0x000038C2:	LDR	FP, [SP], #4	;(SP=0x100FFFA8 )
(       libmtguard.so[0xCBBCB000])[F0 BD       ]0x000038C6:	POP	{R4, R5, R6, R7, PC}	;(SP=0x100FFFAC )
(       libmtguard.so[0xCBBCB000])[01 36       ]0x0000CE08:	ADDS	R6, #1	;(R6=0x0000009F )
(       libmtguard.so[0xCBBCB000])[60 60       ]0x0000CE0A:	STR	R0, [R4, #4]	;(R0=0x30045D58 R4=0xCBC0D58C )
(       libmtguard.so[0xCBBCB000])[B6 F5 7C 7F ]0x0000CE0C:	CMP.W	R6, #0X3F0	;(R6=0x000000A0 )
(       libmtguard.so[0xCBBCB000])[F3 D1       ]0x0000CE10:	BNE	#0XCBBD7DFA
(       libmtguard.so[0xCBBCB000])[48 46       ]0x0000CDFA:	MOV	R0, SB	;(SB=0xCBBCFE51 )
(       libmtguard.so[0xCBBCB000])[45 F8 36 80 ]0x0000CDFC:	STR.W	R8, [R5, R6, LSL #3]	;(R8=0xFFFFFFFF R5=0xCBC0D094 R6=0x000000A0 )
(       libmtguard.so[0xCBBCB000])[05 EB C6 04 ]0x0000CE00:	ADD.W	R4, R5, R6, LSL #3	;(R5=0xCBC0D094 R6=0x000000A0 )
(       libmtguard.so[0xCBBCB000])[F6 F7 3A FD ]0x0000CE04:	BL	#0XCBBCE87C	;(PC=0xCBBD7E04 )
(       libmtguard.so[0xCBBCB000])[F0 B5       ]0x0000387C:	PUSH	{R4, R5, R6, R7, LR}	;(SP=0x100FFFC0 R4=0xCBC0D594 R5=0xCBC0D094 R6=0x000000A0 R7=0x100FFFE0 LR=0xCBBD7E09 )
(       libmtguard.so[0xCBBCB000])[03 AF       ]0x0000387E:	ADD	R7, SP, #0XC	;(SP=0x100FFFAC )
(       libmtguard.so[0xCBBCB000])[4D F8 04 BD ]0x00003880:	STR	FP, [SP, #-0X4]!	;(FP=0xCBC0B1C4 SP=0x100FFFAC )
(       libmtguard.so[0xCBBCB000])[05 46       ]0x00003884:	MOV	R5, R0	;(R0=0xCBBCFE51 )
(       libmtguard.so[0xCBBCB000])[01 20       ]0x00003886:	MOVS	R0, #1
(       libmtguard.so[0xCBBCB000])[10 21       ]0x00003888:	MOVS	R1, #0X10
(       libmtguard.so[0xCBBCB000])[00 22       ]0x0000388A:	MOVS	R2, #0
(       libmtguard.so[0xCBBCB000])[00 23       ]0x0000388C:	MOVS	R3, #0
(       libmtguard.so[0xCBBCB000])[00 26       ]0x0000388E:	MOVS	R6, #0
(       libmtguard.so[0xCBBCB000])[00 F0 C6 FA ]0x00003890:	BL	#0XCBBCEE20	;(PC=0xCBBCE890 )
(       libmtguard.so[0xCBBCB000])[B0 B5       ]0x00003E20:	PUSH	{R4, R5, R7, LR}	;(SP=0x100FFFA8 R4=0xCBC0D594 R5=0xCBBCFE51 R7=0x100FFFB8 LR=0xCBBCE895 )
(       libmtguard.so[0xCBBCB000])[02 AF       ]0x00003E22:	ADD	R7, SP, #8	;(SP=0x100FFF98 )
(       libmtguard.so[0xCBBCB000])[01 FB 00 F5 ]0x00003E24:	MUL	R5, R1, R0	;(R1=0x00000010 R0=0x00000001 )
(       libmtguard.so[0xCBBCB000])[4D B1       ]0x00003E28:	CBZ	R5, #0XCBBCEE3E	;(R5=0x00000010 )
(       libmtguard.so[0xCBBCB000])[28 46       ]0x00003E2A:	MOV	R0, R5	;(R5=0x00000010 )
(       libmtguard.so[0xCBBCB000])[FE F7 C8 EB ]0x00003E2C:	BLX	#0XCBBCD5C0	;(PC=0xCBBCEE2C )
(       libmtguard.so[0xCBBCB000])[00 C6 8F E2 ]0x000025C0:	ADD	IP, PC, #0, #12	;(PC=0xCBBCD5C0 )
(       libmtguard.so[0xCBBCB000])[3D CA 8C E2 ]0x000025C4:	ADD	IP, IP, #0X3D000	;(IP=0xCBBCD5C8 )
(       libmtguard.so[0xCBBCB000])[04 F9 BC E5 ]0x000025C8:	LDR	PC, [IP, #0X904]!	;(IP=0xCBC0A5C8 )
(       libmtguard.so[0xCBBCB000])[04 46       ]0x00003E30:	MOV	R4, R0	;(R0=0x30045DA0 )
(       libmtguard.so[0xCBBCB000])[24 B1       ]0x00003E32:	CBZ	R4, #0XCBBCEE3E	;(R4=0x30045DA0 )
(       libmtguard.so[0xCBBCB000])[20 46       ]0x00003E34:	MOV	R0, R4	;(R4=0x30045DA0 )
(       libmtguard.so[0xCBBCB000])[29 46       ]0x00003E36:	MOV	R1, R5	;(R5=0x00000010 )
(       libmtguard.so[0xCBBCB000])[FE F7 CE EB ]0x00003E38:	BLX	#0XCBBCD5D8	;(PC=0xCBBCEE38 )
(       libmtguard.so[0xCBBCB000])[00 C6 8F E2 ]0x000025D8:	ADD	IP, PC, #0, #12	;(PC=0xCBBCD5D8 )
(       libmtguard.so[0xCBBCB000])[3D CA 8C E2 ]0x000025DC:	ADD	IP, IP, #0X3D000	;(IP=0xCBBCD5E0 )
(       libmtguard.so[0xCBBCB000])[F4 F8 BC E5 ]0x000025E0:	LDR	PC, [IP, #0X8F4]!	;(IP=0xCBC0A5E0 )
(       libmtguard.so[0xCBBCB000])[00 E0       ]0x00003E3C:	B	#0XCBBCEE40
(       libmtguard.so[0xCBBCB000])[20 46       ]0x00003E40:	MOV	R0, R4	;(R4=0x30045DA0 )
(       libmtguard.so[0xCBBCB000])[B0 BD       ]0x00003E42:	POP	{R4, R5, R7, PC}	;(SP=0x100FFF98 )
(       libmtguard.so[0xCBBCB000])[04 46       ]0x00003894:	MOV	R4, R0	;(R0=0x30045DA0 )
(       libmtguard.so[0xCBBCB000])[94 B1       ]0x00003896:	CBZ	R4, #0XCBBCE8BE	;(R4=0x30045DA0 )
(       libmtguard.so[0xCBBCB000])[0B 20       ]0x00003898:	MOVS	R0, #0XB
(       libmtguard.so[0xCBBCB000])[C4 E9 00 66 ]0x0000389A:	STRD	R6, R6, [R4]	;(R6=0x00000000 R4=0x30045DA0 )
(       libmtguard.so[0xCBBCB000])[C4 E9 02 05 ]0x0000389E:	STRD	R0, R5, [R4, #8]	;(R0=0x0000000B R5=0xCBBCFE51 R4=0x30045DA0 )
(       libmtguard.so[0xCBBCB000])[04 20       ]0x000038A2:	MOVS	R0, #4
(       libmtguard.so[0xCBBCB000])[0B 21       ]0x000038A4:	MOVS	R1, #0XB
(       libmtguard.so[0xCBBCB000])[00 22       ]0x000038A6:	MOVS	R2, #0
(       libmtguard.so[0xCBBCB000])[00 23       ]0x000038A8:	MOVS	R3, #0
(       libmtguard.so[0xCBBCB000])[00 F0 B9 FA ]0x000038AA:	BL	#0XCBBCEE20	;(PC=0xCBBCE8AA )
(       libmtguard.so[0xCBBCB000])[B0 B5       ]0x00003E20:	PUSH	{R4, R5, R7, LR}	;(SP=0x100FFFA8 R4=0x30045DA0 R5=0xCBBCFE51 R7=0x100FFFB8 LR=0xCBBCE8AF )
(       libmtguard.so[0xCBBCB000])[02 AF       ]0x00003E22:	ADD	R7, SP, #8	;(SP=0x100FFF98 )
(       libmtguard.so[0xCBBCB000])[01 FB 00 F5 ]0x00003E24:	MUL	R5, R1, R0	;(R1=0x0000000B R0=0x00000004 )
(       libmtguard.so[0xCBBCB000])[4D B1       ]0x00003E28:	CBZ	R5, #0XCBBCEE3E	;(R5=0x0000002C )
(       libmtguard.so[0xCBBCB000])[28 46       ]0x00003E2A:	MOV	R0, R5	;(R5=0x0000002C )
(       libmtguard.so[0xCBBCB000])[FE F7 C8 EB ]0x00003E2C:	BLX	#0XCBBCD5C0	;(PC=0xCBBCEE2C )
(       libmtguard.so[0xCBBCB000])[00 C6 8F E2 ]0x000025C0:	ADD	IP, PC, #0, #12	;(PC=0xCBBCD5C0 )
(       libmtguard.so[0xCBBCB000])[3D CA 8C E2 ]0x000025C4:	ADD	IP, IP, #0X3D000	;(IP=0xCBBCD5C8 )
(       libmtguard.so[0xCBBCB000])[04 F9 BC E5 ]0x000025C8:	LDR	PC, [IP, #0X904]!	;(IP=0xCBC0A5C8 )
(       libmtguard.so[0xCBBCB000])[04 46       ]0x00003E30:	MOV	R4, R0	;(R0=0x30045DB8 )
(       libmtguard.so[0xCBBCB000])[24 B1       ]0x00003E32:	CBZ	R4, #0XCBBCEE3E	;(R4=0x30045DB8 )
(       libmtguard.so[0xCBBCB000])[20 46       ]0x00003E34:	MOV	R0, R4	;(R4=0x30045DB8 )
(       libmtguard.so[0xCBBCB000])[29 46       ]0x00003E36:	MOV	R1, R5	;(R5=0x0000002C )
(       libmtguard.so[0xCBBCB000])[FE F7 CE EB ]0x00003E38:	BLX	#0XCBBCD5D8	;(PC=0xCBBCEE38 )
(       libmtguard.so[0xCBBCB000])[00 C6 8F E2 ]0x000025D8:	ADD	IP, PC, #0, #12	;(PC=0xCBBCD5D8 )
(       libmtguard.so[0xCBBCB000])[3D CA 8C E2 ]0x000025DC:	ADD	IP, IP, #0X3D000	;(IP=0xCBBCD5E0 )
(       libmtguard.so[0xCBBCB000])[F4 F8 BC E5 ]0x000025E0:	LDR	PC, [IP, #0X8F4]!	;(IP=0xCBC0A5E0 )
(       libmtguard.so[0xCBBCB000])[00 E0       ]0x00003E3C:	B	#0XCBBCEE40
(       libmtguard.so[0xCBBCB000])[20 46       ]0x00003E40:	MOV	R0, R4	;(R4=0x30045DB8 )
(       libmtguard.so[0xCBBCB000])[B0 BD       ]0x00003E42:	POP	{R4, R5, R7, PC}	;(SP=0x100FFF98 )
(       libmtguard.so[0xCBBCB000])[00 28       ]0x000038AE:	CMP	R0, #0	;(R0=0x30045DB8 )
(       libmtguard.so[0xCBBCB000])[20 60       ]0x000038B0:	STR	R0, [R4]	;(R0=0x30045DB8 R4=0x30045DA0 )
(       libmtguard.so[0xCBBCB000])[05 D1       ]0x000038B2:	BNE	#0XCBBCE8C0
(       libmtguard.so[0xCBBCB000])[20 46       ]0x000038C0:	MOV	R0, R4	;(R4=0x30045DA0 )
(       libmtguard.so[0xCBBCB000])[5D F8 04 BB ]0x000038C2:	LDR	FP, [SP], #4	;(SP=0x100FFFA8 )
(       libmtguard.so[0xCBBCB000])[F0 BD       ]0x000038C6:	POP	{R4, R5, R6, R7, PC}	;(SP=0x100FFFAC )
(       libmtguard.so[0xCBBCB000])[01 36       ]0x0000CE08:	ADDS	R6, #1	;(R6=0x000000A0 )
(       libmtguard.so[0xCBBCB000])[60 60       ]0x0000CE0A:	STR	R0, [R4, #4]	;(R0=0x30045DA0 R4=0xCBC0D594 )
(       libmtguard.so[0xCBBCB000])[B6 F5 7C 7F ]0x0000CE0C:	CMP.W	R6, #0X3F0	;(R6=0x000000A1 )
(       libmtguard.so[0xCBBCB000])[F3 D1       ]0x0000CE10:	BNE	#0XCBBD7DFA
(       libmtguard.so[0xCBBCB000])[48 46       ]0x0000CDFA:	MOV	R0, SB	;(SB=0xCBBCFE51 )
(       libmtguard.so[0xCBBCB000])[45 F8 36 80 ]0x0000CDFC:	STR.W	R8, [R5, R6, LSL #3]	;(R8=0xFFFFFFFF R5=0xCBC0D094 R6=0x000000A1 )
(       libmtguard.so[0xCBBCB000])[05 EB C6 04 ]0x0000CE00:	ADD.W	R4, R5, R6, LSL #3	;(R5=0xCBC0D094 R6=0x000000A1 )
(       libmtguard.so[0xCBBCB000])[F6 F7 3A FD ]0x0000CE04:	BL	#0XCBBCE87C	;(PC=0xCBBD7E04 )
(       libmtguard.so[0xCBBCB000])[F0 B5       ]0x0000387C:	PUSH	{R4, R5, R6, R7, LR}	;(SP=0x100FFFC0 R4=0xCBC0D59C R5=0xCBC0D094 R6=0x000000A1 R7=0x100FFFE0 LR=0xCBBD7E09 )
(       libmtguard.so[0xCBBCB000])[03 AF       ]0x0000387E:	ADD	R7, SP, #0XC	;(SP=0x100FFFAC )
(       libmtguard.so[0xCBBCB000])[4D F8 04 BD ]0x00003880:	STR	FP, [SP, #-0X4]!	;(FP=0xCBC0B1C4 SP=0x100FFFAC )
(       libmtguard.so[0xCBBCB000])[05 46       ]0x00003884:	MOV	R5, R0	;(R0=0xCBBCFE51 )
(       libmtguard.so[0xCBBCB000])[01 20       ]0x00003886:	MOVS	R0, #1
(       libmtguard.so[0xCBBCB000])[10 21       ]0x00003888:	MOVS	R1, #0X10
(       libmtguard.so[0xCBBCB000])[00 22       ]0x0000388A:	MOVS	R2, #0
(       libmtguard.so[0xCBBCB000])[00 23       ]0x0000388C:	MOVS	R3, #0
(       libmtguard.so[0xCBBCB000])[00 26       ]0x0000388E:	MOVS	R6, #0
(       libmtguard.so[0xCBBCB000])[00 F0 C6 FA ]0x00003890:	BL	#0XCBBCEE20	;(PC=0xCBBCE890 )
(       libmtguard.so[0xCBBCB000])[B0 B5       ]0x00003E20:	PUSH	{R4, R5, R7, LR}	;(SP=0x100FFFA8 R4=0xCBC0D59C R5=0xCBBCFE51 R7=0x100FFFB8 LR=0xCBBCE895 )
(       libmtguard.so[0xCBBCB000])[02 AF       ]0x00003E22:	ADD	R7, SP, #8	;(SP=0x100FFF98 )
(       libmtguard.so[0xCBBCB000])[01 FB 00 F5 ]0x00003E24:	MUL	R5, R1, R0	;(R1=0x00000010 R0=0x00000001 )
(       libmtguard.so[0xCBBCB000])[4D B1       ]0x00003E28:	CBZ	R5, #0XCBBCEE3E	;(R5=0x00000010 )
(       libmtguard.so[0xCBBCB000])[28 46       ]0x00003E2A:	MOV	R0, R5	;(R5=0x00000010 )
(       libmtguard.so[0xCBBCB000])[FE F7 C8 EB ]0x00003E2C:	BLX	#0XCBBCD5C0	;(PC=0xCBBCEE2C )
(       libmtguard.so[0xCBBCB000])[00 C6 8F E2 ]0x000025C0:	ADD	IP, PC, #0, #12	;(PC=0xCBBCD5C0 )
(       libmtguard.so[0xCBBCB000])[3D CA 8C E2 ]0x000025C4:	ADD	IP, IP, #0X3D000	;(IP=0xCBBCD5C8 )
(       libmtguard.so[0xCBBCB000])[04 F9 BC E5 ]0x000025C8:	LDR	PC, [IP, #0X904]!	;(IP=0xCBC0A5C8 )
(       libmtguard.so[0xCBBCB000])[04 46       ]0x00003E30:	MOV	R4, R0	;(R0=0x30045DE8 )
(       libmtguard.so[0xCBBCB000])[24 B1       ]0x00003E32:	CBZ	R4, #0XCBBCEE3E	;(R4=0x30045DE8 )
(       libmtguard.so[0xCBBCB000])[20 46       ]0x00003E34:	MOV	R0, R4	;(R4=0x30045DE8 )
(       libmtguard.so[0xCBBCB000])[29 46       ]0x00003E36:	MOV	R1, R5	;(R5=0x00000010 )
(       libmtguard.so[0xCBBCB000])[FE F7 CE EB ]0x00003E38:	BLX	#0XCBBCD5D8	;(PC=0xCBBCEE38 )
(       libmtguard.so[0xCBBCB000])[00 C6 8F E2 ]0x000025D8:	ADD	IP, PC, #0, #12	;(PC=0xCBBCD5D8 )
(       libmtguard.so[0xCBBCB000])[3D CA 8C E2 ]0x000025DC:	ADD	IP, IP, #0X3D000	;(IP=0xCBBCD5E0 )
(       libmtguard.so[0xCBBCB000])[F4 F8 BC E5 ]0x000025E0:	LDR	PC, [IP, #0X8F4]!	;(IP=0xCBC0A5E0 )
(       libmtguard.so[0xCBBCB000])[00 E0       ]0x00003E3C:	B	#0XCBBCEE40
(       libmtguard.so[0xCBBCB000])[20 46       ]0x00003E40:	MOV	R0, R4	;(R4=0x30045DE8 )
(       libmtguard.so[0xCBBCB000])[B0 BD       ]0x00003E42:	POP	{R4, R5, R7, PC}	;(SP=0x100FFF98 )
(       libmtguard.so[0xCBBCB000])[04 46       ]0x00003894:	MOV	R4, R0	;(R0=0x30045DE8 )
(       libmtguard.so[0xCBBCB000])[94 B1       ]0x00003896:	CBZ	R4, #0XCBBCE8BE	;(R4=0x30045DE8 )
(       libmtguard.so[0xCBBCB000])[0B 20       ]0x00003898:	MOVS	R0, #0XB
(       libmtguard.so[0xCBBCB000])[C4 E9 00 66 ]0x0000389A:	STRD	R6, R6, [R4]	;(R6=0x00000000 R4=0x30045DE8 )
(       libmtguard.so[0xCBBCB000])[C4 E9 02 05 ]0x0000389E:	STRD	R0, R5, [R4, #8]	;(R0=0x0000000B R5=0xCBBCFE51 R4=0x30045DE8 )
(       libmtguard.so[0xCBBCB000])[04 20       ]0x000038A2:	MOVS	R0, #4
(       libmtguard.so[0xCBBCB000])[0B 21       ]0x000038A4:	MOVS	R1, #0XB
(       libmtguard.so[0xCBBCB000])[00 22       ]0x000038A6:	MOVS	R2, #0
(       libmtguard.so[0xCBBCB000])[00 23       ]0x000038A8:	MOVS	R3, #0
(       libmtguard.so[0xCBBCB000])[00 F0 B9 FA ]0x000038AA:	BL	#0XCBBCEE20	;(PC=0xCBBCE8AA )
(       libmtguard.so[0xCBBCB000])[B0 B5       ]0x00003E20:	PUSH	{R4, R5, R7, LR}	;(SP=0x100FFFA8 R4=0x30045DE8 R5=0xCBBCFE51 R7=0x100FFFB8 LR=0xCBBCE8AF )
(       libmtguard.so[0xCBBCB000])[02 AF       ]0x00003E22:	ADD	R7, SP, #8	;(SP=0x100FFF98 )
(       libmtguard.so[0xCBBCB000])[01 FB 00 F5 ]0x00003E24:	MUL	R5, R1, R0	;(R1=0x0000000B R0=0x00000004 )
(       libmtguard.so[0xCBBCB000])[4D B1       ]0x00003E28:	CBZ	R5, #0XCBBCEE3E	;(R5=0x0000002C )
(       libmtguard.so[0xCBBCB000])[28 46       ]0x00003E2A:	MOV	R0, R5	;(R5=0x0000002C )
(       libmtguard.so[0xCBBCB000])[FE F7 C8 EB ]0x00003E2C:	BLX	#0XCBBCD5C0	;(PC=0xCBBCEE2C )
(       libmtguard.so[0xCBBCB000])[00 C6 8F E2 ]0x000025C0:	ADD	IP, PC, #0, #12	;(PC=0xCBBCD5C0 )
(       libmtguard.so[0xCBBCB000])[3D CA 8C E2 ]0x000025C4:	ADD	IP, IP, #0X3D000	;(IP=0xCBBCD5C8 )
(       libmtguard.so[0xCBBCB000])[04 F9 BC E5 ]0x000025C8:	LDR	PC, [IP, #0X904]!	;(IP=0xCBC0A5C8 )
(       libmtguard.so[0xCBBCB000])[04 46       ]0x00003E30:	MOV	R4, R0	;(R0=0x30045E00 )
(       libmtguard.so[0xCBBCB000])[24 B1       ]0x00003E32:	CBZ	R4, #0XCBBCEE3E	;(R4=0x30045E00 )
(       libmtguard.so[0xCBBCB000])[20 46       ]0x00003E34:	MOV	R0, R4	;(R4=0x30045E00 )
(       libmtguard.so[0xCBBCB000])[29 46       ]0x00003E36:	MOV	R1, R5	;(R5=0x0000002C )
(       libmtguard.so[0xCBBCB000])[FE F7 CE EB ]0x00003E38:	BLX	#0XCBBCD5D8	;(PC=0xCBBCEE38 )
(       libmtguard.so[0xCBBCB000])[00 C6 8F E2 ]0x000025D8:	ADD	IP, PC, #0, #12	;(PC=0xCBBCD5D8 )
(       libmtguard.so[0xCBBCB000])[3D CA 8C E2 ]0x000025DC:	ADD	IP, IP, #0X3D000	;(IP=0xCBBCD5E0 )
(       libmtguard.so[0xCBBCB000])[F4 F8 BC E5 ]0x000025E0:	LDR	PC, [IP, #0X8F4]!	;(IP=0xCBC0A5E0 )
(       libmtguard.so[0xCBBCB000])[00 E0       ]0x00003E3C:	B	#0XCBBCEE40
(       libmtguard.so[0xCBBCB000])[20 46       ]0x00003E40:	MOV	R0, R4	;(R4=0x30045E00 )
(       libmtguard.so[0xCBBCB000])[B0 BD       ]0x00003E42:	POP	{R4, R5, R7, PC}	;(SP=0x100FFF98 )
(       libmtguard.so[0xCBBCB000])[00 28       ]0x000038AE:	CMP	R0, #0	;(R0=0x30045E00 )
(       libmtguard.so[0xCBBCB000])[20 60       ]0x000038B0:	STR	R0, [R4]	;(R0=0x30045E00 R4=0x30045DE8 )
(       libmtguard.so[0xCBBCB000])[05 D1       ]0x000038B2:	BNE	#0XCBBCE8C0
(       libmtguard.so[0xCBBCB000])[20 46       ]0x000038C0:	MOV	R0, R4	;(R4=0x30045DE8 )
(       libmtguard.so[0xCBBCB000])[5D F8 04 BB ]0x000038C2:	LDR	FP, [SP], #4	;(SP=0x100FFFA8 )
(       libmtguard.so[0xCBBCB000])[F0 BD       ]0x000038C6:	POP	{R4, R5, R6, R7, PC}	;(SP=0x100FFFAC )
(       libmtguard.so[0xCBBCB000])[01 36       ]0x0000CE08:	ADDS	R6, #1	;(R6=0x000000A1 )
(       libmtguard.so[0xCBBCB000])[60 60       ]0x0000CE0A:	STR	R0, [R4, #4]	;(R0=0x30045DE8 R4=0xCBC0D59C )
(       libmtguard.so[0xCBBCB000])[B6 F5 7C 7F ]0x0000CE0C:	CMP.W	R6, #0X3F0	;(R6=0x000000A2 )
(       libmtguard.so[0xCBBCB000])[F3 D1       ]0x0000CE10:	BNE	#0XCBBD7DFA
(       libmtguard.so[0xCBBCB000])[48 46       ]0x0000CDFA:	MOV	R0, SB	;(SB=0xCBBCFE51 )
(       libmtguard.so[0xCBBCB000])[45 F8 36 80 ]0x0000CDFC:	STR.W	R8, [R5, R6, LSL #3]	;(R8=0xFFFFFFFF R5=0xCBC0D094 R6=0x000000A2 )
(       libmtguard.so[0xCBBCB000])[05 EB C6 04 ]0x0000CE00:	ADD.W	R4, R5, R6, LSL #3	;(R5=0xCBC0D094 R6=0x000000A2 )
(       libmtguard.so[0xCBBCB000])[F6 F7 3A FD ]0x0000CE04:	BL	#0XCBBCE87C	;(PC=0xCBBD7E04 )
(       libmtguard.so[0xCBBCB000])[F0 B5       ]0x0000387C:	PUSH	{R4, R5, R6, R7, LR}	;(SP=0x100FFFC0 R4=0xCBC0D5A4 R5=0xCBC0D094 R6=0x000000A2 R7=0x100FFFE0 LR=0xCBBD7E09 )
(       libmtguard.so[0xCBBCB000])[03 AF       ]0x0000387E:	ADD	R7, SP, #0XC	;(SP=0x100FFFAC )
(       libmtguard.so[0xCBBCB000])[4D F8 04 BD ]0x00003880:	STR	FP, [SP, #-0X4]!	;(FP=0xCBC0B1C4 SP=0x100FFFAC )
(       libmtguard.so[0xCBBCB000])[05 46       ]0x00003884:	MOV	R5, R0	;(R0=0xCBBCFE51 )
(       libmtguard.so[0xCBBCB000])[01 20       ]0x00003886:	MOVS	R0, #1
(       libmtguard.so[0xCBBCB000])[10 21       ]0x00003888:	MOVS	R1, #0X10
(       libmtguard.so[0xCBBCB000])[00 22       ]0x0000388A:	MOVS	R2, #0
(       libmtguard.so[0xCBBCB000])[00 23       ]0x0000388C:	MOVS	R3, #0
(       libmtguard.so[0xCBBCB000])[00 26       ]0x0000388E:	MOVS	R6, #0
(       libmtguard.so[0xCBBCB000])[00 F0 C6 FA ]0x00003890:	BL	#0XCBBCEE20	;(PC=0xCBBCE890 )
(       libmtguard.so[0xCBBCB000])[B0 B5       ]0x00003E20:	PUSH	{R4, R5, R7, LR}	;(SP=0x100FFFA8 R4=0xCBC0D5A4 R5=0xCBBCFE51 R7=0x100FFFB8 LR=0xCBBCE895 )
(       libmtguard.so[0xCBBCB000])[02 AF       ]0x00003E22:	ADD	R7, SP, #8	;(SP=0x100FFF98 )
(       libmtguard.so[0xCBBCB000])[01 FB 00 F5 ]0x00003E24:	MUL	R5, R1, R0	;(R1=0x00000010 R0=0x00000001 )
(       libmtguard.so[0xCBBCB000])[4D B1       ]0x00003E28:	CBZ	R5, #0XCBBCEE3E	;(R5=0x00000010 )
(       libmtguard.so[0xCBBCB000])[28 46       ]0x00003E2A:	MOV	R0, R5	;(R5=0x00000010 )
(       libmtguard.so[0xCBBCB000])[FE F7 C8 EB ]0x00003E2C:	BLX	#0XCBBCD5C0	;(PC=0xCBBCEE2C )
(       libmtguard.so[0xCBBCB000])[00 C6 8F E2 ]0x000025C0:	ADD	IP, PC, #0, #12	;(PC=0xCBBCD5C0 )
(       libmtguard.so[0xCBBCB000])[3D CA 8C E2 ]0x000025C4:	ADD	IP, IP, #0X3D000	;(IP=0xCBBCD5C8 )
(       libmtguard.so[0xCBBCB000])[04 F9 BC E5 ]0x000025C8:	LDR	PC, [IP, #0X904]!	;(IP=0xCBC0A5C8 )
(       libmtguard.so[0xCBBCB000])[04 46       ]0x00003E30:	MOV	R4, R0	;(R0=0x30045E30 )
(       libmtguard.so[0xCBBCB000])[24 B1       ]0x00003E32:	CBZ	R4, #0XCBBCEE3E	;(R4=0x30045E30 )
(       libmtguard.so[0xCBBCB000])[20 46       ]0x00003E34:	MOV	R0, R4	;(R4=0x30045E30 )
(       libmtguard.so[0xCBBCB000])[29 46       ]0x00003E36:	MOV	R1, R5	;(R5=0x00000010 )
(       libmtguard.so[0xCBBCB000])[FE F7 CE EB ]0x00003E38:	BLX	#0XCBBCD5D8	;(PC=0xCBBCEE38 )
(       libmtguard.so[0xCBBCB000])[00 C6 8F E2 ]0x000025D8:	ADD	IP, PC, #0, #12	;(PC=0xCBBCD5D8 )
(       libmtguard.so[0xCBBCB000])[3D CA 8C E2 ]0x000025DC:	ADD	IP, IP, #0X3D000	;(IP=0xCBBCD5E0 )
(       libmtguard.so[0xCBBCB000])[F4 F8 BC E5 ]0x000025E0:	LDR	PC, [IP, #0X8F4]!	;(IP=0xCBC0A5E0 )
(       libmtguard.so[0xCBBCB000])[00 E0       ]0x00003E3C:	B	#0XCBBCEE40
(       libmtguard.so[0xCBBCB000])[20 46       ]0x00003E40:	MOV	R0, R4	;(R4=0x30045E30 )
(       libmtguard.so[0xCBBCB000])[B0 BD       ]0x00003E42:	POP	{R4, R5, R7, PC}	;(SP=0x100FFF98 )
(       libmtguard.so[0xCBBCB000])[04 46       ]0x00003894:	MOV	R4, R0	;(R0=0x30045E30 )
(       libmtguard.so[0xCBBCB000])[94 B1       ]0x00003896:	CBZ	R4, #0XCBBCE8BE	;(R4=0x30045E30 )
(       libmtguard.so[0xCBBCB000])[0B 20       ]0x00003898:	MOVS	R0, #0XB
(       libmtguard.so[0xCBBCB000])[C4 E9 00 66 ]0x0000389A:	STRD	R6, R6, [R4]	;(R6=0x00000000 R4=0x30045E30 )
(       libmtguard.so[0xCBBCB000])[C4 E9 02 05 ]0x0000389E:	STRD	R0, R5, [R4, #8]	;(R0=0x0000000B R5=0xCBBCFE51 R4=0x30045E30 )
(       libmtguard.so[0xCBBCB000])[04 20       ]0x000038A2:	MOVS	R0, #4
(       libmtguard.so[0xCBBCB000])[0B 21       ]0x000038A4:	MOVS	R1, #0XB
(       libmtguard.so[0xCBBCB000])[00 22       ]0x000038A6:	MOVS	R2, #0
(       libmtguard.so[0xCBBCB000])[00 23       ]0x000038A8:	MOVS	R3, #0
(       libmtguard.so[0xCBBCB000])[00 F0 B9 FA ]0x000038AA:	BL	#0XCBBCEE20	;(PC=0xCBBCE8AA )
(       libmtguard.so[0xCBBCB000])[B0 B5       ]0x00003E20:	PUSH	{R4, R5, R7, LR}	;(SP=0x100FFFA8 R4=0x30045E30 R5=0xCBBCFE51 R7=0x100FFFB8 LR=0xCBBCE8AF )
(       libmtguard.so[0xCBBCB000])[02 AF       ]0x00003E22:	ADD	R7, SP, #8	;(SP=0x100FFF98 )
(       libmtguard.so[0xCBBCB000])[01 FB 00 F5 ]0x00003E24:	MUL	R5, R1, R0	;(R1=0x0000000B R0=0x00000004 )
(       libmtguard.so[0xCBBCB000])[4D B1       ]0x00003E28:	CBZ	R5, #0XCBBCEE3E	;(R5=0x0000002C )
(       libmtguard.so[0xCBBCB000])[28 46       ]0x00003E2A:	MOV	R0, R5	;(R5=0x0000002C )
(       libmtguard.so[0xCBBCB000])[FE F7 C8 EB ]0x00003E2C:	BLX	#0XCBBCD5C0	;(PC=0xCBBCEE2C )
(       libmtguard.so[0xCBBCB000])[00 C6 8F E2 ]0x000025C0:	ADD	IP, PC, #0, #12	;(PC=0xCBBCD5C0 )
(       libmtguard.so[0xCBBCB000])[3D CA 8C E2 ]0x000025C4:	ADD	IP, IP, #0X3D000	;(IP=0xCBBCD5C8 )
(       libmtguard.so[0xCBBCB000])[04 F9 BC E5 ]0x000025C8:	LDR	PC, [IP, #0X904]!	;(IP=0xCBC0A5C8 )
(       libmtguard.so[0xCBBCB000])[04 46       ]0x00003E30:	MOV	R4, R0	;(R0=0x30045E48 )
(       libmtguard.so[0xCBBCB000])[24 B1       ]0x00003E32:	CBZ	R4, #0XCBBCEE3E	;(R4=0x30045E48 )
(       libmtguard.so[0xCBBCB000])[20 46       ]0x00003E34:	MOV	R0, R4	;(R4=0x30045E48 )
(       libmtguard.so[0xCBBCB000])[29 46       ]0x00003E36:	MOV	R1, R5	;(R5=0x0000002C )
(       libmtguard.so[0xCBBCB000])[FE F7 CE EB ]0x00003E38:	BLX	#0XCBBCD5D8	;(PC=0xCBBCEE38 )
(       libmtguard.so[0xCBBCB000])[00 C6 8F E2 ]0x000025D8:	ADD	IP, PC, #0, #12	;(PC=0xCBBCD5D8 )
(       libmtguard.so[0xCBBCB000])[3D CA 8C E2 ]0x000025DC:	ADD	IP, IP, #0X3D000	;(IP=0xCBBCD5E0 )
(       libmtguard.so[0xCBBCB000])[F4 F8 BC E5 ]0x000025E0:	LDR	PC, [IP, #0X8F4]!	;(IP=0xCBC0A5E0 )
(       libmtguard.so[0xCBBCB000])[00 E0       ]0x00003E3C:	B	#0XCBBCEE40
(       libmtguard.so[0xCBBCB000])[20 46       ]0x00003E40:	MOV	R0, R4	;(R4=0x30045E48 )
(       libmtguard.so[0xCBBCB000])[B0 BD       ]0x00003E42:	POP	{R4, R5, R7, PC}	;(SP=0x100FFF98 )
(       libmtguard.so[0xCBBCB000])[00 28       ]0x000038AE:	CMP	R0, #0	;(R0=0x30045E48 )
(       libmtguard.so[0xCBBCB000])[20 60       ]0x000038B0:	STR	R0, [R4]	;(R0=0x30045E48 R4=0x30045E30 )
(       libmtguard.so[0xCBBCB000])[05 D1       ]0x000038B2:	BNE	#0XCBBCE8C0
(       libmtguard.so[0xCBBCB000])[20 46       ]0x000038C0:	MOV	R0, R4	;(R4=0x30045E30 )
(       libmtguard.so[0xCBBCB000])[5D F8 04 BB ]0x000038C2:	LDR	FP, [SP], #4	;(SP=0x100FFFA8 )
(       libmtguard.so[0xCBBCB000])[F0 BD       ]0x000038C6:	POP	{R4, R5, R6, R7, PC}	;(SP=0x100FFFAC )
(       libmtguard.so[0xCBBCB000])[01 36       ]0x0000CE08:	ADDS	R6, #1	;(R6=0x000000A2 )
(       libmtguard.so[0xCBBCB000])[60 60       ]0x0000CE0A:	STR	R0, [R4, #4]	;(R0=0x30045E30 R4=0xCBC0D5A4 )
(       libmtguard.so[0xCBBCB000])[B6 F5 7C 7F ]0x0000CE0C:	CMP.W	R6, #0X3F0	;(R6=0x000000A3 )
(       libmtguard.so[0xCBBCB000])[F3 D1       ]0x0000CE10:	BNE	#0XCBBD7DFA
(       libmtguard.so[0xCBBCB000])[48 46       ]0x0000CDFA:	MOV	R0, SB	;(SB=0xCBBCFE51 )
(       libmtguard.so[0xCBBCB000])[45 F8 36 80 ]0x0000CDFC:	STR.W	R8, [R5, R6, LSL #3]	;(R8=0xFFFFFFFF R5=0xCBC0D094 R6=0x000000A3 )
(       libmtguard.so[0xCBBCB000])[05 EB C6 04 ]0x0000CE00:	ADD.W	R4, R5, R6, LSL #3	;(R5=0xCBC0D094 R6=0x000000A3 )
(       libmtguard.so[0xCBBCB000])[F6 F7 3A FD ]0x0000CE04:	BL	#0XCBBCE87C	;(PC=0xCBBD7E04 )
(       libmtguard.so[0xCBBCB000])[F0 B5       ]0x0000387C:	PUSH	{R4, R5, R6, R7, LR}	;(SP=0x100FFFC0 R4=0xCBC0D5AC R5=0xCBC0D094 R6=0x000000A3 R7=0x100FFFE0 LR=0xCBBD7E09 )
(       libmtguard.so[0xCBBCB000])[03 AF       ]0x0000387E:	ADD	R7, SP, #0XC	;(SP=0x100FFFAC )
(       libmtguard.so[0xCBBCB000])[4D F8 04 BD ]0x00003880:	STR	FP, [SP, #-0X4]!	;(FP=0xCBC0B1C4 SP=0x100FFFAC )
(       libmtguard.so[0xCBBCB000])[05 46       ]0x00003884:	MOV	R5, R0	;(R0=0xCBBCFE51 )
(       libmtguard.so[0xCBBCB000])[01 20       ]0x00003886:	MOVS	R0, #1
(       libmtguard.so[0xCBBCB000])[10 21       ]0x00003888:	MOVS	R1, #0X10
(       libmtguard.so[0xCBBCB000])[00 22       ]0x0000388A:	MOVS	R2, #0
(       libmtguard.so[0xCBBCB000])[00 23       ]0x0000388C:	MOVS	R3, #0
(       libmtguard.so[0xCBBCB000])[00 26       ]0x0000388E:	MOVS	R6, #0
(       libmtguard.so[0xCBBCB000])[00 F0 C6 FA ]0x00003890:	BL	#0XCBBCEE20	;(PC=0xCBBCE890 )
(       libmtguard.so[0xCBBCB000])[B0 B5       ]0x00003E20:	PUSH	{R4, R5, R7, LR}	;(SP=0x100FFFA8 R4=0xCBC0D5AC R5=0xCBBCFE51 R7=0x100FFFB8 LR=0xCBBCE895 )
(       libmtguard.so[0xCBBCB000])[02 AF       ]0x00003E22:	ADD	R7, SP, #8	;(SP=0x100FFF98 )
(       libmtguard.so[0xCBBCB000])[01 FB 00 F5 ]0x00003E24:	MUL	R5, R1, R0	;(R1=0x00000010 R0=0x00000001 )
(       libmtguard.so[0xCBBCB000])[4D B1       ]0x00003E28:	CBZ	R5, #0XCBBCEE3E	;(R5=0x00000010 )
(       libmtguard.so[0xCBBCB000])[28 46       ]0x00003E2A:	MOV	R0, R5	;(R5=0x00000010 )
(       libmtguard.so[0xCBBCB000])[FE F7 C8 EB ]0x00003E2C:	BLX	#0XCBBCD5C0	;(PC=0xCBBCEE2C )
(       libmtguard.so[0xCBBCB000])[00 C6 8F E2 ]0x000025C0:	ADD	IP, PC, #0, #12	;(PC=0xCBBCD5C0 )
(       libmtguard.so[0xCBBCB000])[3D CA 8C E2 ]0x000025C4:	ADD	IP, IP, #0X3D000	;(IP=0xCBBCD5C8 )
(       libmtguard.so[0xCBBCB000])[04 F9 BC E5 ]0x000025C8:	LDR	PC, [IP, #0X904]!	;(IP=0xCBC0A5C8 )
(       libmtguard.so[0xCBBCB000])[04 46       ]0x00003E30:	MOV	R4, R0	;(R0=0x30045E78 )
(       libmtguard.so[0xCBBCB000])[24 B1       ]0x00003E32:	CBZ	R4, #0XCBBCEE3E	;(R4=0x30045E78 )
(       libmtguard.so[0xCBBCB000])[20 46       ]0x00003E34:	MOV	R0, R4	;(R4=0x30045E78 )
(       libmtguard.so[0xCBBCB000])[29 46       ]0x00003E36:	MOV	R1, R5	;(R5=0x00000010 )
(       libmtguard.so[0xCBBCB000])[FE F7 CE EB ]0x00003E38:	BLX	#0XCBBCD5D8	;(PC=0xCBBCEE38 )
(       libmtguard.so[0xCBBCB000])[00 C6 8F E2 ]0x000025D8:	ADD	IP, PC, #0, #12	;(PC=0xCBBCD5D8 )
(       libmtguard.so[0xCBBCB000])[3D CA 8C E2 ]0x000025DC:	ADD	IP, IP, #0X3D000	;(IP=0xCBBCD5E0 )
(       libmtguard.so[0xCBBCB000])[F4 F8 BC E5 ]0x000025E0:	LDR	PC, [IP, #0X8F4]!	;(IP=0xCBC0A5E0 )
(       libmtguard.so[0xCBBCB000])[00 E0       ]0x00003E3C:	B	#0XCBBCEE40
(       libmtguard.so[0xCBBCB000])[20 46       ]0x00003E40:	MOV	R0, R4	;(R4=0x30045E78 )
(       libmtguard.so[0xCBBCB000])[B0 BD       ]0x00003E42:	POP	{R4, R5, R7, PC}	;(SP=0x100FFF98 )
(       libmtguard.so[0xCBBCB000])[04 46       ]0x00003894:	MOV	R4, R0	;(R0=0x30045E78 )
(       libmtguard.so[0xCBBCB000])[94 B1       ]0x00003896:	CBZ	R4, #0XCBBCE8BE	;(R4=0x30045E78 )
(       libmtguard.so[0xCBBCB000])[0B 20       ]0x00003898:	MOVS	R0, #0XB
(       libmtguard.so[0xCBBCB000])[C4 E9 00 66 ]0x0000389A:	STRD	R6, R6, [R4]	;(R6=0x00000000 R4=0x30045E78 )
(       libmtguard.so[0xCBBCB000])[C4 E9 02 05 ]0x0000389E:	STRD	R0, R5, [R4, #8]	;(R0=0x0000000B R5=0xCBBCFE51 R4=0x30045E78 )
(       libmtguard.so[0xCBBCB000])[04 20       ]0x000038A2:	MOVS	R0, #4
(       libmtguard.so[0xCBBCB000])[0B 21       ]0x000038A4:	MOVS	R1, #0XB
(       libmtguard.so[0xCBBCB000])[00 22       ]0x000038A6:	MOVS	R2, #0
(       libmtguard.so[0xCBBCB000])[00 23       ]0x000038A8:	MOVS	R3, #0
(       libmtguard.so[0xCBBCB000])[00 F0 B9 FA ]0x000038AA:	BL	#0XCBBCEE20	;(PC=0xCBBCE8AA )
(       libmtguard.so[0xCBBCB000])[B0 B5       ]0x00003E20:	PUSH	{R4, R5, R7, LR}	;(SP=0x100FFFA8 R4=0x30045E78 R5=0xCBBCFE51 R7=0x100FFFB8 LR=0xCBBCE8AF )
(       libmtguard.so[0xCBBCB000])[02 AF       ]0x00003E22:	ADD	R7, SP, #8	;(SP=0x100FFF98 )
(       libmtguard.so[0xCBBCB000])[01 FB 00 F5 ]0x00003E24:	MUL	R5, R1, R0	;(R1=0x0000000B R0=0x00000004 )
(       libmtguard.so[0xCBBCB000])[4D B1       ]0x00003E28:	CBZ	R5, #0XCBBCEE3E	;(R5=0x0000002C )
(       libmtguard.so[0xCBBCB000])[28 46       ]0x00003E2A:	MOV	R0, R5	;(R5=0x0000002C )
(       libmtguard.so[0xCBBCB000])[FE F7 C8 EB ]0x00003E2C:	BLX	#0XCBBCD5C0	;(PC=0xCBBCEE2C )
(       libmtguard.so[0xCBBCB000])[00 C6 8F E2 ]0x000025C0:	ADD	IP, PC, #0, #12	;(PC=0xCBBCD5C0 )
(       libmtguard.so[0xCBBCB000])[3D CA 8C E2 ]0x000025C4:	ADD	IP, IP, #0X3D000	;(IP=0xCBBCD5C8 )
(       libmtguard.so[0xCBBCB000])[04 F9 BC E5 ]0x000025C8:	LDR	PC, [IP, #0X904]!	;(IP=0xCBC0A5C8 )
(       libmtguard.so[0xCBBCB000])[04 46       ]0x00003E30:	MOV	R4, R0	;(R0=0x30045E90 )
(       libmtguard.so[0xCBBCB000])[24 B1       ]0x00003E32:	CBZ	R4, #0XCBBCEE3E	;(R4=0x30045E90 )
(       libmtguard.so[0xCBBCB000])[20 46       ]0x00003E34:	MOV	R0, R4	;(R4=0x30045E90 )
(       libmtguard.so[0xCBBCB000])[29 46       ]0x00003E36:	MOV	R1, R5	;(R5=0x0000002C )
(       libmtguard.so[0xCBBCB000])[FE F7 CE EB ]0x00003E38:	BLX	#0XCBBCD5D8	;(PC=0xCBBCEE38 )
(       libmtguard.so[0xCBBCB000])[00 C6 8F E2 ]0x000025D8:	ADD	IP, PC, #0, #12	;(PC=0xCBBCD5D8 )
(       libmtguard.so[0xCBBCB000])[3D CA 8C E2 ]0x000025DC:	ADD	IP, IP, #0X3D000	;(IP=0xCBBCD5E0 )
(       libmtguard.so[0xCBBCB000])[F4 F8 BC E5 ]0x000025E0:	LDR	PC, [IP, #0X8F4]!	;(IP=0xCBC0A5E0 )
(       libmtguard.so[0xCBBCB000])[00 E0       ]0x00003E3C:	B	#0XCBBCEE40
(       libmtguard.so[0xCBBCB000])[20 46       ]0x00003E40:	MOV	R0, R4	;(R4=0x30045E90 )
(       libmtguard.so[0xCBBCB000])[B0 BD       ]0x00003E42:	POP	{R4, R5, R7, PC}	;(SP=0x100FFF98 )
(       libmtguard.so[0xCBBCB000])[00 28       ]0x000038AE:	CMP	R0, #0	;(R0=0x30045E90 )
(       libmtguard.so[0xCBBCB000])[20 60       ]0x000038B0:	STR	R0, [R4]	;(R0=0x30045E90 R4=0x30045E78 )
(       libmtguard.so[0xCBBCB000])[05 D1       ]0x000038B2:	BNE	#0XCBBCE8C0
(       libmtguard.so[0xCBBCB000])[20 46       ]0x000038C0:	MOV	R0, R4	;(R4=0x30045E78 )
(       libmtguard.so[0xCBBCB000])[5D F8 04 BB ]0x000038C2:	LDR	FP, [SP], #4	;(SP=0x100FFFA8 )
(       libmtguard.so[0xCBBCB000])[F0 BD       ]0x000038C6:	POP	{R4, R5, R6, R7, PC}	;(SP=0x100FFFAC )
(       libmtguard.so[0xCBBCB000])[01 36       ]0x0000CE08:	ADDS	R6, #1	;(R6=0x000000A3 )
(       libmtguard.so[0xCBBCB000])[60 60       ]0x0000CE0A:	STR	R0, [R4, #4]	;(R0=0x30045E78 R4=0xCBC0D5AC )
(       libmtguard.so[0xCBBCB000])[B6 F5 7C 7F ]0x0000CE0C:	CMP.W	R6, #0X3F0	;(R6=0x000000A4 )
(       libmtguard.so[0xCBBCB000])[F3 D1       ]0x0000CE10:	BNE	#0XCBBD7DFA
(       libmtguard.so[0xCBBCB000])[48 46       ]0x0000CDFA:	MOV	R0, SB	;(SB=0xCBBCFE51 )
(       libmtguard.so[0xCBBCB000])[45 F8 36 80 ]0x0000CDFC:	STR.W	R8, [R5, R6, LSL #3]	;(R8=0xFFFFFFFF R5=0xCBC0D094 R6=0x000000A4 )
(       libmtguard.so[0xCBBCB000])[05 EB C6 04 ]0x0000CE00:	ADD.W	R4, R5, R6, LSL #3	;(R5=0xCBC0D094 R6=0x000000A4 )
(       libmtguard.so[0xCBBCB000])[F6 F7 3A FD ]0x0000CE04:	BL	#0XCBBCE87C	;(PC=0xCBBD7E04 )
(       libmtguard.so[0xCBBCB000])[F0 B5       ]0x0000387C:	PUSH	{R4, R5, R6, R7, LR}	;(SP=0x100FFFC0 R4=0xCBC0D5B4 R5=0xCBC0D094 R6=0x000000A4 R7=0x100FFFE0 LR=0xCBBD7E09 )
(       libmtguard.so[0xCBBCB000])[03 AF       ]0x0000387E:	ADD	R7, SP, #0XC	;(SP=0x100FFFAC )
(       libmtguard.so[0xCBBCB000])[4D F8 04 BD ]0x00003880:	STR	FP, [SP, #-0X4]!	;(FP=0xCBC0B1C4 SP=0x100FFFAC )
(       libmtguard.so[0xCBBCB000])[05 46       ]0x00003884:	MOV	R5, R0	;(R0=0xCBBCFE51 )
(       libmtguard.so[0xCBBCB000])[01 20       ]0x00003886:	MOVS	R0, #1
(       libmtguard.so[0xCBBCB000])[10 21       ]0x00003888:	MOVS	R1, #0X10
(       libmtguard.so[0xCBBCB000])[00 22       ]0x0000388A:	MOVS	R2, #0
(       libmtguard.so[0xCBBCB000])[00 23       ]0x0000388C:	MOVS	R3, #0
(       libmtguard.so[0xCBBCB000])[00 26       ]0x0000388E:	MOVS	R6, #0
(       libmtguard.so[0xCBBCB000])[00 F0 C6 FA ]0x00003890:	BL	#0XCBBCEE20	;(PC=0xCBBCE890 )
(       libmtguard.so[0xCBBCB000])[B0 B5       ]0x00003E20:	PUSH	{R4, R5, R7, LR}	;(SP=0x100FFFA8 R4=0xCBC0D5B4 R5=0xCBBCFE51 R7=0x100FFFB8 LR=0xCBBCE895 )
(       libmtguard.so[0xCBBCB000])[02 AF       ]0x00003E22:	ADD	R7, SP, #8	;(SP=0x100FFF98 )
(       libmtguard.so[0xCBBCB000])[01 FB 00 F5 ]0x00003E24:	MUL	R5, R1, R0	;(R1=0x00000010 R0=0x00000001 )
(       libmtguard.so[0xCBBCB000])[4D B1       ]0x00003E28:	CBZ	R5, #0XCBBCEE3E	;(R5=0x00000010 )
(       libmtguard.so[0xCBBCB000])[28 46       ]0x00003E2A:	MOV	R0, R5	;(R5=0x00000010 )
(       libmtguard.so[0xCBBCB000])[FE F7 C8 EB ]0x00003E2C:	BLX	#0XCBBCD5C0	;(PC=0xCBBCEE2C )
(       libmtguard.so[0xCBBCB000])[00 C6 8F E2 ]0x000025C0:	ADD	IP, PC, #0, #12	;(PC=0xCBBCD5C0 )
(       libmtguard.so[0xCBBCB000])[3D CA 8C E2 ]0x000025C4:	ADD	IP, IP, #0X3D000	;(IP=0xCBBCD5C8 )
(       libmtguard.so[0xCBBCB000])[04 F9 BC E5 ]0x000025C8:	LDR	PC, [IP, #0X904]!	;(IP=0xCBC0A5C8 )
(       libmtguard.so[0xCBBCB000])[04 46       ]0x00003E30:	MOV	R4, R0	;(R0=0x30045EC0 )
(       libmtguard.so[0xCBBCB000])[24 B1       ]0x00003E32:	CBZ	R4, #0XCBBCEE3E	;(R4=0x30045EC0 )
(       libmtguard.so[0xCBBCB000])[20 46       ]0x00003E34:	MOV	R0, R4	;(R4=0x30045EC0 )
(       libmtguard.so[0xCBBCB000])[29 46       ]0x00003E36:	MOV	R1, R5	;(R5=0x00000010 )
(       libmtguard.so[0xCBBCB000])[FE F7 CE EB ]0x00003E38:	BLX	#0XCBBCD5D8	;(PC=0xCBBCEE38 )
(       libmtguard.so[0xCBBCB000])[00 C6 8F E2 ]0x000025D8:	ADD	IP, PC, #0, #12	;(PC=0xCBBCD5D8 )
(       libmtguard.so[0xCBBCB000])[3D CA 8C E2 ]0x000025DC:	ADD	IP, IP, #0X3D000	;(IP=0xCBBCD5E0 )
(       libmtguard.so[0xCBBCB000])[F4 F8 BC E5 ]0x000025E0:	LDR	PC, [IP, #0X8F4]!	;(IP=0xCBC0A5E0 )
(       libmtguard.so[0xCBBCB000])[00 E0       ]0x00003E3C:	B	#0XCBBCEE40
(       libmtguard.so[0xCBBCB000])[20 46       ]0x00003E40:	MOV	R0, R4	;(R4=0x30045EC0 )
(       libmtguard.so[0xCBBCB000])[B0 BD       ]0x00003E42:	POP	{R4, R5, R7, PC}	;(SP=0x100FFF98 )
(       libmtguard.so[0xCBBCB000])[04 46       ]0x00003894:	MOV	R4, R0	;(R0=0x30045EC0 )
(       libmtguard.so[0xCBBCB000])[94 B1       ]0x00003896:	CBZ	R4, #0XCBBCE8BE	;(R4=0x30045EC0 )
(       libmtguard.so[0xCBBCB000])[0B 20       ]0x00003898:	MOVS	R0, #0XB
(       libmtguard.so[0xCBBCB000])[C4 E9 00 66 ]0x0000389A:	STRD	R6, R6, [R4]	;(R6=0x00000000 R4=0x30045EC0 )
(       libmtguard.so[0xCBBCB000])[C4 E9 02 05 ]0x0000389E:	STRD	R0, R5, [R4, #8]	;(R0=0x0000000B R5=0xCBBCFE51 R4=0x30045EC0 )
(       libmtguard.so[0xCBBCB000])[04 20       ]0x000038A2:	MOVS	R0, #4
(       libmtguard.so[0xCBBCB000])[0B 21       ]0x000038A4:	MOVS	R1, #0XB
(       libmtguard.so[0xCBBCB000])[00 22       ]0x000038A6:	MOVS	R2, #0
(       libmtguard.so[0xCBBCB000])[00 23       ]0x000038A8:	MOVS	R3, #0
(       libmtguard.so[0xCBBCB000])[00 F0 B9 FA ]0x000038AA:	BL	#0XCBBCEE20	;(PC=0xCBBCE8AA )
(       libmtguard.so[0xCBBCB000])[B0 B5       ]0x00003E20:	PUSH	{R4, R5, R7, LR}	;(SP=0x100FFFA8 R4=0x30045EC0 R5=0xCBBCFE51 R7=0x100FFFB8 LR=0xCBBCE8AF )
(       libmtguard.so[0xCBBCB000])[02 AF       ]0x00003E22:	ADD	R7, SP, #8	;(SP=0x100FFF98 )
(       libmtguard.so[0xCBBCB000])[01 FB 00 F5 ]0x00003E24:	MUL	R5, R1, R0	;(R1=0x0000000B R0=0x00000004 )
(       libmtguard.so[0xCBBCB000])[4D B1       ]0x00003E28:	CBZ	R5, #0XCBBCEE3E	;(R5=0x0000002C )
(       libmtguard.so[0xCBBCB000])[28 46       ]0x00003E2A:	MOV	R0, R5	;(R5=0x0000002C )
(       libmtguard.so[0xCBBCB000])[FE F7 C8 EB ]0x00003E2C:	BLX	#0XCBBCD5C0	;(PC=0xCBBCEE2C )
(       libmtguard.so[0xCBBCB000])[00 C6 8F E2 ]0x000025C0:	ADD	IP, PC, #0, #12	;(PC=0xCBBCD5C0 )
(       libmtguard.so[0xCBBCB000])[3D CA 8C E2 ]0x000025C4:	ADD	IP, IP, #0X3D000	;(IP=0xCBBCD5C8 )
(       libmtguard.so[0xCBBCB000])[04 F9 BC E5 ]0x000025C8:	LDR	PC, [IP, #0X904]!	;(IP=0xCBC0A5C8 )
(       libmtguard.so[0xCBBCB000])[04 46       ]0x00003E30:	MOV	R4, R0	;(R0=0x30045ED8 )
(       libmtguard.so[0xCBBCB000])[24 B1       ]0x00003E32:	CBZ	R4, #0XCBBCEE3E	;(R4=0x30045ED8 )
(       libmtguard.so[0xCBBCB000])[20 46       ]0x00003E34:	MOV	R0, R4	;(R4=0x30045ED8 )
(       libmtguard.so[0xCBBCB000])[29 46       ]0x00003E36:	MOV	R1, R5	;(R5=0x0000002C )
(       libmtguard.so[0xCBBCB000])[FE F7 CE EB ]0x00003E38:	BLX	#0XCBBCD5D8	;(PC=0xCBBCEE38 )
(       libmtguard.so[0xCBBCB000])[00 C6 8F E2 ]0x000025D8:	ADD	IP, PC, #0, #12	;(PC=0xCBBCD5D8 )
(       libmtguard.so[0xCBBCB000])[3D CA 8C E2 ]0x000025DC:	ADD	IP, IP, #0X3D000	;(IP=0xCBBCD5E0 )
(       libmtguard.so[0xCBBCB000])[F4 F8 BC E5 ]0x000025E0:	LDR	PC, [IP, #0X8F4]!	;(IP=0xCBC0A5E0 )
(       libmtguard.so[0xCBBCB000])[00 E0       ]0x00003E3C:	B	#0XCBBCEE40
(       libmtguard.so[0xCBBCB000])[20 46       ]0x00003E40:	MOV	R0, R4	;(R4=0x30045ED8 )
(       libmtguard.so[0xCBBCB000])[B0 BD       ]0x00003E42:	POP	{R4, R5, R7, PC}	;(SP=0x100FFF98 )
(       libmtguard.so[0xCBBCB000])[00 28       ]0x000038AE:	CMP	R0, #0	;(R0=0x30045ED8 )
(       libmtguard.so[0xCBBCB000])[20 60       ]0x000038B0:	STR	R0, [R4]	;(R0=0x30045ED8 R4=0x30045EC0 )
(       libmtguard.so[0xCBBCB000])[05 D1       ]0x000038B2:	BNE	#0XCBBCE8C0
(       libmtguard.so[0xCBBCB000])[20 46       ]0x000038C0:	MOV	R0, R4	;(R4=0x30045EC0 )
(       libmtguard.so[0xCBBCB000])[5D F8 04 BB ]0x000038C2:	LDR	FP, [SP], #4	;(SP=0x100FFFA8 )
(       libmtguard.so[0xCBBCB000])[F0 BD       ]0x000038C6:	POP	{R4, R5, R6, R7, PC}	;(SP=0x100FFFAC )
(       libmtguard.so[0xCBBCB000])[01 36       ]0x0000CE08:	ADDS	R6, #1	;(R6=0x000000A4 )
(       libmtguard.so[0xCBBCB000])[60 60       ]0x0000CE0A:	STR	R0, [R4, #4]	;(R0=0x30045EC0 R4=0xCBC0D5B4 )
(       libmtguard.so[0xCBBCB000])[B6 F5 7C 7F ]0x0000CE0C:	CMP.W	R6, #0X3F0	;(R6=0x000000A5 )
(       libmtguard.so[0xCBBCB000])[F3 D1       ]0x0000CE10:	BNE	#0XCBBD7DFA
(       libmtguard.so[0xCBBCB000])[48 46       ]0x0000CDFA:	MOV	R0, SB	;(SB=0xCBBCFE51 )
(       libmtguard.so[0xCBBCB000])[45 F8 36 80 ]0x0000CDFC:	STR.W	R8, [R5, R6, LSL #3]	;(R8=0xFFFFFFFF R5=0xCBC0D094 R6=0x000000A5 )
(       libmtguard.so[0xCBBCB000])[05 EB C6 04 ]0x0000CE00:	ADD.W	R4, R5, R6, LSL #3	;(R5=0xCBC0D094 R6=0x000000A5 )
(       libmtguard.so[0xCBBCB000])[F6 F7 3A FD ]0x0000CE04:	BL	#0XCBBCE87C	;(PC=0xCBBD7E04 )
(       libmtguard.so[0xCBBCB000])[F0 B5       ]0x0000387C:	PUSH	{R4, R5, R6, R7, LR}	;(SP=0x100FFFC0 R4=0xCBC0D5BC R5=0xCBC0D094 R6=0x000000A5 R7=0x100FFFE0 LR=0xCBBD7E09 )
(       libmtguard.so[0xCBBCB000])[03 AF       ]0x0000387E:	ADD	R7, SP, #0XC	;(SP=0x100FFFAC )
(       libmtguard.so[0xCBBCB000])[4D F8 04 BD ]0x00003880:	STR	FP, [SP, #-0X4]!	;(FP=0xCBC0B1C4 SP=0x100FFFAC )
(       libmtguard.so[0xCBBCB000])[05 46       ]0x00003884:	MOV	R5, R0	;(R0=0xCBBCFE51 )
(       libmtguard.so[0xCBBCB000])[01 20       ]0x00003886:	MOVS	R0, #1
(       libmtguard.so[0xCBBCB000])[10 21       ]0x00003888:	MOVS	R1, #0X10
(       libmtguard.so[0xCBBCB000])[00 22       ]0x0000388A:	MOVS	R2, #0
(       libmtguard.so[0xCBBCB000])[00 23       ]0x0000388C:	MOVS	R3, #0
(       libmtguard.so[0xCBBCB000])[00 26       ]0x0000388E:	MOVS	R6, #0
(       libmtguard.so[0xCBBCB000])[00 F0 C6 FA ]0x00003890:	BL	#0XCBBCEE20	;(PC=0xCBBCE890 )
(       libmtguard.so[0xCBBCB000])[B0 B5       ]0x00003E20:	PUSH	{R4, R5, R7, LR}	;(SP=0x100FFFA8 R4=0xCBC0D5BC R5=0xCBBCFE51 R7=0x100FFFB8 LR=0xCBBCE895 )
(       libmtguard.so[0xCBBCB000])[02 AF       ]0x00003E22:	ADD	R7, SP, #8	;(SP=0x100FFF98 )
(       libmtguard.so[0xCBBCB000])[01 FB 00 F5 ]0x00003E24:	MUL	R5, R1, R0	;(R1=0x00000010 R0=0x00000001 )
(       libmtguard.so[0xCBBCB000])[4D B1       ]0x00003E28:	CBZ	R5, #0XCBBCEE3E	;(R5=0x00000010 )
(       libmtguard.so[0xCBBCB000])[28 46       ]0x00003E2A:	MOV	R0, R5	;(R5=0x00000010 )
(       libmtguard.so[0xCBBCB000])[FE F7 C8 EB ]0x00003E2C:	BLX	#0XCBBCD5C0	;(PC=0xCBBCEE2C )
(       libmtguard.so[0xCBBCB000])[00 C6 8F E2 ]0x000025C0:	ADD	IP, PC, #0, #12	;(PC=0xCBBCD5C0 )
(       libmtguard.so[0xCBBCB000])[3D CA 8C E2 ]0x000025C4:	ADD	IP, IP, #0X3D000	;(IP=0xCBBCD5C8 )
(       libmtguard.so[0xCBBCB000])[04 F9 BC E5 ]0x000025C8:	LDR	PC, [IP, #0X904]!	;(IP=0xCBC0A5C8 )
(       libmtguard.so[0xCBBCB000])[04 46       ]0x00003E30:	MOV	R4, R0	;(R0=0x30045F08 )
(       libmtguard.so[0xCBBCB000])[24 B1       ]0x00003E32:	CBZ	R4, #0XCBBCEE3E	;(R4=0x30045F08 )
(       libmtguard.so[0xCBBCB000])[20 46       ]0x00003E34:	MOV	R0, R4	;(R4=0x30045F08 )
(       libmtguard.so[0xCBBCB000])[29 46       ]0x00003E36:	MOV	R1, R5	;(R5=0x00000010 )
(       libmtguard.so[0xCBBCB000])[FE F7 CE EB ]0x00003E38:	BLX	#0XCBBCD5D8	;(PC=0xCBBCEE38 )
(       libmtguard.so[0xCBBCB000])[00 C6 8F E2 ]0x000025D8:	ADD	IP, PC, #0, #12	;(PC=0xCBBCD5D8 )
(       libmtguard.so[0xCBBCB000])[3D CA 8C E2 ]0x000025DC:	ADD	IP, IP, #0X3D000	;(IP=0xCBBCD5E0 )
(       libmtguard.so[0xCBBCB000])[F4 F8 BC E5 ]0x000025E0:	LDR	PC, [IP, #0X8F4]!	;(IP=0xCBC0A5E0 )
(       libmtguard.so[0xCBBCB000])[00 E0       ]0x00003E3C:	B	#0XCBBCEE40
(       libmtguard.so[0xCBBCB000])[20 46       ]0x00003E40:	MOV	R0, R4	;(R4=0x30045F08 )
(       libmtguard.so[0xCBBCB000])[B0 BD       ]0x00003E42:	POP	{R4, R5, R7, PC}	;(SP=0x100FFF98 )
(       libmtguard.so[0xCBBCB000])[04 46       ]0x00003894:	MOV	R4, R0	;(R0=0x30045F08 )
(       libmtguard.so[0xCBBCB000])[94 B1       ]0x00003896:	CBZ	R4, #0XCBBCE8BE	;(R4=0x30045F08 )
(       libmtguard.so[0xCBBCB000])[0B 20       ]0x00003898:	MOVS	R0, #0XB
(       libmtguard.so[0xCBBCB000])[C4 E9 00 66 ]0x0000389A:	STRD	R6, R6, [R4]	;(R6=0x00000000 R4=0x30045F08 )
(       libmtguard.so[0xCBBCB000])[C4 E9 02 05 ]0x0000389E:	STRD	R0, R5, [R4, #8]	;(R0=0x0000000B R5=0xCBBCFE51 R4=0x30045F08 )
(       libmtguard.so[0xCBBCB000])[04 20       ]0x000038A2:	MOVS	R0, #4
(       libmtguard.so[0xCBBCB000])[0B 21       ]0x000038A4:	MOVS	R1, #0XB
(       libmtguard.so[0xCBBCB000])[00 22       ]0x000038A6:	MOVS	R2, #0
(       libmtguard.so[0xCBBCB000])[00 23       ]0x000038A8:	MOVS	R3, #0
(       libmtguard.so[0xCBBCB000])[00 F0 B9 FA ]0x000038AA:	BL	#0XCBBCEE20	;(PC=0xCBBCE8AA )
(       libmtguard.so[0xCBBCB000])[B0 B5       ]0x00003E20:	PUSH	{R4, R5, R7, LR}	;(SP=0x100FFFA8 R4=0x30045F08 R5=0xCBBCFE51 R7=0x100FFFB8 LR=0xCBBCE8AF )
(       libmtguard.so[0xCBBCB000])[02 AF       ]0x00003E22:	ADD	R7, SP, #8	;(SP=0x100FFF98 )
(       libmtguard.so[0xCBBCB000])[01 FB 00 F5 ]0x00003E24:	MUL	R5, R1, R0	;(R1=0x0000000B R0=0x00000004 )
(       libmtguard.so[0xCBBCB000])[4D B1       ]0x00003E28:	CBZ	R5, #0XCBBCEE3E	;(R5=0x0000002C )
(       libmtguard.so[0xCBBCB000])[28 46       ]0x00003E2A:	MOV	R0, R5	;(R5=0x0000002C )
(       libmtguard.so[0xCBBCB000])[FE F7 C8 EB ]0x00003E2C:	BLX	#0XCBBCD5C0	;(PC=0xCBBCEE2C )
(       libmtguard.so[0xCBBCB000])[00 C6 8F E2 ]0x000025C0:	ADD	IP, PC, #0, #12	;(PC=0xCBBCD5C0 )
(       libmtguard.so[0xCBBCB000])[3D CA 8C E2 ]0x000025C4:	ADD	IP, IP, #0X3D000	;(IP=0xCBBCD5C8 )
(       libmtguard.so[0xCBBCB000])[04 F9 BC E5 ]0x000025C8:	LDR	PC, [IP, #0X904]!	;(IP=0xCBC0A5C8 )
(       libmtguard.so[0xCBBCB000])[04 46       ]0x00003E30:	MOV	R4, R0	;(R0=0x30045F20 )
(       libmtguard.so[0xCBBCB000])[24 B1       ]0x00003E32:	CBZ	R4, #0XCBBCEE3E	;(R4=0x30045F20 )
(       libmtguard.so[0xCBBCB000])[20 46       ]0x00003E34:	MOV	R0, R4	;(R4=0x30045F20 )
(       libmtguard.so[0xCBBCB000])[29 46       ]0x00003E36:	MOV	R1, R5	;(R5=0x0000002C )
(       libmtguard.so[0xCBBCB000])[FE F7 CE EB ]0x00003E38:	BLX	#0XCBBCD5D8	;(PC=0xCBBCEE38 )
(       libmtguard.so[0xCBBCB000])[00 C6 8F E2 ]0x000025D8:	ADD	IP, PC, #0, #12	;(PC=0xCBBCD5D8 )
(       libmtguard.so[0xCBBCB000])[3D CA 8C E2 ]0x000025DC:	ADD	IP, IP, #0X3D000	;(IP=0xCBBCD5E0 )
(       libmtguard.so[0xCBBCB000])[F4 F8 BC E5 ]0x000025E0:	LDR	PC, [IP, #0X8F4]!	;(IP=0xCBC0A5E0 )
(       libmtguard.so[0xCBBCB000])[00 E0       ]0x00003E3C:	B	#0XCBBCEE40
(       libmtguard.so[0xCBBCB000])[20 46       ]0x00003E40:	MOV	R0, R4	;(R4=0x30045F20 )
(       libmtguard.so[0xCBBCB000])[B0 BD       ]0x00003E42:	POP	{R4, R5, R7, PC}	;(SP=0x100FFF98 )
(       libmtguard.so[0xCBBCB000])[00 28       ]0x000038AE:	CMP	R0, #0	;(R0=0x30045F20 )
(       libmtguard.so[0xCBBCB000])[20 60       ]0x000038B0:	STR	R0, [R4]	;(R0=0x30045F20 R4=0x30045F08 )
(       libmtguard.so[0xCBBCB000])[05 D1       ]0x000038B2:	BNE	#0XCBBCE8C0
(       libmtguard.so[0xCBBCB000])[20 46       ]0x000038C0:	MOV	R0, R4	;(R4=0x30045F08 )
(       libmtguard.so[0xCBBCB000])[5D F8 04 BB ]0x000038C2:	LDR	FP, [SP], #4	;(SP=0x100FFFA8 )
(       libmtguard.so[0xCBBCB000])[F0 BD       ]0x000038C6:	POP	{R4, R5, R6, R7, PC}	;(SP=0x100FFFAC )
(       libmtguard.so[0xCBBCB000])[01 36       ]0x0000CE08:	ADDS	R6, #1	;(R6=0x000000A5 )
(       libmtguard.so[0xCBBCB000])[60 60       ]0x0000CE0A:	STR	R0, [R4, #4]	;(R0=0x30045F08 R4=0xCBC0D5BC )
(       libmtguard.so[0xCBBCB000])[B6 F5 7C 7F ]0x0000CE0C:	CMP.W	R6, #0X3F0	;(R6=0x000000A6 )
(       libmtguard.so[0xCBBCB000])[F3 D1       ]0x0000CE10:	BNE	#0XCBBD7DFA
(       libmtguard.so[0xCBBCB000])[48 46       ]0x0000CDFA:	MOV	R0, SB	;(SB=0xCBBCFE51 )
(       libmtguard.so[0xCBBCB000])[45 F8 36 80 ]0x0000CDFC:	STR.W	R8, [R5, R6, LSL #3]	;(R8=0xFFFFFFFF R5=0xCBC0D094 R6=0x000000A6 )
(       libmtguard.so[0xCBBCB000])[05 EB C6 04 ]0x0000CE00:	ADD.W	R4, R5, R6, LSL #3	;(R5=0xCBC0D094 R6=0x000000A6 )
(       libmtguard.so[0xCBBCB000])[F6 F7 3A FD ]0x0000CE04:	BL	#0XCBBCE87C	;(PC=0xCBBD7E04 )
(       libmtguard.so[0xCBBCB000])[F0 B5       ]0x0000387C:	PUSH	{R4, R5, R6, R7, LR}	;(SP=0x100FFFC0 R4=0xCBC0D5C4 R5=0xCBC0D094 R6=0x000000A6 R7=0x100FFFE0 LR=0xCBBD7E09 )
(       libmtguard.so[0xCBBCB000])[03 AF       ]0x0000387E:	ADD	R7, SP, #0XC	;(SP=0x100FFFAC )
(       libmtguard.so[0xCBBCB000])[4D F8 04 BD ]0x00003880:	STR	FP, [SP, #-0X4]!	;(FP=0xCBC0B1C4 SP=0x100FFFAC )
(       libmtguard.so[0xCBBCB000])[05 46       ]0x00003884:	MOV	R5, R0	;(R0=0xCBBCFE51 )
(       libmtguard.so[0xCBBCB000])[01 20       ]0x00003886:	MOVS	R0, #1
(       libmtguard.so[0xCBBCB000])[10 21       ]0x00003888:	MOVS	R1, #0X10
(       libmtguard.so[0xCBBCB000])[00 22       ]0x0000388A:	MOVS	R2, #0
(       libmtguard.so[0xCBBCB000])[00 23       ]0x0000388C:	MOVS	R3, #0
(       libmtguard.so[0xCBBCB000])[00 26       ]0x0000388E:	MOVS	R6, #0
(       libmtguard.so[0xCBBCB000])[00 F0 C6 FA ]0x00003890:	BL	#0XCBBCEE20	;(PC=0xCBBCE890 )
(       libmtguard.so[0xCBBCB000])[B0 B5       ]0x00003E20:	PUSH	{R4, R5, R7, LR}	;(SP=0x100FFFA8 R4=0xCBC0D5C4 R5=0xCBBCFE51 R7=0x100FFFB8 LR=0xCBBCE895 )
(       libmtguard.so[0xCBBCB000])[02 AF       ]0x00003E22:	ADD	R7, SP, #8	;(SP=0x100FFF98 )
(       libmtguard.so[0xCBBCB000])[01 FB 00 F5 ]0x00003E24:	MUL	R5, R1, R0	;(R1=0x00000010 R0=0x00000001 )
(       libmtguard.so[0xCBBCB000])[4D B1       ]0x00003E28:	CBZ	R5, #0XCBBCEE3E	;(R5=0x00000010 )
(       libmtguard.so[0xCBBCB000])[28 46       ]0x00003E2A:	MOV	R0, R5	;(R5=0x00000010 )
(       libmtguard.so[0xCBBCB000])[FE F7 C8 EB ]0x00003E2C:	BLX	#0XCBBCD5C0	;(PC=0xCBBCEE2C )
(       libmtguard.so[0xCBBCB000])[00 C6 8F E2 ]0x000025C0:	ADD	IP, PC, #0, #12	;(PC=0xCBBCD5C0 )
(       libmtguard.so[0xCBBCB000])[3D CA 8C E2 ]0x000025C4:	ADD	IP, IP, #0X3D000	;(IP=0xCBBCD5C8 )
(       libmtguard.so[0xCBBCB000])[04 F9 BC E5 ]0x000025C8:	LDR	PC, [IP, #0X904]!	;(IP=0xCBC0A5C8 )
(       libmtguard.so[0xCBBCB000])[04 46       ]0x00003E30:	MOV	R4, R0	;(R0=0x30045F50 )
(       libmtguard.so[0xCBBCB000])[24 B1       ]0x00003E32:	CBZ	R4, #0XCBBCEE3E	;(R4=0x30045F50 )
(       libmtguard.so[0xCBBCB000])[20 46       ]0x00003E34:	MOV	R0, R4	;(R4=0x30045F50 )
(       libmtguard.so[0xCBBCB000])[29 46       ]0x00003E36:	MOV	R1, R5	;(R5=0x00000010 )
(       libmtguard.so[0xCBBCB000])[FE F7 CE EB ]0x00003E38:	BLX	#0XCBBCD5D8	;(PC=0xCBBCEE38 )
(       libmtguard.so[0xCBBCB000])[00 C6 8F E2 ]0x000025D8:	ADD	IP, PC, #0, #12	;(PC=0xCBBCD5D8 )
(       libmtguard.so[0xCBBCB000])[3D CA 8C E2 ]0x000025DC:	ADD	IP, IP, #0X3D000	;(IP=0xCBBCD5E0 )
(       libmtguard.so[0xCBBCB000])[F4 F8 BC E5 ]0x000025E0:	LDR	PC, [IP, #0X8F4]!	;(IP=0xCBC0A5E0 )
(       libmtguard.so[0xCBBCB000])[00 E0       ]0x00003E3C:	B	#0XCBBCEE40
(       libmtguard.so[0xCBBCB000])[20 46       ]0x00003E40:	MOV	R0, R4	;(R4=0x30045F50 )
(       libmtguard.so[0xCBBCB000])[B0 BD       ]0x00003E42:	POP	{R4, R5, R7, PC}	;(SP=0x100FFF98 )
(       libmtguard.so[0xCBBCB000])[04 46       ]0x00003894:	MOV	R4, R0	;(R0=0x30045F50 )
(       libmtguard.so[0xCBBCB000])[94 B1       ]0x00003896:	CBZ	R4, #0XCBBCE8BE	;(R4=0x30045F50 )
(       libmtguard.so[0xCBBCB000])[0B 20       ]0x00003898:	MOVS	R0, #0XB
(       libmtguard.so[0xCBBCB000])[C4 E9 00 66 ]0x0000389A:	STRD	R6, R6, [R4]	;(R6=0x00000000 R4=0x30045F50 )
(       libmtguard.so[0xCBBCB000])[C4 E9 02 05 ]0x0000389E:	STRD	R0, R5, [R4, #8]	;(R0=0x0000000B R5=0xCBBCFE51 R4=0x30045F50 )
(       libmtguard.so[0xCBBCB000])[04 20       ]0x000038A2:	MOVS	R0, #4
(       libmtguard.so[0xCBBCB000])[0B 21       ]0x000038A4:	MOVS	R1, #0XB
(       libmtguard.so[0xCBBCB000])[00 22       ]0x000038A6:	MOVS	R2, #0
(       libmtguard.so[0xCBBCB000])[00 23       ]0x000038A8:	MOVS	R3, #0
(       libmtguard.so[0xCBBCB000])[00 F0 B9 FA ]0x000038AA:	BL	#0XCBBCEE20	;(PC=0xCBBCE8AA )
(       libmtguard.so[0xCBBCB000])[B0 B5       ]0x00003E20:	PUSH	{R4, R5, R7, LR}	;(SP=0x100FFFA8 R4=0x30045F50 R5=0xCBBCFE51 R7=0x100FFFB8 LR=0xCBBCE8AF )
(       libmtguard.so[0xCBBCB000])[02 AF       ]0x00003E22:	ADD	R7, SP, #8	;(SP=0x100FFF98 )
(       libmtguard.so[0xCBBCB000])[01 FB 00 F5 ]0x00003E24:	MUL	R5, R1, R0	;(R1=0x0000000B R0=0x00000004 )
(       libmtguard.so[0xCBBCB000])[4D B1       ]0x00003E28:	CBZ	R5, #0XCBBCEE3E	;(R5=0x0000002C )
(       libmtguard.so[0xCBBCB000])[28 46       ]0x00003E2A:	MOV	R0, R5	;(R5=0x0000002C )
(       libmtguard.so[0xCBBCB000])[FE F7 C8 EB ]0x00003E2C:	BLX	#0XCBBCD5C0	;(PC=0xCBBCEE2C )
(       libmtguard.so[0xCBBCB000])[00 C6 8F E2 ]0x000025C0:	ADD	IP, PC, #0, #12	;(PC=0xCBBCD5C0 )
(       libmtguard.so[0xCBBCB000])[3D CA 8C E2 ]0x000025C4:	ADD	IP, IP, #0X3D000	;(IP=0xCBBCD5C8 )
(       libmtguard.so[0xCBBCB000])[04 F9 BC E5 ]0x000025C8:	LDR	PC, [IP, #0X904]!	;(IP=0xCBC0A5C8 )
(       libmtguard.so[0xCBBCB000])[04 46       ]0x00003E30:	MOV	R4, R0	;(R0=0x30045F68 )
(       libmtguard.so[0xCBBCB000])[24 B1       ]0x00003E32:	CBZ	R4, #0XCBBCEE3E	;(R4=0x30045F68 )
(       libmtguard.so[0xCBBCB000])[20 46       ]0x00003E34:	MOV	R0, R4	;(R4=0x30045F68 )
(       libmtguard.so[0xCBBCB000])[29 46       ]0x00003E36:	MOV	R1, R5	;(R5=0x0000002C )
(       libmtguard.so[0xCBBCB000])[FE F7 CE EB ]0x00003E38:	BLX	#0XCBBCD5D8	;(PC=0xCBBCEE38 )
(       libmtguard.so[0xCBBCB000])[00 C6 8F E2 ]0x000025D8:	ADD	IP, PC, #0, #12	;(PC=0xCBBCD5D8 )
(       libmtguard.so[0xCBBCB000])[3D CA 8C E2 ]0x000025DC:	ADD	IP, IP, #0X3D000	;(IP=0xCBBCD5E0 )
(       libmtguard.so[0xCBBCB000])[F4 F8 BC E5 ]0x000025E0:	LDR	PC, [IP, #0X8F4]!	;(IP=0xCBC0A5E0 )
(       libmtguard.so[0xCBBCB000])[00 E0       ]0x00003E3C:	B	#0XCBBCEE40
(       libmtguard.so[0xCBBCB000])[20 46       ]0x00003E40:	MOV	R0, R4	;(R4=0x30045F68 )
(       libmtguard.so[0xCBBCB000])[B0 BD       ]0x00003E42:	POP	{R4, R5, R7, PC}	;(SP=0x100FFF98 )
(       libmtguard.so[0xCBBCB000])[00 28       ]0x000038AE:	CMP	R0, #0	;(R0=0x30045F68 )
(       libmtguard.so[0xCBBCB000])[20 60       ]0x000038B0:	STR	R0, [R4]	;(R0=0x30045F68 R4=0x30045F50 )
(       libmtguard.so[0xCBBCB000])[05 D1       ]0x000038B2:	BNE	#0XCBBCE8C0
(       libmtguard.so[0xCBBCB000])[20 46       ]0x000038C0:	MOV	R0, R4	;(R4=0x30045F50 )
(       libmtguard.so[0xCBBCB000])[5D F8 04 BB ]0x000038C2:	LDR	FP, [SP], #4	;(SP=0x100FFFA8 )
(       libmtguard.so[0xCBBCB000])[F0 BD       ]0x000038C6:	POP	{R4, R5, R6, R7, PC}	;(SP=0x100FFFAC )
(       libmtguard.so[0xCBBCB000])[01 36       ]0x0000CE08:	ADDS	R6, #1	;(R6=0x000000A6 )
(       libmtguard.so[0xCBBCB000])[60 60       ]0x0000CE0A:	STR	R0, [R4, #4]	;(R0=0x30045F50 R4=0xCBC0D5C4 )
(       libmtguard.so[0xCBBCB000])[B6 F5 7C 7F ]0x0000CE0C:	CMP.W	R6, #0X3F0	;(R6=0x000000A7 )
(       libmtguard.so[0xCBBCB000])[F3 D1       ]0x0000CE10:	BNE	#0XCBBD7DFA
(       libmtguard.so[0xCBBCB000])[48 46       ]0x0000CDFA:	MOV	R0, SB	;(SB=0xCBBCFE51 )
(       libmtguard.so[0xCBBCB000])[45 F8 36 80 ]0x0000CDFC:	STR.W	R8, [R5, R6, LSL #3]	;(R8=0xFFFFFFFF R5=0xCBC0D094 R6=0x000000A7 )
(       libmtguard.so[0xCBBCB000])[05 EB C6 04 ]0x0000CE00:	ADD.W	R4, R5, R6, LSL #3	;(R5=0xCBC0D094 R6=0x000000A7 )
(       libmtguard.so[0xCBBCB000])[F6 F7 3A FD ]0x0000CE04:	BL	#0XCBBCE87C	;(PC=0xCBBD7E04 )
(       libmtguard.so[0xCBBCB000])[F0 B5       ]0x0000387C:	PUSH	{R4, R5, R6, R7, LR}	;(SP=0x100FFFC0 R4=0xCBC0D5CC R5=0xCBC0D094 R6=0x000000A7 R7=0x100FFFE0 LR=0xCBBD7E09 )
(       libmtguard.so[0xCBBCB000])[03 AF       ]0x0000387E:	ADD	R7, SP, #0XC	;(SP=0x100FFFAC )
(       libmtguard.so[0xCBBCB000])[4D F8 04 BD ]0x00003880:	STR	FP, [SP, #-0X4]!	;(FP=0xCBC0B1C4 SP=0x100FFFAC )
(       libmtguard.so[0xCBBCB000])[05 46       ]0x00003884:	MOV	R5, R0	;(R0=0xCBBCFE51 )
(       libmtguard.so[0xCBBCB000])[01 20       ]0x00003886:	MOVS	R0, #1
(       libmtguard.so[0xCBBCB000])[10 21       ]0x00003888:	MOVS	R1, #0X10
(       libmtguard.so[0xCBBCB000])[00 22       ]0x0000388A:	MOVS	R2, #0
(       libmtguard.so[0xCBBCB000])[00 23       ]0x0000388C:	MOVS	R3, #0
(       libmtguard.so[0xCBBCB000])[00 26       ]0x0000388E:	MOVS	R6, #0
(       libmtguard.so[0xCBBCB000])[00 F0 C6 FA ]0x00003890:	BL	#0XCBBCEE20	;(PC=0xCBBCE890 )
(       libmtguard.so[0xCBBCB000])[B0 B5       ]0x00003E20:	PUSH	{R4, R5, R7, LR}	;(SP=0x100FFFA8 R4=0xCBC0D5CC R5=0xCBBCFE51 R7=0x100FFFB8 LR=0xCBBCE895 )
(       libmtguard.so[0xCBBCB000])[02 AF       ]0x00003E22:	ADD	R7, SP, #8	;(SP=0x100FFF98 )
(       libmtguard.so[0xCBBCB000])[01 FB 00 F5 ]0x00003E24:	MUL	R5, R1, R0	;(R1=0x00000010 R0=0x00000001 )
(       libmtguard.so[0xCBBCB000])[4D B1       ]0x00003E28:	CBZ	R5, #0XCBBCEE3E	;(R5=0x00000010 )
(       libmtguard.so[0xCBBCB000])[28 46       ]0x00003E2A:	MOV	R0, R5	;(R5=0x00000010 )
(       libmtguard.so[0xCBBCB000])[FE F7 C8 EB ]0x00003E2C:	BLX	#0XCBBCD5C0	;(PC=0xCBBCEE2C )
(       libmtguard.so[0xCBBCB000])[00 C6 8F E2 ]0x000025C0:	ADD	IP, PC, #0, #12	;(PC=0xCBBCD5C0 )
(       libmtguard.so[0xCBBCB000])[3D CA 8C E2 ]0x000025C4:	ADD	IP, IP, #0X3D000	;(IP=0xCBBCD5C8 )
(       libmtguard.so[0xCBBCB000])[04 F9 BC E5 ]0x000025C8:	LDR	PC, [IP, #0X904]!	;(IP=0xCBC0A5C8 )
(       libmtguard.so[0xCBBCB000])[04 46       ]0x00003E30:	MOV	R4, R0	;(R0=0x30045F98 )
(       libmtguard.so[0xCBBCB000])[24 B1       ]0x00003E32:	CBZ	R4, #0XCBBCEE3E	;(R4=0x30045F98 )
(       libmtguard.so[0xCBBCB000])[20 46       ]0x00003E34:	MOV	R0, R4	;(R4=0x30045F98 )
(       libmtguard.so[0xCBBCB000])[29 46       ]0x00003E36:	MOV	R1, R5	;(R5=0x00000010 )
(       libmtguard.so[0xCBBCB000])[FE F7 CE EB ]0x00003E38:	BLX	#0XCBBCD5D8	;(PC=0xCBBCEE38 )
(       libmtguard.so[0xCBBCB000])[00 C6 8F E2 ]0x000025D8:	ADD	IP, PC, #0, #12	;(PC=0xCBBCD5D8 )
(       libmtguard.so[0xCBBCB000])[3D CA 8C E2 ]0x000025DC:	ADD	IP, IP, #0X3D000	;(IP=0xCBBCD5E0 )
(       libmtguard.so[0xCBBCB000])[F4 F8 BC E5 ]0x000025E0:	LDR	PC, [IP, #0X8F4]!	;(IP=0xCBC0A5E0 )
(       libmtguard.so[0xCBBCB000])[00 E0       ]0x00003E3C:	B	#0XCBBCEE40
(       libmtguard.so[0xCBBCB000])[20 46       ]0x00003E40:	MOV	R0, R4	;(R4=0x30045F98 )
(       libmtguard.so[0xCBBCB000])[B0 BD       ]0x00003E42:	POP	{R4, R5, R7, PC}	;(SP=0x100FFF98 )
(       libmtguard.so[0xCBBCB000])[04 46       ]0x00003894:	MOV	R4, R0	;(R0=0x30045F98 )
(       libmtguard.so[0xCBBCB000])[94 B1       ]0x00003896:	CBZ	R4, #0XCBBCE8BE	;(R4=0x30045F98 )
(       libmtguard.so[0xCBBCB000])[0B 20       ]0x00003898:	MOVS	R0, #0XB
(       libmtguard.so[0xCBBCB000])[C4 E9 00 66 ]0x0000389A:	STRD	R6, R6, [R4]	;(R6=0x00000000 R4=0x30045F98 )
(       libmtguard.so[0xCBBCB000])[C4 E9 02 05 ]0x0000389E:	STRD	R0, R5, [R4, #8]	;(R0=0x0000000B R5=0xCBBCFE51 R4=0x30045F98 )
(       libmtguard.so[0xCBBCB000])[04 20       ]0x000038A2:	MOVS	R0, #4
(       libmtguard.so[0xCBBCB000])[0B 21       ]0x000038A4:	MOVS	R1, #0XB
(       libmtguard.so[0xCBBCB000])[00 22       ]0x000038A6:	MOVS	R2, #0
(       libmtguard.so[0xCBBCB000])[00 23       ]0x000038A8:	MOVS	R3, #0
(       libmtguard.so[0xCBBCB000])[00 F0 B9 FA ]0x000038AA:	BL	#0XCBBCEE20	;(PC=0xCBBCE8AA )
(       libmtguard.so[0xCBBCB000])[B0 B5       ]0x00003E20:	PUSH	{R4, R5, R7, LR}	;(SP=0x100FFFA8 R4=0x30045F98 R5=0xCBBCFE51 R7=0x100FFFB8 LR=0xCBBCE8AF )
(       libmtguard.so[0xCBBCB000])[02 AF       ]0x00003E22:	ADD	R7, SP, #8	;(SP=0x100FFF98 )
(       libmtguard.so[0xCBBCB000])[01 FB 00 F5 ]0x00003E24:	MUL	R5, R1, R0	;(R1=0x0000000B R0=0x00000004 )
(       libmtguard.so[0xCBBCB000])[4D B1       ]0x00003E28:	CBZ	R5, #0XCBBCEE3E	;(R5=0x0000002C )
(       libmtguard.so[0xCBBCB000])[28 46       ]0x00003E2A:	MOV	R0, R5	;(R5=0x0000002C )
(       libmtguard.so[0xCBBCB000])[FE F7 C8 EB ]0x00003E2C:	BLX	#0XCBBCD5C0	;(PC=0xCBBCEE2C )
(       libmtguard.so[0xCBBCB000])[00 C6 8F E2 ]0x000025C0:	ADD	IP, PC, #0, #12	;(PC=0xCBBCD5C0 )
(       libmtguard.so[0xCBBCB000])[3D CA 8C E2 ]0x000025C4:	ADD	IP, IP, #0X3D000	;(IP=0xCBBCD5C8 )
(       libmtguard.so[0xCBBCB000])[04 F9 BC E5 ]0x000025C8:	LDR	PC, [IP, #0X904]!	;(IP=0xCBC0A5C8 )
(       libmtguard.so[0xCBBCB000])[04 46       ]0x00003E30:	MOV	R4, R0	;(R0=0x30047008 )
(       libmtguard.so[0xCBBCB000])[24 B1       ]0x00003E32:	CBZ	R4, #0XCBBCEE3E	;(R4=0x30047008 )
(       libmtguard.so[0xCBBCB000])[20 46       ]0x00003E34:	MOV	R0, R4	;(R4=0x30047008 )
(       libmtguard.so[0xCBBCB000])[29 46       ]0x00003E36:	MOV	R1, R5	;(R5=0x0000002C )
(       libmtguard.so[0xCBBCB000])[FE F7 CE EB ]0x00003E38:	BLX	#0XCBBCD5D8	;(PC=0xCBBCEE38 )
(       libmtguard.so[0xCBBCB000])[00 C6 8F E2 ]0x000025D8:	ADD	IP, PC, #0, #12	;(PC=0xCBBCD5D8 )
(       libmtguard.so[0xCBBCB000])[3D CA 8C E2 ]0x000025DC:	ADD	IP, IP, #0X3D000	;(IP=0xCBBCD5E0 )
(       libmtguard.so[0xCBBCB000])[F4 F8 BC E5 ]0x000025E0:	LDR	PC, [IP, #0X8F4]!	;(IP=0xCBC0A5E0 )
(       libmtguard.so[0xCBBCB000])[00 E0       ]0x00003E3C:	B	#0XCBBCEE40
(       libmtguard.so[0xCBBCB000])[20 46       ]0x00003E40:	MOV	R0, R4	;(R4=0x30047008 )
(       libmtguard.so[0xCBBCB000])[B0 BD       ]0x00003E42:	POP	{R4, R5, R7, PC}	;(SP=0x100FFF98 )
(       libmtguard.so[0xCBBCB000])[00 28       ]0x000038AE:	CMP	R0, #0	;(R0=0x30047008 )
(       libmtguard.so[0xCBBCB000])[20 60       ]0x000038B0:	STR	R0, [R4]	;(R0=0x30047008 R4=0x30045F98 )
(       libmtguard.so[0xCBBCB000])[05 D1       ]0x000038B2:	BNE	#0XCBBCE8C0
(       libmtguard.so[0xCBBCB000])[20 46       ]0x000038C0:	MOV	R0, R4	;(R4=0x30045F98 )
(       libmtguard.so[0xCBBCB000])[5D F8 04 BB ]0x000038C2:	LDR	FP, [SP], #4	;(SP=0x100FFFA8 )
(       libmtguard.so[0xCBBCB000])[F0 BD       ]0x000038C6:	POP	{R4, R5, R6, R7, PC}	;(SP=0x100FFFAC )
(       libmtguard.so[0xCBBCB000])[01 36       ]0x0000CE08:	ADDS	R6, #1	;(R6=0x000000A7 )
(       libmtguard.so[0xCBBCB000])[60 60       ]0x0000CE0A:	STR	R0, [R4, #4]	;(R0=0x30045F98 R4=0xCBC0D5CC )
(       libmtguard.so[0xCBBCB000])[B6 F5 7C 7F ]0x0000CE0C:	CMP.W	R6, #0X3F0	;(R6=0x000000A8 )
(       libmtguard.so[0xCBBCB000])[F3 D1       ]0x0000CE10:	BNE	#0XCBBD7DFA
(       libmtguard.so[0xCBBCB000])[48 46       ]0x0000CDFA:	MOV	R0, SB	;(SB=0xCBBCFE51 )
(       libmtguard.so[0xCBBCB000])[45 F8 36 80 ]0x0000CDFC:	STR.W	R8, [R5, R6, LSL #3]	;(R8=0xFFFFFFFF R5=0xCBC0D094 R6=0x000000A8 )
(       libmtguard.so[0xCBBCB000])[05 EB C6 04 ]0x0000CE00:	ADD.W	R4, R5, R6, LSL #3	;(R5=0xCBC0D094 R6=0x000000A8 )
(       libmtguard.so[0xCBBCB000])[F6 F7 3A FD ]0x0000CE04:	BL	#0XCBBCE87C	;(PC=0xCBBD7E04 )
(       libmtguard.so[0xCBBCB000])[F0 B5       ]0x0000387C:	PUSH	{R4, R5, R6, R7, LR}	;(SP=0x100FFFC0 R4=0xCBC0D5D4 R5=0xCBC0D094 R6=0x000000A8 R7=0x100FFFE0 LR=0xCBBD7E09 )
(       libmtguard.so[0xCBBCB000])[03 AF       ]0x0000387E:	ADD	R7, SP, #0XC	;(SP=0x100FFFAC )
(       libmtguard.so[0xCBBCB000])[4D F8 04 BD ]0x00003880:	STR	FP, [SP, #-0X4]!	;(FP=0xCBC0B1C4 SP=0x100FFFAC )
(       libmtguard.so[0xCBBCB000])[05 46       ]0x00003884:	MOV	R5, R0	;(R0=0xCBBCFE51 )
(       libmtguard.so[0xCBBCB000])[01 20       ]0x00003886:	MOVS	R0, #1
(       libmtguard.so[0xCBBCB000])[10 21       ]0x00003888:	MOVS	R1, #0X10
(       libmtguard.so[0xCBBCB000])[00 22       ]0x0000388A:	MOVS	R2, #0
(       libmtguard.so[0xCBBCB000])[00 23       ]0x0000388C:	MOVS	R3, #0
(       libmtguard.so[0xCBBCB000])[00 26       ]0x0000388E:	MOVS	R6, #0
(       libmtguard.so[0xCBBCB000])[00 F0 C6 FA ]0x00003890:	BL	#0XCBBCEE20	;(PC=0xCBBCE890 )
(       libmtguard.so[0xCBBCB000])[B0 B5       ]0x00003E20:	PUSH	{R4, R5, R7, LR}	;(SP=0x100FFFA8 R4=0xCBC0D5D4 R5=0xCBBCFE51 R7=0x100FFFB8 LR=0xCBBCE895 )
(       libmtguard.so[0xCBBCB000])[02 AF       ]0x00003E22:	ADD	R7, SP, #8	;(SP=0x100FFF98 )
(       libmtguard.so[0xCBBCB000])[01 FB 00 F5 ]0x00003E24:	MUL	R5, R1, R0	;(R1=0x00000010 R0=0x00000001 )
(       libmtguard.so[0xCBBCB000])[4D B1       ]0x00003E28:	CBZ	R5, #0XCBBCEE3E	;(R5=0x00000010 )
(       libmtguard.so[0xCBBCB000])[28 46       ]0x00003E2A:	MOV	R0, R5	;(R5=0x00000010 )
(       libmtguard.so[0xCBBCB000])[FE F7 C8 EB ]0x00003E2C:	BLX	#0XCBBCD5C0	;(PC=0xCBBCEE2C )
(       libmtguard.so[0xCBBCB000])[00 C6 8F E2 ]0x000025C0:	ADD	IP, PC, #0, #12	;(PC=0xCBBCD5C0 )
(       libmtguard.so[0xCBBCB000])[3D CA 8C E2 ]0x000025C4:	ADD	IP, IP, #0X3D000	;(IP=0xCBBCD5C8 )
(       libmtguard.so[0xCBBCB000])[04 F9 BC E5 ]0x000025C8:	LDR	PC, [IP, #0X904]!	;(IP=0xCBC0A5C8 )
(       libmtguard.so[0xCBBCB000])[04 46       ]0x00003E30:	MOV	R4, R0	;(R0=0x30045FB0 )
(       libmtguard.so[0xCBBCB000])[24 B1       ]0x00003E32:	CBZ	R4, #0XCBBCEE3E	;(R4=0x30045FB0 )
(       libmtguard.so[0xCBBCB000])[20 46       ]0x00003E34:	MOV	R0, R4	;(R4=0x30045FB0 )
(       libmtguard.so[0xCBBCB000])[29 46       ]0x00003E36:	MOV	R1, R5	;(R5=0x00000010 )
(       libmtguard.so[0xCBBCB000])[FE F7 CE EB ]0x00003E38:	BLX	#0XCBBCD5D8	;(PC=0xCBBCEE38 )
(       libmtguard.so[0xCBBCB000])[00 C6 8F E2 ]0x000025D8:	ADD	IP, PC, #0, #12	;(PC=0xCBBCD5D8 )
(       libmtguard.so[0xCBBCB000])[3D CA 8C E2 ]0x000025DC:	ADD	IP, IP, #0X3D000	;(IP=0xCBBCD5E0 )
(       libmtguard.so[0xCBBCB000])[F4 F8 BC E5 ]0x000025E0:	LDR	PC, [IP, #0X8F4]!	;(IP=0xCBC0A5E0 )
(       libmtguard.so[0xCBBCB000])[00 E0       ]0x00003E3C:	B	#0XCBBCEE40
(       libmtguard.so[0xCBBCB000])[20 46       ]0x00003E40:	MOV	R0, R4	;(R4=0x30045FB0 )
(       libmtguard.so[0xCBBCB000])[B0 BD       ]0x00003E42:	POP	{R4, R5, R7, PC}	;(SP=0x100FFF98 )
(       libmtguard.so[0xCBBCB000])[04 46       ]0x00003894:	MOV	R4, R0	;(R0=0x30045FB0 )
(       libmtguard.so[0xCBBCB000])[94 B1       ]0x00003896:	CBZ	R4, #0XCBBCE8BE	;(R4=0x30045FB0 )
(       libmtguard.so[0xCBBCB000])[0B 20       ]0x00003898:	MOVS	R0, #0XB
(       libmtguard.so[0xCBBCB000])[C4 E9 00 66 ]0x0000389A:	STRD	R6, R6, [R4]	;(R6=0x00000000 R4=0x30045FB0 )
(       libmtguard.so[0xCBBCB000])[C4 E9 02 05 ]0x0000389E:	STRD	R0, R5, [R4, #8]	;(R0=0x0000000B R5=0xCBBCFE51 R4=0x30045FB0 )
(       libmtguard.so[0xCBBCB000])[04 20       ]0x000038A2:	MOVS	R0, #4
(       libmtguard.so[0xCBBCB000])[0B 21       ]0x000038A4:	MOVS	R1, #0XB
(       libmtguard.so[0xCBBCB000])[00 22       ]0x000038A6:	MOVS	R2, #0
(       libmtguard.so[0xCBBCB000])[00 23       ]0x000038A8:	MOVS	R3, #0
(       libmtguard.so[0xCBBCB000])[00 F0 B9 FA ]0x000038AA:	BL	#0XCBBCEE20	;(PC=0xCBBCE8AA )
(       libmtguard.so[0xCBBCB000])[B0 B5       ]0x00003E20:	PUSH	{R4, R5, R7, LR}	;(SP=0x100FFFA8 R4=0x30045FB0 R5=0xCBBCFE51 R7=0x100FFFB8 LR=0xCBBCE8AF )
(       libmtguard.so[0xCBBCB000])[02 AF       ]0x00003E22:	ADD	R7, SP, #8	;(SP=0x100FFF98 )
(       libmtguard.so[0xCBBCB000])[01 FB 00 F5 ]0x00003E24:	MUL	R5, R1, R0	;(R1=0x0000000B R0=0x00000004 )
(       libmtguard.so[0xCBBCB000])[4D B1       ]0x00003E28:	CBZ	R5, #0XCBBCEE3E	;(R5=0x0000002C )
(       libmtguard.so[0xCBBCB000])[28 46       ]0x00003E2A:	MOV	R0, R5	;(R5=0x0000002C )
(       libmtguard.so[0xCBBCB000])[FE F7 C8 EB ]0x00003E2C:	BLX	#0XCBBCD5C0	;(PC=0xCBBCEE2C )
(       libmtguard.so[0xCBBCB000])[00 C6 8F E2 ]0x000025C0:	ADD	IP, PC, #0, #12	;(PC=0xCBBCD5C0 )
(       libmtguard.so[0xCBBCB000])[3D CA 8C E2 ]0x000025C4:	ADD	IP, IP, #0X3D000	;(IP=0xCBBCD5C8 )
(       libmtguard.so[0xCBBCB000])[04 F9 BC E5 ]0x000025C8:	LDR	PC, [IP, #0X904]!	;(IP=0xCBC0A5C8 )
(       libmtguard.so[0xCBBCB000])[04 46       ]0x00003E30:	MOV	R4, R0	;(R0=0x30047038 )
(       libmtguard.so[0xCBBCB000])[24 B1       ]0x00003E32:	CBZ	R4, #0XCBBCEE3E	;(R4=0x30047038 )
(       libmtguard.so[0xCBBCB000])[20 46       ]0x00003E34:	MOV	R0, R4	;(R4=0x30047038 )
(       libmtguard.so[0xCBBCB000])[29 46       ]0x00003E36:	MOV	R1, R5	;(R5=0x0000002C )
(       libmtguard.so[0xCBBCB000])[FE F7 CE EB ]0x00003E38:	BLX	#0XCBBCD5D8	;(PC=0xCBBCEE38 )
(       libmtguard.so[0xCBBCB000])[00 C6 8F E2 ]0x000025D8:	ADD	IP, PC, #0, #12	;(PC=0xCBBCD5D8 )
(       libmtguard.so[0xCBBCB000])[3D CA 8C E2 ]0x000025DC:	ADD	IP, IP, #0X3D000	;(IP=0xCBBCD5E0 )
(       libmtguard.so[0xCBBCB000])[F4 F8 BC E5 ]0x000025E0:	LDR	PC, [IP, #0X8F4]!	;(IP=0xCBC0A5E0 )
(       libmtguard.so[0xCBBCB000])[00 E0       ]0x00003E3C:	B	#0XCBBCEE40
(       libmtguard.so[0xCBBCB000])[20 46       ]0x00003E40:	MOV	R0, R4	;(R4=0x30047038 )
(       libmtguard.so[0xCBBCB000])[B0 BD       ]0x00003E42:	POP	{R4, R5, R7, PC}	;(SP=0x100FFF98 )
(       libmtguard.so[0xCBBCB000])[00 28       ]0x000038AE:	CMP	R0, #0	;(R0=0x30047038 )
(       libmtguard.so[0xCBBCB000])[20 60       ]0x000038B0:	STR	R0, [R4]	;(R0=0x30047038 R4=0x30045FB0 )
(       libmtguard.so[0xCBBCB000])[05 D1       ]0x000038B2:	BNE	#0XCBBCE8C0
(       libmtguard.so[0xCBBCB000])[20 46       ]0x000038C0:	MOV	R0, R4	;(R4=0x30045FB0 )
(       libmtguard.so[0xCBBCB000])[5D F8 04 BB ]0x000038C2:	LDR	FP, [SP], #4	;(SP=0x100FFFA8 )
(       libmtguard.so[0xCBBCB000])[F0 BD       ]0x000038C6:	POP	{R4, R5, R6, R7, PC}	;(SP=0x100FFFAC )
(       libmtguard.so[0xCBBCB000])[01 36       ]0x0000CE08:	ADDS	R6, #1	;(R6=0x000000A8 )
(       libmtguard.so[0xCBBCB000])[60 60       ]0x0000CE0A:	STR	R0, [R4, #4]	;(R0=0x30045FB0 R4=0xCBC0D5D4 )
(       libmtguard.so[0xCBBCB000])[B6 F5 7C 7F ]0x0000CE0C:	CMP.W	R6, #0X3F0	;(R6=0x000000A9 )
(       libmtguard.so[0xCBBCB000])[F3 D1       ]0x0000CE10:	BNE	#0XCBBD7DFA
(       libmtguard.so[0xCBBCB000])[48 46       ]0x0000CDFA:	MOV	R0, SB	;(SB=0xCBBCFE51 )
(       libmtguard.so[0xCBBCB000])[45 F8 36 80 ]0x0000CDFC:	STR.W	R8, [R5, R6, LSL #3]	;(R8=0xFFFFFFFF R5=0xCBC0D094 R6=0x000000A9 )
(       libmtguard.so[0xCBBCB000])[05 EB C6 04 ]0x0000CE00:	ADD.W	R4, R5, R6, LSL #3	;(R5=0xCBC0D094 R6=0x000000A9 )
(       libmtguard.so[0xCBBCB000])[F6 F7 3A FD ]0x0000CE04:	BL	#0XCBBCE87C	;(PC=0xCBBD7E04 )
(       libmtguard.so[0xCBBCB000])[F0 B5       ]0x0000387C:	PUSH	{R4, R5, R6, R7, LR}	;(SP=0x100FFFC0 R4=0xCBC0D5DC R5=0xCBC0D094 R6=0x000000A9 R7=0x100FFFE0 LR=0xCBBD7E09 )
(       libmtguard.so[0xCBBCB000])[03 AF       ]0x0000387E:	ADD	R7, SP, #0XC	;(SP=0x100FFFAC )
(       libmtguard.so[0xCBBCB000])[4D F8 04 BD ]0x00003880:	STR	FP, [SP, #-0X4]!	;(FP=0xCBC0B1C4 SP=0x100FFFAC )
(       libmtguard.so[0xCBBCB000])[05 46       ]0x00003884:	MOV	R5, R0	;(R0=0xCBBCFE51 )
(       libmtguard.so[0xCBBCB000])[01 20       ]0x00003886:	MOVS	R0, #1
(       libmtguard.so[0xCBBCB000])[10 21       ]0x00003888:	MOVS	R1, #0X10
(       libmtguard.so[0xCBBCB000])[00 22       ]0x0000388A:	MOVS	R2, #0
(       libmtguard.so[0xCBBCB000])[00 23       ]0x0000388C:	MOVS	R3, #0
(       libmtguard.so[0xCBBCB000])[00 26       ]0x0000388E:	MOVS	R6, #0
(       libmtguard.so[0xCBBCB000])[00 F0 C6 FA ]0x00003890:	BL	#0XCBBCEE20	;(PC=0xCBBCE890 )
(       libmtguard.so[0xCBBCB000])[B0 B5       ]0x00003E20:	PUSH	{R4, R5, R7, LR}	;(SP=0x100FFFA8 R4=0xCBC0D5DC R5=0xCBBCFE51 R7=0x100FFFB8 LR=0xCBBCE895 )
(       libmtguard.so[0xCBBCB000])[02 AF       ]0x00003E22:	ADD	R7, SP, #8	;(SP=0x100FFF98 )
(       libmtguard.so[0xCBBCB000])[01 FB 00 F5 ]0x00003E24:	MUL	R5, R1, R0	;(R1=0x00000010 R0=0x00000001 )
(       libmtguard.so[0xCBBCB000])[4D B1       ]0x00003E28:	CBZ	R5, #0XCBBCEE3E	;(R5=0x00000010 )
(       libmtguard.so[0xCBBCB000])[28 46       ]0x00003E2A:	MOV	R0, R5	;(R5=0x00000010 )
(       libmtguard.so[0xCBBCB000])[FE F7 C8 EB ]0x00003E2C:	BLX	#0XCBBCD5C0	;(PC=0xCBBCEE2C )
(       libmtguard.so[0xCBBCB000])[00 C6 8F E2 ]0x000025C0:	ADD	IP, PC, #0, #12	;(PC=0xCBBCD5C0 )
(       libmtguard.so[0xCBBCB000])[3D CA 8C E2 ]0x000025C4:	ADD	IP, IP, #0X3D000	;(IP=0xCBBCD5C8 )
(       libmtguard.so[0xCBBCB000])[04 F9 BC E5 ]0x000025C8:	LDR	PC, [IP, #0X904]!	;(IP=0xCBC0A5C8 )
(       libmtguard.so[0xCBBCB000])[04 46       ]0x00003E30:	MOV	R4, R0	;(R0=0x30045FC8 )
(       libmtguard.so[0xCBBCB000])[24 B1       ]0x00003E32:	CBZ	R4, #0XCBBCEE3E	;(R4=0x30045FC8 )
(       libmtguard.so[0xCBBCB000])[20 46       ]0x00003E34:	MOV	R0, R4	;(R4=0x30045FC8 )
(       libmtguard.so[0xCBBCB000])[29 46       ]0x00003E36:	MOV	R1, R5	;(R5=0x00000010 )
(       libmtguard.so[0xCBBCB000])[FE F7 CE EB ]0x00003E38:	BLX	#0XCBBCD5D8	;(PC=0xCBBCEE38 )
(       libmtguard.so[0xCBBCB000])[00 C6 8F E2 ]0x000025D8:	ADD	IP, PC, #0, #12	;(PC=0xCBBCD5D8 )
(       libmtguard.so[0xCBBCB000])[3D CA 8C E2 ]0x000025DC:	ADD	IP, IP, #0X3D000	;(IP=0xCBBCD5E0 )
(       libmtguard.so[0xCBBCB000])[F4 F8 BC E5 ]0x000025E0:	LDR	PC, [IP, #0X8F4]!	;(IP=0xCBC0A5E0 )
(       libmtguard.so[0xCBBCB000])[00 E0       ]0x00003E3C:	B	#0XCBBCEE40
(       libmtguard.so[0xCBBCB000])[20 46       ]0x00003E40:	MOV	R0, R4	;(R4=0x30045FC8 )
(       libmtguard.so[0xCBBCB000])[B0 BD       ]0x00003E42:	POP	{R4, R5, R7, PC}	;(SP=0x100FFF98 )
(       libmtguard.so[0xCBBCB000])[04 46       ]0x00003894:	MOV	R4, R0	;(R0=0x30045FC8 )
(       libmtguard.so[0xCBBCB000])[94 B1       ]0x00003896:	CBZ	R4, #0XCBBCE8BE	;(R4=0x30045FC8 )
(       libmtguard.so[0xCBBCB000])[0B 20       ]0x00003898:	MOVS	R0, #0XB
(       libmtguard.so[0xCBBCB000])[C4 E9 00 66 ]0x0000389A:	STRD	R6, R6, [R4]	;(R6=0x00000000 R4=0x30045FC8 )
(       libmtguard.so[0xCBBCB000])[C4 E9 02 05 ]0x0000389E:	STRD	R0, R5, [R4, #8]	;(R0=0x0000000B R5=0xCBBCFE51 R4=0x30045FC8 )
(       libmtguard.so[0xCBBCB000])[04 20       ]0x000038A2:	MOVS	R0, #4
(       libmtguard.so[0xCBBCB000])[0B 21       ]0x000038A4:	MOVS	R1, #0XB
(       libmtguard.so[0xCBBCB000])[00 22       ]0x000038A6:	MOVS	R2, #0
(       libmtguard.so[0xCBBCB000])[00 23       ]0x000038A8:	MOVS	R3, #0
(       libmtguard.so[0xCBBCB000])[00 F0 B9 FA ]0x000038AA:	BL	#0XCBBCEE20	;(PC=0xCBBCE8AA )
(       libmtguard.so[0xCBBCB000])[B0 B5       ]0x00003E20:	PUSH	{R4, R5, R7, LR}	;(SP=0x100FFFA8 R4=0x30045FC8 R5=0xCBBCFE51 R7=0x100FFFB8 LR=0xCBBCE8AF )
(       libmtguard.so[0xCBBCB000])[02 AF       ]0x00003E22:	ADD	R7, SP, #8	;(SP=0x100FFF98 )
(       libmtguard.so[0xCBBCB000])[01 FB 00 F5 ]0x00003E24:	MUL	R5, R1, R0	;(R1=0x0000000B R0=0x00000004 )
(       libmtguard.so[0xCBBCB000])[4D B1       ]0x00003E28:	CBZ	R5, #0XCBBCEE3E	;(R5=0x0000002C )
(       libmtguard.so[0xCBBCB000])[28 46       ]0x00003E2A:	MOV	R0, R5	;(R5=0x0000002C )
(       libmtguard.so[0xCBBCB000])[FE F7 C8 EB ]0x00003E2C:	BLX	#0XCBBCD5C0	;(PC=0xCBBCEE2C )
(       libmtguard.so[0xCBBCB000])[00 C6 8F E2 ]0x000025C0:	ADD	IP, PC, #0, #12	;(PC=0xCBBCD5C0 )
(       libmtguard.so[0xCBBCB000])[3D CA 8C E2 ]0x000025C4:	ADD	IP, IP, #0X3D000	;(IP=0xCBBCD5C8 )
(       libmtguard.so[0xCBBCB000])[04 F9 BC E5 ]0x000025C8:	LDR	PC, [IP, #0X904]!	;(IP=0xCBC0A5C8 )
(       libmtguard.so[0xCBBCB000])[04 46       ]0x00003E30:	MOV	R4, R0	;(R0=0x30047068 )
(       libmtguard.so[0xCBBCB000])[24 B1       ]0x00003E32:	CBZ	R4, #0XCBBCEE3E	;(R4=0x30047068 )
(       libmtguard.so[0xCBBCB000])[20 46       ]0x00003E34:	MOV	R0, R4	;(R4=0x30047068 )
(       libmtguard.so[0xCBBCB000])[29 46       ]0x00003E36:	MOV	R1, R5	;(R5=0x0000002C )
(       libmtguard.so[0xCBBCB000])[FE F7 CE EB ]0x00003E38:	BLX	#0XCBBCD5D8	;(PC=0xCBBCEE38 )
(       libmtguard.so[0xCBBCB000])[00 C6 8F E2 ]0x000025D8:	ADD	IP, PC, #0, #12	;(PC=0xCBBCD5D8 )
(       libmtguard.so[0xCBBCB000])[3D CA 8C E2 ]0x000025DC:	ADD	IP, IP, #0X3D000	;(IP=0xCBBCD5E0 )
(       libmtguard.so[0xCBBCB000])[F4 F8 BC E5 ]0x000025E0:	LDR	PC, [IP, #0X8F4]!	;(IP=0xCBC0A5E0 )
(       libmtguard.so[0xCBBCB000])[00 E0       ]0x00003E3C:	B	#0XCBBCEE40
(       libmtguard.so[0xCBBCB000])[20 46       ]0x00003E40:	MOV	R0, R4	;(R4=0x30047068 )
(       libmtguard.so[0xCBBCB000])[B0 BD       ]0x00003E42:	POP	{R4, R5, R7, PC}	;(SP=0x100FFF98 )
(       libmtguard.so[0xCBBCB000])[00 28       ]0x000038AE:	CMP	R0, #0	;(R0=0x30047068 )
(       libmtguard.so[0xCBBCB000])[20 60       ]0x000038B0:	STR	R0, [R4]	;(R0=0x30047068 R4=0x30045FC8 )
(       libmtguard.so[0xCBBCB000])[05 D1       ]0x000038B2:	BNE	#0XCBBCE8C0
(       libmtguard.so[0xCBBCB000])[20 46       ]0x000038C0:	MOV	R0, R4	;(R4=0x30045FC8 )
(       libmtguard.so[0xCBBCB000])[5D F8 04 BB ]0x000038C2:	LDR	FP, [SP], #4	;(SP=0x100FFFA8 )
(       libmtguard.so[0xCBBCB000])[F0 BD       ]0x000038C6:	POP	{R4, R5, R6, R7, PC}	;(SP=0x100FFFAC )
(       libmtguard.so[0xCBBCB000])[01 36       ]0x0000CE08:	ADDS	R6, #1	;(R6=0x000000A9 )
(       libmtguard.so[0xCBBCB000])[60 60       ]0x0000CE0A:	STR	R0, [R4, #4]	;(R0=0x30045FC8 R4=0xCBC0D5DC )
(       libmtguard.so[0xCBBCB000])[B6 F5 7C 7F ]0x0000CE0C:	CMP.W	R6, #0X3F0	;(R6=0x000000AA )
(       libmtguard.so[0xCBBCB000])[F3 D1       ]0x0000CE10:	BNE	#0XCBBD7DFA
(       libmtguard.so[0xCBBCB000])[48 46       ]0x0000CDFA:	MOV	R0, SB	;(SB=0xCBBCFE51 )
(       libmtguard.so[0xCBBCB000])[45 F8 36 80 ]0x0000CDFC:	STR.W	R8, [R5, R6, LSL #3]	;(R8=0xFFFFFFFF R5=0xCBC0D094 R6=0x000000AA )
(       libmtguard.so[0xCBBCB000])[05 EB C6 04 ]0x0000CE00:	ADD.W	R4, R5, R6, LSL #3	;(R5=0xCBC0D094 R6=0x000000AA )
(       libmtguard.so[0xCBBCB000])[F6 F7 3A FD ]0x0000CE04:	BL	#0XCBBCE87C	;(PC=0xCBBD7E04 )
(       libmtguard.so[0xCBBCB000])[F0 B5       ]0x0000387C:	PUSH	{R4, R5, R6, R7, LR}	;(SP=0x100FFFC0 R4=0xCBC0D5E4 R5=0xCBC0D094 R6=0x000000AA R7=0x100FFFE0 LR=0xCBBD7E09 )
(       libmtguard.so[0xCBBCB000])[03 AF       ]0x0000387E:	ADD	R7, SP, #0XC	;(SP=0x100FFFAC )
(       libmtguard.so[0xCBBCB000])[4D F8 04 BD ]0x00003880:	STR	FP, [SP, #-0X4]!	;(FP=0xCBC0B1C4 SP=0x100FFFAC )
(       libmtguard.so[0xCBBCB000])[05 46       ]0x00003884:	MOV	R5, R0	;(R0=0xCBBCFE51 )
(       libmtguard.so[0xCBBCB000])[01 20       ]0x00003886:	MOVS	R0, #1
(       libmtguard.so[0xCBBCB000])[10 21       ]0x00003888:	MOVS	R1, #0X10
(       libmtguard.so[0xCBBCB000])[00 22       ]0x0000388A:	MOVS	R2, #0
(       libmtguard.so[0xCBBCB000])[00 23       ]0x0000388C:	MOVS	R3, #0
(       libmtguard.so[0xCBBCB000])[00 26       ]0x0000388E:	MOVS	R6, #0
(       libmtguard.so[0xCBBCB000])[00 F0 C6 FA ]0x00003890:	BL	#0XCBBCEE20	;(PC=0xCBBCE890 )
(       libmtguard.so[0xCBBCB000])[B0 B5       ]0x00003E20:	PUSH	{R4, R5, R7, LR}	;(SP=0x100FFFA8 R4=0xCBC0D5E4 R5=0xCBBCFE51 R7=0x100FFFB8 LR=0xCBBCE895 )
(       libmtguard.so[0xCBBCB000])[02 AF       ]0x00003E22:	ADD	R7, SP, #8	;(SP=0x100FFF98 )
(       libmtguard.so[0xCBBCB000])[01 FB 00 F5 ]0x00003E24:	MUL	R5, R1, R0	;(R1=0x00000010 R0=0x00000001 )
(       libmtguard.so[0xCBBCB000])[4D B1       ]0x00003E28:	CBZ	R5, #0XCBBCEE3E	;(R5=0x00000010 )
(       libmtguard.so[0xCBBCB000])[28 46       ]0x00003E2A:	MOV	R0, R5	;(R5=0x00000010 )
(       libmtguard.so[0xCBBCB000])[FE F7 C8 EB ]0x00003E2C:	BLX	#0XCBBCD5C0	;(PC=0xCBBCEE2C )
(       libmtguard.so[0xCBBCB000])[00 C6 8F E2 ]0x000025C0:	ADD	IP, PC, #0, #12	;(PC=0xCBBCD5C0 )
(       libmtguard.so[0xCBBCB000])[3D CA 8C E2 ]0x000025C4:	ADD	IP, IP, #0X3D000	;(IP=0xCBBCD5C8 )
(       libmtguard.so[0xCBBCB000])[04 F9 BC E5 ]0x000025C8:	LDR	PC, [IP, #0X904]!	;(IP=0xCBC0A5C8 )
(       libmtguard.so[0xCBBCB000])[04 46       ]0x00003E30:	MOV	R4, R0	;(R0=0x30047098 )
(       libmtguard.so[0xCBBCB000])[24 B1       ]0x00003E32:	CBZ	R4, #0XCBBCEE3E	;(R4=0x30047098 )
(       libmtguard.so[0xCBBCB000])[20 46       ]0x00003E34:	MOV	R0, R4	;(R4=0x30047098 )
(       libmtguard.so[0xCBBCB000])[29 46       ]0x00003E36:	MOV	R1, R5	;(R5=0x00000010 )
(       libmtguard.so[0xCBBCB000])[FE F7 CE EB ]0x00003E38:	BLX	#0XCBBCD5D8	;(PC=0xCBBCEE38 )
(       libmtguard.so[0xCBBCB000])[00 C6 8F E2 ]0x000025D8:	ADD	IP, PC, #0, #12	;(PC=0xCBBCD5D8 )
(       libmtguard.so[0xCBBCB000])[3D CA 8C E2 ]0x000025DC:	ADD	IP, IP, #0X3D000	;(IP=0xCBBCD5E0 )
(       libmtguard.so[0xCBBCB000])[F4 F8 BC E5 ]0x000025E0:	LDR	PC, [IP, #0X8F4]!	;(IP=0xCBC0A5E0 )
(       libmtguard.so[0xCBBCB000])[00 E0       ]0x00003E3C:	B	#0XCBBCEE40
(       libmtguard.so[0xCBBCB000])[20 46       ]0x00003E40:	MOV	R0, R4	;(R4=0x30047098 )
(       libmtguard.so[0xCBBCB000])[B0 BD       ]0x00003E42:	POP	{R4, R5, R7, PC}	;(SP=0x100FFF98 )
(       libmtguard.so[0xCBBCB000])[04 46       ]0x00003894:	MOV	R4, R0	;(R0=0x30047098 )
(       libmtguard.so[0xCBBCB000])[94 B1       ]0x00003896:	CBZ	R4, #0XCBBCE8BE	;(R4=0x30047098 )
(       libmtguard.so[0xCBBCB000])[0B 20       ]0x00003898:	MOVS	R0, #0XB
(       libmtguard.so[0xCBBCB000])[C4 E9 00 66 ]0x0000389A:	STRD	R6, R6, [R4]	;(R6=0x00000000 R4=0x30047098 )
(       libmtguard.so[0xCBBCB000])[C4 E9 02 05 ]0x0000389E:	STRD	R0, R5, [R4, #8]	;(R0=0x0000000B R5=0xCBBCFE51 R4=0x30047098 )
(       libmtguard.so[0xCBBCB000])[04 20       ]0x000038A2:	MOVS	R0, #4
(       libmtguard.so[0xCBBCB000])[0B 21       ]0x000038A4:	MOVS	R1, #0XB
(       libmtguard.so[0xCBBCB000])[00 22       ]0x000038A6:	MOVS	R2, #0
(       libmtguard.so[0xCBBCB000])[00 23       ]0x000038A8:	MOVS	R3, #0
(       libmtguard.so[0xCBBCB000])[00 F0 B9 FA ]0x000038AA:	BL	#0XCBBCEE20	;(PC=0xCBBCE8AA )
(       libmtguard.so[0xCBBCB000])[B0 B5       ]0x00003E20:	PUSH	{R4, R5, R7, LR}	;(SP=0x100FFFA8 R4=0x30047098 R5=0xCBBCFE51 R7=0x100FFFB8 LR=0xCBBCE8AF )
(       libmtguard.so[0xCBBCB000])[02 AF       ]0x00003E22:	ADD	R7, SP, #8	;(SP=0x100FFF98 )
(       libmtguard.so[0xCBBCB000])[01 FB 00 F5 ]0x00003E24:	MUL	R5, R1, R0	;(R1=0x0000000B R0=0x00000004 )
(       libmtguard.so[0xCBBCB000])[4D B1       ]0x00003E28:	CBZ	R5, #0XCBBCEE3E	;(R5=0x0000002C )
(       libmtguard.so[0xCBBCB000])[28 46       ]0x00003E2A:	MOV	R0, R5	;(R5=0x0000002C )
(       libmtguard.so[0xCBBCB000])[FE F7 C8 EB ]0x00003E2C:	BLX	#0XCBBCD5C0	;(PC=0xCBBCEE2C )
(       libmtguard.so[0xCBBCB000])[00 C6 8F E2 ]0x000025C0:	ADD	IP, PC, #0, #12	;(PC=0xCBBCD5C0 )
(       libmtguard.so[0xCBBCB000])[3D CA 8C E2 ]0x000025C4:	ADD	IP, IP, #0X3D000	;(IP=0xCBBCD5C8 )
(       libmtguard.so[0xCBBCB000])[04 F9 BC E5 ]0x000025C8:	LDR	PC, [IP, #0X904]!	;(IP=0xCBC0A5C8 )
(       libmtguard.so[0xCBBCB000])[04 46       ]0x00003E30:	MOV	R4, R0	;(R0=0x300470B0 )
(       libmtguard.so[0xCBBCB000])[24 B1       ]0x00003E32:	CBZ	R4, #0XCBBCEE3E	;(R4=0x300470B0 )
(       libmtguard.so[0xCBBCB000])[20 46       ]0x00003E34:	MOV	R0, R4	;(R4=0x300470B0 )
(       libmtguard.so[0xCBBCB000])[29 46       ]0x00003E36:	MOV	R1, R5	;(R5=0x0000002C )
(       libmtguard.so[0xCBBCB000])[FE F7 CE EB ]0x00003E38:	BLX	#0XCBBCD5D8	;(PC=0xCBBCEE38 )
(       libmtguard.so[0xCBBCB000])[00 C6 8F E2 ]0x000025D8:	ADD	IP, PC, #0, #12	;(PC=0xCBBCD5D8 )
(       libmtguard.so[0xCBBCB000])[3D CA 8C E2 ]0x000025DC:	ADD	IP, IP, #0X3D000	;(IP=0xCBBCD5E0 )
(       libmtguard.so[0xCBBCB000])[F4 F8 BC E5 ]0x000025E0:	LDR	PC, [IP, #0X8F4]!	;(IP=0xCBC0A5E0 )
(       libmtguard.so[0xCBBCB000])[00 E0       ]0x00003E3C:	B	#0XCBBCEE40
(       libmtguard.so[0xCBBCB000])[20 46       ]0x00003E40:	MOV	R0, R4	;(R4=0x300470B0 )
(       libmtguard.so[0xCBBCB000])[B0 BD       ]0x00003E42:	POP	{R4, R5, R7, PC}	;(SP=0x100FFF98 )
(       libmtguard.so[0xCBBCB000])[00 28       ]0x000038AE:	CMP	R0, #0	;(R0=0x300470B0 )
(       libmtguard.so[0xCBBCB000])[20 60       ]0x000038B0:	STR	R0, [R4]	;(R0=0x300470B0 R4=0x30047098 )
(       libmtguard.so[0xCBBCB000])[05 D1       ]0x000038B2:	BNE	#0XCBBCE8C0
(       libmtguard.so[0xCBBCB000])[20 46       ]0x000038C0:	MOV	R0, R4	;(R4=0x30047098 )
(       libmtguard.so[0xCBBCB000])[5D F8 04 BB ]0x000038C2:	LDR	FP, [SP], #4	;(SP=0x100FFFA8 )
(       libmtguard.so[0xCBBCB000])[F0 BD       ]0x000038C6:	POP	{R4, R5, R6, R7, PC}	;(SP=0x100FFFAC )
(       libmtguard.so[0xCBBCB000])[01 36       ]0x0000CE08:	ADDS	R6, #1	;(R6=0x000000AA )
(       libmtguard.so[0xCBBCB000])[60 60       ]0x0000CE0A:	STR	R0, [R4, #4]	;(R0=0x30047098 R4=0xCBC0D5E4 )
(       libmtguard.so[0xCBBCB000])[B6 F5 7C 7F ]0x0000CE0C:	CMP.W	R6, #0X3F0	;(R6=0x000000AB )
(       libmtguard.so[0xCBBCB000])[F3 D1       ]0x0000CE10:	BNE	#0XCBBD7DFA
(       libmtguard.so[0xCBBCB000])[48 46       ]0x0000CDFA:	MOV	R0, SB	;(SB=0xCBBCFE51 )
(       libmtguard.so[0xCBBCB000])[45 F8 36 80 ]0x0000CDFC:	STR.W	R8, [R5, R6, LSL #3]	;(R8=0xFFFFFFFF R5=0xCBC0D094 R6=0x000000AB )
(       libmtguard.so[0xCBBCB000])[05 EB C6 04 ]0x0000CE00:	ADD.W	R4, R5, R6, LSL #3	;(R5=0xCBC0D094 R6=0x000000AB )
(       libmtguard.so[0xCBBCB000])[F6 F7 3A FD ]0x0000CE04:	BL	#0XCBBCE87C	;(PC=0xCBBD7E04 )
(       libmtguard.so[0xCBBCB000])[F0 B5       ]0x0000387C:	PUSH	{R4, R5, R6, R7, LR}	;(SP=0x100FFFC0 R4=0xCBC0D5EC R5=0xCBC0D094 R6=0x000000AB R7=0x100FFFE0 LR=0xCBBD7E09 )
(       libmtguard.so[0xCBBCB000])[03 AF       ]0x0000387E:	ADD	R7, SP, #0XC	;(SP=0x100FFFAC )
(       libmtguard.so[0xCBBCB000])[4D F8 04 BD ]0x00003880:	STR	FP, [SP, #-0X4]!	;(FP=0xCBC0B1C4 SP=0x100FFFAC )
(       libmtguard.so[0xCBBCB000])[05 46       ]0x00003884:	MOV	R5, R0	;(R0=0xCBBCFE51 )
(       libmtguard.so[0xCBBCB000])[01 20       ]0x00003886:	MOVS	R0, #1
(       libmtguard.so[0xCBBCB000])[10 21       ]0x00003888:	MOVS	R1, #0X10
(       libmtguard.so[0xCBBCB000])[00 22       ]0x0000388A:	MOVS	R2, #0
(       libmtguard.so[0xCBBCB000])[00 23       ]0x0000388C:	MOVS	R3, #0
(       libmtguard.so[0xCBBCB000])[00 26       ]0x0000388E:	MOVS	R6, #0
(       libmtguard.so[0xCBBCB000])[00 F0 C6 FA ]0x00003890:	BL	#0XCBBCEE20	;(PC=0xCBBCE890 )
(       libmtguard.so[0xCBBCB000])[B0 B5       ]0x00003E20:	PUSH	{R4, R5, R7, LR}	;(SP=0x100FFFA8 R4=0xCBC0D5EC R5=0xCBBCFE51 R7=0x100FFFB8 LR=0xCBBCE895 )
(       libmtguard.so[0xCBBCB000])[02 AF       ]0x00003E22:	ADD	R7, SP, #8	;(SP=0x100FFF98 )
(       libmtguard.so[0xCBBCB000])[01 FB 00 F5 ]0x00003E24:	MUL	R5, R1, R0	;(R1=0x00000010 R0=0x00000001 )
(       libmtguard.so[0xCBBCB000])[4D B1       ]0x00003E28:	CBZ	R5, #0XCBBCEE3E	;(R5=0x00000010 )
(       libmtguard.so[0xCBBCB000])[28 46       ]0x00003E2A:	MOV	R0, R5	;(R5=0x00000010 )
(       libmtguard.so[0xCBBCB000])[FE F7 C8 EB ]0x00003E2C:	BLX	#0XCBBCD5C0	;(PC=0xCBBCEE2C )
(       libmtguard.so[0xCBBCB000])[00 C6 8F E2 ]0x000025C0:	ADD	IP, PC, #0, #12	;(PC=0xCBBCD5C0 )
(       libmtguard.so[0xCBBCB000])[3D CA 8C E2 ]0x000025C4:	ADD	IP, IP, #0X3D000	;(IP=0xCBBCD5C8 )
(       libmtguard.so[0xCBBCB000])[04 F9 BC E5 ]0x000025C8:	LDR	PC, [IP, #0X904]!	;(IP=0xCBC0A5C8 )
(       libmtguard.so[0xCBBCB000])[04 46       ]0x00003E30:	MOV	R4, R0	;(R0=0x300470E0 )
(       libmtguard.so[0xCBBCB000])[24 B1       ]0x00003E32:	CBZ	R4, #0XCBBCEE3E	;(R4=0x300470E0 )
(       libmtguard.so[0xCBBCB000])[20 46       ]0x00003E34:	MOV	R0, R4	;(R4=0x300470E0 )
(       libmtguard.so[0xCBBCB000])[29 46       ]0x00003E36:	MOV	R1, R5	;(R5=0x00000010 )
(       libmtguard.so[0xCBBCB000])[FE F7 CE EB ]0x00003E38:	BLX	#0XCBBCD5D8	;(PC=0xCBBCEE38 )
(       libmtguard.so[0xCBBCB000])[00 C6 8F E2 ]0x000025D8:	ADD	IP, PC, #0, #12	;(PC=0xCBBCD5D8 )
(       libmtguard.so[0xCBBCB000])[3D CA 8C E2 ]0x000025DC:	ADD	IP, IP, #0X3D000	;(IP=0xCBBCD5E0 )
(       libmtguard.so[0xCBBCB000])[F4 F8 BC E5 ]0x000025E0:	LDR	PC, [IP, #0X8F4]!	;(IP=0xCBC0A5E0 )
(       libmtguard.so[0xCBBCB000])[00 E0       ]0x00003E3C:	B	#0XCBBCEE40
(       libmtguard.so[0xCBBCB000])[20 46       ]0x00003E40:	MOV	R0, R4	;(R4=0x300470E0 )
(       libmtguard.so[0xCBBCB000])[B0 BD       ]0x00003E42:	POP	{R4, R5, R7, PC}	;(SP=0x100FFF98 )
(       libmtguard.so[0xCBBCB000])[04 46       ]0x00003894:	MOV	R4, R0	;(R0=0x300470E0 )
(       libmtguard.so[0xCBBCB000])[94 B1       ]0x00003896:	CBZ	R4, #0XCBBCE8BE	;(R4=0x300470E0 )
(       libmtguard.so[0xCBBCB000])[0B 20       ]0x00003898:	MOVS	R0, #0XB
(       libmtguard.so[0xCBBCB000])[C4 E9 00 66 ]0x0000389A:	STRD	R6, R6, [R4]	;(R6=0x00000000 R4=0x300470E0 )
(       libmtguard.so[0xCBBCB000])[C4 E9 02 05 ]0x0000389E:	STRD	R0, R5, [R4, #8]	;(R0=0x0000000B R5=0xCBBCFE51 R4=0x300470E0 )
(       libmtguard.so[0xCBBCB000])[04 20       ]0x000038A2:	MOVS	R0, #4
(       libmtguard.so[0xCBBCB000])[0B 21       ]0x000038A4:	MOVS	R1, #0XB
(       libmtguard.so[0xCBBCB000])[00 22       ]0x000038A6:	MOVS	R2, #0
(       libmtguard.so[0xCBBCB000])[00 23       ]0x000038A8:	MOVS	R3, #0
(       libmtguard.so[0xCBBCB000])[00 F0 B9 FA ]0x000038AA:	BL	#0XCBBCEE20	;(PC=0xCBBCE8AA )
(       libmtguard.so[0xCBBCB000])[B0 B5       ]0x00003E20:	PUSH	{R4, R5, R7, LR}	;(SP=0x100FFFA8 R4=0x300470E0 R5=0xCBBCFE51 R7=0x100FFFB8 LR=0xCBBCE8AF )
(       libmtguard.so[0xCBBCB000])[02 AF       ]0x00003E22:	ADD	R7, SP, #8	;(SP=0x100FFF98 )
(       libmtguard.so[0xCBBCB000])[01 FB 00 F5 ]0x00003E24:	MUL	R5, R1, R0	;(R1=0x0000000B R0=0x00000004 )
(       libmtguard.so[0xCBBCB000])[4D B1       ]0x00003E28:	CBZ	R5, #0XCBBCEE3E	;(R5=0x0000002C )
(       libmtguard.so[0xCBBCB000])[28 46       ]0x00003E2A:	MOV	R0, R5	;(R5=0x0000002C )
(       libmtguard.so[0xCBBCB000])[FE F7 C8 EB ]0x00003E2C:	BLX	#0XCBBCD5C0	;(PC=0xCBBCEE2C )
(       libmtguard.so[0xCBBCB000])[00 C6 8F E2 ]0x000025C0:	ADD	IP, PC, #0, #12	;(PC=0xCBBCD5C0 )
(       libmtguard.so[0xCBBCB000])[3D CA 8C E2 ]0x000025C4:	ADD	IP, IP, #0X3D000	;(IP=0xCBBCD5C8 )
(       libmtguard.so[0xCBBCB000])[04 F9 BC E5 ]0x000025C8:	LDR	PC, [IP, #0X904]!	;(IP=0xCBC0A5C8 )
(       libmtguard.so[0xCBBCB000])[04 46       ]0x00003E30:	MOV	R4, R0	;(R0=0x300470F8 )
(       libmtguard.so[0xCBBCB000])[24 B1       ]0x00003E32:	CBZ	R4, #0XCBBCEE3E	;(R4=0x300470F8 )
(       libmtguard.so[0xCBBCB000])[20 46       ]0x00003E34:	MOV	R0, R4	;(R4=0x300470F8 )
(       libmtguard.so[0xCBBCB000])[29 46       ]0x00003E36:	MOV	R1, R5	;(R5=0x0000002C )
(       libmtguard.so[0xCBBCB000])[FE F7 CE EB ]0x00003E38:	BLX	#0XCBBCD5D8	;(PC=0xCBBCEE38 )
(       libmtguard.so[0xCBBCB000])[00 C6 8F E2 ]0x000025D8:	ADD	IP, PC, #0, #12	;(PC=0xCBBCD5D8 )
(       libmtguard.so[0xCBBCB000])[3D CA 8C E2 ]0x000025DC:	ADD	IP, IP, #0X3D000	;(IP=0xCBBCD5E0 )
(       libmtguard.so[0xCBBCB000])[F4 F8 BC E5 ]0x000025E0:	LDR	PC, [IP, #0X8F4]!	;(IP=0xCBC0A5E0 )
(       libmtguard.so[0xCBBCB000])[00 E0       ]0x00003E3C:	B	#0XCBBCEE40
(       libmtguard.so[0xCBBCB000])[20 46       ]0x00003E40:	MOV	R0, R4	;(R4=0x300470F8 )
(       libmtguard.so[0xCBBCB000])[B0 BD       ]0x00003E42:	POP	{R4, R5, R7, PC}	;(SP=0x100FFF98 )
(       libmtguard.so[0xCBBCB000])[00 28       ]0x000038AE:	CMP	R0, #0	;(R0=0x300470F8 )
(       libmtguard.so[0xCBBCB000])[20 60       ]0x000038B0:	STR	R0, [R4]	;(R0=0x300470F8 R4=0x300470E0 )
(       libmtguard.so[0xCBBCB000])[05 D1       ]0x000038B2:	BNE	#0XCBBCE8C0
(       libmtguard.so[0xCBBCB000])[20 46       ]0x000038C0:	MOV	R0, R4	;(R4=0x300470E0 )
(       libmtguard.so[0xCBBCB000])[5D F8 04 BB ]0x000038C2:	LDR	FP, [SP], #4	;(SP=0x100FFFA8 )
(       libmtguard.so[0xCBBCB000])[F0 BD       ]0x000038C6:	POP	{R4, R5, R6, R7, PC}	;(SP=0x100FFFAC )
(       libmtguard.so[0xCBBCB000])[01 36       ]0x0000CE08:	ADDS	R6, #1	;(R6=0x000000AB )
(       libmtguard.so[0xCBBCB000])[60 60       ]0x0000CE0A:	STR	R0, [R4, #4]	;(R0=0x300470E0 R4=0xCBC0D5EC )
(       libmtguard.so[0xCBBCB000])[B6 F5 7C 7F ]0x0000CE0C:	CMP.W	R6, #0X3F0	;(R6=0x000000AC )
(       libmtguard.so[0xCBBCB000])[F3 D1       ]0x0000CE10:	BNE	#0XCBBD7DFA
(       libmtguard.so[0xCBBCB000])[48 46       ]0x0000CDFA:	MOV	R0, SB	;(SB=0xCBBCFE51 )
(       libmtguard.so[0xCBBCB000])[45 F8 36 80 ]0x0000CDFC:	STR.W	R8, [R5, R6, LSL #3]	;(R8=0xFFFFFFFF R5=0xCBC0D094 R6=0x000000AC )
(       libmtguard.so[0xCBBCB000])[05 EB C6 04 ]0x0000CE00:	ADD.W	R4, R5, R6, LSL #3	;(R5=0xCBC0D094 R6=0x000000AC )
(       libmtguard.so[0xCBBCB000])[F6 F7 3A FD ]0x0000CE04:	BL	#0XCBBCE87C	;(PC=0xCBBD7E04 )
(       libmtguard.so[0xCBBCB000])[F0 B5       ]0x0000387C:	PUSH	{R4, R5, R6, R7, LR}	;(SP=0x100FFFC0 R4=0xCBC0D5F4 R5=0xCBC0D094 R6=0x000000AC R7=0x100FFFE0 LR=0xCBBD7E09 )
(       libmtguard.so[0xCBBCB000])[03 AF       ]0x0000387E:	ADD	R7, SP, #0XC	;(SP=0x100FFFAC )
(       libmtguard.so[0xCBBCB000])[4D F8 04 BD ]0x00003880:	STR	FP, [SP, #-0X4]!	;(FP=0xCBC0B1C4 SP=0x100FFFAC )
(       libmtguard.so[0xCBBCB000])[05 46       ]0x00003884:	MOV	R5, R0	;(R0=0xCBBCFE51 )
(       libmtguard.so[0xCBBCB000])[01 20       ]0x00003886:	MOVS	R0, #1
(       libmtguard.so[0xCBBCB000])[10 21       ]0x00003888:	MOVS	R1, #0X10
(       libmtguard.so[0xCBBCB000])[00 22       ]0x0000388A:	MOVS	R2, #0
(       libmtguard.so[0xCBBCB000])[00 23       ]0x0000388C:	MOVS	R3, #0
(       libmtguard.so[0xCBBCB000])[00 26       ]0x0000388E:	MOVS	R6, #0
(       libmtguard.so[0xCBBCB000])[00 F0 C6 FA ]0x00003890:	BL	#0XCBBCEE20	;(PC=0xCBBCE890 )
(       libmtguard.so[0xCBBCB000])[B0 B5       ]0x00003E20:	PUSH	{R4, R5, R7, LR}	;(SP=0x100FFFA8 R4=0xCBC0D5F4 R5=0xCBBCFE51 R7=0x100FFFB8 LR=0xCBBCE895 )
(       libmtguard.so[0xCBBCB000])[02 AF       ]0x00003E22:	ADD	R7, SP, #8	;(SP=0x100FFF98 )
(       libmtguard.so[0xCBBCB000])[01 FB 00 F5 ]0x00003E24:	MUL	R5, R1, R0	;(R1=0x00000010 R0=0x00000001 )
(       libmtguard.so[0xCBBCB000])[4D B1       ]0x00003E28:	CBZ	R5, #0XCBBCEE3E	;(R5=0x00000010 )
(       libmtguard.so[0xCBBCB000])[28 46       ]0x00003E2A:	MOV	R0, R5	;(R5=0x00000010 )
(       libmtguard.so[0xCBBCB000])[FE F7 C8 EB ]0x00003E2C:	BLX	#0XCBBCD5C0	;(PC=0xCBBCEE2C )
(       libmtguard.so[0xCBBCB000])[00 C6 8F E2 ]0x000025C0:	ADD	IP, PC, #0, #12	;(PC=0xCBBCD5C0 )
(       libmtguard.so[0xCBBCB000])[3D CA 8C E2 ]0x000025C4:	ADD	IP, IP, #0X3D000	;(IP=0xCBBCD5C8 )
(       libmtguard.so[0xCBBCB000])[04 F9 BC E5 ]0x000025C8:	LDR	PC, [IP, #0X904]!	;(IP=0xCBC0A5C8 )
(       libmtguard.so[0xCBBCB000])[04 46       ]0x00003E30:	MOV	R4, R0	;(R0=0x30047128 )
(       libmtguard.so[0xCBBCB000])[24 B1       ]0x00003E32:	CBZ	R4, #0XCBBCEE3E	;(R4=0x30047128 )
(       libmtguard.so[0xCBBCB000])[20 46       ]0x00003E34:	MOV	R0, R4	;(R4=0x30047128 )
(       libmtguard.so[0xCBBCB000])[29 46       ]0x00003E36:	MOV	R1, R5	;(R5=0x00000010 )
(       libmtguard.so[0xCBBCB000])[FE F7 CE EB ]0x00003E38:	BLX	#0XCBBCD5D8	;(PC=0xCBBCEE38 )
(       libmtguard.so[0xCBBCB000])[00 C6 8F E2 ]0x000025D8:	ADD	IP, PC, #0, #12	;(PC=0xCBBCD5D8 )
(       libmtguard.so[0xCBBCB000])[3D CA 8C E2 ]0x000025DC:	ADD	IP, IP, #0X3D000	;(IP=0xCBBCD5E0 )
(       libmtguard.so[0xCBBCB000])[F4 F8 BC E5 ]0x000025E0:	LDR	PC, [IP, #0X8F4]!	;(IP=0xCBC0A5E0 )
(       libmtguard.so[0xCBBCB000])[00 E0       ]0x00003E3C:	B	#0XCBBCEE40
(       libmtguard.so[0xCBBCB000])[20 46       ]0x00003E40:	MOV	R0, R4	;(R4=0x30047128 )
(       libmtguard.so[0xCBBCB000])[B0 BD       ]0x00003E42:	POP	{R4, R5, R7, PC}	;(SP=0x100FFF98 )
(       libmtguard.so[0xCBBCB000])[04 46       ]0x00003894:	MOV	R4, R0	;(R0=0x30047128 )
(       libmtguard.so[0xCBBCB000])[94 B1       ]0x00003896:	CBZ	R4, #0XCBBCE8BE	;(R4=0x30047128 )
(       libmtguard.so[0xCBBCB000])[0B 20       ]0x00003898:	MOVS	R0, #0XB
(       libmtguard.so[0xCBBCB000])[C4 E9 00 66 ]0x0000389A:	STRD	R6, R6, [R4]	;(R6=0x00000000 R4=0x30047128 )
(       libmtguard.so[0xCBBCB000])[C4 E9 02 05 ]0x0000389E:	STRD	R0, R5, [R4, #8]	;(R0=0x0000000B R5=0xCBBCFE51 R4=0x30047128 )
(       libmtguard.so[0xCBBCB000])[04 20       ]0x000038A2:	MOVS	R0, #4
(       libmtguard.so[0xCBBCB000])[0B 21       ]0x000038A4:	MOVS	R1, #0XB
(       libmtguard.so[0xCBBCB000])[00 22       ]0x000038A6:	MOVS	R2, #0
(       libmtguard.so[0xCBBCB000])[00 23       ]0x000038A8:	MOVS	R3, #0
(       libmtguard.so[0xCBBCB000])[00 F0 B9 FA ]0x000038AA:	BL	#0XCBBCEE20	;(PC=0xCBBCE8AA )
(       libmtguard.so[0xCBBCB000])[B0 B5       ]0x00003E20:	PUSH	{R4, R5, R7, LR}	;(SP=0x100FFFA8 R4=0x30047128 R5=0xCBBCFE51 R7=0x100FFFB8 LR=0xCBBCE8AF )
(       libmtguard.so[0xCBBCB000])[02 AF       ]0x00003E22:	ADD	R7, SP, #8	;(SP=0x100FFF98 )
(       libmtguard.so[0xCBBCB000])[01 FB 00 F5 ]0x00003E24:	MUL	R5, R1, R0	;(R1=0x0000000B R0=0x00000004 )
(       libmtguard.so[0xCBBCB000])[4D B1       ]0x00003E28:	CBZ	R5, #0XCBBCEE3E	;(R5=0x0000002C )
(       libmtguard.so[0xCBBCB000])[28 46       ]0x00003E2A:	MOV	R0, R5	;(R5=0x0000002C )
(       libmtguard.so[0xCBBCB000])[FE F7 C8 EB ]0x00003E2C:	BLX	#0XCBBCD5C0	;(PC=0xCBBCEE2C )
(       libmtguard.so[0xCBBCB000])[00 C6 8F E2 ]0x000025C0:	ADD	IP, PC, #0, #12	;(PC=0xCBBCD5C0 )
(       libmtguard.so[0xCBBCB000])[3D CA 8C E2 ]0x000025C4:	ADD	IP, IP, #0X3D000	;(IP=0xCBBCD5C8 )
(       libmtguard.so[0xCBBCB000])[04 F9 BC E5 ]0x000025C8:	LDR	PC, [IP, #0X904]!	;(IP=0xCBC0A5C8 )
(       libmtguard.so[0xCBBCB000])[04 46       ]0x00003E30:	MOV	R4, R0	;(R0=0x30047140 )
(       libmtguard.so[0xCBBCB000])[24 B1       ]0x00003E32:	CBZ	R4, #0XCBBCEE3E	;(R4=0x30047140 )
(       libmtguard.so[0xCBBCB000])[20 46       ]0x00003E34:	MOV	R0, R4	;(R4=0x30047140 )
(       libmtguard.so[0xCBBCB000])[29 46       ]0x00003E36:	MOV	R1, R5	;(R5=0x0000002C )
(       libmtguard.so[0xCBBCB000])[FE F7 CE EB ]0x00003E38:	BLX	#0XCBBCD5D8	;(PC=0xCBBCEE38 )
(       libmtguard.so[0xCBBCB000])[00 C6 8F E2 ]0x000025D8:	ADD	IP, PC, #0, #12	;(PC=0xCBBCD5D8 )
(       libmtguard.so[0xCBBCB000])[3D CA 8C E2 ]0x000025DC:	ADD	IP, IP, #0X3D000	;(IP=0xCBBCD5E0 )
(       libmtguard.so[0xCBBCB000])[F4 F8 BC E5 ]0x000025E0:	LDR	PC, [IP, #0X8F4]!	;(IP=0xCBC0A5E0 )
(       libmtguard.so[0xCBBCB000])[00 E0       ]0x00003E3C:	B	#0XCBBCEE40
(       libmtguard.so[0xCBBCB000])[20 46       ]0x00003E40:	MOV	R0, R4	;(R4=0x30047140 )
(       libmtguard.so[0xCBBCB000])[B0 BD       ]0x00003E42:	POP	{R4, R5, R7, PC}	;(SP=0x100FFF98 )
(       libmtguard.so[0xCBBCB000])[00 28       ]0x000038AE:	CMP	R0, #0	;(R0=0x30047140 )
(       libmtguard.so[0xCBBCB000])[20 60       ]0x000038B0:	STR	R0, [R4]	;(R0=0x30047140 R4=0x30047128 )
(       libmtguard.so[0xCBBCB000])[05 D1       ]0x000038B2:	BNE	#0XCBBCE8C0
(       libmtguard.so[0xCBBCB000])[20 46       ]0x000038C0:	MOV	R0, R4	;(R4=0x30047128 )
(       libmtguard.so[0xCBBCB000])[5D F8 04 BB ]0x000038C2:	LDR	FP, [SP], #4	;(SP=0x100FFFA8 )
(       libmtguard.so[0xCBBCB000])[F0 BD       ]0x000038C6:	POP	{R4, R5, R6, R7, PC}	;(SP=0x100FFFAC )
(       libmtguard.so[0xCBBCB000])[01 36       ]0x0000CE08:	ADDS	R6, #1	;(R6=0x000000AC )
(       libmtguard.so[0xCBBCB000])[60 60       ]0x0000CE0A:	STR	R0, [R4, #4]	;(R0=0x30047128 R4=0xCBC0D5F4 )
(       libmtguard.so[0xCBBCB000])[B6 F5 7C 7F ]0x0000CE0C:	CMP.W	R6, #0X3F0	;(R6=0x000000AD )
(       libmtguard.so[0xCBBCB000])[F3 D1       ]0x0000CE10:	BNE	#0XCBBD7DFA
(       libmtguard.so[0xCBBCB000])[48 46       ]0x0000CDFA:	MOV	R0, SB	;(SB=0xCBBCFE51 )
(       libmtguard.so[0xCBBCB000])[45 F8 36 80 ]0x0000CDFC:	STR.W	R8, [R5, R6, LSL #3]	;(R8=0xFFFFFFFF R5=0xCBC0D094 R6=0x000000AD )
(       libmtguard.so[0xCBBCB000])[05 EB C6 04 ]0x0000CE00:	ADD.W	R4, R5, R6, LSL #3	;(R5=0xCBC0D094 R6=0x000000AD )
(       libmtguard.so[0xCBBCB000])[F6 F7 3A FD ]0x0000CE04:	BL	#0XCBBCE87C	;(PC=0xCBBD7E04 )
(       libmtguard.so[0xCBBCB000])[F0 B5       ]0x0000387C:	PUSH	{R4, R5, R6, R7, LR}	;(SP=0x100FFFC0 R4=0xCBC0D5FC R5=0xCBC0D094 R6=0x000000AD R7=0x100FFFE0 LR=0xCBBD7E09 )
(       libmtguard.so[0xCBBCB000])[03 AF       ]0x0000387E:	ADD	R7, SP, #0XC	;(SP=0x100FFFAC )
(       libmtguard.so[0xCBBCB000])[4D F8 04 BD ]0x00003880:	STR	FP, [SP, #-0X4]!	;(FP=0xCBC0B1C4 SP=0x100FFFAC )
(       libmtguard.so[0xCBBCB000])[05 46       ]0x00003884:	MOV	R5, R0	;(R0=0xCBBCFE51 )
(       libmtguard.so[0xCBBCB000])[01 20       ]0x00003886:	MOVS	R0, #1
(       libmtguard.so[0xCBBCB000])[10 21       ]0x00003888:	MOVS	R1, #0X10
(       libmtguard.so[0xCBBCB000])[00 22       ]0x0000388A:	MOVS	R2, #0
(       libmtguard.so[0xCBBCB000])[00 23       ]0x0000388C:	MOVS	R3, #0
(       libmtguard.so[0xCBBCB000])[00 26       ]0x0000388E:	MOVS	R6, #0
(       libmtguard.so[0xCBBCB000])[00 F0 C6 FA ]0x00003890:	BL	#0XCBBCEE20	;(PC=0xCBBCE890 )
(       libmtguard.so[0xCBBCB000])[B0 B5       ]0x00003E20:	PUSH	{R4, R5, R7, LR}	;(SP=0x100FFFA8 R4=0xCBC0D5FC R5=0xCBBCFE51 R7=0x100FFFB8 LR=0xCBBCE895 )
(       libmtguard.so[0xCBBCB000])[02 AF       ]0x00003E22:	ADD	R7, SP, #8	;(SP=0x100FFF98 )
(       libmtguard.so[0xCBBCB000])[01 FB 00 F5 ]0x00003E24:	MUL	R5, R1, R0	;(R1=0x00000010 R0=0x00000001 )
(       libmtguard.so[0xCBBCB000])[4D B1       ]0x00003E28:	CBZ	R5, #0XCBBCEE3E	;(R5=0x00000010 )
(       libmtguard.so[0xCBBCB000])[28 46       ]0x00003E2A:	MOV	R0, R5	;(R5=0x00000010 )
(       libmtguard.so[0xCBBCB000])[FE F7 C8 EB ]0x00003E2C:	BLX	#0XCBBCD5C0	;(PC=0xCBBCEE2C )
(       libmtguard.so[0xCBBCB000])[00 C6 8F E2 ]0x000025C0:	ADD	IP, PC, #0, #12	;(PC=0xCBBCD5C0 )
(       libmtguard.so[0xCBBCB000])[3D CA 8C E2 ]0x000025C4:	ADD	IP, IP, #0X3D000	;(IP=0xCBBCD5C8 )
(       libmtguard.so[0xCBBCB000])[04 F9 BC E5 ]0x000025C8:	LDR	PC, [IP, #0X904]!	;(IP=0xCBC0A5C8 )
(       libmtguard.so[0xCBBCB000])[04 46       ]0x00003E30:	MOV	R4, R0	;(R0=0x30047170 )
(       libmtguard.so[0xCBBCB000])[24 B1       ]0x00003E32:	CBZ	R4, #0XCBBCEE3E	;(R4=0x30047170 )
(       libmtguard.so[0xCBBCB000])[20 46       ]0x00003E34:	MOV	R0, R4	;(R4=0x30047170 )
(       libmtguard.so[0xCBBCB000])[29 46       ]0x00003E36:	MOV	R1, R5	;(R5=0x00000010 )
(       libmtguard.so[0xCBBCB000])[FE F7 CE EB ]0x00003E38:	BLX	#0XCBBCD5D8	;(PC=0xCBBCEE38 )
(       libmtguard.so[0xCBBCB000])[00 C6 8F E2 ]0x000025D8:	ADD	IP, PC, #0, #12	;(PC=0xCBBCD5D8 )
(       libmtguard.so[0xCBBCB000])[3D CA 8C E2 ]0x000025DC:	ADD	IP, IP, #0X3D000	;(IP=0xCBBCD5E0 )
(       libmtguard.so[0xCBBCB000])[F4 F8 BC E5 ]0x000025E0:	LDR	PC, [IP, #0X8F4]!	;(IP=0xCBC0A5E0 )
(       libmtguard.so[0xCBBCB000])[00 E0       ]0x00003E3C:	B	#0XCBBCEE40
(       libmtguard.so[0xCBBCB000])[20 46       ]0x00003E40:	MOV	R0, R4	;(R4=0x30047170 )
(       libmtguard.so[0xCBBCB000])[B0 BD       ]0x00003E42:	POP	{R4, R5, R7, PC}	;(SP=0x100FFF98 )
(       libmtguard.so[0xCBBCB000])[04 46       ]0x00003894:	MOV	R4, R0	;(R0=0x30047170 )
(       libmtguard.so[0xCBBCB000])[94 B1       ]0x00003896:	CBZ	R4, #0XCBBCE8BE	;(R4=0x30047170 )
(       libmtguard.so[0xCBBCB000])[0B 20       ]0x00003898:	MOVS	R0, #0XB
(       libmtguard.so[0xCBBCB000])[C4 E9 00 66 ]0x0000389A:	STRD	R6, R6, [R4]	;(R6=0x00000000 R4=0x30047170 )
(       libmtguard.so[0xCBBCB000])[C4 E9 02 05 ]0x0000389E:	STRD	R0, R5, [R4, #8]	;(R0=0x0000000B R5=0xCBBCFE51 R4=0x30047170 )
(       libmtguard.so[0xCBBCB000])[04 20       ]0x000038A2:	MOVS	R0, #4
(       libmtguard.so[0xCBBCB000])[0B 21       ]0x000038A4:	MOVS	R1, #0XB
(       libmtguard.so[0xCBBCB000])[00 22       ]0x000038A6:	MOVS	R2, #0
(       libmtguard.so[0xCBBCB000])[00 23       ]0x000038A8:	MOVS	R3, #0
(       libmtguard.so[0xCBBCB000])[00 F0 B9 FA ]0x000038AA:	BL	#0XCBBCEE20	;(PC=0xCBBCE8AA )
(       libmtguard.so[0xCBBCB000])[B0 B5       ]0x00003E20:	PUSH	{R4, R5, R7, LR}	;(SP=0x100FFFA8 R4=0x30047170 R5=0xCBBCFE51 R7=0x100FFFB8 LR=0xCBBCE8AF )
(       libmtguard.so[0xCBBCB000])[02 AF       ]0x00003E22:	ADD	R7, SP, #8	;(SP=0x100FFF98 )
(       libmtguard.so[0xCBBCB000])[01 FB 00 F5 ]0x00003E24:	MUL	R5, R1, R0	;(R1=0x0000000B R0=0x00000004 )
(       libmtguard.so[0xCBBCB000])[4D B1       ]0x00003E28:	CBZ	R5, #0XCBBCEE3E	;(R5=0x0000002C )
(       libmtguard.so[0xCBBCB000])[28 46       ]0x00003E2A:	MOV	R0, R5	;(R5=0x0000002C )
(       libmtguard.so[0xCBBCB000])[FE F7 C8 EB ]0x00003E2C:	BLX	#0XCBBCD5C0	;(PC=0xCBBCEE2C )
(       libmtguard.so[0xCBBCB000])[00 C6 8F E2 ]0x000025C0:	ADD	IP, PC, #0, #12	;(PC=0xCBBCD5C0 )
(       libmtguard.so[0xCBBCB000])[3D CA 8C E2 ]0x000025C4:	ADD	IP, IP, #0X3D000	;(IP=0xCBBCD5C8 )
(       libmtguard.so[0xCBBCB000])[04 F9 BC E5 ]0x000025C8:	LDR	PC, [IP, #0X904]!	;(IP=0xCBC0A5C8 )
(       libmtguard.so[0xCBBCB000])[04 46       ]0x00003E30:	MOV	R4, R0	;(R0=0x30047188 )
(       libmtguard.so[0xCBBCB000])[24 B1       ]0x00003E32:	CBZ	R4, #0XCBBCEE3E	;(R4=0x30047188 )
(       libmtguard.so[0xCBBCB000])[20 46       ]0x00003E34:	MOV	R0, R4	;(R4=0x30047188 )
(       libmtguard.so[0xCBBCB000])[29 46       ]0x00003E36:	MOV	R1, R5	;(R5=0x0000002C )
(       libmtguard.so[0xCBBCB000])[FE F7 CE EB ]0x00003E38:	BLX	#0XCBBCD5D8	;(PC=0xCBBCEE38 )
(       libmtguard.so[0xCBBCB000])[00 C6 8F E2 ]0x000025D8:	ADD	IP, PC, #0, #12	;(PC=0xCBBCD5D8 )
(       libmtguard.so[0xCBBCB000])[3D CA 8C E2 ]0x000025DC:	ADD	IP, IP, #0X3D000	;(IP=0xCBBCD5E0 )
(       libmtguard.so[0xCBBCB000])[F4 F8 BC E5 ]0x000025E0:	LDR	PC, [IP, #0X8F4]!	;(IP=0xCBC0A5E0 )
(       libmtguard.so[0xCBBCB000])[00 E0       ]0x00003E3C:	B	#0XCBBCEE40
(       libmtguard.so[0xCBBCB000])[20 46       ]0x00003E40:	MOV	R0, R4	;(R4=0x30047188 )
(       libmtguard.so[0xCBBCB000])[B0 BD       ]0x00003E42:	POP	{R4, R5, R7, PC}	;(SP=0x100FFF98 )
(       libmtguard.so[0xCBBCB000])[00 28       ]0x000038AE:	CMP	R0, #0	;(R0=0x30047188 )
(       libmtguard.so[0xCBBCB000])[20 60       ]0x000038B0:	STR	R0, [R4]	;(R0=0x30047188 R4=0x30047170 )
(       libmtguard.so[0xCBBCB000])[05 D1       ]0x000038B2:	BNE	#0XCBBCE8C0
(       libmtguard.so[0xCBBCB000])[20 46       ]0x000038C0:	MOV	R0, R4	;(R4=0x30047170 )
(       libmtguard.so[0xCBBCB000])[5D F8 04 BB ]0x000038C2:	LDR	FP, [SP], #4	;(SP=0x100FFFA8 )
(       libmtguard.so[0xCBBCB000])[F0 BD       ]0x000038C6:	POP	{R4, R5, R6, R7, PC}	;(SP=0x100FFFAC )
(       libmtguard.so[0xCBBCB000])[01 36       ]0x0000CE08:	ADDS	R6, #1	;(R6=0x000000AD )
(       libmtguard.so[0xCBBCB000])[60 60       ]0x0000CE0A:	STR	R0, [R4, #4]	;(R0=0x30047170 R4=0xCBC0D5FC )
(       libmtguard.so[0xCBBCB000])[B6 F5 7C 7F ]0x0000CE0C:	CMP.W	R6, #0X3F0	;(R6=0x000000AE )
(       libmtguard.so[0xCBBCB000])[F3 D1       ]0x0000CE10:	BNE	#0XCBBD7DFA
(       libmtguard.so[0xCBBCB000])[48 46       ]0x0000CDFA:	MOV	R0, SB	;(SB=0xCBBCFE51 )
(       libmtguard.so[0xCBBCB000])[45 F8 36 80 ]0x0000CDFC:	STR.W	R8, [R5, R6, LSL #3]	;(R8=0xFFFFFFFF R5=0xCBC0D094 R6=0x000000AE )
(       libmtguard.so[0xCBBCB000])[05 EB C6 04 ]0x0000CE00:	ADD.W	R4, R5, R6, LSL #3	;(R5=0xCBC0D094 R6=0x000000AE )
(       libmtguard.so[0xCBBCB000])[F6 F7 3A FD ]0x0000CE04:	BL	#0XCBBCE87C	;(PC=0xCBBD7E04 )
(       libmtguard.so[0xCBBCB000])[F0 B5       ]0x0000387C:	PUSH	{R4, R5, R6, R7, LR}	;(SP=0x100FFFC0 R4=0xCBC0D604 R5=0xCBC0D094 R6=0x000000AE R7=0x100FFFE0 LR=0xCBBD7E09 )
(       libmtguard.so[0xCBBCB000])[03 AF       ]0x0000387E:	ADD	R7, SP, #0XC	;(SP=0x100FFFAC )
(       libmtguard.so[0xCBBCB000])[4D F8 04 BD ]0x00003880:	STR	FP, [SP, #-0X4]!	;(FP=0xCBC0B1C4 SP=0x100FFFAC )
(       libmtguard.so[0xCBBCB000])[05 46       ]0x00003884:	MOV	R5, R0	;(R0=0xCBBCFE51 )
(       libmtguard.so[0xCBBCB000])[01 20       ]0x00003886:	MOVS	R0, #1
(       libmtguard.so[0xCBBCB000])[10 21       ]0x00003888:	MOVS	R1, #0X10
(       libmtguard.so[0xCBBCB000])[00 22       ]0x0000388A:	MOVS	R2, #0
(       libmtguard.so[0xCBBCB000])[00 23       ]0x0000388C:	MOVS	R3, #0
(       libmtguard.so[0xCBBCB000])[00 26       ]0x0000388E:	MOVS	R6, #0
(       libmtguard.so[0xCBBCB000])[00 F0 C6 FA ]0x00003890:	BL	#0XCBBCEE20	;(PC=0xCBBCE890 )
(       libmtguard.so[0xCBBCB000])[B0 B5       ]0x00003E20:	PUSH	{R4, R5, R7, LR}	;(SP=0x100FFFA8 R4=0xCBC0D604 R5=0xCBBCFE51 R7=0x100FFFB8 LR=0xCBBCE895 )
(       libmtguard.so[0xCBBCB000])[02 AF       ]0x00003E22:	ADD	R7, SP, #8	;(SP=0x100FFF98 )
(       libmtguard.so[0xCBBCB000])[01 FB 00 F5 ]0x00003E24:	MUL	R5, R1, R0	;(R1=0x00000010 R0=0x00000001 )
(       libmtguard.so[0xCBBCB000])[4D B1       ]0x00003E28:	CBZ	R5, #0XCBBCEE3E	;(R5=0x00000010 )
(       libmtguard.so[0xCBBCB000])[28 46       ]0x00003E2A:	MOV	R0, R5	;(R5=0x00000010 )
(       libmtguard.so[0xCBBCB000])[FE F7 C8 EB ]0x00003E2C:	BLX	#0XCBBCD5C0	;(PC=0xCBBCEE2C )
(       libmtguard.so[0xCBBCB000])[00 C6 8F E2 ]0x000025C0:	ADD	IP, PC, #0, #12	;(PC=0xCBBCD5C0 )
(       libmtguard.so[0xCBBCB000])[3D CA 8C E2 ]0x000025C4:	ADD	IP, IP, #0X3D000	;(IP=0xCBBCD5C8 )
(       libmtguard.so[0xCBBCB000])[04 F9 BC E5 ]0x000025C8:	LDR	PC, [IP, #0X904]!	;(IP=0xCBC0A5C8 )
(       libmtguard.so[0xCBBCB000])[04 46       ]0x00003E30:	MOV	R4, R0	;(R0=0x300471B8 )
(       libmtguard.so[0xCBBCB000])[24 B1       ]0x00003E32:	CBZ	R4, #0XCBBCEE3E	;(R4=0x300471B8 )
(       libmtguard.so[0xCBBCB000])[20 46       ]0x00003E34:	MOV	R0, R4	;(R4=0x300471B8 )
(       libmtguard.so[0xCBBCB000])[29 46       ]0x00003E36:	MOV	R1, R5	;(R5=0x00000010 )
(       libmtguard.so[0xCBBCB000])[FE F7 CE EB ]0x00003E38:	BLX	#0XCBBCD5D8	;(PC=0xCBBCEE38 )
(       libmtguard.so[0xCBBCB000])[00 C6 8F E2 ]0x000025D8:	ADD	IP, PC, #0, #12	;(PC=0xCBBCD5D8 )
(       libmtguard.so[0xCBBCB000])[3D CA 8C E2 ]0x000025DC:	ADD	IP, IP, #0X3D000	;(IP=0xCBBCD5E0 )
(       libmtguard.so[0xCBBCB000])[F4 F8 BC E5 ]0x000025E0:	LDR	PC, [IP, #0X8F4]!	;(IP=0xCBC0A5E0 )
(       libmtguard.so[0xCBBCB000])[00 E0       ]0x00003E3C:	B	#0XCBBCEE40
(       libmtguard.so[0xCBBCB000])[20 46       ]0x00003E40:	MOV	R0, R4	;(R4=0x300471B8 )
(       libmtguard.so[0xCBBCB000])[B0 BD       ]0x00003E42:	POP	{R4, R5, R7, PC}	;(SP=0x100FFF98 )
(       libmtguard.so[0xCBBCB000])[04 46       ]0x00003894:	MOV	R4, R0	;(R0=0x300471B8 )
(       libmtguard.so[0xCBBCB000])[94 B1       ]0x00003896:	CBZ	R4, #0XCBBCE8BE	;(R4=0x300471B8 )
(       libmtguard.so[0xCBBCB000])[0B 20       ]0x00003898:	MOVS	R0, #0XB
(       libmtguard.so[0xCBBCB000])[C4 E9 00 66 ]0x0000389A:	STRD	R6, R6, [R4]	;(R6=0x00000000 R4=0x300471B8 )
(       libmtguard.so[0xCBBCB000])[C4 E9 02 05 ]0x0000389E:	STRD	R0, R5, [R4, #8]	;(R0=0x0000000B R5=0xCBBCFE51 R4=0x300471B8 )
(       libmtguard.so[0xCBBCB000])[04 20       ]0x000038A2:	MOVS	R0, #4
(       libmtguard.so[0xCBBCB000])[0B 21       ]0x000038A4:	MOVS	R1, #0XB
(       libmtguard.so[0xCBBCB000])[00 22       ]0x000038A6:	MOVS	R2, #0
(       libmtguard.so[0xCBBCB000])[00 23       ]0x000038A8:	MOVS	R3, #0
(       libmtguard.so[0xCBBCB000])[00 F0 B9 FA ]0x000038AA:	BL	#0XCBBCEE20	;(PC=0xCBBCE8AA )
(       libmtguard.so[0xCBBCB000])[B0 B5       ]0x00003E20:	PUSH	{R4, R5, R7, LR}	;(SP=0x100FFFA8 R4=0x300471B8 R5=0xCBBCFE51 R7=0x100FFFB8 LR=0xCBBCE8AF )
(       libmtguard.so[0xCBBCB000])[02 AF       ]0x00003E22:	ADD	R7, SP, #8	;(SP=0x100FFF98 )
(       libmtguard.so[0xCBBCB000])[01 FB 00 F5 ]0x00003E24:	MUL	R5, R1, R0	;(R1=0x0000000B R0=0x00000004 )
(       libmtguard.so[0xCBBCB000])[4D B1       ]0x00003E28:	CBZ	R5, #0XCBBCEE3E	;(R5=0x0000002C )
(       libmtguard.so[0xCBBCB000])[28 46       ]0x00003E2A:	MOV	R0, R5	;(R5=0x0000002C )
(       libmtguard.so[0xCBBCB000])[FE F7 C8 EB ]0x00003E2C:	BLX	#0XCBBCD5C0	;(PC=0xCBBCEE2C )
(       libmtguard.so[0xCBBCB000])[00 C6 8F E2 ]0x000025C0:	ADD	IP, PC, #0, #12	;(PC=0xCBBCD5C0 )
(       libmtguard.so[0xCBBCB000])[3D CA 8C E2 ]0x000025C4:	ADD	IP, IP, #0X3D000	;(IP=0xCBBCD5C8 )
(       libmtguard.so[0xCBBCB000])[04 F9 BC E5 ]0x000025C8:	LDR	PC, [IP, #0X904]!	;(IP=0xCBC0A5C8 )
(       libmtguard.so[0xCBBCB000])[04 46       ]0x00003E30:	MOV	R4, R0	;(R0=0x300471D0 )
(       libmtguard.so[0xCBBCB000])[24 B1       ]0x00003E32:	CBZ	R4, #0XCBBCEE3E	;(R4=0x300471D0 )
(       libmtguard.so[0xCBBCB000])[20 46       ]0x00003E34:	MOV	R0, R4	;(R4=0x300471D0 )
(       libmtguard.so[0xCBBCB000])[29 46       ]0x00003E36:	MOV	R1, R5	;(R5=0x0000002C )
(       libmtguard.so[0xCBBCB000])[FE F7 CE EB ]0x00003E38:	BLX	#0XCBBCD5D8	;(PC=0xCBBCEE38 )
(       libmtguard.so[0xCBBCB000])[00 C6 8F E2 ]0x000025D8:	ADD	IP, PC, #0, #12	;(PC=0xCBBCD5D8 )
(       libmtguard.so[0xCBBCB000])[3D CA 8C E2 ]0x000025DC:	ADD	IP, IP, #0X3D000	;(IP=0xCBBCD5E0 )
(       libmtguard.so[0xCBBCB000])[F4 F8 BC E5 ]0x000025E0:	LDR	PC, [IP, #0X8F4]!	;(IP=0xCBC0A5E0 )
(       libmtguard.so[0xCBBCB000])[00 E0       ]0x00003E3C:	B	#0XCBBCEE40
(       libmtguard.so[0xCBBCB000])[20 46       ]0x00003E40:	MOV	R0, R4	;(R4=0x300471D0 )
(       libmtguard.so[0xCBBCB000])[B0 BD       ]0x00003E42:	POP	{R4, R5, R7, PC}	;(SP=0x100FFF98 )
(       libmtguard.so[0xCBBCB000])[00 28       ]0x000038AE:	CMP	R0, #0	;(R0=0x300471D0 )
(       libmtguard.so[0xCBBCB000])[20 60       ]0x000038B0:	STR	R0, [R4]	;(R0=0x300471D0 R4=0x300471B8 )
(       libmtguard.so[0xCBBCB000])[05 D1       ]0x000038B2:	BNE	#0XCBBCE8C0
(       libmtguard.so[0xCBBCB000])[20 46       ]0x000038C0:	MOV	R0, R4	;(R4=0x300471B8 )
(       libmtguard.so[0xCBBCB000])[5D F8 04 BB ]0x000038C2:	LDR	FP, [SP], #4	;(SP=0x100FFFA8 )
(       libmtguard.so[0xCBBCB000])[F0 BD       ]0x000038C6:	POP	{R4, R5, R6, R7, PC}	;(SP=0x100FFFAC )
(       libmtguard.so[0xCBBCB000])[01 36       ]0x0000CE08:	ADDS	R6, #1	;(R6=0x000000AE )
(       libmtguard.so[0xCBBCB000])[60 60       ]0x0000CE0A:	STR	R0, [R4, #4]	;(R0=0x300471B8 R4=0xCBC0D604 )
(       libmtguard.so[0xCBBCB000])[B6 F5 7C 7F ]0x0000CE0C:	CMP.W	R6, #0X3F0	;(R6=0x000000AF )
(       libmtguard.so[0xCBBCB000])[F3 D1       ]0x0000CE10:	BNE	#0XCBBD7DFA
(       libmtguard.so[0xCBBCB000])[48 46       ]0x0000CDFA:	MOV	R0, SB	;(SB=0xCBBCFE51 )
(       libmtguard.so[0xCBBCB000])[45 F8 36 80 ]0x0000CDFC:	STR.W	R8, [R5, R6, LSL #3]	;(R8=0xFFFFFFFF R5=0xCBC0D094 R6=0x000000AF )
(       libmtguard.so[0xCBBCB000])[05 EB C6 04 ]0x0000CE00:	ADD.W	R4, R5, R6, LSL #3	;(R5=0xCBC0D094 R6=0x000000AF )
(       libmtguard.so[0xCBBCB000])[F6 F7 3A FD ]0x0000CE04:	BL	#0XCBBCE87C	;(PC=0xCBBD7E04 )
(       libmtguard.so[0xCBBCB000])[F0 B5       ]0x0000387C:	PUSH	{R4, R5, R6, R7, LR}	;(SP=0x100FFFC0 R4=0xCBC0D60C R5=0xCBC0D094 R6=0x000000AF R7=0x100FFFE0 LR=0xCBBD7E09 )
(       libmtguard.so[0xCBBCB000])[03 AF       ]0x0000387E:	ADD	R7, SP, #0XC	;(SP=0x100FFFAC )
(       libmtguard.so[0xCBBCB000])[4D F8 04 BD ]0x00003880:	STR	FP, [SP, #-0X4]!	;(FP=0xCBC0B1C4 SP=0x100FFFAC )
(       libmtguard.so[0xCBBCB000])[05 46       ]0x00003884:	MOV	R5, R0	;(R0=0xCBBCFE51 )
(       libmtguard.so[0xCBBCB000])[01 20       ]0x00003886:	MOVS	R0, #1
(       libmtguard.so[0xCBBCB000])[10 21       ]0x00003888:	MOVS	R1, #0X10
(       libmtguard.so[0xCBBCB000])[00 22       ]0x0000388A:	MOVS	R2, #0
(       libmtguard.so[0xCBBCB000])[00 23       ]0x0000388C:	MOVS	R3, #0
(       libmtguard.so[0xCBBCB000])[00 26       ]0x0000388E:	MOVS	R6, #0
(       libmtguard.so[0xCBBCB000])[00 F0 C6 FA ]0x00003890:	BL	#0XCBBCEE20	;(PC=0xCBBCE890 )
(       libmtguard.so[0xCBBCB000])[B0 B5       ]0x00003E20:	PUSH	{R4, R5, R7, LR}	;(SP=0x100FFFA8 R4=0xCBC0D60C R5=0xCBBCFE51 R7=0x100FFFB8 LR=0xCBBCE895 )
(       libmtguard.so[0xCBBCB000])[02 AF       ]0x00003E22:	ADD	R7, SP, #8	;(SP=0x100FFF98 )
(       libmtguard.so[0xCBBCB000])[01 FB 00 F5 ]0x00003E24:	MUL	R5, R1, R0	;(R1=0x00000010 R0=0x00000001 )
(       libmtguard.so[0xCBBCB000])[4D B1       ]0x00003E28:	CBZ	R5, #0XCBBCEE3E	;(R5=0x00000010 )
(       libmtguard.so[0xCBBCB000])[28 46       ]0x00003E2A:	MOV	R0, R5	;(R5=0x00000010 )
(       libmtguard.so[0xCBBCB000])[FE F7 C8 EB ]0x00003E2C:	BLX	#0XCBBCD5C0	;(PC=0xCBBCEE2C )
(       libmtguard.so[0xCBBCB000])[00 C6 8F E2 ]0x000025C0:	ADD	IP, PC, #0, #12	;(PC=0xCBBCD5C0 )
(       libmtguard.so[0xCBBCB000])[3D CA 8C E2 ]0x000025C4:	ADD	IP, IP, #0X3D000	;(IP=0xCBBCD5C8 )
(       libmtguard.so[0xCBBCB000])[04 F9 BC E5 ]0x000025C8:	LDR	PC, [IP, #0X904]!	;(IP=0xCBC0A5C8 )
(       libmtguard.so[0xCBBCB000])[04 46       ]0x00003E30:	MOV	R4, R0	;(R0=0x30047200 )
(       libmtguard.so[0xCBBCB000])[24 B1       ]0x00003E32:	CBZ	R4, #0XCBBCEE3E	;(R4=0x30047200 )
(       libmtguard.so[0xCBBCB000])[20 46       ]0x00003E34:	MOV	R0, R4	;(R4=0x30047200 )
(       libmtguard.so[0xCBBCB000])[29 46       ]0x00003E36:	MOV	R1, R5	;(R5=0x00000010 )
(       libmtguard.so[0xCBBCB000])[FE F7 CE EB ]0x00003E38:	BLX	#0XCBBCD5D8	;(PC=0xCBBCEE38 )
(       libmtguard.so[0xCBBCB000])[00 C6 8F E2 ]0x000025D8:	ADD	IP, PC, #0, #12	;(PC=0xCBBCD5D8 )
(       libmtguard.so[0xCBBCB000])[3D CA 8C E2 ]0x000025DC:	ADD	IP, IP, #0X3D000	;(IP=0xCBBCD5E0 )
(       libmtguard.so[0xCBBCB000])[F4 F8 BC E5 ]0x000025E0:	LDR	PC, [IP, #0X8F4]!	;(IP=0xCBC0A5E0 )
(       libmtguard.so[0xCBBCB000])[00 E0       ]0x00003E3C:	B	#0XCBBCEE40
(       libmtguard.so[0xCBBCB000])[20 46       ]0x00003E40:	MOV	R0, R4	;(R4=0x30047200 )
(       libmtguard.so[0xCBBCB000])[B0 BD       ]0x00003E42:	POP	{R4, R5, R7, PC}	;(SP=0x100FFF98 )
(       libmtguard.so[0xCBBCB000])[04 46       ]0x00003894:	MOV	R4, R0	;(R0=0x30047200 )
(       libmtguard.so[0xCBBCB000])[94 B1       ]0x00003896:	CBZ	R4, #0XCBBCE8BE	;(R4=0x30047200 )
(       libmtguard.so[0xCBBCB000])[0B 20       ]0x00003898:	MOVS	R0, #0XB
(       libmtguard.so[0xCBBCB000])[C4 E9 00 66 ]0x0000389A:	STRD	R6, R6, [R4]	;(R6=0x00000000 R4=0x30047200 )
(       libmtguard.so[0xCBBCB000])[C4 E9 02 05 ]0x0000389E:	STRD	R0, R5, [R4, #8]	;(R0=0x0000000B R5=0xCBBCFE51 R4=0x30047200 )
(       libmtguard.so[0xCBBCB000])[04 20       ]0x000038A2:	MOVS	R0, #4
(       libmtguard.so[0xCBBCB000])[0B 21       ]0x000038A4:	MOVS	R1, #0XB
(       libmtguard.so[0xCBBCB000])[00 22       ]0x000038A6:	MOVS	R2, #0
(       libmtguard.so[0xCBBCB000])[00 23       ]0x000038A8:	MOVS	R3, #0
(       libmtguard.so[0xCBBCB000])[00 F0 B9 FA ]0x000038AA:	BL	#0XCBBCEE20	;(PC=0xCBBCE8AA )
(       libmtguard.so[0xCBBCB000])[B0 B5       ]0x00003E20:	PUSH	{R4, R5, R7, LR}	;(SP=0x100FFFA8 R4=0x30047200 R5=0xCBBCFE51 R7=0x100FFFB8 LR=0xCBBCE8AF )
(       libmtguard.so[0xCBBCB000])[02 AF       ]0x00003E22:	ADD	R7, SP, #8	;(SP=0x100FFF98 )
(       libmtguard.so[0xCBBCB000])[01 FB 00 F5 ]0x00003E24:	MUL	R5, R1, R0	;(R1=0x0000000B R0=0x00000004 )
(       libmtguard.so[0xCBBCB000])[4D B1       ]0x00003E28:	CBZ	R5, #0XCBBCEE3E	;(R5=0x0000002C )
(       libmtguard.so[0xCBBCB000])[28 46       ]0x00003E2A:	MOV	R0, R5	;(R5=0x0000002C )
(       libmtguard.so[0xCBBCB000])[FE F7 C8 EB ]0x00003E2C:	BLX	#0XCBBCD5C0	;(PC=0xCBBCEE2C )
(       libmtguard.so[0xCBBCB000])[00 C6 8F E2 ]0x000025C0:	ADD	IP, PC, #0, #12	;(PC=0xCBBCD5C0 )
(       libmtguard.so[0xCBBCB000])[3D CA 8C E2 ]0x000025C4:	ADD	IP, IP, #0X3D000	;(IP=0xCBBCD5C8 )
(       libmtguard.so[0xCBBCB000])[04 F9 BC E5 ]0x000025C8:	LDR	PC, [IP, #0X904]!	;(IP=0xCBC0A5C8 )
(       libmtguard.so[0xCBBCB000])[04 46       ]0x00003E30:	MOV	R4, R0	;(R0=0x30047218 )
(       libmtguard.so[0xCBBCB000])[24 B1       ]0x00003E32:	CBZ	R4, #0XCBBCEE3E	;(R4=0x30047218 )
(       libmtguard.so[0xCBBCB000])[20 46       ]0x00003E34:	MOV	R0, R4	;(R4=0x30047218 )
(       libmtguard.so[0xCBBCB000])[29 46       ]0x00003E36:	MOV	R1, R5	;(R5=0x0000002C )
(       libmtguard.so[0xCBBCB000])[FE F7 CE EB ]0x00003E38:	BLX	#0XCBBCD5D8	;(PC=0xCBBCEE38 )
(       libmtguard.so[0xCBBCB000])[00 C6 8F E2 ]0x000025D8:	ADD	IP, PC, #0, #12	;(PC=0xCBBCD5D8 )
(       libmtguard.so[0xCBBCB000])[3D CA 8C E2 ]0x000025DC:	ADD	IP, IP, #0X3D000	;(IP=0xCBBCD5E0 )
(       libmtguard.so[0xCBBCB000])[F4 F8 BC E5 ]0x000025E0:	LDR	PC, [IP, #0X8F4]!	;(IP=0xCBC0A5E0 )
(       libmtguard.so[0xCBBCB000])[00 E0       ]0x00003E3C:	B	#0XCBBCEE40
(       libmtguard.so[0xCBBCB000])[20 46       ]0x00003E40:	MOV	R0, R4	;(R4=0x30047218 )
(       libmtguard.so[0xCBBCB000])[B0 BD       ]0x00003E42:	POP	{R4, R5, R7, PC}	;(SP=0x100FFF98 )
(       libmtguard.so[0xCBBCB000])[00 28       ]0x000038AE:	CMP	R0, #0	;(R0=0x30047218 )
(       libmtguard.so[0xCBBCB000])[20 60       ]0x000038B0:	STR	R0, [R4]	;(R0=0x30047218 R4=0x30047200 )
(       libmtguard.so[0xCBBCB000])[05 D1       ]0x000038B2:	BNE	#0XCBBCE8C0
(       libmtguard.so[0xCBBCB000])[20 46       ]0x000038C0:	MOV	R0, R4	;(R4=0x30047200 )
(       libmtguard.so[0xCBBCB000])[5D F8 04 BB ]0x000038C2:	LDR	FP, [SP], #4	;(SP=0x100FFFA8 )
(       libmtguard.so[0xCBBCB000])[F0 BD       ]0x000038C6:	POP	{R4, R5, R6, R7, PC}	;(SP=0x100FFFAC )
(       libmtguard.so[0xCBBCB000])[01 36       ]0x0000CE08:	ADDS	R6, #1	;(R6=0x000000AF )
(       libmtguard.so[0xCBBCB000])[60 60       ]0x0000CE0A:	STR	R0, [R4, #4]	;(R0=0x30047200 R4=0xCBC0D60C )
(       libmtguard.so[0xCBBCB000])[B6 F5 7C 7F ]0x0000CE0C:	CMP.W	R6, #0X3F0	;(R6=0x000000B0 )
(       libmtguard.so[0xCBBCB000])[F3 D1       ]0x0000CE10:	BNE	#0XCBBD7DFA
(       libmtguard.so[0xCBBCB000])[48 46       ]0x0000CDFA:	MOV	R0, SB	;(SB=0xCBBCFE51 )
(       libmtguard.so[0xCBBCB000])[45 F8 36 80 ]0x0000CDFC:	STR.W	R8, [R5, R6, LSL #3]	;(R8=0xFFFFFFFF R5=0xCBC0D094 R6=0x000000B0 )
(       libmtguard.so[0xCBBCB000])[05 EB C6 04 ]0x0000CE00:	ADD.W	R4, R5, R6, LSL #3	;(R5=0xCBC0D094 R6=0x000000B0 )
(       libmtguard.so[0xCBBCB000])[F6 F7 3A FD ]0x0000CE04:	BL	#0XCBBCE87C	;(PC=0xCBBD7E04 )
(       libmtguard.so[0xCBBCB000])[F0 B5       ]0x0000387C:	PUSH	{R4, R5, R6, R7, LR}	;(SP=0x100FFFC0 R4=0xCBC0D614 R5=0xCBC0D094 R6=0x000000B0 R7=0x100FFFE0 LR=0xCBBD7E09 )
(       libmtguard.so[0xCBBCB000])[03 AF       ]0x0000387E:	ADD	R7, SP, #0XC	;(SP=0x100FFFAC )
(       libmtguard.so[0xCBBCB000])[4D F8 04 BD ]0x00003880:	STR	FP, [SP, #-0X4]!	;(FP=0xCBC0B1C4 SP=0x100FFFAC )
(       libmtguard.so[0xCBBCB000])[05 46       ]0x00003884:	MOV	R5, R0	;(R0=0xCBBCFE51 )
(       libmtguard.so[0xCBBCB000])[01 20       ]0x00003886:	MOVS	R0, #1
(       libmtguard.so[0xCBBCB000])[10 21       ]0x00003888:	MOVS	R1, #0X10
(       libmtguard.so[0xCBBCB000])[00 22       ]0x0000388A:	MOVS	R2, #0
(       libmtguard.so[0xCBBCB000])[00 23       ]0x0000388C:	MOVS	R3, #0
(       libmtguard.so[0xCBBCB000])[00 26       ]0x0000388E:	MOVS	R6, #0
(       libmtguard.so[0xCBBCB000])[00 F0 C6 FA ]0x00003890:	BL	#0XCBBCEE20	;(PC=0xCBBCE890 )
(       libmtguard.so[0xCBBCB000])[B0 B5       ]0x00003E20:	PUSH	{R4, R5, R7, LR}	;(SP=0x100FFFA8 R4=0xCBC0D614 R5=0xCBBCFE51 R7=0x100FFFB8 LR=0xCBBCE895 )
(       libmtguard.so[0xCBBCB000])[02 AF       ]0x00003E22:	ADD	R7, SP, #8	;(SP=0x100FFF98 )
(       libmtguard.so[0xCBBCB000])[01 FB 00 F5 ]0x00003E24:	MUL	R5, R1, R0	;(R1=0x00000010 R0=0x00000001 )
(       libmtguard.so[0xCBBCB000])[4D B1       ]0x00003E28:	CBZ	R5, #0XCBBCEE3E	;(R5=0x00000010 )
(       libmtguard.so[0xCBBCB000])[28 46       ]0x00003E2A:	MOV	R0, R5	;(R5=0x00000010 )
(       libmtguard.so[0xCBBCB000])[FE F7 C8 EB ]0x00003E2C:	BLX	#0XCBBCD5C0	;(PC=0xCBBCEE2C )
(       libmtguard.so[0xCBBCB000])[00 C6 8F E2 ]0x000025C0:	ADD	IP, PC, #0, #12	;(PC=0xCBBCD5C0 )
(       libmtguard.so[0xCBBCB000])[3D CA 8C E2 ]0x000025C4:	ADD	IP, IP, #0X3D000	;(IP=0xCBBCD5C8 )
(       libmtguard.so[0xCBBCB000])[04 F9 BC E5 ]0x000025C8:	LDR	PC, [IP, #0X904]!	;(IP=0xCBC0A5C8 )
(       libmtguard.so[0xCBBCB000])[04 46       ]0x00003E30:	MOV	R4, R0	;(R0=0x30047248 )
(       libmtguard.so[0xCBBCB000])[24 B1       ]0x00003E32:	CBZ	R4, #0XCBBCEE3E	;(R4=0x30047248 )
(       libmtguard.so[0xCBBCB000])[20 46       ]0x00003E34:	MOV	R0, R4	;(R4=0x30047248 )
(       libmtguard.so[0xCBBCB000])[29 46       ]0x00003E36:	MOV	R1, R5	;(R5=0x00000010 )
(       libmtguard.so[0xCBBCB000])[FE F7 CE EB ]0x00003E38:	BLX	#0XCBBCD5D8	;(PC=0xCBBCEE38 )
(       libmtguard.so[0xCBBCB000])[00 C6 8F E2 ]0x000025D8:	ADD	IP, PC, #0, #12	;(PC=0xCBBCD5D8 )
(       libmtguard.so[0xCBBCB000])[3D CA 8C E2 ]0x000025DC:	ADD	IP, IP, #0X3D000	;(IP=0xCBBCD5E0 )
(       libmtguard.so[0xCBBCB000])[F4 F8 BC E5 ]0x000025E0:	LDR	PC, [IP, #0X8F4]!	;(IP=0xCBC0A5E0 )
(       libmtguard.so[0xCBBCB000])[00 E0       ]0x00003E3C:	B	#0XCBBCEE40
(       libmtguard.so[0xCBBCB000])[20 46       ]0x00003E40:	MOV	R0, R4	;(R4=0x30047248 )
(       libmtguard.so[0xCBBCB000])[B0 BD       ]0x00003E42:	POP	{R4, R5, R7, PC}	;(SP=0x100FFF98 )
(       libmtguard.so[0xCBBCB000])[04 46       ]0x00003894:	MOV	R4, R0	;(R0=0x30047248 )
(       libmtguard.so[0xCBBCB000])[94 B1       ]0x00003896:	CBZ	R4, #0XCBBCE8BE	;(R4=0x30047248 )
(       libmtguard.so[0xCBBCB000])[0B 20       ]0x00003898:	MOVS	R0, #0XB
(       libmtguard.so[0xCBBCB000])[C4 E9 00 66 ]0x0000389A:	STRD	R6, R6, [R4]	;(R6=0x00000000 R4=0x30047248 )
(       libmtguard.so[0xCBBCB000])[C4 E9 02 05 ]0x0000389E:	STRD	R0, R5, [R4, #8]	;(R0=0x0000000B R5=0xCBBCFE51 R4=0x30047248 )
(       libmtguard.so[0xCBBCB000])[04 20       ]0x000038A2:	MOVS	R0, #4
(       libmtguard.so[0xCBBCB000])[0B 21       ]0x000038A4:	MOVS	R1, #0XB
(       libmtguard.so[0xCBBCB000])[00 22       ]0x000038A6:	MOVS	R2, #0
(       libmtguard.so[0xCBBCB000])[00 23       ]0x000038A8:	MOVS	R3, #0
(       libmtguard.so[0xCBBCB000])[00 F0 B9 FA ]0x000038AA:	BL	#0XCBBCEE20	;(PC=0xCBBCE8AA )
(       libmtguard.so[0xCBBCB000])[B0 B5       ]0x00003E20:	PUSH	{R4, R5, R7, LR}	;(SP=0x100FFFA8 R4=0x30047248 R5=0xCBBCFE51 R7=0x100FFFB8 LR=0xCBBCE8AF )
(       libmtguard.so[0xCBBCB000])[02 AF       ]0x00003E22:	ADD	R7, SP, #8	;(SP=0x100FFF98 )
(       libmtguard.so[0xCBBCB000])[01 FB 00 F5 ]0x00003E24:	MUL	R5, R1, R0	;(R1=0x0000000B R0=0x00000004 )
(       libmtguard.so[0xCBBCB000])[4D B1       ]0x00003E28:	CBZ	R5, #0XCBBCEE3E	;(R5=0x0000002C )
(       libmtguard.so[0xCBBCB000])[28 46       ]0x00003E2A:	MOV	R0, R5	;(R5=0x0000002C )
(       libmtguard.so[0xCBBCB000])[FE F7 C8 EB ]0x00003E2C:	BLX	#0XCBBCD5C0	;(PC=0xCBBCEE2C )
(       libmtguard.so[0xCBBCB000])[00 C6 8F E2 ]0x000025C0:	ADD	IP, PC, #0, #12	;(PC=0xCBBCD5C0 )
(       libmtguard.so[0xCBBCB000])[3D CA 8C E2 ]0x000025C4:	ADD	IP, IP, #0X3D000	;(IP=0xCBBCD5C8 )
(       libmtguard.so[0xCBBCB000])[04 F9 BC E5 ]0x000025C8:	LDR	PC, [IP, #0X904]!	;(IP=0xCBC0A5C8 )
(       libmtguard.so[0xCBBCB000])[04 46       ]0x00003E30:	MOV	R4, R0	;(R0=0x30047260 )
(       libmtguard.so[0xCBBCB000])[24 B1       ]0x00003E32:	CBZ	R4, #0XCBBCEE3E	;(R4=0x30047260 )
(       libmtguard.so[0xCBBCB000])[20 46       ]0x00003E34:	MOV	R0, R4	;(R4=0x30047260 )
(       libmtguard.so[0xCBBCB000])[29 46       ]0x00003E36:	MOV	R1, R5	;(R5=0x0000002C )
(       libmtguard.so[0xCBBCB000])[FE F7 CE EB ]0x00003E38:	BLX	#0XCBBCD5D8	;(PC=0xCBBCEE38 )
(       libmtguard.so[0xCBBCB000])[00 C6 8F E2 ]0x000025D8:	ADD	IP, PC, #0, #12	;(PC=0xCBBCD5D8 )
(       libmtguard.so[0xCBBCB000])[3D CA 8C E2 ]0x000025DC:	ADD	IP, IP, #0X3D000	;(IP=0xCBBCD5E0 )
(       libmtguard.so[0xCBBCB000])[F4 F8 BC E5 ]0x000025E0:	LDR	PC, [IP, #0X8F4]!	;(IP=0xCBC0A5E0 )
(       libmtguard.so[0xCBBCB000])[00 E0       ]0x00003E3C:	B	#0XCBBCEE40
(       libmtguard.so[0xCBBCB000])[20 46       ]0x00003E40:	MOV	R0, R4	;(R4=0x30047260 )
(       libmtguard.so[0xCBBCB000])[B0 BD       ]0x00003E42:	POP	{R4, R5, R7, PC}	;(SP=0x100FFF98 )
(       libmtguard.so[0xCBBCB000])[00 28       ]0x000038AE:	CMP	R0, #0	;(R0=0x30047260 )
(       libmtguard.so[0xCBBCB000])[20 60       ]0x000038B0:	STR	R0, [R4]	;(R0=0x30047260 R4=0x30047248 )
(       libmtguard.so[0xCBBCB000])[05 D1       ]0x000038B2:	BNE	#0XCBBCE8C0
(       libmtguard.so[0xCBBCB000])[20 46       ]0x000038C0:	MOV	R0, R4	;(R4=0x30047248 )
(       libmtguard.so[0xCBBCB000])[5D F8 04 BB ]0x000038C2:	LDR	FP, [SP], #4	;(SP=0x100FFFA8 )
(       libmtguard.so[0xCBBCB000])[F0 BD       ]0x000038C6:	POP	{R4, R5, R6, R7, PC}	;(SP=0x100FFFAC )
(       libmtguard.so[0xCBBCB000])[01 36       ]0x0000CE08:	ADDS	R6, #1	;(R6=0x000000B0 )
(       libmtguard.so[0xCBBCB000])[60 60       ]0x0000CE0A:	STR	R0, [R4, #4]	;(R0=0x30047248 R4=0xCBC0D614 )
(       libmtguard.so[0xCBBCB000])[B6 F5 7C 7F ]0x0000CE0C:	CMP.W	R6, #0X3F0	;(R6=0x000000B1 )
(       libmtguard.so[0xCBBCB000])[F3 D1       ]0x0000CE10:	BNE	#0XCBBD7DFA
(       libmtguard.so[0xCBBCB000])[48 46       ]0x0000CDFA:	MOV	R0, SB	;(SB=0xCBBCFE51 )
(       libmtguard.so[0xCBBCB000])[45 F8 36 80 ]0x0000CDFC:	STR.W	R8, [R5, R6, LSL #3]	;(R8=0xFFFFFFFF R5=0xCBC0D094 R6=0x000000B1 )
(       libmtguard.so[0xCBBCB000])[05 EB C6 04 ]0x0000CE00:	ADD.W	R4, R5, R6, LSL #3	;(R5=0xCBC0D094 R6=0x000000B1 )
(       libmtguard.so[0xCBBCB000])[F6 F7 3A FD ]0x0000CE04:	BL	#0XCBBCE87C	;(PC=0xCBBD7E04 )
(       libmtguard.so[0xCBBCB000])[F0 B5       ]0x0000387C:	PUSH	{R4, R5, R6, R7, LR}	;(SP=0x100FFFC0 R4=0xCBC0D61C R5=0xCBC0D094 R6=0x000000B1 R7=0x100FFFE0 LR=0xCBBD7E09 )
(       libmtguard.so[0xCBBCB000])[03 AF       ]0x0000387E:	ADD	R7, SP, #0XC	;(SP=0x100FFFAC )
(       libmtguard.so[0xCBBCB000])[4D F8 04 BD ]0x00003880:	STR	FP, [SP, #-0X4]!	;(FP=0xCBC0B1C4 SP=0x100FFFAC )
(       libmtguard.so[0xCBBCB000])[05 46       ]0x00003884:	MOV	R5, R0	;(R0=0xCBBCFE51 )
(       libmtguard.so[0xCBBCB000])[01 20       ]0x00003886:	MOVS	R0, #1
(       libmtguard.so[0xCBBCB000])[10 21       ]0x00003888:	MOVS	R1, #0X10
(       libmtguard.so[0xCBBCB000])[00 22       ]0x0000388A:	MOVS	R2, #0
(       libmtguard.so[0xCBBCB000])[00 23       ]0x0000388C:	MOVS	R3, #0
(       libmtguard.so[0xCBBCB000])[00 26       ]0x0000388E:	MOVS	R6, #0
(       libmtguard.so[0xCBBCB000])[00 F0 C6 FA ]0x00003890:	BL	#0XCBBCEE20	;(PC=0xCBBCE890 )
(       libmtguard.so[0xCBBCB000])[B0 B5       ]0x00003E20:	PUSH	{R4, R5, R7, LR}	;(SP=0x100FFFA8 R4=0xCBC0D61C R5=0xCBBCFE51 R7=0x100FFFB8 LR=0xCBBCE895 )
(       libmtguard.so[0xCBBCB000])[02 AF       ]0x00003E22:	ADD	R7, SP, #8	;(SP=0x100FFF98 )
(       libmtguard.so[0xCBBCB000])[01 FB 00 F5 ]0x00003E24:	MUL	R5, R1, R0	;(R1=0x00000010 R0=0x00000001 )
(       libmtguard.so[0xCBBCB000])[4D B1       ]0x00003E28:	CBZ	R5, #0XCBBCEE3E	;(R5=0x00000010 )
(       libmtguard.so[0xCBBCB000])[28 46       ]0x00003E2A:	MOV	R0, R5	;(R5=0x00000010 )
(       libmtguard.so[0xCBBCB000])[FE F7 C8 EB ]0x00003E2C:	BLX	#0XCBBCD5C0	;(PC=0xCBBCEE2C )
(       libmtguard.so[0xCBBCB000])[00 C6 8F E2 ]0x000025C0:	ADD	IP, PC, #0, #12	;(PC=0xCBBCD5C0 )
(       libmtguard.so[0xCBBCB000])[3D CA 8C E2 ]0x000025C4:	ADD	IP, IP, #0X3D000	;(IP=0xCBBCD5C8 )
(       libmtguard.so[0xCBBCB000])[04 F9 BC E5 ]0x000025C8:	LDR	PC, [IP, #0X904]!	;(IP=0xCBC0A5C8 )
(       libmtguard.so[0xCBBCB000])[04 46       ]0x00003E30:	MOV	R4, R0	;(R0=0x30047290 )
(       libmtguard.so[0xCBBCB000])[24 B1       ]0x00003E32:	CBZ	R4, #0XCBBCEE3E	;(R4=0x30047290 )
(       libmtguard.so[0xCBBCB000])[20 46       ]0x00003E34:	MOV	R0, R4	;(R4=0x30047290 )
(       libmtguard.so[0xCBBCB000])[29 46       ]0x00003E36:	MOV	R1, R5	;(R5=0x00000010 )
(       libmtguard.so[0xCBBCB000])[FE F7 CE EB ]0x00003E38:	BLX	#0XCBBCD5D8	;(PC=0xCBBCEE38 )
(       libmtguard.so[0xCBBCB000])[00 C6 8F E2 ]0x000025D8:	ADD	IP, PC, #0, #12	;(PC=0xCBBCD5D8 )
(       libmtguard.so[0xCBBCB000])[3D CA 8C E2 ]0x000025DC:	ADD	IP, IP, #0X3D000	;(IP=0xCBBCD5E0 )
(       libmtguard.so[0xCBBCB000])[F4 F8 BC E5 ]0x000025E0:	LDR	PC, [IP, #0X8F4]!	;(IP=0xCBC0A5E0 )
(       libmtguard.so[0xCBBCB000])[00 E0       ]0x00003E3C:	B	#0XCBBCEE40
(       libmtguard.so[0xCBBCB000])[20 46       ]0x00003E40:	MOV	R0, R4	;(R4=0x30047290 )
(       libmtguard.so[0xCBBCB000])[B0 BD       ]0x00003E42:	POP	{R4, R5, R7, PC}	;(SP=0x100FFF98 )
(       libmtguard.so[0xCBBCB000])[04 46       ]0x00003894:	MOV	R4, R0	;(R0=0x30047290 )
(       libmtguard.so[0xCBBCB000])[94 B1       ]0x00003896:	CBZ	R4, #0XCBBCE8BE	;(R4=0x30047290 )
(       libmtguard.so[0xCBBCB000])[0B 20       ]0x00003898:	MOVS	R0, #0XB
(       libmtguard.so[0xCBBCB000])[C4 E9 00 66 ]0x0000389A:	STRD	R6, R6, [R4]	;(R6=0x00000000 R4=0x30047290 )
(       libmtguard.so[0xCBBCB000])[C4 E9 02 05 ]0x0000389E:	STRD	R0, R5, [R4, #8]	;(R0=0x0000000B R5=0xCBBCFE51 R4=0x30047290 )
(       libmtguard.so[0xCBBCB000])[04 20       ]0x000038A2:	MOVS	R0, #4
(       libmtguard.so[0xCBBCB000])[0B 21       ]0x000038A4:	MOVS	R1, #0XB
(       libmtguard.so[0xCBBCB000])[00 22       ]0x000038A6:	MOVS	R2, #0
(       libmtguard.so[0xCBBCB000])[00 23       ]0x000038A8:	MOVS	R3, #0
(       libmtguard.so[0xCBBCB000])[00 F0 B9 FA ]0x000038AA:	BL	#0XCBBCEE20	;(PC=0xCBBCE8AA )
(       libmtguard.so[0xCBBCB000])[B0 B5       ]0x00003E20:	PUSH	{R4, R5, R7, LR}	;(SP=0x100FFFA8 R4=0x30047290 R5=0xCBBCFE51 R7=0x100FFFB8 LR=0xCBBCE8AF )
(       libmtguard.so[0xCBBCB000])[02 AF       ]0x00003E22:	ADD	R7, SP, #8	;(SP=0x100FFF98 )
(       libmtguard.so[0xCBBCB000])[01 FB 00 F5 ]0x00003E24:	MUL	R5, R1, R0	;(R1=0x0000000B R0=0x00000004 )
(       libmtguard.so[0xCBBCB000])[4D B1       ]0x00003E28:	CBZ	R5, #0XCBBCEE3E	;(R5=0x0000002C )
(       libmtguard.so[0xCBBCB000])[28 46       ]0x00003E2A:	MOV	R0, R5	;(R5=0x0000002C )
(       libmtguard.so[0xCBBCB000])[FE F7 C8 EB ]0x00003E2C:	BLX	#0XCBBCD5C0	;(PC=0xCBBCEE2C )
(       libmtguard.so[0xCBBCB000])[00 C6 8F E2 ]0x000025C0:	ADD	IP, PC, #0, #12	;(PC=0xCBBCD5C0 )
(       libmtguard.so[0xCBBCB000])[3D CA 8C E2 ]0x000025C4:	ADD	IP, IP, #0X3D000	;(IP=0xCBBCD5C8 )
(       libmtguard.so[0xCBBCB000])[04 F9 BC E5 ]0x000025C8:	LDR	PC, [IP, #0X904]!	;(IP=0xCBC0A5C8 )
(       libmtguard.so[0xCBBCB000])[04 46       ]0x00003E30:	MOV	R4, R0	;(R0=0x300472A8 )
(       libmtguard.so[0xCBBCB000])[24 B1       ]0x00003E32:	CBZ	R4, #0XCBBCEE3E	;(R4=0x300472A8 )
(       libmtguard.so[0xCBBCB000])[20 46       ]0x00003E34:	MOV	R0, R4	;(R4=0x300472A8 )
(       libmtguard.so[0xCBBCB000])[29 46       ]0x00003E36:	MOV	R1, R5	;(R5=0x0000002C )
(       libmtguard.so[0xCBBCB000])[FE F7 CE EB ]0x00003E38:	BLX	#0XCBBCD5D8	;(PC=0xCBBCEE38 )
(       libmtguard.so[0xCBBCB000])[00 C6 8F E2 ]0x000025D8:	ADD	IP, PC, #0, #12	;(PC=0xCBBCD5D8 )
(       libmtguard.so[0xCBBCB000])[3D CA 8C E2 ]0x000025DC:	ADD	IP, IP, #0X3D000	;(IP=0xCBBCD5E0 )
(       libmtguard.so[0xCBBCB000])[F4 F8 BC E5 ]0x000025E0:	LDR	PC, [IP, #0X8F4]!	;(IP=0xCBC0A5E0 )
(       libmtguard.so[0xCBBCB000])[00 E0       ]0x00003E3C:	B	#0XCBBCEE40
(       libmtguard.so[0xCBBCB000])[20 46       ]0x00003E40:	MOV	R0, R4	;(R4=0x300472A8 )
(       libmtguard.so[0xCBBCB000])[B0 BD       ]0x00003E42:	POP	{R4, R5, R7, PC}	;(SP=0x100FFF98 )
(       libmtguard.so[0xCBBCB000])[00 28       ]0x000038AE:	CMP	R0, #0	;(R0=0x300472A8 )
(       libmtguard.so[0xCBBCB000])[20 60       ]0x000038B0:	STR	R0, [R4]	;(R0=0x300472A8 R4=0x30047290 )
(       libmtguard.so[0xCBBCB000])[05 D1       ]0x000038B2:	BNE	#0XCBBCE8C0
(       libmtguard.so[0xCBBCB000])[20 46       ]0x000038C0:	MOV	R0, R4	;(R4=0x30047290 )
(       libmtguard.so[0xCBBCB000])[5D F8 04 BB ]0x000038C2:	LDR	FP, [SP], #4	;(SP=0x100FFFA8 )
(       libmtguard.so[0xCBBCB000])[F0 BD       ]0x000038C6:	POP	{R4, R5, R6, R7, PC}	;(SP=0x100FFFAC )
(       libmtguard.so[0xCBBCB000])[01 36       ]0x0000CE08:	ADDS	R6, #1	;(R6=0x000000B1 )
(       libmtguard.so[0xCBBCB000])[60 60       ]0x0000CE0A:	STR	R0, [R4, #4]	;(R0=0x30047290 R4=0xCBC0D61C )
(       libmtguard.so[0xCBBCB000])[B6 F5 7C 7F ]0x0000CE0C:	CMP.W	R6, #0X3F0	;(R6=0x000000B2 )
(       libmtguard.so[0xCBBCB000])[F3 D1       ]0x0000CE10:	BNE	#0XCBBD7DFA
(       libmtguard.so[0xCBBCB000])[48 46       ]0x0000CDFA:	MOV	R0, SB	;(SB=0xCBBCFE51 )
(       libmtguard.so[0xCBBCB000])[45 F8 36 80 ]0x0000CDFC:	STR.W	R8, [R5, R6, LSL #3]	;(R8=0xFFFFFFFF R5=0xCBC0D094 R6=0x000000B2 )
(       libmtguard.so[0xCBBCB000])[05 EB C6 04 ]0x0000CE00:	ADD.W	R4, R5, R6, LSL #3	;(R5=0xCBC0D094 R6=0x000000B2 )
(       libmtguard.so[0xCBBCB000])[F6 F7 3A FD ]0x0000CE04:	BL	#0XCBBCE87C	;(PC=0xCBBD7E04 )
(       libmtguard.so[0xCBBCB000])[F0 B5       ]0x0000387C:	PUSH	{R4, R5, R6, R7, LR}	;(SP=0x100FFFC0 R4=0xCBC0D624 R5=0xCBC0D094 R6=0x000000B2 R7=0x100FFFE0 LR=0xCBBD7E09 )
(       libmtguard.so[0xCBBCB000])[03 AF       ]0x0000387E:	ADD	R7, SP, #0XC	;(SP=0x100FFFAC )
(       libmtguard.so[0xCBBCB000])[4D F8 04 BD ]0x00003880:	STR	FP, [SP, #-0X4]!	;(FP=0xCBC0B1C4 SP=0x100FFFAC )
(       libmtguard.so[0xCBBCB000])[05 46       ]0x00003884:	MOV	R5, R0	;(R0=0xCBBCFE51 )
(       libmtguard.so[0xCBBCB000])[01 20       ]0x00003886:	MOVS	R0, #1
(       libmtguard.so[0xCBBCB000])[10 21       ]0x00003888:	MOVS	R1, #0X10
(       libmtguard.so[0xCBBCB000])[00 22       ]0x0000388A:	MOVS	R2, #0
(       libmtguard.so[0xCBBCB000])[00 23       ]0x0000388C:	MOVS	R3, #0
(       libmtguard.so[0xCBBCB000])[00 26       ]0x0000388E:	MOVS	R6, #0
(       libmtguard.so[0xCBBCB000])[00 F0 C6 FA ]0x00003890:	BL	#0XCBBCEE20	;(PC=0xCBBCE890 )
(       libmtguard.so[0xCBBCB000])[B0 B5       ]0x00003E20:	PUSH	{R4, R5, R7, LR}	;(SP=0x100FFFA8 R4=0xCBC0D624 R5=0xCBBCFE51 R7=0x100FFFB8 LR=0xCBBCE895 )
(       libmtguard.so[0xCBBCB000])[02 AF       ]0x00003E22:	ADD	R7, SP, #8	;(SP=0x100FFF98 )
(       libmtguard.so[0xCBBCB000])[01 FB 00 F5 ]0x00003E24:	MUL	R5, R1, R0	;(R1=0x00000010 R0=0x00000001 )
(       libmtguard.so[0xCBBCB000])[4D B1       ]0x00003E28:	CBZ	R5, #0XCBBCEE3E	;(R5=0x00000010 )
(       libmtguard.so[0xCBBCB000])[28 46       ]0x00003E2A:	MOV	R0, R5	;(R5=0x00000010 )
(       libmtguard.so[0xCBBCB000])[FE F7 C8 EB ]0x00003E2C:	BLX	#0XCBBCD5C0	;(PC=0xCBBCEE2C )
(       libmtguard.so[0xCBBCB000])[00 C6 8F E2 ]0x000025C0:	ADD	IP, PC, #0, #12	;(PC=0xCBBCD5C0 )
(       libmtguard.so[0xCBBCB000])[3D CA 8C E2 ]0x000025C4:	ADD	IP, IP, #0X3D000	;(IP=0xCBBCD5C8 )
(       libmtguard.so[0xCBBCB000])[04 F9 BC E5 ]0x000025C8:	LDR	PC, [IP, #0X904]!	;(IP=0xCBC0A5C8 )
(       libmtguard.so[0xCBBCB000])[04 46       ]0x00003E30:	MOV	R4, R0	;(R0=0x300472D8 )
(       libmtguard.so[0xCBBCB000])[24 B1       ]0x00003E32:	CBZ	R4, #0XCBBCEE3E	;(R4=0x300472D8 )
(       libmtguard.so[0xCBBCB000])[20 46       ]0x00003E34:	MOV	R0, R4	;(R4=0x300472D8 )
(       libmtguard.so[0xCBBCB000])[29 46       ]0x00003E36:	MOV	R1, R5	;(R5=0x00000010 )
(       libmtguard.so[0xCBBCB000])[FE F7 CE EB ]0x00003E38:	BLX	#0XCBBCD5D8	;(PC=0xCBBCEE38 )
(       libmtguard.so[0xCBBCB000])[00 C6 8F E2 ]0x000025D8:	ADD	IP, PC, #0, #12	;(PC=0xCBBCD5D8 )
(       libmtguard.so[0xCBBCB000])[3D CA 8C E2 ]0x000025DC:	ADD	IP, IP, #0X3D000	;(IP=0xCBBCD5E0 )
(       libmtguard.so[0xCBBCB000])[F4 F8 BC E5 ]0x000025E0:	LDR	PC, [IP, #0X8F4]!	;(IP=0xCBC0A5E0 )
(       libmtguard.so[0xCBBCB000])[00 E0       ]0x00003E3C:	B	#0XCBBCEE40
(       libmtguard.so[0xCBBCB000])[20 46       ]0x00003E40:	MOV	R0, R4	;(R4=0x300472D8 )
(       libmtguard.so[0xCBBCB000])[B0 BD       ]0x00003E42:	POP	{R4, R5, R7, PC}	;(SP=0x100FFF98 )
(       libmtguard.so[0xCBBCB000])[04 46       ]0x00003894:	MOV	R4, R0	;(R0=0x300472D8 )
(       libmtguard.so[0xCBBCB000])[94 B1       ]0x00003896:	CBZ	R4, #0XCBBCE8BE	;(R4=0x300472D8 )
(       libmtguard.so[0xCBBCB000])[0B 20       ]0x00003898:	MOVS	R0, #0XB
(       libmtguard.so[0xCBBCB000])[C4 E9 00 66 ]0x0000389A:	STRD	R6, R6, [R4]	;(R6=0x00000000 R4=0x300472D8 )
(       libmtguard.so[0xCBBCB000])[C4 E9 02 05 ]0x0000389E:	STRD	R0, R5, [R4, #8]	;(R0=0x0000000B R5=0xCBBCFE51 R4=0x300472D8 )
(       libmtguard.so[0xCBBCB000])[04 20       ]0x000038A2:	MOVS	R0, #4
(       libmtguard.so[0xCBBCB000])[0B 21       ]0x000038A4:	MOVS	R1, #0XB
(       libmtguard.so[0xCBBCB000])[00 22       ]0x000038A6:	MOVS	R2, #0
(       libmtguard.so[0xCBBCB000])[00 23       ]0x000038A8:	MOVS	R3, #0
(       libmtguard.so[0xCBBCB000])[00 F0 B9 FA ]0x000038AA:	BL	#0XCBBCEE20	;(PC=0xCBBCE8AA )
(       libmtguard.so[0xCBBCB000])[B0 B5       ]0x00003E20:	PUSH	{R4, R5, R7, LR}	;(SP=0x100FFFA8 R4=0x300472D8 R5=0xCBBCFE51 R7=0x100FFFB8 LR=0xCBBCE8AF )
(       libmtguard.so[0xCBBCB000])[02 AF       ]0x00003E22:	ADD	R7, SP, #8	;(SP=0x100FFF98 )
(       libmtguard.so[0xCBBCB000])[01 FB 00 F5 ]0x00003E24:	MUL	R5, R1, R0	;(R1=0x0000000B R0=0x00000004 )
(       libmtguard.so[0xCBBCB000])[4D B1       ]0x00003E28:	CBZ	R5, #0XCBBCEE3E	;(R5=0x0000002C )
(       libmtguard.so[0xCBBCB000])[28 46       ]0x00003E2A:	MOV	R0, R5	;(R5=0x0000002C )
(       libmtguard.so[0xCBBCB000])[FE F7 C8 EB ]0x00003E2C:	BLX	#0XCBBCD5C0	;(PC=0xCBBCEE2C )
(       libmtguard.so[0xCBBCB000])[00 C6 8F E2 ]0x000025C0:	ADD	IP, PC, #0, #12	;(PC=0xCBBCD5C0 )
(       libmtguard.so[0xCBBCB000])[3D CA 8C E2 ]0x000025C4:	ADD	IP, IP, #0X3D000	;(IP=0xCBBCD5C8 )
(       libmtguard.so[0xCBBCB000])[04 F9 BC E5 ]0x000025C8:	LDR	PC, [IP, #0X904]!	;(IP=0xCBC0A5C8 )
(       libmtguard.so[0xCBBCB000])[04 46       ]0x00003E30:	MOV	R4, R0	;(R0=0x300472F0 )
(       libmtguard.so[0xCBBCB000])[24 B1       ]0x00003E32:	CBZ	R4, #0XCBBCEE3E	;(R4=0x300472F0 )
(       libmtguard.so[0xCBBCB000])[20 46       ]0x00003E34:	MOV	R0, R4	;(R4=0x300472F0 )
(       libmtguard.so[0xCBBCB000])[29 46       ]0x00003E36:	MOV	R1, R5	;(R5=0x0000002C )
(       libmtguard.so[0xCBBCB000])[FE F7 CE EB ]0x00003E38:	BLX	#0XCBBCD5D8	;(PC=0xCBBCEE38 )
(       libmtguard.so[0xCBBCB000])[00 C6 8F E2 ]0x000025D8:	ADD	IP, PC, #0, #12	;(PC=0xCBBCD5D8 )
(       libmtguard.so[0xCBBCB000])[3D CA 8C E2 ]0x000025DC:	ADD	IP, IP, #0X3D000	;(IP=0xCBBCD5E0 )
(       libmtguard.so[0xCBBCB000])[F4 F8 BC E5 ]0x000025E0:	LDR	PC, [IP, #0X8F4]!	;(IP=0xCBC0A5E0 )
(       libmtguard.so[0xCBBCB000])[00 E0       ]0x00003E3C:	B	#0XCBBCEE40
(       libmtguard.so[0xCBBCB000])[20 46       ]0x00003E40:	MOV	R0, R4	;(R4=0x300472F0 )
(       libmtguard.so[0xCBBCB000])[B0 BD       ]0x00003E42:	POP	{R4, R5, R7, PC}	;(SP=0x100FFF98 )
(       libmtguard.so[0xCBBCB000])[00 28       ]0x000038AE:	CMP	R0, #0	;(R0=0x300472F0 )
(       libmtguard.so[0xCBBCB000])[20 60       ]0x000038B0:	STR	R0, [R4]	;(R0=0x300472F0 R4=0x300472D8 )
(       libmtguard.so[0xCBBCB000])[05 D1       ]0x000038B2:	BNE	#0XCBBCE8C0
(       libmtguard.so[0xCBBCB000])[20 46       ]0x000038C0:	MOV	R0, R4	;(R4=0x300472D8 )
(       libmtguard.so[0xCBBCB000])[5D F8 04 BB ]0x000038C2:	LDR	FP, [SP], #4	;(SP=0x100FFFA8 )
(       libmtguard.so[0xCBBCB000])[F0 BD       ]0x000038C6:	POP	{R4, R5, R6, R7, PC}	;(SP=0x100FFFAC )
(       libmtguard.so[0xCBBCB000])[01 36       ]0x0000CE08:	ADDS	R6, #1	;(R6=0x000000B2 )
(       libmtguard.so[0xCBBCB000])[60 60       ]0x0000CE0A:	STR	R0, [R4, #4]	;(R0=0x300472D8 R4=0xCBC0D624 )
(       libmtguard.so[0xCBBCB000])[B6 F5 7C 7F ]0x0000CE0C:	CMP.W	R6, #0X3F0	;(R6=0x000000B3 )
(       libmtguard.so[0xCBBCB000])[F3 D1       ]0x0000CE10:	BNE	#0XCBBD7DFA
(       libmtguard.so[0xCBBCB000])[48 46       ]0x0000CDFA:	MOV	R0, SB	;(SB=0xCBBCFE51 )
(       libmtguard.so[0xCBBCB000])[45 F8 36 80 ]0x0000CDFC:	STR.W	R8, [R5, R6, LSL #3]	;(R8=0xFFFFFFFF R5=0xCBC0D094 R6=0x000000B3 )
(       libmtguard.so[0xCBBCB000])[05 EB C6 04 ]0x0000CE00:	ADD.W	R4, R5, R6, LSL #3	;(R5=0xCBC0D094 R6=0x000000B3 )
(       libmtguard.so[0xCBBCB000])[F6 F7 3A FD ]0x0000CE04:	BL	#0XCBBCE87C	;(PC=0xCBBD7E04 )
(       libmtguard.so[0xCBBCB000])[F0 B5       ]0x0000387C:	PUSH	{R4, R5, R6, R7, LR}	;(SP=0x100FFFC0 R4=0xCBC0D62C R5=0xCBC0D094 R6=0x000000B3 R7=0x100FFFE0 LR=0xCBBD7E09 )
(       libmtguard.so[0xCBBCB000])[03 AF       ]0x0000387E:	ADD	R7, SP, #0XC	;(SP=0x100FFFAC )
(       libmtguard.so[0xCBBCB000])[4D F8 04 BD ]0x00003880:	STR	FP, [SP, #-0X4]!	;(FP=0xCBC0B1C4 SP=0x100FFFAC )
(       libmtguard.so[0xCBBCB000])[05 46       ]0x00003884:	MOV	R5, R0	;(R0=0xCBBCFE51 )
(       libmtguard.so[0xCBBCB000])[01 20       ]0x00003886:	MOVS	R0, #1
(       libmtguard.so[0xCBBCB000])[10 21       ]0x00003888:	MOVS	R1, #0X10
(       libmtguard.so[0xCBBCB000])[00 22       ]0x0000388A:	MOVS	R2, #0
(       libmtguard.so[0xCBBCB000])[00 23       ]0x0000388C:	MOVS	R3, #0
(       libmtguard.so[0xCBBCB000])[00 26       ]0x0000388E:	MOVS	R6, #0
(       libmtguard.so[0xCBBCB000])[00 F0 C6 FA ]0x00003890:	BL	#0XCBBCEE20	;(PC=0xCBBCE890 )
(       libmtguard.so[0xCBBCB000])[B0 B5       ]0x00003E20:	PUSH	{R4, R5, R7, LR}	;(SP=0x100FFFA8 R4=0xCBC0D62C R5=0xCBBCFE51 R7=0x100FFFB8 LR=0xCBBCE895 )
(       libmtguard.so[0xCBBCB000])[02 AF       ]0x00003E22:	ADD	R7, SP, #8	;(SP=0x100FFF98 )
(       libmtguard.so[0xCBBCB000])[01 FB 00 F5 ]0x00003E24:	MUL	R5, R1, R0	;(R1=0x00000010 R0=0x00000001 )
(       libmtguard.so[0xCBBCB000])[4D B1       ]0x00003E28:	CBZ	R5, #0XCBBCEE3E	;(R5=0x00000010 )
(       libmtguard.so[0xCBBCB000])[28 46       ]0x00003E2A:	MOV	R0, R5	;(R5=0x00000010 )
(       libmtguard.so[0xCBBCB000])[FE F7 C8 EB ]0x00003E2C:	BLX	#0XCBBCD5C0	;(PC=0xCBBCEE2C )
(       libmtguard.so[0xCBBCB000])[00 C6 8F E2 ]0x000025C0:	ADD	IP, PC, #0, #12	;(PC=0xCBBCD5C0 )
(       libmtguard.so[0xCBBCB000])[3D CA 8C E2 ]0x000025C4:	ADD	IP, IP, #0X3D000	;(IP=0xCBBCD5C8 )
(       libmtguard.so[0xCBBCB000])[04 F9 BC E5 ]0x000025C8:	LDR	PC, [IP, #0X904]!	;(IP=0xCBC0A5C8 )
(       libmtguard.so[0xCBBCB000])[04 46       ]0x00003E30:	MOV	R4, R0	;(R0=0x30047320 )
(       libmtguard.so[0xCBBCB000])[24 B1       ]0x00003E32:	CBZ	R4, #0XCBBCEE3E	;(R4=0x30047320 )
(       libmtguard.so[0xCBBCB000])[20 46       ]0x00003E34:	MOV	R0, R4	;(R4=0x30047320 )
(       libmtguard.so[0xCBBCB000])[29 46       ]0x00003E36:	MOV	R1, R5	;(R5=0x00000010 )
(       libmtguard.so[0xCBBCB000])[FE F7 CE EB ]0x00003E38:	BLX	#0XCBBCD5D8	;(PC=0xCBBCEE38 )
(       libmtguard.so[0xCBBCB000])[00 C6 8F E2 ]0x000025D8:	ADD	IP, PC, #0, #12	;(PC=0xCBBCD5D8 )
(       libmtguard.so[0xCBBCB000])[3D CA 8C E2 ]0x000025DC:	ADD	IP, IP, #0X3D000	;(IP=0xCBBCD5E0 )
(       libmtguard.so[0xCBBCB000])[F4 F8 BC E5 ]0x000025E0:	LDR	PC, [IP, #0X8F4]!	;(IP=0xCBC0A5E0 )
(       libmtguard.so[0xCBBCB000])[00 E0       ]0x00003E3C:	B	#0XCBBCEE40
(       libmtguard.so[0xCBBCB000])[20 46       ]0x00003E40:	MOV	R0, R4	;(R4=0x30047320 )
(       libmtguard.so[0xCBBCB000])[B0 BD       ]0x00003E42:	POP	{R4, R5, R7, PC}	;(SP=0x100FFF98 )
(       libmtguard.so[0xCBBCB000])[04 46       ]0x00003894:	MOV	R4, R0	;(R0=0x30047320 )
(       libmtguard.so[0xCBBCB000])[94 B1       ]0x00003896:	CBZ	R4, #0XCBBCE8BE	;(R4=0x30047320 )
(       libmtguard.so[0xCBBCB000])[0B 20       ]0x00003898:	MOVS	R0, #0XB
(       libmtguard.so[0xCBBCB000])[C4 E9 00 66 ]0x0000389A:	STRD	R6, R6, [R4]	;(R6=0x00000000 R4=0x30047320 )
(       libmtguard.so[0xCBBCB000])[C4 E9 02 05 ]0x0000389E:	STRD	R0, R5, [R4, #8]	;(R0=0x0000000B R5=0xCBBCFE51 R4=0x30047320 )
(       libmtguard.so[0xCBBCB000])[04 20       ]0x000038A2:	MOVS	R0, #4
(       libmtguard.so[0xCBBCB000])[0B 21       ]0x000038A4:	MOVS	R1, #0XB
(       libmtguard.so[0xCBBCB000])[00 22       ]0x000038A6:	MOVS	R2, #0
(       libmtguard.so[0xCBBCB000])[00 23       ]0x000038A8:	MOVS	R3, #0
(       libmtguard.so[0xCBBCB000])[00 F0 B9 FA ]0x000038AA:	BL	#0XCBBCEE20	;(PC=0xCBBCE8AA )
(       libmtguard.so[0xCBBCB000])[B0 B5       ]0x00003E20:	PUSH	{R4, R5, R7, LR}	;(SP=0x100FFFA8 R4=0x30047320 R5=0xCBBCFE51 R7=0x100FFFB8 LR=0xCBBCE8AF )
(       libmtguard.so[0xCBBCB000])[02 AF       ]0x00003E22:	ADD	R7, SP, #8	;(SP=0x100FFF98 )
(       libmtguard.so[0xCBBCB000])[01 FB 00 F5 ]0x00003E24:	MUL	R5, R1, R0	;(R1=0x0000000B R0=0x00000004 )
(       libmtguard.so[0xCBBCB000])[4D B1       ]0x00003E28:	CBZ	R5, #0XCBBCEE3E	;(R5=0x0000002C )
(       libmtguard.so[0xCBBCB000])[28 46       ]0x00003E2A:	MOV	R0, R5	;(R5=0x0000002C )
(       libmtguard.so[0xCBBCB000])[FE F7 C8 EB ]0x00003E2C:	BLX	#0XCBBCD5C0	;(PC=0xCBBCEE2C )
(       libmtguard.so[0xCBBCB000])[00 C6 8F E2 ]0x000025C0:	ADD	IP, PC, #0, #12	;(PC=0xCBBCD5C0 )
(       libmtguard.so[0xCBBCB000])[3D CA 8C E2 ]0x000025C4:	ADD	IP, IP, #0X3D000	;(IP=0xCBBCD5C8 )
(       libmtguard.so[0xCBBCB000])[04 F9 BC E5 ]0x000025C8:	LDR	PC, [IP, #0X904]!	;(IP=0xCBC0A5C8 )
(       libmtguard.so[0xCBBCB000])[04 46       ]0x00003E30:	MOV	R4, R0	;(R0=0x30047338 )
(       libmtguard.so[0xCBBCB000])[24 B1       ]0x00003E32:	CBZ	R4, #0XCBBCEE3E	;(R4=0x30047338 )
(       libmtguard.so[0xCBBCB000])[20 46       ]0x00003E34:	MOV	R0, R4	;(R4=0x30047338 )
(       libmtguard.so[0xCBBCB000])[29 46       ]0x00003E36:	MOV	R1, R5	;(R5=0x0000002C )
(       libmtguard.so[0xCBBCB000])[FE F7 CE EB ]0x00003E38:	BLX	#0XCBBCD5D8	;(PC=0xCBBCEE38 )
(       libmtguard.so[0xCBBCB000])[00 C6 8F E2 ]0x000025D8:	ADD	IP, PC, #0, #12	;(PC=0xCBBCD5D8 )
(       libmtguard.so[0xCBBCB000])[3D CA 8C E2 ]0x000025DC:	ADD	IP, IP, #0X3D000	;(IP=0xCBBCD5E0 )
(       libmtguard.so[0xCBBCB000])[F4 F8 BC E5 ]0x000025E0:	LDR	PC, [IP, #0X8F4]!	;(IP=0xCBC0A5E0 )
(       libmtguard.so[0xCBBCB000])[00 E0       ]0x00003E3C:	B	#0XCBBCEE40
(       libmtguard.so[0xCBBCB000])[20 46       ]0x00003E40:	MOV	R0, R4	;(R4=0x30047338 )
(       libmtguard.so[0xCBBCB000])[B0 BD       ]0x00003E42:	POP	{R4, R5, R7, PC}	;(SP=0x100FFF98 )
(       libmtguard.so[0xCBBCB000])[00 28       ]0x000038AE:	CMP	R0, #0	;(R0=0x30047338 )
(       libmtguard.so[0xCBBCB000])[20 60       ]0x000038B0:	STR	R0, [R4]	;(R0=0x30047338 R4=0x30047320 )
(       libmtguard.so[0xCBBCB000])[05 D1       ]0x000038B2:	BNE	#0XCBBCE8C0
(       libmtguard.so[0xCBBCB000])[20 46       ]0x000038C0:	MOV	R0, R4	;(R4=0x30047320 )
(       libmtguard.so[0xCBBCB000])[5D F8 04 BB ]0x000038C2:	LDR	FP, [SP], #4	;(SP=0x100FFFA8 )
(       libmtguard.so[0xCBBCB000])[F0 BD       ]0x000038C6:	POP	{R4, R5, R6, R7, PC}	;(SP=0x100FFFAC )
(       libmtguard.so[0xCBBCB000])[01 36       ]0x0000CE08:	ADDS	R6, #1	;(R6=0x000000B3 )
(       libmtguard.so[0xCBBCB000])[60 60       ]0x0000CE0A:	STR	R0, [R4, #4]	;(R0=0x30047320 R4=0xCBC0D62C )
(       libmtguard.so[0xCBBCB000])[B6 F5 7C 7F ]0x0000CE0C:	CMP.W	R6, #0X3F0	;(R6=0x000000B4 )
(       libmtguard.so[0xCBBCB000])[F3 D1       ]0x0000CE10:	BNE	#0XCBBD7DFA
(       libmtguard.so[0xCBBCB000])[48 46       ]0x0000CDFA:	MOV	R0, SB	;(SB=0xCBBCFE51 )
(       libmtguard.so[0xCBBCB000])[45 F8 36 80 ]0x0000CDFC:	STR.W	R8, [R5, R6, LSL #3]	;(R8=0xFFFFFFFF R5=0xCBC0D094 R6=0x000000B4 )
(       libmtguard.so[0xCBBCB000])[05 EB C6 04 ]0x0000CE00:	ADD.W	R4, R5, R6, LSL #3	;(R5=0xCBC0D094 R6=0x000000B4 )
(       libmtguard.so[0xCBBCB000])[F6 F7 3A FD ]0x0000CE04:	BL	#0XCBBCE87C	;(PC=0xCBBD7E04 )
(       libmtguard.so[0xCBBCB000])[F0 B5       ]0x0000387C:	PUSH	{R4, R5, R6, R7, LR}	;(SP=0x100FFFC0 R4=0xCBC0D634 R5=0xCBC0D094 R6=0x000000B4 R7=0x100FFFE0 LR=0xCBBD7E09 )
(       libmtguard.so[0xCBBCB000])[03 AF       ]0x0000387E:	ADD	R7, SP, #0XC	;(SP=0x100FFFAC )
(       libmtguard.so[0xCBBCB000])[4D F8 04 BD ]0x00003880:	STR	FP, [SP, #-0X4]!	;(FP=0xCBC0B1C4 SP=0x100FFFAC )
(       libmtguard.so[0xCBBCB000])[05 46       ]0x00003884:	MOV	R5, R0	;(R0=0xCBBCFE51 )
(       libmtguard.so[0xCBBCB000])[01 20       ]0x00003886:	MOVS	R0, #1
(       libmtguard.so[0xCBBCB000])[10 21       ]0x00003888:	MOVS	R1, #0X10
(       libmtguard.so[0xCBBCB000])[00 22       ]0x0000388A:	MOVS	R2, #0
(       libmtguard.so[0xCBBCB000])[00 23       ]0x0000388C:	MOVS	R3, #0
(       libmtguard.so[0xCBBCB000])[00 26       ]0x0000388E:	MOVS	R6, #0
(       libmtguard.so[0xCBBCB000])[00 F0 C6 FA ]0x00003890:	BL	#0XCBBCEE20	;(PC=0xCBBCE890 )
(       libmtguard.so[0xCBBCB000])[B0 B5       ]0x00003E20:	PUSH	{R4, R5, R7, LR}	;(SP=0x100FFFA8 R4=0xCBC0D634 R5=0xCBBCFE51 R7=0x100FFFB8 LR=0xCBBCE895 )
(       libmtguard.so[0xCBBCB000])[02 AF       ]0x00003E22:	ADD	R7, SP, #8	;(SP=0x100FFF98 )
(       libmtguard.so[0xCBBCB000])[01 FB 00 F5 ]0x00003E24:	MUL	R5, R1, R0	;(R1=0x00000010 R0=0x00000001 )
(       libmtguard.so[0xCBBCB000])[4D B1       ]0x00003E28:	CBZ	R5, #0XCBBCEE3E	;(R5=0x00000010 )
(       libmtguard.so[0xCBBCB000])[28 46       ]0x00003E2A:	MOV	R0, R5	;(R5=0x00000010 )
(       libmtguard.so[0xCBBCB000])[FE F7 C8 EB ]0x00003E2C:	BLX	#0XCBBCD5C0	;(PC=0xCBBCEE2C )
(       libmtguard.so[0xCBBCB000])[00 C6 8F E2 ]0x000025C0:	ADD	IP, PC, #0, #12	;(PC=0xCBBCD5C0 )
(       libmtguard.so[0xCBBCB000])[3D CA 8C E2 ]0x000025C4:	ADD	IP, IP, #0X3D000	;(IP=0xCBBCD5C8 )
(       libmtguard.so[0xCBBCB000])[04 F9 BC E5 ]0x000025C8:	LDR	PC, [IP, #0X904]!	;(IP=0xCBC0A5C8 )
(       libmtguard.so[0xCBBCB000])[04 46       ]0x00003E30:	MOV	R4, R0	;(R0=0x30047368 )
(       libmtguard.so[0xCBBCB000])[24 B1       ]0x00003E32:	CBZ	R4, #0XCBBCEE3E	;(R4=0x30047368 )
(       libmtguard.so[0xCBBCB000])[20 46       ]0x00003E34:	MOV	R0, R4	;(R4=0x30047368 )
(       libmtguard.so[0xCBBCB000])[29 46       ]0x00003E36:	MOV	R1, R5	;(R5=0x00000010 )
(       libmtguard.so[0xCBBCB000])[FE F7 CE EB ]0x00003E38:	BLX	#0XCBBCD5D8	;(PC=0xCBBCEE38 )
(       libmtguard.so[0xCBBCB000])[00 C6 8F E2 ]0x000025D8:	ADD	IP, PC, #0, #12	;(PC=0xCBBCD5D8 )
(       libmtguard.so[0xCBBCB000])[3D CA 8C E2 ]0x000025DC:	ADD	IP, IP, #0X3D000	;(IP=0xCBBCD5E0 )
(       libmtguard.so[0xCBBCB000])[F4 F8 BC E5 ]0x000025E0:	LDR	PC, [IP, #0X8F4]!	;(IP=0xCBC0A5E0 )
(       libmtguard.so[0xCBBCB000])[00 E0       ]0x00003E3C:	B	#0XCBBCEE40
(       libmtguard.so[0xCBBCB000])[20 46       ]0x00003E40:	MOV	R0, R4	;(R4=0x30047368 )
(       libmtguard.so[0xCBBCB000])[B0 BD       ]0x00003E42:	POP	{R4, R5, R7, PC}	;(SP=0x100FFF98 )
(       libmtguard.so[0xCBBCB000])[04 46       ]0x00003894:	MOV	R4, R0	;(R0=0x30047368 )
(       libmtguard.so[0xCBBCB000])[94 B1       ]0x00003896:	CBZ	R4, #0XCBBCE8BE	;(R4=0x30047368 )
(       libmtguard.so[0xCBBCB000])[0B 20       ]0x00003898:	MOVS	R0, #0XB
(       libmtguard.so[0xCBBCB000])[C4 E9 00 66 ]0x0000389A:	STRD	R6, R6, [R4]	;(R6=0x00000000 R4=0x30047368 )
(       libmtguard.so[0xCBBCB000])[C4 E9 02 05 ]0x0000389E:	STRD	R0, R5, [R4, #8]	;(R0=0x0000000B R5=0xCBBCFE51 R4=0x30047368 )
(       libmtguard.so[0xCBBCB000])[04 20       ]0x000038A2:	MOVS	R0, #4
(       libmtguard.so[0xCBBCB000])[0B 21       ]0x000038A4:	MOVS	R1, #0XB
(       libmtguard.so[0xCBBCB000])[00 22       ]0x000038A6:	MOVS	R2, #0
(       libmtguard.so[0xCBBCB000])[00 23       ]0x000038A8:	MOVS	R3, #0
(       libmtguard.so[0xCBBCB000])[00 F0 B9 FA ]0x000038AA:	BL	#0XCBBCEE20	;(PC=0xCBBCE8AA )
(       libmtguard.so[0xCBBCB000])[B0 B5       ]0x00003E20:	PUSH	{R4, R5, R7, LR}	;(SP=0x100FFFA8 R4=0x30047368 R5=0xCBBCFE51 R7=0x100FFFB8 LR=0xCBBCE8AF )
(       libmtguard.so[0xCBBCB000])[02 AF       ]0x00003E22:	ADD	R7, SP, #8	;(SP=0x100FFF98 )
(       libmtguard.so[0xCBBCB000])[01 FB 00 F5 ]0x00003E24:	MUL	R5, R1, R0	;(R1=0x0000000B R0=0x00000004 )
(       libmtguard.so[0xCBBCB000])[4D B1       ]0x00003E28:	CBZ	R5, #0XCBBCEE3E	;(R5=0x0000002C )
(       libmtguard.so[0xCBBCB000])[28 46       ]0x00003E2A:	MOV	R0, R5	;(R5=0x0000002C )
(       libmtguard.so[0xCBBCB000])[FE F7 C8 EB ]0x00003E2C:	BLX	#0XCBBCD5C0	;(PC=0xCBBCEE2C )
(       libmtguard.so[0xCBBCB000])[00 C6 8F E2 ]0x000025C0:	ADD	IP, PC, #0, #12	;(PC=0xCBBCD5C0 )
(       libmtguard.so[0xCBBCB000])[3D CA 8C E2 ]0x000025C4:	ADD	IP, IP, #0X3D000	;(IP=0xCBBCD5C8 )
(       libmtguard.so[0xCBBCB000])[04 F9 BC E5 ]0x000025C8:	LDR	PC, [IP, #0X904]!	;(IP=0xCBC0A5C8 )
(       libmtguard.so[0xCBBCB000])[04 46       ]0x00003E30:	MOV	R4, R0	;(R0=0x30047380 )
(       libmtguard.so[0xCBBCB000])[24 B1       ]0x00003E32:	CBZ	R4, #0XCBBCEE3E	;(R4=0x30047380 )
(       libmtguard.so[0xCBBCB000])[20 46       ]0x00003E34:	MOV	R0, R4	;(R4=0x30047380 )
(       libmtguard.so[0xCBBCB000])[29 46       ]0x00003E36:	MOV	R1, R5	;(R5=0x0000002C )
(       libmtguard.so[0xCBBCB000])[FE F7 CE EB ]0x00003E38:	BLX	#0XCBBCD5D8	;(PC=0xCBBCEE38 )
(       libmtguard.so[0xCBBCB000])[00 C6 8F E2 ]0x000025D8:	ADD	IP, PC, #0, #12	;(PC=0xCBBCD5D8 )
(       libmtguard.so[0xCBBCB000])[3D CA 8C E2 ]0x000025DC:	ADD	IP, IP, #0X3D000	;(IP=0xCBBCD5E0 )
(       libmtguard.so[0xCBBCB000])[F4 F8 BC E5 ]0x000025E0:	LDR	PC, [IP, #0X8F4]!	;(IP=0xCBC0A5E0 )
(       libmtguard.so[0xCBBCB000])[00 E0       ]0x00003E3C:	B	#0XCBBCEE40
(       libmtguard.so[0xCBBCB000])[20 46       ]0x00003E40:	MOV	R0, R4	;(R4=0x30047380 )
(       libmtguard.so[0xCBBCB000])[B0 BD       ]0x00003E42:	POP	{R4, R5, R7, PC}	;(SP=0x100FFF98 )
(       libmtguard.so[0xCBBCB000])[00 28       ]0x000038AE:	CMP	R0, #0	;(R0=0x30047380 )
(       libmtguard.so[0xCBBCB000])[20 60       ]0x000038B0:	STR	R0, [R4]	;(R0=0x30047380 R4=0x30047368 )
(       libmtguard.so[0xCBBCB000])[05 D1       ]0x000038B2:	BNE	#0XCBBCE8C0
(       libmtguard.so[0xCBBCB000])[20 46       ]0x000038C0:	MOV	R0, R4	;(R4=0x30047368 )
(       libmtguard.so[0xCBBCB000])[5D F8 04 BB ]0x000038C2:	LDR	FP, [SP], #4	;(SP=0x100FFFA8 )
(       libmtguard.so[0xCBBCB000])[F0 BD       ]0x000038C6:	POP	{R4, R5, R6, R7, PC}	;(SP=0x100FFFAC )
(       libmtguard.so[0xCBBCB000])[01 36       ]0x0000CE08:	ADDS	R6, #1	;(R6=0x000000B4 )
(       libmtguard.so[0xCBBCB000])[60 60       ]0x0000CE0A:	STR	R0, [R4, #4]	;(R0=0x30047368 R4=0xCBC0D634 )
(       libmtguard.so[0xCBBCB000])[B6 F5 7C 7F ]0x0000CE0C:	CMP.W	R6, #0X3F0	;(R6=0x000000B5 )
(       libmtguard.so[0xCBBCB000])[F3 D1       ]0x0000CE10:	BNE	#0XCBBD7DFA
(       libmtguard.so[0xCBBCB000])[48 46       ]0x0000CDFA:	MOV	R0, SB	;(SB=0xCBBCFE51 )
(       libmtguard.so[0xCBBCB000])[45 F8 36 80 ]0x0000CDFC:	STR.W	R8, [R5, R6, LSL #3]	;(R8=0xFFFFFFFF R5=0xCBC0D094 R6=0x000000B5 )
(       libmtguard.so[0xCBBCB000])[05 EB C6 04 ]0x0000CE00:	ADD.W	R4, R5, R6, LSL #3	;(R5=0xCBC0D094 R6=0x000000B5 )
(       libmtguard.so[0xCBBCB000])[F6 F7 3A FD ]0x0000CE04:	BL	#0XCBBCE87C	;(PC=0xCBBD7E04 )
(       libmtguard.so[0xCBBCB000])[F0 B5       ]0x0000387C:	PUSH	{R4, R5, R6, R7, LR}	;(SP=0x100FFFC0 R4=0xCBC0D63C R5=0xCBC0D094 R6=0x000000B5 R7=0x100FFFE0 LR=0xCBBD7E09 )
(       libmtguard.so[0xCBBCB000])[03 AF       ]0x0000387E:	ADD	R7, SP, #0XC	;(SP=0x100FFFAC )
(       libmtguard.so[0xCBBCB000])[4D F8 04 BD ]0x00003880:	STR	FP, [SP, #-0X4]!	;(FP=0xCBC0B1C4 SP=0x100FFFAC )
(       libmtguard.so[0xCBBCB000])[05 46       ]0x00003884:	MOV	R5, R0	;(R0=0xCBBCFE51 )
(       libmtguard.so[0xCBBCB000])[01 20       ]0x00003886:	MOVS	R0, #1
(       libmtguard.so[0xCBBCB000])[10 21       ]0x00003888:	MOVS	R1, #0X10
(       libmtguard.so[0xCBBCB000])[00 22       ]0x0000388A:	MOVS	R2, #0
(       libmtguard.so[0xCBBCB000])[00 23       ]0x0000388C:	MOVS	R3, #0
(       libmtguard.so[0xCBBCB000])[00 26       ]0x0000388E:	MOVS	R6, #0
(       libmtguard.so[0xCBBCB000])[00 F0 C6 FA ]0x00003890:	BL	#0XCBBCEE20	;(PC=0xCBBCE890 )
(       libmtguard.so[0xCBBCB000])[B0 B5       ]0x00003E20:	PUSH	{R4, R5, R7, LR}	;(SP=0x100FFFA8 R4=0xCBC0D63C R5=0xCBBCFE51 R7=0x100FFFB8 LR=0xCBBCE895 )
(       libmtguard.so[0xCBBCB000])[02 AF       ]0x00003E22:	ADD	R7, SP, #8	;(SP=0x100FFF98 )
(       libmtguard.so[0xCBBCB000])[01 FB 00 F5 ]0x00003E24:	MUL	R5, R1, R0	;(R1=0x00000010 R0=0x00000001 )
(       libmtguard.so[0xCBBCB000])[4D B1       ]0x00003E28:	CBZ	R5, #0XCBBCEE3E	;(R5=0x00000010 )
(       libmtguard.so[0xCBBCB000])[28 46       ]0x00003E2A:	MOV	R0, R5	;(R5=0x00000010 )
(       libmtguard.so[0xCBBCB000])[FE F7 C8 EB ]0x00003E2C:	BLX	#0XCBBCD5C0	;(PC=0xCBBCEE2C )
(       libmtguard.so[0xCBBCB000])[00 C6 8F E2 ]0x000025C0:	ADD	IP, PC, #0, #12	;(PC=0xCBBCD5C0 )
(       libmtguard.so[0xCBBCB000])[3D CA 8C E2 ]0x000025C4:	ADD	IP, IP, #0X3D000	;(IP=0xCBBCD5C8 )
(       libmtguard.so[0xCBBCB000])[04 F9 BC E5 ]0x000025C8:	LDR	PC, [IP, #0X904]!	;(IP=0xCBC0A5C8 )
(       libmtguard.so[0xCBBCB000])[04 46       ]0x00003E30:	MOV	R4, R0	;(R0=0x300473B0 )
(       libmtguard.so[0xCBBCB000])[24 B1       ]0x00003E32:	CBZ	R4, #0XCBBCEE3E	;(R4=0x300473B0 )
(       libmtguard.so[0xCBBCB000])[20 46       ]0x00003E34:	MOV	R0, R4	;(R4=0x300473B0 )
(       libmtguard.so[0xCBBCB000])[29 46       ]0x00003E36:	MOV	R1, R5	;(R5=0x00000010 )
(       libmtguard.so[0xCBBCB000])[FE F7 CE EB ]0x00003E38:	BLX	#0XCBBCD5D8	;(PC=0xCBBCEE38 )
(       libmtguard.so[0xCBBCB000])[00 C6 8F E2 ]0x000025D8:	ADD	IP, PC, #0, #12	;(PC=0xCBBCD5D8 )
(       libmtguard.so[0xCBBCB000])[3D CA 8C E2 ]0x000025DC:	ADD	IP, IP, #0X3D000	;(IP=0xCBBCD5E0 )
(       libmtguard.so[0xCBBCB000])[F4 F8 BC E5 ]0x000025E0:	LDR	PC, [IP, #0X8F4]!	;(IP=0xCBC0A5E0 )
(       libmtguard.so[0xCBBCB000])[00 E0       ]0x00003E3C:	B	#0XCBBCEE40
(       libmtguard.so[0xCBBCB000])[20 46       ]0x00003E40:	MOV	R0, R4	;(R4=0x300473B0 )
(       libmtguard.so[0xCBBCB000])[B0 BD       ]0x00003E42:	POP	{R4, R5, R7, PC}	;(SP=0x100FFF98 )
(       libmtguard.so[0xCBBCB000])[04 46       ]0x00003894:	MOV	R4, R0	;(R0=0x300473B0 )
(       libmtguard.so[0xCBBCB000])[94 B1       ]0x00003896:	CBZ	R4, #0XCBBCE8BE	;(R4=0x300473B0 )
(       libmtguard.so[0xCBBCB000])[0B 20       ]0x00003898:	MOVS	R0, #0XB
(       libmtguard.so[0xCBBCB000])[C4 E9 00 66 ]0x0000389A:	STRD	R6, R6, [R4]	;(R6=0x00000000 R4=0x300473B0 )
(       libmtguard.so[0xCBBCB000])[C4 E9 02 05 ]0x0000389E:	STRD	R0, R5, [R4, #8]	;(R0=0x0000000B R5=0xCBBCFE51 R4=0x300473B0 )
(       libmtguard.so[0xCBBCB000])[04 20       ]0x000038A2:	MOVS	R0, #4
(       libmtguard.so[0xCBBCB000])[0B 21       ]0x000038A4:	MOVS	R1, #0XB
(       libmtguard.so[0xCBBCB000])[00 22       ]0x000038A6:	MOVS	R2, #0
(       libmtguard.so[0xCBBCB000])[00 23       ]0x000038A8:	MOVS	R3, #0
(       libmtguard.so[0xCBBCB000])[00 F0 B9 FA ]0x000038AA:	BL	#0XCBBCEE20	;(PC=0xCBBCE8AA )
(       libmtguard.so[0xCBBCB000])[B0 B5       ]0x00003E20:	PUSH	{R4, R5, R7, LR}	;(SP=0x100FFFA8 R4=0x300473B0 R5=0xCBBCFE51 R7=0x100FFFB8 LR=0xCBBCE8AF )
(       libmtguard.so[0xCBBCB000])[02 AF       ]0x00003E22:	ADD	R7, SP, #8	;(SP=0x100FFF98 )
(       libmtguard.so[0xCBBCB000])[01 FB 00 F5 ]0x00003E24:	MUL	R5, R1, R0	;(R1=0x0000000B R0=0x00000004 )
(       libmtguard.so[0xCBBCB000])[4D B1       ]0x00003E28:	CBZ	R5, #0XCBBCEE3E	;(R5=0x0000002C )
(       libmtguard.so[0xCBBCB000])[28 46       ]0x00003E2A:	MOV	R0, R5	;(R5=0x0000002C )
(       libmtguard.so[0xCBBCB000])[FE F7 C8 EB ]0x00003E2C:	BLX	#0XCBBCD5C0	;(PC=0xCBBCEE2C )
(       libmtguard.so[0xCBBCB000])[00 C6 8F E2 ]0x000025C0:	ADD	IP, PC, #0, #12	;(PC=0xCBBCD5C0 )
(       libmtguard.so[0xCBBCB000])[3D CA 8C E2 ]0x000025C4:	ADD	IP, IP, #0X3D000	;(IP=0xCBBCD5C8 )
(       libmtguard.so[0xCBBCB000])[04 F9 BC E5 ]0x000025C8:	LDR	PC, [IP, #0X904]!	;(IP=0xCBC0A5C8 )
(       libmtguard.so[0xCBBCB000])[04 46       ]0x00003E30:	MOV	R4, R0	;(R0=0x300473C8 )
(       libmtguard.so[0xCBBCB000])[24 B1       ]0x00003E32:	CBZ	R4, #0XCBBCEE3E	;(R4=0x300473C8 )
(       libmtguard.so[0xCBBCB000])[20 46       ]0x00003E34:	MOV	R0, R4	;(R4=0x300473C8 )
(       libmtguard.so[0xCBBCB000])[29 46       ]0x00003E36:	MOV	R1, R5	;(R5=0x0000002C )
(       libmtguard.so[0xCBBCB000])[FE F7 CE EB ]0x00003E38:	BLX	#0XCBBCD5D8	;(PC=0xCBBCEE38 )
(       libmtguard.so[0xCBBCB000])[00 C6 8F E2 ]0x000025D8:	ADD	IP, PC, #0, #12	;(PC=0xCBBCD5D8 )
(       libmtguard.so[0xCBBCB000])[3D CA 8C E2 ]0x000025DC:	ADD	IP, IP, #0X3D000	;(IP=0xCBBCD5E0 )
(       libmtguard.so[0xCBBCB000])[F4 F8 BC E5 ]0x000025E0:	LDR	PC, [IP, #0X8F4]!	;(IP=0xCBC0A5E0 )
(       libmtguard.so[0xCBBCB000])[00 E0       ]0x00003E3C:	B	#0XCBBCEE40
(       libmtguard.so[0xCBBCB000])[20 46       ]0x00003E40:	MOV	R0, R4	;(R4=0x300473C8 )
(       libmtguard.so[0xCBBCB000])[B0 BD       ]0x00003E42:	POP	{R4, R5, R7, PC}	;(SP=0x100FFF98 )
(       libmtguard.so[0xCBBCB000])[00 28       ]0x000038AE:	CMP	R0, #0	;(R0=0x300473C8 )
(       libmtguard.so[0xCBBCB000])[20 60       ]0x000038B0:	STR	R0, [R4]	;(R0=0x300473C8 R4=0x300473B0 )
(       libmtguard.so[0xCBBCB000])[05 D1       ]0x000038B2:	BNE	#0XCBBCE8C0
(       libmtguard.so[0xCBBCB000])[20 46       ]0x000038C0:	MOV	R0, R4	;(R4=0x300473B0 )
(       libmtguard.so[0xCBBCB000])[5D F8 04 BB ]0x000038C2:	LDR	FP, [SP], #4	;(SP=0x100FFFA8 )
(       libmtguard.so[0xCBBCB000])[F0 BD       ]0x000038C6:	POP	{R4, R5, R6, R7, PC}	;(SP=0x100FFFAC )
(       libmtguard.so[0xCBBCB000])[01 36       ]0x0000CE08:	ADDS	R6, #1	;(R6=0x000000B5 )
(       libmtguard.so[0xCBBCB000])[60 60       ]0x0000CE0A:	STR	R0, [R4, #4]	;(R0=0x300473B0 R4=0xCBC0D63C )
(       libmtguard.so[0xCBBCB000])[B6 F5 7C 7F ]0x0000CE0C:	CMP.W	R6, #0X3F0	;(R6=0x000000B6 )
(       libmtguard.so[0xCBBCB000])[F3 D1       ]0x0000CE10:	BNE	#0XCBBD7DFA
(       libmtguard.so[0xCBBCB000])[48 46       ]0x0000CDFA:	MOV	R0, SB	;(SB=0xCBBCFE51 )
(       libmtguard.so[0xCBBCB000])[45 F8 36 80 ]0x0000CDFC:	STR.W	R8, [R5, R6, LSL #3]	;(R8=0xFFFFFFFF R5=0xCBC0D094 R6=0x000000B6 )
(       libmtguard.so[0xCBBCB000])[05 EB C6 04 ]0x0000CE00:	ADD.W	R4, R5, R6, LSL #3	;(R5=0xCBC0D094 R6=0x000000B6 )
(       libmtguard.so[0xCBBCB000])[F6 F7 3A FD ]0x0000CE04:	BL	#0XCBBCE87C	;(PC=0xCBBD7E04 )
(       libmtguard.so[0xCBBCB000])[F0 B5       ]0x0000387C:	PUSH	{R4, R5, R6, R7, LR}	;(SP=0x100FFFC0 R4=0xCBC0D644 R5=0xCBC0D094 R6=0x000000B6 R7=0x100FFFE0 LR=0xCBBD7E09 )
(       libmtguard.so[0xCBBCB000])[03 AF       ]0x0000387E:	ADD	R7, SP, #0XC	;(SP=0x100FFFAC )
(       libmtguard.so[0xCBBCB000])[4D F8 04 BD ]0x00003880:	STR	FP, [SP, #-0X4]!	;(FP=0xCBC0B1C4 SP=0x100FFFAC )
(       libmtguard.so[0xCBBCB000])[05 46       ]0x00003884:	MOV	R5, R0	;(R0=0xCBBCFE51 )
(       libmtguard.so[0xCBBCB000])[01 20       ]0x00003886:	MOVS	R0, #1
(       libmtguard.so[0xCBBCB000])[10 21       ]0x00003888:	MOVS	R1, #0X10
(       libmtguard.so[0xCBBCB000])[00 22       ]0x0000388A:	MOVS	R2, #0
(       libmtguard.so[0xCBBCB000])[00 23       ]0x0000388C:	MOVS	R3, #0
(       libmtguard.so[0xCBBCB000])[00 26       ]0x0000388E:	MOVS	R6, #0
(       libmtguard.so[0xCBBCB000])[00 F0 C6 FA ]0x00003890:	BL	#0XCBBCEE20	;(PC=0xCBBCE890 )
(       libmtguard.so[0xCBBCB000])[B0 B5       ]0x00003E20:	PUSH	{R4, R5, R7, LR}	;(SP=0x100FFFA8 R4=0xCBC0D644 R5=0xCBBCFE51 R7=0x100FFFB8 LR=0xCBBCE895 )
(       libmtguard.so[0xCBBCB000])[02 AF       ]0x00003E22:	ADD	R7, SP, #8	;(SP=0x100FFF98 )
(       libmtguard.so[0xCBBCB000])[01 FB 00 F5 ]0x00003E24:	MUL	R5, R1, R0	;(R1=0x00000010 R0=0x00000001 )
(       libmtguard.so[0xCBBCB000])[4D B1       ]0x00003E28:	CBZ	R5, #0XCBBCEE3E	;(R5=0x00000010 )
(       libmtguard.so[0xCBBCB000])[28 46       ]0x00003E2A:	MOV	R0, R5	;(R5=0x00000010 )
(       libmtguard.so[0xCBBCB000])[FE F7 C8 EB ]0x00003E2C:	BLX	#0XCBBCD5C0	;(PC=0xCBBCEE2C )
(       libmtguard.so[0xCBBCB000])[00 C6 8F E2 ]0x000025C0:	ADD	IP, PC, #0, #12	;(PC=0xCBBCD5C0 )
(       libmtguard.so[0xCBBCB000])[3D CA 8C E2 ]0x000025C4:	ADD	IP, IP, #0X3D000	;(IP=0xCBBCD5C8 )
(       libmtguard.so[0xCBBCB000])[04 F9 BC E5 ]0x000025C8:	LDR	PC, [IP, #0X904]!	;(IP=0xCBC0A5C8 )
(       libmtguard.so[0xCBBCB000])[04 46       ]0x00003E30:	MOV	R4, R0	;(R0=0x300473F8 )
(       libmtguard.so[0xCBBCB000])[24 B1       ]0x00003E32:	CBZ	R4, #0XCBBCEE3E	;(R4=0x300473F8 )
(       libmtguard.so[0xCBBCB000])[20 46       ]0x00003E34:	MOV	R0, R4	;(R4=0x300473F8 )
(       libmtguard.so[0xCBBCB000])[29 46       ]0x00003E36:	MOV	R1, R5	;(R5=0x00000010 )
(       libmtguard.so[0xCBBCB000])[FE F7 CE EB ]0x00003E38:	BLX	#0XCBBCD5D8	;(PC=0xCBBCEE38 )
(       libmtguard.so[0xCBBCB000])[00 C6 8F E2 ]0x000025D8:	ADD	IP, PC, #0, #12	;(PC=0xCBBCD5D8 )
(       libmtguard.so[0xCBBCB000])[3D CA 8C E2 ]0x000025DC:	ADD	IP, IP, #0X3D000	;(IP=0xCBBCD5E0 )
(       libmtguard.so[0xCBBCB000])[F4 F8 BC E5 ]0x000025E0:	LDR	PC, [IP, #0X8F4]!	;(IP=0xCBC0A5E0 )
(       libmtguard.so[0xCBBCB000])[00 E0       ]0x00003E3C:	B	#0XCBBCEE40
(       libmtguard.so[0xCBBCB000])[20 46       ]0x00003E40:	MOV	R0, R4	;(R4=0x300473F8 )
(       libmtguard.so[0xCBBCB000])[B0 BD       ]0x00003E42:	POP	{R4, R5, R7, PC}	;(SP=0x100FFF98 )
(       libmtguard.so[0xCBBCB000])[04 46       ]0x00003894:	MOV	R4, R0	;(R0=0x300473F8 )
(       libmtguard.so[0xCBBCB000])[94 B1       ]0x00003896:	CBZ	R4, #0XCBBCE8BE	;(R4=0x300473F8 )
(       libmtguard.so[0xCBBCB000])[0B 20       ]0x00003898:	MOVS	R0, #0XB
(       libmtguard.so[0xCBBCB000])[C4 E9 00 66 ]0x0000389A:	STRD	R6, R6, [R4]	;(R6=0x00000000 R4=0x300473F8 )
(       libmtguard.so[0xCBBCB000])[C4 E9 02 05 ]0x0000389E:	STRD	R0, R5, [R4, #8]	;(R0=0x0000000B R5=0xCBBCFE51 R4=0x300473F8 )
(       libmtguard.so[0xCBBCB000])[04 20       ]0x000038A2:	MOVS	R0, #4
(       libmtguard.so[0xCBBCB000])[0B 21       ]0x000038A4:	MOVS	R1, #0XB
(       libmtguard.so[0xCBBCB000])[00 22       ]0x000038A6:	MOVS	R2, #0
(       libmtguard.so[0xCBBCB000])[00 23       ]0x000038A8:	MOVS	R3, #0
(       libmtguard.so[0xCBBCB000])[00 F0 B9 FA ]0x000038AA:	BL	#0XCBBCEE20	;(PC=0xCBBCE8AA )
(       libmtguard.so[0xCBBCB000])[B0 B5       ]0x00003E20:	PUSH	{R4, R5, R7, LR}	;(SP=0x100FFFA8 R4=0x300473F8 R5=0xCBBCFE51 R7=0x100FFFB8 LR=0xCBBCE8AF )
(       libmtguard.so[0xCBBCB000])[02 AF       ]0x00003E22:	ADD	R7, SP, #8	;(SP=0x100FFF98 )
(       libmtguard.so[0xCBBCB000])[01 FB 00 F5 ]0x00003E24:	MUL	R5, R1, R0	;(R1=0x0000000B R0=0x00000004 )
(       libmtguard.so[0xCBBCB000])[4D B1       ]0x00003E28:	CBZ	R5, #0XCBBCEE3E	;(R5=0x0000002C )
(       libmtguard.so[0xCBBCB000])[28 46       ]0x00003E2A:	MOV	R0, R5	;(R5=0x0000002C )
(       libmtguard.so[0xCBBCB000])[FE F7 C8 EB ]0x00003E2C:	BLX	#0XCBBCD5C0	;(PC=0xCBBCEE2C )
(       libmtguard.so[0xCBBCB000])[00 C6 8F E2 ]0x000025C0:	ADD	IP, PC, #0, #12	;(PC=0xCBBCD5C0 )
(       libmtguard.so[0xCBBCB000])[3D CA 8C E2 ]0x000025C4:	ADD	IP, IP, #0X3D000	;(IP=0xCBBCD5C8 )
(       libmtguard.so[0xCBBCB000])[04 F9 BC E5 ]0x000025C8:	LDR	PC, [IP, #0X904]!	;(IP=0xCBC0A5C8 )
(       libmtguard.so[0xCBBCB000])[04 46       ]0x00003E30:	MOV	R4, R0	;(R0=0x30047410 )
(       libmtguard.so[0xCBBCB000])[24 B1       ]0x00003E32:	CBZ	R4, #0XCBBCEE3E	;(R4=0x30047410 )
(       libmtguard.so[0xCBBCB000])[20 46       ]0x00003E34:	MOV	R0, R4	;(R4=0x30047410 )
(       libmtguard.so[0xCBBCB000])[29 46       ]0x00003E36:	MOV	R1, R5	;(R5=0x0000002C )
(       libmtguard.so[0xCBBCB000])[FE F7 CE EB ]0x00003E38:	BLX	#0XCBBCD5D8	;(PC=0xCBBCEE38 )
(       libmtguard.so[0xCBBCB000])[00 C6 8F E2 ]0x000025D8:	ADD	IP, PC, #0, #12	;(PC=0xCBBCD5D8 )
(       libmtguard.so[0xCBBCB000])[3D CA 8C E2 ]0x000025DC:	ADD	IP, IP, #0X3D000	;(IP=0xCBBCD5E0 )
(       libmtguard.so[0xCBBCB000])[F4 F8 BC E5 ]0x000025E0:	LDR	PC, [IP, #0X8F4]!	;(IP=0xCBC0A5E0 )
(       libmtguard.so[0xCBBCB000])[00 E0       ]0x00003E3C:	B	#0XCBBCEE40
(       libmtguard.so[0xCBBCB000])[20 46       ]0x00003E40:	MOV	R0, R4	;(R4=0x30047410 )
(       libmtguard.so[0xCBBCB000])[B0 BD       ]0x00003E42:	POP	{R4, R5, R7, PC}	;(SP=0x100FFF98 )
(       libmtguard.so[0xCBBCB000])[00 28       ]0x000038AE:	CMP	R0, #0	;(R0=0x30047410 )
(       libmtguard.so[0xCBBCB000])[20 60       ]0x000038B0:	STR	R0, [R4]	;(R0=0x30047410 R4=0x300473F8 )
(       libmtguard.so[0xCBBCB000])[05 D1       ]0x000038B2:	BNE	#0XCBBCE8C0
(       libmtguard.so[0xCBBCB000])[20 46       ]0x000038C0:	MOV	R0, R4	;(R4=0x300473F8 )
(       libmtguard.so[0xCBBCB000])[5D F8 04 BB ]0x000038C2:	LDR	FP, [SP], #4	;(SP=0x100FFFA8 )
(       libmtguard.so[0xCBBCB000])[F0 BD       ]0x000038C6:	POP	{R4, R5, R6, R7, PC}	;(SP=0x100FFFAC )
(       libmtguard.so[0xCBBCB000])[01 36       ]0x0000CE08:	ADDS	R6, #1	;(R6=0x000000B6 )
(       libmtguard.so[0xCBBCB000])[60 60       ]0x0000CE0A:	STR	R0, [R4, #4]	;(R0=0x300473F8 R4=0xCBC0D644 )
(       libmtguard.so[0xCBBCB000])[B6 F5 7C 7F ]0x0000CE0C:	CMP.W	R6, #0X3F0	;(R6=0x000000B7 )
(       libmtguard.so[0xCBBCB000])[F3 D1       ]0x0000CE10:	BNE	#0XCBBD7DFA
(       libmtguard.so[0xCBBCB000])[48 46       ]0x0000CDFA:	MOV	R0, SB	;(SB=0xCBBCFE51 )
(       libmtguard.so[0xCBBCB000])[45 F8 36 80 ]0x0000CDFC:	STR.W	R8, [R5, R6, LSL #3]	;(R8=0xFFFFFFFF R5=0xCBC0D094 R6=0x000000B7 )
(       libmtguard.so[0xCBBCB000])[05 EB C6 04 ]0x0000CE00:	ADD.W	R4, R5, R6, LSL #3	;(R5=0xCBC0D094 R6=0x000000B7 )
(       libmtguard.so[0xCBBCB000])[F6 F7 3A FD ]0x0000CE04:	BL	#0XCBBCE87C	;(PC=0xCBBD7E04 )
(       libmtguard.so[0xCBBCB000])[F0 B5       ]0x0000387C:	PUSH	{R4, R5, R6, R7, LR}	;(SP=0x100FFFC0 R4=0xCBC0D64C R5=0xCBC0D094 R6=0x000000B7 R7=0x100FFFE0 LR=0xCBBD7E09 )
(       libmtguard.so[0xCBBCB000])[03 AF       ]0x0000387E:	ADD	R7, SP, #0XC	;(SP=0x100FFFAC )
(       libmtguard.so[0xCBBCB000])[4D F8 04 BD ]0x00003880:	STR	FP, [SP, #-0X4]!	;(FP=0xCBC0B1C4 SP=0x100FFFAC )
(       libmtguard.so[0xCBBCB000])[05 46       ]0x00003884:	MOV	R5, R0	;(R0=0xCBBCFE51 )
(       libmtguard.so[0xCBBCB000])[01 20       ]0x00003886:	MOVS	R0, #1
(       libmtguard.so[0xCBBCB000])[10 21       ]0x00003888:	MOVS	R1, #0X10
(       libmtguard.so[0xCBBCB000])[00 22       ]0x0000388A:	MOVS	R2, #0
(       libmtguard.so[0xCBBCB000])[00 23       ]0x0000388C:	MOVS	R3, #0
(       libmtguard.so[0xCBBCB000])[00 26       ]0x0000388E:	MOVS	R6, #0
(       libmtguard.so[0xCBBCB000])[00 F0 C6 FA ]0x00003890:	BL	#0XCBBCEE20	;(PC=0xCBBCE890 )
(       libmtguard.so[0xCBBCB000])[B0 B5       ]0x00003E20:	PUSH	{R4, R5, R7, LR}	;(SP=0x100FFFA8 R4=0xCBC0D64C R5=0xCBBCFE51 R7=0x100FFFB8 LR=0xCBBCE895 )
(       libmtguard.so[0xCBBCB000])[02 AF       ]0x00003E22:	ADD	R7, SP, #8	;(SP=0x100FFF98 )
(       libmtguard.so[0xCBBCB000])[01 FB 00 F5 ]0x00003E24:	MUL	R5, R1, R0	;(R1=0x00000010 R0=0x00000001 )
(       libmtguard.so[0xCBBCB000])[4D B1       ]0x00003E28:	CBZ	R5, #0XCBBCEE3E	;(R5=0x00000010 )
(       libmtguard.so[0xCBBCB000])[28 46       ]0x00003E2A:	MOV	R0, R5	;(R5=0x00000010 )
(       libmtguard.so[0xCBBCB000])[FE F7 C8 EB ]0x00003E2C:	BLX	#0XCBBCD5C0	;(PC=0xCBBCEE2C )
(       libmtguard.so[0xCBBCB000])[00 C6 8F E2 ]0x000025C0:	ADD	IP, PC, #0, #12	;(PC=0xCBBCD5C0 )
(       libmtguard.so[0xCBBCB000])[3D CA 8C E2 ]0x000025C4:	ADD	IP, IP, #0X3D000	;(IP=0xCBBCD5C8 )
(       libmtguard.so[0xCBBCB000])[04 F9 BC E5 ]0x000025C8:	LDR	PC, [IP, #0X904]!	;(IP=0xCBC0A5C8 )
(       libmtguard.so[0xCBBCB000])[04 46       ]0x00003E30:	MOV	R4, R0	;(R0=0x30047440 )
(       libmtguard.so[0xCBBCB000])[24 B1       ]0x00003E32:	CBZ	R4, #0XCBBCEE3E	;(R4=0x30047440 )
(       libmtguard.so[0xCBBCB000])[20 46       ]0x00003E34:	MOV	R0, R4	;(R4=0x30047440 )
(       libmtguard.so[0xCBBCB000])[29 46       ]0x00003E36:	MOV	R1, R5	;(R5=0x00000010 )
(       libmtguard.so[0xCBBCB000])[FE F7 CE EB ]0x00003E38:	BLX	#0XCBBCD5D8	;(PC=0xCBBCEE38 )
(       libmtguard.so[0xCBBCB000])[00 C6 8F E2 ]0x000025D8:	ADD	IP, PC, #0, #12	;(PC=0xCBBCD5D8 )
(       libmtguard.so[0xCBBCB000])[3D CA 8C E2 ]0x000025DC:	ADD	IP, IP, #0X3D000	;(IP=0xCBBCD5E0 )
(       libmtguard.so[0xCBBCB000])[F4 F8 BC E5 ]0x000025E0:	LDR	PC, [IP, #0X8F4]!	;(IP=0xCBC0A5E0 )
(       libmtguard.so[0xCBBCB000])[00 E0       ]0x00003E3C:	B	#0XCBBCEE40
(       libmtguard.so[0xCBBCB000])[20 46       ]0x00003E40:	MOV	R0, R4	;(R4=0x30047440 )
(       libmtguard.so[0xCBBCB000])[B0 BD       ]0x00003E42:	POP	{R4, R5, R7, PC}	;(SP=0x100FFF98 )
(       libmtguard.so[0xCBBCB000])[04 46       ]0x00003894:	MOV	R4, R0	;(R0=0x30047440 )
(       libmtguard.so[0xCBBCB000])[94 B1       ]0x00003896:	CBZ	R4, #0XCBBCE8BE	;(R4=0x30047440 )
(       libmtguard.so[0xCBBCB000])[0B 20       ]0x00003898:	MOVS	R0, #0XB
(       libmtguard.so[0xCBBCB000])[C4 E9 00 66 ]0x0000389A:	STRD	R6, R6, [R4]	;(R6=0x00000000 R4=0x30047440 )
(       libmtguard.so[0xCBBCB000])[C4 E9 02 05 ]0x0000389E:	STRD	R0, R5, [R4, #8]	;(R0=0x0000000B R5=0xCBBCFE51 R4=0x30047440 )
(       libmtguard.so[0xCBBCB000])[04 20       ]0x000038A2:	MOVS	R0, #4
(       libmtguard.so[0xCBBCB000])[0B 21       ]0x000038A4:	MOVS	R1, #0XB
(       libmtguard.so[0xCBBCB000])[00 22       ]0x000038A6:	MOVS	R2, #0
(       libmtguard.so[0xCBBCB000])[00 23       ]0x000038A8:	MOVS	R3, #0
(       libmtguard.so[0xCBBCB000])[00 F0 B9 FA ]0x000038AA:	BL	#0XCBBCEE20	;(PC=0xCBBCE8AA )
(       libmtguard.so[0xCBBCB000])[B0 B5       ]0x00003E20:	PUSH	{R4, R5, R7, LR}	;(SP=0x100FFFA8 R4=0x30047440 R5=0xCBBCFE51 R7=0x100FFFB8 LR=0xCBBCE8AF )
(       libmtguard.so[0xCBBCB000])[02 AF       ]0x00003E22:	ADD	R7, SP, #8	;(SP=0x100FFF98 )
(       libmtguard.so[0xCBBCB000])[01 FB 00 F5 ]0x00003E24:	MUL	R5, R1, R0	;(R1=0x0000000B R0=0x00000004 )
(       libmtguard.so[0xCBBCB000])[4D B1       ]0x00003E28:	CBZ	R5, #0XCBBCEE3E	;(R5=0x0000002C )
(       libmtguard.so[0xCBBCB000])[28 46       ]0x00003E2A:	MOV	R0, R5	;(R5=0x0000002C )
(       libmtguard.so[0xCBBCB000])[FE F7 C8 EB ]0x00003E2C:	BLX	#0XCBBCD5C0	;(PC=0xCBBCEE2C )
(       libmtguard.so[0xCBBCB000])[00 C6 8F E2 ]0x000025C0:	ADD	IP, PC, #0, #12	;(PC=0xCBBCD5C0 )
(       libmtguard.so[0xCBBCB000])[3D CA 8C E2 ]0x000025C4:	ADD	IP, IP, #0X3D000	;(IP=0xCBBCD5C8 )
(       libmtguard.so[0xCBBCB000])[04 F9 BC E5 ]0x000025C8:	LDR	PC, [IP, #0X904]!	;(IP=0xCBC0A5C8 )
(       libmtguard.so[0xCBBCB000])[04 46       ]0x00003E30:	MOV	R4, R0	;(R0=0x30047458 )
(       libmtguard.so[0xCBBCB000])[24 B1       ]0x00003E32:	CBZ	R4, #0XCBBCEE3E	;(R4=0x30047458 )
(       libmtguard.so[0xCBBCB000])[20 46       ]0x00003E34:	MOV	R0, R4	;(R4=0x30047458 )
(       libmtguard.so[0xCBBCB000])[29 46       ]0x00003E36:	MOV	R1, R5	;(R5=0x0000002C )
(       libmtguard.so[0xCBBCB000])[FE F7 CE EB ]0x00003E38:	BLX	#0XCBBCD5D8	;(PC=0xCBBCEE38 )
(       libmtguard.so[0xCBBCB000])[00 C6 8F E2 ]0x000025D8:	ADD	IP, PC, #0, #12	;(PC=0xCBBCD5D8 )
(       libmtguard.so[0xCBBCB000])[3D CA 8C E2 ]0x000025DC:	ADD	IP, IP, #0X3D000	;(IP=0xCBBCD5E0 )
(       libmtguard.so[0xCBBCB000])[F4 F8 BC E5 ]0x000025E0:	LDR	PC, [IP, #0X8F4]!	;(IP=0xCBC0A5E0 )
(       libmtguard.so[0xCBBCB000])[00 E0       ]0x00003E3C:	B	#0XCBBCEE40
(       libmtguard.so[0xCBBCB000])[20 46       ]0x00003E40:	MOV	R0, R4	;(R4=0x30047458 )
(       libmtguard.so[0xCBBCB000])[B0 BD       ]0x00003E42:	POP	{R4, R5, R7, PC}	;(SP=0x100FFF98 )
(       libmtguard.so[0xCBBCB000])[00 28       ]0x000038AE:	CMP	R0, #0	;(R0=0x30047458 )
(       libmtguard.so[0xCBBCB000])[20 60       ]0x000038B0:	STR	R0, [R4]	;(R0=0x30047458 R4=0x30047440 )
(       libmtguard.so[0xCBBCB000])[05 D1       ]0x000038B2:	BNE	#0XCBBCE8C0
(       libmtguard.so[0xCBBCB000])[20 46       ]0x000038C0:	MOV	R0, R4	;(R4=0x30047440 )
(       libmtguard.so[0xCBBCB000])[5D F8 04 BB ]0x000038C2:	LDR	FP, [SP], #4	;(SP=0x100FFFA8 )
(       libmtguard.so[0xCBBCB000])[F0 BD       ]0x000038C6:	POP	{R4, R5, R6, R7, PC}	;(SP=0x100FFFAC )
(       libmtguard.so[0xCBBCB000])[01 36       ]0x0000CE08:	ADDS	R6, #1	;(R6=0x000000B7 )
(       libmtguard.so[0xCBBCB000])[60 60       ]0x0000CE0A:	STR	R0, [R4, #4]	;(R0=0x30047440 R4=0xCBC0D64C )
(       libmtguard.so[0xCBBCB000])[B6 F5 7C 7F ]0x0000CE0C:	CMP.W	R6, #0X3F0	;(R6=0x000000B8 )
(       libmtguard.so[0xCBBCB000])[F3 D1       ]0x0000CE10:	BNE	#0XCBBD7DFA
(       libmtguard.so[0xCBBCB000])[48 46       ]0x0000CDFA:	MOV	R0, SB	;(SB=0xCBBCFE51 )
(       libmtguard.so[0xCBBCB000])[45 F8 36 80 ]0x0000CDFC:	STR.W	R8, [R5, R6, LSL #3]	;(R8=0xFFFFFFFF R5=0xCBC0D094 R6=0x000000B8 )
(       libmtguard.so[0xCBBCB000])[05 EB C6 04 ]0x0000CE00:	ADD.W	R4, R5, R6, LSL #3	;(R5=0xCBC0D094 R6=0x000000B8 )
(       libmtguard.so[0xCBBCB000])[F6 F7 3A FD ]0x0000CE04:	BL	#0XCBBCE87C	;(PC=0xCBBD7E04 )
(       libmtguard.so[0xCBBCB000])[F0 B5       ]0x0000387C:	PUSH	{R4, R5, R6, R7, LR}	;(SP=0x100FFFC0 R4=0xCBC0D654 R5=0xCBC0D094 R6=0x000000B8 R7=0x100FFFE0 LR=0xCBBD7E09 )
(       libmtguard.so[0xCBBCB000])[03 AF       ]0x0000387E:	ADD	R7, SP, #0XC	;(SP=0x100FFFAC )
(       libmtguard.so[0xCBBCB000])[4D F8 04 BD ]0x00003880:	STR	FP, [SP, #-0X4]!	;(FP=0xCBC0B1C4 SP=0x100FFFAC )
(       libmtguard.so[0xCBBCB000])[05 46       ]0x00003884:	MOV	R5, R0	;(R0=0xCBBCFE51 )
(       libmtguard.so[0xCBBCB000])[01 20       ]0x00003886:	MOVS	R0, #1
(       libmtguard.so[0xCBBCB000])[10 21       ]0x00003888:	MOVS	R1, #0X10
(       libmtguard.so[0xCBBCB000])[00 22       ]0x0000388A:	MOVS	R2, #0
(       libmtguard.so[0xCBBCB000])[00 23       ]0x0000388C:	MOVS	R3, #0
(       libmtguard.so[0xCBBCB000])[00 26       ]0x0000388E:	MOVS	R6, #0
(       libmtguard.so[0xCBBCB000])[00 F0 C6 FA ]0x00003890:	BL	#0XCBBCEE20	;(PC=0xCBBCE890 )
(       libmtguard.so[0xCBBCB000])[B0 B5       ]0x00003E20:	PUSH	{R4, R5, R7, LR}	;(SP=0x100FFFA8 R4=0xCBC0D654 R5=0xCBBCFE51 R7=0x100FFFB8 LR=0xCBBCE895 )
(       libmtguard.so[0xCBBCB000])[02 AF       ]0x00003E22:	ADD	R7, SP, #8	;(SP=0x100FFF98 )
(       libmtguard.so[0xCBBCB000])[01 FB 00 F5 ]0x00003E24:	MUL	R5, R1, R0	;(R1=0x00000010 R0=0x00000001 )
(       libmtguard.so[0xCBBCB000])[4D B1       ]0x00003E28:	CBZ	R5, #0XCBBCEE3E	;(R5=0x00000010 )
(       libmtguard.so[0xCBBCB000])[28 46       ]0x00003E2A:	MOV	R0, R5	;(R5=0x00000010 )
(       libmtguard.so[0xCBBCB000])[FE F7 C8 EB ]0x00003E2C:	BLX	#0XCBBCD5C0	;(PC=0xCBBCEE2C )
(       libmtguard.so[0xCBBCB000])[00 C6 8F E2 ]0x000025C0:	ADD	IP, PC, #0, #12	;(PC=0xCBBCD5C0 )
(       libmtguard.so[0xCBBCB000])[3D CA 8C E2 ]0x000025C4:	ADD	IP, IP, #0X3D000	;(IP=0xCBBCD5C8 )
(       libmtguard.so[0xCBBCB000])[04 F9 BC E5 ]0x000025C8:	LDR	PC, [IP, #0X904]!	;(IP=0xCBC0A5C8 )
(       libmtguard.so[0xCBBCB000])[04 46       ]0x00003E30:	MOV	R4, R0	;(R0=0x30047488 )
(       libmtguard.so[0xCBBCB000])[24 B1       ]0x00003E32:	CBZ	R4, #0XCBBCEE3E	;(R4=0x30047488 )
(       libmtguard.so[0xCBBCB000])[20 46       ]0x00003E34:	MOV	R0, R4	;(R4=0x30047488 )
(       libmtguard.so[0xCBBCB000])[29 46       ]0x00003E36:	MOV	R1, R5	;(R5=0x00000010 )
(       libmtguard.so[0xCBBCB000])[FE F7 CE EB ]0x00003E38:	BLX	#0XCBBCD5D8	;(PC=0xCBBCEE38 )
(       libmtguard.so[0xCBBCB000])[00 C6 8F E2 ]0x000025D8:	ADD	IP, PC, #0, #12	;(PC=0xCBBCD5D8 )
(       libmtguard.so[0xCBBCB000])[3D CA 8C E2 ]0x000025DC:	ADD	IP, IP, #0X3D000	;(IP=0xCBBCD5E0 )
(       libmtguard.so[0xCBBCB000])[F4 F8 BC E5 ]0x000025E0:	LDR	PC, [IP, #0X8F4]!	;(IP=0xCBC0A5E0 )
(       libmtguard.so[0xCBBCB000])[00 E0       ]0x00003E3C:	B	#0XCBBCEE40
(       libmtguard.so[0xCBBCB000])[20 46       ]0x00003E40:	MOV	R0, R4	;(R4=0x30047488 )
(       libmtguard.so[0xCBBCB000])[B0 BD       ]0x00003E42:	POP	{R4, R5, R7, PC}	;(SP=0x100FFF98 )
(       libmtguard.so[0xCBBCB000])[04 46       ]0x00003894:	MOV	R4, R0	;(R0=0x30047488 )
(       libmtguard.so[0xCBBCB000])[94 B1       ]0x00003896:	CBZ	R4, #0XCBBCE8BE	;(R4=0x30047488 )
(       libmtguard.so[0xCBBCB000])[0B 20       ]0x00003898:	MOVS	R0, #0XB
(       libmtguard.so[0xCBBCB000])[C4 E9 00 66 ]0x0000389A:	STRD	R6, R6, [R4]	;(R6=0x00000000 R4=0x30047488 )
(       libmtguard.so[0xCBBCB000])[C4 E9 02 05 ]0x0000389E:	STRD	R0, R5, [R4, #8]	;(R0=0x0000000B R5=0xCBBCFE51 R4=0x30047488 )
(       libmtguard.so[0xCBBCB000])[04 20       ]0x000038A2:	MOVS	R0, #4
(       libmtguard.so[0xCBBCB000])[0B 21       ]0x000038A4:	MOVS	R1, #0XB
(       libmtguard.so[0xCBBCB000])[00 22       ]0x000038A6:	MOVS	R2, #0
(       libmtguard.so[0xCBBCB000])[00 23       ]0x000038A8:	MOVS	R3, #0
(       libmtguard.so[0xCBBCB000])[00 F0 B9 FA ]0x000038AA:	BL	#0XCBBCEE20	;(PC=0xCBBCE8AA )
(       libmtguard.so[0xCBBCB000])[B0 B5       ]0x00003E20:	PUSH	{R4, R5, R7, LR}	;(SP=0x100FFFA8 R4=0x30047488 R5=0xCBBCFE51 R7=0x100FFFB8 LR=0xCBBCE8AF )
(       libmtguard.so[0xCBBCB000])[02 AF       ]0x00003E22:	ADD	R7, SP, #8	;(SP=0x100FFF98 )
(       libmtguard.so[0xCBBCB000])[01 FB 00 F5 ]0x00003E24:	MUL	R5, R1, R0	;(R1=0x0000000B R0=0x00000004 )
(       libmtguard.so[0xCBBCB000])[4D B1       ]0x00003E28:	CBZ	R5, #0XCBBCEE3E	;(R5=0x0000002C )
(       libmtguard.so[0xCBBCB000])[28 46       ]0x00003E2A:	MOV	R0, R5	;(R5=0x0000002C )
(       libmtguard.so[0xCBBCB000])[FE F7 C8 EB ]0x00003E2C:	BLX	#0XCBBCD5C0	;(PC=0xCBBCEE2C )
(       libmtguard.so[0xCBBCB000])[00 C6 8F E2 ]0x000025C0:	ADD	IP, PC, #0, #12	;(PC=0xCBBCD5C0 )
(       libmtguard.so[0xCBBCB000])[3D CA 8C E2 ]0x000025C4:	ADD	IP, IP, #0X3D000	;(IP=0xCBBCD5C8 )
(       libmtguard.so[0xCBBCB000])[04 F9 BC E5 ]0x000025C8:	LDR	PC, [IP, #0X904]!	;(IP=0xCBC0A5C8 )
(       libmtguard.so[0xCBBCB000])[04 46       ]0x00003E30:	MOV	R4, R0	;(R0=0x300474A0 )
(       libmtguard.so[0xCBBCB000])[24 B1       ]0x00003E32:	CBZ	R4, #0XCBBCEE3E	;(R4=0x300474A0 )
(       libmtguard.so[0xCBBCB000])[20 46       ]0x00003E34:	MOV	R0, R4	;(R4=0x300474A0 )
(       libmtguard.so[0xCBBCB000])[29 46       ]0x00003E36:	MOV	R1, R5	;(R5=0x0000002C )
(       libmtguard.so[0xCBBCB000])[FE F7 CE EB ]0x00003E38:	BLX	#0XCBBCD5D8	;(PC=0xCBBCEE38 )
(       libmtguard.so[0xCBBCB000])[00 C6 8F E2 ]0x000025D8:	ADD	IP, PC, #0, #12	;(PC=0xCBBCD5D8 )
(       libmtguard.so[0xCBBCB000])[3D CA 8C E2 ]0x000025DC:	ADD	IP, IP, #0X3D000	;(IP=0xCBBCD5E0 )
(       libmtguard.so[0xCBBCB000])[F4 F8 BC E5 ]0x000025E0:	LDR	PC, [IP, #0X8F4]!	;(IP=0xCBC0A5E0 )
(       libmtguard.so[0xCBBCB000])[00 E0       ]0x00003E3C:	B	#0XCBBCEE40
(       libmtguard.so[0xCBBCB000])[20 46       ]0x00003E40:	MOV	R0, R4	;(R4=0x300474A0 )
(       libmtguard.so[0xCBBCB000])[B0 BD       ]0x00003E42:	POP	{R4, R5, R7, PC}	;(SP=0x100FFF98 )
(       libmtguard.so[0xCBBCB000])[00 28       ]0x000038AE:	CMP	R0, #0	;(R0=0x300474A0 )
(       libmtguard.so[0xCBBCB000])[20 60       ]0x000038B0:	STR	R0, [R4]	;(R0=0x300474A0 R4=0x30047488 )
(       libmtguard.so[0xCBBCB000])[05 D1       ]0x000038B2:	BNE	#0XCBBCE8C0
(       libmtguard.so[0xCBBCB000])[20 46       ]0x000038C0:	MOV	R0, R4	;(R4=0x30047488 )
(       libmtguard.so[0xCBBCB000])[5D F8 04 BB ]0x000038C2:	LDR	FP, [SP], #4	;(SP=0x100FFFA8 )
(       libmtguard.so[0xCBBCB000])[F0 BD       ]0x000038C6:	POP	{R4, R5, R6, R7, PC}	;(SP=0x100FFFAC )
(       libmtguard.so[0xCBBCB000])[01 36       ]0x0000CE08:	ADDS	R6, #1	;(R6=0x000000B8 )
(       libmtguard.so[0xCBBCB000])[60 60       ]0x0000CE0A:	STR	R0, [R4, #4]	;(R0=0x30047488 R4=0xCBC0D654 )
(       libmtguard.so[0xCBBCB000])[B6 F5 7C 7F ]0x0000CE0C:	CMP.W	R6, #0X3F0	;(R6=0x000000B9 )
(       libmtguard.so[0xCBBCB000])[F3 D1       ]0x0000CE10:	BNE	#0XCBBD7DFA
(       libmtguard.so[0xCBBCB000])[48 46       ]0x0000CDFA:	MOV	R0, SB	;(SB=0xCBBCFE51 )
(       libmtguard.so[0xCBBCB000])[45 F8 36 80 ]0x0000CDFC:	STR.W	R8, [R5, R6, LSL #3]	;(R8=0xFFFFFFFF R5=0xCBC0D094 R6=0x000000B9 )
(       libmtguard.so[0xCBBCB000])[05 EB C6 04 ]0x0000CE00:	ADD.W	R4, R5, R6, LSL #3	;(R5=0xCBC0D094 R6=0x000000B9 )
(       libmtguard.so[0xCBBCB000])[F6 F7 3A FD ]0x0000CE04:	BL	#0XCBBCE87C	;(PC=0xCBBD7E04 )
(       libmtguard.so[0xCBBCB000])[F0 B5       ]0x0000387C:	PUSH	{R4, R5, R6, R7, LR}	;(SP=0x100FFFC0 R4=0xCBC0D65C R5=0xCBC0D094 R6=0x000000B9 R7=0x100FFFE0 LR=0xCBBD7E09 )
(       libmtguard.so[0xCBBCB000])[03 AF       ]0x0000387E:	ADD	R7, SP, #0XC	;(SP=0x100FFFAC )
(       libmtguard.so[0xCBBCB000])[4D F8 04 BD ]0x00003880:	STR	FP, [SP, #-0X4]!	;(FP=0xCBC0B1C4 SP=0x100FFFAC )
(       libmtguard.so[0xCBBCB000])[05 46       ]0x00003884:	MOV	R5, R0	;(R0=0xCBBCFE51 )
(       libmtguard.so[0xCBBCB000])[01 20       ]0x00003886:	MOVS	R0, #1
(       libmtguard.so[0xCBBCB000])[10 21       ]0x00003888:	MOVS	R1, #0X10
(       libmtguard.so[0xCBBCB000])[00 22       ]0x0000388A:	MOVS	R2, #0
(       libmtguard.so[0xCBBCB000])[00 23       ]0x0000388C:	MOVS	R3, #0
(       libmtguard.so[0xCBBCB000])[00 26       ]0x0000388E:	MOVS	R6, #0
(       libmtguard.so[0xCBBCB000])[00 F0 C6 FA ]0x00003890:	BL	#0XCBBCEE20	;(PC=0xCBBCE890 )
(       libmtguard.so[0xCBBCB000])[B0 B5       ]0x00003E20:	PUSH	{R4, R5, R7, LR}	;(SP=0x100FFFA8 R4=0xCBC0D65C R5=0xCBBCFE51 R7=0x100FFFB8 LR=0xCBBCE895 )
(       libmtguard.so[0xCBBCB000])[02 AF       ]0x00003E22:	ADD	R7, SP, #8	;(SP=0x100FFF98 )
(       libmtguard.so[0xCBBCB000])[01 FB 00 F5 ]0x00003E24:	MUL	R5, R1, R0	;(R1=0x00000010 R0=0x00000001 )
(       libmtguard.so[0xCBBCB000])[4D B1       ]0x00003E28:	CBZ	R5, #0XCBBCEE3E	;(R5=0x00000010 )
(       libmtguard.so[0xCBBCB000])[28 46       ]0x00003E2A:	MOV	R0, R5	;(R5=0x00000010 )
(       libmtguard.so[0xCBBCB000])[FE F7 C8 EB ]0x00003E2C:	BLX	#0XCBBCD5C0	;(PC=0xCBBCEE2C )
(       libmtguard.so[0xCBBCB000])[00 C6 8F E2 ]0x000025C0:	ADD	IP, PC, #0, #12	;(PC=0xCBBCD5C0 )
(       libmtguard.so[0xCBBCB000])[3D CA 8C E2 ]0x000025C4:	ADD	IP, IP, #0X3D000	;(IP=0xCBBCD5C8 )
(       libmtguard.so[0xCBBCB000])[04 F9 BC E5 ]0x000025C8:	LDR	PC, [IP, #0X904]!	;(IP=0xCBC0A5C8 )
(       libmtguard.so[0xCBBCB000])[04 46       ]0x00003E30:	MOV	R4, R0	;(R0=0x300474D0 )
(       libmtguard.so[0xCBBCB000])[24 B1       ]0x00003E32:	CBZ	R4, #0XCBBCEE3E	;(R4=0x300474D0 )
(       libmtguard.so[0xCBBCB000])[20 46       ]0x00003E34:	MOV	R0, R4	;(R4=0x300474D0 )
(       libmtguard.so[0xCBBCB000])[29 46       ]0x00003E36:	MOV	R1, R5	;(R5=0x00000010 )
(       libmtguard.so[0xCBBCB000])[FE F7 CE EB ]0x00003E38:	BLX	#0XCBBCD5D8	;(PC=0xCBBCEE38 )
(       libmtguard.so[0xCBBCB000])[00 C6 8F E2 ]0x000025D8:	ADD	IP, PC, #0, #12	;(PC=0xCBBCD5D8 )
(       libmtguard.so[0xCBBCB000])[3D CA 8C E2 ]0x000025DC:	ADD	IP, IP, #0X3D000	;(IP=0xCBBCD5E0 )
(       libmtguard.so[0xCBBCB000])[F4 F8 BC E5 ]0x000025E0:	LDR	PC, [IP, #0X8F4]!	;(IP=0xCBC0A5E0 )
(       libmtguard.so[0xCBBCB000])[00 E0       ]0x00003E3C:	B	#0XCBBCEE40
(       libmtguard.so[0xCBBCB000])[20 46       ]0x00003E40:	MOV	R0, R4	;(R4=0x300474D0 )
(       libmtguard.so[0xCBBCB000])[B0 BD       ]0x00003E42:	POP	{R4, R5, R7, PC}	;(SP=0x100FFF98 )
(       libmtguard.so[0xCBBCB000])[04 46       ]0x00003894:	MOV	R4, R0	;(R0=0x300474D0 )
(       libmtguard.so[0xCBBCB000])[94 B1       ]0x00003896:	CBZ	R4, #0XCBBCE8BE	;(R4=0x300474D0 )
(       libmtguard.so[0xCBBCB000])[0B 20       ]0x00003898:	MOVS	R0, #0XB
(       libmtguard.so[0xCBBCB000])[C4 E9 00 66 ]0x0000389A:	STRD	R6, R6, [R4]	;(R6=0x00000000 R4=0x300474D0 )
(       libmtguard.so[0xCBBCB000])[C4 E9 02 05 ]0x0000389E:	STRD	R0, R5, [R4, #8]	;(R0=0x0000000B R5=0xCBBCFE51 R4=0x300474D0 )
(       libmtguard.so[0xCBBCB000])[04 20       ]0x000038A2:	MOVS	R0, #4
(       libmtguard.so[0xCBBCB000])[0B 21       ]0x000038A4:	MOVS	R1, #0XB
(       libmtguard.so[0xCBBCB000])[00 22       ]0x000038A6:	MOVS	R2, #0
(       libmtguard.so[0xCBBCB000])[00 23       ]0x000038A8:	MOVS	R3, #0
(       libmtguard.so[0xCBBCB000])[00 F0 B9 FA ]0x000038AA:	BL	#0XCBBCEE20	;(PC=0xCBBCE8AA )
(       libmtguard.so[0xCBBCB000])[B0 B5       ]0x00003E20:	PUSH	{R4, R5, R7, LR}	;(SP=0x100FFFA8 R4=0x300474D0 R5=0xCBBCFE51 R7=0x100FFFB8 LR=0xCBBCE8AF )
(       libmtguard.so[0xCBBCB000])[02 AF       ]0x00003E22:	ADD	R7, SP, #8	;(SP=0x100FFF98 )
(       libmtguard.so[0xCBBCB000])[01 FB 00 F5 ]0x00003E24:	MUL	R5, R1, R0	;(R1=0x0000000B R0=0x00000004 )
(       libmtguard.so[0xCBBCB000])[4D B1       ]0x00003E28:	CBZ	R5, #0XCBBCEE3E	;(R5=0x0000002C )
(       libmtguard.so[0xCBBCB000])[28 46       ]0x00003E2A:	MOV	R0, R5	;(R5=0x0000002C )
(       libmtguard.so[0xCBBCB000])[FE F7 C8 EB ]0x00003E2C:	BLX	#0XCBBCD5C0	;(PC=0xCBBCEE2C )
(       libmtguard.so[0xCBBCB000])[00 C6 8F E2 ]0x000025C0:	ADD	IP, PC, #0, #12	;(PC=0xCBBCD5C0 )
(       libmtguard.so[0xCBBCB000])[3D CA 8C E2 ]0x000025C4:	ADD	IP, IP, #0X3D000	;(IP=0xCBBCD5C8 )
(       libmtguard.so[0xCBBCB000])[04 F9 BC E5 ]0x000025C8:	LDR	PC, [IP, #0X904]!	;(IP=0xCBC0A5C8 )
(       libmtguard.so[0xCBBCB000])[04 46       ]0x00003E30:	MOV	R4, R0	;(R0=0x300474E8 )
(       libmtguard.so[0xCBBCB000])[24 B1       ]0x00003E32:	CBZ	R4, #0XCBBCEE3E	;(R4=0x300474E8 )
(       libmtguard.so[0xCBBCB000])[20 46       ]0x00003E34:	MOV	R0, R4	;(R4=0x300474E8 )
(       libmtguard.so[0xCBBCB000])[29 46       ]0x00003E36:	MOV	R1, R5	;(R5=0x0000002C )
(       libmtguard.so[0xCBBCB000])[FE F7 CE EB ]0x00003E38:	BLX	#0XCBBCD5D8	;(PC=0xCBBCEE38 )
(       libmtguard.so[0xCBBCB000])[00 C6 8F E2 ]0x000025D8:	ADD	IP, PC, #0, #12	;(PC=0xCBBCD5D8 )
(       libmtguard.so[0xCBBCB000])[3D CA 8C E2 ]0x000025DC:	ADD	IP, IP, #0X3D000	;(IP=0xCBBCD5E0 )
(       libmtguard.so[0xCBBCB000])[F4 F8 BC E5 ]0x000025E0:	LDR	PC, [IP, #0X8F4]!	;(IP=0xCBC0A5E0 )
(       libmtguard.so[0xCBBCB000])[00 E0       ]0x00003E3C:	B	#0XCBBCEE40
(       libmtguard.so[0xCBBCB000])[20 46       ]0x00003E40:	MOV	R0, R4	;(R4=0x300474E8 )
(       libmtguard.so[0xCBBCB000])[B0 BD       ]0x00003E42:	POP	{R4, R5, R7, PC}	;(SP=0x100FFF98 )
(       libmtguard.so[0xCBBCB000])[00 28       ]0x000038AE:	CMP	R0, #0	;(R0=0x300474E8 )
(       libmtguard.so[0xCBBCB000])[20 60       ]0x000038B0:	STR	R0, [R4]	;(R0=0x300474E8 R4=0x300474D0 )
(       libmtguard.so[0xCBBCB000])[05 D1       ]0x000038B2:	BNE	#0XCBBCE8C0
(       libmtguard.so[0xCBBCB000])[20 46       ]0x000038C0:	MOV	R0, R4	;(R4=0x300474D0 )
(       libmtguard.so[0xCBBCB000])[5D F8 04 BB ]0x000038C2:	LDR	FP, [SP], #4	;(SP=0x100FFFA8 )
(       libmtguard.so[0xCBBCB000])[F0 BD       ]0x000038C6:	POP	{R4, R5, R6, R7, PC}	;(SP=0x100FFFAC )
(       libmtguard.so[0xCBBCB000])[01 36       ]0x0000CE08:	ADDS	R6, #1	;(R6=0x000000B9 )
(       libmtguard.so[0xCBBCB000])[60 60       ]0x0000CE0A:	STR	R0, [R4, #4]	;(R0=0x300474D0 R4=0xCBC0D65C )
(       libmtguard.so[0xCBBCB000])[B6 F5 7C 7F ]0x0000CE0C:	CMP.W	R6, #0X3F0	;(R6=0x000000BA )
(       libmtguard.so[0xCBBCB000])[F3 D1       ]0x0000CE10:	BNE	#0XCBBD7DFA
(       libmtguard.so[0xCBBCB000])[48 46       ]0x0000CDFA:	MOV	R0, SB	;(SB=0xCBBCFE51 )
(       libmtguard.so[0xCBBCB000])[45 F8 36 80 ]0x0000CDFC:	STR.W	R8, [R5, R6, LSL #3]	;(R8=0xFFFFFFFF R5=0xCBC0D094 R6=0x000000BA )
(       libmtguard.so[0xCBBCB000])[05 EB C6 04 ]0x0000CE00:	ADD.W	R4, R5, R6, LSL #3	;(R5=0xCBC0D094 R6=0x000000BA )
(       libmtguard.so[0xCBBCB000])[F6 F7 3A FD ]0x0000CE04:	BL	#0XCBBCE87C	;(PC=0xCBBD7E04 )
(       libmtguard.so[0xCBBCB000])[F0 B5       ]0x0000387C:	PUSH	{R4, R5, R6, R7, LR}	;(SP=0x100FFFC0 R4=0xCBC0D664 R5=0xCBC0D094 R6=0x000000BA R7=0x100FFFE0 LR=0xCBBD7E09 )
(       libmtguard.so[0xCBBCB000])[03 AF       ]0x0000387E:	ADD	R7, SP, #0XC	;(SP=0x100FFFAC )
(       libmtguard.so[0xCBBCB000])[4D F8 04 BD ]0x00003880:	STR	FP, [SP, #-0X4]!	;(FP=0xCBC0B1C4 SP=0x100FFFAC )
(       libmtguard.so[0xCBBCB000])[05 46       ]0x00003884:	MOV	R5, R0	;(R0=0xCBBCFE51 )
(       libmtguard.so[0xCBBCB000])[01 20       ]0x00003886:	MOVS	R0, #1
(       libmtguard.so[0xCBBCB000])[10 21       ]0x00003888:	MOVS	R1, #0X10
(       libmtguard.so[0xCBBCB000])[00 22       ]0x0000388A:	MOVS	R2, #0
(       libmtguard.so[0xCBBCB000])[00 23       ]0x0000388C:	MOVS	R3, #0
(       libmtguard.so[0xCBBCB000])[00 26       ]0x0000388E:	MOVS	R6, #0
(       libmtguard.so[0xCBBCB000])[00 F0 C6 FA ]0x00003890:	BL	#0XCBBCEE20	;(PC=0xCBBCE890 )
(       libmtguard.so[0xCBBCB000])[B0 B5       ]0x00003E20:	PUSH	{R4, R5, R7, LR}	;(SP=0x100FFFA8 R4=0xCBC0D664 R5=0xCBBCFE51 R7=0x100FFFB8 LR=0xCBBCE895 )
(       libmtguard.so[0xCBBCB000])[02 AF       ]0x00003E22:	ADD	R7, SP, #8	;(SP=0x100FFF98 )
(       libmtguard.so[0xCBBCB000])[01 FB 00 F5 ]0x00003E24:	MUL	R5, R1, R0	;(R1=0x00000010 R0=0x00000001 )
(       libmtguard.so[0xCBBCB000])[4D B1       ]0x00003E28:	CBZ	R5, #0XCBBCEE3E	;(R5=0x00000010 )
(       libmtguard.so[0xCBBCB000])[28 46       ]0x00003E2A:	MOV	R0, R5	;(R5=0x00000010 )
(       libmtguard.so[0xCBBCB000])[FE F7 C8 EB ]0x00003E2C:	BLX	#0XCBBCD5C0	;(PC=0xCBBCEE2C )
(       libmtguard.so[0xCBBCB000])[00 C6 8F E2 ]0x000025C0:	ADD	IP, PC, #0, #12	;(PC=0xCBBCD5C0 )
(       libmtguard.so[0xCBBCB000])[3D CA 8C E2 ]0x000025C4:	ADD	IP, IP, #0X3D000	;(IP=0xCBBCD5C8 )
(       libmtguard.so[0xCBBCB000])[04 F9 BC E5 ]0x000025C8:	LDR	PC, [IP, #0X904]!	;(IP=0xCBC0A5C8 )
(       libmtguard.so[0xCBBCB000])[04 46       ]0x00003E30:	MOV	R4, R0	;(R0=0x30047518 )
(       libmtguard.so[0xCBBCB000])[24 B1       ]0x00003E32:	CBZ	R4, #0XCBBCEE3E	;(R4=0x30047518 )
(       libmtguard.so[0xCBBCB000])[20 46       ]0x00003E34:	MOV	R0, R4	;(R4=0x30047518 )
(       libmtguard.so[0xCBBCB000])[29 46       ]0x00003E36:	MOV	R1, R5	;(R5=0x00000010 )
(       libmtguard.so[0xCBBCB000])[FE F7 CE EB ]0x00003E38:	BLX	#0XCBBCD5D8	;(PC=0xCBBCEE38 )
(       libmtguard.so[0xCBBCB000])[00 C6 8F E2 ]0x000025D8:	ADD	IP, PC, #0, #12	;(PC=0xCBBCD5D8 )
(       libmtguard.so[0xCBBCB000])[3D CA 8C E2 ]0x000025DC:	ADD	IP, IP, #0X3D000	;(IP=0xCBBCD5E0 )
(       libmtguard.so[0xCBBCB000])[F4 F8 BC E5 ]0x000025E0:	LDR	PC, [IP, #0X8F4]!	;(IP=0xCBC0A5E0 )
(       libmtguard.so[0xCBBCB000])[00 E0       ]0x00003E3C:	B	#0XCBBCEE40
(       libmtguard.so[0xCBBCB000])[20 46       ]0x00003E40:	MOV	R0, R4	;(R4=0x30047518 )
(       libmtguard.so[0xCBBCB000])[B0 BD       ]0x00003E42:	POP	{R4, R5, R7, PC}	;(SP=0x100FFF98 )
(       libmtguard.so[0xCBBCB000])[04 46       ]0x00003894:	MOV	R4, R0	;(R0=0x30047518 )
(       libmtguard.so[0xCBBCB000])[94 B1       ]0x00003896:	CBZ	R4, #0XCBBCE8BE	;(R4=0x30047518 )
(       libmtguard.so[0xCBBCB000])[0B 20       ]0x00003898:	MOVS	R0, #0XB
(       libmtguard.so[0xCBBCB000])[C4 E9 00 66 ]0x0000389A:	STRD	R6, R6, [R4]	;(R6=0x00000000 R4=0x30047518 )
(       libmtguard.so[0xCBBCB000])[C4 E9 02 05 ]0x0000389E:	STRD	R0, R5, [R4, #8]	;(R0=0x0000000B R5=0xCBBCFE51 R4=0x30047518 )
(       libmtguard.so[0xCBBCB000])[04 20       ]0x000038A2:	MOVS	R0, #4
(       libmtguard.so[0xCBBCB000])[0B 21       ]0x000038A4:	MOVS	R1, #0XB
(       libmtguard.so[0xCBBCB000])[00 22       ]0x000038A6:	MOVS	R2, #0
(       libmtguard.so[0xCBBCB000])[00 23       ]0x000038A8:	MOVS	R3, #0
(       libmtguard.so[0xCBBCB000])[00 F0 B9 FA ]0x000038AA:	BL	#0XCBBCEE20	;(PC=0xCBBCE8AA )
(       libmtguard.so[0xCBBCB000])[B0 B5       ]0x00003E20:	PUSH	{R4, R5, R7, LR}	;(SP=0x100FFFA8 R4=0x30047518 R5=0xCBBCFE51 R7=0x100FFFB8 LR=0xCBBCE8AF )
(       libmtguard.so[0xCBBCB000])[02 AF       ]0x00003E22:	ADD	R7, SP, #8	;(SP=0x100FFF98 )
(       libmtguard.so[0xCBBCB000])[01 FB 00 F5 ]0x00003E24:	MUL	R5, R1, R0	;(R1=0x0000000B R0=0x00000004 )
(       libmtguard.so[0xCBBCB000])[4D B1       ]0x00003E28:	CBZ	R5, #0XCBBCEE3E	;(R5=0x0000002C )
(       libmtguard.so[0xCBBCB000])[28 46       ]0x00003E2A:	MOV	R0, R5	;(R5=0x0000002C )
(       libmtguard.so[0xCBBCB000])[FE F7 C8 EB ]0x00003E2C:	BLX	#0XCBBCD5C0	;(PC=0xCBBCEE2C )
(       libmtguard.so[0xCBBCB000])[00 C6 8F E2 ]0x000025C0:	ADD	IP, PC, #0, #12	;(PC=0xCBBCD5C0 )
(       libmtguard.so[0xCBBCB000])[3D CA 8C E2 ]0x000025C4:	ADD	IP, IP, #0X3D000	;(IP=0xCBBCD5C8 )
(       libmtguard.so[0xCBBCB000])[04 F9 BC E5 ]0x000025C8:	LDR	PC, [IP, #0X904]!	;(IP=0xCBC0A5C8 )
(       libmtguard.so[0xCBBCB000])[04 46       ]0x00003E30:	MOV	R4, R0	;(R0=0x30047530 )
(       libmtguard.so[0xCBBCB000])[24 B1       ]0x00003E32:	CBZ	R4, #0XCBBCEE3E	;(R4=0x30047530 )
(       libmtguard.so[0xCBBCB000])[20 46       ]0x00003E34:	MOV	R0, R4	;(R4=0x30047530 )
(       libmtguard.so[0xCBBCB000])[29 46       ]0x00003E36:	MOV	R1, R5	;(R5=0x0000002C )
(       libmtguard.so[0xCBBCB000])[FE F7 CE EB ]0x00003E38:	BLX	#0XCBBCD5D8	;(PC=0xCBBCEE38 )
(       libmtguard.so[0xCBBCB000])[00 C6 8F E2 ]0x000025D8:	ADD	IP, PC, #0, #12	;(PC=0xCBBCD5D8 )
(       libmtguard.so[0xCBBCB000])[3D CA 8C E2 ]0x000025DC:	ADD	IP, IP, #0X3D000	;(IP=0xCBBCD5E0 )
(       libmtguard.so[0xCBBCB000])[F4 F8 BC E5 ]0x000025E0:	LDR	PC, [IP, #0X8F4]!	;(IP=0xCBC0A5E0 )
(       libmtguard.so[0xCBBCB000])[00 E0       ]0x00003E3C:	B	#0XCBBCEE40
(       libmtguard.so[0xCBBCB000])[20 46       ]0x00003E40:	MOV	R0, R4	;(R4=0x30047530 )
(       libmtguard.so[0xCBBCB000])[B0 BD       ]0x00003E42:	POP	{R4, R5, R7, PC}	;(SP=0x100FFF98 )
(       libmtguard.so[0xCBBCB000])[00 28       ]0x000038AE:	CMP	R0, #0	;(R0=0x30047530 )
(       libmtguard.so[0xCBBCB000])[20 60       ]0x000038B0:	STR	R0, [R4]	;(R0=0x30047530 R4=0x30047518 )
(       libmtguard.so[0xCBBCB000])[05 D1       ]0x000038B2:	BNE	#0XCBBCE8C0
(       libmtguard.so[0xCBBCB000])[20 46       ]0x000038C0:	MOV	R0, R4	;(R4=0x30047518 )
(       libmtguard.so[0xCBBCB000])[5D F8 04 BB ]0x000038C2:	LDR	FP, [SP], #4	;(SP=0x100FFFA8 )
(       libmtguard.so[0xCBBCB000])[F0 BD       ]0x000038C6:	POP	{R4, R5, R6, R7, PC}	;(SP=0x100FFFAC )
(       libmtguard.so[0xCBBCB000])[01 36       ]0x0000CE08:	ADDS	R6, #1	;(R6=0x000000BA )
(       libmtguard.so[0xCBBCB000])[60 60       ]0x0000CE0A:	STR	R0, [R4, #4]	;(R0=0x30047518 R4=0xCBC0D664 )
(       libmtguard.so[0xCBBCB000])[B6 F5 7C 7F ]0x0000CE0C:	CMP.W	R6, #0X3F0	;(R6=0x000000BB )
(       libmtguard.so[0xCBBCB000])[F3 D1       ]0x0000CE10:	BNE	#0XCBBD7DFA
(       libmtguard.so[0xCBBCB000])[48 46       ]0x0000CDFA:	MOV	R0, SB	;(SB=0xCBBCFE51 )
(       libmtguard.so[0xCBBCB000])[45 F8 36 80 ]0x0000CDFC:	STR.W	R8, [R5, R6, LSL #3]	;(R8=0xFFFFFFFF R5=0xCBC0D094 R6=0x000000BB )
(       libmtguard.so[0xCBBCB000])[05 EB C6 04 ]0x0000CE00:	ADD.W	R4, R5, R6, LSL #3	;(R5=0xCBC0D094 R6=0x000000BB )
(       libmtguard.so[0xCBBCB000])[F6 F7 3A FD ]0x0000CE04:	BL	#0XCBBCE87C	;(PC=0xCBBD7E04 )
(       libmtguard.so[0xCBBCB000])[F0 B5       ]0x0000387C:	PUSH	{R4, R5, R6, R7, LR}	;(SP=0x100FFFC0 R4=0xCBC0D66C R5=0xCBC0D094 R6=0x000000BB R7=0x100FFFE0 LR=0xCBBD7E09 )
(       libmtguard.so[0xCBBCB000])[03 AF       ]0x0000387E:	ADD	R7, SP, #0XC	;(SP=0x100FFFAC )
(       libmtguard.so[0xCBBCB000])[4D F8 04 BD ]0x00003880:	STR	FP, [SP, #-0X4]!	;(FP=0xCBC0B1C4 SP=0x100FFFAC )
(       libmtguard.so[0xCBBCB000])[05 46       ]0x00003884:	MOV	R5, R0	;(R0=0xCBBCFE51 )
(       libmtguard.so[0xCBBCB000])[01 20       ]0x00003886:	MOVS	R0, #1
(       libmtguard.so[0xCBBCB000])[10 21       ]0x00003888:	MOVS	R1, #0X10
(       libmtguard.so[0xCBBCB000])[00 22       ]0x0000388A:	MOVS	R2, #0
(       libmtguard.so[0xCBBCB000])[00 23       ]0x0000388C:	MOVS	R3, #0
(       libmtguard.so[0xCBBCB000])[00 26       ]0x0000388E:	MOVS	R6, #0
(       libmtguard.so[0xCBBCB000])[00 F0 C6 FA ]0x00003890:	BL	#0XCBBCEE20	;(PC=0xCBBCE890 )
(       libmtguard.so[0xCBBCB000])[B0 B5       ]0x00003E20:	PUSH	{R4, R5, R7, LR}	;(SP=0x100FFFA8 R4=0xCBC0D66C R5=0xCBBCFE51 R7=0x100FFFB8 LR=0xCBBCE895 )
(       libmtguard.so[0xCBBCB000])[02 AF       ]0x00003E22:	ADD	R7, SP, #8	;(SP=0x100FFF98 )
(       libmtguard.so[0xCBBCB000])[01 FB 00 F5 ]0x00003E24:	MUL	R5, R1, R0	;(R1=0x00000010 R0=0x00000001 )
(       libmtguard.so[0xCBBCB000])[4D B1       ]0x00003E28:	CBZ	R5, #0XCBBCEE3E	;(R5=0x00000010 )
(       libmtguard.so[0xCBBCB000])[28 46       ]0x00003E2A:	MOV	R0, R5	;(R5=0x00000010 )
(       libmtguard.so[0xCBBCB000])[FE F7 C8 EB ]0x00003E2C:	BLX	#0XCBBCD5C0	;(PC=0xCBBCEE2C )
(       libmtguard.so[0xCBBCB000])[00 C6 8F E2 ]0x000025C0:	ADD	IP, PC, #0, #12	;(PC=0xCBBCD5C0 )
(       libmtguard.so[0xCBBCB000])[3D CA 8C E2 ]0x000025C4:	ADD	IP, IP, #0X3D000	;(IP=0xCBBCD5C8 )
(       libmtguard.so[0xCBBCB000])[04 F9 BC E5 ]0x000025C8:	LDR	PC, [IP, #0X904]!	;(IP=0xCBC0A5C8 )
(       libmtguard.so[0xCBBCB000])[04 46       ]0x00003E30:	MOV	R4, R0	;(R0=0x30047560 )
(       libmtguard.so[0xCBBCB000])[24 B1       ]0x00003E32:	CBZ	R4, #0XCBBCEE3E	;(R4=0x30047560 )
(       libmtguard.so[0xCBBCB000])[20 46       ]0x00003E34:	MOV	R0, R4	;(R4=0x30047560 )
(       libmtguard.so[0xCBBCB000])[29 46       ]0x00003E36:	MOV	R1, R5	;(R5=0x00000010 )
(       libmtguard.so[0xCBBCB000])[FE F7 CE EB ]0x00003E38:	BLX	#0XCBBCD5D8	;(PC=0xCBBCEE38 )
(       libmtguard.so[0xCBBCB000])[00 C6 8F E2 ]0x000025D8:	ADD	IP, PC, #0, #12	;(PC=0xCBBCD5D8 )
(       libmtguard.so[0xCBBCB000])[3D CA 8C E2 ]0x000025DC:	ADD	IP, IP, #0X3D000	;(IP=0xCBBCD5E0 )
(       libmtguard.so[0xCBBCB000])[F4 F8 BC E5 ]0x000025E0:	LDR	PC, [IP, #0X8F4]!	;(IP=0xCBC0A5E0 )
(       libmtguard.so[0xCBBCB000])[00 E0       ]0x00003E3C:	B	#0XCBBCEE40
(       libmtguard.so[0xCBBCB000])[20 46       ]0x00003E40:	MOV	R0, R4	;(R4=0x30047560 )
(       libmtguard.so[0xCBBCB000])[B0 BD       ]0x00003E42:	POP	{R4, R5, R7, PC}	;(SP=0x100FFF98 )
(       libmtguard.so[0xCBBCB000])[04 46       ]0x00003894:	MOV	R4, R0	;(R0=0x30047560 )
(       libmtguard.so[0xCBBCB000])[94 B1       ]0x00003896:	CBZ	R4, #0XCBBCE8BE	;(R4=0x30047560 )
(       libmtguard.so[0xCBBCB000])[0B 20       ]0x00003898:	MOVS	R0, #0XB
(       libmtguard.so[0xCBBCB000])[C4 E9 00 66 ]0x0000389A:	STRD	R6, R6, [R4]	;(R6=0x00000000 R4=0x30047560 )
(       libmtguard.so[0xCBBCB000])[C4 E9 02 05 ]0x0000389E:	STRD	R0, R5, [R4, #8]	;(R0=0x0000000B R5=0xCBBCFE51 R4=0x30047560 )
(       libmtguard.so[0xCBBCB000])[04 20       ]0x000038A2:	MOVS	R0, #4
(       libmtguard.so[0xCBBCB000])[0B 21       ]0x000038A4:	MOVS	R1, #0XB
(       libmtguard.so[0xCBBCB000])[00 22       ]0x000038A6:	MOVS	R2, #0
(       libmtguard.so[0xCBBCB000])[00 23       ]0x000038A8:	MOVS	R3, #0
(       libmtguard.so[0xCBBCB000])[00 F0 B9 FA ]0x000038AA:	BL	#0XCBBCEE20	;(PC=0xCBBCE8AA )
(       libmtguard.so[0xCBBCB000])[B0 B5       ]0x00003E20:	PUSH	{R4, R5, R7, LR}	;(SP=0x100FFFA8 R4=0x30047560 R5=0xCBBCFE51 R7=0x100FFFB8 LR=0xCBBCE8AF )
(       libmtguard.so[0xCBBCB000])[02 AF       ]0x00003E22:	ADD	R7, SP, #8	;(SP=0x100FFF98 )
(       libmtguard.so[0xCBBCB000])[01 FB 00 F5 ]0x00003E24:	MUL	R5, R1, R0	;(R1=0x0000000B R0=0x00000004 )
(       libmtguard.so[0xCBBCB000])[4D B1       ]0x00003E28:	CBZ	R5, #0XCBBCEE3E	;(R5=0x0000002C )
(       libmtguard.so[0xCBBCB000])[28 46       ]0x00003E2A:	MOV	R0, R5	;(R5=0x0000002C )
(       libmtguard.so[0xCBBCB000])[FE F7 C8 EB ]0x00003E2C:	BLX	#0XCBBCD5C0	;(PC=0xCBBCEE2C )
(       libmtguard.so[0xCBBCB000])[00 C6 8F E2 ]0x000025C0:	ADD	IP, PC, #0, #12	;(PC=0xCBBCD5C0 )
(       libmtguard.so[0xCBBCB000])[3D CA 8C E2 ]0x000025C4:	ADD	IP, IP, #0X3D000	;(IP=0xCBBCD5C8 )
(       libmtguard.so[0xCBBCB000])[04 F9 BC E5 ]0x000025C8:	LDR	PC, [IP, #0X904]!	;(IP=0xCBC0A5C8 )
(       libmtguard.so[0xCBBCB000])[04 46       ]0x00003E30:	MOV	R4, R0	;(R0=0x30047578 )
(       libmtguard.so[0xCBBCB000])[24 B1       ]0x00003E32:	CBZ	R4, #0XCBBCEE3E	;(R4=0x30047578 )
(       libmtguard.so[0xCBBCB000])[20 46       ]0x00003E34:	MOV	R0, R4	;(R4=0x30047578 )
(       libmtguard.so[0xCBBCB000])[29 46       ]0x00003E36:	MOV	R1, R5	;(R5=0x0000002C )
(       libmtguard.so[0xCBBCB000])[FE F7 CE EB ]0x00003E38:	BLX	#0XCBBCD5D8	;(PC=0xCBBCEE38 )
(       libmtguard.so[0xCBBCB000])[00 C6 8F E2 ]0x000025D8:	ADD	IP, PC, #0, #12	;(PC=0xCBBCD5D8 )
(       libmtguard.so[0xCBBCB000])[3D CA 8C E2 ]0x000025DC:	ADD	IP, IP, #0X3D000	;(IP=0xCBBCD5E0 )
(       libmtguard.so[0xCBBCB000])[F4 F8 BC E5 ]0x000025E0:	LDR	PC, [IP, #0X8F4]!	;(IP=0xCBC0A5E0 )
(       libmtguard.so[0xCBBCB000])[00 E0       ]0x00003E3C:	B	#0XCBBCEE40
(       libmtguard.so[0xCBBCB000])[20 46       ]0x00003E40:	MOV	R0, R4	;(R4=0x30047578 )
(       libmtguard.so[0xCBBCB000])[B0 BD       ]0x00003E42:	POP	{R4, R5, R7, PC}	;(SP=0x100FFF98 )
(       libmtguard.so[0xCBBCB000])[00 28       ]0x000038AE:	CMP	R0, #0	;(R0=0x30047578 )
(       libmtguard.so[0xCBBCB000])[20 60       ]0x000038B0:	STR	R0, [R4]	;(R0=0x30047578 R4=0x30047560 )
(       libmtguard.so[0xCBBCB000])[05 D1       ]0x000038B2:	BNE	#0XCBBCE8C0
(       libmtguard.so[0xCBBCB000])[20 46       ]0x000038C0:	MOV	R0, R4	;(R4=0x30047560 )
(       libmtguard.so[0xCBBCB000])[5D F8 04 BB ]0x000038C2:	LDR	FP, [SP], #4	;(SP=0x100FFFA8 )
(       libmtguard.so[0xCBBCB000])[F0 BD       ]0x000038C6:	POP	{R4, R5, R6, R7, PC}	;(SP=0x100FFFAC )
(       libmtguard.so[0xCBBCB000])[01 36       ]0x0000CE08:	ADDS	R6, #1	;(R6=0x000000BB )
(       libmtguard.so[0xCBBCB000])[60 60       ]0x0000CE0A:	STR	R0, [R4, #4]	;(R0=0x30047560 R4=0xCBC0D66C )
(       libmtguard.so[0xCBBCB000])[B6 F5 7C 7F ]0x0000CE0C:	CMP.W	R6, #0X3F0	;(R6=0x000000BC )
(       libmtguard.so[0xCBBCB000])[F3 D1       ]0x0000CE10:	BNE	#0XCBBD7DFA
(       libmtguard.so[0xCBBCB000])[48 46       ]0x0000CDFA:	MOV	R0, SB	;(SB=0xCBBCFE51 )
(       libmtguard.so[0xCBBCB000])[45 F8 36 80 ]0x0000CDFC:	STR.W	R8, [R5, R6, LSL #3]	;(R8=0xFFFFFFFF R5=0xCBC0D094 R6=0x000000BC )
(       libmtguard.so[0xCBBCB000])[05 EB C6 04 ]0x0000CE00:	ADD.W	R4, R5, R6, LSL #3	;(R5=0xCBC0D094 R6=0x000000BC )
(       libmtguard.so[0xCBBCB000])[F6 F7 3A FD ]0x0000CE04:	BL	#0XCBBCE87C	;(PC=0xCBBD7E04 )
(       libmtguard.so[0xCBBCB000])[F0 B5       ]0x0000387C:	PUSH	{R4, R5, R6, R7, LR}	;(SP=0x100FFFC0 R4=0xCBC0D674 R5=0xCBC0D094 R6=0x000000BC R7=0x100FFFE0 LR=0xCBBD7E09 )
(       libmtguard.so[0xCBBCB000])[03 AF       ]0x0000387E:	ADD	R7, SP, #0XC	;(SP=0x100FFFAC )
(       libmtguard.so[0xCBBCB000])[4D F8 04 BD ]0x00003880:	STR	FP, [SP, #-0X4]!	;(FP=0xCBC0B1C4 SP=0x100FFFAC )
(       libmtguard.so[0xCBBCB000])[05 46       ]0x00003884:	MOV	R5, R0	;(R0=0xCBBCFE51 )
(       libmtguard.so[0xCBBCB000])[01 20       ]0x00003886:	MOVS	R0, #1
(       libmtguard.so[0xCBBCB000])[10 21       ]0x00003888:	MOVS	R1, #0X10
(       libmtguard.so[0xCBBCB000])[00 22       ]0x0000388A:	MOVS	R2, #0
(       libmtguard.so[0xCBBCB000])[00 23       ]0x0000388C:	MOVS	R3, #0
(       libmtguard.so[0xCBBCB000])[00 26       ]0x0000388E:	MOVS	R6, #0
(       libmtguard.so[0xCBBCB000])[00 F0 C6 FA ]0x00003890:	BL	#0XCBBCEE20	;(PC=0xCBBCE890 )
(       libmtguard.so[0xCBBCB000])[B0 B5       ]0x00003E20:	PUSH	{R4, R5, R7, LR}	;(SP=0x100FFFA8 R4=0xCBC0D674 R5=0xCBBCFE51 R7=0x100FFFB8 LR=0xCBBCE895 )
(       libmtguard.so[0xCBBCB000])[02 AF       ]0x00003E22:	ADD	R7, SP, #8	;(SP=0x100FFF98 )
(       libmtguard.so[0xCBBCB000])[01 FB 00 F5 ]0x00003E24:	MUL	R5, R1, R0	;(R1=0x00000010 R0=0x00000001 )
(       libmtguard.so[0xCBBCB000])[4D B1       ]0x00003E28:	CBZ	R5, #0XCBBCEE3E	;(R5=0x00000010 )
(       libmtguard.so[0xCBBCB000])[28 46       ]0x00003E2A:	MOV	R0, R5	;(R5=0x00000010 )
(       libmtguard.so[0xCBBCB000])[FE F7 C8 EB ]0x00003E2C:	BLX	#0XCBBCD5C0	;(PC=0xCBBCEE2C )
(       libmtguard.so[0xCBBCB000])[00 C6 8F E2 ]0x000025C0:	ADD	IP, PC, #0, #12	;(PC=0xCBBCD5C0 )
(       libmtguard.so[0xCBBCB000])[3D CA 8C E2 ]0x000025C4:	ADD	IP, IP, #0X3D000	;(IP=0xCBBCD5C8 )
(       libmtguard.so[0xCBBCB000])[04 F9 BC E5 ]0x000025C8:	LDR	PC, [IP, #0X904]!	;(IP=0xCBC0A5C8 )
(       libmtguard.so[0xCBBCB000])[04 46       ]0x00003E30:	MOV	R4, R0	;(R0=0x300475A8 )
(       libmtguard.so[0xCBBCB000])[24 B1       ]0x00003E32:	CBZ	R4, #0XCBBCEE3E	;(R4=0x300475A8 )
(       libmtguard.so[0xCBBCB000])[20 46       ]0x00003E34:	MOV	R0, R4	;(R4=0x300475A8 )
(       libmtguard.so[0xCBBCB000])[29 46       ]0x00003E36:	MOV	R1, R5	;(R5=0x00000010 )
(       libmtguard.so[0xCBBCB000])[FE F7 CE EB ]0x00003E38:	BLX	#0XCBBCD5D8	;(PC=0xCBBCEE38 )
(       libmtguard.so[0xCBBCB000])[00 C6 8F E2 ]0x000025D8:	ADD	IP, PC, #0, #12	;(PC=0xCBBCD5D8 )
(       libmtguard.so[0xCBBCB000])[3D CA 8C E2 ]0x000025DC:	ADD	IP, IP, #0X3D000	;(IP=0xCBBCD5E0 )
(       libmtguard.so[0xCBBCB000])[F4 F8 BC E5 ]0x000025E0:	LDR	PC, [IP, #0X8F4]!	;(IP=0xCBC0A5E0 )
(       libmtguard.so[0xCBBCB000])[00 E0       ]0x00003E3C:	B	#0XCBBCEE40
(       libmtguard.so[0xCBBCB000])[20 46       ]0x00003E40:	MOV	R0, R4	;(R4=0x300475A8 )
(       libmtguard.so[0xCBBCB000])[B0 BD       ]0x00003E42:	POP	{R4, R5, R7, PC}	;(SP=0x100FFF98 )
(       libmtguard.so[0xCBBCB000])[04 46       ]0x00003894:	MOV	R4, R0	;(R0=0x300475A8 )
(       libmtguard.so[0xCBBCB000])[94 B1       ]0x00003896:	CBZ	R4, #0XCBBCE8BE	;(R4=0x300475A8 )
(       libmtguard.so[0xCBBCB000])[0B 20       ]0x00003898:	MOVS	R0, #0XB
(       libmtguard.so[0xCBBCB000])[C4 E9 00 66 ]0x0000389A:	STRD	R6, R6, [R4]	;(R6=0x00000000 R4=0x300475A8 )
(       libmtguard.so[0xCBBCB000])[C4 E9 02 05 ]0x0000389E:	STRD	R0, R5, [R4, #8]	;(R0=0x0000000B R5=0xCBBCFE51 R4=0x300475A8 )
(       libmtguard.so[0xCBBCB000])[04 20       ]0x000038A2:	MOVS	R0, #4
(       libmtguard.so[0xCBBCB000])[0B 21       ]0x000038A4:	MOVS	R1, #0XB
(       libmtguard.so[0xCBBCB000])[00 22       ]0x000038A6:	MOVS	R2, #0
(       libmtguard.so[0xCBBCB000])[00 23       ]0x000038A8:	MOVS	R3, #0
(       libmtguard.so[0xCBBCB000])[00 F0 B9 FA ]0x000038AA:	BL	#0XCBBCEE20	;(PC=0xCBBCE8AA )
(       libmtguard.so[0xCBBCB000])[B0 B5       ]0x00003E20:	PUSH	{R4, R5, R7, LR}	;(SP=0x100FFFA8 R4=0x300475A8 R5=0xCBBCFE51 R7=0x100FFFB8 LR=0xCBBCE8AF )
(       libmtguard.so[0xCBBCB000])[02 AF       ]0x00003E22:	ADD	R7, SP, #8	;(SP=0x100FFF98 )
(       libmtguard.so[0xCBBCB000])[01 FB 00 F5 ]0x00003E24:	MUL	R5, R1, R0	;(R1=0x0000000B R0=0x00000004 )
(       libmtguard.so[0xCBBCB000])[4D B1       ]0x00003E28:	CBZ	R5, #0XCBBCEE3E	;(R5=0x0000002C )
(       libmtguard.so[0xCBBCB000])[28 46       ]0x00003E2A:	MOV	R0, R5	;(R5=0x0000002C )
(       libmtguard.so[0xCBBCB000])[FE F7 C8 EB ]0x00003E2C:	BLX	#0XCBBCD5C0	;(PC=0xCBBCEE2C )
(       libmtguard.so[0xCBBCB000])[00 C6 8F E2 ]0x000025C0:	ADD	IP, PC, #0, #12	;(PC=0xCBBCD5C0 )
(       libmtguard.so[0xCBBCB000])[3D CA 8C E2 ]0x000025C4:	ADD	IP, IP, #0X3D000	;(IP=0xCBBCD5C8 )
(       libmtguard.so[0xCBBCB000])[04 F9 BC E5 ]0x000025C8:	LDR	PC, [IP, #0X904]!	;(IP=0xCBC0A5C8 )
(       libmtguard.so[0xCBBCB000])[04 46       ]0x00003E30:	MOV	R4, R0	;(R0=0x300475C0 )
(       libmtguard.so[0xCBBCB000])[24 B1       ]0x00003E32:	CBZ	R4, #0XCBBCEE3E	;(R4=0x300475C0 )
(       libmtguard.so[0xCBBCB000])[20 46       ]0x00003E34:	MOV	R0, R4	;(R4=0x300475C0 )
(       libmtguard.so[0xCBBCB000])[29 46       ]0x00003E36:	MOV	R1, R5	;(R5=0x0000002C )
(       libmtguard.so[0xCBBCB000])[FE F7 CE EB ]0x00003E38:	BLX	#0XCBBCD5D8	;(PC=0xCBBCEE38 )
(       libmtguard.so[0xCBBCB000])[00 C6 8F E2 ]0x000025D8:	ADD	IP, PC, #0, #12	;(PC=0xCBBCD5D8 )
(       libmtguard.so[0xCBBCB000])[3D CA 8C E2 ]0x000025DC:	ADD	IP, IP, #0X3D000	;(IP=0xCBBCD5E0 )
(       libmtguard.so[0xCBBCB000])[F4 F8 BC E5 ]0x000025E0:	LDR	PC, [IP, #0X8F4]!	;(IP=0xCBC0A5E0 )
(       libmtguard.so[0xCBBCB000])[00 E0       ]0x00003E3C:	B	#0XCBBCEE40
(       libmtguard.so[0xCBBCB000])[20 46       ]0x00003E40:	MOV	R0, R4	;(R4=0x300475C0 )
(       libmtguard.so[0xCBBCB000])[B0 BD       ]0x00003E42:	POP	{R4, R5, R7, PC}	;(SP=0x100FFF98 )
(       libmtguard.so[0xCBBCB000])[00 28       ]0x000038AE:	CMP	R0, #0	;(R0=0x300475C0 )
(       libmtguard.so[0xCBBCB000])[20 60       ]0x000038B0:	STR	R0, [R4]	;(R0=0x300475C0 R4=0x300475A8 )
(       libmtguard.so[0xCBBCB000])[05 D1       ]0x000038B2:	BNE	#0XCBBCE8C0
(       libmtguard.so[0xCBBCB000])[20 46       ]0x000038C0:	MOV	R0, R4	;(R4=0x300475A8 )
(       libmtguard.so[0xCBBCB000])[5D F8 04 BB ]0x000038C2:	LDR	FP, [SP], #4	;(SP=0x100FFFA8 )
(       libmtguard.so[0xCBBCB000])[F0 BD       ]0x000038C6:	POP	{R4, R5, R6, R7, PC}	;(SP=0x100FFFAC )
(       libmtguard.so[0xCBBCB000])[01 36       ]0x0000CE08:	ADDS	R6, #1	;(R6=0x000000BC )
(       libmtguard.so[0xCBBCB000])[60 60       ]0x0000CE0A:	STR	R0, [R4, #4]	;(R0=0x300475A8 R4=0xCBC0D674 )
(       libmtguard.so[0xCBBCB000])[B6 F5 7C 7F ]0x0000CE0C:	CMP.W	R6, #0X3F0	;(R6=0x000000BD )
(       libmtguard.so[0xCBBCB000])[F3 D1       ]0x0000CE10:	BNE	#0XCBBD7DFA
(       libmtguard.so[0xCBBCB000])[48 46       ]0x0000CDFA:	MOV	R0, SB	;(SB=0xCBBCFE51 )
(       libmtguard.so[0xCBBCB000])[45 F8 36 80 ]0x0000CDFC:	STR.W	R8, [R5, R6, LSL #3]	;(R8=0xFFFFFFFF R5=0xCBC0D094 R6=0x000000BD )
(       libmtguard.so[0xCBBCB000])[05 EB C6 04 ]0x0000CE00:	ADD.W	R4, R5, R6, LSL #3	;(R5=0xCBC0D094 R6=0x000000BD )
(       libmtguard.so[0xCBBCB000])[F6 F7 3A FD ]0x0000CE04:	BL	#0XCBBCE87C	;(PC=0xCBBD7E04 )
(       libmtguard.so[0xCBBCB000])[F0 B5       ]0x0000387C:	PUSH	{R4, R5, R6, R7, LR}	;(SP=0x100FFFC0 R4=0xCBC0D67C R5=0xCBC0D094 R6=0x000000BD R7=0x100FFFE0 LR=0xCBBD7E09 )
(       libmtguard.so[0xCBBCB000])[03 AF       ]0x0000387E:	ADD	R7, SP, #0XC	;(SP=0x100FFFAC )
(       libmtguard.so[0xCBBCB000])[4D F8 04 BD ]0x00003880:	STR	FP, [SP, #-0X4]!	;(FP=0xCBC0B1C4 SP=0x100FFFAC )
(       libmtguard.so[0xCBBCB000])[05 46       ]0x00003884:	MOV	R5, R0	;(R0=0xCBBCFE51 )
(       libmtguard.so[0xCBBCB000])[01 20       ]0x00003886:	MOVS	R0, #1
(       libmtguard.so[0xCBBCB000])[10 21       ]0x00003888:	MOVS	R1, #0X10
(       libmtguard.so[0xCBBCB000])[00 22       ]0x0000388A:	MOVS	R2, #0
(       libmtguard.so[0xCBBCB000])[00 23       ]0x0000388C:	MOVS	R3, #0
(       libmtguard.so[0xCBBCB000])[00 26       ]0x0000388E:	MOVS	R6, #0
(       libmtguard.so[0xCBBCB000])[00 F0 C6 FA ]0x00003890:	BL	#0XCBBCEE20	;(PC=0xCBBCE890 )
(       libmtguard.so[0xCBBCB000])[B0 B5       ]0x00003E20:	PUSH	{R4, R5, R7, LR}	;(SP=0x100FFFA8 R4=0xCBC0D67C R5=0xCBBCFE51 R7=0x100FFFB8 LR=0xCBBCE895 )
(       libmtguard.so[0xCBBCB000])[02 AF       ]0x00003E22:	ADD	R7, SP, #8	;(SP=0x100FFF98 )
(       libmtguard.so[0xCBBCB000])[01 FB 00 F5 ]0x00003E24:	MUL	R5, R1, R0	;(R1=0x00000010 R0=0x00000001 )
(       libmtguard.so[0xCBBCB000])[4D B1       ]0x00003E28:	CBZ	R5, #0XCBBCEE3E	;(R5=0x00000010 )
(       libmtguard.so[0xCBBCB000])[28 46       ]0x00003E2A:	MOV	R0, R5	;(R5=0x00000010 )
(       libmtguard.so[0xCBBCB000])[FE F7 C8 EB ]0x00003E2C:	BLX	#0XCBBCD5C0	;(PC=0xCBBCEE2C )
(       libmtguard.so[0xCBBCB000])[00 C6 8F E2 ]0x000025C0:	ADD	IP, PC, #0, #12	;(PC=0xCBBCD5C0 )
(       libmtguard.so[0xCBBCB000])[3D CA 8C E2 ]0x000025C4:	ADD	IP, IP, #0X3D000	;(IP=0xCBBCD5C8 )
(       libmtguard.so[0xCBBCB000])[04 F9 BC E5 ]0x000025C8:	LDR	PC, [IP, #0X904]!	;(IP=0xCBC0A5C8 )
(       libmtguard.so[0xCBBCB000])[04 46       ]0x00003E30:	MOV	R4, R0	;(R0=0x300475F0 )
(       libmtguard.so[0xCBBCB000])[24 B1       ]0x00003E32:	CBZ	R4, #0XCBBCEE3E	;(R4=0x300475F0 )
(       libmtguard.so[0xCBBCB000])[20 46       ]0x00003E34:	MOV	R0, R4	;(R4=0x300475F0 )
(       libmtguard.so[0xCBBCB000])[29 46       ]0x00003E36:	MOV	R1, R5	;(R5=0x00000010 )
(       libmtguard.so[0xCBBCB000])[FE F7 CE EB ]0x00003E38:	BLX	#0XCBBCD5D8	;(PC=0xCBBCEE38 )
(       libmtguard.so[0xCBBCB000])[00 C6 8F E2 ]0x000025D8:	ADD	IP, PC, #0, #12	;(PC=0xCBBCD5D8 )
(       libmtguard.so[0xCBBCB000])[3D CA 8C E2 ]0x000025DC:	ADD	IP, IP, #0X3D000	;(IP=0xCBBCD5E0 )
(       libmtguard.so[0xCBBCB000])[F4 F8 BC E5 ]0x000025E0:	LDR	PC, [IP, #0X8F4]!	;(IP=0xCBC0A5E0 )
(       libmtguard.so[0xCBBCB000])[00 E0       ]0x00003E3C:	B	#0XCBBCEE40
(       libmtguard.so[0xCBBCB000])[20 46       ]0x00003E40:	MOV	R0, R4	;(R4=0x300475F0 )
(       libmtguard.so[0xCBBCB000])[B0 BD       ]0x00003E42:	POP	{R4, R5, R7, PC}	;(SP=0x100FFF98 )
(       libmtguard.so[0xCBBCB000])[04 46       ]0x00003894:	MOV	R4, R0	;(R0=0x300475F0 )
(       libmtguard.so[0xCBBCB000])[94 B1       ]0x00003896:	CBZ	R4, #0XCBBCE8BE	;(R4=0x300475F0 )
(       libmtguard.so[0xCBBCB000])[0B 20       ]0x00003898:	MOVS	R0, #0XB
(       libmtguard.so[0xCBBCB000])[C4 E9 00 66 ]0x0000389A:	STRD	R6, R6, [R4]	;(R6=0x00000000 R4=0x300475F0 )
(       libmtguard.so[0xCBBCB000])[C4 E9 02 05 ]0x0000389E:	STRD	R0, R5, [R4, #8]	;(R0=0x0000000B R5=0xCBBCFE51 R4=0x300475F0 )
(       libmtguard.so[0xCBBCB000])[04 20       ]0x000038A2:	MOVS	R0, #4
(       libmtguard.so[0xCBBCB000])[0B 21       ]0x000038A4:	MOVS	R1, #0XB
(       libmtguard.so[0xCBBCB000])[00 22       ]0x000038A6:	MOVS	R2, #0
(       libmtguard.so[0xCBBCB000])[00 23       ]0x000038A8:	MOVS	R3, #0
(       libmtguard.so[0xCBBCB000])[00 F0 B9 FA ]0x000038AA:	BL	#0XCBBCEE20	;(PC=0xCBBCE8AA )
(       libmtguard.so[0xCBBCB000])[B0 B5       ]0x00003E20:	PUSH	{R4, R5, R7, LR}	;(SP=0x100FFFA8 R4=0x300475F0 R5=0xCBBCFE51 R7=0x100FFFB8 LR=0xCBBCE8AF )
(       libmtguard.so[0xCBBCB000])[02 AF       ]0x00003E22:	ADD	R7, SP, #8	;(SP=0x100FFF98 )
(       libmtguard.so[0xCBBCB000])[01 FB 00 F5 ]0x00003E24:	MUL	R5, R1, R0	;(R1=0x0000000B R0=0x00000004 )
(       libmtguard.so[0xCBBCB000])[4D B1       ]0x00003E28:	CBZ	R5, #0XCBBCEE3E	;(R5=0x0000002C )
(       libmtguard.so[0xCBBCB000])[28 46       ]0x00003E2A:	MOV	R0, R5	;(R5=0x0000002C )
(       libmtguard.so[0xCBBCB000])[FE F7 C8 EB ]0x00003E2C:	BLX	#0XCBBCD5C0	;(PC=0xCBBCEE2C )
(       libmtguard.so[0xCBBCB000])[00 C6 8F E2 ]0x000025C0:	ADD	IP, PC, #0, #12	;(PC=0xCBBCD5C0 )
(       libmtguard.so[0xCBBCB000])[3D CA 8C E2 ]0x000025C4:	ADD	IP, IP, #0X3D000	;(IP=0xCBBCD5C8 )
(       libmtguard.so[0xCBBCB000])[04 F9 BC E5 ]0x000025C8:	LDR	PC, [IP, #0X904]!	;(IP=0xCBC0A5C8 )
(       libmtguard.so[0xCBBCB000])[04 46       ]0x00003E30:	MOV	R4, R0	;(R0=0x30047608 )
(       libmtguard.so[0xCBBCB000])[24 B1       ]0x00003E32:	CBZ	R4, #0XCBBCEE3E	;(R4=0x30047608 )
(       libmtguard.so[0xCBBCB000])[20 46       ]0x00003E34:	MOV	R0, R4	;(R4=0x30047608 )
(       libmtguard.so[0xCBBCB000])[29 46       ]0x00003E36:	MOV	R1, R5	;(R5=0x0000002C )
(       libmtguard.so[0xCBBCB000])[FE F7 CE EB ]0x00003E38:	BLX	#0XCBBCD5D8	;(PC=0xCBBCEE38 )
(       libmtguard.so[0xCBBCB000])[00 C6 8F E2 ]0x000025D8:	ADD	IP, PC, #0, #12	;(PC=0xCBBCD5D8 )
(       libmtguard.so[0xCBBCB000])[3D CA 8C E2 ]0x000025DC:	ADD	IP, IP, #0X3D000	;(IP=0xCBBCD5E0 )
(       libmtguard.so[0xCBBCB000])[F4 F8 BC E5 ]0x000025E0:	LDR	PC, [IP, #0X8F4]!	;(IP=0xCBC0A5E0 )
(       libmtguard.so[0xCBBCB000])[00 E0       ]0x00003E3C:	B	#0XCBBCEE40
(       libmtguard.so[0xCBBCB000])[20 46       ]0x00003E40:	MOV	R0, R4	;(R4=0x30047608 )
(       libmtguard.so[0xCBBCB000])[B0 BD       ]0x00003E42:	POP	{R4, R5, R7, PC}	;(SP=0x100FFF98 )
(       libmtguard.so[0xCBBCB000])[00 28       ]0x000038AE:	CMP	R0, #0	;(R0=0x30047608 )
(       libmtguard.so[0xCBBCB000])[20 60       ]0x000038B0:	STR	R0, [R4]	;(R0=0x30047608 R4=0x300475F0 )
(       libmtguard.so[0xCBBCB000])[05 D1       ]0x000038B2:	BNE	#0XCBBCE8C0
(       libmtguard.so[0xCBBCB000])[20 46       ]0x000038C0:	MOV	R0, R4	;(R4=0x300475F0 )
(       libmtguard.so[0xCBBCB000])[5D F8 04 BB ]0x000038C2:	LDR	FP, [SP], #4	;(SP=0x100FFFA8 )
(       libmtguard.so[0xCBBCB000])[F0 BD       ]0x000038C6:	POP	{R4, R5, R6, R7, PC}	;(SP=0x100FFFAC )
(       libmtguard.so[0xCBBCB000])[01 36       ]0x0000CE08:	ADDS	R6, #1	;(R6=0x000000BD )
(       libmtguard.so[0xCBBCB000])[60 60       ]0x0000CE0A:	STR	R0, [R4, #4]	;(R0=0x300475F0 R4=0xCBC0D67C )
(       libmtguard.so[0xCBBCB000])[B6 F5 7C 7F ]0x0000CE0C:	CMP.W	R6, #0X3F0	;(R6=0x000000BE )
(       libmtguard.so[0xCBBCB000])[F3 D1       ]0x0000CE10:	BNE	#0XCBBD7DFA
(       libmtguard.so[0xCBBCB000])[48 46       ]0x0000CDFA:	MOV	R0, SB	;(SB=0xCBBCFE51 )
(       libmtguard.so[0xCBBCB000])[45 F8 36 80 ]0x0000CDFC:	STR.W	R8, [R5, R6, LSL #3]	;(R8=0xFFFFFFFF R5=0xCBC0D094 R6=0x000000BE )
(       libmtguard.so[0xCBBCB000])[05 EB C6 04 ]0x0000CE00:	ADD.W	R4, R5, R6, LSL #3	;(R5=0xCBC0D094 R6=0x000000BE )
(       libmtguard.so[0xCBBCB000])[F6 F7 3A FD ]0x0000CE04:	BL	#0XCBBCE87C	;(PC=0xCBBD7E04 )
(       libmtguard.so[0xCBBCB000])[F0 B5       ]0x0000387C:	PUSH	{R4, R5, R6, R7, LR}	;(SP=0x100FFFC0 R4=0xCBC0D684 R5=0xCBC0D094 R6=0x000000BE R7=0x100FFFE0 LR=0xCBBD7E09 )
(       libmtguard.so[0xCBBCB000])[03 AF       ]0x0000387E:	ADD	R7, SP, #0XC	;(SP=0x100FFFAC )
(       libmtguard.so[0xCBBCB000])[4D F8 04 BD ]0x00003880:	STR	FP, [SP, #-0X4]!	;(FP=0xCBC0B1C4 SP=0x100FFFAC )
(       libmtguard.so[0xCBBCB000])[05 46       ]0x00003884:	MOV	R5, R0	;(R0=0xCBBCFE51 )
(       libmtguard.so[0xCBBCB000])[01 20       ]0x00003886:	MOVS	R0, #1
(       libmtguard.so[0xCBBCB000])[10 21       ]0x00003888:	MOVS	R1, #0X10
(       libmtguard.so[0xCBBCB000])[00 22       ]0x0000388A:	MOVS	R2, #0
(       libmtguard.so[0xCBBCB000])[00 23       ]0x0000388C:	MOVS	R3, #0
(       libmtguard.so[0xCBBCB000])[00 26       ]0x0000388E:	MOVS	R6, #0
(       libmtguard.so[0xCBBCB000])[00 F0 C6 FA ]0x00003890:	BL	#0XCBBCEE20	;(PC=0xCBBCE890 )
(       libmtguard.so[0xCBBCB000])[B0 B5       ]0x00003E20:	PUSH	{R4, R5, R7, LR}	;(SP=0x100FFFA8 R4=0xCBC0D684 R5=0xCBBCFE51 R7=0x100FFFB8 LR=0xCBBCE895 )
(       libmtguard.so[0xCBBCB000])[02 AF       ]0x00003E22:	ADD	R7, SP, #8	;(SP=0x100FFF98 )
(       libmtguard.so[0xCBBCB000])[01 FB 00 F5 ]0x00003E24:	MUL	R5, R1, R0	;(R1=0x00000010 R0=0x00000001 )
(       libmtguard.so[0xCBBCB000])[4D B1       ]0x00003E28:	CBZ	R5, #0XCBBCEE3E	;(R5=0x00000010 )
(       libmtguard.so[0xCBBCB000])[28 46       ]0x00003E2A:	MOV	R0, R5	;(R5=0x00000010 )
(       libmtguard.so[0xCBBCB000])[FE F7 C8 EB ]0x00003E2C:	BLX	#0XCBBCD5C0	;(PC=0xCBBCEE2C )
(       libmtguard.so[0xCBBCB000])[00 C6 8F E2 ]0x000025C0:	ADD	IP, PC, #0, #12	;(PC=0xCBBCD5C0 )
(       libmtguard.so[0xCBBCB000])[3D CA 8C E2 ]0x000025C4:	ADD	IP, IP, #0X3D000	;(IP=0xCBBCD5C8 )
(       libmtguard.so[0xCBBCB000])[04 F9 BC E5 ]0x000025C8:	LDR	PC, [IP, #0X904]!	;(IP=0xCBC0A5C8 )
(       libmtguard.so[0xCBBCB000])[04 46       ]0x00003E30:	MOV	R4, R0	;(R0=0x30047638 )
(       libmtguard.so[0xCBBCB000])[24 B1       ]0x00003E32:	CBZ	R4, #0XCBBCEE3E	;(R4=0x30047638 )
(       libmtguard.so[0xCBBCB000])[20 46       ]0x00003E34:	MOV	R0, R4	;(R4=0x30047638 )
(       libmtguard.so[0xCBBCB000])[29 46       ]0x00003E36:	MOV	R1, R5	;(R5=0x00000010 )
(       libmtguard.so[0xCBBCB000])[FE F7 CE EB ]0x00003E38:	BLX	#0XCBBCD5D8	;(PC=0xCBBCEE38 )
(       libmtguard.so[0xCBBCB000])[00 C6 8F E2 ]0x000025D8:	ADD	IP, PC, #0, #12	;(PC=0xCBBCD5D8 )
(       libmtguard.so[0xCBBCB000])[3D CA 8C E2 ]0x000025DC:	ADD	IP, IP, #0X3D000	;(IP=0xCBBCD5E0 )
(       libmtguard.so[0xCBBCB000])[F4 F8 BC E5 ]0x000025E0:	LDR	PC, [IP, #0X8F4]!	;(IP=0xCBC0A5E0 )
(       libmtguard.so[0xCBBCB000])[00 E0       ]0x00003E3C:	B	#0XCBBCEE40
(       libmtguard.so[0xCBBCB000])[20 46       ]0x00003E40:	MOV	R0, R4	;(R4=0x30047638 )
(       libmtguard.so[0xCBBCB000])[B0 BD       ]0x00003E42:	POP	{R4, R5, R7, PC}	;(SP=0x100FFF98 )
(       libmtguard.so[0xCBBCB000])[04 46       ]0x00003894:	MOV	R4, R0	;(R0=0x30047638 )
(       libmtguard.so[0xCBBCB000])[94 B1       ]0x00003896:	CBZ	R4, #0XCBBCE8BE	;(R4=0x30047638 )
(       libmtguard.so[0xCBBCB000])[0B 20       ]0x00003898:	MOVS	R0, #0XB
(       libmtguard.so[0xCBBCB000])[C4 E9 00 66 ]0x0000389A:	STRD	R6, R6, [R4]	;(R6=0x00000000 R4=0x30047638 )
(       libmtguard.so[0xCBBCB000])[C4 E9 02 05 ]0x0000389E:	STRD	R0, R5, [R4, #8]	;(R0=0x0000000B R5=0xCBBCFE51 R4=0x30047638 )
(       libmtguard.so[0xCBBCB000])[04 20       ]0x000038A2:	MOVS	R0, #4
(       libmtguard.so[0xCBBCB000])[0B 21       ]0x000038A4:	MOVS	R1, #0XB
(       libmtguard.so[0xCBBCB000])[00 22       ]0x000038A6:	MOVS	R2, #0
(       libmtguard.so[0xCBBCB000])[00 23       ]0x000038A8:	MOVS	R3, #0
(       libmtguard.so[0xCBBCB000])[00 F0 B9 FA ]0x000038AA:	BL	#0XCBBCEE20	;(PC=0xCBBCE8AA )
(       libmtguard.so[0xCBBCB000])[B0 B5       ]0x00003E20:	PUSH	{R4, R5, R7, LR}	;(SP=0x100FFFA8 R4=0x30047638 R5=0xCBBCFE51 R7=0x100FFFB8 LR=0xCBBCE8AF )
(       libmtguard.so[0xCBBCB000])[02 AF       ]0x00003E22:	ADD	R7, SP, #8	;(SP=0x100FFF98 )
(       libmtguard.so[0xCBBCB000])[01 FB 00 F5 ]0x00003E24:	MUL	R5, R1, R0	;(R1=0x0000000B R0=0x00000004 )
(       libmtguard.so[0xCBBCB000])[4D B1       ]0x00003E28:	CBZ	R5, #0XCBBCEE3E	;(R5=0x0000002C )
(       libmtguard.so[0xCBBCB000])[28 46       ]0x00003E2A:	MOV	R0, R5	;(R5=0x0000002C )
(       libmtguard.so[0xCBBCB000])[FE F7 C8 EB ]0x00003E2C:	BLX	#0XCBBCD5C0	;(PC=0xCBBCEE2C )
(       libmtguard.so[0xCBBCB000])[00 C6 8F E2 ]0x000025C0:	ADD	IP, PC, #0, #12	;(PC=0xCBBCD5C0 )
(       libmtguard.so[0xCBBCB000])[3D CA 8C E2 ]0x000025C4:	ADD	IP, IP, #0X3D000	;(IP=0xCBBCD5C8 )
(       libmtguard.so[0xCBBCB000])[04 F9 BC E5 ]0x000025C8:	LDR	PC, [IP, #0X904]!	;(IP=0xCBC0A5C8 )
(       libmtguard.so[0xCBBCB000])[04 46       ]0x00003E30:	MOV	R4, R0	;(R0=0x30047650 )
(       libmtguard.so[0xCBBCB000])[24 B1       ]0x00003E32:	CBZ	R4, #0XCBBCEE3E	;(R4=0x30047650 )
(       libmtguard.so[0xCBBCB000])[20 46       ]0x00003E34:	MOV	R0, R4	;(R4=0x30047650 )
(       libmtguard.so[0xCBBCB000])[29 46       ]0x00003E36:	MOV	R1, R5	;(R5=0x0000002C )
(       libmtguard.so[0xCBBCB000])[FE F7 CE EB ]0x00003E38:	BLX	#0XCBBCD5D8	;(PC=0xCBBCEE38 )
(       libmtguard.so[0xCBBCB000])[00 C6 8F E2 ]0x000025D8:	ADD	IP, PC, #0, #12	;(PC=0xCBBCD5D8 )
(       libmtguard.so[0xCBBCB000])[3D CA 8C E2 ]0x000025DC:	ADD	IP, IP, #0X3D000	;(IP=0xCBBCD5E0 )
(       libmtguard.so[0xCBBCB000])[F4 F8 BC E5 ]0x000025E0:	LDR	PC, [IP, #0X8F4]!	;(IP=0xCBC0A5E0 )
(       libmtguard.so[0xCBBCB000])[00 E0       ]0x00003E3C:	B	#0XCBBCEE40
(       libmtguard.so[0xCBBCB000])[20 46       ]0x00003E40:	MOV	R0, R4	;(R4=0x30047650 )
(       libmtguard.so[0xCBBCB000])[B0 BD       ]0x00003E42:	POP	{R4, R5, R7, PC}	;(SP=0x100FFF98 )
(       libmtguard.so[0xCBBCB000])[00 28       ]0x000038AE:	CMP	R0, #0	;(R0=0x30047650 )
(       libmtguard.so[0xCBBCB000])[20 60       ]0x000038B0:	STR	R0, [R4]	;(R0=0x30047650 R4=0x30047638 )
(       libmtguard.so[0xCBBCB000])[05 D1       ]0x000038B2:	BNE	#0XCBBCE8C0
(       libmtguard.so[0xCBBCB000])[20 46       ]0x000038C0:	MOV	R0, R4	;(R4=0x30047638 )
(       libmtguard.so[0xCBBCB000])[5D F8 04 BB ]0x000038C2:	LDR	FP, [SP], #4	;(SP=0x100FFFA8 )
(       libmtguard.so[0xCBBCB000])[F0 BD       ]0x000038C6:	POP	{R4, R5, R6, R7, PC}	;(SP=0x100FFFAC )
(       libmtguard.so[0xCBBCB000])[01 36       ]0x0000CE08:	ADDS	R6, #1	;(R6=0x000000BE )
(       libmtguard.so[0xCBBCB000])[60 60       ]0x0000CE0A:	STR	R0, [R4, #4]	;(R0=0x30047638 R4=0xCBC0D684 )
(       libmtguard.so[0xCBBCB000])[B6 F5 7C 7F ]0x0000CE0C:	CMP.W	R6, #0X3F0	;(R6=0x000000BF )
(       libmtguard.so[0xCBBCB000])[F3 D1       ]0x0000CE10:	BNE	#0XCBBD7DFA
(       libmtguard.so[0xCBBCB000])[48 46       ]0x0000CDFA:	MOV	R0, SB	;(SB=0xCBBCFE51 )
(       libmtguard.so[0xCBBCB000])[45 F8 36 80 ]0x0000CDFC:	STR.W	R8, [R5, R6, LSL #3]	;(R8=0xFFFFFFFF R5=0xCBC0D094 R6=0x000000BF )
(       libmtguard.so[0xCBBCB000])[05 EB C6 04 ]0x0000CE00:	ADD.W	R4, R5, R6, LSL #3	;(R5=0xCBC0D094 R6=0x000000BF )
(       libmtguard.so[0xCBBCB000])[F6 F7 3A FD ]0x0000CE04:	BL	#0XCBBCE87C	;(PC=0xCBBD7E04 )
(       libmtguard.so[0xCBBCB000])[F0 B5       ]0x0000387C:	PUSH	{R4, R5, R6, R7, LR}	;(SP=0x100FFFC0 R4=0xCBC0D68C R5=0xCBC0D094 R6=0x000000BF R7=0x100FFFE0 LR=0xCBBD7E09 )
(       libmtguard.so[0xCBBCB000])[03 AF       ]0x0000387E:	ADD	R7, SP, #0XC	;(SP=0x100FFFAC )
(       libmtguard.so[0xCBBCB000])[4D F8 04 BD ]0x00003880:	STR	FP, [SP, #-0X4]!	;(FP=0xCBC0B1C4 SP=0x100FFFAC )
(       libmtguard.so[0xCBBCB000])[05 46       ]0x00003884:	MOV	R5, R0	;(R0=0xCBBCFE51 )
(       libmtguard.so[0xCBBCB000])[01 20       ]0x00003886:	MOVS	R0, #1
(       libmtguard.so[0xCBBCB000])[10 21       ]0x00003888:	MOVS	R1, #0X10
(       libmtguard.so[0xCBBCB000])[00 22       ]0x0000388A:	MOVS	R2, #0
(       libmtguard.so[0xCBBCB000])[00 23       ]0x0000388C:	MOVS	R3, #0
(       libmtguard.so[0xCBBCB000])[00 26       ]0x0000388E:	MOVS	R6, #0
(       libmtguard.so[0xCBBCB000])[00 F0 C6 FA ]0x00003890:	BL	#0XCBBCEE20	;(PC=0xCBBCE890 )
(       libmtguard.so[0xCBBCB000])[B0 B5       ]0x00003E20:	PUSH	{R4, R5, R7, LR}	;(SP=0x100FFFA8 R4=0xCBC0D68C R5=0xCBBCFE51 R7=0x100FFFB8 LR=0xCBBCE895 )
(       libmtguard.so[0xCBBCB000])[02 AF       ]0x00003E22:	ADD	R7, SP, #8	;(SP=0x100FFF98 )
(       libmtguard.so[0xCBBCB000])[01 FB 00 F5 ]0x00003E24:	MUL	R5, R1, R0	;(R1=0x00000010 R0=0x00000001 )
(       libmtguard.so[0xCBBCB000])[4D B1       ]0x00003E28:	CBZ	R5, #0XCBBCEE3E	;(R5=0x00000010 )
(       libmtguard.so[0xCBBCB000])[28 46       ]0x00003E2A:	MOV	R0, R5	;(R5=0x00000010 )
(       libmtguard.so[0xCBBCB000])[FE F7 C8 EB ]0x00003E2C:	BLX	#0XCBBCD5C0	;(PC=0xCBBCEE2C )
(       libmtguard.so[0xCBBCB000])[00 C6 8F E2 ]0x000025C0:	ADD	IP, PC, #0, #12	;(PC=0xCBBCD5C0 )
(       libmtguard.so[0xCBBCB000])[3D CA 8C E2 ]0x000025C4:	ADD	IP, IP, #0X3D000	;(IP=0xCBBCD5C8 )
(       libmtguard.so[0xCBBCB000])[04 F9 BC E5 ]0x000025C8:	LDR	PC, [IP, #0X904]!	;(IP=0xCBC0A5C8 )
(       libmtguard.so[0xCBBCB000])[04 46       ]0x00003E30:	MOV	R4, R0	;(R0=0x30047680 )
(       libmtguard.so[0xCBBCB000])[24 B1       ]0x00003E32:	CBZ	R4, #0XCBBCEE3E	;(R4=0x30047680 )
(       libmtguard.so[0xCBBCB000])[20 46       ]0x00003E34:	MOV	R0, R4	;(R4=0x30047680 )
(       libmtguard.so[0xCBBCB000])[29 46       ]0x00003E36:	MOV	R1, R5	;(R5=0x00000010 )
(       libmtguard.so[0xCBBCB000])[FE F7 CE EB ]0x00003E38:	BLX	#0XCBBCD5D8	;(PC=0xCBBCEE38 )
(       libmtguard.so[0xCBBCB000])[00 C6 8F E2 ]0x000025D8:	ADD	IP, PC, #0, #12	;(PC=0xCBBCD5D8 )
(       libmtguard.so[0xCBBCB000])[3D CA 8C E2 ]0x000025DC:	ADD	IP, IP, #0X3D000	;(IP=0xCBBCD5E0 )
(       libmtguard.so[0xCBBCB000])[F4 F8 BC E5 ]0x000025E0:	LDR	PC, [IP, #0X8F4]!	;(IP=0xCBC0A5E0 )
(       libmtguard.so[0xCBBCB000])[00 E0       ]0x00003E3C:	B	#0XCBBCEE40
(       libmtguard.so[0xCBBCB000])[20 46       ]0x00003E40:	MOV	R0, R4	;(R4=0x30047680 )
(       libmtguard.so[0xCBBCB000])[B0 BD       ]0x00003E42:	POP	{R4, R5, R7, PC}	;(SP=0x100FFF98 )
(       libmtguard.so[0xCBBCB000])[04 46       ]0x00003894:	MOV	R4, R0	;(R0=0x30047680 )
(       libmtguard.so[0xCBBCB000])[94 B1       ]0x00003896:	CBZ	R4, #0XCBBCE8BE	;(R4=0x30047680 )
(       libmtguard.so[0xCBBCB000])[0B 20       ]0x00003898:	MOVS	R0, #0XB
(       libmtguard.so[0xCBBCB000])[C4 E9 00 66 ]0x0000389A:	STRD	R6, R6, [R4]	;(R6=0x00000000 R4=0x30047680 )
(       libmtguard.so[0xCBBCB000])[C4 E9 02 05 ]0x0000389E:	STRD	R0, R5, [R4, #8]	;(R0=0x0000000B R5=0xCBBCFE51 R4=0x30047680 )
(       libmtguard.so[0xCBBCB000])[04 20       ]0x000038A2:	MOVS	R0, #4
(       libmtguard.so[0xCBBCB000])[0B 21       ]0x000038A4:	MOVS	R1, #0XB
(       libmtguard.so[0xCBBCB000])[00 22       ]0x000038A6:	MOVS	R2, #0
(       libmtguard.so[0xCBBCB000])[00 23       ]0x000038A8:	MOVS	R3, #0
(       libmtguard.so[0xCBBCB000])[00 F0 B9 FA ]0x000038AA:	BL	#0XCBBCEE20	;(PC=0xCBBCE8AA )
(       libmtguard.so[0xCBBCB000])[B0 B5       ]0x00003E20:	PUSH	{R4, R5, R7, LR}	;(SP=0x100FFFA8 R4=0x30047680 R5=0xCBBCFE51 R7=0x100FFFB8 LR=0xCBBCE8AF )
(       libmtguard.so[0xCBBCB000])[02 AF       ]0x00003E22:	ADD	R7, SP, #8	;(SP=0x100FFF98 )
(       libmtguard.so[0xCBBCB000])[01 FB 00 F5 ]0x00003E24:	MUL	R5, R1, R0	;(R1=0x0000000B R0=0x00000004 )
(       libmtguard.so[0xCBBCB000])[4D B1       ]0x00003E28:	CBZ	R5, #0XCBBCEE3E	;(R5=0x0000002C )
(       libmtguard.so[0xCBBCB000])[28 46       ]0x00003E2A:	MOV	R0, R5	;(R5=0x0000002C )
(       libmtguard.so[0xCBBCB000])[FE F7 C8 EB ]0x00003E2C:	BLX	#0XCBBCD5C0	;(PC=0xCBBCEE2C )
(       libmtguard.so[0xCBBCB000])[00 C6 8F E2 ]0x000025C0:	ADD	IP, PC, #0, #12	;(PC=0xCBBCD5C0 )
(       libmtguard.so[0xCBBCB000])[3D CA 8C E2 ]0x000025C4:	ADD	IP, IP, #0X3D000	;(IP=0xCBBCD5C8 )
(       libmtguard.so[0xCBBCB000])[04 F9 BC E5 ]0x000025C8:	LDR	PC, [IP, #0X904]!	;(IP=0xCBC0A5C8 )
(       libmtguard.so[0xCBBCB000])[04 46       ]0x00003E30:	MOV	R4, R0	;(R0=0x30047698 )
(       libmtguard.so[0xCBBCB000])[24 B1       ]0x00003E32:	CBZ	R4, #0XCBBCEE3E	;(R4=0x30047698 )
(       libmtguard.so[0xCBBCB000])[20 46       ]0x00003E34:	MOV	R0, R4	;(R4=0x30047698 )
(       libmtguard.so[0xCBBCB000])[29 46       ]0x00003E36:	MOV	R1, R5	;(R5=0x0000002C )
(       libmtguard.so[0xCBBCB000])[FE F7 CE EB ]0x00003E38:	BLX	#0XCBBCD5D8	;(PC=0xCBBCEE38 )
(       libmtguard.so[0xCBBCB000])[00 C6 8F E2 ]0x000025D8:	ADD	IP, PC, #0, #12	;(PC=0xCBBCD5D8 )
(       libmtguard.so[0xCBBCB000])[3D CA 8C E2 ]0x000025DC:	ADD	IP, IP, #0X3D000	;(IP=0xCBBCD5E0 )
(       libmtguard.so[0xCBBCB000])[F4 F8 BC E5 ]0x000025E0:	LDR	PC, [IP, #0X8F4]!	;(IP=0xCBC0A5E0 )
(       libmtguard.so[0xCBBCB000])[00 E0       ]0x00003E3C:	B	#0XCBBCEE40
(       libmtguard.so[0xCBBCB000])[20 46       ]0x00003E40:	MOV	R0, R4	;(R4=0x30047698 )
(       libmtguard.so[0xCBBCB000])[B0 BD       ]0x00003E42:	POP	{R4, R5, R7, PC}	;(SP=0x100FFF98 )
(       libmtguard.so[0xCBBCB000])[00 28       ]0x000038AE:	CMP	R0, #0	;(R0=0x30047698 )
(       libmtguard.so[0xCBBCB000])[20 60       ]0x000038B0:	STR	R0, [R4]	;(R0=0x30047698 R4=0x30047680 )
(       libmtguard.so[0xCBBCB000])[05 D1       ]0x000038B2:	BNE	#0XCBBCE8C0
(       libmtguard.so[0xCBBCB000])[20 46       ]0x000038C0:	MOV	R0, R4	;(R4=0x30047680 )
(       libmtguard.so[0xCBBCB000])[5D F8 04 BB ]0x000038C2:	LDR	FP, [SP], #4	;(SP=0x100FFFA8 )
(       libmtguard.so[0xCBBCB000])[F0 BD       ]0x000038C6:	POP	{R4, R5, R6, R7, PC}	;(SP=0x100FFFAC )
(       libmtguard.so[0xCBBCB000])[01 36       ]0x0000CE08:	ADDS	R6, #1	;(R6=0x000000BF )
(       libmtguard.so[0xCBBCB000])[60 60       ]0x0000CE0A:	STR	R0, [R4, #4]	;(R0=0x30047680 R4=0xCBC0D68C )
(       libmtguard.so[0xCBBCB000])[B6 F5 7C 7F ]0x0000CE0C:	CMP.W	R6, #0X3F0	;(R6=0x000000C0 )
(       libmtguard.so[0xCBBCB000])[F3 D1       ]0x0000CE10:	BNE	#0XCBBD7DFA
(       libmtguard.so[0xCBBCB000])[48 46       ]0x0000CDFA:	MOV	R0, SB	;(SB=0xCBBCFE51 )
(       libmtguard.so[0xCBBCB000])[45 F8 36 80 ]0x0000CDFC:	STR.W	R8, [R5, R6, LSL #3]	;(R8=0xFFFFFFFF R5=0xCBC0D094 R6=0x000000C0 )
(       libmtguard.so[0xCBBCB000])[05 EB C6 04 ]0x0000CE00:	ADD.W	R4, R5, R6, LSL #3	;(R5=0xCBC0D094 R6=0x000000C0 )
(       libmtguard.so[0xCBBCB000])[F6 F7 3A FD ]0x0000CE04:	BL	#0XCBBCE87C	;(PC=0xCBBD7E04 )
(       libmtguard.so[0xCBBCB000])[F0 B5       ]0x0000387C:	PUSH	{R4, R5, R6, R7, LR}	;(SP=0x100FFFC0 R4=0xCBC0D694 R5=0xCBC0D094 R6=0x000000C0 R7=0x100FFFE0 LR=0xCBBD7E09 )
(       libmtguard.so[0xCBBCB000])[03 AF       ]0x0000387E:	ADD	R7, SP, #0XC	;(SP=0x100FFFAC )
(       libmtguard.so[0xCBBCB000])[4D F8 04 BD ]0x00003880:	STR	FP, [SP, #-0X4]!	;(FP=0xCBC0B1C4 SP=0x100FFFAC )
(       libmtguard.so[0xCBBCB000])[05 46       ]0x00003884:	MOV	R5, R0	;(R0=0xCBBCFE51 )
(       libmtguard.so[0xCBBCB000])[01 20       ]0x00003886:	MOVS	R0, #1
(       libmtguard.so[0xCBBCB000])[10 21       ]0x00003888:	MOVS	R1, #0X10
(       libmtguard.so[0xCBBCB000])[00 22       ]0x0000388A:	MOVS	R2, #0
(       libmtguard.so[0xCBBCB000])[00 23       ]0x0000388C:	MOVS	R3, #0
(       libmtguard.so[0xCBBCB000])[00 26       ]0x0000388E:	MOVS	R6, #0
(       libmtguard.so[0xCBBCB000])[00 F0 C6 FA ]0x00003890:	BL	#0XCBBCEE20	;(PC=0xCBBCE890 )
(       libmtguard.so[0xCBBCB000])[B0 B5       ]0x00003E20:	PUSH	{R4, R5, R7, LR}	;(SP=0x100FFFA8 R4=0xCBC0D694 R5=0xCBBCFE51 R7=0x100FFFB8 LR=0xCBBCE895 )
(       libmtguard.so[0xCBBCB000])[02 AF       ]0x00003E22:	ADD	R7, SP, #8	;(SP=0x100FFF98 )
(       libmtguard.so[0xCBBCB000])[01 FB 00 F5 ]0x00003E24:	MUL	R5, R1, R0	;(R1=0x00000010 R0=0x00000001 )
(       libmtguard.so[0xCBBCB000])[4D B1       ]0x00003E28:	CBZ	R5, #0XCBBCEE3E	;(R5=0x00000010 )
(       libmtguard.so[0xCBBCB000])[28 46       ]0x00003E2A:	MOV	R0, R5	;(R5=0x00000010 )
(       libmtguard.so[0xCBBCB000])[FE F7 C8 EB ]0x00003E2C:	BLX	#0XCBBCD5C0	;(PC=0xCBBCEE2C )
(       libmtguard.so[0xCBBCB000])[00 C6 8F E2 ]0x000025C0:	ADD	IP, PC, #0, #12	;(PC=0xCBBCD5C0 )
(       libmtguard.so[0xCBBCB000])[3D CA 8C E2 ]0x000025C4:	ADD	IP, IP, #0X3D000	;(IP=0xCBBCD5C8 )
(       libmtguard.so[0xCBBCB000])[04 F9 BC E5 ]0x000025C8:	LDR	PC, [IP, #0X904]!	;(IP=0xCBC0A5C8 )
(       libmtguard.so[0xCBBCB000])[04 46       ]0x00003E30:	MOV	R4, R0	;(R0=0x300476C8 )
(       libmtguard.so[0xCBBCB000])[24 B1       ]0x00003E32:	CBZ	R4, #0XCBBCEE3E	;(R4=0x300476C8 )
(       libmtguard.so[0xCBBCB000])[20 46       ]0x00003E34:	MOV	R0, R4	;(R4=0x300476C8 )
(       libmtguard.so[0xCBBCB000])[29 46       ]0x00003E36:	MOV	R1, R5	;(R5=0x00000010 )
(       libmtguard.so[0xCBBCB000])[FE F7 CE EB ]0x00003E38:	BLX	#0XCBBCD5D8	;(PC=0xCBBCEE38 )
(       libmtguard.so[0xCBBCB000])[00 C6 8F E2 ]0x000025D8:	ADD	IP, PC, #0, #12	;(PC=0xCBBCD5D8 )
(       libmtguard.so[0xCBBCB000])[3D CA 8C E2 ]0x000025DC:	ADD	IP, IP, #0X3D000	;(IP=0xCBBCD5E0 )
(       libmtguard.so[0xCBBCB000])[F4 F8 BC E5 ]0x000025E0:	LDR	PC, [IP, #0X8F4]!	;(IP=0xCBC0A5E0 )
(       libmtguard.so[0xCBBCB000])[00 E0       ]0x00003E3C:	B	#0XCBBCEE40
(       libmtguard.so[0xCBBCB000])[20 46       ]0x00003E40:	MOV	R0, R4	;(R4=0x300476C8 )
(       libmtguard.so[0xCBBCB000])[B0 BD       ]0x00003E42:	POP	{R4, R5, R7, PC}	;(SP=0x100FFF98 )
(       libmtguard.so[0xCBBCB000])[04 46       ]0x00003894:	MOV	R4, R0	;(R0=0x300476C8 )
(       libmtguard.so[0xCBBCB000])[94 B1       ]0x00003896:	CBZ	R4, #0XCBBCE8BE	;(R4=0x300476C8 )
(       libmtguard.so[0xCBBCB000])[0B 20       ]0x00003898:	MOVS	R0, #0XB
(       libmtguard.so[0xCBBCB000])[C4 E9 00 66 ]0x0000389A:	STRD	R6, R6, [R4]	;(R6=0x00000000 R4=0x300476C8 )
(       libmtguard.so[0xCBBCB000])[C4 E9 02 05 ]0x0000389E:	STRD	R0, R5, [R4, #8]	;(R0=0x0000000B R5=0xCBBCFE51 R4=0x300476C8 )
(       libmtguard.so[0xCBBCB000])[04 20       ]0x000038A2:	MOVS	R0, #4
(       libmtguard.so[0xCBBCB000])[0B 21       ]0x000038A4:	MOVS	R1, #0XB
(       libmtguard.so[0xCBBCB000])[00 22       ]0x000038A6:	MOVS	R2, #0
(       libmtguard.so[0xCBBCB000])[00 23       ]0x000038A8:	MOVS	R3, #0
(       libmtguard.so[0xCBBCB000])[00 F0 B9 FA ]0x000038AA:	BL	#0XCBBCEE20	;(PC=0xCBBCE8AA )
(       libmtguard.so[0xCBBCB000])[B0 B5       ]0x00003E20:	PUSH	{R4, R5, R7, LR}	;(SP=0x100FFFA8 R4=0x300476C8 R5=0xCBBCFE51 R7=0x100FFFB8 LR=0xCBBCE8AF )
(       libmtguard.so[0xCBBCB000])[02 AF       ]0x00003E22:	ADD	R7, SP, #8	;(SP=0x100FFF98 )
(       libmtguard.so[0xCBBCB000])[01 FB 00 F5 ]0x00003E24:	MUL	R5, R1, R0	;(R1=0x0000000B R0=0x00000004 )
(       libmtguard.so[0xCBBCB000])[4D B1       ]0x00003E28:	CBZ	R5, #0XCBBCEE3E	;(R5=0x0000002C )
(       libmtguard.so[0xCBBCB000])[28 46       ]0x00003E2A:	MOV	R0, R5	;(R5=0x0000002C )
(       libmtguard.so[0xCBBCB000])[FE F7 C8 EB ]0x00003E2C:	BLX	#0XCBBCD5C0	;(PC=0xCBBCEE2C )
(       libmtguard.so[0xCBBCB000])[00 C6 8F E2 ]0x000025C0:	ADD	IP, PC, #0, #12	;(PC=0xCBBCD5C0 )
(       libmtguard.so[0xCBBCB000])[3D CA 8C E2 ]0x000025C4:	ADD	IP, IP, #0X3D000	;(IP=0xCBBCD5C8 )
(       libmtguard.so[0xCBBCB000])[04 F9 BC E5 ]0x000025C8:	LDR	PC, [IP, #0X904]!	;(IP=0xCBC0A5C8 )
(       libmtguard.so[0xCBBCB000])[04 46       ]0x00003E30:	MOV	R4, R0	;(R0=0x300476E0 )
(       libmtguard.so[0xCBBCB000])[24 B1       ]0x00003E32:	CBZ	R4, #0XCBBCEE3E	;(R4=0x300476E0 )
(       libmtguard.so[0xCBBCB000])[20 46       ]0x00003E34:	MOV	R0, R4	;(R4=0x300476E0 )
(       libmtguard.so[0xCBBCB000])[29 46       ]0x00003E36:	MOV	R1, R5	;(R5=0x0000002C )
(       libmtguard.so[0xCBBCB000])[FE F7 CE EB ]0x00003E38:	BLX	#0XCBBCD5D8	;(PC=0xCBBCEE38 )
(       libmtguard.so[0xCBBCB000])[00 C6 8F E2 ]0x000025D8:	ADD	IP, PC, #0, #12	;(PC=0xCBBCD5D8 )
(       libmtguard.so[0xCBBCB000])[3D CA 8C E2 ]0x000025DC:	ADD	IP, IP, #0X3D000	;(IP=0xCBBCD5E0 )
(       libmtguard.so[0xCBBCB000])[F4 F8 BC E5 ]0x000025E0:	LDR	PC, [IP, #0X8F4]!	;(IP=0xCBC0A5E0 )
(       libmtguard.so[0xCBBCB000])[00 E0       ]0x00003E3C:	B	#0XCBBCEE40
(       libmtguard.so[0xCBBCB000])[20 46       ]0x00003E40:	MOV	R0, R4	;(R4=0x300476E0 )
(       libmtguard.so[0xCBBCB000])[B0 BD       ]0x00003E42:	POP	{R4, R5, R7, PC}	;(SP=0x100FFF98 )
(       libmtguard.so[0xCBBCB000])[00 28       ]0x000038AE:	CMP	R0, #0	;(R0=0x300476E0 )
(       libmtguard.so[0xCBBCB000])[20 60       ]0x000038B0:	STR	R0, [R4]	;(R0=0x300476E0 R4=0x300476C8 )
(       libmtguard.so[0xCBBCB000])[05 D1       ]0x000038B2:	BNE	#0XCBBCE8C0
(       libmtguard.so[0xCBBCB000])[20 46       ]0x000038C0:	MOV	R0, R4	;(R4=0x300476C8 )
(       libmtguard.so[0xCBBCB000])[5D F8 04 BB ]0x000038C2:	LDR	FP, [SP], #4	;(SP=0x100FFFA8 )
(       libmtguard.so[0xCBBCB000])[F0 BD       ]0x000038C6:	POP	{R4, R5, R6, R7, PC}	;(SP=0x100FFFAC )
(       libmtguard.so[0xCBBCB000])[01 36       ]0x0000CE08:	ADDS	R6, #1	;(R6=0x000000C0 )
(       libmtguard.so[0xCBBCB000])[60 60       ]0x0000CE0A:	STR	R0, [R4, #4]	;(R0=0x300476C8 R4=0xCBC0D694 )
(       libmtguard.so[0xCBBCB000])[B6 F5 7C 7F ]0x0000CE0C:	CMP.W	R6, #0X3F0	;(R6=0x000000C1 )
(       libmtguard.so[0xCBBCB000])[F3 D1       ]0x0000CE10:	BNE	#0XCBBD7DFA
(       libmtguard.so[0xCBBCB000])[48 46       ]0x0000CDFA:	MOV	R0, SB	;(SB=0xCBBCFE51 )
(       libmtguard.so[0xCBBCB000])[45 F8 36 80 ]0x0000CDFC:	STR.W	R8, [R5, R6, LSL #3]	;(R8=0xFFFFFFFF R5=0xCBC0D094 R6=0x000000C1 )
(       libmtguard.so[0xCBBCB000])[05 EB C6 04 ]0x0000CE00:	ADD.W	R4, R5, R6, LSL #3	;(R5=0xCBC0D094 R6=0x000000C1 )
(       libmtguard.so[0xCBBCB000])[F6 F7 3A FD ]0x0000CE04:	BL	#0XCBBCE87C	;(PC=0xCBBD7E04 )
(       libmtguard.so[0xCBBCB000])[F0 B5       ]0x0000387C:	PUSH	{R4, R5, R6, R7, LR}	;(SP=0x100FFFC0 R4=0xCBC0D69C R5=0xCBC0D094 R6=0x000000C1 R7=0x100FFFE0 LR=0xCBBD7E09 )
(       libmtguard.so[0xCBBCB000])[03 AF       ]0x0000387E:	ADD	R7, SP, #0XC	;(SP=0x100FFFAC )
(       libmtguard.so[0xCBBCB000])[4D F8 04 BD ]0x00003880:	STR	FP, [SP, #-0X4]!	;(FP=0xCBC0B1C4 SP=0x100FFFAC )
(       libmtguard.so[0xCBBCB000])[05 46       ]0x00003884:	MOV	R5, R0	;(R0=0xCBBCFE51 )
(       libmtguard.so[0xCBBCB000])[01 20       ]0x00003886:	MOVS	R0, #1
(       libmtguard.so[0xCBBCB000])[10 21       ]0x00003888:	MOVS	R1, #0X10
(       libmtguard.so[0xCBBCB000])[00 22       ]0x0000388A:	MOVS	R2, #0
(       libmtguard.so[0xCBBCB000])[00 23       ]0x0000388C:	MOVS	R3, #0
(       libmtguard.so[0xCBBCB000])[00 26       ]0x0000388E:	MOVS	R6, #0
(       libmtguard.so[0xCBBCB000])[00 F0 C6 FA ]0x00003890:	BL	#0XCBBCEE20	;(PC=0xCBBCE890 )
(       libmtguard.so[0xCBBCB000])[B0 B5       ]0x00003E20:	PUSH	{R4, R5, R7, LR}	;(SP=0x100FFFA8 R4=0xCBC0D69C R5=0xCBBCFE51 R7=0x100FFFB8 LR=0xCBBCE895 )
(       libmtguard.so[0xCBBCB000])[02 AF       ]0x00003E22:	ADD	R7, SP, #8	;(SP=0x100FFF98 )
(       libmtguard.so[0xCBBCB000])[01 FB 00 F5 ]0x00003E24:	MUL	R5, R1, R0	;(R1=0x00000010 R0=0x00000001 )
(       libmtguard.so[0xCBBCB000])[4D B1       ]0x00003E28:	CBZ	R5, #0XCBBCEE3E	;(R5=0x00000010 )
(       libmtguard.so[0xCBBCB000])[28 46       ]0x00003E2A:	MOV	R0, R5	;(R5=0x00000010 )
(       libmtguard.so[0xCBBCB000])[FE F7 C8 EB ]0x00003E2C:	BLX	#0XCBBCD5C0	;(PC=0xCBBCEE2C )
(       libmtguard.so[0xCBBCB000])[00 C6 8F E2 ]0x000025C0:	ADD	IP, PC, #0, #12	;(PC=0xCBBCD5C0 )
(       libmtguard.so[0xCBBCB000])[3D CA 8C E2 ]0x000025C4:	ADD	IP, IP, #0X3D000	;(IP=0xCBBCD5C8 )
(       libmtguard.so[0xCBBCB000])[04 F9 BC E5 ]0x000025C8:	LDR	PC, [IP, #0X904]!	;(IP=0xCBC0A5C8 )
(       libmtguard.so[0xCBBCB000])[04 46       ]0x00003E30:	MOV	R4, R0	;(R0=0x30047710 )
(       libmtguard.so[0xCBBCB000])[24 B1       ]0x00003E32:	CBZ	R4, #0XCBBCEE3E	;(R4=0x30047710 )
(       libmtguard.so[0xCBBCB000])[20 46       ]0x00003E34:	MOV	R0, R4	;(R4=0x30047710 )
(       libmtguard.so[0xCBBCB000])[29 46       ]0x00003E36:	MOV	R1, R5	;(R5=0x00000010 )
(       libmtguard.so[0xCBBCB000])[FE F7 CE EB ]0x00003E38:	BLX	#0XCBBCD5D8	;(PC=0xCBBCEE38 )
(       libmtguard.so[0xCBBCB000])[00 C6 8F E2 ]0x000025D8:	ADD	IP, PC, #0, #12	;(PC=0xCBBCD5D8 )
(       libmtguard.so[0xCBBCB000])[3D CA 8C E2 ]0x000025DC:	ADD	IP, IP, #0X3D000	;(IP=0xCBBCD5E0 )
(       libmtguard.so[0xCBBCB000])[F4 F8 BC E5 ]0x000025E0:	LDR	PC, [IP, #0X8F4]!	;(IP=0xCBC0A5E0 )
(       libmtguard.so[0xCBBCB000])[00 E0       ]0x00003E3C:	B	#0XCBBCEE40
(       libmtguard.so[0xCBBCB000])[20 46       ]0x00003E40:	MOV	R0, R4	;(R4=0x30047710 )
(       libmtguard.so[0xCBBCB000])[B0 BD       ]0x00003E42:	POP	{R4, R5, R7, PC}	;(SP=0x100FFF98 )
(       libmtguard.so[0xCBBCB000])[04 46       ]0x00003894:	MOV	R4, R0	;(R0=0x30047710 )
(       libmtguard.so[0xCBBCB000])[94 B1       ]0x00003896:	CBZ	R4, #0XCBBCE8BE	;(R4=0x30047710 )
(       libmtguard.so[0xCBBCB000])[0B 20       ]0x00003898:	MOVS	R0, #0XB
(       libmtguard.so[0xCBBCB000])[C4 E9 00 66 ]0x0000389A:	STRD	R6, R6, [R4]	;(R6=0x00000000 R4=0x30047710 )
(       libmtguard.so[0xCBBCB000])[C4 E9 02 05 ]0x0000389E:	STRD	R0, R5, [R4, #8]	;(R0=0x0000000B R5=0xCBBCFE51 R4=0x30047710 )
(       libmtguard.so[0xCBBCB000])[04 20       ]0x000038A2:	MOVS	R0, #4
(       libmtguard.so[0xCBBCB000])[0B 21       ]0x000038A4:	MOVS	R1, #0XB
(       libmtguard.so[0xCBBCB000])[00 22       ]0x000038A6:	MOVS	R2, #0
(       libmtguard.so[0xCBBCB000])[00 23       ]0x000038A8:	MOVS	R3, #0
(       libmtguard.so[0xCBBCB000])[00 F0 B9 FA ]0x000038AA:	BL	#0XCBBCEE20	;(PC=0xCBBCE8AA )
(       libmtguard.so[0xCBBCB000])[B0 B5       ]0x00003E20:	PUSH	{R4, R5, R7, LR}	;(SP=0x100FFFA8 R4=0x30047710 R5=0xCBBCFE51 R7=0x100FFFB8 LR=0xCBBCE8AF )
(       libmtguard.so[0xCBBCB000])[02 AF       ]0x00003E22:	ADD	R7, SP, #8	;(SP=0x100FFF98 )
(       libmtguard.so[0xCBBCB000])[01 FB 00 F5 ]0x00003E24:	MUL	R5, R1, R0	;(R1=0x0000000B R0=0x00000004 )
(       libmtguard.so[0xCBBCB000])[4D B1       ]0x00003E28:	CBZ	R5, #0XCBBCEE3E	;(R5=0x0000002C )
(       libmtguard.so[0xCBBCB000])[28 46       ]0x00003E2A:	MOV	R0, R5	;(R5=0x0000002C )
(       libmtguard.so[0xCBBCB000])[FE F7 C8 EB ]0x00003E2C:	BLX	#0XCBBCD5C0	;(PC=0xCBBCEE2C )
(       libmtguard.so[0xCBBCB000])[00 C6 8F E2 ]0x000025C0:	ADD	IP, PC, #0, #12	;(PC=0xCBBCD5C0 )
(       libmtguard.so[0xCBBCB000])[3D CA 8C E2 ]0x000025C4:	ADD	IP, IP, #0X3D000	;(IP=0xCBBCD5C8 )
(       libmtguard.so[0xCBBCB000])[04 F9 BC E5 ]0x000025C8:	LDR	PC, [IP, #0X904]!	;(IP=0xCBC0A5C8 )
(       libmtguard.so[0xCBBCB000])[04 46       ]0x00003E30:	MOV	R4, R0	;(R0=0x30047728 )
(       libmtguard.so[0xCBBCB000])[24 B1       ]0x00003E32:	CBZ	R4, #0XCBBCEE3E	;(R4=0x30047728 )
(       libmtguard.so[0xCBBCB000])[20 46       ]0x00003E34:	MOV	R0, R4	;(R4=0x30047728 )
(       libmtguard.so[0xCBBCB000])[29 46       ]0x00003E36:	MOV	R1, R5	;(R5=0x0000002C )
(       libmtguard.so[0xCBBCB000])[FE F7 CE EB ]0x00003E38:	BLX	#0XCBBCD5D8	;(PC=0xCBBCEE38 )
(       libmtguard.so[0xCBBCB000])[00 C6 8F E2 ]0x000025D8:	ADD	IP, PC, #0, #12	;(PC=0xCBBCD5D8 )
(       libmtguard.so[0xCBBCB000])[3D CA 8C E2 ]0x000025DC:	ADD	IP, IP, #0X3D000	;(IP=0xCBBCD5E0 )
(       libmtguard.so[0xCBBCB000])[F4 F8 BC E5 ]0x000025E0:	LDR	PC, [IP, #0X8F4]!	;(IP=0xCBC0A5E0 )
(       libmtguard.so[0xCBBCB000])[00 E0       ]0x00003E3C:	B	#0XCBBCEE40
(       libmtguard.so[0xCBBCB000])[20 46       ]0x00003E40:	MOV	R0, R4	;(R4=0x30047728 )
(       libmtguard.so[0xCBBCB000])[B0 BD       ]0x00003E42:	POP	{R4, R5, R7, PC}	;(SP=0x100FFF98 )
(       libmtguard.so[0xCBBCB000])[00 28       ]0x000038AE:	CMP	R0, #0	;(R0=0x30047728 )
(       libmtguard.so[0xCBBCB000])[20 60       ]0x000038B0:	STR	R0, [R4]	;(R0=0x30047728 R4=0x30047710 )
(       libmtguard.so[0xCBBCB000])[05 D1       ]0x000038B2:	BNE	#0XCBBCE8C0
(       libmtguard.so[0xCBBCB000])[20 46       ]0x000038C0:	MOV	R0, R4	;(R4=0x30047710 )
(       libmtguard.so[0xCBBCB000])[5D F8 04 BB ]0x000038C2:	LDR	FP, [SP], #4	;(SP=0x100FFFA8 )
(       libmtguard.so[0xCBBCB000])[F0 BD       ]0x000038C6:	POP	{R4, R5, R6, R7, PC}	;(SP=0x100FFFAC )
(       libmtguard.so[0xCBBCB000])[01 36       ]0x0000CE08:	ADDS	R6, #1	;(R6=0x000000C1 )
(       libmtguard.so[0xCBBCB000])[60 60       ]0x0000CE0A:	STR	R0, [R4, #4]	;(R0=0x30047710 R4=0xCBC0D69C )
(       libmtguard.so[0xCBBCB000])[B6 F5 7C 7F ]0x0000CE0C:	CMP.W	R6, #0X3F0	;(R6=0x000000C2 )
(       libmtguard.so[0xCBBCB000])[F3 D1       ]0x0000CE10:	BNE	#0XCBBD7DFA
(       libmtguard.so[0xCBBCB000])[48 46       ]0x0000CDFA:	MOV	R0, SB	;(SB=0xCBBCFE51 )
(       libmtguard.so[0xCBBCB000])[45 F8 36 80 ]0x0000CDFC:	STR.W	R8, [R5, R6, LSL #3]	;(R8=0xFFFFFFFF R5=0xCBC0D094 R6=0x000000C2 )
(       libmtguard.so[0xCBBCB000])[05 EB C6 04 ]0x0000CE00:	ADD.W	R4, R5, R6, LSL #3	;(R5=0xCBC0D094 R6=0x000000C2 )
(       libmtguard.so[0xCBBCB000])[F6 F7 3A FD ]0x0000CE04:	BL	#0XCBBCE87C	;(PC=0xCBBD7E04 )
(       libmtguard.so[0xCBBCB000])[F0 B5       ]0x0000387C:	PUSH	{R4, R5, R6, R7, LR}	;(SP=0x100FFFC0 R4=0xCBC0D6A4 R5=0xCBC0D094 R6=0x000000C2 R7=0x100FFFE0 LR=0xCBBD7E09 )
(       libmtguard.so[0xCBBCB000])[03 AF       ]0x0000387E:	ADD	R7, SP, #0XC	;(SP=0x100FFFAC )
(       libmtguard.so[0xCBBCB000])[4D F8 04 BD ]0x00003880:	STR	FP, [SP, #-0X4]!	;(FP=0xCBC0B1C4 SP=0x100FFFAC )
(       libmtguard.so[0xCBBCB000])[05 46       ]0x00003884:	MOV	R5, R0	;(R0=0xCBBCFE51 )
(       libmtguard.so[0xCBBCB000])[01 20       ]0x00003886:	MOVS	R0, #1
(       libmtguard.so[0xCBBCB000])[10 21       ]0x00003888:	MOVS	R1, #0X10
(       libmtguard.so[0xCBBCB000])[00 22       ]0x0000388A:	MOVS	R2, #0
(       libmtguard.so[0xCBBCB000])[00 23       ]0x0000388C:	MOVS	R3, #0
(       libmtguard.so[0xCBBCB000])[00 26       ]0x0000388E:	MOVS	R6, #0
(       libmtguard.so[0xCBBCB000])[00 F0 C6 FA ]0x00003890:	BL	#0XCBBCEE20	;(PC=0xCBBCE890 )
(       libmtguard.so[0xCBBCB000])[B0 B5       ]0x00003E20:	PUSH	{R4, R5, R7, LR}	;(SP=0x100FFFA8 R4=0xCBC0D6A4 R5=0xCBBCFE51 R7=0x100FFFB8 LR=0xCBBCE895 )
(       libmtguard.so[0xCBBCB000])[02 AF       ]0x00003E22:	ADD	R7, SP, #8	;(SP=0x100FFF98 )
(       libmtguard.so[0xCBBCB000])[01 FB 00 F5 ]0x00003E24:	MUL	R5, R1, R0	;(R1=0x00000010 R0=0x00000001 )
(       libmtguard.so[0xCBBCB000])[4D B1       ]0x00003E28:	CBZ	R5, #0XCBBCEE3E	;(R5=0x00000010 )
(       libmtguard.so[0xCBBCB000])[28 46       ]0x00003E2A:	MOV	R0, R5	;(R5=0x00000010 )
(       libmtguard.so[0xCBBCB000])[FE F7 C8 EB ]0x00003E2C:	BLX	#0XCBBCD5C0	;(PC=0xCBBCEE2C )
(       libmtguard.so[0xCBBCB000])[00 C6 8F E2 ]0x000025C0:	ADD	IP, PC, #0, #12	;(PC=0xCBBCD5C0 )
(       libmtguard.so[0xCBBCB000])[3D CA 8C E2 ]0x000025C4:	ADD	IP, IP, #0X3D000	;(IP=0xCBBCD5C8 )
(       libmtguard.so[0xCBBCB000])[04 F9 BC E5 ]0x000025C8:	LDR	PC, [IP, #0X904]!	;(IP=0xCBC0A5C8 )
(       libmtguard.so[0xCBBCB000])[04 46       ]0x00003E30:	MOV	R4, R0	;(R0=0x30047758 )
(       libmtguard.so[0xCBBCB000])[24 B1       ]0x00003E32:	CBZ	R4, #0XCBBCEE3E	;(R4=0x30047758 )
(       libmtguard.so[0xCBBCB000])[20 46       ]0x00003E34:	MOV	R0, R4	;(R4=0x30047758 )
(       libmtguard.so[0xCBBCB000])[29 46       ]0x00003E36:	MOV	R1, R5	;(R5=0x00000010 )
(       libmtguard.so[0xCBBCB000])[FE F7 CE EB ]0x00003E38:	BLX	#0XCBBCD5D8	;(PC=0xCBBCEE38 )
(       libmtguard.so[0xCBBCB000])[00 C6 8F E2 ]0x000025D8:	ADD	IP, PC, #0, #12	;(PC=0xCBBCD5D8 )
(       libmtguard.so[0xCBBCB000])[3D CA 8C E2 ]0x000025DC:	ADD	IP, IP, #0X3D000	;(IP=0xCBBCD5E0 )
(       libmtguard.so[0xCBBCB000])[F4 F8 BC E5 ]0x000025E0:	LDR	PC, [IP, #0X8F4]!	;(IP=0xCBC0A5E0 )
(       libmtguard.so[0xCBBCB000])[00 E0       ]0x00003E3C:	B	#0XCBBCEE40
(       libmtguard.so[0xCBBCB000])[20 46       ]0x00003E40:	MOV	R0, R4	;(R4=0x30047758 )
(       libmtguard.so[0xCBBCB000])[B0 BD       ]0x00003E42:	POP	{R4, R5, R7, PC}	;(SP=0x100FFF98 )
(       libmtguard.so[0xCBBCB000])[04 46       ]0x00003894:	MOV	R4, R0	;(R0=0x30047758 )
(       libmtguard.so[0xCBBCB000])[94 B1       ]0x00003896:	CBZ	R4, #0XCBBCE8BE	;(R4=0x30047758 )
(       libmtguard.so[0xCBBCB000])[0B 20       ]0x00003898:	MOVS	R0, #0XB
(       libmtguard.so[0xCBBCB000])[C4 E9 00 66 ]0x0000389A:	STRD	R6, R6, [R4]	;(R6=0x00000000 R4=0x30047758 )
(       libmtguard.so[0xCBBCB000])[C4 E9 02 05 ]0x0000389E:	STRD	R0, R5, [R4, #8]	;(R0=0x0000000B R5=0xCBBCFE51 R4=0x30047758 )
(       libmtguard.so[0xCBBCB000])[04 20       ]0x000038A2:	MOVS	R0, #4
(       libmtguard.so[0xCBBCB000])[0B 21       ]0x000038A4:	MOVS	R1, #0XB
(       libmtguard.so[0xCBBCB000])[00 22       ]0x000038A6:	MOVS	R2, #0
(       libmtguard.so[0xCBBCB000])[00 23       ]0x000038A8:	MOVS	R3, #0
(       libmtguard.so[0xCBBCB000])[00 F0 B9 FA ]0x000038AA:	BL	#0XCBBCEE20	;(PC=0xCBBCE8AA )
(       libmtguard.so[0xCBBCB000])[B0 B5       ]0x00003E20:	PUSH	{R4, R5, R7, LR}	;(SP=0x100FFFA8 R4=0x30047758 R5=0xCBBCFE51 R7=0x100FFFB8 LR=0xCBBCE8AF )
(       libmtguard.so[0xCBBCB000])[02 AF       ]0x00003E22:	ADD	R7, SP, #8	;(SP=0x100FFF98 )
(       libmtguard.so[0xCBBCB000])[01 FB 00 F5 ]0x00003E24:	MUL	R5, R1, R0	;(R1=0x0000000B R0=0x00000004 )
(       libmtguard.so[0xCBBCB000])[4D B1       ]0x00003E28:	CBZ	R5, #0XCBBCEE3E	;(R5=0x0000002C )
(       libmtguard.so[0xCBBCB000])[28 46       ]0x00003E2A:	MOV	R0, R5	;(R5=0x0000002C )
(       libmtguard.so[0xCBBCB000])[FE F7 C8 EB ]0x00003E2C:	BLX	#0XCBBCD5C0	;(PC=0xCBBCEE2C )
(       libmtguard.so[0xCBBCB000])[00 C6 8F E2 ]0x000025C0:	ADD	IP, PC, #0, #12	;(PC=0xCBBCD5C0 )
(       libmtguard.so[0xCBBCB000])[3D CA 8C E2 ]0x000025C4:	ADD	IP, IP, #0X3D000	;(IP=0xCBBCD5C8 )
(       libmtguard.so[0xCBBCB000])[04 F9 BC E5 ]0x000025C8:	LDR	PC, [IP, #0X904]!	;(IP=0xCBC0A5C8 )
(       libmtguard.so[0xCBBCB000])[04 46       ]0x00003E30:	MOV	R4, R0	;(R0=0x30047770 )
(       libmtguard.so[0xCBBCB000])[24 B1       ]0x00003E32:	CBZ	R4, #0XCBBCEE3E	;(R4=0x30047770 )
(       libmtguard.so[0xCBBCB000])[20 46       ]0x00003E34:	MOV	R0, R4	;(R4=0x30047770 )
(       libmtguard.so[0xCBBCB000])[29 46       ]0x00003E36:	MOV	R1, R5	;(R5=0x0000002C )
(       libmtguard.so[0xCBBCB000])[FE F7 CE EB ]0x00003E38:	BLX	#0XCBBCD5D8	;(PC=0xCBBCEE38 )
(       libmtguard.so[0xCBBCB000])[00 C6 8F E2 ]0x000025D8:	ADD	IP, PC, #0, #12	;(PC=0xCBBCD5D8 )
(       libmtguard.so[0xCBBCB000])[3D CA 8C E2 ]0x000025DC:	ADD	IP, IP, #0X3D000	;(IP=0xCBBCD5E0 )
(       libmtguard.so[0xCBBCB000])[F4 F8 BC E5 ]0x000025E0:	LDR	PC, [IP, #0X8F4]!	;(IP=0xCBC0A5E0 )
(       libmtguard.so[0xCBBCB000])[00 E0       ]0x00003E3C:	B	#0XCBBCEE40
(       libmtguard.so[0xCBBCB000])[20 46       ]0x00003E40:	MOV	R0, R4	;(R4=0x30047770 )
(       libmtguard.so[0xCBBCB000])[B0 BD       ]0x00003E42:	POP	{R4, R5, R7, PC}	;(SP=0x100FFF98 )
(       libmtguard.so[0xCBBCB000])[00 28       ]0x000038AE:	CMP	R0, #0	;(R0=0x30047770 )
(       libmtguard.so[0xCBBCB000])[20 60       ]0x000038B0:	STR	R0, [R4]	;(R0=0x30047770 R4=0x30047758 )
(       libmtguard.so[0xCBBCB000])[05 D1       ]0x000038B2:	BNE	#0XCBBCE8C0
(       libmtguard.so[0xCBBCB000])[20 46       ]0x000038C0:	MOV	R0, R4	;(R4=0x30047758 )
(       libmtguard.so[0xCBBCB000])[5D F8 04 BB ]0x000038C2:	LDR	FP, [SP], #4	;(SP=0x100FFFA8 )
(       libmtguard.so[0xCBBCB000])[F0 BD       ]0x000038C6:	POP	{R4, R5, R6, R7, PC}	;(SP=0x100FFFAC )
(       libmtguard.so[0xCBBCB000])[01 36       ]0x0000CE08:	ADDS	R6, #1	;(R6=0x000000C2 )
(       libmtguard.so[0xCBBCB000])[60 60       ]0x0000CE0A:	STR	R0, [R4, #4]	;(R0=0x30047758 R4=0xCBC0D6A4 )
(       libmtguard.so[0xCBBCB000])[B6 F5 7C 7F ]0x0000CE0C:	CMP.W	R6, #0X3F0	;(R6=0x000000C3 )
(       libmtguard.so[0xCBBCB000])[F3 D1       ]0x0000CE10:	BNE	#0XCBBD7DFA
(       libmtguard.so[0xCBBCB000])[48 46       ]0x0000CDFA:	MOV	R0, SB	;(SB=0xCBBCFE51 )
(       libmtguard.so[0xCBBCB000])[45 F8 36 80 ]0x0000CDFC:	STR.W	R8, [R5, R6, LSL #3]	;(R8=0xFFFFFFFF R5=0xCBC0D094 R6=0x000000C3 )
(       libmtguard.so[0xCBBCB000])[05 EB C6 04 ]0x0000CE00:	ADD.W	R4, R5, R6, LSL #3	;(R5=0xCBC0D094 R6=0x000000C3 )
(       libmtguard.so[0xCBBCB000])[F6 F7 3A FD ]0x0000CE04:	BL	#0XCBBCE87C	;(PC=0xCBBD7E04 )
(       libmtguard.so[0xCBBCB000])[F0 B5       ]0x0000387C:	PUSH	{R4, R5, R6, R7, LR}	;(SP=0x100FFFC0 R4=0xCBC0D6AC R5=0xCBC0D094 R6=0x000000C3 R7=0x100FFFE0 LR=0xCBBD7E09 )
(       libmtguard.so[0xCBBCB000])[03 AF       ]0x0000387E:	ADD	R7, SP, #0XC	;(SP=0x100FFFAC )
(       libmtguard.so[0xCBBCB000])[4D F8 04 BD ]0x00003880:	STR	FP, [SP, #-0X4]!	;(FP=0xCBC0B1C4 SP=0x100FFFAC )
(       libmtguard.so[0xCBBCB000])[05 46       ]0x00003884:	MOV	R5, R0	;(R0=0xCBBCFE51 )
(       libmtguard.so[0xCBBCB000])[01 20       ]0x00003886:	MOVS	R0, #1
(       libmtguard.so[0xCBBCB000])[10 21       ]0x00003888:	MOVS	R1, #0X10
(       libmtguard.so[0xCBBCB000])[00 22       ]0x0000388A:	MOVS	R2, #0
(       libmtguard.so[0xCBBCB000])[00 23       ]0x0000388C:	MOVS	R3, #0
(       libmtguard.so[0xCBBCB000])[00 26       ]0x0000388E:	MOVS	R6, #0
(       libmtguard.so[0xCBBCB000])[00 F0 C6 FA ]0x00003890:	BL	#0XCBBCEE20	;(PC=0xCBBCE890 )
(       libmtguard.so[0xCBBCB000])[B0 B5       ]0x00003E20:	PUSH	{R4, R5, R7, LR}	;(SP=0x100FFFA8 R4=0xCBC0D6AC R5=0xCBBCFE51 R7=0x100FFFB8 LR=0xCBBCE895 )
(       libmtguard.so[0xCBBCB000])[02 AF       ]0x00003E22:	ADD	R7, SP, #8	;(SP=0x100FFF98 )
(       libmtguard.so[0xCBBCB000])[01 FB 00 F5 ]0x00003E24:	MUL	R5, R1, R0	;(R1=0x00000010 R0=0x00000001 )
(       libmtguard.so[0xCBBCB000])[4D B1       ]0x00003E28:	CBZ	R5, #0XCBBCEE3E	;(R5=0x00000010 )
(       libmtguard.so[0xCBBCB000])[28 46       ]0x00003E2A:	MOV	R0, R5	;(R5=0x00000010 )
(       libmtguard.so[0xCBBCB000])[FE F7 C8 EB ]0x00003E2C:	BLX	#0XCBBCD5C0	;(PC=0xCBBCEE2C )
(       libmtguard.so[0xCBBCB000])[00 C6 8F E2 ]0x000025C0:	ADD	IP, PC, #0, #12	;(PC=0xCBBCD5C0 )
(       libmtguard.so[0xCBBCB000])[3D CA 8C E2 ]0x000025C4:	ADD	IP, IP, #0X3D000	;(IP=0xCBBCD5C8 )
(       libmtguard.so[0xCBBCB000])[04 F9 BC E5 ]0x000025C8:	LDR	PC, [IP, #0X904]!	;(IP=0xCBC0A5C8 )
(       libmtguard.so[0xCBBCB000])[04 46       ]0x00003E30:	MOV	R4, R0	;(R0=0x300477A0 )
(       libmtguard.so[0xCBBCB000])[24 B1       ]0x00003E32:	CBZ	R4, #0XCBBCEE3E	;(R4=0x300477A0 )
(       libmtguard.so[0xCBBCB000])[20 46       ]0x00003E34:	MOV	R0, R4	;(R4=0x300477A0 )
(       libmtguard.so[0xCBBCB000])[29 46       ]0x00003E36:	MOV	R1, R5	;(R5=0x00000010 )
(       libmtguard.so[0xCBBCB000])[FE F7 CE EB ]0x00003E38:	BLX	#0XCBBCD5D8	;(PC=0xCBBCEE38 )
(       libmtguard.so[0xCBBCB000])[00 C6 8F E2 ]0x000025D8:	ADD	IP, PC, #0, #12	;(PC=0xCBBCD5D8 )
(       libmtguard.so[0xCBBCB000])[3D CA 8C E2 ]0x000025DC:	ADD	IP, IP, #0X3D000	;(IP=0xCBBCD5E0 )
(       libmtguard.so[0xCBBCB000])[F4 F8 BC E5 ]0x000025E0:	LDR	PC, [IP, #0X8F4]!	;(IP=0xCBC0A5E0 )
(       libmtguard.so[0xCBBCB000])[00 E0       ]0x00003E3C:	B	#0XCBBCEE40
(       libmtguard.so[0xCBBCB000])[20 46       ]0x00003E40:	MOV	R0, R4	;(R4=0x300477A0 )
(       libmtguard.so[0xCBBCB000])[B0 BD       ]0x00003E42:	POP	{R4, R5, R7, PC}	;(SP=0x100FFF98 )
(       libmtguard.so[0xCBBCB000])[04 46       ]0x00003894:	MOV	R4, R0	;(R0=0x300477A0 )
(       libmtguard.so[0xCBBCB000])[94 B1       ]0x00003896:	CBZ	R4, #0XCBBCE8BE	;(R4=0x300477A0 )
(       libmtguard.so[0xCBBCB000])[0B 20       ]0x00003898:	MOVS	R0, #0XB
(       libmtguard.so[0xCBBCB000])[C4 E9 00 66 ]0x0000389A:	STRD	R6, R6, [R4]	;(R6=0x00000000 R4=0x300477A0 )
(       libmtguard.so[0xCBBCB000])[C4 E9 02 05 ]0x0000389E:	STRD	R0, R5, [R4, #8]	;(R0=0x0000000B R5=0xCBBCFE51 R4=0x300477A0 )
(       libmtguard.so[0xCBBCB000])[04 20       ]0x000038A2:	MOVS	R0, #4
(       libmtguard.so[0xCBBCB000])[0B 21       ]0x000038A4:	MOVS	R1, #0XB
(       libmtguard.so[0xCBBCB000])[00 22       ]0x000038A6:	MOVS	R2, #0
(       libmtguard.so[0xCBBCB000])[00 23       ]0x000038A8:	MOVS	R3, #0
(       libmtguard.so[0xCBBCB000])[00 F0 B9 FA ]0x000038AA:	BL	#0XCBBCEE20	;(PC=0xCBBCE8AA )
(       libmtguard.so[0xCBBCB000])[B0 B5       ]0x00003E20:	PUSH	{R4, R5, R7, LR}	;(SP=0x100FFFA8 R4=0x300477A0 R5=0xCBBCFE51 R7=0x100FFFB8 LR=0xCBBCE8AF )
(       libmtguard.so[0xCBBCB000])[02 AF       ]0x00003E22:	ADD	R7, SP, #8	;(SP=0x100FFF98 )
(       libmtguard.so[0xCBBCB000])[01 FB 00 F5 ]0x00003E24:	MUL	R5, R1, R0	;(R1=0x0000000B R0=0x00000004 )
(       libmtguard.so[0xCBBCB000])[4D B1       ]0x00003E28:	CBZ	R5, #0XCBBCEE3E	;(R5=0x0000002C )
(       libmtguard.so[0xCBBCB000])[28 46       ]0x00003E2A:	MOV	R0, R5	;(R5=0x0000002C )
(       libmtguard.so[0xCBBCB000])[FE F7 C8 EB ]0x00003E2C:	BLX	#0XCBBCD5C0	;(PC=0xCBBCEE2C )
(       libmtguard.so[0xCBBCB000])[00 C6 8F E2 ]0x000025C0:	ADD	IP, PC, #0, #12	;(PC=0xCBBCD5C0 )
(       libmtguard.so[0xCBBCB000])[3D CA 8C E2 ]0x000025C4:	ADD	IP, IP, #0X3D000	;(IP=0xCBBCD5C8 )
(       libmtguard.so[0xCBBCB000])[04 F9 BC E5 ]0x000025C8:	LDR	PC, [IP, #0X904]!	;(IP=0xCBC0A5C8 )
(       libmtguard.so[0xCBBCB000])[04 46       ]0x00003E30:	MOV	R4, R0	;(R0=0x300477B8 )
(       libmtguard.so[0xCBBCB000])[24 B1       ]0x00003E32:	CBZ	R4, #0XCBBCEE3E	;(R4=0x300477B8 )
(       libmtguard.so[0xCBBCB000])[20 46       ]0x00003E34:	MOV	R0, R4	;(R4=0x300477B8 )
(       libmtguard.so[0xCBBCB000])[29 46       ]0x00003E36:	MOV	R1, R5	;(R5=0x0000002C )
(       libmtguard.so[0xCBBCB000])[FE F7 CE EB ]0x00003E38:	BLX	#0XCBBCD5D8	;(PC=0xCBBCEE38 )
(       libmtguard.so[0xCBBCB000])[00 C6 8F E2 ]0x000025D8:	ADD	IP, PC, #0, #12	;(PC=0xCBBCD5D8 )
(       libmtguard.so[0xCBBCB000])[3D CA 8C E2 ]0x000025DC:	ADD	IP, IP, #0X3D000	;(IP=0xCBBCD5E0 )
(       libmtguard.so[0xCBBCB000])[F4 F8 BC E5 ]0x000025E0:	LDR	PC, [IP, #0X8F4]!	;(IP=0xCBC0A5E0 )
(       libmtguard.so[0xCBBCB000])[00 E0       ]0x00003E3C:	B	#0XCBBCEE40
(       libmtguard.so[0xCBBCB000])[20 46       ]0x00003E40:	MOV	R0, R4	;(R4=0x300477B8 )
(       libmtguard.so[0xCBBCB000])[B0 BD       ]0x00003E42:	POP	{R4, R5, R7, PC}	;(SP=0x100FFF98 )
(       libmtguard.so[0xCBBCB000])[00 28       ]0x000038AE:	CMP	R0, #0	;(R0=0x300477B8 )
(       libmtguard.so[0xCBBCB000])[20 60       ]0x000038B0:	STR	R0, [R4]	;(R0=0x300477B8 R4=0x300477A0 )
(       libmtguard.so[0xCBBCB000])[05 D1       ]0x000038B2:	BNE	#0XCBBCE8C0
(       libmtguard.so[0xCBBCB000])[20 46       ]0x000038C0:	MOV	R0, R4	;(R4=0x300477A0 )
(       libmtguard.so[0xCBBCB000])[5D F8 04 BB ]0x000038C2:	LDR	FP, [SP], #4	;(SP=0x100FFFA8 )
(       libmtguard.so[0xCBBCB000])[F0 BD       ]0x000038C6:	POP	{R4, R5, R6, R7, PC}	;(SP=0x100FFFAC )
(       libmtguard.so[0xCBBCB000])[01 36       ]0x0000CE08:	ADDS	R6, #1	;(R6=0x000000C3 )
(       libmtguard.so[0xCBBCB000])[60 60       ]0x0000CE0A:	STR	R0, [R4, #4]	;(R0=0x300477A0 R4=0xCBC0D6AC )
(       libmtguard.so[0xCBBCB000])[B6 F5 7C 7F ]0x0000CE0C:	CMP.W	R6, #0X3F0	;(R6=0x000000C4 )
(       libmtguard.so[0xCBBCB000])[F3 D1       ]0x0000CE10:	BNE	#0XCBBD7DFA
(       libmtguard.so[0xCBBCB000])[48 46       ]0x0000CDFA:	MOV	R0, SB	;(SB=0xCBBCFE51 )
(       libmtguard.so[0xCBBCB000])[45 F8 36 80 ]0x0000CDFC:	STR.W	R8, [R5, R6, LSL #3]	;(R8=0xFFFFFFFF R5=0xCBC0D094 R6=0x000000C4 )
(       libmtguard.so[0xCBBCB000])[05 EB C6 04 ]0x0000CE00:	ADD.W	R4, R5, R6, LSL #3	;(R5=0xCBC0D094 R6=0x000000C4 )
(       libmtguard.so[0xCBBCB000])[F6 F7 3A FD ]0x0000CE04:	BL	#0XCBBCE87C	;(PC=0xCBBD7E04 )
(       libmtguard.so[0xCBBCB000])[F0 B5       ]0x0000387C:	PUSH	{R4, R5, R6, R7, LR}	;(SP=0x100FFFC0 R4=0xCBC0D6B4 R5=0xCBC0D094 R6=0x000000C4 R7=0x100FFFE0 LR=0xCBBD7E09 )
(       libmtguard.so[0xCBBCB000])[03 AF       ]0x0000387E:	ADD	R7, SP, #0XC	;(SP=0x100FFFAC )
(       libmtguard.so[0xCBBCB000])[4D F8 04 BD ]0x00003880:	STR	FP, [SP, #-0X4]!	;(FP=0xCBC0B1C4 SP=0x100FFFAC )
(       libmtguard.so[0xCBBCB000])[05 46       ]0x00003884:	MOV	R5, R0	;(R0=0xCBBCFE51 )
(       libmtguard.so[0xCBBCB000])[01 20       ]0x00003886:	MOVS	R0, #1
(       libmtguard.so[0xCBBCB000])[10 21       ]0x00003888:	MOVS	R1, #0X10
(       libmtguard.so[0xCBBCB000])[00 22       ]0x0000388A:	MOVS	R2, #0
(       libmtguard.so[0xCBBCB000])[00 23       ]0x0000388C:	MOVS	R3, #0
(       libmtguard.so[0xCBBCB000])[00 26       ]0x0000388E:	MOVS	R6, #0
(       libmtguard.so[0xCBBCB000])[00 F0 C6 FA ]0x00003890:	BL	#0XCBBCEE20	;(PC=0xCBBCE890 )
(       libmtguard.so[0xCBBCB000])[B0 B5       ]0x00003E20:	PUSH	{R4, R5, R7, LR}	;(SP=0x100FFFA8 R4=0xCBC0D6B4 R5=0xCBBCFE51 R7=0x100FFFB8 LR=0xCBBCE895 )
(       libmtguard.so[0xCBBCB000])[02 AF       ]0x00003E22:	ADD	R7, SP, #8	;(SP=0x100FFF98 )
(       libmtguard.so[0xCBBCB000])[01 FB 00 F5 ]0x00003E24:	MUL	R5, R1, R0	;(R1=0x00000010 R0=0x00000001 )
(       libmtguard.so[0xCBBCB000])[4D B1       ]0x00003E28:	CBZ	R5, #0XCBBCEE3E	;(R5=0x00000010 )
(       libmtguard.so[0xCBBCB000])[28 46       ]0x00003E2A:	MOV	R0, R5	;(R5=0x00000010 )
(       libmtguard.so[0xCBBCB000])[FE F7 C8 EB ]0x00003E2C:	BLX	#0XCBBCD5C0	;(PC=0xCBBCEE2C )
(       libmtguard.so[0xCBBCB000])[00 C6 8F E2 ]0x000025C0:	ADD	IP, PC, #0, #12	;(PC=0xCBBCD5C0 )
(       libmtguard.so[0xCBBCB000])[3D CA 8C E2 ]0x000025C4:	ADD	IP, IP, #0X3D000	;(IP=0xCBBCD5C8 )
(       libmtguard.so[0xCBBCB000])[04 F9 BC E5 ]0x000025C8:	LDR	PC, [IP, #0X904]!	;(IP=0xCBC0A5C8 )
(       libmtguard.so[0xCBBCB000])[04 46       ]0x00003E30:	MOV	R4, R0	;(R0=0x300477E8 )
(       libmtguard.so[0xCBBCB000])[24 B1       ]0x00003E32:	CBZ	R4, #0XCBBCEE3E	;(R4=0x300477E8 )
(       libmtguard.so[0xCBBCB000])[20 46       ]0x00003E34:	MOV	R0, R4	;(R4=0x300477E8 )
(       libmtguard.so[0xCBBCB000])[29 46       ]0x00003E36:	MOV	R1, R5	;(R5=0x00000010 )
(       libmtguard.so[0xCBBCB000])[FE F7 CE EB ]0x00003E38:	BLX	#0XCBBCD5D8	;(PC=0xCBBCEE38 )
(       libmtguard.so[0xCBBCB000])[00 C6 8F E2 ]0x000025D8:	ADD	IP, PC, #0, #12	;(PC=0xCBBCD5D8 )
(       libmtguard.so[0xCBBCB000])[3D CA 8C E2 ]0x000025DC:	ADD	IP, IP, #0X3D000	;(IP=0xCBBCD5E0 )
(       libmtguard.so[0xCBBCB000])[F4 F8 BC E5 ]0x000025E0:	LDR	PC, [IP, #0X8F4]!	;(IP=0xCBC0A5E0 )
(       libmtguard.so[0xCBBCB000])[00 E0       ]0x00003E3C:	B	#0XCBBCEE40
(       libmtguard.so[0xCBBCB000])[20 46       ]0x00003E40:	MOV	R0, R4	;(R4=0x300477E8 )
(       libmtguard.so[0xCBBCB000])[B0 BD       ]0x00003E42:	POP	{R4, R5, R7, PC}	;(SP=0x100FFF98 )
(       libmtguard.so[0xCBBCB000])[04 46       ]0x00003894:	MOV	R4, R0	;(R0=0x300477E8 )
(       libmtguard.so[0xCBBCB000])[94 B1       ]0x00003896:	CBZ	R4, #0XCBBCE8BE	;(R4=0x300477E8 )
(       libmtguard.so[0xCBBCB000])[0B 20       ]0x00003898:	MOVS	R0, #0XB
(       libmtguard.so[0xCBBCB000])[C4 E9 00 66 ]0x0000389A:	STRD	R6, R6, [R4]	;(R6=0x00000000 R4=0x300477E8 )
(       libmtguard.so[0xCBBCB000])[C4 E9 02 05 ]0x0000389E:	STRD	R0, R5, [R4, #8]	;(R0=0x0000000B R5=0xCBBCFE51 R4=0x300477E8 )
(       libmtguard.so[0xCBBCB000])[04 20       ]0x000038A2:	MOVS	R0, #4
(       libmtguard.so[0xCBBCB000])[0B 21       ]0x000038A4:	MOVS	R1, #0XB
(       libmtguard.so[0xCBBCB000])[00 22       ]0x000038A6:	MOVS	R2, #0
(       libmtguard.so[0xCBBCB000])[00 23       ]0x000038A8:	MOVS	R3, #0
(       libmtguard.so[0xCBBCB000])[00 F0 B9 FA ]0x000038AA:	BL	#0XCBBCEE20	;(PC=0xCBBCE8AA )
(       libmtguard.so[0xCBBCB000])[B0 B5       ]0x00003E20:	PUSH	{R4, R5, R7, LR}	;(SP=0x100FFFA8 R4=0x300477E8 R5=0xCBBCFE51 R7=0x100FFFB8 LR=0xCBBCE8AF )
(       libmtguard.so[0xCBBCB000])[02 AF       ]0x00003E22:	ADD	R7, SP, #8	;(SP=0x100FFF98 )
(       libmtguard.so[0xCBBCB000])[01 FB 00 F5 ]0x00003E24:	MUL	R5, R1, R0	;(R1=0x0000000B R0=0x00000004 )
(       libmtguard.so[0xCBBCB000])[4D B1       ]0x00003E28:	CBZ	R5, #0XCBBCEE3E	;(R5=0x0000002C )
(       libmtguard.so[0xCBBCB000])[28 46       ]0x00003E2A:	MOV	R0, R5	;(R5=0x0000002C )
(       libmtguard.so[0xCBBCB000])[FE F7 C8 EB ]0x00003E2C:	BLX	#0XCBBCD5C0	;(PC=0xCBBCEE2C )
(       libmtguard.so[0xCBBCB000])[00 C6 8F E2 ]0x000025C0:	ADD	IP, PC, #0, #12	;(PC=0xCBBCD5C0 )
(       libmtguard.so[0xCBBCB000])[3D CA 8C E2 ]0x000025C4:	ADD	IP, IP, #0X3D000	;(IP=0xCBBCD5C8 )
(       libmtguard.so[0xCBBCB000])[04 F9 BC E5 ]0x000025C8:	LDR	PC, [IP, #0X904]!	;(IP=0xCBC0A5C8 )
(       libmtguard.so[0xCBBCB000])[04 46       ]0x00003E30:	MOV	R4, R0	;(R0=0x30047800 )
(       libmtguard.so[0xCBBCB000])[24 B1       ]0x00003E32:	CBZ	R4, #0XCBBCEE3E	;(R4=0x30047800 )
(       libmtguard.so[0xCBBCB000])[20 46       ]0x00003E34:	MOV	R0, R4	;(R4=0x30047800 )
(       libmtguard.so[0xCBBCB000])[29 46       ]0x00003E36:	MOV	R1, R5	;(R5=0x0000002C )
(       libmtguard.so[0xCBBCB000])[FE F7 CE EB ]0x00003E38:	BLX	#0XCBBCD5D8	;(PC=0xCBBCEE38 )
(       libmtguard.so[0xCBBCB000])[00 C6 8F E2 ]0x000025D8:	ADD	IP, PC, #0, #12	;(PC=0xCBBCD5D8 )
(       libmtguard.so[0xCBBCB000])[3D CA 8C E2 ]0x000025DC:	ADD	IP, IP, #0X3D000	;(IP=0xCBBCD5E0 )
(       libmtguard.so[0xCBBCB000])[F4 F8 BC E5 ]0x000025E0:	LDR	PC, [IP, #0X8F4]!	;(IP=0xCBC0A5E0 )
(       libmtguard.so[0xCBBCB000])[00 E0       ]0x00003E3C:	B	#0XCBBCEE40
(       libmtguard.so[0xCBBCB000])[20 46       ]0x00003E40:	MOV	R0, R4	;(R4=0x30047800 )
(       libmtguard.so[0xCBBCB000])[B0 BD       ]0x00003E42:	POP	{R4, R5, R7, PC}	;(SP=0x100FFF98 )
(       libmtguard.so[0xCBBCB000])[00 28       ]0x000038AE:	CMP	R0, #0	;(R0=0x30047800 )
(       libmtguard.so[0xCBBCB000])[20 60       ]0x000038B0:	STR	R0, [R4]	;(R0=0x30047800 R4=0x300477E8 )
(       libmtguard.so[0xCBBCB000])[05 D1       ]0x000038B2:	BNE	#0XCBBCE8C0
(       libmtguard.so[0xCBBCB000])[20 46       ]0x000038C0:	MOV	R0, R4	;(R4=0x300477E8 )
(       libmtguard.so[0xCBBCB000])[5D F8 04 BB ]0x000038C2:	LDR	FP, [SP], #4	;(SP=0x100FFFA8 )
(       libmtguard.so[0xCBBCB000])[F0 BD       ]0x000038C6:	POP	{R4, R5, R6, R7, PC}	;(SP=0x100FFFAC )
(       libmtguard.so[0xCBBCB000])[01 36       ]0x0000CE08:	ADDS	R6, #1	;(R6=0x000000C4 )
(       libmtguard.so[0xCBBCB000])[60 60       ]0x0000CE0A:	STR	R0, [R4, #4]	;(R0=0x300477E8 R4=0xCBC0D6B4 )
(       libmtguard.so[0xCBBCB000])[B6 F5 7C 7F ]0x0000CE0C:	CMP.W	R6, #0X3F0	;(R6=0x000000C5 )
(       libmtguard.so[0xCBBCB000])[F3 D1       ]0x0000CE10:	BNE	#0XCBBD7DFA
(       libmtguard.so[0xCBBCB000])[48 46       ]0x0000CDFA:	MOV	R0, SB	;(SB=0xCBBCFE51 )
(       libmtguard.so[0xCBBCB000])[45 F8 36 80 ]0x0000CDFC:	STR.W	R8, [R5, R6, LSL #3]	;(R8=0xFFFFFFFF R5=0xCBC0D094 R6=0x000000C5 )
(       libmtguard.so[0xCBBCB000])[05 EB C6 04 ]0x0000CE00:	ADD.W	R4, R5, R6, LSL #3	;(R5=0xCBC0D094 R6=0x000000C5 )
(       libmtguard.so[0xCBBCB000])[F6 F7 3A FD ]0x0000CE04:	BL	#0XCBBCE87C	;(PC=0xCBBD7E04 )
(       libmtguard.so[0xCBBCB000])[F0 B5       ]0x0000387C:	PUSH	{R4, R5, R6, R7, LR}	;(SP=0x100FFFC0 R4=0xCBC0D6BC R5=0xCBC0D094 R6=0x000000C5 R7=0x100FFFE0 LR=0xCBBD7E09 )
(       libmtguard.so[0xCBBCB000])[03 AF       ]0x0000387E:	ADD	R7, SP, #0XC	;(SP=0x100FFFAC )
(       libmtguard.so[0xCBBCB000])[4D F8 04 BD ]0x00003880:	STR	FP, [SP, #-0X4]!	;(FP=0xCBC0B1C4 SP=0x100FFFAC )
(       libmtguard.so[0xCBBCB000])[05 46       ]0x00003884:	MOV	R5, R0	;(R0=0xCBBCFE51 )
(       libmtguard.so[0xCBBCB000])[01 20       ]0x00003886:	MOVS	R0, #1
(       libmtguard.so[0xCBBCB000])[10 21       ]0x00003888:	MOVS	R1, #0X10
(       libmtguard.so[0xCBBCB000])[00 22       ]0x0000388A:	MOVS	R2, #0
(       libmtguard.so[0xCBBCB000])[00 23       ]0x0000388C:	MOVS	R3, #0
(       libmtguard.so[0xCBBCB000])[00 26       ]0x0000388E:	MOVS	R6, #0
(       libmtguard.so[0xCBBCB000])[00 F0 C6 FA ]0x00003890:	BL	#0XCBBCEE20	;(PC=0xCBBCE890 )
(       libmtguard.so[0xCBBCB000])[B0 B5       ]0x00003E20:	PUSH	{R4, R5, R7, LR}	;(SP=0x100FFFA8 R4=0xCBC0D6BC R5=0xCBBCFE51 R7=0x100FFFB8 LR=0xCBBCE895 )
(       libmtguard.so[0xCBBCB000])[02 AF       ]0x00003E22:	ADD	R7, SP, #8	;(SP=0x100FFF98 )
(       libmtguard.so[0xCBBCB000])[01 FB 00 F5 ]0x00003E24:	MUL	R5, R1, R0	;(R1=0x00000010 R0=0x00000001 )
(       libmtguard.so[0xCBBCB000])[4D B1       ]0x00003E28:	CBZ	R5, #0XCBBCEE3E	;(R5=0x00000010 )
(       libmtguard.so[0xCBBCB000])[28 46       ]0x00003E2A:	MOV	R0, R5	;(R5=0x00000010 )
(       libmtguard.so[0xCBBCB000])[FE F7 C8 EB ]0x00003E2C:	BLX	#0XCBBCD5C0	;(PC=0xCBBCEE2C )
(       libmtguard.so[0xCBBCB000])[00 C6 8F E2 ]0x000025C0:	ADD	IP, PC, #0, #12	;(PC=0xCBBCD5C0 )
(       libmtguard.so[0xCBBCB000])[3D CA 8C E2 ]0x000025C4:	ADD	IP, IP, #0X3D000	;(IP=0xCBBCD5C8 )
(       libmtguard.so[0xCBBCB000])[04 F9 BC E5 ]0x000025C8:	LDR	PC, [IP, #0X904]!	;(IP=0xCBC0A5C8 )
(       libmtguard.so[0xCBBCB000])[04 46       ]0x00003E30:	MOV	R4, R0	;(R0=0x30047830 )
(       libmtguard.so[0xCBBCB000])[24 B1       ]0x00003E32:	CBZ	R4, #0XCBBCEE3E	;(R4=0x30047830 )
(       libmtguard.so[0xCBBCB000])[20 46       ]0x00003E34:	MOV	R0, R4	;(R4=0x30047830 )
(       libmtguard.so[0xCBBCB000])[29 46       ]0x00003E36:	MOV	R1, R5	;(R5=0x00000010 )
(       libmtguard.so[0xCBBCB000])[FE F7 CE EB ]0x00003E38:	BLX	#0XCBBCD5D8	;(PC=0xCBBCEE38 )
(       libmtguard.so[0xCBBCB000])[00 C6 8F E2 ]0x000025D8:	ADD	IP, PC, #0, #12	;(PC=0xCBBCD5D8 )
(       libmtguard.so[0xCBBCB000])[3D CA 8C E2 ]0x000025DC:	ADD	IP, IP, #0X3D000	;(IP=0xCBBCD5E0 )
(       libmtguard.so[0xCBBCB000])[F4 F8 BC E5 ]0x000025E0:	LDR	PC, [IP, #0X8F4]!	;(IP=0xCBC0A5E0 )
(       libmtguard.so[0xCBBCB000])[00 E0       ]0x00003E3C:	B	#0XCBBCEE40
(       libmtguard.so[0xCBBCB000])[20 46       ]0x00003E40:	MOV	R0, R4	;(R4=0x30047830 )
(       libmtguard.so[0xCBBCB000])[B0 BD       ]0x00003E42:	POP	{R4, R5, R7, PC}	;(SP=0x100FFF98 )
(       libmtguard.so[0xCBBCB000])[04 46       ]0x00003894:	MOV	R4, R0	;(R0=0x30047830 )
(       libmtguard.so[0xCBBCB000])[94 B1       ]0x00003896:	CBZ	R4, #0XCBBCE8BE	;(R4=0x30047830 )
(       libmtguard.so[0xCBBCB000])[0B 20       ]0x00003898:	MOVS	R0, #0XB
(       libmtguard.so[0xCBBCB000])[C4 E9 00 66 ]0x0000389A:	STRD	R6, R6, [R4]	;(R6=0x00000000 R4=0x30047830 )
(       libmtguard.so[0xCBBCB000])[C4 E9 02 05 ]0x0000389E:	STRD	R0, R5, [R4, #8]	;(R0=0x0000000B R5=0xCBBCFE51 R4=0x30047830 )
(       libmtguard.so[0xCBBCB000])[04 20       ]0x000038A2:	MOVS	R0, #4
(       libmtguard.so[0xCBBCB000])[0B 21       ]0x000038A4:	MOVS	R1, #0XB
(       libmtguard.so[0xCBBCB000])[00 22       ]0x000038A6:	MOVS	R2, #0
(       libmtguard.so[0xCBBCB000])[00 23       ]0x000038A8:	MOVS	R3, #0
(       libmtguard.so[0xCBBCB000])[00 F0 B9 FA ]0x000038AA:	BL	#0XCBBCEE20	;(PC=0xCBBCE8AA )
(       libmtguard.so[0xCBBCB000])[B0 B5       ]0x00003E20:	PUSH	{R4, R5, R7, LR}	;(SP=0x100FFFA8 R4=0x30047830 R5=0xCBBCFE51 R7=0x100FFFB8 LR=0xCBBCE8AF )
(       libmtguard.so[0xCBBCB000])[02 AF       ]0x00003E22:	ADD	R7, SP, #8	;(SP=0x100FFF98 )
(       libmtguard.so[0xCBBCB000])[01 FB 00 F5 ]0x00003E24:	MUL	R5, R1, R0	;(R1=0x0000000B R0=0x00000004 )
(       libmtguard.so[0xCBBCB000])[4D B1       ]0x00003E28:	CBZ	R5, #0XCBBCEE3E	;(R5=0x0000002C )
(       libmtguard.so[0xCBBCB000])[28 46       ]0x00003E2A:	MOV	R0, R5	;(R5=0x0000002C )
(       libmtguard.so[0xCBBCB000])[FE F7 C8 EB ]0x00003E2C:	BLX	#0XCBBCD5C0	;(PC=0xCBBCEE2C )
(       libmtguard.so[0xCBBCB000])[00 C6 8F E2 ]0x000025C0:	ADD	IP, PC, #0, #12	;(PC=0xCBBCD5C0 )
(       libmtguard.so[0xCBBCB000])[3D CA 8C E2 ]0x000025C4:	ADD	IP, IP, #0X3D000	;(IP=0xCBBCD5C8 )
(       libmtguard.so[0xCBBCB000])[04 F9 BC E5 ]0x000025C8:	LDR	PC, [IP, #0X904]!	;(IP=0xCBC0A5C8 )
(       libmtguard.so[0xCBBCB000])[04 46       ]0x00003E30:	MOV	R4, R0	;(R0=0x30047848 )
(       libmtguard.so[0xCBBCB000])[24 B1       ]0x00003E32:	CBZ	R4, #0XCBBCEE3E	;(R4=0x30047848 )
(       libmtguard.so[0xCBBCB000])[20 46       ]0x00003E34:	MOV	R0, R4	;(R4=0x30047848 )
(       libmtguard.so[0xCBBCB000])[29 46       ]0x00003E36:	MOV	R1, R5	;(R5=0x0000002C )
(       libmtguard.so[0xCBBCB000])[FE F7 CE EB ]0x00003E38:	BLX	#0XCBBCD5D8	;(PC=0xCBBCEE38 )
(       libmtguard.so[0xCBBCB000])[00 C6 8F E2 ]0x000025D8:	ADD	IP, PC, #0, #12	;(PC=0xCBBCD5D8 )
(       libmtguard.so[0xCBBCB000])[3D CA 8C E2 ]0x000025DC:	ADD	IP, IP, #0X3D000	;(IP=0xCBBCD5E0 )
(       libmtguard.so[0xCBBCB000])[F4 F8 BC E5 ]0x000025E0:	LDR	PC, [IP, #0X8F4]!	;(IP=0xCBC0A5E0 )
(       libmtguard.so[0xCBBCB000])[00 E0       ]0x00003E3C:	B	#0XCBBCEE40
(       libmtguard.so[0xCBBCB000])[20 46       ]0x00003E40:	MOV	R0, R4	;(R4=0x30047848 )
(       libmtguard.so[0xCBBCB000])[B0 BD       ]0x00003E42:	POP	{R4, R5, R7, PC}	;(SP=0x100FFF98 )
(       libmtguard.so[0xCBBCB000])[00 28       ]0x000038AE:	CMP	R0, #0	;(R0=0x30047848 )
(       libmtguard.so[0xCBBCB000])[20 60       ]0x000038B0:	STR	R0, [R4]	;(R0=0x30047848 R4=0x30047830 )
(       libmtguard.so[0xCBBCB000])[05 D1       ]0x000038B2:	BNE	#0XCBBCE8C0
(       libmtguard.so[0xCBBCB000])[20 46       ]0x000038C0:	MOV	R0, R4	;(R4=0x30047830 )
(       libmtguard.so[0xCBBCB000])[5D F8 04 BB ]0x000038C2:	LDR	FP, [SP], #4	;(SP=0x100FFFA8 )
(       libmtguard.so[0xCBBCB000])[F0 BD       ]0x000038C6:	POP	{R4, R5, R6, R7, PC}	;(SP=0x100FFFAC )
(       libmtguard.so[0xCBBCB000])[01 36       ]0x0000CE08:	ADDS	R6, #1	;(R6=0x000000C5 )
(       libmtguard.so[0xCBBCB000])[60 60       ]0x0000CE0A:	STR	R0, [R4, #4]	;(R0=0x30047830 R4=0xCBC0D6BC )
(       libmtguard.so[0xCBBCB000])[B6 F5 7C 7F ]0x0000CE0C:	CMP.W	R6, #0X3F0	;(R6=0x000000C6 )
(       libmtguard.so[0xCBBCB000])[F3 D1       ]0x0000CE10:	BNE	#0XCBBD7DFA
(       libmtguard.so[0xCBBCB000])[48 46       ]0x0000CDFA:	MOV	R0, SB	;(SB=0xCBBCFE51 )
(       libmtguard.so[0xCBBCB000])[45 F8 36 80 ]0x0000CDFC:	STR.W	R8, [R5, R6, LSL #3]	;(R8=0xFFFFFFFF R5=0xCBC0D094 R6=0x000000C6 )
(       libmtguard.so[0xCBBCB000])[05 EB C6 04 ]0x0000CE00:	ADD.W	R4, R5, R6, LSL #3	;(R5=0xCBC0D094 R6=0x000000C6 )
(       libmtguard.so[0xCBBCB000])[F6 F7 3A FD ]0x0000CE04:	BL	#0XCBBCE87C	;(PC=0xCBBD7E04 )
(       libmtguard.so[0xCBBCB000])[F0 B5       ]0x0000387C:	PUSH	{R4, R5, R6, R7, LR}	;(SP=0x100FFFC0 R4=0xCBC0D6C4 R5=0xCBC0D094 R6=0x000000C6 R7=0x100FFFE0 LR=0xCBBD7E09 )
(       libmtguard.so[0xCBBCB000])[03 AF       ]0x0000387E:	ADD	R7, SP, #0XC	;(SP=0x100FFFAC )
(       libmtguard.so[0xCBBCB000])[4D F8 04 BD ]0x00003880:	STR	FP, [SP, #-0X4]!	;(FP=0xCBC0B1C4 SP=0x100FFFAC )
(       libmtguard.so[0xCBBCB000])[05 46       ]0x00003884:	MOV	R5, R0	;(R0=0xCBBCFE51 )
(       libmtguard.so[0xCBBCB000])[01 20       ]0x00003886:	MOVS	R0, #1
(       libmtguard.so[0xCBBCB000])[10 21       ]0x00003888:	MOVS	R1, #0X10
(       libmtguard.so[0xCBBCB000])[00 22       ]0x0000388A:	MOVS	R2, #0
(       libmtguard.so[0xCBBCB000])[00 23       ]0x0000388C:	MOVS	R3, #0
(       libmtguard.so[0xCBBCB000])[00 26       ]0x0000388E:	MOVS	R6, #0
(       libmtguard.so[0xCBBCB000])[00 F0 C6 FA ]0x00003890:	BL	#0XCBBCEE20	;(PC=0xCBBCE890 )
(       libmtguard.so[0xCBBCB000])[B0 B5       ]0x00003E20:	PUSH	{R4, R5, R7, LR}	;(SP=0x100FFFA8 R4=0xCBC0D6C4 R5=0xCBBCFE51 R7=0x100FFFB8 LR=0xCBBCE895 )
(       libmtguard.so[0xCBBCB000])[02 AF       ]0x00003E22:	ADD	R7, SP, #8	;(SP=0x100FFF98 )
(       libmtguard.so[0xCBBCB000])[01 FB 00 F5 ]0x00003E24:	MUL	R5, R1, R0	;(R1=0x00000010 R0=0x00000001 )
(       libmtguard.so[0xCBBCB000])[4D B1       ]0x00003E28:	CBZ	R5, #0XCBBCEE3E	;(R5=0x00000010 )
(       libmtguard.so[0xCBBCB000])[28 46       ]0x00003E2A:	MOV	R0, R5	;(R5=0x00000010 )
(       libmtguard.so[0xCBBCB000])[FE F7 C8 EB ]0x00003E2C:	BLX	#0XCBBCD5C0	;(PC=0xCBBCEE2C )
(       libmtguard.so[0xCBBCB000])[00 C6 8F E2 ]0x000025C0:	ADD	IP, PC, #0, #12	;(PC=0xCBBCD5C0 )
(       libmtguard.so[0xCBBCB000])[3D CA 8C E2 ]0x000025C4:	ADD	IP, IP, #0X3D000	;(IP=0xCBBCD5C8 )
(       libmtguard.so[0xCBBCB000])[04 F9 BC E5 ]0x000025C8:	LDR	PC, [IP, #0X904]!	;(IP=0xCBC0A5C8 )
(       libmtguard.so[0xCBBCB000])[04 46       ]0x00003E30:	MOV	R4, R0	;(R0=0x30047878 )
(       libmtguard.so[0xCBBCB000])[24 B1       ]0x00003E32:	CBZ	R4, #0XCBBCEE3E	;(R4=0x30047878 )
(       libmtguard.so[0xCBBCB000])[20 46       ]0x00003E34:	MOV	R0, R4	;(R4=0x30047878 )
(       libmtguard.so[0xCBBCB000])[29 46       ]0x00003E36:	MOV	R1, R5	;(R5=0x00000010 )
(       libmtguard.so[0xCBBCB000])[FE F7 CE EB ]0x00003E38:	BLX	#0XCBBCD5D8	;(PC=0xCBBCEE38 )
(       libmtguard.so[0xCBBCB000])[00 C6 8F E2 ]0x000025D8:	ADD	IP, PC, #0, #12	;(PC=0xCBBCD5D8 )
(       libmtguard.so[0xCBBCB000])[3D CA 8C E2 ]0x000025DC:	ADD	IP, IP, #0X3D000	;(IP=0xCBBCD5E0 )
(       libmtguard.so[0xCBBCB000])[F4 F8 BC E5 ]0x000025E0:	LDR	PC, [IP, #0X8F4]!	;(IP=0xCBC0A5E0 )
(       libmtguard.so[0xCBBCB000])[00 E0       ]0x00003E3C:	B	#0XCBBCEE40
(       libmtguard.so[0xCBBCB000])[20 46       ]0x00003E40:	MOV	R0, R4	;(R4=0x30047878 )
(       libmtguard.so[0xCBBCB000])[B0 BD       ]0x00003E42:	POP	{R4, R5, R7, PC}	;(SP=0x100FFF98 )
(       libmtguard.so[0xCBBCB000])[04 46       ]0x00003894:	MOV	R4, R0	;(R0=0x30047878 )
(       libmtguard.so[0xCBBCB000])[94 B1       ]0x00003896:	CBZ	R4, #0XCBBCE8BE	;(R4=0x30047878 )
(       libmtguard.so[0xCBBCB000])[0B 20       ]0x00003898:	MOVS	R0, #0XB
(       libmtguard.so[0xCBBCB000])[C4 E9 00 66 ]0x0000389A:	STRD	R6, R6, [R4]	;(R6=0x00000000 R4=0x30047878 )
(       libmtguard.so[0xCBBCB000])[C4 E9 02 05 ]0x0000389E:	STRD	R0, R5, [R4, #8]	;(R0=0x0000000B R5=0xCBBCFE51 R4=0x30047878 )
(       libmtguard.so[0xCBBCB000])[04 20       ]0x000038A2:	MOVS	R0, #4
(       libmtguard.so[0xCBBCB000])[0B 21       ]0x000038A4:	MOVS	R1, #0XB
(       libmtguard.so[0xCBBCB000])[00 22       ]0x000038A6:	MOVS	R2, #0
(       libmtguard.so[0xCBBCB000])[00 23       ]0x000038A8:	MOVS	R3, #0
(       libmtguard.so[0xCBBCB000])[00 F0 B9 FA ]0x000038AA:	BL	#0XCBBCEE20	;(PC=0xCBBCE8AA )
(       libmtguard.so[0xCBBCB000])[B0 B5       ]0x00003E20:	PUSH	{R4, R5, R7, LR}	;(SP=0x100FFFA8 R4=0x30047878 R5=0xCBBCFE51 R7=0x100FFFB8 LR=0xCBBCE8AF )
(       libmtguard.so[0xCBBCB000])[02 AF       ]0x00003E22:	ADD	R7, SP, #8	;(SP=0x100FFF98 )
(       libmtguard.so[0xCBBCB000])[01 FB 00 F5 ]0x00003E24:	MUL	R5, R1, R0	;(R1=0x0000000B R0=0x00000004 )
(       libmtguard.so[0xCBBCB000])[4D B1       ]0x00003E28:	CBZ	R5, #0XCBBCEE3E	;(R5=0x0000002C )
(       libmtguard.so[0xCBBCB000])[28 46       ]0x00003E2A:	MOV	R0, R5	;(R5=0x0000002C )
(       libmtguard.so[0xCBBCB000])[FE F7 C8 EB ]0x00003E2C:	BLX	#0XCBBCD5C0	;(PC=0xCBBCEE2C )
(       libmtguard.so[0xCBBCB000])[00 C6 8F E2 ]0x000025C0:	ADD	IP, PC, #0, #12	;(PC=0xCBBCD5C0 )
(       libmtguard.so[0xCBBCB000])[3D CA 8C E2 ]0x000025C4:	ADD	IP, IP, #0X3D000	;(IP=0xCBBCD5C8 )
(       libmtguard.so[0xCBBCB000])[04 F9 BC E5 ]0x000025C8:	LDR	PC, [IP, #0X904]!	;(IP=0xCBC0A5C8 )
(       libmtguard.so[0xCBBCB000])[04 46       ]0x00003E30:	MOV	R4, R0	;(R0=0x30047890 )
(       libmtguard.so[0xCBBCB000])[24 B1       ]0x00003E32:	CBZ	R4, #0XCBBCEE3E	;(R4=0x30047890 )
(       libmtguard.so[0xCBBCB000])[20 46       ]0x00003E34:	MOV	R0, R4	;(R4=0x30047890 )
(       libmtguard.so[0xCBBCB000])[29 46       ]0x00003E36:	MOV	R1, R5	;(R5=0x0000002C )
(       libmtguard.so[0xCBBCB000])[FE F7 CE EB ]0x00003E38:	BLX	#0XCBBCD5D8	;(PC=0xCBBCEE38 )
(       libmtguard.so[0xCBBCB000])[00 C6 8F E2 ]0x000025D8:	ADD	IP, PC, #0, #12	;(PC=0xCBBCD5D8 )
(       libmtguard.so[0xCBBCB000])[3D CA 8C E2 ]0x000025DC:	ADD	IP, IP, #0X3D000	;(IP=0xCBBCD5E0 )
(       libmtguard.so[0xCBBCB000])[F4 F8 BC E5 ]0x000025E0:	LDR	PC, [IP, #0X8F4]!	;(IP=0xCBC0A5E0 )
(       libmtguard.so[0xCBBCB000])[00 E0       ]0x00003E3C:	B	#0XCBBCEE40
(       libmtguard.so[0xCBBCB000])[20 46       ]0x00003E40:	MOV	R0, R4	;(R4=0x30047890 )
(       libmtguard.so[0xCBBCB000])[B0 BD       ]0x00003E42:	POP	{R4, R5, R7, PC}	;(SP=0x100FFF98 )
(       libmtguard.so[0xCBBCB000])[00 28       ]0x000038AE:	CMP	R0, #0	;(R0=0x30047890 )
(       libmtguard.so[0xCBBCB000])[20 60       ]0x000038B0:	STR	R0, [R4]	;(R0=0x30047890 R4=0x30047878 )
(       libmtguard.so[0xCBBCB000])[05 D1       ]0x000038B2:	BNE	#0XCBBCE8C0
(       libmtguard.so[0xCBBCB000])[20 46       ]0x000038C0:	MOV	R0, R4	;(R4=0x30047878 )
(       libmtguard.so[0xCBBCB000])[5D F8 04 BB ]0x000038C2:	LDR	FP, [SP], #4	;(SP=0x100FFFA8 )
(       libmtguard.so[0xCBBCB000])[F0 BD       ]0x000038C6:	POP	{R4, R5, R6, R7, PC}	;(SP=0x100FFFAC )
(       libmtguard.so[0xCBBCB000])[01 36       ]0x0000CE08:	ADDS	R6, #1	;(R6=0x000000C6 )
(       libmtguard.so[0xCBBCB000])[60 60       ]0x0000CE0A:	STR	R0, [R4, #4]	;(R0=0x30047878 R4=0xCBC0D6C4 )
(       libmtguard.so[0xCBBCB000])[B6 F5 7C 7F ]0x0000CE0C:	CMP.W	R6, #0X3F0	;(R6=0x000000C7 )
(       libmtguard.so[0xCBBCB000])[F3 D1       ]0x0000CE10:	BNE	#0XCBBD7DFA
(       libmtguard.so[0xCBBCB000])[48 46       ]0x0000CDFA:	MOV	R0, SB	;(SB=0xCBBCFE51 )
(       libmtguard.so[0xCBBCB000])[45 F8 36 80 ]0x0000CDFC:	STR.W	R8, [R5, R6, LSL #3]	;(R8=0xFFFFFFFF R5=0xCBC0D094 R6=0x000000C7 )
(       libmtguard.so[0xCBBCB000])[05 EB C6 04 ]0x0000CE00:	ADD.W	R4, R5, R6, LSL #3	;(R5=0xCBC0D094 R6=0x000000C7 )
(       libmtguard.so[0xCBBCB000])[F6 F7 3A FD ]0x0000CE04:	BL	#0XCBBCE87C	;(PC=0xCBBD7E04 )
(       libmtguard.so[0xCBBCB000])[F0 B5       ]0x0000387C:	PUSH	{R4, R5, R6, R7, LR}	;(SP=0x100FFFC0 R4=0xCBC0D6CC R5=0xCBC0D094 R6=0x000000C7 R7=0x100FFFE0 LR=0xCBBD7E09 )
(       libmtguard.so[0xCBBCB000])[03 AF       ]0x0000387E:	ADD	R7, SP, #0XC	;(SP=0x100FFFAC )
(       libmtguard.so[0xCBBCB000])[4D F8 04 BD ]0x00003880:	STR	FP, [SP, #-0X4]!	;(FP=0xCBC0B1C4 SP=0x100FFFAC )
(       libmtguard.so[0xCBBCB000])[05 46       ]0x00003884:	MOV	R5, R0	;(R0=0xCBBCFE51 )
(       libmtguard.so[0xCBBCB000])[01 20       ]0x00003886:	MOVS	R0, #1
(       libmtguard.so[0xCBBCB000])[10 21       ]0x00003888:	MOVS	R1, #0X10
(       libmtguard.so[0xCBBCB000])[00 22       ]0x0000388A:	MOVS	R2, #0
(       libmtguard.so[0xCBBCB000])[00 23       ]0x0000388C:	MOVS	R3, #0
(       libmtguard.so[0xCBBCB000])[00 26       ]0x0000388E:	MOVS	R6, #0
(       libmtguard.so[0xCBBCB000])[00 F0 C6 FA ]0x00003890:	BL	#0XCBBCEE20	;(PC=0xCBBCE890 )
(       libmtguard.so[0xCBBCB000])[B0 B5       ]0x00003E20:	PUSH	{R4, R5, R7, LR}	;(SP=0x100FFFA8 R4=0xCBC0D6CC R5=0xCBBCFE51 R7=0x100FFFB8 LR=0xCBBCE895 )
(       libmtguard.so[0xCBBCB000])[02 AF       ]0x00003E22:	ADD	R7, SP, #8	;(SP=0x100FFF98 )
(       libmtguard.so[0xCBBCB000])[01 FB 00 F5 ]0x00003E24:	MUL	R5, R1, R0	;(R1=0x00000010 R0=0x00000001 )
(       libmtguard.so[0xCBBCB000])[4D B1       ]0x00003E28:	CBZ	R5, #0XCBBCEE3E	;(R5=0x00000010 )
(       libmtguard.so[0xCBBCB000])[28 46       ]0x00003E2A:	MOV	R0, R5	;(R5=0x00000010 )
(       libmtguard.so[0xCBBCB000])[FE F7 C8 EB ]0x00003E2C:	BLX	#0XCBBCD5C0	;(PC=0xCBBCEE2C )
(       libmtguard.so[0xCBBCB000])[00 C6 8F E2 ]0x000025C0:	ADD	IP, PC, #0, #12	;(PC=0xCBBCD5C0 )
(       libmtguard.so[0xCBBCB000])[3D CA 8C E2 ]0x000025C4:	ADD	IP, IP, #0X3D000	;(IP=0xCBBCD5C8 )
(       libmtguard.so[0xCBBCB000])[04 F9 BC E5 ]0x000025C8:	LDR	PC, [IP, #0X904]!	;(IP=0xCBC0A5C8 )
(       libmtguard.so[0xCBBCB000])[04 46       ]0x00003E30:	MOV	R4, R0	;(R0=0x300478C0 )
(       libmtguard.so[0xCBBCB000])[24 B1       ]0x00003E32:	CBZ	R4, #0XCBBCEE3E	;(R4=0x300478C0 )
(       libmtguard.so[0xCBBCB000])[20 46       ]0x00003E34:	MOV	R0, R4	;(R4=0x300478C0 )
(       libmtguard.so[0xCBBCB000])[29 46       ]0x00003E36:	MOV	R1, R5	;(R5=0x00000010 )
(       libmtguard.so[0xCBBCB000])[FE F7 CE EB ]0x00003E38:	BLX	#0XCBBCD5D8	;(PC=0xCBBCEE38 )
(       libmtguard.so[0xCBBCB000])[00 C6 8F E2 ]0x000025D8:	ADD	IP, PC, #0, #12	;(PC=0xCBBCD5D8 )
(       libmtguard.so[0xCBBCB000])[3D CA 8C E2 ]0x000025DC:	ADD	IP, IP, #0X3D000	;(IP=0xCBBCD5E0 )
(       libmtguard.so[0xCBBCB000])[F4 F8 BC E5 ]0x000025E0:	LDR	PC, [IP, #0X8F4]!	;(IP=0xCBC0A5E0 )
(       libmtguard.so[0xCBBCB000])[00 E0       ]0x00003E3C:	B	#0XCBBCEE40
(       libmtguard.so[0xCBBCB000])[20 46       ]0x00003E40:	MOV	R0, R4	;(R4=0x300478C0 )
(       libmtguard.so[0xCBBCB000])[B0 BD       ]0x00003E42:	POP	{R4, R5, R7, PC}	;(SP=0x100FFF98 )
(       libmtguard.so[0xCBBCB000])[04 46       ]0x00003894:	MOV	R4, R0	;(R0=0x300478C0 )
(       libmtguard.so[0xCBBCB000])[94 B1       ]0x00003896:	CBZ	R4, #0XCBBCE8BE	;(R4=0x300478C0 )
(       libmtguard.so[0xCBBCB000])[0B 20       ]0x00003898:	MOVS	R0, #0XB
(       libmtguard.so[0xCBBCB000])[C4 E9 00 66 ]0x0000389A:	STRD	R6, R6, [R4]	;(R6=0x00000000 R4=0x300478C0 )
(       libmtguard.so[0xCBBCB000])[C4 E9 02 05 ]0x0000389E:	STRD	R0, R5, [R4, #8]	;(R0=0x0000000B R5=0xCBBCFE51 R4=0x300478C0 )
(       libmtguard.so[0xCBBCB000])[04 20       ]0x000038A2:	MOVS	R0, #4
(       libmtguard.so[0xCBBCB000])[0B 21       ]0x000038A4:	MOVS	R1, #0XB
(       libmtguard.so[0xCBBCB000])[00 22       ]0x000038A6:	MOVS	R2, #0
(       libmtguard.so[0xCBBCB000])[00 23       ]0x000038A8:	MOVS	R3, #0
(       libmtguard.so[0xCBBCB000])[00 F0 B9 FA ]0x000038AA:	BL	#0XCBBCEE20	;(PC=0xCBBCE8AA )
(       libmtguard.so[0xCBBCB000])[B0 B5       ]0x00003E20:	PUSH	{R4, R5, R7, LR}	;(SP=0x100FFFA8 R4=0x300478C0 R5=0xCBBCFE51 R7=0x100FFFB8 LR=0xCBBCE8AF )
(       libmtguard.so[0xCBBCB000])[02 AF       ]0x00003E22:	ADD	R7, SP, #8	;(SP=0x100FFF98 )
(       libmtguard.so[0xCBBCB000])[01 FB 00 F5 ]0x00003E24:	MUL	R5, R1, R0	;(R1=0x0000000B R0=0x00000004 )
(       libmtguard.so[0xCBBCB000])[4D B1       ]0x00003E28:	CBZ	R5, #0XCBBCEE3E	;(R5=0x0000002C )
(       libmtguard.so[0xCBBCB000])[28 46       ]0x00003E2A:	MOV	R0, R5	;(R5=0x0000002C )
(       libmtguard.so[0xCBBCB000])[FE F7 C8 EB ]0x00003E2C:	BLX	#0XCBBCD5C0	;(PC=0xCBBCEE2C )
(       libmtguard.so[0xCBBCB000])[00 C6 8F E2 ]0x000025C0:	ADD	IP, PC, #0, #12	;(PC=0xCBBCD5C0 )
(       libmtguard.so[0xCBBCB000])[3D CA 8C E2 ]0x000025C4:	ADD	IP, IP, #0X3D000	;(IP=0xCBBCD5C8 )
(       libmtguard.so[0xCBBCB000])[04 F9 BC E5 ]0x000025C8:	LDR	PC, [IP, #0X904]!	;(IP=0xCBC0A5C8 )
(       libmtguard.so[0xCBBCB000])[04 46       ]0x00003E30:	MOV	R4, R0	;(R0=0x300478D8 )
(       libmtguard.so[0xCBBCB000])[24 B1       ]0x00003E32:	CBZ	R4, #0XCBBCEE3E	;(R4=0x300478D8 )
(       libmtguard.so[0xCBBCB000])[20 46       ]0x00003E34:	MOV	R0, R4	;(R4=0x300478D8 )
(       libmtguard.so[0xCBBCB000])[29 46       ]0x00003E36:	MOV	R1, R5	;(R5=0x0000002C )
(       libmtguard.so[0xCBBCB000])[FE F7 CE EB ]0x00003E38:	BLX	#0XCBBCD5D8	;(PC=0xCBBCEE38 )
(       libmtguard.so[0xCBBCB000])[00 C6 8F E2 ]0x000025D8:	ADD	IP, PC, #0, #12	;(PC=0xCBBCD5D8 )
(       libmtguard.so[0xCBBCB000])[3D CA 8C E2 ]0x000025DC:	ADD	IP, IP, #0X3D000	;(IP=0xCBBCD5E0 )
(       libmtguard.so[0xCBBCB000])[F4 F8 BC E5 ]0x000025E0:	LDR	PC, [IP, #0X8F4]!	;(IP=0xCBC0A5E0 )
(       libmtguard.so[0xCBBCB000])[00 E0       ]0x00003E3C:	B	#0XCBBCEE40
(       libmtguard.so[0xCBBCB000])[20 46       ]0x00003E40:	MOV	R0, R4	;(R4=0x300478D8 )
(       libmtguard.so[0xCBBCB000])[B0 BD       ]0x00003E42:	POP	{R4, R5, R7, PC}	;(SP=0x100FFF98 )
(       libmtguard.so[0xCBBCB000])[00 28       ]0x000038AE:	CMP	R0, #0	;(R0=0x300478D8 )
(       libmtguard.so[0xCBBCB000])[20 60       ]0x000038B0:	STR	R0, [R4]	;(R0=0x300478D8 R4=0x300478C0 )
(       libmtguard.so[0xCBBCB000])[05 D1       ]0x000038B2:	BNE	#0XCBBCE8C0
(       libmtguard.so[0xCBBCB000])[20 46       ]0x000038C0:	MOV	R0, R4	;(R4=0x300478C0 )
(       libmtguard.so[0xCBBCB000])[5D F8 04 BB ]0x000038C2:	LDR	FP, [SP], #4	;(SP=0x100FFFA8 )
(       libmtguard.so[0xCBBCB000])[F0 BD       ]0x000038C6:	POP	{R4, R5, R6, R7, PC}	;(SP=0x100FFFAC )
(       libmtguard.so[0xCBBCB000])[01 36       ]0x0000CE08:	ADDS	R6, #1	;(R6=0x000000C7 )
(       libmtguard.so[0xCBBCB000])[60 60       ]0x0000CE0A:	STR	R0, [R4, #4]	;(R0=0x300478C0 R4=0xCBC0D6CC )
(       libmtguard.so[0xCBBCB000])[B6 F5 7C 7F ]0x0000CE0C:	CMP.W	R6, #0X3F0	;(R6=0x000000C8 )
(       libmtguard.so[0xCBBCB000])[F3 D1       ]0x0000CE10:	BNE	#0XCBBD7DFA
(       libmtguard.so[0xCBBCB000])[48 46       ]0x0000CDFA:	MOV	R0, SB	;(SB=0xCBBCFE51 )
(       libmtguard.so[0xCBBCB000])[45 F8 36 80 ]0x0000CDFC:	STR.W	R8, [R5, R6, LSL #3]	;(R8=0xFFFFFFFF R5=0xCBC0D094 R6=0x000000C8 )
(       libmtguard.so[0xCBBCB000])[05 EB C6 04 ]0x0000CE00:	ADD.W	R4, R5, R6, LSL #3	;(R5=0xCBC0D094 R6=0x000000C8 )
(       libmtguard.so[0xCBBCB000])[F6 F7 3A FD ]0x0000CE04:	BL	#0XCBBCE87C	;(PC=0xCBBD7E04 )
(       libmtguard.so[0xCBBCB000])[F0 B5       ]0x0000387C:	PUSH	{R4, R5, R6, R7, LR}	;(SP=0x100FFFC0 R4=0xCBC0D6D4 R5=0xCBC0D094 R6=0x000000C8 R7=0x100FFFE0 LR=0xCBBD7E09 )
(       libmtguard.so[0xCBBCB000])[03 AF       ]0x0000387E:	ADD	R7, SP, #0XC	;(SP=0x100FFFAC )
(       libmtguard.so[0xCBBCB000])[4D F8 04 BD ]0x00003880:	STR	FP, [SP, #-0X4]!	;(FP=0xCBC0B1C4 SP=0x100FFFAC )
(       libmtguard.so[0xCBBCB000])[05 46       ]0x00003884:	MOV	R5, R0	;(R0=0xCBBCFE51 )
(       libmtguard.so[0xCBBCB000])[01 20       ]0x00003886:	MOVS	R0, #1
(       libmtguard.so[0xCBBCB000])[10 21       ]0x00003888:	MOVS	R1, #0X10
(       libmtguard.so[0xCBBCB000])[00 22       ]0x0000388A:	MOVS	R2, #0
(       libmtguard.so[0xCBBCB000])[00 23       ]0x0000388C:	MOVS	R3, #0
(       libmtguard.so[0xCBBCB000])[00 26       ]0x0000388E:	MOVS	R6, #0
(       libmtguard.so[0xCBBCB000])[00 F0 C6 FA ]0x00003890:	BL	#0XCBBCEE20	;(PC=0xCBBCE890 )
(       libmtguard.so[0xCBBCB000])[B0 B5       ]0x00003E20:	PUSH	{R4, R5, R7, LR}	;(SP=0x100FFFA8 R4=0xCBC0D6D4 R5=0xCBBCFE51 R7=0x100FFFB8 LR=0xCBBCE895 )
(       libmtguard.so[0xCBBCB000])[02 AF       ]0x00003E22:	ADD	R7, SP, #8	;(SP=0x100FFF98 )
(       libmtguard.so[0xCBBCB000])[01 FB 00 F5 ]0x00003E24:	MUL	R5, R1, R0	;(R1=0x00000010 R0=0x00000001 )
(       libmtguard.so[0xCBBCB000])[4D B1       ]0x00003E28:	CBZ	R5, #0XCBBCEE3E	;(R5=0x00000010 )
(       libmtguard.so[0xCBBCB000])[28 46       ]0x00003E2A:	MOV	R0, R5	;(R5=0x00000010 )
(       libmtguard.so[0xCBBCB000])[FE F7 C8 EB ]0x00003E2C:	BLX	#0XCBBCD5C0	;(PC=0xCBBCEE2C )
(       libmtguard.so[0xCBBCB000])[00 C6 8F E2 ]0x000025C0:	ADD	IP, PC, #0, #12	;(PC=0xCBBCD5C0 )
(       libmtguard.so[0xCBBCB000])[3D CA 8C E2 ]0x000025C4:	ADD	IP, IP, #0X3D000	;(IP=0xCBBCD5C8 )
(       libmtguard.so[0xCBBCB000])[04 F9 BC E5 ]0x000025C8:	LDR	PC, [IP, #0X904]!	;(IP=0xCBC0A5C8 )
(       libmtguard.so[0xCBBCB000])[04 46       ]0x00003E30:	MOV	R4, R0	;(R0=0x30047908 )
(       libmtguard.so[0xCBBCB000])[24 B1       ]0x00003E32:	CBZ	R4, #0XCBBCEE3E	;(R4=0x30047908 )
(       libmtguard.so[0xCBBCB000])[20 46       ]0x00003E34:	MOV	R0, R4	;(R4=0x30047908 )
(       libmtguard.so[0xCBBCB000])[29 46       ]0x00003E36:	MOV	R1, R5	;(R5=0x00000010 )
(       libmtguard.so[0xCBBCB000])[FE F7 CE EB ]0x00003E38:	BLX	#0XCBBCD5D8	;(PC=0xCBBCEE38 )
(       libmtguard.so[0xCBBCB000])[00 C6 8F E2 ]0x000025D8:	ADD	IP, PC, #0, #12	;(PC=0xCBBCD5D8 )
(       libmtguard.so[0xCBBCB000])[3D CA 8C E2 ]0x000025DC:	ADD	IP, IP, #0X3D000	;(IP=0xCBBCD5E0 )
(       libmtguard.so[0xCBBCB000])[F4 F8 BC E5 ]0x000025E0:	LDR	PC, [IP, #0X8F4]!	;(IP=0xCBC0A5E0 )
(       libmtguard.so[0xCBBCB000])[00 E0       ]0x00003E3C:	B	#0XCBBCEE40
(       libmtguard.so[0xCBBCB000])[20 46       ]0x00003E40:	MOV	R0, R4	;(R4=0x30047908 )
(       libmtguard.so[0xCBBCB000])[B0 BD       ]0x00003E42:	POP	{R4, R5, R7, PC}	;(SP=0x100FFF98 )
(       libmtguard.so[0xCBBCB000])[04 46       ]0x00003894:	MOV	R4, R0	;(R0=0x30047908 )
(       libmtguard.so[0xCBBCB000])[94 B1       ]0x00003896:	CBZ	R4, #0XCBBCE8BE	;(R4=0x30047908 )
(       libmtguard.so[0xCBBCB000])[0B 20       ]0x00003898:	MOVS	R0, #0XB
(       libmtguard.so[0xCBBCB000])[C4 E9 00 66 ]0x0000389A:	STRD	R6, R6, [R4]	;(R6=0x00000000 R4=0x30047908 )
(       libmtguard.so[0xCBBCB000])[C4 E9 02 05 ]0x0000389E:	STRD	R0, R5, [R4, #8]	;(R0=0x0000000B R5=0xCBBCFE51 R4=0x30047908 )
(       libmtguard.so[0xCBBCB000])[04 20       ]0x000038A2:	MOVS	R0, #4
(       libmtguard.so[0xCBBCB000])[0B 21       ]0x000038A4:	MOVS	R1, #0XB
(       libmtguard.so[0xCBBCB000])[00 22       ]0x000038A6:	MOVS	R2, #0
(       libmtguard.so[0xCBBCB000])[00 23       ]0x000038A8:	MOVS	R3, #0
(       libmtguard.so[0xCBBCB000])[00 F0 B9 FA ]0x000038AA:	BL	#0XCBBCEE20	;(PC=0xCBBCE8AA )
(       libmtguard.so[0xCBBCB000])[B0 B5       ]0x00003E20:	PUSH	{R4, R5, R7, LR}	;(SP=0x100FFFA8 R4=0x30047908 R5=0xCBBCFE51 R7=0x100FFFB8 LR=0xCBBCE8AF )
(       libmtguard.so[0xCBBCB000])[02 AF       ]0x00003E22:	ADD	R7, SP, #8	;(SP=0x100FFF98 )
(       libmtguard.so[0xCBBCB000])[01 FB 00 F5 ]0x00003E24:	MUL	R5, R1, R0	;(R1=0x0000000B R0=0x00000004 )
(       libmtguard.so[0xCBBCB000])[4D B1       ]0x00003E28:	CBZ	R5, #0XCBBCEE3E	;(R5=0x0000002C )
(       libmtguard.so[0xCBBCB000])[28 46       ]0x00003E2A:	MOV	R0, R5	;(R5=0x0000002C )
(       libmtguard.so[0xCBBCB000])[FE F7 C8 EB ]0x00003E2C:	BLX	#0XCBBCD5C0	;(PC=0xCBBCEE2C )
(       libmtguard.so[0xCBBCB000])[00 C6 8F E2 ]0x000025C0:	ADD	IP, PC, #0, #12	;(PC=0xCBBCD5C0 )
(       libmtguard.so[0xCBBCB000])[3D CA 8C E2 ]0x000025C4:	ADD	IP, IP, #0X3D000	;(IP=0xCBBCD5C8 )
(       libmtguard.so[0xCBBCB000])[04 F9 BC E5 ]0x000025C8:	LDR	PC, [IP, #0X904]!	;(IP=0xCBC0A5C8 )
(       libmtguard.so[0xCBBCB000])[04 46       ]0x00003E30:	MOV	R4, R0	;(R0=0x30047920 )
(       libmtguard.so[0xCBBCB000])[24 B1       ]0x00003E32:	CBZ	R4, #0XCBBCEE3E	;(R4=0x30047920 )
(       libmtguard.so[0xCBBCB000])[20 46       ]0x00003E34:	MOV	R0, R4	;(R4=0x30047920 )
(       libmtguard.so[0xCBBCB000])[29 46       ]0x00003E36:	MOV	R1, R5	;(R5=0x0000002C )
(       libmtguard.so[0xCBBCB000])[FE F7 CE EB ]0x00003E38:	BLX	#0XCBBCD5D8	;(PC=0xCBBCEE38 )
(       libmtguard.so[0xCBBCB000])[00 C6 8F E2 ]0x000025D8:	ADD	IP, PC, #0, #12	;(PC=0xCBBCD5D8 )
(       libmtguard.so[0xCBBCB000])[3D CA 8C E2 ]0x000025DC:	ADD	IP, IP, #0X3D000	;(IP=0xCBBCD5E0 )
(       libmtguard.so[0xCBBCB000])[F4 F8 BC E5 ]0x000025E0:	LDR	PC, [IP, #0X8F4]!	;(IP=0xCBC0A5E0 )
(       libmtguard.so[0xCBBCB000])[00 E0       ]0x00003E3C:	B	#0XCBBCEE40
(       libmtguard.so[0xCBBCB000])[20 46       ]0x00003E40:	MOV	R0, R4	;(R4=0x30047920 )
(       libmtguard.so[0xCBBCB000])[B0 BD       ]0x00003E42:	POP	{R4, R5, R7, PC}	;(SP=0x100FFF98 )
(       libmtguard.so[0xCBBCB000])[00 28       ]0x000038AE:	CMP	R0, #0	;(R0=0x30047920 )
(       libmtguard.so[0xCBBCB000])[20 60       ]0x000038B0:	STR	R0, [R4]	;(R0=0x30047920 R4=0x30047908 )
(       libmtguard.so[0xCBBCB000])[05 D1       ]0x000038B2:	BNE	#0XCBBCE8C0
(       libmtguard.so[0xCBBCB000])[20 46       ]0x000038C0:	MOV	R0, R4	;(R4=0x30047908 )
(       libmtguard.so[0xCBBCB000])[5D F8 04 BB ]0x000038C2:	LDR	FP, [SP], #4	;(SP=0x100FFFA8 )
(       libmtguard.so[0xCBBCB000])[F0 BD       ]0x000038C6:	POP	{R4, R5, R6, R7, PC}	;(SP=0x100FFFAC )
(       libmtguard.so[0xCBBCB000])[01 36       ]0x0000CE08:	ADDS	R6, #1	;(R6=0x000000C8 )
(       libmtguard.so[0xCBBCB000])[60 60       ]0x0000CE0A:	STR	R0, [R4, #4]	;(R0=0x30047908 R4=0xCBC0D6D4 )
(       libmtguard.so[0xCBBCB000])[B6 F5 7C 7F ]0x0000CE0C:	CMP.W	R6, #0X3F0	;(R6=0x000000C9 )
(       libmtguard.so[0xCBBCB000])[F3 D1       ]0x0000CE10:	BNE	#0XCBBD7DFA
(       libmtguard.so[0xCBBCB000])[48 46       ]0x0000CDFA:	MOV	R0, SB	;(SB=0xCBBCFE51 )
(       libmtguard.so[0xCBBCB000])[45 F8 36 80 ]0x0000CDFC:	STR.W	R8, [R5, R6, LSL #3]	;(R8=0xFFFFFFFF R5=0xCBC0D094 R6=0x000000C9 )
(       libmtguard.so[0xCBBCB000])[05 EB C6 04 ]0x0000CE00:	ADD.W	R4, R5, R6, LSL #3	;(R5=0xCBC0D094 R6=0x000000C9 )
(       libmtguard.so[0xCBBCB000])[F6 F7 3A FD ]0x0000CE04:	BL	#0XCBBCE87C	;(PC=0xCBBD7E04 )
(       libmtguard.so[0xCBBCB000])[F0 B5       ]0x0000387C:	PUSH	{R4, R5, R6, R7, LR}	;(SP=0x100FFFC0 R4=0xCBC0D6DC R5=0xCBC0D094 R6=0x000000C9 R7=0x100FFFE0 LR=0xCBBD7E09 )
(       libmtguard.so[0xCBBCB000])[03 AF       ]0x0000387E:	ADD	R7, SP, #0XC	;(SP=0x100FFFAC )
(       libmtguard.so[0xCBBCB000])[4D F8 04 BD ]0x00003880:	STR	FP, [SP, #-0X4]!	;(FP=0xCBC0B1C4 SP=0x100FFFAC )
(       libmtguard.so[0xCBBCB000])[05 46       ]0x00003884:	MOV	R5, R0	;(R0=0xCBBCFE51 )
(       libmtguard.so[0xCBBCB000])[01 20       ]0x00003886:	MOVS	R0, #1
(       libmtguard.so[0xCBBCB000])[10 21       ]0x00003888:	MOVS	R1, #0X10
(       libmtguard.so[0xCBBCB000])[00 22       ]0x0000388A:	MOVS	R2, #0
(       libmtguard.so[0xCBBCB000])[00 23       ]0x0000388C:	MOVS	R3, #0
(       libmtguard.so[0xCBBCB000])[00 26       ]0x0000388E:	MOVS	R6, #0
(       libmtguard.so[0xCBBCB000])[00 F0 C6 FA ]0x00003890:	BL	#0XCBBCEE20	;(PC=0xCBBCE890 )
(       libmtguard.so[0xCBBCB000])[B0 B5       ]0x00003E20:	PUSH	{R4, R5, R7, LR}	;(SP=0x100FFFA8 R4=0xCBC0D6DC R5=0xCBBCFE51 R7=0x100FFFB8 LR=0xCBBCE895 )
(       libmtguard.so[0xCBBCB000])[02 AF       ]0x00003E22:	ADD	R7, SP, #8	;(SP=0x100FFF98 )
(       libmtguard.so[0xCBBCB000])[01 FB 00 F5 ]0x00003E24:	MUL	R5, R1, R0	;(R1=0x00000010 R0=0x00000001 )
(       libmtguard.so[0xCBBCB000])[4D B1       ]0x00003E28:	CBZ	R5, #0XCBBCEE3E	;(R5=0x00000010 )
(       libmtguard.so[0xCBBCB000])[28 46       ]0x00003E2A:	MOV	R0, R5	;(R5=0x00000010 )
(       libmtguard.so[0xCBBCB000])[FE F7 C8 EB ]0x00003E2C:	BLX	#0XCBBCD5C0	;(PC=0xCBBCEE2C )
(       libmtguard.so[0xCBBCB000])[00 C6 8F E2 ]0x000025C0:	ADD	IP, PC, #0, #12	;(PC=0xCBBCD5C0 )
(       libmtguard.so[0xCBBCB000])[3D CA 8C E2 ]0x000025C4:	ADD	IP, IP, #0X3D000	;(IP=0xCBBCD5C8 )
(       libmtguard.so[0xCBBCB000])[04 F9 BC E5 ]0x000025C8:	LDR	PC, [IP, #0X904]!	;(IP=0xCBC0A5C8 )
(       libmtguard.so[0xCBBCB000])[04 46       ]0x00003E30:	MOV	R4, R0	;(R0=0x30047950 )
(       libmtguard.so[0xCBBCB000])[24 B1       ]0x00003E32:	CBZ	R4, #0XCBBCEE3E	;(R4=0x30047950 )
(       libmtguard.so[0xCBBCB000])[20 46       ]0x00003E34:	MOV	R0, R4	;(R4=0x30047950 )
(       libmtguard.so[0xCBBCB000])[29 46       ]0x00003E36:	MOV	R1, R5	;(R5=0x00000010 )
(       libmtguard.so[0xCBBCB000])[FE F7 CE EB ]0x00003E38:	BLX	#0XCBBCD5D8	;(PC=0xCBBCEE38 )
(       libmtguard.so[0xCBBCB000])[00 C6 8F E2 ]0x000025D8:	ADD	IP, PC, #0, #12	;(PC=0xCBBCD5D8 )
(       libmtguard.so[0xCBBCB000])[3D CA 8C E2 ]0x000025DC:	ADD	IP, IP, #0X3D000	;(IP=0xCBBCD5E0 )
(       libmtguard.so[0xCBBCB000])[F4 F8 BC E5 ]0x000025E0:	LDR	PC, [IP, #0X8F4]!	;(IP=0xCBC0A5E0 )
(       libmtguard.so[0xCBBCB000])[00 E0       ]0x00003E3C:	B	#0XCBBCEE40
(       libmtguard.so[0xCBBCB000])[20 46       ]0x00003E40:	MOV	R0, R4	;(R4=0x30047950 )
(       libmtguard.so[0xCBBCB000])[B0 BD       ]0x00003E42:	POP	{R4, R5, R7, PC}	;(SP=0x100FFF98 )
(       libmtguard.so[0xCBBCB000])[04 46       ]0x00003894:	MOV	R4, R0	;(R0=0x30047950 )
(       libmtguard.so[0xCBBCB000])[94 B1       ]0x00003896:	CBZ	R4, #0XCBBCE8BE	;(R4=0x30047950 )
(       libmtguard.so[0xCBBCB000])[0B 20       ]0x00003898:	MOVS	R0, #0XB
(       libmtguard.so[0xCBBCB000])[C4 E9 00 66 ]0x0000389A:	STRD	R6, R6, [R4]	;(R6=0x00000000 R4=0x30047950 )
(       libmtguard.so[0xCBBCB000])[C4 E9 02 05 ]0x0000389E:	STRD	R0, R5, [R4, #8]	;(R0=0x0000000B R5=0xCBBCFE51 R4=0x30047950 )
(       libmtguard.so[0xCBBCB000])[04 20       ]0x000038A2:	MOVS	R0, #4
(       libmtguard.so[0xCBBCB000])[0B 21       ]0x000038A4:	MOVS	R1, #0XB
(       libmtguard.so[0xCBBCB000])[00 22       ]0x000038A6:	MOVS	R2, #0
(       libmtguard.so[0xCBBCB000])[00 23       ]0x000038A8:	MOVS	R3, #0
(       libmtguard.so[0xCBBCB000])[00 F0 B9 FA ]0x000038AA:	BL	#0XCBBCEE20	;(PC=0xCBBCE8AA )
(       libmtguard.so[0xCBBCB000])[B0 B5       ]0x00003E20:	PUSH	{R4, R5, R7, LR}	;(SP=0x100FFFA8 R4=0x30047950 R5=0xCBBCFE51 R7=0x100FFFB8 LR=0xCBBCE8AF )
(       libmtguard.so[0xCBBCB000])[02 AF       ]0x00003E22:	ADD	R7, SP, #8	;(SP=0x100FFF98 )
(       libmtguard.so[0xCBBCB000])[01 FB 00 F5 ]0x00003E24:	MUL	R5, R1, R0	;(R1=0x0000000B R0=0x00000004 )
(       libmtguard.so[0xCBBCB000])[4D B1       ]0x00003E28:	CBZ	R5, #0XCBBCEE3E	;(R5=0x0000002C )
(       libmtguard.so[0xCBBCB000])[28 46       ]0x00003E2A:	MOV	R0, R5	;(R5=0x0000002C )
(       libmtguard.so[0xCBBCB000])[FE F7 C8 EB ]0x00003E2C:	BLX	#0XCBBCD5C0	;(PC=0xCBBCEE2C )
(       libmtguard.so[0xCBBCB000])[00 C6 8F E2 ]0x000025C0:	ADD	IP, PC, #0, #12	;(PC=0xCBBCD5C0 )
(       libmtguard.so[0xCBBCB000])[3D CA 8C E2 ]0x000025C4:	ADD	IP, IP, #0X3D000	;(IP=0xCBBCD5C8 )
(       libmtguard.so[0xCBBCB000])[04 F9 BC E5 ]0x000025C8:	LDR	PC, [IP, #0X904]!	;(IP=0xCBC0A5C8 )
(       libmtguard.so[0xCBBCB000])[04 46       ]0x00003E30:	MOV	R4, R0	;(R0=0x30047968 )
(       libmtguard.so[0xCBBCB000])[24 B1       ]0x00003E32:	CBZ	R4, #0XCBBCEE3E	;(R4=0x30047968 )
(       libmtguard.so[0xCBBCB000])[20 46       ]0x00003E34:	MOV	R0, R4	;(R4=0x30047968 )
(       libmtguard.so[0xCBBCB000])[29 46       ]0x00003E36:	MOV	R1, R5	;(R5=0x0000002C )
(       libmtguard.so[0xCBBCB000])[FE F7 CE EB ]0x00003E38:	BLX	#0XCBBCD5D8	;(PC=0xCBBCEE38 )
(       libmtguard.so[0xCBBCB000])[00 C6 8F E2 ]0x000025D8:	ADD	IP, PC, #0, #12	;(PC=0xCBBCD5D8 )
(       libmtguard.so[0xCBBCB000])[3D CA 8C E2 ]0x000025DC:	ADD	IP, IP, #0X3D000	;(IP=0xCBBCD5E0 )
(       libmtguard.so[0xCBBCB000])[F4 F8 BC E5 ]0x000025E0:	LDR	PC, [IP, #0X8F4]!	;(IP=0xCBC0A5E0 )
(       libmtguard.so[0xCBBCB000])[00 E0       ]0x00003E3C:	B	#0XCBBCEE40
(       libmtguard.so[0xCBBCB000])[20 46       ]0x00003E40:	MOV	R0, R4	;(R4=0x30047968 )
(       libmtguard.so[0xCBBCB000])[B0 BD       ]0x00003E42:	POP	{R4, R5, R7, PC}	;(SP=0x100FFF98 )
(       libmtguard.so[0xCBBCB000])[00 28       ]0x000038AE:	CMP	R0, #0	;(R0=0x30047968 )
(       libmtguard.so[0xCBBCB000])[20 60       ]0x000038B0:	STR	R0, [R4]	;(R0=0x30047968 R4=0x30047950 )
(       libmtguard.so[0xCBBCB000])[05 D1       ]0x000038B2:	BNE	#0XCBBCE8C0
(       libmtguard.so[0xCBBCB000])[20 46       ]0x000038C0:	MOV	R0, R4	;(R4=0x30047950 )
(       libmtguard.so[0xCBBCB000])[5D F8 04 BB ]0x000038C2:	LDR	FP, [SP], #4	;(SP=0x100FFFA8 )
(       libmtguard.so[0xCBBCB000])[F0 BD       ]0x000038C6:	POP	{R4, R5, R6, R7, PC}	;(SP=0x100FFFAC )
(       libmtguard.so[0xCBBCB000])[01 36       ]0x0000CE08:	ADDS	R6, #1	;(R6=0x000000C9 )
(       libmtguard.so[0xCBBCB000])[60 60       ]0x0000CE0A:	STR	R0, [R4, #4]	;(R0=0x30047950 R4=0xCBC0D6DC )
(       libmtguard.so[0xCBBCB000])[B6 F5 7C 7F ]0x0000CE0C:	CMP.W	R6, #0X3F0	;(R6=0x000000CA )
(       libmtguard.so[0xCBBCB000])[F3 D1       ]0x0000CE10:	BNE	#0XCBBD7DFA
(       libmtguard.so[0xCBBCB000])[48 46       ]0x0000CDFA:	MOV	R0, SB	;(SB=0xCBBCFE51 )
(       libmtguard.so[0xCBBCB000])[45 F8 36 80 ]0x0000CDFC:	STR.W	R8, [R5, R6, LSL #3]	;(R8=0xFFFFFFFF R5=0xCBC0D094 R6=0x000000CA )
(       libmtguard.so[0xCBBCB000])[05 EB C6 04 ]0x0000CE00:	ADD.W	R4, R5, R6, LSL #3	;(R5=0xCBC0D094 R6=0x000000CA )
(       libmtguard.so[0xCBBCB000])[F6 F7 3A FD ]0x0000CE04:	BL	#0XCBBCE87C	;(PC=0xCBBD7E04 )
(       libmtguard.so[0xCBBCB000])[F0 B5       ]0x0000387C:	PUSH	{R4, R5, R6, R7, LR}	;(SP=0x100FFFC0 R4=0xCBC0D6E4 R5=0xCBC0D094 R6=0x000000CA R7=0x100FFFE0 LR=0xCBBD7E09 )
(       libmtguard.so[0xCBBCB000])[03 AF       ]0x0000387E:	ADD	R7, SP, #0XC	;(SP=0x100FFFAC )
(       libmtguard.so[0xCBBCB000])[4D F8 04 BD ]0x00003880:	STR	FP, [SP, #-0X4]!	;(FP=0xCBC0B1C4 SP=0x100FFFAC )
(       libmtguard.so[0xCBBCB000])[05 46       ]0x00003884:	MOV	R5, R0	;(R0=0xCBBCFE51 )
(       libmtguard.so[0xCBBCB000])[01 20       ]0x00003886:	MOVS	R0, #1
(       libmtguard.so[0xCBBCB000])[10 21       ]0x00003888:	MOVS	R1, #0X10
(       libmtguard.so[0xCBBCB000])[00 22       ]0x0000388A:	MOVS	R2, #0
(       libmtguard.so[0xCBBCB000])[00 23       ]0x0000388C:	MOVS	R3, #0
(       libmtguard.so[0xCBBCB000])[00 26       ]0x0000388E:	MOVS	R6, #0
(       libmtguard.so[0xCBBCB000])[00 F0 C6 FA ]0x00003890:	BL	#0XCBBCEE20	;(PC=0xCBBCE890 )
(       libmtguard.so[0xCBBCB000])[B0 B5       ]0x00003E20:	PUSH	{R4, R5, R7, LR}	;(SP=0x100FFFA8 R4=0xCBC0D6E4 R5=0xCBBCFE51 R7=0x100FFFB8 LR=0xCBBCE895 )
(       libmtguard.so[0xCBBCB000])[02 AF       ]0x00003E22:	ADD	R7, SP, #8	;(SP=0x100FFF98 )
(       libmtguard.so[0xCBBCB000])[01 FB 00 F5 ]0x00003E24:	MUL	R5, R1, R0	;(R1=0x00000010 R0=0x00000001 )
(       libmtguard.so[0xCBBCB000])[4D B1       ]0x00003E28:	CBZ	R5, #0XCBBCEE3E	;(R5=0x00000010 )
(       libmtguard.so[0xCBBCB000])[28 46       ]0x00003E2A:	MOV	R0, R5	;(R5=0x00000010 )
(       libmtguard.so[0xCBBCB000])[FE F7 C8 EB ]0x00003E2C:	BLX	#0XCBBCD5C0	;(PC=0xCBBCEE2C )
(       libmtguard.so[0xCBBCB000])[00 C6 8F E2 ]0x000025C0:	ADD	IP, PC, #0, #12	;(PC=0xCBBCD5C0 )
(       libmtguard.so[0xCBBCB000])[3D CA 8C E2 ]0x000025C4:	ADD	IP, IP, #0X3D000	;(IP=0xCBBCD5C8 )
(       libmtguard.so[0xCBBCB000])[04 F9 BC E5 ]0x000025C8:	LDR	PC, [IP, #0X904]!	;(IP=0xCBC0A5C8 )
(       libmtguard.so[0xCBBCB000])[04 46       ]0x00003E30:	MOV	R4, R0	;(R0=0x30047998 )
(       libmtguard.so[0xCBBCB000])[24 B1       ]0x00003E32:	CBZ	R4, #0XCBBCEE3E	;(R4=0x30047998 )
(       libmtguard.so[0xCBBCB000])[20 46       ]0x00003E34:	MOV	R0, R4	;(R4=0x30047998 )
(       libmtguard.so[0xCBBCB000])[29 46       ]0x00003E36:	MOV	R1, R5	;(R5=0x00000010 )
(       libmtguard.so[0xCBBCB000])[FE F7 CE EB ]0x00003E38:	BLX	#0XCBBCD5D8	;(PC=0xCBBCEE38 )
(       libmtguard.so[0xCBBCB000])[00 C6 8F E2 ]0x000025D8:	ADD	IP, PC, #0, #12	;(PC=0xCBBCD5D8 )
(       libmtguard.so[0xCBBCB000])[3D CA 8C E2 ]0x000025DC:	ADD	IP, IP, #0X3D000	;(IP=0xCBBCD5E0 )
(       libmtguard.so[0xCBBCB000])[F4 F8 BC E5 ]0x000025E0:	LDR	PC, [IP, #0X8F4]!	;(IP=0xCBC0A5E0 )
(       libmtguard.so[0xCBBCB000])[00 E0       ]0x00003E3C:	B	#0XCBBCEE40
(       libmtguard.so[0xCBBCB000])[20 46       ]0x00003E40:	MOV	R0, R4	;(R4=0x30047998 )
(       libmtguard.so[0xCBBCB000])[B0 BD       ]0x00003E42:	POP	{R4, R5, R7, PC}	;(SP=0x100FFF98 )
(       libmtguard.so[0xCBBCB000])[04 46       ]0x00003894:	MOV	R4, R0	;(R0=0x30047998 )
(       libmtguard.so[0xCBBCB000])[94 B1       ]0x00003896:	CBZ	R4, #0XCBBCE8BE	;(R4=0x30047998 )
(       libmtguard.so[0xCBBCB000])[0B 20       ]0x00003898:	MOVS	R0, #0XB
(       libmtguard.so[0xCBBCB000])[C4 E9 00 66 ]0x0000389A:	STRD	R6, R6, [R4]	;(R6=0x00000000 R4=0x30047998 )
(       libmtguard.so[0xCBBCB000])[C4 E9 02 05 ]0x0000389E:	STRD	R0, R5, [R4, #8]	;(R0=0x0000000B R5=0xCBBCFE51 R4=0x30047998 )
(       libmtguard.so[0xCBBCB000])[04 20       ]0x000038A2:	MOVS	R0, #4
(       libmtguard.so[0xCBBCB000])[0B 21       ]0x000038A4:	MOVS	R1, #0XB
(       libmtguard.so[0xCBBCB000])[00 22       ]0x000038A6:	MOVS	R2, #0
(       libmtguard.so[0xCBBCB000])[00 23       ]0x000038A8:	MOVS	R3, #0
(       libmtguard.so[0xCBBCB000])[00 F0 B9 FA ]0x000038AA:	BL	#0XCBBCEE20	;(PC=0xCBBCE8AA )
(       libmtguard.so[0xCBBCB000])[B0 B5       ]0x00003E20:	PUSH	{R4, R5, R7, LR}	;(SP=0x100FFFA8 R4=0x30047998 R5=0xCBBCFE51 R7=0x100FFFB8 LR=0xCBBCE8AF )
(       libmtguard.so[0xCBBCB000])[02 AF       ]0x00003E22:	ADD	R7, SP, #8	;(SP=0x100FFF98 )
(       libmtguard.so[0xCBBCB000])[01 FB 00 F5 ]0x00003E24:	MUL	R5, R1, R0	;(R1=0x0000000B R0=0x00000004 )
(       libmtguard.so[0xCBBCB000])[4D B1       ]0x00003E28:	CBZ	R5, #0XCBBCEE3E	;(R5=0x0000002C )
(       libmtguard.so[0xCBBCB000])[28 46       ]0x00003E2A:	MOV	R0, R5	;(R5=0x0000002C )
(       libmtguard.so[0xCBBCB000])[FE F7 C8 EB ]0x00003E2C:	BLX	#0XCBBCD5C0	;(PC=0xCBBCEE2C )
(       libmtguard.so[0xCBBCB000])[00 C6 8F E2 ]0x000025C0:	ADD	IP, PC, #0, #12	;(PC=0xCBBCD5C0 )
(       libmtguard.so[0xCBBCB000])[3D CA 8C E2 ]0x000025C4:	ADD	IP, IP, #0X3D000	;(IP=0xCBBCD5C8 )
(       libmtguard.so[0xCBBCB000])[04 F9 BC E5 ]0x000025C8:	LDR	PC, [IP, #0X904]!	;(IP=0xCBC0A5C8 )
(       libmtguard.so[0xCBBCB000])[04 46       ]0x00003E30:	MOV	R4, R0	;(R0=0x300479B0 )
(       libmtguard.so[0xCBBCB000])[24 B1       ]0x00003E32:	CBZ	R4, #0XCBBCEE3E	;(R4=0x300479B0 )
(       libmtguard.so[0xCBBCB000])[20 46       ]0x00003E34:	MOV	R0, R4	;(R4=0x300479B0 )
(       libmtguard.so[0xCBBCB000])[29 46       ]0x00003E36:	MOV	R1, R5	;(R5=0x0000002C )
(       libmtguard.so[0xCBBCB000])[FE F7 CE EB ]0x00003E38:	BLX	#0XCBBCD5D8	;(PC=0xCBBCEE38 )
(       libmtguard.so[0xCBBCB000])[00 C6 8F E2 ]0x000025D8:	ADD	IP, PC, #0, #12	;(PC=0xCBBCD5D8 )
(       libmtguard.so[0xCBBCB000])[3D CA 8C E2 ]0x000025DC:	ADD	IP, IP, #0X3D000	;(IP=0xCBBCD5E0 )
(       libmtguard.so[0xCBBCB000])[F4 F8 BC E5 ]0x000025E0:	LDR	PC, [IP, #0X8F4]!	;(IP=0xCBC0A5E0 )
(       libmtguard.so[0xCBBCB000])[00 E0       ]0x00003E3C:	B	#0XCBBCEE40
(       libmtguard.so[0xCBBCB000])[20 46       ]0x00003E40:	MOV	R0, R4	;(R4=0x300479B0 )
(       libmtguard.so[0xCBBCB000])[B0 BD       ]0x00003E42:	POP	{R4, R5, R7, PC}	;(SP=0x100FFF98 )
(       libmtguard.so[0xCBBCB000])[00 28       ]0x000038AE:	CMP	R0, #0	;(R0=0x300479B0 )
(       libmtguard.so[0xCBBCB000])[20 60       ]0x000038B0:	STR	R0, [R4]	;(R0=0x300479B0 R4=0x30047998 )
(       libmtguard.so[0xCBBCB000])[05 D1       ]0x000038B2:	BNE	#0XCBBCE8C0
(       libmtguard.so[0xCBBCB000])[20 46       ]0x000038C0:	MOV	R0, R4	;(R4=0x30047998 )
(       libmtguard.so[0xCBBCB000])[5D F8 04 BB ]0x000038C2:	LDR	FP, [SP], #4	;(SP=0x100FFFA8 )
(       libmtguard.so[0xCBBCB000])[F0 BD       ]0x000038C6:	POP	{R4, R5, R6, R7, PC}	;(SP=0x100FFFAC )
(       libmtguard.so[0xCBBCB000])[01 36       ]0x0000CE08:	ADDS	R6, #1	;(R6=0x000000CA )
(       libmtguard.so[0xCBBCB000])[60 60       ]0x0000CE0A:	STR	R0, [R4, #4]	;(R0=0x30047998 R4=0xCBC0D6E4 )
(       libmtguard.so[0xCBBCB000])[B6 F5 7C 7F ]0x0000CE0C:	CMP.W	R6, #0X3F0	;(R6=0x000000CB )
(       libmtguard.so[0xCBBCB000])[F3 D1       ]0x0000CE10:	BNE	#0XCBBD7DFA
(       libmtguard.so[0xCBBCB000])[48 46       ]0x0000CDFA:	MOV	R0, SB	;(SB=0xCBBCFE51 )
(       libmtguard.so[0xCBBCB000])[45 F8 36 80 ]0x0000CDFC:	STR.W	R8, [R5, R6, LSL #3]	;(R8=0xFFFFFFFF R5=0xCBC0D094 R6=0x000000CB )
(       libmtguard.so[0xCBBCB000])[05 EB C6 04 ]0x0000CE00:	ADD.W	R4, R5, R6, LSL #3	;(R5=0xCBC0D094 R6=0x000000CB )
(       libmtguard.so[0xCBBCB000])[F6 F7 3A FD ]0x0000CE04:	BL	#0XCBBCE87C	;(PC=0xCBBD7E04 )
(       libmtguard.so[0xCBBCB000])[F0 B5       ]0x0000387C:	PUSH	{R4, R5, R6, R7, LR}	;(SP=0x100FFFC0 R4=0xCBC0D6EC R5=0xCBC0D094 R6=0x000000CB R7=0x100FFFE0 LR=0xCBBD7E09 )
(       libmtguard.so[0xCBBCB000])[03 AF       ]0x0000387E:	ADD	R7, SP, #0XC	;(SP=0x100FFFAC )
(       libmtguard.so[0xCBBCB000])[4D F8 04 BD ]0x00003880:	STR	FP, [SP, #-0X4]!	;(FP=0xCBC0B1C4 SP=0x100FFFAC )
(       libmtguard.so[0xCBBCB000])[05 46       ]0x00003884:	MOV	R5, R0	;(R0=0xCBBCFE51 )
(       libmtguard.so[0xCBBCB000])[01 20       ]0x00003886:	MOVS	R0, #1
(       libmtguard.so[0xCBBCB000])[10 21       ]0x00003888:	MOVS	R1, #0X10
(       libmtguard.so[0xCBBCB000])[00 22       ]0x0000388A:	MOVS	R2, #0
(       libmtguard.so[0xCBBCB000])[00 23       ]0x0000388C:	MOVS	R3, #0
(       libmtguard.so[0xCBBCB000])[00 26       ]0x0000388E:	MOVS	R6, #0
(       libmtguard.so[0xCBBCB000])[00 F0 C6 FA ]0x00003890:	BL	#0XCBBCEE20	;(PC=0xCBBCE890 )
(       libmtguard.so[0xCBBCB000])[B0 B5       ]0x00003E20:	PUSH	{R4, R5, R7, LR}	;(SP=0x100FFFA8 R4=0xCBC0D6EC R5=0xCBBCFE51 R7=0x100FFFB8 LR=0xCBBCE895 )
(       libmtguard.so[0xCBBCB000])[02 AF       ]0x00003E22:	ADD	R7, SP, #8	;(SP=0x100FFF98 )
(       libmtguard.so[0xCBBCB000])[01 FB 00 F5 ]0x00003E24:	MUL	R5, R1, R0	;(R1=0x00000010 R0=0x00000001 )
(       libmtguard.so[0xCBBCB000])[4D B1       ]0x00003E28:	CBZ	R5, #0XCBBCEE3E	;(R5=0x00000010 )
(       libmtguard.so[0xCBBCB000])[28 46       ]0x00003E2A:	MOV	R0, R5	;(R5=0x00000010 )
(       libmtguard.so[0xCBBCB000])[FE F7 C8 EB ]0x00003E2C:	BLX	#0XCBBCD5C0	;(PC=0xCBBCEE2C )
(       libmtguard.so[0xCBBCB000])[00 C6 8F E2 ]0x000025C0:	ADD	IP, PC, #0, #12	;(PC=0xCBBCD5C0 )
(       libmtguard.so[0xCBBCB000])[3D CA 8C E2 ]0x000025C4:	ADD	IP, IP, #0X3D000	;(IP=0xCBBCD5C8 )
(       libmtguard.so[0xCBBCB000])[04 F9 BC E5 ]0x000025C8:	LDR	PC, [IP, #0X904]!	;(IP=0xCBC0A5C8 )
(       libmtguard.so[0xCBBCB000])[04 46       ]0x00003E30:	MOV	R4, R0	;(R0=0x300479E0 )
(       libmtguard.so[0xCBBCB000])[24 B1       ]0x00003E32:	CBZ	R4, #0XCBBCEE3E	;(R4=0x300479E0 )
(       libmtguard.so[0xCBBCB000])[20 46       ]0x00003E34:	MOV	R0, R4	;(R4=0x300479E0 )
(       libmtguard.so[0xCBBCB000])[29 46       ]0x00003E36:	MOV	R1, R5	;(R5=0x00000010 )
(       libmtguard.so[0xCBBCB000])[FE F7 CE EB ]0x00003E38:	BLX	#0XCBBCD5D8	;(PC=0xCBBCEE38 )
(       libmtguard.so[0xCBBCB000])[00 C6 8F E2 ]0x000025D8:	ADD	IP, PC, #0, #12	;(PC=0xCBBCD5D8 )
(       libmtguard.so[0xCBBCB000])[3D CA 8C E2 ]0x000025DC:	ADD	IP, IP, #0X3D000	;(IP=0xCBBCD5E0 )
(       libmtguard.so[0xCBBCB000])[F4 F8 BC E5 ]0x000025E0:	LDR	PC, [IP, #0X8F4]!	;(IP=0xCBC0A5E0 )
(       libmtguard.so[0xCBBCB000])[00 E0       ]0x00003E3C:	B	#0XCBBCEE40
(       libmtguard.so[0xCBBCB000])[20 46       ]0x00003E40:	MOV	R0, R4	;(R4=0x300479E0 )
(       libmtguard.so[0xCBBCB000])[B0 BD       ]0x00003E42:	POP	{R4, R5, R7, PC}	;(SP=0x100FFF98 )
(       libmtguard.so[0xCBBCB000])[04 46       ]0x00003894:	MOV	R4, R0	;(R0=0x300479E0 )
(       libmtguard.so[0xCBBCB000])[94 B1       ]0x00003896:	CBZ	R4, #0XCBBCE8BE	;(R4=0x300479E0 )
(       libmtguard.so[0xCBBCB000])[0B 20       ]0x00003898:	MOVS	R0, #0XB
(       libmtguard.so[0xCBBCB000])[C4 E9 00 66 ]0x0000389A:	STRD	R6, R6, [R4]	;(R6=0x00000000 R4=0x300479E0 )
(       libmtguard.so[0xCBBCB000])[C4 E9 02 05 ]0x0000389E:	STRD	R0, R5, [R4, #8]	;(R0=0x0000000B R5=0xCBBCFE51 R4=0x300479E0 )
(       libmtguard.so[0xCBBCB000])[04 20       ]0x000038A2:	MOVS	R0, #4
(       libmtguard.so[0xCBBCB000])[0B 21       ]0x000038A4:	MOVS	R1, #0XB
(       libmtguard.so[0xCBBCB000])[00 22       ]0x000038A6:	MOVS	R2, #0
(       libmtguard.so[0xCBBCB000])[00 23       ]0x000038A8:	MOVS	R3, #0
(       libmtguard.so[0xCBBCB000])[00 F0 B9 FA ]0x000038AA:	BL	#0XCBBCEE20	;(PC=0xCBBCE8AA )
(       libmtguard.so[0xCBBCB000])[B0 B5       ]0x00003E20:	PUSH	{R4, R5, R7, LR}	;(SP=0x100FFFA8 R4=0x300479E0 R5=0xCBBCFE51 R7=0x100FFFB8 LR=0xCBBCE8AF )
(       libmtguard.so[0xCBBCB000])[02 AF       ]0x00003E22:	ADD	R7, SP, #8	;(SP=0x100FFF98 )
(       libmtguard.so[0xCBBCB000])[01 FB 00 F5 ]0x00003E24:	MUL	R5, R1, R0	;(R1=0x0000000B R0=0x00000004 )
(       libmtguard.so[0xCBBCB000])[4D B1       ]0x00003E28:	CBZ	R5, #0XCBBCEE3E	;(R5=0x0000002C )
(       libmtguard.so[0xCBBCB000])[28 46       ]0x00003E2A:	MOV	R0, R5	;(R5=0x0000002C )
(       libmtguard.so[0xCBBCB000])[FE F7 C8 EB ]0x00003E2C:	BLX	#0XCBBCD5C0	;(PC=0xCBBCEE2C )
(       libmtguard.so[0xCBBCB000])[00 C6 8F E2 ]0x000025C0:	ADD	IP, PC, #0, #12	;(PC=0xCBBCD5C0 )
(       libmtguard.so[0xCBBCB000])[3D CA 8C E2 ]0x000025C4:	ADD	IP, IP, #0X3D000	;(IP=0xCBBCD5C8 )
(       libmtguard.so[0xCBBCB000])[04 F9 BC E5 ]0x000025C8:	LDR	PC, [IP, #0X904]!	;(IP=0xCBC0A5C8 )
(       libmtguard.so[0xCBBCB000])[04 46       ]0x00003E30:	MOV	R4, R0	;(R0=0x300479F8 )
(       libmtguard.so[0xCBBCB000])[24 B1       ]0x00003E32:	CBZ	R4, #0XCBBCEE3E	;(R4=0x300479F8 )
(       libmtguard.so[0xCBBCB000])[20 46       ]0x00003E34:	MOV	R0, R4	;(R4=0x300479F8 )
(       libmtguard.so[0xCBBCB000])[29 46       ]0x00003E36:	MOV	R1, R5	;(R5=0x0000002C )
(       libmtguard.so[0xCBBCB000])[FE F7 CE EB ]0x00003E38:	BLX	#0XCBBCD5D8	;(PC=0xCBBCEE38 )
(       libmtguard.so[0xCBBCB000])[00 C6 8F E2 ]0x000025D8:	ADD	IP, PC, #0, #12	;(PC=0xCBBCD5D8 )
(       libmtguard.so[0xCBBCB000])[3D CA 8C E2 ]0x000025DC:	ADD	IP, IP, #0X3D000	;(IP=0xCBBCD5E0 )
(       libmtguard.so[0xCBBCB000])[F4 F8 BC E5 ]0x000025E0:	LDR	PC, [IP, #0X8F4]!	;(IP=0xCBC0A5E0 )
(       libmtguard.so[0xCBBCB000])[00 E0       ]0x00003E3C:	B	#0XCBBCEE40
(       libmtguard.so[0xCBBCB000])[20 46       ]0x00003E40:	MOV	R0, R4	;(R4=0x300479F8 )
(       libmtguard.so[0xCBBCB000])[B0 BD       ]0x00003E42:	POP	{R4, R5, R7, PC}	;(SP=0x100FFF98 )
(       libmtguard.so[0xCBBCB000])[00 28       ]0x000038AE:	CMP	R0, #0	;(R0=0x300479F8 )
(       libmtguard.so[0xCBBCB000])[20 60       ]0x000038B0:	STR	R0, [R4]	;(R0=0x300479F8 R4=0x300479E0 )
(       libmtguard.so[0xCBBCB000])[05 D1       ]0x000038B2:	BNE	#0XCBBCE8C0
(       libmtguard.so[0xCBBCB000])[20 46       ]0x000038C0:	MOV	R0, R4	;(R4=0x300479E0 )
(       libmtguard.so[0xCBBCB000])[5D F8 04 BB ]0x000038C2:	LDR	FP, [SP], #4	;(SP=0x100FFFA8 )
(       libmtguard.so[0xCBBCB000])[F0 BD       ]0x000038C6:	POP	{R4, R5, R6, R7, PC}	;(SP=0x100FFFAC )
(       libmtguard.so[0xCBBCB000])[01 36       ]0x0000CE08:	ADDS	R6, #1	;(R6=0x000000CB )
(       libmtguard.so[0xCBBCB000])[60 60       ]0x0000CE0A:	STR	R0, [R4, #4]	;(R0=0x300479E0 R4=0xCBC0D6EC )
(       libmtguard.so[0xCBBCB000])[B6 F5 7C 7F ]0x0000CE0C:	CMP.W	R6, #0X3F0	;(R6=0x000000CC )
(       libmtguard.so[0xCBBCB000])[F3 D1       ]0x0000CE10:	BNE	#0XCBBD7DFA
(       libmtguard.so[0xCBBCB000])[48 46       ]0x0000CDFA:	MOV	R0, SB	;(SB=0xCBBCFE51 )
(       libmtguard.so[0xCBBCB000])[45 F8 36 80 ]0x0000CDFC:	STR.W	R8, [R5, R6, LSL #3]	;(R8=0xFFFFFFFF R5=0xCBC0D094 R6=0x000000CC )
(       libmtguard.so[0xCBBCB000])[05 EB C6 04 ]0x0000CE00:	ADD.W	R4, R5, R6, LSL #3	;(R5=0xCBC0D094 R6=0x000000CC )
(       libmtguard.so[0xCBBCB000])[F6 F7 3A FD ]0x0000CE04:	BL	#0XCBBCE87C	;(PC=0xCBBD7E04 )
(       libmtguard.so[0xCBBCB000])[F0 B5       ]0x0000387C:	PUSH	{R4, R5, R6, R7, LR}	;(SP=0x100FFFC0 R4=0xCBC0D6F4 R5=0xCBC0D094 R6=0x000000CC R7=0x100FFFE0 LR=0xCBBD7E09 )
(       libmtguard.so[0xCBBCB000])[03 AF       ]0x0000387E:	ADD	R7, SP, #0XC	;(SP=0x100FFFAC )
(       libmtguard.so[0xCBBCB000])[4D F8 04 BD ]0x00003880:	STR	FP, [SP, #-0X4]!	;(FP=0xCBC0B1C4 SP=0x100FFFAC )
(       libmtguard.so[0xCBBCB000])[05 46       ]0x00003884:	MOV	R5, R0	;(R0=0xCBBCFE51 )
(       libmtguard.so[0xCBBCB000])[01 20       ]0x00003886:	MOVS	R0, #1
(       libmtguard.so[0xCBBCB000])[10 21       ]0x00003888:	MOVS	R1, #0X10
(       libmtguard.so[0xCBBCB000])[00 22       ]0x0000388A:	MOVS	R2, #0
(       libmtguard.so[0xCBBCB000])[00 23       ]0x0000388C:	MOVS	R3, #0
(       libmtguard.so[0xCBBCB000])[00 26       ]0x0000388E:	MOVS	R6, #0
(       libmtguard.so[0xCBBCB000])[00 F0 C6 FA ]0x00003890:	BL	#0XCBBCEE20	;(PC=0xCBBCE890 )
(       libmtguard.so[0xCBBCB000])[B0 B5       ]0x00003E20:	PUSH	{R4, R5, R7, LR}	;(SP=0x100FFFA8 R4=0xCBC0D6F4 R5=0xCBBCFE51 R7=0x100FFFB8 LR=0xCBBCE895 )
(       libmtguard.so[0xCBBCB000])[02 AF       ]0x00003E22:	ADD	R7, SP, #8	;(SP=0x100FFF98 )
(       libmtguard.so[0xCBBCB000])[01 FB 00 F5 ]0x00003E24:	MUL	R5, R1, R0	;(R1=0x00000010 R0=0x00000001 )
(       libmtguard.so[0xCBBCB000])[4D B1       ]0x00003E28:	CBZ	R5, #0XCBBCEE3E	;(R5=0x00000010 )
(       libmtguard.so[0xCBBCB000])[28 46       ]0x00003E2A:	MOV	R0, R5	;(R5=0x00000010 )
(       libmtguard.so[0xCBBCB000])[FE F7 C8 EB ]0x00003E2C:	BLX	#0XCBBCD5C0	;(PC=0xCBBCEE2C )
(       libmtguard.so[0xCBBCB000])[00 C6 8F E2 ]0x000025C0:	ADD	IP, PC, #0, #12	;(PC=0xCBBCD5C0 )
(       libmtguard.so[0xCBBCB000])[3D CA 8C E2 ]0x000025C4:	ADD	IP, IP, #0X3D000	;(IP=0xCBBCD5C8 )
(       libmtguard.so[0xCBBCB000])[04 F9 BC E5 ]0x000025C8:	LDR	PC, [IP, #0X904]!	;(IP=0xCBC0A5C8 )
(       libmtguard.so[0xCBBCB000])[04 46       ]0x00003E30:	MOV	R4, R0	;(R0=0x30047A28 )
(       libmtguard.so[0xCBBCB000])[24 B1       ]0x00003E32:	CBZ	R4, #0XCBBCEE3E	;(R4=0x30047A28 )
(       libmtguard.so[0xCBBCB000])[20 46       ]0x00003E34:	MOV	R0, R4	;(R4=0x30047A28 )
(       libmtguard.so[0xCBBCB000])[29 46       ]0x00003E36:	MOV	R1, R5	;(R5=0x00000010 )
(       libmtguard.so[0xCBBCB000])[FE F7 CE EB ]0x00003E38:	BLX	#0XCBBCD5D8	;(PC=0xCBBCEE38 )
(       libmtguard.so[0xCBBCB000])[00 C6 8F E2 ]0x000025D8:	ADD	IP, PC, #0, #12	;(PC=0xCBBCD5D8 )
(       libmtguard.so[0xCBBCB000])[3D CA 8C E2 ]0x000025DC:	ADD	IP, IP, #0X3D000	;(IP=0xCBBCD5E0 )
(       libmtguard.so[0xCBBCB000])[F4 F8 BC E5 ]0x000025E0:	LDR	PC, [IP, #0X8F4]!	;(IP=0xCBC0A5E0 )
(       libmtguard.so[0xCBBCB000])[00 E0       ]0x00003E3C:	B	#0XCBBCEE40
(       libmtguard.so[0xCBBCB000])[20 46       ]0x00003E40:	MOV	R0, R4	;(R4=0x30047A28 )
(       libmtguard.so[0xCBBCB000])[B0 BD       ]0x00003E42:	POP	{R4, R5, R7, PC}	;(SP=0x100FFF98 )
(       libmtguard.so[0xCBBCB000])[04 46       ]0x00003894:	MOV	R4, R0	;(R0=0x30047A28 )
(       libmtguard.so[0xCBBCB000])[94 B1       ]0x00003896:	CBZ	R4, #0XCBBCE8BE	;(R4=0x30047A28 )
(       libmtguard.so[0xCBBCB000])[0B 20       ]0x00003898:	MOVS	R0, #0XB
(       libmtguard.so[0xCBBCB000])[C4 E9 00 66 ]0x0000389A:	STRD	R6, R6, [R4]	;(R6=0x00000000 R4=0x30047A28 )
(       libmtguard.so[0xCBBCB000])[C4 E9 02 05 ]0x0000389E:	STRD	R0, R5, [R4, #8]	;(R0=0x0000000B R5=0xCBBCFE51 R4=0x30047A28 )
(       libmtguard.so[0xCBBCB000])[04 20       ]0x000038A2:	MOVS	R0, #4
(       libmtguard.so[0xCBBCB000])[0B 21       ]0x000038A4:	MOVS	R1, #0XB
(       libmtguard.so[0xCBBCB000])[00 22       ]0x000038A6:	MOVS	R2, #0
(       libmtguard.so[0xCBBCB000])[00 23       ]0x000038A8:	MOVS	R3, #0
(       libmtguard.so[0xCBBCB000])[00 F0 B9 FA ]0x000038AA:	BL	#0XCBBCEE20	;(PC=0xCBBCE8AA )
(       libmtguard.so[0xCBBCB000])[B0 B5       ]0x00003E20:	PUSH	{R4, R5, R7, LR}	;(SP=0x100FFFA8 R4=0x30047A28 R5=0xCBBCFE51 R7=0x100FFFB8 LR=0xCBBCE8AF )
(       libmtguard.so[0xCBBCB000])[02 AF       ]0x00003E22:	ADD	R7, SP, #8	;(SP=0x100FFF98 )
(       libmtguard.so[0xCBBCB000])[01 FB 00 F5 ]0x00003E24:	MUL	R5, R1, R0	;(R1=0x0000000B R0=0x00000004 )
(       libmtguard.so[0xCBBCB000])[4D B1       ]0x00003E28:	CBZ	R5, #0XCBBCEE3E	;(R5=0x0000002C )
(       libmtguard.so[0xCBBCB000])[28 46       ]0x00003E2A:	MOV	R0, R5	;(R5=0x0000002C )
(       libmtguard.so[0xCBBCB000])[FE F7 C8 EB ]0x00003E2C:	BLX	#0XCBBCD5C0	;(PC=0xCBBCEE2C )
(       libmtguard.so[0xCBBCB000])[00 C6 8F E2 ]0x000025C0:	ADD	IP, PC, #0, #12	;(PC=0xCBBCD5C0 )
(       libmtguard.so[0xCBBCB000])[3D CA 8C E2 ]0x000025C4:	ADD	IP, IP, #0X3D000	;(IP=0xCBBCD5C8 )
(       libmtguard.so[0xCBBCB000])[04 F9 BC E5 ]0x000025C8:	LDR	PC, [IP, #0X904]!	;(IP=0xCBC0A5C8 )
(       libmtguard.so[0xCBBCB000])[04 46       ]0x00003E30:	MOV	R4, R0	;(R0=0x30047A40 )
(       libmtguard.so[0xCBBCB000])[24 B1       ]0x00003E32:	CBZ	R4, #0XCBBCEE3E	;(R4=0x30047A40 )
(       libmtguard.so[0xCBBCB000])[20 46       ]0x00003E34:	MOV	R0, R4	;(R4=0x30047A40 )
(       libmtguard.so[0xCBBCB000])[29 46       ]0x00003E36:	MOV	R1, R5	;(R5=0x0000002C )
(       libmtguard.so[0xCBBCB000])[FE F7 CE EB ]0x00003E38:	BLX	#0XCBBCD5D8	;(PC=0xCBBCEE38 )
(       libmtguard.so[0xCBBCB000])[00 C6 8F E2 ]0x000025D8:	ADD	IP, PC, #0, #12	;(PC=0xCBBCD5D8 )
(       libmtguard.so[0xCBBCB000])[3D CA 8C E2 ]0x000025DC:	ADD	IP, IP, #0X3D000	;(IP=0xCBBCD5E0 )
(       libmtguard.so[0xCBBCB000])[F4 F8 BC E5 ]0x000025E0:	LDR	PC, [IP, #0X8F4]!	;(IP=0xCBC0A5E0 )
(       libmtguard.so[0xCBBCB000])[00 E0       ]0x00003E3C:	B	#0XCBBCEE40
(       libmtguard.so[0xCBBCB000])[20 46       ]0x00003E40:	MOV	R0, R4	;(R4=0x30047A40 )
(       libmtguard.so[0xCBBCB000])[B0 BD       ]0x00003E42:	POP	{R4, R5, R7, PC}	;(SP=0x100FFF98 )
(       libmtguard.so[0xCBBCB000])[00 28       ]0x000038AE:	CMP	R0, #0	;(R0=0x30047A40 )
(       libmtguard.so[0xCBBCB000])[20 60       ]0x000038B0:	STR	R0, [R4]	;(R0=0x30047A40 R4=0x30047A28 )
(       libmtguard.so[0xCBBCB000])[05 D1       ]0x000038B2:	BNE	#0XCBBCE8C0
(       libmtguard.so[0xCBBCB000])[20 46       ]0x000038C0:	MOV	R0, R4	;(R4=0x30047A28 )
(       libmtguard.so[0xCBBCB000])[5D F8 04 BB ]0x000038C2:	LDR	FP, [SP], #4	;(SP=0x100FFFA8 )
(       libmtguard.so[0xCBBCB000])[F0 BD       ]0x000038C6:	POP	{R4, R5, R6, R7, PC}	;(SP=0x100FFFAC )
(       libmtguard.so[0xCBBCB000])[01 36       ]0x0000CE08:	ADDS	R6, #1	;(R6=0x000000CC )
(       libmtguard.so[0xCBBCB000])[60 60       ]0x0000CE0A:	STR	R0, [R4, #4]	;(R0=0x30047A28 R4=0xCBC0D6F4 )
(       libmtguard.so[0xCBBCB000])[B6 F5 7C 7F ]0x0000CE0C:	CMP.W	R6, #0X3F0	;(R6=0x000000CD )
(       libmtguard.so[0xCBBCB000])[F3 D1       ]0x0000CE10:	BNE	#0XCBBD7DFA
(       libmtguard.so[0xCBBCB000])[48 46       ]0x0000CDFA:	MOV	R0, SB	;(SB=0xCBBCFE51 )
(       libmtguard.so[0xCBBCB000])[45 F8 36 80 ]0x0000CDFC:	STR.W	R8, [R5, R6, LSL #3]	;(R8=0xFFFFFFFF R5=0xCBC0D094 R6=0x000000CD )
(       libmtguard.so[0xCBBCB000])[05 EB C6 04 ]0x0000CE00:	ADD.W	R4, R5, R6, LSL #3	;(R5=0xCBC0D094 R6=0x000000CD )
(       libmtguard.so[0xCBBCB000])[F6 F7 3A FD ]0x0000CE04:	BL	#0XCBBCE87C	;(PC=0xCBBD7E04 )
(       libmtguard.so[0xCBBCB000])[F0 B5       ]0x0000387C:	PUSH	{R4, R5, R6, R7, LR}	;(SP=0x100FFFC0 R4=0xCBC0D6FC R5=0xCBC0D094 R6=0x000000CD R7=0x100FFFE0 LR=0xCBBD7E09 )
(       libmtguard.so[0xCBBCB000])[03 AF       ]0x0000387E:	ADD	R7, SP, #0XC	;(SP=0x100FFFAC )
(       libmtguard.so[0xCBBCB000])[4D F8 04 BD ]0x00003880:	STR	FP, [SP, #-0X4]!	;(FP=0xCBC0B1C4 SP=0x100FFFAC )
(       libmtguard.so[0xCBBCB000])[05 46       ]0x00003884:	MOV	R5, R0	;(R0=0xCBBCFE51 )
(       libmtguard.so[0xCBBCB000])[01 20       ]0x00003886:	MOVS	R0, #1
(       libmtguard.so[0xCBBCB000])[10 21       ]0x00003888:	MOVS	R1, #0X10
(       libmtguard.so[0xCBBCB000])[00 22       ]0x0000388A:	MOVS	R2, #0
(       libmtguard.so[0xCBBCB000])[00 23       ]0x0000388C:	MOVS	R3, #0
(       libmtguard.so[0xCBBCB000])[00 26       ]0x0000388E:	MOVS	R6, #0
(       libmtguard.so[0xCBBCB000])[00 F0 C6 FA ]0x00003890:	BL	#0XCBBCEE20	;(PC=0xCBBCE890 )
(       libmtguard.so[0xCBBCB000])[B0 B5       ]0x00003E20:	PUSH	{R4, R5, R7, LR}	;(SP=0x100FFFA8 R4=0xCBC0D6FC R5=0xCBBCFE51 R7=0x100FFFB8 LR=0xCBBCE895 )
(       libmtguard.so[0xCBBCB000])[02 AF       ]0x00003E22:	ADD	R7, SP, #8	;(SP=0x100FFF98 )
(       libmtguard.so[0xCBBCB000])[01 FB 00 F5 ]0x00003E24:	MUL	R5, R1, R0	;(R1=0x00000010 R0=0x00000001 )
(       libmtguard.so[0xCBBCB000])[4D B1       ]0x00003E28:	CBZ	R5, #0XCBBCEE3E	;(R5=0x00000010 )
(       libmtguard.so[0xCBBCB000])[28 46       ]0x00003E2A:	MOV	R0, R5	;(R5=0x00000010 )
(       libmtguard.so[0xCBBCB000])[FE F7 C8 EB ]0x00003E2C:	BLX	#0XCBBCD5C0	;(PC=0xCBBCEE2C )
(       libmtguard.so[0xCBBCB000])[00 C6 8F E2 ]0x000025C0:	ADD	IP, PC, #0, #12	;(PC=0xCBBCD5C0 )
(       libmtguard.so[0xCBBCB000])[3D CA 8C E2 ]0x000025C4:	ADD	IP, IP, #0X3D000	;(IP=0xCBBCD5C8 )
(       libmtguard.so[0xCBBCB000])[04 F9 BC E5 ]0x000025C8:	LDR	PC, [IP, #0X904]!	;(IP=0xCBC0A5C8 )
(       libmtguard.so[0xCBBCB000])[04 46       ]0x00003E30:	MOV	R4, R0	;(R0=0x30047A70 )
(       libmtguard.so[0xCBBCB000])[24 B1       ]0x00003E32:	CBZ	R4, #0XCBBCEE3E	;(R4=0x30047A70 )
(       libmtguard.so[0xCBBCB000])[20 46       ]0x00003E34:	MOV	R0, R4	;(R4=0x30047A70 )
(       libmtguard.so[0xCBBCB000])[29 46       ]0x00003E36:	MOV	R1, R5	;(R5=0x00000010 )
(       libmtguard.so[0xCBBCB000])[FE F7 CE EB ]0x00003E38:	BLX	#0XCBBCD5D8	;(PC=0xCBBCEE38 )
(       libmtguard.so[0xCBBCB000])[00 C6 8F E2 ]0x000025D8:	ADD	IP, PC, #0, #12	;(PC=0xCBBCD5D8 )
(       libmtguard.so[0xCBBCB000])[3D CA 8C E2 ]0x000025DC:	ADD	IP, IP, #0X3D000	;(IP=0xCBBCD5E0 )
(       libmtguard.so[0xCBBCB000])[F4 F8 BC E5 ]0x000025E0:	LDR	PC, [IP, #0X8F4]!	;(IP=0xCBC0A5E0 )
(       libmtguard.so[0xCBBCB000])[00 E0       ]0x00003E3C:	B	#0XCBBCEE40
(       libmtguard.so[0xCBBCB000])[20 46       ]0x00003E40:	MOV	R0, R4	;(R4=0x30047A70 )
(       libmtguard.so[0xCBBCB000])[B0 BD       ]0x00003E42:	POP	{R4, R5, R7, PC}	;(SP=0x100FFF98 )
(       libmtguard.so[0xCBBCB000])[04 46       ]0x00003894:	MOV	R4, R0	;(R0=0x30047A70 )
(       libmtguard.so[0xCBBCB000])[94 B1       ]0x00003896:	CBZ	R4, #0XCBBCE8BE	;(R4=0x30047A70 )
(       libmtguard.so[0xCBBCB000])[0B 20       ]0x00003898:	MOVS	R0, #0XB
(       libmtguard.so[0xCBBCB000])[C4 E9 00 66 ]0x0000389A:	STRD	R6, R6, [R4]	;(R6=0x00000000 R4=0x30047A70 )
(       libmtguard.so[0xCBBCB000])[C4 E9 02 05 ]0x0000389E:	STRD	R0, R5, [R4, #8]	;(R0=0x0000000B R5=0xCBBCFE51 R4=0x30047A70 )
(       libmtguard.so[0xCBBCB000])[04 20       ]0x000038A2:	MOVS	R0, #4
(       libmtguard.so[0xCBBCB000])[0B 21       ]0x000038A4:	MOVS	R1, #0XB
(       libmtguard.so[0xCBBCB000])[00 22       ]0x000038A6:	MOVS	R2, #0
(       libmtguard.so[0xCBBCB000])[00 23       ]0x000038A8:	MOVS	R3, #0
(       libmtguard.so[0xCBBCB000])[00 F0 B9 FA ]0x000038AA:	BL	#0XCBBCEE20	;(PC=0xCBBCE8AA )
(       libmtguard.so[0xCBBCB000])[B0 B5       ]0x00003E20:	PUSH	{R4, R5, R7, LR}	;(SP=0x100FFFA8 R4=0x30047A70 R5=0xCBBCFE51 R7=0x100FFFB8 LR=0xCBBCE8AF )
(       libmtguard.so[0xCBBCB000])[02 AF       ]0x00003E22:	ADD	R7, SP, #8	;(SP=0x100FFF98 )
(       libmtguard.so[0xCBBCB000])[01 FB 00 F5 ]0x00003E24:	MUL	R5, R1, R0	;(R1=0x0000000B R0=0x00000004 )
(       libmtguard.so[0xCBBCB000])[4D B1       ]0x00003E28:	CBZ	R5, #0XCBBCEE3E	;(R5=0x0000002C )
(       libmtguard.so[0xCBBCB000])[28 46       ]0x00003E2A:	MOV	R0, R5	;(R5=0x0000002C )
(       libmtguard.so[0xCBBCB000])[FE F7 C8 EB ]0x00003E2C:	BLX	#0XCBBCD5C0	;(PC=0xCBBCEE2C )
(       libmtguard.so[0xCBBCB000])[00 C6 8F E2 ]0x000025C0:	ADD	IP, PC, #0, #12	;(PC=0xCBBCD5C0 )
(       libmtguard.so[0xCBBCB000])[3D CA 8C E2 ]0x000025C4:	ADD	IP, IP, #0X3D000	;(IP=0xCBBCD5C8 )
(       libmtguard.so[0xCBBCB000])[04 F9 BC E5 ]0x000025C8:	LDR	PC, [IP, #0X904]!	;(IP=0xCBC0A5C8 )
(       libmtguard.so[0xCBBCB000])[04 46       ]0x00003E30:	MOV	R4, R0	;(R0=0x30047A88 )
(       libmtguard.so[0xCBBCB000])[24 B1       ]0x00003E32:	CBZ	R4, #0XCBBCEE3E	;(R4=0x30047A88 )
(       libmtguard.so[0xCBBCB000])[20 46       ]0x00003E34:	MOV	R0, R4	;(R4=0x30047A88 )
(       libmtguard.so[0xCBBCB000])[29 46       ]0x00003E36:	MOV	R1, R5	;(R5=0x0000002C )
(       libmtguard.so[0xCBBCB000])[FE F7 CE EB ]0x00003E38:	BLX	#0XCBBCD5D8	;(PC=0xCBBCEE38 )
(       libmtguard.so[0xCBBCB000])[00 C6 8F E2 ]0x000025D8:	ADD	IP, PC, #0, #12	;(PC=0xCBBCD5D8 )
(       libmtguard.so[0xCBBCB000])[3D CA 8C E2 ]0x000025DC:	ADD	IP, IP, #0X3D000	;(IP=0xCBBCD5E0 )
(       libmtguard.so[0xCBBCB000])[F4 F8 BC E5 ]0x000025E0:	LDR	PC, [IP, #0X8F4]!	;(IP=0xCBC0A5E0 )
(       libmtguard.so[0xCBBCB000])[00 E0       ]0x00003E3C:	B	#0XCBBCEE40
(       libmtguard.so[0xCBBCB000])[20 46       ]0x00003E40:	MOV	R0, R4	;(R4=0x30047A88 )
(       libmtguard.so[0xCBBCB000])[B0 BD       ]0x00003E42:	POP	{R4, R5, R7, PC}	;(SP=0x100FFF98 )
(       libmtguard.so[0xCBBCB000])[00 28       ]0x000038AE:	CMP	R0, #0	;(R0=0x30047A88 )
(       libmtguard.so[0xCBBCB000])[20 60       ]0x000038B0:	STR	R0, [R4]	;(R0=0x30047A88 R4=0x30047A70 )
(       libmtguard.so[0xCBBCB000])[05 D1       ]0x000038B2:	BNE	#0XCBBCE8C0
(       libmtguard.so[0xCBBCB000])[20 46       ]0x000038C0:	MOV	R0, R4	;(R4=0x30047A70 )
(       libmtguard.so[0xCBBCB000])[5D F8 04 BB ]0x000038C2:	LDR	FP, [SP], #4	;(SP=0x100FFFA8 )
(       libmtguard.so[0xCBBCB000])[F0 BD       ]0x000038C6:	POP	{R4, R5, R6, R7, PC}	;(SP=0x100FFFAC )
(       libmtguard.so[0xCBBCB000])[01 36       ]0x0000CE08:	ADDS	R6, #1	;(R6=0x000000CD )
(       libmtguard.so[0xCBBCB000])[60 60       ]0x0000CE0A:	STR	R0, [R4, #4]	;(R0=0x30047A70 R4=0xCBC0D6FC )
(       libmtguard.so[0xCBBCB000])[B6 F5 7C 7F ]0x0000CE0C:	CMP.W	R6, #0X3F0	;(R6=0x000000CE )
(       libmtguard.so[0xCBBCB000])[F3 D1       ]0x0000CE10:	BNE	#0XCBBD7DFA
(       libmtguard.so[0xCBBCB000])[48 46       ]0x0000CDFA:	MOV	R0, SB	;(SB=0xCBBCFE51 )
(       libmtguard.so[0xCBBCB000])[45 F8 36 80 ]0x0000CDFC:	STR.W	R8, [R5, R6, LSL #3]	;(R8=0xFFFFFFFF R5=0xCBC0D094 R6=0x000000CE )
(       libmtguard.so[0xCBBCB000])[05 EB C6 04 ]0x0000CE00:	ADD.W	R4, R5, R6, LSL #3	;(R5=0xCBC0D094 R6=0x000000CE )
(       libmtguard.so[0xCBBCB000])[F6 F7 3A FD ]0x0000CE04:	BL	#0XCBBCE87C	;(PC=0xCBBD7E04 )
(       libmtguard.so[0xCBBCB000])[F0 B5       ]0x0000387C:	PUSH	{R4, R5, R6, R7, LR}	;(SP=0x100FFFC0 R4=0xCBC0D704 R5=0xCBC0D094 R6=0x000000CE R7=0x100FFFE0 LR=0xCBBD7E09 )
(       libmtguard.so[0xCBBCB000])[03 AF       ]0x0000387E:	ADD	R7, SP, #0XC	;(SP=0x100FFFAC )
(       libmtguard.so[0xCBBCB000])[4D F8 04 BD ]0x00003880:	STR	FP, [SP, #-0X4]!	;(FP=0xCBC0B1C4 SP=0x100FFFAC )
(       libmtguard.so[0xCBBCB000])[05 46       ]0x00003884:	MOV	R5, R0	;(R0=0xCBBCFE51 )
(       libmtguard.so[0xCBBCB000])[01 20       ]0x00003886:	MOVS	R0, #1
(       libmtguard.so[0xCBBCB000])[10 21       ]0x00003888:	MOVS	R1, #0X10
(       libmtguard.so[0xCBBCB000])[00 22       ]0x0000388A:	MOVS	R2, #0
(       libmtguard.so[0xCBBCB000])[00 23       ]0x0000388C:	MOVS	R3, #0
(       libmtguard.so[0xCBBCB000])[00 26       ]0x0000388E:	MOVS	R6, #0
(       libmtguard.so[0xCBBCB000])[00 F0 C6 FA ]0x00003890:	BL	#0XCBBCEE20	;(PC=0xCBBCE890 )
(       libmtguard.so[0xCBBCB000])[B0 B5       ]0x00003E20:	PUSH	{R4, R5, R7, LR}	;(SP=0x100FFFA8 R4=0xCBC0D704 R5=0xCBBCFE51 R7=0x100FFFB8 LR=0xCBBCE895 )
(       libmtguard.so[0xCBBCB000])[02 AF       ]0x00003E22:	ADD	R7, SP, #8	;(SP=0x100FFF98 )
(       libmtguard.so[0xCBBCB000])[01 FB 00 F5 ]0x00003E24:	MUL	R5, R1, R0	;(R1=0x00000010 R0=0x00000001 )
(       libmtguard.so[0xCBBCB000])[4D B1       ]0x00003E28:	CBZ	R5, #0XCBBCEE3E	;(R5=0x00000010 )
(       libmtguard.so[0xCBBCB000])[28 46       ]0x00003E2A:	MOV	R0, R5	;(R5=0x00000010 )
(       libmtguard.so[0xCBBCB000])[FE F7 C8 EB ]0x00003E2C:	BLX	#0XCBBCD5C0	;(PC=0xCBBCEE2C )
(       libmtguard.so[0xCBBCB000])[00 C6 8F E2 ]0x000025C0:	ADD	IP, PC, #0, #12	;(PC=0xCBBCD5C0 )
(       libmtguard.so[0xCBBCB000])[3D CA 8C E2 ]0x000025C4:	ADD	IP, IP, #0X3D000	;(IP=0xCBBCD5C8 )
(       libmtguard.so[0xCBBCB000])[04 F9 BC E5 ]0x000025C8:	LDR	PC, [IP, #0X904]!	;(IP=0xCBC0A5C8 )
(       libmtguard.so[0xCBBCB000])[04 46       ]0x00003E30:	MOV	R4, R0	;(R0=0x30047AB8 )
(       libmtguard.so[0xCBBCB000])[24 B1       ]0x00003E32:	CBZ	R4, #0XCBBCEE3E	;(R4=0x30047AB8 )
(       libmtguard.so[0xCBBCB000])[20 46       ]0x00003E34:	MOV	R0, R4	;(R4=0x30047AB8 )
(       libmtguard.so[0xCBBCB000])[29 46       ]0x00003E36:	MOV	R1, R5	;(R5=0x00000010 )
(       libmtguard.so[0xCBBCB000])[FE F7 CE EB ]0x00003E38:	BLX	#0XCBBCD5D8	;(PC=0xCBBCEE38 )
(       libmtguard.so[0xCBBCB000])[00 C6 8F E2 ]0x000025D8:	ADD	IP, PC, #0, #12	;(PC=0xCBBCD5D8 )
(       libmtguard.so[0xCBBCB000])[3D CA 8C E2 ]0x000025DC:	ADD	IP, IP, #0X3D000	;(IP=0xCBBCD5E0 )
(       libmtguard.so[0xCBBCB000])[F4 F8 BC E5 ]0x000025E0:	LDR	PC, [IP, #0X8F4]!	;(IP=0xCBC0A5E0 )
(       libmtguard.so[0xCBBCB000])[00 E0       ]0x00003E3C:	B	#0XCBBCEE40
(       libmtguard.so[0xCBBCB000])[20 46       ]0x00003E40:	MOV	R0, R4	;(R4=0x30047AB8 )
(       libmtguard.so[0xCBBCB000])[B0 BD       ]0x00003E42:	POP	{R4, R5, R7, PC}	;(SP=0x100FFF98 )
(       libmtguard.so[0xCBBCB000])[04 46       ]0x00003894:	MOV	R4, R0	;(R0=0x30047AB8 )
(       libmtguard.so[0xCBBCB000])[94 B1       ]0x00003896:	CBZ	R4, #0XCBBCE8BE	;(R4=0x30047AB8 )
(       libmtguard.so[0xCBBCB000])[0B 20       ]0x00003898:	MOVS	R0, #0XB
(       libmtguard.so[0xCBBCB000])[C4 E9 00 66 ]0x0000389A:	STRD	R6, R6, [R4]	;(R6=0x00000000 R4=0x30047AB8 )
(       libmtguard.so[0xCBBCB000])[C4 E9 02 05 ]0x0000389E:	STRD	R0, R5, [R4, #8]	;(R0=0x0000000B R5=0xCBBCFE51 R4=0x30047AB8 )
(       libmtguard.so[0xCBBCB000])[04 20       ]0x000038A2:	MOVS	R0, #4
(       libmtguard.so[0xCBBCB000])[0B 21       ]0x000038A4:	MOVS	R1, #0XB
(       libmtguard.so[0xCBBCB000])[00 22       ]0x000038A6:	MOVS	R2, #0
(       libmtguard.so[0xCBBCB000])[00 23       ]0x000038A8:	MOVS	R3, #0
(       libmtguard.so[0xCBBCB000])[00 F0 B9 FA ]0x000038AA:	BL	#0XCBBCEE20	;(PC=0xCBBCE8AA )
(       libmtguard.so[0xCBBCB000])[B0 B5       ]0x00003E20:	PUSH	{R4, R5, R7, LR}	;(SP=0x100FFFA8 R4=0x30047AB8 R5=0xCBBCFE51 R7=0x100FFFB8 LR=0xCBBCE8AF )
(       libmtguard.so[0xCBBCB000])[02 AF       ]0x00003E22:	ADD	R7, SP, #8	;(SP=0x100FFF98 )
(       libmtguard.so[0xCBBCB000])[01 FB 00 F5 ]0x00003E24:	MUL	R5, R1, R0	;(R1=0x0000000B R0=0x00000004 )
(       libmtguard.so[0xCBBCB000])[4D B1       ]0x00003E28:	CBZ	R5, #0XCBBCEE3E	;(R5=0x0000002C )
(       libmtguard.so[0xCBBCB000])[28 46       ]0x00003E2A:	MOV	R0, R5	;(R5=0x0000002C )
(       libmtguard.so[0xCBBCB000])[FE F7 C8 EB ]0x00003E2C:	BLX	#0XCBBCD5C0	;(PC=0xCBBCEE2C )
(       libmtguard.so[0xCBBCB000])[00 C6 8F E2 ]0x000025C0:	ADD	IP, PC, #0, #12	;(PC=0xCBBCD5C0 )
(       libmtguard.so[0xCBBCB000])[3D CA 8C E2 ]0x000025C4:	ADD	IP, IP, #0X3D000	;(IP=0xCBBCD5C8 )
(       libmtguard.so[0xCBBCB000])[04 F9 BC E5 ]0x000025C8:	LDR	PC, [IP, #0X904]!	;(IP=0xCBC0A5C8 )
(       libmtguard.so[0xCBBCB000])[04 46       ]0x00003E30:	MOV	R4, R0	;(R0=0x30047AD0 )
(       libmtguard.so[0xCBBCB000])[24 B1       ]0x00003E32:	CBZ	R4, #0XCBBCEE3E	;(R4=0x30047AD0 )
(       libmtguard.so[0xCBBCB000])[20 46       ]0x00003E34:	MOV	R0, R4	;(R4=0x30047AD0 )
(       libmtguard.so[0xCBBCB000])[29 46       ]0x00003E36:	MOV	R1, R5	;(R5=0x0000002C )
(       libmtguard.so[0xCBBCB000])[FE F7 CE EB ]0x00003E38:	BLX	#0XCBBCD5D8	;(PC=0xCBBCEE38 )
(       libmtguard.so[0xCBBCB000])[00 C6 8F E2 ]0x000025D8:	ADD	IP, PC, #0, #12	;(PC=0xCBBCD5D8 )
(       libmtguard.so[0xCBBCB000])[3D CA 8C E2 ]0x000025DC:	ADD	IP, IP, #0X3D000	;(IP=0xCBBCD5E0 )
(       libmtguard.so[0xCBBCB000])[F4 F8 BC E5 ]0x000025E0:	LDR	PC, [IP, #0X8F4]!	;(IP=0xCBC0A5E0 )
(       libmtguard.so[0xCBBCB000])[00 E0       ]0x00003E3C:	B	#0XCBBCEE40
(       libmtguard.so[0xCBBCB000])[20 46       ]0x00003E40:	MOV	R0, R4	;(R4=0x30047AD0 )
(       libmtguard.so[0xCBBCB000])[B0 BD       ]0x00003E42:	POP	{R4, R5, R7, PC}	;(SP=0x100FFF98 )
(       libmtguard.so[0xCBBCB000])[00 28       ]0x000038AE:	CMP	R0, #0	;(R0=0x30047AD0 )
(       libmtguard.so[0xCBBCB000])[20 60       ]0x000038B0:	STR	R0, [R4]	;(R0=0x30047AD0 R4=0x30047AB8 )
(       libmtguard.so[0xCBBCB000])[05 D1       ]0x000038B2:	BNE	#0XCBBCE8C0
(       libmtguard.so[0xCBBCB000])[20 46       ]0x000038C0:	MOV	R0, R4	;(R4=0x30047AB8 )
(       libmtguard.so[0xCBBCB000])[5D F8 04 BB ]0x000038C2:	LDR	FP, [SP], #4	;(SP=0x100FFFA8 )
(       libmtguard.so[0xCBBCB000])[F0 BD       ]0x000038C6:	POP	{R4, R5, R6, R7, PC}	;(SP=0x100FFFAC )
(       libmtguard.so[0xCBBCB000])[01 36       ]0x0000CE08:	ADDS	R6, #1	;(R6=0x000000CE )
(       libmtguard.so[0xCBBCB000])[60 60       ]0x0000CE0A:	STR	R0, [R4, #4]	;(R0=0x30047AB8 R4=0xCBC0D704 )
(       libmtguard.so[0xCBBCB000])[B6 F5 7C 7F ]0x0000CE0C:	CMP.W	R6, #0X3F0	;(R6=0x000000CF )
(       libmtguard.so[0xCBBCB000])[F3 D1       ]0x0000CE10:	BNE	#0XCBBD7DFA
(       libmtguard.so[0xCBBCB000])[48 46       ]0x0000CDFA:	MOV	R0, SB	;(SB=0xCBBCFE51 )
(       libmtguard.so[0xCBBCB000])[45 F8 36 80 ]0x0000CDFC:	STR.W	R8, [R5, R6, LSL #3]	;(R8=0xFFFFFFFF R5=0xCBC0D094 R6=0x000000CF )
(       libmtguard.so[0xCBBCB000])[05 EB C6 04 ]0x0000CE00:	ADD.W	R4, R5, R6, LSL #3	;(R5=0xCBC0D094 R6=0x000000CF )
(       libmtguard.so[0xCBBCB000])[F6 F7 3A FD ]0x0000CE04:	BL	#0XCBBCE87C	;(PC=0xCBBD7E04 )
(       libmtguard.so[0xCBBCB000])[F0 B5       ]0x0000387C:	PUSH	{R4, R5, R6, R7, LR}	;(SP=0x100FFFC0 R4=0xCBC0D70C R5=0xCBC0D094 R6=0x000000CF R7=0x100FFFE0 LR=0xCBBD7E09 )
(       libmtguard.so[0xCBBCB000])[03 AF       ]0x0000387E:	ADD	R7, SP, #0XC	;(SP=0x100FFFAC )
(       libmtguard.so[0xCBBCB000])[4D F8 04 BD ]0x00003880:	STR	FP, [SP, #-0X4]!	;(FP=0xCBC0B1C4 SP=0x100FFFAC )
(       libmtguard.so[0xCBBCB000])[05 46       ]0x00003884:	MOV	R5, R0	;(R0=0xCBBCFE51 )
(       libmtguard.so[0xCBBCB000])[01 20       ]0x00003886:	MOVS	R0, #1
(       libmtguard.so[0xCBBCB000])[10 21       ]0x00003888:	MOVS	R1, #0X10
(       libmtguard.so[0xCBBCB000])[00 22       ]0x0000388A:	MOVS	R2, #0
(       libmtguard.so[0xCBBCB000])[00 23       ]0x0000388C:	MOVS	R3, #0
(       libmtguard.so[0xCBBCB000])[00 26       ]0x0000388E:	MOVS	R6, #0
(       libmtguard.so[0xCBBCB000])[00 F0 C6 FA ]0x00003890:	BL	#0XCBBCEE20	;(PC=0xCBBCE890 )
(       libmtguard.so[0xCBBCB000])[B0 B5       ]0x00003E20:	PUSH	{R4, R5, R7, LR}	;(SP=0x100FFFA8 R4=0xCBC0D70C R5=0xCBBCFE51 R7=0x100FFFB8 LR=0xCBBCE895 )
(       libmtguard.so[0xCBBCB000])[02 AF       ]0x00003E22:	ADD	R7, SP, #8	;(SP=0x100FFF98 )
(       libmtguard.so[0xCBBCB000])[01 FB 00 F5 ]0x00003E24:	MUL	R5, R1, R0	;(R1=0x00000010 R0=0x00000001 )
(       libmtguard.so[0xCBBCB000])[4D B1       ]0x00003E28:	CBZ	R5, #0XCBBCEE3E	;(R5=0x00000010 )
(       libmtguard.so[0xCBBCB000])[28 46       ]0x00003E2A:	MOV	R0, R5	;(R5=0x00000010 )
(       libmtguard.so[0xCBBCB000])[FE F7 C8 EB ]0x00003E2C:	BLX	#0XCBBCD5C0	;(PC=0xCBBCEE2C )
(       libmtguard.so[0xCBBCB000])[00 C6 8F E2 ]0x000025C0:	ADD	IP, PC, #0, #12	;(PC=0xCBBCD5C0 )
(       libmtguard.so[0xCBBCB000])[3D CA 8C E2 ]0x000025C4:	ADD	IP, IP, #0X3D000	;(IP=0xCBBCD5C8 )
(       libmtguard.so[0xCBBCB000])[04 F9 BC E5 ]0x000025C8:	LDR	PC, [IP, #0X904]!	;(IP=0xCBC0A5C8 )
(       libmtguard.so[0xCBBCB000])[04 46       ]0x00003E30:	MOV	R4, R0	;(R0=0x30047B00 )
(       libmtguard.so[0xCBBCB000])[24 B1       ]0x00003E32:	CBZ	R4, #0XCBBCEE3E	;(R4=0x30047B00 )
(       libmtguard.so[0xCBBCB000])[20 46       ]0x00003E34:	MOV	R0, R4	;(R4=0x30047B00 )
(       libmtguard.so[0xCBBCB000])[29 46       ]0x00003E36:	MOV	R1, R5	;(R5=0x00000010 )
(       libmtguard.so[0xCBBCB000])[FE F7 CE EB ]0x00003E38:	BLX	#0XCBBCD5D8	;(PC=0xCBBCEE38 )
(       libmtguard.so[0xCBBCB000])[00 C6 8F E2 ]0x000025D8:	ADD	IP, PC, #0, #12	;(PC=0xCBBCD5D8 )
(       libmtguard.so[0xCBBCB000])[3D CA 8C E2 ]0x000025DC:	ADD	IP, IP, #0X3D000	;(IP=0xCBBCD5E0 )
(       libmtguard.so[0xCBBCB000])[F4 F8 BC E5 ]0x000025E0:	LDR	PC, [IP, #0X8F4]!	;(IP=0xCBC0A5E0 )
(       libmtguard.so[0xCBBCB000])[00 E0       ]0x00003E3C:	B	#0XCBBCEE40
(       libmtguard.so[0xCBBCB000])[20 46       ]0x00003E40:	MOV	R0, R4	;(R4=0x30047B00 )
(       libmtguard.so[0xCBBCB000])[B0 BD       ]0x00003E42:	POP	{R4, R5, R7, PC}	;(SP=0x100FFF98 )
(       libmtguard.so[0xCBBCB000])[04 46       ]0x00003894:	MOV	R4, R0	;(R0=0x30047B00 )
(       libmtguard.so[0xCBBCB000])[94 B1       ]0x00003896:	CBZ	R4, #0XCBBCE8BE	;(R4=0x30047B00 )
(       libmtguard.so[0xCBBCB000])[0B 20       ]0x00003898:	MOVS	R0, #0XB
(       libmtguard.so[0xCBBCB000])[C4 E9 00 66 ]0x0000389A:	STRD	R6, R6, [R4]	;(R6=0x00000000 R4=0x30047B00 )
(       libmtguard.so[0xCBBCB000])[C4 E9 02 05 ]0x0000389E:	STRD	R0, R5, [R4, #8]	;(R0=0x0000000B R5=0xCBBCFE51 R4=0x30047B00 )
(       libmtguard.so[0xCBBCB000])[04 20       ]0x000038A2:	MOVS	R0, #4
(       libmtguard.so[0xCBBCB000])[0B 21       ]0x000038A4:	MOVS	R1, #0XB
(       libmtguard.so[0xCBBCB000])[00 22       ]0x000038A6:	MOVS	R2, #0
(       libmtguard.so[0xCBBCB000])[00 23       ]0x000038A8:	MOVS	R3, #0
(       libmtguard.so[0xCBBCB000])[00 F0 B9 FA ]0x000038AA:	BL	#0XCBBCEE20	;(PC=0xCBBCE8AA )
(       libmtguard.so[0xCBBCB000])[B0 B5       ]0x00003E20:	PUSH	{R4, R5, R7, LR}	;(SP=0x100FFFA8 R4=0x30047B00 R5=0xCBBCFE51 R7=0x100FFFB8 LR=0xCBBCE8AF )
(       libmtguard.so[0xCBBCB000])[02 AF       ]0x00003E22:	ADD	R7, SP, #8	;(SP=0x100FFF98 )
(       libmtguard.so[0xCBBCB000])[01 FB 00 F5 ]0x00003E24:	MUL	R5, R1, R0	;(R1=0x0000000B R0=0x00000004 )
(       libmtguard.so[0xCBBCB000])[4D B1       ]0x00003E28:	CBZ	R5, #0XCBBCEE3E	;(R5=0x0000002C )
(       libmtguard.so[0xCBBCB000])[28 46       ]0x00003E2A:	MOV	R0, R5	;(R5=0x0000002C )
(       libmtguard.so[0xCBBCB000])[FE F7 C8 EB ]0x00003E2C:	BLX	#0XCBBCD5C0	;(PC=0xCBBCEE2C )
(       libmtguard.so[0xCBBCB000])[00 C6 8F E2 ]0x000025C0:	ADD	IP, PC, #0, #12	;(PC=0xCBBCD5C0 )
(       libmtguard.so[0xCBBCB000])[3D CA 8C E2 ]0x000025C4:	ADD	IP, IP, #0X3D000	;(IP=0xCBBCD5C8 )
(       libmtguard.so[0xCBBCB000])[04 F9 BC E5 ]0x000025C8:	LDR	PC, [IP, #0X904]!	;(IP=0xCBC0A5C8 )
(       libmtguard.so[0xCBBCB000])[04 46       ]0x00003E30:	MOV	R4, R0	;(R0=0x30047B18 )
(       libmtguard.so[0xCBBCB000])[24 B1       ]0x00003E32:	CBZ	R4, #0XCBBCEE3E	;(R4=0x30047B18 )
(       libmtguard.so[0xCBBCB000])[20 46       ]0x00003E34:	MOV	R0, R4	;(R4=0x30047B18 )
(       libmtguard.so[0xCBBCB000])[29 46       ]0x00003E36:	MOV	R1, R5	;(R5=0x0000002C )
(       libmtguard.so[0xCBBCB000])[FE F7 CE EB ]0x00003E38:	BLX	#0XCBBCD5D8	;(PC=0xCBBCEE38 )
(       libmtguard.so[0xCBBCB000])[00 C6 8F E2 ]0x000025D8:	ADD	IP, PC, #0, #12	;(PC=0xCBBCD5D8 )
(       libmtguard.so[0xCBBCB000])[3D CA 8C E2 ]0x000025DC:	ADD	IP, IP, #0X3D000	;(IP=0xCBBCD5E0 )
(       libmtguard.so[0xCBBCB000])[F4 F8 BC E5 ]0x000025E0:	LDR	PC, [IP, #0X8F4]!	;(IP=0xCBC0A5E0 )
(       libmtguard.so[0xCBBCB000])[00 E0       ]0x00003E3C:	B	#0XCBBCEE40
(       libmtguard.so[0xCBBCB000])[20 46       ]0x00003E40:	MOV	R0, R4	;(R4=0x30047B18 )
(       libmtguard.so[0xCBBCB000])[B0 BD       ]0x00003E42:	POP	{R4, R5, R7, PC}	;(SP=0x100FFF98 )
(       libmtguard.so[0xCBBCB000])[00 28       ]0x000038AE:	CMP	R0, #0	;(R0=0x30047B18 )
(       libmtguard.so[0xCBBCB000])[20 60       ]0x000038B0:	STR	R0, [R4]	;(R0=0x30047B18 R4=0x30047B00 )
(       libmtguard.so[0xCBBCB000])[05 D1       ]0x000038B2:	BNE	#0XCBBCE8C0
(       libmtguard.so[0xCBBCB000])[20 46       ]0x000038C0:	MOV	R0, R4	;(R4=0x30047B00 )
(       libmtguard.so[0xCBBCB000])[5D F8 04 BB ]0x000038C2:	LDR	FP, [SP], #4	;(SP=0x100FFFA8 )
(       libmtguard.so[0xCBBCB000])[F0 BD       ]0x000038C6:	POP	{R4, R5, R6, R7, PC}	;(SP=0x100FFFAC )
(       libmtguard.so[0xCBBCB000])[01 36       ]0x0000CE08:	ADDS	R6, #1	;(R6=0x000000CF )
(       libmtguard.so[0xCBBCB000])[60 60       ]0x0000CE0A:	STR	R0, [R4, #4]	;(R0=0x30047B00 R4=0xCBC0D70C )
(       libmtguard.so[0xCBBCB000])[B6 F5 7C 7F ]0x0000CE0C:	CMP.W	R6, #0X3F0	;(R6=0x000000D0 )
(       libmtguard.so[0xCBBCB000])[F3 D1       ]0x0000CE10:	BNE	#0XCBBD7DFA
(       libmtguard.so[0xCBBCB000])[48 46       ]0x0000CDFA:	MOV	R0, SB	;(SB=0xCBBCFE51 )
(       libmtguard.so[0xCBBCB000])[45 F8 36 80 ]0x0000CDFC:	STR.W	R8, [R5, R6, LSL #3]	;(R8=0xFFFFFFFF R5=0xCBC0D094 R6=0x000000D0 )
(       libmtguard.so[0xCBBCB000])[05 EB C6 04 ]0x0000CE00:	ADD.W	R4, R5, R6, LSL #3	;(R5=0xCBC0D094 R6=0x000000D0 )
(       libmtguard.so[0xCBBCB000])[F6 F7 3A FD ]0x0000CE04:	BL	#0XCBBCE87C	;(PC=0xCBBD7E04 )
(       libmtguard.so[0xCBBCB000])[F0 B5       ]0x0000387C:	PUSH	{R4, R5, R6, R7, LR}	;(SP=0x100FFFC0 R4=0xCBC0D714 R5=0xCBC0D094 R6=0x000000D0 R7=0x100FFFE0 LR=0xCBBD7E09 )
(       libmtguard.so[0xCBBCB000])[03 AF       ]0x0000387E:	ADD	R7, SP, #0XC	;(SP=0x100FFFAC )
(       libmtguard.so[0xCBBCB000])[4D F8 04 BD ]0x00003880:	STR	FP, [SP, #-0X4]!	;(FP=0xCBC0B1C4 SP=0x100FFFAC )
(       libmtguard.so[0xCBBCB000])[05 46       ]0x00003884:	MOV	R5, R0	;(R0=0xCBBCFE51 )
(       libmtguard.so[0xCBBCB000])[01 20       ]0x00003886:	MOVS	R0, #1
(       libmtguard.so[0xCBBCB000])[10 21       ]0x00003888:	MOVS	R1, #0X10
(       libmtguard.so[0xCBBCB000])[00 22       ]0x0000388A:	MOVS	R2, #0
(       libmtguard.so[0xCBBCB000])[00 23       ]0x0000388C:	MOVS	R3, #0
(       libmtguard.so[0xCBBCB000])[00 26       ]0x0000388E:	MOVS	R6, #0
(       libmtguard.so[0xCBBCB000])[00 F0 C6 FA ]0x00003890:	BL	#0XCBBCEE20	;(PC=0xCBBCE890 )
(       libmtguard.so[0xCBBCB000])[B0 B5       ]0x00003E20:	PUSH	{R4, R5, R7, LR}	;(SP=0x100FFFA8 R4=0xCBC0D714 R5=0xCBBCFE51 R7=0x100FFFB8 LR=0xCBBCE895 )
(       libmtguard.so[0xCBBCB000])[02 AF       ]0x00003E22:	ADD	R7, SP, #8	;(SP=0x100FFF98 )
(       libmtguard.so[0xCBBCB000])[01 FB 00 F5 ]0x00003E24:	MUL	R5, R1, R0	;(R1=0x00000010 R0=0x00000001 )
(       libmtguard.so[0xCBBCB000])[4D B1       ]0x00003E28:	CBZ	R5, #0XCBBCEE3E	;(R5=0x00000010 )
(       libmtguard.so[0xCBBCB000])[28 46       ]0x00003E2A:	MOV	R0, R5	;(R5=0x00000010 )
(       libmtguard.so[0xCBBCB000])[FE F7 C8 EB ]0x00003E2C:	BLX	#0XCBBCD5C0	;(PC=0xCBBCEE2C )
(       libmtguard.so[0xCBBCB000])[00 C6 8F E2 ]0x000025C0:	ADD	IP, PC, #0, #12	;(PC=0xCBBCD5C0 )
(       libmtguard.so[0xCBBCB000])[3D CA 8C E2 ]0x000025C4:	ADD	IP, IP, #0X3D000	;(IP=0xCBBCD5C8 )
(       libmtguard.so[0xCBBCB000])[04 F9 BC E5 ]0x000025C8:	LDR	PC, [IP, #0X904]!	;(IP=0xCBC0A5C8 )
(       libmtguard.so[0xCBBCB000])[04 46       ]0x00003E30:	MOV	R4, R0	;(R0=0x30047B48 )
(       libmtguard.so[0xCBBCB000])[24 B1       ]0x00003E32:	CBZ	R4, #0XCBBCEE3E	;(R4=0x30047B48 )
(       libmtguard.so[0xCBBCB000])[20 46       ]0x00003E34:	MOV	R0, R4	;(R4=0x30047B48 )
(       libmtguard.so[0xCBBCB000])[29 46       ]0x00003E36:	MOV	R1, R5	;(R5=0x00000010 )
(       libmtguard.so[0xCBBCB000])[FE F7 CE EB ]0x00003E38:	BLX	#0XCBBCD5D8	;(PC=0xCBBCEE38 )
(       libmtguard.so[0xCBBCB000])[00 C6 8F E2 ]0x000025D8:	ADD	IP, PC, #0, #12	;(PC=0xCBBCD5D8 )
(       libmtguard.so[0xCBBCB000])[3D CA 8C E2 ]0x000025DC:	ADD	IP, IP, #0X3D000	;(IP=0xCBBCD5E0 )
(       libmtguard.so[0xCBBCB000])[F4 F8 BC E5 ]0x000025E0:	LDR	PC, [IP, #0X8F4]!	;(IP=0xCBC0A5E0 )
(       libmtguard.so[0xCBBCB000])[00 E0       ]0x00003E3C:	B	#0XCBBCEE40
(       libmtguard.so[0xCBBCB000])[20 46       ]0x00003E40:	MOV	R0, R4	;(R4=0x30047B48 )
(       libmtguard.so[0xCBBCB000])[B0 BD       ]0x00003E42:	POP	{R4, R5, R7, PC}	;(SP=0x100FFF98 )
(       libmtguard.so[0xCBBCB000])[04 46       ]0x00003894:	MOV	R4, R0	;(R0=0x30047B48 )
(       libmtguard.so[0xCBBCB000])[94 B1       ]0x00003896:	CBZ	R4, #0XCBBCE8BE	;(R4=0x30047B48 )
(       libmtguard.so[0xCBBCB000])[0B 20       ]0x00003898:	MOVS	R0, #0XB
(       libmtguard.so[0xCBBCB000])[C4 E9 00 66 ]0x0000389A:	STRD	R6, R6, [R4]	;(R6=0x00000000 R4=0x30047B48 )
(       libmtguard.so[0xCBBCB000])[C4 E9 02 05 ]0x0000389E:	STRD	R0, R5, [R4, #8]	;(R0=0x0000000B R5=0xCBBCFE51 R4=0x30047B48 )
(       libmtguard.so[0xCBBCB000])[04 20       ]0x000038A2:	MOVS	R0, #4
(       libmtguard.so[0xCBBCB000])[0B 21       ]0x000038A4:	MOVS	R1, #0XB
(       libmtguard.so[0xCBBCB000])[00 22       ]0x000038A6:	MOVS	R2, #0
(       libmtguard.so[0xCBBCB000])[00 23       ]0x000038A8:	MOVS	R3, #0
(       libmtguard.so[0xCBBCB000])[00 F0 B9 FA ]0x000038AA:	BL	#0XCBBCEE20	;(PC=0xCBBCE8AA )
(       libmtguard.so[0xCBBCB000])[B0 B5       ]0x00003E20:	PUSH	{R4, R5, R7, LR}	;(SP=0x100FFFA8 R4=0x30047B48 R5=0xCBBCFE51 R7=0x100FFFB8 LR=0xCBBCE8AF )
(       libmtguard.so[0xCBBCB000])[02 AF       ]0x00003E22:	ADD	R7, SP, #8	;(SP=0x100FFF98 )
(       libmtguard.so[0xCBBCB000])[01 FB 00 F5 ]0x00003E24:	MUL	R5, R1, R0	;(R1=0x0000000B R0=0x00000004 )
(       libmtguard.so[0xCBBCB000])[4D B1       ]0x00003E28:	CBZ	R5, #0XCBBCEE3E	;(R5=0x0000002C )
(       libmtguard.so[0xCBBCB000])[28 46       ]0x00003E2A:	MOV	R0, R5	;(R5=0x0000002C )
(       libmtguard.so[0xCBBCB000])[FE F7 C8 EB ]0x00003E2C:	BLX	#0XCBBCD5C0	;(PC=0xCBBCEE2C )
(       libmtguard.so[0xCBBCB000])[00 C6 8F E2 ]0x000025C0:	ADD	IP, PC, #0, #12	;(PC=0xCBBCD5C0 )
(       libmtguard.so[0xCBBCB000])[3D CA 8C E2 ]0x000025C4:	ADD	IP, IP, #0X3D000	;(IP=0xCBBCD5C8 )
(       libmtguard.so[0xCBBCB000])[04 F9 BC E5 ]0x000025C8:	LDR	PC, [IP, #0X904]!	;(IP=0xCBC0A5C8 )
(       libmtguard.so[0xCBBCB000])[04 46       ]0x00003E30:	MOV	R4, R0	;(R0=0x30047B60 )
(       libmtguard.so[0xCBBCB000])[24 B1       ]0x00003E32:	CBZ	R4, #0XCBBCEE3E	;(R4=0x30047B60 )
(       libmtguard.so[0xCBBCB000])[20 46       ]0x00003E34:	MOV	R0, R4	;(R4=0x30047B60 )
(       libmtguard.so[0xCBBCB000])[29 46       ]0x00003E36:	MOV	R1, R5	;(R5=0x0000002C )
(       libmtguard.so[0xCBBCB000])[FE F7 CE EB ]0x00003E38:	BLX	#0XCBBCD5D8	;(PC=0xCBBCEE38 )
(       libmtguard.so[0xCBBCB000])[00 C6 8F E2 ]0x000025D8:	ADD	IP, PC, #0, #12	;(PC=0xCBBCD5D8 )
(       libmtguard.so[0xCBBCB000])[3D CA 8C E2 ]0x000025DC:	ADD	IP, IP, #0X3D000	;(IP=0xCBBCD5E0 )
(       libmtguard.so[0xCBBCB000])[F4 F8 BC E5 ]0x000025E0:	LDR	PC, [IP, #0X8F4]!	;(IP=0xCBC0A5E0 )
(       libmtguard.so[0xCBBCB000])[00 E0       ]0x00003E3C:	B	#0XCBBCEE40
(       libmtguard.so[0xCBBCB000])[20 46       ]0x00003E40:	MOV	R0, R4	;(R4=0x30047B60 )
(       libmtguard.so[0xCBBCB000])[B0 BD       ]0x00003E42:	POP	{R4, R5, R7, PC}	;(SP=0x100FFF98 )
(       libmtguard.so[0xCBBCB000])[00 28       ]0x000038AE:	CMP	R0, #0	;(R0=0x30047B60 )
(       libmtguard.so[0xCBBCB000])[20 60       ]0x000038B0:	STR	R0, [R4]	;(R0=0x30047B60 R4=0x30047B48 )
(       libmtguard.so[0xCBBCB000])[05 D1       ]0x000038B2:	BNE	#0XCBBCE8C0
(       libmtguard.so[0xCBBCB000])[20 46       ]0x000038C0:	MOV	R0, R4	;(R4=0x30047B48 )
(       libmtguard.so[0xCBBCB000])[5D F8 04 BB ]0x000038C2:	LDR	FP, [SP], #4	;(SP=0x100FFFA8 )
(       libmtguard.so[0xCBBCB000])[F0 BD       ]0x000038C6:	POP	{R4, R5, R6, R7, PC}	;(SP=0x100FFFAC )
(       libmtguard.so[0xCBBCB000])[01 36       ]0x0000CE08:	ADDS	R6, #1	;(R6=0x000000D0 )
(       libmtguard.so[0xCBBCB000])[60 60       ]0x0000CE0A:	STR	R0, [R4, #4]	;(R0=0x30047B48 R4=0xCBC0D714 )
(       libmtguard.so[0xCBBCB000])[B6 F5 7C 7F ]0x0000CE0C:	CMP.W	R6, #0X3F0	;(R6=0x000000D1 )
(       libmtguard.so[0xCBBCB000])[F3 D1       ]0x0000CE10:	BNE	#0XCBBD7DFA
(       libmtguard.so[0xCBBCB000])[48 46       ]0x0000CDFA:	MOV	R0, SB	;(SB=0xCBBCFE51 )
(       libmtguard.so[0xCBBCB000])[45 F8 36 80 ]0x0000CDFC:	STR.W	R8, [R5, R6, LSL #3]	;(R8=0xFFFFFFFF R5=0xCBC0D094 R6=0x000000D1 )
(       libmtguard.so[0xCBBCB000])[05 EB C6 04 ]0x0000CE00:	ADD.W	R4, R5, R6, LSL #3	;(R5=0xCBC0D094 R6=0x000000D1 )
(       libmtguard.so[0xCBBCB000])[F6 F7 3A FD ]0x0000CE04:	BL	#0XCBBCE87C	;(PC=0xCBBD7E04 )
(       libmtguard.so[0xCBBCB000])[F0 B5       ]0x0000387C:	PUSH	{R4, R5, R6, R7, LR}	;(SP=0x100FFFC0 R4=0xCBC0D71C R5=0xCBC0D094 R6=0x000000D1 R7=0x100FFFE0 LR=0xCBBD7E09 )
(       libmtguard.so[0xCBBCB000])[03 AF       ]0x0000387E:	ADD	R7, SP, #0XC	;(SP=0x100FFFAC )
(       libmtguard.so[0xCBBCB000])[4D F8 04 BD ]0x00003880:	STR	FP, [SP, #-0X4]!	;(FP=0xCBC0B1C4 SP=0x100FFFAC )
(       libmtguard.so[0xCBBCB000])[05 46       ]0x00003884:	MOV	R5, R0	;(R0=0xCBBCFE51 )
(       libmtguard.so[0xCBBCB000])[01 20       ]0x00003886:	MOVS	R0, #1
(       libmtguard.so[0xCBBCB000])[10 21       ]0x00003888:	MOVS	R1, #0X10
(       libmtguard.so[0xCBBCB000])[00 22       ]0x0000388A:	MOVS	R2, #0
(       libmtguard.so[0xCBBCB000])[00 23       ]0x0000388C:	MOVS	R3, #0
(       libmtguard.so[0xCBBCB000])[00 26       ]0x0000388E:	MOVS	R6, #0
(       libmtguard.so[0xCBBCB000])[00 F0 C6 FA ]0x00003890:	BL	#0XCBBCEE20	;(PC=0xCBBCE890 )
(       libmtguard.so[0xCBBCB000])[B0 B5       ]0x00003E20:	PUSH	{R4, R5, R7, LR}	;(SP=0x100FFFA8 R4=0xCBC0D71C R5=0xCBBCFE51 R7=0x100FFFB8 LR=0xCBBCE895 )
(       libmtguard.so[0xCBBCB000])[02 AF       ]0x00003E22:	ADD	R7, SP, #8	;(SP=0x100FFF98 )
(       libmtguard.so[0xCBBCB000])[01 FB 00 F5 ]0x00003E24:	MUL	R5, R1, R0	;(R1=0x00000010 R0=0x00000001 )
(       libmtguard.so[0xCBBCB000])[4D B1       ]0x00003E28:	CBZ	R5, #0XCBBCEE3E	;(R5=0x00000010 )
(       libmtguard.so[0xCBBCB000])[28 46       ]0x00003E2A:	MOV	R0, R5	;(R5=0x00000010 )
(       libmtguard.so[0xCBBCB000])[FE F7 C8 EB ]0x00003E2C:	BLX	#0XCBBCD5C0	;(PC=0xCBBCEE2C )
(       libmtguard.so[0xCBBCB000])[00 C6 8F E2 ]0x000025C0:	ADD	IP, PC, #0, #12	;(PC=0xCBBCD5C0 )
(       libmtguard.so[0xCBBCB000])[3D CA 8C E2 ]0x000025C4:	ADD	IP, IP, #0X3D000	;(IP=0xCBBCD5C8 )
(       libmtguard.so[0xCBBCB000])[04 F9 BC E5 ]0x000025C8:	LDR	PC, [IP, #0X904]!	;(IP=0xCBC0A5C8 )
(       libmtguard.so[0xCBBCB000])[04 46       ]0x00003E30:	MOV	R4, R0	;(R0=0x30047B90 )
(       libmtguard.so[0xCBBCB000])[24 B1       ]0x00003E32:	CBZ	R4, #0XCBBCEE3E	;(R4=0x30047B90 )
(       libmtguard.so[0xCBBCB000])[20 46       ]0x00003E34:	MOV	R0, R4	;(R4=0x30047B90 )
(       libmtguard.so[0xCBBCB000])[29 46       ]0x00003E36:	MOV	R1, R5	;(R5=0x00000010 )
(       libmtguard.so[0xCBBCB000])[FE F7 CE EB ]0x00003E38:	BLX	#0XCBBCD5D8	;(PC=0xCBBCEE38 )
(       libmtguard.so[0xCBBCB000])[00 C6 8F E2 ]0x000025D8:	ADD	IP, PC, #0, #12	;(PC=0xCBBCD5D8 )
(       libmtguard.so[0xCBBCB000])[3D CA 8C E2 ]0x000025DC:	ADD	IP, IP, #0X3D000	;(IP=0xCBBCD5E0 )
(       libmtguard.so[0xCBBCB000])[F4 F8 BC E5 ]0x000025E0:	LDR	PC, [IP, #0X8F4]!	;(IP=0xCBC0A5E0 )
(       libmtguard.so[0xCBBCB000])[00 E0       ]0x00003E3C:	B	#0XCBBCEE40
(       libmtguard.so[0xCBBCB000])[20 46       ]0x00003E40:	MOV	R0, R4	;(R4=0x30047B90 )
(       libmtguard.so[0xCBBCB000])[B0 BD       ]0x00003E42:	POP	{R4, R5, R7, PC}	;(SP=0x100FFF98 )
(       libmtguard.so[0xCBBCB000])[04 46       ]0x00003894:	MOV	R4, R0	;(R0=0x30047B90 )
(       libmtguard.so[0xCBBCB000])[94 B1       ]0x00003896:	CBZ	R4, #0XCBBCE8BE	;(R4=0x30047B90 )
(       libmtguard.so[0xCBBCB000])[0B 20       ]0x00003898:	MOVS	R0, #0XB
(       libmtguard.so[0xCBBCB000])[C4 E9 00 66 ]0x0000389A:	STRD	R6, R6, [R4]	;(R6=0x00000000 R4=0x30047B90 )
(       libmtguard.so[0xCBBCB000])[C4 E9 02 05 ]0x0000389E:	STRD	R0, R5, [R4, #8]	;(R0=0x0000000B R5=0xCBBCFE51 R4=0x30047B90 )
(       libmtguard.so[0xCBBCB000])[04 20       ]0x000038A2:	MOVS	R0, #4
(       libmtguard.so[0xCBBCB000])[0B 21       ]0x000038A4:	MOVS	R1, #0XB
(       libmtguard.so[0xCBBCB000])[00 22       ]0x000038A6:	MOVS	R2, #0
(       libmtguard.so[0xCBBCB000])[00 23       ]0x000038A8:	MOVS	R3, #0
(       libmtguard.so[0xCBBCB000])[00 F0 B9 FA ]0x000038AA:	BL	#0XCBBCEE20	;(PC=0xCBBCE8AA )
(       libmtguard.so[0xCBBCB000])[B0 B5       ]0x00003E20:	PUSH	{R4, R5, R7, LR}	;(SP=0x100FFFA8 R4=0x30047B90 R5=0xCBBCFE51 R7=0x100FFFB8 LR=0xCBBCE8AF )
(       libmtguard.so[0xCBBCB000])[02 AF       ]0x00003E22:	ADD	R7, SP, #8	;(SP=0x100FFF98 )
(       libmtguard.so[0xCBBCB000])[01 FB 00 F5 ]0x00003E24:	MUL	R5, R1, R0	;(R1=0x0000000B R0=0x00000004 )
(       libmtguard.so[0xCBBCB000])[4D B1       ]0x00003E28:	CBZ	R5, #0XCBBCEE3E	;(R5=0x0000002C )
(       libmtguard.so[0xCBBCB000])[28 46       ]0x00003E2A:	MOV	R0, R5	;(R5=0x0000002C )
(       libmtguard.so[0xCBBCB000])[FE F7 C8 EB ]0x00003E2C:	BLX	#0XCBBCD5C0	;(PC=0xCBBCEE2C )
(       libmtguard.so[0xCBBCB000])[00 C6 8F E2 ]0x000025C0:	ADD	IP, PC, #0, #12	;(PC=0xCBBCD5C0 )
(       libmtguard.so[0xCBBCB000])[3D CA 8C E2 ]0x000025C4:	ADD	IP, IP, #0X3D000	;(IP=0xCBBCD5C8 )
(       libmtguard.so[0xCBBCB000])[04 F9 BC E5 ]0x000025C8:	LDR	PC, [IP, #0X904]!	;(IP=0xCBC0A5C8 )
(       libmtguard.so[0xCBBCB000])[04 46       ]0x00003E30:	MOV	R4, R0	;(R0=0x30047BA8 )
(       libmtguard.so[0xCBBCB000])[24 B1       ]0x00003E32:	CBZ	R4, #0XCBBCEE3E	;(R4=0x30047BA8 )
(       libmtguard.so[0xCBBCB000])[20 46       ]0x00003E34:	MOV	R0, R4	;(R4=0x30047BA8 )
(       libmtguard.so[0xCBBCB000])[29 46       ]0x00003E36:	MOV	R1, R5	;(R5=0x0000002C )
(       libmtguard.so[0xCBBCB000])[FE F7 CE EB ]0x00003E38:	BLX	#0XCBBCD5D8	;(PC=0xCBBCEE38 )
(       libmtguard.so[0xCBBCB000])[00 C6 8F E2 ]0x000025D8:	ADD	IP, PC, #0, #12	;(PC=0xCBBCD5D8 )
(       libmtguard.so[0xCBBCB000])[3D CA 8C E2 ]0x000025DC:	ADD	IP, IP, #0X3D000	;(IP=0xCBBCD5E0 )
(       libmtguard.so[0xCBBCB000])[F4 F8 BC E5 ]0x000025E0:	LDR	PC, [IP, #0X8F4]!	;(IP=0xCBC0A5E0 )
(       libmtguard.so[0xCBBCB000])[00 E0       ]0x00003E3C:	B	#0XCBBCEE40
(       libmtguard.so[0xCBBCB000])[20 46       ]0x00003E40:	MOV	R0, R4	;(R4=0x30047BA8 )
(       libmtguard.so[0xCBBCB000])[B0 BD       ]0x00003E42:	POP	{R4, R5, R7, PC}	;(SP=0x100FFF98 )
(       libmtguard.so[0xCBBCB000])[00 28       ]0x000038AE:	CMP	R0, #0	;(R0=0x30047BA8 )
(       libmtguard.so[0xCBBCB000])[20 60       ]0x000038B0:	STR	R0, [R4]	;(R0=0x30047BA8 R4=0x30047B90 )
(       libmtguard.so[0xCBBCB000])[05 D1       ]0x000038B2:	BNE	#0XCBBCE8C0
(       libmtguard.so[0xCBBCB000])[20 46       ]0x000038C0:	MOV	R0, R4	;(R4=0x30047B90 )
(       libmtguard.so[0xCBBCB000])[5D F8 04 BB ]0x000038C2:	LDR	FP, [SP], #4	;(SP=0x100FFFA8 )
(       libmtguard.so[0xCBBCB000])[F0 BD       ]0x000038C6:	POP	{R4, R5, R6, R7, PC}	;(SP=0x100FFFAC )
(       libmtguard.so[0xCBBCB000])[01 36       ]0x0000CE08:	ADDS	R6, #1	;(R6=0x000000D1 )
(       libmtguard.so[0xCBBCB000])[60 60       ]0x0000CE0A:	STR	R0, [R4, #4]	;(R0=0x30047B90 R4=0xCBC0D71C )
(       libmtguard.so[0xCBBCB000])[B6 F5 7C 7F ]0x0000CE0C:	CMP.W	R6, #0X3F0	;(R6=0x000000D2 )
(       libmtguard.so[0xCBBCB000])[F3 D1       ]0x0000CE10:	BNE	#0XCBBD7DFA
(       libmtguard.so[0xCBBCB000])[48 46       ]0x0000CDFA:	MOV	R0, SB	;(SB=0xCBBCFE51 )
(       libmtguard.so[0xCBBCB000])[45 F8 36 80 ]0x0000CDFC:	STR.W	R8, [R5, R6, LSL #3]	;(R8=0xFFFFFFFF R5=0xCBC0D094 R6=0x000000D2 )
(       libmtguard.so[0xCBBCB000])[05 EB C6 04 ]0x0000CE00:	ADD.W	R4, R5, R6, LSL #3	;(R5=0xCBC0D094 R6=0x000000D2 )
(       libmtguard.so[0xCBBCB000])[F6 F7 3A FD ]0x0000CE04:	BL	#0XCBBCE87C	;(PC=0xCBBD7E04 )
(       libmtguard.so[0xCBBCB000])[F0 B5       ]0x0000387C:	PUSH	{R4, R5, R6, R7, LR}	;(SP=0x100FFFC0 R4=0xCBC0D724 R5=0xCBC0D094 R6=0x000000D2 R7=0x100FFFE0 LR=0xCBBD7E09 )
(       libmtguard.so[0xCBBCB000])[03 AF       ]0x0000387E:	ADD	R7, SP, #0XC	;(SP=0x100FFFAC )
(       libmtguard.so[0xCBBCB000])[4D F8 04 BD ]0x00003880:	STR	FP, [SP, #-0X4]!	;(FP=0xCBC0B1C4 SP=0x100FFFAC )
(       libmtguard.so[0xCBBCB000])[05 46       ]0x00003884:	MOV	R5, R0	;(R0=0xCBBCFE51 )
(       libmtguard.so[0xCBBCB000])[01 20       ]0x00003886:	MOVS	R0, #1
(       libmtguard.so[0xCBBCB000])[10 21       ]0x00003888:	MOVS	R1, #0X10
(       libmtguard.so[0xCBBCB000])[00 22       ]0x0000388A:	MOVS	R2, #0
(       libmtguard.so[0xCBBCB000])[00 23       ]0x0000388C:	MOVS	R3, #0
(       libmtguard.so[0xCBBCB000])[00 26       ]0x0000388E:	MOVS	R6, #0
(       libmtguard.so[0xCBBCB000])[00 F0 C6 FA ]0x00003890:	BL	#0XCBBCEE20	;(PC=0xCBBCE890 )
(       libmtguard.so[0xCBBCB000])[B0 B5       ]0x00003E20:	PUSH	{R4, R5, R7, LR}	;(SP=0x100FFFA8 R4=0xCBC0D724 R5=0xCBBCFE51 R7=0x100FFFB8 LR=0xCBBCE895 )
(       libmtguard.so[0xCBBCB000])[02 AF       ]0x00003E22:	ADD	R7, SP, #8	;(SP=0x100FFF98 )
(       libmtguard.so[0xCBBCB000])[01 FB 00 F5 ]0x00003E24:	MUL	R5, R1, R0	;(R1=0x00000010 R0=0x00000001 )
(       libmtguard.so[0xCBBCB000])[4D B1       ]0x00003E28:	CBZ	R5, #0XCBBCEE3E	;(R5=0x00000010 )
(       libmtguard.so[0xCBBCB000])[28 46       ]0x00003E2A:	MOV	R0, R5	;(R5=0x00000010 )
(       libmtguard.so[0xCBBCB000])[FE F7 C8 EB ]0x00003E2C:	BLX	#0XCBBCD5C0	;(PC=0xCBBCEE2C )
(       libmtguard.so[0xCBBCB000])[00 C6 8F E2 ]0x000025C0:	ADD	IP, PC, #0, #12	;(PC=0xCBBCD5C0 )
(       libmtguard.so[0xCBBCB000])[3D CA 8C E2 ]0x000025C4:	ADD	IP, IP, #0X3D000	;(IP=0xCBBCD5C8 )
(       libmtguard.so[0xCBBCB000])[04 F9 BC E5 ]0x000025C8:	LDR	PC, [IP, #0X904]!	;(IP=0xCBC0A5C8 )
(       libmtguard.so[0xCBBCB000])[04 46       ]0x00003E30:	MOV	R4, R0	;(R0=0x30047BD8 )
(       libmtguard.so[0xCBBCB000])[24 B1       ]0x00003E32:	CBZ	R4, #0XCBBCEE3E	;(R4=0x30047BD8 )
(       libmtguard.so[0xCBBCB000])[20 46       ]0x00003E34:	MOV	R0, R4	;(R4=0x30047BD8 )
(       libmtguard.so[0xCBBCB000])[29 46       ]0x00003E36:	MOV	R1, R5	;(R5=0x00000010 )
(       libmtguard.so[0xCBBCB000])[FE F7 CE EB ]0x00003E38:	BLX	#0XCBBCD5D8	;(PC=0xCBBCEE38 )
(       libmtguard.so[0xCBBCB000])[00 C6 8F E2 ]0x000025D8:	ADD	IP, PC, #0, #12	;(PC=0xCBBCD5D8 )
(       libmtguard.so[0xCBBCB000])[3D CA 8C E2 ]0x000025DC:	ADD	IP, IP, #0X3D000	;(IP=0xCBBCD5E0 )
(       libmtguard.so[0xCBBCB000])[F4 F8 BC E5 ]0x000025E0:	LDR	PC, [IP, #0X8F4]!	;(IP=0xCBC0A5E0 )
(       libmtguard.so[0xCBBCB000])[00 E0       ]0x00003E3C:	B	#0XCBBCEE40
(       libmtguard.so[0xCBBCB000])[20 46       ]0x00003E40:	MOV	R0, R4	;(R4=0x30047BD8 )
(       libmtguard.so[0xCBBCB000])[B0 BD       ]0x00003E42:	POP	{R4, R5, R7, PC}	;(SP=0x100FFF98 )
(       libmtguard.so[0xCBBCB000])[04 46       ]0x00003894:	MOV	R4, R0	;(R0=0x30047BD8 )
(       libmtguard.so[0xCBBCB000])[94 B1       ]0x00003896:	CBZ	R4, #0XCBBCE8BE	;(R4=0x30047BD8 )
(       libmtguard.so[0xCBBCB000])[0B 20       ]0x00003898:	MOVS	R0, #0XB
(       libmtguard.so[0xCBBCB000])[C4 E9 00 66 ]0x0000389A:	STRD	R6, R6, [R4]	;(R6=0x00000000 R4=0x30047BD8 )
(       libmtguard.so[0xCBBCB000])[C4 E9 02 05 ]0x0000389E:	STRD	R0, R5, [R4, #8]	;(R0=0x0000000B R5=0xCBBCFE51 R4=0x30047BD8 )
(       libmtguard.so[0xCBBCB000])[04 20       ]0x000038A2:	MOVS	R0, #4
(       libmtguard.so[0xCBBCB000])[0B 21       ]0x000038A4:	MOVS	R1, #0XB
(       libmtguard.so[0xCBBCB000])[00 22       ]0x000038A6:	MOVS	R2, #0
(       libmtguard.so[0xCBBCB000])[00 23       ]0x000038A8:	MOVS	R3, #0
(       libmtguard.so[0xCBBCB000])[00 F0 B9 FA ]0x000038AA:	BL	#0XCBBCEE20	;(PC=0xCBBCE8AA )
(       libmtguard.so[0xCBBCB000])[B0 B5       ]0x00003E20:	PUSH	{R4, R5, R7, LR}	;(SP=0x100FFFA8 R4=0x30047BD8 R5=0xCBBCFE51 R7=0x100FFFB8 LR=0xCBBCE8AF )
(       libmtguard.so[0xCBBCB000])[02 AF       ]0x00003E22:	ADD	R7, SP, #8	;(SP=0x100FFF98 )
(       libmtguard.so[0xCBBCB000])[01 FB 00 F5 ]0x00003E24:	MUL	R5, R1, R0	;(R1=0x0000000B R0=0x00000004 )
(       libmtguard.so[0xCBBCB000])[4D B1       ]0x00003E28:	CBZ	R5, #0XCBBCEE3E	;(R5=0x0000002C )
(       libmtguard.so[0xCBBCB000])[28 46       ]0x00003E2A:	MOV	R0, R5	;(R5=0x0000002C )
(       libmtguard.so[0xCBBCB000])[FE F7 C8 EB ]0x00003E2C:	BLX	#0XCBBCD5C0	;(PC=0xCBBCEE2C )
(       libmtguard.so[0xCBBCB000])[00 C6 8F E2 ]0x000025C0:	ADD	IP, PC, #0, #12	;(PC=0xCBBCD5C0 )
(       libmtguard.so[0xCBBCB000])[3D CA 8C E2 ]0x000025C4:	ADD	IP, IP, #0X3D000	;(IP=0xCBBCD5C8 )
(       libmtguard.so[0xCBBCB000])[04 F9 BC E5 ]0x000025C8:	LDR	PC, [IP, #0X904]!	;(IP=0xCBC0A5C8 )
(       libmtguard.so[0xCBBCB000])[04 46       ]0x00003E30:	MOV	R4, R0	;(R0=0x30047BF0 )
(       libmtguard.so[0xCBBCB000])[24 B1       ]0x00003E32:	CBZ	R4, #0XCBBCEE3E	;(R4=0x30047BF0 )
(       libmtguard.so[0xCBBCB000])[20 46       ]0x00003E34:	MOV	R0, R4	;(R4=0x30047BF0 )
(       libmtguard.so[0xCBBCB000])[29 46       ]0x00003E36:	MOV	R1, R5	;(R5=0x0000002C )
(       libmtguard.so[0xCBBCB000])[FE F7 CE EB ]0x00003E38:	BLX	#0XCBBCD5D8	;(PC=0xCBBCEE38 )
(       libmtguard.so[0xCBBCB000])[00 C6 8F E2 ]0x000025D8:	ADD	IP, PC, #0, #12	;(PC=0xCBBCD5D8 )
(       libmtguard.so[0xCBBCB000])[3D CA 8C E2 ]0x000025DC:	ADD	IP, IP, #0X3D000	;(IP=0xCBBCD5E0 )
(       libmtguard.so[0xCBBCB000])[F4 F8 BC E5 ]0x000025E0:	LDR	PC, [IP, #0X8F4]!	;(IP=0xCBC0A5E0 )
(       libmtguard.so[0xCBBCB000])[00 E0       ]0x00003E3C:	B	#0XCBBCEE40
(       libmtguard.so[0xCBBCB000])[20 46       ]0x00003E40:	MOV	R0, R4	;(R4=0x30047BF0 )
(       libmtguard.so[0xCBBCB000])[B0 BD       ]0x00003E42:	POP	{R4, R5, R7, PC}	;(SP=0x100FFF98 )
(       libmtguard.so[0xCBBCB000])[00 28       ]0x000038AE:	CMP	R0, #0	;(R0=0x30047BF0 )
(       libmtguard.so[0xCBBCB000])[20 60       ]0x000038B0:	STR	R0, [R4]	;(R0=0x30047BF0 R4=0x30047BD8 )
(       libmtguard.so[0xCBBCB000])[05 D1       ]0x000038B2:	BNE	#0XCBBCE8C0
(       libmtguard.so[0xCBBCB000])[20 46       ]0x000038C0:	MOV	R0, R4	;(R4=0x30047BD8 )
(       libmtguard.so[0xCBBCB000])[5D F8 04 BB ]0x000038C2:	LDR	FP, [SP], #4	;(SP=0x100FFFA8 )
(       libmtguard.so[0xCBBCB000])[F0 BD       ]0x000038C6:	POP	{R4, R5, R6, R7, PC}	;(SP=0x100FFFAC )
(       libmtguard.so[0xCBBCB000])[01 36       ]0x0000CE08:	ADDS	R6, #1	;(R6=0x000000D2 )
(       libmtguard.so[0xCBBCB000])[60 60       ]0x0000CE0A:	STR	R0, [R4, #4]	;(R0=0x30047BD8 R4=0xCBC0D724 )
(       libmtguard.so[0xCBBCB000])[B6 F5 7C 7F ]0x0000CE0C:	CMP.W	R6, #0X3F0	;(R6=0x000000D3 )
(       libmtguard.so[0xCBBCB000])[F3 D1       ]0x0000CE10:	BNE	#0XCBBD7DFA
(       libmtguard.so[0xCBBCB000])[48 46       ]0x0000CDFA:	MOV	R0, SB	;(SB=0xCBBCFE51 )
(       libmtguard.so[0xCBBCB000])[45 F8 36 80 ]0x0000CDFC:	STR.W	R8, [R5, R6, LSL #3]	;(R8=0xFFFFFFFF R5=0xCBC0D094 R6=0x000000D3 )
(       libmtguard.so[0xCBBCB000])[05 EB C6 04 ]0x0000CE00:	ADD.W	R4, R5, R6, LSL #3	;(R5=0xCBC0D094 R6=0x000000D3 )
(       libmtguard.so[0xCBBCB000])[F6 F7 3A FD ]0x0000CE04:	BL	#0XCBBCE87C	;(PC=0xCBBD7E04 )
(       libmtguard.so[0xCBBCB000])[F0 B5       ]0x0000387C:	PUSH	{R4, R5, R6, R7, LR}	;(SP=0x100FFFC0 R4=0xCBC0D72C R5=0xCBC0D094 R6=0x000000D3 R7=0x100FFFE0 LR=0xCBBD7E09 )
(       libmtguard.so[0xCBBCB000])[03 AF       ]0x0000387E:	ADD	R7, SP, #0XC	;(SP=0x100FFFAC )
(       libmtguard.so[0xCBBCB000])[4D F8 04 BD ]0x00003880:	STR	FP, [SP, #-0X4]!	;(FP=0xCBC0B1C4 SP=0x100FFFAC )
(       libmtguard.so[0xCBBCB000])[05 46       ]0x00003884:	MOV	R5, R0	;(R0=0xCBBCFE51 )
(       libmtguard.so[0xCBBCB000])[01 20       ]0x00003886:	MOVS	R0, #1
(       libmtguard.so[0xCBBCB000])[10 21       ]0x00003888:	MOVS	R1, #0X10
(       libmtguard.so[0xCBBCB000])[00 22       ]0x0000388A:	MOVS	R2, #0
(       libmtguard.so[0xCBBCB000])[00 23       ]0x0000388C:	MOVS	R3, #0
(       libmtguard.so[0xCBBCB000])[00 26       ]0x0000388E:	MOVS	R6, #0
(       libmtguard.so[0xCBBCB000])[00 F0 C6 FA ]0x00003890:	BL	#0XCBBCEE20	;(PC=0xCBBCE890 )
(       libmtguard.so[0xCBBCB000])[B0 B5       ]0x00003E20:	PUSH	{R4, R5, R7, LR}	;(SP=0x100FFFA8 R4=0xCBC0D72C R5=0xCBBCFE51 R7=0x100FFFB8 LR=0xCBBCE895 )
(       libmtguard.so[0xCBBCB000])[02 AF       ]0x00003E22:	ADD	R7, SP, #8	;(SP=0x100FFF98 )
(       libmtguard.so[0xCBBCB000])[01 FB 00 F5 ]0x00003E24:	MUL	R5, R1, R0	;(R1=0x00000010 R0=0x00000001 )
(       libmtguard.so[0xCBBCB000])[4D B1       ]0x00003E28:	CBZ	R5, #0XCBBCEE3E	;(R5=0x00000010 )
(       libmtguard.so[0xCBBCB000])[28 46       ]0x00003E2A:	MOV	R0, R5	;(R5=0x00000010 )
(       libmtguard.so[0xCBBCB000])[FE F7 C8 EB ]0x00003E2C:	BLX	#0XCBBCD5C0	;(PC=0xCBBCEE2C )
(       libmtguard.so[0xCBBCB000])[00 C6 8F E2 ]0x000025C0:	ADD	IP, PC, #0, #12	;(PC=0xCBBCD5C0 )
(       libmtguard.so[0xCBBCB000])[3D CA 8C E2 ]0x000025C4:	ADD	IP, IP, #0X3D000	;(IP=0xCBBCD5C8 )
(       libmtguard.so[0xCBBCB000])[04 F9 BC E5 ]0x000025C8:	LDR	PC, [IP, #0X904]!	;(IP=0xCBC0A5C8 )
(       libmtguard.so[0xCBBCB000])[04 46       ]0x00003E30:	MOV	R4, R0	;(R0=0x30047C20 )
(       libmtguard.so[0xCBBCB000])[24 B1       ]0x00003E32:	CBZ	R4, #0XCBBCEE3E	;(R4=0x30047C20 )
(       libmtguard.so[0xCBBCB000])[20 46       ]0x00003E34:	MOV	R0, R4	;(R4=0x30047C20 )
(       libmtguard.so[0xCBBCB000])[29 46       ]0x00003E36:	MOV	R1, R5	;(R5=0x00000010 )
(       libmtguard.so[0xCBBCB000])[FE F7 CE EB ]0x00003E38:	BLX	#0XCBBCD5D8	;(PC=0xCBBCEE38 )
(       libmtguard.so[0xCBBCB000])[00 C6 8F E2 ]0x000025D8:	ADD	IP, PC, #0, #12	;(PC=0xCBBCD5D8 )
(       libmtguard.so[0xCBBCB000])[3D CA 8C E2 ]0x000025DC:	ADD	IP, IP, #0X3D000	;(IP=0xCBBCD5E0 )
(       libmtguard.so[0xCBBCB000])[F4 F8 BC E5 ]0x000025E0:	LDR	PC, [IP, #0X8F4]!	;(IP=0xCBC0A5E0 )
(       libmtguard.so[0xCBBCB000])[00 E0       ]0x00003E3C:	B	#0XCBBCEE40
(       libmtguard.so[0xCBBCB000])[20 46       ]0x00003E40:	MOV	R0, R4	;(R4=0x30047C20 )
(       libmtguard.so[0xCBBCB000])[B0 BD       ]0x00003E42:	POP	{R4, R5, R7, PC}	;(SP=0x100FFF98 )
(       libmtguard.so[0xCBBCB000])[04 46       ]0x00003894:	MOV	R4, R0	;(R0=0x30047C20 )
(       libmtguard.so[0xCBBCB000])[94 B1       ]0x00003896:	CBZ	R4, #0XCBBCE8BE	;(R4=0x30047C20 )
(       libmtguard.so[0xCBBCB000])[0B 20       ]0x00003898:	MOVS	R0, #0XB
(       libmtguard.so[0xCBBCB000])[C4 E9 00 66 ]0x0000389A:	STRD	R6, R6, [R4]	;(R6=0x00000000 R4=0x30047C20 )
(       libmtguard.so[0xCBBCB000])[C4 E9 02 05 ]0x0000389E:	STRD	R0, R5, [R4, #8]	;(R0=0x0000000B R5=0xCBBCFE51 R4=0x30047C20 )
(       libmtguard.so[0xCBBCB000])[04 20       ]0x000038A2:	MOVS	R0, #4
(       libmtguard.so[0xCBBCB000])[0B 21       ]0x000038A4:	MOVS	R1, #0XB
(       libmtguard.so[0xCBBCB000])[00 22       ]0x000038A6:	MOVS	R2, #0
(       libmtguard.so[0xCBBCB000])[00 23       ]0x000038A8:	MOVS	R3, #0
(       libmtguard.so[0xCBBCB000])[00 F0 B9 FA ]0x000038AA:	BL	#0XCBBCEE20	;(PC=0xCBBCE8AA )
(       libmtguard.so[0xCBBCB000])[B0 B5       ]0x00003E20:	PUSH	{R4, R5, R7, LR}	;(SP=0x100FFFA8 R4=0x30047C20 R5=0xCBBCFE51 R7=0x100FFFB8 LR=0xCBBCE8AF )
(       libmtguard.so[0xCBBCB000])[02 AF       ]0x00003E22:	ADD	R7, SP, #8	;(SP=0x100FFF98 )
(       libmtguard.so[0xCBBCB000])[01 FB 00 F5 ]0x00003E24:	MUL	R5, R1, R0	;(R1=0x0000000B R0=0x00000004 )
(       libmtguard.so[0xCBBCB000])[4D B1       ]0x00003E28:	CBZ	R5, #0XCBBCEE3E	;(R5=0x0000002C )
(       libmtguard.so[0xCBBCB000])[28 46       ]0x00003E2A:	MOV	R0, R5	;(R5=0x0000002C )
(       libmtguard.so[0xCBBCB000])[FE F7 C8 EB ]0x00003E2C:	BLX	#0XCBBCD5C0	;(PC=0xCBBCEE2C )
(       libmtguard.so[0xCBBCB000])[00 C6 8F E2 ]0x000025C0:	ADD	IP, PC, #0, #12	;(PC=0xCBBCD5C0 )
(       libmtguard.so[0xCBBCB000])[3D CA 8C E2 ]0x000025C4:	ADD	IP, IP, #0X3D000	;(IP=0xCBBCD5C8 )
(       libmtguard.so[0xCBBCB000])[04 F9 BC E5 ]0x000025C8:	LDR	PC, [IP, #0X904]!	;(IP=0xCBC0A5C8 )
(       libmtguard.so[0xCBBCB000])[04 46       ]0x00003E30:	MOV	R4, R0	;(R0=0x30047C38 )
(       libmtguard.so[0xCBBCB000])[24 B1       ]0x00003E32:	CBZ	R4, #0XCBBCEE3E	;(R4=0x30047C38 )
(       libmtguard.so[0xCBBCB000])[20 46       ]0x00003E34:	MOV	R0, R4	;(R4=0x30047C38 )
(       libmtguard.so[0xCBBCB000])[29 46       ]0x00003E36:	MOV	R1, R5	;(R5=0x0000002C )
(       libmtguard.so[0xCBBCB000])[FE F7 CE EB ]0x00003E38:	BLX	#0XCBBCD5D8	;(PC=0xCBBCEE38 )
(       libmtguard.so[0xCBBCB000])[00 C6 8F E2 ]0x000025D8:	ADD	IP, PC, #0, #12	;(PC=0xCBBCD5D8 )
(       libmtguard.so[0xCBBCB000])[3D CA 8C E2 ]0x000025DC:	ADD	IP, IP, #0X3D000	;(IP=0xCBBCD5E0 )
(       libmtguard.so[0xCBBCB000])[F4 F8 BC E5 ]0x000025E0:	LDR	PC, [IP, #0X8F4]!	;(IP=0xCBC0A5E0 )
(       libmtguard.so[0xCBBCB000])[00 E0       ]0x00003E3C:	B	#0XCBBCEE40
(       libmtguard.so[0xCBBCB000])[20 46       ]0x00003E40:	MOV	R0, R4	;(R4=0x30047C38 )
(       libmtguard.so[0xCBBCB000])[B0 BD       ]0x00003E42:	POP	{R4, R5, R7, PC}	;(SP=0x100FFF98 )
(       libmtguard.so[0xCBBCB000])[00 28       ]0x000038AE:	CMP	R0, #0	;(R0=0x30047C38 )
(       libmtguard.so[0xCBBCB000])[20 60       ]0x000038B0:	STR	R0, [R4]	;(R0=0x30047C38 R4=0x30047C20 )
(       libmtguard.so[0xCBBCB000])[05 D1       ]0x000038B2:	BNE	#0XCBBCE8C0
(       libmtguard.so[0xCBBCB000])[20 46       ]0x000038C0:	MOV	R0, R4	;(R4=0x30047C20 )
(       libmtguard.so[0xCBBCB000])[5D F8 04 BB ]0x000038C2:	LDR	FP, [SP], #4	;(SP=0x100FFFA8 )
(       libmtguard.so[0xCBBCB000])[F0 BD       ]0x000038C6:	POP	{R4, R5, R6, R7, PC}	;(SP=0x100FFFAC )
(       libmtguard.so[0xCBBCB000])[01 36       ]0x0000CE08:	ADDS	R6, #1	;(R6=0x000000D3 )
(       libmtguard.so[0xCBBCB000])[60 60       ]0x0000CE0A:	STR	R0, [R4, #4]	;(R0=0x30047C20 R4=0xCBC0D72C )
(       libmtguard.so[0xCBBCB000])[B6 F5 7C 7F ]0x0000CE0C:	CMP.W	R6, #0X3F0	;(R6=0x000000D4 )
(       libmtguard.so[0xCBBCB000])[F3 D1       ]0x0000CE10:	BNE	#0XCBBD7DFA
(       libmtguard.so[0xCBBCB000])[48 46       ]0x0000CDFA:	MOV	R0, SB	;(SB=0xCBBCFE51 )
(       libmtguard.so[0xCBBCB000])[45 F8 36 80 ]0x0000CDFC:	STR.W	R8, [R5, R6, LSL #3]	;(R8=0xFFFFFFFF R5=0xCBC0D094 R6=0x000000D4 )
(       libmtguard.so[0xCBBCB000])[05 EB C6 04 ]0x0000CE00:	ADD.W	R4, R5, R6, LSL #3	;(R5=0xCBC0D094 R6=0x000000D4 )
(       libmtguard.so[0xCBBCB000])[F6 F7 3A FD ]0x0000CE04:	BL	#0XCBBCE87C	;(PC=0xCBBD7E04 )
(       libmtguard.so[0xCBBCB000])[F0 B5       ]0x0000387C:	PUSH	{R4, R5, R6, R7, LR}	;(SP=0x100FFFC0 R4=0xCBC0D734 R5=0xCBC0D094 R6=0x000000D4 R7=0x100FFFE0 LR=0xCBBD7E09 )
(       libmtguard.so[0xCBBCB000])[03 AF       ]0x0000387E:	ADD	R7, SP, #0XC	;(SP=0x100FFFAC )
(       libmtguard.so[0xCBBCB000])[4D F8 04 BD ]0x00003880:	STR	FP, [SP, #-0X4]!	;(FP=0xCBC0B1C4 SP=0x100FFFAC )
(       libmtguard.so[0xCBBCB000])[05 46       ]0x00003884:	MOV	R5, R0	;(R0=0xCBBCFE51 )
(       libmtguard.so[0xCBBCB000])[01 20       ]0x00003886:	MOVS	R0, #1
(       libmtguard.so[0xCBBCB000])[10 21       ]0x00003888:	MOVS	R1, #0X10
(       libmtguard.so[0xCBBCB000])[00 22       ]0x0000388A:	MOVS	R2, #0
(       libmtguard.so[0xCBBCB000])[00 23       ]0x0000388C:	MOVS	R3, #0
(       libmtguard.so[0xCBBCB000])[00 26       ]0x0000388E:	MOVS	R6, #0
(       libmtguard.so[0xCBBCB000])[00 F0 C6 FA ]0x00003890:	BL	#0XCBBCEE20	;(PC=0xCBBCE890 )
(       libmtguard.so[0xCBBCB000])[B0 B5       ]0x00003E20:	PUSH	{R4, R5, R7, LR}	;(SP=0x100FFFA8 R4=0xCBC0D734 R5=0xCBBCFE51 R7=0x100FFFB8 LR=0xCBBCE895 )
(       libmtguard.so[0xCBBCB000])[02 AF       ]0x00003E22:	ADD	R7, SP, #8	;(SP=0x100FFF98 )
(       libmtguard.so[0xCBBCB000])[01 FB 00 F5 ]0x00003E24:	MUL	R5, R1, R0	;(R1=0x00000010 R0=0x00000001 )
(       libmtguard.so[0xCBBCB000])[4D B1       ]0x00003E28:	CBZ	R5, #0XCBBCEE3E	;(R5=0x00000010 )
(       libmtguard.so[0xCBBCB000])[28 46       ]0x00003E2A:	MOV	R0, R5	;(R5=0x00000010 )
(       libmtguard.so[0xCBBCB000])[FE F7 C8 EB ]0x00003E2C:	BLX	#0XCBBCD5C0	;(PC=0xCBBCEE2C )
(       libmtguard.so[0xCBBCB000])[00 C6 8F E2 ]0x000025C0:	ADD	IP, PC, #0, #12	;(PC=0xCBBCD5C0 )
(       libmtguard.so[0xCBBCB000])[3D CA 8C E2 ]0x000025C4:	ADD	IP, IP, #0X3D000	;(IP=0xCBBCD5C8 )
(       libmtguard.so[0xCBBCB000])[04 F9 BC E5 ]0x000025C8:	LDR	PC, [IP, #0X904]!	;(IP=0xCBC0A5C8 )
(       libmtguard.so[0xCBBCB000])[04 46       ]0x00003E30:	MOV	R4, R0	;(R0=0x30047C68 )
(       libmtguard.so[0xCBBCB000])[24 B1       ]0x00003E32:	CBZ	R4, #0XCBBCEE3E	;(R4=0x30047C68 )
(       libmtguard.so[0xCBBCB000])[20 46       ]0x00003E34:	MOV	R0, R4	;(R4=0x30047C68 )
(       libmtguard.so[0xCBBCB000])[29 46       ]0x00003E36:	MOV	R1, R5	;(R5=0x00000010 )
(       libmtguard.so[0xCBBCB000])[FE F7 CE EB ]0x00003E38:	BLX	#0XCBBCD5D8	;(PC=0xCBBCEE38 )
(       libmtguard.so[0xCBBCB000])[00 C6 8F E2 ]0x000025D8:	ADD	IP, PC, #0, #12	;(PC=0xCBBCD5D8 )
(       libmtguard.so[0xCBBCB000])[3D CA 8C E2 ]0x000025DC:	ADD	IP, IP, #0X3D000	;(IP=0xCBBCD5E0 )
(       libmtguard.so[0xCBBCB000])[F4 F8 BC E5 ]0x000025E0:	LDR	PC, [IP, #0X8F4]!	;(IP=0xCBC0A5E0 )
(       libmtguard.so[0xCBBCB000])[00 E0       ]0x00003E3C:	B	#0XCBBCEE40
(       libmtguard.so[0xCBBCB000])[20 46       ]0x00003E40:	MOV	R0, R4	;(R4=0x30047C68 )
(       libmtguard.so[0xCBBCB000])[B0 BD       ]0x00003E42:	POP	{R4, R5, R7, PC}	;(SP=0x100FFF98 )
(       libmtguard.so[0xCBBCB000])[04 46       ]0x00003894:	MOV	R4, R0	;(R0=0x30047C68 )
(       libmtguard.so[0xCBBCB000])[94 B1       ]0x00003896:	CBZ	R4, #0XCBBCE8BE	;(R4=0x30047C68 )
(       libmtguard.so[0xCBBCB000])[0B 20       ]0x00003898:	MOVS	R0, #0XB
(       libmtguard.so[0xCBBCB000])[C4 E9 00 66 ]0x0000389A:	STRD	R6, R6, [R4]	;(R6=0x00000000 R4=0x30047C68 )
(       libmtguard.so[0xCBBCB000])[C4 E9 02 05 ]0x0000389E:	STRD	R0, R5, [R4, #8]	;(R0=0x0000000B R5=0xCBBCFE51 R4=0x30047C68 )
(       libmtguard.so[0xCBBCB000])[04 20       ]0x000038A2:	MOVS	R0, #4
(       libmtguard.so[0xCBBCB000])[0B 21       ]0x000038A4:	MOVS	R1, #0XB
(       libmtguard.so[0xCBBCB000])[00 22       ]0x000038A6:	MOVS	R2, #0
(       libmtguard.so[0xCBBCB000])[00 23       ]0x000038A8:	MOVS	R3, #0
(       libmtguard.so[0xCBBCB000])[00 F0 B9 FA ]0x000038AA:	BL	#0XCBBCEE20	;(PC=0xCBBCE8AA )
(       libmtguard.so[0xCBBCB000])[B0 B5       ]0x00003E20:	PUSH	{R4, R5, R7, LR}	;(SP=0x100FFFA8 R4=0x30047C68 R5=0xCBBCFE51 R7=0x100FFFB8 LR=0xCBBCE8AF )
(       libmtguard.so[0xCBBCB000])[02 AF       ]0x00003E22:	ADD	R7, SP, #8	;(SP=0x100FFF98 )
(       libmtguard.so[0xCBBCB000])[01 FB 00 F5 ]0x00003E24:	MUL	R5, R1, R0	;(R1=0x0000000B R0=0x00000004 )
(       libmtguard.so[0xCBBCB000])[4D B1       ]0x00003E28:	CBZ	R5, #0XCBBCEE3E	;(R5=0x0000002C )
(       libmtguard.so[0xCBBCB000])[28 46       ]0x00003E2A:	MOV	R0, R5	;(R5=0x0000002C )
(       libmtguard.so[0xCBBCB000])[FE F7 C8 EB ]0x00003E2C:	BLX	#0XCBBCD5C0	;(PC=0xCBBCEE2C )
(       libmtguard.so[0xCBBCB000])[00 C6 8F E2 ]0x000025C0:	ADD	IP, PC, #0, #12	;(PC=0xCBBCD5C0 )
(       libmtguard.so[0xCBBCB000])[3D CA 8C E2 ]0x000025C4:	ADD	IP, IP, #0X3D000	;(IP=0xCBBCD5C8 )
(       libmtguard.so[0xCBBCB000])[04 F9 BC E5 ]0x000025C8:	LDR	PC, [IP, #0X904]!	;(IP=0xCBC0A5C8 )
(       libmtguard.so[0xCBBCB000])[04 46       ]0x00003E30:	MOV	R4, R0	;(R0=0x30047C80 )
(       libmtguard.so[0xCBBCB000])[24 B1       ]0x00003E32:	CBZ	R4, #0XCBBCEE3E	;(R4=0x30047C80 )
(       libmtguard.so[0xCBBCB000])[20 46       ]0x00003E34:	MOV	R0, R4	;(R4=0x30047C80 )
(       libmtguard.so[0xCBBCB000])[29 46       ]0x00003E36:	MOV	R1, R5	;(R5=0x0000002C )
(       libmtguard.so[0xCBBCB000])[FE F7 CE EB ]0x00003E38:	BLX	#0XCBBCD5D8	;(PC=0xCBBCEE38 )
(       libmtguard.so[0xCBBCB000])[00 C6 8F E2 ]0x000025D8:	ADD	IP, PC, #0, #12	;(PC=0xCBBCD5D8 )
(       libmtguard.so[0xCBBCB000])[3D CA 8C E2 ]0x000025DC:	ADD	IP, IP, #0X3D000	;(IP=0xCBBCD5E0 )
(       libmtguard.so[0xCBBCB000])[F4 F8 BC E5 ]0x000025E0:	LDR	PC, [IP, #0X8F4]!	;(IP=0xCBC0A5E0 )
(       libmtguard.so[0xCBBCB000])[00 E0       ]0x00003E3C:	B	#0XCBBCEE40
(       libmtguard.so[0xCBBCB000])[20 46       ]0x00003E40:	MOV	R0, R4	;(R4=0x30047C80 )
(       libmtguard.so[0xCBBCB000])[B0 BD       ]0x00003E42:	POP	{R4, R5, R7, PC}	;(SP=0x100FFF98 )
(       libmtguard.so[0xCBBCB000])[00 28       ]0x000038AE:	CMP	R0, #0	;(R0=0x30047C80 )
(       libmtguard.so[0xCBBCB000])[20 60       ]0x000038B0:	STR	R0, [R4]	;(R0=0x30047C80 R4=0x30047C68 )
(       libmtguard.so[0xCBBCB000])[05 D1       ]0x000038B2:	BNE	#0XCBBCE8C0
(       libmtguard.so[0xCBBCB000])[20 46       ]0x000038C0:	MOV	R0, R4	;(R4=0x30047C68 )
(       libmtguard.so[0xCBBCB000])[5D F8 04 BB ]0x000038C2:	LDR	FP, [SP], #4	;(SP=0x100FFFA8 )
(       libmtguard.so[0xCBBCB000])[F0 BD       ]0x000038C6:	POP	{R4, R5, R6, R7, PC}	;(SP=0x100FFFAC )
(       libmtguard.so[0xCBBCB000])[01 36       ]0x0000CE08:	ADDS	R6, #1	;(R6=0x000000D4 )
(       libmtguard.so[0xCBBCB000])[60 60       ]0x0000CE0A:	STR	R0, [R4, #4]	;(R0=0x30047C68 R4=0xCBC0D734 )
(       libmtguard.so[0xCBBCB000])[B6 F5 7C 7F ]0x0000CE0C:	CMP.W	R6, #0X3F0	;(R6=0x000000D5 )
(       libmtguard.so[0xCBBCB000])[F3 D1       ]0x0000CE10:	BNE	#0XCBBD7DFA
(       libmtguard.so[0xCBBCB000])[48 46       ]0x0000CDFA:	MOV	R0, SB	;(SB=0xCBBCFE51 )
(       libmtguard.so[0xCBBCB000])[45 F8 36 80 ]0x0000CDFC:	STR.W	R8, [R5, R6, LSL #3]	;(R8=0xFFFFFFFF R5=0xCBC0D094 R6=0x000000D5 )
(       libmtguard.so[0xCBBCB000])[05 EB C6 04 ]0x0000CE00:	ADD.W	R4, R5, R6, LSL #3	;(R5=0xCBC0D094 R6=0x000000D5 )
(       libmtguard.so[0xCBBCB000])[F6 F7 3A FD ]0x0000CE04:	BL	#0XCBBCE87C	;(PC=0xCBBD7E04 )
(       libmtguard.so[0xCBBCB000])[F0 B5       ]0x0000387C:	PUSH	{R4, R5, R6, R7, LR}	;(SP=0x100FFFC0 R4=0xCBC0D73C R5=0xCBC0D094 R6=0x000000D5 R7=0x100FFFE0 LR=0xCBBD7E09 )
(       libmtguard.so[0xCBBCB000])[03 AF       ]0x0000387E:	ADD	R7, SP, #0XC	;(SP=0x100FFFAC )
(       libmtguard.so[0xCBBCB000])[4D F8 04 BD ]0x00003880:	STR	FP, [SP, #-0X4]!	;(FP=0xCBC0B1C4 SP=0x100FFFAC )
(       libmtguard.so[0xCBBCB000])[05 46       ]0x00003884:	MOV	R5, R0	;(R0=0xCBBCFE51 )
(       libmtguard.so[0xCBBCB000])[01 20       ]0x00003886:	MOVS	R0, #1
(       libmtguard.so[0xCBBCB000])[10 21       ]0x00003888:	MOVS	R1, #0X10
(       libmtguard.so[0xCBBCB000])[00 22       ]0x0000388A:	MOVS	R2, #0
(       libmtguard.so[0xCBBCB000])[00 23       ]0x0000388C:	MOVS	R3, #0
(       libmtguard.so[0xCBBCB000])[00 26       ]0x0000388E:	MOVS	R6, #0
(       libmtguard.so[0xCBBCB000])[00 F0 C6 FA ]0x00003890:	BL	#0XCBBCEE20	;(PC=0xCBBCE890 )
(       libmtguard.so[0xCBBCB000])[B0 B5       ]0x00003E20:	PUSH	{R4, R5, R7, LR}	;(SP=0x100FFFA8 R4=0xCBC0D73C R5=0xCBBCFE51 R7=0x100FFFB8 LR=0xCBBCE895 )
(       libmtguard.so[0xCBBCB000])[02 AF       ]0x00003E22:	ADD	R7, SP, #8	;(SP=0x100FFF98 )
(       libmtguard.so[0xCBBCB000])[01 FB 00 F5 ]0x00003E24:	MUL	R5, R1, R0	;(R1=0x00000010 R0=0x00000001 )
(       libmtguard.so[0xCBBCB000])[4D B1       ]0x00003E28:	CBZ	R5, #0XCBBCEE3E	;(R5=0x00000010 )
(       libmtguard.so[0xCBBCB000])[28 46       ]0x00003E2A:	MOV	R0, R5	;(R5=0x00000010 )
(       libmtguard.so[0xCBBCB000])[FE F7 C8 EB ]0x00003E2C:	BLX	#0XCBBCD5C0	;(PC=0xCBBCEE2C )
(       libmtguard.so[0xCBBCB000])[00 C6 8F E2 ]0x000025C0:	ADD	IP, PC, #0, #12	;(PC=0xCBBCD5C0 )
(       libmtguard.so[0xCBBCB000])[3D CA 8C E2 ]0x000025C4:	ADD	IP, IP, #0X3D000	;(IP=0xCBBCD5C8 )
(       libmtguard.so[0xCBBCB000])[04 F9 BC E5 ]0x000025C8:	LDR	PC, [IP, #0X904]!	;(IP=0xCBC0A5C8 )
(       libmtguard.so[0xCBBCB000])[04 46       ]0x00003E30:	MOV	R4, R0	;(R0=0x30047CB0 )
(       libmtguard.so[0xCBBCB000])[24 B1       ]0x00003E32:	CBZ	R4, #0XCBBCEE3E	;(R4=0x30047CB0 )
(       libmtguard.so[0xCBBCB000])[20 46       ]0x00003E34:	MOV	R0, R4	;(R4=0x30047CB0 )
(       libmtguard.so[0xCBBCB000])[29 46       ]0x00003E36:	MOV	R1, R5	;(R5=0x00000010 )
(       libmtguard.so[0xCBBCB000])[FE F7 CE EB ]0x00003E38:	BLX	#0XCBBCD5D8	;(PC=0xCBBCEE38 )
(       libmtguard.so[0xCBBCB000])[00 C6 8F E2 ]0x000025D8:	ADD	IP, PC, #0, #12	;(PC=0xCBBCD5D8 )
(       libmtguard.so[0xCBBCB000])[3D CA 8C E2 ]0x000025DC:	ADD	IP, IP, #0X3D000	;(IP=0xCBBCD5E0 )
(       libmtguard.so[0xCBBCB000])[F4 F8 BC E5 ]0x000025E0:	LDR	PC, [IP, #0X8F4]!	;(IP=0xCBC0A5E0 )
(       libmtguard.so[0xCBBCB000])[00 E0       ]0x00003E3C:	B	#0XCBBCEE40
(       libmtguard.so[0xCBBCB000])[20 46       ]0x00003E40:	MOV	R0, R4	;(R4=0x30047CB0 )
(       libmtguard.so[0xCBBCB000])[B0 BD       ]0x00003E42:	POP	{R4, R5, R7, PC}	;(SP=0x100FFF98 )
(       libmtguard.so[0xCBBCB000])[04 46       ]0x00003894:	MOV	R4, R0	;(R0=0x30047CB0 )
(       libmtguard.so[0xCBBCB000])[94 B1       ]0x00003896:	CBZ	R4, #0XCBBCE8BE	;(R4=0x30047CB0 )
(       libmtguard.so[0xCBBCB000])[0B 20       ]0x00003898:	MOVS	R0, #0XB
(       libmtguard.so[0xCBBCB000])[C4 E9 00 66 ]0x0000389A:	STRD	R6, R6, [R4]	;(R6=0x00000000 R4=0x30047CB0 )
(       libmtguard.so[0xCBBCB000])[C4 E9 02 05 ]0x0000389E:	STRD	R0, R5, [R4, #8]	;(R0=0x0000000B R5=0xCBBCFE51 R4=0x30047CB0 )
(       libmtguard.so[0xCBBCB000])[04 20       ]0x000038A2:	MOVS	R0, #4
(       libmtguard.so[0xCBBCB000])[0B 21       ]0x000038A4:	MOVS	R1, #0XB
(       libmtguard.so[0xCBBCB000])[00 22       ]0x000038A6:	MOVS	R2, #0
(       libmtguard.so[0xCBBCB000])[00 23       ]0x000038A8:	MOVS	R3, #0
(       libmtguard.so[0xCBBCB000])[00 F0 B9 FA ]0x000038AA:	BL	#0XCBBCEE20	;(PC=0xCBBCE8AA )
(       libmtguard.so[0xCBBCB000])[B0 B5       ]0x00003E20:	PUSH	{R4, R5, R7, LR}	;(SP=0x100FFFA8 R4=0x30047CB0 R5=0xCBBCFE51 R7=0x100FFFB8 LR=0xCBBCE8AF )
(       libmtguard.so[0xCBBCB000])[02 AF       ]0x00003E22:	ADD	R7, SP, #8	;(SP=0x100FFF98 )
(       libmtguard.so[0xCBBCB000])[01 FB 00 F5 ]0x00003E24:	MUL	R5, R1, R0	;(R1=0x0000000B R0=0x00000004 )
(       libmtguard.so[0xCBBCB000])[4D B1       ]0x00003E28:	CBZ	R5, #0XCBBCEE3E	;(R5=0x0000002C )
(       libmtguard.so[0xCBBCB000])[28 46       ]0x00003E2A:	MOV	R0, R5	;(R5=0x0000002C )
(       libmtguard.so[0xCBBCB000])[FE F7 C8 EB ]0x00003E2C:	BLX	#0XCBBCD5C0	;(PC=0xCBBCEE2C )
(       libmtguard.so[0xCBBCB000])[00 C6 8F E2 ]0x000025C0:	ADD	IP, PC, #0, #12	;(PC=0xCBBCD5C0 )
(       libmtguard.so[0xCBBCB000])[3D CA 8C E2 ]0x000025C4:	ADD	IP, IP, #0X3D000	;(IP=0xCBBCD5C8 )
(       libmtguard.so[0xCBBCB000])[04 F9 BC E5 ]0x000025C8:	LDR	PC, [IP, #0X904]!	;(IP=0xCBC0A5C8 )
(       libmtguard.so[0xCBBCB000])[04 46       ]0x00003E30:	MOV	R4, R0	;(R0=0x30047CC8 )
(       libmtguard.so[0xCBBCB000])[24 B1       ]0x00003E32:	CBZ	R4, #0XCBBCEE3E	;(R4=0x30047CC8 )
(       libmtguard.so[0xCBBCB000])[20 46       ]0x00003E34:	MOV	R0, R4	;(R4=0x30047CC8 )
(       libmtguard.so[0xCBBCB000])[29 46       ]0x00003E36:	MOV	R1, R5	;(R5=0x0000002C )
(       libmtguard.so[0xCBBCB000])[FE F7 CE EB ]0x00003E38:	BLX	#0XCBBCD5D8	;(PC=0xCBBCEE38 )
(       libmtguard.so[0xCBBCB000])[00 C6 8F E2 ]0x000025D8:	ADD	IP, PC, #0, #12	;(PC=0xCBBCD5D8 )
(       libmtguard.so[0xCBBCB000])[3D CA 8C E2 ]0x000025DC:	ADD	IP, IP, #0X3D000	;(IP=0xCBBCD5E0 )
(       libmtguard.so[0xCBBCB000])[F4 F8 BC E5 ]0x000025E0:	LDR	PC, [IP, #0X8F4]!	;(IP=0xCBC0A5E0 )
(       libmtguard.so[0xCBBCB000])[00 E0       ]0x00003E3C:	B	#0XCBBCEE40
(       libmtguard.so[0xCBBCB000])[20 46       ]0x00003E40:	MOV	R0, R4	;(R4=0x30047CC8 )
(       libmtguard.so[0xCBBCB000])[B0 BD       ]0x00003E42:	POP	{R4, R5, R7, PC}	;(SP=0x100FFF98 )
(       libmtguard.so[0xCBBCB000])[00 28       ]0x000038AE:	CMP	R0, #0	;(R0=0x30047CC8 )
(       libmtguard.so[0xCBBCB000])[20 60       ]0x000038B0:	STR	R0, [R4]	;(R0=0x30047CC8 R4=0x30047CB0 )
(       libmtguard.so[0xCBBCB000])[05 D1       ]0x000038B2:	BNE	#0XCBBCE8C0
(       libmtguard.so[0xCBBCB000])[20 46       ]0x000038C0:	MOV	R0, R4	;(R4=0x30047CB0 )
(       libmtguard.so[0xCBBCB000])[5D F8 04 BB ]0x000038C2:	LDR	FP, [SP], #4	;(SP=0x100FFFA8 )
(       libmtguard.so[0xCBBCB000])[F0 BD       ]0x000038C6:	POP	{R4, R5, R6, R7, PC}	;(SP=0x100FFFAC )
(       libmtguard.so[0xCBBCB000])[01 36       ]0x0000CE08:	ADDS	R6, #1	;(R6=0x000000D5 )
(       libmtguard.so[0xCBBCB000])[60 60       ]0x0000CE0A:	STR	R0, [R4, #4]	;(R0=0x30047CB0 R4=0xCBC0D73C )
(       libmtguard.so[0xCBBCB000])[B6 F5 7C 7F ]0x0000CE0C:	CMP.W	R6, #0X3F0	;(R6=0x000000D6 )
(       libmtguard.so[0xCBBCB000])[F3 D1       ]0x0000CE10:	BNE	#0XCBBD7DFA
(       libmtguard.so[0xCBBCB000])[48 46       ]0x0000CDFA:	MOV	R0, SB	;(SB=0xCBBCFE51 )
(       libmtguard.so[0xCBBCB000])[45 F8 36 80 ]0x0000CDFC:	STR.W	R8, [R5, R6, LSL #3]	;(R8=0xFFFFFFFF R5=0xCBC0D094 R6=0x000000D6 )
(       libmtguard.so[0xCBBCB000])[05 EB C6 04 ]0x0000CE00:	ADD.W	R4, R5, R6, LSL #3	;(R5=0xCBC0D094 R6=0x000000D6 )
(       libmtguard.so[0xCBBCB000])[F6 F7 3A FD ]0x0000CE04:	BL	#0XCBBCE87C	;(PC=0xCBBD7E04 )
(       libmtguard.so[0xCBBCB000])[F0 B5       ]0x0000387C:	PUSH	{R4, R5, R6, R7, LR}	;(SP=0x100FFFC0 R4=0xCBC0D744 R5=0xCBC0D094 R6=0x000000D6 R7=0x100FFFE0 LR=0xCBBD7E09 )
(       libmtguard.so[0xCBBCB000])[03 AF       ]0x0000387E:	ADD	R7, SP, #0XC	;(SP=0x100FFFAC )
(       libmtguard.so[0xCBBCB000])[4D F8 04 BD ]0x00003880:	STR	FP, [SP, #-0X4]!	;(FP=0xCBC0B1C4 SP=0x100FFFAC )
(       libmtguard.so[0xCBBCB000])[05 46       ]0x00003884:	MOV	R5, R0	;(R0=0xCBBCFE51 )
(       libmtguard.so[0xCBBCB000])[01 20       ]0x00003886:	MOVS	R0, #1
(       libmtguard.so[0xCBBCB000])[10 21       ]0x00003888:	MOVS	R1, #0X10
(       libmtguard.so[0xCBBCB000])[00 22       ]0x0000388A:	MOVS	R2, #0
(       libmtguard.so[0xCBBCB000])[00 23       ]0x0000388C:	MOVS	R3, #0
(       libmtguard.so[0xCBBCB000])[00 26       ]0x0000388E:	MOVS	R6, #0
(       libmtguard.so[0xCBBCB000])[00 F0 C6 FA ]0x00003890:	BL	#0XCBBCEE20	;(PC=0xCBBCE890 )
(       libmtguard.so[0xCBBCB000])[B0 B5       ]0x00003E20:	PUSH	{R4, R5, R7, LR}	;(SP=0x100FFFA8 R4=0xCBC0D744 R5=0xCBBCFE51 R7=0x100FFFB8 LR=0xCBBCE895 )
(       libmtguard.so[0xCBBCB000])[02 AF       ]0x00003E22:	ADD	R7, SP, #8	;(SP=0x100FFF98 )
(       libmtguard.so[0xCBBCB000])[01 FB 00 F5 ]0x00003E24:	MUL	R5, R1, R0	;(R1=0x00000010 R0=0x00000001 )
(       libmtguard.so[0xCBBCB000])[4D B1       ]0x00003E28:	CBZ	R5, #0XCBBCEE3E	;(R5=0x00000010 )
(       libmtguard.so[0xCBBCB000])[28 46       ]0x00003E2A:	MOV	R0, R5	;(R5=0x00000010 )
(       libmtguard.so[0xCBBCB000])[FE F7 C8 EB ]0x00003E2C:	BLX	#0XCBBCD5C0	;(PC=0xCBBCEE2C )
(       libmtguard.so[0xCBBCB000])[00 C6 8F E2 ]0x000025C0:	ADD	IP, PC, #0, #12	;(PC=0xCBBCD5C0 )
(       libmtguard.so[0xCBBCB000])[3D CA 8C E2 ]0x000025C4:	ADD	IP, IP, #0X3D000	;(IP=0xCBBCD5C8 )
(       libmtguard.so[0xCBBCB000])[04 F9 BC E5 ]0x000025C8:	LDR	PC, [IP, #0X904]!	;(IP=0xCBC0A5C8 )
(       libmtguard.so[0xCBBCB000])[04 46       ]0x00003E30:	MOV	R4, R0	;(R0=0x30047CF8 )
(       libmtguard.so[0xCBBCB000])[24 B1       ]0x00003E32:	CBZ	R4, #0XCBBCEE3E	;(R4=0x30047CF8 )
(       libmtguard.so[0xCBBCB000])[20 46       ]0x00003E34:	MOV	R0, R4	;(R4=0x30047CF8 )
(       libmtguard.so[0xCBBCB000])[29 46       ]0x00003E36:	MOV	R1, R5	;(R5=0x00000010 )
(       libmtguard.so[0xCBBCB000])[FE F7 CE EB ]0x00003E38:	BLX	#0XCBBCD5D8	;(PC=0xCBBCEE38 )
(       libmtguard.so[0xCBBCB000])[00 C6 8F E2 ]0x000025D8:	ADD	IP, PC, #0, #12	;(PC=0xCBBCD5D8 )
(       libmtguard.so[0xCBBCB000])[3D CA 8C E2 ]0x000025DC:	ADD	IP, IP, #0X3D000	;(IP=0xCBBCD5E0 )
(       libmtguard.so[0xCBBCB000])[F4 F8 BC E5 ]0x000025E0:	LDR	PC, [IP, #0X8F4]!	;(IP=0xCBC0A5E0 )
(       libmtguard.so[0xCBBCB000])[00 E0       ]0x00003E3C:	B	#0XCBBCEE40
(       libmtguard.so[0xCBBCB000])[20 46       ]0x00003E40:	MOV	R0, R4	;(R4=0x30047CF8 )
(       libmtguard.so[0xCBBCB000])[B0 BD       ]0x00003E42:	POP	{R4, R5, R7, PC}	;(SP=0x100FFF98 )
(       libmtguard.so[0xCBBCB000])[04 46       ]0x00003894:	MOV	R4, R0	;(R0=0x30047CF8 )
(       libmtguard.so[0xCBBCB000])[94 B1       ]0x00003896:	CBZ	R4, #0XCBBCE8BE	;(R4=0x30047CF8 )
(       libmtguard.so[0xCBBCB000])[0B 20       ]0x00003898:	MOVS	R0, #0XB
(       libmtguard.so[0xCBBCB000])[C4 E9 00 66 ]0x0000389A:	STRD	R6, R6, [R4]	;(R6=0x00000000 R4=0x30047CF8 )
(       libmtguard.so[0xCBBCB000])[C4 E9 02 05 ]0x0000389E:	STRD	R0, R5, [R4, #8]	;(R0=0x0000000B R5=0xCBBCFE51 R4=0x30047CF8 )
(       libmtguard.so[0xCBBCB000])[04 20       ]0x000038A2:	MOVS	R0, #4
(       libmtguard.so[0xCBBCB000])[0B 21       ]0x000038A4:	MOVS	R1, #0XB
(       libmtguard.so[0xCBBCB000])[00 22       ]0x000038A6:	MOVS	R2, #0
(       libmtguard.so[0xCBBCB000])[00 23       ]0x000038A8:	MOVS	R3, #0
(       libmtguard.so[0xCBBCB000])[00 F0 B9 FA ]0x000038AA:	BL	#0XCBBCEE20	;(PC=0xCBBCE8AA )
(       libmtguard.so[0xCBBCB000])[B0 B5       ]0x00003E20:	PUSH	{R4, R5, R7, LR}	;(SP=0x100FFFA8 R4=0x30047CF8 R5=0xCBBCFE51 R7=0x100FFFB8 LR=0xCBBCE8AF )
(       libmtguard.so[0xCBBCB000])[02 AF       ]0x00003E22:	ADD	R7, SP, #8	;(SP=0x100FFF98 )
(       libmtguard.so[0xCBBCB000])[01 FB 00 F5 ]0x00003E24:	MUL	R5, R1, R0	;(R1=0x0000000B R0=0x00000004 )
(       libmtguard.so[0xCBBCB000])[4D B1       ]0x00003E28:	CBZ	R5, #0XCBBCEE3E	;(R5=0x0000002C )
(       libmtguard.so[0xCBBCB000])[28 46       ]0x00003E2A:	MOV	R0, R5	;(R5=0x0000002C )
(       libmtguard.so[0xCBBCB000])[FE F7 C8 EB ]0x00003E2C:	BLX	#0XCBBCD5C0	;(PC=0xCBBCEE2C )
(       libmtguard.so[0xCBBCB000])[00 C6 8F E2 ]0x000025C0:	ADD	IP, PC, #0, #12	;(PC=0xCBBCD5C0 )
(       libmtguard.so[0xCBBCB000])[3D CA 8C E2 ]0x000025C4:	ADD	IP, IP, #0X3D000	;(IP=0xCBBCD5C8 )
(       libmtguard.so[0xCBBCB000])[04 F9 BC E5 ]0x000025C8:	LDR	PC, [IP, #0X904]!	;(IP=0xCBC0A5C8 )
(       libmtguard.so[0xCBBCB000])[04 46       ]0x00003E30:	MOV	R4, R0	;(R0=0x30047D10 )
(       libmtguard.so[0xCBBCB000])[24 B1       ]0x00003E32:	CBZ	R4, #0XCBBCEE3E	;(R4=0x30047D10 )
(       libmtguard.so[0xCBBCB000])[20 46       ]0x00003E34:	MOV	R0, R4	;(R4=0x30047D10 )
(       libmtguard.so[0xCBBCB000])[29 46       ]0x00003E36:	MOV	R1, R5	;(R5=0x0000002C )
(       libmtguard.so[0xCBBCB000])[FE F7 CE EB ]0x00003E38:	BLX	#0XCBBCD5D8	;(PC=0xCBBCEE38 )
(       libmtguard.so[0xCBBCB000])[00 C6 8F E2 ]0x000025D8:	ADD	IP, PC, #0, #12	;(PC=0xCBBCD5D8 )
(       libmtguard.so[0xCBBCB000])[3D CA 8C E2 ]0x000025DC:	ADD	IP, IP, #0X3D000	;(IP=0xCBBCD5E0 )
(       libmtguard.so[0xCBBCB000])[F4 F8 BC E5 ]0x000025E0:	LDR	PC, [IP, #0X8F4]!	;(IP=0xCBC0A5E0 )
(       libmtguard.so[0xCBBCB000])[00 E0       ]0x00003E3C:	B	#0XCBBCEE40
(       libmtguard.so[0xCBBCB000])[20 46       ]0x00003E40:	MOV	R0, R4	;(R4=0x30047D10 )
(       libmtguard.so[0xCBBCB000])[B0 BD       ]0x00003E42:	POP	{R4, R5, R7, PC}	;(SP=0x100FFF98 )
(       libmtguard.so[0xCBBCB000])[00 28       ]0x000038AE:	CMP	R0, #0	;(R0=0x30047D10 )
(       libmtguard.so[0xCBBCB000])[20 60       ]0x000038B0:	STR	R0, [R4]	;(R0=0x30047D10 R4=0x30047CF8 )
(       libmtguard.so[0xCBBCB000])[05 D1       ]0x000038B2:	BNE	#0XCBBCE8C0
(       libmtguard.so[0xCBBCB000])[20 46       ]0x000038C0:	MOV	R0, R4	;(R4=0x30047CF8 )
(       libmtguard.so[0xCBBCB000])[5D F8 04 BB ]0x000038C2:	LDR	FP, [SP], #4	;(SP=0x100FFFA8 )
(       libmtguard.so[0xCBBCB000])[F0 BD       ]0x000038C6:	POP	{R4, R5, R6, R7, PC}	;(SP=0x100FFFAC )
(       libmtguard.so[0xCBBCB000])[01 36       ]0x0000CE08:	ADDS	R6, #1	;(R6=0x000000D6 )
(       libmtguard.so[0xCBBCB000])[60 60       ]0x0000CE0A:	STR	R0, [R4, #4]	;(R0=0x30047CF8 R4=0xCBC0D744 )
(       libmtguard.so[0xCBBCB000])[B6 F5 7C 7F ]0x0000CE0C:	CMP.W	R6, #0X3F0	;(R6=0x000000D7 )
(       libmtguard.so[0xCBBCB000])[F3 D1       ]0x0000CE10:	BNE	#0XCBBD7DFA
(       libmtguard.so[0xCBBCB000])[48 46       ]0x0000CDFA:	MOV	R0, SB	;(SB=0xCBBCFE51 )
(       libmtguard.so[0xCBBCB000])[45 F8 36 80 ]0x0000CDFC:	STR.W	R8, [R5, R6, LSL #3]	;(R8=0xFFFFFFFF R5=0xCBC0D094 R6=0x000000D7 )
(       libmtguard.so[0xCBBCB000])[05 EB C6 04 ]0x0000CE00:	ADD.W	R4, R5, R6, LSL #3	;(R5=0xCBC0D094 R6=0x000000D7 )
(       libmtguard.so[0xCBBCB000])[F6 F7 3A FD ]0x0000CE04:	BL	#0XCBBCE87C	;(PC=0xCBBD7E04 )
(       libmtguard.so[0xCBBCB000])[F0 B5       ]0x0000387C:	PUSH	{R4, R5, R6, R7, LR}	;(SP=0x100FFFC0 R4=0xCBC0D74C R5=0xCBC0D094 R6=0x000000D7 R7=0x100FFFE0 LR=0xCBBD7E09 )
(       libmtguard.so[0xCBBCB000])[03 AF       ]0x0000387E:	ADD	R7, SP, #0XC	;(SP=0x100FFFAC )
(       libmtguard.so[0xCBBCB000])[4D F8 04 BD ]0x00003880:	STR	FP, [SP, #-0X4]!	;(FP=0xCBC0B1C4 SP=0x100FFFAC )
(       libmtguard.so[0xCBBCB000])[05 46       ]0x00003884:	MOV	R5, R0	;(R0=0xCBBCFE51 )
(       libmtguard.so[0xCBBCB000])[01 20       ]0x00003886:	MOVS	R0, #1
(       libmtguard.so[0xCBBCB000])[10 21       ]0x00003888:	MOVS	R1, #0X10
(       libmtguard.so[0xCBBCB000])[00 22       ]0x0000388A:	MOVS	R2, #0
(       libmtguard.so[0xCBBCB000])[00 23       ]0x0000388C:	MOVS	R3, #0
(       libmtguard.so[0xCBBCB000])[00 26       ]0x0000388E:	MOVS	R6, #0
(       libmtguard.so[0xCBBCB000])[00 F0 C6 FA ]0x00003890:	BL	#0XCBBCEE20	;(PC=0xCBBCE890 )
(       libmtguard.so[0xCBBCB000])[B0 B5       ]0x00003E20:	PUSH	{R4, R5, R7, LR}	;(SP=0x100FFFA8 R4=0xCBC0D74C R5=0xCBBCFE51 R7=0x100FFFB8 LR=0xCBBCE895 )
(       libmtguard.so[0xCBBCB000])[02 AF       ]0x00003E22:	ADD	R7, SP, #8	;(SP=0x100FFF98 )
(       libmtguard.so[0xCBBCB000])[01 FB 00 F5 ]0x00003E24:	MUL	R5, R1, R0	;(R1=0x00000010 R0=0x00000001 )
(       libmtguard.so[0xCBBCB000])[4D B1       ]0x00003E28:	CBZ	R5, #0XCBBCEE3E	;(R5=0x00000010 )
(       libmtguard.so[0xCBBCB000])[28 46       ]0x00003E2A:	MOV	R0, R5	;(R5=0x00000010 )
(       libmtguard.so[0xCBBCB000])[FE F7 C8 EB ]0x00003E2C:	BLX	#0XCBBCD5C0	;(PC=0xCBBCEE2C )
(       libmtguard.so[0xCBBCB000])[00 C6 8F E2 ]0x000025C0:	ADD	IP, PC, #0, #12	;(PC=0xCBBCD5C0 )
(       libmtguard.so[0xCBBCB000])[3D CA 8C E2 ]0x000025C4:	ADD	IP, IP, #0X3D000	;(IP=0xCBBCD5C8 )
(       libmtguard.so[0xCBBCB000])[04 F9 BC E5 ]0x000025C8:	LDR	PC, [IP, #0X904]!	;(IP=0xCBC0A5C8 )
(       libmtguard.so[0xCBBCB000])[04 46       ]0x00003E30:	MOV	R4, R0	;(R0=0x30047D40 )
(       libmtguard.so[0xCBBCB000])[24 B1       ]0x00003E32:	CBZ	R4, #0XCBBCEE3E	;(R4=0x30047D40 )
(       libmtguard.so[0xCBBCB000])[20 46       ]0x00003E34:	MOV	R0, R4	;(R4=0x30047D40 )
(       libmtguard.so[0xCBBCB000])[29 46       ]0x00003E36:	MOV	R1, R5	;(R5=0x00000010 )
(       libmtguard.so[0xCBBCB000])[FE F7 CE EB ]0x00003E38:	BLX	#0XCBBCD5D8	;(PC=0xCBBCEE38 )
(       libmtguard.so[0xCBBCB000])[00 C6 8F E2 ]0x000025D8:	ADD	IP, PC, #0, #12	;(PC=0xCBBCD5D8 )
(       libmtguard.so[0xCBBCB000])[3D CA 8C E2 ]0x000025DC:	ADD	IP, IP, #0X3D000	;(IP=0xCBBCD5E0 )
(       libmtguard.so[0xCBBCB000])[F4 F8 BC E5 ]0x000025E0:	LDR	PC, [IP, #0X8F4]!	;(IP=0xCBC0A5E0 )
(       libmtguard.so[0xCBBCB000])[00 E0       ]0x00003E3C:	B	#0XCBBCEE40
(       libmtguard.so[0xCBBCB000])[20 46       ]0x00003E40:	MOV	R0, R4	;(R4=0x30047D40 )
(       libmtguard.so[0xCBBCB000])[B0 BD       ]0x00003E42:	POP	{R4, R5, R7, PC}	;(SP=0x100FFF98 )
(       libmtguard.so[0xCBBCB000])[04 46       ]0x00003894:	MOV	R4, R0	;(R0=0x30047D40 )
(       libmtguard.so[0xCBBCB000])[94 B1       ]0x00003896:	CBZ	R4, #0XCBBCE8BE	;(R4=0x30047D40 )
(       libmtguard.so[0xCBBCB000])[0B 20       ]0x00003898:	MOVS	R0, #0XB
(       libmtguard.so[0xCBBCB000])[C4 E9 00 66 ]0x0000389A:	STRD	R6, R6, [R4]	;(R6=0x00000000 R4=0x30047D40 )
(       libmtguard.so[0xCBBCB000])[C4 E9 02 05 ]0x0000389E:	STRD	R0, R5, [R4, #8]	;(R0=0x0000000B R5=0xCBBCFE51 R4=0x30047D40 )
(       libmtguard.so[0xCBBCB000])[04 20       ]0x000038A2:	MOVS	R0, #4
(       libmtguard.so[0xCBBCB000])[0B 21       ]0x000038A4:	MOVS	R1, #0XB
(       libmtguard.so[0xCBBCB000])[00 22       ]0x000038A6:	MOVS	R2, #0
(       libmtguard.so[0xCBBCB000])[00 23       ]0x000038A8:	MOVS	R3, #0
(       libmtguard.so[0xCBBCB000])[00 F0 B9 FA ]0x000038AA:	BL	#0XCBBCEE20	;(PC=0xCBBCE8AA )
(       libmtguard.so[0xCBBCB000])[B0 B5       ]0x00003E20:	PUSH	{R4, R5, R7, LR}	;(SP=0x100FFFA8 R4=0x30047D40 R5=0xCBBCFE51 R7=0x100FFFB8 LR=0xCBBCE8AF )
(       libmtguard.so[0xCBBCB000])[02 AF       ]0x00003E22:	ADD	R7, SP, #8	;(SP=0x100FFF98 )
(       libmtguard.so[0xCBBCB000])[01 FB 00 F5 ]0x00003E24:	MUL	R5, R1, R0	;(R1=0x0000000B R0=0x00000004 )
(       libmtguard.so[0xCBBCB000])[4D B1       ]0x00003E28:	CBZ	R5, #0XCBBCEE3E	;(R5=0x0000002C )
(       libmtguard.so[0xCBBCB000])[28 46       ]0x00003E2A:	MOV	R0, R5	;(R5=0x0000002C )
(       libmtguard.so[0xCBBCB000])[FE F7 C8 EB ]0x00003E2C:	BLX	#0XCBBCD5C0	;(PC=0xCBBCEE2C )
(       libmtguard.so[0xCBBCB000])[00 C6 8F E2 ]0x000025C0:	ADD	IP, PC, #0, #12	;(PC=0xCBBCD5C0 )
(       libmtguard.so[0xCBBCB000])[3D CA 8C E2 ]0x000025C4:	ADD	IP, IP, #0X3D000	;(IP=0xCBBCD5C8 )
(       libmtguard.so[0xCBBCB000])[04 F9 BC E5 ]0x000025C8:	LDR	PC, [IP, #0X904]!	;(IP=0xCBC0A5C8 )
(       libmtguard.so[0xCBBCB000])[04 46       ]0x00003E30:	MOV	R4, R0	;(R0=0x30047D58 )
(       libmtguard.so[0xCBBCB000])[24 B1       ]0x00003E32:	CBZ	R4, #0XCBBCEE3E	;(R4=0x30047D58 )
(       libmtguard.so[0xCBBCB000])[20 46       ]0x00003E34:	MOV	R0, R4	;(R4=0x30047D58 )
(       libmtguard.so[0xCBBCB000])[29 46       ]0x00003E36:	MOV	R1, R5	;(R5=0x0000002C )
(       libmtguard.so[0xCBBCB000])[FE F7 CE EB ]0x00003E38:	BLX	#0XCBBCD5D8	;(PC=0xCBBCEE38 )
(       libmtguard.so[0xCBBCB000])[00 C6 8F E2 ]0x000025D8:	ADD	IP, PC, #0, #12	;(PC=0xCBBCD5D8 )
(       libmtguard.so[0xCBBCB000])[3D CA 8C E2 ]0x000025DC:	ADD	IP, IP, #0X3D000	;(IP=0xCBBCD5E0 )
(       libmtguard.so[0xCBBCB000])[F4 F8 BC E5 ]0x000025E0:	LDR	PC, [IP, #0X8F4]!	;(IP=0xCBC0A5E0 )
(       libmtguard.so[0xCBBCB000])[00 E0       ]0x00003E3C:	B	#0XCBBCEE40
(       libmtguard.so[0xCBBCB000])[20 46       ]0x00003E40:	MOV	R0, R4	;(R4=0x30047D58 )
(       libmtguard.so[0xCBBCB000])[B0 BD       ]0x00003E42:	POP	{R4, R5, R7, PC}	;(SP=0x100FFF98 )
(       libmtguard.so[0xCBBCB000])[00 28       ]0x000038AE:	CMP	R0, #0	;(R0=0x30047D58 )
(       libmtguard.so[0xCBBCB000])[20 60       ]0x000038B0:	STR	R0, [R4]	;(R0=0x30047D58 R4=0x30047D40 )
(       libmtguard.so[0xCBBCB000])[05 D1       ]0x000038B2:	BNE	#0XCBBCE8C0
(       libmtguard.so[0xCBBCB000])[20 46       ]0x000038C0:	MOV	R0, R4	;(R4=0x30047D40 )
(       libmtguard.so[0xCBBCB000])[5D F8 04 BB ]0x000038C2:	LDR	FP, [SP], #4	;(SP=0x100FFFA8 )
(       libmtguard.so[0xCBBCB000])[F0 BD       ]0x000038C6:	POP	{R4, R5, R6, R7, PC}	;(SP=0x100FFFAC )
(       libmtguard.so[0xCBBCB000])[01 36       ]0x0000CE08:	ADDS	R6, #1	;(R6=0x000000D7 )
(       libmtguard.so[0xCBBCB000])[60 60       ]0x0000CE0A:	STR	R0, [R4, #4]	;(R0=0x30047D40 R4=0xCBC0D74C )
(       libmtguard.so[0xCBBCB000])[B6 F5 7C 7F ]0x0000CE0C:	CMP.W	R6, #0X3F0	;(R6=0x000000D8 )
(       libmtguard.so[0xCBBCB000])[F3 D1       ]0x0000CE10:	BNE	#0XCBBD7DFA
(       libmtguard.so[0xCBBCB000])[48 46       ]0x0000CDFA:	MOV	R0, SB	;(SB=0xCBBCFE51 )
(       libmtguard.so[0xCBBCB000])[45 F8 36 80 ]0x0000CDFC:	STR.W	R8, [R5, R6, LSL #3]	;(R8=0xFFFFFFFF R5=0xCBC0D094 R6=0x000000D8 )
(       libmtguard.so[0xCBBCB000])[05 EB C6 04 ]0x0000CE00:	ADD.W	R4, R5, R6, LSL #3	;(R5=0xCBC0D094 R6=0x000000D8 )
(       libmtguard.so[0xCBBCB000])[F6 F7 3A FD ]0x0000CE04:	BL	#0XCBBCE87C	;(PC=0xCBBD7E04 )
(       libmtguard.so[0xCBBCB000])[F0 B5       ]0x0000387C:	PUSH	{R4, R5, R6, R7, LR}	;(SP=0x100FFFC0 R4=0xCBC0D754 R5=0xCBC0D094 R6=0x000000D8 R7=0x100FFFE0 LR=0xCBBD7E09 )
(       libmtguard.so[0xCBBCB000])[03 AF       ]0x0000387E:	ADD	R7, SP, #0XC	;(SP=0x100FFFAC )
(       libmtguard.so[0xCBBCB000])[4D F8 04 BD ]0x00003880:	STR	FP, [SP, #-0X4]!	;(FP=0xCBC0B1C4 SP=0x100FFFAC )
(       libmtguard.so[0xCBBCB000])[05 46       ]0x00003884:	MOV	R5, R0	;(R0=0xCBBCFE51 )
(       libmtguard.so[0xCBBCB000])[01 20       ]0x00003886:	MOVS	R0, #1
(       libmtguard.so[0xCBBCB000])[10 21       ]0x00003888:	MOVS	R1, #0X10
(       libmtguard.so[0xCBBCB000])[00 22       ]0x0000388A:	MOVS	R2, #0
(       libmtguard.so[0xCBBCB000])[00 23       ]0x0000388C:	MOVS	R3, #0
(       libmtguard.so[0xCBBCB000])[00 26       ]0x0000388E:	MOVS	R6, #0
(       libmtguard.so[0xCBBCB000])[00 F0 C6 FA ]0x00003890:	BL	#0XCBBCEE20	;(PC=0xCBBCE890 )
(       libmtguard.so[0xCBBCB000])[B0 B5       ]0x00003E20:	PUSH	{R4, R5, R7, LR}	;(SP=0x100FFFA8 R4=0xCBC0D754 R5=0xCBBCFE51 R7=0x100FFFB8 LR=0xCBBCE895 )
(       libmtguard.so[0xCBBCB000])[02 AF       ]0x00003E22:	ADD	R7, SP, #8	;(SP=0x100FFF98 )
(       libmtguard.so[0xCBBCB000])[01 FB 00 F5 ]0x00003E24:	MUL	R5, R1, R0	;(R1=0x00000010 R0=0x00000001 )
(       libmtguard.so[0xCBBCB000])[4D B1       ]0x00003E28:	CBZ	R5, #0XCBBCEE3E	;(R5=0x00000010 )
(       libmtguard.so[0xCBBCB000])[28 46       ]0x00003E2A:	MOV	R0, R5	;(R5=0x00000010 )
(       libmtguard.so[0xCBBCB000])[FE F7 C8 EB ]0x00003E2C:	BLX	#0XCBBCD5C0	;(PC=0xCBBCEE2C )
(       libmtguard.so[0xCBBCB000])[00 C6 8F E2 ]0x000025C0:	ADD	IP, PC, #0, #12	;(PC=0xCBBCD5C0 )
(       libmtguard.so[0xCBBCB000])[3D CA 8C E2 ]0x000025C4:	ADD	IP, IP, #0X3D000	;(IP=0xCBBCD5C8 )
(       libmtguard.so[0xCBBCB000])[04 F9 BC E5 ]0x000025C8:	LDR	PC, [IP, #0X904]!	;(IP=0xCBC0A5C8 )
(       libmtguard.so[0xCBBCB000])[04 46       ]0x00003E30:	MOV	R4, R0	;(R0=0x30047D88 )
(       libmtguard.so[0xCBBCB000])[24 B1       ]0x00003E32:	CBZ	R4, #0XCBBCEE3E	;(R4=0x30047D88 )
(       libmtguard.so[0xCBBCB000])[20 46       ]0x00003E34:	MOV	R0, R4	;(R4=0x30047D88 )
(       libmtguard.so[0xCBBCB000])[29 46       ]0x00003E36:	MOV	R1, R5	;(R5=0x00000010 )
(       libmtguard.so[0xCBBCB000])[FE F7 CE EB ]0x00003E38:	BLX	#0XCBBCD5D8	;(PC=0xCBBCEE38 )
(       libmtguard.so[0xCBBCB000])[00 C6 8F E2 ]0x000025D8:	ADD	IP, PC, #0, #12	;(PC=0xCBBCD5D8 )
(       libmtguard.so[0xCBBCB000])[3D CA 8C E2 ]0x000025DC:	ADD	IP, IP, #0X3D000	;(IP=0xCBBCD5E0 )
(       libmtguard.so[0xCBBCB000])[F4 F8 BC E5 ]0x000025E0:	LDR	PC, [IP, #0X8F4]!	;(IP=0xCBC0A5E0 )
(       libmtguard.so[0xCBBCB000])[00 E0       ]0x00003E3C:	B	#0XCBBCEE40
(       libmtguard.so[0xCBBCB000])[20 46       ]0x00003E40:	MOV	R0, R4	;(R4=0x30047D88 )
(       libmtguard.so[0xCBBCB000])[B0 BD       ]0x00003E42:	POP	{R4, R5, R7, PC}	;(SP=0x100FFF98 )
(       libmtguard.so[0xCBBCB000])[04 46       ]0x00003894:	MOV	R4, R0	;(R0=0x30047D88 )
(       libmtguard.so[0xCBBCB000])[94 B1       ]0x00003896:	CBZ	R4, #0XCBBCE8BE	;(R4=0x30047D88 )
(       libmtguard.so[0xCBBCB000])[0B 20       ]0x00003898:	MOVS	R0, #0XB
(       libmtguard.so[0xCBBCB000])[C4 E9 00 66 ]0x0000389A:	STRD	R6, R6, [R4]	;(R6=0x00000000 R4=0x30047D88 )
(       libmtguard.so[0xCBBCB000])[C4 E9 02 05 ]0x0000389E:	STRD	R0, R5, [R4, #8]	;(R0=0x0000000B R5=0xCBBCFE51 R4=0x30047D88 )
(       libmtguard.so[0xCBBCB000])[04 20       ]0x000038A2:	MOVS	R0, #4
(       libmtguard.so[0xCBBCB000])[0B 21       ]0x000038A4:	MOVS	R1, #0XB
(       libmtguard.so[0xCBBCB000])[00 22       ]0x000038A6:	MOVS	R2, #0
(       libmtguard.so[0xCBBCB000])[00 23       ]0x000038A8:	MOVS	R3, #0
(       libmtguard.so[0xCBBCB000])[00 F0 B9 FA ]0x000038AA:	BL	#0XCBBCEE20	;(PC=0xCBBCE8AA )
(       libmtguard.so[0xCBBCB000])[B0 B5       ]0x00003E20:	PUSH	{R4, R5, R7, LR}	;(SP=0x100FFFA8 R4=0x30047D88 R5=0xCBBCFE51 R7=0x100FFFB8 LR=0xCBBCE8AF )
(       libmtguard.so[0xCBBCB000])[02 AF       ]0x00003E22:	ADD	R7, SP, #8	;(SP=0x100FFF98 )
(       libmtguard.so[0xCBBCB000])[01 FB 00 F5 ]0x00003E24:	MUL	R5, R1, R0	;(R1=0x0000000B R0=0x00000004 )
(       libmtguard.so[0xCBBCB000])[4D B1       ]0x00003E28:	CBZ	R5, #0XCBBCEE3E	;(R5=0x0000002C )
(       libmtguard.so[0xCBBCB000])[28 46       ]0x00003E2A:	MOV	R0, R5	;(R5=0x0000002C )
(       libmtguard.so[0xCBBCB000])[FE F7 C8 EB ]0x00003E2C:	BLX	#0XCBBCD5C0	;(PC=0xCBBCEE2C )
(       libmtguard.so[0xCBBCB000])[00 C6 8F E2 ]0x000025C0:	ADD	IP, PC, #0, #12	;(PC=0xCBBCD5C0 )
(       libmtguard.so[0xCBBCB000])[3D CA 8C E2 ]0x000025C4:	ADD	IP, IP, #0X3D000	;(IP=0xCBBCD5C8 )
(       libmtguard.so[0xCBBCB000])[04 F9 BC E5 ]0x000025C8:	LDR	PC, [IP, #0X904]!	;(IP=0xCBC0A5C8 )
(       libmtguard.so[0xCBBCB000])[04 46       ]0x00003E30:	MOV	R4, R0	;(R0=0x30047DA0 )
(       libmtguard.so[0xCBBCB000])[24 B1       ]0x00003E32:	CBZ	R4, #0XCBBCEE3E	;(R4=0x30047DA0 )
(       libmtguard.so[0xCBBCB000])[20 46       ]0x00003E34:	MOV	R0, R4	;(R4=0x30047DA0 )
(       libmtguard.so[0xCBBCB000])[29 46       ]0x00003E36:	MOV	R1, R5	;(R5=0x0000002C )
(       libmtguard.so[0xCBBCB000])[FE F7 CE EB ]0x00003E38:	BLX	#0XCBBCD5D8	;(PC=0xCBBCEE38 )
(       libmtguard.so[0xCBBCB000])[00 C6 8F E2 ]0x000025D8:	ADD	IP, PC, #0, #12	;(PC=0xCBBCD5D8 )
(       libmtguard.so[0xCBBCB000])[3D CA 8C E2 ]0x000025DC:	ADD	IP, IP, #0X3D000	;(IP=0xCBBCD5E0 )
(       libmtguard.so[0xCBBCB000])[F4 F8 BC E5 ]0x000025E0:	LDR	PC, [IP, #0X8F4]!	;(IP=0xCBC0A5E0 )
(       libmtguard.so[0xCBBCB000])[00 E0       ]0x00003E3C:	B	#0XCBBCEE40
(       libmtguard.so[0xCBBCB000])[20 46       ]0x00003E40:	MOV	R0, R4	;(R4=0x30047DA0 )
(       libmtguard.so[0xCBBCB000])[B0 BD       ]0x00003E42:	POP	{R4, R5, R7, PC}	;(SP=0x100FFF98 )
(       libmtguard.so[0xCBBCB000])[00 28       ]0x000038AE:	CMP	R0, #0	;(R0=0x30047DA0 )
(       libmtguard.so[0xCBBCB000])[20 60       ]0x000038B0:	STR	R0, [R4]	;(R0=0x30047DA0 R4=0x30047D88 )
(       libmtguard.so[0xCBBCB000])[05 D1       ]0x000038B2:	BNE	#0XCBBCE8C0
(       libmtguard.so[0xCBBCB000])[20 46       ]0x000038C0:	MOV	R0, R4	;(R4=0x30047D88 )
(       libmtguard.so[0xCBBCB000])[5D F8 04 BB ]0x000038C2:	LDR	FP, [SP], #4	;(SP=0x100FFFA8 )
(       libmtguard.so[0xCBBCB000])[F0 BD       ]0x000038C6:	POP	{R4, R5, R6, R7, PC}	;(SP=0x100FFFAC )
(       libmtguard.so[0xCBBCB000])[01 36       ]0x0000CE08:	ADDS	R6, #1	;(R6=0x000000D8 )
(       libmtguard.so[0xCBBCB000])[60 60       ]0x0000CE0A:	STR	R0, [R4, #4]	;(R0=0x30047D88 R4=0xCBC0D754 )
(       libmtguard.so[0xCBBCB000])[B6 F5 7C 7F ]0x0000CE0C:	CMP.W	R6, #0X3F0	;(R6=0x000000D9 )
(       libmtguard.so[0xCBBCB000])[F3 D1       ]0x0000CE10:	BNE	#0XCBBD7DFA
(       libmtguard.so[0xCBBCB000])[48 46       ]0x0000CDFA:	MOV	R0, SB	;(SB=0xCBBCFE51 )
(       libmtguard.so[0xCBBCB000])[45 F8 36 80 ]0x0000CDFC:	STR.W	R8, [R5, R6, LSL #3]	;(R8=0xFFFFFFFF R5=0xCBC0D094 R6=0x000000D9 )
(       libmtguard.so[0xCBBCB000])[05 EB C6 04 ]0x0000CE00:	ADD.W	R4, R5, R6, LSL #3	;(R5=0xCBC0D094 R6=0x000000D9 )
(       libmtguard.so[0xCBBCB000])[F6 F7 3A FD ]0x0000CE04:	BL	#0XCBBCE87C	;(PC=0xCBBD7E04 )
(       libmtguard.so[0xCBBCB000])[F0 B5       ]0x0000387C:	PUSH	{R4, R5, R6, R7, LR}	;(SP=0x100FFFC0 R4=0xCBC0D75C R5=0xCBC0D094 R6=0x000000D9 R7=0x100FFFE0 LR=0xCBBD7E09 )
(       libmtguard.so[0xCBBCB000])[03 AF       ]0x0000387E:	ADD	R7, SP, #0XC	;(SP=0x100FFFAC )
(       libmtguard.so[0xCBBCB000])[4D F8 04 BD ]0x00003880:	STR	FP, [SP, #-0X4]!	;(FP=0xCBC0B1C4 SP=0x100FFFAC )
(       libmtguard.so[0xCBBCB000])[05 46       ]0x00003884:	MOV	R5, R0	;(R0=0xCBBCFE51 )
(       libmtguard.so[0xCBBCB000])[01 20       ]0x00003886:	MOVS	R0, #1
(       libmtguard.so[0xCBBCB000])[10 21       ]0x00003888:	MOVS	R1, #0X10
(       libmtguard.so[0xCBBCB000])[00 22       ]0x0000388A:	MOVS	R2, #0
(       libmtguard.so[0xCBBCB000])[00 23       ]0x0000388C:	MOVS	R3, #0
(       libmtguard.so[0xCBBCB000])[00 26       ]0x0000388E:	MOVS	R6, #0
(       libmtguard.so[0xCBBCB000])[00 F0 C6 FA ]0x00003890:	BL	#0XCBBCEE20	;(PC=0xCBBCE890 )
(       libmtguard.so[0xCBBCB000])[B0 B5       ]0x00003E20:	PUSH	{R4, R5, R7, LR}	;(SP=0x100FFFA8 R4=0xCBC0D75C R5=0xCBBCFE51 R7=0x100FFFB8 LR=0xCBBCE895 )
(       libmtguard.so[0xCBBCB000])[02 AF       ]0x00003E22:	ADD	R7, SP, #8	;(SP=0x100FFF98 )
(       libmtguard.so[0xCBBCB000])[01 FB 00 F5 ]0x00003E24:	MUL	R5, R1, R0	;(R1=0x00000010 R0=0x00000001 )
(       libmtguard.so[0xCBBCB000])[4D B1       ]0x00003E28:	CBZ	R5, #0XCBBCEE3E	;(R5=0x00000010 )
(       libmtguard.so[0xCBBCB000])[28 46       ]0x00003E2A:	MOV	R0, R5	;(R5=0x00000010 )
(       libmtguard.so[0xCBBCB000])[FE F7 C8 EB ]0x00003E2C:	BLX	#0XCBBCD5C0	;(PC=0xCBBCEE2C )
(       libmtguard.so[0xCBBCB000])[00 C6 8F E2 ]0x000025C0:	ADD	IP, PC, #0, #12	;(PC=0xCBBCD5C0 )
(       libmtguard.so[0xCBBCB000])[3D CA 8C E2 ]0x000025C4:	ADD	IP, IP, #0X3D000	;(IP=0xCBBCD5C8 )
(       libmtguard.so[0xCBBCB000])[04 F9 BC E5 ]0x000025C8:	LDR	PC, [IP, #0X904]!	;(IP=0xCBC0A5C8 )
(       libmtguard.so[0xCBBCB000])[04 46       ]0x00003E30:	MOV	R4, R0	;(R0=0x30047DD0 )
(       libmtguard.so[0xCBBCB000])[24 B1       ]0x00003E32:	CBZ	R4, #0XCBBCEE3E	;(R4=0x30047DD0 )
(       libmtguard.so[0xCBBCB000])[20 46       ]0x00003E34:	MOV	R0, R4	;(R4=0x30047DD0 )
(       libmtguard.so[0xCBBCB000])[29 46       ]0x00003E36:	MOV	R1, R5	;(R5=0x00000010 )
(       libmtguard.so[0xCBBCB000])[FE F7 CE EB ]0x00003E38:	BLX	#0XCBBCD5D8	;(PC=0xCBBCEE38 )
(       libmtguard.so[0xCBBCB000])[00 C6 8F E2 ]0x000025D8:	ADD	IP, PC, #0, #12	;(PC=0xCBBCD5D8 )
(       libmtguard.so[0xCBBCB000])[3D CA 8C E2 ]0x000025DC:	ADD	IP, IP, #0X3D000	;(IP=0xCBBCD5E0 )
(       libmtguard.so[0xCBBCB000])[F4 F8 BC E5 ]0x000025E0:	LDR	PC, [IP, #0X8F4]!	;(IP=0xCBC0A5E0 )
(       libmtguard.so[0xCBBCB000])[00 E0       ]0x00003E3C:	B	#0XCBBCEE40
(       libmtguard.so[0xCBBCB000])[20 46       ]0x00003E40:	MOV	R0, R4	;(R4=0x30047DD0 )
(       libmtguard.so[0xCBBCB000])[B0 BD       ]0x00003E42:	POP	{R4, R5, R7, PC}	;(SP=0x100FFF98 )
(       libmtguard.so[0xCBBCB000])[04 46       ]0x00003894:	MOV	R4, R0	;(R0=0x30047DD0 )
(       libmtguard.so[0xCBBCB000])[94 B1       ]0x00003896:	CBZ	R4, #0XCBBCE8BE	;(R4=0x30047DD0 )
(       libmtguard.so[0xCBBCB000])[0B 20       ]0x00003898:	MOVS	R0, #0XB
(       libmtguard.so[0xCBBCB000])[C4 E9 00 66 ]0x0000389A:	STRD	R6, R6, [R4]	;(R6=0x00000000 R4=0x30047DD0 )
(       libmtguard.so[0xCBBCB000])[C4 E9 02 05 ]0x0000389E:	STRD	R0, R5, [R4, #8]	;(R0=0x0000000B R5=0xCBBCFE51 R4=0x30047DD0 )
(       libmtguard.so[0xCBBCB000])[04 20       ]0x000038A2:	MOVS	R0, #4
(       libmtguard.so[0xCBBCB000])[0B 21       ]0x000038A4:	MOVS	R1, #0XB
(       libmtguard.so[0xCBBCB000])[00 22       ]0x000038A6:	MOVS	R2, #0
(       libmtguard.so[0xCBBCB000])[00 23       ]0x000038A8:	MOVS	R3, #0
(       libmtguard.so[0xCBBCB000])[00 F0 B9 FA ]0x000038AA:	BL	#0XCBBCEE20	;(PC=0xCBBCE8AA )
(       libmtguard.so[0xCBBCB000])[B0 B5       ]0x00003E20:	PUSH	{R4, R5, R7, LR}	;(SP=0x100FFFA8 R4=0x30047DD0 R5=0xCBBCFE51 R7=0x100FFFB8 LR=0xCBBCE8AF )
(       libmtguard.so[0xCBBCB000])[02 AF       ]0x00003E22:	ADD	R7, SP, #8	;(SP=0x100FFF98 )
(       libmtguard.so[0xCBBCB000])[01 FB 00 F5 ]0x00003E24:	MUL	R5, R1, R0	;(R1=0x0000000B R0=0x00000004 )
(       libmtguard.so[0xCBBCB000])[4D B1       ]0x00003E28:	CBZ	R5, #0XCBBCEE3E	;(R5=0x0000002C )
(       libmtguard.so[0xCBBCB000])[28 46       ]0x00003E2A:	MOV	R0, R5	;(R5=0x0000002C )
(       libmtguard.so[0xCBBCB000])[FE F7 C8 EB ]0x00003E2C:	BLX	#0XCBBCD5C0	;(PC=0xCBBCEE2C )
(       libmtguard.so[0xCBBCB000])[00 C6 8F E2 ]0x000025C0:	ADD	IP, PC, #0, #12	;(PC=0xCBBCD5C0 )
(       libmtguard.so[0xCBBCB000])[3D CA 8C E2 ]0x000025C4:	ADD	IP, IP, #0X3D000	;(IP=0xCBBCD5C8 )
(       libmtguard.so[0xCBBCB000])[04 F9 BC E5 ]0x000025C8:	LDR	PC, [IP, #0X904]!	;(IP=0xCBC0A5C8 )
(       libmtguard.so[0xCBBCB000])[04 46       ]0x00003E30:	MOV	R4, R0	;(R0=0x30047DE8 )
(       libmtguard.so[0xCBBCB000])[24 B1       ]0x00003E32:	CBZ	R4, #0XCBBCEE3E	;(R4=0x30047DE8 )
(       libmtguard.so[0xCBBCB000])[20 46       ]0x00003E34:	MOV	R0, R4	;(R4=0x30047DE8 )
(       libmtguard.so[0xCBBCB000])[29 46       ]0x00003E36:	MOV	R1, R5	;(R5=0x0000002C )
(       libmtguard.so[0xCBBCB000])[FE F7 CE EB ]0x00003E38:	BLX	#0XCBBCD5D8	;(PC=0xCBBCEE38 )
(       libmtguard.so[0xCBBCB000])[00 C6 8F E2 ]0x000025D8:	ADD	IP, PC, #0, #12	;(PC=0xCBBCD5D8 )
(       libmtguard.so[0xCBBCB000])[3D CA 8C E2 ]0x000025DC:	ADD	IP, IP, #0X3D000	;(IP=0xCBBCD5E0 )
(       libmtguard.so[0xCBBCB000])[F4 F8 BC E5 ]0x000025E0:	LDR	PC, [IP, #0X8F4]!	;(IP=0xCBC0A5E0 )
(       libmtguard.so[0xCBBCB000])[00 E0       ]0x00003E3C:	B	#0XCBBCEE40
(       libmtguard.so[0xCBBCB000])[20 46       ]0x00003E40:	MOV	R0, R4	;(R4=0x30047DE8 )
(       libmtguard.so[0xCBBCB000])[B0 BD       ]0x00003E42:	POP	{R4, R5, R7, PC}	;(SP=0x100FFF98 )
(       libmtguard.so[0xCBBCB000])[00 28       ]0x000038AE:	CMP	R0, #0	;(R0=0x30047DE8 )
(       libmtguard.so[0xCBBCB000])[20 60       ]0x000038B0:	STR	R0, [R4]	;(R0=0x30047DE8 R4=0x30047DD0 )
(       libmtguard.so[0xCBBCB000])[05 D1       ]0x000038B2:	BNE	#0XCBBCE8C0
(       libmtguard.so[0xCBBCB000])[20 46       ]0x000038C0:	MOV	R0, R4	;(R4=0x30047DD0 )
(       libmtguard.so[0xCBBCB000])[5D F8 04 BB ]0x000038C2:	LDR	FP, [SP], #4	;(SP=0x100FFFA8 )
(       libmtguard.so[0xCBBCB000])[F0 BD       ]0x000038C6:	POP	{R4, R5, R6, R7, PC}	;(SP=0x100FFFAC )
(       libmtguard.so[0xCBBCB000])[01 36       ]0x0000CE08:	ADDS	R6, #1	;(R6=0x000000D9 )
(       libmtguard.so[0xCBBCB000])[60 60       ]0x0000CE0A:	STR	R0, [R4, #4]	;(R0=0x30047DD0 R4=0xCBC0D75C )
(       libmtguard.so[0xCBBCB000])[B6 F5 7C 7F ]0x0000CE0C:	CMP.W	R6, #0X3F0	;(R6=0x000000DA )
(       libmtguard.so[0xCBBCB000])[F3 D1       ]0x0000CE10:	BNE	#0XCBBD7DFA
(       libmtguard.so[0xCBBCB000])[48 46       ]0x0000CDFA:	MOV	R0, SB	;(SB=0xCBBCFE51 )
(       libmtguard.so[0xCBBCB000])[45 F8 36 80 ]0x0000CDFC:	STR.W	R8, [R5, R6, LSL #3]	;(R8=0xFFFFFFFF R5=0xCBC0D094 R6=0x000000DA )
(       libmtguard.so[0xCBBCB000])[05 EB C6 04 ]0x0000CE00:	ADD.W	R4, R5, R6, LSL #3	;(R5=0xCBC0D094 R6=0x000000DA )
(       libmtguard.so[0xCBBCB000])[F6 F7 3A FD ]0x0000CE04:	BL	#0XCBBCE87C	;(PC=0xCBBD7E04 )
(       libmtguard.so[0xCBBCB000])[F0 B5       ]0x0000387C:	PUSH	{R4, R5, R6, R7, LR}	;(SP=0x100FFFC0 R4=0xCBC0D764 R5=0xCBC0D094 R6=0x000000DA R7=0x100FFFE0 LR=0xCBBD7E09 )
(       libmtguard.so[0xCBBCB000])[03 AF       ]0x0000387E:	ADD	R7, SP, #0XC	;(SP=0x100FFFAC )
(       libmtguard.so[0xCBBCB000])[4D F8 04 BD ]0x00003880:	STR	FP, [SP, #-0X4]!	;(FP=0xCBC0B1C4 SP=0x100FFFAC )
(       libmtguard.so[0xCBBCB000])[05 46       ]0x00003884:	MOV	R5, R0	;(R0=0xCBBCFE51 )
(       libmtguard.so[0xCBBCB000])[01 20       ]0x00003886:	MOVS	R0, #1
(       libmtguard.so[0xCBBCB000])[10 21       ]0x00003888:	MOVS	R1, #0X10
(       libmtguard.so[0xCBBCB000])[00 22       ]0x0000388A:	MOVS	R2, #0
(       libmtguard.so[0xCBBCB000])[00 23       ]0x0000388C:	MOVS	R3, #0
(       libmtguard.so[0xCBBCB000])[00 26       ]0x0000388E:	MOVS	R6, #0
(       libmtguard.so[0xCBBCB000])[00 F0 C6 FA ]0x00003890:	BL	#0XCBBCEE20	;(PC=0xCBBCE890 )
(       libmtguard.so[0xCBBCB000])[B0 B5       ]0x00003E20:	PUSH	{R4, R5, R7, LR}	;(SP=0x100FFFA8 R4=0xCBC0D764 R5=0xCBBCFE51 R7=0x100FFFB8 LR=0xCBBCE895 )
(       libmtguard.so[0xCBBCB000])[02 AF       ]0x00003E22:	ADD	R7, SP, #8	;(SP=0x100FFF98 )
(       libmtguard.so[0xCBBCB000])[01 FB 00 F5 ]0x00003E24:	MUL	R5, R1, R0	;(R1=0x00000010 R0=0x00000001 )
(       libmtguard.so[0xCBBCB000])[4D B1       ]0x00003E28:	CBZ	R5, #0XCBBCEE3E	;(R5=0x00000010 )
(       libmtguard.so[0xCBBCB000])[28 46       ]0x00003E2A:	MOV	R0, R5	;(R5=0x00000010 )
(       libmtguard.so[0xCBBCB000])[FE F7 C8 EB ]0x00003E2C:	BLX	#0XCBBCD5C0	;(PC=0xCBBCEE2C )
(       libmtguard.so[0xCBBCB000])[00 C6 8F E2 ]0x000025C0:	ADD	IP, PC, #0, #12	;(PC=0xCBBCD5C0 )
(       libmtguard.so[0xCBBCB000])[3D CA 8C E2 ]0x000025C4:	ADD	IP, IP, #0X3D000	;(IP=0xCBBCD5C8 )
(       libmtguard.so[0xCBBCB000])[04 F9 BC E5 ]0x000025C8:	LDR	PC, [IP, #0X904]!	;(IP=0xCBC0A5C8 )
(       libmtguard.so[0xCBBCB000])[04 46       ]0x00003E30:	MOV	R4, R0	;(R0=0x30047E18 )
(       libmtguard.so[0xCBBCB000])[24 B1       ]0x00003E32:	CBZ	R4, #0XCBBCEE3E	;(R4=0x30047E18 )
(       libmtguard.so[0xCBBCB000])[20 46       ]0x00003E34:	MOV	R0, R4	;(R4=0x30047E18 )
(       libmtguard.so[0xCBBCB000])[29 46       ]0x00003E36:	MOV	R1, R5	;(R5=0x00000010 )
(       libmtguard.so[0xCBBCB000])[FE F7 CE EB ]0x00003E38:	BLX	#0XCBBCD5D8	;(PC=0xCBBCEE38 )
(       libmtguard.so[0xCBBCB000])[00 C6 8F E2 ]0x000025D8:	ADD	IP, PC, #0, #12	;(PC=0xCBBCD5D8 )
(       libmtguard.so[0xCBBCB000])[3D CA 8C E2 ]0x000025DC:	ADD	IP, IP, #0X3D000	;(IP=0xCBBCD5E0 )
(       libmtguard.so[0xCBBCB000])[F4 F8 BC E5 ]0x000025E0:	LDR	PC, [IP, #0X8F4]!	;(IP=0xCBC0A5E0 )
(       libmtguard.so[0xCBBCB000])[00 E0       ]0x00003E3C:	B	#0XCBBCEE40
(       libmtguard.so[0xCBBCB000])[20 46       ]0x00003E40:	MOV	R0, R4	;(R4=0x30047E18 )
(       libmtguard.so[0xCBBCB000])[B0 BD       ]0x00003E42:	POP	{R4, R5, R7, PC}	;(SP=0x100FFF98 )
(       libmtguard.so[0xCBBCB000])[04 46       ]0x00003894:	MOV	R4, R0	;(R0=0x30047E18 )
(       libmtguard.so[0xCBBCB000])[94 B1       ]0x00003896:	CBZ	R4, #0XCBBCE8BE	;(R4=0x30047E18 )
(       libmtguard.so[0xCBBCB000])[0B 20       ]0x00003898:	MOVS	R0, #0XB
(       libmtguard.so[0xCBBCB000])[C4 E9 00 66 ]0x0000389A:	STRD	R6, R6, [R4]	;(R6=0x00000000 R4=0x30047E18 )
(       libmtguard.so[0xCBBCB000])[C4 E9 02 05 ]0x0000389E:	STRD	R0, R5, [R4, #8]	;(R0=0x0000000B R5=0xCBBCFE51 R4=0x30047E18 )
(       libmtguard.so[0xCBBCB000])[04 20       ]0x000038A2:	MOVS	R0, #4
(       libmtguard.so[0xCBBCB000])[0B 21       ]0x000038A4:	MOVS	R1, #0XB
(       libmtguard.so[0xCBBCB000])[00 22       ]0x000038A6:	MOVS	R2, #0
(       libmtguard.so[0xCBBCB000])[00 23       ]0x000038A8:	MOVS	R3, #0
(       libmtguard.so[0xCBBCB000])[00 F0 B9 FA ]0x000038AA:	BL	#0XCBBCEE20	;(PC=0xCBBCE8AA )
(       libmtguard.so[0xCBBCB000])[B0 B5       ]0x00003E20:	PUSH	{R4, R5, R7, LR}	;(SP=0x100FFFA8 R4=0x30047E18 R5=0xCBBCFE51 R7=0x100FFFB8 LR=0xCBBCE8AF )
(       libmtguard.so[0xCBBCB000])[02 AF       ]0x00003E22:	ADD	R7, SP, #8	;(SP=0x100FFF98 )
(       libmtguard.so[0xCBBCB000])[01 FB 00 F5 ]0x00003E24:	MUL	R5, R1, R0	;(R1=0x0000000B R0=0x00000004 )
(       libmtguard.so[0xCBBCB000])[4D B1       ]0x00003E28:	CBZ	R5, #0XCBBCEE3E	;(R5=0x0000002C )
(       libmtguard.so[0xCBBCB000])[28 46       ]0x00003E2A:	MOV	R0, R5	;(R5=0x0000002C )
(       libmtguard.so[0xCBBCB000])[FE F7 C8 EB ]0x00003E2C:	BLX	#0XCBBCD5C0	;(PC=0xCBBCEE2C )
(       libmtguard.so[0xCBBCB000])[00 C6 8F E2 ]0x000025C0:	ADD	IP, PC, #0, #12	;(PC=0xCBBCD5C0 )
(       libmtguard.so[0xCBBCB000])[3D CA 8C E2 ]0x000025C4:	ADD	IP, IP, #0X3D000	;(IP=0xCBBCD5C8 )
(       libmtguard.so[0xCBBCB000])[04 F9 BC E5 ]0x000025C8:	LDR	PC, [IP, #0X904]!	;(IP=0xCBC0A5C8 )
(       libmtguard.so[0xCBBCB000])[04 46       ]0x00003E30:	MOV	R4, R0	;(R0=0x30047E30 )
(       libmtguard.so[0xCBBCB000])[24 B1       ]0x00003E32:	CBZ	R4, #0XCBBCEE3E	;(R4=0x30047E30 )
(       libmtguard.so[0xCBBCB000])[20 46       ]0x00003E34:	MOV	R0, R4	;(R4=0x30047E30 )
(       libmtguard.so[0xCBBCB000])[29 46       ]0x00003E36:	MOV	R1, R5	;(R5=0x0000002C )
(       libmtguard.so[0xCBBCB000])[FE F7 CE EB ]0x00003E38:	BLX	#0XCBBCD5D8	;(PC=0xCBBCEE38 )
(       libmtguard.so[0xCBBCB000])[00 C6 8F E2 ]0x000025D8:	ADD	IP, PC, #0, #12	;(PC=0xCBBCD5D8 )
(       libmtguard.so[0xCBBCB000])[3D CA 8C E2 ]0x000025DC:	ADD	IP, IP, #0X3D000	;(IP=0xCBBCD5E0 )
(       libmtguard.so[0xCBBCB000])[F4 F8 BC E5 ]0x000025E0:	LDR	PC, [IP, #0X8F4]!	;(IP=0xCBC0A5E0 )
(       libmtguard.so[0xCBBCB000])[00 E0       ]0x00003E3C:	B	#0XCBBCEE40
(       libmtguard.so[0xCBBCB000])[20 46       ]0x00003E40:	MOV	R0, R4	;(R4=0x30047E30 )
(       libmtguard.so[0xCBBCB000])[B0 BD       ]0x00003E42:	POP	{R4, R5, R7, PC}	;(SP=0x100FFF98 )
(       libmtguard.so[0xCBBCB000])[00 28       ]0x000038AE:	CMP	R0, #0	;(R0=0x30047E30 )
(       libmtguard.so[0xCBBCB000])[20 60       ]0x000038B0:	STR	R0, [R4]	;(R0=0x30047E30 R4=0x30047E18 )
(       libmtguard.so[0xCBBCB000])[05 D1       ]0x000038B2:	BNE	#0XCBBCE8C0
(       libmtguard.so[0xCBBCB000])[20 46       ]0x000038C0:	MOV	R0, R4	;(R4=0x30047E18 )
(       libmtguard.so[0xCBBCB000])[5D F8 04 BB ]0x000038C2:	LDR	FP, [SP], #4	;(SP=0x100FFFA8 )
(       libmtguard.so[0xCBBCB000])[F0 BD       ]0x000038C6:	POP	{R4, R5, R6, R7, PC}	;(SP=0x100FFFAC )
(       libmtguard.so[0xCBBCB000])[01 36       ]0x0000CE08:	ADDS	R6, #1	;(R6=0x000000DA )
(       libmtguard.so[0xCBBCB000])[60 60       ]0x0000CE0A:	STR	R0, [R4, #4]	;(R0=0x30047E18 R4=0xCBC0D764 )
(       libmtguard.so[0xCBBCB000])[B6 F5 7C 7F ]0x0000CE0C:	CMP.W	R6, #0X3F0	;(R6=0x000000DB )
(       libmtguard.so[0xCBBCB000])[F3 D1       ]0x0000CE10:	BNE	#0XCBBD7DFA
(       libmtguard.so[0xCBBCB000])[48 46       ]0x0000CDFA:	MOV	R0, SB	;(SB=0xCBBCFE51 )
(       libmtguard.so[0xCBBCB000])[45 F8 36 80 ]0x0000CDFC:	STR.W	R8, [R5, R6, LSL #3]	;(R8=0xFFFFFFFF R5=0xCBC0D094 R6=0x000000DB )
(       libmtguard.so[0xCBBCB000])[05 EB C6 04 ]0x0000CE00:	ADD.W	R4, R5, R6, LSL #3	;(R5=0xCBC0D094 R6=0x000000DB )
(       libmtguard.so[0xCBBCB000])[F6 F7 3A FD ]0x0000CE04:	BL	#0XCBBCE87C	;(PC=0xCBBD7E04 )
(       libmtguard.so[0xCBBCB000])[F0 B5       ]0x0000387C:	PUSH	{R4, R5, R6, R7, LR}	;(SP=0x100FFFC0 R4=0xCBC0D76C R5=0xCBC0D094 R6=0x000000DB R7=0x100FFFE0 LR=0xCBBD7E09 )
(       libmtguard.so[0xCBBCB000])[03 AF       ]0x0000387E:	ADD	R7, SP, #0XC	;(SP=0x100FFFAC )
(       libmtguard.so[0xCBBCB000])[4D F8 04 BD ]0x00003880:	STR	FP, [SP, #-0X4]!	;(FP=0xCBC0B1C4 SP=0x100FFFAC )
(       libmtguard.so[0xCBBCB000])[05 46       ]0x00003884:	MOV	R5, R0	;(R0=0xCBBCFE51 )
(       libmtguard.so[0xCBBCB000])[01 20       ]0x00003886:	MOVS	R0, #1
(       libmtguard.so[0xCBBCB000])[10 21       ]0x00003888:	MOVS	R1, #0X10
(       libmtguard.so[0xCBBCB000])[00 22       ]0x0000388A:	MOVS	R2, #0
(       libmtguard.so[0xCBBCB000])[00 23       ]0x0000388C:	MOVS	R3, #0
(       libmtguard.so[0xCBBCB000])[00 26       ]0x0000388E:	MOVS	R6, #0
(       libmtguard.so[0xCBBCB000])[00 F0 C6 FA ]0x00003890:	BL	#0XCBBCEE20	;(PC=0xCBBCE890 )
(       libmtguard.so[0xCBBCB000])[B0 B5       ]0x00003E20:	PUSH	{R4, R5, R7, LR}	;(SP=0x100FFFA8 R4=0xCBC0D76C R5=0xCBBCFE51 R7=0x100FFFB8 LR=0xCBBCE895 )
(       libmtguard.so[0xCBBCB000])[02 AF       ]0x00003E22:	ADD	R7, SP, #8	;(SP=0x100FFF98 )
(       libmtguard.so[0xCBBCB000])[01 FB 00 F5 ]0x00003E24:	MUL	R5, R1, R0	;(R1=0x00000010 R0=0x00000001 )
(       libmtguard.so[0xCBBCB000])[4D B1       ]0x00003E28:	CBZ	R5, #0XCBBCEE3E	;(R5=0x00000010 )
(       libmtguard.so[0xCBBCB000])[28 46       ]0x00003E2A:	MOV	R0, R5	;(R5=0x00000010 )
(       libmtguard.so[0xCBBCB000])[FE F7 C8 EB ]0x00003E2C:	BLX	#0XCBBCD5C0	;(PC=0xCBBCEE2C )
(       libmtguard.so[0xCBBCB000])[00 C6 8F E2 ]0x000025C0:	ADD	IP, PC, #0, #12	;(PC=0xCBBCD5C0 )
(       libmtguard.so[0xCBBCB000])[3D CA 8C E2 ]0x000025C4:	ADD	IP, IP, #0X3D000	;(IP=0xCBBCD5C8 )
(       libmtguard.so[0xCBBCB000])[04 F9 BC E5 ]0x000025C8:	LDR	PC, [IP, #0X904]!	;(IP=0xCBC0A5C8 )
(       libmtguard.so[0xCBBCB000])[04 46       ]0x00003E30:	MOV	R4, R0	;(R0=0x30047E60 )
(       libmtguard.so[0xCBBCB000])[24 B1       ]0x00003E32:	CBZ	R4, #0XCBBCEE3E	;(R4=0x30047E60 )
(       libmtguard.so[0xCBBCB000])[20 46       ]0x00003E34:	MOV	R0, R4	;(R4=0x30047E60 )
(       libmtguard.so[0xCBBCB000])[29 46       ]0x00003E36:	MOV	R1, R5	;(R5=0x00000010 )
(       libmtguard.so[0xCBBCB000])[FE F7 CE EB ]0x00003E38:	BLX	#0XCBBCD5D8	;(PC=0xCBBCEE38 )
(       libmtguard.so[0xCBBCB000])[00 C6 8F E2 ]0x000025D8:	ADD	IP, PC, #0, #12	;(PC=0xCBBCD5D8 )
(       libmtguard.so[0xCBBCB000])[3D CA 8C E2 ]0x000025DC:	ADD	IP, IP, #0X3D000	;(IP=0xCBBCD5E0 )
(       libmtguard.so[0xCBBCB000])[F4 F8 BC E5 ]0x000025E0:	LDR	PC, [IP, #0X8F4]!	;(IP=0xCBC0A5E0 )
(       libmtguard.so[0xCBBCB000])[00 E0       ]0x00003E3C:	B	#0XCBBCEE40
(       libmtguard.so[0xCBBCB000])[20 46       ]0x00003E40:	MOV	R0, R4	;(R4=0x30047E60 )
(       libmtguard.so[0xCBBCB000])[B0 BD       ]0x00003E42:	POP	{R4, R5, R7, PC}	;(SP=0x100FFF98 )
(       libmtguard.so[0xCBBCB000])[04 46       ]0x00003894:	MOV	R4, R0	;(R0=0x30047E60 )
(       libmtguard.so[0xCBBCB000])[94 B1       ]0x00003896:	CBZ	R4, #0XCBBCE8BE	;(R4=0x30047E60 )
(       libmtguard.so[0xCBBCB000])[0B 20       ]0x00003898:	MOVS	R0, #0XB
(       libmtguard.so[0xCBBCB000])[C4 E9 00 66 ]0x0000389A:	STRD	R6, R6, [R4]	;(R6=0x00000000 R4=0x30047E60 )
(       libmtguard.so[0xCBBCB000])[C4 E9 02 05 ]0x0000389E:	STRD	R0, R5, [R4, #8]	;(R0=0x0000000B R5=0xCBBCFE51 R4=0x30047E60 )
(       libmtguard.so[0xCBBCB000])[04 20       ]0x000038A2:	MOVS	R0, #4
(       libmtguard.so[0xCBBCB000])[0B 21       ]0x000038A4:	MOVS	R1, #0XB
(       libmtguard.so[0xCBBCB000])[00 22       ]0x000038A6:	MOVS	R2, #0
(       libmtguard.so[0xCBBCB000])[00 23       ]0x000038A8:	MOVS	R3, #0
(       libmtguard.so[0xCBBCB000])[00 F0 B9 FA ]0x000038AA:	BL	#0XCBBCEE20	;(PC=0xCBBCE8AA )
(       libmtguard.so[0xCBBCB000])[B0 B5       ]0x00003E20:	PUSH	{R4, R5, R7, LR}	;(SP=0x100FFFA8 R4=0x30047E60 R5=0xCBBCFE51 R7=0x100FFFB8 LR=0xCBBCE8AF )
(       libmtguard.so[0xCBBCB000])[02 AF       ]0x00003E22:	ADD	R7, SP, #8	;(SP=0x100FFF98 )
(       libmtguard.so[0xCBBCB000])[01 FB 00 F5 ]0x00003E24:	MUL	R5, R1, R0	;(R1=0x0000000B R0=0x00000004 )
(       libmtguard.so[0xCBBCB000])[4D B1       ]0x00003E28:	CBZ	R5, #0XCBBCEE3E	;(R5=0x0000002C )
(       libmtguard.so[0xCBBCB000])[28 46       ]0x00003E2A:	MOV	R0, R5	;(R5=0x0000002C )
(       libmtguard.so[0xCBBCB000])[FE F7 C8 EB ]0x00003E2C:	BLX	#0XCBBCD5C0	;(PC=0xCBBCEE2C )
(       libmtguard.so[0xCBBCB000])[00 C6 8F E2 ]0x000025C0:	ADD	IP, PC, #0, #12	;(PC=0xCBBCD5C0 )
(       libmtguard.so[0xCBBCB000])[3D CA 8C E2 ]0x000025C4:	ADD	IP, IP, #0X3D000	;(IP=0xCBBCD5C8 )
(       libmtguard.so[0xCBBCB000])[04 F9 BC E5 ]0x000025C8:	LDR	PC, [IP, #0X904]!	;(IP=0xCBC0A5C8 )
(       libmtguard.so[0xCBBCB000])[04 46       ]0x00003E30:	MOV	R4, R0	;(R0=0x30047E78 )
(       libmtguard.so[0xCBBCB000])[24 B1       ]0x00003E32:	CBZ	R4, #0XCBBCEE3E	;(R4=0x30047E78 )
(       libmtguard.so[0xCBBCB000])[20 46       ]0x00003E34:	MOV	R0, R4	;(R4=0x30047E78 )
(       libmtguard.so[0xCBBCB000])[29 46       ]0x00003E36:	MOV	R1, R5	;(R5=0x0000002C )
(       libmtguard.so[0xCBBCB000])[FE F7 CE EB ]0x00003E38:	BLX	#0XCBBCD5D8	;(PC=0xCBBCEE38 )
(       libmtguard.so[0xCBBCB000])[00 C6 8F E2 ]0x000025D8:	ADD	IP, PC, #0, #12	;(PC=0xCBBCD5D8 )
(       libmtguard.so[0xCBBCB000])[3D CA 8C E2 ]0x000025DC:	ADD	IP, IP, #0X3D000	;(IP=0xCBBCD5E0 )
(       libmtguard.so[0xCBBCB000])[F4 F8 BC E5 ]0x000025E0:	LDR	PC, [IP, #0X8F4]!	;(IP=0xCBC0A5E0 )
(       libmtguard.so[0xCBBCB000])[00 E0       ]0x00003E3C:	B	#0XCBBCEE40
(       libmtguard.so[0xCBBCB000])[20 46       ]0x00003E40:	MOV	R0, R4	;(R4=0x30047E78 )
(       libmtguard.so[0xCBBCB000])[B0 BD       ]0x00003E42:	POP	{R4, R5, R7, PC}	;(SP=0x100FFF98 )
(       libmtguard.so[0xCBBCB000])[00 28       ]0x000038AE:	CMP	R0, #0	;(R0=0x30047E78 )
(       libmtguard.so[0xCBBCB000])[20 60       ]0x000038B0:	STR	R0, [R4]	;(R0=0x30047E78 R4=0x30047E60 )
(       libmtguard.so[0xCBBCB000])[05 D1       ]0x000038B2:	BNE	#0XCBBCE8C0
(       libmtguard.so[0xCBBCB000])[20 46       ]0x000038C0:	MOV	R0, R4	;(R4=0x30047E60 )
(       libmtguard.so[0xCBBCB000])[5D F8 04 BB ]0x000038C2:	LDR	FP, [SP], #4	;(SP=0x100FFFA8 )
(       libmtguard.so[0xCBBCB000])[F0 BD       ]0x000038C6:	POP	{R4, R5, R6, R7, PC}	;(SP=0x100FFFAC )
(       libmtguard.so[0xCBBCB000])[01 36       ]0x0000CE08:	ADDS	R6, #1	;(R6=0x000000DB )
(       libmtguard.so[0xCBBCB000])[60 60       ]0x0000CE0A:	STR	R0, [R4, #4]	;(R0=0x30047E60 R4=0xCBC0D76C )
(       libmtguard.so[0xCBBCB000])[B6 F5 7C 7F ]0x0000CE0C:	CMP.W	R6, #0X3F0	;(R6=0x000000DC )
(       libmtguard.so[0xCBBCB000])[F3 D1       ]0x0000CE10:	BNE	#0XCBBD7DFA
(       libmtguard.so[0xCBBCB000])[48 46       ]0x0000CDFA:	MOV	R0, SB	;(SB=0xCBBCFE51 )
(       libmtguard.so[0xCBBCB000])[45 F8 36 80 ]0x0000CDFC:	STR.W	R8, [R5, R6, LSL #3]	;(R8=0xFFFFFFFF R5=0xCBC0D094 R6=0x000000DC )
(       libmtguard.so[0xCBBCB000])[05 EB C6 04 ]0x0000CE00:	ADD.W	R4, R5, R6, LSL #3	;(R5=0xCBC0D094 R6=0x000000DC )
(       libmtguard.so[0xCBBCB000])[F6 F7 3A FD ]0x0000CE04:	BL	#0XCBBCE87C	;(PC=0xCBBD7E04 )
(       libmtguard.so[0xCBBCB000])[F0 B5       ]0x0000387C:	PUSH	{R4, R5, R6, R7, LR}	;(SP=0x100FFFC0 R4=0xCBC0D774 R5=0xCBC0D094 R6=0x000000DC R7=0x100FFFE0 LR=0xCBBD7E09 )
(       libmtguard.so[0xCBBCB000])[03 AF       ]0x0000387E:	ADD	R7, SP, #0XC	;(SP=0x100FFFAC )
(       libmtguard.so[0xCBBCB000])[4D F8 04 BD ]0x00003880:	STR	FP, [SP, #-0X4]!	;(FP=0xCBC0B1C4 SP=0x100FFFAC )
(       libmtguard.so[0xCBBCB000])[05 46       ]0x00003884:	MOV	R5, R0	;(R0=0xCBBCFE51 )
(       libmtguard.so[0xCBBCB000])[01 20       ]0x00003886:	MOVS	R0, #1
(       libmtguard.so[0xCBBCB000])[10 21       ]0x00003888:	MOVS	R1, #0X10
(       libmtguard.so[0xCBBCB000])[00 22       ]0x0000388A:	MOVS	R2, #0
(       libmtguard.so[0xCBBCB000])[00 23       ]0x0000388C:	MOVS	R3, #0
(       libmtguard.so[0xCBBCB000])[00 26       ]0x0000388E:	MOVS	R6, #0
(       libmtguard.so[0xCBBCB000])[00 F0 C6 FA ]0x00003890:	BL	#0XCBBCEE20	;(PC=0xCBBCE890 )
(       libmtguard.so[0xCBBCB000])[B0 B5       ]0x00003E20:	PUSH	{R4, R5, R7, LR}	;(SP=0x100FFFA8 R4=0xCBC0D774 R5=0xCBBCFE51 R7=0x100FFFB8 LR=0xCBBCE895 )
(       libmtguard.so[0xCBBCB000])[02 AF       ]0x00003E22:	ADD	R7, SP, #8	;(SP=0x100FFF98 )
(       libmtguard.so[0xCBBCB000])[01 FB 00 F5 ]0x00003E24:	MUL	R5, R1, R0	;(R1=0x00000010 R0=0x00000001 )
(       libmtguard.so[0xCBBCB000])[4D B1       ]0x00003E28:	CBZ	R5, #0XCBBCEE3E	;(R5=0x00000010 )
(       libmtguard.so[0xCBBCB000])[28 46       ]0x00003E2A:	MOV	R0, R5	;(R5=0x00000010 )
(       libmtguard.so[0xCBBCB000])[FE F7 C8 EB ]0x00003E2C:	BLX	#0XCBBCD5C0	;(PC=0xCBBCEE2C )
(       libmtguard.so[0xCBBCB000])[00 C6 8F E2 ]0x000025C0:	ADD	IP, PC, #0, #12	;(PC=0xCBBCD5C0 )
(       libmtguard.so[0xCBBCB000])[3D CA 8C E2 ]0x000025C4:	ADD	IP, IP, #0X3D000	;(IP=0xCBBCD5C8 )
(       libmtguard.so[0xCBBCB000])[04 F9 BC E5 ]0x000025C8:	LDR	PC, [IP, #0X904]!	;(IP=0xCBC0A5C8 )
(       libmtguard.so[0xCBBCB000])[04 46       ]0x00003E30:	MOV	R4, R0	;(R0=0x30047EA8 )
(       libmtguard.so[0xCBBCB000])[24 B1       ]0x00003E32:	CBZ	R4, #0XCBBCEE3E	;(R4=0x30047EA8 )
(       libmtguard.so[0xCBBCB000])[20 46       ]0x00003E34:	MOV	R0, R4	;(R4=0x30047EA8 )
(       libmtguard.so[0xCBBCB000])[29 46       ]0x00003E36:	MOV	R1, R5	;(R5=0x00000010 )
(       libmtguard.so[0xCBBCB000])[FE F7 CE EB ]0x00003E38:	BLX	#0XCBBCD5D8	;(PC=0xCBBCEE38 )
(       libmtguard.so[0xCBBCB000])[00 C6 8F E2 ]0x000025D8:	ADD	IP, PC, #0, #12	;(PC=0xCBBCD5D8 )
(       libmtguard.so[0xCBBCB000])[3D CA 8C E2 ]0x000025DC:	ADD	IP, IP, #0X3D000	;(IP=0xCBBCD5E0 )
(       libmtguard.so[0xCBBCB000])[F4 F8 BC E5 ]0x000025E0:	LDR	PC, [IP, #0X8F4]!	;(IP=0xCBC0A5E0 )
(       libmtguard.so[0xCBBCB000])[00 E0       ]0x00003E3C:	B	#0XCBBCEE40
(       libmtguard.so[0xCBBCB000])[20 46       ]0x00003E40:	MOV	R0, R4	;(R4=0x30047EA8 )
(       libmtguard.so[0xCBBCB000])[B0 BD       ]0x00003E42:	POP	{R4, R5, R7, PC}	;(SP=0x100FFF98 )
(       libmtguard.so[0xCBBCB000])[04 46       ]0x00003894:	MOV	R4, R0	;(R0=0x30047EA8 )
(       libmtguard.so[0xCBBCB000])[94 B1       ]0x00003896:	CBZ	R4, #0XCBBCE8BE	;(R4=0x30047EA8 )
(       libmtguard.so[0xCBBCB000])[0B 20       ]0x00003898:	MOVS	R0, #0XB
(       libmtguard.so[0xCBBCB000])[C4 E9 00 66 ]0x0000389A:	STRD	R6, R6, [R4]	;(R6=0x00000000 R4=0x30047EA8 )
(       libmtguard.so[0xCBBCB000])[C4 E9 02 05 ]0x0000389E:	STRD	R0, R5, [R4, #8]	;(R0=0x0000000B R5=0xCBBCFE51 R4=0x30047EA8 )
(       libmtguard.so[0xCBBCB000])[04 20       ]0x000038A2:	MOVS	R0, #4
(       libmtguard.so[0xCBBCB000])[0B 21       ]0x000038A4:	MOVS	R1, #0XB
(       libmtguard.so[0xCBBCB000])[00 22       ]0x000038A6:	MOVS	R2, #0
(       libmtguard.so[0xCBBCB000])[00 23       ]0x000038A8:	MOVS	R3, #0
(       libmtguard.so[0xCBBCB000])[00 F0 B9 FA ]0x000038AA:	BL	#0XCBBCEE20	;(PC=0xCBBCE8AA )
(       libmtguard.so[0xCBBCB000])[B0 B5       ]0x00003E20:	PUSH	{R4, R5, R7, LR}	;(SP=0x100FFFA8 R4=0x30047EA8 R5=0xCBBCFE51 R7=0x100FFFB8 LR=0xCBBCE8AF )
(       libmtguard.so[0xCBBCB000])[02 AF       ]0x00003E22:	ADD	R7, SP, #8	;(SP=0x100FFF98 )
(       libmtguard.so[0xCBBCB000])[01 FB 00 F5 ]0x00003E24:	MUL	R5, R1, R0	;(R1=0x0000000B R0=0x00000004 )
(       libmtguard.so[0xCBBCB000])[4D B1       ]0x00003E28:	CBZ	R5, #0XCBBCEE3E	;(R5=0x0000002C )
(       libmtguard.so[0xCBBCB000])[28 46       ]0x00003E2A:	MOV	R0, R5	;(R5=0x0000002C )
(       libmtguard.so[0xCBBCB000])[FE F7 C8 EB ]0x00003E2C:	BLX	#0XCBBCD5C0	;(PC=0xCBBCEE2C )
(       libmtguard.so[0xCBBCB000])[00 C6 8F E2 ]0x000025C0:	ADD	IP, PC, #0, #12	;(PC=0xCBBCD5C0 )
(       libmtguard.so[0xCBBCB000])[3D CA 8C E2 ]0x000025C4:	ADD	IP, IP, #0X3D000	;(IP=0xCBBCD5C8 )
(       libmtguard.so[0xCBBCB000])[04 F9 BC E5 ]0x000025C8:	LDR	PC, [IP, #0X904]!	;(IP=0xCBC0A5C8 )
(       libmtguard.so[0xCBBCB000])[04 46       ]0x00003E30:	MOV	R4, R0	;(R0=0x30047EC0 )
(       libmtguard.so[0xCBBCB000])[24 B1       ]0x00003E32:	CBZ	R4, #0XCBBCEE3E	;(R4=0x30047EC0 )
(       libmtguard.so[0xCBBCB000])[20 46       ]0x00003E34:	MOV	R0, R4	;(R4=0x30047EC0 )
(       libmtguard.so[0xCBBCB000])[29 46       ]0x00003E36:	MOV	R1, R5	;(R5=0x0000002C )
(       libmtguard.so[0xCBBCB000])[FE F7 CE EB ]0x00003E38:	BLX	#0XCBBCD5D8	;(PC=0xCBBCEE38 )
(       libmtguard.so[0xCBBCB000])[00 C6 8F E2 ]0x000025D8:	ADD	IP, PC, #0, #12	;(PC=0xCBBCD5D8 )
(       libmtguard.so[0xCBBCB000])[3D CA 8C E2 ]0x000025DC:	ADD	IP, IP, #0X3D000	;(IP=0xCBBCD5E0 )
(       libmtguard.so[0xCBBCB000])[F4 F8 BC E5 ]0x000025E0:	LDR	PC, [IP, #0X8F4]!	;(IP=0xCBC0A5E0 )
(       libmtguard.so[0xCBBCB000])[00 E0       ]0x00003E3C:	B	#0XCBBCEE40
(       libmtguard.so[0xCBBCB000])[20 46       ]0x00003E40:	MOV	R0, R4	;(R4=0x30047EC0 )
(       libmtguard.so[0xCBBCB000])[B0 BD       ]0x00003E42:	POP	{R4, R5, R7, PC}	;(SP=0x100FFF98 )
(       libmtguard.so[0xCBBCB000])[00 28       ]0x000038AE:	CMP	R0, #0	;(R0=0x30047EC0 )
(       libmtguard.so[0xCBBCB000])[20 60       ]0x000038B0:	STR	R0, [R4]	;(R0=0x30047EC0 R4=0x30047EA8 )
(       libmtguard.so[0xCBBCB000])[05 D1       ]0x000038B2:	BNE	#0XCBBCE8C0
(       libmtguard.so[0xCBBCB000])[20 46       ]0x000038C0:	MOV	R0, R4	;(R4=0x30047EA8 )
(       libmtguard.so[0xCBBCB000])[5D F8 04 BB ]0x000038C2:	LDR	FP, [SP], #4	;(SP=0x100FFFA8 )
(       libmtguard.so[0xCBBCB000])[F0 BD       ]0x000038C6:	POP	{R4, R5, R6, R7, PC}	;(SP=0x100FFFAC )
(       libmtguard.so[0xCBBCB000])[01 36       ]0x0000CE08:	ADDS	R6, #1	;(R6=0x000000DC )
(       libmtguard.so[0xCBBCB000])[60 60       ]0x0000CE0A:	STR	R0, [R4, #4]	;(R0=0x30047EA8 R4=0xCBC0D774 )
(       libmtguard.so[0xCBBCB000])[B6 F5 7C 7F ]0x0000CE0C:	CMP.W	R6, #0X3F0	;(R6=0x000000DD )
(       libmtguard.so[0xCBBCB000])[F3 D1       ]0x0000CE10:	BNE	#0XCBBD7DFA
(       libmtguard.so[0xCBBCB000])[48 46       ]0x0000CDFA:	MOV	R0, SB	;(SB=0xCBBCFE51 )
(       libmtguard.so[0xCBBCB000])[45 F8 36 80 ]0x0000CDFC:	STR.W	R8, [R5, R6, LSL #3]	;(R8=0xFFFFFFFF R5=0xCBC0D094 R6=0x000000DD )
(       libmtguard.so[0xCBBCB000])[05 EB C6 04 ]0x0000CE00:	ADD.W	R4, R5, R6, LSL #3	;(R5=0xCBC0D094 R6=0x000000DD )
(       libmtguard.so[0xCBBCB000])[F6 F7 3A FD ]0x0000CE04:	BL	#0XCBBCE87C	;(PC=0xCBBD7E04 )
(       libmtguard.so[0xCBBCB000])[F0 B5       ]0x0000387C:	PUSH	{R4, R5, R6, R7, LR}	;(SP=0x100FFFC0 R4=0xCBC0D77C R5=0xCBC0D094 R6=0x000000DD R7=0x100FFFE0 LR=0xCBBD7E09 )
(       libmtguard.so[0xCBBCB000])[03 AF       ]0x0000387E:	ADD	R7, SP, #0XC	;(SP=0x100FFFAC )
(       libmtguard.so[0xCBBCB000])[4D F8 04 BD ]0x00003880:	STR	FP, [SP, #-0X4]!	;(FP=0xCBC0B1C4 SP=0x100FFFAC )
(       libmtguard.so[0xCBBCB000])[05 46       ]0x00003884:	MOV	R5, R0	;(R0=0xCBBCFE51 )
(       libmtguard.so[0xCBBCB000])[01 20       ]0x00003886:	MOVS	R0, #1
(       libmtguard.so[0xCBBCB000])[10 21       ]0x00003888:	MOVS	R1, #0X10
(       libmtguard.so[0xCBBCB000])[00 22       ]0x0000388A:	MOVS	R2, #0
(       libmtguard.so[0xCBBCB000])[00 23       ]0x0000388C:	MOVS	R3, #0
(       libmtguard.so[0xCBBCB000])[00 26       ]0x0000388E:	MOVS	R6, #0
(       libmtguard.so[0xCBBCB000])[00 F0 C6 FA ]0x00003890:	BL	#0XCBBCEE20	;(PC=0xCBBCE890 )
(       libmtguard.so[0xCBBCB000])[B0 B5       ]0x00003E20:	PUSH	{R4, R5, R7, LR}	;(SP=0x100FFFA8 R4=0xCBC0D77C R5=0xCBBCFE51 R7=0x100FFFB8 LR=0xCBBCE895 )
(       libmtguard.so[0xCBBCB000])[02 AF       ]0x00003E22:	ADD	R7, SP, #8	;(SP=0x100FFF98 )
(       libmtguard.so[0xCBBCB000])[01 FB 00 F5 ]0x00003E24:	MUL	R5, R1, R0	;(R1=0x00000010 R0=0x00000001 )
(       libmtguard.so[0xCBBCB000])[4D B1       ]0x00003E28:	CBZ	R5, #0XCBBCEE3E	;(R5=0x00000010 )
(       libmtguard.so[0xCBBCB000])[28 46       ]0x00003E2A:	MOV	R0, R5	;(R5=0x00000010 )
(       libmtguard.so[0xCBBCB000])[FE F7 C8 EB ]0x00003E2C:	BLX	#0XCBBCD5C0	;(PC=0xCBBCEE2C )
(       libmtguard.so[0xCBBCB000])[00 C6 8F E2 ]0x000025C0:	ADD	IP, PC, #0, #12	;(PC=0xCBBCD5C0 )
(       libmtguard.so[0xCBBCB000])[3D CA 8C E2 ]0x000025C4:	ADD	IP, IP, #0X3D000	;(IP=0xCBBCD5C8 )
(       libmtguard.so[0xCBBCB000])[04 F9 BC E5 ]0x000025C8:	LDR	PC, [IP, #0X904]!	;(IP=0xCBC0A5C8 )
(       libmtguard.so[0xCBBCB000])[04 46       ]0x00003E30:	MOV	R4, R0	;(R0=0x30047EF0 )
(       libmtguard.so[0xCBBCB000])[24 B1       ]0x00003E32:	CBZ	R4, #0XCBBCEE3E	;(R4=0x30047EF0 )
(       libmtguard.so[0xCBBCB000])[20 46       ]0x00003E34:	MOV	R0, R4	;(R4=0x30047EF0 )
(       libmtguard.so[0xCBBCB000])[29 46       ]0x00003E36:	MOV	R1, R5	;(R5=0x00000010 )
(       libmtguard.so[0xCBBCB000])[FE F7 CE EB ]0x00003E38:	BLX	#0XCBBCD5D8	;(PC=0xCBBCEE38 )
(       libmtguard.so[0xCBBCB000])[00 C6 8F E2 ]0x000025D8:	ADD	IP, PC, #0, #12	;(PC=0xCBBCD5D8 )
(       libmtguard.so[0xCBBCB000])[3D CA 8C E2 ]0x000025DC:	ADD	IP, IP, #0X3D000	;(IP=0xCBBCD5E0 )
(       libmtguard.so[0xCBBCB000])[F4 F8 BC E5 ]0x000025E0:	LDR	PC, [IP, #0X8F4]!	;(IP=0xCBC0A5E0 )
(       libmtguard.so[0xCBBCB000])[00 E0       ]0x00003E3C:	B	#0XCBBCEE40
(       libmtguard.so[0xCBBCB000])[20 46       ]0x00003E40:	MOV	R0, R4	;(R4=0x30047EF0 )
(       libmtguard.so[0xCBBCB000])[B0 BD       ]0x00003E42:	POP	{R4, R5, R7, PC}	;(SP=0x100FFF98 )
(       libmtguard.so[0xCBBCB000])[04 46       ]0x00003894:	MOV	R4, R0	;(R0=0x30047EF0 )
(       libmtguard.so[0xCBBCB000])[94 B1       ]0x00003896:	CBZ	R4, #0XCBBCE8BE	;(R4=0x30047EF0 )
(       libmtguard.so[0xCBBCB000])[0B 20       ]0x00003898:	MOVS	R0, #0XB
(       libmtguard.so[0xCBBCB000])[C4 E9 00 66 ]0x0000389A:	STRD	R6, R6, [R4]	;(R6=0x00000000 R4=0x30047EF0 )
(       libmtguard.so[0xCBBCB000])[C4 E9 02 05 ]0x0000389E:	STRD	R0, R5, [R4, #8]	;(R0=0x0000000B R5=0xCBBCFE51 R4=0x30047EF0 )
(       libmtguard.so[0xCBBCB000])[04 20       ]0x000038A2:	MOVS	R0, #4
(       libmtguard.so[0xCBBCB000])[0B 21       ]0x000038A4:	MOVS	R1, #0XB
(       libmtguard.so[0xCBBCB000])[00 22       ]0x000038A6:	MOVS	R2, #0
(       libmtguard.so[0xCBBCB000])[00 23       ]0x000038A8:	MOVS	R3, #0
(       libmtguard.so[0xCBBCB000])[00 F0 B9 FA ]0x000038AA:	BL	#0XCBBCEE20	;(PC=0xCBBCE8AA )
(       libmtguard.so[0xCBBCB000])[B0 B5       ]0x00003E20:	PUSH	{R4, R5, R7, LR}	;(SP=0x100FFFA8 R4=0x30047EF0 R5=0xCBBCFE51 R7=0x100FFFB8 LR=0xCBBCE8AF )
(       libmtguard.so[0xCBBCB000])[02 AF       ]0x00003E22:	ADD	R7, SP, #8	;(SP=0x100FFF98 )
(       libmtguard.so[0xCBBCB000])[01 FB 00 F5 ]0x00003E24:	MUL	R5, R1, R0	;(R1=0x0000000B R0=0x00000004 )
(       libmtguard.so[0xCBBCB000])[4D B1       ]0x00003E28:	CBZ	R5, #0XCBBCEE3E	;(R5=0x0000002C )
(       libmtguard.so[0xCBBCB000])[28 46       ]0x00003E2A:	MOV	R0, R5	;(R5=0x0000002C )
(       libmtguard.so[0xCBBCB000])[FE F7 C8 EB ]0x00003E2C:	BLX	#0XCBBCD5C0	;(PC=0xCBBCEE2C )
(       libmtguard.so[0xCBBCB000])[00 C6 8F E2 ]0x000025C0:	ADD	IP, PC, #0, #12	;(PC=0xCBBCD5C0 )
(       libmtguard.so[0xCBBCB000])[3D CA 8C E2 ]0x000025C4:	ADD	IP, IP, #0X3D000	;(IP=0xCBBCD5C8 )
(       libmtguard.so[0xCBBCB000])[04 F9 BC E5 ]0x000025C8:	LDR	PC, [IP, #0X904]!	;(IP=0xCBC0A5C8 )
(       libmtguard.so[0xCBBCB000])[04 46       ]0x00003E30:	MOV	R4, R0	;(R0=0x30047F08 )
(       libmtguard.so[0xCBBCB000])[24 B1       ]0x00003E32:	CBZ	R4, #0XCBBCEE3E	;(R4=0x30047F08 )
(       libmtguard.so[0xCBBCB000])[20 46       ]0x00003E34:	MOV	R0, R4	;(R4=0x30047F08 )
(       libmtguard.so[0xCBBCB000])[29 46       ]0x00003E36:	MOV	R1, R5	;(R5=0x0000002C )
(       libmtguard.so[0xCBBCB000])[FE F7 CE EB ]0x00003E38:	BLX	#0XCBBCD5D8	;(PC=0xCBBCEE38 )
(       libmtguard.so[0xCBBCB000])[00 C6 8F E2 ]0x000025D8:	ADD	IP, PC, #0, #12	;(PC=0xCBBCD5D8 )
(       libmtguard.so[0xCBBCB000])[3D CA 8C E2 ]0x000025DC:	ADD	IP, IP, #0X3D000	;(IP=0xCBBCD5E0 )
(       libmtguard.so[0xCBBCB000])[F4 F8 BC E5 ]0x000025E0:	LDR	PC, [IP, #0X8F4]!	;(IP=0xCBC0A5E0 )
(       libmtguard.so[0xCBBCB000])[00 E0       ]0x00003E3C:	B	#0XCBBCEE40
(       libmtguard.so[0xCBBCB000])[20 46       ]0x00003E40:	MOV	R0, R4	;(R4=0x30047F08 )
(       libmtguard.so[0xCBBCB000])[B0 BD       ]0x00003E42:	POP	{R4, R5, R7, PC}	;(SP=0x100FFF98 )
(       libmtguard.so[0xCBBCB000])[00 28       ]0x000038AE:	CMP	R0, #0	;(R0=0x30047F08 )
(       libmtguard.so[0xCBBCB000])[20 60       ]0x000038B0:	STR	R0, [R4]	;(R0=0x30047F08 R4=0x30047EF0 )
(       libmtguard.so[0xCBBCB000])[05 D1       ]0x000038B2:	BNE	#0XCBBCE8C0
(       libmtguard.so[0xCBBCB000])[20 46       ]0x000038C0:	MOV	R0, R4	;(R4=0x30047EF0 )
(       libmtguard.so[0xCBBCB000])[5D F8 04 BB ]0x000038C2:	LDR	FP, [SP], #4	;(SP=0x100FFFA8 )
(       libmtguard.so[0xCBBCB000])[F0 BD       ]0x000038C6:	POP	{R4, R5, R6, R7, PC}	;(SP=0x100FFFAC )
(       libmtguard.so[0xCBBCB000])[01 36       ]0x0000CE08:	ADDS	R6, #1	;(R6=0x000000DD )
(       libmtguard.so[0xCBBCB000])[60 60       ]0x0000CE0A:	STR	R0, [R4, #4]	;(R0=0x30047EF0 R4=0xCBC0D77C )
(       libmtguard.so[0xCBBCB000])[B6 F5 7C 7F ]0x0000CE0C:	CMP.W	R6, #0X3F0	;(R6=0x000000DE )
(       libmtguard.so[0xCBBCB000])[F3 D1       ]0x0000CE10:	BNE	#0XCBBD7DFA
(       libmtguard.so[0xCBBCB000])[48 46       ]0x0000CDFA:	MOV	R0, SB	;(SB=0xCBBCFE51 )
(       libmtguard.so[0xCBBCB000])[45 F8 36 80 ]0x0000CDFC:	STR.W	R8, [R5, R6, LSL #3]	;(R8=0xFFFFFFFF R5=0xCBC0D094 R6=0x000000DE )
(       libmtguard.so[0xCBBCB000])[05 EB C6 04 ]0x0000CE00:	ADD.W	R4, R5, R6, LSL #3	;(R5=0xCBC0D094 R6=0x000000DE )
(       libmtguard.so[0xCBBCB000])[F6 F7 3A FD ]0x0000CE04:	BL	#0XCBBCE87C	;(PC=0xCBBD7E04 )
(       libmtguard.so[0xCBBCB000])[F0 B5       ]0x0000387C:	PUSH	{R4, R5, R6, R7, LR}	;(SP=0x100FFFC0 R4=0xCBC0D784 R5=0xCBC0D094 R6=0x000000DE R7=0x100FFFE0 LR=0xCBBD7E09 )
(       libmtguard.so[0xCBBCB000])[03 AF       ]0x0000387E:	ADD	R7, SP, #0XC	;(SP=0x100FFFAC )
(       libmtguard.so[0xCBBCB000])[4D F8 04 BD ]0x00003880:	STR	FP, [SP, #-0X4]!	;(FP=0xCBC0B1C4 SP=0x100FFFAC )
(       libmtguard.so[0xCBBCB000])[05 46       ]0x00003884:	MOV	R5, R0	;(R0=0xCBBCFE51 )
(       libmtguard.so[0xCBBCB000])[01 20       ]0x00003886:	MOVS	R0, #1
(       libmtguard.so[0xCBBCB000])[10 21       ]0x00003888:	MOVS	R1, #0X10
(       libmtguard.so[0xCBBCB000])[00 22       ]0x0000388A:	MOVS	R2, #0
(       libmtguard.so[0xCBBCB000])[00 23       ]0x0000388C:	MOVS	R3, #0
(       libmtguard.so[0xCBBCB000])[00 26       ]0x0000388E:	MOVS	R6, #0
(       libmtguard.so[0xCBBCB000])[00 F0 C6 FA ]0x00003890:	BL	#0XCBBCEE20	;(PC=0xCBBCE890 )
(       libmtguard.so[0xCBBCB000])[B0 B5       ]0x00003E20:	PUSH	{R4, R5, R7, LR}	;(SP=0x100FFFA8 R4=0xCBC0D784 R5=0xCBBCFE51 R7=0x100FFFB8 LR=0xCBBCE895 )
(       libmtguard.so[0xCBBCB000])[02 AF       ]0x00003E22:	ADD	R7, SP, #8	;(SP=0x100FFF98 )
(       libmtguard.so[0xCBBCB000])[01 FB 00 F5 ]0x00003E24:	MUL	R5, R1, R0	;(R1=0x00000010 R0=0x00000001 )
(       libmtguard.so[0xCBBCB000])[4D B1       ]0x00003E28:	CBZ	R5, #0XCBBCEE3E	;(R5=0x00000010 )
(       libmtguard.so[0xCBBCB000])[28 46       ]0x00003E2A:	MOV	R0, R5	;(R5=0x00000010 )
(       libmtguard.so[0xCBBCB000])[FE F7 C8 EB ]0x00003E2C:	BLX	#0XCBBCD5C0	;(PC=0xCBBCEE2C )
(       libmtguard.so[0xCBBCB000])[00 C6 8F E2 ]0x000025C0:	ADD	IP, PC, #0, #12	;(PC=0xCBBCD5C0 )
(       libmtguard.so[0xCBBCB000])[3D CA 8C E2 ]0x000025C4:	ADD	IP, IP, #0X3D000	;(IP=0xCBBCD5C8 )
(       libmtguard.so[0xCBBCB000])[04 F9 BC E5 ]0x000025C8:	LDR	PC, [IP, #0X904]!	;(IP=0xCBC0A5C8 )
(       libmtguard.so[0xCBBCB000])[04 46       ]0x00003E30:	MOV	R4, R0	;(R0=0x30047F38 )
(       libmtguard.so[0xCBBCB000])[24 B1       ]0x00003E32:	CBZ	R4, #0XCBBCEE3E	;(R4=0x30047F38 )
(       libmtguard.so[0xCBBCB000])[20 46       ]0x00003E34:	MOV	R0, R4	;(R4=0x30047F38 )
(       libmtguard.so[0xCBBCB000])[29 46       ]0x00003E36:	MOV	R1, R5	;(R5=0x00000010 )
(       libmtguard.so[0xCBBCB000])[FE F7 CE EB ]0x00003E38:	BLX	#0XCBBCD5D8	;(PC=0xCBBCEE38 )
(       libmtguard.so[0xCBBCB000])[00 C6 8F E2 ]0x000025D8:	ADD	IP, PC, #0, #12	;(PC=0xCBBCD5D8 )
(       libmtguard.so[0xCBBCB000])[3D CA 8C E2 ]0x000025DC:	ADD	IP, IP, #0X3D000	;(IP=0xCBBCD5E0 )
(       libmtguard.so[0xCBBCB000])[F4 F8 BC E5 ]0x000025E0:	LDR	PC, [IP, #0X8F4]!	;(IP=0xCBC0A5E0 )
(       libmtguard.so[0xCBBCB000])[00 E0       ]0x00003E3C:	B	#0XCBBCEE40
(       libmtguard.so[0xCBBCB000])[20 46       ]0x00003E40:	MOV	R0, R4	;(R4=0x30047F38 )
(       libmtguard.so[0xCBBCB000])[B0 BD       ]0x00003E42:	POP	{R4, R5, R7, PC}	;(SP=0x100FFF98 )
(       libmtguard.so[0xCBBCB000])[04 46       ]0x00003894:	MOV	R4, R0	;(R0=0x30047F38 )
(       libmtguard.so[0xCBBCB000])[94 B1       ]0x00003896:	CBZ	R4, #0XCBBCE8BE	;(R4=0x30047F38 )
(       libmtguard.so[0xCBBCB000])[0B 20       ]0x00003898:	MOVS	R0, #0XB
(       libmtguard.so[0xCBBCB000])[C4 E9 00 66 ]0x0000389A:	STRD	R6, R6, [R4]	;(R6=0x00000000 R4=0x30047F38 )
(       libmtguard.so[0xCBBCB000])[C4 E9 02 05 ]0x0000389E:	STRD	R0, R5, [R4, #8]	;(R0=0x0000000B R5=0xCBBCFE51 R4=0x30047F38 )
(       libmtguard.so[0xCBBCB000])[04 20       ]0x000038A2:	MOVS	R0, #4
(       libmtguard.so[0xCBBCB000])[0B 21       ]0x000038A4:	MOVS	R1, #0XB
(       libmtguard.so[0xCBBCB000])[00 22       ]0x000038A6:	MOVS	R2, #0
(       libmtguard.so[0xCBBCB000])[00 23       ]0x000038A8:	MOVS	R3, #0
(       libmtguard.so[0xCBBCB000])[00 F0 B9 FA ]0x000038AA:	BL	#0XCBBCEE20	;(PC=0xCBBCE8AA )
(       libmtguard.so[0xCBBCB000])[B0 B5       ]0x00003E20:	PUSH	{R4, R5, R7, LR}	;(SP=0x100FFFA8 R4=0x30047F38 R5=0xCBBCFE51 R7=0x100FFFB8 LR=0xCBBCE8AF )
(       libmtguard.so[0xCBBCB000])[02 AF       ]0x00003E22:	ADD	R7, SP, #8	;(SP=0x100FFF98 )
(       libmtguard.so[0xCBBCB000])[01 FB 00 F5 ]0x00003E24:	MUL	R5, R1, R0	;(R1=0x0000000B R0=0x00000004 )
(       libmtguard.so[0xCBBCB000])[4D B1       ]0x00003E28:	CBZ	R5, #0XCBBCEE3E	;(R5=0x0000002C )
(       libmtguard.so[0xCBBCB000])[28 46       ]0x00003E2A:	MOV	R0, R5	;(R5=0x0000002C )
(       libmtguard.so[0xCBBCB000])[FE F7 C8 EB ]0x00003E2C:	BLX	#0XCBBCD5C0	;(PC=0xCBBCEE2C )
(       libmtguard.so[0xCBBCB000])[00 C6 8F E2 ]0x000025C0:	ADD	IP, PC, #0, #12	;(PC=0xCBBCD5C0 )
(       libmtguard.so[0xCBBCB000])[3D CA 8C E2 ]0x000025C4:	ADD	IP, IP, #0X3D000	;(IP=0xCBBCD5C8 )
(       libmtguard.so[0xCBBCB000])[04 F9 BC E5 ]0x000025C8:	LDR	PC, [IP, #0X904]!	;(IP=0xCBC0A5C8 )
(       libmtguard.so[0xCBBCB000])[04 46       ]0x00003E30:	MOV	R4, R0	;(R0=0x30047F50 )
(       libmtguard.so[0xCBBCB000])[24 B1       ]0x00003E32:	CBZ	R4, #0XCBBCEE3E	;(R4=0x30047F50 )
(       libmtguard.so[0xCBBCB000])[20 46       ]0x00003E34:	MOV	R0, R4	;(R4=0x30047F50 )
(       libmtguard.so[0xCBBCB000])[29 46       ]0x00003E36:	MOV	R1, R5	;(R5=0x0000002C )
(       libmtguard.so[0xCBBCB000])[FE F7 CE EB ]0x00003E38:	BLX	#0XCBBCD5D8	;(PC=0xCBBCEE38 )
(       libmtguard.so[0xCBBCB000])[00 C6 8F E2 ]0x000025D8:	ADD	IP, PC, #0, #12	;(PC=0xCBBCD5D8 )
(       libmtguard.so[0xCBBCB000])[3D CA 8C E2 ]0x000025DC:	ADD	IP, IP, #0X3D000	;(IP=0xCBBCD5E0 )
(       libmtguard.so[0xCBBCB000])[F4 F8 BC E5 ]0x000025E0:	LDR	PC, [IP, #0X8F4]!	;(IP=0xCBC0A5E0 )
(       libmtguard.so[0xCBBCB000])[00 E0       ]0x00003E3C:	B	#0XCBBCEE40
(       libmtguard.so[0xCBBCB000])[20 46       ]0x00003E40:	MOV	R0, R4	;(R4=0x30047F50 )
(       libmtguard.so[0xCBBCB000])[B0 BD       ]0x00003E42:	POP	{R4, R5, R7, PC}	;(SP=0x100FFF98 )
(       libmtguard.so[0xCBBCB000])[00 28       ]0x000038AE:	CMP	R0, #0	;(R0=0x30047F50 )
(       libmtguard.so[0xCBBCB000])[20 60       ]0x000038B0:	STR	R0, [R4]	;(R0=0x30047F50 R4=0x30047F38 )
(       libmtguard.so[0xCBBCB000])[05 D1       ]0x000038B2:	BNE	#0XCBBCE8C0
(       libmtguard.so[0xCBBCB000])[20 46       ]0x000038C0:	MOV	R0, R4	;(R4=0x30047F38 )
(       libmtguard.so[0xCBBCB000])[5D F8 04 BB ]0x000038C2:	LDR	FP, [SP], #4	;(SP=0x100FFFA8 )
(       libmtguard.so[0xCBBCB000])[F0 BD       ]0x000038C6:	POP	{R4, R5, R6, R7, PC}	;(SP=0x100FFFAC )
(       libmtguard.so[0xCBBCB000])[01 36       ]0x0000CE08:	ADDS	R6, #1	;(R6=0x000000DE )
(       libmtguard.so[0xCBBCB000])[60 60       ]0x0000CE0A:	STR	R0, [R4, #4]	;(R0=0x30047F38 R4=0xCBC0D784 )
(       libmtguard.so[0xCBBCB000])[B6 F5 7C 7F ]0x0000CE0C:	CMP.W	R6, #0X3F0	;(R6=0x000000DF )
(       libmtguard.so[0xCBBCB000])[F3 D1       ]0x0000CE10:	BNE	#0XCBBD7DFA
(       libmtguard.so[0xCBBCB000])[48 46       ]0x0000CDFA:	MOV	R0, SB	;(SB=0xCBBCFE51 )
(       libmtguard.so[0xCBBCB000])[45 F8 36 80 ]0x0000CDFC:	STR.W	R8, [R5, R6, LSL #3]	;(R8=0xFFFFFFFF R5=0xCBC0D094 R6=0x000000DF )
(       libmtguard.so[0xCBBCB000])[05 EB C6 04 ]0x0000CE00:	ADD.W	R4, R5, R6, LSL #3	;(R5=0xCBC0D094 R6=0x000000DF )
(       libmtguard.so[0xCBBCB000])[F6 F7 3A FD ]0x0000CE04:	BL	#0XCBBCE87C	;(PC=0xCBBD7E04 )
(       libmtguard.so[0xCBBCB000])[F0 B5       ]0x0000387C:	PUSH	{R4, R5, R6, R7, LR}	;(SP=0x100FFFC0 R4=0xCBC0D78C R5=0xCBC0D094 R6=0x000000DF R7=0x100FFFE0 LR=0xCBBD7E09 )
(       libmtguard.so[0xCBBCB000])[03 AF       ]0x0000387E:	ADD	R7, SP, #0XC	;(SP=0x100FFFAC )
(       libmtguard.so[0xCBBCB000])[4D F8 04 BD ]0x00003880:	STR	FP, [SP, #-0X4]!	;(FP=0xCBC0B1C4 SP=0x100FFFAC )
(       libmtguard.so[0xCBBCB000])[05 46       ]0x00003884:	MOV	R5, R0	;(R0=0xCBBCFE51 )
(       libmtguard.so[0xCBBCB000])[01 20       ]0x00003886:	MOVS	R0, #1
(       libmtguard.so[0xCBBCB000])[10 21       ]0x00003888:	MOVS	R1, #0X10
(       libmtguard.so[0xCBBCB000])[00 22       ]0x0000388A:	MOVS	R2, #0
(       libmtguard.so[0xCBBCB000])[00 23       ]0x0000388C:	MOVS	R3, #0
(       libmtguard.so[0xCBBCB000])[00 26       ]0x0000388E:	MOVS	R6, #0
(       libmtguard.so[0xCBBCB000])[00 F0 C6 FA ]0x00003890:	BL	#0XCBBCEE20	;(PC=0xCBBCE890 )
(       libmtguard.so[0xCBBCB000])[B0 B5       ]0x00003E20:	PUSH	{R4, R5, R7, LR}	;(SP=0x100FFFA8 R4=0xCBC0D78C R5=0xCBBCFE51 R7=0x100FFFB8 LR=0xCBBCE895 )
(       libmtguard.so[0xCBBCB000])[02 AF       ]0x00003E22:	ADD	R7, SP, #8	;(SP=0x100FFF98 )
(       libmtguard.so[0xCBBCB000])[01 FB 00 F5 ]0x00003E24:	MUL	R5, R1, R0	;(R1=0x00000010 R0=0x00000001 )
(       libmtguard.so[0xCBBCB000])[4D B1       ]0x00003E28:	CBZ	R5, #0XCBBCEE3E	;(R5=0x00000010 )
(       libmtguard.so[0xCBBCB000])[28 46       ]0x00003E2A:	MOV	R0, R5	;(R5=0x00000010 )
(       libmtguard.so[0xCBBCB000])[FE F7 C8 EB ]0x00003E2C:	BLX	#0XCBBCD5C0	;(PC=0xCBBCEE2C )
(       libmtguard.so[0xCBBCB000])[00 C6 8F E2 ]0x000025C0:	ADD	IP, PC, #0, #12	;(PC=0xCBBCD5C0 )
(       libmtguard.so[0xCBBCB000])[3D CA 8C E2 ]0x000025C4:	ADD	IP, IP, #0X3D000	;(IP=0xCBBCD5C8 )
(       libmtguard.so[0xCBBCB000])[04 F9 BC E5 ]0x000025C8:	LDR	PC, [IP, #0X904]!	;(IP=0xCBC0A5C8 )
(       libmtguard.so[0xCBBCB000])[04 46       ]0x00003E30:	MOV	R4, R0	;(R0=0x30047F80 )
(       libmtguard.so[0xCBBCB000])[24 B1       ]0x00003E32:	CBZ	R4, #0XCBBCEE3E	;(R4=0x30047F80 )
(       libmtguard.so[0xCBBCB000])[20 46       ]0x00003E34:	MOV	R0, R4	;(R4=0x30047F80 )
(       libmtguard.so[0xCBBCB000])[29 46       ]0x00003E36:	MOV	R1, R5	;(R5=0x00000010 )
(       libmtguard.so[0xCBBCB000])[FE F7 CE EB ]0x00003E38:	BLX	#0XCBBCD5D8	;(PC=0xCBBCEE38 )
(       libmtguard.so[0xCBBCB000])[00 C6 8F E2 ]0x000025D8:	ADD	IP, PC, #0, #12	;(PC=0xCBBCD5D8 )
(       libmtguard.so[0xCBBCB000])[3D CA 8C E2 ]0x000025DC:	ADD	IP, IP, #0X3D000	;(IP=0xCBBCD5E0 )
(       libmtguard.so[0xCBBCB000])[F4 F8 BC E5 ]0x000025E0:	LDR	PC, [IP, #0X8F4]!	;(IP=0xCBC0A5E0 )
(       libmtguard.so[0xCBBCB000])[00 E0       ]0x00003E3C:	B	#0XCBBCEE40
(       libmtguard.so[0xCBBCB000])[20 46       ]0x00003E40:	MOV	R0, R4	;(R4=0x30047F80 )
(       libmtguard.so[0xCBBCB000])[B0 BD       ]0x00003E42:	POP	{R4, R5, R7, PC}	;(SP=0x100FFF98 )
(       libmtguard.so[0xCBBCB000])[04 46       ]0x00003894:	MOV	R4, R0	;(R0=0x30047F80 )
(       libmtguard.so[0xCBBCB000])[94 B1       ]0x00003896:	CBZ	R4, #0XCBBCE8BE	;(R4=0x30047F80 )
(       libmtguard.so[0xCBBCB000])[0B 20       ]0x00003898:	MOVS	R0, #0XB
(       libmtguard.so[0xCBBCB000])[C4 E9 00 66 ]0x0000389A:	STRD	R6, R6, [R4]	;(R6=0x00000000 R4=0x30047F80 )
(       libmtguard.so[0xCBBCB000])[C4 E9 02 05 ]0x0000389E:	STRD	R0, R5, [R4, #8]	;(R0=0x0000000B R5=0xCBBCFE51 R4=0x30047F80 )
(       libmtguard.so[0xCBBCB000])[04 20       ]0x000038A2:	MOVS	R0, #4
(       libmtguard.so[0xCBBCB000])[0B 21       ]0x000038A4:	MOVS	R1, #0XB
(       libmtguard.so[0xCBBCB000])[00 22       ]0x000038A6:	MOVS	R2, #0
(       libmtguard.so[0xCBBCB000])[00 23       ]0x000038A8:	MOVS	R3, #0
(       libmtguard.so[0xCBBCB000])[00 F0 B9 FA ]0x000038AA:	BL	#0XCBBCEE20	;(PC=0xCBBCE8AA )
(       libmtguard.so[0xCBBCB000])[B0 B5       ]0x00003E20:	PUSH	{R4, R5, R7, LR}	;(SP=0x100FFFA8 R4=0x30047F80 R5=0xCBBCFE51 R7=0x100FFFB8 LR=0xCBBCE8AF )
(       libmtguard.so[0xCBBCB000])[02 AF       ]0x00003E22:	ADD	R7, SP, #8	;(SP=0x100FFF98 )
(       libmtguard.so[0xCBBCB000])[01 FB 00 F5 ]0x00003E24:	MUL	R5, R1, R0	;(R1=0x0000000B R0=0x00000004 )
(       libmtguard.so[0xCBBCB000])[4D B1       ]0x00003E28:	CBZ	R5, #0XCBBCEE3E	;(R5=0x0000002C )
(       libmtguard.so[0xCBBCB000])[28 46       ]0x00003E2A:	MOV	R0, R5	;(R5=0x0000002C )
(       libmtguard.so[0xCBBCB000])[FE F7 C8 EB ]0x00003E2C:	BLX	#0XCBBCD5C0	;(PC=0xCBBCEE2C )
(       libmtguard.so[0xCBBCB000])[00 C6 8F E2 ]0x000025C0:	ADD	IP, PC, #0, #12	;(PC=0xCBBCD5C0 )
(       libmtguard.so[0xCBBCB000])[3D CA 8C E2 ]0x000025C4:	ADD	IP, IP, #0X3D000	;(IP=0xCBBCD5C8 )
(       libmtguard.so[0xCBBCB000])[04 F9 BC E5 ]0x000025C8:	LDR	PC, [IP, #0X904]!	;(IP=0xCBC0A5C8 )
(       libmtguard.so[0xCBBCB000])[04 46       ]0x00003E30:	MOV	R4, R0	;(R0=0x30047F98 )
(       libmtguard.so[0xCBBCB000])[24 B1       ]0x00003E32:	CBZ	R4, #0XCBBCEE3E	;(R4=0x30047F98 )
(       libmtguard.so[0xCBBCB000])[20 46       ]0x00003E34:	MOV	R0, R4	;(R4=0x30047F98 )
(       libmtguard.so[0xCBBCB000])[29 46       ]0x00003E36:	MOV	R1, R5	;(R5=0x0000002C )
(       libmtguard.so[0xCBBCB000])[FE F7 CE EB ]0x00003E38:	BLX	#0XCBBCD5D8	;(PC=0xCBBCEE38 )
(       libmtguard.so[0xCBBCB000])[00 C6 8F E2 ]0x000025D8:	ADD	IP, PC, #0, #12	;(PC=0xCBBCD5D8 )
(       libmtguard.so[0xCBBCB000])[3D CA 8C E2 ]0x000025DC:	ADD	IP, IP, #0X3D000	;(IP=0xCBBCD5E0 )
(       libmtguard.so[0xCBBCB000])[F4 F8 BC E5 ]0x000025E0:	LDR	PC, [IP, #0X8F4]!	;(IP=0xCBC0A5E0 )
(       libmtguard.so[0xCBBCB000])[00 E0       ]0x00003E3C:	B	#0XCBBCEE40
(       libmtguard.so[0xCBBCB000])[20 46       ]0x00003E40:	MOV	R0, R4	;(R4=0x30047F98 )
(       libmtguard.so[0xCBBCB000])[B0 BD       ]0x00003E42:	POP	{R4, R5, R7, PC}	;(SP=0x100FFF98 )
(       libmtguard.so[0xCBBCB000])[00 28       ]0x000038AE:	CMP	R0, #0	;(R0=0x30047F98 )
(       libmtguard.so[0xCBBCB000])[20 60       ]0x000038B0:	STR	R0, [R4]	;(R0=0x30047F98 R4=0x30047F80 )
(       libmtguard.so[0xCBBCB000])[05 D1       ]0x000038B2:	BNE	#0XCBBCE8C0
(       libmtguard.so[0xCBBCB000])[20 46       ]0x000038C0:	MOV	R0, R4	;(R4=0x30047F80 )
(       libmtguard.so[0xCBBCB000])[5D F8 04 BB ]0x000038C2:	LDR	FP, [SP], #4	;(SP=0x100FFFA8 )
(       libmtguard.so[0xCBBCB000])[F0 BD       ]0x000038C6:	POP	{R4, R5, R6, R7, PC}	;(SP=0x100FFFAC )
(       libmtguard.so[0xCBBCB000])[01 36       ]0x0000CE08:	ADDS	R6, #1	;(R6=0x000000DF )
(       libmtguard.so[0xCBBCB000])[60 60       ]0x0000CE0A:	STR	R0, [R4, #4]	;(R0=0x30047F80 R4=0xCBC0D78C )
(       libmtguard.so[0xCBBCB000])[B6 F5 7C 7F ]0x0000CE0C:	CMP.W	R6, #0X3F0	;(R6=0x000000E0 )
(       libmtguard.so[0xCBBCB000])[F3 D1       ]0x0000CE10:	BNE	#0XCBBD7DFA
(       libmtguard.so[0xCBBCB000])[48 46       ]0x0000CDFA:	MOV	R0, SB	;(SB=0xCBBCFE51 )
(       libmtguard.so[0xCBBCB000])[45 F8 36 80 ]0x0000CDFC:	STR.W	R8, [R5, R6, LSL #3]	;(R8=0xFFFFFFFF R5=0xCBC0D094 R6=0x000000E0 )
(       libmtguard.so[0xCBBCB000])[05 EB C6 04 ]0x0000CE00:	ADD.W	R4, R5, R6, LSL #3	;(R5=0xCBC0D094 R6=0x000000E0 )
(       libmtguard.so[0xCBBCB000])[F6 F7 3A FD ]0x0000CE04:	BL	#0XCBBCE87C	;(PC=0xCBBD7E04 )
(       libmtguard.so[0xCBBCB000])[F0 B5       ]0x0000387C:	PUSH	{R4, R5, R6, R7, LR}	;(SP=0x100FFFC0 R4=0xCBC0D794 R5=0xCBC0D094 R6=0x000000E0 R7=0x100FFFE0 LR=0xCBBD7E09 )
(       libmtguard.so[0xCBBCB000])[03 AF       ]0x0000387E:	ADD	R7, SP, #0XC	;(SP=0x100FFFAC )
(       libmtguard.so[0xCBBCB000])[4D F8 04 BD ]0x00003880:	STR	FP, [SP, #-0X4]!	;(FP=0xCBC0B1C4 SP=0x100FFFAC )
(       libmtguard.so[0xCBBCB000])[05 46       ]0x00003884:	MOV	R5, R0	;(R0=0xCBBCFE51 )
(       libmtguard.so[0xCBBCB000])[01 20       ]0x00003886:	MOVS	R0, #1
(       libmtguard.so[0xCBBCB000])[10 21       ]0x00003888:	MOVS	R1, #0X10
(       libmtguard.so[0xCBBCB000])[00 22       ]0x0000388A:	MOVS	R2, #0
(       libmtguard.so[0xCBBCB000])[00 23       ]0x0000388C:	MOVS	R3, #0
(       libmtguard.so[0xCBBCB000])[00 26       ]0x0000388E:	MOVS	R6, #0
(       libmtguard.so[0xCBBCB000])[00 F0 C6 FA ]0x00003890:	BL	#0XCBBCEE20	;(PC=0xCBBCE890 )
(       libmtguard.so[0xCBBCB000])[B0 B5       ]0x00003E20:	PUSH	{R4, R5, R7, LR}	;(SP=0x100FFFA8 R4=0xCBC0D794 R5=0xCBBCFE51 R7=0x100FFFB8 LR=0xCBBCE895 )
(       libmtguard.so[0xCBBCB000])[02 AF       ]0x00003E22:	ADD	R7, SP, #8	;(SP=0x100FFF98 )
(       libmtguard.so[0xCBBCB000])[01 FB 00 F5 ]0x00003E24:	MUL	R5, R1, R0	;(R1=0x00000010 R0=0x00000001 )
(       libmtguard.so[0xCBBCB000])[4D B1       ]0x00003E28:	CBZ	R5, #0XCBBCEE3E	;(R5=0x00000010 )
(       libmtguard.so[0xCBBCB000])[28 46       ]0x00003E2A:	MOV	R0, R5	;(R5=0x00000010 )
(       libmtguard.so[0xCBBCB000])[FE F7 C8 EB ]0x00003E2C:	BLX	#0XCBBCD5C0	;(PC=0xCBBCEE2C )
(       libmtguard.so[0xCBBCB000])[00 C6 8F E2 ]0x000025C0:	ADD	IP, PC, #0, #12	;(PC=0xCBBCD5C0 )
(       libmtguard.so[0xCBBCB000])[3D CA 8C E2 ]0x000025C4:	ADD	IP, IP, #0X3D000	;(IP=0xCBBCD5C8 )
(       libmtguard.so[0xCBBCB000])[04 F9 BC E5 ]0x000025C8:	LDR	PC, [IP, #0X904]!	;(IP=0xCBC0A5C8 )
(       libmtguard.so[0xCBBCB000])[04 46       ]0x00003E30:	MOV	R4, R0	;(R0=0x30049008 )
(       libmtguard.so[0xCBBCB000])[24 B1       ]0x00003E32:	CBZ	R4, #0XCBBCEE3E	;(R4=0x30049008 )
(       libmtguard.so[0xCBBCB000])[20 46       ]0x00003E34:	MOV	R0, R4	;(R4=0x30049008 )
(       libmtguard.so[0xCBBCB000])[29 46       ]0x00003E36:	MOV	R1, R5	;(R5=0x00000010 )
(       libmtguard.so[0xCBBCB000])[FE F7 CE EB ]0x00003E38:	BLX	#0XCBBCD5D8	;(PC=0xCBBCEE38 )
(       libmtguard.so[0xCBBCB000])[00 C6 8F E2 ]0x000025D8:	ADD	IP, PC, #0, #12	;(PC=0xCBBCD5D8 )
(       libmtguard.so[0xCBBCB000])[3D CA 8C E2 ]0x000025DC:	ADD	IP, IP, #0X3D000	;(IP=0xCBBCD5E0 )
(       libmtguard.so[0xCBBCB000])[F4 F8 BC E5 ]0x000025E0:	LDR	PC, [IP, #0X8F4]!	;(IP=0xCBC0A5E0 )
(       libmtguard.so[0xCBBCB000])[00 E0       ]0x00003E3C:	B	#0XCBBCEE40
(       libmtguard.so[0xCBBCB000])[20 46       ]0x00003E40:	MOV	R0, R4	;(R4=0x30049008 )
(       libmtguard.so[0xCBBCB000])[B0 BD       ]0x00003E42:	POP	{R4, R5, R7, PC}	;(SP=0x100FFF98 )
(       libmtguard.so[0xCBBCB000])[04 46       ]0x00003894:	MOV	R4, R0	;(R0=0x30049008 )
(       libmtguard.so[0xCBBCB000])[94 B1       ]0x00003896:	CBZ	R4, #0XCBBCE8BE	;(R4=0x30049008 )
(       libmtguard.so[0xCBBCB000])[0B 20       ]0x00003898:	MOVS	R0, #0XB
(       libmtguard.so[0xCBBCB000])[C4 E9 00 66 ]0x0000389A:	STRD	R6, R6, [R4]	;(R6=0x00000000 R4=0x30049008 )
(       libmtguard.so[0xCBBCB000])[C4 E9 02 05 ]0x0000389E:	STRD	R0, R5, [R4, #8]	;(R0=0x0000000B R5=0xCBBCFE51 R4=0x30049008 )
(       libmtguard.so[0xCBBCB000])[04 20       ]0x000038A2:	MOVS	R0, #4
(       libmtguard.so[0xCBBCB000])[0B 21       ]0x000038A4:	MOVS	R1, #0XB
(       libmtguard.so[0xCBBCB000])[00 22       ]0x000038A6:	MOVS	R2, #0
(       libmtguard.so[0xCBBCB000])[00 23       ]0x000038A8:	MOVS	R3, #0
(       libmtguard.so[0xCBBCB000])[00 F0 B9 FA ]0x000038AA:	BL	#0XCBBCEE20	;(PC=0xCBBCE8AA )
(       libmtguard.so[0xCBBCB000])[B0 B5       ]0x00003E20:	PUSH	{R4, R5, R7, LR}	;(SP=0x100FFFA8 R4=0x30049008 R5=0xCBBCFE51 R7=0x100FFFB8 LR=0xCBBCE8AF )
(       libmtguard.so[0xCBBCB000])[02 AF       ]0x00003E22:	ADD	R7, SP, #8	;(SP=0x100FFF98 )
(       libmtguard.so[0xCBBCB000])[01 FB 00 F5 ]0x00003E24:	MUL	R5, R1, R0	;(R1=0x0000000B R0=0x00000004 )
(       libmtguard.so[0xCBBCB000])[4D B1       ]0x00003E28:	CBZ	R5, #0XCBBCEE3E	;(R5=0x0000002C )
(       libmtguard.so[0xCBBCB000])[28 46       ]0x00003E2A:	MOV	R0, R5	;(R5=0x0000002C )
(       libmtguard.so[0xCBBCB000])[FE F7 C8 EB ]0x00003E2C:	BLX	#0XCBBCD5C0	;(PC=0xCBBCEE2C )
(       libmtguard.so[0xCBBCB000])[00 C6 8F E2 ]0x000025C0:	ADD	IP, PC, #0, #12	;(PC=0xCBBCD5C0 )
(       libmtguard.so[0xCBBCB000])[3D CA 8C E2 ]0x000025C4:	ADD	IP, IP, #0X3D000	;(IP=0xCBBCD5C8 )
(       libmtguard.so[0xCBBCB000])[04 F9 BC E5 ]0x000025C8:	LDR	PC, [IP, #0X904]!	;(IP=0xCBC0A5C8 )
(       libmtguard.so[0xCBBCB000])[04 46       ]0x00003E30:	MOV	R4, R0	;(R0=0x30049020 )
(       libmtguard.so[0xCBBCB000])[24 B1       ]0x00003E32:	CBZ	R4, #0XCBBCEE3E	;(R4=0x30049020 )
(       libmtguard.so[0xCBBCB000])[20 46       ]0x00003E34:	MOV	R0, R4	;(R4=0x30049020 )
(       libmtguard.so[0xCBBCB000])[29 46       ]0x00003E36:	MOV	R1, R5	;(R5=0x0000002C )
(       libmtguard.so[0xCBBCB000])[FE F7 CE EB ]0x00003E38:	BLX	#0XCBBCD5D8	;(PC=0xCBBCEE38 )
(       libmtguard.so[0xCBBCB000])[00 C6 8F E2 ]0x000025D8:	ADD	IP, PC, #0, #12	;(PC=0xCBBCD5D8 )
(       libmtguard.so[0xCBBCB000])[3D CA 8C E2 ]0x000025DC:	ADD	IP, IP, #0X3D000	;(IP=0xCBBCD5E0 )
(       libmtguard.so[0xCBBCB000])[F4 F8 BC E5 ]0x000025E0:	LDR	PC, [IP, #0X8F4]!	;(IP=0xCBC0A5E0 )
(       libmtguard.so[0xCBBCB000])[00 E0       ]0x00003E3C:	B	#0XCBBCEE40
(       libmtguard.so[0xCBBCB000])[20 46       ]0x00003E40:	MOV	R0, R4	;(R4=0x30049020 )
(       libmtguard.so[0xCBBCB000])[B0 BD       ]0x00003E42:	POP	{R4, R5, R7, PC}	;(SP=0x100FFF98 )
(       libmtguard.so[0xCBBCB000])[00 28       ]0x000038AE:	CMP	R0, #0	;(R0=0x30049020 )
(       libmtguard.so[0xCBBCB000])[20 60       ]0x000038B0:	STR	R0, [R4]	;(R0=0x30049020 R4=0x30049008 )
(       libmtguard.so[0xCBBCB000])[05 D1       ]0x000038B2:	BNE	#0XCBBCE8C0
(       libmtguard.so[0xCBBCB000])[20 46       ]0x000038C0:	MOV	R0, R4	;(R4=0x30049008 )
(       libmtguard.so[0xCBBCB000])[5D F8 04 BB ]0x000038C2:	LDR	FP, [SP], #4	;(SP=0x100FFFA8 )
(       libmtguard.so[0xCBBCB000])[F0 BD       ]0x000038C6:	POP	{R4, R5, R6, R7, PC}	;(SP=0x100FFFAC )
(       libmtguard.so[0xCBBCB000])[01 36       ]0x0000CE08:	ADDS	R6, #1	;(R6=0x000000E0 )
(       libmtguard.so[0xCBBCB000])[60 60       ]0x0000CE0A:	STR	R0, [R4, #4]	;(R0=0x30049008 R4=0xCBC0D794 )
(       libmtguard.so[0xCBBCB000])[B6 F5 7C 7F ]0x0000CE0C:	CMP.W	R6, #0X3F0	;(R6=0x000000E1 )
(       libmtguard.so[0xCBBCB000])[F3 D1       ]0x0000CE10:	BNE	#0XCBBD7DFA
(       libmtguard.so[0xCBBCB000])[48 46       ]0x0000CDFA:	MOV	R0, SB	;(SB=0xCBBCFE51 )
(       libmtguard.so[0xCBBCB000])[45 F8 36 80 ]0x0000CDFC:	STR.W	R8, [R5, R6, LSL #3]	;(R8=0xFFFFFFFF R5=0xCBC0D094 R6=0x000000E1 )
(       libmtguard.so[0xCBBCB000])[05 EB C6 04 ]0x0000CE00:	ADD.W	R4, R5, R6, LSL #3	;(R5=0xCBC0D094 R6=0x000000E1 )
(       libmtguard.so[0xCBBCB000])[F6 F7 3A FD ]0x0000CE04:	BL	#0XCBBCE87C	;(PC=0xCBBD7E04 )
(       libmtguard.so[0xCBBCB000])[F0 B5       ]0x0000387C:	PUSH	{R4, R5, R6, R7, LR}	;(SP=0x100FFFC0 R4=0xCBC0D79C R5=0xCBC0D094 R6=0x000000E1 R7=0x100FFFE0 LR=0xCBBD7E09 )
(       libmtguard.so[0xCBBCB000])[03 AF       ]0x0000387E:	ADD	R7, SP, #0XC	;(SP=0x100FFFAC )
(       libmtguard.so[0xCBBCB000])[4D F8 04 BD ]0x00003880:	STR	FP, [SP, #-0X4]!	;(FP=0xCBC0B1C4 SP=0x100FFFAC )
(       libmtguard.so[0xCBBCB000])[05 46       ]0x00003884:	MOV	R5, R0	;(R0=0xCBBCFE51 )
(       libmtguard.so[0xCBBCB000])[01 20       ]0x00003886:	MOVS	R0, #1
(       libmtguard.so[0xCBBCB000])[10 21       ]0x00003888:	MOVS	R1, #0X10
(       libmtguard.so[0xCBBCB000])[00 22       ]0x0000388A:	MOVS	R2, #0
(       libmtguard.so[0xCBBCB000])[00 23       ]0x0000388C:	MOVS	R3, #0
(       libmtguard.so[0xCBBCB000])[00 26       ]0x0000388E:	MOVS	R6, #0
(       libmtguard.so[0xCBBCB000])[00 F0 C6 FA ]0x00003890:	BL	#0XCBBCEE20	;(PC=0xCBBCE890 )
(       libmtguard.so[0xCBBCB000])[B0 B5       ]0x00003E20:	PUSH	{R4, R5, R7, LR}	;(SP=0x100FFFA8 R4=0xCBC0D79C R5=0xCBBCFE51 R7=0x100FFFB8 LR=0xCBBCE895 )
(       libmtguard.so[0xCBBCB000])[02 AF       ]0x00003E22:	ADD	R7, SP, #8	;(SP=0x100FFF98 )
(       libmtguard.so[0xCBBCB000])[01 FB 00 F5 ]0x00003E24:	MUL	R5, R1, R0	;(R1=0x00000010 R0=0x00000001 )
(       libmtguard.so[0xCBBCB000])[4D B1       ]0x00003E28:	CBZ	R5, #0XCBBCEE3E	;(R5=0x00000010 )
(       libmtguard.so[0xCBBCB000])[28 46       ]0x00003E2A:	MOV	R0, R5	;(R5=0x00000010 )
(       libmtguard.so[0xCBBCB000])[FE F7 C8 EB ]0x00003E2C:	BLX	#0XCBBCD5C0	;(PC=0xCBBCEE2C )
(       libmtguard.so[0xCBBCB000])[00 C6 8F E2 ]0x000025C0:	ADD	IP, PC, #0, #12	;(PC=0xCBBCD5C0 )
(       libmtguard.so[0xCBBCB000])[3D CA 8C E2 ]0x000025C4:	ADD	IP, IP, #0X3D000	;(IP=0xCBBCD5C8 )
(       libmtguard.so[0xCBBCB000])[04 F9 BC E5 ]0x000025C8:	LDR	PC, [IP, #0X904]!	;(IP=0xCBC0A5C8 )
(       libmtguard.so[0xCBBCB000])[04 46       ]0x00003E30:	MOV	R4, R0	;(R0=0x30047FC8 )
(       libmtguard.so[0xCBBCB000])[24 B1       ]0x00003E32:	CBZ	R4, #0XCBBCEE3E	;(R4=0x30047FC8 )
(       libmtguard.so[0xCBBCB000])[20 46       ]0x00003E34:	MOV	R0, R4	;(R4=0x30047FC8 )
(       libmtguard.so[0xCBBCB000])[29 46       ]0x00003E36:	MOV	R1, R5	;(R5=0x00000010 )
(       libmtguard.so[0xCBBCB000])[FE F7 CE EB ]0x00003E38:	BLX	#0XCBBCD5D8	;(PC=0xCBBCEE38 )
(       libmtguard.so[0xCBBCB000])[00 C6 8F E2 ]0x000025D8:	ADD	IP, PC, #0, #12	;(PC=0xCBBCD5D8 )
(       libmtguard.so[0xCBBCB000])[3D CA 8C E2 ]0x000025DC:	ADD	IP, IP, #0X3D000	;(IP=0xCBBCD5E0 )
(       libmtguard.so[0xCBBCB000])[F4 F8 BC E5 ]0x000025E0:	LDR	PC, [IP, #0X8F4]!	;(IP=0xCBC0A5E0 )
(       libmtguard.so[0xCBBCB000])[00 E0       ]0x00003E3C:	B	#0XCBBCEE40
(       libmtguard.so[0xCBBCB000])[20 46       ]0x00003E40:	MOV	R0, R4	;(R4=0x30047FC8 )
(       libmtguard.so[0xCBBCB000])[B0 BD       ]0x00003E42:	POP	{R4, R5, R7, PC}	;(SP=0x100FFF98 )
(       libmtguard.so[0xCBBCB000])[04 46       ]0x00003894:	MOV	R4, R0	;(R0=0x30047FC8 )
(       libmtguard.so[0xCBBCB000])[94 B1       ]0x00003896:	CBZ	R4, #0XCBBCE8BE	;(R4=0x30047FC8 )
(       libmtguard.so[0xCBBCB000])[0B 20       ]0x00003898:	MOVS	R0, #0XB
(       libmtguard.so[0xCBBCB000])[C4 E9 00 66 ]0x0000389A:	STRD	R6, R6, [R4]	;(R6=0x00000000 R4=0x30047FC8 )
(       libmtguard.so[0xCBBCB000])[C4 E9 02 05 ]0x0000389E:	STRD	R0, R5, [R4, #8]	;(R0=0x0000000B R5=0xCBBCFE51 R4=0x30047FC8 )
(       libmtguard.so[0xCBBCB000])[04 20       ]0x000038A2:	MOVS	R0, #4
(       libmtguard.so[0xCBBCB000])[0B 21       ]0x000038A4:	MOVS	R1, #0XB
(       libmtguard.so[0xCBBCB000])[00 22       ]0x000038A6:	MOVS	R2, #0
(       libmtguard.so[0xCBBCB000])[00 23       ]0x000038A8:	MOVS	R3, #0
(       libmtguard.so[0xCBBCB000])[00 F0 B9 FA ]0x000038AA:	BL	#0XCBBCEE20	;(PC=0xCBBCE8AA )
(       libmtguard.so[0xCBBCB000])[B0 B5       ]0x00003E20:	PUSH	{R4, R5, R7, LR}	;(SP=0x100FFFA8 R4=0x30047FC8 R5=0xCBBCFE51 R7=0x100FFFB8 LR=0xCBBCE8AF )
(       libmtguard.so[0xCBBCB000])[02 AF       ]0x00003E22:	ADD	R7, SP, #8	;(SP=0x100FFF98 )
(       libmtguard.so[0xCBBCB000])[01 FB 00 F5 ]0x00003E24:	MUL	R5, R1, R0	;(R1=0x0000000B R0=0x00000004 )
(       libmtguard.so[0xCBBCB000])[4D B1       ]0x00003E28:	CBZ	R5, #0XCBBCEE3E	;(R5=0x0000002C )
(       libmtguard.so[0xCBBCB000])[28 46       ]0x00003E2A:	MOV	R0, R5	;(R5=0x0000002C )
(       libmtguard.so[0xCBBCB000])[FE F7 C8 EB ]0x00003E2C:	BLX	#0XCBBCD5C0	;(PC=0xCBBCEE2C )
(       libmtguard.so[0xCBBCB000])[00 C6 8F E2 ]0x000025C0:	ADD	IP, PC, #0, #12	;(PC=0xCBBCD5C0 )
(       libmtguard.so[0xCBBCB000])[3D CA 8C E2 ]0x000025C4:	ADD	IP, IP, #0X3D000	;(IP=0xCBBCD5C8 )
(       libmtguard.so[0xCBBCB000])[04 F9 BC E5 ]0x000025C8:	LDR	PC, [IP, #0X904]!	;(IP=0xCBC0A5C8 )
(       libmtguard.so[0xCBBCB000])[04 46       ]0x00003E30:	MOV	R4, R0	;(R0=0x30049050 )
(       libmtguard.so[0xCBBCB000])[24 B1       ]0x00003E32:	CBZ	R4, #0XCBBCEE3E	;(R4=0x30049050 )
(       libmtguard.so[0xCBBCB000])[20 46       ]0x00003E34:	MOV	R0, R4	;(R4=0x30049050 )
(       libmtguard.so[0xCBBCB000])[29 46       ]0x00003E36:	MOV	R1, R5	;(R5=0x0000002C )
(       libmtguard.so[0xCBBCB000])[FE F7 CE EB ]0x00003E38:	BLX	#0XCBBCD5D8	;(PC=0xCBBCEE38 )
(       libmtguard.so[0xCBBCB000])[00 C6 8F E2 ]0x000025D8:	ADD	IP, PC, #0, #12	;(PC=0xCBBCD5D8 )
(       libmtguard.so[0xCBBCB000])[3D CA 8C E2 ]0x000025DC:	ADD	IP, IP, #0X3D000	;(IP=0xCBBCD5E0 )
(       libmtguard.so[0xCBBCB000])[F4 F8 BC E5 ]0x000025E0:	LDR	PC, [IP, #0X8F4]!	;(IP=0xCBC0A5E0 )
(       libmtguard.so[0xCBBCB000])[00 E0       ]0x00003E3C:	B	#0XCBBCEE40
(       libmtguard.so[0xCBBCB000])[20 46       ]0x00003E40:	MOV	R0, R4	;(R4=0x30049050 )
(       libmtguard.so[0xCBBCB000])[B0 BD       ]0x00003E42:	POP	{R4, R5, R7, PC}	;(SP=0x100FFF98 )
(       libmtguard.so[0xCBBCB000])[00 28       ]0x000038AE:	CMP	R0, #0	;(R0=0x30049050 )
(       libmtguard.so[0xCBBCB000])[20 60       ]0x000038B0:	STR	R0, [R4]	;(R0=0x30049050 R4=0x30047FC8 )
(       libmtguard.so[0xCBBCB000])[05 D1       ]0x000038B2:	BNE	#0XCBBCE8C0
(       libmtguard.so[0xCBBCB000])[20 46       ]0x000038C0:	MOV	R0, R4	;(R4=0x30047FC8 )
(       libmtguard.so[0xCBBCB000])[5D F8 04 BB ]0x000038C2:	LDR	FP, [SP], #4	;(SP=0x100FFFA8 )
(       libmtguard.so[0xCBBCB000])[F0 BD       ]0x000038C6:	POP	{R4, R5, R6, R7, PC}	;(SP=0x100FFFAC )
(       libmtguard.so[0xCBBCB000])[01 36       ]0x0000CE08:	ADDS	R6, #1	;(R6=0x000000E1 )
(       libmtguard.so[0xCBBCB000])[60 60       ]0x0000CE0A:	STR	R0, [R4, #4]	;(R0=0x30047FC8 R4=0xCBC0D79C )
(       libmtguard.so[0xCBBCB000])[B6 F5 7C 7F ]0x0000CE0C:	CMP.W	R6, #0X3F0	;(R6=0x000000E2 )
(       libmtguard.so[0xCBBCB000])[F3 D1       ]0x0000CE10:	BNE	#0XCBBD7DFA
(       libmtguard.so[0xCBBCB000])[48 46       ]0x0000CDFA:	MOV	R0, SB	;(SB=0xCBBCFE51 )
(       libmtguard.so[0xCBBCB000])[45 F8 36 80 ]0x0000CDFC:	STR.W	R8, [R5, R6, LSL #3]	;(R8=0xFFFFFFFF R5=0xCBC0D094 R6=0x000000E2 )
(       libmtguard.so[0xCBBCB000])[05 EB C6 04 ]0x0000CE00:	ADD.W	R4, R5, R6, LSL #3	;(R5=0xCBC0D094 R6=0x000000E2 )
(       libmtguard.so[0xCBBCB000])[F6 F7 3A FD ]0x0000CE04:	BL	#0XCBBCE87C	;(PC=0xCBBD7E04 )
(       libmtguard.so[0xCBBCB000])[F0 B5       ]0x0000387C:	PUSH	{R4, R5, R6, R7, LR}	;(SP=0x100FFFC0 R4=0xCBC0D7A4 R5=0xCBC0D094 R6=0x000000E2 R7=0x100FFFE0 LR=0xCBBD7E09 )
(       libmtguard.so[0xCBBCB000])[03 AF       ]0x0000387E:	ADD	R7, SP, #0XC	;(SP=0x100FFFAC )
(       libmtguard.so[0xCBBCB000])[4D F8 04 BD ]0x00003880:	STR	FP, [SP, #-0X4]!	;(FP=0xCBC0B1C4 SP=0x100FFFAC )
(       libmtguard.so[0xCBBCB000])[05 46       ]0x00003884:	MOV	R5, R0	;(R0=0xCBBCFE51 )
(       libmtguard.so[0xCBBCB000])[01 20       ]0x00003886:	MOVS	R0, #1
(       libmtguard.so[0xCBBCB000])[10 21       ]0x00003888:	MOVS	R1, #0X10
(       libmtguard.so[0xCBBCB000])[00 22       ]0x0000388A:	MOVS	R2, #0
(       libmtguard.so[0xCBBCB000])[00 23       ]0x0000388C:	MOVS	R3, #0
(       libmtguard.so[0xCBBCB000])[00 26       ]0x0000388E:	MOVS	R6, #0
(       libmtguard.so[0xCBBCB000])[00 F0 C6 FA ]0x00003890:	BL	#0XCBBCEE20	;(PC=0xCBBCE890 )
(       libmtguard.so[0xCBBCB000])[B0 B5       ]0x00003E20:	PUSH	{R4, R5, R7, LR}	;(SP=0x100FFFA8 R4=0xCBC0D7A4 R5=0xCBBCFE51 R7=0x100FFFB8 LR=0xCBBCE895 )
(       libmtguard.so[0xCBBCB000])[02 AF       ]0x00003E22:	ADD	R7, SP, #8	;(SP=0x100FFF98 )
(       libmtguard.so[0xCBBCB000])[01 FB 00 F5 ]0x00003E24:	MUL	R5, R1, R0	;(R1=0x00000010 R0=0x00000001 )
(       libmtguard.so[0xCBBCB000])[4D B1       ]0x00003E28:	CBZ	R5, #0XCBBCEE3E	;(R5=0x00000010 )
(       libmtguard.so[0xCBBCB000])[28 46       ]0x00003E2A:	MOV	R0, R5	;(R5=0x00000010 )
(       libmtguard.so[0xCBBCB000])[FE F7 C8 EB ]0x00003E2C:	BLX	#0XCBBCD5C0	;(PC=0xCBBCEE2C )
(       libmtguard.so[0xCBBCB000])[00 C6 8F E2 ]0x000025C0:	ADD	IP, PC, #0, #12	;(PC=0xCBBCD5C0 )
(       libmtguard.so[0xCBBCB000])[3D CA 8C E2 ]0x000025C4:	ADD	IP, IP, #0X3D000	;(IP=0xCBBCD5C8 )
(       libmtguard.so[0xCBBCB000])[04 F9 BC E5 ]0x000025C8:	LDR	PC, [IP, #0X904]!	;(IP=0xCBC0A5C8 )
(       libmtguard.so[0xCBBCB000])[04 46       ]0x00003E30:	MOV	R4, R0	;(R0=0x30049080 )
(       libmtguard.so[0xCBBCB000])[24 B1       ]0x00003E32:	CBZ	R4, #0XCBBCEE3E	;(R4=0x30049080 )
(       libmtguard.so[0xCBBCB000])[20 46       ]0x00003E34:	MOV	R0, R4	;(R4=0x30049080 )
(       libmtguard.so[0xCBBCB000])[29 46       ]0x00003E36:	MOV	R1, R5	;(R5=0x00000010 )
(       libmtguard.so[0xCBBCB000])[FE F7 CE EB ]0x00003E38:	BLX	#0XCBBCD5D8	;(PC=0xCBBCEE38 )
(       libmtguard.so[0xCBBCB000])[00 C6 8F E2 ]0x000025D8:	ADD	IP, PC, #0, #12	;(PC=0xCBBCD5D8 )
(       libmtguard.so[0xCBBCB000])[3D CA 8C E2 ]0x000025DC:	ADD	IP, IP, #0X3D000	;(IP=0xCBBCD5E0 )
(       libmtguard.so[0xCBBCB000])[F4 F8 BC E5 ]0x000025E0:	LDR	PC, [IP, #0X8F4]!	;(IP=0xCBC0A5E0 )
(       libmtguard.so[0xCBBCB000])[00 E0       ]0x00003E3C:	B	#0XCBBCEE40
(       libmtguard.so[0xCBBCB000])[20 46       ]0x00003E40:	MOV	R0, R4	;(R4=0x30049080 )
(       libmtguard.so[0xCBBCB000])[B0 BD       ]0x00003E42:	POP	{R4, R5, R7, PC}	;(SP=0x100FFF98 )
(       libmtguard.so[0xCBBCB000])[04 46       ]0x00003894:	MOV	R4, R0	;(R0=0x30049080 )
(       libmtguard.so[0xCBBCB000])[94 B1       ]0x00003896:	CBZ	R4, #0XCBBCE8BE	;(R4=0x30049080 )
(       libmtguard.so[0xCBBCB000])[0B 20       ]0x00003898:	MOVS	R0, #0XB
(       libmtguard.so[0xCBBCB000])[C4 E9 00 66 ]0x0000389A:	STRD	R6, R6, [R4]	;(R6=0x00000000 R4=0x30049080 )
(       libmtguard.so[0xCBBCB000])[C4 E9 02 05 ]0x0000389E:	STRD	R0, R5, [R4, #8]	;(R0=0x0000000B R5=0xCBBCFE51 R4=0x30049080 )
(       libmtguard.so[0xCBBCB000])[04 20       ]0x000038A2:	MOVS	R0, #4
(       libmtguard.so[0xCBBCB000])[0B 21       ]0x000038A4:	MOVS	R1, #0XB
(       libmtguard.so[0xCBBCB000])[00 22       ]0x000038A6:	MOVS	R2, #0
(       libmtguard.so[0xCBBCB000])[00 23       ]0x000038A8:	MOVS	R3, #0
(       libmtguard.so[0xCBBCB000])[00 F0 B9 FA ]0x000038AA:	BL	#0XCBBCEE20	;(PC=0xCBBCE8AA )
(       libmtguard.so[0xCBBCB000])[B0 B5       ]0x00003E20:	PUSH	{R4, R5, R7, LR}	;(SP=0x100FFFA8 R4=0x30049080 R5=0xCBBCFE51 R7=0x100FFFB8 LR=0xCBBCE8AF )
(       libmtguard.so[0xCBBCB000])[02 AF       ]0x00003E22:	ADD	R7, SP, #8	;(SP=0x100FFF98 )
(       libmtguard.so[0xCBBCB000])[01 FB 00 F5 ]0x00003E24:	MUL	R5, R1, R0	;(R1=0x0000000B R0=0x00000004 )
(       libmtguard.so[0xCBBCB000])[4D B1       ]0x00003E28:	CBZ	R5, #0XCBBCEE3E	;(R5=0x0000002C )
(       libmtguard.so[0xCBBCB000])[28 46       ]0x00003E2A:	MOV	R0, R5	;(R5=0x0000002C )
(       libmtguard.so[0xCBBCB000])[FE F7 C8 EB ]0x00003E2C:	BLX	#0XCBBCD5C0	;(PC=0xCBBCEE2C )
(       libmtguard.so[0xCBBCB000])[00 C6 8F E2 ]0x000025C0:	ADD	IP, PC, #0, #12	;(PC=0xCBBCD5C0 )
(       libmtguard.so[0xCBBCB000])[3D CA 8C E2 ]0x000025C4:	ADD	IP, IP, #0X3D000	;(IP=0xCBBCD5C8 )
(       libmtguard.so[0xCBBCB000])[04 F9 BC E5 ]0x000025C8:	LDR	PC, [IP, #0X904]!	;(IP=0xCBC0A5C8 )
(       libmtguard.so[0xCBBCB000])[04 46       ]0x00003E30:	MOV	R4, R0	;(R0=0x30049098 )
(       libmtguard.so[0xCBBCB000])[24 B1       ]0x00003E32:	CBZ	R4, #0XCBBCEE3E	;(R4=0x30049098 )
(       libmtguard.so[0xCBBCB000])[20 46       ]0x00003E34:	MOV	R0, R4	;(R4=0x30049098 )
(       libmtguard.so[0xCBBCB000])[29 46       ]0x00003E36:	MOV	R1, R5	;(R5=0x0000002C )
(       libmtguard.so[0xCBBCB000])[FE F7 CE EB ]0x00003E38:	BLX	#0XCBBCD5D8	;(PC=0xCBBCEE38 )
(       libmtguard.so[0xCBBCB000])[00 C6 8F E2 ]0x000025D8:	ADD	IP, PC, #0, #12	;(PC=0xCBBCD5D8 )
(       libmtguard.so[0xCBBCB000])[3D CA 8C E2 ]0x000025DC:	ADD	IP, IP, #0X3D000	;(IP=0xCBBCD5E0 )
(       libmtguard.so[0xCBBCB000])[F4 F8 BC E5 ]0x000025E0:	LDR	PC, [IP, #0X8F4]!	;(IP=0xCBC0A5E0 )
(       libmtguard.so[0xCBBCB000])[00 E0       ]0x00003E3C:	B	#0XCBBCEE40
(       libmtguard.so[0xCBBCB000])[20 46       ]0x00003E40:	MOV	R0, R4	;(R4=0x30049098 )
(       libmtguard.so[0xCBBCB000])[B0 BD       ]0x00003E42:	POP	{R4, R5, R7, PC}	;(SP=0x100FFF98 )
(       libmtguard.so[0xCBBCB000])[00 28       ]0x000038AE:	CMP	R0, #0	;(R0=0x30049098 )
(       libmtguard.so[0xCBBCB000])[20 60       ]0x000038B0:	STR	R0, [R4]	;(R0=0x30049098 R4=0x30049080 )
(       libmtguard.so[0xCBBCB000])[05 D1       ]0x000038B2:	BNE	#0XCBBCE8C0
(       libmtguard.so[0xCBBCB000])[20 46       ]0x000038C0:	MOV	R0, R4	;(R4=0x30049080 )
(       libmtguard.so[0xCBBCB000])[5D F8 04 BB ]0x000038C2:	LDR	FP, [SP], #4	;(SP=0x100FFFA8 )
(       libmtguard.so[0xCBBCB000])[F0 BD       ]0x000038C6:	POP	{R4, R5, R6, R7, PC}	;(SP=0x100FFFAC )
(       libmtguard.so[0xCBBCB000])[01 36       ]0x0000CE08:	ADDS	R6, #1	;(R6=0x000000E2 )
(       libmtguard.so[0xCBBCB000])[60 60       ]0x0000CE0A:	STR	R0, [R4, #4]	;(R0=0x30049080 R4=0xCBC0D7A4 )
(       libmtguard.so[0xCBBCB000])[B6 F5 7C 7F ]0x0000CE0C:	CMP.W	R6, #0X3F0	;(R6=0x000000E3 )
(       libmtguard.so[0xCBBCB000])[F3 D1       ]0x0000CE10:	BNE	#0XCBBD7DFA
(       libmtguard.so[0xCBBCB000])[48 46       ]0x0000CDFA:	MOV	R0, SB	;(SB=0xCBBCFE51 )
(       libmtguard.so[0xCBBCB000])[45 F8 36 80 ]0x0000CDFC:	STR.W	R8, [R5, R6, LSL #3]	;(R8=0xFFFFFFFF R5=0xCBC0D094 R6=0x000000E3 )
(       libmtguard.so[0xCBBCB000])[05 EB C6 04 ]0x0000CE00:	ADD.W	R4, R5, R6, LSL #3	;(R5=0xCBC0D094 R6=0x000000E3 )
(       libmtguard.so[0xCBBCB000])[F6 F7 3A FD ]0x0000CE04:	BL	#0XCBBCE87C	;(PC=0xCBBD7E04 )
(       libmtguard.so[0xCBBCB000])[F0 B5       ]0x0000387C:	PUSH	{R4, R5, R6, R7, LR}	;(SP=0x100FFFC0 R4=0xCBC0D7AC R5=0xCBC0D094 R6=0x000000E3 R7=0x100FFFE0 LR=0xCBBD7E09 )
(       libmtguard.so[0xCBBCB000])[03 AF       ]0x0000387E:	ADD	R7, SP, #0XC	;(SP=0x100FFFAC )
(       libmtguard.so[0xCBBCB000])[4D F8 04 BD ]0x00003880:	STR	FP, [SP, #-0X4]!	;(FP=0xCBC0B1C4 SP=0x100FFFAC )
(       libmtguard.so[0xCBBCB000])[05 46       ]0x00003884:	MOV	R5, R0	;(R0=0xCBBCFE51 )
(       libmtguard.so[0xCBBCB000])[01 20       ]0x00003886:	MOVS	R0, #1
(       libmtguard.so[0xCBBCB000])[10 21       ]0x00003888:	MOVS	R1, #0X10
(       libmtguard.so[0xCBBCB000])[00 22       ]0x0000388A:	MOVS	R2, #0
(       libmtguard.so[0xCBBCB000])[00 23       ]0x0000388C:	MOVS	R3, #0
(       libmtguard.so[0xCBBCB000])[00 26       ]0x0000388E:	MOVS	R6, #0
(       libmtguard.so[0xCBBCB000])[00 F0 C6 FA ]0x00003890:	BL	#0XCBBCEE20	;(PC=0xCBBCE890 )
(       libmtguard.so[0xCBBCB000])[B0 B5       ]0x00003E20:	PUSH	{R4, R5, R7, LR}	;(SP=0x100FFFA8 R4=0xCBC0D7AC R5=0xCBBCFE51 R7=0x100FFFB8 LR=0xCBBCE895 )
(       libmtguard.so[0xCBBCB000])[02 AF       ]0x00003E22:	ADD	R7, SP, #8	;(SP=0x100FFF98 )
(       libmtguard.so[0xCBBCB000])[01 FB 00 F5 ]0x00003E24:	MUL	R5, R1, R0	;(R1=0x00000010 R0=0x00000001 )
(       libmtguard.so[0xCBBCB000])[4D B1       ]0x00003E28:	CBZ	R5, #0XCBBCEE3E	;(R5=0x00000010 )
(       libmtguard.so[0xCBBCB000])[28 46       ]0x00003E2A:	MOV	R0, R5	;(R5=0x00000010 )
(       libmtguard.so[0xCBBCB000])[FE F7 C8 EB ]0x00003E2C:	BLX	#0XCBBCD5C0	;(PC=0xCBBCEE2C )
(       libmtguard.so[0xCBBCB000])[00 C6 8F E2 ]0x000025C0:	ADD	IP, PC, #0, #12	;(PC=0xCBBCD5C0 )
(       libmtguard.so[0xCBBCB000])[3D CA 8C E2 ]0x000025C4:	ADD	IP, IP, #0X3D000	;(IP=0xCBBCD5C8 )
(       libmtguard.so[0xCBBCB000])[04 F9 BC E5 ]0x000025C8:	LDR	PC, [IP, #0X904]!	;(IP=0xCBC0A5C8 )
(       libmtguard.so[0xCBBCB000])[04 46       ]0x00003E30:	MOV	R4, R0	;(R0=0x300490C8 )
(       libmtguard.so[0xCBBCB000])[24 B1       ]0x00003E32:	CBZ	R4, #0XCBBCEE3E	;(R4=0x300490C8 )
(       libmtguard.so[0xCBBCB000])[20 46       ]0x00003E34:	MOV	R0, R4	;(R4=0x300490C8 )
(       libmtguard.so[0xCBBCB000])[29 46       ]0x00003E36:	MOV	R1, R5	;(R5=0x00000010 )
(       libmtguard.so[0xCBBCB000])[FE F7 CE EB ]0x00003E38:	BLX	#0XCBBCD5D8	;(PC=0xCBBCEE38 )
(       libmtguard.so[0xCBBCB000])[00 C6 8F E2 ]0x000025D8:	ADD	IP, PC, #0, #12	;(PC=0xCBBCD5D8 )
(       libmtguard.so[0xCBBCB000])[3D CA 8C E2 ]0x000025DC:	ADD	IP, IP, #0X3D000	;(IP=0xCBBCD5E0 )
(       libmtguard.so[0xCBBCB000])[F4 F8 BC E5 ]0x000025E0:	LDR	PC, [IP, #0X8F4]!	;(IP=0xCBC0A5E0 )
(       libmtguard.so[0xCBBCB000])[00 E0       ]0x00003E3C:	B	#0XCBBCEE40
(       libmtguard.so[0xCBBCB000])[20 46       ]0x00003E40:	MOV	R0, R4	;(R4=0x300490C8 )
(       libmtguard.so[0xCBBCB000])[B0 BD       ]0x00003E42:	POP	{R4, R5, R7, PC}	;(SP=0x100FFF98 )
(       libmtguard.so[0xCBBCB000])[04 46       ]0x00003894:	MOV	R4, R0	;(R0=0x300490C8 )
(       libmtguard.so[0xCBBCB000])[94 B1       ]0x00003896:	CBZ	R4, #0XCBBCE8BE	;(R4=0x300490C8 )
(       libmtguard.so[0xCBBCB000])[0B 20       ]0x00003898:	MOVS	R0, #0XB
(       libmtguard.so[0xCBBCB000])[C4 E9 00 66 ]0x0000389A:	STRD	R6, R6, [R4]	;(R6=0x00000000 R4=0x300490C8 )
(       libmtguard.so[0xCBBCB000])[C4 E9 02 05 ]0x0000389E:	STRD	R0, R5, [R4, #8]	;(R0=0x0000000B R5=0xCBBCFE51 R4=0x300490C8 )
(       libmtguard.so[0xCBBCB000])[04 20       ]0x000038A2:	MOVS	R0, #4
(       libmtguard.so[0xCBBCB000])[0B 21       ]0x000038A4:	MOVS	R1, #0XB
(       libmtguard.so[0xCBBCB000])[00 22       ]0x000038A6:	MOVS	R2, #0
(       libmtguard.so[0xCBBCB000])[00 23       ]0x000038A8:	MOVS	R3, #0
(       libmtguard.so[0xCBBCB000])[00 F0 B9 FA ]0x000038AA:	BL	#0XCBBCEE20	;(PC=0xCBBCE8AA )
(       libmtguard.so[0xCBBCB000])[B0 B5       ]0x00003E20:	PUSH	{R4, R5, R7, LR}	;(SP=0x100FFFA8 R4=0x300490C8 R5=0xCBBCFE51 R7=0x100FFFB8 LR=0xCBBCE8AF )
(       libmtguard.so[0xCBBCB000])[02 AF       ]0x00003E22:	ADD	R7, SP, #8	;(SP=0x100FFF98 )
(       libmtguard.so[0xCBBCB000])[01 FB 00 F5 ]0x00003E24:	MUL	R5, R1, R0	;(R1=0x0000000B R0=0x00000004 )
(       libmtguard.so[0xCBBCB000])[4D B1       ]0x00003E28:	CBZ	R5, #0XCBBCEE3E	;(R5=0x0000002C )
(       libmtguard.so[0xCBBCB000])[28 46       ]0x00003E2A:	MOV	R0, R5	;(R5=0x0000002C )
(       libmtguard.so[0xCBBCB000])[FE F7 C8 EB ]0x00003E2C:	BLX	#0XCBBCD5C0	;(PC=0xCBBCEE2C )
(       libmtguard.so[0xCBBCB000])[00 C6 8F E2 ]0x000025C0:	ADD	IP, PC, #0, #12	;(PC=0xCBBCD5C0 )
(       libmtguard.so[0xCBBCB000])[3D CA 8C E2 ]0x000025C4:	ADD	IP, IP, #0X3D000	;(IP=0xCBBCD5C8 )
(       libmtguard.so[0xCBBCB000])[04 F9 BC E5 ]0x000025C8:	LDR	PC, [IP, #0X904]!	;(IP=0xCBC0A5C8 )
(       libmtguard.so[0xCBBCB000])[04 46       ]0x00003E30:	MOV	R4, R0	;(R0=0x300490E0 )
(       libmtguard.so[0xCBBCB000])[24 B1       ]0x00003E32:	CBZ	R4, #0XCBBCEE3E	;(R4=0x300490E0 )
(       libmtguard.so[0xCBBCB000])[20 46       ]0x00003E34:	MOV	R0, R4	;(R4=0x300490E0 )
(       libmtguard.so[0xCBBCB000])[29 46       ]0x00003E36:	MOV	R1, R5	;(R5=0x0000002C )
(       libmtguard.so[0xCBBCB000])[FE F7 CE EB ]0x00003E38:	BLX	#0XCBBCD5D8	;(PC=0xCBBCEE38 )
(       libmtguard.so[0xCBBCB000])[00 C6 8F E2 ]0x000025D8:	ADD	IP, PC, #0, #12	;(PC=0xCBBCD5D8 )
(       libmtguard.so[0xCBBCB000])[3D CA 8C E2 ]0x000025DC:	ADD	IP, IP, #0X3D000	;(IP=0xCBBCD5E0 )
(       libmtguard.so[0xCBBCB000])[F4 F8 BC E5 ]0x000025E0:	LDR	PC, [IP, #0X8F4]!	;(IP=0xCBC0A5E0 )
(       libmtguard.so[0xCBBCB000])[00 E0       ]0x00003E3C:	B	#0XCBBCEE40
(       libmtguard.so[0xCBBCB000])[20 46       ]0x00003E40:	MOV	R0, R4	;(R4=0x300490E0 )
(       libmtguard.so[0xCBBCB000])[B0 BD       ]0x00003E42:	POP	{R4, R5, R7, PC}	;(SP=0x100FFF98 )
(       libmtguard.so[0xCBBCB000])[00 28       ]0x000038AE:	CMP	R0, #0	;(R0=0x300490E0 )
(       libmtguard.so[0xCBBCB000])[20 60       ]0x000038B0:	STR	R0, [R4]	;(R0=0x300490E0 R4=0x300490C8 )
(       libmtguard.so[0xCBBCB000])[05 D1       ]0x000038B2:	BNE	#0XCBBCE8C0
(       libmtguard.so[0xCBBCB000])[20 46       ]0x000038C0:	MOV	R0, R4	;(R4=0x300490C8 )
(       libmtguard.so[0xCBBCB000])[5D F8 04 BB ]0x000038C2:	LDR	FP, [SP], #4	;(SP=0x100FFFA8 )
(       libmtguard.so[0xCBBCB000])[F0 BD       ]0x000038C6:	POP	{R4, R5, R6, R7, PC}	;(SP=0x100FFFAC )
(       libmtguard.so[0xCBBCB000])[01 36       ]0x0000CE08:	ADDS	R6, #1	;(R6=0x000000E3 )
(       libmtguard.so[0xCBBCB000])[60 60       ]0x0000CE0A:	STR	R0, [R4, #4]	;(R0=0x300490C8 R4=0xCBC0D7AC )
(       libmtguard.so[0xCBBCB000])[B6 F5 7C 7F ]0x0000CE0C:	CMP.W	R6, #0X3F0	;(R6=0x000000E4 )
(       libmtguard.so[0xCBBCB000])[F3 D1       ]0x0000CE10:	BNE	#0XCBBD7DFA
(       libmtguard.so[0xCBBCB000])[48 46       ]0x0000CDFA:	MOV	R0, SB	;(SB=0xCBBCFE51 )
(       libmtguard.so[0xCBBCB000])[45 F8 36 80 ]0x0000CDFC:	STR.W	R8, [R5, R6, LSL #3]	;(R8=0xFFFFFFFF R5=0xCBC0D094 R6=0x000000E4 )
(       libmtguard.so[0xCBBCB000])[05 EB C6 04 ]0x0000CE00:	ADD.W	R4, R5, R6, LSL #3	;(R5=0xCBC0D094 R6=0x000000E4 )
(       libmtguard.so[0xCBBCB000])[F6 F7 3A FD ]0x0000CE04:	BL	#0XCBBCE87C	;(PC=0xCBBD7E04 )
(       libmtguard.so[0xCBBCB000])[F0 B5       ]0x0000387C:	PUSH	{R4, R5, R6, R7, LR}	;(SP=0x100FFFC0 R4=0xCBC0D7B4 R5=0xCBC0D094 R6=0x000000E4 R7=0x100FFFE0 LR=0xCBBD7E09 )
(       libmtguard.so[0xCBBCB000])[03 AF       ]0x0000387E:	ADD	R7, SP, #0XC	;(SP=0x100FFFAC )
(       libmtguard.so[0xCBBCB000])[4D F8 04 BD ]0x00003880:	STR	FP, [SP, #-0X4]!	;(FP=0xCBC0B1C4 SP=0x100FFFAC )
(       libmtguard.so[0xCBBCB000])[05 46       ]0x00003884:	MOV	R5, R0	;(R0=0xCBBCFE51 )
(       libmtguard.so[0xCBBCB000])[01 20       ]0x00003886:	MOVS	R0, #1
(       libmtguard.so[0xCBBCB000])[10 21       ]0x00003888:	MOVS	R1, #0X10
(       libmtguard.so[0xCBBCB000])[00 22       ]0x0000388A:	MOVS	R2, #0
(       libmtguard.so[0xCBBCB000])[00 23       ]0x0000388C:	MOVS	R3, #0
(       libmtguard.so[0xCBBCB000])[00 26       ]0x0000388E:	MOVS	R6, #0
(       libmtguard.so[0xCBBCB000])[00 F0 C6 FA ]0x00003890:	BL	#0XCBBCEE20	;(PC=0xCBBCE890 )
(       libmtguard.so[0xCBBCB000])[B0 B5       ]0x00003E20:	PUSH	{R4, R5, R7, LR}	;(SP=0x100FFFA8 R4=0xCBC0D7B4 R5=0xCBBCFE51 R7=0x100FFFB8 LR=0xCBBCE895 )
(       libmtguard.so[0xCBBCB000])[02 AF       ]0x00003E22:	ADD	R7, SP, #8	;(SP=0x100FFF98 )
(       libmtguard.so[0xCBBCB000])[01 FB 00 F5 ]0x00003E24:	MUL	R5, R1, R0	;(R1=0x00000010 R0=0x00000001 )
(       libmtguard.so[0xCBBCB000])[4D B1       ]0x00003E28:	CBZ	R5, #0XCBBCEE3E	;(R5=0x00000010 )
(       libmtguard.so[0xCBBCB000])[28 46       ]0x00003E2A:	MOV	R0, R5	;(R5=0x00000010 )
(       libmtguard.so[0xCBBCB000])[FE F7 C8 EB ]0x00003E2C:	BLX	#0XCBBCD5C0	;(PC=0xCBBCEE2C )
(       libmtguard.so[0xCBBCB000])[00 C6 8F E2 ]0x000025C0:	ADD	IP, PC, #0, #12	;(PC=0xCBBCD5C0 )
(       libmtguard.so[0xCBBCB000])[3D CA 8C E2 ]0x000025C4:	ADD	IP, IP, #0X3D000	;(IP=0xCBBCD5C8 )
(       libmtguard.so[0xCBBCB000])[04 F9 BC E5 ]0x000025C8:	LDR	PC, [IP, #0X904]!	;(IP=0xCBC0A5C8 )
(       libmtguard.so[0xCBBCB000])[04 46       ]0x00003E30:	MOV	R4, R0	;(R0=0x30049110 )
(       libmtguard.so[0xCBBCB000])[24 B1       ]0x00003E32:	CBZ	R4, #0XCBBCEE3E	;(R4=0x30049110 )
(       libmtguard.so[0xCBBCB000])[20 46       ]0x00003E34:	MOV	R0, R4	;(R4=0x30049110 )
(       libmtguard.so[0xCBBCB000])[29 46       ]0x00003E36:	MOV	R1, R5	;(R5=0x00000010 )
(       libmtguard.so[0xCBBCB000])[FE F7 CE EB ]0x00003E38:	BLX	#0XCBBCD5D8	;(PC=0xCBBCEE38 )
(       libmtguard.so[0xCBBCB000])[00 C6 8F E2 ]0x000025D8:	ADD	IP, PC, #0, #12	;(PC=0xCBBCD5D8 )
(       libmtguard.so[0xCBBCB000])[3D CA 8C E2 ]0x000025DC:	ADD	IP, IP, #0X3D000	;(IP=0xCBBCD5E0 )
(       libmtguard.so[0xCBBCB000])[F4 F8 BC E5 ]0x000025E0:	LDR	PC, [IP, #0X8F4]!	;(IP=0xCBC0A5E0 )
(       libmtguard.so[0xCBBCB000])[00 E0       ]0x00003E3C:	B	#0XCBBCEE40
(       libmtguard.so[0xCBBCB000])[20 46       ]0x00003E40:	MOV	R0, R4	;(R4=0x30049110 )
(       libmtguard.so[0xCBBCB000])[B0 BD       ]0x00003E42:	POP	{R4, R5, R7, PC}	;(SP=0x100FFF98 )
(       libmtguard.so[0xCBBCB000])[04 46       ]0x00003894:	MOV	R4, R0	;(R0=0x30049110 )
(       libmtguard.so[0xCBBCB000])[94 B1       ]0x00003896:	CBZ	R4, #0XCBBCE8BE	;(R4=0x30049110 )
(       libmtguard.so[0xCBBCB000])[0B 20       ]0x00003898:	MOVS	R0, #0XB
(       libmtguard.so[0xCBBCB000])[C4 E9 00 66 ]0x0000389A:	STRD	R6, R6, [R4]	;(R6=0x00000000 R4=0x30049110 )
(       libmtguard.so[0xCBBCB000])[C4 E9 02 05 ]0x0000389E:	STRD	R0, R5, [R4, #8]	;(R0=0x0000000B R5=0xCBBCFE51 R4=0x30049110 )
(       libmtguard.so[0xCBBCB000])[04 20       ]0x000038A2:	MOVS	R0, #4
(       libmtguard.so[0xCBBCB000])[0B 21       ]0x000038A4:	MOVS	R1, #0XB
(       libmtguard.so[0xCBBCB000])[00 22       ]0x000038A6:	MOVS	R2, #0
(       libmtguard.so[0xCBBCB000])[00 23       ]0x000038A8:	MOVS	R3, #0
(       libmtguard.so[0xCBBCB000])[00 F0 B9 FA ]0x000038AA:	BL	#0XCBBCEE20	;(PC=0xCBBCE8AA )
(       libmtguard.so[0xCBBCB000])[B0 B5       ]0x00003E20:	PUSH	{R4, R5, R7, LR}	;(SP=0x100FFFA8 R4=0x30049110 R5=0xCBBCFE51 R7=0x100FFFB8 LR=0xCBBCE8AF )
(       libmtguard.so[0xCBBCB000])[02 AF       ]0x00003E22:	ADD	R7, SP, #8	;(SP=0x100FFF98 )
(       libmtguard.so[0xCBBCB000])[01 FB 00 F5 ]0x00003E24:	MUL	R5, R1, R0	;(R1=0x0000000B R0=0x00000004 )
(       libmtguard.so[0xCBBCB000])[4D B1       ]0x00003E28:	CBZ	R5, #0XCBBCEE3E	;(R5=0x0000002C )
(       libmtguard.so[0xCBBCB000])[28 46       ]0x00003E2A:	MOV	R0, R5	;(R5=0x0000002C )
(       libmtguard.so[0xCBBCB000])[FE F7 C8 EB ]0x00003E2C:	BLX	#0XCBBCD5C0	;(PC=0xCBBCEE2C )
(       libmtguard.so[0xCBBCB000])[00 C6 8F E2 ]0x000025C0:	ADD	IP, PC, #0, #12	;(PC=0xCBBCD5C0 )
(       libmtguard.so[0xCBBCB000])[3D CA 8C E2 ]0x000025C4:	ADD	IP, IP, #0X3D000	;(IP=0xCBBCD5C8 )
(       libmtguard.so[0xCBBCB000])[04 F9 BC E5 ]0x000025C8:	LDR	PC, [IP, #0X904]!	;(IP=0xCBC0A5C8 )
(       libmtguard.so[0xCBBCB000])[04 46       ]0x00003E30:	MOV	R4, R0	;(R0=0x30049128 )
(       libmtguard.so[0xCBBCB000])[24 B1       ]0x00003E32:	CBZ	R4, #0XCBBCEE3E	;(R4=0x30049128 )
(       libmtguard.so[0xCBBCB000])[20 46       ]0x00003E34:	MOV	R0, R4	;(R4=0x30049128 )
(       libmtguard.so[0xCBBCB000])[29 46       ]0x00003E36:	MOV	R1, R5	;(R5=0x0000002C )
(       libmtguard.so[0xCBBCB000])[FE F7 CE EB ]0x00003E38:	BLX	#0XCBBCD5D8	;(PC=0xCBBCEE38 )
(       libmtguard.so[0xCBBCB000])[00 C6 8F E2 ]0x000025D8:	ADD	IP, PC, #0, #12	;(PC=0xCBBCD5D8 )
(       libmtguard.so[0xCBBCB000])[3D CA 8C E2 ]0x000025DC:	ADD	IP, IP, #0X3D000	;(IP=0xCBBCD5E0 )
(       libmtguard.so[0xCBBCB000])[F4 F8 BC E5 ]0x000025E0:	LDR	PC, [IP, #0X8F4]!	;(IP=0xCBC0A5E0 )
(       libmtguard.so[0xCBBCB000])[00 E0       ]0x00003E3C:	B	#0XCBBCEE40
(       libmtguard.so[0xCBBCB000])[20 46       ]0x00003E40:	MOV	R0, R4	;(R4=0x30049128 )
(       libmtguard.so[0xCBBCB000])[B0 BD       ]0x00003E42:	POP	{R4, R5, R7, PC}	;(SP=0x100FFF98 )
(       libmtguard.so[0xCBBCB000])[00 28       ]0x000038AE:	CMP	R0, #0	;(R0=0x30049128 )
(       libmtguard.so[0xCBBCB000])[20 60       ]0x000038B0:	STR	R0, [R4]	;(R0=0x30049128 R4=0x30049110 )
(       libmtguard.so[0xCBBCB000])[05 D1       ]0x000038B2:	BNE	#0XCBBCE8C0
(       libmtguard.so[0xCBBCB000])[20 46       ]0x000038C0:	MOV	R0, R4	;(R4=0x30049110 )
(       libmtguard.so[0xCBBCB000])[5D F8 04 BB ]0x000038C2:	LDR	FP, [SP], #4	;(SP=0x100FFFA8 )
(       libmtguard.so[0xCBBCB000])[F0 BD       ]0x000038C6:	POP	{R4, R5, R6, R7, PC}	;(SP=0x100FFFAC )
(       libmtguard.so[0xCBBCB000])[01 36       ]0x0000CE08:	ADDS	R6, #1	;(R6=0x000000E4 )
(       libmtguard.so[0xCBBCB000])[60 60       ]0x0000CE0A:	STR	R0, [R4, #4]	;(R0=0x30049110 R4=0xCBC0D7B4 )
(       libmtguard.so[0xCBBCB000])[B6 F5 7C 7F ]0x0000CE0C:	CMP.W	R6, #0X3F0	;(R6=0x000000E5 )
(       libmtguard.so[0xCBBCB000])[F3 D1       ]0x0000CE10:	BNE	#0XCBBD7DFA
(       libmtguard.so[0xCBBCB000])[48 46       ]0x0000CDFA:	MOV	R0, SB	;(SB=0xCBBCFE51 )
(       libmtguard.so[0xCBBCB000])[45 F8 36 80 ]0x0000CDFC:	STR.W	R8, [R5, R6, LSL #3]	;(R8=0xFFFFFFFF R5=0xCBC0D094 R6=0x000000E5 )
(       libmtguard.so[0xCBBCB000])[05 EB C6 04 ]0x0000CE00:	ADD.W	R4, R5, R6, LSL #3	;(R5=0xCBC0D094 R6=0x000000E5 )
(       libmtguard.so[0xCBBCB000])[F6 F7 3A FD ]0x0000CE04:	BL	#0XCBBCE87C	;(PC=0xCBBD7E04 )
(       libmtguard.so[0xCBBCB000])[F0 B5       ]0x0000387C:	PUSH	{R4, R5, R6, R7, LR}	;(SP=0x100FFFC0 R4=0xCBC0D7BC R5=0xCBC0D094 R6=0x000000E5 R7=0x100FFFE0 LR=0xCBBD7E09 )
(       libmtguard.so[0xCBBCB000])[03 AF       ]0x0000387E:	ADD	R7, SP, #0XC	;(SP=0x100FFFAC )
(       libmtguard.so[0xCBBCB000])[4D F8 04 BD ]0x00003880:	STR	FP, [SP, #-0X4]!	;(FP=0xCBC0B1C4 SP=0x100FFFAC )
(       libmtguard.so[0xCBBCB000])[05 46       ]0x00003884:	MOV	R5, R0	;(R0=0xCBBCFE51 )
(       libmtguard.so[0xCBBCB000])[01 20       ]0x00003886:	MOVS	R0, #1
(       libmtguard.so[0xCBBCB000])[10 21       ]0x00003888:	MOVS	R1, #0X10
(       libmtguard.so[0xCBBCB000])[00 22       ]0x0000388A:	MOVS	R2, #0
(       libmtguard.so[0xCBBCB000])[00 23       ]0x0000388C:	MOVS	R3, #0
(       libmtguard.so[0xCBBCB000])[00 26       ]0x0000388E:	MOVS	R6, #0
(       libmtguard.so[0xCBBCB000])[00 F0 C6 FA ]0x00003890:	BL	#0XCBBCEE20	;(PC=0xCBBCE890 )
(       libmtguard.so[0xCBBCB000])[B0 B5       ]0x00003E20:	PUSH	{R4, R5, R7, LR}	;(SP=0x100FFFA8 R4=0xCBC0D7BC R5=0xCBBCFE51 R7=0x100FFFB8 LR=0xCBBCE895 )
(       libmtguard.so[0xCBBCB000])[02 AF       ]0x00003E22:	ADD	R7, SP, #8	;(SP=0x100FFF98 )
(       libmtguard.so[0xCBBCB000])[01 FB 00 F5 ]0x00003E24:	MUL	R5, R1, R0	;(R1=0x00000010 R0=0x00000001 )
(       libmtguard.so[0xCBBCB000])[4D B1       ]0x00003E28:	CBZ	R5, #0XCBBCEE3E	;(R5=0x00000010 )
(       libmtguard.so[0xCBBCB000])[28 46       ]0x00003E2A:	MOV	R0, R5	;(R5=0x00000010 )
(       libmtguard.so[0xCBBCB000])[FE F7 C8 EB ]0x00003E2C:	BLX	#0XCBBCD5C0	;(PC=0xCBBCEE2C )
(       libmtguard.so[0xCBBCB000])[00 C6 8F E2 ]0x000025C0:	ADD	IP, PC, #0, #12	;(PC=0xCBBCD5C0 )
(       libmtguard.so[0xCBBCB000])[3D CA 8C E2 ]0x000025C4:	ADD	IP, IP, #0X3D000	;(IP=0xCBBCD5C8 )
(       libmtguard.so[0xCBBCB000])[04 F9 BC E5 ]0x000025C8:	LDR	PC, [IP, #0X904]!	;(IP=0xCBC0A5C8 )
(       libmtguard.so[0xCBBCB000])[04 46       ]0x00003E30:	MOV	R4, R0	;(R0=0x30049158 )
(       libmtguard.so[0xCBBCB000])[24 B1       ]0x00003E32:	CBZ	R4, #0XCBBCEE3E	;(R4=0x30049158 )
(       libmtguard.so[0xCBBCB000])[20 46       ]0x00003E34:	MOV	R0, R4	;(R4=0x30049158 )
(       libmtguard.so[0xCBBCB000])[29 46       ]0x00003E36:	MOV	R1, R5	;(R5=0x00000010 )
(       libmtguard.so[0xCBBCB000])[FE F7 CE EB ]0x00003E38:	BLX	#0XCBBCD5D8	;(PC=0xCBBCEE38 )
(       libmtguard.so[0xCBBCB000])[00 C6 8F E2 ]0x000025D8:	ADD	IP, PC, #0, #12	;(PC=0xCBBCD5D8 )
(       libmtguard.so[0xCBBCB000])[3D CA 8C E2 ]0x000025DC:	ADD	IP, IP, #0X3D000	;(IP=0xCBBCD5E0 )
(       libmtguard.so[0xCBBCB000])[F4 F8 BC E5 ]0x000025E0:	LDR	PC, [IP, #0X8F4]!	;(IP=0xCBC0A5E0 )
(       libmtguard.so[0xCBBCB000])[00 E0       ]0x00003E3C:	B	#0XCBBCEE40
(       libmtguard.so[0xCBBCB000])[20 46       ]0x00003E40:	MOV	R0, R4	;(R4=0x30049158 )
(       libmtguard.so[0xCBBCB000])[B0 BD       ]0x00003E42:	POP	{R4, R5, R7, PC}	;(SP=0x100FFF98 )
(       libmtguard.so[0xCBBCB000])[04 46       ]0x00003894:	MOV	R4, R0	;(R0=0x30049158 )
(       libmtguard.so[0xCBBCB000])[94 B1       ]0x00003896:	CBZ	R4, #0XCBBCE8BE	;(R4=0x30049158 )
(       libmtguard.so[0xCBBCB000])[0B 20       ]0x00003898:	MOVS	R0, #0XB
(       libmtguard.so[0xCBBCB000])[C4 E9 00 66 ]0x0000389A:	STRD	R6, R6, [R4]	;(R6=0x00000000 R4=0x30049158 )
(       libmtguard.so[0xCBBCB000])[C4 E9 02 05 ]0x0000389E:	STRD	R0, R5, [R4, #8]	;(R0=0x0000000B R5=0xCBBCFE51 R4=0x30049158 )
(       libmtguard.so[0xCBBCB000])[04 20       ]0x000038A2:	MOVS	R0, #4
(       libmtguard.so[0xCBBCB000])[0B 21       ]0x000038A4:	MOVS	R1, #0XB
(       libmtguard.so[0xCBBCB000])[00 22       ]0x000038A6:	MOVS	R2, #0
(       libmtguard.so[0xCBBCB000])[00 23       ]0x000038A8:	MOVS	R3, #0
(       libmtguard.so[0xCBBCB000])[00 F0 B9 FA ]0x000038AA:	BL	#0XCBBCEE20	;(PC=0xCBBCE8AA )
(       libmtguard.so[0xCBBCB000])[B0 B5       ]0x00003E20:	PUSH	{R4, R5, R7, LR}	;(SP=0x100FFFA8 R4=0x30049158 R5=0xCBBCFE51 R7=0x100FFFB8 LR=0xCBBCE8AF )
(       libmtguard.so[0xCBBCB000])[02 AF       ]0x00003E22:	ADD	R7, SP, #8	;(SP=0x100FFF98 )
(       libmtguard.so[0xCBBCB000])[01 FB 00 F5 ]0x00003E24:	MUL	R5, R1, R0	;(R1=0x0000000B R0=0x00000004 )
(       libmtguard.so[0xCBBCB000])[4D B1       ]0x00003E28:	CBZ	R5, #0XCBBCEE3E	;(R5=0x0000002C )
(       libmtguard.so[0xCBBCB000])[28 46       ]0x00003E2A:	MOV	R0, R5	;(R5=0x0000002C )
(       libmtguard.so[0xCBBCB000])[FE F7 C8 EB ]0x00003E2C:	BLX	#0XCBBCD5C0	;(PC=0xCBBCEE2C )
(       libmtguard.so[0xCBBCB000])[00 C6 8F E2 ]0x000025C0:	ADD	IP, PC, #0, #12	;(PC=0xCBBCD5C0 )
(       libmtguard.so[0xCBBCB000])[3D CA 8C E2 ]0x000025C4:	ADD	IP, IP, #0X3D000	;(IP=0xCBBCD5C8 )
(       libmtguard.so[0xCBBCB000])[04 F9 BC E5 ]0x000025C8:	LDR	PC, [IP, #0X904]!	;(IP=0xCBC0A5C8 )
(       libmtguard.so[0xCBBCB000])[04 46       ]0x00003E30:	MOV	R4, R0	;(R0=0x30049170 )
(       libmtguard.so[0xCBBCB000])[24 B1       ]0x00003E32:	CBZ	R4, #0XCBBCEE3E	;(R4=0x30049170 )
(       libmtguard.so[0xCBBCB000])[20 46       ]0x00003E34:	MOV	R0, R4	;(R4=0x30049170 )
(       libmtguard.so[0xCBBCB000])[29 46       ]0x00003E36:	MOV	R1, R5	;(R5=0x0000002C )
(       libmtguard.so[0xCBBCB000])[FE F7 CE EB ]0x00003E38:	BLX	#0XCBBCD5D8	;(PC=0xCBBCEE38 )
(       libmtguard.so[0xCBBCB000])[00 C6 8F E2 ]0x000025D8:	ADD	IP, PC, #0, #12	;(PC=0xCBBCD5D8 )
(       libmtguard.so[0xCBBCB000])[3D CA 8C E2 ]0x000025DC:	ADD	IP, IP, #0X3D000	;(IP=0xCBBCD5E0 )
(       libmtguard.so[0xCBBCB000])[F4 F8 BC E5 ]0x000025E0:	LDR	PC, [IP, #0X8F4]!	;(IP=0xCBC0A5E0 )
(       libmtguard.so[0xCBBCB000])[00 E0       ]0x00003E3C:	B	#0XCBBCEE40
(       libmtguard.so[0xCBBCB000])[20 46       ]0x00003E40:	MOV	R0, R4	;(R4=0x30049170 )
(       libmtguard.so[0xCBBCB000])[B0 BD       ]0x00003E42:	POP	{R4, R5, R7, PC}	;(SP=0x100FFF98 )
(       libmtguard.so[0xCBBCB000])[00 28       ]0x000038AE:	CMP	R0, #0	;(R0=0x30049170 )
(       libmtguard.so[0xCBBCB000])[20 60       ]0x000038B0:	STR	R0, [R4]	;(R0=0x30049170 R4=0x30049158 )
(       libmtguard.so[0xCBBCB000])[05 D1       ]0x000038B2:	BNE	#0XCBBCE8C0
(       libmtguard.so[0xCBBCB000])[20 46       ]0x000038C0:	MOV	R0, R4	;(R4=0x30049158 )
(       libmtguard.so[0xCBBCB000])[5D F8 04 BB ]0x000038C2:	LDR	FP, [SP], #4	;(SP=0x100FFFA8 )
(       libmtguard.so[0xCBBCB000])[F0 BD       ]0x000038C6:	POP	{R4, R5, R6, R7, PC}	;(SP=0x100FFFAC )
(       libmtguard.so[0xCBBCB000])[01 36       ]0x0000CE08:	ADDS	R6, #1	;(R6=0x000000E5 )
(       libmtguard.so[0xCBBCB000])[60 60       ]0x0000CE0A:	STR	R0, [R4, #4]	;(R0=0x30049158 R4=0xCBC0D7BC )
(       libmtguard.so[0xCBBCB000])[B6 F5 7C 7F ]0x0000CE0C:	CMP.W	R6, #0X3F0	;(R6=0x000000E6 )
(       libmtguard.so[0xCBBCB000])[F3 D1       ]0x0000CE10:	BNE	#0XCBBD7DFA
(       libmtguard.so[0xCBBCB000])[48 46       ]0x0000CDFA:	MOV	R0, SB	;(SB=0xCBBCFE51 )
(       libmtguard.so[0xCBBCB000])[45 F8 36 80 ]0x0000CDFC:	STR.W	R8, [R5, R6, LSL #3]	;(R8=0xFFFFFFFF R5=0xCBC0D094 R6=0x000000E6 )
(       libmtguard.so[0xCBBCB000])[05 EB C6 04 ]0x0000CE00:	ADD.W	R4, R5, R6, LSL #3	;(R5=0xCBC0D094 R6=0x000000E6 )
(       libmtguard.so[0xCBBCB000])[F6 F7 3A FD ]0x0000CE04:	BL	#0XCBBCE87C	;(PC=0xCBBD7E04 )
(       libmtguard.so[0xCBBCB000])[F0 B5       ]0x0000387C:	PUSH	{R4, R5, R6, R7, LR}	;(SP=0x100FFFC0 R4=0xCBC0D7C4 R5=0xCBC0D094 R6=0x000000E6 R7=0x100FFFE0 LR=0xCBBD7E09 )
(       libmtguard.so[0xCBBCB000])[03 AF       ]0x0000387E:	ADD	R7, SP, #0XC	;(SP=0x100FFFAC )
(       libmtguard.so[0xCBBCB000])[4D F8 04 BD ]0x00003880:	STR	FP, [SP, #-0X4]!	;(FP=0xCBC0B1C4 SP=0x100FFFAC )
(       libmtguard.so[0xCBBCB000])[05 46       ]0x00003884:	MOV	R5, R0	;(R0=0xCBBCFE51 )
(       libmtguard.so[0xCBBCB000])[01 20       ]0x00003886:	MOVS	R0, #1
(       libmtguard.so[0xCBBCB000])[10 21       ]0x00003888:	MOVS	R1, #0X10
(       libmtguard.so[0xCBBCB000])[00 22       ]0x0000388A:	MOVS	R2, #0
(       libmtguard.so[0xCBBCB000])[00 23       ]0x0000388C:	MOVS	R3, #0
(       libmtguard.so[0xCBBCB000])[00 26       ]0x0000388E:	MOVS	R6, #0
(       libmtguard.so[0xCBBCB000])[00 F0 C6 FA ]0x00003890:	BL	#0XCBBCEE20	;(PC=0xCBBCE890 )
(       libmtguard.so[0xCBBCB000])[B0 B5       ]0x00003E20:	PUSH	{R4, R5, R7, LR}	;(SP=0x100FFFA8 R4=0xCBC0D7C4 R5=0xCBBCFE51 R7=0x100FFFB8 LR=0xCBBCE895 )
(       libmtguard.so[0xCBBCB000])[02 AF       ]0x00003E22:	ADD	R7, SP, #8	;(SP=0x100FFF98 )
(       libmtguard.so[0xCBBCB000])[01 FB 00 F5 ]0x00003E24:	MUL	R5, R1, R0	;(R1=0x00000010 R0=0x00000001 )
(       libmtguard.so[0xCBBCB000])[4D B1       ]0x00003E28:	CBZ	R5, #0XCBBCEE3E	;(R5=0x00000010 )
(       libmtguard.so[0xCBBCB000])[28 46       ]0x00003E2A:	MOV	R0, R5	;(R5=0x00000010 )
(       libmtguard.so[0xCBBCB000])[FE F7 C8 EB ]0x00003E2C:	BLX	#0XCBBCD5C0	;(PC=0xCBBCEE2C )
(       libmtguard.so[0xCBBCB000])[00 C6 8F E2 ]0x000025C0:	ADD	IP, PC, #0, #12	;(PC=0xCBBCD5C0 )
(       libmtguard.so[0xCBBCB000])[3D CA 8C E2 ]0x000025C4:	ADD	IP, IP, #0X3D000	;(IP=0xCBBCD5C8 )
(       libmtguard.so[0xCBBCB000])[04 F9 BC E5 ]0x000025C8:	LDR	PC, [IP, #0X904]!	;(IP=0xCBC0A5C8 )
(       libmtguard.so[0xCBBCB000])[04 46       ]0x00003E30:	MOV	R4, R0	;(R0=0x300491A0 )
(       libmtguard.so[0xCBBCB000])[24 B1       ]0x00003E32:	CBZ	R4, #0XCBBCEE3E	;(R4=0x300491A0 )
(       libmtguard.so[0xCBBCB000])[20 46       ]0x00003E34:	MOV	R0, R4	;(R4=0x300491A0 )
(       libmtguard.so[0xCBBCB000])[29 46       ]0x00003E36:	MOV	R1, R5	;(R5=0x00000010 )
(       libmtguard.so[0xCBBCB000])[FE F7 CE EB ]0x00003E38:	BLX	#0XCBBCD5D8	;(PC=0xCBBCEE38 )
(       libmtguard.so[0xCBBCB000])[00 C6 8F E2 ]0x000025D8:	ADD	IP, PC, #0, #12	;(PC=0xCBBCD5D8 )
(       libmtguard.so[0xCBBCB000])[3D CA 8C E2 ]0x000025DC:	ADD	IP, IP, #0X3D000	;(IP=0xCBBCD5E0 )
(       libmtguard.so[0xCBBCB000])[F4 F8 BC E5 ]0x000025E0:	LDR	PC, [IP, #0X8F4]!	;(IP=0xCBC0A5E0 )
(       libmtguard.so[0xCBBCB000])[00 E0       ]0x00003E3C:	B	#0XCBBCEE40
(       libmtguard.so[0xCBBCB000])[20 46       ]0x00003E40:	MOV	R0, R4	;(R4=0x300491A0 )
(       libmtguard.so[0xCBBCB000])[B0 BD       ]0x00003E42:	POP	{R4, R5, R7, PC}	;(SP=0x100FFF98 )
(       libmtguard.so[0xCBBCB000])[04 46       ]0x00003894:	MOV	R4, R0	;(R0=0x300491A0 )
(       libmtguard.so[0xCBBCB000])[94 B1       ]0x00003896:	CBZ	R4, #0XCBBCE8BE	;(R4=0x300491A0 )
(       libmtguard.so[0xCBBCB000])[0B 20       ]0x00003898:	MOVS	R0, #0XB
(       libmtguard.so[0xCBBCB000])[C4 E9 00 66 ]0x0000389A:	STRD	R6, R6, [R4]	;(R6=0x00000000 R4=0x300491A0 )
(       libmtguard.so[0xCBBCB000])[C4 E9 02 05 ]0x0000389E:	STRD	R0, R5, [R4, #8]	;(R0=0x0000000B R5=0xCBBCFE51 R4=0x300491A0 )
(       libmtguard.so[0xCBBCB000])[04 20       ]0x000038A2:	MOVS	R0, #4
(       libmtguard.so[0xCBBCB000])[0B 21       ]0x000038A4:	MOVS	R1, #0XB
(       libmtguard.so[0xCBBCB000])[00 22       ]0x000038A6:	MOVS	R2, #0
(       libmtguard.so[0xCBBCB000])[00 23       ]0x000038A8:	MOVS	R3, #0
(       libmtguard.so[0xCBBCB000])[00 F0 B9 FA ]0x000038AA:	BL	#0XCBBCEE20	;(PC=0xCBBCE8AA )
(       libmtguard.so[0xCBBCB000])[B0 B5       ]0x00003E20:	PUSH	{R4, R5, R7, LR}	;(SP=0x100FFFA8 R4=0x300491A0 R5=0xCBBCFE51 R7=0x100FFFB8 LR=0xCBBCE8AF )
(       libmtguard.so[0xCBBCB000])[02 AF       ]0x00003E22:	ADD	R7, SP, #8	;(SP=0x100FFF98 )
(       libmtguard.so[0xCBBCB000])[01 FB 00 F5 ]0x00003E24:	MUL	R5, R1, R0	;(R1=0x0000000B R0=0x00000004 )
(       libmtguard.so[0xCBBCB000])[4D B1       ]0x00003E28:	CBZ	R5, #0XCBBCEE3E	;(R5=0x0000002C )
(       libmtguard.so[0xCBBCB000])[28 46       ]0x00003E2A:	MOV	R0, R5	;(R5=0x0000002C )
(       libmtguard.so[0xCBBCB000])[FE F7 C8 EB ]0x00003E2C:	BLX	#0XCBBCD5C0	;(PC=0xCBBCEE2C )
(       libmtguard.so[0xCBBCB000])[00 C6 8F E2 ]0x000025C0:	ADD	IP, PC, #0, #12	;(PC=0xCBBCD5C0 )
(       libmtguard.so[0xCBBCB000])[3D CA 8C E2 ]0x000025C4:	ADD	IP, IP, #0X3D000	;(IP=0xCBBCD5C8 )
(       libmtguard.so[0xCBBCB000])[04 F9 BC E5 ]0x000025C8:	LDR	PC, [IP, #0X904]!	;(IP=0xCBC0A5C8 )
(       libmtguard.so[0xCBBCB000])[04 46       ]0x00003E30:	MOV	R4, R0	;(R0=0x300491B8 )
(       libmtguard.so[0xCBBCB000])[24 B1       ]0x00003E32:	CBZ	R4, #0XCBBCEE3E	;(R4=0x300491B8 )
(       libmtguard.so[0xCBBCB000])[20 46       ]0x00003E34:	MOV	R0, R4	;(R4=0x300491B8 )
(       libmtguard.so[0xCBBCB000])[29 46       ]0x00003E36:	MOV	R1, R5	;(R5=0x0000002C )
(       libmtguard.so[0xCBBCB000])[FE F7 CE EB ]0x00003E38:	BLX	#0XCBBCD5D8	;(PC=0xCBBCEE38 )
(       libmtguard.so[0xCBBCB000])[00 C6 8F E2 ]0x000025D8:	ADD	IP, PC, #0, #12	;(PC=0xCBBCD5D8 )
(       libmtguard.so[0xCBBCB000])[3D CA 8C E2 ]0x000025DC:	ADD	IP, IP, #0X3D000	;(IP=0xCBBCD5E0 )
(       libmtguard.so[0xCBBCB000])[F4 F8 BC E5 ]0x000025E0:	LDR	PC, [IP, #0X8F4]!	;(IP=0xCBC0A5E0 )
(       libmtguard.so[0xCBBCB000])[00 E0       ]0x00003E3C:	B	#0XCBBCEE40
(       libmtguard.so[0xCBBCB000])[20 46       ]0x00003E40:	MOV	R0, R4	;(R4=0x300491B8 )
(       libmtguard.so[0xCBBCB000])[B0 BD       ]0x00003E42:	POP	{R4, R5, R7, PC}	;(SP=0x100FFF98 )
(       libmtguard.so[0xCBBCB000])[00 28       ]0x000038AE:	CMP	R0, #0	;(R0=0x300491B8 )
(       libmtguard.so[0xCBBCB000])[20 60       ]0x000038B0:	STR	R0, [R4]	;(R0=0x300491B8 R4=0x300491A0 )
(       libmtguard.so[0xCBBCB000])[05 D1       ]0x000038B2:	BNE	#0XCBBCE8C0
(       libmtguard.so[0xCBBCB000])[20 46       ]0x000038C0:	MOV	R0, R4	;(R4=0x300491A0 )
(       libmtguard.so[0xCBBCB000])[5D F8 04 BB ]0x000038C2:	LDR	FP, [SP], #4	;(SP=0x100FFFA8 )
(       libmtguard.so[0xCBBCB000])[F0 BD       ]0x000038C6:	POP	{R4, R5, R6, R7, PC}	;(SP=0x100FFFAC )
(       libmtguard.so[0xCBBCB000])[01 36       ]0x0000CE08:	ADDS	R6, #1	;(R6=0x000000E6 )
(       libmtguard.so[0xCBBCB000])[60 60       ]0x0000CE0A:	STR	R0, [R4, #4]	;(R0=0x300491A0 R4=0xCBC0D7C4 )
(       libmtguard.so[0xCBBCB000])[B6 F5 7C 7F ]0x0000CE0C:	CMP.W	R6, #0X3F0	;(R6=0x000000E7 )
(       libmtguard.so[0xCBBCB000])[F3 D1       ]0x0000CE10:	BNE	#0XCBBD7DFA
(       libmtguard.so[0xCBBCB000])[48 46       ]0x0000CDFA:	MOV	R0, SB	;(SB=0xCBBCFE51 )
(       libmtguard.so[0xCBBCB000])[45 F8 36 80 ]0x0000CDFC:	STR.W	R8, [R5, R6, LSL #3]	;(R8=0xFFFFFFFF R5=0xCBC0D094 R6=0x000000E7 )
(       libmtguard.so[0xCBBCB000])[05 EB C6 04 ]0x0000CE00:	ADD.W	R4, R5, R6, LSL #3	;(R5=0xCBC0D094 R6=0x000000E7 )
(       libmtguard.so[0xCBBCB000])[F6 F7 3A FD ]0x0000CE04:	BL	#0XCBBCE87C	;(PC=0xCBBD7E04 )
(       libmtguard.so[0xCBBCB000])[F0 B5       ]0x0000387C:	PUSH	{R4, R5, R6, R7, LR}	;(SP=0x100FFFC0 R4=0xCBC0D7CC R5=0xCBC0D094 R6=0x000000E7 R7=0x100FFFE0 LR=0xCBBD7E09 )
(       libmtguard.so[0xCBBCB000])[03 AF       ]0x0000387E:	ADD	R7, SP, #0XC	;(SP=0x100FFFAC )
(       libmtguard.so[0xCBBCB000])[4D F8 04 BD ]0x00003880:	STR	FP, [SP, #-0X4]!	;(FP=0xCBC0B1C4 SP=0x100FFFAC )
(       libmtguard.so[0xCBBCB000])[05 46       ]0x00003884:	MOV	R5, R0	;(R0=0xCBBCFE51 )
(       libmtguard.so[0xCBBCB000])[01 20       ]0x00003886:	MOVS	R0, #1
(       libmtguard.so[0xCBBCB000])[10 21       ]0x00003888:	MOVS	R1, #0X10
(       libmtguard.so[0xCBBCB000])[00 22       ]0x0000388A:	MOVS	R2, #0
(       libmtguard.so[0xCBBCB000])[00 23       ]0x0000388C:	MOVS	R3, #0
(       libmtguard.so[0xCBBCB000])[00 26       ]0x0000388E:	MOVS	R6, #0
(       libmtguard.so[0xCBBCB000])[00 F0 C6 FA ]0x00003890:	BL	#0XCBBCEE20	;(PC=0xCBBCE890 )
(       libmtguard.so[0xCBBCB000])[B0 B5       ]0x00003E20:	PUSH	{R4, R5, R7, LR}	;(SP=0x100FFFA8 R4=0xCBC0D7CC R5=0xCBBCFE51 R7=0x100FFFB8 LR=0xCBBCE895 )
(       libmtguard.so[0xCBBCB000])[02 AF       ]0x00003E22:	ADD	R7, SP, #8	;(SP=0x100FFF98 )
(       libmtguard.so[0xCBBCB000])[01 FB 00 F5 ]0x00003E24:	MUL	R5, R1, R0	;(R1=0x00000010 R0=0x00000001 )
(       libmtguard.so[0xCBBCB000])[4D B1       ]0x00003E28:	CBZ	R5, #0XCBBCEE3E	;(R5=0x00000010 )
(       libmtguard.so[0xCBBCB000])[28 46       ]0x00003E2A:	MOV	R0, R5	;(R5=0x00000010 )
(       libmtguard.so[0xCBBCB000])[FE F7 C8 EB ]0x00003E2C:	BLX	#0XCBBCD5C0	;(PC=0xCBBCEE2C )
(       libmtguard.so[0xCBBCB000])[00 C6 8F E2 ]0x000025C0:	ADD	IP, PC, #0, #12	;(PC=0xCBBCD5C0 )
(       libmtguard.so[0xCBBCB000])[3D CA 8C E2 ]0x000025C4:	ADD	IP, IP, #0X3D000	;(IP=0xCBBCD5C8 )
(       libmtguard.so[0xCBBCB000])[04 F9 BC E5 ]0x000025C8:	LDR	PC, [IP, #0X904]!	;(IP=0xCBC0A5C8 )
(       libmtguard.so[0xCBBCB000])[04 46       ]0x00003E30:	MOV	R4, R0	;(R0=0x300491E8 )
(       libmtguard.so[0xCBBCB000])[24 B1       ]0x00003E32:	CBZ	R4, #0XCBBCEE3E	;(R4=0x300491E8 )
(       libmtguard.so[0xCBBCB000])[20 46       ]0x00003E34:	MOV	R0, R4	;(R4=0x300491E8 )
(       libmtguard.so[0xCBBCB000])[29 46       ]0x00003E36:	MOV	R1, R5	;(R5=0x00000010 )
(       libmtguard.so[0xCBBCB000])[FE F7 CE EB ]0x00003E38:	BLX	#0XCBBCD5D8	;(PC=0xCBBCEE38 )
(       libmtguard.so[0xCBBCB000])[00 C6 8F E2 ]0x000025D8:	ADD	IP, PC, #0, #12	;(PC=0xCBBCD5D8 )
(       libmtguard.so[0xCBBCB000])[3D CA 8C E2 ]0x000025DC:	ADD	IP, IP, #0X3D000	;(IP=0xCBBCD5E0 )
(       libmtguard.so[0xCBBCB000])[F4 F8 BC E5 ]0x000025E0:	LDR	PC, [IP, #0X8F4]!	;(IP=0xCBC0A5E0 )
(       libmtguard.so[0xCBBCB000])[00 E0       ]0x00003E3C:	B	#0XCBBCEE40
(       libmtguard.so[0xCBBCB000])[20 46       ]0x00003E40:	MOV	R0, R4	;(R4=0x300491E8 )
(       libmtguard.so[0xCBBCB000])[B0 BD       ]0x00003E42:	POP	{R4, R5, R7, PC}	;(SP=0x100FFF98 )
(       libmtguard.so[0xCBBCB000])[04 46       ]0x00003894:	MOV	R4, R0	;(R0=0x300491E8 )
(       libmtguard.so[0xCBBCB000])[94 B1       ]0x00003896:	CBZ	R4, #0XCBBCE8BE	;(R4=0x300491E8 )
(       libmtguard.so[0xCBBCB000])[0B 20       ]0x00003898:	MOVS	R0, #0XB
(       libmtguard.so[0xCBBCB000])[C4 E9 00 66 ]0x0000389A:	STRD	R6, R6, [R4]	;(R6=0x00000000 R4=0x300491E8 )
(       libmtguard.so[0xCBBCB000])[C4 E9 02 05 ]0x0000389E:	STRD	R0, R5, [R4, #8]	;(R0=0x0000000B R5=0xCBBCFE51 R4=0x300491E8 )
(       libmtguard.so[0xCBBCB000])[04 20       ]0x000038A2:	MOVS	R0, #4
(       libmtguard.so[0xCBBCB000])[0B 21       ]0x000038A4:	MOVS	R1, #0XB
(       libmtguard.so[0xCBBCB000])[00 22       ]0x000038A6:	MOVS	R2, #0
(       libmtguard.so[0xCBBCB000])[00 23       ]0x000038A8:	MOVS	R3, #0
(       libmtguard.so[0xCBBCB000])[00 F0 B9 FA ]0x000038AA:	BL	#0XCBBCEE20	;(PC=0xCBBCE8AA )
(       libmtguard.so[0xCBBCB000])[B0 B5       ]0x00003E20:	PUSH	{R4, R5, R7, LR}	;(SP=0x100FFFA8 R4=0x300491E8 R5=0xCBBCFE51 R7=0x100FFFB8 LR=0xCBBCE8AF )
(       libmtguard.so[0xCBBCB000])[02 AF       ]0x00003E22:	ADD	R7, SP, #8	;(SP=0x100FFF98 )
(       libmtguard.so[0xCBBCB000])[01 FB 00 F5 ]0x00003E24:	MUL	R5, R1, R0	;(R1=0x0000000B R0=0x00000004 )
(       libmtguard.so[0xCBBCB000])[4D B1       ]0x00003E28:	CBZ	R5, #0XCBBCEE3E	;(R5=0x0000002C )
(       libmtguard.so[0xCBBCB000])[28 46       ]0x00003E2A:	MOV	R0, R5	;(R5=0x0000002C )
(       libmtguard.so[0xCBBCB000])[FE F7 C8 EB ]0x00003E2C:	BLX	#0XCBBCD5C0	;(PC=0xCBBCEE2C )
(       libmtguard.so[0xCBBCB000])[00 C6 8F E2 ]0x000025C0:	ADD	IP, PC, #0, #12	;(PC=0xCBBCD5C0 )
(       libmtguard.so[0xCBBCB000])[3D CA 8C E2 ]0x000025C4:	ADD	IP, IP, #0X3D000	;(IP=0xCBBCD5C8 )
(       libmtguard.so[0xCBBCB000])[04 F9 BC E5 ]0x000025C8:	LDR	PC, [IP, #0X904]!	;(IP=0xCBC0A5C8 )
(       libmtguard.so[0xCBBCB000])[04 46       ]0x00003E30:	MOV	R4, R0	;(R0=0x30049200 )
(       libmtguard.so[0xCBBCB000])[24 B1       ]0x00003E32:	CBZ	R4, #0XCBBCEE3E	;(R4=0x30049200 )
(       libmtguard.so[0xCBBCB000])[20 46       ]0x00003E34:	MOV	R0, R4	;(R4=0x30049200 )
(       libmtguard.so[0xCBBCB000])[29 46       ]0x00003E36:	MOV	R1, R5	;(R5=0x0000002C )
(       libmtguard.so[0xCBBCB000])[FE F7 CE EB ]0x00003E38:	BLX	#0XCBBCD5D8	;(PC=0xCBBCEE38 )
(       libmtguard.so[0xCBBCB000])[00 C6 8F E2 ]0x000025D8:	ADD	IP, PC, #0, #12	;(PC=0xCBBCD5D8 )
(       libmtguard.so[0xCBBCB000])[3D CA 8C E2 ]0x000025DC:	ADD	IP, IP, #0X3D000	;(IP=0xCBBCD5E0 )
(       libmtguard.so[0xCBBCB000])[F4 F8 BC E5 ]0x000025E0:	LDR	PC, [IP, #0X8F4]!	;(IP=0xCBC0A5E0 )
(       libmtguard.so[0xCBBCB000])[00 E0       ]0x00003E3C:	B	#0XCBBCEE40
(       libmtguard.so[0xCBBCB000])[20 46       ]0x00003E40:	MOV	R0, R4	;(R4=0x30049200 )
(       libmtguard.so[0xCBBCB000])[B0 BD       ]0x00003E42:	POP	{R4, R5, R7, PC}	;(SP=0x100FFF98 )
(       libmtguard.so[0xCBBCB000])[00 28       ]0x000038AE:	CMP	R0, #0	;(R0=0x30049200 )
(       libmtguard.so[0xCBBCB000])[20 60       ]0x000038B0:	STR	R0, [R4]	;(R0=0x30049200 R4=0x300491E8 )
(       libmtguard.so[0xCBBCB000])[05 D1       ]0x000038B2:	BNE	#0XCBBCE8C0
(       libmtguard.so[0xCBBCB000])[20 46       ]0x000038C0:	MOV	R0, R4	;(R4=0x300491E8 )
(       libmtguard.so[0xCBBCB000])[5D F8 04 BB ]0x000038C2:	LDR	FP, [SP], #4	;(SP=0x100FFFA8 )
(       libmtguard.so[0xCBBCB000])[F0 BD       ]0x000038C6:	POP	{R4, R5, R6, R7, PC}	;(SP=0x100FFFAC )
(       libmtguard.so[0xCBBCB000])[01 36       ]0x0000CE08:	ADDS	R6, #1	;(R6=0x000000E7 )
(       libmtguard.so[0xCBBCB000])[60 60       ]0x0000CE0A:	STR	R0, [R4, #4]	;(R0=0x300491E8 R4=0xCBC0D7CC )
(       libmtguard.so[0xCBBCB000])[B6 F5 7C 7F ]0x0000CE0C:	CMP.W	R6, #0X3F0	;(R6=0x000000E8 )
(       libmtguard.so[0xCBBCB000])[F3 D1       ]0x0000CE10:	BNE	#0XCBBD7DFA
(       libmtguard.so[0xCBBCB000])[48 46       ]0x0000CDFA:	MOV	R0, SB	;(SB=0xCBBCFE51 )
(       libmtguard.so[0xCBBCB000])[45 F8 36 80 ]0x0000CDFC:	STR.W	R8, [R5, R6, LSL #3]	;(R8=0xFFFFFFFF R5=0xCBC0D094 R6=0x000000E8 )
(       libmtguard.so[0xCBBCB000])[05 EB C6 04 ]0x0000CE00:	ADD.W	R4, R5, R6, LSL #3	;(R5=0xCBC0D094 R6=0x000000E8 )
(       libmtguard.so[0xCBBCB000])[F6 F7 3A FD ]0x0000CE04:	BL	#0XCBBCE87C	;(PC=0xCBBD7E04 )
(       libmtguard.so[0xCBBCB000])[F0 B5       ]0x0000387C:	PUSH	{R4, R5, R6, R7, LR}	;(SP=0x100FFFC0 R4=0xCBC0D7D4 R5=0xCBC0D094 R6=0x000000E8 R7=0x100FFFE0 LR=0xCBBD7E09 )
(       libmtguard.so[0xCBBCB000])[03 AF       ]0x0000387E:	ADD	R7, SP, #0XC	;(SP=0x100FFFAC )
(       libmtguard.so[0xCBBCB000])[4D F8 04 BD ]0x00003880:	STR	FP, [SP, #-0X4]!	;(FP=0xCBC0B1C4 SP=0x100FFFAC )
(       libmtguard.so[0xCBBCB000])[05 46       ]0x00003884:	MOV	R5, R0	;(R0=0xCBBCFE51 )
(       libmtguard.so[0xCBBCB000])[01 20       ]0x00003886:	MOVS	R0, #1
(       libmtguard.so[0xCBBCB000])[10 21       ]0x00003888:	MOVS	R1, #0X10
(       libmtguard.so[0xCBBCB000])[00 22       ]0x0000388A:	MOVS	R2, #0
(       libmtguard.so[0xCBBCB000])[00 23       ]0x0000388C:	MOVS	R3, #0
(       libmtguard.so[0xCBBCB000])[00 26       ]0x0000388E:	MOVS	R6, #0
(       libmtguard.so[0xCBBCB000])[00 F0 C6 FA ]0x00003890:	BL	#0XCBBCEE20	;(PC=0xCBBCE890 )
(       libmtguard.so[0xCBBCB000])[B0 B5       ]0x00003E20:	PUSH	{R4, R5, R7, LR}	;(SP=0x100FFFA8 R4=0xCBC0D7D4 R5=0xCBBCFE51 R7=0x100FFFB8 LR=0xCBBCE895 )
(       libmtguard.so[0xCBBCB000])[02 AF       ]0x00003E22:	ADD	R7, SP, #8	;(SP=0x100FFF98 )
(       libmtguard.so[0xCBBCB000])[01 FB 00 F5 ]0x00003E24:	MUL	R5, R1, R0	;(R1=0x00000010 R0=0x00000001 )
(       libmtguard.so[0xCBBCB000])[4D B1       ]0x00003E28:	CBZ	R5, #0XCBBCEE3E	;(R5=0x00000010 )
(       libmtguard.so[0xCBBCB000])[28 46       ]0x00003E2A:	MOV	R0, R5	;(R5=0x00000010 )
(       libmtguard.so[0xCBBCB000])[FE F7 C8 EB ]0x00003E2C:	BLX	#0XCBBCD5C0	;(PC=0xCBBCEE2C )
(       libmtguard.so[0xCBBCB000])[00 C6 8F E2 ]0x000025C0:	ADD	IP, PC, #0, #12	;(PC=0xCBBCD5C0 )
(       libmtguard.so[0xCBBCB000])[3D CA 8C E2 ]0x000025C4:	ADD	IP, IP, #0X3D000	;(IP=0xCBBCD5C8 )
(       libmtguard.so[0xCBBCB000])[04 F9 BC E5 ]0x000025C8:	LDR	PC, [IP, #0X904]!	;(IP=0xCBC0A5C8 )
(       libmtguard.so[0xCBBCB000])[04 46       ]0x00003E30:	MOV	R4, R0	;(R0=0x30049230 )
(       libmtguard.so[0xCBBCB000])[24 B1       ]0x00003E32:	CBZ	R4, #0XCBBCEE3E	;(R4=0x30049230 )
(       libmtguard.so[0xCBBCB000])[20 46       ]0x00003E34:	MOV	R0, R4	;(R4=0x30049230 )
(       libmtguard.so[0xCBBCB000])[29 46       ]0x00003E36:	MOV	R1, R5	;(R5=0x00000010 )
(       libmtguard.so[0xCBBCB000])[FE F7 CE EB ]0x00003E38:	BLX	#0XCBBCD5D8	;(PC=0xCBBCEE38 )
(       libmtguard.so[0xCBBCB000])[00 C6 8F E2 ]0x000025D8:	ADD	IP, PC, #0, #12	;(PC=0xCBBCD5D8 )
(       libmtguard.so[0xCBBCB000])[3D CA 8C E2 ]0x000025DC:	ADD	IP, IP, #0X3D000	;(IP=0xCBBCD5E0 )
(       libmtguard.so[0xCBBCB000])[F4 F8 BC E5 ]0x000025E0:	LDR	PC, [IP, #0X8F4]!	;(IP=0xCBC0A5E0 )
(       libmtguard.so[0xCBBCB000])[00 E0       ]0x00003E3C:	B	#0XCBBCEE40
(       libmtguard.so[0xCBBCB000])[20 46       ]0x00003E40:	MOV	R0, R4	;(R4=0x30049230 )
(       libmtguard.so[0xCBBCB000])[B0 BD       ]0x00003E42:	POP	{R4, R5, R7, PC}	;(SP=0x100FFF98 )
(       libmtguard.so[0xCBBCB000])[04 46       ]0x00003894:	MOV	R4, R0	;(R0=0x30049230 )
(       libmtguard.so[0xCBBCB000])[94 B1       ]0x00003896:	CBZ	R4, #0XCBBCE8BE	;(R4=0x30049230 )
(       libmtguard.so[0xCBBCB000])[0B 20       ]0x00003898:	MOVS	R0, #0XB
(       libmtguard.so[0xCBBCB000])[C4 E9 00 66 ]0x0000389A:	STRD	R6, R6, [R4]	;(R6=0x00000000 R4=0x30049230 )
(       libmtguard.so[0xCBBCB000])[C4 E9 02 05 ]0x0000389E:	STRD	R0, R5, [R4, #8]	;(R0=0x0000000B R5=0xCBBCFE51 R4=0x30049230 )
(       libmtguard.so[0xCBBCB000])[04 20       ]0x000038A2:	MOVS	R0, #4
(       libmtguard.so[0xCBBCB000])[0B 21       ]0x000038A4:	MOVS	R1, #0XB
(       libmtguard.so[0xCBBCB000])[00 22       ]0x000038A6:	MOVS	R2, #0
(       libmtguard.so[0xCBBCB000])[00 23       ]0x000038A8:	MOVS	R3, #0
(       libmtguard.so[0xCBBCB000])[00 F0 B9 FA ]0x000038AA:	BL	#0XCBBCEE20	;(PC=0xCBBCE8AA )
(       libmtguard.so[0xCBBCB000])[B0 B5       ]0x00003E20:	PUSH	{R4, R5, R7, LR}	;(SP=0x100FFFA8 R4=0x30049230 R5=0xCBBCFE51 R7=0x100FFFB8 LR=0xCBBCE8AF )
(       libmtguard.so[0xCBBCB000])[02 AF       ]0x00003E22:	ADD	R7, SP, #8	;(SP=0x100FFF98 )
(       libmtguard.so[0xCBBCB000])[01 FB 00 F5 ]0x00003E24:	MUL	R5, R1, R0	;(R1=0x0000000B R0=0x00000004 )
(       libmtguard.so[0xCBBCB000])[4D B1       ]0x00003E28:	CBZ	R5, #0XCBBCEE3E	;(R5=0x0000002C )
(       libmtguard.so[0xCBBCB000])[28 46       ]0x00003E2A:	MOV	R0, R5	;(R5=0x0000002C )
(       libmtguard.so[0xCBBCB000])[FE F7 C8 EB ]0x00003E2C:	BLX	#0XCBBCD5C0	;(PC=0xCBBCEE2C )
(       libmtguard.so[0xCBBCB000])[00 C6 8F E2 ]0x000025C0:	ADD	IP, PC, #0, #12	;(PC=0xCBBCD5C0 )
(       libmtguard.so[0xCBBCB000])[3D CA 8C E2 ]0x000025C4:	ADD	IP, IP, #0X3D000	;(IP=0xCBBCD5C8 )
(       libmtguard.so[0xCBBCB000])[04 F9 BC E5 ]0x000025C8:	LDR	PC, [IP, #0X904]!	;(IP=0xCBC0A5C8 )
(       libmtguard.so[0xCBBCB000])[04 46       ]0x00003E30:	MOV	R4, R0	;(R0=0x30049248 )
(       libmtguard.so[0xCBBCB000])[24 B1       ]0x00003E32:	CBZ	R4, #0XCBBCEE3E	;(R4=0x30049248 )
(       libmtguard.so[0xCBBCB000])[20 46       ]0x00003E34:	MOV	R0, R4	;(R4=0x30049248 )
(       libmtguard.so[0xCBBCB000])[29 46       ]0x00003E36:	MOV	R1, R5	;(R5=0x0000002C )
(       libmtguard.so[0xCBBCB000])[FE F7 CE EB ]0x00003E38:	BLX	#0XCBBCD5D8	;(PC=0xCBBCEE38 )
(       libmtguard.so[0xCBBCB000])[00 C6 8F E2 ]0x000025D8:	ADD	IP, PC, #0, #12	;(PC=0xCBBCD5D8 )
(       libmtguard.so[0xCBBCB000])[3D CA 8C E2 ]0x000025DC:	ADD	IP, IP, #0X3D000	;(IP=0xCBBCD5E0 )
(       libmtguard.so[0xCBBCB000])[F4 F8 BC E5 ]0x000025E0:	LDR	PC, [IP, #0X8F4]!	;(IP=0xCBC0A5E0 )
(       libmtguard.so[0xCBBCB000])[00 E0       ]0x00003E3C:	B	#0XCBBCEE40
(       libmtguard.so[0xCBBCB000])[20 46       ]0x00003E40:	MOV	R0, R4	;(R4=0x30049248 )
(       libmtguard.so[0xCBBCB000])[B0 BD       ]0x00003E42:	POP	{R4, R5, R7, PC}	;(SP=0x100FFF98 )
(       libmtguard.so[0xCBBCB000])[00 28       ]0x000038AE:	CMP	R0, #0	;(R0=0x30049248 )
(       libmtguard.so[0xCBBCB000])[20 60       ]0x000038B0:	STR	R0, [R4]	;(R0=0x30049248 R4=0x30049230 )
(       libmtguard.so[0xCBBCB000])[05 D1       ]0x000038B2:	BNE	#0XCBBCE8C0
(       libmtguard.so[0xCBBCB000])[20 46       ]0x000038C0:	MOV	R0, R4	;(R4=0x30049230 )
(       libmtguard.so[0xCBBCB000])[5D F8 04 BB ]0x000038C2:	LDR	FP, [SP], #4	;(SP=0x100FFFA8 )
(       libmtguard.so[0xCBBCB000])[F0 BD       ]0x000038C6:	POP	{R4, R5, R6, R7, PC}	;(SP=0x100FFFAC )
(       libmtguard.so[0xCBBCB000])[01 36       ]0x0000CE08:	ADDS	R6, #1	;(R6=0x000000E8 )
(       libmtguard.so[0xCBBCB000])[60 60       ]0x0000CE0A:	STR	R0, [R4, #4]	;(R0=0x30049230 R4=0xCBC0D7D4 )
(       libmtguard.so[0xCBBCB000])[B6 F5 7C 7F ]0x0000CE0C:	CMP.W	R6, #0X3F0	;(R6=0x000000E9 )
(       libmtguard.so[0xCBBCB000])[F3 D1       ]0x0000CE10:	BNE	#0XCBBD7DFA
(       libmtguard.so[0xCBBCB000])[48 46       ]0x0000CDFA:	MOV	R0, SB	;(SB=0xCBBCFE51 )
(       libmtguard.so[0xCBBCB000])[45 F8 36 80 ]0x0000CDFC:	STR.W	R8, [R5, R6, LSL #3]	;(R8=0xFFFFFFFF R5=0xCBC0D094 R6=0x000000E9 )
(       libmtguard.so[0xCBBCB000])[05 EB C6 04 ]0x0000CE00:	ADD.W	R4, R5, R6, LSL #3	;(R5=0xCBC0D094 R6=0x000000E9 )
(       libmtguard.so[0xCBBCB000])[F6 F7 3A FD ]0x0000CE04:	BL	#0XCBBCE87C	;(PC=0xCBBD7E04 )
(       libmtguard.so[0xCBBCB000])[F0 B5       ]0x0000387C:	PUSH	{R4, R5, R6, R7, LR}	;(SP=0x100FFFC0 R4=0xCBC0D7DC R5=0xCBC0D094 R6=0x000000E9 R7=0x100FFFE0 LR=0xCBBD7E09 )
(       libmtguard.so[0xCBBCB000])[03 AF       ]0x0000387E:	ADD	R7, SP, #0XC	;(SP=0x100FFFAC )
(       libmtguard.so[0xCBBCB000])[4D F8 04 BD ]0x00003880:	STR	FP, [SP, #-0X4]!	;(FP=0xCBC0B1C4 SP=0x100FFFAC )
(       libmtguard.so[0xCBBCB000])[05 46       ]0x00003884:	MOV	R5, R0	;(R0=0xCBBCFE51 )
(       libmtguard.so[0xCBBCB000])[01 20       ]0x00003886:	MOVS	R0, #1
(       libmtguard.so[0xCBBCB000])[10 21       ]0x00003888:	MOVS	R1, #0X10
(       libmtguard.so[0xCBBCB000])[00 22       ]0x0000388A:	MOVS	R2, #0
(       libmtguard.so[0xCBBCB000])[00 23       ]0x0000388C:	MOVS	R3, #0
(       libmtguard.so[0xCBBCB000])[00 26       ]0x0000388E:	MOVS	R6, #0
(       libmtguard.so[0xCBBCB000])[00 F0 C6 FA ]0x00003890:	BL	#0XCBBCEE20	;(PC=0xCBBCE890 )
(       libmtguard.so[0xCBBCB000])[B0 B5       ]0x00003E20:	PUSH	{R4, R5, R7, LR}	;(SP=0x100FFFA8 R4=0xCBC0D7DC R5=0xCBBCFE51 R7=0x100FFFB8 LR=0xCBBCE895 )
(       libmtguard.so[0xCBBCB000])[02 AF       ]0x00003E22:	ADD	R7, SP, #8	;(SP=0x100FFF98 )
(       libmtguard.so[0xCBBCB000])[01 FB 00 F5 ]0x00003E24:	MUL	R5, R1, R0	;(R1=0x00000010 R0=0x00000001 )
(       libmtguard.so[0xCBBCB000])[4D B1       ]0x00003E28:	CBZ	R5, #0XCBBCEE3E	;(R5=0x00000010 )
(       libmtguard.so[0xCBBCB000])[28 46       ]0x00003E2A:	MOV	R0, R5	;(R5=0x00000010 )
(       libmtguard.so[0xCBBCB000])[FE F7 C8 EB ]0x00003E2C:	BLX	#0XCBBCD5C0	;(PC=0xCBBCEE2C )
(       libmtguard.so[0xCBBCB000])[00 C6 8F E2 ]0x000025C0:	ADD	IP, PC, #0, #12	;(PC=0xCBBCD5C0 )
(       libmtguard.so[0xCBBCB000])[3D CA 8C E2 ]0x000025C4:	ADD	IP, IP, #0X3D000	;(IP=0xCBBCD5C8 )
(       libmtguard.so[0xCBBCB000])[04 F9 BC E5 ]0x000025C8:	LDR	PC, [IP, #0X904]!	;(IP=0xCBC0A5C8 )
(       libmtguard.so[0xCBBCB000])[04 46       ]0x00003E30:	MOV	R4, R0	;(R0=0x30049278 )
(       libmtguard.so[0xCBBCB000])[24 B1       ]0x00003E32:	CBZ	R4, #0XCBBCEE3E	;(R4=0x30049278 )
(       libmtguard.so[0xCBBCB000])[20 46       ]0x00003E34:	MOV	R0, R4	;(R4=0x30049278 )
(       libmtguard.so[0xCBBCB000])[29 46       ]0x00003E36:	MOV	R1, R5	;(R5=0x00000010 )
(       libmtguard.so[0xCBBCB000])[FE F7 CE EB ]0x00003E38:	BLX	#0XCBBCD5D8	;(PC=0xCBBCEE38 )
(       libmtguard.so[0xCBBCB000])[00 C6 8F E2 ]0x000025D8:	ADD	IP, PC, #0, #12	;(PC=0xCBBCD5D8 )
(       libmtguard.so[0xCBBCB000])[3D CA 8C E2 ]0x000025DC:	ADD	IP, IP, #0X3D000	;(IP=0xCBBCD5E0 )
(       libmtguard.so[0xCBBCB000])[F4 F8 BC E5 ]0x000025E0:	LDR	PC, [IP, #0X8F4]!	;(IP=0xCBC0A5E0 )
(       libmtguard.so[0xCBBCB000])[00 E0       ]0x00003E3C:	B	#0XCBBCEE40
(       libmtguard.so[0xCBBCB000])[20 46       ]0x00003E40:	MOV	R0, R4	;(R4=0x30049278 )
(       libmtguard.so[0xCBBCB000])[B0 BD       ]0x00003E42:	POP	{R4, R5, R7, PC}	;(SP=0x100FFF98 )
(       libmtguard.so[0xCBBCB000])[04 46       ]0x00003894:	MOV	R4, R0	;(R0=0x30049278 )
(       libmtguard.so[0xCBBCB000])[94 B1       ]0x00003896:	CBZ	R4, #0XCBBCE8BE	;(R4=0x30049278 )
(       libmtguard.so[0xCBBCB000])[0B 20       ]0x00003898:	MOVS	R0, #0XB
(       libmtguard.so[0xCBBCB000])[C4 E9 00 66 ]0x0000389A:	STRD	R6, R6, [R4]	;(R6=0x00000000 R4=0x30049278 )
(       libmtguard.so[0xCBBCB000])[C4 E9 02 05 ]0x0000389E:	STRD	R0, R5, [R4, #8]	;(R0=0x0000000B R5=0xCBBCFE51 R4=0x30049278 )
(       libmtguard.so[0xCBBCB000])[04 20       ]0x000038A2:	MOVS	R0, #4
(       libmtguard.so[0xCBBCB000])[0B 21       ]0x000038A4:	MOVS	R1, #0XB
(       libmtguard.so[0xCBBCB000])[00 22       ]0x000038A6:	MOVS	R2, #0
(       libmtguard.so[0xCBBCB000])[00 23       ]0x000038A8:	MOVS	R3, #0
(       libmtguard.so[0xCBBCB000])[00 F0 B9 FA ]0x000038AA:	BL	#0XCBBCEE20	;(PC=0xCBBCE8AA )
(       libmtguard.so[0xCBBCB000])[B0 B5       ]0x00003E20:	PUSH	{R4, R5, R7, LR}	;(SP=0x100FFFA8 R4=0x30049278 R5=0xCBBCFE51 R7=0x100FFFB8 LR=0xCBBCE8AF )
(       libmtguard.so[0xCBBCB000])[02 AF       ]0x00003E22:	ADD	R7, SP, #8	;(SP=0x100FFF98 )
(       libmtguard.so[0xCBBCB000])[01 FB 00 F5 ]0x00003E24:	MUL	R5, R1, R0	;(R1=0x0000000B R0=0x00000004 )
(       libmtguard.so[0xCBBCB000])[4D B1       ]0x00003E28:	CBZ	R5, #0XCBBCEE3E	;(R5=0x0000002C )
(       libmtguard.so[0xCBBCB000])[28 46       ]0x00003E2A:	MOV	R0, R5	;(R5=0x0000002C )
(       libmtguard.so[0xCBBCB000])[FE F7 C8 EB ]0x00003E2C:	BLX	#0XCBBCD5C0	;(PC=0xCBBCEE2C )
(       libmtguard.so[0xCBBCB000])[00 C6 8F E2 ]0x000025C0:	ADD	IP, PC, #0, #12	;(PC=0xCBBCD5C0 )
(       libmtguard.so[0xCBBCB000])[3D CA 8C E2 ]0x000025C4:	ADD	IP, IP, #0X3D000	;(IP=0xCBBCD5C8 )
(       libmtguard.so[0xCBBCB000])[04 F9 BC E5 ]0x000025C8:	LDR	PC, [IP, #0X904]!	;(IP=0xCBC0A5C8 )
(       libmtguard.so[0xCBBCB000])[04 46       ]0x00003E30:	MOV	R4, R0	;(R0=0x30049290 )
(       libmtguard.so[0xCBBCB000])[24 B1       ]0x00003E32:	CBZ	R4, #0XCBBCEE3E	;(R4=0x30049290 )
(       libmtguard.so[0xCBBCB000])[20 46       ]0x00003E34:	MOV	R0, R4	;(R4=0x30049290 )
(       libmtguard.so[0xCBBCB000])[29 46       ]0x00003E36:	MOV	R1, R5	;(R5=0x0000002C )
(       libmtguard.so[0xCBBCB000])[FE F7 CE EB ]0x00003E38:	BLX	#0XCBBCD5D8	;(PC=0xCBBCEE38 )
(       libmtguard.so[0xCBBCB000])[00 C6 8F E2 ]0x000025D8:	ADD	IP, PC, #0, #12	;(PC=0xCBBCD5D8 )
(       libmtguard.so[0xCBBCB000])[3D CA 8C E2 ]0x000025DC:	ADD	IP, IP, #0X3D000	;(IP=0xCBBCD5E0 )
(       libmtguard.so[0xCBBCB000])[F4 F8 BC E5 ]0x000025E0:	LDR	PC, [IP, #0X8F4]!	;(IP=0xCBC0A5E0 )
(       libmtguard.so[0xCBBCB000])[00 E0       ]0x00003E3C:	B	#0XCBBCEE40
(       libmtguard.so[0xCBBCB000])[20 46       ]0x00003E40:	MOV	R0, R4	;(R4=0x30049290 )
(       libmtguard.so[0xCBBCB000])[B0 BD       ]0x00003E42:	POP	{R4, R5, R7, PC}	;(SP=0x100FFF98 )
(       libmtguard.so[0xCBBCB000])[00 28       ]0x000038AE:	CMP	R0, #0	;(R0=0x30049290 )
(       libmtguard.so[0xCBBCB000])[20 60       ]0x000038B0:	STR	R0, [R4]	;(R0=0x30049290 R4=0x30049278 )
(       libmtguard.so[0xCBBCB000])[05 D1       ]0x000038B2:	BNE	#0XCBBCE8C0
(       libmtguard.so[0xCBBCB000])[20 46       ]0x000038C0:	MOV	R0, R4	;(R4=0x30049278 )
(       libmtguard.so[0xCBBCB000])[5D F8 04 BB ]0x000038C2:	LDR	FP, [SP], #4	;(SP=0x100FFFA8 )
(       libmtguard.so[0xCBBCB000])[F0 BD       ]0x000038C6:	POP	{R4, R5, R6, R7, PC}	;(SP=0x100FFFAC )
(       libmtguard.so[0xCBBCB000])[01 36       ]0x0000CE08:	ADDS	R6, #1	;(R6=0x000000E9 )
(       libmtguard.so[0xCBBCB000])[60 60       ]0x0000CE0A:	STR	R0, [R4, #4]	;(R0=0x30049278 R4=0xCBC0D7DC )
(       libmtguard.so[0xCBBCB000])[B6 F5 7C 7F ]0x0000CE0C:	CMP.W	R6, #0X3F0	;(R6=0x000000EA )
(       libmtguard.so[0xCBBCB000])[F3 D1       ]0x0000CE10:	BNE	#0XCBBD7DFA
(       libmtguard.so[0xCBBCB000])[48 46       ]0x0000CDFA:	MOV	R0, SB	;(SB=0xCBBCFE51 )
(       libmtguard.so[0xCBBCB000])[45 F8 36 80 ]0x0000CDFC:	STR.W	R8, [R5, R6, LSL #3]	;(R8=0xFFFFFFFF R5=0xCBC0D094 R6=0x000000EA )
(       libmtguard.so[0xCBBCB000])[05 EB C6 04 ]0x0000CE00:	ADD.W	R4, R5, R6, LSL #3	;(R5=0xCBC0D094 R6=0x000000EA )
(       libmtguard.so[0xCBBCB000])[F6 F7 3A FD ]0x0000CE04:	BL	#0XCBBCE87C	;(PC=0xCBBD7E04 )
(       libmtguard.so[0xCBBCB000])[F0 B5       ]0x0000387C:	PUSH	{R4, R5, R6, R7, LR}	;(SP=0x100FFFC0 R4=0xCBC0D7E4 R5=0xCBC0D094 R6=0x000000EA R7=0x100FFFE0 LR=0xCBBD7E09 )
(       libmtguard.so[0xCBBCB000])[03 AF       ]0x0000387E:	ADD	R7, SP, #0XC	;(SP=0x100FFFAC )
(       libmtguard.so[0xCBBCB000])[4D F8 04 BD ]0x00003880:	STR	FP, [SP, #-0X4]!	;(FP=0xCBC0B1C4 SP=0x100FFFAC )
(       libmtguard.so[0xCBBCB000])[05 46       ]0x00003884:	MOV	R5, R0	;(R0=0xCBBCFE51 )
(       libmtguard.so[0xCBBCB000])[01 20       ]0x00003886:	MOVS	R0, #1
(       libmtguard.so[0xCBBCB000])[10 21       ]0x00003888:	MOVS	R1, #0X10
(       libmtguard.so[0xCBBCB000])[00 22       ]0x0000388A:	MOVS	R2, #0
(       libmtguard.so[0xCBBCB000])[00 23       ]0x0000388C:	MOVS	R3, #0
(       libmtguard.so[0xCBBCB000])[00 26       ]0x0000388E:	MOVS	R6, #0
(       libmtguard.so[0xCBBCB000])[00 F0 C6 FA ]0x00003890:	BL	#0XCBBCEE20	;(PC=0xCBBCE890 )
(       libmtguard.so[0xCBBCB000])[B0 B5       ]0x00003E20:	PUSH	{R4, R5, R7, LR}	;(SP=0x100FFFA8 R4=0xCBC0D7E4 R5=0xCBBCFE51 R7=0x100FFFB8 LR=0xCBBCE895 )
(       libmtguard.so[0xCBBCB000])[02 AF       ]0x00003E22:	ADD	R7, SP, #8	;(SP=0x100FFF98 )
(       libmtguard.so[0xCBBCB000])[01 FB 00 F5 ]0x00003E24:	MUL	R5, R1, R0	;(R1=0x00000010 R0=0x00000001 )
(       libmtguard.so[0xCBBCB000])[4D B1       ]0x00003E28:	CBZ	R5, #0XCBBCEE3E	;(R5=0x00000010 )
(       libmtguard.so[0xCBBCB000])[28 46       ]0x00003E2A:	MOV	R0, R5	;(R5=0x00000010 )
(       libmtguard.so[0xCBBCB000])[FE F7 C8 EB ]0x00003E2C:	BLX	#0XCBBCD5C0	;(PC=0xCBBCEE2C )
(       libmtguard.so[0xCBBCB000])[00 C6 8F E2 ]0x000025C0:	ADD	IP, PC, #0, #12	;(PC=0xCBBCD5C0 )
(       libmtguard.so[0xCBBCB000])[3D CA 8C E2 ]0x000025C4:	ADD	IP, IP, #0X3D000	;(IP=0xCBBCD5C8 )
(       libmtguard.so[0xCBBCB000])[04 F9 BC E5 ]0x000025C8:	LDR	PC, [IP, #0X904]!	;(IP=0xCBC0A5C8 )
(       libmtguard.so[0xCBBCB000])[04 46       ]0x00003E30:	MOV	R4, R0	;(R0=0x300492C0 )
(       libmtguard.so[0xCBBCB000])[24 B1       ]0x00003E32:	CBZ	R4, #0XCBBCEE3E	;(R4=0x300492C0 )
(       libmtguard.so[0xCBBCB000])[20 46       ]0x00003E34:	MOV	R0, R4	;(R4=0x300492C0 )
(       libmtguard.so[0xCBBCB000])[29 46       ]0x00003E36:	MOV	R1, R5	;(R5=0x00000010 )
(       libmtguard.so[0xCBBCB000])[FE F7 CE EB ]0x00003E38:	BLX	#0XCBBCD5D8	;(PC=0xCBBCEE38 )
(       libmtguard.so[0xCBBCB000])[00 C6 8F E2 ]0x000025D8:	ADD	IP, PC, #0, #12	;(PC=0xCBBCD5D8 )
(       libmtguard.so[0xCBBCB000])[3D CA 8C E2 ]0x000025DC:	ADD	IP, IP, #0X3D000	;(IP=0xCBBCD5E0 )
(       libmtguard.so[0xCBBCB000])[F4 F8 BC E5 ]0x000025E0:	LDR	PC, [IP, #0X8F4]!	;(IP=0xCBC0A5E0 )
(       libmtguard.so[0xCBBCB000])[00 E0       ]0x00003E3C:	B	#0XCBBCEE40
(       libmtguard.so[0xCBBCB000])[20 46       ]0x00003E40:	MOV	R0, R4	;(R4=0x300492C0 )
(       libmtguard.so[0xCBBCB000])[B0 BD       ]0x00003E42:	POP	{R4, R5, R7, PC}	;(SP=0x100FFF98 )
(       libmtguard.so[0xCBBCB000])[04 46       ]0x00003894:	MOV	R4, R0	;(R0=0x300492C0 )
(       libmtguard.so[0xCBBCB000])[94 B1       ]0x00003896:	CBZ	R4, #0XCBBCE8BE	;(R4=0x300492C0 )
(       libmtguard.so[0xCBBCB000])[0B 20       ]0x00003898:	MOVS	R0, #0XB
(       libmtguard.so[0xCBBCB000])[C4 E9 00 66 ]0x0000389A:	STRD	R6, R6, [R4]	;(R6=0x00000000 R4=0x300492C0 )
(       libmtguard.so[0xCBBCB000])[C4 E9 02 05 ]0x0000389E:	STRD	R0, R5, [R4, #8]	;(R0=0x0000000B R5=0xCBBCFE51 R4=0x300492C0 )
(       libmtguard.so[0xCBBCB000])[04 20       ]0x000038A2:	MOVS	R0, #4
(       libmtguard.so[0xCBBCB000])[0B 21       ]0x000038A4:	MOVS	R1, #0XB
(       libmtguard.so[0xCBBCB000])[00 22       ]0x000038A6:	MOVS	R2, #0
(       libmtguard.so[0xCBBCB000])[00 23       ]0x000038A8:	MOVS	R3, #0
(       libmtguard.so[0xCBBCB000])[00 F0 B9 FA ]0x000038AA:	BL	#0XCBBCEE20	;(PC=0xCBBCE8AA )
(       libmtguard.so[0xCBBCB000])[B0 B5       ]0x00003E20:	PUSH	{R4, R5, R7, LR}	;(SP=0x100FFFA8 R4=0x300492C0 R5=0xCBBCFE51 R7=0x100FFFB8 LR=0xCBBCE8AF )
(       libmtguard.so[0xCBBCB000])[02 AF       ]0x00003E22:	ADD	R7, SP, #8	;(SP=0x100FFF98 )
(       libmtguard.so[0xCBBCB000])[01 FB 00 F5 ]0x00003E24:	MUL	R5, R1, R0	;(R1=0x0000000B R0=0x00000004 )
(       libmtguard.so[0xCBBCB000])[4D B1       ]0x00003E28:	CBZ	R5, #0XCBBCEE3E	;(R5=0x0000002C )
(       libmtguard.so[0xCBBCB000])[28 46       ]0x00003E2A:	MOV	R0, R5	;(R5=0x0000002C )
(       libmtguard.so[0xCBBCB000])[FE F7 C8 EB ]0x00003E2C:	BLX	#0XCBBCD5C0	;(PC=0xCBBCEE2C )
(       libmtguard.so[0xCBBCB000])[00 C6 8F E2 ]0x000025C0:	ADD	IP, PC, #0, #12	;(PC=0xCBBCD5C0 )
(       libmtguard.so[0xCBBCB000])[3D CA 8C E2 ]0x000025C4:	ADD	IP, IP, #0X3D000	;(IP=0xCBBCD5C8 )
(       libmtguard.so[0xCBBCB000])[04 F9 BC E5 ]0x000025C8:	LDR	PC, [IP, #0X904]!	;(IP=0xCBC0A5C8 )
(       libmtguard.so[0xCBBCB000])[04 46       ]0x00003E30:	MOV	R4, R0	;(R0=0x300492D8 )
(       libmtguard.so[0xCBBCB000])[24 B1       ]0x00003E32:	CBZ	R4, #0XCBBCEE3E	;(R4=0x300492D8 )
(       libmtguard.so[0xCBBCB000])[20 46       ]0x00003E34:	MOV	R0, R4	;(R4=0x300492D8 )
(       libmtguard.so[0xCBBCB000])[29 46       ]0x00003E36:	MOV	R1, R5	;(R5=0x0000002C )
(       libmtguard.so[0xCBBCB000])[FE F7 CE EB ]0x00003E38:	BLX	#0XCBBCD5D8	;(PC=0xCBBCEE38 )
(       libmtguard.so[0xCBBCB000])[00 C6 8F E2 ]0x000025D8:	ADD	IP, PC, #0, #12	;(PC=0xCBBCD5D8 )
(       libmtguard.so[0xCBBCB000])[3D CA 8C E2 ]0x000025DC:	ADD	IP, IP, #0X3D000	;(IP=0xCBBCD5E0 )
(       libmtguard.so[0xCBBCB000])[F4 F8 BC E5 ]0x000025E0:	LDR	PC, [IP, #0X8F4]!	;(IP=0xCBC0A5E0 )
(       libmtguard.so[0xCBBCB000])[00 E0       ]0x00003E3C:	B	#0XCBBCEE40
(       libmtguard.so[0xCBBCB000])[20 46       ]0x00003E40:	MOV	R0, R4	;(R4=0x300492D8 )
(       libmtguard.so[0xCBBCB000])[B0 BD       ]0x00003E42:	POP	{R4, R5, R7, PC}	;(SP=0x100FFF98 )
(       libmtguard.so[0xCBBCB000])[00 28       ]0x000038AE:	CMP	R0, #0	;(R0=0x300492D8 )
(       libmtguard.so[0xCBBCB000])[20 60       ]0x000038B0:	STR	R0, [R4]	;(R0=0x300492D8 R4=0x300492C0 )
(       libmtguard.so[0xCBBCB000])[05 D1       ]0x000038B2:	BNE	#0XCBBCE8C0
(       libmtguard.so[0xCBBCB000])[20 46       ]0x000038C0:	MOV	R0, R4	;(R4=0x300492C0 )
(       libmtguard.so[0xCBBCB000])[5D F8 04 BB ]0x000038C2:	LDR	FP, [SP], #4	;(SP=0x100FFFA8 )
(       libmtguard.so[0xCBBCB000])[F0 BD       ]0x000038C6:	POP	{R4, R5, R6, R7, PC}	;(SP=0x100FFFAC )
(       libmtguard.so[0xCBBCB000])[01 36       ]0x0000CE08:	ADDS	R6, #1	;(R6=0x000000EA )
(       libmtguard.so[0xCBBCB000])[60 60       ]0x0000CE0A:	STR	R0, [R4, #4]	;(R0=0x300492C0 R4=0xCBC0D7E4 )
(       libmtguard.so[0xCBBCB000])[B6 F5 7C 7F ]0x0000CE0C:	CMP.W	R6, #0X3F0	;(R6=0x000000EB )
(       libmtguard.so[0xCBBCB000])[F3 D1       ]0x0000CE10:	BNE	#0XCBBD7DFA
(       libmtguard.so[0xCBBCB000])[48 46       ]0x0000CDFA:	MOV	R0, SB	;(SB=0xCBBCFE51 )
(       libmtguard.so[0xCBBCB000])[45 F8 36 80 ]0x0000CDFC:	STR.W	R8, [R5, R6, LSL #3]	;(R8=0xFFFFFFFF R5=0xCBC0D094 R6=0x000000EB )
(       libmtguard.so[0xCBBCB000])[05 EB C6 04 ]0x0000CE00:	ADD.W	R4, R5, R6, LSL #3	;(R5=0xCBC0D094 R6=0x000000EB )
(       libmtguard.so[0xCBBCB000])[F6 F7 3A FD ]0x0000CE04:	BL	#0XCBBCE87C	;(PC=0xCBBD7E04 )
(       libmtguard.so[0xCBBCB000])[F0 B5       ]0x0000387C:	PUSH	{R4, R5, R6, R7, LR}	;(SP=0x100FFFC0 R4=0xCBC0D7EC R5=0xCBC0D094 R6=0x000000EB R7=0x100FFFE0 LR=0xCBBD7E09 )
(       libmtguard.so[0xCBBCB000])[03 AF       ]0x0000387E:	ADD	R7, SP, #0XC	;(SP=0x100FFFAC )
(       libmtguard.so[0xCBBCB000])[4D F8 04 BD ]0x00003880:	STR	FP, [SP, #-0X4]!	;(FP=0xCBC0B1C4 SP=0x100FFFAC )
(       libmtguard.so[0xCBBCB000])[05 46       ]0x00003884:	MOV	R5, R0	;(R0=0xCBBCFE51 )
(       libmtguard.so[0xCBBCB000])[01 20       ]0x00003886:	MOVS	R0, #1
(       libmtguard.so[0xCBBCB000])[10 21       ]0x00003888:	MOVS	R1, #0X10
(       libmtguard.so[0xCBBCB000])[00 22       ]0x0000388A:	MOVS	R2, #0
(       libmtguard.so[0xCBBCB000])[00 23       ]0x0000388C:	MOVS	R3, #0
(       libmtguard.so[0xCBBCB000])[00 26       ]0x0000388E:	MOVS	R6, #0
(       libmtguard.so[0xCBBCB000])[00 F0 C6 FA ]0x00003890:	BL	#0XCBBCEE20	;(PC=0xCBBCE890 )
(       libmtguard.so[0xCBBCB000])[B0 B5       ]0x00003E20:	PUSH	{R4, R5, R7, LR}	;(SP=0x100FFFA8 R4=0xCBC0D7EC R5=0xCBBCFE51 R7=0x100FFFB8 LR=0xCBBCE895 )
(       libmtguard.so[0xCBBCB000])[02 AF       ]0x00003E22:	ADD	R7, SP, #8	;(SP=0x100FFF98 )
(       libmtguard.so[0xCBBCB000])[01 FB 00 F5 ]0x00003E24:	MUL	R5, R1, R0	;(R1=0x00000010 R0=0x00000001 )
(       libmtguard.so[0xCBBCB000])[4D B1       ]0x00003E28:	CBZ	R5, #0XCBBCEE3E	;(R5=0x00000010 )
(       libmtguard.so[0xCBBCB000])[28 46       ]0x00003E2A:	MOV	R0, R5	;(R5=0x00000010 )
(       libmtguard.so[0xCBBCB000])[FE F7 C8 EB ]0x00003E2C:	BLX	#0XCBBCD5C0	;(PC=0xCBBCEE2C )
(       libmtguard.so[0xCBBCB000])[00 C6 8F E2 ]0x000025C0:	ADD	IP, PC, #0, #12	;(PC=0xCBBCD5C0 )
(       libmtguard.so[0xCBBCB000])[3D CA 8C E2 ]0x000025C4:	ADD	IP, IP, #0X3D000	;(IP=0xCBBCD5C8 )
(       libmtguard.so[0xCBBCB000])[04 F9 BC E5 ]0x000025C8:	LDR	PC, [IP, #0X904]!	;(IP=0xCBC0A5C8 )
(       libmtguard.so[0xCBBCB000])[04 46       ]0x00003E30:	MOV	R4, R0	;(R0=0x30049308 )
(       libmtguard.so[0xCBBCB000])[24 B1       ]0x00003E32:	CBZ	R4, #0XCBBCEE3E	;(R4=0x30049308 )
(       libmtguard.so[0xCBBCB000])[20 46       ]0x00003E34:	MOV	R0, R4	;(R4=0x30049308 )
(       libmtguard.so[0xCBBCB000])[29 46       ]0x00003E36:	MOV	R1, R5	;(R5=0x00000010 )
(       libmtguard.so[0xCBBCB000])[FE F7 CE EB ]0x00003E38:	BLX	#0XCBBCD5D8	;(PC=0xCBBCEE38 )
(       libmtguard.so[0xCBBCB000])[00 C6 8F E2 ]0x000025D8:	ADD	IP, PC, #0, #12	;(PC=0xCBBCD5D8 )
(       libmtguard.so[0xCBBCB000])[3D CA 8C E2 ]0x000025DC:	ADD	IP, IP, #0X3D000	;(IP=0xCBBCD5E0 )
(       libmtguard.so[0xCBBCB000])[F4 F8 BC E5 ]0x000025E0:	LDR	PC, [IP, #0X8F4]!	;(IP=0xCBC0A5E0 )
(       libmtguard.so[0xCBBCB000])[00 E0       ]0x00003E3C:	B	#0XCBBCEE40
(       libmtguard.so[0xCBBCB000])[20 46       ]0x00003E40:	MOV	R0, R4	;(R4=0x30049308 )
(       libmtguard.so[0xCBBCB000])[B0 BD       ]0x00003E42:	POP	{R4, R5, R7, PC}	;(SP=0x100FFF98 )
(       libmtguard.so[0xCBBCB000])[04 46       ]0x00003894:	MOV	R4, R0	;(R0=0x30049308 )
(       libmtguard.so[0xCBBCB000])[94 B1       ]0x00003896:	CBZ	R4, #0XCBBCE8BE	;(R4=0x30049308 )
(       libmtguard.so[0xCBBCB000])[0B 20       ]0x00003898:	MOVS	R0, #0XB
(       libmtguard.so[0xCBBCB000])[C4 E9 00 66 ]0x0000389A:	STRD	R6, R6, [R4]	;(R6=0x00000000 R4=0x30049308 )
(       libmtguard.so[0xCBBCB000])[C4 E9 02 05 ]0x0000389E:	STRD	R0, R5, [R4, #8]	;(R0=0x0000000B R5=0xCBBCFE51 R4=0x30049308 )
(       libmtguard.so[0xCBBCB000])[04 20       ]0x000038A2:	MOVS	R0, #4
(       libmtguard.so[0xCBBCB000])[0B 21       ]0x000038A4:	MOVS	R1, #0XB
(       libmtguard.so[0xCBBCB000])[00 22       ]0x000038A6:	MOVS	R2, #0
(       libmtguard.so[0xCBBCB000])[00 23       ]0x000038A8:	MOVS	R3, #0
(       libmtguard.so[0xCBBCB000])[00 F0 B9 FA ]0x000038AA:	BL	#0XCBBCEE20	;(PC=0xCBBCE8AA )
(       libmtguard.so[0xCBBCB000])[B0 B5       ]0x00003E20:	PUSH	{R4, R5, R7, LR}	;(SP=0x100FFFA8 R4=0x30049308 R5=0xCBBCFE51 R7=0x100FFFB8 LR=0xCBBCE8AF )
(       libmtguard.so[0xCBBCB000])[02 AF       ]0x00003E22:	ADD	R7, SP, #8	;(SP=0x100FFF98 )
(       libmtguard.so[0xCBBCB000])[01 FB 00 F5 ]0x00003E24:	MUL	R5, R1, R0	;(R1=0x0000000B R0=0x00000004 )
(       libmtguard.so[0xCBBCB000])[4D B1       ]0x00003E28:	CBZ	R5, #0XCBBCEE3E	;(R5=0x0000002C )
(       libmtguard.so[0xCBBCB000])[28 46       ]0x00003E2A:	MOV	R0, R5	;(R5=0x0000002C )
(       libmtguard.so[0xCBBCB000])[FE F7 C8 EB ]0x00003E2C:	BLX	#0XCBBCD5C0	;(PC=0xCBBCEE2C )
(       libmtguard.so[0xCBBCB000])[00 C6 8F E2 ]0x000025C0:	ADD	IP, PC, #0, #12	;(PC=0xCBBCD5C0 )
(       libmtguard.so[0xCBBCB000])[3D CA 8C E2 ]0x000025C4:	ADD	IP, IP, #0X3D000	;(IP=0xCBBCD5C8 )
(       libmtguard.so[0xCBBCB000])[04 F9 BC E5 ]0x000025C8:	LDR	PC, [IP, #0X904]!	;(IP=0xCBC0A5C8 )
(       libmtguard.so[0xCBBCB000])[04 46       ]0x00003E30:	MOV	R4, R0	;(R0=0x30049320 )
(       libmtguard.so[0xCBBCB000])[24 B1       ]0x00003E32:	CBZ	R4, #0XCBBCEE3E	;(R4=0x30049320 )
(       libmtguard.so[0xCBBCB000])[20 46       ]0x00003E34:	MOV	R0, R4	;(R4=0x30049320 )
(       libmtguard.so[0xCBBCB000])[29 46       ]0x00003E36:	MOV	R1, R5	;(R5=0x0000002C )
(       libmtguard.so[0xCBBCB000])[FE F7 CE EB ]0x00003E38:	BLX	#0XCBBCD5D8	;(PC=0xCBBCEE38 )
(       libmtguard.so[0xCBBCB000])[00 C6 8F E2 ]0x000025D8:	ADD	IP, PC, #0, #12	;(PC=0xCBBCD5D8 )
(       libmtguard.so[0xCBBCB000])[3D CA 8C E2 ]0x000025DC:	ADD	IP, IP, #0X3D000	;(IP=0xCBBCD5E0 )
(       libmtguard.so[0xCBBCB000])[F4 F8 BC E5 ]0x000025E0:	LDR	PC, [IP, #0X8F4]!	;(IP=0xCBC0A5E0 )
(       libmtguard.so[0xCBBCB000])[00 E0       ]0x00003E3C:	B	#0XCBBCEE40
(       libmtguard.so[0xCBBCB000])[20 46       ]0x00003E40:	MOV	R0, R4	;(R4=0x30049320 )
(       libmtguard.so[0xCBBCB000])[B0 BD       ]0x00003E42:	POP	{R4, R5, R7, PC}	;(SP=0x100FFF98 )
(       libmtguard.so[0xCBBCB000])[00 28       ]0x000038AE:	CMP	R0, #0	;(R0=0x30049320 )
(       libmtguard.so[0xCBBCB000])[20 60       ]0x000038B0:	STR	R0, [R4]	;(R0=0x30049320 R4=0x30049308 )
(       libmtguard.so[0xCBBCB000])[05 D1       ]0x000038B2:	BNE	#0XCBBCE8C0
(       libmtguard.so[0xCBBCB000])[20 46       ]0x000038C0:	MOV	R0, R4	;(R4=0x30049308 )
(       libmtguard.so[0xCBBCB000])[5D F8 04 BB ]0x000038C2:	LDR	FP, [SP], #4	;(SP=0x100FFFA8 )
(       libmtguard.so[0xCBBCB000])[F0 BD       ]0x000038C6:	POP	{R4, R5, R6, R7, PC}	;(SP=0x100FFFAC )
(       libmtguard.so[0xCBBCB000])[01 36       ]0x0000CE08:	ADDS	R6, #1	;(R6=0x000000EB )
(       libmtguard.so[0xCBBCB000])[60 60       ]0x0000CE0A:	STR	R0, [R4, #4]	;(R0=0x30049308 R4=0xCBC0D7EC )
(       libmtguard.so[0xCBBCB000])[B6 F5 7C 7F ]0x0000CE0C:	CMP.W	R6, #0X3F0	;(R6=0x000000EC )
(       libmtguard.so[0xCBBCB000])[F3 D1       ]0x0000CE10:	BNE	#0XCBBD7DFA
(       libmtguard.so[0xCBBCB000])[48 46       ]0x0000CDFA:	MOV	R0, SB	;(SB=0xCBBCFE51 )
(       libmtguard.so[0xCBBCB000])[45 F8 36 80 ]0x0000CDFC:	STR.W	R8, [R5, R6, LSL #3]	;(R8=0xFFFFFFFF R5=0xCBC0D094 R6=0x000000EC )
(       libmtguard.so[0xCBBCB000])[05 EB C6 04 ]0x0000CE00:	ADD.W	R4, R5, R6, LSL #3	;(R5=0xCBC0D094 R6=0x000000EC )
(       libmtguard.so[0xCBBCB000])[F6 F7 3A FD ]0x0000CE04:	BL	#0XCBBCE87C	;(PC=0xCBBD7E04 )
(       libmtguard.so[0xCBBCB000])[F0 B5       ]0x0000387C:	PUSH	{R4, R5, R6, R7, LR}	;(SP=0x100FFFC0 R4=0xCBC0D7F4 R5=0xCBC0D094 R6=0x000000EC R7=0x100FFFE0 LR=0xCBBD7E09 )
(       libmtguard.so[0xCBBCB000])[03 AF       ]0x0000387E:	ADD	R7, SP, #0XC	;(SP=0x100FFFAC )
(       libmtguard.so[0xCBBCB000])[4D F8 04 BD ]0x00003880:	STR	FP, [SP, #-0X4]!	;(FP=0xCBC0B1C4 SP=0x100FFFAC )
(       libmtguard.so[0xCBBCB000])[05 46       ]0x00003884:	MOV	R5, R0	;(R0=0xCBBCFE51 )
(       libmtguard.so[0xCBBCB000])[01 20       ]0x00003886:	MOVS	R0, #1
(       libmtguard.so[0xCBBCB000])[10 21       ]0x00003888:	MOVS	R1, #0X10
(       libmtguard.so[0xCBBCB000])[00 22       ]0x0000388A:	MOVS	R2, #0
(       libmtguard.so[0xCBBCB000])[00 23       ]0x0000388C:	MOVS	R3, #0
(       libmtguard.so[0xCBBCB000])[00 26       ]0x0000388E:	MOVS	R6, #0
(       libmtguard.so[0xCBBCB000])[00 F0 C6 FA ]0x00003890:	BL	#0XCBBCEE20	;(PC=0xCBBCE890 )
(       libmtguard.so[0xCBBCB000])[B0 B5       ]0x00003E20:	PUSH	{R4, R5, R7, LR}	;(SP=0x100FFFA8 R4=0xCBC0D7F4 R5=0xCBBCFE51 R7=0x100FFFB8 LR=0xCBBCE895 )
(       libmtguard.so[0xCBBCB000])[02 AF       ]0x00003E22:	ADD	R7, SP, #8	;(SP=0x100FFF98 )
(       libmtguard.so[0xCBBCB000])[01 FB 00 F5 ]0x00003E24:	MUL	R5, R1, R0	;(R1=0x00000010 R0=0x00000001 )
(       libmtguard.so[0xCBBCB000])[4D B1       ]0x00003E28:	CBZ	R5, #0XCBBCEE3E	;(R5=0x00000010 )
(       libmtguard.so[0xCBBCB000])[28 46       ]0x00003E2A:	MOV	R0, R5	;(R5=0x00000010 )
(       libmtguard.so[0xCBBCB000])[FE F7 C8 EB ]0x00003E2C:	BLX	#0XCBBCD5C0	;(PC=0xCBBCEE2C )
(       libmtguard.so[0xCBBCB000])[00 C6 8F E2 ]0x000025C0:	ADD	IP, PC, #0, #12	;(PC=0xCBBCD5C0 )
(       libmtguard.so[0xCBBCB000])[3D CA 8C E2 ]0x000025C4:	ADD	IP, IP, #0X3D000	;(IP=0xCBBCD5C8 )
(       libmtguard.so[0xCBBCB000])[04 F9 BC E5 ]0x000025C8:	LDR	PC, [IP, #0X904]!	;(IP=0xCBC0A5C8 )
(       libmtguard.so[0xCBBCB000])[04 46       ]0x00003E30:	MOV	R4, R0	;(R0=0x30049350 )
(       libmtguard.so[0xCBBCB000])[24 B1       ]0x00003E32:	CBZ	R4, #0XCBBCEE3E	;(R4=0x30049350 )
(       libmtguard.so[0xCBBCB000])[20 46       ]0x00003E34:	MOV	R0, R4	;(R4=0x30049350 )
(       libmtguard.so[0xCBBCB000])[29 46       ]0x00003E36:	MOV	R1, R5	;(R5=0x00000010 )
(       libmtguard.so[0xCBBCB000])[FE F7 CE EB ]0x00003E38:	BLX	#0XCBBCD5D8	;(PC=0xCBBCEE38 )
(       libmtguard.so[0xCBBCB000])[00 C6 8F E2 ]0x000025D8:	ADD	IP, PC, #0, #12	;(PC=0xCBBCD5D8 )
(       libmtguard.so[0xCBBCB000])[3D CA 8C E2 ]0x000025DC:	ADD	IP, IP, #0X3D000	;(IP=0xCBBCD5E0 )
(       libmtguard.so[0xCBBCB000])[F4 F8 BC E5 ]0x000025E0:	LDR	PC, [IP, #0X8F4]!	;(IP=0xCBC0A5E0 )
(       libmtguard.so[0xCBBCB000])[00 E0       ]0x00003E3C:	B	#0XCBBCEE40
(       libmtguard.so[0xCBBCB000])[20 46       ]0x00003E40:	MOV	R0, R4	;(R4=0x30049350 )
(       libmtguard.so[0xCBBCB000])[B0 BD       ]0x00003E42:	POP	{R4, R5, R7, PC}	;(SP=0x100FFF98 )
(       libmtguard.so[0xCBBCB000])[04 46       ]0x00003894:	MOV	R4, R0	;(R0=0x30049350 )
(       libmtguard.so[0xCBBCB000])[94 B1       ]0x00003896:	CBZ	R4, #0XCBBCE8BE	;(R4=0x30049350 )
(       libmtguard.so[0xCBBCB000])[0B 20       ]0x00003898:	MOVS	R0, #0XB
(       libmtguard.so[0xCBBCB000])[C4 E9 00 66 ]0x0000389A:	STRD	R6, R6, [R4]	;(R6=0x00000000 R4=0x30049350 )
(       libmtguard.so[0xCBBCB000])[C4 E9 02 05 ]0x0000389E:	STRD	R0, R5, [R4, #8]	;(R0=0x0000000B R5=0xCBBCFE51 R4=0x30049350 )
(       libmtguard.so[0xCBBCB000])[04 20       ]0x000038A2:	MOVS	R0, #4
(       libmtguard.so[0xCBBCB000])[0B 21       ]0x000038A4:	MOVS	R1, #0XB
(       libmtguard.so[0xCBBCB000])[00 22       ]0x000038A6:	MOVS	R2, #0
(       libmtguard.so[0xCBBCB000])[00 23       ]0x000038A8:	MOVS	R3, #0
(       libmtguard.so[0xCBBCB000])[00 F0 B9 FA ]0x000038AA:	BL	#0XCBBCEE20	;(PC=0xCBBCE8AA )
(       libmtguard.so[0xCBBCB000])[B0 B5       ]0x00003E20:	PUSH	{R4, R5, R7, LR}	;(SP=0x100FFFA8 R4=0x30049350 R5=0xCBBCFE51 R7=0x100FFFB8 LR=0xCBBCE8AF )
(       libmtguard.so[0xCBBCB000])[02 AF       ]0x00003E22:	ADD	R7, SP, #8	;(SP=0x100FFF98 )
(       libmtguard.so[0xCBBCB000])[01 FB 00 F5 ]0x00003E24:	MUL	R5, R1, R0	;(R1=0x0000000B R0=0x00000004 )
(       libmtguard.so[0xCBBCB000])[4D B1       ]0x00003E28:	CBZ	R5, #0XCBBCEE3E	;(R5=0x0000002C )
(       libmtguard.so[0xCBBCB000])[28 46       ]0x00003E2A:	MOV	R0, R5	;(R5=0x0000002C )
(       libmtguard.so[0xCBBCB000])[FE F7 C8 EB ]0x00003E2C:	BLX	#0XCBBCD5C0	;(PC=0xCBBCEE2C )
(       libmtguard.so[0xCBBCB000])[00 C6 8F E2 ]0x000025C0:	ADD	IP, PC, #0, #12	;(PC=0xCBBCD5C0 )
(       libmtguard.so[0xCBBCB000])[3D CA 8C E2 ]0x000025C4:	ADD	IP, IP, #0X3D000	;(IP=0xCBBCD5C8 )
(       libmtguard.so[0xCBBCB000])[04 F9 BC E5 ]0x000025C8:	LDR	PC, [IP, #0X904]!	;(IP=0xCBC0A5C8 )
(       libmtguard.so[0xCBBCB000])[04 46       ]0x00003E30:	MOV	R4, R0	;(R0=0x30049368 )
(       libmtguard.so[0xCBBCB000])[24 B1       ]0x00003E32:	CBZ	R4, #0XCBBCEE3E	;(R4=0x30049368 )
(       libmtguard.so[0xCBBCB000])[20 46       ]0x00003E34:	MOV	R0, R4	;(R4=0x30049368 )
(       libmtguard.so[0xCBBCB000])[29 46       ]0x00003E36:	MOV	R1, R5	;(R5=0x0000002C )
(       libmtguard.so[0xCBBCB000])[FE F7 CE EB ]0x00003E38:	BLX	#0XCBBCD5D8	;(PC=0xCBBCEE38 )
(       libmtguard.so[0xCBBCB000])[00 C6 8F E2 ]0x000025D8:	ADD	IP, PC, #0, #12	;(PC=0xCBBCD5D8 )
(       libmtguard.so[0xCBBCB000])[3D CA 8C E2 ]0x000025DC:	ADD	IP, IP, #0X3D000	;(IP=0xCBBCD5E0 )
(       libmtguard.so[0xCBBCB000])[F4 F8 BC E5 ]0x000025E0:	LDR	PC, [IP, #0X8F4]!	;(IP=0xCBC0A5E0 )
(       libmtguard.so[0xCBBCB000])[00 E0       ]0x00003E3C:	B	#0XCBBCEE40
(       libmtguard.so[0xCBBCB000])[20 46       ]0x00003E40:	MOV	R0, R4	;(R4=0x30049368 )
(       libmtguard.so[0xCBBCB000])[B0 BD       ]0x00003E42:	POP	{R4, R5, R7, PC}	;(SP=0x100FFF98 )
(       libmtguard.so[0xCBBCB000])[00 28       ]0x000038AE:	CMP	R0, #0	;(R0=0x30049368 )
(       libmtguard.so[0xCBBCB000])[20 60       ]0x000038B0:	STR	R0, [R4]	;(R0=0x30049368 R4=0x30049350 )
(       libmtguard.so[0xCBBCB000])[05 D1       ]0x000038B2:	BNE	#0XCBBCE8C0
(       libmtguard.so[0xCBBCB000])[20 46       ]0x000038C0:	MOV	R0, R4	;(R4=0x30049350 )
(       libmtguard.so[0xCBBCB000])[5D F8 04 BB ]0x000038C2:	LDR	FP, [SP], #4	;(SP=0x100FFFA8 )
(       libmtguard.so[0xCBBCB000])[F0 BD       ]0x000038C6:	POP	{R4, R5, R6, R7, PC}	;(SP=0x100FFFAC )
(       libmtguard.so[0xCBBCB000])[01 36       ]0x0000CE08:	ADDS	R6, #1	;(R6=0x000000EC )
(       libmtguard.so[0xCBBCB000])[60 60       ]0x0000CE0A:	STR	R0, [R4, #4]	;(R0=0x30049350 R4=0xCBC0D7F4 )
(       libmtguard.so[0xCBBCB000])[B6 F5 7C 7F ]0x0000CE0C:	CMP.W	R6, #0X3F0	;(R6=0x000000ED )
(       libmtguard.so[0xCBBCB000])[F3 D1       ]0x0000CE10:	BNE	#0XCBBD7DFA
(       libmtguard.so[0xCBBCB000])[48 46       ]0x0000CDFA:	MOV	R0, SB	;(SB=0xCBBCFE51 )
(       libmtguard.so[0xCBBCB000])[45 F8 36 80 ]0x0000CDFC:	STR.W	R8, [R5, R6, LSL #3]	;(R8=0xFFFFFFFF R5=0xCBC0D094 R6=0x000000ED )
(       libmtguard.so[0xCBBCB000])[05 EB C6 04 ]0x0000CE00:	ADD.W	R4, R5, R6, LSL #3	;(R5=0xCBC0D094 R6=0x000000ED )
(       libmtguard.so[0xCBBCB000])[F6 F7 3A FD ]0x0000CE04:	BL	#0XCBBCE87C	;(PC=0xCBBD7E04 )
(       libmtguard.so[0xCBBCB000])[F0 B5       ]0x0000387C:	PUSH	{R4, R5, R6, R7, LR}	;(SP=0x100FFFC0 R4=0xCBC0D7FC R5=0xCBC0D094 R6=0x000000ED R7=0x100FFFE0 LR=0xCBBD7E09 )
(       libmtguard.so[0xCBBCB000])[03 AF       ]0x0000387E:	ADD	R7, SP, #0XC	;(SP=0x100FFFAC )
(       libmtguard.so[0xCBBCB000])[4D F8 04 BD ]0x00003880:	STR	FP, [SP, #-0X4]!	;(FP=0xCBC0B1C4 SP=0x100FFFAC )
(       libmtguard.so[0xCBBCB000])[05 46       ]0x00003884:	MOV	R5, R0	;(R0=0xCBBCFE51 )
(       libmtguard.so[0xCBBCB000])[01 20       ]0x00003886:	MOVS	R0, #1
(       libmtguard.so[0xCBBCB000])[10 21       ]0x00003888:	MOVS	R1, #0X10
(       libmtguard.so[0xCBBCB000])[00 22       ]0x0000388A:	MOVS	R2, #0
(       libmtguard.so[0xCBBCB000])[00 23       ]0x0000388C:	MOVS	R3, #0
(       libmtguard.so[0xCBBCB000])[00 26       ]0x0000388E:	MOVS	R6, #0
(       libmtguard.so[0xCBBCB000])[00 F0 C6 FA ]0x00003890:	BL	#0XCBBCEE20	;(PC=0xCBBCE890 )
(       libmtguard.so[0xCBBCB000])[B0 B5       ]0x00003E20:	PUSH	{R4, R5, R7, LR}	;(SP=0x100FFFA8 R4=0xCBC0D7FC R5=0xCBBCFE51 R7=0x100FFFB8 LR=0xCBBCE895 )
(       libmtguard.so[0xCBBCB000])[02 AF       ]0x00003E22:	ADD	R7, SP, #8	;(SP=0x100FFF98 )
(       libmtguard.so[0xCBBCB000])[01 FB 00 F5 ]0x00003E24:	MUL	R5, R1, R0	;(R1=0x00000010 R0=0x00000001 )
(       libmtguard.so[0xCBBCB000])[4D B1       ]0x00003E28:	CBZ	R5, #0XCBBCEE3E	;(R5=0x00000010 )
(       libmtguard.so[0xCBBCB000])[28 46       ]0x00003E2A:	MOV	R0, R5	;(R5=0x00000010 )
(       libmtguard.so[0xCBBCB000])[FE F7 C8 EB ]0x00003E2C:	BLX	#0XCBBCD5C0	;(PC=0xCBBCEE2C )
(       libmtguard.so[0xCBBCB000])[00 C6 8F E2 ]0x000025C0:	ADD	IP, PC, #0, #12	;(PC=0xCBBCD5C0 )
(       libmtguard.so[0xCBBCB000])[3D CA 8C E2 ]0x000025C4:	ADD	IP, IP, #0X3D000	;(IP=0xCBBCD5C8 )
(       libmtguard.so[0xCBBCB000])[04 F9 BC E5 ]0x000025C8:	LDR	PC, [IP, #0X904]!	;(IP=0xCBC0A5C8 )
(       libmtguard.so[0xCBBCB000])[04 46       ]0x00003E30:	MOV	R4, R0	;(R0=0x30049398 )
(       libmtguard.so[0xCBBCB000])[24 B1       ]0x00003E32:	CBZ	R4, #0XCBBCEE3E	;(R4=0x30049398 )
(       libmtguard.so[0xCBBCB000])[20 46       ]0x00003E34:	MOV	R0, R4	;(R4=0x30049398 )
(       libmtguard.so[0xCBBCB000])[29 46       ]0x00003E36:	MOV	R1, R5	;(R5=0x00000010 )
(       libmtguard.so[0xCBBCB000])[FE F7 CE EB ]0x00003E38:	BLX	#0XCBBCD5D8	;(PC=0xCBBCEE38 )
(       libmtguard.so[0xCBBCB000])[00 C6 8F E2 ]0x000025D8:	ADD	IP, PC, #0, #12	;(PC=0xCBBCD5D8 )
(       libmtguard.so[0xCBBCB000])[3D CA 8C E2 ]0x000025DC:	ADD	IP, IP, #0X3D000	;(IP=0xCBBCD5E0 )
(       libmtguard.so[0xCBBCB000])[F4 F8 BC E5 ]0x000025E0:	LDR	PC, [IP, #0X8F4]!	;(IP=0xCBC0A5E0 )
(       libmtguard.so[0xCBBCB000])[00 E0       ]0x00003E3C:	B	#0XCBBCEE40
(       libmtguard.so[0xCBBCB000])[20 46       ]0x00003E40:	MOV	R0, R4	;(R4=0x30049398 )
(       libmtguard.so[0xCBBCB000])[B0 BD       ]0x00003E42:	POP	{R4, R5, R7, PC}	;(SP=0x100FFF98 )
(       libmtguard.so[0xCBBCB000])[04 46       ]0x00003894:	MOV	R4, R0	;(R0=0x30049398 )
(       libmtguard.so[0xCBBCB000])[94 B1       ]0x00003896:	CBZ	R4, #0XCBBCE8BE	;(R4=0x30049398 )
(       libmtguard.so[0xCBBCB000])[0B 20       ]0x00003898:	MOVS	R0, #0XB
(       libmtguard.so[0xCBBCB000])[C4 E9 00 66 ]0x0000389A:	STRD	R6, R6, [R4]	;(R6=0x00000000 R4=0x30049398 )
(       libmtguard.so[0xCBBCB000])[C4 E9 02 05 ]0x0000389E:	STRD	R0, R5, [R4, #8]	;(R0=0x0000000B R5=0xCBBCFE51 R4=0x30049398 )
(       libmtguard.so[0xCBBCB000])[04 20       ]0x000038A2:	MOVS	R0, #4
(       libmtguard.so[0xCBBCB000])[0B 21       ]0x000038A4:	MOVS	R1, #0XB
(       libmtguard.so[0xCBBCB000])[00 22       ]0x000038A6:	MOVS	R2, #0
(       libmtguard.so[0xCBBCB000])[00 23       ]0x000038A8:	MOVS	R3, #0
(       libmtguard.so[0xCBBCB000])[00 F0 B9 FA ]0x000038AA:	BL	#0XCBBCEE20	;(PC=0xCBBCE8AA )
(       libmtguard.so[0xCBBCB000])[B0 B5       ]0x00003E20:	PUSH	{R4, R5, R7, LR}	;(SP=0x100FFFA8 R4=0x30049398 R5=0xCBBCFE51 R7=0x100FFFB8 LR=0xCBBCE8AF )
(       libmtguard.so[0xCBBCB000])[02 AF       ]0x00003E22:	ADD	R7, SP, #8	;(SP=0x100FFF98 )
(       libmtguard.so[0xCBBCB000])[01 FB 00 F5 ]0x00003E24:	MUL	R5, R1, R0	;(R1=0x0000000B R0=0x00000004 )
(       libmtguard.so[0xCBBCB000])[4D B1       ]0x00003E28:	CBZ	R5, #0XCBBCEE3E	;(R5=0x0000002C )
(       libmtguard.so[0xCBBCB000])[28 46       ]0x00003E2A:	MOV	R0, R5	;(R5=0x0000002C )
(       libmtguard.so[0xCBBCB000])[FE F7 C8 EB ]0x00003E2C:	BLX	#0XCBBCD5C0	;(PC=0xCBBCEE2C )
(       libmtguard.so[0xCBBCB000])[00 C6 8F E2 ]0x000025C0:	ADD	IP, PC, #0, #12	;(PC=0xCBBCD5C0 )
(       libmtguard.so[0xCBBCB000])[3D CA 8C E2 ]0x000025C4:	ADD	IP, IP, #0X3D000	;(IP=0xCBBCD5C8 )
(       libmtguard.so[0xCBBCB000])[04 F9 BC E5 ]0x000025C8:	LDR	PC, [IP, #0X904]!	;(IP=0xCBC0A5C8 )
(       libmtguard.so[0xCBBCB000])[04 46       ]0x00003E30:	MOV	R4, R0	;(R0=0x300493B0 )
(       libmtguard.so[0xCBBCB000])[24 B1       ]0x00003E32:	CBZ	R4, #0XCBBCEE3E	;(R4=0x300493B0 )
(       libmtguard.so[0xCBBCB000])[20 46       ]0x00003E34:	MOV	R0, R4	;(R4=0x300493B0 )
(       libmtguard.so[0xCBBCB000])[29 46       ]0x00003E36:	MOV	R1, R5	;(R5=0x0000002C )
(       libmtguard.so[0xCBBCB000])[FE F7 CE EB ]0x00003E38:	BLX	#0XCBBCD5D8	;(PC=0xCBBCEE38 )
(       libmtguard.so[0xCBBCB000])[00 C6 8F E2 ]0x000025D8:	ADD	IP, PC, #0, #12	;(PC=0xCBBCD5D8 )
(       libmtguard.so[0xCBBCB000])[3D CA 8C E2 ]0x000025DC:	ADD	IP, IP, #0X3D000	;(IP=0xCBBCD5E0 )
(       libmtguard.so[0xCBBCB000])[F4 F8 BC E5 ]0x000025E0:	LDR	PC, [IP, #0X8F4]!	;(IP=0xCBC0A5E0 )
(       libmtguard.so[0xCBBCB000])[00 E0       ]0x00003E3C:	B	#0XCBBCEE40
(       libmtguard.so[0xCBBCB000])[20 46       ]0x00003E40:	MOV	R0, R4	;(R4=0x300493B0 )
(       libmtguard.so[0xCBBCB000])[B0 BD       ]0x00003E42:	POP	{R4, R5, R7, PC}	;(SP=0x100FFF98 )
(       libmtguard.so[0xCBBCB000])[00 28       ]0x000038AE:	CMP	R0, #0	;(R0=0x300493B0 )
(       libmtguard.so[0xCBBCB000])[20 60       ]0x000038B0:	STR	R0, [R4]	;(R0=0x300493B0 R4=0x30049398 )
(       libmtguard.so[0xCBBCB000])[05 D1       ]0x000038B2:	BNE	#0XCBBCE8C0
(       libmtguard.so[0xCBBCB000])[20 46       ]0x000038C0:	MOV	R0, R4	;(R4=0x30049398 )
(       libmtguard.so[0xCBBCB000])[5D F8 04 BB ]0x000038C2:	LDR	FP, [SP], #4	;(SP=0x100FFFA8 )
(       libmtguard.so[0xCBBCB000])[F0 BD       ]0x000038C6:	POP	{R4, R5, R6, R7, PC}	;(SP=0x100FFFAC )
(       libmtguard.so[0xCBBCB000])[01 36       ]0x0000CE08:	ADDS	R6, #1	;(R6=0x000000ED )
(       libmtguard.so[0xCBBCB000])[60 60       ]0x0000CE0A:	STR	R0, [R4, #4]	;(R0=0x30049398 R4=0xCBC0D7FC )
(       libmtguard.so[0xCBBCB000])[B6 F5 7C 7F ]0x0000CE0C:	CMP.W	R6, #0X3F0	;(R6=0x000000EE )
(       libmtguard.so[0xCBBCB000])[F3 D1       ]0x0000CE10:	BNE	#0XCBBD7DFA
(       libmtguard.so[0xCBBCB000])[48 46       ]0x0000CDFA:	MOV	R0, SB	;(SB=0xCBBCFE51 )
(       libmtguard.so[0xCBBCB000])[45 F8 36 80 ]0x0000CDFC:	STR.W	R8, [R5, R6, LSL #3]	;(R8=0xFFFFFFFF R5=0xCBC0D094 R6=0x000000EE )
(       libmtguard.so[0xCBBCB000])[05 EB C6 04 ]0x0000CE00:	ADD.W	R4, R5, R6, LSL #3	;(R5=0xCBC0D094 R6=0x000000EE )
(       libmtguard.so[0xCBBCB000])[F6 F7 3A FD ]0x0000CE04:	BL	#0XCBBCE87C	;(PC=0xCBBD7E04 )
(       libmtguard.so[0xCBBCB000])[F0 B5       ]0x0000387C:	PUSH	{R4, R5, R6, R7, LR}	;(SP=0x100FFFC0 R4=0xCBC0D804 R5=0xCBC0D094 R6=0x000000EE R7=0x100FFFE0 LR=0xCBBD7E09 )
(       libmtguard.so[0xCBBCB000])[03 AF       ]0x0000387E:	ADD	R7, SP, #0XC	;(SP=0x100FFFAC )
(       libmtguard.so[0xCBBCB000])[4D F8 04 BD ]0x00003880:	STR	FP, [SP, #-0X4]!	;(FP=0xCBC0B1C4 SP=0x100FFFAC )
(       libmtguard.so[0xCBBCB000])[05 46       ]0x00003884:	MOV	R5, R0	;(R0=0xCBBCFE51 )
(       libmtguard.so[0xCBBCB000])[01 20       ]0x00003886:	MOVS	R0, #1
(       libmtguard.so[0xCBBCB000])[10 21       ]0x00003888:	MOVS	R1, #0X10
(       libmtguard.so[0xCBBCB000])[00 22       ]0x0000388A:	MOVS	R2, #0
(       libmtguard.so[0xCBBCB000])[00 23       ]0x0000388C:	MOVS	R3, #0
(       libmtguard.so[0xCBBCB000])[00 26       ]0x0000388E:	MOVS	R6, #0
(       libmtguard.so[0xCBBCB000])[00 F0 C6 FA ]0x00003890:	BL	#0XCBBCEE20	;(PC=0xCBBCE890 )
(       libmtguard.so[0xCBBCB000])[B0 B5       ]0x00003E20:	PUSH	{R4, R5, R7, LR}	;(SP=0x100FFFA8 R4=0xCBC0D804 R5=0xCBBCFE51 R7=0x100FFFB8 LR=0xCBBCE895 )
(       libmtguard.so[0xCBBCB000])[02 AF       ]0x00003E22:	ADD	R7, SP, #8	;(SP=0x100FFF98 )
(       libmtguard.so[0xCBBCB000])[01 FB 00 F5 ]0x00003E24:	MUL	R5, R1, R0	;(R1=0x00000010 R0=0x00000001 )
(       libmtguard.so[0xCBBCB000])[4D B1       ]0x00003E28:	CBZ	R5, #0XCBBCEE3E	;(R5=0x00000010 )
(       libmtguard.so[0xCBBCB000])[28 46       ]0x00003E2A:	MOV	R0, R5	;(R5=0x00000010 )
(       libmtguard.so[0xCBBCB000])[FE F7 C8 EB ]0x00003E2C:	BLX	#0XCBBCD5C0	;(PC=0xCBBCEE2C )
(       libmtguard.so[0xCBBCB000])[00 C6 8F E2 ]0x000025C0:	ADD	IP, PC, #0, #12	;(PC=0xCBBCD5C0 )
(       libmtguard.so[0xCBBCB000])[3D CA 8C E2 ]0x000025C4:	ADD	IP, IP, #0X3D000	;(IP=0xCBBCD5C8 )
(       libmtguard.so[0xCBBCB000])[04 F9 BC E5 ]0x000025C8:	LDR	PC, [IP, #0X904]!	;(IP=0xCBC0A5C8 )
(       libmtguard.so[0xCBBCB000])[04 46       ]0x00003E30:	MOV	R4, R0	;(R0=0x300493E0 )
(       libmtguard.so[0xCBBCB000])[24 B1       ]0x00003E32:	CBZ	R4, #0XCBBCEE3E	;(R4=0x300493E0 )
(       libmtguard.so[0xCBBCB000])[20 46       ]0x00003E34:	MOV	R0, R4	;(R4=0x300493E0 )
(       libmtguard.so[0xCBBCB000])[29 46       ]0x00003E36:	MOV	R1, R5	;(R5=0x00000010 )
(       libmtguard.so[0xCBBCB000])[FE F7 CE EB ]0x00003E38:	BLX	#0XCBBCD5D8	;(PC=0xCBBCEE38 )
(       libmtguard.so[0xCBBCB000])[00 C6 8F E2 ]0x000025D8:	ADD	IP, PC, #0, #12	;(PC=0xCBBCD5D8 )
(       libmtguard.so[0xCBBCB000])[3D CA 8C E2 ]0x000025DC:	ADD	IP, IP, #0X3D000	;(IP=0xCBBCD5E0 )
(       libmtguard.so[0xCBBCB000])[F4 F8 BC E5 ]0x000025E0:	LDR	PC, [IP, #0X8F4]!	;(IP=0xCBC0A5E0 )
(       libmtguard.so[0xCBBCB000])[00 E0       ]0x00003E3C:	B	#0XCBBCEE40
(       libmtguard.so[0xCBBCB000])[20 46       ]0x00003E40:	MOV	R0, R4	;(R4=0x300493E0 )
(       libmtguard.so[0xCBBCB000])[B0 BD       ]0x00003E42:	POP	{R4, R5, R7, PC}	;(SP=0x100FFF98 )
(       libmtguard.so[0xCBBCB000])[04 46       ]0x00003894:	MOV	R4, R0	;(R0=0x300493E0 )
(       libmtguard.so[0xCBBCB000])[94 B1       ]0x00003896:	CBZ	R4, #0XCBBCE8BE	;(R4=0x300493E0 )
(       libmtguard.so[0xCBBCB000])[0B 20       ]0x00003898:	MOVS	R0, #0XB
(       libmtguard.so[0xCBBCB000])[C4 E9 00 66 ]0x0000389A:	STRD	R6, R6, [R4]	;(R6=0x00000000 R4=0x300493E0 )
(       libmtguard.so[0xCBBCB000])[C4 E9 02 05 ]0x0000389E:	STRD	R0, R5, [R4, #8]	;(R0=0x0000000B R5=0xCBBCFE51 R4=0x300493E0 )
(       libmtguard.so[0xCBBCB000])[04 20       ]0x000038A2:	MOVS	R0, #4
(       libmtguard.so[0xCBBCB000])[0B 21       ]0x000038A4:	MOVS	R1, #0XB
(       libmtguard.so[0xCBBCB000])[00 22       ]0x000038A6:	MOVS	R2, #0
(       libmtguard.so[0xCBBCB000])[00 23       ]0x000038A8:	MOVS	R3, #0
(       libmtguard.so[0xCBBCB000])[00 F0 B9 FA ]0x000038AA:	BL	#0XCBBCEE20	;(PC=0xCBBCE8AA )
(       libmtguard.so[0xCBBCB000])[B0 B5       ]0x00003E20:	PUSH	{R4, R5, R7, LR}	;(SP=0x100FFFA8 R4=0x300493E0 R5=0xCBBCFE51 R7=0x100FFFB8 LR=0xCBBCE8AF )
(       libmtguard.so[0xCBBCB000])[02 AF       ]0x00003E22:	ADD	R7, SP, #8	;(SP=0x100FFF98 )
(       libmtguard.so[0xCBBCB000])[01 FB 00 F5 ]0x00003E24:	MUL	R5, R1, R0	;(R1=0x0000000B R0=0x00000004 )
(       libmtguard.so[0xCBBCB000])[4D B1       ]0x00003E28:	CBZ	R5, #0XCBBCEE3E	;(R5=0x0000002C )
(       libmtguard.so[0xCBBCB000])[28 46       ]0x00003E2A:	MOV	R0, R5	;(R5=0x0000002C )
(       libmtguard.so[0xCBBCB000])[FE F7 C8 EB ]0x00003E2C:	BLX	#0XCBBCD5C0	;(PC=0xCBBCEE2C )
(       libmtguard.so[0xCBBCB000])[00 C6 8F E2 ]0x000025C0:	ADD	IP, PC, #0, #12	;(PC=0xCBBCD5C0 )
(       libmtguard.so[0xCBBCB000])[3D CA 8C E2 ]0x000025C4:	ADD	IP, IP, #0X3D000	;(IP=0xCBBCD5C8 )
(       libmtguard.so[0xCBBCB000])[04 F9 BC E5 ]0x000025C8:	LDR	PC, [IP, #0X904]!	;(IP=0xCBC0A5C8 )
(       libmtguard.so[0xCBBCB000])[04 46       ]0x00003E30:	MOV	R4, R0	;(R0=0x300493F8 )
(       libmtguard.so[0xCBBCB000])[24 B1       ]0x00003E32:	CBZ	R4, #0XCBBCEE3E	;(R4=0x300493F8 )
(       libmtguard.so[0xCBBCB000])[20 46       ]0x00003E34:	MOV	R0, R4	;(R4=0x300493F8 )
(       libmtguard.so[0xCBBCB000])[29 46       ]0x00003E36:	MOV	R1, R5	;(R5=0x0000002C )
(       libmtguard.so[0xCBBCB000])[FE F7 CE EB ]0x00003E38:	BLX	#0XCBBCD5D8	;(PC=0xCBBCEE38 )
(       libmtguard.so[0xCBBCB000])[00 C6 8F E2 ]0x000025D8:	ADD	IP, PC, #0, #12	;(PC=0xCBBCD5D8 )
(       libmtguard.so[0xCBBCB000])[3D CA 8C E2 ]0x000025DC:	ADD	IP, IP, #0X3D000	;(IP=0xCBBCD5E0 )
(       libmtguard.so[0xCBBCB000])[F4 F8 BC E5 ]0x000025E0:	LDR	PC, [IP, #0X8F4]!	;(IP=0xCBC0A5E0 )
(       libmtguard.so[0xCBBCB000])[00 E0       ]0x00003E3C:	B	#0XCBBCEE40
(       libmtguard.so[0xCBBCB000])[20 46       ]0x00003E40:	MOV	R0, R4	;(R4=0x300493F8 )
(       libmtguard.so[0xCBBCB000])[B0 BD       ]0x00003E42:	POP	{R4, R5, R7, PC}	;(SP=0x100FFF98 )
(       libmtguard.so[0xCBBCB000])[00 28       ]0x000038AE:	CMP	R0, #0	;(R0=0x300493F8 )
(       libmtguard.so[0xCBBCB000])[20 60       ]0x000038B0:	STR	R0, [R4]	;(R0=0x300493F8 R4=0x300493E0 )
(       libmtguard.so[0xCBBCB000])[05 D1       ]0x000038B2:	BNE	#0XCBBCE8C0
(       libmtguard.so[0xCBBCB000])[20 46       ]0x000038C0:	MOV	R0, R4	;(R4=0x300493E0 )
(       libmtguard.so[0xCBBCB000])[5D F8 04 BB ]0x000038C2:	LDR	FP, [SP], #4	;(SP=0x100FFFA8 )
(       libmtguard.so[0xCBBCB000])[F0 BD       ]0x000038C6:	POP	{R4, R5, R6, R7, PC}	;(SP=0x100FFFAC )
(       libmtguard.so[0xCBBCB000])[01 36       ]0x0000CE08:	ADDS	R6, #1	;(R6=0x000000EE )
(       libmtguard.so[0xCBBCB000])[60 60       ]0x0000CE0A:	STR	R0, [R4, #4]	;(R0=0x300493E0 R4=0xCBC0D804 )
(       libmtguard.so[0xCBBCB000])[B6 F5 7C 7F ]0x0000CE0C:	CMP.W	R6, #0X3F0	;(R6=0x000000EF )
(       libmtguard.so[0xCBBCB000])[F3 D1       ]0x0000CE10:	BNE	#0XCBBD7DFA
(       libmtguard.so[0xCBBCB000])[48 46       ]0x0000CDFA:	MOV	R0, SB	;(SB=0xCBBCFE51 )
(       libmtguard.so[0xCBBCB000])[45 F8 36 80 ]0x0000CDFC:	STR.W	R8, [R5, R6, LSL #3]	;(R8=0xFFFFFFFF R5=0xCBC0D094 R6=0x000000EF )
(       libmtguard.so[0xCBBCB000])[05 EB C6 04 ]0x0000CE00:	ADD.W	R4, R5, R6, LSL #3	;(R5=0xCBC0D094 R6=0x000000EF )
(       libmtguard.so[0xCBBCB000])[F6 F7 3A FD ]0x0000CE04:	BL	#0XCBBCE87C	;(PC=0xCBBD7E04 )
(       libmtguard.so[0xCBBCB000])[F0 B5       ]0x0000387C:	PUSH	{R4, R5, R6, R7, LR}	;(SP=0x100FFFC0 R4=0xCBC0D80C R5=0xCBC0D094 R6=0x000000EF R7=0x100FFFE0 LR=0xCBBD7E09 )
(       libmtguard.so[0xCBBCB000])[03 AF       ]0x0000387E:	ADD	R7, SP, #0XC	;(SP=0x100FFFAC )
(       libmtguard.so[0xCBBCB000])[4D F8 04 BD ]0x00003880:	STR	FP, [SP, #-0X4]!	;(FP=0xCBC0B1C4 SP=0x100FFFAC )
(       libmtguard.so[0xCBBCB000])[05 46       ]0x00003884:	MOV	R5, R0	;(R0=0xCBBCFE51 )
(       libmtguard.so[0xCBBCB000])[01 20       ]0x00003886:	MOVS	R0, #1
(       libmtguard.so[0xCBBCB000])[10 21       ]0x00003888:	MOVS	R1, #0X10
(       libmtguard.so[0xCBBCB000])[00 22       ]0x0000388A:	MOVS	R2, #0
(       libmtguard.so[0xCBBCB000])[00 23       ]0x0000388C:	MOVS	R3, #0
(       libmtguard.so[0xCBBCB000])[00 26       ]0x0000388E:	MOVS	R6, #0
(       libmtguard.so[0xCBBCB000])[00 F0 C6 FA ]0x00003890:	BL	#0XCBBCEE20	;(PC=0xCBBCE890 )
(       libmtguard.so[0xCBBCB000])[B0 B5       ]0x00003E20:	PUSH	{R4, R5, R7, LR}	;(SP=0x100FFFA8 R4=0xCBC0D80C R5=0xCBBCFE51 R7=0x100FFFB8 LR=0xCBBCE895 )
(       libmtguard.so[0xCBBCB000])[02 AF       ]0x00003E22:	ADD	R7, SP, #8	;(SP=0x100FFF98 )
(       libmtguard.so[0xCBBCB000])[01 FB 00 F5 ]0x00003E24:	MUL	R5, R1, R0	;(R1=0x00000010 R0=0x00000001 )
(       libmtguard.so[0xCBBCB000])[4D B1       ]0x00003E28:	CBZ	R5, #0XCBBCEE3E	;(R5=0x00000010 )
(       libmtguard.so[0xCBBCB000])[28 46       ]0x00003E2A:	MOV	R0, R5	;(R5=0x00000010 )
(       libmtguard.so[0xCBBCB000])[FE F7 C8 EB ]0x00003E2C:	BLX	#0XCBBCD5C0	;(PC=0xCBBCEE2C )
(       libmtguard.so[0xCBBCB000])[00 C6 8F E2 ]0x000025C0:	ADD	IP, PC, #0, #12	;(PC=0xCBBCD5C0 )
(       libmtguard.so[0xCBBCB000])[3D CA 8C E2 ]0x000025C4:	ADD	IP, IP, #0X3D000	;(IP=0xCBBCD5C8 )
(       libmtguard.so[0xCBBCB000])[04 F9 BC E5 ]0x000025C8:	LDR	PC, [IP, #0X904]!	;(IP=0xCBC0A5C8 )
(       libmtguard.so[0xCBBCB000])[04 46       ]0x00003E30:	MOV	R4, R0	;(R0=0x30049428 )
(       libmtguard.so[0xCBBCB000])[24 B1       ]0x00003E32:	CBZ	R4, #0XCBBCEE3E	;(R4=0x30049428 )
(       libmtguard.so[0xCBBCB000])[20 46       ]0x00003E34:	MOV	R0, R4	;(R4=0x30049428 )
(       libmtguard.so[0xCBBCB000])[29 46       ]0x00003E36:	MOV	R1, R5	;(R5=0x00000010 )
(       libmtguard.so[0xCBBCB000])[FE F7 CE EB ]0x00003E38:	BLX	#0XCBBCD5D8	;(PC=0xCBBCEE38 )
(       libmtguard.so[0xCBBCB000])[00 C6 8F E2 ]0x000025D8:	ADD	IP, PC, #0, #12	;(PC=0xCBBCD5D8 )
(       libmtguard.so[0xCBBCB000])[3D CA 8C E2 ]0x000025DC:	ADD	IP, IP, #0X3D000	;(IP=0xCBBCD5E0 )
(       libmtguard.so[0xCBBCB000])[F4 F8 BC E5 ]0x000025E0:	LDR	PC, [IP, #0X8F4]!	;(IP=0xCBC0A5E0 )
(       libmtguard.so[0xCBBCB000])[00 E0       ]0x00003E3C:	B	#0XCBBCEE40
(       libmtguard.so[0xCBBCB000])[20 46       ]0x00003E40:	MOV	R0, R4	;(R4=0x30049428 )
(       libmtguard.so[0xCBBCB000])[B0 BD       ]0x00003E42:	POP	{R4, R5, R7, PC}	;(SP=0x100FFF98 )
(       libmtguard.so[0xCBBCB000])[04 46       ]0x00003894:	MOV	R4, R0	;(R0=0x30049428 )
(       libmtguard.so[0xCBBCB000])[94 B1       ]0x00003896:	CBZ	R4, #0XCBBCE8BE	;(R4=0x30049428 )
(       libmtguard.so[0xCBBCB000])[0B 20       ]0x00003898:	MOVS	R0, #0XB
(       libmtguard.so[0xCBBCB000])[C4 E9 00 66 ]0x0000389A:	STRD	R6, R6, [R4]	;(R6=0x00000000 R4=0x30049428 )
(       libmtguard.so[0xCBBCB000])[C4 E9 02 05 ]0x0000389E:	STRD	R0, R5, [R4, #8]	;(R0=0x0000000B R5=0xCBBCFE51 R4=0x30049428 )
(       libmtguard.so[0xCBBCB000])[04 20       ]0x000038A2:	MOVS	R0, #4
(       libmtguard.so[0xCBBCB000])[0B 21       ]0x000038A4:	MOVS	R1, #0XB
(       libmtguard.so[0xCBBCB000])[00 22       ]0x000038A6:	MOVS	R2, #0
(       libmtguard.so[0xCBBCB000])[00 23       ]0x000038A8:	MOVS	R3, #0
(       libmtguard.so[0xCBBCB000])[00 F0 B9 FA ]0x000038AA:	BL	#0XCBBCEE20	;(PC=0xCBBCE8AA )
(       libmtguard.so[0xCBBCB000])[B0 B5       ]0x00003E20:	PUSH	{R4, R5, R7, LR}	;(SP=0x100FFFA8 R4=0x30049428 R5=0xCBBCFE51 R7=0x100FFFB8 LR=0xCBBCE8AF )
(       libmtguard.so[0xCBBCB000])[02 AF       ]0x00003E22:	ADD	R7, SP, #8	;(SP=0x100FFF98 )
(       libmtguard.so[0xCBBCB000])[01 FB 00 F5 ]0x00003E24:	MUL	R5, R1, R0	;(R1=0x0000000B R0=0x00000004 )
(       libmtguard.so[0xCBBCB000])[4D B1       ]0x00003E28:	CBZ	R5, #0XCBBCEE3E	;(R5=0x0000002C )
(       libmtguard.so[0xCBBCB000])[28 46       ]0x00003E2A:	MOV	R0, R5	;(R5=0x0000002C )
(       libmtguard.so[0xCBBCB000])[FE F7 C8 EB ]0x00003E2C:	BLX	#0XCBBCD5C0	;(PC=0xCBBCEE2C )
(       libmtguard.so[0xCBBCB000])[00 C6 8F E2 ]0x000025C0:	ADD	IP, PC, #0, #12	;(PC=0xCBBCD5C0 )
(       libmtguard.so[0xCBBCB000])[3D CA 8C E2 ]0x000025C4:	ADD	IP, IP, #0X3D000	;(IP=0xCBBCD5C8 )
(       libmtguard.so[0xCBBCB000])[04 F9 BC E5 ]0x000025C8:	LDR	PC, [IP, #0X904]!	;(IP=0xCBC0A5C8 )
(       libmtguard.so[0xCBBCB000])[04 46       ]0x00003E30:	MOV	R4, R0	;(R0=0x30049440 )
(       libmtguard.so[0xCBBCB000])[24 B1       ]0x00003E32:	CBZ	R4, #0XCBBCEE3E	;(R4=0x30049440 )
(       libmtguard.so[0xCBBCB000])[20 46       ]0x00003E34:	MOV	R0, R4	;(R4=0x30049440 )
(       libmtguard.so[0xCBBCB000])[29 46       ]0x00003E36:	MOV	R1, R5	;(R5=0x0000002C )
(       libmtguard.so[0xCBBCB000])[FE F7 CE EB ]0x00003E38:	BLX	#0XCBBCD5D8	;(PC=0xCBBCEE38 )
(       libmtguard.so[0xCBBCB000])[00 C6 8F E2 ]0x000025D8:	ADD	IP, PC, #0, #12	;(PC=0xCBBCD5D8 )
(       libmtguard.so[0xCBBCB000])[3D CA 8C E2 ]0x000025DC:	ADD	IP, IP, #0X3D000	;(IP=0xCBBCD5E0 )
(       libmtguard.so[0xCBBCB000])[F4 F8 BC E5 ]0x000025E0:	LDR	PC, [IP, #0X8F4]!	;(IP=0xCBC0A5E0 )
(       libmtguard.so[0xCBBCB000])[00 E0       ]0x00003E3C:	B	#0XCBBCEE40
(       libmtguard.so[0xCBBCB000])[20 46       ]0x00003E40:	MOV	R0, R4	;(R4=0x30049440 )
(       libmtguard.so[0xCBBCB000])[B0 BD       ]0x00003E42:	POP	{R4, R5, R7, PC}	;(SP=0x100FFF98 )
(       libmtguard.so[0xCBBCB000])[00 28       ]0x000038AE:	CMP	R0, #0	;(R0=0x30049440 )
(       libmtguard.so[0xCBBCB000])[20 60       ]0x000038B0:	STR	R0, [R4]	;(R0=0x30049440 R4=0x30049428 )
(       libmtguard.so[0xCBBCB000])[05 D1       ]0x000038B2:	BNE	#0XCBBCE8C0
(       libmtguard.so[0xCBBCB000])[20 46       ]0x000038C0:	MOV	R0, R4	;(R4=0x30049428 )
(       libmtguard.so[0xCBBCB000])[5D F8 04 BB ]0x000038C2:	LDR	FP, [SP], #4	;(SP=0x100FFFA8 )
(       libmtguard.so[0xCBBCB000])[F0 BD       ]0x000038C6:	POP	{R4, R5, R6, R7, PC}	;(SP=0x100FFFAC )
(       libmtguard.so[0xCBBCB000])[01 36       ]0x0000CE08:	ADDS	R6, #1	;(R6=0x000000EF )
(       libmtguard.so[0xCBBCB000])[60 60       ]0x0000CE0A:	STR	R0, [R4, #4]	;(R0=0x30049428 R4=0xCBC0D80C )
(       libmtguard.so[0xCBBCB000])[B6 F5 7C 7F ]0x0000CE0C:	CMP.W	R6, #0X3F0	;(R6=0x000000F0 )
(       libmtguard.so[0xCBBCB000])[F3 D1       ]0x0000CE10:	BNE	#0XCBBD7DFA
(       libmtguard.so[0xCBBCB000])[48 46       ]0x0000CDFA:	MOV	R0, SB	;(SB=0xCBBCFE51 )
